[2024-02-12T20:39:11.582+0000] {processor.py:161} INFO - Started process (PID=3737) to work on /home/ubuntu/reddit_venv/lib/python3.10/site-packages/airflow/example_dags/example_nested_branch_dag.py
[2024-02-12T20:39:11.583+0000] {processor.py:830} INFO - Processing file /home/ubuntu/reddit_venv/lib/python3.10/site-packages/airflow/example_dags/example_nested_branch_dag.py for tasks to queue
[2024-02-12T20:39:11.584+0000] {logging_mixin.py:188} INFO - [2024-02-12T20:39:11.583+0000] {dagbag.py:538} INFO - Filling up the DagBag from /home/ubuntu/reddit_venv/lib/python3.10/site-packages/airflow/example_dags/example_nested_branch_dag.py
[2024-02-12T20:39:11.595+0000] {processor.py:840} INFO - DAG(s) 'example_nested_branch_dag' retrieved from /home/ubuntu/reddit_venv/lib/python3.10/site-packages/airflow/example_dags/example_nested_branch_dag.py
[2024-02-12T20:39:11.705+0000] {logging_mixin.py:188} INFO - [2024-02-12T20:39:11.704+0000] {override.py:1769} INFO - Created Permission View: can delete on DAG:example_nested_branch_dag
[2024-02-12T20:39:11.717+0000] {logging_mixin.py:188} INFO - [2024-02-12T20:39:11.717+0000] {override.py:1769} INFO - Created Permission View: can edit on DAG:example_nested_branch_dag
[2024-02-12T20:39:11.727+0000] {logging_mixin.py:188} INFO - [2024-02-12T20:39:11.726+0000] {override.py:1769} INFO - Created Permission View: can read on DAG:example_nested_branch_dag
[2024-02-12T20:39:11.727+0000] {logging_mixin.py:188} INFO - [2024-02-12T20:39:11.727+0000] {dag.py:3036} INFO - Sync 1 DAGs
[2024-02-12T20:39:11.737+0000] {logging_mixin.py:188} INFO - [2024-02-12T20:39:11.737+0000] {dag.py:3058} INFO - Creating ORM DAG for example_nested_branch_dag
[2024-02-12T20:39:11.747+0000] {logging_mixin.py:188} INFO - [2024-02-12T20:39:11.747+0000] {dag.py:3823} INFO - Setting next_dagrun for example_nested_branch_dag to 2024-02-11 00:00:00+00:00, run_after=2024-02-12 00:00:00+00:00
[2024-02-12T20:39:11.769+0000] {processor.py:183} INFO - Processing /home/ubuntu/reddit_venv/lib/python3.10/site-packages/airflow/example_dags/example_nested_branch_dag.py took 0.190 seconds
[2024-02-12T20:40:00.922+0000] {processor.py:161} INFO - Started process (PID=3788) to work on /home/ubuntu/reddit_venv/lib/python3.10/site-packages/airflow/example_dags/example_nested_branch_dag.py
[2024-02-12T20:40:00.923+0000] {processor.py:830} INFO - Processing file /home/ubuntu/reddit_venv/lib/python3.10/site-packages/airflow/example_dags/example_nested_branch_dag.py for tasks to queue
[2024-02-12T20:40:00.924+0000] {logging_mixin.py:188} INFO - [2024-02-12T20:40:00.924+0000] {dagbag.py:538} INFO - Filling up the DagBag from /home/ubuntu/reddit_venv/lib/python3.10/site-packages/airflow/example_dags/example_nested_branch_dag.py
[2024-02-12T20:40:00.935+0000] {processor.py:840} INFO - DAG(s) 'example_nested_branch_dag' retrieved from /home/ubuntu/reddit_venv/lib/python3.10/site-packages/airflow/example_dags/example_nested_branch_dag.py
[2024-02-12T20:40:00.953+0000] {logging_mixin.py:188} INFO - [2024-02-12T20:40:00.952+0000] {dag.py:3036} INFO - Sync 1 DAGs
[2024-02-12T20:40:00.975+0000] {logging_mixin.py:188} INFO - [2024-02-12T20:40:00.975+0000] {dag.py:3823} INFO - Setting next_dagrun for example_nested_branch_dag to 2024-02-11 00:00:00+00:00, run_after=2024-02-12 00:00:00+00:00
[2024-02-12T20:40:00.998+0000] {processor.py:183} INFO - Processing /home/ubuntu/reddit_venv/lib/python3.10/site-packages/airflow/example_dags/example_nested_branch_dag.py took 0.080 seconds
[2024-02-12T20:40:52.456+0000] {processor.py:161} INFO - Started process (PID=3844) to work on /home/ubuntu/reddit_venv/lib/python3.10/site-packages/airflow/example_dags/example_nested_branch_dag.py
[2024-02-12T20:40:52.457+0000] {processor.py:830} INFO - Processing file /home/ubuntu/reddit_venv/lib/python3.10/site-packages/airflow/example_dags/example_nested_branch_dag.py for tasks to queue
[2024-02-12T20:40:52.458+0000] {logging_mixin.py:188} INFO - [2024-02-12T20:40:52.458+0000] {dagbag.py:538} INFO - Filling up the DagBag from /home/ubuntu/reddit_venv/lib/python3.10/site-packages/airflow/example_dags/example_nested_branch_dag.py
[2024-02-12T20:40:52.469+0000] {processor.py:840} INFO - DAG(s) 'example_nested_branch_dag' retrieved from /home/ubuntu/reddit_venv/lib/python3.10/site-packages/airflow/example_dags/example_nested_branch_dag.py
[2024-02-12T20:40:52.487+0000] {logging_mixin.py:188} INFO - [2024-02-12T20:40:52.487+0000] {dag.py:3036} INFO - Sync 1 DAGs
[2024-02-12T20:40:52.508+0000] {logging_mixin.py:188} INFO - [2024-02-12T20:40:52.508+0000] {dag.py:3823} INFO - Setting next_dagrun for example_nested_branch_dag to 2024-02-11 00:00:00+00:00, run_after=2024-02-12 00:00:00+00:00
[2024-02-12T20:40:52.531+0000] {processor.py:183} INFO - Processing /home/ubuntu/reddit_venv/lib/python3.10/site-packages/airflow/example_dags/example_nested_branch_dag.py took 0.078 seconds
[2024-02-12T20:41:45.372+0000] {processor.py:161} INFO - Started process (PID=3901) to work on /home/ubuntu/reddit_venv/lib/python3.10/site-packages/airflow/example_dags/example_nested_branch_dag.py
[2024-02-12T20:41:45.373+0000] {processor.py:830} INFO - Processing file /home/ubuntu/reddit_venv/lib/python3.10/site-packages/airflow/example_dags/example_nested_branch_dag.py for tasks to queue
[2024-02-12T20:41:45.374+0000] {logging_mixin.py:188} INFO - [2024-02-12T20:41:45.374+0000] {dagbag.py:538} INFO - Filling up the DagBag from /home/ubuntu/reddit_venv/lib/python3.10/site-packages/airflow/example_dags/example_nested_branch_dag.py
[2024-02-12T20:41:45.385+0000] {processor.py:840} INFO - DAG(s) 'example_nested_branch_dag' retrieved from /home/ubuntu/reddit_venv/lib/python3.10/site-packages/airflow/example_dags/example_nested_branch_dag.py
[2024-02-12T20:41:45.403+0000] {logging_mixin.py:188} INFO - [2024-02-12T20:41:45.403+0000] {dag.py:3036} INFO - Sync 1 DAGs
[2024-02-12T20:41:45.425+0000] {logging_mixin.py:188} INFO - [2024-02-12T20:41:45.425+0000] {dag.py:3823} INFO - Setting next_dagrun for example_nested_branch_dag to 2024-02-11 00:00:00+00:00, run_after=2024-02-12 00:00:00+00:00
[2024-02-12T20:41:45.446+0000] {processor.py:183} INFO - Processing /home/ubuntu/reddit_venv/lib/python3.10/site-packages/airflow/example_dags/example_nested_branch_dag.py took 0.078 seconds
[2024-02-12T20:42:33.179+0000] {processor.py:161} INFO - Started process (PID=3956) to work on /home/ubuntu/reddit_venv/lib/python3.10/site-packages/airflow/example_dags/example_nested_branch_dag.py
[2024-02-12T20:42:33.181+0000] {processor.py:830} INFO - Processing file /home/ubuntu/reddit_venv/lib/python3.10/site-packages/airflow/example_dags/example_nested_branch_dag.py for tasks to queue
[2024-02-12T20:42:33.182+0000] {logging_mixin.py:188} INFO - [2024-02-12T20:42:33.181+0000] {dagbag.py:538} INFO - Filling up the DagBag from /home/ubuntu/reddit_venv/lib/python3.10/site-packages/airflow/example_dags/example_nested_branch_dag.py
[2024-02-12T20:42:33.193+0000] {processor.py:840} INFO - DAG(s) 'example_nested_branch_dag' retrieved from /home/ubuntu/reddit_venv/lib/python3.10/site-packages/airflow/example_dags/example_nested_branch_dag.py
[2024-02-12T20:42:33.211+0000] {logging_mixin.py:188} INFO - [2024-02-12T20:42:33.210+0000] {dag.py:3036} INFO - Sync 1 DAGs
[2024-02-12T20:42:33.233+0000] {logging_mixin.py:188} INFO - [2024-02-12T20:42:33.232+0000] {dag.py:3823} INFO - Setting next_dagrun for example_nested_branch_dag to 2024-02-11 00:00:00+00:00, run_after=2024-02-12 00:00:00+00:00
[2024-02-12T20:42:33.255+0000] {processor.py:183} INFO - Processing /home/ubuntu/reddit_venv/lib/python3.10/site-packages/airflow/example_dags/example_nested_branch_dag.py took 0.079 seconds
[2024-02-12T20:43:24.192+0000] {processor.py:161} INFO - Started process (PID=4011) to work on /home/ubuntu/reddit_venv/lib/python3.10/site-packages/airflow/example_dags/example_nested_branch_dag.py
[2024-02-12T20:43:24.195+0000] {processor.py:830} INFO - Processing file /home/ubuntu/reddit_venv/lib/python3.10/site-packages/airflow/example_dags/example_nested_branch_dag.py for tasks to queue
[2024-02-12T20:43:24.196+0000] {logging_mixin.py:188} INFO - [2024-02-12T20:43:24.195+0000] {dagbag.py:538} INFO - Filling up the DagBag from /home/ubuntu/reddit_venv/lib/python3.10/site-packages/airflow/example_dags/example_nested_branch_dag.py
[2024-02-12T20:43:24.207+0000] {processor.py:840} INFO - DAG(s) 'example_nested_branch_dag' retrieved from /home/ubuntu/reddit_venv/lib/python3.10/site-packages/airflow/example_dags/example_nested_branch_dag.py
[2024-02-12T20:43:24.224+0000] {logging_mixin.py:188} INFO - [2024-02-12T20:43:24.224+0000] {dag.py:3036} INFO - Sync 1 DAGs
[2024-02-12T20:43:24.246+0000] {logging_mixin.py:188} INFO - [2024-02-12T20:43:24.246+0000] {dag.py:3823} INFO - Setting next_dagrun for example_nested_branch_dag to 2024-02-11 00:00:00+00:00, run_after=2024-02-12 00:00:00+00:00
[2024-02-12T20:43:24.268+0000] {processor.py:183} INFO - Processing /home/ubuntu/reddit_venv/lib/python3.10/site-packages/airflow/example_dags/example_nested_branch_dag.py took 0.079 seconds
[2024-02-12T20:44:09.344+0000] {processor.py:161} INFO - Started process (PID=4063) to work on /home/ubuntu/reddit_venv/lib/python3.10/site-packages/airflow/example_dags/example_nested_branch_dag.py
[2024-02-12T20:44:09.345+0000] {processor.py:830} INFO - Processing file /home/ubuntu/reddit_venv/lib/python3.10/site-packages/airflow/example_dags/example_nested_branch_dag.py for tasks to queue
[2024-02-12T20:44:09.346+0000] {logging_mixin.py:188} INFO - [2024-02-12T20:44:09.346+0000] {dagbag.py:538} INFO - Filling up the DagBag from /home/ubuntu/reddit_venv/lib/python3.10/site-packages/airflow/example_dags/example_nested_branch_dag.py
[2024-02-12T20:44:09.357+0000] {processor.py:840} INFO - DAG(s) 'example_nested_branch_dag' retrieved from /home/ubuntu/reddit_venv/lib/python3.10/site-packages/airflow/example_dags/example_nested_branch_dag.py
[2024-02-12T20:44:09.375+0000] {logging_mixin.py:188} INFO - [2024-02-12T20:44:09.375+0000] {dag.py:3036} INFO - Sync 1 DAGs
[2024-02-12T20:44:09.397+0000] {logging_mixin.py:188} INFO - [2024-02-12T20:44:09.397+0000] {dag.py:3823} INFO - Setting next_dagrun for example_nested_branch_dag to 2024-02-11 00:00:00+00:00, run_after=2024-02-12 00:00:00+00:00
[2024-02-12T20:44:09.419+0000] {processor.py:183} INFO - Processing /home/ubuntu/reddit_venv/lib/python3.10/site-packages/airflow/example_dags/example_nested_branch_dag.py took 0.078 seconds
[2024-02-12T20:45:00.837+0000] {processor.py:161} INFO - Started process (PID=4119) to work on /home/ubuntu/reddit_venv/lib/python3.10/site-packages/airflow/example_dags/example_nested_branch_dag.py
[2024-02-12T20:45:00.839+0000] {processor.py:830} INFO - Processing file /home/ubuntu/reddit_venv/lib/python3.10/site-packages/airflow/example_dags/example_nested_branch_dag.py for tasks to queue
[2024-02-12T20:45:00.840+0000] {logging_mixin.py:188} INFO - [2024-02-12T20:45:00.839+0000] {dagbag.py:538} INFO - Filling up the DagBag from /home/ubuntu/reddit_venv/lib/python3.10/site-packages/airflow/example_dags/example_nested_branch_dag.py
[2024-02-12T20:45:00.851+0000] {processor.py:840} INFO - DAG(s) 'example_nested_branch_dag' retrieved from /home/ubuntu/reddit_venv/lib/python3.10/site-packages/airflow/example_dags/example_nested_branch_dag.py
[2024-02-12T20:45:00.869+0000] {logging_mixin.py:188} INFO - [2024-02-12T20:45:00.868+0000] {dag.py:3036} INFO - Sync 1 DAGs
[2024-02-12T20:45:00.890+0000] {logging_mixin.py:188} INFO - [2024-02-12T20:45:00.890+0000] {dag.py:3823} INFO - Setting next_dagrun for example_nested_branch_dag to 2024-02-11 00:00:00+00:00, run_after=2024-02-12 00:00:00+00:00
[2024-02-12T20:45:00.914+0000] {processor.py:183} INFO - Processing /home/ubuntu/reddit_venv/lib/python3.10/site-packages/airflow/example_dags/example_nested_branch_dag.py took 0.080 seconds
[2024-02-12T20:45:51.932+0000] {processor.py:161} INFO - Started process (PID=4175) to work on /home/ubuntu/reddit_venv/lib/python3.10/site-packages/airflow/example_dags/example_nested_branch_dag.py
[2024-02-12T20:45:51.933+0000] {processor.py:830} INFO - Processing file /home/ubuntu/reddit_venv/lib/python3.10/site-packages/airflow/example_dags/example_nested_branch_dag.py for tasks to queue
[2024-02-12T20:45:51.934+0000] {logging_mixin.py:188} INFO - [2024-02-12T20:45:51.934+0000] {dagbag.py:538} INFO - Filling up the DagBag from /home/ubuntu/reddit_venv/lib/python3.10/site-packages/airflow/example_dags/example_nested_branch_dag.py
[2024-02-12T20:45:51.945+0000] {processor.py:840} INFO - DAG(s) 'example_nested_branch_dag' retrieved from /home/ubuntu/reddit_venv/lib/python3.10/site-packages/airflow/example_dags/example_nested_branch_dag.py
[2024-02-12T20:45:51.962+0000] {logging_mixin.py:188} INFO - [2024-02-12T20:45:51.962+0000] {dag.py:3036} INFO - Sync 1 DAGs
[2024-02-12T20:45:51.984+0000] {logging_mixin.py:188} INFO - [2024-02-12T20:45:51.984+0000] {dag.py:3823} INFO - Setting next_dagrun for example_nested_branch_dag to 2024-02-11 00:00:00+00:00, run_after=2024-02-12 00:00:00+00:00
[2024-02-12T20:45:52.007+0000] {processor.py:183} INFO - Processing /home/ubuntu/reddit_venv/lib/python3.10/site-packages/airflow/example_dags/example_nested_branch_dag.py took 0.079 seconds
[2024-02-12T20:46:41.978+0000] {processor.py:161} INFO - Started process (PID=4232) to work on /home/ubuntu/reddit_venv/lib/python3.10/site-packages/airflow/example_dags/example_nested_branch_dag.py
[2024-02-12T20:46:41.980+0000] {processor.py:830} INFO - Processing file /home/ubuntu/reddit_venv/lib/python3.10/site-packages/airflow/example_dags/example_nested_branch_dag.py for tasks to queue
[2024-02-12T20:46:41.981+0000] {logging_mixin.py:188} INFO - [2024-02-12T20:46:41.980+0000] {dagbag.py:538} INFO - Filling up the DagBag from /home/ubuntu/reddit_venv/lib/python3.10/site-packages/airflow/example_dags/example_nested_branch_dag.py
[2024-02-12T20:46:41.992+0000] {processor.py:840} INFO - DAG(s) 'example_nested_branch_dag' retrieved from /home/ubuntu/reddit_venv/lib/python3.10/site-packages/airflow/example_dags/example_nested_branch_dag.py
[2024-02-12T20:46:42.009+0000] {logging_mixin.py:188} INFO - [2024-02-12T20:46:42.009+0000] {dag.py:3036} INFO - Sync 1 DAGs
[2024-02-12T20:46:42.031+0000] {logging_mixin.py:188} INFO - [2024-02-12T20:46:42.031+0000] {dag.py:3823} INFO - Setting next_dagrun for example_nested_branch_dag to 2024-02-11 00:00:00+00:00, run_after=2024-02-12 00:00:00+00:00
[2024-02-12T20:46:42.053+0000] {processor.py:183} INFO - Processing /home/ubuntu/reddit_venv/lib/python3.10/site-packages/airflow/example_dags/example_nested_branch_dag.py took 0.078 seconds
[2024-02-12T20:47:31.541+0000] {processor.py:161} INFO - Started process (PID=4285) to work on /home/ubuntu/reddit_venv/lib/python3.10/site-packages/airflow/example_dags/example_nested_branch_dag.py
[2024-02-12T20:47:31.542+0000] {processor.py:830} INFO - Processing file /home/ubuntu/reddit_venv/lib/python3.10/site-packages/airflow/example_dags/example_nested_branch_dag.py for tasks to queue
[2024-02-12T20:47:31.543+0000] {logging_mixin.py:188} INFO - [2024-02-12T20:47:31.543+0000] {dagbag.py:538} INFO - Filling up the DagBag from /home/ubuntu/reddit_venv/lib/python3.10/site-packages/airflow/example_dags/example_nested_branch_dag.py
[2024-02-12T20:47:31.554+0000] {processor.py:840} INFO - DAG(s) 'example_nested_branch_dag' retrieved from /home/ubuntu/reddit_venv/lib/python3.10/site-packages/airflow/example_dags/example_nested_branch_dag.py
[2024-02-12T20:47:31.572+0000] {logging_mixin.py:188} INFO - [2024-02-12T20:47:31.572+0000] {dag.py:3036} INFO - Sync 1 DAGs
[2024-02-12T20:47:31.594+0000] {logging_mixin.py:188} INFO - [2024-02-12T20:47:31.594+0000] {dag.py:3823} INFO - Setting next_dagrun for example_nested_branch_dag to 2024-02-11 00:00:00+00:00, run_after=2024-02-12 00:00:00+00:00
[2024-02-12T20:47:31.616+0000] {processor.py:183} INFO - Processing /home/ubuntu/reddit_venv/lib/python3.10/site-packages/airflow/example_dags/example_nested_branch_dag.py took 0.079 seconds
[2024-02-12T20:48:24.284+0000] {processor.py:161} INFO - Started process (PID=4342) to work on /home/ubuntu/reddit_venv/lib/python3.10/site-packages/airflow/example_dags/example_nested_branch_dag.py
[2024-02-12T20:48:24.286+0000] {processor.py:830} INFO - Processing file /home/ubuntu/reddit_venv/lib/python3.10/site-packages/airflow/example_dags/example_nested_branch_dag.py for tasks to queue
[2024-02-12T20:48:24.287+0000] {logging_mixin.py:188} INFO - [2024-02-12T20:48:24.286+0000] {dagbag.py:538} INFO - Filling up the DagBag from /home/ubuntu/reddit_venv/lib/python3.10/site-packages/airflow/example_dags/example_nested_branch_dag.py
[2024-02-12T20:48:24.298+0000] {processor.py:840} INFO - DAG(s) 'example_nested_branch_dag' retrieved from /home/ubuntu/reddit_venv/lib/python3.10/site-packages/airflow/example_dags/example_nested_branch_dag.py
[2024-02-12T20:48:24.316+0000] {logging_mixin.py:188} INFO - [2024-02-12T20:48:24.316+0000] {dag.py:3036} INFO - Sync 1 DAGs
[2024-02-12T20:48:24.339+0000] {logging_mixin.py:188} INFO - [2024-02-12T20:48:24.339+0000] {dag.py:3823} INFO - Setting next_dagrun for example_nested_branch_dag to 2024-02-11 00:00:00+00:00, run_after=2024-02-12 00:00:00+00:00
[2024-02-12T20:48:24.362+0000] {processor.py:183} INFO - Processing /home/ubuntu/reddit_venv/lib/python3.10/site-packages/airflow/example_dags/example_nested_branch_dag.py took 0.081 seconds
[2024-02-12T20:49:10.855+0000] {processor.py:161} INFO - Started process (PID=4396) to work on /home/ubuntu/reddit_venv/lib/python3.10/site-packages/airflow/example_dags/example_nested_branch_dag.py
[2024-02-12T20:49:10.857+0000] {processor.py:830} INFO - Processing file /home/ubuntu/reddit_venv/lib/python3.10/site-packages/airflow/example_dags/example_nested_branch_dag.py for tasks to queue
[2024-02-12T20:49:10.858+0000] {logging_mixin.py:188} INFO - [2024-02-12T20:49:10.857+0000] {dagbag.py:538} INFO - Filling up the DagBag from /home/ubuntu/reddit_venv/lib/python3.10/site-packages/airflow/example_dags/example_nested_branch_dag.py
[2024-02-12T20:49:10.869+0000] {processor.py:840} INFO - DAG(s) 'example_nested_branch_dag' retrieved from /home/ubuntu/reddit_venv/lib/python3.10/site-packages/airflow/example_dags/example_nested_branch_dag.py
[2024-02-12T20:49:10.886+0000] {logging_mixin.py:188} INFO - [2024-02-12T20:49:10.886+0000] {dag.py:3036} INFO - Sync 1 DAGs
[2024-02-12T20:49:10.908+0000] {logging_mixin.py:188} INFO - [2024-02-12T20:49:10.908+0000] {dag.py:3823} INFO - Setting next_dagrun for example_nested_branch_dag to 2024-02-11 00:00:00+00:00, run_after=2024-02-12 00:00:00+00:00
[2024-02-12T20:49:10.930+0000] {processor.py:183} INFO - Processing /home/ubuntu/reddit_venv/lib/python3.10/site-packages/airflow/example_dags/example_nested_branch_dag.py took 0.079 seconds
[2024-02-12T20:50:23.879+0000] {processor.py:161} INFO - Started process (PID=4471) to work on /home/ubuntu/reddit_venv/lib/python3.10/site-packages/airflow/example_dags/example_nested_branch_dag.py
[2024-02-12T20:50:23.881+0000] {processor.py:830} INFO - Processing file /home/ubuntu/reddit_venv/lib/python3.10/site-packages/airflow/example_dags/example_nested_branch_dag.py for tasks to queue
[2024-02-12T20:50:23.882+0000] {logging_mixin.py:188} INFO - [2024-02-12T20:50:23.882+0000] {dagbag.py:538} INFO - Filling up the DagBag from /home/ubuntu/reddit_venv/lib/python3.10/site-packages/airflow/example_dags/example_nested_branch_dag.py
[2024-02-12T20:50:23.893+0000] {processor.py:840} INFO - DAG(s) 'example_nested_branch_dag' retrieved from /home/ubuntu/reddit_venv/lib/python3.10/site-packages/airflow/example_dags/example_nested_branch_dag.py
[2024-02-12T20:50:23.993+0000] {logging_mixin.py:188} INFO - [2024-02-12T20:50:23.993+0000] {dag.py:3036} INFO - Sync 1 DAGs
[2024-02-12T20:50:24.012+0000] {logging_mixin.py:188} INFO - [2024-02-12T20:50:24.012+0000] {dag.py:3823} INFO - Setting next_dagrun for example_nested_branch_dag to 2024-02-11 00:00:00+00:00, run_after=2024-02-12 00:00:00+00:00
[2024-02-12T20:50:24.035+0000] {processor.py:183} INFO - Processing /home/ubuntu/reddit_venv/lib/python3.10/site-packages/airflow/example_dags/example_nested_branch_dag.py took 0.159 seconds
[2024-02-12T20:51:13.401+0000] {processor.py:161} INFO - Started process (PID=4522) to work on /home/ubuntu/reddit_venv/lib/python3.10/site-packages/airflow/example_dags/example_nested_branch_dag.py
[2024-02-12T20:51:13.403+0000] {processor.py:830} INFO - Processing file /home/ubuntu/reddit_venv/lib/python3.10/site-packages/airflow/example_dags/example_nested_branch_dag.py for tasks to queue
[2024-02-12T20:51:13.404+0000] {logging_mixin.py:188} INFO - [2024-02-12T20:51:13.403+0000] {dagbag.py:538} INFO - Filling up the DagBag from /home/ubuntu/reddit_venv/lib/python3.10/site-packages/airflow/example_dags/example_nested_branch_dag.py
[2024-02-12T20:51:13.415+0000] {processor.py:840} INFO - DAG(s) 'example_nested_branch_dag' retrieved from /home/ubuntu/reddit_venv/lib/python3.10/site-packages/airflow/example_dags/example_nested_branch_dag.py
[2024-02-12T20:51:13.433+0000] {logging_mixin.py:188} INFO - [2024-02-12T20:51:13.433+0000] {dag.py:3036} INFO - Sync 1 DAGs
[2024-02-12T20:51:13.454+0000] {logging_mixin.py:188} INFO - [2024-02-12T20:51:13.454+0000] {dag.py:3823} INFO - Setting next_dagrun for example_nested_branch_dag to 2024-02-11 00:00:00+00:00, run_after=2024-02-12 00:00:00+00:00
[2024-02-12T20:51:13.476+0000] {processor.py:183} INFO - Processing /home/ubuntu/reddit_venv/lib/python3.10/site-packages/airflow/example_dags/example_nested_branch_dag.py took 0.078 seconds
[2024-02-12T20:52:07.228+0000] {processor.py:161} INFO - Started process (PID=4580) to work on /home/ubuntu/reddit_venv/lib/python3.10/site-packages/airflow/example_dags/example_nested_branch_dag.py
[2024-02-12T20:52:07.229+0000] {processor.py:830} INFO - Processing file /home/ubuntu/reddit_venv/lib/python3.10/site-packages/airflow/example_dags/example_nested_branch_dag.py for tasks to queue
[2024-02-12T20:52:07.230+0000] {logging_mixin.py:188} INFO - [2024-02-12T20:52:07.230+0000] {dagbag.py:538} INFO - Filling up the DagBag from /home/ubuntu/reddit_venv/lib/python3.10/site-packages/airflow/example_dags/example_nested_branch_dag.py
[2024-02-12T20:52:07.242+0000] {processor.py:840} INFO - DAG(s) 'example_nested_branch_dag' retrieved from /home/ubuntu/reddit_venv/lib/python3.10/site-packages/airflow/example_dags/example_nested_branch_dag.py
[2024-02-12T20:52:07.260+0000] {logging_mixin.py:188} INFO - [2024-02-12T20:52:07.259+0000] {dag.py:3036} INFO - Sync 1 DAGs
[2024-02-12T20:52:07.282+0000] {logging_mixin.py:188} INFO - [2024-02-12T20:52:07.282+0000] {dag.py:3823} INFO - Setting next_dagrun for example_nested_branch_dag to 2024-02-11 00:00:00+00:00, run_after=2024-02-12 00:00:00+00:00
[2024-02-12T20:52:07.306+0000] {processor.py:183} INFO - Processing /home/ubuntu/reddit_venv/lib/python3.10/site-packages/airflow/example_dags/example_nested_branch_dag.py took 0.082 seconds
[2024-02-12T20:52:58.097+0000] {processor.py:161} INFO - Started process (PID=4639) to work on /home/ubuntu/reddit_venv/lib/python3.10/site-packages/airflow/example_dags/example_nested_branch_dag.py
[2024-02-12T20:52:58.099+0000] {processor.py:830} INFO - Processing file /home/ubuntu/reddit_venv/lib/python3.10/site-packages/airflow/example_dags/example_nested_branch_dag.py for tasks to queue
[2024-02-12T20:52:58.100+0000] {logging_mixin.py:188} INFO - [2024-02-12T20:52:58.100+0000] {dagbag.py:538} INFO - Filling up the DagBag from /home/ubuntu/reddit_venv/lib/python3.10/site-packages/airflow/example_dags/example_nested_branch_dag.py
[2024-02-12T20:52:58.111+0000] {processor.py:840} INFO - DAG(s) 'example_nested_branch_dag' retrieved from /home/ubuntu/reddit_venv/lib/python3.10/site-packages/airflow/example_dags/example_nested_branch_dag.py
[2024-02-12T20:52:58.130+0000] {logging_mixin.py:188} INFO - [2024-02-12T20:52:58.129+0000] {dag.py:3036} INFO - Sync 1 DAGs
[2024-02-12T20:52:58.152+0000] {logging_mixin.py:188} INFO - [2024-02-12T20:52:58.152+0000] {dag.py:3823} INFO - Setting next_dagrun for example_nested_branch_dag to 2024-02-11 00:00:00+00:00, run_after=2024-02-12 00:00:00+00:00
[2024-02-12T20:52:58.174+0000] {processor.py:183} INFO - Processing /home/ubuntu/reddit_venv/lib/python3.10/site-packages/airflow/example_dags/example_nested_branch_dag.py took 0.080 seconds
[2024-02-12T20:53:52.897+0000] {processor.py:161} INFO - Started process (PID=4700) to work on /home/ubuntu/reddit_venv/lib/python3.10/site-packages/airflow/example_dags/example_nested_branch_dag.py
[2024-02-12T20:53:52.899+0000] {processor.py:830} INFO - Processing file /home/ubuntu/reddit_venv/lib/python3.10/site-packages/airflow/example_dags/example_nested_branch_dag.py for tasks to queue
[2024-02-12T20:53:52.900+0000] {logging_mixin.py:188} INFO - [2024-02-12T20:53:52.900+0000] {dagbag.py:538} INFO - Filling up the DagBag from /home/ubuntu/reddit_venv/lib/python3.10/site-packages/airflow/example_dags/example_nested_branch_dag.py
[2024-02-12T20:53:52.911+0000] {processor.py:840} INFO - DAG(s) 'example_nested_branch_dag' retrieved from /home/ubuntu/reddit_venv/lib/python3.10/site-packages/airflow/example_dags/example_nested_branch_dag.py
[2024-02-12T20:53:52.929+0000] {logging_mixin.py:188} INFO - [2024-02-12T20:53:52.929+0000] {dag.py:3036} INFO - Sync 1 DAGs
[2024-02-12T20:53:52.950+0000] {logging_mixin.py:188} INFO - [2024-02-12T20:53:52.950+0000] {dag.py:3823} INFO - Setting next_dagrun for example_nested_branch_dag to 2024-02-11 00:00:00+00:00, run_after=2024-02-12 00:00:00+00:00
[2024-02-12T20:53:52.973+0000] {processor.py:183} INFO - Processing /home/ubuntu/reddit_venv/lib/python3.10/site-packages/airflow/example_dags/example_nested_branch_dag.py took 0.079 seconds
[2024-02-12T20:54:45.382+0000] {processor.py:161} INFO - Started process (PID=4755) to work on /home/ubuntu/reddit_venv/lib/python3.10/site-packages/airflow/example_dags/example_nested_branch_dag.py
[2024-02-12T20:54:45.384+0000] {processor.py:830} INFO - Processing file /home/ubuntu/reddit_venv/lib/python3.10/site-packages/airflow/example_dags/example_nested_branch_dag.py for tasks to queue
[2024-02-12T20:54:45.385+0000] {logging_mixin.py:188} INFO - [2024-02-12T20:54:45.384+0000] {dagbag.py:538} INFO - Filling up the DagBag from /home/ubuntu/reddit_venv/lib/python3.10/site-packages/airflow/example_dags/example_nested_branch_dag.py
[2024-02-12T20:54:45.395+0000] {processor.py:840} INFO - DAG(s) 'example_nested_branch_dag' retrieved from /home/ubuntu/reddit_venv/lib/python3.10/site-packages/airflow/example_dags/example_nested_branch_dag.py
[2024-02-12T20:54:45.413+0000] {logging_mixin.py:188} INFO - [2024-02-12T20:54:45.413+0000] {dag.py:3036} INFO - Sync 1 DAGs
[2024-02-12T20:54:45.435+0000] {logging_mixin.py:188} INFO - [2024-02-12T20:54:45.435+0000] {dag.py:3823} INFO - Setting next_dagrun for example_nested_branch_dag to 2024-02-11 00:00:00+00:00, run_after=2024-02-12 00:00:00+00:00
[2024-02-12T20:54:45.458+0000] {processor.py:183} INFO - Processing /home/ubuntu/reddit_venv/lib/python3.10/site-packages/airflow/example_dags/example_nested_branch_dag.py took 0.079 seconds
[2024-02-12T20:55:41.900+0000] {processor.py:161} INFO - Started process (PID=4884) to work on /home/ubuntu/reddit_venv/lib/python3.10/site-packages/airflow/example_dags/example_nested_branch_dag.py
[2024-02-12T20:55:41.902+0000] {processor.py:830} INFO - Processing file /home/ubuntu/reddit_venv/lib/python3.10/site-packages/airflow/example_dags/example_nested_branch_dag.py for tasks to queue
[2024-02-12T20:55:41.903+0000] {logging_mixin.py:188} INFO - [2024-02-12T20:55:41.903+0000] {dagbag.py:538} INFO - Filling up the DagBag from /home/ubuntu/reddit_venv/lib/python3.10/site-packages/airflow/example_dags/example_nested_branch_dag.py
[2024-02-12T20:55:41.914+0000] {processor.py:840} INFO - DAG(s) 'example_nested_branch_dag' retrieved from /home/ubuntu/reddit_venv/lib/python3.10/site-packages/airflow/example_dags/example_nested_branch_dag.py
[2024-02-12T20:55:41.932+0000] {logging_mixin.py:188} INFO - [2024-02-12T20:55:41.932+0000] {dag.py:3036} INFO - Sync 1 DAGs
[2024-02-12T20:55:41.953+0000] {logging_mixin.py:188} INFO - [2024-02-12T20:55:41.953+0000] {dag.py:3823} INFO - Setting next_dagrun for example_nested_branch_dag to 2024-02-11 00:00:00+00:00, run_after=2024-02-12 00:00:00+00:00
[2024-02-12T20:55:41.980+0000] {processor.py:183} INFO - Processing /home/ubuntu/reddit_venv/lib/python3.10/site-packages/airflow/example_dags/example_nested_branch_dag.py took 0.083 seconds
[2024-02-12T20:56:30.391+0000] {processor.py:161} INFO - Started process (PID=4940) to work on /home/ubuntu/reddit_venv/lib/python3.10/site-packages/airflow/example_dags/example_nested_branch_dag.py
[2024-02-12T20:56:30.392+0000] {processor.py:830} INFO - Processing file /home/ubuntu/reddit_venv/lib/python3.10/site-packages/airflow/example_dags/example_nested_branch_dag.py for tasks to queue
[2024-02-12T20:56:30.393+0000] {logging_mixin.py:188} INFO - [2024-02-12T20:56:30.393+0000] {dagbag.py:538} INFO - Filling up the DagBag from /home/ubuntu/reddit_venv/lib/python3.10/site-packages/airflow/example_dags/example_nested_branch_dag.py
[2024-02-12T20:56:30.405+0000] {processor.py:840} INFO - DAG(s) 'example_nested_branch_dag' retrieved from /home/ubuntu/reddit_venv/lib/python3.10/site-packages/airflow/example_dags/example_nested_branch_dag.py
[2024-02-12T20:56:30.423+0000] {logging_mixin.py:188} INFO - [2024-02-12T20:56:30.422+0000] {dag.py:3036} INFO - Sync 1 DAGs
[2024-02-12T20:56:30.444+0000] {logging_mixin.py:188} INFO - [2024-02-12T20:56:30.444+0000] {dag.py:3823} INFO - Setting next_dagrun for example_nested_branch_dag to 2024-02-11 00:00:00+00:00, run_after=2024-02-12 00:00:00+00:00
[2024-02-12T20:56:30.467+0000] {processor.py:183} INFO - Processing /home/ubuntu/reddit_venv/lib/python3.10/site-packages/airflow/example_dags/example_nested_branch_dag.py took 0.080 seconds
[2024-02-12T20:57:24.206+0000] {processor.py:161} INFO - Started process (PID=4997) to work on /home/ubuntu/reddit_venv/lib/python3.10/site-packages/airflow/example_dags/example_nested_branch_dag.py
[2024-02-12T20:57:24.208+0000] {processor.py:830} INFO - Processing file /home/ubuntu/reddit_venv/lib/python3.10/site-packages/airflow/example_dags/example_nested_branch_dag.py for tasks to queue
[2024-02-12T20:57:24.209+0000] {logging_mixin.py:188} INFO - [2024-02-12T20:57:24.208+0000] {dagbag.py:538} INFO - Filling up the DagBag from /home/ubuntu/reddit_venv/lib/python3.10/site-packages/airflow/example_dags/example_nested_branch_dag.py
[2024-02-12T20:57:24.220+0000] {processor.py:840} INFO - DAG(s) 'example_nested_branch_dag' retrieved from /home/ubuntu/reddit_venv/lib/python3.10/site-packages/airflow/example_dags/example_nested_branch_dag.py
[2024-02-12T20:57:24.237+0000] {logging_mixin.py:188} INFO - [2024-02-12T20:57:24.237+0000] {dag.py:3036} INFO - Sync 1 DAGs
[2024-02-12T20:57:24.258+0000] {logging_mixin.py:188} INFO - [2024-02-12T20:57:24.258+0000] {dag.py:3823} INFO - Setting next_dagrun for example_nested_branch_dag to 2024-02-11 00:00:00+00:00, run_after=2024-02-12 00:00:00+00:00
[2024-02-12T20:57:24.279+0000] {processor.py:183} INFO - Processing /home/ubuntu/reddit_venv/lib/python3.10/site-packages/airflow/example_dags/example_nested_branch_dag.py took 0.076 seconds
[2024-02-12T20:58:16.755+0000] {processor.py:161} INFO - Started process (PID=5055) to work on /home/ubuntu/reddit_venv/lib/python3.10/site-packages/airflow/example_dags/example_nested_branch_dag.py
[2024-02-12T20:58:16.756+0000] {processor.py:830} INFO - Processing file /home/ubuntu/reddit_venv/lib/python3.10/site-packages/airflow/example_dags/example_nested_branch_dag.py for tasks to queue
[2024-02-12T20:58:16.757+0000] {logging_mixin.py:188} INFO - [2024-02-12T20:58:16.757+0000] {dagbag.py:538} INFO - Filling up the DagBag from /home/ubuntu/reddit_venv/lib/python3.10/site-packages/airflow/example_dags/example_nested_branch_dag.py
[2024-02-12T20:58:16.768+0000] {processor.py:840} INFO - DAG(s) 'example_nested_branch_dag' retrieved from /home/ubuntu/reddit_venv/lib/python3.10/site-packages/airflow/example_dags/example_nested_branch_dag.py
[2024-02-12T20:58:16.785+0000] {logging_mixin.py:188} INFO - [2024-02-12T20:58:16.785+0000] {dag.py:3036} INFO - Sync 1 DAGs
[2024-02-12T20:58:16.806+0000] {logging_mixin.py:188} INFO - [2024-02-12T20:58:16.806+0000] {dag.py:3823} INFO - Setting next_dagrun for example_nested_branch_dag to 2024-02-11 00:00:00+00:00, run_after=2024-02-12 00:00:00+00:00
[2024-02-12T20:58:16.841+0000] {processor.py:183} INFO - Processing /home/ubuntu/reddit_venv/lib/python3.10/site-packages/airflow/example_dags/example_nested_branch_dag.py took 0.089 seconds
[2024-02-12T20:59:10.308+0000] {processor.py:161} INFO - Started process (PID=5112) to work on /home/ubuntu/reddit_venv/lib/python3.10/site-packages/airflow/example_dags/example_nested_branch_dag.py
[2024-02-12T20:59:10.310+0000] {processor.py:830} INFO - Processing file /home/ubuntu/reddit_venv/lib/python3.10/site-packages/airflow/example_dags/example_nested_branch_dag.py for tasks to queue
[2024-02-12T20:59:10.311+0000] {logging_mixin.py:188} INFO - [2024-02-12T20:59:10.310+0000] {dagbag.py:538} INFO - Filling up the DagBag from /home/ubuntu/reddit_venv/lib/python3.10/site-packages/airflow/example_dags/example_nested_branch_dag.py
[2024-02-12T20:59:10.322+0000] {processor.py:840} INFO - DAG(s) 'example_nested_branch_dag' retrieved from /home/ubuntu/reddit_venv/lib/python3.10/site-packages/airflow/example_dags/example_nested_branch_dag.py
[2024-02-12T20:59:10.339+0000] {logging_mixin.py:188} INFO - [2024-02-12T20:59:10.339+0000] {dag.py:3036} INFO - Sync 1 DAGs
[2024-02-12T20:59:10.361+0000] {logging_mixin.py:188} INFO - [2024-02-12T20:59:10.361+0000] {dag.py:3823} INFO - Setting next_dagrun for example_nested_branch_dag to 2024-02-11 00:00:00+00:00, run_after=2024-02-12 00:00:00+00:00
[2024-02-12T20:59:10.383+0000] {processor.py:183} INFO - Processing /home/ubuntu/reddit_venv/lib/python3.10/site-packages/airflow/example_dags/example_nested_branch_dag.py took 0.078 seconds
[2024-02-12T21:00:02.860+0000] {processor.py:161} INFO - Started process (PID=5187) to work on /home/ubuntu/reddit_venv/lib/python3.10/site-packages/airflow/example_dags/example_nested_branch_dag.py
[2024-02-12T21:00:02.862+0000] {processor.py:830} INFO - Processing file /home/ubuntu/reddit_venv/lib/python3.10/site-packages/airflow/example_dags/example_nested_branch_dag.py for tasks to queue
[2024-02-12T21:00:02.863+0000] {logging_mixin.py:188} INFO - [2024-02-12T21:00:02.862+0000] {dagbag.py:538} INFO - Filling up the DagBag from /home/ubuntu/reddit_venv/lib/python3.10/site-packages/airflow/example_dags/example_nested_branch_dag.py
[2024-02-12T21:00:02.874+0000] {processor.py:840} INFO - DAG(s) 'example_nested_branch_dag' retrieved from /home/ubuntu/reddit_venv/lib/python3.10/site-packages/airflow/example_dags/example_nested_branch_dag.py
[2024-02-12T21:00:02.892+0000] {logging_mixin.py:188} INFO - [2024-02-12T21:00:02.892+0000] {dag.py:3036} INFO - Sync 1 DAGs
[2024-02-12T21:00:02.914+0000] {logging_mixin.py:188} INFO - [2024-02-12T21:00:02.914+0000] {dag.py:3823} INFO - Setting next_dagrun for example_nested_branch_dag to 2024-02-11 00:00:00+00:00, run_after=2024-02-12 00:00:00+00:00
[2024-02-12T21:00:02.937+0000] {processor.py:183} INFO - Processing /home/ubuntu/reddit_venv/lib/python3.10/site-packages/airflow/example_dags/example_nested_branch_dag.py took 0.080 seconds
[2024-02-12T21:00:55.251+0000] {processor.py:161} INFO - Started process (PID=5498) to work on /home/ubuntu/reddit_venv/lib/python3.10/site-packages/airflow/example_dags/example_nested_branch_dag.py
[2024-02-12T21:00:55.252+0000] {processor.py:830} INFO - Processing file /home/ubuntu/reddit_venv/lib/python3.10/site-packages/airflow/example_dags/example_nested_branch_dag.py for tasks to queue
[2024-02-12T21:00:55.253+0000] {logging_mixin.py:188} INFO - [2024-02-12T21:00:55.253+0000] {dagbag.py:538} INFO - Filling up the DagBag from /home/ubuntu/reddit_venv/lib/python3.10/site-packages/airflow/example_dags/example_nested_branch_dag.py
[2024-02-12T21:00:55.265+0000] {processor.py:840} INFO - DAG(s) 'example_nested_branch_dag' retrieved from /home/ubuntu/reddit_venv/lib/python3.10/site-packages/airflow/example_dags/example_nested_branch_dag.py
[2024-02-12T21:00:55.283+0000] {logging_mixin.py:188} INFO - [2024-02-12T21:00:55.283+0000] {dag.py:3036} INFO - Sync 1 DAGs
[2024-02-12T21:00:55.305+0000] {logging_mixin.py:188} INFO - [2024-02-12T21:00:55.305+0000] {dag.py:3823} INFO - Setting next_dagrun for example_nested_branch_dag to 2024-02-11 00:00:00+00:00, run_after=2024-02-12 00:00:00+00:00
[2024-02-12T21:00:55.327+0000] {processor.py:183} INFO - Processing /home/ubuntu/reddit_venv/lib/python3.10/site-packages/airflow/example_dags/example_nested_branch_dag.py took 0.079 seconds
[2024-02-12T21:01:47.930+0000] {processor.py:161} INFO - Started process (PID=5785) to work on /home/ubuntu/reddit_venv/lib/python3.10/site-packages/airflow/example_dags/example_nested_branch_dag.py
[2024-02-12T21:01:47.932+0000] {processor.py:830} INFO - Processing file /home/ubuntu/reddit_venv/lib/python3.10/site-packages/airflow/example_dags/example_nested_branch_dag.py for tasks to queue
[2024-02-12T21:01:47.933+0000] {logging_mixin.py:188} INFO - [2024-02-12T21:01:47.932+0000] {dagbag.py:538} INFO - Filling up the DagBag from /home/ubuntu/reddit_venv/lib/python3.10/site-packages/airflow/example_dags/example_nested_branch_dag.py
[2024-02-12T21:01:47.944+0000] {processor.py:840} INFO - DAG(s) 'example_nested_branch_dag' retrieved from /home/ubuntu/reddit_venv/lib/python3.10/site-packages/airflow/example_dags/example_nested_branch_dag.py
[2024-02-12T21:01:47.962+0000] {logging_mixin.py:188} INFO - [2024-02-12T21:01:47.962+0000] {dag.py:3036} INFO - Sync 1 DAGs
[2024-02-12T21:01:47.982+0000] {logging_mixin.py:188} INFO - [2024-02-12T21:01:47.982+0000] {dag.py:3823} INFO - Setting next_dagrun for example_nested_branch_dag to 2024-02-11 00:00:00+00:00, run_after=2024-02-12 00:00:00+00:00
[2024-02-12T21:01:48.004+0000] {processor.py:183} INFO - Processing /home/ubuntu/reddit_venv/lib/python3.10/site-packages/airflow/example_dags/example_nested_branch_dag.py took 0.077 seconds
[2024-02-12T21:02:38.538+0000] {processor.py:161} INFO - Started process (PID=5839) to work on /home/ubuntu/reddit_venv/lib/python3.10/site-packages/airflow/example_dags/example_nested_branch_dag.py
[2024-02-12T21:02:38.540+0000] {processor.py:830} INFO - Processing file /home/ubuntu/reddit_venv/lib/python3.10/site-packages/airflow/example_dags/example_nested_branch_dag.py for tasks to queue
[2024-02-12T21:02:38.541+0000] {logging_mixin.py:188} INFO - [2024-02-12T21:02:38.540+0000] {dagbag.py:538} INFO - Filling up the DagBag from /home/ubuntu/reddit_venv/lib/python3.10/site-packages/airflow/example_dags/example_nested_branch_dag.py
[2024-02-12T21:02:38.552+0000] {processor.py:840} INFO - DAG(s) 'example_nested_branch_dag' retrieved from /home/ubuntu/reddit_venv/lib/python3.10/site-packages/airflow/example_dags/example_nested_branch_dag.py
[2024-02-12T21:02:38.569+0000] {logging_mixin.py:188} INFO - [2024-02-12T21:02:38.569+0000] {dag.py:3036} INFO - Sync 1 DAGs
[2024-02-12T21:02:38.591+0000] {logging_mixin.py:188} INFO - [2024-02-12T21:02:38.591+0000] {dag.py:3823} INFO - Setting next_dagrun for example_nested_branch_dag to 2024-02-11 00:00:00+00:00, run_after=2024-02-12 00:00:00+00:00
[2024-02-12T21:02:38.613+0000] {processor.py:183} INFO - Processing /home/ubuntu/reddit_venv/lib/python3.10/site-packages/airflow/example_dags/example_nested_branch_dag.py took 0.078 seconds
[2024-02-12T21:03:28.978+0000] {processor.py:161} INFO - Started process (PID=5895) to work on /home/ubuntu/reddit_venv/lib/python3.10/site-packages/airflow/example_dags/example_nested_branch_dag.py
[2024-02-12T21:03:28.980+0000] {processor.py:830} INFO - Processing file /home/ubuntu/reddit_venv/lib/python3.10/site-packages/airflow/example_dags/example_nested_branch_dag.py for tasks to queue
[2024-02-12T21:03:28.981+0000] {logging_mixin.py:188} INFO - [2024-02-12T21:03:28.980+0000] {dagbag.py:538} INFO - Filling up the DagBag from /home/ubuntu/reddit_venv/lib/python3.10/site-packages/airflow/example_dags/example_nested_branch_dag.py
[2024-02-12T21:03:28.992+0000] {processor.py:840} INFO - DAG(s) 'example_nested_branch_dag' retrieved from /home/ubuntu/reddit_venv/lib/python3.10/site-packages/airflow/example_dags/example_nested_branch_dag.py
[2024-02-12T21:03:29.009+0000] {logging_mixin.py:188} INFO - [2024-02-12T21:03:29.009+0000] {dag.py:3036} INFO - Sync 1 DAGs
[2024-02-12T21:03:29.030+0000] {logging_mixin.py:188} INFO - [2024-02-12T21:03:29.030+0000] {dag.py:3823} INFO - Setting next_dagrun for example_nested_branch_dag to 2024-02-11 00:00:00+00:00, run_after=2024-02-12 00:00:00+00:00
[2024-02-12T21:03:29.053+0000] {processor.py:183} INFO - Processing /home/ubuntu/reddit_venv/lib/python3.10/site-packages/airflow/example_dags/example_nested_branch_dag.py took 0.078 seconds
[2024-02-12T21:04:17.396+0000] {processor.py:161} INFO - Started process (PID=5952) to work on /home/ubuntu/reddit_venv/lib/python3.10/site-packages/airflow/example_dags/example_nested_branch_dag.py
[2024-02-12T21:04:17.400+0000] {processor.py:830} INFO - Processing file /home/ubuntu/reddit_venv/lib/python3.10/site-packages/airflow/example_dags/example_nested_branch_dag.py for tasks to queue
[2024-02-12T21:04:17.401+0000] {logging_mixin.py:188} INFO - [2024-02-12T21:04:17.400+0000] {dagbag.py:538} INFO - Filling up the DagBag from /home/ubuntu/reddit_venv/lib/python3.10/site-packages/airflow/example_dags/example_nested_branch_dag.py
[2024-02-12T21:04:17.412+0000] {processor.py:840} INFO - DAG(s) 'example_nested_branch_dag' retrieved from /home/ubuntu/reddit_venv/lib/python3.10/site-packages/airflow/example_dags/example_nested_branch_dag.py
[2024-02-12T21:04:17.430+0000] {logging_mixin.py:188} INFO - [2024-02-12T21:04:17.430+0000] {dag.py:3036} INFO - Sync 1 DAGs
[2024-02-12T21:04:17.452+0000] {logging_mixin.py:188} INFO - [2024-02-12T21:04:17.452+0000] {dag.py:3823} INFO - Setting next_dagrun for example_nested_branch_dag to 2024-02-11 00:00:00+00:00, run_after=2024-02-12 00:00:00+00:00
[2024-02-12T21:04:17.474+0000] {processor.py:183} INFO - Processing /home/ubuntu/reddit_venv/lib/python3.10/site-packages/airflow/example_dags/example_nested_branch_dag.py took 0.082 seconds
[2024-02-12T21:05:08.890+0000] {processor.py:161} INFO - Started process (PID=6010) to work on /home/ubuntu/reddit_venv/lib/python3.10/site-packages/airflow/example_dags/example_nested_branch_dag.py
[2024-02-12T21:05:08.891+0000] {processor.py:830} INFO - Processing file /home/ubuntu/reddit_venv/lib/python3.10/site-packages/airflow/example_dags/example_nested_branch_dag.py for tasks to queue
[2024-02-12T21:05:08.892+0000] {logging_mixin.py:188} INFO - [2024-02-12T21:05:08.892+0000] {dagbag.py:538} INFO - Filling up the DagBag from /home/ubuntu/reddit_venv/lib/python3.10/site-packages/airflow/example_dags/example_nested_branch_dag.py
[2024-02-12T21:05:08.903+0000] {processor.py:840} INFO - DAG(s) 'example_nested_branch_dag' retrieved from /home/ubuntu/reddit_venv/lib/python3.10/site-packages/airflow/example_dags/example_nested_branch_dag.py
[2024-02-12T21:05:08.921+0000] {logging_mixin.py:188} INFO - [2024-02-12T21:05:08.921+0000] {dag.py:3036} INFO - Sync 1 DAGs
[2024-02-12T21:05:08.942+0000] {logging_mixin.py:188} INFO - [2024-02-12T21:05:08.942+0000] {dag.py:3823} INFO - Setting next_dagrun for example_nested_branch_dag to 2024-02-11 00:00:00+00:00, run_after=2024-02-12 00:00:00+00:00
[2024-02-12T21:05:08.965+0000] {processor.py:183} INFO - Processing /home/ubuntu/reddit_venv/lib/python3.10/site-packages/airflow/example_dags/example_nested_branch_dag.py took 0.079 seconds
[2024-02-12T21:05:58.678+0000] {processor.py:161} INFO - Started process (PID=6065) to work on /home/ubuntu/reddit_venv/lib/python3.10/site-packages/airflow/example_dags/example_nested_branch_dag.py
[2024-02-12T21:05:58.680+0000] {processor.py:830} INFO - Processing file /home/ubuntu/reddit_venv/lib/python3.10/site-packages/airflow/example_dags/example_nested_branch_dag.py for tasks to queue
[2024-02-12T21:05:58.681+0000] {logging_mixin.py:188} INFO - [2024-02-12T21:05:58.680+0000] {dagbag.py:538} INFO - Filling up the DagBag from /home/ubuntu/reddit_venv/lib/python3.10/site-packages/airflow/example_dags/example_nested_branch_dag.py
[2024-02-12T21:05:58.692+0000] {processor.py:840} INFO - DAG(s) 'example_nested_branch_dag' retrieved from /home/ubuntu/reddit_venv/lib/python3.10/site-packages/airflow/example_dags/example_nested_branch_dag.py
[2024-02-12T21:05:58.711+0000] {logging_mixin.py:188} INFO - [2024-02-12T21:05:58.710+0000] {dag.py:3036} INFO - Sync 1 DAGs
[2024-02-12T21:05:58.733+0000] {logging_mixin.py:188} INFO - [2024-02-12T21:05:58.732+0000] {dag.py:3823} INFO - Setting next_dagrun for example_nested_branch_dag to 2024-02-11 00:00:00+00:00, run_after=2024-02-12 00:00:00+00:00
[2024-02-12T21:05:58.755+0000] {processor.py:183} INFO - Processing /home/ubuntu/reddit_venv/lib/python3.10/site-packages/airflow/example_dags/example_nested_branch_dag.py took 0.080 seconds
[2024-02-12T21:06:47.845+0000] {processor.py:161} INFO - Started process (PID=6119) to work on /home/ubuntu/reddit_venv/lib/python3.10/site-packages/airflow/example_dags/example_nested_branch_dag.py
[2024-02-12T21:06:47.847+0000] {processor.py:830} INFO - Processing file /home/ubuntu/reddit_venv/lib/python3.10/site-packages/airflow/example_dags/example_nested_branch_dag.py for tasks to queue
[2024-02-12T21:06:47.848+0000] {logging_mixin.py:188} INFO - [2024-02-12T21:06:47.847+0000] {dagbag.py:538} INFO - Filling up the DagBag from /home/ubuntu/reddit_venv/lib/python3.10/site-packages/airflow/example_dags/example_nested_branch_dag.py
[2024-02-12T21:06:47.859+0000] {processor.py:840} INFO - DAG(s) 'example_nested_branch_dag' retrieved from /home/ubuntu/reddit_venv/lib/python3.10/site-packages/airflow/example_dags/example_nested_branch_dag.py
[2024-02-12T21:06:47.877+0000] {logging_mixin.py:188} INFO - [2024-02-12T21:06:47.877+0000] {dag.py:3036} INFO - Sync 1 DAGs
[2024-02-12T21:06:47.899+0000] {logging_mixin.py:188} INFO - [2024-02-12T21:06:47.899+0000] {dag.py:3823} INFO - Setting next_dagrun for example_nested_branch_dag to 2024-02-11 00:00:00+00:00, run_after=2024-02-12 00:00:00+00:00
[2024-02-12T21:06:47.935+0000] {processor.py:183} INFO - Processing /home/ubuntu/reddit_venv/lib/python3.10/site-packages/airflow/example_dags/example_nested_branch_dag.py took 0.093 seconds
[2024-02-12T21:07:42.386+0000] {processor.py:161} INFO - Started process (PID=6176) to work on /home/ubuntu/reddit_venv/lib/python3.10/site-packages/airflow/example_dags/example_nested_branch_dag.py
[2024-02-12T21:07:42.387+0000] {processor.py:830} INFO - Processing file /home/ubuntu/reddit_venv/lib/python3.10/site-packages/airflow/example_dags/example_nested_branch_dag.py for tasks to queue
[2024-02-12T21:07:42.388+0000] {logging_mixin.py:188} INFO - [2024-02-12T21:07:42.388+0000] {dagbag.py:538} INFO - Filling up the DagBag from /home/ubuntu/reddit_venv/lib/python3.10/site-packages/airflow/example_dags/example_nested_branch_dag.py
[2024-02-12T21:07:42.399+0000] {processor.py:840} INFO - DAG(s) 'example_nested_branch_dag' retrieved from /home/ubuntu/reddit_venv/lib/python3.10/site-packages/airflow/example_dags/example_nested_branch_dag.py
[2024-02-12T21:07:42.416+0000] {logging_mixin.py:188} INFO - [2024-02-12T21:07:42.416+0000] {dag.py:3036} INFO - Sync 1 DAGs
[2024-02-12T21:07:42.437+0000] {logging_mixin.py:188} INFO - [2024-02-12T21:07:42.437+0000] {dag.py:3823} INFO - Setting next_dagrun for example_nested_branch_dag to 2024-02-11 00:00:00+00:00, run_after=2024-02-12 00:00:00+00:00
[2024-02-12T21:07:42.460+0000] {processor.py:183} INFO - Processing /home/ubuntu/reddit_venv/lib/python3.10/site-packages/airflow/example_dags/example_nested_branch_dag.py took 0.077 seconds
[2024-02-12T21:08:40.565+0000] {processor.py:161} INFO - Started process (PID=6236) to work on /home/ubuntu/reddit_venv/lib/python3.10/site-packages/airflow/example_dags/example_nested_branch_dag.py
[2024-02-12T21:08:40.567+0000] {processor.py:830} INFO - Processing file /home/ubuntu/reddit_venv/lib/python3.10/site-packages/airflow/example_dags/example_nested_branch_dag.py for tasks to queue
[2024-02-12T21:08:40.568+0000] {logging_mixin.py:188} INFO - [2024-02-12T21:08:40.567+0000] {dagbag.py:538} INFO - Filling up the DagBag from /home/ubuntu/reddit_venv/lib/python3.10/site-packages/airflow/example_dags/example_nested_branch_dag.py
[2024-02-12T21:08:40.579+0000] {processor.py:840} INFO - DAG(s) 'example_nested_branch_dag' retrieved from /home/ubuntu/reddit_venv/lib/python3.10/site-packages/airflow/example_dags/example_nested_branch_dag.py
[2024-02-12T21:08:40.597+0000] {logging_mixin.py:188} INFO - [2024-02-12T21:08:40.597+0000] {dag.py:3036} INFO - Sync 1 DAGs
[2024-02-12T21:08:40.619+0000] {logging_mixin.py:188} INFO - [2024-02-12T21:08:40.619+0000] {dag.py:3823} INFO - Setting next_dagrun for example_nested_branch_dag to 2024-02-11 00:00:00+00:00, run_after=2024-02-12 00:00:00+00:00
[2024-02-12T21:08:40.642+0000] {processor.py:183} INFO - Processing /home/ubuntu/reddit_venv/lib/python3.10/site-packages/airflow/example_dags/example_nested_branch_dag.py took 0.080 seconds
[2024-02-12T21:09:33.834+0000] {processor.py:161} INFO - Started process (PID=6294) to work on /home/ubuntu/reddit_venv/lib/python3.10/site-packages/airflow/example_dags/example_nested_branch_dag.py
[2024-02-12T21:09:33.836+0000] {processor.py:830} INFO - Processing file /home/ubuntu/reddit_venv/lib/python3.10/site-packages/airflow/example_dags/example_nested_branch_dag.py for tasks to queue
[2024-02-12T21:09:33.837+0000] {logging_mixin.py:188} INFO - [2024-02-12T21:09:33.836+0000] {dagbag.py:538} INFO - Filling up the DagBag from /home/ubuntu/reddit_venv/lib/python3.10/site-packages/airflow/example_dags/example_nested_branch_dag.py
[2024-02-12T21:09:33.848+0000] {processor.py:840} INFO - DAG(s) 'example_nested_branch_dag' retrieved from /home/ubuntu/reddit_venv/lib/python3.10/site-packages/airflow/example_dags/example_nested_branch_dag.py
[2024-02-12T21:09:33.866+0000] {logging_mixin.py:188} INFO - [2024-02-12T21:09:33.866+0000] {dag.py:3036} INFO - Sync 1 DAGs
[2024-02-12T21:09:33.888+0000] {logging_mixin.py:188} INFO - [2024-02-12T21:09:33.888+0000] {dag.py:3823} INFO - Setting next_dagrun for example_nested_branch_dag to 2024-02-11 00:00:00+00:00, run_after=2024-02-12 00:00:00+00:00
[2024-02-12T21:09:33.910+0000] {processor.py:183} INFO - Processing /home/ubuntu/reddit_venv/lib/python3.10/site-packages/airflow/example_dags/example_nested_branch_dag.py took 0.079 seconds
[2024-02-12T21:10:22.228+0000] {processor.py:161} INFO - Started process (PID=6348) to work on /home/ubuntu/reddit_venv/lib/python3.10/site-packages/airflow/example_dags/example_nested_branch_dag.py
[2024-02-12T21:10:22.229+0000] {processor.py:830} INFO - Processing file /home/ubuntu/reddit_venv/lib/python3.10/site-packages/airflow/example_dags/example_nested_branch_dag.py for tasks to queue
[2024-02-12T21:10:22.230+0000] {logging_mixin.py:188} INFO - [2024-02-12T21:10:22.230+0000] {dagbag.py:538} INFO - Filling up the DagBag from /home/ubuntu/reddit_venv/lib/python3.10/site-packages/airflow/example_dags/example_nested_branch_dag.py
[2024-02-12T21:10:22.241+0000] {processor.py:840} INFO - DAG(s) 'example_nested_branch_dag' retrieved from /home/ubuntu/reddit_venv/lib/python3.10/site-packages/airflow/example_dags/example_nested_branch_dag.py
[2024-02-12T21:10:22.258+0000] {logging_mixin.py:188} INFO - [2024-02-12T21:10:22.258+0000] {dag.py:3036} INFO - Sync 1 DAGs
[2024-02-12T21:10:22.280+0000] {logging_mixin.py:188} INFO - [2024-02-12T21:10:22.279+0000] {dag.py:3823} INFO - Setting next_dagrun for example_nested_branch_dag to 2024-02-11 00:00:00+00:00, run_after=2024-02-12 00:00:00+00:00
[2024-02-12T21:10:22.301+0000] {processor.py:183} INFO - Processing /home/ubuntu/reddit_venv/lib/python3.10/site-packages/airflow/example_dags/example_nested_branch_dag.py took 0.077 seconds
[2024-02-12T21:11:15.937+0000] {processor.py:161} INFO - Started process (PID=6404) to work on /home/ubuntu/reddit_venv/lib/python3.10/site-packages/airflow/example_dags/example_nested_branch_dag.py
[2024-02-12T21:11:15.939+0000] {processor.py:830} INFO - Processing file /home/ubuntu/reddit_venv/lib/python3.10/site-packages/airflow/example_dags/example_nested_branch_dag.py for tasks to queue
[2024-02-12T21:11:15.940+0000] {logging_mixin.py:188} INFO - [2024-02-12T21:11:15.939+0000] {dagbag.py:538} INFO - Filling up the DagBag from /home/ubuntu/reddit_venv/lib/python3.10/site-packages/airflow/example_dags/example_nested_branch_dag.py
[2024-02-12T21:11:15.950+0000] {processor.py:840} INFO - DAG(s) 'example_nested_branch_dag' retrieved from /home/ubuntu/reddit_venv/lib/python3.10/site-packages/airflow/example_dags/example_nested_branch_dag.py
[2024-02-12T21:11:15.968+0000] {logging_mixin.py:188} INFO - [2024-02-12T21:11:15.967+0000] {dag.py:3036} INFO - Sync 1 DAGs
[2024-02-12T21:11:15.988+0000] {logging_mixin.py:188} INFO - [2024-02-12T21:11:15.988+0000] {dag.py:3823} INFO - Setting next_dagrun for example_nested_branch_dag to 2024-02-11 00:00:00+00:00, run_after=2024-02-12 00:00:00+00:00
[2024-02-12T21:11:16.012+0000] {processor.py:183} INFO - Processing /home/ubuntu/reddit_venv/lib/python3.10/site-packages/airflow/example_dags/example_nested_branch_dag.py took 0.078 seconds
[2024-02-12T21:12:11.410+0000] {processor.py:161} INFO - Started process (PID=6466) to work on /home/ubuntu/reddit_venv/lib/python3.10/site-packages/airflow/example_dags/example_nested_branch_dag.py
[2024-02-12T21:12:11.411+0000] {processor.py:830} INFO - Processing file /home/ubuntu/reddit_venv/lib/python3.10/site-packages/airflow/example_dags/example_nested_branch_dag.py for tasks to queue
[2024-02-12T21:12:11.412+0000] {logging_mixin.py:188} INFO - [2024-02-12T21:12:11.412+0000] {dagbag.py:538} INFO - Filling up the DagBag from /home/ubuntu/reddit_venv/lib/python3.10/site-packages/airflow/example_dags/example_nested_branch_dag.py
[2024-02-12T21:12:11.423+0000] {processor.py:840} INFO - DAG(s) 'example_nested_branch_dag' retrieved from /home/ubuntu/reddit_venv/lib/python3.10/site-packages/airflow/example_dags/example_nested_branch_dag.py
[2024-02-12T21:12:11.442+0000] {logging_mixin.py:188} INFO - [2024-02-12T21:12:11.441+0000] {dag.py:3036} INFO - Sync 1 DAGs
[2024-02-12T21:12:11.464+0000] {logging_mixin.py:188} INFO - [2024-02-12T21:12:11.464+0000] {dag.py:3823} INFO - Setting next_dagrun for example_nested_branch_dag to 2024-02-11 00:00:00+00:00, run_after=2024-02-12 00:00:00+00:00
[2024-02-12T21:12:11.487+0000] {processor.py:183} INFO - Processing /home/ubuntu/reddit_venv/lib/python3.10/site-packages/airflow/example_dags/example_nested_branch_dag.py took 0.081 seconds
[2024-02-12T21:12:58.772+0000] {processor.py:161} INFO - Started process (PID=6519) to work on /home/ubuntu/reddit_venv/lib/python3.10/site-packages/airflow/example_dags/example_nested_branch_dag.py
[2024-02-12T21:12:58.774+0000] {processor.py:830} INFO - Processing file /home/ubuntu/reddit_venv/lib/python3.10/site-packages/airflow/example_dags/example_nested_branch_dag.py for tasks to queue
[2024-02-12T21:12:58.775+0000] {logging_mixin.py:188} INFO - [2024-02-12T21:12:58.774+0000] {dagbag.py:538} INFO - Filling up the DagBag from /home/ubuntu/reddit_venv/lib/python3.10/site-packages/airflow/example_dags/example_nested_branch_dag.py
[2024-02-12T21:12:58.786+0000] {processor.py:840} INFO - DAG(s) 'example_nested_branch_dag' retrieved from /home/ubuntu/reddit_venv/lib/python3.10/site-packages/airflow/example_dags/example_nested_branch_dag.py
[2024-02-12T21:12:58.803+0000] {logging_mixin.py:188} INFO - [2024-02-12T21:12:58.803+0000] {dag.py:3036} INFO - Sync 1 DAGs
[2024-02-12T21:12:58.825+0000] {logging_mixin.py:188} INFO - [2024-02-12T21:12:58.825+0000] {dag.py:3823} INFO - Setting next_dagrun for example_nested_branch_dag to 2024-02-11 00:00:00+00:00, run_after=2024-02-12 00:00:00+00:00
[2024-02-12T21:12:58.872+0000] {processor.py:183} INFO - Processing /home/ubuntu/reddit_venv/lib/python3.10/site-packages/airflow/example_dags/example_nested_branch_dag.py took 0.103 seconds
[2024-02-12T21:13:53.761+0000] {processor.py:161} INFO - Started process (PID=6579) to work on /home/ubuntu/reddit_venv/lib/python3.10/site-packages/airflow/example_dags/example_nested_branch_dag.py
[2024-02-12T21:13:53.762+0000] {processor.py:830} INFO - Processing file /home/ubuntu/reddit_venv/lib/python3.10/site-packages/airflow/example_dags/example_nested_branch_dag.py for tasks to queue
[2024-02-12T21:13:53.763+0000] {logging_mixin.py:188} INFO - [2024-02-12T21:13:53.763+0000] {dagbag.py:538} INFO - Filling up the DagBag from /home/ubuntu/reddit_venv/lib/python3.10/site-packages/airflow/example_dags/example_nested_branch_dag.py
[2024-02-12T21:13:53.774+0000] {processor.py:840} INFO - DAG(s) 'example_nested_branch_dag' retrieved from /home/ubuntu/reddit_venv/lib/python3.10/site-packages/airflow/example_dags/example_nested_branch_dag.py
[2024-02-12T21:13:53.792+0000] {logging_mixin.py:188} INFO - [2024-02-12T21:13:53.792+0000] {dag.py:3036} INFO - Sync 1 DAGs
[2024-02-12T21:13:53.813+0000] {logging_mixin.py:188} INFO - [2024-02-12T21:13:53.812+0000] {dag.py:3823} INFO - Setting next_dagrun for example_nested_branch_dag to 2024-02-11 00:00:00+00:00, run_after=2024-02-12 00:00:00+00:00
[2024-02-12T21:13:53.834+0000] {processor.py:183} INFO - Processing /home/ubuntu/reddit_venv/lib/python3.10/site-packages/airflow/example_dags/example_nested_branch_dag.py took 0.076 seconds
[2024-02-12T21:14:40.425+0000] {processor.py:161} INFO - Started process (PID=6631) to work on /home/ubuntu/reddit_venv/lib/python3.10/site-packages/airflow/example_dags/example_nested_branch_dag.py
[2024-02-12T21:14:40.426+0000] {processor.py:830} INFO - Processing file /home/ubuntu/reddit_venv/lib/python3.10/site-packages/airflow/example_dags/example_nested_branch_dag.py for tasks to queue
[2024-02-12T21:14:40.427+0000] {logging_mixin.py:188} INFO - [2024-02-12T21:14:40.427+0000] {dagbag.py:538} INFO - Filling up the DagBag from /home/ubuntu/reddit_venv/lib/python3.10/site-packages/airflow/example_dags/example_nested_branch_dag.py
[2024-02-12T21:14:40.438+0000] {processor.py:840} INFO - DAG(s) 'example_nested_branch_dag' retrieved from /home/ubuntu/reddit_venv/lib/python3.10/site-packages/airflow/example_dags/example_nested_branch_dag.py
[2024-02-12T21:14:40.455+0000] {logging_mixin.py:188} INFO - [2024-02-12T21:14:40.455+0000] {dag.py:3036} INFO - Sync 1 DAGs
[2024-02-12T21:14:40.477+0000] {logging_mixin.py:188} INFO - [2024-02-12T21:14:40.477+0000] {dag.py:3823} INFO - Setting next_dagrun for example_nested_branch_dag to 2024-02-11 00:00:00+00:00, run_after=2024-02-12 00:00:00+00:00
[2024-02-12T21:14:40.499+0000] {processor.py:183} INFO - Processing /home/ubuntu/reddit_venv/lib/python3.10/site-packages/airflow/example_dags/example_nested_branch_dag.py took 0.077 seconds
[2024-02-12T21:15:26.428+0000] {processor.py:161} INFO - Started process (PID=6682) to work on /home/ubuntu/reddit_venv/lib/python3.10/site-packages/airflow/example_dags/example_nested_branch_dag.py
[2024-02-12T21:15:26.430+0000] {processor.py:830} INFO - Processing file /home/ubuntu/reddit_venv/lib/python3.10/site-packages/airflow/example_dags/example_nested_branch_dag.py for tasks to queue
[2024-02-12T21:15:26.431+0000] {logging_mixin.py:188} INFO - [2024-02-12T21:15:26.430+0000] {dagbag.py:538} INFO - Filling up the DagBag from /home/ubuntu/reddit_venv/lib/python3.10/site-packages/airflow/example_dags/example_nested_branch_dag.py
[2024-02-12T21:15:26.442+0000] {processor.py:840} INFO - DAG(s) 'example_nested_branch_dag' retrieved from /home/ubuntu/reddit_venv/lib/python3.10/site-packages/airflow/example_dags/example_nested_branch_dag.py
[2024-02-12T21:15:26.460+0000] {logging_mixin.py:188} INFO - [2024-02-12T21:15:26.460+0000] {dag.py:3036} INFO - Sync 1 DAGs
[2024-02-12T21:15:26.481+0000] {logging_mixin.py:188} INFO - [2024-02-12T21:15:26.481+0000] {dag.py:3823} INFO - Setting next_dagrun for example_nested_branch_dag to 2024-02-11 00:00:00+00:00, run_after=2024-02-12 00:00:00+00:00
[2024-02-12T21:15:26.513+0000] {processor.py:183} INFO - Processing /home/ubuntu/reddit_venv/lib/python3.10/site-packages/airflow/example_dags/example_nested_branch_dag.py took 0.088 seconds
[2024-02-12T21:16:18.464+0000] {processor.py:161} INFO - Started process (PID=6739) to work on /home/ubuntu/reddit_venv/lib/python3.10/site-packages/airflow/example_dags/example_nested_branch_dag.py
[2024-02-12T21:16:18.465+0000] {processor.py:830} INFO - Processing file /home/ubuntu/reddit_venv/lib/python3.10/site-packages/airflow/example_dags/example_nested_branch_dag.py for tasks to queue
[2024-02-12T21:16:18.466+0000] {logging_mixin.py:188} INFO - [2024-02-12T21:16:18.466+0000] {dagbag.py:538} INFO - Filling up the DagBag from /home/ubuntu/reddit_venv/lib/python3.10/site-packages/airflow/example_dags/example_nested_branch_dag.py
[2024-02-12T21:16:18.477+0000] {processor.py:840} INFO - DAG(s) 'example_nested_branch_dag' retrieved from /home/ubuntu/reddit_venv/lib/python3.10/site-packages/airflow/example_dags/example_nested_branch_dag.py
[2024-02-12T21:16:18.494+0000] {logging_mixin.py:188} INFO - [2024-02-12T21:16:18.494+0000] {dag.py:3036} INFO - Sync 1 DAGs
[2024-02-12T21:16:18.515+0000] {logging_mixin.py:188} INFO - [2024-02-12T21:16:18.515+0000] {dag.py:3823} INFO - Setting next_dagrun for example_nested_branch_dag to 2024-02-11 00:00:00+00:00, run_after=2024-02-12 00:00:00+00:00
[2024-02-12T21:16:18.568+0000] {processor.py:183} INFO - Processing /home/ubuntu/reddit_venv/lib/python3.10/site-packages/airflow/example_dags/example_nested_branch_dag.py took 0.108 seconds
[2024-02-12T21:17:09.499+0000] {processor.py:161} INFO - Started process (PID=6799) to work on /home/ubuntu/reddit_venv/lib/python3.10/site-packages/airflow/example_dags/example_nested_branch_dag.py
[2024-02-12T21:17:09.500+0000] {processor.py:830} INFO - Processing file /home/ubuntu/reddit_venv/lib/python3.10/site-packages/airflow/example_dags/example_nested_branch_dag.py for tasks to queue
[2024-02-12T21:17:09.501+0000] {logging_mixin.py:188} INFO - [2024-02-12T21:17:09.501+0000] {dagbag.py:538} INFO - Filling up the DagBag from /home/ubuntu/reddit_venv/lib/python3.10/site-packages/airflow/example_dags/example_nested_branch_dag.py
[2024-02-12T21:17:09.512+0000] {processor.py:840} INFO - DAG(s) 'example_nested_branch_dag' retrieved from /home/ubuntu/reddit_venv/lib/python3.10/site-packages/airflow/example_dags/example_nested_branch_dag.py
[2024-02-12T21:17:09.530+0000] {logging_mixin.py:188} INFO - [2024-02-12T21:17:09.530+0000] {dag.py:3036} INFO - Sync 1 DAGs
[2024-02-12T21:17:09.551+0000] {logging_mixin.py:188} INFO - [2024-02-12T21:17:09.551+0000] {dag.py:3823} INFO - Setting next_dagrun for example_nested_branch_dag to 2024-02-11 00:00:00+00:00, run_after=2024-02-12 00:00:00+00:00
[2024-02-12T21:17:09.574+0000] {processor.py:183} INFO - Processing /home/ubuntu/reddit_venv/lib/python3.10/site-packages/airflow/example_dags/example_nested_branch_dag.py took 0.078 seconds
[2024-02-12T21:18:02.817+0000] {processor.py:161} INFO - Started process (PID=6857) to work on /home/ubuntu/reddit_venv/lib/python3.10/site-packages/airflow/example_dags/example_nested_branch_dag.py
[2024-02-12T21:18:02.819+0000] {processor.py:830} INFO - Processing file /home/ubuntu/reddit_venv/lib/python3.10/site-packages/airflow/example_dags/example_nested_branch_dag.py for tasks to queue
[2024-02-12T21:18:02.820+0000] {logging_mixin.py:188} INFO - [2024-02-12T21:18:02.819+0000] {dagbag.py:538} INFO - Filling up the DagBag from /home/ubuntu/reddit_venv/lib/python3.10/site-packages/airflow/example_dags/example_nested_branch_dag.py
[2024-02-12T21:18:02.831+0000] {processor.py:840} INFO - DAG(s) 'example_nested_branch_dag' retrieved from /home/ubuntu/reddit_venv/lib/python3.10/site-packages/airflow/example_dags/example_nested_branch_dag.py
[2024-02-12T21:18:02.849+0000] {logging_mixin.py:188} INFO - [2024-02-12T21:18:02.849+0000] {dag.py:3036} INFO - Sync 1 DAGs
[2024-02-12T21:18:02.870+0000] {logging_mixin.py:188} INFO - [2024-02-12T21:18:02.870+0000] {dag.py:3823} INFO - Setting next_dagrun for example_nested_branch_dag to 2024-02-11 00:00:00+00:00, run_after=2024-02-12 00:00:00+00:00
[2024-02-12T21:18:02.892+0000] {processor.py:183} INFO - Processing /home/ubuntu/reddit_venv/lib/python3.10/site-packages/airflow/example_dags/example_nested_branch_dag.py took 0.078 seconds
[2024-02-12T21:19:00.674+0000] {processor.py:161} INFO - Started process (PID=6917) to work on /home/ubuntu/reddit_venv/lib/python3.10/site-packages/airflow/example_dags/example_nested_branch_dag.py
[2024-02-12T21:19:00.675+0000] {processor.py:830} INFO - Processing file /home/ubuntu/reddit_venv/lib/python3.10/site-packages/airflow/example_dags/example_nested_branch_dag.py for tasks to queue
[2024-02-12T21:19:00.676+0000] {logging_mixin.py:188} INFO - [2024-02-12T21:19:00.676+0000] {dagbag.py:538} INFO - Filling up the DagBag from /home/ubuntu/reddit_venv/lib/python3.10/site-packages/airflow/example_dags/example_nested_branch_dag.py
[2024-02-12T21:19:00.687+0000] {processor.py:840} INFO - DAG(s) 'example_nested_branch_dag' retrieved from /home/ubuntu/reddit_venv/lib/python3.10/site-packages/airflow/example_dags/example_nested_branch_dag.py
[2024-02-12T21:19:00.705+0000] {logging_mixin.py:188} INFO - [2024-02-12T21:19:00.705+0000] {dag.py:3036} INFO - Sync 1 DAGs
[2024-02-12T21:19:00.728+0000] {logging_mixin.py:188} INFO - [2024-02-12T21:19:00.727+0000] {dag.py:3823} INFO - Setting next_dagrun for example_nested_branch_dag to 2024-02-11 00:00:00+00:00, run_after=2024-02-12 00:00:00+00:00
[2024-02-12T21:19:00.751+0000] {processor.py:183} INFO - Processing /home/ubuntu/reddit_venv/lib/python3.10/site-packages/airflow/example_dags/example_nested_branch_dag.py took 0.081 seconds
[2024-02-12T21:19:53.530+0000] {processor.py:161} INFO - Started process (PID=6974) to work on /home/ubuntu/reddit_venv/lib/python3.10/site-packages/airflow/example_dags/example_nested_branch_dag.py
[2024-02-12T21:19:53.532+0000] {processor.py:830} INFO - Processing file /home/ubuntu/reddit_venv/lib/python3.10/site-packages/airflow/example_dags/example_nested_branch_dag.py for tasks to queue
[2024-02-12T21:19:53.533+0000] {logging_mixin.py:188} INFO - [2024-02-12T21:19:53.533+0000] {dagbag.py:538} INFO - Filling up the DagBag from /home/ubuntu/reddit_venv/lib/python3.10/site-packages/airflow/example_dags/example_nested_branch_dag.py
[2024-02-12T21:19:53.545+0000] {processor.py:840} INFO - DAG(s) 'example_nested_branch_dag' retrieved from /home/ubuntu/reddit_venv/lib/python3.10/site-packages/airflow/example_dags/example_nested_branch_dag.py
[2024-02-12T21:19:53.562+0000] {logging_mixin.py:188} INFO - [2024-02-12T21:19:53.562+0000] {dag.py:3036} INFO - Sync 1 DAGs
[2024-02-12T21:19:53.585+0000] {logging_mixin.py:188} INFO - [2024-02-12T21:19:53.585+0000] {dag.py:3823} INFO - Setting next_dagrun for example_nested_branch_dag to 2024-02-11 00:00:00+00:00, run_after=2024-02-12 00:00:00+00:00
[2024-02-12T21:19:53.607+0000] {processor.py:183} INFO - Processing /home/ubuntu/reddit_venv/lib/python3.10/site-packages/airflow/example_dags/example_nested_branch_dag.py took 0.080 seconds
[2024-02-12T21:20:45.309+0000] {processor.py:161} INFO - Started process (PID=7031) to work on /home/ubuntu/reddit_venv/lib/python3.10/site-packages/airflow/example_dags/example_nested_branch_dag.py
[2024-02-12T21:20:45.310+0000] {processor.py:830} INFO - Processing file /home/ubuntu/reddit_venv/lib/python3.10/site-packages/airflow/example_dags/example_nested_branch_dag.py for tasks to queue
[2024-02-12T21:20:45.311+0000] {logging_mixin.py:188} INFO - [2024-02-12T21:20:45.311+0000] {dagbag.py:538} INFO - Filling up the DagBag from /home/ubuntu/reddit_venv/lib/python3.10/site-packages/airflow/example_dags/example_nested_branch_dag.py
[2024-02-12T21:20:45.323+0000] {processor.py:840} INFO - DAG(s) 'example_nested_branch_dag' retrieved from /home/ubuntu/reddit_venv/lib/python3.10/site-packages/airflow/example_dags/example_nested_branch_dag.py
[2024-02-12T21:20:45.341+0000] {logging_mixin.py:188} INFO - [2024-02-12T21:20:45.340+0000] {dag.py:3036} INFO - Sync 1 DAGs
[2024-02-12T21:20:45.361+0000] {logging_mixin.py:188} INFO - [2024-02-12T21:20:45.361+0000] {dag.py:3823} INFO - Setting next_dagrun for example_nested_branch_dag to 2024-02-11 00:00:00+00:00, run_after=2024-02-12 00:00:00+00:00
[2024-02-12T21:20:45.383+0000] {processor.py:183} INFO - Processing /home/ubuntu/reddit_venv/lib/python3.10/site-packages/airflow/example_dags/example_nested_branch_dag.py took 0.077 seconds
[2024-02-12T21:21:38.596+0000] {processor.py:161} INFO - Started process (PID=7088) to work on /home/ubuntu/reddit_venv/lib/python3.10/site-packages/airflow/example_dags/example_nested_branch_dag.py
[2024-02-12T21:21:38.598+0000] {processor.py:830} INFO - Processing file /home/ubuntu/reddit_venv/lib/python3.10/site-packages/airflow/example_dags/example_nested_branch_dag.py for tasks to queue
[2024-02-12T21:21:38.599+0000] {logging_mixin.py:188} INFO - [2024-02-12T21:21:38.598+0000] {dagbag.py:538} INFO - Filling up the DagBag from /home/ubuntu/reddit_venv/lib/python3.10/site-packages/airflow/example_dags/example_nested_branch_dag.py
[2024-02-12T21:21:38.609+0000] {processor.py:840} INFO - DAG(s) 'example_nested_branch_dag' retrieved from /home/ubuntu/reddit_venv/lib/python3.10/site-packages/airflow/example_dags/example_nested_branch_dag.py
[2024-02-12T21:21:38.627+0000] {logging_mixin.py:188} INFO - [2024-02-12T21:21:38.626+0000] {dag.py:3036} INFO - Sync 1 DAGs
[2024-02-12T21:21:38.647+0000] {logging_mixin.py:188} INFO - [2024-02-12T21:21:38.647+0000] {dag.py:3823} INFO - Setting next_dagrun for example_nested_branch_dag to 2024-02-11 00:00:00+00:00, run_after=2024-02-12 00:00:00+00:00
[2024-02-12T21:21:38.669+0000] {processor.py:183} INFO - Processing /home/ubuntu/reddit_venv/lib/python3.10/site-packages/airflow/example_dags/example_nested_branch_dag.py took 0.077 seconds
[2024-02-12T21:22:32.843+0000] {processor.py:161} INFO - Started process (PID=7147) to work on /home/ubuntu/reddit_venv/lib/python3.10/site-packages/airflow/example_dags/example_nested_branch_dag.py
[2024-02-12T21:22:32.845+0000] {processor.py:830} INFO - Processing file /home/ubuntu/reddit_venv/lib/python3.10/site-packages/airflow/example_dags/example_nested_branch_dag.py for tasks to queue
[2024-02-12T21:22:32.846+0000] {logging_mixin.py:188} INFO - [2024-02-12T21:22:32.845+0000] {dagbag.py:538} INFO - Filling up the DagBag from /home/ubuntu/reddit_venv/lib/python3.10/site-packages/airflow/example_dags/example_nested_branch_dag.py
[2024-02-12T21:22:32.857+0000] {processor.py:840} INFO - DAG(s) 'example_nested_branch_dag' retrieved from /home/ubuntu/reddit_venv/lib/python3.10/site-packages/airflow/example_dags/example_nested_branch_dag.py
[2024-02-12T21:22:32.874+0000] {logging_mixin.py:188} INFO - [2024-02-12T21:22:32.874+0000] {dag.py:3036} INFO - Sync 1 DAGs
[2024-02-12T21:22:32.896+0000] {logging_mixin.py:188} INFO - [2024-02-12T21:22:32.895+0000] {dag.py:3823} INFO - Setting next_dagrun for example_nested_branch_dag to 2024-02-11 00:00:00+00:00, run_after=2024-02-12 00:00:00+00:00
[2024-02-12T21:22:32.918+0000] {processor.py:183} INFO - Processing /home/ubuntu/reddit_venv/lib/python3.10/site-packages/airflow/example_dags/example_nested_branch_dag.py took 0.079 seconds
[2024-02-12T21:23:24.586+0000] {processor.py:161} INFO - Started process (PID=7204) to work on /home/ubuntu/reddit_venv/lib/python3.10/site-packages/airflow/example_dags/example_nested_branch_dag.py
[2024-02-12T21:23:24.587+0000] {processor.py:830} INFO - Processing file /home/ubuntu/reddit_venv/lib/python3.10/site-packages/airflow/example_dags/example_nested_branch_dag.py for tasks to queue
[2024-02-12T21:23:24.588+0000] {logging_mixin.py:188} INFO - [2024-02-12T21:23:24.588+0000] {dagbag.py:538} INFO - Filling up the DagBag from /home/ubuntu/reddit_venv/lib/python3.10/site-packages/airflow/example_dags/example_nested_branch_dag.py
[2024-02-12T21:23:24.599+0000] {processor.py:840} INFO - DAG(s) 'example_nested_branch_dag' retrieved from /home/ubuntu/reddit_venv/lib/python3.10/site-packages/airflow/example_dags/example_nested_branch_dag.py
[2024-02-12T21:23:24.617+0000] {logging_mixin.py:188} INFO - [2024-02-12T21:23:24.616+0000] {dag.py:3036} INFO - Sync 1 DAGs
[2024-02-12T21:23:24.637+0000] {logging_mixin.py:188} INFO - [2024-02-12T21:23:24.637+0000] {dag.py:3823} INFO - Setting next_dagrun for example_nested_branch_dag to 2024-02-11 00:00:00+00:00, run_after=2024-02-12 00:00:00+00:00
[2024-02-12T21:23:24.660+0000] {processor.py:183} INFO - Processing /home/ubuntu/reddit_venv/lib/python3.10/site-packages/airflow/example_dags/example_nested_branch_dag.py took 0.077 seconds
[2024-02-12T21:24:18.100+0000] {processor.py:161} INFO - Started process (PID=7260) to work on /home/ubuntu/reddit_venv/lib/python3.10/site-packages/airflow/example_dags/example_nested_branch_dag.py
[2024-02-12T21:24:18.102+0000] {processor.py:830} INFO - Processing file /home/ubuntu/reddit_venv/lib/python3.10/site-packages/airflow/example_dags/example_nested_branch_dag.py for tasks to queue
[2024-02-12T21:24:18.103+0000] {logging_mixin.py:188} INFO - [2024-02-12T21:24:18.102+0000] {dagbag.py:538} INFO - Filling up the DagBag from /home/ubuntu/reddit_venv/lib/python3.10/site-packages/airflow/example_dags/example_nested_branch_dag.py
[2024-02-12T21:24:18.113+0000] {processor.py:840} INFO - DAG(s) 'example_nested_branch_dag' retrieved from /home/ubuntu/reddit_venv/lib/python3.10/site-packages/airflow/example_dags/example_nested_branch_dag.py
[2024-02-12T21:24:18.131+0000] {logging_mixin.py:188} INFO - [2024-02-12T21:24:18.131+0000] {dag.py:3036} INFO - Sync 1 DAGs
[2024-02-12T21:24:18.152+0000] {logging_mixin.py:188} INFO - [2024-02-12T21:24:18.151+0000] {dag.py:3823} INFO - Setting next_dagrun for example_nested_branch_dag to 2024-02-11 00:00:00+00:00, run_after=2024-02-12 00:00:00+00:00
[2024-02-12T21:24:18.173+0000] {processor.py:183} INFO - Processing /home/ubuntu/reddit_venv/lib/python3.10/site-packages/airflow/example_dags/example_nested_branch_dag.py took 0.076 seconds
[2024-02-12T21:25:10.059+0000] {processor.py:161} INFO - Started process (PID=7317) to work on /home/ubuntu/reddit_venv/lib/python3.10/site-packages/airflow/example_dags/example_nested_branch_dag.py
[2024-02-12T21:25:10.060+0000] {processor.py:830} INFO - Processing file /home/ubuntu/reddit_venv/lib/python3.10/site-packages/airflow/example_dags/example_nested_branch_dag.py for tasks to queue
[2024-02-12T21:25:10.061+0000] {logging_mixin.py:188} INFO - [2024-02-12T21:25:10.061+0000] {dagbag.py:538} INFO - Filling up the DagBag from /home/ubuntu/reddit_venv/lib/python3.10/site-packages/airflow/example_dags/example_nested_branch_dag.py
[2024-02-12T21:25:10.072+0000] {processor.py:840} INFO - DAG(s) 'example_nested_branch_dag' retrieved from /home/ubuntu/reddit_venv/lib/python3.10/site-packages/airflow/example_dags/example_nested_branch_dag.py
[2024-02-12T21:25:10.090+0000] {logging_mixin.py:188} INFO - [2024-02-12T21:25:10.090+0000] {dag.py:3036} INFO - Sync 1 DAGs
[2024-02-12T21:25:10.112+0000] {logging_mixin.py:188} INFO - [2024-02-12T21:25:10.111+0000] {dag.py:3823} INFO - Setting next_dagrun for example_nested_branch_dag to 2024-02-11 00:00:00+00:00, run_after=2024-02-12 00:00:00+00:00
[2024-02-12T21:25:10.135+0000] {processor.py:183} INFO - Processing /home/ubuntu/reddit_venv/lib/python3.10/site-packages/airflow/example_dags/example_nested_branch_dag.py took 0.079 seconds
[2024-02-12T21:25:58.905+0000] {processor.py:161} INFO - Started process (PID=7372) to work on /home/ubuntu/reddit_venv/lib/python3.10/site-packages/airflow/example_dags/example_nested_branch_dag.py
[2024-02-12T21:25:58.906+0000] {processor.py:830} INFO - Processing file /home/ubuntu/reddit_venv/lib/python3.10/site-packages/airflow/example_dags/example_nested_branch_dag.py for tasks to queue
[2024-02-12T21:25:58.907+0000] {logging_mixin.py:188} INFO - [2024-02-12T21:25:58.907+0000] {dagbag.py:538} INFO - Filling up the DagBag from /home/ubuntu/reddit_venv/lib/python3.10/site-packages/airflow/example_dags/example_nested_branch_dag.py
[2024-02-12T21:25:58.918+0000] {processor.py:840} INFO - DAG(s) 'example_nested_branch_dag' retrieved from /home/ubuntu/reddit_venv/lib/python3.10/site-packages/airflow/example_dags/example_nested_branch_dag.py
[2024-02-12T21:25:58.936+0000] {logging_mixin.py:188} INFO - [2024-02-12T21:25:58.936+0000] {dag.py:3036} INFO - Sync 1 DAGs
[2024-02-12T21:25:58.957+0000] {logging_mixin.py:188} INFO - [2024-02-12T21:25:58.957+0000] {dag.py:3823} INFO - Setting next_dagrun for example_nested_branch_dag to 2024-02-11 00:00:00+00:00, run_after=2024-02-12 00:00:00+00:00
[2024-02-12T21:25:58.979+0000] {processor.py:183} INFO - Processing /home/ubuntu/reddit_venv/lib/python3.10/site-packages/airflow/example_dags/example_nested_branch_dag.py took 0.077 seconds
[2024-02-12T21:26:45.690+0000] {processor.py:161} INFO - Started process (PID=7423) to work on /home/ubuntu/reddit_venv/lib/python3.10/site-packages/airflow/example_dags/example_nested_branch_dag.py
[2024-02-12T21:26:45.691+0000] {processor.py:830} INFO - Processing file /home/ubuntu/reddit_venv/lib/python3.10/site-packages/airflow/example_dags/example_nested_branch_dag.py for tasks to queue
[2024-02-12T21:26:45.692+0000] {logging_mixin.py:188} INFO - [2024-02-12T21:26:45.692+0000] {dagbag.py:538} INFO - Filling up the DagBag from /home/ubuntu/reddit_venv/lib/python3.10/site-packages/airflow/example_dags/example_nested_branch_dag.py
[2024-02-12T21:26:45.703+0000] {processor.py:840} INFO - DAG(s) 'example_nested_branch_dag' retrieved from /home/ubuntu/reddit_venv/lib/python3.10/site-packages/airflow/example_dags/example_nested_branch_dag.py
[2024-02-12T21:26:45.721+0000] {logging_mixin.py:188} INFO - [2024-02-12T21:26:45.721+0000] {dag.py:3036} INFO - Sync 1 DAGs
[2024-02-12T21:26:45.742+0000] {logging_mixin.py:188} INFO - [2024-02-12T21:26:45.742+0000] {dag.py:3823} INFO - Setting next_dagrun for example_nested_branch_dag to 2024-02-11 00:00:00+00:00, run_after=2024-02-12 00:00:00+00:00
[2024-02-12T21:26:45.766+0000] {processor.py:183} INFO - Processing /home/ubuntu/reddit_venv/lib/python3.10/site-packages/airflow/example_dags/example_nested_branch_dag.py took 0.079 seconds
[2024-02-12T21:27:41.522+0000] {processor.py:161} INFO - Started process (PID=7485) to work on /home/ubuntu/reddit_venv/lib/python3.10/site-packages/airflow/example_dags/example_nested_branch_dag.py
[2024-02-12T21:27:41.524+0000] {processor.py:830} INFO - Processing file /home/ubuntu/reddit_venv/lib/python3.10/site-packages/airflow/example_dags/example_nested_branch_dag.py for tasks to queue
[2024-02-12T21:27:41.525+0000] {logging_mixin.py:188} INFO - [2024-02-12T21:27:41.524+0000] {dagbag.py:538} INFO - Filling up the DagBag from /home/ubuntu/reddit_venv/lib/python3.10/site-packages/airflow/example_dags/example_nested_branch_dag.py
[2024-02-12T21:27:41.536+0000] {processor.py:840} INFO - DAG(s) 'example_nested_branch_dag' retrieved from /home/ubuntu/reddit_venv/lib/python3.10/site-packages/airflow/example_dags/example_nested_branch_dag.py
[2024-02-12T21:27:41.553+0000] {logging_mixin.py:188} INFO - [2024-02-12T21:27:41.553+0000] {dag.py:3036} INFO - Sync 1 DAGs
[2024-02-12T21:27:41.574+0000] {logging_mixin.py:188} INFO - [2024-02-12T21:27:41.573+0000] {dag.py:3823} INFO - Setting next_dagrun for example_nested_branch_dag to 2024-02-11 00:00:00+00:00, run_after=2024-02-12 00:00:00+00:00
[2024-02-12T21:27:41.595+0000] {processor.py:183} INFO - Processing /home/ubuntu/reddit_venv/lib/python3.10/site-packages/airflow/example_dags/example_nested_branch_dag.py took 0.076 seconds
[2024-02-12T21:28:27.532+0000] {processor.py:161} INFO - Started process (PID=7536) to work on /home/ubuntu/reddit_venv/lib/python3.10/site-packages/airflow/example_dags/example_nested_branch_dag.py
[2024-02-12T21:28:27.533+0000] {processor.py:830} INFO - Processing file /home/ubuntu/reddit_venv/lib/python3.10/site-packages/airflow/example_dags/example_nested_branch_dag.py for tasks to queue
[2024-02-12T21:28:27.534+0000] {logging_mixin.py:188} INFO - [2024-02-12T21:28:27.534+0000] {dagbag.py:538} INFO - Filling up the DagBag from /home/ubuntu/reddit_venv/lib/python3.10/site-packages/airflow/example_dags/example_nested_branch_dag.py
[2024-02-12T21:28:27.545+0000] {processor.py:840} INFO - DAG(s) 'example_nested_branch_dag' retrieved from /home/ubuntu/reddit_venv/lib/python3.10/site-packages/airflow/example_dags/example_nested_branch_dag.py
[2024-02-12T21:28:27.563+0000] {logging_mixin.py:188} INFO - [2024-02-12T21:28:27.562+0000] {dag.py:3036} INFO - Sync 1 DAGs
[2024-02-12T21:28:27.584+0000] {logging_mixin.py:188} INFO - [2024-02-12T21:28:27.584+0000] {dag.py:3823} INFO - Setting next_dagrun for example_nested_branch_dag to 2024-02-11 00:00:00+00:00, run_after=2024-02-12 00:00:00+00:00
[2024-02-12T21:28:27.606+0000] {processor.py:183} INFO - Processing /home/ubuntu/reddit_venv/lib/python3.10/site-packages/airflow/example_dags/example_nested_branch_dag.py took 0.078 seconds
[2024-02-12T21:29:20.605+0000] {processor.py:161} INFO - Started process (PID=7593) to work on /home/ubuntu/reddit_venv/lib/python3.10/site-packages/airflow/example_dags/example_nested_branch_dag.py
[2024-02-12T21:29:20.607+0000] {processor.py:830} INFO - Processing file /home/ubuntu/reddit_venv/lib/python3.10/site-packages/airflow/example_dags/example_nested_branch_dag.py for tasks to queue
[2024-02-12T21:29:20.608+0000] {logging_mixin.py:188} INFO - [2024-02-12T21:29:20.607+0000] {dagbag.py:538} INFO - Filling up the DagBag from /home/ubuntu/reddit_venv/lib/python3.10/site-packages/airflow/example_dags/example_nested_branch_dag.py
[2024-02-12T21:29:20.619+0000] {processor.py:840} INFO - DAG(s) 'example_nested_branch_dag' retrieved from /home/ubuntu/reddit_venv/lib/python3.10/site-packages/airflow/example_dags/example_nested_branch_dag.py
[2024-02-12T21:29:20.636+0000] {logging_mixin.py:188} INFO - [2024-02-12T21:29:20.636+0000] {dag.py:3036} INFO - Sync 1 DAGs
[2024-02-12T21:29:20.657+0000] {logging_mixin.py:188} INFO - [2024-02-12T21:29:20.657+0000] {dag.py:3823} INFO - Setting next_dagrun for example_nested_branch_dag to 2024-02-11 00:00:00+00:00, run_after=2024-02-12 00:00:00+00:00
[2024-02-12T21:29:20.702+0000] {processor.py:183} INFO - Processing /home/ubuntu/reddit_venv/lib/python3.10/site-packages/airflow/example_dags/example_nested_branch_dag.py took 0.100 seconds
[2024-02-12T21:30:13.321+0000] {processor.py:161} INFO - Started process (PID=7650) to work on /home/ubuntu/reddit_venv/lib/python3.10/site-packages/airflow/example_dags/example_nested_branch_dag.py
[2024-02-12T21:30:13.323+0000] {processor.py:830} INFO - Processing file /home/ubuntu/reddit_venv/lib/python3.10/site-packages/airflow/example_dags/example_nested_branch_dag.py for tasks to queue
[2024-02-12T21:30:13.323+0000] {logging_mixin.py:188} INFO - [2024-02-12T21:30:13.323+0000] {dagbag.py:538} INFO - Filling up the DagBag from /home/ubuntu/reddit_venv/lib/python3.10/site-packages/airflow/example_dags/example_nested_branch_dag.py
[2024-02-12T21:30:13.334+0000] {processor.py:840} INFO - DAG(s) 'example_nested_branch_dag' retrieved from /home/ubuntu/reddit_venv/lib/python3.10/site-packages/airflow/example_dags/example_nested_branch_dag.py
[2024-02-12T21:30:13.352+0000] {logging_mixin.py:188} INFO - [2024-02-12T21:30:13.351+0000] {dag.py:3036} INFO - Sync 1 DAGs
[2024-02-12T21:30:13.373+0000] {logging_mixin.py:188} INFO - [2024-02-12T21:30:13.373+0000] {dag.py:3823} INFO - Setting next_dagrun for example_nested_branch_dag to 2024-02-11 00:00:00+00:00, run_after=2024-02-12 00:00:00+00:00
[2024-02-12T21:30:13.394+0000] {processor.py:183} INFO - Processing /home/ubuntu/reddit_venv/lib/python3.10/site-packages/airflow/example_dags/example_nested_branch_dag.py took 0.077 seconds
