[2024-02-12T20:39:02.299+0000] {processor.py:161} INFO - Started process (PID=3728) to work on /home/ubuntu/reddit_venv/lib/python3.10/site-packages/airflow/example_dags/example_kubernetes_executor.py
[2024-02-12T20:39:02.300+0000] {processor.py:830} INFO - Processing file /home/ubuntu/reddit_venv/lib/python3.10/site-packages/airflow/example_dags/example_kubernetes_executor.py for tasks to queue
[2024-02-12T20:39:02.301+0000] {logging_mixin.py:188} INFO - [2024-02-12T20:39:02.301+0000] {dagbag.py:538} INFO - Filling up the DagBag from /home/ubuntu/reddit_venv/lib/python3.10/site-packages/airflow/example_dags/example_kubernetes_executor.py
[2024-02-12T20:39:02.304+0000] {logging_mixin.py:188} INFO - [2024-02-12T20:39:02.304+0000] {example_kubernetes_executor.py:38} WARNING - The example_kubernetes_executor example DAG requires the kubernetes provider. Please install it with: pip install apache-airflow[cncf.kubernetes]
[2024-02-12T20:39:02.305+0000] {processor.py:842} WARNING - No viable dags retrieved from /home/ubuntu/reddit_venv/lib/python3.10/site-packages/airflow/example_dags/example_kubernetes_executor.py
[2024-02-12T20:39:02.315+0000] {processor.py:183} INFO - Processing /home/ubuntu/reddit_venv/lib/python3.10/site-packages/airflow/example_dags/example_kubernetes_executor.py took 0.019 seconds
[2024-02-12T20:39:51.728+0000] {processor.py:161} INFO - Started process (PID=3779) to work on /home/ubuntu/reddit_venv/lib/python3.10/site-packages/airflow/example_dags/example_kubernetes_executor.py
[2024-02-12T20:39:51.730+0000] {processor.py:830} INFO - Processing file /home/ubuntu/reddit_venv/lib/python3.10/site-packages/airflow/example_dags/example_kubernetes_executor.py for tasks to queue
[2024-02-12T20:39:51.731+0000] {logging_mixin.py:188} INFO - [2024-02-12T20:39:51.730+0000] {dagbag.py:538} INFO - Filling up the DagBag from /home/ubuntu/reddit_venv/lib/python3.10/site-packages/airflow/example_dags/example_kubernetes_executor.py
[2024-02-12T20:39:51.734+0000] {logging_mixin.py:188} INFO - [2024-02-12T20:39:51.734+0000] {example_kubernetes_executor.py:38} WARNING - The example_kubernetes_executor example DAG requires the kubernetes provider. Please install it with: pip install apache-airflow[cncf.kubernetes]
[2024-02-12T20:39:51.734+0000] {processor.py:842} WARNING - No viable dags retrieved from /home/ubuntu/reddit_venv/lib/python3.10/site-packages/airflow/example_dags/example_kubernetes_executor.py
[2024-02-12T20:39:51.744+0000] {processor.py:183} INFO - Processing /home/ubuntu/reddit_venv/lib/python3.10/site-packages/airflow/example_dags/example_kubernetes_executor.py took 0.019 seconds
[2024-02-12T20:40:38.059+0000] {processor.py:161} INFO - Started process (PID=3830) to work on /home/ubuntu/reddit_venv/lib/python3.10/site-packages/airflow/example_dags/example_kubernetes_executor.py
[2024-02-12T20:40:38.061+0000] {processor.py:830} INFO - Processing file /home/ubuntu/reddit_venv/lib/python3.10/site-packages/airflow/example_dags/example_kubernetes_executor.py for tasks to queue
[2024-02-12T20:40:38.062+0000] {logging_mixin.py:188} INFO - [2024-02-12T20:40:38.062+0000] {dagbag.py:538} INFO - Filling up the DagBag from /home/ubuntu/reddit_venv/lib/python3.10/site-packages/airflow/example_dags/example_kubernetes_executor.py
[2024-02-12T20:40:38.065+0000] {logging_mixin.py:188} INFO - [2024-02-12T20:40:38.065+0000] {example_kubernetes_executor.py:38} WARNING - The example_kubernetes_executor example DAG requires the kubernetes provider. Please install it with: pip install apache-airflow[cncf.kubernetes]
[2024-02-12T20:40:38.066+0000] {processor.py:842} WARNING - No viable dags retrieved from /home/ubuntu/reddit_venv/lib/python3.10/site-packages/airflow/example_dags/example_kubernetes_executor.py
[2024-02-12T20:40:38.076+0000] {processor.py:183} INFO - Processing /home/ubuntu/reddit_venv/lib/python3.10/site-packages/airflow/example_dags/example_kubernetes_executor.py took 0.020 seconds
[2024-02-12T20:41:32.106+0000] {processor.py:161} INFO - Started process (PID=3886) to work on /home/ubuntu/reddit_venv/lib/python3.10/site-packages/airflow/example_dags/example_kubernetes_executor.py
[2024-02-12T20:41:32.107+0000] {processor.py:830} INFO - Processing file /home/ubuntu/reddit_venv/lib/python3.10/site-packages/airflow/example_dags/example_kubernetes_executor.py for tasks to queue
[2024-02-12T20:41:32.108+0000] {logging_mixin.py:188} INFO - [2024-02-12T20:41:32.108+0000] {dagbag.py:538} INFO - Filling up the DagBag from /home/ubuntu/reddit_venv/lib/python3.10/site-packages/airflow/example_dags/example_kubernetes_executor.py
[2024-02-12T20:41:32.111+0000] {logging_mixin.py:188} INFO - [2024-02-12T20:41:32.111+0000] {example_kubernetes_executor.py:38} WARNING - The example_kubernetes_executor example DAG requires the kubernetes provider. Please install it with: pip install apache-airflow[cncf.kubernetes]
[2024-02-12T20:41:32.111+0000] {processor.py:842} WARNING - No viable dags retrieved from /home/ubuntu/reddit_venv/lib/python3.10/site-packages/airflow/example_dags/example_kubernetes_executor.py
[2024-02-12T20:41:32.121+0000] {processor.py:183} INFO - Processing /home/ubuntu/reddit_venv/lib/python3.10/site-packages/airflow/example_dags/example_kubernetes_executor.py took 0.019 seconds
[2024-02-12T20:42:19.956+0000] {processor.py:161} INFO - Started process (PID=3940) to work on /home/ubuntu/reddit_venv/lib/python3.10/site-packages/airflow/example_dags/example_kubernetes_executor.py
[2024-02-12T20:42:19.958+0000] {processor.py:830} INFO - Processing file /home/ubuntu/reddit_venv/lib/python3.10/site-packages/airflow/example_dags/example_kubernetes_executor.py for tasks to queue
[2024-02-12T20:42:19.959+0000] {logging_mixin.py:188} INFO - [2024-02-12T20:42:19.959+0000] {dagbag.py:538} INFO - Filling up the DagBag from /home/ubuntu/reddit_venv/lib/python3.10/site-packages/airflow/example_dags/example_kubernetes_executor.py
[2024-02-12T20:42:19.962+0000] {logging_mixin.py:188} INFO - [2024-02-12T20:42:19.962+0000] {example_kubernetes_executor.py:38} WARNING - The example_kubernetes_executor example DAG requires the kubernetes provider. Please install it with: pip install apache-airflow[cncf.kubernetes]
[2024-02-12T20:42:19.963+0000] {processor.py:842} WARNING - No viable dags retrieved from /home/ubuntu/reddit_venv/lib/python3.10/site-packages/airflow/example_dags/example_kubernetes_executor.py
[2024-02-12T20:42:19.973+0000] {processor.py:183} INFO - Processing /home/ubuntu/reddit_venv/lib/python3.10/site-packages/airflow/example_dags/example_kubernetes_executor.py took 0.020 seconds
[2024-02-12T20:43:08.093+0000] {processor.py:161} INFO - Started process (PID=3995) to work on /home/ubuntu/reddit_venv/lib/python3.10/site-packages/airflow/example_dags/example_kubernetes_executor.py
[2024-02-12T20:43:08.095+0000] {processor.py:830} INFO - Processing file /home/ubuntu/reddit_venv/lib/python3.10/site-packages/airflow/example_dags/example_kubernetes_executor.py for tasks to queue
[2024-02-12T20:43:08.096+0000] {logging_mixin.py:188} INFO - [2024-02-12T20:43:08.095+0000] {dagbag.py:538} INFO - Filling up the DagBag from /home/ubuntu/reddit_venv/lib/python3.10/site-packages/airflow/example_dags/example_kubernetes_executor.py
[2024-02-12T20:43:08.099+0000] {logging_mixin.py:188} INFO - [2024-02-12T20:43:08.099+0000] {example_kubernetes_executor.py:38} WARNING - The example_kubernetes_executor example DAG requires the kubernetes provider. Please install it with: pip install apache-airflow[cncf.kubernetes]
[2024-02-12T20:43:08.100+0000] {processor.py:842} WARNING - No viable dags retrieved from /home/ubuntu/reddit_venv/lib/python3.10/site-packages/airflow/example_dags/example_kubernetes_executor.py
[2024-02-12T20:43:08.110+0000] {processor.py:183} INFO - Processing /home/ubuntu/reddit_venv/lib/python3.10/site-packages/airflow/example_dags/example_kubernetes_executor.py took 0.020 seconds
[2024-02-12T20:43:57.219+0000] {processor.py:161} INFO - Started process (PID=4049) to work on /home/ubuntu/reddit_venv/lib/python3.10/site-packages/airflow/example_dags/example_kubernetes_executor.py
[2024-02-12T20:43:57.221+0000] {processor.py:830} INFO - Processing file /home/ubuntu/reddit_venv/lib/python3.10/site-packages/airflow/example_dags/example_kubernetes_executor.py for tasks to queue
[2024-02-12T20:43:57.222+0000] {logging_mixin.py:188} INFO - [2024-02-12T20:43:57.221+0000] {dagbag.py:538} INFO - Filling up the DagBag from /home/ubuntu/reddit_venv/lib/python3.10/site-packages/airflow/example_dags/example_kubernetes_executor.py
[2024-02-12T20:43:57.225+0000] {logging_mixin.py:188} INFO - [2024-02-12T20:43:57.225+0000] {example_kubernetes_executor.py:38} WARNING - The example_kubernetes_executor example DAG requires the kubernetes provider. Please install it with: pip install apache-airflow[cncf.kubernetes]
[2024-02-12T20:43:57.225+0000] {processor.py:842} WARNING - No viable dags retrieved from /home/ubuntu/reddit_venv/lib/python3.10/site-packages/airflow/example_dags/example_kubernetes_executor.py
[2024-02-12T20:43:57.236+0000] {processor.py:183} INFO - Processing /home/ubuntu/reddit_venv/lib/python3.10/site-packages/airflow/example_dags/example_kubernetes_executor.py took 0.020 seconds
[2024-02-12T20:44:45.393+0000] {processor.py:161} INFO - Started process (PID=4104) to work on /home/ubuntu/reddit_venv/lib/python3.10/site-packages/airflow/example_dags/example_kubernetes_executor.py
[2024-02-12T20:44:45.394+0000] {processor.py:830} INFO - Processing file /home/ubuntu/reddit_venv/lib/python3.10/site-packages/airflow/example_dags/example_kubernetes_executor.py for tasks to queue
[2024-02-12T20:44:45.395+0000] {logging_mixin.py:188} INFO - [2024-02-12T20:44:45.395+0000] {dagbag.py:538} INFO - Filling up the DagBag from /home/ubuntu/reddit_venv/lib/python3.10/site-packages/airflow/example_dags/example_kubernetes_executor.py
[2024-02-12T20:44:45.398+0000] {logging_mixin.py:188} INFO - [2024-02-12T20:44:45.398+0000] {example_kubernetes_executor.py:38} WARNING - The example_kubernetes_executor example DAG requires the kubernetes provider. Please install it with: pip install apache-airflow[cncf.kubernetes]
[2024-02-12T20:44:45.399+0000] {processor.py:842} WARNING - No viable dags retrieved from /home/ubuntu/reddit_venv/lib/python3.10/site-packages/airflow/example_dags/example_kubernetes_executor.py
[2024-02-12T20:44:45.409+0000] {processor.py:183} INFO - Processing /home/ubuntu/reddit_venv/lib/python3.10/site-packages/airflow/example_dags/example_kubernetes_executor.py took 0.019 seconds
[2024-02-12T20:45:37.933+0000] {processor.py:161} INFO - Started process (PID=4161) to work on /home/ubuntu/reddit_venv/lib/python3.10/site-packages/airflow/example_dags/example_kubernetes_executor.py
[2024-02-12T20:45:37.935+0000] {processor.py:830} INFO - Processing file /home/ubuntu/reddit_venv/lib/python3.10/site-packages/airflow/example_dags/example_kubernetes_executor.py for tasks to queue
[2024-02-12T20:45:37.936+0000] {logging_mixin.py:188} INFO - [2024-02-12T20:45:37.935+0000] {dagbag.py:538} INFO - Filling up the DagBag from /home/ubuntu/reddit_venv/lib/python3.10/site-packages/airflow/example_dags/example_kubernetes_executor.py
[2024-02-12T20:45:37.939+0000] {logging_mixin.py:188} INFO - [2024-02-12T20:45:37.939+0000] {example_kubernetes_executor.py:38} WARNING - The example_kubernetes_executor example DAG requires the kubernetes provider. Please install it with: pip install apache-airflow[cncf.kubernetes]
[2024-02-12T20:45:37.939+0000] {processor.py:842} WARNING - No viable dags retrieved from /home/ubuntu/reddit_venv/lib/python3.10/site-packages/airflow/example_dags/example_kubernetes_executor.py
[2024-02-12T20:45:37.949+0000] {processor.py:183} INFO - Processing /home/ubuntu/reddit_venv/lib/python3.10/site-packages/airflow/example_dags/example_kubernetes_executor.py took 0.020 seconds
[2024-02-12T20:46:29.636+0000] {processor.py:161} INFO - Started process (PID=4217) to work on /home/ubuntu/reddit_venv/lib/python3.10/site-packages/airflow/example_dags/example_kubernetes_executor.py
[2024-02-12T20:46:29.638+0000] {processor.py:830} INFO - Processing file /home/ubuntu/reddit_venv/lib/python3.10/site-packages/airflow/example_dags/example_kubernetes_executor.py for tasks to queue
[2024-02-12T20:46:29.639+0000] {logging_mixin.py:188} INFO - [2024-02-12T20:46:29.639+0000] {dagbag.py:538} INFO - Filling up the DagBag from /home/ubuntu/reddit_venv/lib/python3.10/site-packages/airflow/example_dags/example_kubernetes_executor.py
[2024-02-12T20:46:29.642+0000] {logging_mixin.py:188} INFO - [2024-02-12T20:46:29.642+0000] {example_kubernetes_executor.py:38} WARNING - The example_kubernetes_executor example DAG requires the kubernetes provider. Please install it with: pip install apache-airflow[cncf.kubernetes]
[2024-02-12T20:46:29.643+0000] {processor.py:842} WARNING - No viable dags retrieved from /home/ubuntu/reddit_venv/lib/python3.10/site-packages/airflow/example_dags/example_kubernetes_executor.py
[2024-02-12T20:46:29.653+0000] {processor.py:183} INFO - Processing /home/ubuntu/reddit_venv/lib/python3.10/site-packages/airflow/example_dags/example_kubernetes_executor.py took 0.020 seconds
[2024-02-12T20:47:16.879+0000] {processor.py:161} INFO - Started process (PID=4269) to work on /home/ubuntu/reddit_venv/lib/python3.10/site-packages/airflow/example_dags/example_kubernetes_executor.py
[2024-02-12T20:47:16.881+0000] {processor.py:830} INFO - Processing file /home/ubuntu/reddit_venv/lib/python3.10/site-packages/airflow/example_dags/example_kubernetes_executor.py for tasks to queue
[2024-02-12T20:47:16.882+0000] {logging_mixin.py:188} INFO - [2024-02-12T20:47:16.881+0000] {dagbag.py:538} INFO - Filling up the DagBag from /home/ubuntu/reddit_venv/lib/python3.10/site-packages/airflow/example_dags/example_kubernetes_executor.py
[2024-02-12T20:47:16.885+0000] {logging_mixin.py:188} INFO - [2024-02-12T20:47:16.885+0000] {example_kubernetes_executor.py:38} WARNING - The example_kubernetes_executor example DAG requires the kubernetes provider. Please install it with: pip install apache-airflow[cncf.kubernetes]
[2024-02-12T20:47:16.885+0000] {processor.py:842} WARNING - No viable dags retrieved from /home/ubuntu/reddit_venv/lib/python3.10/site-packages/airflow/example_dags/example_kubernetes_executor.py
[2024-02-12T20:47:16.895+0000] {processor.py:183} INFO - Processing /home/ubuntu/reddit_venv/lib/python3.10/site-packages/airflow/example_dags/example_kubernetes_executor.py took 0.020 seconds
[2024-02-12T20:48:07.999+0000] {processor.py:161} INFO - Started process (PID=4326) to work on /home/ubuntu/reddit_venv/lib/python3.10/site-packages/airflow/example_dags/example_kubernetes_executor.py
[2024-02-12T20:48:08.000+0000] {processor.py:830} INFO - Processing file /home/ubuntu/reddit_venv/lib/python3.10/site-packages/airflow/example_dags/example_kubernetes_executor.py for tasks to queue
[2024-02-12T20:48:08.001+0000] {logging_mixin.py:188} INFO - [2024-02-12T20:48:08.000+0000] {dagbag.py:538} INFO - Filling up the DagBag from /home/ubuntu/reddit_venv/lib/python3.10/site-packages/airflow/example_dags/example_kubernetes_executor.py
[2024-02-12T20:48:08.004+0000] {logging_mixin.py:188} INFO - [2024-02-12T20:48:08.004+0000] {example_kubernetes_executor.py:38} WARNING - The example_kubernetes_executor example DAG requires the kubernetes provider. Please install it with: pip install apache-airflow[cncf.kubernetes]
[2024-02-12T20:48:08.004+0000] {processor.py:842} WARNING - No viable dags retrieved from /home/ubuntu/reddit_venv/lib/python3.10/site-packages/airflow/example_dags/example_kubernetes_executor.py
[2024-02-12T20:48:08.015+0000] {processor.py:183} INFO - Processing /home/ubuntu/reddit_venv/lib/python3.10/site-packages/airflow/example_dags/example_kubernetes_executor.py took 0.020 seconds
[2024-02-12T20:48:57.853+0000] {processor.py:161} INFO - Started process (PID=4382) to work on /home/ubuntu/reddit_venv/lib/python3.10/site-packages/airflow/example_dags/example_kubernetes_executor.py
[2024-02-12T20:48:57.855+0000] {processor.py:830} INFO - Processing file /home/ubuntu/reddit_venv/lib/python3.10/site-packages/airflow/example_dags/example_kubernetes_executor.py for tasks to queue
[2024-02-12T20:48:57.856+0000] {logging_mixin.py:188} INFO - [2024-02-12T20:48:57.856+0000] {dagbag.py:538} INFO - Filling up the DagBag from /home/ubuntu/reddit_venv/lib/python3.10/site-packages/airflow/example_dags/example_kubernetes_executor.py
[2024-02-12T20:48:57.859+0000] {logging_mixin.py:188} INFO - [2024-02-12T20:48:57.859+0000] {example_kubernetes_executor.py:38} WARNING - The example_kubernetes_executor example DAG requires the kubernetes provider. Please install it with: pip install apache-airflow[cncf.kubernetes]
[2024-02-12T20:48:57.860+0000] {processor.py:842} WARNING - No viable dags retrieved from /home/ubuntu/reddit_venv/lib/python3.10/site-packages/airflow/example_dags/example_kubernetes_executor.py
[2024-02-12T20:48:57.870+0000] {processor.py:183} INFO - Processing /home/ubuntu/reddit_venv/lib/python3.10/site-packages/airflow/example_dags/example_kubernetes_executor.py took 0.020 seconds
[2024-02-12T20:50:14.412+0000] {processor.py:161} INFO - Started process (PID=4462) to work on /home/ubuntu/reddit_venv/lib/python3.10/site-packages/airflow/example_dags/example_kubernetes_executor.py
[2024-02-12T20:50:14.413+0000] {processor.py:830} INFO - Processing file /home/ubuntu/reddit_venv/lib/python3.10/site-packages/airflow/example_dags/example_kubernetes_executor.py for tasks to queue
[2024-02-12T20:50:14.414+0000] {logging_mixin.py:188} INFO - [2024-02-12T20:50:14.414+0000] {dagbag.py:538} INFO - Filling up the DagBag from /home/ubuntu/reddit_venv/lib/python3.10/site-packages/airflow/example_dags/example_kubernetes_executor.py
[2024-02-12T20:50:14.417+0000] {logging_mixin.py:188} INFO - [2024-02-12T20:50:14.417+0000] {example_kubernetes_executor.py:38} WARNING - The example_kubernetes_executor example DAG requires the kubernetes provider. Please install it with: pip install apache-airflow[cncf.kubernetes]
[2024-02-12T20:50:14.417+0000] {processor.py:842} WARNING - No viable dags retrieved from /home/ubuntu/reddit_venv/lib/python3.10/site-packages/airflow/example_dags/example_kubernetes_executor.py
[2024-02-12T20:50:14.427+0000] {processor.py:183} INFO - Processing /home/ubuntu/reddit_venv/lib/python3.10/site-packages/airflow/example_dags/example_kubernetes_executor.py took 0.019 seconds
[2024-02-12T20:51:04.345+0000] {processor.py:161} INFO - Started process (PID=4513) to work on /home/ubuntu/reddit_venv/lib/python3.10/site-packages/airflow/example_dags/example_kubernetes_executor.py
[2024-02-12T20:51:04.347+0000] {processor.py:830} INFO - Processing file /home/ubuntu/reddit_venv/lib/python3.10/site-packages/airflow/example_dags/example_kubernetes_executor.py for tasks to queue
[2024-02-12T20:51:04.348+0000] {logging_mixin.py:188} INFO - [2024-02-12T20:51:04.347+0000] {dagbag.py:538} INFO - Filling up the DagBag from /home/ubuntu/reddit_venv/lib/python3.10/site-packages/airflow/example_dags/example_kubernetes_executor.py
[2024-02-12T20:51:04.351+0000] {logging_mixin.py:188} INFO - [2024-02-12T20:51:04.351+0000] {example_kubernetes_executor.py:38} WARNING - The example_kubernetes_executor example DAG requires the kubernetes provider. Please install it with: pip install apache-airflow[cncf.kubernetes]
[2024-02-12T20:51:04.351+0000] {processor.py:842} WARNING - No viable dags retrieved from /home/ubuntu/reddit_venv/lib/python3.10/site-packages/airflow/example_dags/example_kubernetes_executor.py
[2024-02-12T20:51:04.361+0000] {processor.py:183} INFO - Processing /home/ubuntu/reddit_venv/lib/python3.10/site-packages/airflow/example_dags/example_kubernetes_executor.py took 0.019 seconds
[2024-02-12T20:51:51.091+0000] {processor.py:161} INFO - Started process (PID=4564) to work on /home/ubuntu/reddit_venv/lib/python3.10/site-packages/airflow/example_dags/example_kubernetes_executor.py
[2024-02-12T20:51:51.092+0000] {processor.py:830} INFO - Processing file /home/ubuntu/reddit_venv/lib/python3.10/site-packages/airflow/example_dags/example_kubernetes_executor.py for tasks to queue
[2024-02-12T20:51:51.093+0000] {logging_mixin.py:188} INFO - [2024-02-12T20:51:51.093+0000] {dagbag.py:538} INFO - Filling up the DagBag from /home/ubuntu/reddit_venv/lib/python3.10/site-packages/airflow/example_dags/example_kubernetes_executor.py
[2024-02-12T20:51:51.096+0000] {logging_mixin.py:188} INFO - [2024-02-12T20:51:51.096+0000] {example_kubernetes_executor.py:38} WARNING - The example_kubernetes_executor example DAG requires the kubernetes provider. Please install it with: pip install apache-airflow[cncf.kubernetes]
[2024-02-12T20:51:51.097+0000] {processor.py:842} WARNING - No viable dags retrieved from /home/ubuntu/reddit_venv/lib/python3.10/site-packages/airflow/example_dags/example_kubernetes_executor.py
[2024-02-12T20:51:51.107+0000] {processor.py:183} INFO - Processing /home/ubuntu/reddit_venv/lib/python3.10/site-packages/airflow/example_dags/example_kubernetes_executor.py took 0.020 seconds
[2024-02-12T20:52:42.933+0000] {processor.py:161} INFO - Started process (PID=4621) to work on /home/ubuntu/reddit_venv/lib/python3.10/site-packages/airflow/example_dags/example_kubernetes_executor.py
[2024-02-12T20:52:42.934+0000] {processor.py:830} INFO - Processing file /home/ubuntu/reddit_venv/lib/python3.10/site-packages/airflow/example_dags/example_kubernetes_executor.py for tasks to queue
[2024-02-12T20:52:42.935+0000] {logging_mixin.py:188} INFO - [2024-02-12T20:52:42.935+0000] {dagbag.py:538} INFO - Filling up the DagBag from /home/ubuntu/reddit_venv/lib/python3.10/site-packages/airflow/example_dags/example_kubernetes_executor.py
[2024-02-12T20:52:42.939+0000] {logging_mixin.py:188} INFO - [2024-02-12T20:52:42.938+0000] {example_kubernetes_executor.py:38} WARNING - The example_kubernetes_executor example DAG requires the kubernetes provider. Please install it with: pip install apache-airflow[cncf.kubernetes]
[2024-02-12T20:52:42.939+0000] {processor.py:842} WARNING - No viable dags retrieved from /home/ubuntu/reddit_venv/lib/python3.10/site-packages/airflow/example_dags/example_kubernetes_executor.py
[2024-02-12T20:52:42.949+0000] {processor.py:183} INFO - Processing /home/ubuntu/reddit_venv/lib/python3.10/site-packages/airflow/example_dags/example_kubernetes_executor.py took 0.019 seconds
[2024-02-12T20:53:36.862+0000] {processor.py:161} INFO - Started process (PID=4682) to work on /home/ubuntu/reddit_venv/lib/python3.10/site-packages/airflow/example_dags/example_kubernetes_executor.py
[2024-02-12T20:53:36.864+0000] {processor.py:830} INFO - Processing file /home/ubuntu/reddit_venv/lib/python3.10/site-packages/airflow/example_dags/example_kubernetes_executor.py for tasks to queue
[2024-02-12T20:53:36.865+0000] {logging_mixin.py:188} INFO - [2024-02-12T20:53:36.864+0000] {dagbag.py:538} INFO - Filling up the DagBag from /home/ubuntu/reddit_venv/lib/python3.10/site-packages/airflow/example_dags/example_kubernetes_executor.py
[2024-02-12T20:53:36.868+0000] {logging_mixin.py:188} INFO - [2024-02-12T20:53:36.868+0000] {example_kubernetes_executor.py:38} WARNING - The example_kubernetes_executor example DAG requires the kubernetes provider. Please install it with: pip install apache-airflow[cncf.kubernetes]
[2024-02-12T20:53:36.869+0000] {processor.py:842} WARNING - No viable dags retrieved from /home/ubuntu/reddit_venv/lib/python3.10/site-packages/airflow/example_dags/example_kubernetes_executor.py
[2024-02-12T20:53:36.879+0000] {processor.py:183} INFO - Processing /home/ubuntu/reddit_venv/lib/python3.10/site-packages/airflow/example_dags/example_kubernetes_executor.py took 0.020 seconds
[2024-02-12T20:54:28.204+0000] {processor.py:161} INFO - Started process (PID=4738) to work on /home/ubuntu/reddit_venv/lib/python3.10/site-packages/airflow/example_dags/example_kubernetes_executor.py
[2024-02-12T20:54:28.205+0000] {processor.py:830} INFO - Processing file /home/ubuntu/reddit_venv/lib/python3.10/site-packages/airflow/example_dags/example_kubernetes_executor.py for tasks to queue
[2024-02-12T20:54:28.206+0000] {logging_mixin.py:188} INFO - [2024-02-12T20:54:28.206+0000] {dagbag.py:538} INFO - Filling up the DagBag from /home/ubuntu/reddit_venv/lib/python3.10/site-packages/airflow/example_dags/example_kubernetes_executor.py
[2024-02-12T20:54:28.210+0000] {logging_mixin.py:188} INFO - [2024-02-12T20:54:28.209+0000] {example_kubernetes_executor.py:38} WARNING - The example_kubernetes_executor example DAG requires the kubernetes provider. Please install it with: pip install apache-airflow[cncf.kubernetes]
[2024-02-12T20:54:28.210+0000] {processor.py:842} WARNING - No viable dags retrieved from /home/ubuntu/reddit_venv/lib/python3.10/site-packages/airflow/example_dags/example_kubernetes_executor.py
[2024-02-12T20:54:28.220+0000] {processor.py:183} INFO - Processing /home/ubuntu/reddit_venv/lib/python3.10/site-packages/airflow/example_dags/example_kubernetes_executor.py took 0.020 seconds
[2024-02-12T20:55:23.916+0000] {processor.py:161} INFO - Started process (PID=4861) to work on /home/ubuntu/reddit_venv/lib/python3.10/site-packages/airflow/example_dags/example_kubernetes_executor.py
[2024-02-12T20:55:23.918+0000] {processor.py:830} INFO - Processing file /home/ubuntu/reddit_venv/lib/python3.10/site-packages/airflow/example_dags/example_kubernetes_executor.py for tasks to queue
[2024-02-12T20:55:23.919+0000] {logging_mixin.py:188} INFO - [2024-02-12T20:55:23.918+0000] {dagbag.py:538} INFO - Filling up the DagBag from /home/ubuntu/reddit_venv/lib/python3.10/site-packages/airflow/example_dags/example_kubernetes_executor.py
[2024-02-12T20:55:23.922+0000] {logging_mixin.py:188} INFO - [2024-02-12T20:55:23.922+0000] {example_kubernetes_executor.py:38} WARNING - The example_kubernetes_executor example DAG requires the kubernetes provider. Please install it with: pip install apache-airflow[cncf.kubernetes]
[2024-02-12T20:55:23.922+0000] {processor.py:842} WARNING - No viable dags retrieved from /home/ubuntu/reddit_venv/lib/python3.10/site-packages/airflow/example_dags/example_kubernetes_executor.py
[2024-02-12T20:55:23.932+0000] {processor.py:183} INFO - Processing /home/ubuntu/reddit_venv/lib/python3.10/site-packages/airflow/example_dags/example_kubernetes_executor.py took 0.019 seconds
[2024-02-12T20:56:16.090+0000] {processor.py:161} INFO - Started process (PID=4921) to work on /home/ubuntu/reddit_venv/lib/python3.10/site-packages/airflow/example_dags/example_kubernetes_executor.py
[2024-02-12T20:56:16.092+0000] {processor.py:830} INFO - Processing file /home/ubuntu/reddit_venv/lib/python3.10/site-packages/airflow/example_dags/example_kubernetes_executor.py for tasks to queue
[2024-02-12T20:56:16.093+0000] {logging_mixin.py:188} INFO - [2024-02-12T20:56:16.092+0000] {dagbag.py:538} INFO - Filling up the DagBag from /home/ubuntu/reddit_venv/lib/python3.10/site-packages/airflow/example_dags/example_kubernetes_executor.py
[2024-02-12T20:56:16.096+0000] {logging_mixin.py:188} INFO - [2024-02-12T20:56:16.096+0000] {example_kubernetes_executor.py:38} WARNING - The example_kubernetes_executor example DAG requires the kubernetes provider. Please install it with: pip install apache-airflow[cncf.kubernetes]
[2024-02-12T20:56:16.097+0000] {processor.py:842} WARNING - No viable dags retrieved from /home/ubuntu/reddit_venv/lib/python3.10/site-packages/airflow/example_dags/example_kubernetes_executor.py
[2024-02-12T20:56:16.107+0000] {processor.py:183} INFO - Processing /home/ubuntu/reddit_venv/lib/python3.10/site-packages/airflow/example_dags/example_kubernetes_executor.py took 0.020 seconds
[2024-02-12T20:57:05.751+0000] {processor.py:161} INFO - Started process (PID=4976) to work on /home/ubuntu/reddit_venv/lib/python3.10/site-packages/airflow/example_dags/example_kubernetes_executor.py
[2024-02-12T20:57:05.753+0000] {processor.py:830} INFO - Processing file /home/ubuntu/reddit_venv/lib/python3.10/site-packages/airflow/example_dags/example_kubernetes_executor.py for tasks to queue
[2024-02-12T20:57:05.754+0000] {logging_mixin.py:188} INFO - [2024-02-12T20:57:05.753+0000] {dagbag.py:538} INFO - Filling up the DagBag from /home/ubuntu/reddit_venv/lib/python3.10/site-packages/airflow/example_dags/example_kubernetes_executor.py
[2024-02-12T20:57:05.757+0000] {logging_mixin.py:188} INFO - [2024-02-12T20:57:05.757+0000] {example_kubernetes_executor.py:38} WARNING - The example_kubernetes_executor example DAG requires the kubernetes provider. Please install it with: pip install apache-airflow[cncf.kubernetes]
[2024-02-12T20:57:05.757+0000] {processor.py:842} WARNING - No viable dags retrieved from /home/ubuntu/reddit_venv/lib/python3.10/site-packages/airflow/example_dags/example_kubernetes_executor.py
[2024-02-12T20:57:05.767+0000] {processor.py:183} INFO - Processing /home/ubuntu/reddit_venv/lib/python3.10/site-packages/airflow/example_dags/example_kubernetes_executor.py took 0.019 seconds
[2024-02-12T20:58:00.796+0000] {processor.py:161} INFO - Started process (PID=5035) to work on /home/ubuntu/reddit_venv/lib/python3.10/site-packages/airflow/example_dags/example_kubernetes_executor.py
[2024-02-12T20:58:00.797+0000] {processor.py:830} INFO - Processing file /home/ubuntu/reddit_venv/lib/python3.10/site-packages/airflow/example_dags/example_kubernetes_executor.py for tasks to queue
[2024-02-12T20:58:00.798+0000] {logging_mixin.py:188} INFO - [2024-02-12T20:58:00.798+0000] {dagbag.py:538} INFO - Filling up the DagBag from /home/ubuntu/reddit_venv/lib/python3.10/site-packages/airflow/example_dags/example_kubernetes_executor.py
[2024-02-12T20:58:00.802+0000] {logging_mixin.py:188} INFO - [2024-02-12T20:58:00.802+0000] {example_kubernetes_executor.py:38} WARNING - The example_kubernetes_executor example DAG requires the kubernetes provider. Please install it with: pip install apache-airflow[cncf.kubernetes]
[2024-02-12T20:58:00.802+0000] {processor.py:842} WARNING - No viable dags retrieved from /home/ubuntu/reddit_venv/lib/python3.10/site-packages/airflow/example_dags/example_kubernetes_executor.py
[2024-02-12T20:58:00.812+0000] {processor.py:183} INFO - Processing /home/ubuntu/reddit_venv/lib/python3.10/site-packages/airflow/example_dags/example_kubernetes_executor.py took 0.020 seconds
[2024-02-12T20:58:53.654+0000] {processor.py:161} INFO - Started process (PID=5091) to work on /home/ubuntu/reddit_venv/lib/python3.10/site-packages/airflow/example_dags/example_kubernetes_executor.py
[2024-02-12T20:58:53.656+0000] {processor.py:830} INFO - Processing file /home/ubuntu/reddit_venv/lib/python3.10/site-packages/airflow/example_dags/example_kubernetes_executor.py for tasks to queue
[2024-02-12T20:58:53.657+0000] {logging_mixin.py:188} INFO - [2024-02-12T20:58:53.657+0000] {dagbag.py:538} INFO - Filling up the DagBag from /home/ubuntu/reddit_venv/lib/python3.10/site-packages/airflow/example_dags/example_kubernetes_executor.py
[2024-02-12T20:58:53.660+0000] {logging_mixin.py:188} INFO - [2024-02-12T20:58:53.660+0000] {example_kubernetes_executor.py:38} WARNING - The example_kubernetes_executor example DAG requires the kubernetes provider. Please install it with: pip install apache-airflow[cncf.kubernetes]
[2024-02-12T20:58:53.661+0000] {processor.py:842} WARNING - No viable dags retrieved from /home/ubuntu/reddit_venv/lib/python3.10/site-packages/airflow/example_dags/example_kubernetes_executor.py
[2024-02-12T20:58:53.671+0000] {processor.py:183} INFO - Processing /home/ubuntu/reddit_venv/lib/python3.10/site-packages/airflow/example_dags/example_kubernetes_executor.py took 0.020 seconds
[2024-02-12T20:59:46.297+0000] {processor.py:161} INFO - Started process (PID=5148) to work on /home/ubuntu/reddit_venv/lib/python3.10/site-packages/airflow/example_dags/example_kubernetes_executor.py
[2024-02-12T20:59:46.298+0000] {processor.py:830} INFO - Processing file /home/ubuntu/reddit_venv/lib/python3.10/site-packages/airflow/example_dags/example_kubernetes_executor.py for tasks to queue
[2024-02-12T20:59:46.300+0000] {logging_mixin.py:188} INFO - [2024-02-12T20:59:46.299+0000] {dagbag.py:538} INFO - Filling up the DagBag from /home/ubuntu/reddit_venv/lib/python3.10/site-packages/airflow/example_dags/example_kubernetes_executor.py
[2024-02-12T20:59:46.303+0000] {logging_mixin.py:188} INFO - [2024-02-12T20:59:46.303+0000] {example_kubernetes_executor.py:38} WARNING - The example_kubernetes_executor example DAG requires the kubernetes provider. Please install it with: pip install apache-airflow[cncf.kubernetes]
[2024-02-12T20:59:46.303+0000] {processor.py:842} WARNING - No viable dags retrieved from /home/ubuntu/reddit_venv/lib/python3.10/site-packages/airflow/example_dags/example_kubernetes_executor.py
[2024-02-12T20:59:46.313+0000] {processor.py:183} INFO - Processing /home/ubuntu/reddit_venv/lib/python3.10/site-packages/airflow/example_dags/example_kubernetes_executor.py took 0.020 seconds
[2024-02-12T21:00:38.782+0000] {processor.py:161} INFO - Started process (PID=5435) to work on /home/ubuntu/reddit_venv/lib/python3.10/site-packages/airflow/example_dags/example_kubernetes_executor.py
[2024-02-12T21:00:38.783+0000] {processor.py:830} INFO - Processing file /home/ubuntu/reddit_venv/lib/python3.10/site-packages/airflow/example_dags/example_kubernetes_executor.py for tasks to queue
[2024-02-12T21:00:38.784+0000] {logging_mixin.py:188} INFO - [2024-02-12T21:00:38.784+0000] {dagbag.py:538} INFO - Filling up the DagBag from /home/ubuntu/reddit_venv/lib/python3.10/site-packages/airflow/example_dags/example_kubernetes_executor.py
[2024-02-12T21:00:38.787+0000] {logging_mixin.py:188} INFO - [2024-02-12T21:00:38.787+0000] {example_kubernetes_executor.py:38} WARNING - The example_kubernetes_executor example DAG requires the kubernetes provider. Please install it with: pip install apache-airflow[cncf.kubernetes]
[2024-02-12T21:00:38.788+0000] {processor.py:842} WARNING - No viable dags retrieved from /home/ubuntu/reddit_venv/lib/python3.10/site-packages/airflow/example_dags/example_kubernetes_executor.py
[2024-02-12T21:00:38.797+0000] {processor.py:183} INFO - Processing /home/ubuntu/reddit_venv/lib/python3.10/site-packages/airflow/example_dags/example_kubernetes_executor.py took 0.019 seconds
[2024-02-12T21:01:31.340+0000] {processor.py:161} INFO - Started process (PID=5765) to work on /home/ubuntu/reddit_venv/lib/python3.10/site-packages/airflow/example_dags/example_kubernetes_executor.py
[2024-02-12T21:01:31.341+0000] {processor.py:830} INFO - Processing file /home/ubuntu/reddit_venv/lib/python3.10/site-packages/airflow/example_dags/example_kubernetes_executor.py for tasks to queue
[2024-02-12T21:01:31.342+0000] {logging_mixin.py:188} INFO - [2024-02-12T21:01:31.342+0000] {dagbag.py:538} INFO - Filling up the DagBag from /home/ubuntu/reddit_venv/lib/python3.10/site-packages/airflow/example_dags/example_kubernetes_executor.py
[2024-02-12T21:01:31.345+0000] {logging_mixin.py:188} INFO - [2024-02-12T21:01:31.345+0000] {example_kubernetes_executor.py:38} WARNING - The example_kubernetes_executor example DAG requires the kubernetes provider. Please install it with: pip install apache-airflow[cncf.kubernetes]
[2024-02-12T21:01:31.346+0000] {processor.py:842} WARNING - No viable dags retrieved from /home/ubuntu/reddit_venv/lib/python3.10/site-packages/airflow/example_dags/example_kubernetes_executor.py
[2024-02-12T21:01:31.355+0000] {processor.py:183} INFO - Processing /home/ubuntu/reddit_venv/lib/python3.10/site-packages/airflow/example_dags/example_kubernetes_executor.py took 0.019 seconds
[2024-02-12T21:02:21.175+0000] {processor.py:161} INFO - Started process (PID=5819) to work on /home/ubuntu/reddit_venv/lib/python3.10/site-packages/airflow/example_dags/example_kubernetes_executor.py
[2024-02-12T21:02:21.177+0000] {processor.py:830} INFO - Processing file /home/ubuntu/reddit_venv/lib/python3.10/site-packages/airflow/example_dags/example_kubernetes_executor.py for tasks to queue
[2024-02-12T21:02:21.178+0000] {logging_mixin.py:188} INFO - [2024-02-12T21:02:21.178+0000] {dagbag.py:538} INFO - Filling up the DagBag from /home/ubuntu/reddit_venv/lib/python3.10/site-packages/airflow/example_dags/example_kubernetes_executor.py
[2024-02-12T21:02:21.181+0000] {logging_mixin.py:188} INFO - [2024-02-12T21:02:21.181+0000] {example_kubernetes_executor.py:38} WARNING - The example_kubernetes_executor example DAG requires the kubernetes provider. Please install it with: pip install apache-airflow[cncf.kubernetes]
[2024-02-12T21:02:21.182+0000] {processor.py:842} WARNING - No viable dags retrieved from /home/ubuntu/reddit_venv/lib/python3.10/site-packages/airflow/example_dags/example_kubernetes_executor.py
[2024-02-12T21:02:21.192+0000] {processor.py:183} INFO - Processing /home/ubuntu/reddit_venv/lib/python3.10/site-packages/airflow/example_dags/example_kubernetes_executor.py took 0.019 seconds
[2024-02-12T21:03:13.835+0000] {processor.py:161} INFO - Started process (PID=5877) to work on /home/ubuntu/reddit_venv/lib/python3.10/site-packages/airflow/example_dags/example_kubernetes_executor.py
[2024-02-12T21:03:13.836+0000] {processor.py:830} INFO - Processing file /home/ubuntu/reddit_venv/lib/python3.10/site-packages/airflow/example_dags/example_kubernetes_executor.py for tasks to queue
[2024-02-12T21:03:13.837+0000] {logging_mixin.py:188} INFO - [2024-02-12T21:03:13.837+0000] {dagbag.py:538} INFO - Filling up the DagBag from /home/ubuntu/reddit_venv/lib/python3.10/site-packages/airflow/example_dags/example_kubernetes_executor.py
[2024-02-12T21:03:13.840+0000] {logging_mixin.py:188} INFO - [2024-02-12T21:03:13.840+0000] {example_kubernetes_executor.py:38} WARNING - The example_kubernetes_executor example DAG requires the kubernetes provider. Please install it with: pip install apache-airflow[cncf.kubernetes]
[2024-02-12T21:03:13.841+0000] {processor.py:842} WARNING - No viable dags retrieved from /home/ubuntu/reddit_venv/lib/python3.10/site-packages/airflow/example_dags/example_kubernetes_executor.py
[2024-02-12T21:03:13.851+0000] {processor.py:183} INFO - Processing /home/ubuntu/reddit_venv/lib/python3.10/site-packages/airflow/example_dags/example_kubernetes_executor.py took 0.019 seconds
[2024-02-12T21:04:02.850+0000] {processor.py:161} INFO - Started process (PID=5934) to work on /home/ubuntu/reddit_venv/lib/python3.10/site-packages/airflow/example_dags/example_kubernetes_executor.py
[2024-02-12T21:04:02.851+0000] {processor.py:830} INFO - Processing file /home/ubuntu/reddit_venv/lib/python3.10/site-packages/airflow/example_dags/example_kubernetes_executor.py for tasks to queue
[2024-02-12T21:04:02.852+0000] {logging_mixin.py:188} INFO - [2024-02-12T21:04:02.852+0000] {dagbag.py:538} INFO - Filling up the DagBag from /home/ubuntu/reddit_venv/lib/python3.10/site-packages/airflow/example_dags/example_kubernetes_executor.py
[2024-02-12T21:04:02.855+0000] {logging_mixin.py:188} INFO - [2024-02-12T21:04:02.855+0000] {example_kubernetes_executor.py:38} WARNING - The example_kubernetes_executor example DAG requires the kubernetes provider. Please install it with: pip install apache-airflow[cncf.kubernetes]
[2024-02-12T21:04:02.856+0000] {processor.py:842} WARNING - No viable dags retrieved from /home/ubuntu/reddit_venv/lib/python3.10/site-packages/airflow/example_dags/example_kubernetes_executor.py
[2024-02-12T21:04:02.866+0000] {processor.py:183} INFO - Processing /home/ubuntu/reddit_venv/lib/python3.10/site-packages/airflow/example_dags/example_kubernetes_executor.py took 0.019 seconds
[2024-02-12T21:04:52.291+0000] {processor.py:161} INFO - Started process (PID=5988) to work on /home/ubuntu/reddit_venv/lib/python3.10/site-packages/airflow/example_dags/example_kubernetes_executor.py
[2024-02-12T21:04:52.292+0000] {processor.py:830} INFO - Processing file /home/ubuntu/reddit_venv/lib/python3.10/site-packages/airflow/example_dags/example_kubernetes_executor.py for tasks to queue
[2024-02-12T21:04:52.293+0000] {logging_mixin.py:188} INFO - [2024-02-12T21:04:52.293+0000] {dagbag.py:538} INFO - Filling up the DagBag from /home/ubuntu/reddit_venv/lib/python3.10/site-packages/airflow/example_dags/example_kubernetes_executor.py
[2024-02-12T21:04:52.297+0000] {logging_mixin.py:188} INFO - [2024-02-12T21:04:52.297+0000] {example_kubernetes_executor.py:38} WARNING - The example_kubernetes_executor example DAG requires the kubernetes provider. Please install it with: pip install apache-airflow[cncf.kubernetes]
[2024-02-12T21:04:52.297+0000] {processor.py:842} WARNING - No viable dags retrieved from /home/ubuntu/reddit_venv/lib/python3.10/site-packages/airflow/example_dags/example_kubernetes_executor.py
[2024-02-12T21:04:52.307+0000] {processor.py:183} INFO - Processing /home/ubuntu/reddit_venv/lib/python3.10/site-packages/airflow/example_dags/example_kubernetes_executor.py took 0.019 seconds
[2024-02-12T21:05:43.002+0000] {processor.py:161} INFO - Started process (PID=6045) to work on /home/ubuntu/reddit_venv/lib/python3.10/site-packages/airflow/example_dags/example_kubernetes_executor.py
[2024-02-12T21:05:43.004+0000] {processor.py:830} INFO - Processing file /home/ubuntu/reddit_venv/lib/python3.10/site-packages/airflow/example_dags/example_kubernetes_executor.py for tasks to queue
[2024-02-12T21:05:43.005+0000] {logging_mixin.py:188} INFO - [2024-02-12T21:05:43.004+0000] {dagbag.py:538} INFO - Filling up the DagBag from /home/ubuntu/reddit_venv/lib/python3.10/site-packages/airflow/example_dags/example_kubernetes_executor.py
[2024-02-12T21:05:43.008+0000] {logging_mixin.py:188} INFO - [2024-02-12T21:05:43.008+0000] {example_kubernetes_executor.py:38} WARNING - The example_kubernetes_executor example DAG requires the kubernetes provider. Please install it with: pip install apache-airflow[cncf.kubernetes]
[2024-02-12T21:05:43.008+0000] {processor.py:842} WARNING - No viable dags retrieved from /home/ubuntu/reddit_venv/lib/python3.10/site-packages/airflow/example_dags/example_kubernetes_executor.py
[2024-02-12T21:05:43.018+0000] {processor.py:183} INFO - Processing /home/ubuntu/reddit_venv/lib/python3.10/site-packages/airflow/example_dags/example_kubernetes_executor.py took 0.019 seconds
[2024-02-12T21:06:33.540+0000] {processor.py:161} INFO - Started process (PID=6101) to work on /home/ubuntu/reddit_venv/lib/python3.10/site-packages/airflow/example_dags/example_kubernetes_executor.py
[2024-02-12T21:06:33.542+0000] {processor.py:830} INFO - Processing file /home/ubuntu/reddit_venv/lib/python3.10/site-packages/airflow/example_dags/example_kubernetes_executor.py for tasks to queue
[2024-02-12T21:06:33.543+0000] {logging_mixin.py:188} INFO - [2024-02-12T21:06:33.542+0000] {dagbag.py:538} INFO - Filling up the DagBag from /home/ubuntu/reddit_venv/lib/python3.10/site-packages/airflow/example_dags/example_kubernetes_executor.py
[2024-02-12T21:06:33.546+0000] {logging_mixin.py:188} INFO - [2024-02-12T21:06:33.545+0000] {example_kubernetes_executor.py:38} WARNING - The example_kubernetes_executor example DAG requires the kubernetes provider. Please install it with: pip install apache-airflow[cncf.kubernetes]
[2024-02-12T21:06:33.546+0000] {processor.py:842} WARNING - No viable dags retrieved from /home/ubuntu/reddit_venv/lib/python3.10/site-packages/airflow/example_dags/example_kubernetes_executor.py
[2024-02-12T21:06:33.556+0000] {processor.py:183} INFO - Processing /home/ubuntu/reddit_venv/lib/python3.10/site-packages/airflow/example_dags/example_kubernetes_executor.py took 0.020 seconds
[2024-02-12T21:07:24.471+0000] {processor.py:161} INFO - Started process (PID=6156) to work on /home/ubuntu/reddit_venv/lib/python3.10/site-packages/airflow/example_dags/example_kubernetes_executor.py
[2024-02-12T21:07:24.473+0000] {processor.py:830} INFO - Processing file /home/ubuntu/reddit_venv/lib/python3.10/site-packages/airflow/example_dags/example_kubernetes_executor.py for tasks to queue
[2024-02-12T21:07:24.474+0000] {logging_mixin.py:188} INFO - [2024-02-12T21:07:24.473+0000] {dagbag.py:538} INFO - Filling up the DagBag from /home/ubuntu/reddit_venv/lib/python3.10/site-packages/airflow/example_dags/example_kubernetes_executor.py
[2024-02-12T21:07:24.477+0000] {logging_mixin.py:188} INFO - [2024-02-12T21:07:24.477+0000] {example_kubernetes_executor.py:38} WARNING - The example_kubernetes_executor example DAG requires the kubernetes provider. Please install it with: pip install apache-airflow[cncf.kubernetes]
[2024-02-12T21:07:24.477+0000] {processor.py:842} WARNING - No viable dags retrieved from /home/ubuntu/reddit_venv/lib/python3.10/site-packages/airflow/example_dags/example_kubernetes_executor.py
[2024-02-12T21:07:24.488+0000] {processor.py:183} INFO - Processing /home/ubuntu/reddit_venv/lib/python3.10/site-packages/airflow/example_dags/example_kubernetes_executor.py took 0.020 seconds
[2024-02-12T21:08:22.150+0000] {processor.py:161} INFO - Started process (PID=6218) to work on /home/ubuntu/reddit_venv/lib/python3.10/site-packages/airflow/example_dags/example_kubernetes_executor.py
[2024-02-12T21:08:22.152+0000] {processor.py:830} INFO - Processing file /home/ubuntu/reddit_venv/lib/python3.10/site-packages/airflow/example_dags/example_kubernetes_executor.py for tasks to queue
[2024-02-12T21:08:22.153+0000] {logging_mixin.py:188} INFO - [2024-02-12T21:08:22.152+0000] {dagbag.py:538} INFO - Filling up the DagBag from /home/ubuntu/reddit_venv/lib/python3.10/site-packages/airflow/example_dags/example_kubernetes_executor.py
[2024-02-12T21:08:22.156+0000] {logging_mixin.py:188} INFO - [2024-02-12T21:08:22.156+0000] {example_kubernetes_executor.py:38} WARNING - The example_kubernetes_executor example DAG requires the kubernetes provider. Please install it with: pip install apache-airflow[cncf.kubernetes]
[2024-02-12T21:08:22.156+0000] {processor.py:842} WARNING - No viable dags retrieved from /home/ubuntu/reddit_venv/lib/python3.10/site-packages/airflow/example_dags/example_kubernetes_executor.py
[2024-02-12T21:08:22.166+0000] {processor.py:183} INFO - Processing /home/ubuntu/reddit_venv/lib/python3.10/site-packages/airflow/example_dags/example_kubernetes_executor.py took 0.020 seconds
[2024-02-12T21:09:17.552+0000] {processor.py:161} INFO - Started process (PID=6277) to work on /home/ubuntu/reddit_venv/lib/python3.10/site-packages/airflow/example_dags/example_kubernetes_executor.py
[2024-02-12T21:09:17.554+0000] {processor.py:830} INFO - Processing file /home/ubuntu/reddit_venv/lib/python3.10/site-packages/airflow/example_dags/example_kubernetes_executor.py for tasks to queue
[2024-02-12T21:09:17.555+0000] {logging_mixin.py:188} INFO - [2024-02-12T21:09:17.554+0000] {dagbag.py:538} INFO - Filling up the DagBag from /home/ubuntu/reddit_venv/lib/python3.10/site-packages/airflow/example_dags/example_kubernetes_executor.py
[2024-02-12T21:09:17.558+0000] {logging_mixin.py:188} INFO - [2024-02-12T21:09:17.558+0000] {example_kubernetes_executor.py:38} WARNING - The example_kubernetes_executor example DAG requires the kubernetes provider. Please install it with: pip install apache-airflow[cncf.kubernetes]
[2024-02-12T21:09:17.558+0000] {processor.py:842} WARNING - No viable dags retrieved from /home/ubuntu/reddit_venv/lib/python3.10/site-packages/airflow/example_dags/example_kubernetes_executor.py
[2024-02-12T21:09:17.568+0000] {processor.py:183} INFO - Processing /home/ubuntu/reddit_venv/lib/python3.10/site-packages/airflow/example_dags/example_kubernetes_executor.py took 0.019 seconds
[2024-02-12T21:10:06.737+0000] {processor.py:161} INFO - Started process (PID=6332) to work on /home/ubuntu/reddit_venv/lib/python3.10/site-packages/airflow/example_dags/example_kubernetes_executor.py
[2024-02-12T21:10:06.738+0000] {processor.py:830} INFO - Processing file /home/ubuntu/reddit_venv/lib/python3.10/site-packages/airflow/example_dags/example_kubernetes_executor.py for tasks to queue
[2024-02-12T21:10:06.739+0000] {logging_mixin.py:188} INFO - [2024-02-12T21:10:06.739+0000] {dagbag.py:538} INFO - Filling up the DagBag from /home/ubuntu/reddit_venv/lib/python3.10/site-packages/airflow/example_dags/example_kubernetes_executor.py
[2024-02-12T21:10:06.742+0000] {logging_mixin.py:188} INFO - [2024-02-12T21:10:06.742+0000] {example_kubernetes_executor.py:38} WARNING - The example_kubernetes_executor example DAG requires the kubernetes provider. Please install it with: pip install apache-airflow[cncf.kubernetes]
[2024-02-12T21:10:06.743+0000] {processor.py:842} WARNING - No viable dags retrieved from /home/ubuntu/reddit_venv/lib/python3.10/site-packages/airflow/example_dags/example_kubernetes_executor.py
[2024-02-12T21:10:06.753+0000] {processor.py:183} INFO - Processing /home/ubuntu/reddit_venv/lib/python3.10/site-packages/airflow/example_dags/example_kubernetes_executor.py took 0.019 seconds
[2024-02-12T21:10:58.272+0000] {processor.py:161} INFO - Started process (PID=6387) to work on /home/ubuntu/reddit_venv/lib/python3.10/site-packages/airflow/example_dags/example_kubernetes_executor.py
[2024-02-12T21:10:58.273+0000] {processor.py:830} INFO - Processing file /home/ubuntu/reddit_venv/lib/python3.10/site-packages/airflow/example_dags/example_kubernetes_executor.py for tasks to queue
[2024-02-12T21:10:58.274+0000] {logging_mixin.py:188} INFO - [2024-02-12T21:10:58.274+0000] {dagbag.py:538} INFO - Filling up the DagBag from /home/ubuntu/reddit_venv/lib/python3.10/site-packages/airflow/example_dags/example_kubernetes_executor.py
[2024-02-12T21:10:58.277+0000] {logging_mixin.py:188} INFO - [2024-02-12T21:10:58.277+0000] {example_kubernetes_executor.py:38} WARNING - The example_kubernetes_executor example DAG requires the kubernetes provider. Please install it with: pip install apache-airflow[cncf.kubernetes]
[2024-02-12T21:10:58.277+0000] {processor.py:842} WARNING - No viable dags retrieved from /home/ubuntu/reddit_venv/lib/python3.10/site-packages/airflow/example_dags/example_kubernetes_executor.py
[2024-02-12T21:10:58.287+0000] {processor.py:183} INFO - Processing /home/ubuntu/reddit_venv/lib/python3.10/site-packages/airflow/example_dags/example_kubernetes_executor.py took 0.019 seconds
[2024-02-12T21:11:54.622+0000] {processor.py:161} INFO - Started process (PID=6446) to work on /home/ubuntu/reddit_venv/lib/python3.10/site-packages/airflow/example_dags/example_kubernetes_executor.py
[2024-02-12T21:11:54.624+0000] {processor.py:830} INFO - Processing file /home/ubuntu/reddit_venv/lib/python3.10/site-packages/airflow/example_dags/example_kubernetes_executor.py for tasks to queue
[2024-02-12T21:11:54.625+0000] {logging_mixin.py:188} INFO - [2024-02-12T21:11:54.624+0000] {dagbag.py:538} INFO - Filling up the DagBag from /home/ubuntu/reddit_venv/lib/python3.10/site-packages/airflow/example_dags/example_kubernetes_executor.py
[2024-02-12T21:11:54.628+0000] {logging_mixin.py:188} INFO - [2024-02-12T21:11:54.628+0000] {example_kubernetes_executor.py:38} WARNING - The example_kubernetes_executor example DAG requires the kubernetes provider. Please install it with: pip install apache-airflow[cncf.kubernetes]
[2024-02-12T21:11:54.628+0000] {processor.py:842} WARNING - No viable dags retrieved from /home/ubuntu/reddit_venv/lib/python3.10/site-packages/airflow/example_dags/example_kubernetes_executor.py
[2024-02-12T21:11:54.638+0000] {processor.py:183} INFO - Processing /home/ubuntu/reddit_venv/lib/python3.10/site-packages/airflow/example_dags/example_kubernetes_executor.py took 0.019 seconds
[2024-02-12T21:12:44.533+0000] {processor.py:161} INFO - Started process (PID=6501) to work on /home/ubuntu/reddit_venv/lib/python3.10/site-packages/airflow/example_dags/example_kubernetes_executor.py
[2024-02-12T21:12:44.535+0000] {processor.py:830} INFO - Processing file /home/ubuntu/reddit_venv/lib/python3.10/site-packages/airflow/example_dags/example_kubernetes_executor.py for tasks to queue
[2024-02-12T21:12:44.536+0000] {logging_mixin.py:188} INFO - [2024-02-12T21:12:44.535+0000] {dagbag.py:538} INFO - Filling up the DagBag from /home/ubuntu/reddit_venv/lib/python3.10/site-packages/airflow/example_dags/example_kubernetes_executor.py
[2024-02-12T21:12:44.539+0000] {logging_mixin.py:188} INFO - [2024-02-12T21:12:44.539+0000] {example_kubernetes_executor.py:38} WARNING - The example_kubernetes_executor example DAG requires the kubernetes provider. Please install it with: pip install apache-airflow[cncf.kubernetes]
[2024-02-12T21:12:44.539+0000] {processor.py:842} WARNING - No viable dags retrieved from /home/ubuntu/reddit_venv/lib/python3.10/site-packages/airflow/example_dags/example_kubernetes_executor.py
[2024-02-12T21:12:44.549+0000] {processor.py:183} INFO - Processing /home/ubuntu/reddit_venv/lib/python3.10/site-packages/airflow/example_dags/example_kubernetes_executor.py took 0.019 seconds
[2024-02-12T21:13:37.664+0000] {processor.py:161} INFO - Started process (PID=6557) to work on /home/ubuntu/reddit_venv/lib/python3.10/site-packages/airflow/example_dags/example_kubernetes_executor.py
[2024-02-12T21:13:37.665+0000] {processor.py:830} INFO - Processing file /home/ubuntu/reddit_venv/lib/python3.10/site-packages/airflow/example_dags/example_kubernetes_executor.py for tasks to queue
[2024-02-12T21:13:37.666+0000] {logging_mixin.py:188} INFO - [2024-02-12T21:13:37.666+0000] {dagbag.py:538} INFO - Filling up the DagBag from /home/ubuntu/reddit_venv/lib/python3.10/site-packages/airflow/example_dags/example_kubernetes_executor.py
[2024-02-12T21:13:37.670+0000] {logging_mixin.py:188} INFO - [2024-02-12T21:13:37.669+0000] {example_kubernetes_executor.py:38} WARNING - The example_kubernetes_executor example DAG requires the kubernetes provider. Please install it with: pip install apache-airflow[cncf.kubernetes]
[2024-02-12T21:13:37.670+0000] {processor.py:842} WARNING - No viable dags retrieved from /home/ubuntu/reddit_venv/lib/python3.10/site-packages/airflow/example_dags/example_kubernetes_executor.py
[2024-02-12T21:13:37.680+0000] {processor.py:183} INFO - Processing /home/ubuntu/reddit_venv/lib/python3.10/site-packages/airflow/example_dags/example_kubernetes_executor.py took 0.020 seconds
[2024-02-12T21:14:25.125+0000] {processor.py:161} INFO - Started process (PID=6613) to work on /home/ubuntu/reddit_venv/lib/python3.10/site-packages/airflow/example_dags/example_kubernetes_executor.py
[2024-02-12T21:14:25.127+0000] {processor.py:830} INFO - Processing file /home/ubuntu/reddit_venv/lib/python3.10/site-packages/airflow/example_dags/example_kubernetes_executor.py for tasks to queue
[2024-02-12T21:14:25.128+0000] {logging_mixin.py:188} INFO - [2024-02-12T21:14:25.127+0000] {dagbag.py:538} INFO - Filling up the DagBag from /home/ubuntu/reddit_venv/lib/python3.10/site-packages/airflow/example_dags/example_kubernetes_executor.py
[2024-02-12T21:14:25.131+0000] {logging_mixin.py:188} INFO - [2024-02-12T21:14:25.131+0000] {example_kubernetes_executor.py:38} WARNING - The example_kubernetes_executor example DAG requires the kubernetes provider. Please install it with: pip install apache-airflow[cncf.kubernetes]
[2024-02-12T21:14:25.132+0000] {processor.py:842} WARNING - No viable dags retrieved from /home/ubuntu/reddit_venv/lib/python3.10/site-packages/airflow/example_dags/example_kubernetes_executor.py
[2024-02-12T21:14:25.142+0000] {processor.py:183} INFO - Processing /home/ubuntu/reddit_venv/lib/python3.10/site-packages/airflow/example_dags/example_kubernetes_executor.py took 0.020 seconds
[2024-02-12T21:15:10.828+0000] {processor.py:161} INFO - Started process (PID=6664) to work on /home/ubuntu/reddit_venv/lib/python3.10/site-packages/airflow/example_dags/example_kubernetes_executor.py
[2024-02-12T21:15:10.830+0000] {processor.py:830} INFO - Processing file /home/ubuntu/reddit_venv/lib/python3.10/site-packages/airflow/example_dags/example_kubernetes_executor.py for tasks to queue
[2024-02-12T21:15:10.831+0000] {logging_mixin.py:188} INFO - [2024-02-12T21:15:10.830+0000] {dagbag.py:538} INFO - Filling up the DagBag from /home/ubuntu/reddit_venv/lib/python3.10/site-packages/airflow/example_dags/example_kubernetes_executor.py
[2024-02-12T21:15:10.834+0000] {logging_mixin.py:188} INFO - [2024-02-12T21:15:10.834+0000] {example_kubernetes_executor.py:38} WARNING - The example_kubernetes_executor example DAG requires the kubernetes provider. Please install it with: pip install apache-airflow[cncf.kubernetes]
[2024-02-12T21:15:10.834+0000] {processor.py:842} WARNING - No viable dags retrieved from /home/ubuntu/reddit_venv/lib/python3.10/site-packages/airflow/example_dags/example_kubernetes_executor.py
[2024-02-12T21:15:10.844+0000] {processor.py:183} INFO - Processing /home/ubuntu/reddit_venv/lib/python3.10/site-packages/airflow/example_dags/example_kubernetes_executor.py took 0.019 seconds
[2024-02-12T21:16:02.915+0000] {processor.py:161} INFO - Started process (PID=6720) to work on /home/ubuntu/reddit_venv/lib/python3.10/site-packages/airflow/example_dags/example_kubernetes_executor.py
[2024-02-12T21:16:02.917+0000] {processor.py:830} INFO - Processing file /home/ubuntu/reddit_venv/lib/python3.10/site-packages/airflow/example_dags/example_kubernetes_executor.py for tasks to queue
[2024-02-12T21:16:02.918+0000] {logging_mixin.py:188} INFO - [2024-02-12T21:16:02.917+0000] {dagbag.py:538} INFO - Filling up the DagBag from /home/ubuntu/reddit_venv/lib/python3.10/site-packages/airflow/example_dags/example_kubernetes_executor.py
[2024-02-12T21:16:02.921+0000] {logging_mixin.py:188} INFO - [2024-02-12T21:16:02.921+0000] {example_kubernetes_executor.py:38} WARNING - The example_kubernetes_executor example DAG requires the kubernetes provider. Please install it with: pip install apache-airflow[cncf.kubernetes]
[2024-02-12T21:16:02.921+0000] {processor.py:842} WARNING - No viable dags retrieved from /home/ubuntu/reddit_venv/lib/python3.10/site-packages/airflow/example_dags/example_kubernetes_executor.py
[2024-02-12T21:16:02.931+0000] {processor.py:183} INFO - Processing /home/ubuntu/reddit_venv/lib/python3.10/site-packages/airflow/example_dags/example_kubernetes_executor.py took 0.020 seconds
[2024-02-12T21:16:52.451+0000] {processor.py:161} INFO - Started process (PID=6776) to work on /home/ubuntu/reddit_venv/lib/python3.10/site-packages/airflow/example_dags/example_kubernetes_executor.py
[2024-02-12T21:16:52.452+0000] {processor.py:830} INFO - Processing file /home/ubuntu/reddit_venv/lib/python3.10/site-packages/airflow/example_dags/example_kubernetes_executor.py for tasks to queue
[2024-02-12T21:16:52.453+0000] {logging_mixin.py:188} INFO - [2024-02-12T21:16:52.453+0000] {dagbag.py:538} INFO - Filling up the DagBag from /home/ubuntu/reddit_venv/lib/python3.10/site-packages/airflow/example_dags/example_kubernetes_executor.py
[2024-02-12T21:16:52.456+0000] {logging_mixin.py:188} INFO - [2024-02-12T21:16:52.456+0000] {example_kubernetes_executor.py:38} WARNING - The example_kubernetes_executor example DAG requires the kubernetes provider. Please install it with: pip install apache-airflow[cncf.kubernetes]
[2024-02-12T21:16:52.457+0000] {processor.py:842} WARNING - No viable dags retrieved from /home/ubuntu/reddit_venv/lib/python3.10/site-packages/airflow/example_dags/example_kubernetes_executor.py
[2024-02-12T21:16:52.467+0000] {processor.py:183} INFO - Processing /home/ubuntu/reddit_venv/lib/python3.10/site-packages/airflow/example_dags/example_kubernetes_executor.py took 0.019 seconds
[2024-02-12T21:17:46.216+0000] {processor.py:161} INFO - Started process (PID=6837) to work on /home/ubuntu/reddit_venv/lib/python3.10/site-packages/airflow/example_dags/example_kubernetes_executor.py
[2024-02-12T21:17:46.218+0000] {processor.py:830} INFO - Processing file /home/ubuntu/reddit_venv/lib/python3.10/site-packages/airflow/example_dags/example_kubernetes_executor.py for tasks to queue
[2024-02-12T21:17:46.219+0000] {logging_mixin.py:188} INFO - [2024-02-12T21:17:46.218+0000] {dagbag.py:538} INFO - Filling up the DagBag from /home/ubuntu/reddit_venv/lib/python3.10/site-packages/airflow/example_dags/example_kubernetes_executor.py
[2024-02-12T21:17:46.222+0000] {logging_mixin.py:188} INFO - [2024-02-12T21:17:46.222+0000] {example_kubernetes_executor.py:38} WARNING - The example_kubernetes_executor example DAG requires the kubernetes provider. Please install it with: pip install apache-airflow[cncf.kubernetes]
[2024-02-12T21:17:46.223+0000] {processor.py:842} WARNING - No viable dags retrieved from /home/ubuntu/reddit_venv/lib/python3.10/site-packages/airflow/example_dags/example_kubernetes_executor.py
[2024-02-12T21:17:46.233+0000] {processor.py:183} INFO - Processing /home/ubuntu/reddit_venv/lib/python3.10/site-packages/airflow/example_dags/example_kubernetes_executor.py took 0.020 seconds
[2024-02-12T21:18:42.991+0000] {processor.py:161} INFO - Started process (PID=6899) to work on /home/ubuntu/reddit_venv/lib/python3.10/site-packages/airflow/example_dags/example_kubernetes_executor.py
[2024-02-12T21:18:42.992+0000] {processor.py:830} INFO - Processing file /home/ubuntu/reddit_venv/lib/python3.10/site-packages/airflow/example_dags/example_kubernetes_executor.py for tasks to queue
[2024-02-12T21:18:42.993+0000] {logging_mixin.py:188} INFO - [2024-02-12T21:18:42.993+0000] {dagbag.py:538} INFO - Filling up the DagBag from /home/ubuntu/reddit_venv/lib/python3.10/site-packages/airflow/example_dags/example_kubernetes_executor.py
[2024-02-12T21:18:42.997+0000] {logging_mixin.py:188} INFO - [2024-02-12T21:18:42.997+0000] {example_kubernetes_executor.py:38} WARNING - The example_kubernetes_executor example DAG requires the kubernetes provider. Please install it with: pip install apache-airflow[cncf.kubernetes]
[2024-02-12T21:18:42.997+0000] {processor.py:842} WARNING - No viable dags retrieved from /home/ubuntu/reddit_venv/lib/python3.10/site-packages/airflow/example_dags/example_kubernetes_executor.py
[2024-02-12T21:18:43.007+0000] {processor.py:183} INFO - Processing /home/ubuntu/reddit_venv/lib/python3.10/site-packages/airflow/example_dags/example_kubernetes_executor.py took 0.020 seconds
[2024-02-12T21:19:37.524+0000] {processor.py:161} INFO - Started process (PID=6958) to work on /home/ubuntu/reddit_venv/lib/python3.10/site-packages/airflow/example_dags/example_kubernetes_executor.py
[2024-02-12T21:19:37.525+0000] {processor.py:830} INFO - Processing file /home/ubuntu/reddit_venv/lib/python3.10/site-packages/airflow/example_dags/example_kubernetes_executor.py for tasks to queue
[2024-02-12T21:19:37.526+0000] {logging_mixin.py:188} INFO - [2024-02-12T21:19:37.526+0000] {dagbag.py:538} INFO - Filling up the DagBag from /home/ubuntu/reddit_venv/lib/python3.10/site-packages/airflow/example_dags/example_kubernetes_executor.py
[2024-02-12T21:19:37.530+0000] {logging_mixin.py:188} INFO - [2024-02-12T21:19:37.529+0000] {example_kubernetes_executor.py:38} WARNING - The example_kubernetes_executor example DAG requires the kubernetes provider. Please install it with: pip install apache-airflow[cncf.kubernetes]
[2024-02-12T21:19:37.530+0000] {processor.py:842} WARNING - No viable dags retrieved from /home/ubuntu/reddit_venv/lib/python3.10/site-packages/airflow/example_dags/example_kubernetes_executor.py
[2024-02-12T21:19:37.540+0000] {processor.py:183} INFO - Processing /home/ubuntu/reddit_venv/lib/python3.10/site-packages/airflow/example_dags/example_kubernetes_executor.py took 0.019 seconds
[2024-02-12T21:20:29.767+0000] {processor.py:161} INFO - Started process (PID=7014) to work on /home/ubuntu/reddit_venv/lib/python3.10/site-packages/airflow/example_dags/example_kubernetes_executor.py
[2024-02-12T21:20:29.769+0000] {processor.py:830} INFO - Processing file /home/ubuntu/reddit_venv/lib/python3.10/site-packages/airflow/example_dags/example_kubernetes_executor.py for tasks to queue
[2024-02-12T21:20:29.770+0000] {logging_mixin.py:188} INFO - [2024-02-12T21:20:29.769+0000] {dagbag.py:538} INFO - Filling up the DagBag from /home/ubuntu/reddit_venv/lib/python3.10/site-packages/airflow/example_dags/example_kubernetes_executor.py
[2024-02-12T21:20:29.773+0000] {logging_mixin.py:188} INFO - [2024-02-12T21:20:29.773+0000] {example_kubernetes_executor.py:38} WARNING - The example_kubernetes_executor example DAG requires the kubernetes provider. Please install it with: pip install apache-airflow[cncf.kubernetes]
[2024-02-12T21:20:29.773+0000] {processor.py:842} WARNING - No viable dags retrieved from /home/ubuntu/reddit_venv/lib/python3.10/site-packages/airflow/example_dags/example_kubernetes_executor.py
[2024-02-12T21:20:29.783+0000] {processor.py:183} INFO - Processing /home/ubuntu/reddit_venv/lib/python3.10/site-packages/airflow/example_dags/example_kubernetes_executor.py took 0.019 seconds
[2024-02-12T21:21:22.861+0000] {processor.py:161} INFO - Started process (PID=7072) to work on /home/ubuntu/reddit_venv/lib/python3.10/site-packages/airflow/example_dags/example_kubernetes_executor.py
[2024-02-12T21:21:22.864+0000] {processor.py:830} INFO - Processing file /home/ubuntu/reddit_venv/lib/python3.10/site-packages/airflow/example_dags/example_kubernetes_executor.py for tasks to queue
[2024-02-12T21:21:22.865+0000] {logging_mixin.py:188} INFO - [2024-02-12T21:21:22.864+0000] {dagbag.py:538} INFO - Filling up the DagBag from /home/ubuntu/reddit_venv/lib/python3.10/site-packages/airflow/example_dags/example_kubernetes_executor.py
[2024-02-12T21:21:22.868+0000] {logging_mixin.py:188} INFO - [2024-02-12T21:21:22.868+0000] {example_kubernetes_executor.py:38} WARNING - The example_kubernetes_executor example DAG requires the kubernetes provider. Please install it with: pip install apache-airflow[cncf.kubernetes]
[2024-02-12T21:21:22.868+0000] {processor.py:842} WARNING - No viable dags retrieved from /home/ubuntu/reddit_venv/lib/python3.10/site-packages/airflow/example_dags/example_kubernetes_executor.py
[2024-02-12T21:21:22.879+0000] {processor.py:183} INFO - Processing /home/ubuntu/reddit_venv/lib/python3.10/site-packages/airflow/example_dags/example_kubernetes_executor.py took 0.021 seconds
[2024-02-12T21:22:15.110+0000] {processor.py:161} INFO - Started process (PID=7129) to work on /home/ubuntu/reddit_venv/lib/python3.10/site-packages/airflow/example_dags/example_kubernetes_executor.py
[2024-02-12T21:22:15.111+0000] {processor.py:830} INFO - Processing file /home/ubuntu/reddit_venv/lib/python3.10/site-packages/airflow/example_dags/example_kubernetes_executor.py for tasks to queue
[2024-02-12T21:22:15.112+0000] {logging_mixin.py:188} INFO - [2024-02-12T21:22:15.112+0000] {dagbag.py:538} INFO - Filling up the DagBag from /home/ubuntu/reddit_venv/lib/python3.10/site-packages/airflow/example_dags/example_kubernetes_executor.py
[2024-02-12T21:22:15.115+0000] {logging_mixin.py:188} INFO - [2024-02-12T21:22:15.115+0000] {example_kubernetes_executor.py:38} WARNING - The example_kubernetes_executor example DAG requires the kubernetes provider. Please install it with: pip install apache-airflow[cncf.kubernetes]
[2024-02-12T21:22:15.116+0000] {processor.py:842} WARNING - No viable dags retrieved from /home/ubuntu/reddit_venv/lib/python3.10/site-packages/airflow/example_dags/example_kubernetes_executor.py
[2024-02-12T21:22:15.126+0000] {processor.py:183} INFO - Processing /home/ubuntu/reddit_venv/lib/python3.10/site-packages/airflow/example_dags/example_kubernetes_executor.py took 0.019 seconds
[2024-02-12T21:23:09.442+0000] {processor.py:161} INFO - Started process (PID=7188) to work on /home/ubuntu/reddit_venv/lib/python3.10/site-packages/airflow/example_dags/example_kubernetes_executor.py
[2024-02-12T21:23:09.444+0000] {processor.py:830} INFO - Processing file /home/ubuntu/reddit_venv/lib/python3.10/site-packages/airflow/example_dags/example_kubernetes_executor.py for tasks to queue
[2024-02-12T21:23:09.445+0000] {logging_mixin.py:188} INFO - [2024-02-12T21:23:09.444+0000] {dagbag.py:538} INFO - Filling up the DagBag from /home/ubuntu/reddit_venv/lib/python3.10/site-packages/airflow/example_dags/example_kubernetes_executor.py
[2024-02-12T21:23:09.448+0000] {logging_mixin.py:188} INFO - [2024-02-12T21:23:09.448+0000] {example_kubernetes_executor.py:38} WARNING - The example_kubernetes_executor example DAG requires the kubernetes provider. Please install it with: pip install apache-airflow[cncf.kubernetes]
[2024-02-12T21:23:09.448+0000] {processor.py:842} WARNING - No viable dags retrieved from /home/ubuntu/reddit_venv/lib/python3.10/site-packages/airflow/example_dags/example_kubernetes_executor.py
[2024-02-12T21:23:09.459+0000] {processor.py:183} INFO - Processing /home/ubuntu/reddit_venv/lib/python3.10/site-packages/airflow/example_dags/example_kubernetes_executor.py took 0.020 seconds
[2024-02-12T21:24:00.152+0000] {processor.py:161} INFO - Started process (PID=7243) to work on /home/ubuntu/reddit_venv/lib/python3.10/site-packages/airflow/example_dags/example_kubernetes_executor.py
[2024-02-12T21:24:00.153+0000] {processor.py:830} INFO - Processing file /home/ubuntu/reddit_venv/lib/python3.10/site-packages/airflow/example_dags/example_kubernetes_executor.py for tasks to queue
[2024-02-12T21:24:00.154+0000] {logging_mixin.py:188} INFO - [2024-02-12T21:24:00.154+0000] {dagbag.py:538} INFO - Filling up the DagBag from /home/ubuntu/reddit_venv/lib/python3.10/site-packages/airflow/example_dags/example_kubernetes_executor.py
[2024-02-12T21:24:00.157+0000] {logging_mixin.py:188} INFO - [2024-02-12T21:24:00.157+0000] {example_kubernetes_executor.py:38} WARNING - The example_kubernetes_executor example DAG requires the kubernetes provider. Please install it with: pip install apache-airflow[cncf.kubernetes]
[2024-02-12T21:24:00.157+0000] {processor.py:842} WARNING - No viable dags retrieved from /home/ubuntu/reddit_venv/lib/python3.10/site-packages/airflow/example_dags/example_kubernetes_executor.py
[2024-02-12T21:24:00.167+0000] {processor.py:183} INFO - Processing /home/ubuntu/reddit_venv/lib/python3.10/site-packages/airflow/example_dags/example_kubernetes_executor.py took 0.019 seconds
[2024-02-12T21:24:54.726+0000] {processor.py:161} INFO - Started process (PID=7302) to work on /home/ubuntu/reddit_venv/lib/python3.10/site-packages/airflow/example_dags/example_kubernetes_executor.py
[2024-02-12T21:24:54.727+0000] {processor.py:830} INFO - Processing file /home/ubuntu/reddit_venv/lib/python3.10/site-packages/airflow/example_dags/example_kubernetes_executor.py for tasks to queue
[2024-02-12T21:24:54.728+0000] {logging_mixin.py:188} INFO - [2024-02-12T21:24:54.728+0000] {dagbag.py:538} INFO - Filling up the DagBag from /home/ubuntu/reddit_venv/lib/python3.10/site-packages/airflow/example_dags/example_kubernetes_executor.py
[2024-02-12T21:24:54.731+0000] {logging_mixin.py:188} INFO - [2024-02-12T21:24:54.731+0000] {example_kubernetes_executor.py:38} WARNING - The example_kubernetes_executor example DAG requires the kubernetes provider. Please install it with: pip install apache-airflow[cncf.kubernetes]
[2024-02-12T21:24:54.732+0000] {processor.py:842} WARNING - No viable dags retrieved from /home/ubuntu/reddit_venv/lib/python3.10/site-packages/airflow/example_dags/example_kubernetes_executor.py
[2024-02-12T21:24:54.742+0000] {processor.py:183} INFO - Processing /home/ubuntu/reddit_venv/lib/python3.10/site-packages/airflow/example_dags/example_kubernetes_executor.py took 0.020 seconds
[2024-02-12T21:25:45.724+0000] {processor.py:161} INFO - Started process (PID=7357) to work on /home/ubuntu/reddit_venv/lib/python3.10/site-packages/airflow/example_dags/example_kubernetes_executor.py
[2024-02-12T21:25:45.725+0000] {processor.py:830} INFO - Processing file /home/ubuntu/reddit_venv/lib/python3.10/site-packages/airflow/example_dags/example_kubernetes_executor.py for tasks to queue
[2024-02-12T21:25:45.726+0000] {logging_mixin.py:188} INFO - [2024-02-12T21:25:45.726+0000] {dagbag.py:538} INFO - Filling up the DagBag from /home/ubuntu/reddit_venv/lib/python3.10/site-packages/airflow/example_dags/example_kubernetes_executor.py
[2024-02-12T21:25:45.729+0000] {logging_mixin.py:188} INFO - [2024-02-12T21:25:45.729+0000] {example_kubernetes_executor.py:38} WARNING - The example_kubernetes_executor example DAG requires the kubernetes provider. Please install it with: pip install apache-airflow[cncf.kubernetes]
[2024-02-12T21:25:45.730+0000] {processor.py:842} WARNING - No viable dags retrieved from /home/ubuntu/reddit_venv/lib/python3.10/site-packages/airflow/example_dags/example_kubernetes_executor.py
[2024-02-12T21:25:45.740+0000] {processor.py:183} INFO - Processing /home/ubuntu/reddit_venv/lib/python3.10/site-packages/airflow/example_dags/example_kubernetes_executor.py took 0.020 seconds
[2024-02-12T21:26:31.337+0000] {processor.py:161} INFO - Started process (PID=7408) to work on /home/ubuntu/reddit_venv/lib/python3.10/site-packages/airflow/example_dags/example_kubernetes_executor.py
[2024-02-12T21:26:31.338+0000] {processor.py:830} INFO - Processing file /home/ubuntu/reddit_venv/lib/python3.10/site-packages/airflow/example_dags/example_kubernetes_executor.py for tasks to queue
[2024-02-12T21:26:31.339+0000] {logging_mixin.py:188} INFO - [2024-02-12T21:26:31.339+0000] {dagbag.py:538} INFO - Filling up the DagBag from /home/ubuntu/reddit_venv/lib/python3.10/site-packages/airflow/example_dags/example_kubernetes_executor.py
[2024-02-12T21:26:31.342+0000] {logging_mixin.py:188} INFO - [2024-02-12T21:26:31.342+0000] {example_kubernetes_executor.py:38} WARNING - The example_kubernetes_executor example DAG requires the kubernetes provider. Please install it with: pip install apache-airflow[cncf.kubernetes]
[2024-02-12T21:26:31.343+0000] {processor.py:842} WARNING - No viable dags retrieved from /home/ubuntu/reddit_venv/lib/python3.10/site-packages/airflow/example_dags/example_kubernetes_executor.py
[2024-02-12T21:26:31.353+0000] {processor.py:183} INFO - Processing /home/ubuntu/reddit_venv/lib/python3.10/site-packages/airflow/example_dags/example_kubernetes_executor.py took 0.019 seconds
[2024-02-12T21:27:24.930+0000] {processor.py:161} INFO - Started process (PID=7465) to work on /home/ubuntu/reddit_venv/lib/python3.10/site-packages/airflow/example_dags/example_kubernetes_executor.py
[2024-02-12T21:27:24.931+0000] {processor.py:830} INFO - Processing file /home/ubuntu/reddit_venv/lib/python3.10/site-packages/airflow/example_dags/example_kubernetes_executor.py for tasks to queue
[2024-02-12T21:27:24.932+0000] {logging_mixin.py:188} INFO - [2024-02-12T21:27:24.932+0000] {dagbag.py:538} INFO - Filling up the DagBag from /home/ubuntu/reddit_venv/lib/python3.10/site-packages/airflow/example_dags/example_kubernetes_executor.py
[2024-02-12T21:27:24.936+0000] {logging_mixin.py:188} INFO - [2024-02-12T21:27:24.935+0000] {example_kubernetes_executor.py:38} WARNING - The example_kubernetes_executor example DAG requires the kubernetes provider. Please install it with: pip install apache-airflow[cncf.kubernetes]
[2024-02-12T21:27:24.936+0000] {processor.py:842} WARNING - No viable dags retrieved from /home/ubuntu/reddit_venv/lib/python3.10/site-packages/airflow/example_dags/example_kubernetes_executor.py
[2024-02-12T21:27:24.946+0000] {processor.py:183} INFO - Processing /home/ubuntu/reddit_venv/lib/python3.10/site-packages/airflow/example_dags/example_kubernetes_executor.py took 0.020 seconds
[2024-02-12T21:28:11.281+0000] {processor.py:161} INFO - Started process (PID=7517) to work on /home/ubuntu/reddit_venv/lib/python3.10/site-packages/airflow/example_dags/example_kubernetes_executor.py
[2024-02-12T21:28:11.282+0000] {processor.py:830} INFO - Processing file /home/ubuntu/reddit_venv/lib/python3.10/site-packages/airflow/example_dags/example_kubernetes_executor.py for tasks to queue
[2024-02-12T21:28:11.283+0000] {logging_mixin.py:188} INFO - [2024-02-12T21:28:11.283+0000] {dagbag.py:538} INFO - Filling up the DagBag from /home/ubuntu/reddit_venv/lib/python3.10/site-packages/airflow/example_dags/example_kubernetes_executor.py
[2024-02-12T21:28:11.287+0000] {logging_mixin.py:188} INFO - [2024-02-12T21:28:11.287+0000] {example_kubernetes_executor.py:38} WARNING - The example_kubernetes_executor example DAG requires the kubernetes provider. Please install it with: pip install apache-airflow[cncf.kubernetes]
[2024-02-12T21:28:11.287+0000] {processor.py:842} WARNING - No viable dags retrieved from /home/ubuntu/reddit_venv/lib/python3.10/site-packages/airflow/example_dags/example_kubernetes_executor.py
[2024-02-12T21:28:11.297+0000] {processor.py:183} INFO - Processing /home/ubuntu/reddit_venv/lib/python3.10/site-packages/airflow/example_dags/example_kubernetes_executor.py took 0.020 seconds
[2024-02-12T21:29:05.139+0000] {processor.py:161} INFO - Started process (PID=7574) to work on /home/ubuntu/reddit_venv/lib/python3.10/site-packages/airflow/example_dags/example_kubernetes_executor.py
[2024-02-12T21:29:05.141+0000] {processor.py:830} INFO - Processing file /home/ubuntu/reddit_venv/lib/python3.10/site-packages/airflow/example_dags/example_kubernetes_executor.py for tasks to queue
[2024-02-12T21:29:05.142+0000] {logging_mixin.py:188} INFO - [2024-02-12T21:29:05.141+0000] {dagbag.py:538} INFO - Filling up the DagBag from /home/ubuntu/reddit_venv/lib/python3.10/site-packages/airflow/example_dags/example_kubernetes_executor.py
[2024-02-12T21:29:05.145+0000] {logging_mixin.py:188} INFO - [2024-02-12T21:29:05.145+0000] {example_kubernetes_executor.py:38} WARNING - The example_kubernetes_executor example DAG requires the kubernetes provider. Please install it with: pip install apache-airflow[cncf.kubernetes]
[2024-02-12T21:29:05.145+0000] {processor.py:842} WARNING - No viable dags retrieved from /home/ubuntu/reddit_venv/lib/python3.10/site-packages/airflow/example_dags/example_kubernetes_executor.py
[2024-02-12T21:29:05.156+0000] {processor.py:183} INFO - Processing /home/ubuntu/reddit_venv/lib/python3.10/site-packages/airflow/example_dags/example_kubernetes_executor.py took 0.020 seconds
[2024-02-12T21:29:57.253+0000] {processor.py:161} INFO - Started process (PID=7631) to work on /home/ubuntu/reddit_venv/lib/python3.10/site-packages/airflow/example_dags/example_kubernetes_executor.py
[2024-02-12T21:29:57.255+0000] {processor.py:830} INFO - Processing file /home/ubuntu/reddit_venv/lib/python3.10/site-packages/airflow/example_dags/example_kubernetes_executor.py for tasks to queue
[2024-02-12T21:29:57.256+0000] {logging_mixin.py:188} INFO - [2024-02-12T21:29:57.255+0000] {dagbag.py:538} INFO - Filling up the DagBag from /home/ubuntu/reddit_venv/lib/python3.10/site-packages/airflow/example_dags/example_kubernetes_executor.py
[2024-02-12T21:29:57.259+0000] {logging_mixin.py:188} INFO - [2024-02-12T21:29:57.259+0000] {example_kubernetes_executor.py:38} WARNING - The example_kubernetes_executor example DAG requires the kubernetes provider. Please install it with: pip install apache-airflow[cncf.kubernetes]
[2024-02-12T21:29:57.260+0000] {processor.py:842} WARNING - No viable dags retrieved from /home/ubuntu/reddit_venv/lib/python3.10/site-packages/airflow/example_dags/example_kubernetes_executor.py
[2024-02-12T21:29:57.270+0000] {processor.py:183} INFO - Processing /home/ubuntu/reddit_venv/lib/python3.10/site-packages/airflow/example_dags/example_kubernetes_executor.py took 0.020 seconds
