[2024-02-12T20:39:14.343+0000] {processor.py:161} INFO - Started process (PID=3740) to work on /home/ubuntu/reddit_venv/lib/python3.10/site-packages/airflow/example_dags/example_branch_labels.py
[2024-02-12T20:39:14.344+0000] {processor.py:830} INFO - Processing file /home/ubuntu/reddit_venv/lib/python3.10/site-packages/airflow/example_dags/example_branch_labels.py for tasks to queue
[2024-02-12T20:39:14.345+0000] {logging_mixin.py:188} INFO - [2024-02-12T20:39:14.344+0000] {dagbag.py:538} INFO - Filling up the DagBag from /home/ubuntu/reddit_venv/lib/python3.10/site-packages/airflow/example_dags/example_branch_labels.py
[2024-02-12T20:39:14.354+0000] {processor.py:840} INFO - DAG(s) 'example_branch_labels' retrieved from /home/ubuntu/reddit_venv/lib/python3.10/site-packages/airflow/example_dags/example_branch_labels.py
[2024-02-12T20:39:14.465+0000] {logging_mixin.py:188} INFO - [2024-02-12T20:39:14.464+0000] {override.py:1769} INFO - Created Permission View: can delete on DAG:example_branch_labels
[2024-02-12T20:39:14.477+0000] {logging_mixin.py:188} INFO - [2024-02-12T20:39:14.477+0000] {override.py:1769} INFO - Created Permission View: can edit on DAG:example_branch_labels
[2024-02-12T20:39:14.487+0000] {logging_mixin.py:188} INFO - [2024-02-12T20:39:14.487+0000] {override.py:1769} INFO - Created Permission View: can read on DAG:example_branch_labels
[2024-02-12T20:39:14.487+0000] {logging_mixin.py:188} INFO - [2024-02-12T20:39:14.487+0000] {dag.py:3036} INFO - Sync 1 DAGs
[2024-02-12T20:39:14.498+0000] {logging_mixin.py:188} INFO - [2024-02-12T20:39:14.497+0000] {dag.py:3058} INFO - Creating ORM DAG for example_branch_labels
[2024-02-12T20:39:14.508+0000] {logging_mixin.py:188} INFO - [2024-02-12T20:39:14.508+0000] {dag.py:3823} INFO - Setting next_dagrun for example_branch_labels to 2024-02-11 00:00:00+00:00, run_after=2024-02-12 00:00:00+00:00
[2024-02-12T20:39:14.528+0000] {processor.py:183} INFO - Processing /home/ubuntu/reddit_venv/lib/python3.10/site-packages/airflow/example_dags/example_branch_labels.py took 0.188 seconds
[2024-02-12T20:40:03.774+0000] {processor.py:161} INFO - Started process (PID=3791) to work on /home/ubuntu/reddit_venv/lib/python3.10/site-packages/airflow/example_dags/example_branch_labels.py
[2024-02-12T20:40:03.775+0000] {processor.py:830} INFO - Processing file /home/ubuntu/reddit_venv/lib/python3.10/site-packages/airflow/example_dags/example_branch_labels.py for tasks to queue
[2024-02-12T20:40:03.776+0000] {logging_mixin.py:188} INFO - [2024-02-12T20:40:03.776+0000] {dagbag.py:538} INFO - Filling up the DagBag from /home/ubuntu/reddit_venv/lib/python3.10/site-packages/airflow/example_dags/example_branch_labels.py
[2024-02-12T20:40:03.785+0000] {processor.py:840} INFO - DAG(s) 'example_branch_labels' retrieved from /home/ubuntu/reddit_venv/lib/python3.10/site-packages/airflow/example_dags/example_branch_labels.py
[2024-02-12T20:40:03.802+0000] {logging_mixin.py:188} INFO - [2024-02-12T20:40:03.802+0000] {dag.py:3036} INFO - Sync 1 DAGs
[2024-02-12T20:40:03.824+0000] {logging_mixin.py:188} INFO - [2024-02-12T20:40:03.824+0000] {dag.py:3823} INFO - Setting next_dagrun for example_branch_labels to 2024-02-11 00:00:00+00:00, run_after=2024-02-12 00:00:00+00:00
[2024-02-12T20:40:03.845+0000] {processor.py:183} INFO - Processing /home/ubuntu/reddit_venv/lib/python3.10/site-packages/airflow/example_dags/example_branch_labels.py took 0.074 seconds
[2024-02-12T20:40:55.309+0000] {processor.py:161} INFO - Started process (PID=3847) to work on /home/ubuntu/reddit_venv/lib/python3.10/site-packages/airflow/example_dags/example_branch_labels.py
[2024-02-12T20:40:55.310+0000] {processor.py:830} INFO - Processing file /home/ubuntu/reddit_venv/lib/python3.10/site-packages/airflow/example_dags/example_branch_labels.py for tasks to queue
[2024-02-12T20:40:55.311+0000] {logging_mixin.py:188} INFO - [2024-02-12T20:40:55.311+0000] {dagbag.py:538} INFO - Filling up the DagBag from /home/ubuntu/reddit_venv/lib/python3.10/site-packages/airflow/example_dags/example_branch_labels.py
[2024-02-12T20:40:55.320+0000] {processor.py:840} INFO - DAG(s) 'example_branch_labels' retrieved from /home/ubuntu/reddit_venv/lib/python3.10/site-packages/airflow/example_dags/example_branch_labels.py
[2024-02-12T20:40:55.337+0000] {logging_mixin.py:188} INFO - [2024-02-12T20:40:55.337+0000] {dag.py:3036} INFO - Sync 1 DAGs
[2024-02-12T20:40:55.358+0000] {logging_mixin.py:188} INFO - [2024-02-12T20:40:55.358+0000] {dag.py:3823} INFO - Setting next_dagrun for example_branch_labels to 2024-02-11 00:00:00+00:00, run_after=2024-02-12 00:00:00+00:00
[2024-02-12T20:40:55.379+0000] {processor.py:183} INFO - Processing /home/ubuntu/reddit_venv/lib/python3.10/site-packages/airflow/example_dags/example_branch_labels.py took 0.074 seconds
[2024-02-12T20:41:48.223+0000] {processor.py:161} INFO - Started process (PID=3904) to work on /home/ubuntu/reddit_venv/lib/python3.10/site-packages/airflow/example_dags/example_branch_labels.py
[2024-02-12T20:41:48.225+0000] {processor.py:830} INFO - Processing file /home/ubuntu/reddit_venv/lib/python3.10/site-packages/airflow/example_dags/example_branch_labels.py for tasks to queue
[2024-02-12T20:41:48.226+0000] {logging_mixin.py:188} INFO - [2024-02-12T20:41:48.225+0000] {dagbag.py:538} INFO - Filling up the DagBag from /home/ubuntu/reddit_venv/lib/python3.10/site-packages/airflow/example_dags/example_branch_labels.py
[2024-02-12T20:41:48.235+0000] {processor.py:840} INFO - DAG(s) 'example_branch_labels' retrieved from /home/ubuntu/reddit_venv/lib/python3.10/site-packages/airflow/example_dags/example_branch_labels.py
[2024-02-12T20:41:48.252+0000] {logging_mixin.py:188} INFO - [2024-02-12T20:41:48.252+0000] {dag.py:3036} INFO - Sync 1 DAGs
[2024-02-12T20:41:48.273+0000] {logging_mixin.py:188} INFO - [2024-02-12T20:41:48.273+0000] {dag.py:3823} INFO - Setting next_dagrun for example_branch_labels to 2024-02-11 00:00:00+00:00, run_after=2024-02-12 00:00:00+00:00
[2024-02-12T20:41:48.294+0000] {processor.py:183} INFO - Processing /home/ubuntu/reddit_venv/lib/python3.10/site-packages/airflow/example_dags/example_branch_labels.py took 0.074 seconds
[2024-02-12T20:42:35.689+0000] {processor.py:161} INFO - Started process (PID=3959) to work on /home/ubuntu/reddit_venv/lib/python3.10/site-packages/airflow/example_dags/example_branch_labels.py
[2024-02-12T20:42:35.690+0000] {processor.py:830} INFO - Processing file /home/ubuntu/reddit_venv/lib/python3.10/site-packages/airflow/example_dags/example_branch_labels.py for tasks to queue
[2024-02-12T20:42:35.691+0000] {logging_mixin.py:188} INFO - [2024-02-12T20:42:35.691+0000] {dagbag.py:538} INFO - Filling up the DagBag from /home/ubuntu/reddit_venv/lib/python3.10/site-packages/airflow/example_dags/example_branch_labels.py
[2024-02-12T20:42:35.700+0000] {processor.py:840} INFO - DAG(s) 'example_branch_labels' retrieved from /home/ubuntu/reddit_venv/lib/python3.10/site-packages/airflow/example_dags/example_branch_labels.py
[2024-02-12T20:42:35.717+0000] {logging_mixin.py:188} INFO - [2024-02-12T20:42:35.717+0000] {dag.py:3036} INFO - Sync 1 DAGs
[2024-02-12T20:42:35.739+0000] {logging_mixin.py:188} INFO - [2024-02-12T20:42:35.739+0000] {dag.py:3823} INFO - Setting next_dagrun for example_branch_labels to 2024-02-11 00:00:00+00:00, run_after=2024-02-12 00:00:00+00:00
[2024-02-12T20:42:35.761+0000] {processor.py:183} INFO - Processing /home/ubuntu/reddit_venv/lib/python3.10/site-packages/airflow/example_dags/example_branch_labels.py took 0.076 seconds
[2024-02-12T20:43:27.053+0000] {processor.py:161} INFO - Started process (PID=4014) to work on /home/ubuntu/reddit_venv/lib/python3.10/site-packages/airflow/example_dags/example_branch_labels.py
[2024-02-12T20:43:27.055+0000] {processor.py:830} INFO - Processing file /home/ubuntu/reddit_venv/lib/python3.10/site-packages/airflow/example_dags/example_branch_labels.py for tasks to queue
[2024-02-12T20:43:27.056+0000] {logging_mixin.py:188} INFO - [2024-02-12T20:43:27.055+0000] {dagbag.py:538} INFO - Filling up the DagBag from /home/ubuntu/reddit_venv/lib/python3.10/site-packages/airflow/example_dags/example_branch_labels.py
[2024-02-12T20:43:27.064+0000] {processor.py:840} INFO - DAG(s) 'example_branch_labels' retrieved from /home/ubuntu/reddit_venv/lib/python3.10/site-packages/airflow/example_dags/example_branch_labels.py
[2024-02-12T20:43:27.082+0000] {logging_mixin.py:188} INFO - [2024-02-12T20:43:27.082+0000] {dag.py:3036} INFO - Sync 1 DAGs
[2024-02-12T20:43:27.103+0000] {logging_mixin.py:188} INFO - [2024-02-12T20:43:27.103+0000] {dag.py:3823} INFO - Setting next_dagrun for example_branch_labels to 2024-02-11 00:00:00+00:00, run_after=2024-02-12 00:00:00+00:00
[2024-02-12T20:43:27.134+0000] {processor.py:183} INFO - Processing /home/ubuntu/reddit_venv/lib/python3.10/site-packages/airflow/example_dags/example_branch_labels.py took 0.084 seconds
[2024-02-12T20:44:12.759+0000] {processor.py:161} INFO - Started process (PID=4066) to work on /home/ubuntu/reddit_venv/lib/python3.10/site-packages/airflow/example_dags/example_branch_labels.py
[2024-02-12T20:44:12.760+0000] {processor.py:830} INFO - Processing file /home/ubuntu/reddit_venv/lib/python3.10/site-packages/airflow/example_dags/example_branch_labels.py for tasks to queue
[2024-02-12T20:44:12.761+0000] {logging_mixin.py:188} INFO - [2024-02-12T20:44:12.761+0000] {dagbag.py:538} INFO - Filling up the DagBag from /home/ubuntu/reddit_venv/lib/python3.10/site-packages/airflow/example_dags/example_branch_labels.py
[2024-02-12T20:44:12.770+0000] {processor.py:840} INFO - DAG(s) 'example_branch_labels' retrieved from /home/ubuntu/reddit_venv/lib/python3.10/site-packages/airflow/example_dags/example_branch_labels.py
[2024-02-12T20:44:12.788+0000] {logging_mixin.py:188} INFO - [2024-02-12T20:44:12.788+0000] {dag.py:3036} INFO - Sync 1 DAGs
[2024-02-12T20:44:12.810+0000] {logging_mixin.py:188} INFO - [2024-02-12T20:44:12.809+0000] {dag.py:3823} INFO - Setting next_dagrun for example_branch_labels to 2024-02-11 00:00:00+00:00, run_after=2024-02-12 00:00:00+00:00
[2024-02-12T20:44:12.830+0000] {processor.py:183} INFO - Processing /home/ubuntu/reddit_venv/lib/python3.10/site-packages/airflow/example_dags/example_branch_labels.py took 0.075 seconds
[2024-02-12T20:45:04.252+0000] {processor.py:161} INFO - Started process (PID=4122) to work on /home/ubuntu/reddit_venv/lib/python3.10/site-packages/airflow/example_dags/example_branch_labels.py
[2024-02-12T20:45:04.254+0000] {processor.py:830} INFO - Processing file /home/ubuntu/reddit_venv/lib/python3.10/site-packages/airflow/example_dags/example_branch_labels.py for tasks to queue
[2024-02-12T20:45:04.255+0000] {logging_mixin.py:188} INFO - [2024-02-12T20:45:04.254+0000] {dagbag.py:538} INFO - Filling up the DagBag from /home/ubuntu/reddit_venv/lib/python3.10/site-packages/airflow/example_dags/example_branch_labels.py
[2024-02-12T20:45:04.264+0000] {processor.py:840} INFO - DAG(s) 'example_branch_labels' retrieved from /home/ubuntu/reddit_venv/lib/python3.10/site-packages/airflow/example_dags/example_branch_labels.py
[2024-02-12T20:45:04.281+0000] {logging_mixin.py:188} INFO - [2024-02-12T20:45:04.281+0000] {dag.py:3036} INFO - Sync 1 DAGs
[2024-02-12T20:45:04.302+0000] {logging_mixin.py:188} INFO - [2024-02-12T20:45:04.302+0000] {dag.py:3823} INFO - Setting next_dagrun for example_branch_labels to 2024-02-11 00:00:00+00:00, run_after=2024-02-12 00:00:00+00:00
[2024-02-12T20:45:04.324+0000] {processor.py:183} INFO - Processing /home/ubuntu/reddit_venv/lib/python3.10/site-packages/airflow/example_dags/example_branch_labels.py took 0.075 seconds
[2024-02-12T20:45:55.348+0000] {processor.py:161} INFO - Started process (PID=4178) to work on /home/ubuntu/reddit_venv/lib/python3.10/site-packages/airflow/example_dags/example_branch_labels.py
[2024-02-12T20:45:55.350+0000] {processor.py:830} INFO - Processing file /home/ubuntu/reddit_venv/lib/python3.10/site-packages/airflow/example_dags/example_branch_labels.py for tasks to queue
[2024-02-12T20:45:55.351+0000] {logging_mixin.py:188} INFO - [2024-02-12T20:45:55.350+0000] {dagbag.py:538} INFO - Filling up the DagBag from /home/ubuntu/reddit_venv/lib/python3.10/site-packages/airflow/example_dags/example_branch_labels.py
[2024-02-12T20:45:55.360+0000] {processor.py:840} INFO - DAG(s) 'example_branch_labels' retrieved from /home/ubuntu/reddit_venv/lib/python3.10/site-packages/airflow/example_dags/example_branch_labels.py
[2024-02-12T20:45:55.378+0000] {logging_mixin.py:188} INFO - [2024-02-12T20:45:55.377+0000] {dag.py:3036} INFO - Sync 1 DAGs
[2024-02-12T20:45:55.399+0000] {logging_mixin.py:188} INFO - [2024-02-12T20:45:55.399+0000] {dag.py:3823} INFO - Setting next_dagrun for example_branch_labels to 2024-02-11 00:00:00+00:00, run_after=2024-02-12 00:00:00+00:00
[2024-02-12T20:45:55.420+0000] {processor.py:183} INFO - Processing /home/ubuntu/reddit_venv/lib/python3.10/site-packages/airflow/example_dags/example_branch_labels.py took 0.075 seconds
[2024-02-12T20:46:44.847+0000] {processor.py:161} INFO - Started process (PID=4235) to work on /home/ubuntu/reddit_venv/lib/python3.10/site-packages/airflow/example_dags/example_branch_labels.py
[2024-02-12T20:46:44.849+0000] {processor.py:830} INFO - Processing file /home/ubuntu/reddit_venv/lib/python3.10/site-packages/airflow/example_dags/example_branch_labels.py for tasks to queue
[2024-02-12T20:46:44.850+0000] {logging_mixin.py:188} INFO - [2024-02-12T20:46:44.850+0000] {dagbag.py:538} INFO - Filling up the DagBag from /home/ubuntu/reddit_venv/lib/python3.10/site-packages/airflow/example_dags/example_branch_labels.py
[2024-02-12T20:46:44.859+0000] {processor.py:840} INFO - DAG(s) 'example_branch_labels' retrieved from /home/ubuntu/reddit_venv/lib/python3.10/site-packages/airflow/example_dags/example_branch_labels.py
[2024-02-12T20:46:44.876+0000] {logging_mixin.py:188} INFO - [2024-02-12T20:46:44.876+0000] {dag.py:3036} INFO - Sync 1 DAGs
[2024-02-12T20:46:44.897+0000] {logging_mixin.py:188} INFO - [2024-02-12T20:46:44.897+0000] {dag.py:3823} INFO - Setting next_dagrun for example_branch_labels to 2024-02-11 00:00:00+00:00, run_after=2024-02-12 00:00:00+00:00
[2024-02-12T20:46:44.918+0000] {processor.py:183} INFO - Processing /home/ubuntu/reddit_venv/lib/python3.10/site-packages/airflow/example_dags/example_branch_labels.py took 0.074 seconds
[2024-02-12T20:47:33.873+0000] {processor.py:161} INFO - Started process (PID=4289) to work on /home/ubuntu/reddit_venv/lib/python3.10/site-packages/airflow/example_dags/example_branch_labels.py
[2024-02-12T20:47:33.875+0000] {processor.py:830} INFO - Processing file /home/ubuntu/reddit_venv/lib/python3.10/site-packages/airflow/example_dags/example_branch_labels.py for tasks to queue
[2024-02-12T20:47:33.876+0000] {logging_mixin.py:188} INFO - [2024-02-12T20:47:33.875+0000] {dagbag.py:538} INFO - Filling up the DagBag from /home/ubuntu/reddit_venv/lib/python3.10/site-packages/airflow/example_dags/example_branch_labels.py
[2024-02-12T20:47:33.885+0000] {processor.py:840} INFO - DAG(s) 'example_branch_labels' retrieved from /home/ubuntu/reddit_venv/lib/python3.10/site-packages/airflow/example_dags/example_branch_labels.py
[2024-02-12T20:47:33.902+0000] {logging_mixin.py:188} INFO - [2024-02-12T20:47:33.902+0000] {dag.py:3036} INFO - Sync 1 DAGs
[2024-02-12T20:47:33.924+0000] {logging_mixin.py:188} INFO - [2024-02-12T20:47:33.923+0000] {dag.py:3823} INFO - Setting next_dagrun for example_branch_labels to 2024-02-11 00:00:00+00:00, run_after=2024-02-12 00:00:00+00:00
[2024-02-12T20:47:33.945+0000] {processor.py:183} INFO - Processing /home/ubuntu/reddit_venv/lib/python3.10/site-packages/airflow/example_dags/example_branch_labels.py took 0.075 seconds
[2024-02-12T20:48:26.861+0000] {processor.py:161} INFO - Started process (PID=4345) to work on /home/ubuntu/reddit_venv/lib/python3.10/site-packages/airflow/example_dags/example_branch_labels.py
[2024-02-12T20:48:26.862+0000] {processor.py:830} INFO - Processing file /home/ubuntu/reddit_venv/lib/python3.10/site-packages/airflow/example_dags/example_branch_labels.py for tasks to queue
[2024-02-12T20:48:26.863+0000] {logging_mixin.py:188} INFO - [2024-02-12T20:48:26.863+0000] {dagbag.py:538} INFO - Filling up the DagBag from /home/ubuntu/reddit_venv/lib/python3.10/site-packages/airflow/example_dags/example_branch_labels.py
[2024-02-12T20:48:26.872+0000] {processor.py:840} INFO - DAG(s) 'example_branch_labels' retrieved from /home/ubuntu/reddit_venv/lib/python3.10/site-packages/airflow/example_dags/example_branch_labels.py
[2024-02-12T20:48:26.890+0000] {logging_mixin.py:188} INFO - [2024-02-12T20:48:26.889+0000] {dag.py:3036} INFO - Sync 1 DAGs
[2024-02-12T20:48:26.911+0000] {logging_mixin.py:188} INFO - [2024-02-12T20:48:26.911+0000] {dag.py:3823} INFO - Setting next_dagrun for example_branch_labels to 2024-02-11 00:00:00+00:00, run_after=2024-02-12 00:00:00+00:00
[2024-02-12T20:48:26.935+0000] {processor.py:183} INFO - Processing /home/ubuntu/reddit_venv/lib/python3.10/site-packages/airflow/example_dags/example_branch_labels.py took 0.078 seconds
[2024-02-12T20:49:13.303+0000] {processor.py:161} INFO - Started process (PID=4399) to work on /home/ubuntu/reddit_venv/lib/python3.10/site-packages/airflow/example_dags/example_branch_labels.py
[2024-02-12T20:49:13.305+0000] {processor.py:830} INFO - Processing file /home/ubuntu/reddit_venv/lib/python3.10/site-packages/airflow/example_dags/example_branch_labels.py for tasks to queue
[2024-02-12T20:49:13.306+0000] {logging_mixin.py:188} INFO - [2024-02-12T20:49:13.305+0000] {dagbag.py:538} INFO - Filling up the DagBag from /home/ubuntu/reddit_venv/lib/python3.10/site-packages/airflow/example_dags/example_branch_labels.py
[2024-02-12T20:49:13.315+0000] {processor.py:840} INFO - DAG(s) 'example_branch_labels' retrieved from /home/ubuntu/reddit_venv/lib/python3.10/site-packages/airflow/example_dags/example_branch_labels.py
[2024-02-12T20:49:13.333+0000] {logging_mixin.py:188} INFO - [2024-02-12T20:49:13.333+0000] {dag.py:3036} INFO - Sync 1 DAGs
[2024-02-12T20:49:13.355+0000] {logging_mixin.py:188} INFO - [2024-02-12T20:49:13.355+0000] {dag.py:3823} INFO - Setting next_dagrun for example_branch_labels to 2024-02-11 00:00:00+00:00, run_after=2024-02-12 00:00:00+00:00
[2024-02-12T20:49:13.377+0000] {processor.py:183} INFO - Processing /home/ubuntu/reddit_venv/lib/python3.10/site-packages/airflow/example_dags/example_branch_labels.py took 0.078 seconds
[2024-02-12T20:50:26.649+0000] {processor.py:161} INFO - Started process (PID=4474) to work on /home/ubuntu/reddit_venv/lib/python3.10/site-packages/airflow/example_dags/example_branch_labels.py
[2024-02-12T20:50:26.651+0000] {processor.py:830} INFO - Processing file /home/ubuntu/reddit_venv/lib/python3.10/site-packages/airflow/example_dags/example_branch_labels.py for tasks to queue
[2024-02-12T20:50:26.652+0000] {logging_mixin.py:188} INFO - [2024-02-12T20:50:26.652+0000] {dagbag.py:538} INFO - Filling up the DagBag from /home/ubuntu/reddit_venv/lib/python3.10/site-packages/airflow/example_dags/example_branch_labels.py
[2024-02-12T20:50:26.661+0000] {processor.py:840} INFO - DAG(s) 'example_branch_labels' retrieved from /home/ubuntu/reddit_venv/lib/python3.10/site-packages/airflow/example_dags/example_branch_labels.py
[2024-02-12T20:50:26.761+0000] {logging_mixin.py:188} INFO - [2024-02-12T20:50:26.761+0000] {dag.py:3036} INFO - Sync 1 DAGs
[2024-02-12T20:50:26.780+0000] {logging_mixin.py:188} INFO - [2024-02-12T20:50:26.780+0000] {dag.py:3823} INFO - Setting next_dagrun for example_branch_labels to 2024-02-11 00:00:00+00:00, run_after=2024-02-12 00:00:00+00:00
[2024-02-12T20:50:26.802+0000] {processor.py:183} INFO - Processing /home/ubuntu/reddit_venv/lib/python3.10/site-packages/airflow/example_dags/example_branch_labels.py took 0.156 seconds
[2024-02-12T20:51:16.817+0000] {processor.py:161} INFO - Started process (PID=4525) to work on /home/ubuntu/reddit_venv/lib/python3.10/site-packages/airflow/example_dags/example_branch_labels.py
[2024-02-12T20:51:16.818+0000] {processor.py:830} INFO - Processing file /home/ubuntu/reddit_venv/lib/python3.10/site-packages/airflow/example_dags/example_branch_labels.py for tasks to queue
[2024-02-12T20:51:16.819+0000] {logging_mixin.py:188} INFO - [2024-02-12T20:51:16.819+0000] {dagbag.py:538} INFO - Filling up the DagBag from /home/ubuntu/reddit_venv/lib/python3.10/site-packages/airflow/example_dags/example_branch_labels.py
[2024-02-12T20:51:16.828+0000] {processor.py:840} INFO - DAG(s) 'example_branch_labels' retrieved from /home/ubuntu/reddit_venv/lib/python3.10/site-packages/airflow/example_dags/example_branch_labels.py
[2024-02-12T20:51:16.845+0000] {logging_mixin.py:188} INFO - [2024-02-12T20:51:16.845+0000] {dag.py:3036} INFO - Sync 1 DAGs
[2024-02-12T20:51:16.867+0000] {logging_mixin.py:188} INFO - [2024-02-12T20:51:16.867+0000] {dag.py:3823} INFO - Setting next_dagrun for example_branch_labels to 2024-02-11 00:00:00+00:00, run_after=2024-02-12 00:00:00+00:00
[2024-02-12T20:51:16.890+0000] {processor.py:183} INFO - Processing /home/ubuntu/reddit_venv/lib/python3.10/site-packages/airflow/example_dags/example_branch_labels.py took 0.077 seconds
[2024-02-12T20:52:10.423+0000] {processor.py:161} INFO - Started process (PID=4583) to work on /home/ubuntu/reddit_venv/lib/python3.10/site-packages/airflow/example_dags/example_branch_labels.py
[2024-02-12T20:52:10.425+0000] {processor.py:830} INFO - Processing file /home/ubuntu/reddit_venv/lib/python3.10/site-packages/airflow/example_dags/example_branch_labels.py for tasks to queue
[2024-02-12T20:52:10.425+0000] {logging_mixin.py:188} INFO - [2024-02-12T20:52:10.425+0000] {dagbag.py:538} INFO - Filling up the DagBag from /home/ubuntu/reddit_venv/lib/python3.10/site-packages/airflow/example_dags/example_branch_labels.py
[2024-02-12T20:52:10.434+0000] {processor.py:840} INFO - DAG(s) 'example_branch_labels' retrieved from /home/ubuntu/reddit_venv/lib/python3.10/site-packages/airflow/example_dags/example_branch_labels.py
[2024-02-12T20:52:10.451+0000] {logging_mixin.py:188} INFO - [2024-02-12T20:52:10.450+0000] {dag.py:3036} INFO - Sync 1 DAGs
[2024-02-12T20:52:10.472+0000] {logging_mixin.py:188} INFO - [2024-02-12T20:52:10.472+0000] {dag.py:3823} INFO - Setting next_dagrun for example_branch_labels to 2024-02-11 00:00:00+00:00, run_after=2024-02-12 00:00:00+00:00
[2024-02-12T20:52:10.494+0000] {processor.py:183} INFO - Processing /home/ubuntu/reddit_venv/lib/python3.10/site-packages/airflow/example_dags/example_branch_labels.py took 0.074 seconds
[2024-02-12T20:53:00.958+0000] {processor.py:161} INFO - Started process (PID=4642) to work on /home/ubuntu/reddit_venv/lib/python3.10/site-packages/airflow/example_dags/example_branch_labels.py
[2024-02-12T20:53:00.959+0000] {processor.py:830} INFO - Processing file /home/ubuntu/reddit_venv/lib/python3.10/site-packages/airflow/example_dags/example_branch_labels.py for tasks to queue
[2024-02-12T20:53:00.960+0000] {logging_mixin.py:188} INFO - [2024-02-12T20:53:00.960+0000] {dagbag.py:538} INFO - Filling up the DagBag from /home/ubuntu/reddit_venv/lib/python3.10/site-packages/airflow/example_dags/example_branch_labels.py
[2024-02-12T20:53:00.969+0000] {processor.py:840} INFO - DAG(s) 'example_branch_labels' retrieved from /home/ubuntu/reddit_venv/lib/python3.10/site-packages/airflow/example_dags/example_branch_labels.py
[2024-02-12T20:53:00.986+0000] {logging_mixin.py:188} INFO - [2024-02-12T20:53:00.985+0000] {dag.py:3036} INFO - Sync 1 DAGs
[2024-02-12T20:53:01.007+0000] {logging_mixin.py:188} INFO - [2024-02-12T20:53:01.007+0000] {dag.py:3823} INFO - Setting next_dagrun for example_branch_labels to 2024-02-11 00:00:00+00:00, run_after=2024-02-12 00:00:00+00:00
[2024-02-12T20:53:01.033+0000] {processor.py:183} INFO - Processing /home/ubuntu/reddit_venv/lib/python3.10/site-packages/airflow/example_dags/example_branch_labels.py took 0.078 seconds
[2024-02-12T20:53:56.322+0000] {processor.py:161} INFO - Started process (PID=4703) to work on /home/ubuntu/reddit_venv/lib/python3.10/site-packages/airflow/example_dags/example_branch_labels.py
[2024-02-12T20:53:56.324+0000] {processor.py:830} INFO - Processing file /home/ubuntu/reddit_venv/lib/python3.10/site-packages/airflow/example_dags/example_branch_labels.py for tasks to queue
[2024-02-12T20:53:56.325+0000] {logging_mixin.py:188} INFO - [2024-02-12T20:53:56.324+0000] {dagbag.py:538} INFO - Filling up the DagBag from /home/ubuntu/reddit_venv/lib/python3.10/site-packages/airflow/example_dags/example_branch_labels.py
[2024-02-12T20:53:56.334+0000] {processor.py:840} INFO - DAG(s) 'example_branch_labels' retrieved from /home/ubuntu/reddit_venv/lib/python3.10/site-packages/airflow/example_dags/example_branch_labels.py
[2024-02-12T20:53:56.351+0000] {logging_mixin.py:188} INFO - [2024-02-12T20:53:56.351+0000] {dag.py:3036} INFO - Sync 1 DAGs
[2024-02-12T20:53:56.372+0000] {logging_mixin.py:188} INFO - [2024-02-12T20:53:56.372+0000] {dag.py:3823} INFO - Setting next_dagrun for example_branch_labels to 2024-02-11 00:00:00+00:00, run_after=2024-02-12 00:00:00+00:00
[2024-02-12T20:53:56.393+0000] {processor.py:183} INFO - Processing /home/ubuntu/reddit_venv/lib/python3.10/site-packages/airflow/example_dags/example_branch_labels.py took 0.074 seconds
[2024-02-12T20:54:48.797+0000] {processor.py:161} INFO - Started process (PID=4758) to work on /home/ubuntu/reddit_venv/lib/python3.10/site-packages/airflow/example_dags/example_branch_labels.py
[2024-02-12T20:54:48.799+0000] {processor.py:830} INFO - Processing file /home/ubuntu/reddit_venv/lib/python3.10/site-packages/airflow/example_dags/example_branch_labels.py for tasks to queue
[2024-02-12T20:54:48.800+0000] {logging_mixin.py:188} INFO - [2024-02-12T20:54:48.799+0000] {dagbag.py:538} INFO - Filling up the DagBag from /home/ubuntu/reddit_venv/lib/python3.10/site-packages/airflow/example_dags/example_branch_labels.py
[2024-02-12T20:54:48.809+0000] {processor.py:840} INFO - DAG(s) 'example_branch_labels' retrieved from /home/ubuntu/reddit_venv/lib/python3.10/site-packages/airflow/example_dags/example_branch_labels.py
[2024-02-12T20:54:48.826+0000] {logging_mixin.py:188} INFO - [2024-02-12T20:54:48.826+0000] {dag.py:3036} INFO - Sync 1 DAGs
[2024-02-12T20:54:48.848+0000] {logging_mixin.py:188} INFO - [2024-02-12T20:54:48.848+0000] {dag.py:3823} INFO - Setting next_dagrun for example_branch_labels to 2024-02-11 00:00:00+00:00, run_after=2024-02-12 00:00:00+00:00
[2024-02-12T20:54:48.872+0000] {processor.py:183} INFO - Processing /home/ubuntu/reddit_venv/lib/python3.10/site-packages/airflow/example_dags/example_branch_labels.py took 0.078 seconds
[2024-02-12T20:55:44.641+0000] {processor.py:161} INFO - Started process (PID=4887) to work on /home/ubuntu/reddit_venv/lib/python3.10/site-packages/airflow/example_dags/example_branch_labels.py
[2024-02-12T20:55:44.642+0000] {processor.py:830} INFO - Processing file /home/ubuntu/reddit_venv/lib/python3.10/site-packages/airflow/example_dags/example_branch_labels.py for tasks to queue
[2024-02-12T20:55:44.643+0000] {logging_mixin.py:188} INFO - [2024-02-12T20:55:44.643+0000] {dagbag.py:538} INFO - Filling up the DagBag from /home/ubuntu/reddit_venv/lib/python3.10/site-packages/airflow/example_dags/example_branch_labels.py
[2024-02-12T20:55:44.652+0000] {processor.py:840} INFO - DAG(s) 'example_branch_labels' retrieved from /home/ubuntu/reddit_venv/lib/python3.10/site-packages/airflow/example_dags/example_branch_labels.py
[2024-02-12T20:55:44.669+0000] {logging_mixin.py:188} INFO - [2024-02-12T20:55:44.668+0000] {dag.py:3036} INFO - Sync 1 DAGs
[2024-02-12T20:55:44.691+0000] {logging_mixin.py:188} INFO - [2024-02-12T20:55:44.690+0000] {dag.py:3823} INFO - Setting next_dagrun for example_branch_labels to 2024-02-11 00:00:00+00:00, run_after=2024-02-12 00:00:00+00:00
[2024-02-12T20:55:44.711+0000] {processor.py:183} INFO - Processing /home/ubuntu/reddit_venv/lib/python3.10/site-packages/airflow/example_dags/example_branch_labels.py took 0.074 seconds
[2024-02-12T20:56:33.272+0000] {processor.py:161} INFO - Started process (PID=4943) to work on /home/ubuntu/reddit_venv/lib/python3.10/site-packages/airflow/example_dags/example_branch_labels.py
[2024-02-12T20:56:33.274+0000] {processor.py:830} INFO - Processing file /home/ubuntu/reddit_venv/lib/python3.10/site-packages/airflow/example_dags/example_branch_labels.py for tasks to queue
[2024-02-12T20:56:33.275+0000] {logging_mixin.py:188} INFO - [2024-02-12T20:56:33.274+0000] {dagbag.py:538} INFO - Filling up the DagBag from /home/ubuntu/reddit_venv/lib/python3.10/site-packages/airflow/example_dags/example_branch_labels.py
[2024-02-12T20:56:33.283+0000] {processor.py:840} INFO - DAG(s) 'example_branch_labels' retrieved from /home/ubuntu/reddit_venv/lib/python3.10/site-packages/airflow/example_dags/example_branch_labels.py
[2024-02-12T20:56:33.300+0000] {logging_mixin.py:188} INFO - [2024-02-12T20:56:33.300+0000] {dag.py:3036} INFO - Sync 1 DAGs
[2024-02-12T20:56:33.321+0000] {logging_mixin.py:188} INFO - [2024-02-12T20:56:33.321+0000] {dag.py:3823} INFO - Setting next_dagrun for example_branch_labels to 2024-02-11 00:00:00+00:00, run_after=2024-02-12 00:00:00+00:00
[2024-02-12T20:56:33.342+0000] {processor.py:183} INFO - Processing /home/ubuntu/reddit_venv/lib/python3.10/site-packages/airflow/example_dags/example_branch_labels.py took 0.074 seconds
[2024-02-12T20:57:27.172+0000] {processor.py:161} INFO - Started process (PID=5000) to work on /home/ubuntu/reddit_venv/lib/python3.10/site-packages/airflow/example_dags/example_branch_labels.py
[2024-02-12T20:57:27.173+0000] {processor.py:830} INFO - Processing file /home/ubuntu/reddit_venv/lib/python3.10/site-packages/airflow/example_dags/example_branch_labels.py for tasks to queue
[2024-02-12T20:57:27.174+0000] {logging_mixin.py:188} INFO - [2024-02-12T20:57:27.174+0000] {dagbag.py:538} INFO - Filling up the DagBag from /home/ubuntu/reddit_venv/lib/python3.10/site-packages/airflow/example_dags/example_branch_labels.py
[2024-02-12T20:57:27.183+0000] {processor.py:840} INFO - DAG(s) 'example_branch_labels' retrieved from /home/ubuntu/reddit_venv/lib/python3.10/site-packages/airflow/example_dags/example_branch_labels.py
[2024-02-12T20:57:27.201+0000] {logging_mixin.py:188} INFO - [2024-02-12T20:57:27.200+0000] {dag.py:3036} INFO - Sync 1 DAGs
[2024-02-12T20:57:27.222+0000] {logging_mixin.py:188} INFO - [2024-02-12T20:57:27.222+0000] {dag.py:3823} INFO - Setting next_dagrun for example_branch_labels to 2024-02-11 00:00:00+00:00, run_after=2024-02-12 00:00:00+00:00
[2024-02-12T20:57:27.250+0000] {processor.py:183} INFO - Processing /home/ubuntu/reddit_venv/lib/python3.10/site-packages/airflow/example_dags/example_branch_labels.py took 0.082 seconds
[2024-02-12T20:58:20.170+0000] {processor.py:161} INFO - Started process (PID=5058) to work on /home/ubuntu/reddit_venv/lib/python3.10/site-packages/airflow/example_dags/example_branch_labels.py
[2024-02-12T20:58:20.172+0000] {processor.py:830} INFO - Processing file /home/ubuntu/reddit_venv/lib/python3.10/site-packages/airflow/example_dags/example_branch_labels.py for tasks to queue
[2024-02-12T20:58:20.173+0000] {logging_mixin.py:188} INFO - [2024-02-12T20:58:20.172+0000] {dagbag.py:538} INFO - Filling up the DagBag from /home/ubuntu/reddit_venv/lib/python3.10/site-packages/airflow/example_dags/example_branch_labels.py
[2024-02-12T20:58:20.182+0000] {processor.py:840} INFO - DAG(s) 'example_branch_labels' retrieved from /home/ubuntu/reddit_venv/lib/python3.10/site-packages/airflow/example_dags/example_branch_labels.py
[2024-02-12T20:58:20.199+0000] {logging_mixin.py:188} INFO - [2024-02-12T20:58:20.199+0000] {dag.py:3036} INFO - Sync 1 DAGs
[2024-02-12T20:58:20.220+0000] {logging_mixin.py:188} INFO - [2024-02-12T20:58:20.220+0000] {dag.py:3823} INFO - Setting next_dagrun for example_branch_labels to 2024-02-11 00:00:00+00:00, run_after=2024-02-12 00:00:00+00:00
[2024-02-12T20:58:20.241+0000] {processor.py:183} INFO - Processing /home/ubuntu/reddit_venv/lib/python3.10/site-packages/airflow/example_dags/example_branch_labels.py took 0.074 seconds
[2024-02-12T20:59:13.105+0000] {processor.py:161} INFO - Started process (PID=5115) to work on /home/ubuntu/reddit_venv/lib/python3.10/site-packages/airflow/example_dags/example_branch_labels.py
[2024-02-12T20:59:13.106+0000] {processor.py:830} INFO - Processing file /home/ubuntu/reddit_venv/lib/python3.10/site-packages/airflow/example_dags/example_branch_labels.py for tasks to queue
[2024-02-12T20:59:13.107+0000] {logging_mixin.py:188} INFO - [2024-02-12T20:59:13.107+0000] {dagbag.py:538} INFO - Filling up the DagBag from /home/ubuntu/reddit_venv/lib/python3.10/site-packages/airflow/example_dags/example_branch_labels.py
[2024-02-12T20:59:13.116+0000] {processor.py:840} INFO - DAG(s) 'example_branch_labels' retrieved from /home/ubuntu/reddit_venv/lib/python3.10/site-packages/airflow/example_dags/example_branch_labels.py
[2024-02-12T20:59:13.134+0000] {logging_mixin.py:188} INFO - [2024-02-12T20:59:13.134+0000] {dag.py:3036} INFO - Sync 1 DAGs
[2024-02-12T20:59:13.156+0000] {logging_mixin.py:188} INFO - [2024-02-12T20:59:13.156+0000] {dag.py:3823} INFO - Setting next_dagrun for example_branch_labels to 2024-02-11 00:00:00+00:00, run_after=2024-02-12 00:00:00+00:00
[2024-02-12T20:59:13.178+0000] {processor.py:183} INFO - Processing /home/ubuntu/reddit_venv/lib/python3.10/site-packages/airflow/example_dags/example_branch_labels.py took 0.076 seconds
[2024-02-12T21:00:05.730+0000] {processor.py:161} INFO - Started process (PID=5340) to work on /home/ubuntu/reddit_venv/lib/python3.10/site-packages/airflow/example_dags/example_branch_labels.py
[2024-02-12T21:00:05.732+0000] {processor.py:830} INFO - Processing file /home/ubuntu/reddit_venv/lib/python3.10/site-packages/airflow/example_dags/example_branch_labels.py for tasks to queue
[2024-02-12T21:00:05.733+0000] {logging_mixin.py:188} INFO - [2024-02-12T21:00:05.732+0000] {dagbag.py:538} INFO - Filling up the DagBag from /home/ubuntu/reddit_venv/lib/python3.10/site-packages/airflow/example_dags/example_branch_labels.py
[2024-02-12T21:00:05.741+0000] {processor.py:840} INFO - DAG(s) 'example_branch_labels' retrieved from /home/ubuntu/reddit_venv/lib/python3.10/site-packages/airflow/example_dags/example_branch_labels.py
[2024-02-12T21:00:05.759+0000] {logging_mixin.py:188} INFO - [2024-02-12T21:00:05.758+0000] {dag.py:3036} INFO - Sync 1 DAGs
[2024-02-12T21:00:05.780+0000] {logging_mixin.py:188} INFO - [2024-02-12T21:00:05.779+0000] {dag.py:3823} INFO - Setting next_dagrun for example_branch_labels to 2024-02-11 00:00:00+00:00, run_after=2024-02-12 00:00:00+00:00
[2024-02-12T21:00:05.803+0000] {processor.py:183} INFO - Processing /home/ubuntu/reddit_venv/lib/python3.10/site-packages/airflow/example_dags/example_branch_labels.py took 0.076 seconds
[2024-02-12T21:00:58.588+0000] {processor.py:161} INFO - Started process (PID=5513) to work on /home/ubuntu/reddit_venv/lib/python3.10/site-packages/airflow/example_dags/example_branch_labels.py
[2024-02-12T21:00:58.589+0000] {processor.py:830} INFO - Processing file /home/ubuntu/reddit_venv/lib/python3.10/site-packages/airflow/example_dags/example_branch_labels.py for tasks to queue
[2024-02-12T21:00:58.590+0000] {logging_mixin.py:188} INFO - [2024-02-12T21:00:58.590+0000] {dagbag.py:538} INFO - Filling up the DagBag from /home/ubuntu/reddit_venv/lib/python3.10/site-packages/airflow/example_dags/example_branch_labels.py
[2024-02-12T21:00:58.599+0000] {processor.py:840} INFO - DAG(s) 'example_branch_labels' retrieved from /home/ubuntu/reddit_venv/lib/python3.10/site-packages/airflow/example_dags/example_branch_labels.py
[2024-02-12T21:00:58.616+0000] {logging_mixin.py:188} INFO - [2024-02-12T21:00:58.616+0000] {dag.py:3036} INFO - Sync 1 DAGs
[2024-02-12T21:00:58.637+0000] {logging_mixin.py:188} INFO - [2024-02-12T21:00:58.637+0000] {dag.py:3823} INFO - Setting next_dagrun for example_branch_labels to 2024-02-11 00:00:00+00:00, run_after=2024-02-12 00:00:00+00:00
[2024-02-12T21:00:58.661+0000] {processor.py:183} INFO - Processing /home/ubuntu/reddit_venv/lib/python3.10/site-packages/airflow/example_dags/example_branch_labels.py took 0.076 seconds
[2024-02-12T21:01:50.196+0000] {processor.py:161} INFO - Started process (PID=5788) to work on /home/ubuntu/reddit_venv/lib/python3.10/site-packages/airflow/example_dags/example_branch_labels.py
[2024-02-12T21:01:50.197+0000] {processor.py:830} INFO - Processing file /home/ubuntu/reddit_venv/lib/python3.10/site-packages/airflow/example_dags/example_branch_labels.py for tasks to queue
[2024-02-12T21:01:50.198+0000] {logging_mixin.py:188} INFO - [2024-02-12T21:01:50.197+0000] {dagbag.py:538} INFO - Filling up the DagBag from /home/ubuntu/reddit_venv/lib/python3.10/site-packages/airflow/example_dags/example_branch_labels.py
[2024-02-12T21:01:50.206+0000] {processor.py:840} INFO - DAG(s) 'example_branch_labels' retrieved from /home/ubuntu/reddit_venv/lib/python3.10/site-packages/airflow/example_dags/example_branch_labels.py
[2024-02-12T21:01:50.223+0000] {logging_mixin.py:188} INFO - [2024-02-12T21:01:50.223+0000] {dag.py:3036} INFO - Sync 1 DAGs
[2024-02-12T21:01:50.244+0000] {logging_mixin.py:188} INFO - [2024-02-12T21:01:50.244+0000] {dag.py:3823} INFO - Setting next_dagrun for example_branch_labels to 2024-02-11 00:00:00+00:00, run_after=2024-02-12 00:00:00+00:00
[2024-02-12T21:01:50.265+0000] {processor.py:183} INFO - Processing /home/ubuntu/reddit_venv/lib/python3.10/site-packages/airflow/example_dags/example_branch_labels.py took 0.073 seconds
[2024-02-12T21:02:41.757+0000] {processor.py:161} INFO - Started process (PID=5842) to work on /home/ubuntu/reddit_venv/lib/python3.10/site-packages/airflow/example_dags/example_branch_labels.py
[2024-02-12T21:02:41.758+0000] {processor.py:830} INFO - Processing file /home/ubuntu/reddit_venv/lib/python3.10/site-packages/airflow/example_dags/example_branch_labels.py for tasks to queue
[2024-02-12T21:02:41.759+0000] {logging_mixin.py:188} INFO - [2024-02-12T21:02:41.759+0000] {dagbag.py:538} INFO - Filling up the DagBag from /home/ubuntu/reddit_venv/lib/python3.10/site-packages/airflow/example_dags/example_branch_labels.py
[2024-02-12T21:02:41.768+0000] {processor.py:840} INFO - DAG(s) 'example_branch_labels' retrieved from /home/ubuntu/reddit_venv/lib/python3.10/site-packages/airflow/example_dags/example_branch_labels.py
[2024-02-12T21:02:41.785+0000] {logging_mixin.py:188} INFO - [2024-02-12T21:02:41.785+0000] {dag.py:3036} INFO - Sync 1 DAGs
[2024-02-12T21:02:41.807+0000] {logging_mixin.py:188} INFO - [2024-02-12T21:02:41.807+0000] {dag.py:3823} INFO - Setting next_dagrun for example_branch_labels to 2024-02-11 00:00:00+00:00, run_after=2024-02-12 00:00:00+00:00
[2024-02-12T21:02:41.829+0000] {processor.py:183} INFO - Processing /home/ubuntu/reddit_venv/lib/python3.10/site-packages/airflow/example_dags/example_branch_labels.py took 0.076 seconds
[2024-02-12T21:03:31.314+0000] {processor.py:161} INFO - Started process (PID=5898) to work on /home/ubuntu/reddit_venv/lib/python3.10/site-packages/airflow/example_dags/example_branch_labels.py
[2024-02-12T21:03:31.316+0000] {processor.py:830} INFO - Processing file /home/ubuntu/reddit_venv/lib/python3.10/site-packages/airflow/example_dags/example_branch_labels.py for tasks to queue
[2024-02-12T21:03:31.317+0000] {logging_mixin.py:188} INFO - [2024-02-12T21:03:31.316+0000] {dagbag.py:538} INFO - Filling up the DagBag from /home/ubuntu/reddit_venv/lib/python3.10/site-packages/airflow/example_dags/example_branch_labels.py
[2024-02-12T21:03:31.326+0000] {processor.py:840} INFO - DAG(s) 'example_branch_labels' retrieved from /home/ubuntu/reddit_venv/lib/python3.10/site-packages/airflow/example_dags/example_branch_labels.py
[2024-02-12T21:03:31.343+0000] {logging_mixin.py:188} INFO - [2024-02-12T21:03:31.342+0000] {dag.py:3036} INFO - Sync 1 DAGs
[2024-02-12T21:03:31.364+0000] {logging_mixin.py:188} INFO - [2024-02-12T21:03:31.364+0000] {dag.py:3823} INFO - Setting next_dagrun for example_branch_labels to 2024-02-11 00:00:00+00:00, run_after=2024-02-12 00:00:00+00:00
[2024-02-12T21:03:31.387+0000] {processor.py:183} INFO - Processing /home/ubuntu/reddit_venv/lib/python3.10/site-packages/airflow/example_dags/example_branch_labels.py took 0.076 seconds
[2024-02-12T21:04:20.811+0000] {processor.py:161} INFO - Started process (PID=5955) to work on /home/ubuntu/reddit_venv/lib/python3.10/site-packages/airflow/example_dags/example_branch_labels.py
[2024-02-12T21:04:20.812+0000] {processor.py:830} INFO - Processing file /home/ubuntu/reddit_venv/lib/python3.10/site-packages/airflow/example_dags/example_branch_labels.py for tasks to queue
[2024-02-12T21:04:20.813+0000] {logging_mixin.py:188} INFO - [2024-02-12T21:04:20.813+0000] {dagbag.py:538} INFO - Filling up the DagBag from /home/ubuntu/reddit_venv/lib/python3.10/site-packages/airflow/example_dags/example_branch_labels.py
[2024-02-12T21:04:20.822+0000] {processor.py:840} INFO - DAG(s) 'example_branch_labels' retrieved from /home/ubuntu/reddit_venv/lib/python3.10/site-packages/airflow/example_dags/example_branch_labels.py
[2024-02-12T21:04:20.839+0000] {logging_mixin.py:188} INFO - [2024-02-12T21:04:20.839+0000] {dag.py:3036} INFO - Sync 1 DAGs
[2024-02-12T21:04:20.860+0000] {logging_mixin.py:188} INFO - [2024-02-12T21:04:20.859+0000] {dag.py:3823} INFO - Setting next_dagrun for example_branch_labels to 2024-02-11 00:00:00+00:00, run_after=2024-02-12 00:00:00+00:00
[2024-02-12T21:04:20.880+0000] {processor.py:183} INFO - Processing /home/ubuntu/reddit_venv/lib/python3.10/site-packages/airflow/example_dags/example_branch_labels.py took 0.073 seconds
[2024-02-12T21:05:12.304+0000] {processor.py:161} INFO - Started process (PID=6013) to work on /home/ubuntu/reddit_venv/lib/python3.10/site-packages/airflow/example_dags/example_branch_labels.py
[2024-02-12T21:05:12.305+0000] {processor.py:830} INFO - Processing file /home/ubuntu/reddit_venv/lib/python3.10/site-packages/airflow/example_dags/example_branch_labels.py for tasks to queue
[2024-02-12T21:05:12.306+0000] {logging_mixin.py:188} INFO - [2024-02-12T21:05:12.306+0000] {dagbag.py:538} INFO - Filling up the DagBag from /home/ubuntu/reddit_venv/lib/python3.10/site-packages/airflow/example_dags/example_branch_labels.py
[2024-02-12T21:05:12.315+0000] {processor.py:840} INFO - DAG(s) 'example_branch_labels' retrieved from /home/ubuntu/reddit_venv/lib/python3.10/site-packages/airflow/example_dags/example_branch_labels.py
[2024-02-12T21:05:12.332+0000] {logging_mixin.py:188} INFO - [2024-02-12T21:05:12.332+0000] {dag.py:3036} INFO - Sync 1 DAGs
[2024-02-12T21:05:12.353+0000] {logging_mixin.py:188} INFO - [2024-02-12T21:05:12.352+0000] {dag.py:3823} INFO - Setting next_dagrun for example_branch_labels to 2024-02-11 00:00:00+00:00, run_after=2024-02-12 00:00:00+00:00
[2024-02-12T21:05:12.373+0000] {processor.py:183} INFO - Processing /home/ubuntu/reddit_venv/lib/python3.10/site-packages/airflow/example_dags/example_branch_labels.py took 0.073 seconds
[2024-02-12T21:06:01.513+0000] {processor.py:161} INFO - Started process (PID=6068) to work on /home/ubuntu/reddit_venv/lib/python3.10/site-packages/airflow/example_dags/example_branch_labels.py
[2024-02-12T21:06:01.515+0000] {processor.py:830} INFO - Processing file /home/ubuntu/reddit_venv/lib/python3.10/site-packages/airflow/example_dags/example_branch_labels.py for tasks to queue
[2024-02-12T21:06:01.516+0000] {logging_mixin.py:188} INFO - [2024-02-12T21:06:01.515+0000] {dagbag.py:538} INFO - Filling up the DagBag from /home/ubuntu/reddit_venv/lib/python3.10/site-packages/airflow/example_dags/example_branch_labels.py
[2024-02-12T21:06:01.525+0000] {processor.py:840} INFO - DAG(s) 'example_branch_labels' retrieved from /home/ubuntu/reddit_venv/lib/python3.10/site-packages/airflow/example_dags/example_branch_labels.py
[2024-02-12T21:06:01.542+0000] {logging_mixin.py:188} INFO - [2024-02-12T21:06:01.542+0000] {dag.py:3036} INFO - Sync 1 DAGs
[2024-02-12T21:06:01.564+0000] {logging_mixin.py:188} INFO - [2024-02-12T21:06:01.564+0000] {dag.py:3823} INFO - Setting next_dagrun for example_branch_labels to 2024-02-11 00:00:00+00:00, run_after=2024-02-12 00:00:00+00:00
[2024-02-12T21:06:01.586+0000] {processor.py:183} INFO - Processing /home/ubuntu/reddit_venv/lib/python3.10/site-packages/airflow/example_dags/example_branch_labels.py took 0.076 seconds
[2024-02-12T21:06:50.706+0000] {processor.py:161} INFO - Started process (PID=6122) to work on /home/ubuntu/reddit_venv/lib/python3.10/site-packages/airflow/example_dags/example_branch_labels.py
[2024-02-12T21:06:50.707+0000] {processor.py:830} INFO - Processing file /home/ubuntu/reddit_venv/lib/python3.10/site-packages/airflow/example_dags/example_branch_labels.py for tasks to queue
[2024-02-12T21:06:50.708+0000] {logging_mixin.py:188} INFO - [2024-02-12T21:06:50.708+0000] {dagbag.py:538} INFO - Filling up the DagBag from /home/ubuntu/reddit_venv/lib/python3.10/site-packages/airflow/example_dags/example_branch_labels.py
[2024-02-12T21:06:50.717+0000] {processor.py:840} INFO - DAG(s) 'example_branch_labels' retrieved from /home/ubuntu/reddit_venv/lib/python3.10/site-packages/airflow/example_dags/example_branch_labels.py
[2024-02-12T21:06:50.735+0000] {logging_mixin.py:188} INFO - [2024-02-12T21:06:50.734+0000] {dag.py:3036} INFO - Sync 1 DAGs
[2024-02-12T21:06:50.756+0000] {logging_mixin.py:188} INFO - [2024-02-12T21:06:50.756+0000] {dag.py:3823} INFO - Setting next_dagrun for example_branch_labels to 2024-02-11 00:00:00+00:00, run_after=2024-02-12 00:00:00+00:00
[2024-02-12T21:06:50.777+0000] {processor.py:183} INFO - Processing /home/ubuntu/reddit_venv/lib/python3.10/site-packages/airflow/example_dags/example_branch_labels.py took 0.075 seconds
[2024-02-12T21:07:45.410+0000] {processor.py:161} INFO - Started process (PID=6179) to work on /home/ubuntu/reddit_venv/lib/python3.10/site-packages/airflow/example_dags/example_branch_labels.py
[2024-02-12T21:07:45.412+0000] {processor.py:830} INFO - Processing file /home/ubuntu/reddit_venv/lib/python3.10/site-packages/airflow/example_dags/example_branch_labels.py for tasks to queue
[2024-02-12T21:07:45.413+0000] {logging_mixin.py:188} INFO - [2024-02-12T21:07:45.412+0000] {dagbag.py:538} INFO - Filling up the DagBag from /home/ubuntu/reddit_venv/lib/python3.10/site-packages/airflow/example_dags/example_branch_labels.py
[2024-02-12T21:07:45.421+0000] {processor.py:840} INFO - DAG(s) 'example_branch_labels' retrieved from /home/ubuntu/reddit_venv/lib/python3.10/site-packages/airflow/example_dags/example_branch_labels.py
[2024-02-12T21:07:45.438+0000] {logging_mixin.py:188} INFO - [2024-02-12T21:07:45.438+0000] {dag.py:3036} INFO - Sync 1 DAGs
[2024-02-12T21:07:45.460+0000] {logging_mixin.py:188} INFO - [2024-02-12T21:07:45.459+0000] {dag.py:3823} INFO - Setting next_dagrun for example_branch_labels to 2024-02-11 00:00:00+00:00, run_after=2024-02-12 00:00:00+00:00
[2024-02-12T21:07:45.480+0000] {processor.py:183} INFO - Processing /home/ubuntu/reddit_venv/lib/python3.10/site-packages/airflow/example_dags/example_branch_labels.py took 0.073 seconds
[2024-02-12T21:08:43.980+0000] {processor.py:161} INFO - Started process (PID=6239) to work on /home/ubuntu/reddit_venv/lib/python3.10/site-packages/airflow/example_dags/example_branch_labels.py
[2024-02-12T21:08:43.982+0000] {processor.py:830} INFO - Processing file /home/ubuntu/reddit_venv/lib/python3.10/site-packages/airflow/example_dags/example_branch_labels.py for tasks to queue
[2024-02-12T21:08:43.982+0000] {logging_mixin.py:188} INFO - [2024-02-12T21:08:43.982+0000] {dagbag.py:538} INFO - Filling up the DagBag from /home/ubuntu/reddit_venv/lib/python3.10/site-packages/airflow/example_dags/example_branch_labels.py
[2024-02-12T21:08:43.991+0000] {processor.py:840} INFO - DAG(s) 'example_branch_labels' retrieved from /home/ubuntu/reddit_venv/lib/python3.10/site-packages/airflow/example_dags/example_branch_labels.py
[2024-02-12T21:08:44.008+0000] {logging_mixin.py:188} INFO - [2024-02-12T21:08:44.008+0000] {dag.py:3036} INFO - Sync 1 DAGs
[2024-02-12T21:08:44.029+0000] {logging_mixin.py:188} INFO - [2024-02-12T21:08:44.028+0000] {dag.py:3823} INFO - Setting next_dagrun for example_branch_labels to 2024-02-11 00:00:00+00:00, run_after=2024-02-12 00:00:00+00:00
[2024-02-12T21:08:44.051+0000] {processor.py:183} INFO - Processing /home/ubuntu/reddit_venv/lib/python3.10/site-packages/airflow/example_dags/example_branch_labels.py took 0.074 seconds
[2024-02-12T21:09:36.204+0000] {processor.py:161} INFO - Started process (PID=6297) to work on /home/ubuntu/reddit_venv/lib/python3.10/site-packages/airflow/example_dags/example_branch_labels.py
[2024-02-12T21:09:36.205+0000] {processor.py:830} INFO - Processing file /home/ubuntu/reddit_venv/lib/python3.10/site-packages/airflow/example_dags/example_branch_labels.py for tasks to queue
[2024-02-12T21:09:36.206+0000] {logging_mixin.py:188} INFO - [2024-02-12T21:09:36.206+0000] {dagbag.py:538} INFO - Filling up the DagBag from /home/ubuntu/reddit_venv/lib/python3.10/site-packages/airflow/example_dags/example_branch_labels.py
[2024-02-12T21:09:36.215+0000] {processor.py:840} INFO - DAG(s) 'example_branch_labels' retrieved from /home/ubuntu/reddit_venv/lib/python3.10/site-packages/airflow/example_dags/example_branch_labels.py
[2024-02-12T21:09:36.232+0000] {logging_mixin.py:188} INFO - [2024-02-12T21:09:36.232+0000] {dag.py:3036} INFO - Sync 1 DAGs
[2024-02-12T21:09:36.253+0000] {logging_mixin.py:188} INFO - [2024-02-12T21:09:36.253+0000] {dag.py:3823} INFO - Setting next_dagrun for example_branch_labels to 2024-02-11 00:00:00+00:00, run_after=2024-02-12 00:00:00+00:00
[2024-02-12T21:09:36.275+0000] {processor.py:183} INFO - Processing /home/ubuntu/reddit_venv/lib/python3.10/site-packages/airflow/example_dags/example_branch_labels.py took 0.074 seconds
[2024-02-12T21:10:25.653+0000] {processor.py:161} INFO - Started process (PID=6351) to work on /home/ubuntu/reddit_venv/lib/python3.10/site-packages/airflow/example_dags/example_branch_labels.py
[2024-02-12T21:10:25.655+0000] {processor.py:830} INFO - Processing file /home/ubuntu/reddit_venv/lib/python3.10/site-packages/airflow/example_dags/example_branch_labels.py for tasks to queue
[2024-02-12T21:10:25.656+0000] {logging_mixin.py:188} INFO - [2024-02-12T21:10:25.655+0000] {dagbag.py:538} INFO - Filling up the DagBag from /home/ubuntu/reddit_venv/lib/python3.10/site-packages/airflow/example_dags/example_branch_labels.py
[2024-02-12T21:10:25.665+0000] {processor.py:840} INFO - DAG(s) 'example_branch_labels' retrieved from /home/ubuntu/reddit_venv/lib/python3.10/site-packages/airflow/example_dags/example_branch_labels.py
[2024-02-12T21:10:25.682+0000] {logging_mixin.py:188} INFO - [2024-02-12T21:10:25.682+0000] {dag.py:3036} INFO - Sync 1 DAGs
[2024-02-12T21:10:25.703+0000] {logging_mixin.py:188} INFO - [2024-02-12T21:10:25.703+0000] {dag.py:3823} INFO - Setting next_dagrun for example_branch_labels to 2024-02-11 00:00:00+00:00, run_after=2024-02-12 00:00:00+00:00
[2024-02-12T21:10:25.724+0000] {processor.py:183} INFO - Processing /home/ubuntu/reddit_venv/lib/python3.10/site-packages/airflow/example_dags/example_branch_labels.py took 0.074 seconds
[2024-02-12T21:11:17.957+0000] {processor.py:161} INFO - Started process (PID=6407) to work on /home/ubuntu/reddit_venv/lib/python3.10/site-packages/airflow/example_dags/example_branch_labels.py
[2024-02-12T21:11:17.958+0000] {processor.py:830} INFO - Processing file /home/ubuntu/reddit_venv/lib/python3.10/site-packages/airflow/example_dags/example_branch_labels.py for tasks to queue
[2024-02-12T21:11:17.959+0000] {logging_mixin.py:188} INFO - [2024-02-12T21:11:17.959+0000] {dagbag.py:538} INFO - Filling up the DagBag from /home/ubuntu/reddit_venv/lib/python3.10/site-packages/airflow/example_dags/example_branch_labels.py
[2024-02-12T21:11:17.968+0000] {processor.py:840} INFO - DAG(s) 'example_branch_labels' retrieved from /home/ubuntu/reddit_venv/lib/python3.10/site-packages/airflow/example_dags/example_branch_labels.py
[2024-02-12T21:11:17.986+0000] {logging_mixin.py:188} INFO - [2024-02-12T21:11:17.986+0000] {dag.py:3036} INFO - Sync 1 DAGs
[2024-02-12T21:11:18.007+0000] {logging_mixin.py:188} INFO - [2024-02-12T21:11:18.007+0000] {dag.py:3823} INFO - Setting next_dagrun for example_branch_labels to 2024-02-11 00:00:00+00:00, run_after=2024-02-12 00:00:00+00:00
[2024-02-12T21:11:18.029+0000] {processor.py:183} INFO - Processing /home/ubuntu/reddit_venv/lib/python3.10/site-packages/airflow/example_dags/example_branch_labels.py took 0.075 seconds
[2024-02-12T21:12:14.824+0000] {processor.py:161} INFO - Started process (PID=6469) to work on /home/ubuntu/reddit_venv/lib/python3.10/site-packages/airflow/example_dags/example_branch_labels.py
[2024-02-12T21:12:14.826+0000] {processor.py:830} INFO - Processing file /home/ubuntu/reddit_venv/lib/python3.10/site-packages/airflow/example_dags/example_branch_labels.py for tasks to queue
[2024-02-12T21:12:14.827+0000] {logging_mixin.py:188} INFO - [2024-02-12T21:12:14.826+0000] {dagbag.py:538} INFO - Filling up the DagBag from /home/ubuntu/reddit_venv/lib/python3.10/site-packages/airflow/example_dags/example_branch_labels.py
[2024-02-12T21:12:14.836+0000] {processor.py:840} INFO - DAG(s) 'example_branch_labels' retrieved from /home/ubuntu/reddit_venv/lib/python3.10/site-packages/airflow/example_dags/example_branch_labels.py
[2024-02-12T21:12:14.852+0000] {logging_mixin.py:188} INFO - [2024-02-12T21:12:14.852+0000] {dag.py:3036} INFO - Sync 1 DAGs
[2024-02-12T21:12:14.873+0000] {logging_mixin.py:188} INFO - [2024-02-12T21:12:14.873+0000] {dag.py:3823} INFO - Setting next_dagrun for example_branch_labels to 2024-02-11 00:00:00+00:00, run_after=2024-02-12 00:00:00+00:00
[2024-02-12T21:12:14.894+0000] {processor.py:183} INFO - Processing /home/ubuntu/reddit_venv/lib/python3.10/site-packages/airflow/example_dags/example_branch_labels.py took 0.073 seconds
[2024-02-12T21:13:02.203+0000] {processor.py:161} INFO - Started process (PID=6522) to work on /home/ubuntu/reddit_venv/lib/python3.10/site-packages/airflow/example_dags/example_branch_labels.py
[2024-02-12T21:13:02.204+0000] {processor.py:830} INFO - Processing file /home/ubuntu/reddit_venv/lib/python3.10/site-packages/airflow/example_dags/example_branch_labels.py for tasks to queue
[2024-02-12T21:13:02.205+0000] {logging_mixin.py:188} INFO - [2024-02-12T21:13:02.205+0000] {dagbag.py:538} INFO - Filling up the DagBag from /home/ubuntu/reddit_venv/lib/python3.10/site-packages/airflow/example_dags/example_branch_labels.py
[2024-02-12T21:13:02.214+0000] {processor.py:840} INFO - DAG(s) 'example_branch_labels' retrieved from /home/ubuntu/reddit_venv/lib/python3.10/site-packages/airflow/example_dags/example_branch_labels.py
[2024-02-12T21:13:02.231+0000] {logging_mixin.py:188} INFO - [2024-02-12T21:13:02.231+0000] {dag.py:3036} INFO - Sync 1 DAGs
[2024-02-12T21:13:02.252+0000] {logging_mixin.py:188} INFO - [2024-02-12T21:13:02.252+0000] {dag.py:3823} INFO - Setting next_dagrun for example_branch_labels to 2024-02-11 00:00:00+00:00, run_after=2024-02-12 00:00:00+00:00
[2024-02-12T21:13:02.274+0000] {processor.py:183} INFO - Processing /home/ubuntu/reddit_venv/lib/python3.10/site-packages/airflow/example_dags/example_branch_labels.py took 0.074 seconds
[2024-02-12T21:13:56.531+0000] {processor.py:161} INFO - Started process (PID=6582) to work on /home/ubuntu/reddit_venv/lib/python3.10/site-packages/airflow/example_dags/example_branch_labels.py
[2024-02-12T21:13:56.533+0000] {processor.py:830} INFO - Processing file /home/ubuntu/reddit_venv/lib/python3.10/site-packages/airflow/example_dags/example_branch_labels.py for tasks to queue
[2024-02-12T21:13:56.533+0000] {logging_mixin.py:188} INFO - [2024-02-12T21:13:56.533+0000] {dagbag.py:538} INFO - Filling up the DagBag from /home/ubuntu/reddit_venv/lib/python3.10/site-packages/airflow/example_dags/example_branch_labels.py
[2024-02-12T21:13:56.542+0000] {processor.py:840} INFO - DAG(s) 'example_branch_labels' retrieved from /home/ubuntu/reddit_venv/lib/python3.10/site-packages/airflow/example_dags/example_branch_labels.py
[2024-02-12T21:13:56.559+0000] {logging_mixin.py:188} INFO - [2024-02-12T21:13:56.559+0000] {dag.py:3036} INFO - Sync 1 DAGs
[2024-02-12T21:13:56.581+0000] {logging_mixin.py:188} INFO - [2024-02-12T21:13:56.580+0000] {dag.py:3823} INFO - Setting next_dagrun for example_branch_labels to 2024-02-11 00:00:00+00:00, run_after=2024-02-12 00:00:00+00:00
[2024-02-12T21:13:56.601+0000] {processor.py:183} INFO - Processing /home/ubuntu/reddit_venv/lib/python3.10/site-packages/airflow/example_dags/example_branch_labels.py took 0.073 seconds
[2024-02-12T21:14:42.959+0000] {processor.py:161} INFO - Started process (PID=6634) to work on /home/ubuntu/reddit_venv/lib/python3.10/site-packages/airflow/example_dags/example_branch_labels.py
[2024-02-12T21:14:42.961+0000] {processor.py:830} INFO - Processing file /home/ubuntu/reddit_venv/lib/python3.10/site-packages/airflow/example_dags/example_branch_labels.py for tasks to queue
[2024-02-12T21:14:42.961+0000] {logging_mixin.py:188} INFO - [2024-02-12T21:14:42.961+0000] {dagbag.py:538} INFO - Filling up the DagBag from /home/ubuntu/reddit_venv/lib/python3.10/site-packages/airflow/example_dags/example_branch_labels.py
[2024-02-12T21:14:42.970+0000] {processor.py:840} INFO - DAG(s) 'example_branch_labels' retrieved from /home/ubuntu/reddit_venv/lib/python3.10/site-packages/airflow/example_dags/example_branch_labels.py
[2024-02-12T21:14:42.988+0000] {logging_mixin.py:188} INFO - [2024-02-12T21:14:42.988+0000] {dag.py:3036} INFO - Sync 1 DAGs
[2024-02-12T21:14:43.010+0000] {logging_mixin.py:188} INFO - [2024-02-12T21:14:43.009+0000] {dag.py:3823} INFO - Setting next_dagrun for example_branch_labels to 2024-02-11 00:00:00+00:00, run_after=2024-02-12 00:00:00+00:00
[2024-02-12T21:14:43.031+0000] {processor.py:183} INFO - Processing /home/ubuntu/reddit_venv/lib/python3.10/site-packages/airflow/example_dags/example_branch_labels.py took 0.076 seconds
[2024-02-12T21:15:29.298+0000] {processor.py:161} INFO - Started process (PID=6685) to work on /home/ubuntu/reddit_venv/lib/python3.10/site-packages/airflow/example_dags/example_branch_labels.py
[2024-02-12T21:15:29.299+0000] {processor.py:830} INFO - Processing file /home/ubuntu/reddit_venv/lib/python3.10/site-packages/airflow/example_dags/example_branch_labels.py for tasks to queue
[2024-02-12T21:15:29.300+0000] {logging_mixin.py:188} INFO - [2024-02-12T21:15:29.300+0000] {dagbag.py:538} INFO - Filling up the DagBag from /home/ubuntu/reddit_venv/lib/python3.10/site-packages/airflow/example_dags/example_branch_labels.py
[2024-02-12T21:15:29.309+0000] {processor.py:840} INFO - DAG(s) 'example_branch_labels' retrieved from /home/ubuntu/reddit_venv/lib/python3.10/site-packages/airflow/example_dags/example_branch_labels.py
[2024-02-12T21:15:29.327+0000] {logging_mixin.py:188} INFO - [2024-02-12T21:15:29.327+0000] {dag.py:3036} INFO - Sync 1 DAGs
[2024-02-12T21:15:29.349+0000] {logging_mixin.py:188} INFO - [2024-02-12T21:15:29.349+0000] {dag.py:3823} INFO - Setting next_dagrun for example_branch_labels to 2024-02-11 00:00:00+00:00, run_after=2024-02-12 00:00:00+00:00
[2024-02-12T21:15:29.372+0000] {processor.py:183} INFO - Processing /home/ubuntu/reddit_venv/lib/python3.10/site-packages/airflow/example_dags/example_branch_labels.py took 0.078 seconds
[2024-02-12T21:16:21.849+0000] {processor.py:161} INFO - Started process (PID=6742) to work on /home/ubuntu/reddit_venv/lib/python3.10/site-packages/airflow/example_dags/example_branch_labels.py
[2024-02-12T21:16:21.850+0000] {processor.py:830} INFO - Processing file /home/ubuntu/reddit_venv/lib/python3.10/site-packages/airflow/example_dags/example_branch_labels.py for tasks to queue
[2024-02-12T21:16:21.851+0000] {logging_mixin.py:188} INFO - [2024-02-12T21:16:21.851+0000] {dagbag.py:538} INFO - Filling up the DagBag from /home/ubuntu/reddit_venv/lib/python3.10/site-packages/airflow/example_dags/example_branch_labels.py
[2024-02-12T21:16:21.860+0000] {processor.py:840} INFO - DAG(s) 'example_branch_labels' retrieved from /home/ubuntu/reddit_venv/lib/python3.10/site-packages/airflow/example_dags/example_branch_labels.py
[2024-02-12T21:16:21.878+0000] {logging_mixin.py:188} INFO - [2024-02-12T21:16:21.877+0000] {dag.py:3036} INFO - Sync 1 DAGs
[2024-02-12T21:16:21.899+0000] {logging_mixin.py:188} INFO - [2024-02-12T21:16:21.899+0000] {dag.py:3823} INFO - Setting next_dagrun for example_branch_labels to 2024-02-11 00:00:00+00:00, run_after=2024-02-12 00:00:00+00:00
[2024-02-12T21:16:21.921+0000] {processor.py:183} INFO - Processing /home/ubuntu/reddit_venv/lib/python3.10/site-packages/airflow/example_dags/example_branch_labels.py took 0.075 seconds
[2024-02-12T21:17:12.361+0000] {processor.py:161} INFO - Started process (PID=6802) to work on /home/ubuntu/reddit_venv/lib/python3.10/site-packages/airflow/example_dags/example_branch_labels.py
[2024-02-12T21:17:12.363+0000] {processor.py:830} INFO - Processing file /home/ubuntu/reddit_venv/lib/python3.10/site-packages/airflow/example_dags/example_branch_labels.py for tasks to queue
[2024-02-12T21:17:12.364+0000] {logging_mixin.py:188} INFO - [2024-02-12T21:17:12.363+0000] {dagbag.py:538} INFO - Filling up the DagBag from /home/ubuntu/reddit_venv/lib/python3.10/site-packages/airflow/example_dags/example_branch_labels.py
[2024-02-12T21:17:12.372+0000] {processor.py:840} INFO - DAG(s) 'example_branch_labels' retrieved from /home/ubuntu/reddit_venv/lib/python3.10/site-packages/airflow/example_dags/example_branch_labels.py
[2024-02-12T21:17:12.390+0000] {logging_mixin.py:188} INFO - [2024-02-12T21:17:12.390+0000] {dag.py:3036} INFO - Sync 1 DAGs
[2024-02-12T21:17:12.412+0000] {logging_mixin.py:188} INFO - [2024-02-12T21:17:12.412+0000] {dag.py:3823} INFO - Setting next_dagrun for example_branch_labels to 2024-02-11 00:00:00+00:00, run_after=2024-02-12 00:00:00+00:00
[2024-02-12T21:17:12.433+0000] {processor.py:183} INFO - Processing /home/ubuntu/reddit_venv/lib/python3.10/site-packages/airflow/example_dags/example_branch_labels.py took 0.075 seconds
[2024-02-12T21:18:05.667+0000] {processor.py:161} INFO - Started process (PID=6860) to work on /home/ubuntu/reddit_venv/lib/python3.10/site-packages/airflow/example_dags/example_branch_labels.py
[2024-02-12T21:18:05.668+0000] {processor.py:830} INFO - Processing file /home/ubuntu/reddit_venv/lib/python3.10/site-packages/airflow/example_dags/example_branch_labels.py for tasks to queue
[2024-02-12T21:18:05.669+0000] {logging_mixin.py:188} INFO - [2024-02-12T21:18:05.669+0000] {dagbag.py:538} INFO - Filling up the DagBag from /home/ubuntu/reddit_venv/lib/python3.10/site-packages/airflow/example_dags/example_branch_labels.py
[2024-02-12T21:18:05.678+0000] {processor.py:840} INFO - DAG(s) 'example_branch_labels' retrieved from /home/ubuntu/reddit_venv/lib/python3.10/site-packages/airflow/example_dags/example_branch_labels.py
[2024-02-12T21:18:05.696+0000] {logging_mixin.py:188} INFO - [2024-02-12T21:18:05.695+0000] {dag.py:3036} INFO - Sync 1 DAGs
[2024-02-12T21:18:05.716+0000] {logging_mixin.py:188} INFO - [2024-02-12T21:18:05.716+0000] {dag.py:3823} INFO - Setting next_dagrun for example_branch_labels to 2024-02-11 00:00:00+00:00, run_after=2024-02-12 00:00:00+00:00
[2024-02-12T21:18:05.737+0000] {processor.py:183} INFO - Processing /home/ubuntu/reddit_venv/lib/python3.10/site-packages/airflow/example_dags/example_branch_labels.py took 0.074 seconds
[2024-02-12T21:19:03.535+0000] {processor.py:161} INFO - Started process (PID=6920) to work on /home/ubuntu/reddit_venv/lib/python3.10/site-packages/airflow/example_dags/example_branch_labels.py
[2024-02-12T21:19:03.536+0000] {processor.py:830} INFO - Processing file /home/ubuntu/reddit_venv/lib/python3.10/site-packages/airflow/example_dags/example_branch_labels.py for tasks to queue
[2024-02-12T21:19:03.537+0000] {logging_mixin.py:188} INFO - [2024-02-12T21:19:03.537+0000] {dagbag.py:538} INFO - Filling up the DagBag from /home/ubuntu/reddit_venv/lib/python3.10/site-packages/airflow/example_dags/example_branch_labels.py
[2024-02-12T21:19:03.546+0000] {processor.py:840} INFO - DAG(s) 'example_branch_labels' retrieved from /home/ubuntu/reddit_venv/lib/python3.10/site-packages/airflow/example_dags/example_branch_labels.py
[2024-02-12T21:19:03.564+0000] {logging_mixin.py:188} INFO - [2024-02-12T21:19:03.563+0000] {dag.py:3036} INFO - Sync 1 DAGs
[2024-02-12T21:19:03.586+0000] {logging_mixin.py:188} INFO - [2024-02-12T21:19:03.585+0000] {dag.py:3823} INFO - Setting next_dagrun for example_branch_labels to 2024-02-11 00:00:00+00:00, run_after=2024-02-12 00:00:00+00:00
[2024-02-12T21:19:03.607+0000] {processor.py:183} INFO - Processing /home/ubuntu/reddit_venv/lib/python3.10/site-packages/airflow/example_dags/example_branch_labels.py took 0.076 seconds
[2024-02-12T21:19:56.202+0000] {processor.py:161} INFO - Started process (PID=6977) to work on /home/ubuntu/reddit_venv/lib/python3.10/site-packages/airflow/example_dags/example_branch_labels.py
[2024-02-12T21:19:56.204+0000] {processor.py:830} INFO - Processing file /home/ubuntu/reddit_venv/lib/python3.10/site-packages/airflow/example_dags/example_branch_labels.py for tasks to queue
[2024-02-12T21:19:56.205+0000] {logging_mixin.py:188} INFO - [2024-02-12T21:19:56.204+0000] {dagbag.py:538} INFO - Filling up the DagBag from /home/ubuntu/reddit_venv/lib/python3.10/site-packages/airflow/example_dags/example_branch_labels.py
[2024-02-12T21:19:56.214+0000] {processor.py:840} INFO - DAG(s) 'example_branch_labels' retrieved from /home/ubuntu/reddit_venv/lib/python3.10/site-packages/airflow/example_dags/example_branch_labels.py
[2024-02-12T21:19:56.231+0000] {logging_mixin.py:188} INFO - [2024-02-12T21:19:56.231+0000] {dag.py:3036} INFO - Sync 1 DAGs
[2024-02-12T21:19:56.253+0000] {logging_mixin.py:188} INFO - [2024-02-12T21:19:56.253+0000] {dag.py:3823} INFO - Setting next_dagrun for example_branch_labels to 2024-02-11 00:00:00+00:00, run_after=2024-02-12 00:00:00+00:00
[2024-02-12T21:19:56.275+0000] {processor.py:183} INFO - Processing /home/ubuntu/reddit_venv/lib/python3.10/site-packages/airflow/example_dags/example_branch_labels.py took 0.076 seconds
[2024-02-12T21:20:48.148+0000] {processor.py:161} INFO - Started process (PID=7034) to work on /home/ubuntu/reddit_venv/lib/python3.10/site-packages/airflow/example_dags/example_branch_labels.py
[2024-02-12T21:20:48.149+0000] {processor.py:830} INFO - Processing file /home/ubuntu/reddit_venv/lib/python3.10/site-packages/airflow/example_dags/example_branch_labels.py for tasks to queue
[2024-02-12T21:20:48.150+0000] {logging_mixin.py:188} INFO - [2024-02-12T21:20:48.150+0000] {dagbag.py:538} INFO - Filling up the DagBag from /home/ubuntu/reddit_venv/lib/python3.10/site-packages/airflow/example_dags/example_branch_labels.py
[2024-02-12T21:20:48.159+0000] {processor.py:840} INFO - DAG(s) 'example_branch_labels' retrieved from /home/ubuntu/reddit_venv/lib/python3.10/site-packages/airflow/example_dags/example_branch_labels.py
[2024-02-12T21:20:48.176+0000] {logging_mixin.py:188} INFO - [2024-02-12T21:20:48.176+0000] {dag.py:3036} INFO - Sync 1 DAGs
[2024-02-12T21:20:48.198+0000] {logging_mixin.py:188} INFO - [2024-02-12T21:20:48.198+0000] {dag.py:3823} INFO - Setting next_dagrun for example_branch_labels to 2024-02-11 00:00:00+00:00, run_after=2024-02-12 00:00:00+00:00
[2024-02-12T21:20:48.220+0000] {processor.py:183} INFO - Processing /home/ubuntu/reddit_venv/lib/python3.10/site-packages/airflow/example_dags/example_branch_labels.py took 0.075 seconds
[2024-02-12T21:21:41.279+0000] {processor.py:161} INFO - Started process (PID=7091) to work on /home/ubuntu/reddit_venv/lib/python3.10/site-packages/airflow/example_dags/example_branch_labels.py
[2024-02-12T21:21:41.282+0000] {processor.py:830} INFO - Processing file /home/ubuntu/reddit_venv/lib/python3.10/site-packages/airflow/example_dags/example_branch_labels.py for tasks to queue
[2024-02-12T21:21:41.283+0000] {logging_mixin.py:188} INFO - [2024-02-12T21:21:41.283+0000] {dagbag.py:538} INFO - Filling up the DagBag from /home/ubuntu/reddit_venv/lib/python3.10/site-packages/airflow/example_dags/example_branch_labels.py
[2024-02-12T21:21:41.291+0000] {processor.py:840} INFO - DAG(s) 'example_branch_labels' retrieved from /home/ubuntu/reddit_venv/lib/python3.10/site-packages/airflow/example_dags/example_branch_labels.py
[2024-02-12T21:21:41.308+0000] {logging_mixin.py:188} INFO - [2024-02-12T21:21:41.308+0000] {dag.py:3036} INFO - Sync 1 DAGs
[2024-02-12T21:21:41.329+0000] {logging_mixin.py:188} INFO - [2024-02-12T21:21:41.329+0000] {dag.py:3823} INFO - Setting next_dagrun for example_branch_labels to 2024-02-11 00:00:00+00:00, run_after=2024-02-12 00:00:00+00:00
[2024-02-12T21:21:41.350+0000] {processor.py:183} INFO - Processing /home/ubuntu/reddit_venv/lib/python3.10/site-packages/airflow/example_dags/example_branch_labels.py took 0.074 seconds
[2024-02-12T21:22:35.703+0000] {processor.py:161} INFO - Started process (PID=7150) to work on /home/ubuntu/reddit_venv/lib/python3.10/site-packages/airflow/example_dags/example_branch_labels.py
[2024-02-12T21:22:35.705+0000] {processor.py:830} INFO - Processing file /home/ubuntu/reddit_venv/lib/python3.10/site-packages/airflow/example_dags/example_branch_labels.py for tasks to queue
[2024-02-12T21:22:35.706+0000] {logging_mixin.py:188} INFO - [2024-02-12T21:22:35.705+0000] {dagbag.py:538} INFO - Filling up the DagBag from /home/ubuntu/reddit_venv/lib/python3.10/site-packages/airflow/example_dags/example_branch_labels.py
[2024-02-12T21:22:35.715+0000] {processor.py:840} INFO - DAG(s) 'example_branch_labels' retrieved from /home/ubuntu/reddit_venv/lib/python3.10/site-packages/airflow/example_dags/example_branch_labels.py
[2024-02-12T21:22:35.732+0000] {logging_mixin.py:188} INFO - [2024-02-12T21:22:35.732+0000] {dag.py:3036} INFO - Sync 1 DAGs
[2024-02-12T21:22:35.754+0000] {logging_mixin.py:188} INFO - [2024-02-12T21:22:35.754+0000] {dag.py:3823} INFO - Setting next_dagrun for example_branch_labels to 2024-02-11 00:00:00+00:00, run_after=2024-02-12 00:00:00+00:00
[2024-02-12T21:22:35.776+0000] {processor.py:183} INFO - Processing /home/ubuntu/reddit_venv/lib/python3.10/site-packages/airflow/example_dags/example_branch_labels.py took 0.076 seconds
[2024-02-12T21:23:27.271+0000] {processor.py:161} INFO - Started process (PID=7207) to work on /home/ubuntu/reddit_venv/lib/python3.10/site-packages/airflow/example_dags/example_branch_labels.py
[2024-02-12T21:23:27.274+0000] {processor.py:830} INFO - Processing file /home/ubuntu/reddit_venv/lib/python3.10/site-packages/airflow/example_dags/example_branch_labels.py for tasks to queue
[2024-02-12T21:23:27.275+0000] {logging_mixin.py:188} INFO - [2024-02-12T21:23:27.274+0000] {dagbag.py:538} INFO - Filling up the DagBag from /home/ubuntu/reddit_venv/lib/python3.10/site-packages/airflow/example_dags/example_branch_labels.py
[2024-02-12T21:23:27.284+0000] {processor.py:840} INFO - DAG(s) 'example_branch_labels' retrieved from /home/ubuntu/reddit_venv/lib/python3.10/site-packages/airflow/example_dags/example_branch_labels.py
[2024-02-12T21:23:27.301+0000] {logging_mixin.py:188} INFO - [2024-02-12T21:23:27.301+0000] {dag.py:3036} INFO - Sync 1 DAGs
[2024-02-12T21:23:27.323+0000] {logging_mixin.py:188} INFO - [2024-02-12T21:23:27.322+0000] {dag.py:3823} INFO - Setting next_dagrun for example_branch_labels to 2024-02-11 00:00:00+00:00, run_after=2024-02-12 00:00:00+00:00
[2024-02-12T21:23:27.344+0000] {processor.py:183} INFO - Processing /home/ubuntu/reddit_venv/lib/python3.10/site-packages/airflow/example_dags/example_branch_labels.py took 0.076 seconds
[2024-02-12T21:24:20.431+0000] {processor.py:161} INFO - Started process (PID=7263) to work on /home/ubuntu/reddit_venv/lib/python3.10/site-packages/airflow/example_dags/example_branch_labels.py
[2024-02-12T21:24:20.433+0000] {processor.py:830} INFO - Processing file /home/ubuntu/reddit_venv/lib/python3.10/site-packages/airflow/example_dags/example_branch_labels.py for tasks to queue
[2024-02-12T21:24:20.434+0000] {logging_mixin.py:188} INFO - [2024-02-12T21:24:20.434+0000] {dagbag.py:538} INFO - Filling up the DagBag from /home/ubuntu/reddit_venv/lib/python3.10/site-packages/airflow/example_dags/example_branch_labels.py
[2024-02-12T21:24:20.443+0000] {processor.py:840} INFO - DAG(s) 'example_branch_labels' retrieved from /home/ubuntu/reddit_venv/lib/python3.10/site-packages/airflow/example_dags/example_branch_labels.py
[2024-02-12T21:24:20.460+0000] {logging_mixin.py:188} INFO - [2024-02-12T21:24:20.460+0000] {dag.py:3036} INFO - Sync 1 DAGs
[2024-02-12T21:24:20.482+0000] {logging_mixin.py:188} INFO - [2024-02-12T21:24:20.482+0000] {dag.py:3823} INFO - Setting next_dagrun for example_branch_labels to 2024-02-11 00:00:00+00:00, run_after=2024-02-12 00:00:00+00:00
[2024-02-12T21:24:20.504+0000] {processor.py:183} INFO - Processing /home/ubuntu/reddit_venv/lib/python3.10/site-packages/airflow/example_dags/example_branch_labels.py took 0.076 seconds
[2024-02-12T21:25:11.721+0000] {processor.py:161} INFO - Started process (PID=7320) to work on /home/ubuntu/reddit_venv/lib/python3.10/site-packages/airflow/example_dags/example_branch_labels.py
[2024-02-12T21:25:11.723+0000] {processor.py:830} INFO - Processing file /home/ubuntu/reddit_venv/lib/python3.10/site-packages/airflow/example_dags/example_branch_labels.py for tasks to queue
[2024-02-12T21:25:11.724+0000] {logging_mixin.py:188} INFO - [2024-02-12T21:25:11.723+0000] {dagbag.py:538} INFO - Filling up the DagBag from /home/ubuntu/reddit_venv/lib/python3.10/site-packages/airflow/example_dags/example_branch_labels.py
[2024-02-12T21:25:11.733+0000] {processor.py:840} INFO - DAG(s) 'example_branch_labels' retrieved from /home/ubuntu/reddit_venv/lib/python3.10/site-packages/airflow/example_dags/example_branch_labels.py
[2024-02-12T21:25:11.750+0000] {logging_mixin.py:188} INFO - [2024-02-12T21:25:11.750+0000] {dag.py:3036} INFO - Sync 1 DAGs
[2024-02-12T21:25:11.772+0000] {logging_mixin.py:188} INFO - [2024-02-12T21:25:11.771+0000] {dag.py:3823} INFO - Setting next_dagrun for example_branch_labels to 2024-02-11 00:00:00+00:00, run_after=2024-02-12 00:00:00+00:00
[2024-02-12T21:25:11.794+0000] {processor.py:183} INFO - Processing /home/ubuntu/reddit_venv/lib/python3.10/site-packages/airflow/example_dags/example_branch_labels.py took 0.076 seconds
[2024-02-12T21:26:01.443+0000] {processor.py:161} INFO - Started process (PID=7375) to work on /home/ubuntu/reddit_venv/lib/python3.10/site-packages/airflow/example_dags/example_branch_labels.py
[2024-02-12T21:26:01.444+0000] {processor.py:830} INFO - Processing file /home/ubuntu/reddit_venv/lib/python3.10/site-packages/airflow/example_dags/example_branch_labels.py for tasks to queue
[2024-02-12T21:26:01.445+0000] {logging_mixin.py:188} INFO - [2024-02-12T21:26:01.445+0000] {dagbag.py:538} INFO - Filling up the DagBag from /home/ubuntu/reddit_venv/lib/python3.10/site-packages/airflow/example_dags/example_branch_labels.py
[2024-02-12T21:26:01.454+0000] {processor.py:840} INFO - DAG(s) 'example_branch_labels' retrieved from /home/ubuntu/reddit_venv/lib/python3.10/site-packages/airflow/example_dags/example_branch_labels.py
[2024-02-12T21:26:01.471+0000] {logging_mixin.py:188} INFO - [2024-02-12T21:26:01.471+0000] {dag.py:3036} INFO - Sync 1 DAGs
[2024-02-12T21:26:01.492+0000] {logging_mixin.py:188} INFO - [2024-02-12T21:26:01.492+0000] {dag.py:3823} INFO - Setting next_dagrun for example_branch_labels to 2024-02-11 00:00:00+00:00, run_after=2024-02-12 00:00:00+00:00
[2024-02-12T21:26:01.513+0000] {processor.py:183} INFO - Processing /home/ubuntu/reddit_venv/lib/python3.10/site-packages/airflow/example_dags/example_branch_labels.py took 0.073 seconds
[2024-02-12T21:26:48.551+0000] {processor.py:161} INFO - Started process (PID=7426) to work on /home/ubuntu/reddit_venv/lib/python3.10/site-packages/airflow/example_dags/example_branch_labels.py
[2024-02-12T21:26:48.552+0000] {processor.py:830} INFO - Processing file /home/ubuntu/reddit_venv/lib/python3.10/site-packages/airflow/example_dags/example_branch_labels.py for tasks to queue
[2024-02-12T21:26:48.553+0000] {logging_mixin.py:188} INFO - [2024-02-12T21:26:48.553+0000] {dagbag.py:538} INFO - Filling up the DagBag from /home/ubuntu/reddit_venv/lib/python3.10/site-packages/airflow/example_dags/example_branch_labels.py
[2024-02-12T21:26:48.562+0000] {processor.py:840} INFO - DAG(s) 'example_branch_labels' retrieved from /home/ubuntu/reddit_venv/lib/python3.10/site-packages/airflow/example_dags/example_branch_labels.py
[2024-02-12T21:26:48.579+0000] {logging_mixin.py:188} INFO - [2024-02-12T21:26:48.579+0000] {dag.py:3036} INFO - Sync 1 DAGs
[2024-02-12T21:26:48.601+0000] {logging_mixin.py:188} INFO - [2024-02-12T21:26:48.600+0000] {dag.py:3823} INFO - Setting next_dagrun for example_branch_labels to 2024-02-11 00:00:00+00:00, run_after=2024-02-12 00:00:00+00:00
[2024-02-12T21:26:48.623+0000] {processor.py:183} INFO - Processing /home/ubuntu/reddit_venv/lib/python3.10/site-packages/airflow/example_dags/example_branch_labels.py took 0.075 seconds
[2024-02-12T21:27:43.916+0000] {processor.py:161} INFO - Started process (PID=7488) to work on /home/ubuntu/reddit_venv/lib/python3.10/site-packages/airflow/example_dags/example_branch_labels.py
[2024-02-12T21:27:43.917+0000] {processor.py:830} INFO - Processing file /home/ubuntu/reddit_venv/lib/python3.10/site-packages/airflow/example_dags/example_branch_labels.py for tasks to queue
[2024-02-12T21:27:43.918+0000] {logging_mixin.py:188} INFO - [2024-02-12T21:27:43.918+0000] {dagbag.py:538} INFO - Filling up the DagBag from /home/ubuntu/reddit_venv/lib/python3.10/site-packages/airflow/example_dags/example_branch_labels.py
[2024-02-12T21:27:43.927+0000] {processor.py:840} INFO - DAG(s) 'example_branch_labels' retrieved from /home/ubuntu/reddit_venv/lib/python3.10/site-packages/airflow/example_dags/example_branch_labels.py
[2024-02-12T21:27:43.944+0000] {logging_mixin.py:188} INFO - [2024-02-12T21:27:43.943+0000] {dag.py:3036} INFO - Sync 1 DAGs
[2024-02-12T21:27:43.964+0000] {logging_mixin.py:188} INFO - [2024-02-12T21:27:43.964+0000] {dag.py:3823} INFO - Setting next_dagrun for example_branch_labels to 2024-02-11 00:00:00+00:00, run_after=2024-02-12 00:00:00+00:00
[2024-02-12T21:27:43.984+0000] {processor.py:183} INFO - Processing /home/ubuntu/reddit_venv/lib/python3.10/site-packages/airflow/example_dags/example_branch_labels.py took 0.072 seconds
[2024-02-12T21:28:30.950+0000] {processor.py:161} INFO - Started process (PID=7539) to work on /home/ubuntu/reddit_venv/lib/python3.10/site-packages/airflow/example_dags/example_branch_labels.py
[2024-02-12T21:28:30.952+0000] {processor.py:830} INFO - Processing file /home/ubuntu/reddit_venv/lib/python3.10/site-packages/airflow/example_dags/example_branch_labels.py for tasks to queue
[2024-02-12T21:28:30.953+0000] {logging_mixin.py:188} INFO - [2024-02-12T21:28:30.952+0000] {dagbag.py:538} INFO - Filling up the DagBag from /home/ubuntu/reddit_venv/lib/python3.10/site-packages/airflow/example_dags/example_branch_labels.py
[2024-02-12T21:28:30.961+0000] {processor.py:840} INFO - DAG(s) 'example_branch_labels' retrieved from /home/ubuntu/reddit_venv/lib/python3.10/site-packages/airflow/example_dags/example_branch_labels.py
[2024-02-12T21:28:30.978+0000] {logging_mixin.py:188} INFO - [2024-02-12T21:28:30.978+0000] {dag.py:3036} INFO - Sync 1 DAGs
[2024-02-12T21:28:30.999+0000] {logging_mixin.py:188} INFO - [2024-02-12T21:28:30.999+0000] {dag.py:3823} INFO - Setting next_dagrun for example_branch_labels to 2024-02-11 00:00:00+00:00, run_after=2024-02-12 00:00:00+00:00
[2024-02-12T21:28:31.020+0000] {processor.py:183} INFO - Processing /home/ubuntu/reddit_venv/lib/python3.10/site-packages/airflow/example_dags/example_branch_labels.py took 0.073 seconds
[2024-02-12T21:29:23.465+0000] {processor.py:161} INFO - Started process (PID=7596) to work on /home/ubuntu/reddit_venv/lib/python3.10/site-packages/airflow/example_dags/example_branch_labels.py
[2024-02-12T21:29:23.466+0000] {processor.py:830} INFO - Processing file /home/ubuntu/reddit_venv/lib/python3.10/site-packages/airflow/example_dags/example_branch_labels.py for tasks to queue
[2024-02-12T21:29:23.467+0000] {logging_mixin.py:188} INFO - [2024-02-12T21:29:23.467+0000] {dagbag.py:538} INFO - Filling up the DagBag from /home/ubuntu/reddit_venv/lib/python3.10/site-packages/airflow/example_dags/example_branch_labels.py
[2024-02-12T21:29:23.476+0000] {processor.py:840} INFO - DAG(s) 'example_branch_labels' retrieved from /home/ubuntu/reddit_venv/lib/python3.10/site-packages/airflow/example_dags/example_branch_labels.py
[2024-02-12T21:29:23.493+0000] {logging_mixin.py:188} INFO - [2024-02-12T21:29:23.493+0000] {dag.py:3036} INFO - Sync 1 DAGs
[2024-02-12T21:29:23.515+0000] {logging_mixin.py:188} INFO - [2024-02-12T21:29:23.515+0000] {dag.py:3823} INFO - Setting next_dagrun for example_branch_labels to 2024-02-11 00:00:00+00:00, run_after=2024-02-12 00:00:00+00:00
[2024-02-12T21:29:23.537+0000] {processor.py:183} INFO - Processing /home/ubuntu/reddit_venv/lib/python3.10/site-packages/airflow/example_dags/example_branch_labels.py took 0.075 seconds
[2024-02-12T21:30:16.019+0000] {processor.py:161} INFO - Started process (PID=7653) to work on /home/ubuntu/reddit_venv/lib/python3.10/site-packages/airflow/example_dags/example_branch_labels.py
[2024-02-12T21:30:16.020+0000] {processor.py:830} INFO - Processing file /home/ubuntu/reddit_venv/lib/python3.10/site-packages/airflow/example_dags/example_branch_labels.py for tasks to queue
[2024-02-12T21:30:16.021+0000] {logging_mixin.py:188} INFO - [2024-02-12T21:30:16.021+0000] {dagbag.py:538} INFO - Filling up the DagBag from /home/ubuntu/reddit_venv/lib/python3.10/site-packages/airflow/example_dags/example_branch_labels.py
[2024-02-12T21:30:16.030+0000] {processor.py:840} INFO - DAG(s) 'example_branch_labels' retrieved from /home/ubuntu/reddit_venv/lib/python3.10/site-packages/airflow/example_dags/example_branch_labels.py
[2024-02-12T21:30:16.047+0000] {logging_mixin.py:188} INFO - [2024-02-12T21:30:16.047+0000] {dag.py:3036} INFO - Sync 1 DAGs
[2024-02-12T21:30:16.068+0000] {logging_mixin.py:188} INFO - [2024-02-12T21:30:16.068+0000] {dag.py:3823} INFO - Setting next_dagrun for example_branch_labels to 2024-02-11 00:00:00+00:00, run_after=2024-02-12 00:00:00+00:00
[2024-02-12T21:30:16.089+0000] {processor.py:183} INFO - Processing /home/ubuntu/reddit_venv/lib/python3.10/site-packages/airflow/example_dags/example_branch_labels.py took 0.074 seconds
