[2024-02-12T20:39:25.986+0000] {processor.py:161} INFO - Started process (PID=3750) to work on /home/ubuntu/reddit_venv/lib/python3.10/site-packages/airflow/example_dags/example_complex.py
[2024-02-12T20:39:25.987+0000] {processor.py:830} INFO - Processing file /home/ubuntu/reddit_venv/lib/python3.10/site-packages/airflow/example_dags/example_complex.py for tasks to queue
[2024-02-12T20:39:25.988+0000] {logging_mixin.py:188} INFO - [2024-02-12T20:39:25.987+0000] {dagbag.py:538} INFO - Filling up the DagBag from /home/ubuntu/reddit_venv/lib/python3.10/site-packages/airflow/example_dags/example_complex.py
[2024-02-12T20:39:26.000+0000] {processor.py:840} INFO - DAG(s) 'example_complex' retrieved from /home/ubuntu/reddit_venv/lib/python3.10/site-packages/airflow/example_dags/example_complex.py
[2024-02-12T20:39:26.119+0000] {logging_mixin.py:188} INFO - [2024-02-12T20:39:26.118+0000] {override.py:1769} INFO - Created Permission View: can delete on DAG:example_complex
[2024-02-12T20:39:26.131+0000] {logging_mixin.py:188} INFO - [2024-02-12T20:39:26.131+0000] {override.py:1769} INFO - Created Permission View: can edit on DAG:example_complex
[2024-02-12T20:39:26.145+0000] {logging_mixin.py:188} INFO - [2024-02-12T20:39:26.145+0000] {override.py:1769} INFO - Created Permission View: can read on DAG:example_complex
[2024-02-12T20:39:26.146+0000] {logging_mixin.py:188} INFO - [2024-02-12T20:39:26.145+0000] {dag.py:3036} INFO - Sync 1 DAGs
[2024-02-12T20:39:26.156+0000] {logging_mixin.py:188} INFO - [2024-02-12T20:39:26.156+0000] {dag.py:3058} INFO - Creating ORM DAG for example_complex
[2024-02-12T20:39:26.156+0000] {logging_mixin.py:188} INFO - [2024-02-12T20:39:26.156+0000] {dag.py:3823} INFO - Setting next_dagrun for example_complex to None, run_after=None
[2024-02-12T20:39:26.223+0000] {processor.py:183} INFO - Processing /home/ubuntu/reddit_venv/lib/python3.10/site-packages/airflow/example_dags/example_complex.py took 0.241 seconds
[2024-02-12T20:40:23.749+0000] {processor.py:161} INFO - Started process (PID=3812) to work on /home/ubuntu/reddit_venv/lib/python3.10/site-packages/airflow/example_dags/example_complex.py
[2024-02-12T20:40:23.752+0000] {processor.py:830} INFO - Processing file /home/ubuntu/reddit_venv/lib/python3.10/site-packages/airflow/example_dags/example_complex.py for tasks to queue
[2024-02-12T20:40:23.753+0000] {logging_mixin.py:188} INFO - [2024-02-12T20:40:23.752+0000] {dagbag.py:538} INFO - Filling up the DagBag from /home/ubuntu/reddit_venv/lib/python3.10/site-packages/airflow/example_dags/example_complex.py
[2024-02-12T20:40:23.765+0000] {processor.py:840} INFO - DAG(s) 'example_complex' retrieved from /home/ubuntu/reddit_venv/lib/python3.10/site-packages/airflow/example_dags/example_complex.py
[2024-02-12T20:40:23.792+0000] {logging_mixin.py:188} INFO - [2024-02-12T20:40:23.792+0000] {dag.py:3036} INFO - Sync 1 DAGs
[2024-02-12T20:40:23.804+0000] {logging_mixin.py:188} INFO - [2024-02-12T20:40:23.804+0000] {dag.py:3823} INFO - Setting next_dagrun for example_complex to None, run_after=None
[2024-02-12T20:40:23.828+0000] {processor.py:183} INFO - Processing /home/ubuntu/reddit_venv/lib/python3.10/site-packages/airflow/example_dags/example_complex.py took 0.083 seconds
[2024-02-12T20:41:15.524+0000] {processor.py:161} INFO - Started process (PID=3867) to work on /home/ubuntu/reddit_venv/lib/python3.10/site-packages/airflow/example_dags/example_complex.py
[2024-02-12T20:41:15.525+0000] {processor.py:830} INFO - Processing file /home/ubuntu/reddit_venv/lib/python3.10/site-packages/airflow/example_dags/example_complex.py for tasks to queue
[2024-02-12T20:41:15.526+0000] {logging_mixin.py:188} INFO - [2024-02-12T20:41:15.526+0000] {dagbag.py:538} INFO - Filling up the DagBag from /home/ubuntu/reddit_venv/lib/python3.10/site-packages/airflow/example_dags/example_complex.py
[2024-02-12T20:41:15.538+0000] {processor.py:840} INFO - DAG(s) 'example_complex' retrieved from /home/ubuntu/reddit_venv/lib/python3.10/site-packages/airflow/example_dags/example_complex.py
[2024-02-12T20:41:15.565+0000] {logging_mixin.py:188} INFO - [2024-02-12T20:41:15.564+0000] {dag.py:3036} INFO - Sync 1 DAGs
[2024-02-12T20:41:15.577+0000] {logging_mixin.py:188} INFO - [2024-02-12T20:41:15.577+0000] {dag.py:3823} INFO - Setting next_dagrun for example_complex to None, run_after=None
[2024-02-12T20:41:15.599+0000] {processor.py:183} INFO - Processing /home/ubuntu/reddit_venv/lib/python3.10/site-packages/airflow/example_dags/example_complex.py took 0.078 seconds
[2024-02-12T20:42:05.958+0000] {processor.py:161} INFO - Started process (PID=3923) to work on /home/ubuntu/reddit_venv/lib/python3.10/site-packages/airflow/example_dags/example_complex.py
[2024-02-12T20:42:05.959+0000] {processor.py:830} INFO - Processing file /home/ubuntu/reddit_venv/lib/python3.10/site-packages/airflow/example_dags/example_complex.py for tasks to queue
[2024-02-12T20:42:05.960+0000] {logging_mixin.py:188} INFO - [2024-02-12T20:42:05.960+0000] {dagbag.py:538} INFO - Filling up the DagBag from /home/ubuntu/reddit_venv/lib/python3.10/site-packages/airflow/example_dags/example_complex.py
[2024-02-12T20:42:05.972+0000] {processor.py:840} INFO - DAG(s) 'example_complex' retrieved from /home/ubuntu/reddit_venv/lib/python3.10/site-packages/airflow/example_dags/example_complex.py
[2024-02-12T20:42:05.998+0000] {logging_mixin.py:188} INFO - [2024-02-12T20:42:05.998+0000] {dag.py:3036} INFO - Sync 1 DAGs
[2024-02-12T20:42:06.009+0000] {logging_mixin.py:188} INFO - [2024-02-12T20:42:06.009+0000] {dag.py:3823} INFO - Setting next_dagrun for example_complex to None, run_after=None
[2024-02-12T20:42:06.030+0000] {processor.py:183} INFO - Processing /home/ubuntu/reddit_venv/lib/python3.10/site-packages/airflow/example_dags/example_complex.py took 0.076 seconds
[2024-02-12T20:42:54.560+0000] {processor.py:161} INFO - Started process (PID=3978) to work on /home/ubuntu/reddit_venv/lib/python3.10/site-packages/airflow/example_dags/example_complex.py
[2024-02-12T20:42:54.562+0000] {processor.py:830} INFO - Processing file /home/ubuntu/reddit_venv/lib/python3.10/site-packages/airflow/example_dags/example_complex.py for tasks to queue
[2024-02-12T20:42:54.563+0000] {logging_mixin.py:188} INFO - [2024-02-12T20:42:54.562+0000] {dagbag.py:538} INFO - Filling up the DagBag from /home/ubuntu/reddit_venv/lib/python3.10/site-packages/airflow/example_dags/example_complex.py
[2024-02-12T20:42:54.574+0000] {processor.py:840} INFO - DAG(s) 'example_complex' retrieved from /home/ubuntu/reddit_venv/lib/python3.10/site-packages/airflow/example_dags/example_complex.py
[2024-02-12T20:42:54.601+0000] {logging_mixin.py:188} INFO - [2024-02-12T20:42:54.601+0000] {dag.py:3036} INFO - Sync 1 DAGs
[2024-02-12T20:42:54.613+0000] {logging_mixin.py:188} INFO - [2024-02-12T20:42:54.613+0000] {dag.py:3823} INFO - Setting next_dagrun for example_complex to None, run_after=None
[2024-02-12T20:42:54.634+0000] {processor.py:183} INFO - Processing /home/ubuntu/reddit_venv/lib/python3.10/site-packages/airflow/example_dags/example_complex.py took 0.078 seconds
[2024-02-12T20:43:44.785+0000] {processor.py:161} INFO - Started process (PID=4037) to work on /home/ubuntu/reddit_venv/lib/python3.10/site-packages/airflow/example_dags/example_complex.py
[2024-02-12T20:43:44.787+0000] {processor.py:830} INFO - Processing file /home/ubuntu/reddit_venv/lib/python3.10/site-packages/airflow/example_dags/example_complex.py for tasks to queue
[2024-02-12T20:43:44.788+0000] {logging_mixin.py:188} INFO - [2024-02-12T20:43:44.788+0000] {dagbag.py:538} INFO - Filling up the DagBag from /home/ubuntu/reddit_venv/lib/python3.10/site-packages/airflow/example_dags/example_complex.py
[2024-02-12T20:43:44.801+0000] {processor.py:840} INFO - DAG(s) 'example_complex' retrieved from /home/ubuntu/reddit_venv/lib/python3.10/site-packages/airflow/example_dags/example_complex.py
[2024-02-12T20:43:44.828+0000] {logging_mixin.py:188} INFO - [2024-02-12T20:43:44.828+0000] {dag.py:3036} INFO - Sync 1 DAGs
[2024-02-12T20:43:44.841+0000] {logging_mixin.py:188} INFO - [2024-02-12T20:43:44.841+0000] {dag.py:3823} INFO - Setting next_dagrun for example_complex to None, run_after=None
[2024-02-12T20:43:44.862+0000] {processor.py:183} INFO - Processing /home/ubuntu/reddit_venv/lib/python3.10/site-packages/airflow/example_dags/example_complex.py took 0.080 seconds
[2024-02-12T20:44:32.224+0000] {processor.py:161} INFO - Started process (PID=4089) to work on /home/ubuntu/reddit_venv/lib/python3.10/site-packages/airflow/example_dags/example_complex.py
[2024-02-12T20:44:32.226+0000] {processor.py:830} INFO - Processing file /home/ubuntu/reddit_venv/lib/python3.10/site-packages/airflow/example_dags/example_complex.py for tasks to queue
[2024-02-12T20:44:32.227+0000] {logging_mixin.py:188} INFO - [2024-02-12T20:44:32.226+0000] {dagbag.py:538} INFO - Filling up the DagBag from /home/ubuntu/reddit_venv/lib/python3.10/site-packages/airflow/example_dags/example_complex.py
[2024-02-12T20:44:32.239+0000] {processor.py:840} INFO - DAG(s) 'example_complex' retrieved from /home/ubuntu/reddit_venv/lib/python3.10/site-packages/airflow/example_dags/example_complex.py
[2024-02-12T20:44:32.266+0000] {logging_mixin.py:188} INFO - [2024-02-12T20:44:32.266+0000] {dag.py:3036} INFO - Sync 1 DAGs
[2024-02-12T20:44:32.278+0000] {logging_mixin.py:188} INFO - [2024-02-12T20:44:32.277+0000] {dag.py:3823} INFO - Setting next_dagrun for example_complex to None, run_after=None
[2024-02-12T20:44:32.302+0000] {processor.py:183} INFO - Processing /home/ubuntu/reddit_venv/lib/python3.10/site-packages/airflow/example_dags/example_complex.py took 0.081 seconds
[2024-02-12T20:45:25.081+0000] {processor.py:161} INFO - Started process (PID=4146) to work on /home/ubuntu/reddit_venv/lib/python3.10/site-packages/airflow/example_dags/example_complex.py
[2024-02-12T20:45:25.082+0000] {processor.py:830} INFO - Processing file /home/ubuntu/reddit_venv/lib/python3.10/site-packages/airflow/example_dags/example_complex.py for tasks to queue
[2024-02-12T20:45:25.083+0000] {logging_mixin.py:188} INFO - [2024-02-12T20:45:25.083+0000] {dagbag.py:538} INFO - Filling up the DagBag from /home/ubuntu/reddit_venv/lib/python3.10/site-packages/airflow/example_dags/example_complex.py
[2024-02-12T20:45:25.095+0000] {processor.py:840} INFO - DAG(s) 'example_complex' retrieved from /home/ubuntu/reddit_venv/lib/python3.10/site-packages/airflow/example_dags/example_complex.py
[2024-02-12T20:45:25.122+0000] {logging_mixin.py:188} INFO - [2024-02-12T20:45:25.122+0000] {dag.py:3036} INFO - Sync 1 DAGs
[2024-02-12T20:45:25.134+0000] {logging_mixin.py:188} INFO - [2024-02-12T20:45:25.134+0000] {dag.py:3823} INFO - Setting next_dagrun for example_complex to None, run_after=None
[2024-02-12T20:45:25.156+0000] {processor.py:183} INFO - Processing /home/ubuntu/reddit_venv/lib/python3.10/site-packages/airflow/example_dags/example_complex.py took 0.079 seconds
[2024-02-12T20:46:15.099+0000] {processor.py:161} INFO - Started process (PID=4200) to work on /home/ubuntu/reddit_venv/lib/python3.10/site-packages/airflow/example_dags/example_complex.py
[2024-02-12T20:46:15.101+0000] {processor.py:830} INFO - Processing file /home/ubuntu/reddit_venv/lib/python3.10/site-packages/airflow/example_dags/example_complex.py for tasks to queue
[2024-02-12T20:46:15.102+0000] {logging_mixin.py:188} INFO - [2024-02-12T20:46:15.101+0000] {dagbag.py:538} INFO - Filling up the DagBag from /home/ubuntu/reddit_venv/lib/python3.10/site-packages/airflow/example_dags/example_complex.py
[2024-02-12T20:46:15.114+0000] {processor.py:840} INFO - DAG(s) 'example_complex' retrieved from /home/ubuntu/reddit_venv/lib/python3.10/site-packages/airflow/example_dags/example_complex.py
[2024-02-12T20:46:15.141+0000] {logging_mixin.py:188} INFO - [2024-02-12T20:46:15.141+0000] {dag.py:3036} INFO - Sync 1 DAGs
[2024-02-12T20:46:15.153+0000] {logging_mixin.py:188} INFO - [2024-02-12T20:46:15.152+0000] {dag.py:3823} INFO - Setting next_dagrun for example_complex to None, run_after=None
[2024-02-12T20:46:15.175+0000] {processor.py:183} INFO - Processing /home/ubuntu/reddit_venv/lib/python3.10/site-packages/airflow/example_dags/example_complex.py took 0.079 seconds
[2024-02-12T20:47:01.121+0000] {processor.py:161} INFO - Started process (PID=4254) to work on /home/ubuntu/reddit_venv/lib/python3.10/site-packages/airflow/example_dags/example_complex.py
[2024-02-12T20:47:01.123+0000] {processor.py:830} INFO - Processing file /home/ubuntu/reddit_venv/lib/python3.10/site-packages/airflow/example_dags/example_complex.py for tasks to queue
[2024-02-12T20:47:01.124+0000] {logging_mixin.py:188} INFO - [2024-02-12T20:47:01.124+0000] {dagbag.py:538} INFO - Filling up the DagBag from /home/ubuntu/reddit_venv/lib/python3.10/site-packages/airflow/example_dags/example_complex.py
[2024-02-12T20:47:01.136+0000] {processor.py:840} INFO - DAG(s) 'example_complex' retrieved from /home/ubuntu/reddit_venv/lib/python3.10/site-packages/airflow/example_dags/example_complex.py
[2024-02-12T20:47:01.164+0000] {logging_mixin.py:188} INFO - [2024-02-12T20:47:01.164+0000] {dag.py:3036} INFO - Sync 1 DAGs
[2024-02-12T20:47:01.177+0000] {logging_mixin.py:188} INFO - [2024-02-12T20:47:01.176+0000] {dag.py:3823} INFO - Setting next_dagrun for example_complex to None, run_after=None
[2024-02-12T20:47:01.199+0000] {processor.py:183} INFO - Processing /home/ubuntu/reddit_venv/lib/python3.10/site-packages/airflow/example_dags/example_complex.py took 0.081 seconds
[2024-02-12T20:47:51.718+0000] {processor.py:161} INFO - Started process (PID=4310) to work on /home/ubuntu/reddit_venv/lib/python3.10/site-packages/airflow/example_dags/example_complex.py
[2024-02-12T20:47:51.719+0000] {processor.py:830} INFO - Processing file /home/ubuntu/reddit_venv/lib/python3.10/site-packages/airflow/example_dags/example_complex.py for tasks to queue
[2024-02-12T20:47:51.720+0000] {logging_mixin.py:188} INFO - [2024-02-12T20:47:51.720+0000] {dagbag.py:538} INFO - Filling up the DagBag from /home/ubuntu/reddit_venv/lib/python3.10/site-packages/airflow/example_dags/example_complex.py
[2024-02-12T20:47:51.732+0000] {processor.py:840} INFO - DAG(s) 'example_complex' retrieved from /home/ubuntu/reddit_venv/lib/python3.10/site-packages/airflow/example_dags/example_complex.py
[2024-02-12T20:47:51.759+0000] {logging_mixin.py:188} INFO - [2024-02-12T20:47:51.759+0000] {dag.py:3036} INFO - Sync 1 DAGs
[2024-02-12T20:47:51.770+0000] {logging_mixin.py:188} INFO - [2024-02-12T20:47:51.770+0000] {dag.py:3823} INFO - Setting next_dagrun for example_complex to None, run_after=None
[2024-02-12T20:47:51.795+0000] {processor.py:183} INFO - Processing /home/ubuntu/reddit_venv/lib/python3.10/site-packages/airflow/example_dags/example_complex.py took 0.081 seconds
[2024-02-12T20:48:45.826+0000] {processor.py:161} INFO - Started process (PID=4369) to work on /home/ubuntu/reddit_venv/lib/python3.10/site-packages/airflow/example_dags/example_complex.py
[2024-02-12T20:48:45.828+0000] {processor.py:830} INFO - Processing file /home/ubuntu/reddit_venv/lib/python3.10/site-packages/airflow/example_dags/example_complex.py for tasks to queue
[2024-02-12T20:48:45.829+0000] {logging_mixin.py:188} INFO - [2024-02-12T20:48:45.828+0000] {dagbag.py:538} INFO - Filling up the DagBag from /home/ubuntu/reddit_venv/lib/python3.10/site-packages/airflow/example_dags/example_complex.py
[2024-02-12T20:48:45.840+0000] {processor.py:840} INFO - DAG(s) 'example_complex' retrieved from /home/ubuntu/reddit_venv/lib/python3.10/site-packages/airflow/example_dags/example_complex.py
[2024-02-12T20:48:45.867+0000] {logging_mixin.py:188} INFO - [2024-02-12T20:48:45.867+0000] {dag.py:3036} INFO - Sync 1 DAGs
[2024-02-12T20:48:45.878+0000] {logging_mixin.py:188} INFO - [2024-02-12T20:48:45.878+0000] {dag.py:3823} INFO - Setting next_dagrun for example_complex to None, run_after=None
[2024-02-12T20:48:45.900+0000] {processor.py:183} INFO - Processing /home/ubuntu/reddit_venv/lib/python3.10/site-packages/airflow/example_dags/example_complex.py took 0.077 seconds
[2024-02-12T20:50:37.149+0000] {processor.py:161} INFO - Started process (PID=4484) to work on /home/ubuntu/reddit_venv/lib/python3.10/site-packages/airflow/example_dags/example_complex.py
[2024-02-12T20:50:37.151+0000] {processor.py:830} INFO - Processing file /home/ubuntu/reddit_venv/lib/python3.10/site-packages/airflow/example_dags/example_complex.py for tasks to queue
[2024-02-12T20:50:37.152+0000] {logging_mixin.py:188} INFO - [2024-02-12T20:50:37.151+0000] {dagbag.py:538} INFO - Filling up the DagBag from /home/ubuntu/reddit_venv/lib/python3.10/site-packages/airflow/example_dags/example_complex.py
[2024-02-12T20:50:37.164+0000] {processor.py:840} INFO - DAG(s) 'example_complex' retrieved from /home/ubuntu/reddit_venv/lib/python3.10/site-packages/airflow/example_dags/example_complex.py
[2024-02-12T20:50:37.275+0000] {logging_mixin.py:188} INFO - [2024-02-12T20:50:37.274+0000] {dag.py:3036} INFO - Sync 1 DAGs
[2024-02-12T20:50:37.285+0000] {logging_mixin.py:188} INFO - [2024-02-12T20:50:37.284+0000] {dag.py:3823} INFO - Setting next_dagrun for example_complex to None, run_after=None
[2024-02-12T20:50:37.367+0000] {processor.py:183} INFO - Processing /home/ubuntu/reddit_venv/lib/python3.10/site-packages/airflow/example_dags/example_complex.py took 0.221 seconds
[2024-02-12T20:51:35.808+0000] {processor.py:161} INFO - Started process (PID=4544) to work on /home/ubuntu/reddit_venv/lib/python3.10/site-packages/airflow/example_dags/example_complex.py
[2024-02-12T20:51:35.810+0000] {processor.py:830} INFO - Processing file /home/ubuntu/reddit_venv/lib/python3.10/site-packages/airflow/example_dags/example_complex.py for tasks to queue
[2024-02-12T20:51:35.811+0000] {logging_mixin.py:188} INFO - [2024-02-12T20:51:35.810+0000] {dagbag.py:538} INFO - Filling up the DagBag from /home/ubuntu/reddit_venv/lib/python3.10/site-packages/airflow/example_dags/example_complex.py
[2024-02-12T20:51:35.823+0000] {processor.py:840} INFO - DAG(s) 'example_complex' retrieved from /home/ubuntu/reddit_venv/lib/python3.10/site-packages/airflow/example_dags/example_complex.py
[2024-02-12T20:51:35.849+0000] {logging_mixin.py:188} INFO - [2024-02-12T20:51:35.849+0000] {dag.py:3036} INFO - Sync 1 DAGs
[2024-02-12T20:51:35.861+0000] {logging_mixin.py:188} INFO - [2024-02-12T20:51:35.860+0000] {dag.py:3823} INFO - Setting next_dagrun for example_complex to None, run_after=None
[2024-02-12T20:51:35.881+0000] {processor.py:183} INFO - Processing /home/ubuntu/reddit_venv/lib/python3.10/site-packages/airflow/example_dags/example_complex.py took 0.077 seconds
[2024-02-12T20:52:27.207+0000] {processor.py:161} INFO - Started process (PID=4600) to work on /home/ubuntu/reddit_venv/lib/python3.10/site-packages/airflow/example_dags/example_complex.py
[2024-02-12T20:52:27.210+0000] {processor.py:830} INFO - Processing file /home/ubuntu/reddit_venv/lib/python3.10/site-packages/airflow/example_dags/example_complex.py for tasks to queue
[2024-02-12T20:52:27.211+0000] {logging_mixin.py:188} INFO - [2024-02-12T20:52:27.210+0000] {dagbag.py:538} INFO - Filling up the DagBag from /home/ubuntu/reddit_venv/lib/python3.10/site-packages/airflow/example_dags/example_complex.py
[2024-02-12T20:52:27.222+0000] {processor.py:840} INFO - DAG(s) 'example_complex' retrieved from /home/ubuntu/reddit_venv/lib/python3.10/site-packages/airflow/example_dags/example_complex.py
[2024-02-12T20:52:27.249+0000] {logging_mixin.py:188} INFO - [2024-02-12T20:52:27.249+0000] {dag.py:3036} INFO - Sync 1 DAGs
[2024-02-12T20:52:27.262+0000] {logging_mixin.py:188} INFO - [2024-02-12T20:52:27.261+0000] {dag.py:3823} INFO - Setting next_dagrun for example_complex to None, run_after=None
[2024-02-12T20:52:27.283+0000] {processor.py:183} INFO - Processing /home/ubuntu/reddit_venv/lib/python3.10/site-packages/airflow/example_dags/example_complex.py took 0.080 seconds
[2024-02-12T20:53:19.985+0000] {processor.py:161} INFO - Started process (PID=4660) to work on /home/ubuntu/reddit_venv/lib/python3.10/site-packages/airflow/example_dags/example_complex.py
[2024-02-12T20:53:19.987+0000] {processor.py:830} INFO - Processing file /home/ubuntu/reddit_venv/lib/python3.10/site-packages/airflow/example_dags/example_complex.py for tasks to queue
[2024-02-12T20:53:19.987+0000] {logging_mixin.py:188} INFO - [2024-02-12T20:53:19.987+0000] {dagbag.py:538} INFO - Filling up the DagBag from /home/ubuntu/reddit_venv/lib/python3.10/site-packages/airflow/example_dags/example_complex.py
[2024-02-12T20:53:20.000+0000] {processor.py:840} INFO - DAG(s) 'example_complex' retrieved from /home/ubuntu/reddit_venv/lib/python3.10/site-packages/airflow/example_dags/example_complex.py
[2024-02-12T20:53:20.026+0000] {logging_mixin.py:188} INFO - [2024-02-12T20:53:20.026+0000] {dag.py:3036} INFO - Sync 1 DAGs
[2024-02-12T20:53:20.038+0000] {logging_mixin.py:188} INFO - [2024-02-12T20:53:20.038+0000] {dag.py:3823} INFO - Setting next_dagrun for example_complex to None, run_after=None
[2024-02-12T20:53:20.061+0000] {processor.py:183} INFO - Processing /home/ubuntu/reddit_venv/lib/python3.10/site-packages/airflow/example_dags/example_complex.py took 0.079 seconds
[2024-02-12T20:54:13.341+0000] {processor.py:161} INFO - Started process (PID=4723) to work on /home/ubuntu/reddit_venv/lib/python3.10/site-packages/airflow/example_dags/example_complex.py
[2024-02-12T20:54:13.343+0000] {processor.py:830} INFO - Processing file /home/ubuntu/reddit_venv/lib/python3.10/site-packages/airflow/example_dags/example_complex.py for tasks to queue
[2024-02-12T20:54:13.344+0000] {logging_mixin.py:188} INFO - [2024-02-12T20:54:13.343+0000] {dagbag.py:538} INFO - Filling up the DagBag from /home/ubuntu/reddit_venv/lib/python3.10/site-packages/airflow/example_dags/example_complex.py
[2024-02-12T20:54:13.355+0000] {processor.py:840} INFO - DAG(s) 'example_complex' retrieved from /home/ubuntu/reddit_venv/lib/python3.10/site-packages/airflow/example_dags/example_complex.py
[2024-02-12T20:54:13.382+0000] {logging_mixin.py:188} INFO - [2024-02-12T20:54:13.382+0000] {dag.py:3036} INFO - Sync 1 DAGs
[2024-02-12T20:54:13.394+0000] {logging_mixin.py:188} INFO - [2024-02-12T20:54:13.394+0000] {dag.py:3823} INFO - Setting next_dagrun for example_complex to None, run_after=None
[2024-02-12T20:54:13.415+0000] {processor.py:183} INFO - Processing /home/ubuntu/reddit_venv/lib/python3.10/site-packages/airflow/example_dags/example_complex.py took 0.078 seconds
[2024-02-12T20:55:07.061+0000] {processor.py:161} INFO - Started process (PID=4779) to work on /home/ubuntu/reddit_venv/lib/python3.10/site-packages/airflow/example_dags/example_complex.py
[2024-02-12T20:55:07.063+0000] {processor.py:830} INFO - Processing file /home/ubuntu/reddit_venv/lib/python3.10/site-packages/airflow/example_dags/example_complex.py for tasks to queue
[2024-02-12T20:55:07.064+0000] {logging_mixin.py:188} INFO - [2024-02-12T20:55:07.063+0000] {dagbag.py:538} INFO - Filling up the DagBag from /home/ubuntu/reddit_venv/lib/python3.10/site-packages/airflow/example_dags/example_complex.py
[2024-02-12T20:55:07.075+0000] {processor.py:840} INFO - DAG(s) 'example_complex' retrieved from /home/ubuntu/reddit_venv/lib/python3.10/site-packages/airflow/example_dags/example_complex.py
[2024-02-12T20:55:07.101+0000] {logging_mixin.py:188} INFO - [2024-02-12T20:55:07.101+0000] {dag.py:3036} INFO - Sync 1 DAGs
[2024-02-12T20:55:07.113+0000] {logging_mixin.py:188} INFO - [2024-02-12T20:55:07.113+0000] {dag.py:3823} INFO - Setting next_dagrun for example_complex to None, run_after=None
[2024-02-12T20:55:07.137+0000] {processor.py:183} INFO - Processing /home/ubuntu/reddit_venv/lib/python3.10/site-packages/airflow/example_dags/example_complex.py took 0.080 seconds
[2024-02-12T20:56:01.225+0000] {processor.py:161} INFO - Started process (PID=4906) to work on /home/ubuntu/reddit_venv/lib/python3.10/site-packages/airflow/example_dags/example_complex.py
[2024-02-12T20:56:01.227+0000] {processor.py:830} INFO - Processing file /home/ubuntu/reddit_venv/lib/python3.10/site-packages/airflow/example_dags/example_complex.py for tasks to queue
[2024-02-12T20:56:01.228+0000] {logging_mixin.py:188} INFO - [2024-02-12T20:56:01.227+0000] {dagbag.py:538} INFO - Filling up the DagBag from /home/ubuntu/reddit_venv/lib/python3.10/site-packages/airflow/example_dags/example_complex.py
[2024-02-12T20:56:01.239+0000] {processor.py:840} INFO - DAG(s) 'example_complex' retrieved from /home/ubuntu/reddit_venv/lib/python3.10/site-packages/airflow/example_dags/example_complex.py
[2024-02-12T20:56:01.266+0000] {logging_mixin.py:188} INFO - [2024-02-12T20:56:01.266+0000] {dag.py:3036} INFO - Sync 1 DAGs
[2024-02-12T20:56:01.278+0000] {logging_mixin.py:188} INFO - [2024-02-12T20:56:01.277+0000] {dag.py:3823} INFO - Setting next_dagrun for example_complex to None, run_after=None
[2024-02-12T20:56:01.306+0000] {processor.py:183} INFO - Processing /home/ubuntu/reddit_venv/lib/python3.10/site-packages/airflow/example_dags/example_complex.py took 0.084 seconds
[2024-02-12T20:56:50.338+0000] {processor.py:161} INFO - Started process (PID=4960) to work on /home/ubuntu/reddit_venv/lib/python3.10/site-packages/airflow/example_dags/example_complex.py
[2024-02-12T20:56:50.340+0000] {processor.py:830} INFO - Processing file /home/ubuntu/reddit_venv/lib/python3.10/site-packages/airflow/example_dags/example_complex.py for tasks to queue
[2024-02-12T20:56:50.341+0000] {logging_mixin.py:188} INFO - [2024-02-12T20:56:50.340+0000] {dagbag.py:538} INFO - Filling up the DagBag from /home/ubuntu/reddit_venv/lib/python3.10/site-packages/airflow/example_dags/example_complex.py
[2024-02-12T20:56:50.352+0000] {processor.py:840} INFO - DAG(s) 'example_complex' retrieved from /home/ubuntu/reddit_venv/lib/python3.10/site-packages/airflow/example_dags/example_complex.py
[2024-02-12T20:56:50.378+0000] {logging_mixin.py:188} INFO - [2024-02-12T20:56:50.378+0000] {dag.py:3036} INFO - Sync 1 DAGs
[2024-02-12T20:56:50.390+0000] {logging_mixin.py:188} INFO - [2024-02-12T20:56:50.390+0000] {dag.py:3823} INFO - Setting next_dagrun for example_complex to None, run_after=None
[2024-02-12T20:56:50.411+0000] {processor.py:183} INFO - Processing /home/ubuntu/reddit_venv/lib/python3.10/site-packages/airflow/example_dags/example_complex.py took 0.076 seconds
[2024-02-12T20:57:45.367+0000] {processor.py:161} INFO - Started process (PID=5019) to work on /home/ubuntu/reddit_venv/lib/python3.10/site-packages/airflow/example_dags/example_complex.py
[2024-02-12T20:57:45.368+0000] {processor.py:830} INFO - Processing file /home/ubuntu/reddit_venv/lib/python3.10/site-packages/airflow/example_dags/example_complex.py for tasks to queue
[2024-02-12T20:57:45.369+0000] {logging_mixin.py:188} INFO - [2024-02-12T20:57:45.369+0000] {dagbag.py:538} INFO - Filling up the DagBag from /home/ubuntu/reddit_venv/lib/python3.10/site-packages/airflow/example_dags/example_complex.py
[2024-02-12T20:57:45.381+0000] {processor.py:840} INFO - DAG(s) 'example_complex' retrieved from /home/ubuntu/reddit_venv/lib/python3.10/site-packages/airflow/example_dags/example_complex.py
[2024-02-12T20:57:45.408+0000] {logging_mixin.py:188} INFO - [2024-02-12T20:57:45.408+0000] {dag.py:3036} INFO - Sync 1 DAGs
[2024-02-12T20:57:45.419+0000] {logging_mixin.py:188} INFO - [2024-02-12T20:57:45.419+0000] {dag.py:3823} INFO - Setting next_dagrun for example_complex to None, run_after=None
[2024-02-12T20:57:45.441+0000] {processor.py:183} INFO - Processing /home/ubuntu/reddit_venv/lib/python3.10/site-packages/airflow/example_dags/example_complex.py took 0.078 seconds
[2024-02-12T20:58:36.977+0000] {processor.py:161} INFO - Started process (PID=5075) to work on /home/ubuntu/reddit_venv/lib/python3.10/site-packages/airflow/example_dags/example_complex.py
[2024-02-12T20:58:36.979+0000] {processor.py:830} INFO - Processing file /home/ubuntu/reddit_venv/lib/python3.10/site-packages/airflow/example_dags/example_complex.py for tasks to queue
[2024-02-12T20:58:36.980+0000] {logging_mixin.py:188} INFO - [2024-02-12T20:58:36.979+0000] {dagbag.py:538} INFO - Filling up the DagBag from /home/ubuntu/reddit_venv/lib/python3.10/site-packages/airflow/example_dags/example_complex.py
[2024-02-12T20:58:36.991+0000] {processor.py:840} INFO - DAG(s) 'example_complex' retrieved from /home/ubuntu/reddit_venv/lib/python3.10/site-packages/airflow/example_dags/example_complex.py
[2024-02-12T20:58:37.018+0000] {logging_mixin.py:188} INFO - [2024-02-12T20:58:37.017+0000] {dag.py:3036} INFO - Sync 1 DAGs
[2024-02-12T20:58:37.029+0000] {logging_mixin.py:188} INFO - [2024-02-12T20:58:37.029+0000] {dag.py:3823} INFO - Setting next_dagrun for example_complex to None, run_after=None
[2024-02-12T20:58:37.050+0000] {processor.py:183} INFO - Processing /home/ubuntu/reddit_venv/lib/python3.10/site-packages/airflow/example_dags/example_complex.py took 0.077 seconds
[2024-02-12T20:59:29.958+0000] {processor.py:161} INFO - Started process (PID=5132) to work on /home/ubuntu/reddit_venv/lib/python3.10/site-packages/airflow/example_dags/example_complex.py
[2024-02-12T20:59:29.960+0000] {processor.py:830} INFO - Processing file /home/ubuntu/reddit_venv/lib/python3.10/site-packages/airflow/example_dags/example_complex.py for tasks to queue
[2024-02-12T20:59:29.960+0000] {logging_mixin.py:188} INFO - [2024-02-12T20:59:29.960+0000] {dagbag.py:538} INFO - Filling up the DagBag from /home/ubuntu/reddit_venv/lib/python3.10/site-packages/airflow/example_dags/example_complex.py
[2024-02-12T20:59:29.972+0000] {processor.py:840} INFO - DAG(s) 'example_complex' retrieved from /home/ubuntu/reddit_venv/lib/python3.10/site-packages/airflow/example_dags/example_complex.py
[2024-02-12T20:59:29.999+0000] {logging_mixin.py:188} INFO - [2024-02-12T20:59:29.999+0000] {dag.py:3036} INFO - Sync 1 DAGs
[2024-02-12T20:59:30.012+0000] {logging_mixin.py:188} INFO - [2024-02-12T20:59:30.011+0000] {dag.py:3823} INFO - Setting next_dagrun for example_complex to None, run_after=None
[2024-02-12T20:59:30.034+0000] {processor.py:183} INFO - Processing /home/ubuntu/reddit_venv/lib/python3.10/site-packages/airflow/example_dags/example_complex.py took 0.079 seconds
[2024-02-12T21:00:22.515+0000] {processor.py:161} INFO - Started process (PID=5418) to work on /home/ubuntu/reddit_venv/lib/python3.10/site-packages/airflow/example_dags/example_complex.py
[2024-02-12T21:00:22.516+0000] {processor.py:830} INFO - Processing file /home/ubuntu/reddit_venv/lib/python3.10/site-packages/airflow/example_dags/example_complex.py for tasks to queue
[2024-02-12T21:00:22.517+0000] {logging_mixin.py:188} INFO - [2024-02-12T21:00:22.517+0000] {dagbag.py:538} INFO - Filling up the DagBag from /home/ubuntu/reddit_venv/lib/python3.10/site-packages/airflow/example_dags/example_complex.py
[2024-02-12T21:00:22.529+0000] {processor.py:840} INFO - DAG(s) 'example_complex' retrieved from /home/ubuntu/reddit_venv/lib/python3.10/site-packages/airflow/example_dags/example_complex.py
[2024-02-12T21:00:22.555+0000] {logging_mixin.py:188} INFO - [2024-02-12T21:00:22.555+0000] {dag.py:3036} INFO - Sync 1 DAGs
[2024-02-12T21:00:22.567+0000] {logging_mixin.py:188} INFO - [2024-02-12T21:00:22.567+0000] {dag.py:3823} INFO - Setting next_dagrun for example_complex to None, run_after=None
[2024-02-12T21:00:22.588+0000] {processor.py:183} INFO - Processing /home/ubuntu/reddit_venv/lib/python3.10/site-packages/airflow/example_dags/example_complex.py took 0.076 seconds
[2024-02-12T21:01:15.889+0000] {processor.py:161} INFO - Started process (PID=5576) to work on /home/ubuntu/reddit_venv/lib/python3.10/site-packages/airflow/example_dags/example_complex.py
[2024-02-12T21:01:15.890+0000] {processor.py:830} INFO - Processing file /home/ubuntu/reddit_venv/lib/python3.10/site-packages/airflow/example_dags/example_complex.py for tasks to queue
[2024-02-12T21:01:15.891+0000] {logging_mixin.py:188} INFO - [2024-02-12T21:01:15.891+0000] {dagbag.py:538} INFO - Filling up the DagBag from /home/ubuntu/reddit_venv/lib/python3.10/site-packages/airflow/example_dags/example_complex.py
[2024-02-12T21:01:15.902+0000] {processor.py:840} INFO - DAG(s) 'example_complex' retrieved from /home/ubuntu/reddit_venv/lib/python3.10/site-packages/airflow/example_dags/example_complex.py
[2024-02-12T21:01:15.928+0000] {logging_mixin.py:188} INFO - [2024-02-12T21:01:15.928+0000] {dag.py:3036} INFO - Sync 1 DAGs
[2024-02-12T21:01:15.940+0000] {logging_mixin.py:188} INFO - [2024-02-12T21:01:15.939+0000] {dag.py:3823} INFO - Setting next_dagrun for example_complex to None, run_after=None
[2024-02-12T21:01:15.962+0000] {processor.py:183} INFO - Processing /home/ubuntu/reddit_venv/lib/python3.10/site-packages/airflow/example_dags/example_complex.py took 0.076 seconds
[2024-02-12T21:02:06.768+0000] {processor.py:161} INFO - Started process (PID=5804) to work on /home/ubuntu/reddit_venv/lib/python3.10/site-packages/airflow/example_dags/example_complex.py
[2024-02-12T21:02:06.770+0000] {processor.py:830} INFO - Processing file /home/ubuntu/reddit_venv/lib/python3.10/site-packages/airflow/example_dags/example_complex.py for tasks to queue
[2024-02-12T21:02:06.771+0000] {logging_mixin.py:188} INFO - [2024-02-12T21:02:06.771+0000] {dagbag.py:538} INFO - Filling up the DagBag from /home/ubuntu/reddit_venv/lib/python3.10/site-packages/airflow/example_dags/example_complex.py
[2024-02-12T21:02:06.783+0000] {processor.py:840} INFO - DAG(s) 'example_complex' retrieved from /home/ubuntu/reddit_venv/lib/python3.10/site-packages/airflow/example_dags/example_complex.py
[2024-02-12T21:02:06.811+0000] {logging_mixin.py:188} INFO - [2024-02-12T21:02:06.811+0000] {dag.py:3036} INFO - Sync 1 DAGs
[2024-02-12T21:02:06.822+0000] {logging_mixin.py:188} INFO - [2024-02-12T21:02:06.822+0000] {dag.py:3823} INFO - Setting next_dagrun for example_complex to None, run_after=None
[2024-02-12T21:02:06.845+0000] {processor.py:183} INFO - Processing /home/ubuntu/reddit_venv/lib/python3.10/site-packages/airflow/example_dags/example_complex.py took 0.080 seconds
[2024-02-12T21:02:58.997+0000] {processor.py:161} INFO - Started process (PID=5862) to work on /home/ubuntu/reddit_venv/lib/python3.10/site-packages/airflow/example_dags/example_complex.py
[2024-02-12T21:02:58.998+0000] {processor.py:830} INFO - Processing file /home/ubuntu/reddit_venv/lib/python3.10/site-packages/airflow/example_dags/example_complex.py for tasks to queue
[2024-02-12T21:02:58.999+0000] {logging_mixin.py:188} INFO - [2024-02-12T21:02:58.999+0000] {dagbag.py:538} INFO - Filling up the DagBag from /home/ubuntu/reddit_venv/lib/python3.10/site-packages/airflow/example_dags/example_complex.py
[2024-02-12T21:02:59.011+0000] {processor.py:840} INFO - DAG(s) 'example_complex' retrieved from /home/ubuntu/reddit_venv/lib/python3.10/site-packages/airflow/example_dags/example_complex.py
[2024-02-12T21:02:59.038+0000] {logging_mixin.py:188} INFO - [2024-02-12T21:02:59.037+0000] {dag.py:3036} INFO - Sync 1 DAGs
[2024-02-12T21:02:59.049+0000] {logging_mixin.py:188} INFO - [2024-02-12T21:02:59.049+0000] {dag.py:3823} INFO - Setting next_dagrun for example_complex to None, run_after=None
[2024-02-12T21:02:59.072+0000] {processor.py:183} INFO - Processing /home/ubuntu/reddit_venv/lib/python3.10/site-packages/airflow/example_dags/example_complex.py took 0.078 seconds
[2024-02-12T21:03:49.926+0000] {processor.py:161} INFO - Started process (PID=5917) to work on /home/ubuntu/reddit_venv/lib/python3.10/site-packages/airflow/example_dags/example_complex.py
[2024-02-12T21:03:49.928+0000] {processor.py:830} INFO - Processing file /home/ubuntu/reddit_venv/lib/python3.10/site-packages/airflow/example_dags/example_complex.py for tasks to queue
[2024-02-12T21:03:49.929+0000] {logging_mixin.py:188} INFO - [2024-02-12T21:03:49.928+0000] {dagbag.py:538} INFO - Filling up the DagBag from /home/ubuntu/reddit_venv/lib/python3.10/site-packages/airflow/example_dags/example_complex.py
[2024-02-12T21:03:49.941+0000] {processor.py:840} INFO - DAG(s) 'example_complex' retrieved from /home/ubuntu/reddit_venv/lib/python3.10/site-packages/airflow/example_dags/example_complex.py
[2024-02-12T21:03:49.968+0000] {logging_mixin.py:188} INFO - [2024-02-12T21:03:49.968+0000] {dag.py:3036} INFO - Sync 1 DAGs
[2024-02-12T21:03:49.981+0000] {logging_mixin.py:188} INFO - [2024-02-12T21:03:49.980+0000] {dag.py:3823} INFO - Setting next_dagrun for example_complex to None, run_after=None
[2024-02-12T21:03:50.003+0000] {processor.py:183} INFO - Processing /home/ubuntu/reddit_venv/lib/python3.10/site-packages/airflow/example_dags/example_complex.py took 0.080 seconds
[2024-02-12T21:04:37.996+0000] {processor.py:161} INFO - Started process (PID=5972) to work on /home/ubuntu/reddit_venv/lib/python3.10/site-packages/airflow/example_dags/example_complex.py
[2024-02-12T21:04:37.997+0000] {processor.py:830} INFO - Processing file /home/ubuntu/reddit_venv/lib/python3.10/site-packages/airflow/example_dags/example_complex.py for tasks to queue
[2024-02-12T21:04:37.998+0000] {logging_mixin.py:188} INFO - [2024-02-12T21:04:37.998+0000] {dagbag.py:538} INFO - Filling up the DagBag from /home/ubuntu/reddit_venv/lib/python3.10/site-packages/airflow/example_dags/example_complex.py
[2024-02-12T21:04:38.010+0000] {processor.py:840} INFO - DAG(s) 'example_complex' retrieved from /home/ubuntu/reddit_venv/lib/python3.10/site-packages/airflow/example_dags/example_complex.py
[2024-02-12T21:04:38.037+0000] {logging_mixin.py:188} INFO - [2024-02-12T21:04:38.037+0000] {dag.py:3036} INFO - Sync 1 DAGs
[2024-02-12T21:04:38.048+0000] {logging_mixin.py:188} INFO - [2024-02-12T21:04:38.048+0000] {dag.py:3823} INFO - Setting next_dagrun for example_complex to None, run_after=None
[2024-02-12T21:04:38.071+0000] {processor.py:183} INFO - Processing /home/ubuntu/reddit_venv/lib/python3.10/site-packages/airflow/example_dags/example_complex.py took 0.079 seconds
[2024-02-12T21:05:28.374+0000] {processor.py:161} INFO - Started process (PID=6030) to work on /home/ubuntu/reddit_venv/lib/python3.10/site-packages/airflow/example_dags/example_complex.py
[2024-02-12T21:05:28.375+0000] {processor.py:830} INFO - Processing file /home/ubuntu/reddit_venv/lib/python3.10/site-packages/airflow/example_dags/example_complex.py for tasks to queue
[2024-02-12T21:05:28.376+0000] {logging_mixin.py:188} INFO - [2024-02-12T21:05:28.376+0000] {dagbag.py:538} INFO - Filling up the DagBag from /home/ubuntu/reddit_venv/lib/python3.10/site-packages/airflow/example_dags/example_complex.py
[2024-02-12T21:05:28.388+0000] {processor.py:840} INFO - DAG(s) 'example_complex' retrieved from /home/ubuntu/reddit_venv/lib/python3.10/site-packages/airflow/example_dags/example_complex.py
[2024-02-12T21:05:28.414+0000] {logging_mixin.py:188} INFO - [2024-02-12T21:05:28.414+0000] {dag.py:3036} INFO - Sync 1 DAGs
[2024-02-12T21:05:28.426+0000] {logging_mixin.py:188} INFO - [2024-02-12T21:05:28.426+0000] {dag.py:3823} INFO - Setting next_dagrun for example_complex to None, run_after=None
[2024-02-12T21:05:28.447+0000] {processor.py:183} INFO - Processing /home/ubuntu/reddit_venv/lib/python3.10/site-packages/airflow/example_dags/example_complex.py took 0.077 seconds
[2024-02-12T21:06:18.099+0000] {processor.py:161} INFO - Started process (PID=6085) to work on /home/ubuntu/reddit_venv/lib/python3.10/site-packages/airflow/example_dags/example_complex.py
[2024-02-12T21:06:18.100+0000] {processor.py:830} INFO - Processing file /home/ubuntu/reddit_venv/lib/python3.10/site-packages/airflow/example_dags/example_complex.py for tasks to queue
[2024-02-12T21:06:18.101+0000] {logging_mixin.py:188} INFO - [2024-02-12T21:06:18.101+0000] {dagbag.py:538} INFO - Filling up the DagBag from /home/ubuntu/reddit_venv/lib/python3.10/site-packages/airflow/example_dags/example_complex.py
[2024-02-12T21:06:18.113+0000] {processor.py:840} INFO - DAG(s) 'example_complex' retrieved from /home/ubuntu/reddit_venv/lib/python3.10/site-packages/airflow/example_dags/example_complex.py
[2024-02-12T21:06:18.139+0000] {logging_mixin.py:188} INFO - [2024-02-12T21:06:18.139+0000] {dag.py:3036} INFO - Sync 1 DAGs
[2024-02-12T21:06:18.151+0000] {logging_mixin.py:188} INFO - [2024-02-12T21:06:18.150+0000] {dag.py:3823} INFO - Setting next_dagrun for example_complex to None, run_after=None
[2024-02-12T21:06:18.172+0000] {processor.py:183} INFO - Processing /home/ubuntu/reddit_venv/lib/python3.10/site-packages/airflow/example_dags/example_complex.py took 0.077 seconds
[2024-02-12T21:07:08.438+0000] {processor.py:161} INFO - Started process (PID=6139) to work on /home/ubuntu/reddit_venv/lib/python3.10/site-packages/airflow/example_dags/example_complex.py
[2024-02-12T21:07:08.440+0000] {processor.py:830} INFO - Processing file /home/ubuntu/reddit_venv/lib/python3.10/site-packages/airflow/example_dags/example_complex.py for tasks to queue
[2024-02-12T21:07:08.440+0000] {logging_mixin.py:188} INFO - [2024-02-12T21:07:08.440+0000] {dagbag.py:538} INFO - Filling up the DagBag from /home/ubuntu/reddit_venv/lib/python3.10/site-packages/airflow/example_dags/example_complex.py
[2024-02-12T21:07:08.452+0000] {processor.py:840} INFO - DAG(s) 'example_complex' retrieved from /home/ubuntu/reddit_venv/lib/python3.10/site-packages/airflow/example_dags/example_complex.py
[2024-02-12T21:07:08.479+0000] {logging_mixin.py:188} INFO - [2024-02-12T21:07:08.478+0000] {dag.py:3036} INFO - Sync 1 DAGs
[2024-02-12T21:07:08.490+0000] {logging_mixin.py:188} INFO - [2024-02-12T21:07:08.490+0000] {dag.py:3823} INFO - Setting next_dagrun for example_complex to None, run_after=None
[2024-02-12T21:07:08.511+0000] {processor.py:183} INFO - Processing /home/ubuntu/reddit_venv/lib/python3.10/site-packages/airflow/example_dags/example_complex.py took 0.076 seconds
[2024-02-12T21:08:04.953+0000] {processor.py:161} INFO - Started process (PID=6198) to work on /home/ubuntu/reddit_venv/lib/python3.10/site-packages/airflow/example_dags/example_complex.py
[2024-02-12T21:08:04.955+0000] {processor.py:830} INFO - Processing file /home/ubuntu/reddit_venv/lib/python3.10/site-packages/airflow/example_dags/example_complex.py for tasks to queue
[2024-02-12T21:08:04.956+0000] {logging_mixin.py:188} INFO - [2024-02-12T21:08:04.956+0000] {dagbag.py:538} INFO - Filling up the DagBag from /home/ubuntu/reddit_venv/lib/python3.10/site-packages/airflow/example_dags/example_complex.py
[2024-02-12T21:08:04.968+0000] {processor.py:840} INFO - DAG(s) 'example_complex' retrieved from /home/ubuntu/reddit_venv/lib/python3.10/site-packages/airflow/example_dags/example_complex.py
[2024-02-12T21:08:04.994+0000] {logging_mixin.py:188} INFO - [2024-02-12T21:08:04.994+0000] {dag.py:3036} INFO - Sync 1 DAGs
[2024-02-12T21:08:05.006+0000] {logging_mixin.py:188} INFO - [2024-02-12T21:08:05.006+0000] {dag.py:3823} INFO - Setting next_dagrun for example_complex to None, run_after=None
[2024-02-12T21:08:05.028+0000] {processor.py:183} INFO - Processing /home/ubuntu/reddit_venv/lib/python3.10/site-packages/airflow/example_dags/example_complex.py took 0.078 seconds
[2024-02-12T21:09:01.166+0000] {processor.py:161} INFO - Started process (PID=6260) to work on /home/ubuntu/reddit_venv/lib/python3.10/site-packages/airflow/example_dags/example_complex.py
[2024-02-12T21:09:01.168+0000] {processor.py:830} INFO - Processing file /home/ubuntu/reddit_venv/lib/python3.10/site-packages/airflow/example_dags/example_complex.py for tasks to queue
[2024-02-12T21:09:01.169+0000] {logging_mixin.py:188} INFO - [2024-02-12T21:09:01.168+0000] {dagbag.py:538} INFO - Filling up the DagBag from /home/ubuntu/reddit_venv/lib/python3.10/site-packages/airflow/example_dags/example_complex.py
[2024-02-12T21:09:01.180+0000] {processor.py:840} INFO - DAG(s) 'example_complex' retrieved from /home/ubuntu/reddit_venv/lib/python3.10/site-packages/airflow/example_dags/example_complex.py
[2024-02-12T21:09:01.207+0000] {logging_mixin.py:188} INFO - [2024-02-12T21:09:01.207+0000] {dag.py:3036} INFO - Sync 1 DAGs
[2024-02-12T21:09:01.219+0000] {logging_mixin.py:188} INFO - [2024-02-12T21:09:01.219+0000] {dag.py:3823} INFO - Setting next_dagrun for example_complex to None, run_after=None
[2024-02-12T21:09:01.241+0000] {processor.py:183} INFO - Processing /home/ubuntu/reddit_venv/lib/python3.10/site-packages/airflow/example_dags/example_complex.py took 0.078 seconds
[2024-02-12T21:09:53.232+0000] {processor.py:161} INFO - Started process (PID=6317) to work on /home/ubuntu/reddit_venv/lib/python3.10/site-packages/airflow/example_dags/example_complex.py
[2024-02-12T21:09:53.233+0000] {processor.py:830} INFO - Processing file /home/ubuntu/reddit_venv/lib/python3.10/site-packages/airflow/example_dags/example_complex.py for tasks to queue
[2024-02-12T21:09:53.234+0000] {logging_mixin.py:188} INFO - [2024-02-12T21:09:53.234+0000] {dagbag.py:538} INFO - Filling up the DagBag from /home/ubuntu/reddit_venv/lib/python3.10/site-packages/airflow/example_dags/example_complex.py
[2024-02-12T21:09:53.246+0000] {processor.py:840} INFO - DAG(s) 'example_complex' retrieved from /home/ubuntu/reddit_venv/lib/python3.10/site-packages/airflow/example_dags/example_complex.py
[2024-02-12T21:09:53.273+0000] {logging_mixin.py:188} INFO - [2024-02-12T21:09:53.273+0000] {dag.py:3036} INFO - Sync 1 DAGs
[2024-02-12T21:09:53.285+0000] {logging_mixin.py:188} INFO - [2024-02-12T21:09:53.285+0000] {dag.py:3823} INFO - Setting next_dagrun for example_complex to None, run_after=None
[2024-02-12T21:09:53.307+0000] {processor.py:183} INFO - Processing /home/ubuntu/reddit_venv/lib/python3.10/site-packages/airflow/example_dags/example_complex.py took 0.079 seconds
[2024-02-12T21:10:42.825+0000] {processor.py:161} INFO - Started process (PID=6371) to work on /home/ubuntu/reddit_venv/lib/python3.10/site-packages/airflow/example_dags/example_complex.py
[2024-02-12T21:10:42.827+0000] {processor.py:830} INFO - Processing file /home/ubuntu/reddit_venv/lib/python3.10/site-packages/airflow/example_dags/example_complex.py for tasks to queue
[2024-02-12T21:10:42.828+0000] {logging_mixin.py:188} INFO - [2024-02-12T21:10:42.827+0000] {dagbag.py:538} INFO - Filling up the DagBag from /home/ubuntu/reddit_venv/lib/python3.10/site-packages/airflow/example_dags/example_complex.py
[2024-02-12T21:10:42.840+0000] {processor.py:840} INFO - DAG(s) 'example_complex' retrieved from /home/ubuntu/reddit_venv/lib/python3.10/site-packages/airflow/example_dags/example_complex.py
[2024-02-12T21:10:42.867+0000] {logging_mixin.py:188} INFO - [2024-02-12T21:10:42.867+0000] {dag.py:3036} INFO - Sync 1 DAGs
[2024-02-12T21:10:42.878+0000] {logging_mixin.py:188} INFO - [2024-02-12T21:10:42.878+0000] {dag.py:3823} INFO - Setting next_dagrun for example_complex to None, run_after=None
[2024-02-12T21:10:42.900+0000] {processor.py:183} INFO - Processing /home/ubuntu/reddit_venv/lib/python3.10/site-packages/airflow/example_dags/example_complex.py took 0.078 seconds
[2024-02-12T21:11:37.653+0000] {processor.py:161} INFO - Started process (PID=6428) to work on /home/ubuntu/reddit_venv/lib/python3.10/site-packages/airflow/example_dags/example_complex.py
[2024-02-12T21:11:37.655+0000] {processor.py:830} INFO - Processing file /home/ubuntu/reddit_venv/lib/python3.10/site-packages/airflow/example_dags/example_complex.py for tasks to queue
[2024-02-12T21:11:37.656+0000] {logging_mixin.py:188} INFO - [2024-02-12T21:11:37.655+0000] {dagbag.py:538} INFO - Filling up the DagBag from /home/ubuntu/reddit_venv/lib/python3.10/site-packages/airflow/example_dags/example_complex.py
[2024-02-12T21:11:37.667+0000] {processor.py:840} INFO - DAG(s) 'example_complex' retrieved from /home/ubuntu/reddit_venv/lib/python3.10/site-packages/airflow/example_dags/example_complex.py
[2024-02-12T21:11:37.693+0000] {logging_mixin.py:188} INFO - [2024-02-12T21:11:37.693+0000] {dag.py:3036} INFO - Sync 1 DAGs
[2024-02-12T21:11:37.705+0000] {logging_mixin.py:188} INFO - [2024-02-12T21:11:37.705+0000] {dag.py:3823} INFO - Setting next_dagrun for example_complex to None, run_after=None
[2024-02-12T21:11:37.726+0000] {processor.py:183} INFO - Processing /home/ubuntu/reddit_venv/lib/python3.10/site-packages/airflow/example_dags/example_complex.py took 0.076 seconds
[2024-02-12T21:12:30.634+0000] {processor.py:161} INFO - Started process (PID=6486) to work on /home/ubuntu/reddit_venv/lib/python3.10/site-packages/airflow/example_dags/example_complex.py
[2024-02-12T21:12:30.635+0000] {processor.py:830} INFO - Processing file /home/ubuntu/reddit_venv/lib/python3.10/site-packages/airflow/example_dags/example_complex.py for tasks to queue
[2024-02-12T21:12:30.636+0000] {logging_mixin.py:188} INFO - [2024-02-12T21:12:30.636+0000] {dagbag.py:538} INFO - Filling up the DagBag from /home/ubuntu/reddit_venv/lib/python3.10/site-packages/airflow/example_dags/example_complex.py
[2024-02-12T21:12:30.648+0000] {processor.py:840} INFO - DAG(s) 'example_complex' retrieved from /home/ubuntu/reddit_venv/lib/python3.10/site-packages/airflow/example_dags/example_complex.py
[2024-02-12T21:12:30.675+0000] {logging_mixin.py:188} INFO - [2024-02-12T21:12:30.675+0000] {dag.py:3036} INFO - Sync 1 DAGs
[2024-02-12T21:12:30.686+0000] {logging_mixin.py:188} INFO - [2024-02-12T21:12:30.686+0000] {dag.py:3823} INFO - Setting next_dagrun for example_complex to None, run_after=None
[2024-02-12T21:12:30.709+0000] {processor.py:183} INFO - Processing /home/ubuntu/reddit_venv/lib/python3.10/site-packages/airflow/example_dags/example_complex.py took 0.079 seconds
[2024-02-12T21:13:20.246+0000] {processor.py:161} INFO - Started process (PID=6540) to work on /home/ubuntu/reddit_venv/lib/python3.10/site-packages/airflow/example_dags/example_complex.py
[2024-02-12T21:13:20.247+0000] {processor.py:830} INFO - Processing file /home/ubuntu/reddit_venv/lib/python3.10/site-packages/airflow/example_dags/example_complex.py for tasks to queue
[2024-02-12T21:13:20.248+0000] {logging_mixin.py:188} INFO - [2024-02-12T21:13:20.248+0000] {dagbag.py:538} INFO - Filling up the DagBag from /home/ubuntu/reddit_venv/lib/python3.10/site-packages/airflow/example_dags/example_complex.py
[2024-02-12T21:13:20.260+0000] {processor.py:840} INFO - DAG(s) 'example_complex' retrieved from /home/ubuntu/reddit_venv/lib/python3.10/site-packages/airflow/example_dags/example_complex.py
[2024-02-12T21:13:20.287+0000] {logging_mixin.py:188} INFO - [2024-02-12T21:13:20.287+0000] {dag.py:3036} INFO - Sync 1 DAGs
[2024-02-12T21:13:20.299+0000] {logging_mixin.py:188} INFO - [2024-02-12T21:13:20.299+0000] {dag.py:3823} INFO - Setting next_dagrun for example_complex to None, run_after=None
[2024-02-12T21:13:20.321+0000] {processor.py:183} INFO - Processing /home/ubuntu/reddit_venv/lib/python3.10/site-packages/airflow/example_dags/example_complex.py took 0.079 seconds
[2024-02-12T21:14:13.430+0000] {processor.py:161} INFO - Started process (PID=6599) to work on /home/ubuntu/reddit_venv/lib/python3.10/site-packages/airflow/example_dags/example_complex.py
[2024-02-12T21:14:13.432+0000] {processor.py:830} INFO - Processing file /home/ubuntu/reddit_venv/lib/python3.10/site-packages/airflow/example_dags/example_complex.py for tasks to queue
[2024-02-12T21:14:13.433+0000] {logging_mixin.py:188} INFO - [2024-02-12T21:14:13.432+0000] {dagbag.py:538} INFO - Filling up the DagBag from /home/ubuntu/reddit_venv/lib/python3.10/site-packages/airflow/example_dags/example_complex.py
[2024-02-12T21:14:13.444+0000] {processor.py:840} INFO - DAG(s) 'example_complex' retrieved from /home/ubuntu/reddit_venv/lib/python3.10/site-packages/airflow/example_dags/example_complex.py
[2024-02-12T21:14:13.471+0000] {logging_mixin.py:188} INFO - [2024-02-12T21:14:13.471+0000] {dag.py:3036} INFO - Sync 1 DAGs
[2024-02-12T21:14:13.483+0000] {logging_mixin.py:188} INFO - [2024-02-12T21:14:13.482+0000] {dag.py:3823} INFO - Setting next_dagrun for example_complex to None, run_after=None
[2024-02-12T21:14:13.504+0000] {processor.py:183} INFO - Processing /home/ubuntu/reddit_venv/lib/python3.10/site-packages/airflow/example_dags/example_complex.py took 0.077 seconds
[2024-02-12T21:14:57.273+0000] {processor.py:161} INFO - Started process (PID=6650) to work on /home/ubuntu/reddit_venv/lib/python3.10/site-packages/airflow/example_dags/example_complex.py
[2024-02-12T21:14:57.275+0000] {processor.py:830} INFO - Processing file /home/ubuntu/reddit_venv/lib/python3.10/site-packages/airflow/example_dags/example_complex.py for tasks to queue
[2024-02-12T21:14:57.276+0000] {logging_mixin.py:188} INFO - [2024-02-12T21:14:57.275+0000] {dagbag.py:538} INFO - Filling up the DagBag from /home/ubuntu/reddit_venv/lib/python3.10/site-packages/airflow/example_dags/example_complex.py
[2024-02-12T21:14:57.288+0000] {processor.py:840} INFO - DAG(s) 'example_complex' retrieved from /home/ubuntu/reddit_venv/lib/python3.10/site-packages/airflow/example_dags/example_complex.py
[2024-02-12T21:14:57.315+0000] {logging_mixin.py:188} INFO - [2024-02-12T21:14:57.314+0000] {dag.py:3036} INFO - Sync 1 DAGs
[2024-02-12T21:14:57.326+0000] {logging_mixin.py:188} INFO - [2024-02-12T21:14:57.326+0000] {dag.py:3823} INFO - Setting next_dagrun for example_complex to None, run_after=None
[2024-02-12T21:14:57.348+0000] {processor.py:183} INFO - Processing /home/ubuntu/reddit_venv/lib/python3.10/site-packages/airflow/example_dags/example_complex.py took 0.078 seconds
[2024-02-12T21:15:47.605+0000] {processor.py:161} INFO - Started process (PID=6703) to work on /home/ubuntu/reddit_venv/lib/python3.10/site-packages/airflow/example_dags/example_complex.py
[2024-02-12T21:15:47.606+0000] {processor.py:830} INFO - Processing file /home/ubuntu/reddit_venv/lib/python3.10/site-packages/airflow/example_dags/example_complex.py for tasks to queue
[2024-02-12T21:15:47.607+0000] {logging_mixin.py:188} INFO - [2024-02-12T21:15:47.606+0000] {dagbag.py:538} INFO - Filling up the DagBag from /home/ubuntu/reddit_venv/lib/python3.10/site-packages/airflow/example_dags/example_complex.py
[2024-02-12T21:15:47.618+0000] {processor.py:840} INFO - DAG(s) 'example_complex' retrieved from /home/ubuntu/reddit_venv/lib/python3.10/site-packages/airflow/example_dags/example_complex.py
[2024-02-12T21:15:47.645+0000] {logging_mixin.py:188} INFO - [2024-02-12T21:15:47.645+0000] {dag.py:3036} INFO - Sync 1 DAGs
[2024-02-12T21:15:47.657+0000] {logging_mixin.py:188} INFO - [2024-02-12T21:15:47.657+0000] {dag.py:3823} INFO - Setting next_dagrun for example_complex to None, run_after=None
[2024-02-12T21:15:47.679+0000] {processor.py:183} INFO - Processing /home/ubuntu/reddit_venv/lib/python3.10/site-packages/airflow/example_dags/example_complex.py took 0.077 seconds
[2024-02-12T21:16:36.990+0000] {processor.py:161} INFO - Started process (PID=6758) to work on /home/ubuntu/reddit_venv/lib/python3.10/site-packages/airflow/example_dags/example_complex.py
[2024-02-12T21:16:36.993+0000] {processor.py:830} INFO - Processing file /home/ubuntu/reddit_venv/lib/python3.10/site-packages/airflow/example_dags/example_complex.py for tasks to queue
[2024-02-12T21:16:36.994+0000] {logging_mixin.py:188} INFO - [2024-02-12T21:16:36.993+0000] {dagbag.py:538} INFO - Filling up the DagBag from /home/ubuntu/reddit_venv/lib/python3.10/site-packages/airflow/example_dags/example_complex.py
[2024-02-12T21:16:37.006+0000] {processor.py:840} INFO - DAG(s) 'example_complex' retrieved from /home/ubuntu/reddit_venv/lib/python3.10/site-packages/airflow/example_dags/example_complex.py
[2024-02-12T21:16:37.033+0000] {logging_mixin.py:188} INFO - [2024-02-12T21:16:37.033+0000] {dag.py:3036} INFO - Sync 1 DAGs
[2024-02-12T21:16:37.045+0000] {logging_mixin.py:188} INFO - [2024-02-12T21:16:37.045+0000] {dag.py:3823} INFO - Setting next_dagrun for example_complex to None, run_after=None
[2024-02-12T21:16:37.067+0000] {processor.py:183} INFO - Processing /home/ubuntu/reddit_venv/lib/python3.10/site-packages/airflow/example_dags/example_complex.py took 0.081 seconds
[2024-02-12T21:17:29.046+0000] {processor.py:161} INFO - Started process (PID=6820) to work on /home/ubuntu/reddit_venv/lib/python3.10/site-packages/airflow/example_dags/example_complex.py
[2024-02-12T21:17:29.048+0000] {processor.py:830} INFO - Processing file /home/ubuntu/reddit_venv/lib/python3.10/site-packages/airflow/example_dags/example_complex.py for tasks to queue
[2024-02-12T21:17:29.049+0000] {logging_mixin.py:188} INFO - [2024-02-12T21:17:29.049+0000] {dagbag.py:538} INFO - Filling up the DagBag from /home/ubuntu/reddit_venv/lib/python3.10/site-packages/airflow/example_dags/example_complex.py
[2024-02-12T21:17:29.061+0000] {processor.py:840} INFO - DAG(s) 'example_complex' retrieved from /home/ubuntu/reddit_venv/lib/python3.10/site-packages/airflow/example_dags/example_complex.py
[2024-02-12T21:17:29.088+0000] {logging_mixin.py:188} INFO - [2024-02-12T21:17:29.088+0000] {dag.py:3036} INFO - Sync 1 DAGs
[2024-02-12T21:17:29.099+0000] {logging_mixin.py:188} INFO - [2024-02-12T21:17:29.099+0000] {dag.py:3823} INFO - Setting next_dagrun for example_complex to None, run_after=None
[2024-02-12T21:17:29.121+0000] {processor.py:183} INFO - Processing /home/ubuntu/reddit_venv/lib/python3.10/site-packages/airflow/example_dags/example_complex.py took 0.078 seconds
[2024-02-12T21:18:25.827+0000] {processor.py:161} INFO - Started process (PID=6879) to work on /home/ubuntu/reddit_venv/lib/python3.10/site-packages/airflow/example_dags/example_complex.py
[2024-02-12T21:18:25.828+0000] {processor.py:830} INFO - Processing file /home/ubuntu/reddit_venv/lib/python3.10/site-packages/airflow/example_dags/example_complex.py for tasks to queue
[2024-02-12T21:18:25.829+0000] {logging_mixin.py:188} INFO - [2024-02-12T21:18:25.829+0000] {dagbag.py:538} INFO - Filling up the DagBag from /home/ubuntu/reddit_venv/lib/python3.10/site-packages/airflow/example_dags/example_complex.py
[2024-02-12T21:18:25.841+0000] {processor.py:840} INFO - DAG(s) 'example_complex' retrieved from /home/ubuntu/reddit_venv/lib/python3.10/site-packages/airflow/example_dags/example_complex.py
[2024-02-12T21:18:25.868+0000] {logging_mixin.py:188} INFO - [2024-02-12T21:18:25.868+0000] {dag.py:3036} INFO - Sync 1 DAGs
[2024-02-12T21:18:25.880+0000] {logging_mixin.py:188} INFO - [2024-02-12T21:18:25.880+0000] {dag.py:3823} INFO - Setting next_dagrun for example_complex to None, run_after=None
[2024-02-12T21:18:25.901+0000] {processor.py:183} INFO - Processing /home/ubuntu/reddit_venv/lib/python3.10/site-packages/airflow/example_dags/example_complex.py took 0.078 seconds
[2024-02-12T21:19:23.524+0000] {processor.py:161} INFO - Started process (PID=6943) to work on /home/ubuntu/reddit_venv/lib/python3.10/site-packages/airflow/example_dags/example_complex.py
[2024-02-12T21:19:23.526+0000] {processor.py:830} INFO - Processing file /home/ubuntu/reddit_venv/lib/python3.10/site-packages/airflow/example_dags/example_complex.py for tasks to queue
[2024-02-12T21:19:23.527+0000] {logging_mixin.py:188} INFO - [2024-02-12T21:19:23.526+0000] {dagbag.py:538} INFO - Filling up the DagBag from /home/ubuntu/reddit_venv/lib/python3.10/site-packages/airflow/example_dags/example_complex.py
[2024-02-12T21:19:23.538+0000] {processor.py:840} INFO - DAG(s) 'example_complex' retrieved from /home/ubuntu/reddit_venv/lib/python3.10/site-packages/airflow/example_dags/example_complex.py
[2024-02-12T21:19:23.566+0000] {logging_mixin.py:188} INFO - [2024-02-12T21:19:23.565+0000] {dag.py:3036} INFO - Sync 1 DAGs
[2024-02-12T21:19:23.577+0000] {logging_mixin.py:188} INFO - [2024-02-12T21:19:23.577+0000] {dag.py:3823} INFO - Setting next_dagrun for example_complex to None, run_after=None
[2024-02-12T21:19:23.600+0000] {processor.py:183} INFO - Processing /home/ubuntu/reddit_venv/lib/python3.10/site-packages/airflow/example_dags/example_complex.py took 0.079 seconds
[2024-02-12T21:20:16.045+0000] {processor.py:161} INFO - Started process (PID=7000) to work on /home/ubuntu/reddit_venv/lib/python3.10/site-packages/airflow/example_dags/example_complex.py
[2024-02-12T21:20:16.047+0000] {processor.py:830} INFO - Processing file /home/ubuntu/reddit_venv/lib/python3.10/site-packages/airflow/example_dags/example_complex.py for tasks to queue
[2024-02-12T21:20:16.048+0000] {logging_mixin.py:188} INFO - [2024-02-12T21:20:16.047+0000] {dagbag.py:538} INFO - Filling up the DagBag from /home/ubuntu/reddit_venv/lib/python3.10/site-packages/airflow/example_dags/example_complex.py
[2024-02-12T21:20:16.060+0000] {processor.py:840} INFO - DAG(s) 'example_complex' retrieved from /home/ubuntu/reddit_venv/lib/python3.10/site-packages/airflow/example_dags/example_complex.py
[2024-02-12T21:20:16.088+0000] {logging_mixin.py:188} INFO - [2024-02-12T21:20:16.087+0000] {dag.py:3036} INFO - Sync 1 DAGs
[2024-02-12T21:20:16.099+0000] {logging_mixin.py:188} INFO - [2024-02-12T21:20:16.099+0000] {dag.py:3823} INFO - Setting next_dagrun for example_complex to None, run_after=None
[2024-02-12T21:20:16.122+0000] {processor.py:183} INFO - Processing /home/ubuntu/reddit_venv/lib/python3.10/site-packages/airflow/example_dags/example_complex.py took 0.080 seconds
[2024-02-12T21:21:07.994+0000] {processor.py:161} INFO - Started process (PID=7057) to work on /home/ubuntu/reddit_venv/lib/python3.10/site-packages/airflow/example_dags/example_complex.py
[2024-02-12T21:21:07.996+0000] {processor.py:830} INFO - Processing file /home/ubuntu/reddit_venv/lib/python3.10/site-packages/airflow/example_dags/example_complex.py for tasks to queue
[2024-02-12T21:21:07.997+0000] {logging_mixin.py:188} INFO - [2024-02-12T21:21:07.997+0000] {dagbag.py:538} INFO - Filling up the DagBag from /home/ubuntu/reddit_venv/lib/python3.10/site-packages/airflow/example_dags/example_complex.py
[2024-02-12T21:21:08.009+0000] {processor.py:840} INFO - DAG(s) 'example_complex' retrieved from /home/ubuntu/reddit_venv/lib/python3.10/site-packages/airflow/example_dags/example_complex.py
[2024-02-12T21:21:08.035+0000] {logging_mixin.py:188} INFO - [2024-02-12T21:21:08.035+0000] {dag.py:3036} INFO - Sync 1 DAGs
[2024-02-12T21:21:08.048+0000] {logging_mixin.py:188} INFO - [2024-02-12T21:21:08.047+0000] {dag.py:3823} INFO - Setting next_dagrun for example_complex to None, run_after=None
[2024-02-12T21:21:08.070+0000] {processor.py:183} INFO - Processing /home/ubuntu/reddit_venv/lib/python3.10/site-packages/airflow/example_dags/example_complex.py took 0.079 seconds
[2024-02-12T21:22:00.813+0000] {processor.py:161} INFO - Started process (PID=7115) to work on /home/ubuntu/reddit_venv/lib/python3.10/site-packages/airflow/example_dags/example_complex.py
[2024-02-12T21:22:00.815+0000] {processor.py:830} INFO - Processing file /home/ubuntu/reddit_venv/lib/python3.10/site-packages/airflow/example_dags/example_complex.py for tasks to queue
[2024-02-12T21:22:00.816+0000] {logging_mixin.py:188} INFO - [2024-02-12T21:22:00.816+0000] {dagbag.py:538} INFO - Filling up the DagBag from /home/ubuntu/reddit_venv/lib/python3.10/site-packages/airflow/example_dags/example_complex.py
[2024-02-12T21:22:00.827+0000] {processor.py:840} INFO - DAG(s) 'example_complex' retrieved from /home/ubuntu/reddit_venv/lib/python3.10/site-packages/airflow/example_dags/example_complex.py
[2024-02-12T21:22:00.854+0000] {logging_mixin.py:188} INFO - [2024-02-12T21:22:00.854+0000] {dag.py:3036} INFO - Sync 1 DAGs
[2024-02-12T21:22:00.866+0000] {logging_mixin.py:188} INFO - [2024-02-12T21:22:00.865+0000] {dag.py:3823} INFO - Setting next_dagrun for example_complex to None, run_after=None
[2024-02-12T21:22:00.888+0000] {processor.py:183} INFO - Processing /home/ubuntu/reddit_venv/lib/python3.10/site-packages/airflow/example_dags/example_complex.py took 0.078 seconds
[2024-02-12T21:22:55.444+0000] {processor.py:161} INFO - Started process (PID=7174) to work on /home/ubuntu/reddit_venv/lib/python3.10/site-packages/airflow/example_dags/example_complex.py
[2024-02-12T21:22:55.445+0000] {processor.py:830} INFO - Processing file /home/ubuntu/reddit_venv/lib/python3.10/site-packages/airflow/example_dags/example_complex.py for tasks to queue
[2024-02-12T21:22:55.446+0000] {logging_mixin.py:188} INFO - [2024-02-12T21:22:55.446+0000] {dagbag.py:538} INFO - Filling up the DagBag from /home/ubuntu/reddit_venv/lib/python3.10/site-packages/airflow/example_dags/example_complex.py
[2024-02-12T21:22:55.458+0000] {processor.py:840} INFO - DAG(s) 'example_complex' retrieved from /home/ubuntu/reddit_venv/lib/python3.10/site-packages/airflow/example_dags/example_complex.py
[2024-02-12T21:22:55.486+0000] {logging_mixin.py:188} INFO - [2024-02-12T21:22:55.485+0000] {dag.py:3036} INFO - Sync 1 DAGs
[2024-02-12T21:22:55.498+0000] {logging_mixin.py:188} INFO - [2024-02-12T21:22:55.497+0000] {dag.py:3823} INFO - Setting next_dagrun for example_complex to None, run_after=None
[2024-02-12T21:22:55.520+0000] {processor.py:183} INFO - Processing /home/ubuntu/reddit_venv/lib/python3.10/site-packages/airflow/example_dags/example_complex.py took 0.079 seconds
[2024-02-12T21:23:46.157+0000] {processor.py:161} INFO - Started process (PID=7229) to work on /home/ubuntu/reddit_venv/lib/python3.10/site-packages/airflow/example_dags/example_complex.py
[2024-02-12T21:23:46.158+0000] {processor.py:830} INFO - Processing file /home/ubuntu/reddit_venv/lib/python3.10/site-packages/airflow/example_dags/example_complex.py for tasks to queue
[2024-02-12T21:23:46.159+0000] {logging_mixin.py:188} INFO - [2024-02-12T21:23:46.159+0000] {dagbag.py:538} INFO - Filling up the DagBag from /home/ubuntu/reddit_venv/lib/python3.10/site-packages/airflow/example_dags/example_complex.py
[2024-02-12T21:23:46.171+0000] {processor.py:840} INFO - DAG(s) 'example_complex' retrieved from /home/ubuntu/reddit_venv/lib/python3.10/site-packages/airflow/example_dags/example_complex.py
[2024-02-12T21:23:46.197+0000] {logging_mixin.py:188} INFO - [2024-02-12T21:23:46.197+0000] {dag.py:3036} INFO - Sync 1 DAGs
[2024-02-12T21:23:46.209+0000] {logging_mixin.py:188} INFO - [2024-02-12T21:23:46.209+0000] {dag.py:3823} INFO - Setting next_dagrun for example_complex to None, run_after=None
[2024-02-12T21:23:46.231+0000] {processor.py:183} INFO - Processing /home/ubuntu/reddit_venv/lib/python3.10/site-packages/airflow/example_dags/example_complex.py took 0.078 seconds
[2024-02-12T21:24:40.298+0000] {processor.py:161} INFO - Started process (PID=7287) to work on /home/ubuntu/reddit_venv/lib/python3.10/site-packages/airflow/example_dags/example_complex.py
[2024-02-12T21:24:40.300+0000] {processor.py:830} INFO - Processing file /home/ubuntu/reddit_venv/lib/python3.10/site-packages/airflow/example_dags/example_complex.py for tasks to queue
[2024-02-12T21:24:40.301+0000] {logging_mixin.py:188} INFO - [2024-02-12T21:24:40.301+0000] {dagbag.py:538} INFO - Filling up the DagBag from /home/ubuntu/reddit_venv/lib/python3.10/site-packages/airflow/example_dags/example_complex.py
[2024-02-12T21:24:40.313+0000] {processor.py:840} INFO - DAG(s) 'example_complex' retrieved from /home/ubuntu/reddit_venv/lib/python3.10/site-packages/airflow/example_dags/example_complex.py
[2024-02-12T21:24:40.340+0000] {logging_mixin.py:188} INFO - [2024-02-12T21:24:40.340+0000] {dag.py:3036} INFO - Sync 1 DAGs
[2024-02-12T21:24:40.352+0000] {logging_mixin.py:188} INFO - [2024-02-12T21:24:40.352+0000] {dag.py:3823} INFO - Setting next_dagrun for example_complex to None, run_after=None
[2024-02-12T21:24:40.376+0000] {processor.py:183} INFO - Processing /home/ubuntu/reddit_venv/lib/python3.10/site-packages/airflow/example_dags/example_complex.py took 0.081 seconds
[2024-02-12T21:25:30.910+0000] {processor.py:161} INFO - Started process (PID=7342) to work on /home/ubuntu/reddit_venv/lib/python3.10/site-packages/airflow/example_dags/example_complex.py
[2024-02-12T21:25:30.911+0000] {processor.py:830} INFO - Processing file /home/ubuntu/reddit_venv/lib/python3.10/site-packages/airflow/example_dags/example_complex.py for tasks to queue
[2024-02-12T21:25:30.912+0000] {logging_mixin.py:188} INFO - [2024-02-12T21:25:30.912+0000] {dagbag.py:538} INFO - Filling up the DagBag from /home/ubuntu/reddit_venv/lib/python3.10/site-packages/airflow/example_dags/example_complex.py
[2024-02-12T21:25:30.924+0000] {processor.py:840} INFO - DAG(s) 'example_complex' retrieved from /home/ubuntu/reddit_venv/lib/python3.10/site-packages/airflow/example_dags/example_complex.py
[2024-02-12T21:25:30.950+0000] {logging_mixin.py:188} INFO - [2024-02-12T21:25:30.950+0000] {dag.py:3036} INFO - Sync 1 DAGs
[2024-02-12T21:25:30.962+0000] {logging_mixin.py:188} INFO - [2024-02-12T21:25:30.962+0000] {dag.py:3823} INFO - Setting next_dagrun for example_complex to None, run_after=None
[2024-02-12T21:25:30.983+0000] {processor.py:183} INFO - Processing /home/ubuntu/reddit_venv/lib/python3.10/site-packages/airflow/example_dags/example_complex.py took 0.077 seconds
[2024-02-12T21:26:17.612+0000] {processor.py:161} INFO - Started process (PID=7395) to work on /home/ubuntu/reddit_venv/lib/python3.10/site-packages/airflow/example_dags/example_complex.py
[2024-02-12T21:26:17.614+0000] {processor.py:830} INFO - Processing file /home/ubuntu/reddit_venv/lib/python3.10/site-packages/airflow/example_dags/example_complex.py for tasks to queue
[2024-02-12T21:26:17.615+0000] {logging_mixin.py:188} INFO - [2024-02-12T21:26:17.614+0000] {dagbag.py:538} INFO - Filling up the DagBag from /home/ubuntu/reddit_venv/lib/python3.10/site-packages/airflow/example_dags/example_complex.py
[2024-02-12T21:26:17.626+0000] {processor.py:840} INFO - DAG(s) 'example_complex' retrieved from /home/ubuntu/reddit_venv/lib/python3.10/site-packages/airflow/example_dags/example_complex.py
[2024-02-12T21:26:17.653+0000] {logging_mixin.py:188} INFO - [2024-02-12T21:26:17.653+0000] {dag.py:3036} INFO - Sync 1 DAGs
[2024-02-12T21:26:17.664+0000] {logging_mixin.py:188} INFO - [2024-02-12T21:26:17.664+0000] {dag.py:3823} INFO - Setting next_dagrun for example_complex to None, run_after=None
[2024-02-12T21:26:17.686+0000] {processor.py:183} INFO - Processing /home/ubuntu/reddit_venv/lib/python3.10/site-packages/airflow/example_dags/example_complex.py took 0.077 seconds
[2024-02-12T21:27:10.698+0000] {processor.py:161} INFO - Started process (PID=7450) to work on /home/ubuntu/reddit_venv/lib/python3.10/site-packages/airflow/example_dags/example_complex.py
[2024-02-12T21:27:10.699+0000] {processor.py:830} INFO - Processing file /home/ubuntu/reddit_venv/lib/python3.10/site-packages/airflow/example_dags/example_complex.py for tasks to queue
[2024-02-12T21:27:10.700+0000] {logging_mixin.py:188} INFO - [2024-02-12T21:27:10.700+0000] {dagbag.py:538} INFO - Filling up the DagBag from /home/ubuntu/reddit_venv/lib/python3.10/site-packages/airflow/example_dags/example_complex.py
[2024-02-12T21:27:10.712+0000] {processor.py:840} INFO - DAG(s) 'example_complex' retrieved from /home/ubuntu/reddit_venv/lib/python3.10/site-packages/airflow/example_dags/example_complex.py
[2024-02-12T21:27:10.739+0000] {logging_mixin.py:188} INFO - [2024-02-12T21:27:10.738+0000] {dag.py:3036} INFO - Sync 1 DAGs
[2024-02-12T21:27:10.750+0000] {logging_mixin.py:188} INFO - [2024-02-12T21:27:10.750+0000] {dag.py:3823} INFO - Setting next_dagrun for example_complex to None, run_after=None
[2024-02-12T21:27:10.772+0000] {processor.py:183} INFO - Processing /home/ubuntu/reddit_venv/lib/python3.10/site-packages/airflow/example_dags/example_complex.py took 0.077 seconds
[2024-02-12T21:28:00.665+0000] {processor.py:161} INFO - Started process (PID=7506) to work on /home/ubuntu/reddit_venv/lib/python3.10/site-packages/airflow/example_dags/example_complex.py
[2024-02-12T21:28:00.666+0000] {processor.py:830} INFO - Processing file /home/ubuntu/reddit_venv/lib/python3.10/site-packages/airflow/example_dags/example_complex.py for tasks to queue
[2024-02-12T21:28:00.667+0000] {logging_mixin.py:188} INFO - [2024-02-12T21:28:00.667+0000] {dagbag.py:538} INFO - Filling up the DagBag from /home/ubuntu/reddit_venv/lib/python3.10/site-packages/airflow/example_dags/example_complex.py
[2024-02-12T21:28:00.678+0000] {processor.py:840} INFO - DAG(s) 'example_complex' retrieved from /home/ubuntu/reddit_venv/lib/python3.10/site-packages/airflow/example_dags/example_complex.py
[2024-02-12T21:28:00.705+0000] {logging_mixin.py:188} INFO - [2024-02-12T21:28:00.705+0000] {dag.py:3036} INFO - Sync 1 DAGs
[2024-02-12T21:28:00.717+0000] {logging_mixin.py:188} INFO - [2024-02-12T21:28:00.717+0000] {dag.py:3823} INFO - Setting next_dagrun for example_complex to None, run_after=None
[2024-02-12T21:28:00.739+0000] {processor.py:183} INFO - Processing /home/ubuntu/reddit_venv/lib/python3.10/site-packages/airflow/example_dags/example_complex.py took 0.078 seconds
[2024-02-12T21:28:51.991+0000] {processor.py:161} INFO - Started process (PID=7560) to work on /home/ubuntu/reddit_venv/lib/python3.10/site-packages/airflow/example_dags/example_complex.py
[2024-02-12T21:28:51.992+0000] {processor.py:830} INFO - Processing file /home/ubuntu/reddit_venv/lib/python3.10/site-packages/airflow/example_dags/example_complex.py for tasks to queue
[2024-02-12T21:28:51.993+0000] {logging_mixin.py:188} INFO - [2024-02-12T21:28:51.993+0000] {dagbag.py:538} INFO - Filling up the DagBag from /home/ubuntu/reddit_venv/lib/python3.10/site-packages/airflow/example_dags/example_complex.py
[2024-02-12T21:28:52.005+0000] {processor.py:840} INFO - DAG(s) 'example_complex' retrieved from /home/ubuntu/reddit_venv/lib/python3.10/site-packages/airflow/example_dags/example_complex.py
[2024-02-12T21:28:52.032+0000] {logging_mixin.py:188} INFO - [2024-02-12T21:28:52.032+0000] {dag.py:3036} INFO - Sync 1 DAGs
[2024-02-12T21:28:52.043+0000] {logging_mixin.py:188} INFO - [2024-02-12T21:28:52.043+0000] {dag.py:3823} INFO - Setting next_dagrun for example_complex to None, run_after=None
[2024-02-12T21:28:52.065+0000] {processor.py:183} INFO - Processing /home/ubuntu/reddit_venv/lib/python3.10/site-packages/airflow/example_dags/example_complex.py took 0.078 seconds
[2024-02-12T21:29:44.066+0000] {processor.py:161} INFO - Started process (PID=7616) to work on /home/ubuntu/reddit_venv/lib/python3.10/site-packages/airflow/example_dags/example_complex.py
[2024-02-12T21:29:44.067+0000] {processor.py:830} INFO - Processing file /home/ubuntu/reddit_venv/lib/python3.10/site-packages/airflow/example_dags/example_complex.py for tasks to queue
[2024-02-12T21:29:44.068+0000] {logging_mixin.py:188} INFO - [2024-02-12T21:29:44.068+0000] {dagbag.py:538} INFO - Filling up the DagBag from /home/ubuntu/reddit_venv/lib/python3.10/site-packages/airflow/example_dags/example_complex.py
[2024-02-12T21:29:44.080+0000] {processor.py:840} INFO - DAG(s) 'example_complex' retrieved from /home/ubuntu/reddit_venv/lib/python3.10/site-packages/airflow/example_dags/example_complex.py
[2024-02-12T21:29:44.107+0000] {logging_mixin.py:188} INFO - [2024-02-12T21:29:44.107+0000] {dag.py:3036} INFO - Sync 1 DAGs
[2024-02-12T21:29:44.118+0000] {logging_mixin.py:188} INFO - [2024-02-12T21:29:44.118+0000] {dag.py:3823} INFO - Setting next_dagrun for example_complex to None, run_after=None
[2024-02-12T21:29:44.140+0000] {processor.py:183} INFO - Processing /home/ubuntu/reddit_venv/lib/python3.10/site-packages/airflow/example_dags/example_complex.py took 0.078 seconds
