[2024-02-12T20:39:18.145+0000] {processor.py:161} INFO - Started process (PID=3743) to work on /home/ubuntu/reddit_venv/lib/python3.10/site-packages/airflow/example_dags/example_external_task_marker_dag.py
[2024-02-12T20:39:18.146+0000] {processor.py:830} INFO - Processing file /home/ubuntu/reddit_venv/lib/python3.10/site-packages/airflow/example_dags/example_external_task_marker_dag.py for tasks to queue
[2024-02-12T20:39:18.147+0000] {logging_mixin.py:188} INFO - [2024-02-12T20:39:18.147+0000] {dagbag.py:538} INFO - Filling up the DagBag from /home/ubuntu/reddit_venv/lib/python3.10/site-packages/airflow/example_dags/example_external_task_marker_dag.py
[2024-02-12T20:39:18.154+0000] {processor.py:840} INFO - DAG(s) 'example_external_task_marker_parent', 'example_external_task_marker_child' retrieved from /home/ubuntu/reddit_venv/lib/python3.10/site-packages/airflow/example_dags/example_external_task_marker_dag.py
[2024-02-12T20:39:18.262+0000] {logging_mixin.py:188} INFO - [2024-02-12T20:39:18.262+0000] {override.py:1769} INFO - Created Permission View: can delete on DAG:example_external_task_marker_parent
[2024-02-12T20:39:18.275+0000] {logging_mixin.py:188} INFO - [2024-02-12T20:39:18.275+0000] {override.py:1769} INFO - Created Permission View: can edit on DAG:example_external_task_marker_parent
[2024-02-12T20:39:18.285+0000] {logging_mixin.py:188} INFO - [2024-02-12T20:39:18.285+0000] {override.py:1769} INFO - Created Permission View: can read on DAG:example_external_task_marker_parent
[2024-02-12T20:39:18.307+0000] {logging_mixin.py:188} INFO - [2024-02-12T20:39:18.307+0000] {override.py:1769} INFO - Created Permission View: can delete on DAG:example_external_task_marker_child
[2024-02-12T20:39:18.317+0000] {logging_mixin.py:188} INFO - [2024-02-12T20:39:18.316+0000] {override.py:1769} INFO - Created Permission View: can edit on DAG:example_external_task_marker_child
[2024-02-12T20:39:18.326+0000] {logging_mixin.py:188} INFO - [2024-02-12T20:39:18.326+0000] {override.py:1769} INFO - Created Permission View: can read on DAG:example_external_task_marker_child
[2024-02-12T20:39:18.326+0000] {logging_mixin.py:188} INFO - [2024-02-12T20:39:18.326+0000] {dag.py:3036} INFO - Sync 2 DAGs
[2024-02-12T20:39:18.336+0000] {logging_mixin.py:188} INFO - [2024-02-12T20:39:18.336+0000] {dag.py:3058} INFO - Creating ORM DAG for example_external_task_marker_child
[2024-02-12T20:39:18.337+0000] {logging_mixin.py:188} INFO - [2024-02-12T20:39:18.337+0000] {dag.py:3058} INFO - Creating ORM DAG for example_external_task_marker_parent
[2024-02-12T20:39:18.338+0000] {logging_mixin.py:188} INFO - [2024-02-12T20:39:18.337+0000] {dag.py:3823} INFO - Setting next_dagrun for example_external_task_marker_child to None, run_after=None
[2024-02-12T20:39:18.338+0000] {logging_mixin.py:188} INFO - [2024-02-12T20:39:18.338+0000] {dag.py:3823} INFO - Setting next_dagrun for example_external_task_marker_parent to None, run_after=None
[2024-02-12T20:39:18.364+0000] {processor.py:183} INFO - Processing /home/ubuntu/reddit_venv/lib/python3.10/site-packages/airflow/example_dags/example_external_task_marker_dag.py took 0.223 seconds
[2024-02-12T20:40:17.462+0000] {processor.py:161} INFO - Started process (PID=3805) to work on /home/ubuntu/reddit_venv/lib/python3.10/site-packages/airflow/example_dags/example_external_task_marker_dag.py
[2024-02-12T20:40:17.463+0000] {processor.py:830} INFO - Processing file /home/ubuntu/reddit_venv/lib/python3.10/site-packages/airflow/example_dags/example_external_task_marker_dag.py for tasks to queue
[2024-02-12T20:40:17.464+0000] {logging_mixin.py:188} INFO - [2024-02-12T20:40:17.464+0000] {dagbag.py:538} INFO - Filling up the DagBag from /home/ubuntu/reddit_venv/lib/python3.10/site-packages/airflow/example_dags/example_external_task_marker_dag.py
[2024-02-12T20:40:17.471+0000] {processor.py:840} INFO - DAG(s) 'example_external_task_marker_child', 'example_external_task_marker_parent' retrieved from /home/ubuntu/reddit_venv/lib/python3.10/site-packages/airflow/example_dags/example_external_task_marker_dag.py
[2024-02-12T20:40:17.490+0000] {logging_mixin.py:188} INFO - [2024-02-12T20:40:17.490+0000] {dag.py:3036} INFO - Sync 2 DAGs
[2024-02-12T20:40:17.502+0000] {logging_mixin.py:188} INFO - [2024-02-12T20:40:17.502+0000] {dag.py:3823} INFO - Setting next_dagrun for example_external_task_marker_child to None, run_after=None
[2024-02-12T20:40:17.505+0000] {logging_mixin.py:188} INFO - [2024-02-12T20:40:17.505+0000] {dag.py:3823} INFO - Setting next_dagrun for example_external_task_marker_parent to None, run_after=None
[2024-02-12T20:40:17.526+0000] {processor.py:183} INFO - Processing /home/ubuntu/reddit_venv/lib/python3.10/site-packages/airflow/example_dags/example_external_task_marker_dag.py took 0.067 seconds
[2024-02-12T20:41:08.086+0000] {processor.py:161} INFO - Started process (PID=3860) to work on /home/ubuntu/reddit_venv/lib/python3.10/site-packages/airflow/example_dags/example_external_task_marker_dag.py
[2024-02-12T20:41:08.088+0000] {processor.py:830} INFO - Processing file /home/ubuntu/reddit_venv/lib/python3.10/site-packages/airflow/example_dags/example_external_task_marker_dag.py for tasks to queue
[2024-02-12T20:41:08.089+0000] {logging_mixin.py:188} INFO - [2024-02-12T20:41:08.088+0000] {dagbag.py:538} INFO - Filling up the DagBag from /home/ubuntu/reddit_venv/lib/python3.10/site-packages/airflow/example_dags/example_external_task_marker_dag.py
[2024-02-12T20:41:08.096+0000] {processor.py:840} INFO - DAG(s) 'example_external_task_marker_parent', 'example_external_task_marker_child' retrieved from /home/ubuntu/reddit_venv/lib/python3.10/site-packages/airflow/example_dags/example_external_task_marker_dag.py
[2024-02-12T20:41:08.116+0000] {logging_mixin.py:188} INFO - [2024-02-12T20:41:08.115+0000] {dag.py:3036} INFO - Sync 2 DAGs
[2024-02-12T20:41:08.127+0000] {logging_mixin.py:188} INFO - [2024-02-12T20:41:08.127+0000] {dag.py:3823} INFO - Setting next_dagrun for example_external_task_marker_child to None, run_after=None
[2024-02-12T20:41:08.131+0000] {logging_mixin.py:188} INFO - [2024-02-12T20:41:08.131+0000] {dag.py:3823} INFO - Setting next_dagrun for example_external_task_marker_parent to None, run_after=None
[2024-02-12T20:41:08.152+0000] {processor.py:183} INFO - Processing /home/ubuntu/reddit_venv/lib/python3.10/site-packages/airflow/example_dags/example_external_task_marker_dag.py took 0.069 seconds
[2024-02-12T20:41:59.503+0000] {processor.py:161} INFO - Started process (PID=3916) to work on /home/ubuntu/reddit_venv/lib/python3.10/site-packages/airflow/example_dags/example_external_task_marker_dag.py
[2024-02-12T20:41:59.505+0000] {processor.py:830} INFO - Processing file /home/ubuntu/reddit_venv/lib/python3.10/site-packages/airflow/example_dags/example_external_task_marker_dag.py for tasks to queue
[2024-02-12T20:41:59.506+0000] {logging_mixin.py:188} INFO - [2024-02-12T20:41:59.506+0000] {dagbag.py:538} INFO - Filling up the DagBag from /home/ubuntu/reddit_venv/lib/python3.10/site-packages/airflow/example_dags/example_external_task_marker_dag.py
[2024-02-12T20:41:59.513+0000] {processor.py:840} INFO - DAG(s) 'example_external_task_marker_child', 'example_external_task_marker_parent' retrieved from /home/ubuntu/reddit_venv/lib/python3.10/site-packages/airflow/example_dags/example_external_task_marker_dag.py
[2024-02-12T20:41:59.531+0000] {logging_mixin.py:188} INFO - [2024-02-12T20:41:59.531+0000] {dag.py:3036} INFO - Sync 2 DAGs
[2024-02-12T20:41:59.543+0000] {logging_mixin.py:188} INFO - [2024-02-12T20:41:59.543+0000] {dag.py:3823} INFO - Setting next_dagrun for example_external_task_marker_child to None, run_after=None
[2024-02-12T20:41:59.546+0000] {logging_mixin.py:188} INFO - [2024-02-12T20:41:59.546+0000] {dag.py:3823} INFO - Setting next_dagrun for example_external_task_marker_parent to None, run_after=None
[2024-02-12T20:41:59.566+0000] {processor.py:183} INFO - Processing /home/ubuntu/reddit_venv/lib/python3.10/site-packages/airflow/example_dags/example_external_task_marker_dag.py took 0.066 seconds
[2024-02-12T20:42:47.804+0000] {processor.py:161} INFO - Started process (PID=3971) to work on /home/ubuntu/reddit_venv/lib/python3.10/site-packages/airflow/example_dags/example_external_task_marker_dag.py
[2024-02-12T20:42:47.806+0000] {processor.py:830} INFO - Processing file /home/ubuntu/reddit_venv/lib/python3.10/site-packages/airflow/example_dags/example_external_task_marker_dag.py for tasks to queue
[2024-02-12T20:42:47.807+0000] {logging_mixin.py:188} INFO - [2024-02-12T20:42:47.806+0000] {dagbag.py:538} INFO - Filling up the DagBag from /home/ubuntu/reddit_venv/lib/python3.10/site-packages/airflow/example_dags/example_external_task_marker_dag.py
[2024-02-12T20:42:47.814+0000] {processor.py:840} INFO - DAG(s) 'example_external_task_marker_parent', 'example_external_task_marker_child' retrieved from /home/ubuntu/reddit_venv/lib/python3.10/site-packages/airflow/example_dags/example_external_task_marker_dag.py
[2024-02-12T20:42:47.833+0000] {logging_mixin.py:188} INFO - [2024-02-12T20:42:47.833+0000] {dag.py:3036} INFO - Sync 2 DAGs
[2024-02-12T20:42:47.845+0000] {logging_mixin.py:188} INFO - [2024-02-12T20:42:47.845+0000] {dag.py:3823} INFO - Setting next_dagrun for example_external_task_marker_child to None, run_after=None
[2024-02-12T20:42:47.849+0000] {logging_mixin.py:188} INFO - [2024-02-12T20:42:47.848+0000] {dag.py:3823} INFO - Setting next_dagrun for example_external_task_marker_parent to None, run_after=None
[2024-02-12T20:42:47.869+0000] {processor.py:183} INFO - Processing /home/ubuntu/reddit_venv/lib/python3.10/site-packages/airflow/example_dags/example_external_task_marker_dag.py took 0.068 seconds
[2024-02-12T20:43:37.349+0000] {processor.py:161} INFO - Started process (PID=4030) to work on /home/ubuntu/reddit_venv/lib/python3.10/site-packages/airflow/example_dags/example_external_task_marker_dag.py
[2024-02-12T20:43:37.351+0000] {processor.py:830} INFO - Processing file /home/ubuntu/reddit_venv/lib/python3.10/site-packages/airflow/example_dags/example_external_task_marker_dag.py for tasks to queue
[2024-02-12T20:43:37.353+0000] {logging_mixin.py:188} INFO - [2024-02-12T20:43:37.353+0000] {dagbag.py:538} INFO - Filling up the DagBag from /home/ubuntu/reddit_venv/lib/python3.10/site-packages/airflow/example_dags/example_external_task_marker_dag.py
[2024-02-12T20:43:37.360+0000] {processor.py:840} INFO - DAG(s) 'example_external_task_marker_child', 'example_external_task_marker_parent' retrieved from /home/ubuntu/reddit_venv/lib/python3.10/site-packages/airflow/example_dags/example_external_task_marker_dag.py
[2024-02-12T20:43:37.379+0000] {logging_mixin.py:188} INFO - [2024-02-12T20:43:37.379+0000] {dag.py:3036} INFO - Sync 2 DAGs
[2024-02-12T20:43:37.391+0000] {logging_mixin.py:188} INFO - [2024-02-12T20:43:37.391+0000] {dag.py:3823} INFO - Setting next_dagrun for example_external_task_marker_child to None, run_after=None
[2024-02-12T20:43:37.394+0000] {logging_mixin.py:188} INFO - [2024-02-12T20:43:37.394+0000] {dag.py:3823} INFO - Setting next_dagrun for example_external_task_marker_parent to None, run_after=None
[2024-02-12T20:43:37.416+0000] {processor.py:183} INFO - Processing /home/ubuntu/reddit_venv/lib/python3.10/site-packages/airflow/example_dags/example_external_task_marker_dag.py took 0.070 seconds
[2024-02-12T20:44:24.793+0000] {processor.py:161} INFO - Started process (PID=4082) to work on /home/ubuntu/reddit_venv/lib/python3.10/site-packages/airflow/example_dags/example_external_task_marker_dag.py
[2024-02-12T20:44:24.795+0000] {processor.py:830} INFO - Processing file /home/ubuntu/reddit_venv/lib/python3.10/site-packages/airflow/example_dags/example_external_task_marker_dag.py for tasks to queue
[2024-02-12T20:44:24.795+0000] {logging_mixin.py:188} INFO - [2024-02-12T20:44:24.795+0000] {dagbag.py:538} INFO - Filling up the DagBag from /home/ubuntu/reddit_venv/lib/python3.10/site-packages/airflow/example_dags/example_external_task_marker_dag.py
[2024-02-12T20:44:24.802+0000] {processor.py:840} INFO - DAG(s) 'example_external_task_marker_child', 'example_external_task_marker_parent' retrieved from /home/ubuntu/reddit_venv/lib/python3.10/site-packages/airflow/example_dags/example_external_task_marker_dag.py
[2024-02-12T20:44:24.821+0000] {logging_mixin.py:188} INFO - [2024-02-12T20:44:24.821+0000] {dag.py:3036} INFO - Sync 2 DAGs
[2024-02-12T20:44:24.833+0000] {logging_mixin.py:188} INFO - [2024-02-12T20:44:24.833+0000] {dag.py:3823} INFO - Setting next_dagrun for example_external_task_marker_child to None, run_after=None
[2024-02-12T20:44:24.836+0000] {logging_mixin.py:188} INFO - [2024-02-12T20:44:24.836+0000] {dag.py:3823} INFO - Setting next_dagrun for example_external_task_marker_parent to None, run_after=None
[2024-02-12T20:44:24.855+0000] {processor.py:183} INFO - Processing /home/ubuntu/reddit_venv/lib/python3.10/site-packages/airflow/example_dags/example_external_task_marker_dag.py took 0.065 seconds
[2024-02-12T20:45:18.764+0000] {processor.py:161} INFO - Started process (PID=4139) to work on /home/ubuntu/reddit_venv/lib/python3.10/site-packages/airflow/example_dags/example_external_task_marker_dag.py
[2024-02-12T20:45:18.765+0000] {processor.py:830} INFO - Processing file /home/ubuntu/reddit_venv/lib/python3.10/site-packages/airflow/example_dags/example_external_task_marker_dag.py for tasks to queue
[2024-02-12T20:45:18.766+0000] {logging_mixin.py:188} INFO - [2024-02-12T20:45:18.766+0000] {dagbag.py:538} INFO - Filling up the DagBag from /home/ubuntu/reddit_venv/lib/python3.10/site-packages/airflow/example_dags/example_external_task_marker_dag.py
[2024-02-12T20:45:18.773+0000] {processor.py:840} INFO - DAG(s) 'example_external_task_marker_child', 'example_external_task_marker_parent' retrieved from /home/ubuntu/reddit_venv/lib/python3.10/site-packages/airflow/example_dags/example_external_task_marker_dag.py
[2024-02-12T20:45:18.801+0000] {logging_mixin.py:188} INFO - [2024-02-12T20:45:18.800+0000] {dag.py:3036} INFO - Sync 2 DAGs
[2024-02-12T20:45:18.812+0000] {logging_mixin.py:188} INFO - [2024-02-12T20:45:18.812+0000] {dag.py:3823} INFO - Setting next_dagrun for example_external_task_marker_child to None, run_after=None
[2024-02-12T20:45:18.816+0000] {logging_mixin.py:188} INFO - [2024-02-12T20:45:18.816+0000] {dag.py:3823} INFO - Setting next_dagrun for example_external_task_marker_parent to None, run_after=None
[2024-02-12T20:45:18.835+0000] {processor.py:183} INFO - Processing /home/ubuntu/reddit_venv/lib/python3.10/site-packages/airflow/example_dags/example_external_task_marker_dag.py took 0.075 seconds
[2024-02-12T20:46:07.072+0000] {processor.py:161} INFO - Started process (PID=4193) to work on /home/ubuntu/reddit_venv/lib/python3.10/site-packages/airflow/example_dags/example_external_task_marker_dag.py
[2024-02-12T20:46:07.073+0000] {processor.py:830} INFO - Processing file /home/ubuntu/reddit_venv/lib/python3.10/site-packages/airflow/example_dags/example_external_task_marker_dag.py for tasks to queue
[2024-02-12T20:46:07.074+0000] {logging_mixin.py:188} INFO - [2024-02-12T20:46:07.073+0000] {dagbag.py:538} INFO - Filling up the DagBag from /home/ubuntu/reddit_venv/lib/python3.10/site-packages/airflow/example_dags/example_external_task_marker_dag.py
[2024-02-12T20:46:07.081+0000] {processor.py:840} INFO - DAG(s) 'example_external_task_marker_parent', 'example_external_task_marker_child' retrieved from /home/ubuntu/reddit_venv/lib/python3.10/site-packages/airflow/example_dags/example_external_task_marker_dag.py
[2024-02-12T20:46:07.099+0000] {logging_mixin.py:188} INFO - [2024-02-12T20:46:07.099+0000] {dag.py:3036} INFO - Sync 2 DAGs
[2024-02-12T20:46:07.111+0000] {logging_mixin.py:188} INFO - [2024-02-12T20:46:07.111+0000] {dag.py:3823} INFO - Setting next_dagrun for example_external_task_marker_child to None, run_after=None
[2024-02-12T20:46:07.114+0000] {logging_mixin.py:188} INFO - [2024-02-12T20:46:07.114+0000] {dag.py:3823} INFO - Setting next_dagrun for example_external_task_marker_parent to None, run_after=None
[2024-02-12T20:46:07.134+0000] {processor.py:183} INFO - Processing /home/ubuntu/reddit_venv/lib/python3.10/site-packages/airflow/example_dags/example_external_task_marker_dag.py took 0.066 seconds
[2024-02-12T20:46:54.009+0000] {processor.py:161} INFO - Started process (PID=4247) to work on /home/ubuntu/reddit_venv/lib/python3.10/site-packages/airflow/example_dags/example_external_task_marker_dag.py
[2024-02-12T20:46:54.012+0000] {processor.py:830} INFO - Processing file /home/ubuntu/reddit_venv/lib/python3.10/site-packages/airflow/example_dags/example_external_task_marker_dag.py for tasks to queue
[2024-02-12T20:46:54.013+0000] {logging_mixin.py:188} INFO - [2024-02-12T20:46:54.012+0000] {dagbag.py:538} INFO - Filling up the DagBag from /home/ubuntu/reddit_venv/lib/python3.10/site-packages/airflow/example_dags/example_external_task_marker_dag.py
[2024-02-12T20:46:54.020+0000] {processor.py:840} INFO - DAG(s) 'example_external_task_marker_child', 'example_external_task_marker_parent' retrieved from /home/ubuntu/reddit_venv/lib/python3.10/site-packages/airflow/example_dags/example_external_task_marker_dag.py
[2024-02-12T20:46:54.039+0000] {logging_mixin.py:188} INFO - [2024-02-12T20:46:54.039+0000] {dag.py:3036} INFO - Sync 2 DAGs
[2024-02-12T20:46:54.051+0000] {logging_mixin.py:188} INFO - [2024-02-12T20:46:54.050+0000] {dag.py:3823} INFO - Setting next_dagrun for example_external_task_marker_child to None, run_after=None
[2024-02-12T20:46:54.054+0000] {logging_mixin.py:188} INFO - [2024-02-12T20:46:54.054+0000] {dag.py:3823} INFO - Setting next_dagrun for example_external_task_marker_parent to None, run_after=None
[2024-02-12T20:46:54.073+0000] {processor.py:183} INFO - Processing /home/ubuntu/reddit_venv/lib/python3.10/site-packages/airflow/example_dags/example_external_task_marker_dag.py took 0.068 seconds
[2024-02-12T20:47:44.434+0000] {processor.py:161} INFO - Started process (PID=4303) to work on /home/ubuntu/reddit_venv/lib/python3.10/site-packages/airflow/example_dags/example_external_task_marker_dag.py
[2024-02-12T20:47:44.435+0000] {processor.py:830} INFO - Processing file /home/ubuntu/reddit_venv/lib/python3.10/site-packages/airflow/example_dags/example_external_task_marker_dag.py for tasks to queue
[2024-02-12T20:47:44.436+0000] {logging_mixin.py:188} INFO - [2024-02-12T20:47:44.436+0000] {dagbag.py:538} INFO - Filling up the DagBag from /home/ubuntu/reddit_venv/lib/python3.10/site-packages/airflow/example_dags/example_external_task_marker_dag.py
[2024-02-12T20:47:44.443+0000] {processor.py:840} INFO - DAG(s) 'example_external_task_marker_parent', 'example_external_task_marker_child' retrieved from /home/ubuntu/reddit_venv/lib/python3.10/site-packages/airflow/example_dags/example_external_task_marker_dag.py
[2024-02-12T20:47:44.462+0000] {logging_mixin.py:188} INFO - [2024-02-12T20:47:44.462+0000] {dag.py:3036} INFO - Sync 2 DAGs
[2024-02-12T20:47:44.473+0000] {logging_mixin.py:188} INFO - [2024-02-12T20:47:44.473+0000] {dag.py:3823} INFO - Setting next_dagrun for example_external_task_marker_child to None, run_after=None
[2024-02-12T20:47:44.477+0000] {logging_mixin.py:188} INFO - [2024-02-12T20:47:44.476+0000] {dag.py:3823} INFO - Setting next_dagrun for example_external_task_marker_parent to None, run_after=None
[2024-02-12T20:47:44.496+0000] {processor.py:183} INFO - Processing /home/ubuntu/reddit_venv/lib/python3.10/site-packages/airflow/example_dags/example_external_task_marker_dag.py took 0.066 seconds
[2024-02-12T20:48:38.287+0000] {processor.py:161} INFO - Started process (PID=4362) to work on /home/ubuntu/reddit_venv/lib/python3.10/site-packages/airflow/example_dags/example_external_task_marker_dag.py
[2024-02-12T20:48:38.290+0000] {processor.py:830} INFO - Processing file /home/ubuntu/reddit_venv/lib/python3.10/site-packages/airflow/example_dags/example_external_task_marker_dag.py for tasks to queue
[2024-02-12T20:48:38.291+0000] {logging_mixin.py:188} INFO - [2024-02-12T20:48:38.290+0000] {dagbag.py:538} INFO - Filling up the DagBag from /home/ubuntu/reddit_venv/lib/python3.10/site-packages/airflow/example_dags/example_external_task_marker_dag.py
[2024-02-12T20:48:38.298+0000] {processor.py:840} INFO - DAG(s) 'example_external_task_marker_child', 'example_external_task_marker_parent' retrieved from /home/ubuntu/reddit_venv/lib/python3.10/site-packages/airflow/example_dags/example_external_task_marker_dag.py
[2024-02-12T20:48:38.318+0000] {logging_mixin.py:188} INFO - [2024-02-12T20:48:38.318+0000] {dag.py:3036} INFO - Sync 2 DAGs
[2024-02-12T20:48:38.331+0000] {logging_mixin.py:188} INFO - [2024-02-12T20:48:38.331+0000] {dag.py:3823} INFO - Setting next_dagrun for example_external_task_marker_child to None, run_after=None
[2024-02-12T20:48:38.334+0000] {logging_mixin.py:188} INFO - [2024-02-12T20:48:38.334+0000] {dag.py:3823} INFO - Setting next_dagrun for example_external_task_marker_parent to None, run_after=None
[2024-02-12T20:48:38.358+0000] {processor.py:183} INFO - Processing /home/ubuntu/reddit_venv/lib/python3.10/site-packages/airflow/example_dags/example_external_task_marker_dag.py took 0.075 seconds
[2024-02-12T20:50:29.935+0000] {processor.py:161} INFO - Started process (PID=4477) to work on /home/ubuntu/reddit_venv/lib/python3.10/site-packages/airflow/example_dags/example_external_task_marker_dag.py
[2024-02-12T20:50:29.936+0000] {processor.py:830} INFO - Processing file /home/ubuntu/reddit_venv/lib/python3.10/site-packages/airflow/example_dags/example_external_task_marker_dag.py for tasks to queue
[2024-02-12T20:50:29.937+0000] {logging_mixin.py:188} INFO - [2024-02-12T20:50:29.937+0000] {dagbag.py:538} INFO - Filling up the DagBag from /home/ubuntu/reddit_venv/lib/python3.10/site-packages/airflow/example_dags/example_external_task_marker_dag.py
[2024-02-12T20:50:29.944+0000] {processor.py:840} INFO - DAG(s) 'example_external_task_marker_child', 'example_external_task_marker_parent' retrieved from /home/ubuntu/reddit_venv/lib/python3.10/site-packages/airflow/example_dags/example_external_task_marker_dag.py
[2024-02-12T20:50:30.050+0000] {logging_mixin.py:188} INFO - [2024-02-12T20:50:30.049+0000] {dag.py:3036} INFO - Sync 2 DAGs
[2024-02-12T20:50:30.059+0000] {logging_mixin.py:188} INFO - [2024-02-12T20:50:30.059+0000] {dag.py:3823} INFO - Setting next_dagrun for example_external_task_marker_child to None, run_after=None
[2024-02-12T20:50:30.062+0000] {logging_mixin.py:188} INFO - [2024-02-12T20:50:30.062+0000] {dag.py:3823} INFO - Setting next_dagrun for example_external_task_marker_parent to None, run_after=None
[2024-02-12T20:50:30.090+0000] {processor.py:183} INFO - Processing /home/ubuntu/reddit_venv/lib/python3.10/site-packages/airflow/example_dags/example_external_task_marker_dag.py took 0.159 seconds
[2024-02-12T20:51:29.046+0000] {processor.py:161} INFO - Started process (PID=4537) to work on /home/ubuntu/reddit_venv/lib/python3.10/site-packages/airflow/example_dags/example_external_task_marker_dag.py
[2024-02-12T20:51:29.047+0000] {processor.py:830} INFO - Processing file /home/ubuntu/reddit_venv/lib/python3.10/site-packages/airflow/example_dags/example_external_task_marker_dag.py for tasks to queue
[2024-02-12T20:51:29.048+0000] {logging_mixin.py:188} INFO - [2024-02-12T20:51:29.048+0000] {dagbag.py:538} INFO - Filling up the DagBag from /home/ubuntu/reddit_venv/lib/python3.10/site-packages/airflow/example_dags/example_external_task_marker_dag.py
[2024-02-12T20:51:29.055+0000] {processor.py:840} INFO - DAG(s) 'example_external_task_marker_parent', 'example_external_task_marker_child' retrieved from /home/ubuntu/reddit_venv/lib/python3.10/site-packages/airflow/example_dags/example_external_task_marker_dag.py
[2024-02-12T20:51:29.074+0000] {logging_mixin.py:188} INFO - [2024-02-12T20:51:29.074+0000] {dag.py:3036} INFO - Sync 2 DAGs
[2024-02-12T20:51:29.086+0000] {logging_mixin.py:188} INFO - [2024-02-12T20:51:29.086+0000] {dag.py:3823} INFO - Setting next_dagrun for example_external_task_marker_child to None, run_after=None
[2024-02-12T20:51:29.090+0000] {logging_mixin.py:188} INFO - [2024-02-12T20:51:29.089+0000] {dag.py:3823} INFO - Setting next_dagrun for example_external_task_marker_parent to None, run_after=None
[2024-02-12T20:51:29.109+0000] {processor.py:183} INFO - Processing /home/ubuntu/reddit_venv/lib/python3.10/site-packages/airflow/example_dags/example_external_task_marker_dag.py took 0.067 seconds
[2024-02-12T20:52:20.918+0000] {processor.py:161} INFO - Started process (PID=4593) to work on /home/ubuntu/reddit_venv/lib/python3.10/site-packages/airflow/example_dags/example_external_task_marker_dag.py
[2024-02-12T20:52:20.920+0000] {processor.py:830} INFO - Processing file /home/ubuntu/reddit_venv/lib/python3.10/site-packages/airflow/example_dags/example_external_task_marker_dag.py for tasks to queue
[2024-02-12T20:52:20.921+0000] {logging_mixin.py:188} INFO - [2024-02-12T20:52:20.920+0000] {dagbag.py:538} INFO - Filling up the DagBag from /home/ubuntu/reddit_venv/lib/python3.10/site-packages/airflow/example_dags/example_external_task_marker_dag.py
[2024-02-12T20:52:20.928+0000] {processor.py:840} INFO - DAG(s) 'example_external_task_marker_parent', 'example_external_task_marker_child' retrieved from /home/ubuntu/reddit_venv/lib/python3.10/site-packages/airflow/example_dags/example_external_task_marker_dag.py
[2024-02-12T20:52:20.946+0000] {logging_mixin.py:188} INFO - [2024-02-12T20:52:20.946+0000] {dag.py:3036} INFO - Sync 2 DAGs
[2024-02-12T20:52:20.958+0000] {logging_mixin.py:188} INFO - [2024-02-12T20:52:20.958+0000] {dag.py:3823} INFO - Setting next_dagrun for example_external_task_marker_child to None, run_after=None
[2024-02-12T20:52:20.962+0000] {logging_mixin.py:188} INFO - [2024-02-12T20:52:20.961+0000] {dag.py:3823} INFO - Setting next_dagrun for example_external_task_marker_parent to None, run_after=None
[2024-02-12T20:52:20.983+0000] {processor.py:183} INFO - Processing /home/ubuntu/reddit_venv/lib/python3.10/site-packages/airflow/example_dags/example_external_task_marker_dag.py took 0.068 seconds
[2024-02-12T20:53:12.212+0000] {processor.py:161} INFO - Started process (PID=4653) to work on /home/ubuntu/reddit_venv/lib/python3.10/site-packages/airflow/example_dags/example_external_task_marker_dag.py
[2024-02-12T20:53:12.214+0000] {processor.py:830} INFO - Processing file /home/ubuntu/reddit_venv/lib/python3.10/site-packages/airflow/example_dags/example_external_task_marker_dag.py for tasks to queue
[2024-02-12T20:53:12.215+0000] {logging_mixin.py:188} INFO - [2024-02-12T20:53:12.214+0000] {dagbag.py:538} INFO - Filling up the DagBag from /home/ubuntu/reddit_venv/lib/python3.10/site-packages/airflow/example_dags/example_external_task_marker_dag.py
[2024-02-12T20:53:12.222+0000] {processor.py:840} INFO - DAG(s) 'example_external_task_marker_child', 'example_external_task_marker_parent' retrieved from /home/ubuntu/reddit_venv/lib/python3.10/site-packages/airflow/example_dags/example_external_task_marker_dag.py
[2024-02-12T20:53:12.240+0000] {logging_mixin.py:188} INFO - [2024-02-12T20:53:12.240+0000] {dag.py:3036} INFO - Sync 2 DAGs
[2024-02-12T20:53:12.252+0000] {logging_mixin.py:188} INFO - [2024-02-12T20:53:12.252+0000] {dag.py:3823} INFO - Setting next_dagrun for example_external_task_marker_child to None, run_after=None
[2024-02-12T20:53:12.256+0000] {logging_mixin.py:188} INFO - [2024-02-12T20:53:12.256+0000] {dag.py:3823} INFO - Setting next_dagrun for example_external_task_marker_parent to None, run_after=None
[2024-02-12T20:53:12.275+0000] {processor.py:183} INFO - Processing /home/ubuntu/reddit_venv/lib/python3.10/site-packages/airflow/example_dags/example_external_task_marker_dag.py took 0.066 seconds
[2024-02-12T20:54:06.820+0000] {processor.py:161} INFO - Started process (PID=4716) to work on /home/ubuntu/reddit_venv/lib/python3.10/site-packages/airflow/example_dags/example_external_task_marker_dag.py
[2024-02-12T20:54:06.821+0000] {processor.py:830} INFO - Processing file /home/ubuntu/reddit_venv/lib/python3.10/site-packages/airflow/example_dags/example_external_task_marker_dag.py for tasks to queue
[2024-02-12T20:54:06.822+0000] {logging_mixin.py:188} INFO - [2024-02-12T20:54:06.822+0000] {dagbag.py:538} INFO - Filling up the DagBag from /home/ubuntu/reddit_venv/lib/python3.10/site-packages/airflow/example_dags/example_external_task_marker_dag.py
[2024-02-12T20:54:06.829+0000] {processor.py:840} INFO - DAG(s) 'example_external_task_marker_parent', 'example_external_task_marker_child' retrieved from /home/ubuntu/reddit_venv/lib/python3.10/site-packages/airflow/example_dags/example_external_task_marker_dag.py
[2024-02-12T20:54:06.848+0000] {logging_mixin.py:188} INFO - [2024-02-12T20:54:06.848+0000] {dag.py:3036} INFO - Sync 2 DAGs
[2024-02-12T20:54:06.859+0000] {logging_mixin.py:188} INFO - [2024-02-12T20:54:06.859+0000] {dag.py:3823} INFO - Setting next_dagrun for example_external_task_marker_child to None, run_after=None
[2024-02-12T20:54:06.863+0000] {logging_mixin.py:188} INFO - [2024-02-12T20:54:06.863+0000] {dag.py:3823} INFO - Setting next_dagrun for example_external_task_marker_parent to None, run_after=None
[2024-02-12T20:54:06.882+0000] {processor.py:183} INFO - Processing /home/ubuntu/reddit_venv/lib/python3.10/site-packages/airflow/example_dags/example_external_task_marker_dag.py took 0.066 seconds
[2024-02-12T20:54:59.625+0000] {processor.py:161} INFO - Started process (PID=4772) to work on /home/ubuntu/reddit_venv/lib/python3.10/site-packages/airflow/example_dags/example_external_task_marker_dag.py
[2024-02-12T20:54:59.626+0000] {processor.py:830} INFO - Processing file /home/ubuntu/reddit_venv/lib/python3.10/site-packages/airflow/example_dags/example_external_task_marker_dag.py for tasks to queue
[2024-02-12T20:54:59.627+0000] {logging_mixin.py:188} INFO - [2024-02-12T20:54:59.627+0000] {dagbag.py:538} INFO - Filling up the DagBag from /home/ubuntu/reddit_venv/lib/python3.10/site-packages/airflow/example_dags/example_external_task_marker_dag.py
[2024-02-12T20:54:59.634+0000] {processor.py:840} INFO - DAG(s) 'example_external_task_marker_parent', 'example_external_task_marker_child' retrieved from /home/ubuntu/reddit_venv/lib/python3.10/site-packages/airflow/example_dags/example_external_task_marker_dag.py
[2024-02-12T20:54:59.653+0000] {logging_mixin.py:188} INFO - [2024-02-12T20:54:59.653+0000] {dag.py:3036} INFO - Sync 2 DAGs
[2024-02-12T20:54:59.665+0000] {logging_mixin.py:188} INFO - [2024-02-12T20:54:59.665+0000] {dag.py:3823} INFO - Setting next_dagrun for example_external_task_marker_child to None, run_after=None
[2024-02-12T20:54:59.668+0000] {logging_mixin.py:188} INFO - [2024-02-12T20:54:59.668+0000] {dag.py:3823} INFO - Setting next_dagrun for example_external_task_marker_parent to None, run_after=None
[2024-02-12T20:54:59.689+0000] {processor.py:183} INFO - Processing /home/ubuntu/reddit_venv/lib/python3.10/site-packages/airflow/example_dags/example_external_task_marker_dag.py took 0.068 seconds
[2024-02-12T20:55:54.781+0000] {processor.py:161} INFO - Started process (PID=4899) to work on /home/ubuntu/reddit_venv/lib/python3.10/site-packages/airflow/example_dags/example_external_task_marker_dag.py
[2024-02-12T20:55:54.782+0000] {processor.py:830} INFO - Processing file /home/ubuntu/reddit_venv/lib/python3.10/site-packages/airflow/example_dags/example_external_task_marker_dag.py for tasks to queue
[2024-02-12T20:55:54.783+0000] {logging_mixin.py:188} INFO - [2024-02-12T20:55:54.783+0000] {dagbag.py:538} INFO - Filling up the DagBag from /home/ubuntu/reddit_venv/lib/python3.10/site-packages/airflow/example_dags/example_external_task_marker_dag.py
[2024-02-12T20:55:54.790+0000] {processor.py:840} INFO - DAG(s) 'example_external_task_marker_parent', 'example_external_task_marker_child' retrieved from /home/ubuntu/reddit_venv/lib/python3.10/site-packages/airflow/example_dags/example_external_task_marker_dag.py
[2024-02-12T20:55:54.808+0000] {logging_mixin.py:188} INFO - [2024-02-12T20:55:54.808+0000] {dag.py:3036} INFO - Sync 2 DAGs
[2024-02-12T20:55:54.821+0000] {logging_mixin.py:188} INFO - [2024-02-12T20:55:54.821+0000] {dag.py:3823} INFO - Setting next_dagrun for example_external_task_marker_child to None, run_after=None
[2024-02-12T20:55:54.824+0000] {logging_mixin.py:188} INFO - [2024-02-12T20:55:54.824+0000] {dag.py:3823} INFO - Setting next_dagrun for example_external_task_marker_parent to None, run_after=None
[2024-02-12T20:55:54.843+0000] {processor.py:183} INFO - Processing /home/ubuntu/reddit_venv/lib/python3.10/site-packages/airflow/example_dags/example_external_task_marker_dag.py took 0.066 seconds
[2024-02-12T20:56:43.551+0000] {processor.py:161} INFO - Started process (PID=4953) to work on /home/ubuntu/reddit_venv/lib/python3.10/site-packages/airflow/example_dags/example_external_task_marker_dag.py
[2024-02-12T20:56:43.553+0000] {processor.py:830} INFO - Processing file /home/ubuntu/reddit_venv/lib/python3.10/site-packages/airflow/example_dags/example_external_task_marker_dag.py for tasks to queue
[2024-02-12T20:56:43.554+0000] {logging_mixin.py:188} INFO - [2024-02-12T20:56:43.553+0000] {dagbag.py:538} INFO - Filling up the DagBag from /home/ubuntu/reddit_venv/lib/python3.10/site-packages/airflow/example_dags/example_external_task_marker_dag.py
[2024-02-12T20:56:43.560+0000] {processor.py:840} INFO - DAG(s) 'example_external_task_marker_child', 'example_external_task_marker_parent' retrieved from /home/ubuntu/reddit_venv/lib/python3.10/site-packages/airflow/example_dags/example_external_task_marker_dag.py
[2024-02-12T20:56:43.578+0000] {logging_mixin.py:188} INFO - [2024-02-12T20:56:43.578+0000] {dag.py:3036} INFO - Sync 2 DAGs
[2024-02-12T20:56:43.589+0000] {logging_mixin.py:188} INFO - [2024-02-12T20:56:43.589+0000] {dag.py:3823} INFO - Setting next_dagrun for example_external_task_marker_child to None, run_after=None
[2024-02-12T20:56:43.593+0000] {logging_mixin.py:188} INFO - [2024-02-12T20:56:43.593+0000] {dag.py:3823} INFO - Setting next_dagrun for example_external_task_marker_parent to None, run_after=None
[2024-02-12T20:56:43.612+0000] {processor.py:183} INFO - Processing /home/ubuntu/reddit_venv/lib/python3.10/site-packages/airflow/example_dags/example_external_task_marker_dag.py took 0.064 seconds
[2024-02-12T20:57:39.069+0000] {processor.py:161} INFO - Started process (PID=5012) to work on /home/ubuntu/reddit_venv/lib/python3.10/site-packages/airflow/example_dags/example_external_task_marker_dag.py
[2024-02-12T20:57:39.070+0000] {processor.py:830} INFO - Processing file /home/ubuntu/reddit_venv/lib/python3.10/site-packages/airflow/example_dags/example_external_task_marker_dag.py for tasks to queue
[2024-02-12T20:57:39.071+0000] {logging_mixin.py:188} INFO - [2024-02-12T20:57:39.071+0000] {dagbag.py:538} INFO - Filling up the DagBag from /home/ubuntu/reddit_venv/lib/python3.10/site-packages/airflow/example_dags/example_external_task_marker_dag.py
[2024-02-12T20:57:39.078+0000] {processor.py:840} INFO - DAG(s) 'example_external_task_marker_child', 'example_external_task_marker_parent' retrieved from /home/ubuntu/reddit_venv/lib/python3.10/site-packages/airflow/example_dags/example_external_task_marker_dag.py
[2024-02-12T20:57:39.096+0000] {logging_mixin.py:188} INFO - [2024-02-12T20:57:39.096+0000] {dag.py:3036} INFO - Sync 2 DAGs
[2024-02-12T20:57:39.108+0000] {logging_mixin.py:188} INFO - [2024-02-12T20:57:39.108+0000] {dag.py:3823} INFO - Setting next_dagrun for example_external_task_marker_child to None, run_after=None
[2024-02-12T20:57:39.111+0000] {logging_mixin.py:188} INFO - [2024-02-12T20:57:39.111+0000] {dag.py:3823} INFO - Setting next_dagrun for example_external_task_marker_parent to None, run_after=None
[2024-02-12T20:57:39.131+0000] {processor.py:183} INFO - Processing /home/ubuntu/reddit_venv/lib/python3.10/site-packages/airflow/example_dags/example_external_task_marker_dag.py took 0.066 seconds
[2024-02-12T20:58:30.454+0000] {processor.py:161} INFO - Started process (PID=5068) to work on /home/ubuntu/reddit_venv/lib/python3.10/site-packages/airflow/example_dags/example_external_task_marker_dag.py
[2024-02-12T20:58:30.456+0000] {processor.py:830} INFO - Processing file /home/ubuntu/reddit_venv/lib/python3.10/site-packages/airflow/example_dags/example_external_task_marker_dag.py for tasks to queue
[2024-02-12T20:58:30.457+0000] {logging_mixin.py:188} INFO - [2024-02-12T20:58:30.456+0000] {dagbag.py:538} INFO - Filling up the DagBag from /home/ubuntu/reddit_venv/lib/python3.10/site-packages/airflow/example_dags/example_external_task_marker_dag.py
[2024-02-12T20:58:30.464+0000] {processor.py:840} INFO - DAG(s) 'example_external_task_marker_child', 'example_external_task_marker_parent' retrieved from /home/ubuntu/reddit_venv/lib/python3.10/site-packages/airflow/example_dags/example_external_task_marker_dag.py
[2024-02-12T20:58:30.484+0000] {logging_mixin.py:188} INFO - [2024-02-12T20:58:30.483+0000] {dag.py:3036} INFO - Sync 2 DAGs
[2024-02-12T20:58:30.496+0000] {logging_mixin.py:188} INFO - [2024-02-12T20:58:30.495+0000] {dag.py:3823} INFO - Setting next_dagrun for example_external_task_marker_child to None, run_after=None
[2024-02-12T20:58:30.499+0000] {logging_mixin.py:188} INFO - [2024-02-12T20:58:30.499+0000] {dag.py:3823} INFO - Setting next_dagrun for example_external_task_marker_parent to None, run_after=None
[2024-02-12T20:58:30.520+0000] {processor.py:183} INFO - Processing /home/ubuntu/reddit_venv/lib/python3.10/site-packages/airflow/example_dags/example_external_task_marker_dag.py took 0.070 seconds
[2024-02-12T20:59:23.445+0000] {processor.py:161} INFO - Started process (PID=5125) to work on /home/ubuntu/reddit_venv/lib/python3.10/site-packages/airflow/example_dags/example_external_task_marker_dag.py
[2024-02-12T20:59:23.447+0000] {processor.py:830} INFO - Processing file /home/ubuntu/reddit_venv/lib/python3.10/site-packages/airflow/example_dags/example_external_task_marker_dag.py for tasks to queue
[2024-02-12T20:59:23.448+0000] {logging_mixin.py:188} INFO - [2024-02-12T20:59:23.448+0000] {dagbag.py:538} INFO - Filling up the DagBag from /home/ubuntu/reddit_venv/lib/python3.10/site-packages/airflow/example_dags/example_external_task_marker_dag.py
[2024-02-12T20:59:23.455+0000] {processor.py:840} INFO - DAG(s) 'example_external_task_marker_child', 'example_external_task_marker_parent' retrieved from /home/ubuntu/reddit_venv/lib/python3.10/site-packages/airflow/example_dags/example_external_task_marker_dag.py
[2024-02-12T20:59:23.473+0000] {logging_mixin.py:188} INFO - [2024-02-12T20:59:23.473+0000] {dag.py:3036} INFO - Sync 2 DAGs
[2024-02-12T20:59:23.486+0000] {logging_mixin.py:188} INFO - [2024-02-12T20:59:23.486+0000] {dag.py:3823} INFO - Setting next_dagrun for example_external_task_marker_child to None, run_after=None
[2024-02-12T20:59:23.489+0000] {logging_mixin.py:188} INFO - [2024-02-12T20:59:23.489+0000] {dag.py:3823} INFO - Setting next_dagrun for example_external_task_marker_parent to None, run_after=None
[2024-02-12T20:59:23.510+0000] {processor.py:183} INFO - Processing /home/ubuntu/reddit_venv/lib/python3.10/site-packages/airflow/example_dags/example_external_task_marker_dag.py took 0.068 seconds
[2024-02-12T21:00:14.988+0000] {processor.py:161} INFO - Started process (PID=5411) to work on /home/ubuntu/reddit_venv/lib/python3.10/site-packages/airflow/example_dags/example_external_task_marker_dag.py
[2024-02-12T21:00:14.990+0000] {processor.py:830} INFO - Processing file /home/ubuntu/reddit_venv/lib/python3.10/site-packages/airflow/example_dags/example_external_task_marker_dag.py for tasks to queue
[2024-02-12T21:00:14.991+0000] {logging_mixin.py:188} INFO - [2024-02-12T21:00:14.990+0000] {dagbag.py:538} INFO - Filling up the DagBag from /home/ubuntu/reddit_venv/lib/python3.10/site-packages/airflow/example_dags/example_external_task_marker_dag.py
[2024-02-12T21:00:14.998+0000] {processor.py:840} INFO - DAG(s) 'example_external_task_marker_child', 'example_external_task_marker_parent' retrieved from /home/ubuntu/reddit_venv/lib/python3.10/site-packages/airflow/example_dags/example_external_task_marker_dag.py
[2024-02-12T21:00:15.017+0000] {logging_mixin.py:188} INFO - [2024-02-12T21:00:15.017+0000] {dag.py:3036} INFO - Sync 2 DAGs
[2024-02-12T21:00:15.029+0000] {logging_mixin.py:188} INFO - [2024-02-12T21:00:15.029+0000] {dag.py:3823} INFO - Setting next_dagrun for example_external_task_marker_child to None, run_after=None
[2024-02-12T21:00:15.033+0000] {logging_mixin.py:188} INFO - [2024-02-12T21:00:15.033+0000] {dag.py:3823} INFO - Setting next_dagrun for example_external_task_marker_parent to None, run_after=None
[2024-02-12T21:00:15.055+0000] {processor.py:183} INFO - Processing /home/ubuntu/reddit_venv/lib/python3.10/site-packages/airflow/example_dags/example_external_task_marker_dag.py took 0.071 seconds
[2024-02-12T21:01:09.118+0000] {processor.py:161} INFO - Started process (PID=5545) to work on /home/ubuntu/reddit_venv/lib/python3.10/site-packages/airflow/example_dags/example_external_task_marker_dag.py
[2024-02-12T21:01:09.120+0000] {processor.py:830} INFO - Processing file /home/ubuntu/reddit_venv/lib/python3.10/site-packages/airflow/example_dags/example_external_task_marker_dag.py for tasks to queue
[2024-02-12T21:01:09.120+0000] {logging_mixin.py:188} INFO - [2024-02-12T21:01:09.120+0000] {dagbag.py:538} INFO - Filling up the DagBag from /home/ubuntu/reddit_venv/lib/python3.10/site-packages/airflow/example_dags/example_external_task_marker_dag.py
[2024-02-12T21:01:09.127+0000] {processor.py:840} INFO - DAG(s) 'example_external_task_marker_child', 'example_external_task_marker_parent' retrieved from /home/ubuntu/reddit_venv/lib/python3.10/site-packages/airflow/example_dags/example_external_task_marker_dag.py
[2024-02-12T21:01:09.145+0000] {logging_mixin.py:188} INFO - [2024-02-12T21:01:09.145+0000] {dag.py:3036} INFO - Sync 2 DAGs
[2024-02-12T21:01:09.157+0000] {logging_mixin.py:188} INFO - [2024-02-12T21:01:09.156+0000] {dag.py:3823} INFO - Setting next_dagrun for example_external_task_marker_child to None, run_after=None
[2024-02-12T21:01:09.160+0000] {logging_mixin.py:188} INFO - [2024-02-12T21:01:09.160+0000] {dag.py:3823} INFO - Setting next_dagrun for example_external_task_marker_parent to None, run_after=None
[2024-02-12T21:01:09.179+0000] {processor.py:183} INFO - Processing /home/ubuntu/reddit_venv/lib/python3.10/site-packages/airflow/example_dags/example_external_task_marker_dag.py took 0.064 seconds
[2024-02-12T21:01:59.371+0000] {processor.py:161} INFO - Started process (PID=5797) to work on /home/ubuntu/reddit_venv/lib/python3.10/site-packages/airflow/example_dags/example_external_task_marker_dag.py
[2024-02-12T21:01:59.373+0000] {processor.py:830} INFO - Processing file /home/ubuntu/reddit_venv/lib/python3.10/site-packages/airflow/example_dags/example_external_task_marker_dag.py for tasks to queue
[2024-02-12T21:01:59.374+0000] {logging_mixin.py:188} INFO - [2024-02-12T21:01:59.373+0000] {dagbag.py:538} INFO - Filling up the DagBag from /home/ubuntu/reddit_venv/lib/python3.10/site-packages/airflow/example_dags/example_external_task_marker_dag.py
[2024-02-12T21:01:59.381+0000] {processor.py:840} INFO - DAG(s) 'example_external_task_marker_parent', 'example_external_task_marker_child' retrieved from /home/ubuntu/reddit_venv/lib/python3.10/site-packages/airflow/example_dags/example_external_task_marker_dag.py
[2024-02-12T21:01:59.400+0000] {logging_mixin.py:188} INFO - [2024-02-12T21:01:59.400+0000] {dag.py:3036} INFO - Sync 2 DAGs
[2024-02-12T21:01:59.412+0000] {logging_mixin.py:188} INFO - [2024-02-12T21:01:59.412+0000] {dag.py:3823} INFO - Setting next_dagrun for example_external_task_marker_child to None, run_after=None
[2024-02-12T21:01:59.416+0000] {logging_mixin.py:188} INFO - [2024-02-12T21:01:59.416+0000] {dag.py:3823} INFO - Setting next_dagrun for example_external_task_marker_parent to None, run_after=None
[2024-02-12T21:01:59.440+0000] {processor.py:183} INFO - Processing /home/ubuntu/reddit_venv/lib/python3.10/site-packages/airflow/example_dags/example_external_task_marker_dag.py took 0.072 seconds
[2024-02-12T21:02:53.487+0000] {processor.py:161} INFO - Started process (PID=5855) to work on /home/ubuntu/reddit_venv/lib/python3.10/site-packages/airflow/example_dags/example_external_task_marker_dag.py
[2024-02-12T21:02:53.489+0000] {processor.py:830} INFO - Processing file /home/ubuntu/reddit_venv/lib/python3.10/site-packages/airflow/example_dags/example_external_task_marker_dag.py for tasks to queue
[2024-02-12T21:02:53.490+0000] {logging_mixin.py:188} INFO - [2024-02-12T21:02:53.489+0000] {dagbag.py:538} INFO - Filling up the DagBag from /home/ubuntu/reddit_venv/lib/python3.10/site-packages/airflow/example_dags/example_external_task_marker_dag.py
[2024-02-12T21:02:53.497+0000] {processor.py:840} INFO - DAG(s) 'example_external_task_marker_parent', 'example_external_task_marker_child' retrieved from /home/ubuntu/reddit_venv/lib/python3.10/site-packages/airflow/example_dags/example_external_task_marker_dag.py
[2024-02-12T21:02:53.516+0000] {logging_mixin.py:188} INFO - [2024-02-12T21:02:53.515+0000] {dag.py:3036} INFO - Sync 2 DAGs
[2024-02-12T21:02:53.528+0000] {logging_mixin.py:188} INFO - [2024-02-12T21:02:53.528+0000] {dag.py:3823} INFO - Setting next_dagrun for example_external_task_marker_child to None, run_after=None
[2024-02-12T21:02:53.531+0000] {logging_mixin.py:188} INFO - [2024-02-12T21:02:53.531+0000] {dag.py:3823} INFO - Setting next_dagrun for example_external_task_marker_parent to None, run_after=None
[2024-02-12T21:02:53.551+0000] {processor.py:183} INFO - Processing /home/ubuntu/reddit_venv/lib/python3.10/site-packages/airflow/example_dags/example_external_task_marker_dag.py took 0.067 seconds
[2024-02-12T21:03:42.566+0000] {processor.py:161} INFO - Started process (PID=5910) to work on /home/ubuntu/reddit_venv/lib/python3.10/site-packages/airflow/example_dags/example_external_task_marker_dag.py
[2024-02-12T21:03:42.568+0000] {processor.py:830} INFO - Processing file /home/ubuntu/reddit_venv/lib/python3.10/site-packages/airflow/example_dags/example_external_task_marker_dag.py for tasks to queue
[2024-02-12T21:03:42.569+0000] {logging_mixin.py:188} INFO - [2024-02-12T21:03:42.568+0000] {dagbag.py:538} INFO - Filling up the DagBag from /home/ubuntu/reddit_venv/lib/python3.10/site-packages/airflow/example_dags/example_external_task_marker_dag.py
[2024-02-12T21:03:42.575+0000] {processor.py:840} INFO - DAG(s) 'example_external_task_marker_child', 'example_external_task_marker_parent' retrieved from /home/ubuntu/reddit_venv/lib/python3.10/site-packages/airflow/example_dags/example_external_task_marker_dag.py
[2024-02-12T21:03:42.594+0000] {logging_mixin.py:188} INFO - [2024-02-12T21:03:42.594+0000] {dag.py:3036} INFO - Sync 2 DAGs
[2024-02-12T21:03:42.606+0000] {logging_mixin.py:188} INFO - [2024-02-12T21:03:42.605+0000] {dag.py:3823} INFO - Setting next_dagrun for example_external_task_marker_child to None, run_after=None
[2024-02-12T21:03:42.609+0000] {logging_mixin.py:188} INFO - [2024-02-12T21:03:42.609+0000] {dag.py:3823} INFO - Setting next_dagrun for example_external_task_marker_parent to None, run_after=None
[2024-02-12T21:03:42.629+0000] {processor.py:183} INFO - Processing /home/ubuntu/reddit_venv/lib/python3.10/site-packages/airflow/example_dags/example_external_task_marker_dag.py took 0.066 seconds
[2024-02-12T21:04:30.880+0000] {processor.py:161} INFO - Started process (PID=5965) to work on /home/ubuntu/reddit_venv/lib/python3.10/site-packages/airflow/example_dags/example_external_task_marker_dag.py
[2024-02-12T21:04:30.882+0000] {processor.py:830} INFO - Processing file /home/ubuntu/reddit_venv/lib/python3.10/site-packages/airflow/example_dags/example_external_task_marker_dag.py for tasks to queue
[2024-02-12T21:04:30.883+0000] {logging_mixin.py:188} INFO - [2024-02-12T21:04:30.882+0000] {dagbag.py:538} INFO - Filling up the DagBag from /home/ubuntu/reddit_venv/lib/python3.10/site-packages/airflow/example_dags/example_external_task_marker_dag.py
[2024-02-12T21:04:30.889+0000] {processor.py:840} INFO - DAG(s) 'example_external_task_marker_child', 'example_external_task_marker_parent' retrieved from /home/ubuntu/reddit_venv/lib/python3.10/site-packages/airflow/example_dags/example_external_task_marker_dag.py
[2024-02-12T21:04:30.908+0000] {logging_mixin.py:188} INFO - [2024-02-12T21:04:30.908+0000] {dag.py:3036} INFO - Sync 2 DAGs
[2024-02-12T21:04:30.920+0000] {logging_mixin.py:188} INFO - [2024-02-12T21:04:30.920+0000] {dag.py:3823} INFO - Setting next_dagrun for example_external_task_marker_child to None, run_after=None
[2024-02-12T21:04:30.924+0000] {logging_mixin.py:188} INFO - [2024-02-12T21:04:30.924+0000] {dag.py:3823} INFO - Setting next_dagrun for example_external_task_marker_parent to None, run_after=None
[2024-02-12T21:04:30.972+0000] {processor.py:183} INFO - Processing /home/ubuntu/reddit_venv/lib/python3.10/site-packages/airflow/example_dags/example_external_task_marker_dag.py took 0.095 seconds
[2024-02-12T21:05:21.603+0000] {processor.py:161} INFO - Started process (PID=6023) to work on /home/ubuntu/reddit_venv/lib/python3.10/site-packages/airflow/example_dags/example_external_task_marker_dag.py
[2024-02-12T21:05:21.604+0000] {processor.py:830} INFO - Processing file /home/ubuntu/reddit_venv/lib/python3.10/site-packages/airflow/example_dags/example_external_task_marker_dag.py for tasks to queue
[2024-02-12T21:05:21.605+0000] {logging_mixin.py:188} INFO - [2024-02-12T21:05:21.605+0000] {dagbag.py:538} INFO - Filling up the DagBag from /home/ubuntu/reddit_venv/lib/python3.10/site-packages/airflow/example_dags/example_external_task_marker_dag.py
[2024-02-12T21:05:21.612+0000] {processor.py:840} INFO - DAG(s) 'example_external_task_marker_child', 'example_external_task_marker_parent' retrieved from /home/ubuntu/reddit_venv/lib/python3.10/site-packages/airflow/example_dags/example_external_task_marker_dag.py
[2024-02-12T21:05:21.630+0000] {logging_mixin.py:188} INFO - [2024-02-12T21:05:21.630+0000] {dag.py:3036} INFO - Sync 2 DAGs
[2024-02-12T21:05:21.642+0000] {logging_mixin.py:188} INFO - [2024-02-12T21:05:21.642+0000] {dag.py:3823} INFO - Setting next_dagrun for example_external_task_marker_child to None, run_after=None
[2024-02-12T21:05:21.645+0000] {logging_mixin.py:188} INFO - [2024-02-12T21:05:21.645+0000] {dag.py:3823} INFO - Setting next_dagrun for example_external_task_marker_parent to None, run_after=None
[2024-02-12T21:05:21.664+0000] {processor.py:183} INFO - Processing /home/ubuntu/reddit_venv/lib/python3.10/site-packages/airflow/example_dags/example_external_task_marker_dag.py took 0.065 seconds
[2024-02-12T21:06:12.008+0000] {processor.py:161} INFO - Started process (PID=6078) to work on /home/ubuntu/reddit_venv/lib/python3.10/site-packages/airflow/example_dags/example_external_task_marker_dag.py
[2024-02-12T21:06:12.010+0000] {processor.py:830} INFO - Processing file /home/ubuntu/reddit_venv/lib/python3.10/site-packages/airflow/example_dags/example_external_task_marker_dag.py for tasks to queue
[2024-02-12T21:06:12.011+0000] {logging_mixin.py:188} INFO - [2024-02-12T21:06:12.010+0000] {dagbag.py:538} INFO - Filling up the DagBag from /home/ubuntu/reddit_venv/lib/python3.10/site-packages/airflow/example_dags/example_external_task_marker_dag.py
[2024-02-12T21:06:12.017+0000] {processor.py:840} INFO - DAG(s) 'example_external_task_marker_child', 'example_external_task_marker_parent' retrieved from /home/ubuntu/reddit_venv/lib/python3.10/site-packages/airflow/example_dags/example_external_task_marker_dag.py
[2024-02-12T21:06:12.036+0000] {logging_mixin.py:188} INFO - [2024-02-12T21:06:12.036+0000] {dag.py:3036} INFO - Sync 2 DAGs
[2024-02-12T21:06:12.047+0000] {logging_mixin.py:188} INFO - [2024-02-12T21:06:12.047+0000] {dag.py:3823} INFO - Setting next_dagrun for example_external_task_marker_child to None, run_after=None
[2024-02-12T21:06:12.050+0000] {logging_mixin.py:188} INFO - [2024-02-12T21:06:12.050+0000] {dag.py:3823} INFO - Setting next_dagrun for example_external_task_marker_parent to None, run_after=None
[2024-02-12T21:06:12.070+0000] {processor.py:183} INFO - Processing /home/ubuntu/reddit_venv/lib/python3.10/site-packages/airflow/example_dags/example_external_task_marker_dag.py took 0.065 seconds
[2024-02-12T21:07:01.002+0000] {processor.py:161} INFO - Started process (PID=6132) to work on /home/ubuntu/reddit_venv/lib/python3.10/site-packages/airflow/example_dags/example_external_task_marker_dag.py
[2024-02-12T21:07:01.005+0000] {processor.py:830} INFO - Processing file /home/ubuntu/reddit_venv/lib/python3.10/site-packages/airflow/example_dags/example_external_task_marker_dag.py for tasks to queue
[2024-02-12T21:07:01.006+0000] {logging_mixin.py:188} INFO - [2024-02-12T21:07:01.005+0000] {dagbag.py:538} INFO - Filling up the DagBag from /home/ubuntu/reddit_venv/lib/python3.10/site-packages/airflow/example_dags/example_external_task_marker_dag.py
[2024-02-12T21:07:01.013+0000] {processor.py:840} INFO - DAG(s) 'example_external_task_marker_child', 'example_external_task_marker_parent' retrieved from /home/ubuntu/reddit_venv/lib/python3.10/site-packages/airflow/example_dags/example_external_task_marker_dag.py
[2024-02-12T21:07:01.031+0000] {logging_mixin.py:188} INFO - [2024-02-12T21:07:01.031+0000] {dag.py:3036} INFO - Sync 2 DAGs
[2024-02-12T21:07:01.043+0000] {logging_mixin.py:188} INFO - [2024-02-12T21:07:01.043+0000] {dag.py:3823} INFO - Setting next_dagrun for example_external_task_marker_child to None, run_after=None
[2024-02-12T21:07:01.047+0000] {logging_mixin.py:188} INFO - [2024-02-12T21:07:01.046+0000] {dag.py:3823} INFO - Setting next_dagrun for example_external_task_marker_parent to None, run_after=None
[2024-02-12T21:07:01.067+0000] {processor.py:183} INFO - Processing /home/ubuntu/reddit_venv/lib/python3.10/site-packages/airflow/example_dags/example_external_task_marker_dag.py took 0.068 seconds
[2024-02-12T21:07:57.831+0000] {processor.py:161} INFO - Started process (PID=6191) to work on /home/ubuntu/reddit_venv/lib/python3.10/site-packages/airflow/example_dags/example_external_task_marker_dag.py
[2024-02-12T21:07:57.832+0000] {processor.py:830} INFO - Processing file /home/ubuntu/reddit_venv/lib/python3.10/site-packages/airflow/example_dags/example_external_task_marker_dag.py for tasks to queue
[2024-02-12T21:07:57.833+0000] {logging_mixin.py:188} INFO - [2024-02-12T21:07:57.833+0000] {dagbag.py:538} INFO - Filling up the DagBag from /home/ubuntu/reddit_venv/lib/python3.10/site-packages/airflow/example_dags/example_external_task_marker_dag.py
[2024-02-12T21:07:57.840+0000] {processor.py:840} INFO - DAG(s) 'example_external_task_marker_parent', 'example_external_task_marker_child' retrieved from /home/ubuntu/reddit_venv/lib/python3.10/site-packages/airflow/example_dags/example_external_task_marker_dag.py
[2024-02-12T21:07:57.859+0000] {logging_mixin.py:188} INFO - [2024-02-12T21:07:57.859+0000] {dag.py:3036} INFO - Sync 2 DAGs
[2024-02-12T21:07:57.871+0000] {logging_mixin.py:188} INFO - [2024-02-12T21:07:57.871+0000] {dag.py:3823} INFO - Setting next_dagrun for example_external_task_marker_child to None, run_after=None
[2024-02-12T21:07:57.874+0000] {logging_mixin.py:188} INFO - [2024-02-12T21:07:57.874+0000] {dag.py:3823} INFO - Setting next_dagrun for example_external_task_marker_parent to None, run_after=None
[2024-02-12T21:07:57.894+0000] {processor.py:183} INFO - Processing /home/ubuntu/reddit_venv/lib/python3.10/site-packages/airflow/example_dags/example_external_task_marker_dag.py took 0.066 seconds
[2024-02-12T21:08:54.429+0000] {processor.py:161} INFO - Started process (PID=6253) to work on /home/ubuntu/reddit_venv/lib/python3.10/site-packages/airflow/example_dags/example_external_task_marker_dag.py
[2024-02-12T21:08:54.430+0000] {processor.py:830} INFO - Processing file /home/ubuntu/reddit_venv/lib/python3.10/site-packages/airflow/example_dags/example_external_task_marker_dag.py for tasks to queue
[2024-02-12T21:08:54.431+0000] {logging_mixin.py:188} INFO - [2024-02-12T21:08:54.431+0000] {dagbag.py:538} INFO - Filling up the DagBag from /home/ubuntu/reddit_venv/lib/python3.10/site-packages/airflow/example_dags/example_external_task_marker_dag.py
[2024-02-12T21:08:54.438+0000] {processor.py:840} INFO - DAG(s) 'example_external_task_marker_child', 'example_external_task_marker_parent' retrieved from /home/ubuntu/reddit_venv/lib/python3.10/site-packages/airflow/example_dags/example_external_task_marker_dag.py
[2024-02-12T21:08:54.456+0000] {logging_mixin.py:188} INFO - [2024-02-12T21:08:54.456+0000] {dag.py:3036} INFO - Sync 2 DAGs
[2024-02-12T21:08:54.468+0000] {logging_mixin.py:188} INFO - [2024-02-12T21:08:54.468+0000] {dag.py:3823} INFO - Setting next_dagrun for example_external_task_marker_child to None, run_after=None
[2024-02-12T21:08:54.471+0000] {logging_mixin.py:188} INFO - [2024-02-12T21:08:54.471+0000] {dag.py:3823} INFO - Setting next_dagrun for example_external_task_marker_parent to None, run_after=None
[2024-02-12T21:08:54.492+0000] {processor.py:183} INFO - Processing /home/ubuntu/reddit_venv/lib/python3.10/site-packages/airflow/example_dags/example_external_task_marker_dag.py took 0.066 seconds
[2024-02-12T21:09:46.697+0000] {processor.py:161} INFO - Started process (PID=6310) to work on /home/ubuntu/reddit_venv/lib/python3.10/site-packages/airflow/example_dags/example_external_task_marker_dag.py
[2024-02-12T21:09:46.698+0000] {processor.py:830} INFO - Processing file /home/ubuntu/reddit_venv/lib/python3.10/site-packages/airflow/example_dags/example_external_task_marker_dag.py for tasks to queue
[2024-02-12T21:09:46.700+0000] {logging_mixin.py:188} INFO - [2024-02-12T21:09:46.700+0000] {dagbag.py:538} INFO - Filling up the DagBag from /home/ubuntu/reddit_venv/lib/python3.10/site-packages/airflow/example_dags/example_external_task_marker_dag.py
[2024-02-12T21:09:46.707+0000] {processor.py:840} INFO - DAG(s) 'example_external_task_marker_parent', 'example_external_task_marker_child' retrieved from /home/ubuntu/reddit_venv/lib/python3.10/site-packages/airflow/example_dags/example_external_task_marker_dag.py
[2024-02-12T21:09:46.727+0000] {logging_mixin.py:188} INFO - [2024-02-12T21:09:46.726+0000] {dag.py:3036} INFO - Sync 2 DAGs
[2024-02-12T21:09:46.738+0000] {logging_mixin.py:188} INFO - [2024-02-12T21:09:46.738+0000] {dag.py:3823} INFO - Setting next_dagrun for example_external_task_marker_child to None, run_after=None
[2024-02-12T21:09:46.742+0000] {logging_mixin.py:188} INFO - [2024-02-12T21:09:46.741+0000] {dag.py:3823} INFO - Setting next_dagrun for example_external_task_marker_parent to None, run_after=None
[2024-02-12T21:09:46.762+0000] {processor.py:183} INFO - Processing /home/ubuntu/reddit_venv/lib/python3.10/site-packages/airflow/example_dags/example_external_task_marker_dag.py took 0.068 seconds
[2024-02-12T21:10:36.155+0000] {processor.py:161} INFO - Started process (PID=6364) to work on /home/ubuntu/reddit_venv/lib/python3.10/site-packages/airflow/example_dags/example_external_task_marker_dag.py
[2024-02-12T21:10:36.157+0000] {processor.py:830} INFO - Processing file /home/ubuntu/reddit_venv/lib/python3.10/site-packages/airflow/example_dags/example_external_task_marker_dag.py for tasks to queue
[2024-02-12T21:10:36.158+0000] {logging_mixin.py:188} INFO - [2024-02-12T21:10:36.157+0000] {dagbag.py:538} INFO - Filling up the DagBag from /home/ubuntu/reddit_venv/lib/python3.10/site-packages/airflow/example_dags/example_external_task_marker_dag.py
[2024-02-12T21:10:36.164+0000] {processor.py:840} INFO - DAG(s) 'example_external_task_marker_child', 'example_external_task_marker_parent' retrieved from /home/ubuntu/reddit_venv/lib/python3.10/site-packages/airflow/example_dags/example_external_task_marker_dag.py
[2024-02-12T21:10:36.182+0000] {logging_mixin.py:188} INFO - [2024-02-12T21:10:36.182+0000] {dag.py:3036} INFO - Sync 2 DAGs
[2024-02-12T21:10:36.194+0000] {logging_mixin.py:188} INFO - [2024-02-12T21:10:36.194+0000] {dag.py:3823} INFO - Setting next_dagrun for example_external_task_marker_child to None, run_after=None
[2024-02-12T21:10:36.197+0000] {logging_mixin.py:188} INFO - [2024-02-12T21:10:36.197+0000] {dag.py:3823} INFO - Setting next_dagrun for example_external_task_marker_parent to None, run_after=None
[2024-02-12T21:10:36.217+0000] {processor.py:183} INFO - Processing /home/ubuntu/reddit_venv/lib/python3.10/site-packages/airflow/example_dags/example_external_task_marker_dag.py took 0.065 seconds
[2024-02-12T21:11:30.127+0000] {processor.py:161} INFO - Started process (PID=6421) to work on /home/ubuntu/reddit_venv/lib/python3.10/site-packages/airflow/example_dags/example_external_task_marker_dag.py
[2024-02-12T21:11:30.129+0000] {processor.py:830} INFO - Processing file /home/ubuntu/reddit_venv/lib/python3.10/site-packages/airflow/example_dags/example_external_task_marker_dag.py for tasks to queue
[2024-02-12T21:11:30.130+0000] {logging_mixin.py:188} INFO - [2024-02-12T21:11:30.129+0000] {dagbag.py:538} INFO - Filling up the DagBag from /home/ubuntu/reddit_venv/lib/python3.10/site-packages/airflow/example_dags/example_external_task_marker_dag.py
[2024-02-12T21:11:30.136+0000] {processor.py:840} INFO - DAG(s) 'example_external_task_marker_parent', 'example_external_task_marker_child' retrieved from /home/ubuntu/reddit_venv/lib/python3.10/site-packages/airflow/example_dags/example_external_task_marker_dag.py
[2024-02-12T21:11:30.155+0000] {logging_mixin.py:188} INFO - [2024-02-12T21:11:30.155+0000] {dag.py:3036} INFO - Sync 2 DAGs
[2024-02-12T21:11:30.167+0000] {logging_mixin.py:188} INFO - [2024-02-12T21:11:30.166+0000] {dag.py:3823} INFO - Setting next_dagrun for example_external_task_marker_child to None, run_after=None
[2024-02-12T21:11:30.170+0000] {logging_mixin.py:188} INFO - [2024-02-12T21:11:30.170+0000] {dag.py:3823} INFO - Setting next_dagrun for example_external_task_marker_parent to None, run_after=None
[2024-02-12T21:11:30.190+0000] {processor.py:183} INFO - Processing /home/ubuntu/reddit_venv/lib/python3.10/site-packages/airflow/example_dags/example_external_task_marker_dag.py took 0.066 seconds
[2024-02-12T21:12:24.185+0000] {processor.py:161} INFO - Started process (PID=6479) to work on /home/ubuntu/reddit_venv/lib/python3.10/site-packages/airflow/example_dags/example_external_task_marker_dag.py
[2024-02-12T21:12:24.186+0000] {processor.py:830} INFO - Processing file /home/ubuntu/reddit_venv/lib/python3.10/site-packages/airflow/example_dags/example_external_task_marker_dag.py for tasks to queue
[2024-02-12T21:12:24.187+0000] {logging_mixin.py:188} INFO - [2024-02-12T21:12:24.187+0000] {dagbag.py:538} INFO - Filling up the DagBag from /home/ubuntu/reddit_venv/lib/python3.10/site-packages/airflow/example_dags/example_external_task_marker_dag.py
[2024-02-12T21:12:24.194+0000] {processor.py:840} INFO - DAG(s) 'example_external_task_marker_parent', 'example_external_task_marker_child' retrieved from /home/ubuntu/reddit_venv/lib/python3.10/site-packages/airflow/example_dags/example_external_task_marker_dag.py
[2024-02-12T21:12:24.214+0000] {logging_mixin.py:188} INFO - [2024-02-12T21:12:24.214+0000] {dag.py:3036} INFO - Sync 2 DAGs
[2024-02-12T21:12:24.226+0000] {logging_mixin.py:188} INFO - [2024-02-12T21:12:24.226+0000] {dag.py:3823} INFO - Setting next_dagrun for example_external_task_marker_child to None, run_after=None
[2024-02-12T21:12:24.230+0000] {logging_mixin.py:188} INFO - [2024-02-12T21:12:24.229+0000] {dag.py:3823} INFO - Setting next_dagrun for example_external_task_marker_parent to None, run_after=None
[2024-02-12T21:12:24.250+0000] {processor.py:183} INFO - Processing /home/ubuntu/reddit_venv/lib/python3.10/site-packages/airflow/example_dags/example_external_task_marker_dag.py took 0.069 seconds
[2024-02-12T21:13:13.776+0000] {processor.py:161} INFO - Started process (PID=6533) to work on /home/ubuntu/reddit_venv/lib/python3.10/site-packages/airflow/example_dags/example_external_task_marker_dag.py
[2024-02-12T21:13:13.778+0000] {processor.py:830} INFO - Processing file /home/ubuntu/reddit_venv/lib/python3.10/site-packages/airflow/example_dags/example_external_task_marker_dag.py for tasks to queue
[2024-02-12T21:13:13.779+0000] {logging_mixin.py:188} INFO - [2024-02-12T21:13:13.778+0000] {dagbag.py:538} INFO - Filling up the DagBag from /home/ubuntu/reddit_venv/lib/python3.10/site-packages/airflow/example_dags/example_external_task_marker_dag.py
[2024-02-12T21:13:13.786+0000] {processor.py:840} INFO - DAG(s) 'example_external_task_marker_parent', 'example_external_task_marker_child' retrieved from /home/ubuntu/reddit_venv/lib/python3.10/site-packages/airflow/example_dags/example_external_task_marker_dag.py
[2024-02-12T21:13:13.805+0000] {logging_mixin.py:188} INFO - [2024-02-12T21:13:13.805+0000] {dag.py:3036} INFO - Sync 2 DAGs
[2024-02-12T21:13:13.816+0000] {logging_mixin.py:188} INFO - [2024-02-12T21:13:13.816+0000] {dag.py:3823} INFO - Setting next_dagrun for example_external_task_marker_child to None, run_after=None
[2024-02-12T21:13:13.820+0000] {logging_mixin.py:188} INFO - [2024-02-12T21:13:13.820+0000] {dag.py:3823} INFO - Setting next_dagrun for example_external_task_marker_parent to None, run_after=None
[2024-02-12T21:13:13.840+0000] {processor.py:183} INFO - Processing /home/ubuntu/reddit_venv/lib/python3.10/site-packages/airflow/example_dags/example_external_task_marker_dag.py took 0.066 seconds
[2024-02-12T21:14:06.919+0000] {processor.py:161} INFO - Started process (PID=6592) to work on /home/ubuntu/reddit_venv/lib/python3.10/site-packages/airflow/example_dags/example_external_task_marker_dag.py
[2024-02-12T21:14:06.920+0000] {processor.py:830} INFO - Processing file /home/ubuntu/reddit_venv/lib/python3.10/site-packages/airflow/example_dags/example_external_task_marker_dag.py for tasks to queue
[2024-02-12T21:14:06.921+0000] {logging_mixin.py:188} INFO - [2024-02-12T21:14:06.921+0000] {dagbag.py:538} INFO - Filling up the DagBag from /home/ubuntu/reddit_venv/lib/python3.10/site-packages/airflow/example_dags/example_external_task_marker_dag.py
[2024-02-12T21:14:06.928+0000] {processor.py:840} INFO - DAG(s) 'example_external_task_marker_child', 'example_external_task_marker_parent' retrieved from /home/ubuntu/reddit_venv/lib/python3.10/site-packages/airflow/example_dags/example_external_task_marker_dag.py
[2024-02-12T21:14:06.947+0000] {logging_mixin.py:188} INFO - [2024-02-12T21:14:06.947+0000] {dag.py:3036} INFO - Sync 2 DAGs
[2024-02-12T21:14:06.958+0000] {logging_mixin.py:188} INFO - [2024-02-12T21:14:06.958+0000] {dag.py:3823} INFO - Setting next_dagrun for example_external_task_marker_child to None, run_after=None
[2024-02-12T21:14:06.962+0000] {logging_mixin.py:188} INFO - [2024-02-12T21:14:06.961+0000] {dag.py:3823} INFO - Setting next_dagrun for example_external_task_marker_parent to None, run_after=None
[2024-02-12T21:14:06.982+0000] {processor.py:183} INFO - Processing /home/ubuntu/reddit_venv/lib/python3.10/site-packages/airflow/example_dags/example_external_task_marker_dag.py took 0.066 seconds
[2024-02-12T21:14:50.564+0000] {processor.py:161} INFO - Started process (PID=6643) to work on /home/ubuntu/reddit_venv/lib/python3.10/site-packages/airflow/example_dags/example_external_task_marker_dag.py
[2024-02-12T21:14:50.565+0000] {processor.py:830} INFO - Processing file /home/ubuntu/reddit_venv/lib/python3.10/site-packages/airflow/example_dags/example_external_task_marker_dag.py for tasks to queue
[2024-02-12T21:14:50.566+0000] {logging_mixin.py:188} INFO - [2024-02-12T21:14:50.566+0000] {dagbag.py:538} INFO - Filling up the DagBag from /home/ubuntu/reddit_venv/lib/python3.10/site-packages/airflow/example_dags/example_external_task_marker_dag.py
[2024-02-12T21:14:50.573+0000] {processor.py:840} INFO - DAG(s) 'example_external_task_marker_child', 'example_external_task_marker_parent' retrieved from /home/ubuntu/reddit_venv/lib/python3.10/site-packages/airflow/example_dags/example_external_task_marker_dag.py
[2024-02-12T21:14:50.593+0000] {logging_mixin.py:188} INFO - [2024-02-12T21:14:50.592+0000] {dag.py:3036} INFO - Sync 2 DAGs
[2024-02-12T21:14:50.605+0000] {logging_mixin.py:188} INFO - [2024-02-12T21:14:50.604+0000] {dag.py:3823} INFO - Setting next_dagrun for example_external_task_marker_child to None, run_after=None
[2024-02-12T21:14:50.608+0000] {logging_mixin.py:188} INFO - [2024-02-12T21:14:50.608+0000] {dag.py:3823} INFO - Setting next_dagrun for example_external_task_marker_parent to None, run_after=None
[2024-02-12T21:14:50.628+0000] {processor.py:183} INFO - Processing /home/ubuntu/reddit_venv/lib/python3.10/site-packages/airflow/example_dags/example_external_task_marker_dag.py took 0.067 seconds
[2024-02-12T21:15:40.935+0000] {processor.py:161} INFO - Started process (PID=6696) to work on /home/ubuntu/reddit_venv/lib/python3.10/site-packages/airflow/example_dags/example_external_task_marker_dag.py
[2024-02-12T21:15:40.937+0000] {processor.py:830} INFO - Processing file /home/ubuntu/reddit_venv/lib/python3.10/site-packages/airflow/example_dags/example_external_task_marker_dag.py for tasks to queue
[2024-02-12T21:15:40.938+0000] {logging_mixin.py:188} INFO - [2024-02-12T21:15:40.937+0000] {dagbag.py:538} INFO - Filling up the DagBag from /home/ubuntu/reddit_venv/lib/python3.10/site-packages/airflow/example_dags/example_external_task_marker_dag.py
[2024-02-12T21:15:40.945+0000] {processor.py:840} INFO - DAG(s) 'example_external_task_marker_child', 'example_external_task_marker_parent' retrieved from /home/ubuntu/reddit_venv/lib/python3.10/site-packages/airflow/example_dags/example_external_task_marker_dag.py
[2024-02-12T21:15:40.963+0000] {logging_mixin.py:188} INFO - [2024-02-12T21:15:40.963+0000] {dag.py:3036} INFO - Sync 2 DAGs
[2024-02-12T21:15:40.975+0000] {logging_mixin.py:188} INFO - [2024-02-12T21:15:40.975+0000] {dag.py:3823} INFO - Setting next_dagrun for example_external_task_marker_child to None, run_after=None
[2024-02-12T21:15:40.978+0000] {logging_mixin.py:188} INFO - [2024-02-12T21:15:40.978+0000] {dag.py:3823} INFO - Setting next_dagrun for example_external_task_marker_parent to None, run_after=None
[2024-02-12T21:15:40.998+0000] {processor.py:183} INFO - Processing /home/ubuntu/reddit_venv/lib/python3.10/site-packages/airflow/example_dags/example_external_task_marker_dag.py took 0.066 seconds
[2024-02-12T21:16:30.209+0000] {processor.py:161} INFO - Started process (PID=6751) to work on /home/ubuntu/reddit_venv/lib/python3.10/site-packages/airflow/example_dags/example_external_task_marker_dag.py
[2024-02-12T21:16:30.210+0000] {processor.py:830} INFO - Processing file /home/ubuntu/reddit_venv/lib/python3.10/site-packages/airflow/example_dags/example_external_task_marker_dag.py for tasks to queue
[2024-02-12T21:16:30.211+0000] {logging_mixin.py:188} INFO - [2024-02-12T21:16:30.211+0000] {dagbag.py:538} INFO - Filling up the DagBag from /home/ubuntu/reddit_venv/lib/python3.10/site-packages/airflow/example_dags/example_external_task_marker_dag.py
[2024-02-12T21:16:30.218+0000] {processor.py:840} INFO - DAG(s) 'example_external_task_marker_parent', 'example_external_task_marker_child' retrieved from /home/ubuntu/reddit_venv/lib/python3.10/site-packages/airflow/example_dags/example_external_task_marker_dag.py
[2024-02-12T21:16:30.236+0000] {logging_mixin.py:188} INFO - [2024-02-12T21:16:30.236+0000] {dag.py:3036} INFO - Sync 2 DAGs
[2024-02-12T21:16:30.248+0000] {logging_mixin.py:188} INFO - [2024-02-12T21:16:30.248+0000] {dag.py:3823} INFO - Setting next_dagrun for example_external_task_marker_child to None, run_after=None
[2024-02-12T21:16:30.251+0000] {logging_mixin.py:188} INFO - [2024-02-12T21:16:30.251+0000] {dag.py:3823} INFO - Setting next_dagrun for example_external_task_marker_parent to None, run_after=None
[2024-02-12T21:16:30.270+0000] {processor.py:183} INFO - Processing /home/ubuntu/reddit_venv/lib/python3.10/site-packages/airflow/example_dags/example_external_task_marker_dag.py took 0.065 seconds
[2024-02-12T21:17:22.562+0000] {processor.py:161} INFO - Started process (PID=6813) to work on /home/ubuntu/reddit_venv/lib/python3.10/site-packages/airflow/example_dags/example_external_task_marker_dag.py
[2024-02-12T21:17:22.563+0000] {processor.py:830} INFO - Processing file /home/ubuntu/reddit_venv/lib/python3.10/site-packages/airflow/example_dags/example_external_task_marker_dag.py for tasks to queue
[2024-02-12T21:17:22.564+0000] {logging_mixin.py:188} INFO - [2024-02-12T21:17:22.564+0000] {dagbag.py:538} INFO - Filling up the DagBag from /home/ubuntu/reddit_venv/lib/python3.10/site-packages/airflow/example_dags/example_external_task_marker_dag.py
[2024-02-12T21:17:22.571+0000] {processor.py:840} INFO - DAG(s) 'example_external_task_marker_child', 'example_external_task_marker_parent' retrieved from /home/ubuntu/reddit_venv/lib/python3.10/site-packages/airflow/example_dags/example_external_task_marker_dag.py
[2024-02-12T21:17:22.589+0000] {logging_mixin.py:188} INFO - [2024-02-12T21:17:22.589+0000] {dag.py:3036} INFO - Sync 2 DAGs
[2024-02-12T21:17:22.601+0000] {logging_mixin.py:188} INFO - [2024-02-12T21:17:22.601+0000] {dag.py:3823} INFO - Setting next_dagrun for example_external_task_marker_child to None, run_after=None
[2024-02-12T21:17:22.604+0000] {logging_mixin.py:188} INFO - [2024-02-12T21:17:22.604+0000] {dag.py:3823} INFO - Setting next_dagrun for example_external_task_marker_parent to None, run_after=None
[2024-02-12T21:17:22.624+0000] {processor.py:183} INFO - Processing /home/ubuntu/reddit_venv/lib/python3.10/site-packages/airflow/example_dags/example_external_task_marker_dag.py took 0.066 seconds
[2024-02-12T21:18:18.297+0000] {processor.py:161} INFO - Started process (PID=6872) to work on /home/ubuntu/reddit_venv/lib/python3.10/site-packages/airflow/example_dags/example_external_task_marker_dag.py
[2024-02-12T21:18:18.298+0000] {processor.py:830} INFO - Processing file /home/ubuntu/reddit_venv/lib/python3.10/site-packages/airflow/example_dags/example_external_task_marker_dag.py for tasks to queue
[2024-02-12T21:18:18.299+0000] {logging_mixin.py:188} INFO - [2024-02-12T21:18:18.299+0000] {dagbag.py:538} INFO - Filling up the DagBag from /home/ubuntu/reddit_venv/lib/python3.10/site-packages/airflow/example_dags/example_external_task_marker_dag.py
[2024-02-12T21:18:18.306+0000] {processor.py:840} INFO - DAG(s) 'example_external_task_marker_child', 'example_external_task_marker_parent' retrieved from /home/ubuntu/reddit_venv/lib/python3.10/site-packages/airflow/example_dags/example_external_task_marker_dag.py
[2024-02-12T21:18:18.325+0000] {logging_mixin.py:188} INFO - [2024-02-12T21:18:18.324+0000] {dag.py:3036} INFO - Sync 2 DAGs
[2024-02-12T21:18:18.336+0000] {logging_mixin.py:188} INFO - [2024-02-12T21:18:18.336+0000] {dag.py:3823} INFO - Setting next_dagrun for example_external_task_marker_child to None, run_after=None
[2024-02-12T21:18:18.340+0000] {logging_mixin.py:188} INFO - [2024-02-12T21:18:18.340+0000] {dag.py:3823} INFO - Setting next_dagrun for example_external_task_marker_parent to None, run_after=None
[2024-02-12T21:18:18.360+0000] {processor.py:183} INFO - Processing /home/ubuntu/reddit_venv/lib/python3.10/site-packages/airflow/example_dags/example_external_task_marker_dag.py took 0.067 seconds
[2024-02-12T21:19:15.702+0000] {processor.py:161} INFO - Started process (PID=6936) to work on /home/ubuntu/reddit_venv/lib/python3.10/site-packages/airflow/example_dags/example_external_task_marker_dag.py
[2024-02-12T21:19:15.704+0000] {processor.py:830} INFO - Processing file /home/ubuntu/reddit_venv/lib/python3.10/site-packages/airflow/example_dags/example_external_task_marker_dag.py for tasks to queue
[2024-02-12T21:19:15.705+0000] {logging_mixin.py:188} INFO - [2024-02-12T21:19:15.704+0000] {dagbag.py:538} INFO - Filling up the DagBag from /home/ubuntu/reddit_venv/lib/python3.10/site-packages/airflow/example_dags/example_external_task_marker_dag.py
[2024-02-12T21:19:15.711+0000] {processor.py:840} INFO - DAG(s) 'example_external_task_marker_child', 'example_external_task_marker_parent' retrieved from /home/ubuntu/reddit_venv/lib/python3.10/site-packages/airflow/example_dags/example_external_task_marker_dag.py
[2024-02-12T21:19:15.730+0000] {logging_mixin.py:188} INFO - [2024-02-12T21:19:15.730+0000] {dag.py:3036} INFO - Sync 2 DAGs
[2024-02-12T21:19:15.741+0000] {logging_mixin.py:188} INFO - [2024-02-12T21:19:15.741+0000] {dag.py:3823} INFO - Setting next_dagrun for example_external_task_marker_child to None, run_after=None
[2024-02-12T21:19:15.745+0000] {logging_mixin.py:188} INFO - [2024-02-12T21:19:15.745+0000] {dag.py:3823} INFO - Setting next_dagrun for example_external_task_marker_parent to None, run_after=None
[2024-02-12T21:19:15.765+0000] {processor.py:183} INFO - Processing /home/ubuntu/reddit_venv/lib/python3.10/site-packages/airflow/example_dags/example_external_task_marker_dag.py took 0.066 seconds
[2024-02-12T21:20:08.956+0000] {processor.py:161} INFO - Started process (PID=6993) to work on /home/ubuntu/reddit_venv/lib/python3.10/site-packages/airflow/example_dags/example_external_task_marker_dag.py
[2024-02-12T21:20:08.957+0000] {processor.py:830} INFO - Processing file /home/ubuntu/reddit_venv/lib/python3.10/site-packages/airflow/example_dags/example_external_task_marker_dag.py for tasks to queue
[2024-02-12T21:20:08.958+0000] {logging_mixin.py:188} INFO - [2024-02-12T21:20:08.958+0000] {dagbag.py:538} INFO - Filling up the DagBag from /home/ubuntu/reddit_venv/lib/python3.10/site-packages/airflow/example_dags/example_external_task_marker_dag.py
[2024-02-12T21:20:08.965+0000] {processor.py:840} INFO - DAG(s) 'example_external_task_marker_child', 'example_external_task_marker_parent' retrieved from /home/ubuntu/reddit_venv/lib/python3.10/site-packages/airflow/example_dags/example_external_task_marker_dag.py
[2024-02-12T21:20:08.984+0000] {logging_mixin.py:188} INFO - [2024-02-12T21:20:08.984+0000] {dag.py:3036} INFO - Sync 2 DAGs
[2024-02-12T21:20:08.996+0000] {logging_mixin.py:188} INFO - [2024-02-12T21:20:08.996+0000] {dag.py:3823} INFO - Setting next_dagrun for example_external_task_marker_child to None, run_after=None
[2024-02-12T21:20:09.000+0000] {logging_mixin.py:188} INFO - [2024-02-12T21:20:09.000+0000] {dag.py:3823} INFO - Setting next_dagrun for example_external_task_marker_parent to None, run_after=None
[2024-02-12T21:20:09.019+0000] {processor.py:183} INFO - Processing /home/ubuntu/reddit_venv/lib/python3.10/site-packages/airflow/example_dags/example_external_task_marker_dag.py took 0.067 seconds
[2024-02-12T21:21:01.119+0000] {processor.py:161} INFO - Started process (PID=7050) to work on /home/ubuntu/reddit_venv/lib/python3.10/site-packages/airflow/example_dags/example_external_task_marker_dag.py
[2024-02-12T21:21:01.121+0000] {processor.py:830} INFO - Processing file /home/ubuntu/reddit_venv/lib/python3.10/site-packages/airflow/example_dags/example_external_task_marker_dag.py for tasks to queue
[2024-02-12T21:21:01.122+0000] {logging_mixin.py:188} INFO - [2024-02-12T21:21:01.122+0000] {dagbag.py:538} INFO - Filling up the DagBag from /home/ubuntu/reddit_venv/lib/python3.10/site-packages/airflow/example_dags/example_external_task_marker_dag.py
[2024-02-12T21:21:01.129+0000] {processor.py:840} INFO - DAG(s) 'example_external_task_marker_child', 'example_external_task_marker_parent' retrieved from /home/ubuntu/reddit_venv/lib/python3.10/site-packages/airflow/example_dags/example_external_task_marker_dag.py
[2024-02-12T21:21:01.147+0000] {logging_mixin.py:188} INFO - [2024-02-12T21:21:01.147+0000] {dag.py:3036} INFO - Sync 2 DAGs
[2024-02-12T21:21:01.159+0000] {logging_mixin.py:188} INFO - [2024-02-12T21:21:01.159+0000] {dag.py:3823} INFO - Setting next_dagrun for example_external_task_marker_child to None, run_after=None
[2024-02-12T21:21:01.162+0000] {logging_mixin.py:188} INFO - [2024-02-12T21:21:01.162+0000] {dag.py:3823} INFO - Setting next_dagrun for example_external_task_marker_parent to None, run_after=None
[2024-02-12T21:21:01.182+0000] {processor.py:183} INFO - Processing /home/ubuntu/reddit_venv/lib/python3.10/site-packages/airflow/example_dags/example_external_task_marker_dag.py took 0.066 seconds
[2024-02-12T21:21:53.740+0000] {processor.py:161} INFO - Started process (PID=7108) to work on /home/ubuntu/reddit_venv/lib/python3.10/site-packages/airflow/example_dags/example_external_task_marker_dag.py
[2024-02-12T21:21:53.742+0000] {processor.py:830} INFO - Processing file /home/ubuntu/reddit_venv/lib/python3.10/site-packages/airflow/example_dags/example_external_task_marker_dag.py for tasks to queue
[2024-02-12T21:21:53.743+0000] {logging_mixin.py:188} INFO - [2024-02-12T21:21:53.742+0000] {dagbag.py:538} INFO - Filling up the DagBag from /home/ubuntu/reddit_venv/lib/python3.10/site-packages/airflow/example_dags/example_external_task_marker_dag.py
[2024-02-12T21:21:53.749+0000] {processor.py:840} INFO - DAG(s) 'example_external_task_marker_parent', 'example_external_task_marker_child' retrieved from /home/ubuntu/reddit_venv/lib/python3.10/site-packages/airflow/example_dags/example_external_task_marker_dag.py
[2024-02-12T21:21:53.769+0000] {logging_mixin.py:188} INFO - [2024-02-12T21:21:53.769+0000] {dag.py:3036} INFO - Sync 2 DAGs
[2024-02-12T21:21:53.782+0000] {logging_mixin.py:188} INFO - [2024-02-12T21:21:53.782+0000] {dag.py:3823} INFO - Setting next_dagrun for example_external_task_marker_child to None, run_after=None
[2024-02-12T21:21:53.785+0000] {logging_mixin.py:188} INFO - [2024-02-12T21:21:53.785+0000] {dag.py:3823} INFO - Setting next_dagrun for example_external_task_marker_parent to None, run_after=None
[2024-02-12T21:21:53.806+0000] {processor.py:183} INFO - Processing /home/ubuntu/reddit_venv/lib/python3.10/site-packages/airflow/example_dags/example_external_task_marker_dag.py took 0.069 seconds
[2024-02-12T21:22:49.158+0000] {processor.py:161} INFO - Started process (PID=7167) to work on /home/ubuntu/reddit_venv/lib/python3.10/site-packages/airflow/example_dags/example_external_task_marker_dag.py
[2024-02-12T21:22:49.160+0000] {processor.py:830} INFO - Processing file /home/ubuntu/reddit_venv/lib/python3.10/site-packages/airflow/example_dags/example_external_task_marker_dag.py for tasks to queue
[2024-02-12T21:22:49.160+0000] {logging_mixin.py:188} INFO - [2024-02-12T21:22:49.160+0000] {dagbag.py:538} INFO - Filling up the DagBag from /home/ubuntu/reddit_venv/lib/python3.10/site-packages/airflow/example_dags/example_external_task_marker_dag.py
[2024-02-12T21:22:49.168+0000] {processor.py:840} INFO - DAG(s) 'example_external_task_marker_parent', 'example_external_task_marker_child' retrieved from /home/ubuntu/reddit_venv/lib/python3.10/site-packages/airflow/example_dags/example_external_task_marker_dag.py
[2024-02-12T21:22:49.187+0000] {logging_mixin.py:188} INFO - [2024-02-12T21:22:49.187+0000] {dag.py:3036} INFO - Sync 2 DAGs
[2024-02-12T21:22:49.199+0000] {logging_mixin.py:188} INFO - [2024-02-12T21:22:49.199+0000] {dag.py:3823} INFO - Setting next_dagrun for example_external_task_marker_child to None, run_after=None
[2024-02-12T21:22:49.203+0000] {logging_mixin.py:188} INFO - [2024-02-12T21:22:49.203+0000] {dag.py:3823} INFO - Setting next_dagrun for example_external_task_marker_parent to None, run_after=None
[2024-02-12T21:22:49.223+0000] {processor.py:183} INFO - Processing /home/ubuntu/reddit_venv/lib/python3.10/site-packages/airflow/example_dags/example_external_task_marker_dag.py took 0.068 seconds
[2024-02-12T21:23:38.728+0000] {processor.py:161} INFO - Started process (PID=7222) to work on /home/ubuntu/reddit_venv/lib/python3.10/site-packages/airflow/example_dags/example_external_task_marker_dag.py
[2024-02-12T21:23:38.730+0000] {processor.py:830} INFO - Processing file /home/ubuntu/reddit_venv/lib/python3.10/site-packages/airflow/example_dags/example_external_task_marker_dag.py for tasks to queue
[2024-02-12T21:23:38.731+0000] {logging_mixin.py:188} INFO - [2024-02-12T21:23:38.730+0000] {dagbag.py:538} INFO - Filling up the DagBag from /home/ubuntu/reddit_venv/lib/python3.10/site-packages/airflow/example_dags/example_external_task_marker_dag.py
[2024-02-12T21:23:38.737+0000] {processor.py:840} INFO - DAG(s) 'example_external_task_marker_child', 'example_external_task_marker_parent' retrieved from /home/ubuntu/reddit_venv/lib/python3.10/site-packages/airflow/example_dags/example_external_task_marker_dag.py
[2024-02-12T21:23:38.756+0000] {logging_mixin.py:188} INFO - [2024-02-12T21:23:38.756+0000] {dag.py:3036} INFO - Sync 2 DAGs
[2024-02-12T21:23:38.768+0000] {logging_mixin.py:188} INFO - [2024-02-12T21:23:38.768+0000] {dag.py:3823} INFO - Setting next_dagrun for example_external_task_marker_child to None, run_after=None
[2024-02-12T21:23:38.771+0000] {logging_mixin.py:188} INFO - [2024-02-12T21:23:38.771+0000] {dag.py:3823} INFO - Setting next_dagrun for example_external_task_marker_parent to None, run_after=None
[2024-02-12T21:23:38.791+0000] {processor.py:183} INFO - Processing /home/ubuntu/reddit_venv/lib/python3.10/site-packages/airflow/example_dags/example_external_task_marker_dag.py took 0.066 seconds
[2024-02-12T21:24:34.130+0000] {processor.py:161} INFO - Started process (PID=7280) to work on /home/ubuntu/reddit_venv/lib/python3.10/site-packages/airflow/example_dags/example_external_task_marker_dag.py
[2024-02-12T21:24:34.131+0000] {processor.py:830} INFO - Processing file /home/ubuntu/reddit_venv/lib/python3.10/site-packages/airflow/example_dags/example_external_task_marker_dag.py for tasks to queue
[2024-02-12T21:24:34.132+0000] {logging_mixin.py:188} INFO - [2024-02-12T21:24:34.132+0000] {dagbag.py:538} INFO - Filling up the DagBag from /home/ubuntu/reddit_venv/lib/python3.10/site-packages/airflow/example_dags/example_external_task_marker_dag.py
[2024-02-12T21:24:34.139+0000] {processor.py:840} INFO - DAG(s) 'example_external_task_marker_parent', 'example_external_task_marker_child' retrieved from /home/ubuntu/reddit_venv/lib/python3.10/site-packages/airflow/example_dags/example_external_task_marker_dag.py
[2024-02-12T21:24:34.158+0000] {logging_mixin.py:188} INFO - [2024-02-12T21:24:34.158+0000] {dag.py:3036} INFO - Sync 2 DAGs
[2024-02-12T21:24:34.169+0000] {logging_mixin.py:188} INFO - [2024-02-12T21:24:34.169+0000] {dag.py:3823} INFO - Setting next_dagrun for example_external_task_marker_child to None, run_after=None
[2024-02-12T21:24:34.173+0000] {logging_mixin.py:188} INFO - [2024-02-12T21:24:34.172+0000] {dag.py:3823} INFO - Setting next_dagrun for example_external_task_marker_parent to None, run_after=None
[2024-02-12T21:24:34.192+0000] {processor.py:183} INFO - Processing /home/ubuntu/reddit_venv/lib/python3.10/site-packages/airflow/example_dags/example_external_task_marker_dag.py took 0.066 seconds
[2024-02-12T21:25:25.325+0000] {processor.py:161} INFO - Started process (PID=7335) to work on /home/ubuntu/reddit_venv/lib/python3.10/site-packages/airflow/example_dags/example_external_task_marker_dag.py
[2024-02-12T21:25:25.327+0000] {processor.py:830} INFO - Processing file /home/ubuntu/reddit_venv/lib/python3.10/site-packages/airflow/example_dags/example_external_task_marker_dag.py for tasks to queue
[2024-02-12T21:25:25.328+0000] {logging_mixin.py:188} INFO - [2024-02-12T21:25:25.327+0000] {dagbag.py:538} INFO - Filling up the DagBag from /home/ubuntu/reddit_venv/lib/python3.10/site-packages/airflow/example_dags/example_external_task_marker_dag.py
[2024-02-12T21:25:25.334+0000] {processor.py:840} INFO - DAG(s) 'example_external_task_marker_parent', 'example_external_task_marker_child' retrieved from /home/ubuntu/reddit_venv/lib/python3.10/site-packages/airflow/example_dags/example_external_task_marker_dag.py
[2024-02-12T21:25:25.353+0000] {logging_mixin.py:188} INFO - [2024-02-12T21:25:25.353+0000] {dag.py:3036} INFO - Sync 2 DAGs
[2024-02-12T21:25:25.365+0000] {logging_mixin.py:188} INFO - [2024-02-12T21:25:25.365+0000] {dag.py:3823} INFO - Setting next_dagrun for example_external_task_marker_child to None, run_after=None
[2024-02-12T21:25:25.369+0000] {logging_mixin.py:188} INFO - [2024-02-12T21:25:25.368+0000] {dag.py:3823} INFO - Setting next_dagrun for example_external_task_marker_parent to None, run_after=None
[2024-02-12T21:25:25.389+0000] {processor.py:183} INFO - Processing /home/ubuntu/reddit_venv/lib/python3.10/site-packages/airflow/example_dags/example_external_task_marker_dag.py took 0.067 seconds
[2024-02-12T21:26:11.139+0000] {processor.py:161} INFO - Started process (PID=7388) to work on /home/ubuntu/reddit_venv/lib/python3.10/site-packages/airflow/example_dags/example_external_task_marker_dag.py
[2024-02-12T21:26:11.141+0000] {processor.py:830} INFO - Processing file /home/ubuntu/reddit_venv/lib/python3.10/site-packages/airflow/example_dags/example_external_task_marker_dag.py for tasks to queue
[2024-02-12T21:26:11.142+0000] {logging_mixin.py:188} INFO - [2024-02-12T21:26:11.141+0000] {dagbag.py:538} INFO - Filling up the DagBag from /home/ubuntu/reddit_venv/lib/python3.10/site-packages/airflow/example_dags/example_external_task_marker_dag.py
[2024-02-12T21:26:11.149+0000] {processor.py:840} INFO - DAG(s) 'example_external_task_marker_child', 'example_external_task_marker_parent' retrieved from /home/ubuntu/reddit_venv/lib/python3.10/site-packages/airflow/example_dags/example_external_task_marker_dag.py
[2024-02-12T21:26:11.168+0000] {logging_mixin.py:188} INFO - [2024-02-12T21:26:11.168+0000] {dag.py:3036} INFO - Sync 2 DAGs
[2024-02-12T21:26:11.181+0000] {logging_mixin.py:188} INFO - [2024-02-12T21:26:11.180+0000] {dag.py:3823} INFO - Setting next_dagrun for example_external_task_marker_child to None, run_after=None
[2024-02-12T21:26:11.184+0000] {logging_mixin.py:188} INFO - [2024-02-12T21:26:11.184+0000] {dag.py:3823} INFO - Setting next_dagrun for example_external_task_marker_parent to None, run_after=None
[2024-02-12T21:26:11.205+0000] {processor.py:183} INFO - Processing /home/ubuntu/reddit_venv/lib/python3.10/site-packages/airflow/example_dags/example_external_task_marker_dag.py took 0.069 seconds
[2024-02-12T21:27:03.357+0000] {processor.py:161} INFO - Started process (PID=7443) to work on /home/ubuntu/reddit_venv/lib/python3.10/site-packages/airflow/example_dags/example_external_task_marker_dag.py
[2024-02-12T21:27:03.359+0000] {processor.py:830} INFO - Processing file /home/ubuntu/reddit_venv/lib/python3.10/site-packages/airflow/example_dags/example_external_task_marker_dag.py for tasks to queue
[2024-02-12T21:27:03.359+0000] {logging_mixin.py:188} INFO - [2024-02-12T21:27:03.359+0000] {dagbag.py:538} INFO - Filling up the DagBag from /home/ubuntu/reddit_venv/lib/python3.10/site-packages/airflow/example_dags/example_external_task_marker_dag.py
[2024-02-12T21:27:03.366+0000] {processor.py:840} INFO - DAG(s) 'example_external_task_marker_child', 'example_external_task_marker_parent' retrieved from /home/ubuntu/reddit_venv/lib/python3.10/site-packages/airflow/example_dags/example_external_task_marker_dag.py
[2024-02-12T21:27:03.384+0000] {logging_mixin.py:188} INFO - [2024-02-12T21:27:03.384+0000] {dag.py:3036} INFO - Sync 2 DAGs
[2024-02-12T21:27:03.396+0000] {logging_mixin.py:188} INFO - [2024-02-12T21:27:03.396+0000] {dag.py:3823} INFO - Setting next_dagrun for example_external_task_marker_child to None, run_after=None
[2024-02-12T21:27:03.399+0000] {logging_mixin.py:188} INFO - [2024-02-12T21:27:03.399+0000] {dag.py:3823} INFO - Setting next_dagrun for example_external_task_marker_parent to None, run_after=None
[2024-02-12T21:27:03.419+0000] {processor.py:183} INFO - Processing /home/ubuntu/reddit_venv/lib/python3.10/site-packages/airflow/example_dags/example_external_task_marker_dag.py took 0.065 seconds
[2024-02-12T21:27:54.056+0000] {processor.py:161} INFO - Started process (PID=7499) to work on /home/ubuntu/reddit_venv/lib/python3.10/site-packages/airflow/example_dags/example_external_task_marker_dag.py
[2024-02-12T21:27:54.058+0000] {processor.py:830} INFO - Processing file /home/ubuntu/reddit_venv/lib/python3.10/site-packages/airflow/example_dags/example_external_task_marker_dag.py for tasks to queue
[2024-02-12T21:27:54.058+0000] {logging_mixin.py:188} INFO - [2024-02-12T21:27:54.058+0000] {dagbag.py:538} INFO - Filling up the DagBag from /home/ubuntu/reddit_venv/lib/python3.10/site-packages/airflow/example_dags/example_external_task_marker_dag.py
[2024-02-12T21:27:54.065+0000] {processor.py:840} INFO - DAG(s) 'example_external_task_marker_child', 'example_external_task_marker_parent' retrieved from /home/ubuntu/reddit_venv/lib/python3.10/site-packages/airflow/example_dags/example_external_task_marker_dag.py
[2024-02-12T21:27:54.084+0000] {logging_mixin.py:188} INFO - [2024-02-12T21:27:54.084+0000] {dag.py:3036} INFO - Sync 2 DAGs
[2024-02-12T21:27:54.096+0000] {logging_mixin.py:188} INFO - [2024-02-12T21:27:54.095+0000] {dag.py:3823} INFO - Setting next_dagrun for example_external_task_marker_child to None, run_after=None
[2024-02-12T21:27:54.099+0000] {logging_mixin.py:188} INFO - [2024-02-12T21:27:54.099+0000] {dag.py:3823} INFO - Setting next_dagrun for example_external_task_marker_parent to None, run_after=None
[2024-02-12T21:27:54.119+0000] {processor.py:183} INFO - Processing /home/ubuntu/reddit_venv/lib/python3.10/site-packages/airflow/example_dags/example_external_task_marker_dag.py took 0.066 seconds
[2024-02-12T21:28:44.859+0000] {processor.py:161} INFO - Started process (PID=7553) to work on /home/ubuntu/reddit_venv/lib/python3.10/site-packages/airflow/example_dags/example_external_task_marker_dag.py
[2024-02-12T21:28:44.860+0000] {processor.py:830} INFO - Processing file /home/ubuntu/reddit_venv/lib/python3.10/site-packages/airflow/example_dags/example_external_task_marker_dag.py for tasks to queue
[2024-02-12T21:28:44.861+0000] {logging_mixin.py:188} INFO - [2024-02-12T21:28:44.861+0000] {dagbag.py:538} INFO - Filling up the DagBag from /home/ubuntu/reddit_venv/lib/python3.10/site-packages/airflow/example_dags/example_external_task_marker_dag.py
[2024-02-12T21:28:44.868+0000] {processor.py:840} INFO - DAG(s) 'example_external_task_marker_child', 'example_external_task_marker_parent' retrieved from /home/ubuntu/reddit_venv/lib/python3.10/site-packages/airflow/example_dags/example_external_task_marker_dag.py
[2024-02-12T21:28:44.887+0000] {logging_mixin.py:188} INFO - [2024-02-12T21:28:44.886+0000] {dag.py:3036} INFO - Sync 2 DAGs
[2024-02-12T21:28:44.898+0000] {logging_mixin.py:188} INFO - [2024-02-12T21:28:44.898+0000] {dag.py:3823} INFO - Setting next_dagrun for example_external_task_marker_child to None, run_after=None
[2024-02-12T21:28:44.902+0000] {logging_mixin.py:188} INFO - [2024-02-12T21:28:44.901+0000] {dag.py:3823} INFO - Setting next_dagrun for example_external_task_marker_parent to None, run_after=None
[2024-02-12T21:28:44.923+0000] {processor.py:183} INFO - Processing /home/ubuntu/reddit_venv/lib/python3.10/site-packages/airflow/example_dags/example_external_task_marker_dag.py took 0.067 seconds
[2024-02-12T21:29:36.697+0000] {processor.py:161} INFO - Started process (PID=7609) to work on /home/ubuntu/reddit_venv/lib/python3.10/site-packages/airflow/example_dags/example_external_task_marker_dag.py
[2024-02-12T21:29:36.698+0000] {processor.py:830} INFO - Processing file /home/ubuntu/reddit_venv/lib/python3.10/site-packages/airflow/example_dags/example_external_task_marker_dag.py for tasks to queue
[2024-02-12T21:29:36.699+0000] {logging_mixin.py:188} INFO - [2024-02-12T21:29:36.699+0000] {dagbag.py:538} INFO - Filling up the DagBag from /home/ubuntu/reddit_venv/lib/python3.10/site-packages/airflow/example_dags/example_external_task_marker_dag.py
[2024-02-12T21:29:36.706+0000] {processor.py:840} INFO - DAG(s) 'example_external_task_marker_parent', 'example_external_task_marker_child' retrieved from /home/ubuntu/reddit_venv/lib/python3.10/site-packages/airflow/example_dags/example_external_task_marker_dag.py
[2024-02-12T21:29:36.725+0000] {logging_mixin.py:188} INFO - [2024-02-12T21:29:36.725+0000] {dag.py:3036} INFO - Sync 2 DAGs
[2024-02-12T21:29:36.736+0000] {logging_mixin.py:188} INFO - [2024-02-12T21:29:36.736+0000] {dag.py:3823} INFO - Setting next_dagrun for example_external_task_marker_child to None, run_after=None
[2024-02-12T21:29:36.740+0000] {logging_mixin.py:188} INFO - [2024-02-12T21:29:36.739+0000] {dag.py:3823} INFO - Setting next_dagrun for example_external_task_marker_parent to None, run_after=None
[2024-02-12T21:29:36.761+0000] {processor.py:183} INFO - Processing /home/ubuntu/reddit_venv/lib/python3.10/site-packages/airflow/example_dags/example_external_task_marker_dag.py took 0.067 seconds
[2024-02-12T21:30:27.453+0000] {processor.py:161} INFO - Started process (PID=7665) to work on /home/ubuntu/reddit_venv/lib/python3.10/site-packages/airflow/example_dags/example_external_task_marker_dag.py
[2024-02-12T21:30:27.455+0000] {processor.py:830} INFO - Processing file /home/ubuntu/reddit_venv/lib/python3.10/site-packages/airflow/example_dags/example_external_task_marker_dag.py for tasks to queue
[2024-02-12T21:30:27.456+0000] {logging_mixin.py:188} INFO - [2024-02-12T21:30:27.455+0000] {dagbag.py:538} INFO - Filling up the DagBag from /home/ubuntu/reddit_venv/lib/python3.10/site-packages/airflow/example_dags/example_external_task_marker_dag.py
[2024-02-12T21:30:27.462+0000] {processor.py:840} INFO - DAG(s) 'example_external_task_marker_child', 'example_external_task_marker_parent' retrieved from /home/ubuntu/reddit_venv/lib/python3.10/site-packages/airflow/example_dags/example_external_task_marker_dag.py
[2024-02-12T21:30:27.480+0000] {logging_mixin.py:188} INFO - [2024-02-12T21:30:27.480+0000] {dag.py:3036} INFO - Sync 2 DAGs
[2024-02-12T21:30:27.492+0000] {logging_mixin.py:188} INFO - [2024-02-12T21:30:27.492+0000] {dag.py:3823} INFO - Setting next_dagrun for example_external_task_marker_child to None, run_after=None
[2024-02-12T21:30:27.495+0000] {logging_mixin.py:188} INFO - [2024-02-12T21:30:27.495+0000] {dag.py:3823} INFO - Setting next_dagrun for example_external_task_marker_parent to None, run_after=None
[2024-02-12T21:30:27.515+0000] {processor.py:183} INFO - Processing /home/ubuntu/reddit_venv/lib/python3.10/site-packages/airflow/example_dags/example_external_task_marker_dag.py took 0.065 seconds
