[2024-02-12T20:39:06.611+0000] {processor.py:161} INFO - Started process (PID=3733) to work on /home/ubuntu/reddit_venv/lib/python3.10/site-packages/airflow/example_dags/example_sensor_decorator.py
[2024-02-12T20:39:06.612+0000] {processor.py:830} INFO - Processing file /home/ubuntu/reddit_venv/lib/python3.10/site-packages/airflow/example_dags/example_sensor_decorator.py for tasks to queue
[2024-02-12T20:39:06.613+0000] {logging_mixin.py:188} INFO - [2024-02-12T20:39:06.613+0000] {dagbag.py:538} INFO - Filling up the DagBag from /home/ubuntu/reddit_venv/lib/python3.10/site-packages/airflow/example_dags/example_sensor_decorator.py
[2024-02-12T20:39:06.620+0000] {processor.py:840} INFO - DAG(s) 'example_sensor_decorator' retrieved from /home/ubuntu/reddit_venv/lib/python3.10/site-packages/airflow/example_dags/example_sensor_decorator.py
[2024-02-12T20:39:06.748+0000] {logging_mixin.py:188} INFO - [2024-02-12T20:39:06.748+0000] {override.py:1769} INFO - Created Permission View: can delete on DAG:example_sensor_decorator
[2024-02-12T20:39:06.761+0000] {logging_mixin.py:188} INFO - [2024-02-12T20:39:06.761+0000] {override.py:1769} INFO - Created Permission View: can edit on DAG:example_sensor_decorator
[2024-02-12T20:39:06.771+0000] {logging_mixin.py:188} INFO - [2024-02-12T20:39:06.770+0000] {override.py:1769} INFO - Created Permission View: can read on DAG:example_sensor_decorator
[2024-02-12T20:39:06.771+0000] {logging_mixin.py:188} INFO - [2024-02-12T20:39:06.771+0000] {dag.py:3036} INFO - Sync 1 DAGs
[2024-02-12T20:39:06.781+0000] {logging_mixin.py:188} INFO - [2024-02-12T20:39:06.781+0000] {dag.py:3058} INFO - Creating ORM DAG for example_sensor_decorator
[2024-02-12T20:39:06.781+0000] {logging_mixin.py:188} INFO - [2024-02-12T20:39:06.781+0000] {dag.py:3823} INFO - Setting next_dagrun for example_sensor_decorator to None, run_after=None
[2024-02-12T20:39:06.803+0000] {processor.py:183} INFO - Processing /home/ubuntu/reddit_venv/lib/python3.10/site-packages/airflow/example_dags/example_sensor_decorator.py took 0.195 seconds
[2024-02-12T20:39:56.923+0000] {processor.py:161} INFO - Started process (PID=3784) to work on /home/ubuntu/reddit_venv/lib/python3.10/site-packages/airflow/example_dags/example_sensor_decorator.py
[2024-02-12T20:39:56.924+0000] {processor.py:830} INFO - Processing file /home/ubuntu/reddit_venv/lib/python3.10/site-packages/airflow/example_dags/example_sensor_decorator.py for tasks to queue
[2024-02-12T20:39:56.925+0000] {logging_mixin.py:188} INFO - [2024-02-12T20:39:56.925+0000] {dagbag.py:538} INFO - Filling up the DagBag from /home/ubuntu/reddit_venv/lib/python3.10/site-packages/airflow/example_dags/example_sensor_decorator.py
[2024-02-12T20:39:56.932+0000] {processor.py:840} INFO - DAG(s) 'example_sensor_decorator' retrieved from /home/ubuntu/reddit_venv/lib/python3.10/site-packages/airflow/example_dags/example_sensor_decorator.py
[2024-02-12T20:39:56.948+0000] {logging_mixin.py:188} INFO - [2024-02-12T20:39:56.947+0000] {dag.py:3036} INFO - Sync 1 DAGs
[2024-02-12T20:39:56.959+0000] {logging_mixin.py:188} INFO - [2024-02-12T20:39:56.959+0000] {dag.py:3823} INFO - Setting next_dagrun for example_sensor_decorator to None, run_after=None
[2024-02-12T20:39:56.981+0000] {processor.py:183} INFO - Processing /home/ubuntu/reddit_venv/lib/python3.10/site-packages/airflow/example_dags/example_sensor_decorator.py took 0.062 seconds
[2024-02-12T20:40:48.455+0000] {processor.py:161} INFO - Started process (PID=3840) to work on /home/ubuntu/reddit_venv/lib/python3.10/site-packages/airflow/example_dags/example_sensor_decorator.py
[2024-02-12T20:40:48.456+0000] {processor.py:830} INFO - Processing file /home/ubuntu/reddit_venv/lib/python3.10/site-packages/airflow/example_dags/example_sensor_decorator.py for tasks to queue
[2024-02-12T20:40:48.457+0000] {logging_mixin.py:188} INFO - [2024-02-12T20:40:48.457+0000] {dagbag.py:538} INFO - Filling up the DagBag from /home/ubuntu/reddit_venv/lib/python3.10/site-packages/airflow/example_dags/example_sensor_decorator.py
[2024-02-12T20:40:48.464+0000] {processor.py:840} INFO - DAG(s) 'example_sensor_decorator' retrieved from /home/ubuntu/reddit_venv/lib/python3.10/site-packages/airflow/example_dags/example_sensor_decorator.py
[2024-02-12T20:40:48.479+0000] {logging_mixin.py:188} INFO - [2024-02-12T20:40:48.479+0000] {dag.py:3036} INFO - Sync 1 DAGs
[2024-02-12T20:40:48.491+0000] {logging_mixin.py:188} INFO - [2024-02-12T20:40:48.491+0000] {dag.py:3823} INFO - Setting next_dagrun for example_sensor_decorator to None, run_after=None
[2024-02-12T20:40:48.512+0000] {processor.py:183} INFO - Processing /home/ubuntu/reddit_venv/lib/python3.10/site-packages/airflow/example_dags/example_sensor_decorator.py took 0.061 seconds
[2024-02-12T20:41:41.464+0000] {processor.py:161} INFO - Started process (PID=3897) to work on /home/ubuntu/reddit_venv/lib/python3.10/site-packages/airflow/example_dags/example_sensor_decorator.py
[2024-02-12T20:41:41.465+0000] {processor.py:830} INFO - Processing file /home/ubuntu/reddit_venv/lib/python3.10/site-packages/airflow/example_dags/example_sensor_decorator.py for tasks to queue
[2024-02-12T20:41:41.466+0000] {logging_mixin.py:188} INFO - [2024-02-12T20:41:41.466+0000] {dagbag.py:538} INFO - Filling up the DagBag from /home/ubuntu/reddit_venv/lib/python3.10/site-packages/airflow/example_dags/example_sensor_decorator.py
[2024-02-12T20:41:41.473+0000] {processor.py:840} INFO - DAG(s) 'example_sensor_decorator' retrieved from /home/ubuntu/reddit_venv/lib/python3.10/site-packages/airflow/example_dags/example_sensor_decorator.py
[2024-02-12T20:41:41.489+0000] {logging_mixin.py:188} INFO - [2024-02-12T20:41:41.489+0000] {dag.py:3036} INFO - Sync 1 DAGs
[2024-02-12T20:41:41.500+0000] {logging_mixin.py:188} INFO - [2024-02-12T20:41:41.500+0000] {dag.py:3823} INFO - Setting next_dagrun for example_sensor_decorator to None, run_after=None
[2024-02-12T20:41:41.524+0000] {processor.py:183} INFO - Processing /home/ubuntu/reddit_venv/lib/python3.10/site-packages/airflow/example_dags/example_sensor_decorator.py took 0.063 seconds
[2024-02-12T20:42:30.538+0000] {processor.py:161} INFO - Started process (PID=3952) to work on /home/ubuntu/reddit_venv/lib/python3.10/site-packages/airflow/example_dags/example_sensor_decorator.py
[2024-02-12T20:42:30.540+0000] {processor.py:830} INFO - Processing file /home/ubuntu/reddit_venv/lib/python3.10/site-packages/airflow/example_dags/example_sensor_decorator.py for tasks to queue
[2024-02-12T20:42:30.541+0000] {logging_mixin.py:188} INFO - [2024-02-12T20:42:30.540+0000] {dagbag.py:538} INFO - Filling up the DagBag from /home/ubuntu/reddit_venv/lib/python3.10/site-packages/airflow/example_dags/example_sensor_decorator.py
[2024-02-12T20:42:30.548+0000] {processor.py:840} INFO - DAG(s) 'example_sensor_decorator' retrieved from /home/ubuntu/reddit_venv/lib/python3.10/site-packages/airflow/example_dags/example_sensor_decorator.py
[2024-02-12T20:42:30.563+0000] {logging_mixin.py:188} INFO - [2024-02-12T20:42:30.563+0000] {dag.py:3036} INFO - Sync 1 DAGs
[2024-02-12T20:42:30.575+0000] {logging_mixin.py:188} INFO - [2024-02-12T20:42:30.575+0000] {dag.py:3823} INFO - Setting next_dagrun for example_sensor_decorator to None, run_after=None
[2024-02-12T20:42:30.598+0000] {processor.py:183} INFO - Processing /home/ubuntu/reddit_venv/lib/python3.10/site-packages/airflow/example_dags/example_sensor_decorator.py took 0.063 seconds
[2024-02-12T20:43:20.609+0000] {processor.py:161} INFO - Started process (PID=4007) to work on /home/ubuntu/reddit_venv/lib/python3.10/site-packages/airflow/example_dags/example_sensor_decorator.py
[2024-02-12T20:43:20.611+0000] {processor.py:830} INFO - Processing file /home/ubuntu/reddit_venv/lib/python3.10/site-packages/airflow/example_dags/example_sensor_decorator.py for tasks to queue
[2024-02-12T20:43:20.612+0000] {logging_mixin.py:188} INFO - [2024-02-12T20:43:20.611+0000] {dagbag.py:538} INFO - Filling up the DagBag from /home/ubuntu/reddit_venv/lib/python3.10/site-packages/airflow/example_dags/example_sensor_decorator.py
[2024-02-12T20:43:20.619+0000] {processor.py:840} INFO - DAG(s) 'example_sensor_decorator' retrieved from /home/ubuntu/reddit_venv/lib/python3.10/site-packages/airflow/example_dags/example_sensor_decorator.py
[2024-02-12T20:43:20.634+0000] {logging_mixin.py:188} INFO - [2024-02-12T20:43:20.634+0000] {dag.py:3036} INFO - Sync 1 DAGs
[2024-02-12T20:43:20.646+0000] {logging_mixin.py:188} INFO - [2024-02-12T20:43:20.646+0000] {dag.py:3823} INFO - Setting next_dagrun for example_sensor_decorator to None, run_after=None
[2024-02-12T20:43:20.668+0000] {processor.py:183} INFO - Processing /home/ubuntu/reddit_venv/lib/python3.10/site-packages/airflow/example_dags/example_sensor_decorator.py took 0.062 seconds
[2024-02-12T20:44:06.070+0000] {processor.py:161} INFO - Started process (PID=4059) to work on /home/ubuntu/reddit_venv/lib/python3.10/site-packages/airflow/example_dags/example_sensor_decorator.py
[2024-02-12T20:44:06.071+0000] {processor.py:830} INFO - Processing file /home/ubuntu/reddit_venv/lib/python3.10/site-packages/airflow/example_dags/example_sensor_decorator.py for tasks to queue
[2024-02-12T20:44:06.072+0000] {logging_mixin.py:188} INFO - [2024-02-12T20:44:06.072+0000] {dagbag.py:538} INFO - Filling up the DagBag from /home/ubuntu/reddit_venv/lib/python3.10/site-packages/airflow/example_dags/example_sensor_decorator.py
[2024-02-12T20:44:06.079+0000] {processor.py:840} INFO - DAG(s) 'example_sensor_decorator' retrieved from /home/ubuntu/reddit_venv/lib/python3.10/site-packages/airflow/example_dags/example_sensor_decorator.py
[2024-02-12T20:44:06.094+0000] {logging_mixin.py:188} INFO - [2024-02-12T20:44:06.094+0000] {dag.py:3036} INFO - Sync 1 DAGs
[2024-02-12T20:44:06.106+0000] {logging_mixin.py:188} INFO - [2024-02-12T20:44:06.106+0000] {dag.py:3823} INFO - Setting next_dagrun for example_sensor_decorator to None, run_after=None
[2024-02-12T20:44:06.128+0000] {processor.py:183} INFO - Processing /home/ubuntu/reddit_venv/lib/python3.10/site-packages/airflow/example_dags/example_sensor_decorator.py took 0.061 seconds
[2024-02-12T20:44:56.929+0000] {processor.py:161} INFO - Started process (PID=4115) to work on /home/ubuntu/reddit_venv/lib/python3.10/site-packages/airflow/example_dags/example_sensor_decorator.py
[2024-02-12T20:44:56.930+0000] {processor.py:830} INFO - Processing file /home/ubuntu/reddit_venv/lib/python3.10/site-packages/airflow/example_dags/example_sensor_decorator.py for tasks to queue
[2024-02-12T20:44:56.931+0000] {logging_mixin.py:188} INFO - [2024-02-12T20:44:56.931+0000] {dagbag.py:538} INFO - Filling up the DagBag from /home/ubuntu/reddit_venv/lib/python3.10/site-packages/airflow/example_dags/example_sensor_decorator.py
[2024-02-12T20:44:56.938+0000] {processor.py:840} INFO - DAG(s) 'example_sensor_decorator' retrieved from /home/ubuntu/reddit_venv/lib/python3.10/site-packages/airflow/example_dags/example_sensor_decorator.py
[2024-02-12T20:44:56.955+0000] {logging_mixin.py:188} INFO - [2024-02-12T20:44:56.954+0000] {dag.py:3036} INFO - Sync 1 DAGs
[2024-02-12T20:44:56.966+0000] {logging_mixin.py:188} INFO - [2024-02-12T20:44:56.966+0000] {dag.py:3823} INFO - Setting next_dagrun for example_sensor_decorator to None, run_after=None
[2024-02-12T20:44:56.988+0000] {processor.py:183} INFO - Processing /home/ubuntu/reddit_venv/lib/python3.10/site-packages/airflow/example_dags/example_sensor_decorator.py took 0.063 seconds
[2024-02-12T20:45:48.320+0000] {processor.py:161} INFO - Started process (PID=4171) to work on /home/ubuntu/reddit_venv/lib/python3.10/site-packages/airflow/example_dags/example_sensor_decorator.py
[2024-02-12T20:45:48.321+0000] {processor.py:830} INFO - Processing file /home/ubuntu/reddit_venv/lib/python3.10/site-packages/airflow/example_dags/example_sensor_decorator.py for tasks to queue
[2024-02-12T20:45:48.322+0000] {logging_mixin.py:188} INFO - [2024-02-12T20:45:48.322+0000] {dagbag.py:538} INFO - Filling up the DagBag from /home/ubuntu/reddit_venv/lib/python3.10/site-packages/airflow/example_dags/example_sensor_decorator.py
[2024-02-12T20:45:48.329+0000] {processor.py:840} INFO - DAG(s) 'example_sensor_decorator' retrieved from /home/ubuntu/reddit_venv/lib/python3.10/site-packages/airflow/example_dags/example_sensor_decorator.py
[2024-02-12T20:45:48.345+0000] {logging_mixin.py:188} INFO - [2024-02-12T20:45:48.345+0000] {dag.py:3036} INFO - Sync 1 DAGs
[2024-02-12T20:45:48.357+0000] {logging_mixin.py:188} INFO - [2024-02-12T20:45:48.357+0000] {dag.py:3823} INFO - Setting next_dagrun for example_sensor_decorator to None, run_after=None
[2024-02-12T20:45:48.384+0000] {processor.py:183} INFO - Processing /home/ubuntu/reddit_venv/lib/python3.10/site-packages/airflow/example_dags/example_sensor_decorator.py took 0.067 seconds
[2024-02-12T20:46:37.411+0000] {processor.py:161} INFO - Started process (PID=4228) to work on /home/ubuntu/reddit_venv/lib/python3.10/site-packages/airflow/example_dags/example_sensor_decorator.py
[2024-02-12T20:46:37.413+0000] {processor.py:830} INFO - Processing file /home/ubuntu/reddit_venv/lib/python3.10/site-packages/airflow/example_dags/example_sensor_decorator.py for tasks to queue
[2024-02-12T20:46:37.414+0000] {logging_mixin.py:188} INFO - [2024-02-12T20:46:37.413+0000] {dagbag.py:538} INFO - Filling up the DagBag from /home/ubuntu/reddit_venv/lib/python3.10/site-packages/airflow/example_dags/example_sensor_decorator.py
[2024-02-12T20:46:37.421+0000] {processor.py:840} INFO - DAG(s) 'example_sensor_decorator' retrieved from /home/ubuntu/reddit_venv/lib/python3.10/site-packages/airflow/example_dags/example_sensor_decorator.py
[2024-02-12T20:46:37.436+0000] {logging_mixin.py:188} INFO - [2024-02-12T20:46:37.436+0000] {dag.py:3036} INFO - Sync 1 DAGs
[2024-02-12T20:46:37.448+0000] {logging_mixin.py:188} INFO - [2024-02-12T20:46:37.448+0000] {dag.py:3823} INFO - Setting next_dagrun for example_sensor_decorator to None, run_after=None
[2024-02-12T20:46:37.469+0000] {processor.py:183} INFO - Processing /home/ubuntu/reddit_venv/lib/python3.10/site-packages/airflow/example_dags/example_sensor_decorator.py took 0.062 seconds
[2024-02-12T20:47:28.511+0000] {processor.py:161} INFO - Started process (PID=4281) to work on /home/ubuntu/reddit_venv/lib/python3.10/site-packages/airflow/example_dags/example_sensor_decorator.py
[2024-02-12T20:47:28.513+0000] {processor.py:830} INFO - Processing file /home/ubuntu/reddit_venv/lib/python3.10/site-packages/airflow/example_dags/example_sensor_decorator.py for tasks to queue
[2024-02-12T20:47:28.514+0000] {logging_mixin.py:188} INFO - [2024-02-12T20:47:28.513+0000] {dagbag.py:538} INFO - Filling up the DagBag from /home/ubuntu/reddit_venv/lib/python3.10/site-packages/airflow/example_dags/example_sensor_decorator.py
[2024-02-12T20:47:28.521+0000] {processor.py:840} INFO - DAG(s) 'example_sensor_decorator' retrieved from /home/ubuntu/reddit_venv/lib/python3.10/site-packages/airflow/example_dags/example_sensor_decorator.py
[2024-02-12T20:47:28.536+0000] {logging_mixin.py:188} INFO - [2024-02-12T20:47:28.536+0000] {dag.py:3036} INFO - Sync 1 DAGs
[2024-02-12T20:47:28.547+0000] {logging_mixin.py:188} INFO - [2024-02-12T20:47:28.547+0000] {dag.py:3823} INFO - Setting next_dagrun for example_sensor_decorator to None, run_after=None
[2024-02-12T20:47:28.573+0000] {processor.py:183} INFO - Processing /home/ubuntu/reddit_venv/lib/python3.10/site-packages/airflow/example_dags/example_sensor_decorator.py took 0.065 seconds
[2024-02-12T20:48:20.564+0000] {processor.py:161} INFO - Started process (PID=4338) to work on /home/ubuntu/reddit_venv/lib/python3.10/site-packages/airflow/example_dags/example_sensor_decorator.py
[2024-02-12T20:48:20.566+0000] {processor.py:830} INFO - Processing file /home/ubuntu/reddit_venv/lib/python3.10/site-packages/airflow/example_dags/example_sensor_decorator.py for tasks to queue
[2024-02-12T20:48:20.567+0000] {logging_mixin.py:188} INFO - [2024-02-12T20:48:20.566+0000] {dagbag.py:538} INFO - Filling up the DagBag from /home/ubuntu/reddit_venv/lib/python3.10/site-packages/airflow/example_dags/example_sensor_decorator.py
[2024-02-12T20:48:20.574+0000] {processor.py:840} INFO - DAG(s) 'example_sensor_decorator' retrieved from /home/ubuntu/reddit_venv/lib/python3.10/site-packages/airflow/example_dags/example_sensor_decorator.py
[2024-02-12T20:48:20.590+0000] {logging_mixin.py:188} INFO - [2024-02-12T20:48:20.589+0000] {dag.py:3036} INFO - Sync 1 DAGs
[2024-02-12T20:48:20.601+0000] {logging_mixin.py:188} INFO - [2024-02-12T20:48:20.601+0000] {dag.py:3823} INFO - Setting next_dagrun for example_sensor_decorator to None, run_after=None
[2024-02-12T20:48:20.624+0000] {processor.py:183} INFO - Processing /home/ubuntu/reddit_venv/lib/python3.10/site-packages/airflow/example_dags/example_sensor_decorator.py took 0.064 seconds
[2024-02-12T20:49:07.007+0000] {processor.py:161} INFO - Started process (PID=4392) to work on /home/ubuntu/reddit_venv/lib/python3.10/site-packages/airflow/example_dags/example_sensor_decorator.py
[2024-02-12T20:49:07.008+0000] {processor.py:830} INFO - Processing file /home/ubuntu/reddit_venv/lib/python3.10/site-packages/airflow/example_dags/example_sensor_decorator.py for tasks to queue
[2024-02-12T20:49:07.009+0000] {logging_mixin.py:188} INFO - [2024-02-12T20:49:07.009+0000] {dagbag.py:538} INFO - Filling up the DagBag from /home/ubuntu/reddit_venv/lib/python3.10/site-packages/airflow/example_dags/example_sensor_decorator.py
[2024-02-12T20:49:07.016+0000] {processor.py:840} INFO - DAG(s) 'example_sensor_decorator' retrieved from /home/ubuntu/reddit_venv/lib/python3.10/site-packages/airflow/example_dags/example_sensor_decorator.py
[2024-02-12T20:49:07.033+0000] {logging_mixin.py:188} INFO - [2024-02-12T20:49:07.033+0000] {dag.py:3036} INFO - Sync 1 DAGs
[2024-02-12T20:49:07.045+0000] {logging_mixin.py:188} INFO - [2024-02-12T20:49:07.045+0000] {dag.py:3823} INFO - Setting next_dagrun for example_sensor_decorator to None, run_after=None
[2024-02-12T20:49:07.067+0000] {processor.py:183} INFO - Processing /home/ubuntu/reddit_venv/lib/python3.10/site-packages/airflow/example_dags/example_sensor_decorator.py took 0.064 seconds
[2024-02-12T20:50:19.688+0000] {processor.py:161} INFO - Started process (PID=4467) to work on /home/ubuntu/reddit_venv/lib/python3.10/site-packages/airflow/example_dags/example_sensor_decorator.py
[2024-02-12T20:50:19.690+0000] {processor.py:830} INFO - Processing file /home/ubuntu/reddit_venv/lib/python3.10/site-packages/airflow/example_dags/example_sensor_decorator.py for tasks to queue
[2024-02-12T20:50:19.691+0000] {logging_mixin.py:188} INFO - [2024-02-12T20:50:19.690+0000] {dagbag.py:538} INFO - Filling up the DagBag from /home/ubuntu/reddit_venv/lib/python3.10/site-packages/airflow/example_dags/example_sensor_decorator.py
[2024-02-12T20:50:19.697+0000] {processor.py:840} INFO - DAG(s) 'example_sensor_decorator' retrieved from /home/ubuntu/reddit_venv/lib/python3.10/site-packages/airflow/example_dags/example_sensor_decorator.py
[2024-02-12T20:50:19.799+0000] {logging_mixin.py:188} INFO - [2024-02-12T20:50:19.799+0000] {dag.py:3036} INFO - Sync 1 DAGs
[2024-02-12T20:50:19.809+0000] {logging_mixin.py:188} INFO - [2024-02-12T20:50:19.809+0000] {dag.py:3823} INFO - Setting next_dagrun for example_sensor_decorator to None, run_after=None
[2024-02-12T20:50:19.831+0000] {processor.py:183} INFO - Processing /home/ubuntu/reddit_venv/lib/python3.10/site-packages/airflow/example_dags/example_sensor_decorator.py took 0.147 seconds
[2024-02-12T20:51:09.493+0000] {processor.py:161} INFO - Started process (PID=4518) to work on /home/ubuntu/reddit_venv/lib/python3.10/site-packages/airflow/example_dags/example_sensor_decorator.py
[2024-02-12T20:51:09.494+0000] {processor.py:830} INFO - Processing file /home/ubuntu/reddit_venv/lib/python3.10/site-packages/airflow/example_dags/example_sensor_decorator.py for tasks to queue
[2024-02-12T20:51:09.495+0000] {logging_mixin.py:188} INFO - [2024-02-12T20:51:09.495+0000] {dagbag.py:538} INFO - Filling up the DagBag from /home/ubuntu/reddit_venv/lib/python3.10/site-packages/airflow/example_dags/example_sensor_decorator.py
[2024-02-12T20:51:09.502+0000] {processor.py:840} INFO - DAG(s) 'example_sensor_decorator' retrieved from /home/ubuntu/reddit_venv/lib/python3.10/site-packages/airflow/example_dags/example_sensor_decorator.py
[2024-02-12T20:51:09.517+0000] {logging_mixin.py:188} INFO - [2024-02-12T20:51:09.517+0000] {dag.py:3036} INFO - Sync 1 DAGs
[2024-02-12T20:51:09.529+0000] {logging_mixin.py:188} INFO - [2024-02-12T20:51:09.529+0000] {dag.py:3823} INFO - Setting next_dagrun for example_sensor_decorator to None, run_after=None
[2024-02-12T20:51:09.553+0000] {processor.py:183} INFO - Processing /home/ubuntu/reddit_venv/lib/python3.10/site-packages/airflow/example_dags/example_sensor_decorator.py took 0.063 seconds
[2024-02-12T20:52:03.610+0000] {processor.py:161} INFO - Started process (PID=4576) to work on /home/ubuntu/reddit_venv/lib/python3.10/site-packages/airflow/example_dags/example_sensor_decorator.py
[2024-02-12T20:52:03.612+0000] {processor.py:830} INFO - Processing file /home/ubuntu/reddit_venv/lib/python3.10/site-packages/airflow/example_dags/example_sensor_decorator.py for tasks to queue
[2024-02-12T20:52:03.613+0000] {logging_mixin.py:188} INFO - [2024-02-12T20:52:03.612+0000] {dagbag.py:538} INFO - Filling up the DagBag from /home/ubuntu/reddit_venv/lib/python3.10/site-packages/airflow/example_dags/example_sensor_decorator.py
[2024-02-12T20:52:03.619+0000] {processor.py:840} INFO - DAG(s) 'example_sensor_decorator' retrieved from /home/ubuntu/reddit_venv/lib/python3.10/site-packages/airflow/example_dags/example_sensor_decorator.py
[2024-02-12T20:52:03.635+0000] {logging_mixin.py:188} INFO - [2024-02-12T20:52:03.634+0000] {dag.py:3036} INFO - Sync 1 DAGs
[2024-02-12T20:52:03.646+0000] {logging_mixin.py:188} INFO - [2024-02-12T20:52:03.646+0000] {dag.py:3823} INFO - Setting next_dagrun for example_sensor_decorator to None, run_after=None
[2024-02-12T20:52:03.668+0000] {processor.py:183} INFO - Processing /home/ubuntu/reddit_venv/lib/python3.10/site-packages/airflow/example_dags/example_sensor_decorator.py took 0.061 seconds
[2024-02-12T20:52:54.311+0000] {processor.py:161} INFO - Started process (PID=4635) to work on /home/ubuntu/reddit_venv/lib/python3.10/site-packages/airflow/example_dags/example_sensor_decorator.py
[2024-02-12T20:52:54.313+0000] {processor.py:830} INFO - Processing file /home/ubuntu/reddit_venv/lib/python3.10/site-packages/airflow/example_dags/example_sensor_decorator.py for tasks to queue
[2024-02-12T20:52:54.314+0000] {logging_mixin.py:188} INFO - [2024-02-12T20:52:54.313+0000] {dagbag.py:538} INFO - Filling up the DagBag from /home/ubuntu/reddit_venv/lib/python3.10/site-packages/airflow/example_dags/example_sensor_decorator.py
[2024-02-12T20:52:54.321+0000] {processor.py:840} INFO - DAG(s) 'example_sensor_decorator' retrieved from /home/ubuntu/reddit_venv/lib/python3.10/site-packages/airflow/example_dags/example_sensor_decorator.py
[2024-02-12T20:52:54.337+0000] {logging_mixin.py:188} INFO - [2024-02-12T20:52:54.336+0000] {dag.py:3036} INFO - Sync 1 DAGs
[2024-02-12T20:52:54.349+0000] {logging_mixin.py:188} INFO - [2024-02-12T20:52:54.349+0000] {dag.py:3823} INFO - Setting next_dagrun for example_sensor_decorator to None, run_after=None
[2024-02-12T20:52:54.371+0000] {processor.py:183} INFO - Processing /home/ubuntu/reddit_venv/lib/python3.10/site-packages/airflow/example_dags/example_sensor_decorator.py took 0.063 seconds
[2024-02-12T20:53:49.916+0000] {processor.py:161} INFO - Started process (PID=4696) to work on /home/ubuntu/reddit_venv/lib/python3.10/site-packages/airflow/example_dags/example_sensor_decorator.py
[2024-02-12T20:53:49.917+0000] {processor.py:830} INFO - Processing file /home/ubuntu/reddit_venv/lib/python3.10/site-packages/airflow/example_dags/example_sensor_decorator.py for tasks to queue
[2024-02-12T20:53:49.919+0000] {logging_mixin.py:188} INFO - [2024-02-12T20:53:49.918+0000] {dagbag.py:538} INFO - Filling up the DagBag from /home/ubuntu/reddit_venv/lib/python3.10/site-packages/airflow/example_dags/example_sensor_decorator.py
[2024-02-12T20:53:49.925+0000] {processor.py:840} INFO - DAG(s) 'example_sensor_decorator' retrieved from /home/ubuntu/reddit_venv/lib/python3.10/site-packages/airflow/example_dags/example_sensor_decorator.py
[2024-02-12T20:53:49.941+0000] {logging_mixin.py:188} INFO - [2024-02-12T20:53:49.941+0000] {dag.py:3036} INFO - Sync 1 DAGs
[2024-02-12T20:53:49.952+0000] {logging_mixin.py:188} INFO - [2024-02-12T20:53:49.952+0000] {dag.py:3823} INFO - Setting next_dagrun for example_sensor_decorator to None, run_after=None
[2024-02-12T20:53:49.975+0000] {processor.py:183} INFO - Processing /home/ubuntu/reddit_venv/lib/python3.10/site-packages/airflow/example_dags/example_sensor_decorator.py took 0.062 seconds
[2024-02-12T20:54:41.474+0000] {processor.py:161} INFO - Started process (PID=4751) to work on /home/ubuntu/reddit_venv/lib/python3.10/site-packages/airflow/example_dags/example_sensor_decorator.py
[2024-02-12T20:54:41.475+0000] {processor.py:830} INFO - Processing file /home/ubuntu/reddit_venv/lib/python3.10/site-packages/airflow/example_dags/example_sensor_decorator.py for tasks to queue
[2024-02-12T20:54:41.476+0000] {logging_mixin.py:188} INFO - [2024-02-12T20:54:41.476+0000] {dagbag.py:538} INFO - Filling up the DagBag from /home/ubuntu/reddit_venv/lib/python3.10/site-packages/airflow/example_dags/example_sensor_decorator.py
[2024-02-12T20:54:41.483+0000] {processor.py:840} INFO - DAG(s) 'example_sensor_decorator' retrieved from /home/ubuntu/reddit_venv/lib/python3.10/site-packages/airflow/example_dags/example_sensor_decorator.py
[2024-02-12T20:54:41.499+0000] {logging_mixin.py:188} INFO - [2024-02-12T20:54:41.499+0000] {dag.py:3036} INFO - Sync 1 DAGs
[2024-02-12T20:54:41.511+0000] {logging_mixin.py:188} INFO - [2024-02-12T20:54:41.511+0000] {dag.py:3823} INFO - Setting next_dagrun for example_sensor_decorator to None, run_after=None
[2024-02-12T20:54:41.535+0000] {processor.py:183} INFO - Processing /home/ubuntu/reddit_venv/lib/python3.10/site-packages/airflow/example_dags/example_sensor_decorator.py took 0.065 seconds
[2024-02-12T20:55:37.915+0000] {processor.py:161} INFO - Started process (PID=4880) to work on /home/ubuntu/reddit_venv/lib/python3.10/site-packages/airflow/example_dags/example_sensor_decorator.py
[2024-02-12T20:55:37.917+0000] {processor.py:830} INFO - Processing file /home/ubuntu/reddit_venv/lib/python3.10/site-packages/airflow/example_dags/example_sensor_decorator.py for tasks to queue
[2024-02-12T20:55:37.918+0000] {logging_mixin.py:188} INFO - [2024-02-12T20:55:37.917+0000] {dagbag.py:538} INFO - Filling up the DagBag from /home/ubuntu/reddit_venv/lib/python3.10/site-packages/airflow/example_dags/example_sensor_decorator.py
[2024-02-12T20:55:37.925+0000] {processor.py:840} INFO - DAG(s) 'example_sensor_decorator' retrieved from /home/ubuntu/reddit_venv/lib/python3.10/site-packages/airflow/example_dags/example_sensor_decorator.py
[2024-02-12T20:55:37.940+0000] {logging_mixin.py:188} INFO - [2024-02-12T20:55:37.940+0000] {dag.py:3036} INFO - Sync 1 DAGs
[2024-02-12T20:55:37.951+0000] {logging_mixin.py:188} INFO - [2024-02-12T20:55:37.951+0000] {dag.py:3823} INFO - Setting next_dagrun for example_sensor_decorator to None, run_after=None
[2024-02-12T20:55:37.973+0000] {processor.py:183} INFO - Processing /home/ubuntu/reddit_venv/lib/python3.10/site-packages/airflow/example_dags/example_sensor_decorator.py took 0.062 seconds
[2024-02-12T20:56:26.331+0000] {processor.py:161} INFO - Started process (PID=4935) to work on /home/ubuntu/reddit_venv/lib/python3.10/site-packages/airflow/example_dags/example_sensor_decorator.py
[2024-02-12T20:56:26.332+0000] {processor.py:830} INFO - Processing file /home/ubuntu/reddit_venv/lib/python3.10/site-packages/airflow/example_dags/example_sensor_decorator.py for tasks to queue
[2024-02-12T20:56:26.333+0000] {logging_mixin.py:188} INFO - [2024-02-12T20:56:26.333+0000] {dagbag.py:538} INFO - Filling up the DagBag from /home/ubuntu/reddit_venv/lib/python3.10/site-packages/airflow/example_dags/example_sensor_decorator.py
[2024-02-12T20:56:26.340+0000] {processor.py:840} INFO - DAG(s) 'example_sensor_decorator' retrieved from /home/ubuntu/reddit_venv/lib/python3.10/site-packages/airflow/example_dags/example_sensor_decorator.py
[2024-02-12T20:56:26.356+0000] {logging_mixin.py:188} INFO - [2024-02-12T20:56:26.355+0000] {dag.py:3036} INFO - Sync 1 DAGs
[2024-02-12T20:56:26.367+0000] {logging_mixin.py:188} INFO - [2024-02-12T20:56:26.367+0000] {dag.py:3823} INFO - Setting next_dagrun for example_sensor_decorator to None, run_after=None
[2024-02-12T20:56:26.389+0000] {processor.py:183} INFO - Processing /home/ubuntu/reddit_venv/lib/python3.10/site-packages/airflow/example_dags/example_sensor_decorator.py took 0.061 seconds
[2024-02-12T20:57:20.817+0000] {processor.py:161} INFO - Started process (PID=4993) to work on /home/ubuntu/reddit_venv/lib/python3.10/site-packages/airflow/example_dags/example_sensor_decorator.py
[2024-02-12T20:57:20.819+0000] {processor.py:830} INFO - Processing file /home/ubuntu/reddit_venv/lib/python3.10/site-packages/airflow/example_dags/example_sensor_decorator.py for tasks to queue
[2024-02-12T20:57:20.820+0000] {logging_mixin.py:188} INFO - [2024-02-12T20:57:20.819+0000] {dagbag.py:538} INFO - Filling up the DagBag from /home/ubuntu/reddit_venv/lib/python3.10/site-packages/airflow/example_dags/example_sensor_decorator.py
[2024-02-12T20:57:20.826+0000] {processor.py:840} INFO - DAG(s) 'example_sensor_decorator' retrieved from /home/ubuntu/reddit_venv/lib/python3.10/site-packages/airflow/example_dags/example_sensor_decorator.py
[2024-02-12T20:57:20.842+0000] {logging_mixin.py:188} INFO - [2024-02-12T20:57:20.842+0000] {dag.py:3036} INFO - Sync 1 DAGs
[2024-02-12T20:57:20.854+0000] {logging_mixin.py:188} INFO - [2024-02-12T20:57:20.853+0000] {dag.py:3823} INFO - Setting next_dagrun for example_sensor_decorator to None, run_after=None
[2024-02-12T20:57:20.875+0000] {processor.py:183} INFO - Processing /home/ubuntu/reddit_venv/lib/python3.10/site-packages/airflow/example_dags/example_sensor_decorator.py took 0.062 seconds
[2024-02-12T20:58:13.769+0000] {processor.py:161} INFO - Started process (PID=5051) to work on /home/ubuntu/reddit_venv/lib/python3.10/site-packages/airflow/example_dags/example_sensor_decorator.py
[2024-02-12T20:58:13.770+0000] {processor.py:830} INFO - Processing file /home/ubuntu/reddit_venv/lib/python3.10/site-packages/airflow/example_dags/example_sensor_decorator.py for tasks to queue
[2024-02-12T20:58:13.771+0000] {logging_mixin.py:188} INFO - [2024-02-12T20:58:13.771+0000] {dagbag.py:538} INFO - Filling up the DagBag from /home/ubuntu/reddit_venv/lib/python3.10/site-packages/airflow/example_dags/example_sensor_decorator.py
[2024-02-12T20:58:13.778+0000] {processor.py:840} INFO - DAG(s) 'example_sensor_decorator' retrieved from /home/ubuntu/reddit_venv/lib/python3.10/site-packages/airflow/example_dags/example_sensor_decorator.py
[2024-02-12T20:58:13.794+0000] {logging_mixin.py:188} INFO - [2024-02-12T20:58:13.794+0000] {dag.py:3036} INFO - Sync 1 DAGs
[2024-02-12T20:58:13.805+0000] {logging_mixin.py:188} INFO - [2024-02-12T20:58:13.805+0000] {dag.py:3823} INFO - Setting next_dagrun for example_sensor_decorator to None, run_after=None
[2024-02-12T20:58:13.828+0000] {processor.py:183} INFO - Processing /home/ubuntu/reddit_venv/lib/python3.10/site-packages/airflow/example_dags/example_sensor_decorator.py took 0.062 seconds
[2024-02-12T20:59:06.809+0000] {processor.py:161} INFO - Started process (PID=5108) to work on /home/ubuntu/reddit_venv/lib/python3.10/site-packages/airflow/example_dags/example_sensor_decorator.py
[2024-02-12T20:59:06.810+0000] {processor.py:830} INFO - Processing file /home/ubuntu/reddit_venv/lib/python3.10/site-packages/airflow/example_dags/example_sensor_decorator.py for tasks to queue
[2024-02-12T20:59:06.811+0000] {logging_mixin.py:188} INFO - [2024-02-12T20:59:06.811+0000] {dagbag.py:538} INFO - Filling up the DagBag from /home/ubuntu/reddit_venv/lib/python3.10/site-packages/airflow/example_dags/example_sensor_decorator.py
[2024-02-12T20:59:06.818+0000] {processor.py:840} INFO - DAG(s) 'example_sensor_decorator' retrieved from /home/ubuntu/reddit_venv/lib/python3.10/site-packages/airflow/example_dags/example_sensor_decorator.py
[2024-02-12T20:59:06.833+0000] {logging_mixin.py:188} INFO - [2024-02-12T20:59:06.833+0000] {dag.py:3036} INFO - Sync 1 DAGs
[2024-02-12T20:59:06.845+0000] {logging_mixin.py:188} INFO - [2024-02-12T20:59:06.845+0000] {dag.py:3823} INFO - Setting next_dagrun for example_sensor_decorator to None, run_after=None
[2024-02-12T20:59:06.872+0000] {processor.py:183} INFO - Processing /home/ubuntu/reddit_venv/lib/python3.10/site-packages/airflow/example_dags/example_sensor_decorator.py took 0.067 seconds
[2024-02-12T20:59:58.296+0000] {processor.py:161} INFO - Started process (PID=5167) to work on /home/ubuntu/reddit_venv/lib/python3.10/site-packages/airflow/example_dags/example_sensor_decorator.py
[2024-02-12T20:59:58.297+0000] {processor.py:830} INFO - Processing file /home/ubuntu/reddit_venv/lib/python3.10/site-packages/airflow/example_dags/example_sensor_decorator.py for tasks to queue
[2024-02-12T20:59:58.298+0000] {logging_mixin.py:188} INFO - [2024-02-12T20:59:58.297+0000] {dagbag.py:538} INFO - Filling up the DagBag from /home/ubuntu/reddit_venv/lib/python3.10/site-packages/airflow/example_dags/example_sensor_decorator.py
[2024-02-12T20:59:58.305+0000] {processor.py:840} INFO - DAG(s) 'example_sensor_decorator' retrieved from /home/ubuntu/reddit_venv/lib/python3.10/site-packages/airflow/example_dags/example_sensor_decorator.py
[2024-02-12T20:59:58.320+0000] {logging_mixin.py:188} INFO - [2024-02-12T20:59:58.320+0000] {dag.py:3036} INFO - Sync 1 DAGs
[2024-02-12T20:59:58.332+0000] {logging_mixin.py:188} INFO - [2024-02-12T20:59:58.331+0000] {dag.py:3823} INFO - Setting next_dagrun for example_sensor_decorator to None, run_after=None
[2024-02-12T20:59:58.354+0000] {processor.py:183} INFO - Processing /home/ubuntu/reddit_venv/lib/python3.10/site-packages/airflow/example_dags/example_sensor_decorator.py took 0.061 seconds
[2024-02-12T21:00:50.824+0000] {processor.py:161} INFO - Started process (PID=5467) to work on /home/ubuntu/reddit_venv/lib/python3.10/site-packages/airflow/example_dags/example_sensor_decorator.py
[2024-02-12T21:00:50.826+0000] {processor.py:830} INFO - Processing file /home/ubuntu/reddit_venv/lib/python3.10/site-packages/airflow/example_dags/example_sensor_decorator.py for tasks to queue
[2024-02-12T21:00:50.827+0000] {logging_mixin.py:188} INFO - [2024-02-12T21:00:50.826+0000] {dagbag.py:538} INFO - Filling up the DagBag from /home/ubuntu/reddit_venv/lib/python3.10/site-packages/airflow/example_dags/example_sensor_decorator.py
[2024-02-12T21:00:50.833+0000] {processor.py:840} INFO - DAG(s) 'example_sensor_decorator' retrieved from /home/ubuntu/reddit_venv/lib/python3.10/site-packages/airflow/example_dags/example_sensor_decorator.py
[2024-02-12T21:00:50.849+0000] {logging_mixin.py:188} INFO - [2024-02-12T21:00:50.848+0000] {dag.py:3036} INFO - Sync 1 DAGs
[2024-02-12T21:00:50.860+0000] {logging_mixin.py:188} INFO - [2024-02-12T21:00:50.860+0000] {dag.py:3823} INFO - Setting next_dagrun for example_sensor_decorator to None, run_after=None
[2024-02-12T21:00:50.882+0000] {processor.py:183} INFO - Processing /home/ubuntu/reddit_venv/lib/python3.10/site-packages/airflow/example_dags/example_sensor_decorator.py took 0.061 seconds
[2024-02-12T21:01:44.216+0000] {processor.py:161} INFO - Started process (PID=5781) to work on /home/ubuntu/reddit_venv/lib/python3.10/site-packages/airflow/example_dags/example_sensor_decorator.py
[2024-02-12T21:01:44.218+0000] {processor.py:830} INFO - Processing file /home/ubuntu/reddit_venv/lib/python3.10/site-packages/airflow/example_dags/example_sensor_decorator.py for tasks to queue
[2024-02-12T21:01:44.219+0000] {logging_mixin.py:188} INFO - [2024-02-12T21:01:44.218+0000] {dagbag.py:538} INFO - Filling up the DagBag from /home/ubuntu/reddit_venv/lib/python3.10/site-packages/airflow/example_dags/example_sensor_decorator.py
[2024-02-12T21:01:44.226+0000] {processor.py:840} INFO - DAG(s) 'example_sensor_decorator' retrieved from /home/ubuntu/reddit_venv/lib/python3.10/site-packages/airflow/example_dags/example_sensor_decorator.py
[2024-02-12T21:01:44.242+0000] {logging_mixin.py:188} INFO - [2024-02-12T21:01:44.242+0000] {dag.py:3036} INFO - Sync 1 DAGs
[2024-02-12T21:01:44.254+0000] {logging_mixin.py:188} INFO - [2024-02-12T21:01:44.254+0000] {dag.py:3823} INFO - Setting next_dagrun for example_sensor_decorator to None, run_after=None
[2024-02-12T21:01:44.277+0000] {processor.py:183} INFO - Processing /home/ubuntu/reddit_venv/lib/python3.10/site-packages/airflow/example_dags/example_sensor_decorator.py took 0.064 seconds
[2024-02-12T21:02:34.539+0000] {processor.py:161} INFO - Started process (PID=5835) to work on /home/ubuntu/reddit_venv/lib/python3.10/site-packages/airflow/example_dags/example_sensor_decorator.py
[2024-02-12T21:02:34.541+0000] {processor.py:830} INFO - Processing file /home/ubuntu/reddit_venv/lib/python3.10/site-packages/airflow/example_dags/example_sensor_decorator.py for tasks to queue
[2024-02-12T21:02:34.541+0000] {logging_mixin.py:188} INFO - [2024-02-12T21:02:34.541+0000] {dagbag.py:538} INFO - Filling up the DagBag from /home/ubuntu/reddit_venv/lib/python3.10/site-packages/airflow/example_dags/example_sensor_decorator.py
[2024-02-12T21:02:34.548+0000] {processor.py:840} INFO - DAG(s) 'example_sensor_decorator' retrieved from /home/ubuntu/reddit_venv/lib/python3.10/site-packages/airflow/example_dags/example_sensor_decorator.py
[2024-02-12T21:02:34.564+0000] {logging_mixin.py:188} INFO - [2024-02-12T21:02:34.564+0000] {dag.py:3036} INFO - Sync 1 DAGs
[2024-02-12T21:02:34.576+0000] {logging_mixin.py:188} INFO - [2024-02-12T21:02:34.576+0000] {dag.py:3823} INFO - Setting next_dagrun for example_sensor_decorator to None, run_after=None
[2024-02-12T21:02:34.599+0000] {processor.py:183} INFO - Processing /home/ubuntu/reddit_venv/lib/python3.10/site-packages/airflow/example_dags/example_sensor_decorator.py took 0.063 seconds
[2024-02-12T21:03:24.735+0000] {processor.py:161} INFO - Started process (PID=5891) to work on /home/ubuntu/reddit_venv/lib/python3.10/site-packages/airflow/example_dags/example_sensor_decorator.py
[2024-02-12T21:03:24.736+0000] {processor.py:830} INFO - Processing file /home/ubuntu/reddit_venv/lib/python3.10/site-packages/airflow/example_dags/example_sensor_decorator.py for tasks to queue
[2024-02-12T21:03:24.737+0000] {logging_mixin.py:188} INFO - [2024-02-12T21:03:24.737+0000] {dagbag.py:538} INFO - Filling up the DagBag from /home/ubuntu/reddit_venv/lib/python3.10/site-packages/airflow/example_dags/example_sensor_decorator.py
[2024-02-12T21:03:24.744+0000] {processor.py:840} INFO - DAG(s) 'example_sensor_decorator' retrieved from /home/ubuntu/reddit_venv/lib/python3.10/site-packages/airflow/example_dags/example_sensor_decorator.py
[2024-02-12T21:03:24.761+0000] {logging_mixin.py:188} INFO - [2024-02-12T21:03:24.761+0000] {dag.py:3036} INFO - Sync 1 DAGs
[2024-02-12T21:03:24.773+0000] {logging_mixin.py:188} INFO - [2024-02-12T21:03:24.773+0000] {dag.py:3823} INFO - Setting next_dagrun for example_sensor_decorator to None, run_after=None
[2024-02-12T21:03:24.796+0000] {processor.py:183} INFO - Processing /home/ubuntu/reddit_venv/lib/python3.10/site-packages/airflow/example_dags/example_sensor_decorator.py took 0.065 seconds
[2024-02-12T21:04:13.256+0000] {processor.py:161} INFO - Started process (PID=5948) to work on /home/ubuntu/reddit_venv/lib/python3.10/site-packages/airflow/example_dags/example_sensor_decorator.py
[2024-02-12T21:04:13.258+0000] {processor.py:830} INFO - Processing file /home/ubuntu/reddit_venv/lib/python3.10/site-packages/airflow/example_dags/example_sensor_decorator.py for tasks to queue
[2024-02-12T21:04:13.259+0000] {logging_mixin.py:188} INFO - [2024-02-12T21:04:13.258+0000] {dagbag.py:538} INFO - Filling up the DagBag from /home/ubuntu/reddit_venv/lib/python3.10/site-packages/airflow/example_dags/example_sensor_decorator.py
[2024-02-12T21:04:13.265+0000] {processor.py:840} INFO - DAG(s) 'example_sensor_decorator' retrieved from /home/ubuntu/reddit_venv/lib/python3.10/site-packages/airflow/example_dags/example_sensor_decorator.py
[2024-02-12T21:04:13.281+0000] {logging_mixin.py:188} INFO - [2024-02-12T21:04:13.281+0000] {dag.py:3036} INFO - Sync 1 DAGs
[2024-02-12T21:04:13.293+0000] {logging_mixin.py:188} INFO - [2024-02-12T21:04:13.293+0000] {dag.py:3823} INFO - Setting next_dagrun for example_sensor_decorator to None, run_after=None
[2024-02-12T21:04:13.315+0000] {processor.py:183} INFO - Processing /home/ubuntu/reddit_venv/lib/python3.10/site-packages/airflow/example_dags/example_sensor_decorator.py took 0.063 seconds
[2024-02-12T21:05:04.982+0000] {processor.py:161} INFO - Started process (PID=6006) to work on /home/ubuntu/reddit_venv/lib/python3.10/site-packages/airflow/example_dags/example_sensor_decorator.py
[2024-02-12T21:05:04.983+0000] {processor.py:830} INFO - Processing file /home/ubuntu/reddit_venv/lib/python3.10/site-packages/airflow/example_dags/example_sensor_decorator.py for tasks to queue
[2024-02-12T21:05:04.984+0000] {logging_mixin.py:188} INFO - [2024-02-12T21:05:04.984+0000] {dagbag.py:538} INFO - Filling up the DagBag from /home/ubuntu/reddit_venv/lib/python3.10/site-packages/airflow/example_dags/example_sensor_decorator.py
[2024-02-12T21:05:04.991+0000] {processor.py:840} INFO - DAG(s) 'example_sensor_decorator' retrieved from /home/ubuntu/reddit_venv/lib/python3.10/site-packages/airflow/example_dags/example_sensor_decorator.py
[2024-02-12T21:05:05.007+0000] {logging_mixin.py:188} INFO - [2024-02-12T21:05:05.007+0000] {dag.py:3036} INFO - Sync 1 DAGs
[2024-02-12T21:05:05.019+0000] {logging_mixin.py:188} INFO - [2024-02-12T21:05:05.019+0000] {dag.py:3823} INFO - Setting next_dagrun for example_sensor_decorator to None, run_after=None
[2024-02-12T21:05:05.042+0000] {processor.py:183} INFO - Processing /home/ubuntu/reddit_venv/lib/python3.10/site-packages/airflow/example_dags/example_sensor_decorator.py took 0.063 seconds
[2024-02-12T21:05:54.113+0000] {processor.py:161} INFO - Started process (PID=6061) to work on /home/ubuntu/reddit_venv/lib/python3.10/site-packages/airflow/example_dags/example_sensor_decorator.py
[2024-02-12T21:05:54.115+0000] {processor.py:830} INFO - Processing file /home/ubuntu/reddit_venv/lib/python3.10/site-packages/airflow/example_dags/example_sensor_decorator.py for tasks to queue
[2024-02-12T21:05:54.116+0000] {logging_mixin.py:188} INFO - [2024-02-12T21:05:54.115+0000] {dagbag.py:538} INFO - Filling up the DagBag from /home/ubuntu/reddit_venv/lib/python3.10/site-packages/airflow/example_dags/example_sensor_decorator.py
[2024-02-12T21:05:54.123+0000] {processor.py:840} INFO - DAG(s) 'example_sensor_decorator' retrieved from /home/ubuntu/reddit_venv/lib/python3.10/site-packages/airflow/example_dags/example_sensor_decorator.py
[2024-02-12T21:05:54.138+0000] {logging_mixin.py:188} INFO - [2024-02-12T21:05:54.138+0000] {dag.py:3036} INFO - Sync 1 DAGs
[2024-02-12T21:05:54.150+0000] {logging_mixin.py:188} INFO - [2024-02-12T21:05:54.150+0000] {dag.py:3823} INFO - Setting next_dagrun for example_sensor_decorator to None, run_after=None
[2024-02-12T21:05:54.175+0000] {processor.py:183} INFO - Processing /home/ubuntu/reddit_venv/lib/python3.10/site-packages/airflow/example_dags/example_sensor_decorator.py took 0.065 seconds
[2024-02-12T21:06:43.935+0000] {processor.py:161} INFO - Started process (PID=6115) to work on /home/ubuntu/reddit_venv/lib/python3.10/site-packages/airflow/example_dags/example_sensor_decorator.py
[2024-02-12T21:06:43.936+0000] {processor.py:830} INFO - Processing file /home/ubuntu/reddit_venv/lib/python3.10/site-packages/airflow/example_dags/example_sensor_decorator.py for tasks to queue
[2024-02-12T21:06:43.937+0000] {logging_mixin.py:188} INFO - [2024-02-12T21:06:43.937+0000] {dagbag.py:538} INFO - Filling up the DagBag from /home/ubuntu/reddit_venv/lib/python3.10/site-packages/airflow/example_dags/example_sensor_decorator.py
[2024-02-12T21:06:43.944+0000] {processor.py:840} INFO - DAG(s) 'example_sensor_decorator' retrieved from /home/ubuntu/reddit_venv/lib/python3.10/site-packages/airflow/example_dags/example_sensor_decorator.py
[2024-02-12T21:06:43.960+0000] {logging_mixin.py:188} INFO - [2024-02-12T21:06:43.959+0000] {dag.py:3036} INFO - Sync 1 DAGs
[2024-02-12T21:06:43.971+0000] {logging_mixin.py:188} INFO - [2024-02-12T21:06:43.971+0000] {dag.py:3823} INFO - Setting next_dagrun for example_sensor_decorator to None, run_after=None
[2024-02-12T21:06:43.994+0000] {processor.py:183} INFO - Processing /home/ubuntu/reddit_venv/lib/python3.10/site-packages/airflow/example_dags/example_sensor_decorator.py took 0.063 seconds
[2024-02-12T21:07:38.387+0000] {processor.py:161} INFO - Started process (PID=6172) to work on /home/ubuntu/reddit_venv/lib/python3.10/site-packages/airflow/example_dags/example_sensor_decorator.py
[2024-02-12T21:07:38.388+0000] {processor.py:830} INFO - Processing file /home/ubuntu/reddit_venv/lib/python3.10/site-packages/airflow/example_dags/example_sensor_decorator.py for tasks to queue
[2024-02-12T21:07:38.389+0000] {logging_mixin.py:188} INFO - [2024-02-12T21:07:38.389+0000] {dagbag.py:538} INFO - Filling up the DagBag from /home/ubuntu/reddit_venv/lib/python3.10/site-packages/airflow/example_dags/example_sensor_decorator.py
[2024-02-12T21:07:38.396+0000] {processor.py:840} INFO - DAG(s) 'example_sensor_decorator' retrieved from /home/ubuntu/reddit_venv/lib/python3.10/site-packages/airflow/example_dags/example_sensor_decorator.py
[2024-02-12T21:07:38.412+0000] {logging_mixin.py:188} INFO - [2024-02-12T21:07:38.412+0000] {dag.py:3036} INFO - Sync 1 DAGs
[2024-02-12T21:07:38.424+0000] {logging_mixin.py:188} INFO - [2024-02-12T21:07:38.424+0000] {dag.py:3823} INFO - Setting next_dagrun for example_sensor_decorator to None, run_after=None
[2024-02-12T21:07:38.446+0000] {processor.py:183} INFO - Processing /home/ubuntu/reddit_venv/lib/python3.10/site-packages/airflow/example_dags/example_sensor_decorator.py took 0.063 seconds
[2024-02-12T21:08:36.504+0000] {processor.py:161} INFO - Started process (PID=6232) to work on /home/ubuntu/reddit_venv/lib/python3.10/site-packages/airflow/example_dags/example_sensor_decorator.py
[2024-02-12T21:08:36.506+0000] {processor.py:830} INFO - Processing file /home/ubuntu/reddit_venv/lib/python3.10/site-packages/airflow/example_dags/example_sensor_decorator.py for tasks to queue
[2024-02-12T21:08:36.506+0000] {logging_mixin.py:188} INFO - [2024-02-12T21:08:36.506+0000] {dagbag.py:538} INFO - Filling up the DagBag from /home/ubuntu/reddit_venv/lib/python3.10/site-packages/airflow/example_dags/example_sensor_decorator.py
[2024-02-12T21:08:36.513+0000] {processor.py:840} INFO - DAG(s) 'example_sensor_decorator' retrieved from /home/ubuntu/reddit_venv/lib/python3.10/site-packages/airflow/example_dags/example_sensor_decorator.py
[2024-02-12T21:08:36.529+0000] {logging_mixin.py:188} INFO - [2024-02-12T21:08:36.529+0000] {dag.py:3036} INFO - Sync 1 DAGs
[2024-02-12T21:08:36.540+0000] {logging_mixin.py:188} INFO - [2024-02-12T21:08:36.540+0000] {dag.py:3823} INFO - Setting next_dagrun for example_sensor_decorator to None, run_after=None
[2024-02-12T21:08:36.562+0000] {processor.py:183} INFO - Processing /home/ubuntu/reddit_venv/lib/python3.10/site-packages/airflow/example_dags/example_sensor_decorator.py took 0.061 seconds
[2024-02-12T21:09:30.722+0000] {processor.py:161} INFO - Started process (PID=6290) to work on /home/ubuntu/reddit_venv/lib/python3.10/site-packages/airflow/example_dags/example_sensor_decorator.py
[2024-02-12T21:09:30.723+0000] {processor.py:830} INFO - Processing file /home/ubuntu/reddit_venv/lib/python3.10/site-packages/airflow/example_dags/example_sensor_decorator.py for tasks to queue
[2024-02-12T21:09:30.724+0000] {logging_mixin.py:188} INFO - [2024-02-12T21:09:30.724+0000] {dagbag.py:538} INFO - Filling up the DagBag from /home/ubuntu/reddit_venv/lib/python3.10/site-packages/airflow/example_dags/example_sensor_decorator.py
[2024-02-12T21:09:30.731+0000] {processor.py:840} INFO - DAG(s) 'example_sensor_decorator' retrieved from /home/ubuntu/reddit_venv/lib/python3.10/site-packages/airflow/example_dags/example_sensor_decorator.py
[2024-02-12T21:09:30.747+0000] {logging_mixin.py:188} INFO - [2024-02-12T21:09:30.746+0000] {dag.py:3036} INFO - Sync 1 DAGs
[2024-02-12T21:09:30.759+0000] {logging_mixin.py:188} INFO - [2024-02-12T21:09:30.758+0000] {dag.py:3823} INFO - Setting next_dagrun for example_sensor_decorator to None, run_after=None
[2024-02-12T21:09:30.780+0000] {processor.py:183} INFO - Processing /home/ubuntu/reddit_venv/lib/python3.10/site-packages/airflow/example_dags/example_sensor_decorator.py took 0.062 seconds
[2024-02-12T21:10:18.228+0000] {processor.py:161} INFO - Started process (PID=6344) to work on /home/ubuntu/reddit_venv/lib/python3.10/site-packages/airflow/example_dags/example_sensor_decorator.py
[2024-02-12T21:10:18.230+0000] {processor.py:830} INFO - Processing file /home/ubuntu/reddit_venv/lib/python3.10/site-packages/airflow/example_dags/example_sensor_decorator.py for tasks to queue
[2024-02-12T21:10:18.231+0000] {logging_mixin.py:188} INFO - [2024-02-12T21:10:18.231+0000] {dagbag.py:538} INFO - Filling up the DagBag from /home/ubuntu/reddit_venv/lib/python3.10/site-packages/airflow/example_dags/example_sensor_decorator.py
[2024-02-12T21:10:18.238+0000] {processor.py:840} INFO - DAG(s) 'example_sensor_decorator' retrieved from /home/ubuntu/reddit_venv/lib/python3.10/site-packages/airflow/example_dags/example_sensor_decorator.py
[2024-02-12T21:10:18.254+0000] {logging_mixin.py:188} INFO - [2024-02-12T21:10:18.254+0000] {dag.py:3036} INFO - Sync 1 DAGs
[2024-02-12T21:10:18.266+0000] {logging_mixin.py:188} INFO - [2024-02-12T21:10:18.265+0000] {dag.py:3823} INFO - Setting next_dagrun for example_sensor_decorator to None, run_after=None
[2024-02-12T21:10:18.289+0000] {processor.py:183} INFO - Processing /home/ubuntu/reddit_venv/lib/python3.10/site-packages/airflow/example_dags/example_sensor_decorator.py took 0.064 seconds
[2024-02-12T21:11:12.025+0000] {processor.py:161} INFO - Started process (PID=6400) to work on /home/ubuntu/reddit_venv/lib/python3.10/site-packages/airflow/example_dags/example_sensor_decorator.py
[2024-02-12T21:11:12.027+0000] {processor.py:830} INFO - Processing file /home/ubuntu/reddit_venv/lib/python3.10/site-packages/airflow/example_dags/example_sensor_decorator.py for tasks to queue
[2024-02-12T21:11:12.028+0000] {logging_mixin.py:188} INFO - [2024-02-12T21:11:12.027+0000] {dagbag.py:538} INFO - Filling up the DagBag from /home/ubuntu/reddit_venv/lib/python3.10/site-packages/airflow/example_dags/example_sensor_decorator.py
[2024-02-12T21:11:12.034+0000] {processor.py:840} INFO - DAG(s) 'example_sensor_decorator' retrieved from /home/ubuntu/reddit_venv/lib/python3.10/site-packages/airflow/example_dags/example_sensor_decorator.py
[2024-02-12T21:11:12.050+0000] {logging_mixin.py:188} INFO - [2024-02-12T21:11:12.050+0000] {dag.py:3036} INFO - Sync 1 DAGs
[2024-02-12T21:11:12.062+0000] {logging_mixin.py:188} INFO - [2024-02-12T21:11:12.062+0000] {dag.py:3823} INFO - Setting next_dagrun for example_sensor_decorator to None, run_after=None
[2024-02-12T21:11:12.084+0000] {processor.py:183} INFO - Processing /home/ubuntu/reddit_venv/lib/python3.10/site-packages/airflow/example_dags/example_sensor_decorator.py took 0.063 seconds
[2024-02-12T21:12:07.503+0000] {processor.py:161} INFO - Started process (PID=6462) to work on /home/ubuntu/reddit_venv/lib/python3.10/site-packages/airflow/example_dags/example_sensor_decorator.py
[2024-02-12T21:12:07.504+0000] {processor.py:830} INFO - Processing file /home/ubuntu/reddit_venv/lib/python3.10/site-packages/airflow/example_dags/example_sensor_decorator.py for tasks to queue
[2024-02-12T21:12:07.505+0000] {logging_mixin.py:188} INFO - [2024-02-12T21:12:07.505+0000] {dagbag.py:538} INFO - Filling up the DagBag from /home/ubuntu/reddit_venv/lib/python3.10/site-packages/airflow/example_dags/example_sensor_decorator.py
[2024-02-12T21:12:07.512+0000] {processor.py:840} INFO - DAG(s) 'example_sensor_decorator' retrieved from /home/ubuntu/reddit_venv/lib/python3.10/site-packages/airflow/example_dags/example_sensor_decorator.py
[2024-02-12T21:12:07.527+0000] {logging_mixin.py:188} INFO - [2024-02-12T21:12:07.527+0000] {dag.py:3036} INFO - Sync 1 DAGs
[2024-02-12T21:12:07.539+0000] {logging_mixin.py:188} INFO - [2024-02-12T21:12:07.539+0000] {dag.py:3823} INFO - Setting next_dagrun for example_sensor_decorator to None, run_after=None
[2024-02-12T21:12:07.562+0000] {processor.py:183} INFO - Processing /home/ubuntu/reddit_venv/lib/python3.10/site-packages/airflow/example_dags/example_sensor_decorator.py took 0.063 seconds
[2024-02-12T21:12:54.861+0000] {processor.py:161} INFO - Started process (PID=6515) to work on /home/ubuntu/reddit_venv/lib/python3.10/site-packages/airflow/example_dags/example_sensor_decorator.py
[2024-02-12T21:12:54.863+0000] {processor.py:830} INFO - Processing file /home/ubuntu/reddit_venv/lib/python3.10/site-packages/airflow/example_dags/example_sensor_decorator.py for tasks to queue
[2024-02-12T21:12:54.863+0000] {logging_mixin.py:188} INFO - [2024-02-12T21:12:54.863+0000] {dagbag.py:538} INFO - Filling up the DagBag from /home/ubuntu/reddit_venv/lib/python3.10/site-packages/airflow/example_dags/example_sensor_decorator.py
[2024-02-12T21:12:54.870+0000] {processor.py:840} INFO - DAG(s) 'example_sensor_decorator' retrieved from /home/ubuntu/reddit_venv/lib/python3.10/site-packages/airflow/example_dags/example_sensor_decorator.py
[2024-02-12T21:12:54.886+0000] {logging_mixin.py:188} INFO - [2024-02-12T21:12:54.885+0000] {dag.py:3036} INFO - Sync 1 DAGs
[2024-02-12T21:12:54.897+0000] {logging_mixin.py:188} INFO - [2024-02-12T21:12:54.897+0000] {dag.py:3823} INFO - Setting next_dagrun for example_sensor_decorator to None, run_after=None
[2024-02-12T21:12:54.920+0000] {processor.py:183} INFO - Processing /home/ubuntu/reddit_venv/lib/python3.10/site-packages/airflow/example_dags/example_sensor_decorator.py took 0.062 seconds
[2024-02-12T21:13:50.868+0000] {processor.py:161} INFO - Started process (PID=6575) to work on /home/ubuntu/reddit_venv/lib/python3.10/site-packages/airflow/example_dags/example_sensor_decorator.py
[2024-02-12T21:13:50.869+0000] {processor.py:830} INFO - Processing file /home/ubuntu/reddit_venv/lib/python3.10/site-packages/airflow/example_dags/example_sensor_decorator.py for tasks to queue
[2024-02-12T21:13:50.870+0000] {logging_mixin.py:188} INFO - [2024-02-12T21:13:50.870+0000] {dagbag.py:538} INFO - Filling up the DagBag from /home/ubuntu/reddit_venv/lib/python3.10/site-packages/airflow/example_dags/example_sensor_decorator.py
[2024-02-12T21:13:50.877+0000] {processor.py:840} INFO - DAG(s) 'example_sensor_decorator' retrieved from /home/ubuntu/reddit_venv/lib/python3.10/site-packages/airflow/example_dags/example_sensor_decorator.py
[2024-02-12T21:13:50.893+0000] {logging_mixin.py:188} INFO - [2024-02-12T21:13:50.893+0000] {dag.py:3036} INFO - Sync 1 DAGs
[2024-02-12T21:13:50.905+0000] {logging_mixin.py:188} INFO - [2024-02-12T21:13:50.905+0000] {dag.py:3823} INFO - Setting next_dagrun for example_sensor_decorator to None, run_after=None
[2024-02-12T21:13:50.927+0000] {processor.py:183} INFO - Processing /home/ubuntu/reddit_venv/lib/python3.10/site-packages/airflow/example_dags/example_sensor_decorator.py took 0.063 seconds
[2024-02-12T21:14:36.672+0000] {processor.py:161} INFO - Started process (PID=6627) to work on /home/ubuntu/reddit_venv/lib/python3.10/site-packages/airflow/example_dags/example_sensor_decorator.py
[2024-02-12T21:14:36.674+0000] {processor.py:830} INFO - Processing file /home/ubuntu/reddit_venv/lib/python3.10/site-packages/airflow/example_dags/example_sensor_decorator.py for tasks to queue
[2024-02-12T21:14:36.675+0000] {logging_mixin.py:188} INFO - [2024-02-12T21:14:36.675+0000] {dagbag.py:538} INFO - Filling up the DagBag from /home/ubuntu/reddit_venv/lib/python3.10/site-packages/airflow/example_dags/example_sensor_decorator.py
[2024-02-12T21:14:36.682+0000] {processor.py:840} INFO - DAG(s) 'example_sensor_decorator' retrieved from /home/ubuntu/reddit_venv/lib/python3.10/site-packages/airflow/example_dags/example_sensor_decorator.py
[2024-02-12T21:14:36.698+0000] {logging_mixin.py:188} INFO - [2024-02-12T21:14:36.698+0000] {dag.py:3036} INFO - Sync 1 DAGs
[2024-02-12T21:14:36.710+0000] {logging_mixin.py:188} INFO - [2024-02-12T21:14:36.709+0000] {dag.py:3823} INFO - Setting next_dagrun for example_sensor_decorator to None, run_after=None
[2024-02-12T21:14:36.733+0000] {processor.py:183} INFO - Processing /home/ubuntu/reddit_venv/lib/python3.10/site-packages/airflow/example_dags/example_sensor_decorator.py took 0.065 seconds
[2024-02-12T21:15:21.862+0000] {processor.py:161} INFO - Started process (PID=6678) to work on /home/ubuntu/reddit_venv/lib/python3.10/site-packages/airflow/example_dags/example_sensor_decorator.py
[2024-02-12T21:15:21.863+0000] {processor.py:830} INFO - Processing file /home/ubuntu/reddit_venv/lib/python3.10/site-packages/airflow/example_dags/example_sensor_decorator.py for tasks to queue
[2024-02-12T21:15:21.864+0000] {logging_mixin.py:188} INFO - [2024-02-12T21:15:21.864+0000] {dagbag.py:538} INFO - Filling up the DagBag from /home/ubuntu/reddit_venv/lib/python3.10/site-packages/airflow/example_dags/example_sensor_decorator.py
[2024-02-12T21:15:21.871+0000] {processor.py:840} INFO - DAG(s) 'example_sensor_decorator' retrieved from /home/ubuntu/reddit_venv/lib/python3.10/site-packages/airflow/example_dags/example_sensor_decorator.py
[2024-02-12T21:15:21.886+0000] {logging_mixin.py:188} INFO - [2024-02-12T21:15:21.886+0000] {dag.py:3036} INFO - Sync 1 DAGs
[2024-02-12T21:15:21.897+0000] {logging_mixin.py:188} INFO - [2024-02-12T21:15:21.897+0000] {dag.py:3823} INFO - Setting next_dagrun for example_sensor_decorator to None, run_after=None
[2024-02-12T21:15:21.921+0000] {processor.py:183} INFO - Processing /home/ubuntu/reddit_venv/lib/python3.10/site-packages/airflow/example_dags/example_sensor_decorator.py took 0.062 seconds
[2024-02-12T21:16:14.464+0000] {processor.py:161} INFO - Started process (PID=6735) to work on /home/ubuntu/reddit_venv/lib/python3.10/site-packages/airflow/example_dags/example_sensor_decorator.py
[2024-02-12T21:16:14.465+0000] {processor.py:830} INFO - Processing file /home/ubuntu/reddit_venv/lib/python3.10/site-packages/airflow/example_dags/example_sensor_decorator.py for tasks to queue
[2024-02-12T21:16:14.466+0000] {logging_mixin.py:188} INFO - [2024-02-12T21:16:14.466+0000] {dagbag.py:538} INFO - Filling up the DagBag from /home/ubuntu/reddit_venv/lib/python3.10/site-packages/airflow/example_dags/example_sensor_decorator.py
[2024-02-12T21:16:14.473+0000] {processor.py:840} INFO - DAG(s) 'example_sensor_decorator' retrieved from /home/ubuntu/reddit_venv/lib/python3.10/site-packages/airflow/example_dags/example_sensor_decorator.py
[2024-02-12T21:16:14.489+0000] {logging_mixin.py:188} INFO - [2024-02-12T21:16:14.489+0000] {dag.py:3036} INFO - Sync 1 DAGs
[2024-02-12T21:16:14.501+0000] {logging_mixin.py:188} INFO - [2024-02-12T21:16:14.501+0000] {dag.py:3823} INFO - Setting next_dagrun for example_sensor_decorator to None, run_after=None
[2024-02-12T21:16:14.523+0000] {processor.py:183} INFO - Processing /home/ubuntu/reddit_venv/lib/python3.10/site-packages/airflow/example_dags/example_sensor_decorator.py took 0.063 seconds
[2024-02-12T21:17:04.927+0000] {processor.py:161} INFO - Started process (PID=6794) to work on /home/ubuntu/reddit_venv/lib/python3.10/site-packages/airflow/example_dags/example_sensor_decorator.py
[2024-02-12T21:17:04.928+0000] {processor.py:830} INFO - Processing file /home/ubuntu/reddit_venv/lib/python3.10/site-packages/airflow/example_dags/example_sensor_decorator.py for tasks to queue
[2024-02-12T21:17:04.929+0000] {logging_mixin.py:188} INFO - [2024-02-12T21:17:04.929+0000] {dagbag.py:538} INFO - Filling up the DagBag from /home/ubuntu/reddit_venv/lib/python3.10/site-packages/airflow/example_dags/example_sensor_decorator.py
[2024-02-12T21:17:04.936+0000] {processor.py:840} INFO - DAG(s) 'example_sensor_decorator' retrieved from /home/ubuntu/reddit_venv/lib/python3.10/site-packages/airflow/example_dags/example_sensor_decorator.py
[2024-02-12T21:17:04.951+0000] {logging_mixin.py:188} INFO - [2024-02-12T21:17:04.951+0000] {dag.py:3036} INFO - Sync 1 DAGs
[2024-02-12T21:17:04.962+0000] {logging_mixin.py:188} INFO - [2024-02-12T21:17:04.962+0000] {dag.py:3823} INFO - Setting next_dagrun for example_sensor_decorator to None, run_after=None
[2024-02-12T21:17:04.984+0000] {processor.py:183} INFO - Processing /home/ubuntu/reddit_venv/lib/python3.10/site-packages/airflow/example_dags/example_sensor_decorator.py took 0.061 seconds
[2024-02-12T21:17:58.908+0000] {processor.py:161} INFO - Started process (PID=6853) to work on /home/ubuntu/reddit_venv/lib/python3.10/site-packages/airflow/example_dags/example_sensor_decorator.py
[2024-02-12T21:17:58.910+0000] {processor.py:830} INFO - Processing file /home/ubuntu/reddit_venv/lib/python3.10/site-packages/airflow/example_dags/example_sensor_decorator.py for tasks to queue
[2024-02-12T21:17:58.911+0000] {logging_mixin.py:188} INFO - [2024-02-12T21:17:58.910+0000] {dagbag.py:538} INFO - Filling up the DagBag from /home/ubuntu/reddit_venv/lib/python3.10/site-packages/airflow/example_dags/example_sensor_decorator.py
[2024-02-12T21:17:58.917+0000] {processor.py:840} INFO - DAG(s) 'example_sensor_decorator' retrieved from /home/ubuntu/reddit_venv/lib/python3.10/site-packages/airflow/example_dags/example_sensor_decorator.py
[2024-02-12T21:17:58.933+0000] {logging_mixin.py:188} INFO - [2024-02-12T21:17:58.933+0000] {dag.py:3036} INFO - Sync 1 DAGs
[2024-02-12T21:17:58.945+0000] {logging_mixin.py:188} INFO - [2024-02-12T21:17:58.945+0000] {dag.py:3823} INFO - Setting next_dagrun for example_sensor_decorator to None, run_after=None
[2024-02-12T21:17:58.967+0000] {processor.py:183} INFO - Processing /home/ubuntu/reddit_venv/lib/python3.10/site-packages/airflow/example_dags/example_sensor_decorator.py took 0.062 seconds
[2024-02-12T21:18:56.661+0000] {processor.py:161} INFO - Started process (PID=6913) to work on /home/ubuntu/reddit_venv/lib/python3.10/site-packages/airflow/example_dags/example_sensor_decorator.py
[2024-02-12T21:18:56.662+0000] {processor.py:830} INFO - Processing file /home/ubuntu/reddit_venv/lib/python3.10/site-packages/airflow/example_dags/example_sensor_decorator.py for tasks to queue
[2024-02-12T21:18:56.663+0000] {logging_mixin.py:188} INFO - [2024-02-12T21:18:56.663+0000] {dagbag.py:538} INFO - Filling up the DagBag from /home/ubuntu/reddit_venv/lib/python3.10/site-packages/airflow/example_dags/example_sensor_decorator.py
[2024-02-12T21:18:56.670+0000] {processor.py:840} INFO - DAG(s) 'example_sensor_decorator' retrieved from /home/ubuntu/reddit_venv/lib/python3.10/site-packages/airflow/example_dags/example_sensor_decorator.py
[2024-02-12T21:18:56.685+0000] {logging_mixin.py:188} INFO - [2024-02-12T21:18:56.685+0000] {dag.py:3036} INFO - Sync 1 DAGs
[2024-02-12T21:18:56.698+0000] {logging_mixin.py:188} INFO - [2024-02-12T21:18:56.698+0000] {dag.py:3823} INFO - Setting next_dagrun for example_sensor_decorator to None, run_after=None
[2024-02-12T21:18:56.720+0000] {processor.py:183} INFO - Processing /home/ubuntu/reddit_venv/lib/python3.10/site-packages/airflow/example_dags/example_sensor_decorator.py took 0.063 seconds
[2024-02-12T21:19:50.050+0000] {processor.py:161} INFO - Started process (PID=6970) to work on /home/ubuntu/reddit_venv/lib/python3.10/site-packages/airflow/example_dags/example_sensor_decorator.py
[2024-02-12T21:19:50.051+0000] {processor.py:830} INFO - Processing file /home/ubuntu/reddit_venv/lib/python3.10/site-packages/airflow/example_dags/example_sensor_decorator.py for tasks to queue
[2024-02-12T21:19:50.052+0000] {logging_mixin.py:188} INFO - [2024-02-12T21:19:50.052+0000] {dagbag.py:538} INFO - Filling up the DagBag from /home/ubuntu/reddit_venv/lib/python3.10/site-packages/airflow/example_dags/example_sensor_decorator.py
[2024-02-12T21:19:50.059+0000] {processor.py:840} INFO - DAG(s) 'example_sensor_decorator' retrieved from /home/ubuntu/reddit_venv/lib/python3.10/site-packages/airflow/example_dags/example_sensor_decorator.py
[2024-02-12T21:19:50.074+0000] {logging_mixin.py:188} INFO - [2024-02-12T21:19:50.074+0000] {dag.py:3036} INFO - Sync 1 DAGs
[2024-02-12T21:19:50.086+0000] {logging_mixin.py:188} INFO - [2024-02-12T21:19:50.085+0000] {dag.py:3823} INFO - Setting next_dagrun for example_sensor_decorator to None, run_after=None
[2024-02-12T21:19:50.107+0000] {processor.py:183} INFO - Processing /home/ubuntu/reddit_venv/lib/python3.10/site-packages/airflow/example_dags/example_sensor_decorator.py took 0.061 seconds
[2024-02-12T21:20:41.613+0000] {processor.py:161} INFO - Started process (PID=7027) to work on /home/ubuntu/reddit_venv/lib/python3.10/site-packages/airflow/example_dags/example_sensor_decorator.py
[2024-02-12T21:20:41.615+0000] {processor.py:830} INFO - Processing file /home/ubuntu/reddit_venv/lib/python3.10/site-packages/airflow/example_dags/example_sensor_decorator.py for tasks to queue
[2024-02-12T21:20:41.616+0000] {logging_mixin.py:188} INFO - [2024-02-12T21:20:41.616+0000] {dagbag.py:538} INFO - Filling up the DagBag from /home/ubuntu/reddit_venv/lib/python3.10/site-packages/airflow/example_dags/example_sensor_decorator.py
[2024-02-12T21:20:41.623+0000] {processor.py:840} INFO - DAG(s) 'example_sensor_decorator' retrieved from /home/ubuntu/reddit_venv/lib/python3.10/site-packages/airflow/example_dags/example_sensor_decorator.py
[2024-02-12T21:20:41.639+0000] {logging_mixin.py:188} INFO - [2024-02-12T21:20:41.638+0000] {dag.py:3036} INFO - Sync 1 DAGs
[2024-02-12T21:20:41.650+0000] {logging_mixin.py:188} INFO - [2024-02-12T21:20:41.650+0000] {dag.py:3823} INFO - Setting next_dagrun for example_sensor_decorator to None, run_after=None
[2024-02-12T21:20:41.673+0000] {processor.py:183} INFO - Processing /home/ubuntu/reddit_venv/lib/python3.10/site-packages/airflow/example_dags/example_sensor_decorator.py took 0.062 seconds
[2024-02-12T21:21:34.990+0000] {processor.py:161} INFO - Started process (PID=7084) to work on /home/ubuntu/reddit_venv/lib/python3.10/site-packages/airflow/example_dags/example_sensor_decorator.py
[2024-02-12T21:21:34.993+0000] {processor.py:830} INFO - Processing file /home/ubuntu/reddit_venv/lib/python3.10/site-packages/airflow/example_dags/example_sensor_decorator.py for tasks to queue
[2024-02-12T21:21:34.994+0000] {logging_mixin.py:188} INFO - [2024-02-12T21:21:34.994+0000] {dagbag.py:538} INFO - Filling up the DagBag from /home/ubuntu/reddit_venv/lib/python3.10/site-packages/airflow/example_dags/example_sensor_decorator.py
[2024-02-12T21:21:35.001+0000] {processor.py:840} INFO - DAG(s) 'example_sensor_decorator' retrieved from /home/ubuntu/reddit_venv/lib/python3.10/site-packages/airflow/example_dags/example_sensor_decorator.py
[2024-02-12T21:21:35.016+0000] {logging_mixin.py:188} INFO - [2024-02-12T21:21:35.016+0000] {dag.py:3036} INFO - Sync 1 DAGs
[2024-02-12T21:21:35.028+0000] {logging_mixin.py:188} INFO - [2024-02-12T21:21:35.028+0000] {dag.py:3823} INFO - Setting next_dagrun for example_sensor_decorator to None, run_after=None
[2024-02-12T21:21:35.050+0000] {processor.py:183} INFO - Processing /home/ubuntu/reddit_venv/lib/python3.10/site-packages/airflow/example_dags/example_sensor_decorator.py took 0.063 seconds
[2024-02-12T21:22:28.677+0000] {processor.py:161} INFO - Started process (PID=7143) to work on /home/ubuntu/reddit_venv/lib/python3.10/site-packages/airflow/example_dags/example_sensor_decorator.py
[2024-02-12T21:22:28.679+0000] {processor.py:830} INFO - Processing file /home/ubuntu/reddit_venv/lib/python3.10/site-packages/airflow/example_dags/example_sensor_decorator.py for tasks to queue
[2024-02-12T21:22:28.680+0000] {logging_mixin.py:188} INFO - [2024-02-12T21:22:28.679+0000] {dagbag.py:538} INFO - Filling up the DagBag from /home/ubuntu/reddit_venv/lib/python3.10/site-packages/airflow/example_dags/example_sensor_decorator.py
[2024-02-12T21:22:28.687+0000] {processor.py:840} INFO - DAG(s) 'example_sensor_decorator' retrieved from /home/ubuntu/reddit_venv/lib/python3.10/site-packages/airflow/example_dags/example_sensor_decorator.py
[2024-02-12T21:22:28.703+0000] {logging_mixin.py:188} INFO - [2024-02-12T21:22:28.703+0000] {dag.py:3036} INFO - Sync 1 DAGs
[2024-02-12T21:22:28.715+0000] {logging_mixin.py:188} INFO - [2024-02-12T21:22:28.715+0000] {dag.py:3823} INFO - Setting next_dagrun for example_sensor_decorator to None, run_after=None
[2024-02-12T21:22:28.739+0000] {processor.py:183} INFO - Processing /home/ubuntu/reddit_venv/lib/python3.10/site-packages/airflow/example_dags/example_sensor_decorator.py took 0.065 seconds
[2024-02-12T21:23:21.958+0000] {processor.py:161} INFO - Started process (PID=7200) to work on /home/ubuntu/reddit_venv/lib/python3.10/site-packages/airflow/example_dags/example_sensor_decorator.py
[2024-02-12T21:23:21.960+0000] {processor.py:830} INFO - Processing file /home/ubuntu/reddit_venv/lib/python3.10/site-packages/airflow/example_dags/example_sensor_decorator.py for tasks to queue
[2024-02-12T21:23:21.961+0000] {logging_mixin.py:188} INFO - [2024-02-12T21:23:21.961+0000] {dagbag.py:538} INFO - Filling up the DagBag from /home/ubuntu/reddit_venv/lib/python3.10/site-packages/airflow/example_dags/example_sensor_decorator.py
[2024-02-12T21:23:21.968+0000] {processor.py:840} INFO - DAG(s) 'example_sensor_decorator' retrieved from /home/ubuntu/reddit_venv/lib/python3.10/site-packages/airflow/example_dags/example_sensor_decorator.py
[2024-02-12T21:23:21.983+0000] {logging_mixin.py:188} INFO - [2024-02-12T21:23:21.983+0000] {dag.py:3036} INFO - Sync 1 DAGs
[2024-02-12T21:23:21.995+0000] {logging_mixin.py:188} INFO - [2024-02-12T21:23:21.995+0000] {dag.py:3823} INFO - Setting next_dagrun for example_sensor_decorator to None, run_after=None
[2024-02-12T21:23:22.017+0000] {processor.py:183} INFO - Processing /home/ubuntu/reddit_venv/lib/python3.10/site-packages/airflow/example_dags/example_sensor_decorator.py took 0.062 seconds
[2024-02-12T21:24:13.536+0000] {processor.py:161} INFO - Started process (PID=7256) to work on /home/ubuntu/reddit_venv/lib/python3.10/site-packages/airflow/example_dags/example_sensor_decorator.py
[2024-02-12T21:24:13.537+0000] {processor.py:830} INFO - Processing file /home/ubuntu/reddit_venv/lib/python3.10/site-packages/airflow/example_dags/example_sensor_decorator.py for tasks to queue
[2024-02-12T21:24:13.538+0000] {logging_mixin.py:188} INFO - [2024-02-12T21:24:13.538+0000] {dagbag.py:538} INFO - Filling up the DagBag from /home/ubuntu/reddit_venv/lib/python3.10/site-packages/airflow/example_dags/example_sensor_decorator.py
[2024-02-12T21:24:13.545+0000] {processor.py:840} INFO - DAG(s) 'example_sensor_decorator' retrieved from /home/ubuntu/reddit_venv/lib/python3.10/site-packages/airflow/example_dags/example_sensor_decorator.py
[2024-02-12T21:24:13.560+0000] {logging_mixin.py:188} INFO - [2024-02-12T21:24:13.560+0000] {dag.py:3036} INFO - Sync 1 DAGs
[2024-02-12T21:24:13.572+0000] {logging_mixin.py:188} INFO - [2024-02-12T21:24:13.572+0000] {dag.py:3823} INFO - Setting next_dagrun for example_sensor_decorator to None, run_after=None
[2024-02-12T21:24:13.593+0000] {processor.py:183} INFO - Processing /home/ubuntu/reddit_venv/lib/python3.10/site-packages/airflow/example_dags/example_sensor_decorator.py took 0.060 seconds
[2024-02-12T21:25:06.060+0000] {processor.py:161} INFO - Started process (PID=7313) to work on /home/ubuntu/reddit_venv/lib/python3.10/site-packages/airflow/example_dags/example_sensor_decorator.py
[2024-02-12T21:25:06.061+0000] {processor.py:830} INFO - Processing file /home/ubuntu/reddit_venv/lib/python3.10/site-packages/airflow/example_dags/example_sensor_decorator.py for tasks to queue
[2024-02-12T21:25:06.062+0000] {logging_mixin.py:188} INFO - [2024-02-12T21:25:06.062+0000] {dagbag.py:538} INFO - Filling up the DagBag from /home/ubuntu/reddit_venv/lib/python3.10/site-packages/airflow/example_dags/example_sensor_decorator.py
[2024-02-12T21:25:06.069+0000] {processor.py:840} INFO - DAG(s) 'example_sensor_decorator' retrieved from /home/ubuntu/reddit_venv/lib/python3.10/site-packages/airflow/example_dags/example_sensor_decorator.py
[2024-02-12T21:25:06.085+0000] {logging_mixin.py:188} INFO - [2024-02-12T21:25:06.085+0000] {dag.py:3036} INFO - Sync 1 DAGs
[2024-02-12T21:25:06.096+0000] {logging_mixin.py:188} INFO - [2024-02-12T21:25:06.096+0000] {dag.py:3823} INFO - Setting next_dagrun for example_sensor_decorator to None, run_after=None
[2024-02-12T21:25:06.118+0000] {processor.py:183} INFO - Processing /home/ubuntu/reddit_venv/lib/python3.10/site-packages/airflow/example_dags/example_sensor_decorator.py took 0.062 seconds
[2024-02-12T21:25:55.549+0000] {processor.py:161} INFO - Started process (PID=7368) to work on /home/ubuntu/reddit_venv/lib/python3.10/site-packages/airflow/example_dags/example_sensor_decorator.py
[2024-02-12T21:25:55.550+0000] {processor.py:830} INFO - Processing file /home/ubuntu/reddit_venv/lib/python3.10/site-packages/airflow/example_dags/example_sensor_decorator.py for tasks to queue
[2024-02-12T21:25:55.551+0000] {logging_mixin.py:188} INFO - [2024-02-12T21:25:55.551+0000] {dagbag.py:538} INFO - Filling up the DagBag from /home/ubuntu/reddit_venv/lib/python3.10/site-packages/airflow/example_dags/example_sensor_decorator.py
[2024-02-12T21:25:55.558+0000] {processor.py:840} INFO - DAG(s) 'example_sensor_decorator' retrieved from /home/ubuntu/reddit_venv/lib/python3.10/site-packages/airflow/example_dags/example_sensor_decorator.py
[2024-02-12T21:25:55.573+0000] {logging_mixin.py:188} INFO - [2024-02-12T21:25:55.573+0000] {dag.py:3036} INFO - Sync 1 DAGs
[2024-02-12T21:25:55.585+0000] {logging_mixin.py:188} INFO - [2024-02-12T21:25:55.584+0000] {dag.py:3823} INFO - Setting next_dagrun for example_sensor_decorator to None, run_after=None
[2024-02-12T21:25:55.608+0000] {processor.py:183} INFO - Processing /home/ubuntu/reddit_venv/lib/python3.10/site-packages/airflow/example_dags/example_sensor_decorator.py took 0.063 seconds
[2024-02-12T21:26:42.004+0000] {processor.py:161} INFO - Started process (PID=7419) to work on /home/ubuntu/reddit_venv/lib/python3.10/site-packages/airflow/example_dags/example_sensor_decorator.py
[2024-02-12T21:26:42.005+0000] {processor.py:830} INFO - Processing file /home/ubuntu/reddit_venv/lib/python3.10/site-packages/airflow/example_dags/example_sensor_decorator.py for tasks to queue
[2024-02-12T21:26:42.006+0000] {logging_mixin.py:188} INFO - [2024-02-12T21:26:42.006+0000] {dagbag.py:538} INFO - Filling up the DagBag from /home/ubuntu/reddit_venv/lib/python3.10/site-packages/airflow/example_dags/example_sensor_decorator.py
[2024-02-12T21:26:42.013+0000] {processor.py:840} INFO - DAG(s) 'example_sensor_decorator' retrieved from /home/ubuntu/reddit_venv/lib/python3.10/site-packages/airflow/example_dags/example_sensor_decorator.py
[2024-02-12T21:26:42.028+0000] {logging_mixin.py:188} INFO - [2024-02-12T21:26:42.028+0000] {dag.py:3036} INFO - Sync 1 DAGs
[2024-02-12T21:26:42.040+0000] {logging_mixin.py:188} INFO - [2024-02-12T21:26:42.040+0000] {dag.py:3823} INFO - Setting next_dagrun for example_sensor_decorator to None, run_after=None
[2024-02-12T21:26:42.069+0000] {processor.py:183} INFO - Processing /home/ubuntu/reddit_venv/lib/python3.10/site-packages/airflow/example_dags/example_sensor_decorator.py took 0.068 seconds
[2024-02-12T21:27:37.916+0000] {processor.py:161} INFO - Started process (PID=7481) to work on /home/ubuntu/reddit_venv/lib/python3.10/site-packages/airflow/example_dags/example_sensor_decorator.py
[2024-02-12T21:27:37.917+0000] {processor.py:830} INFO - Processing file /home/ubuntu/reddit_venv/lib/python3.10/site-packages/airflow/example_dags/example_sensor_decorator.py for tasks to queue
[2024-02-12T21:27:37.918+0000] {logging_mixin.py:188} INFO - [2024-02-12T21:27:37.918+0000] {dagbag.py:538} INFO - Filling up the DagBag from /home/ubuntu/reddit_venv/lib/python3.10/site-packages/airflow/example_dags/example_sensor_decorator.py
[2024-02-12T21:27:37.925+0000] {processor.py:840} INFO - DAG(s) 'example_sensor_decorator' retrieved from /home/ubuntu/reddit_venv/lib/python3.10/site-packages/airflow/example_dags/example_sensor_decorator.py
[2024-02-12T21:27:37.941+0000] {logging_mixin.py:188} INFO - [2024-02-12T21:27:37.941+0000] {dag.py:3036} INFO - Sync 1 DAGs
[2024-02-12T21:27:37.953+0000] {logging_mixin.py:188} INFO - [2024-02-12T21:27:37.953+0000] {dag.py:3823} INFO - Setting next_dagrun for example_sensor_decorator to None, run_after=None
[2024-02-12T21:27:37.976+0000] {processor.py:183} INFO - Processing /home/ubuntu/reddit_venv/lib/python3.10/site-packages/airflow/example_dags/example_sensor_decorator.py took 0.063 seconds
[2024-02-12T21:28:23.437+0000] {processor.py:161} INFO - Started process (PID=7532) to work on /home/ubuntu/reddit_venv/lib/python3.10/site-packages/airflow/example_dags/example_sensor_decorator.py
[2024-02-12T21:28:23.439+0000] {processor.py:830} INFO - Processing file /home/ubuntu/reddit_venv/lib/python3.10/site-packages/airflow/example_dags/example_sensor_decorator.py for tasks to queue
[2024-02-12T21:28:23.440+0000] {logging_mixin.py:188} INFO - [2024-02-12T21:28:23.439+0000] {dagbag.py:538} INFO - Filling up the DagBag from /home/ubuntu/reddit_venv/lib/python3.10/site-packages/airflow/example_dags/example_sensor_decorator.py
[2024-02-12T21:28:23.446+0000] {processor.py:840} INFO - DAG(s) 'example_sensor_decorator' retrieved from /home/ubuntu/reddit_venv/lib/python3.10/site-packages/airflow/example_dags/example_sensor_decorator.py
[2024-02-12T21:28:23.463+0000] {logging_mixin.py:188} INFO - [2024-02-12T21:28:23.463+0000] {dag.py:3036} INFO - Sync 1 DAGs
[2024-02-12T21:28:23.475+0000] {logging_mixin.py:188} INFO - [2024-02-12T21:28:23.474+0000] {dag.py:3823} INFO - Setting next_dagrun for example_sensor_decorator to None, run_after=None
[2024-02-12T21:28:23.497+0000] {processor.py:183} INFO - Processing /home/ubuntu/reddit_venv/lib/python3.10/site-packages/airflow/example_dags/example_sensor_decorator.py took 0.064 seconds
[2024-02-12T21:29:16.818+0000] {processor.py:161} INFO - Started process (PID=7589) to work on /home/ubuntu/reddit_venv/lib/python3.10/site-packages/airflow/example_dags/example_sensor_decorator.py
[2024-02-12T21:29:16.819+0000] {processor.py:830} INFO - Processing file /home/ubuntu/reddit_venv/lib/python3.10/site-packages/airflow/example_dags/example_sensor_decorator.py for tasks to queue
[2024-02-12T21:29:16.820+0000] {logging_mixin.py:188} INFO - [2024-02-12T21:29:16.820+0000] {dagbag.py:538} INFO - Filling up the DagBag from /home/ubuntu/reddit_venv/lib/python3.10/site-packages/airflow/example_dags/example_sensor_decorator.py
[2024-02-12T21:29:16.827+0000] {processor.py:840} INFO - DAG(s) 'example_sensor_decorator' retrieved from /home/ubuntu/reddit_venv/lib/python3.10/site-packages/airflow/example_dags/example_sensor_decorator.py
[2024-02-12T21:29:16.843+0000] {logging_mixin.py:188} INFO - [2024-02-12T21:29:16.843+0000] {dag.py:3036} INFO - Sync 1 DAGs
[2024-02-12T21:29:16.855+0000] {logging_mixin.py:188} INFO - [2024-02-12T21:29:16.855+0000] {dag.py:3823} INFO - Setting next_dagrun for example_sensor_decorator to None, run_after=None
[2024-02-12T21:29:16.878+0000] {processor.py:183} INFO - Processing /home/ubuntu/reddit_venv/lib/python3.10/site-packages/airflow/example_dags/example_sensor_decorator.py took 0.064 seconds
[2024-02-12T21:30:09.721+0000] {processor.py:161} INFO - Started process (PID=7646) to work on /home/ubuntu/reddit_venv/lib/python3.10/site-packages/airflow/example_dags/example_sensor_decorator.py
[2024-02-12T21:30:09.722+0000] {processor.py:830} INFO - Processing file /home/ubuntu/reddit_venv/lib/python3.10/site-packages/airflow/example_dags/example_sensor_decorator.py for tasks to queue
[2024-02-12T21:30:09.723+0000] {logging_mixin.py:188} INFO - [2024-02-12T21:30:09.723+0000] {dagbag.py:538} INFO - Filling up the DagBag from /home/ubuntu/reddit_venv/lib/python3.10/site-packages/airflow/example_dags/example_sensor_decorator.py
[2024-02-12T21:30:09.730+0000] {processor.py:840} INFO - DAG(s) 'example_sensor_decorator' retrieved from /home/ubuntu/reddit_venv/lib/python3.10/site-packages/airflow/example_dags/example_sensor_decorator.py
[2024-02-12T21:30:09.746+0000] {logging_mixin.py:188} INFO - [2024-02-12T21:30:09.746+0000] {dag.py:3036} INFO - Sync 1 DAGs
[2024-02-12T21:30:09.758+0000] {logging_mixin.py:188} INFO - [2024-02-12T21:30:09.758+0000] {dag.py:3823} INFO - Setting next_dagrun for example_sensor_decorator to None, run_after=None
[2024-02-12T21:30:09.781+0000] {processor.py:183} INFO - Processing /home/ubuntu/reddit_venv/lib/python3.10/site-packages/airflow/example_dags/example_sensor_decorator.py took 0.063 seconds
