[2024-02-12T20:39:07.852+0000] {processor.py:161} INFO - Started process (PID=3734) to work on /home/ubuntu/reddit_venv/lib/python3.10/site-packages/airflow/example_dags/example_latest_only_with_trigger.py
[2024-02-12T20:39:07.853+0000] {processor.py:830} INFO - Processing file /home/ubuntu/reddit_venv/lib/python3.10/site-packages/airflow/example_dags/example_latest_only_with_trigger.py for tasks to queue
[2024-02-12T20:39:07.854+0000] {logging_mixin.py:188} INFO - [2024-02-12T20:39:07.854+0000] {dagbag.py:538} INFO - Filling up the DagBag from /home/ubuntu/reddit_venv/lib/python3.10/site-packages/airflow/example_dags/example_latest_only_with_trigger.py
[2024-02-12T20:39:07.861+0000] {processor.py:840} INFO - DAG(s) 'latest_only_with_trigger' retrieved from /home/ubuntu/reddit_venv/lib/python3.10/site-packages/airflow/example_dags/example_latest_only_with_trigger.py
[2024-02-12T20:39:07.977+0000] {logging_mixin.py:188} INFO - [2024-02-12T20:39:07.976+0000] {override.py:1769} INFO - Created Permission View: can delete on DAG:latest_only_with_trigger
[2024-02-12T20:39:07.990+0000] {logging_mixin.py:188} INFO - [2024-02-12T20:39:07.989+0000] {override.py:1769} INFO - Created Permission View: can edit on DAG:latest_only_with_trigger
[2024-02-12T20:39:08.000+0000] {logging_mixin.py:188} INFO - [2024-02-12T20:39:07.999+0000] {override.py:1769} INFO - Created Permission View: can read on DAG:latest_only_with_trigger
[2024-02-12T20:39:08.000+0000] {logging_mixin.py:188} INFO - [2024-02-12T20:39:08.000+0000] {dag.py:3036} INFO - Sync 1 DAGs
[2024-02-12T20:39:08.010+0000] {logging_mixin.py:188} INFO - [2024-02-12T20:39:08.010+0000] {dag.py:3058} INFO - Creating ORM DAG for latest_only_with_trigger
[2024-02-12T20:39:08.020+0000] {logging_mixin.py:188} INFO - [2024-02-12T20:39:08.019+0000] {dag.py:3823} INFO - Setting next_dagrun for latest_only_with_trigger to 2024-02-12 16:00:00+00:00, run_after=2024-02-12 20:00:00+00:00
[2024-02-12T20:39:08.045+0000] {processor.py:183} INFO - Processing /home/ubuntu/reddit_venv/lib/python3.10/site-packages/airflow/example_dags/example_latest_only_with_trigger.py took 0.196 seconds
[2024-02-12T20:39:58.062+0000] {processor.py:161} INFO - Started process (PID=3785) to work on /home/ubuntu/reddit_venv/lib/python3.10/site-packages/airflow/example_dags/example_latest_only_with_trigger.py
[2024-02-12T20:39:58.064+0000] {processor.py:830} INFO - Processing file /home/ubuntu/reddit_venv/lib/python3.10/site-packages/airflow/example_dags/example_latest_only_with_trigger.py for tasks to queue
[2024-02-12T20:39:58.065+0000] {logging_mixin.py:188} INFO - [2024-02-12T20:39:58.065+0000] {dagbag.py:538} INFO - Filling up the DagBag from /home/ubuntu/reddit_venv/lib/python3.10/site-packages/airflow/example_dags/example_latest_only_with_trigger.py
[2024-02-12T20:39:58.072+0000] {processor.py:840} INFO - DAG(s) 'latest_only_with_trigger' retrieved from /home/ubuntu/reddit_venv/lib/python3.10/site-packages/airflow/example_dags/example_latest_only_with_trigger.py
[2024-02-12T20:39:58.089+0000] {logging_mixin.py:188} INFO - [2024-02-12T20:39:58.088+0000] {dag.py:3036} INFO - Sync 1 DAGs
[2024-02-12T20:39:58.110+0000] {logging_mixin.py:188} INFO - [2024-02-12T20:39:58.110+0000] {dag.py:3823} INFO - Setting next_dagrun for latest_only_with_trigger to 2024-02-12 16:00:00+00:00, run_after=2024-02-12 20:00:00+00:00
[2024-02-12T20:39:58.131+0000] {processor.py:183} INFO - Processing /home/ubuntu/reddit_venv/lib/python3.10/site-packages/airflow/example_dags/example_latest_only_with_trigger.py took 0.073 seconds
[2024-02-12T20:40:49.089+0000] {processor.py:161} INFO - Started process (PID=3841) to work on /home/ubuntu/reddit_venv/lib/python3.10/site-packages/airflow/example_dags/example_latest_only_with_trigger.py
[2024-02-12T20:40:49.090+0000] {processor.py:830} INFO - Processing file /home/ubuntu/reddit_venv/lib/python3.10/site-packages/airflow/example_dags/example_latest_only_with_trigger.py for tasks to queue
[2024-02-12T20:40:49.091+0000] {logging_mixin.py:188} INFO - [2024-02-12T20:40:49.091+0000] {dagbag.py:538} INFO - Filling up the DagBag from /home/ubuntu/reddit_venv/lib/python3.10/site-packages/airflow/example_dags/example_latest_only_with_trigger.py
[2024-02-12T20:40:49.098+0000] {processor.py:840} INFO - DAG(s) 'latest_only_with_trigger' retrieved from /home/ubuntu/reddit_venv/lib/python3.10/site-packages/airflow/example_dags/example_latest_only_with_trigger.py
[2024-02-12T20:40:49.114+0000] {logging_mixin.py:188} INFO - [2024-02-12T20:40:49.114+0000] {dag.py:3036} INFO - Sync 1 DAGs
[2024-02-12T20:40:49.134+0000] {logging_mixin.py:188} INFO - [2024-02-12T20:40:49.134+0000] {dag.py:3823} INFO - Setting next_dagrun for latest_only_with_trigger to 2024-02-12 16:00:00+00:00, run_after=2024-02-12 20:00:00+00:00
[2024-02-12T20:40:49.155+0000] {processor.py:183} INFO - Processing /home/ubuntu/reddit_venv/lib/python3.10/site-packages/airflow/example_dags/example_latest_only_with_trigger.py took 0.069 seconds
[2024-02-12T20:41:42.602+0000] {processor.py:161} INFO - Started process (PID=3898) to work on /home/ubuntu/reddit_venv/lib/python3.10/site-packages/airflow/example_dags/example_latest_only_with_trigger.py
[2024-02-12T20:41:42.603+0000] {processor.py:830} INFO - Processing file /home/ubuntu/reddit_venv/lib/python3.10/site-packages/airflow/example_dags/example_latest_only_with_trigger.py for tasks to queue
[2024-02-12T20:41:42.604+0000] {logging_mixin.py:188} INFO - [2024-02-12T20:41:42.604+0000] {dagbag.py:538} INFO - Filling up the DagBag from /home/ubuntu/reddit_venv/lib/python3.10/site-packages/airflow/example_dags/example_latest_only_with_trigger.py
[2024-02-12T20:41:42.611+0000] {processor.py:840} INFO - DAG(s) 'latest_only_with_trigger' retrieved from /home/ubuntu/reddit_venv/lib/python3.10/site-packages/airflow/example_dags/example_latest_only_with_trigger.py
[2024-02-12T20:41:42.627+0000] {logging_mixin.py:188} INFO - [2024-02-12T20:41:42.627+0000] {dag.py:3036} INFO - Sync 1 DAGs
[2024-02-12T20:41:42.647+0000] {logging_mixin.py:188} INFO - [2024-02-12T20:41:42.647+0000] {dag.py:3823} INFO - Setting next_dagrun for latest_only_with_trigger to 2024-02-12 16:00:00+00:00, run_after=2024-02-12 20:00:00+00:00
[2024-02-12T20:41:42.669+0000] {processor.py:183} INFO - Processing /home/ubuntu/reddit_venv/lib/python3.10/site-packages/airflow/example_dags/example_latest_only_with_trigger.py took 0.070 seconds
[2024-02-12T20:42:31.689+0000] {processor.py:161} INFO - Started process (PID=3953) to work on /home/ubuntu/reddit_venv/lib/python3.10/site-packages/airflow/example_dags/example_latest_only_with_trigger.py
[2024-02-12T20:42:31.691+0000] {processor.py:830} INFO - Processing file /home/ubuntu/reddit_venv/lib/python3.10/site-packages/airflow/example_dags/example_latest_only_with_trigger.py for tasks to queue
[2024-02-12T20:42:31.692+0000] {logging_mixin.py:188} INFO - [2024-02-12T20:42:31.691+0000] {dagbag.py:538} INFO - Filling up the DagBag from /home/ubuntu/reddit_venv/lib/python3.10/site-packages/airflow/example_dags/example_latest_only_with_trigger.py
[2024-02-12T20:42:31.698+0000] {processor.py:840} INFO - DAG(s) 'latest_only_with_trigger' retrieved from /home/ubuntu/reddit_venv/lib/python3.10/site-packages/airflow/example_dags/example_latest_only_with_trigger.py
[2024-02-12T20:42:31.716+0000] {logging_mixin.py:188} INFO - [2024-02-12T20:42:31.715+0000] {dag.py:3036} INFO - Sync 1 DAGs
[2024-02-12T20:42:31.737+0000] {logging_mixin.py:188} INFO - [2024-02-12T20:42:31.737+0000] {dag.py:3823} INFO - Setting next_dagrun for latest_only_with_trigger to 2024-02-12 16:00:00+00:00, run_after=2024-02-12 20:00:00+00:00
[2024-02-12T20:42:31.761+0000] {processor.py:183} INFO - Processing /home/ubuntu/reddit_venv/lib/python3.10/site-packages/airflow/example_dags/example_latest_only_with_trigger.py took 0.075 seconds
[2024-02-12T20:43:21.750+0000] {processor.py:161} INFO - Started process (PID=4008) to work on /home/ubuntu/reddit_venv/lib/python3.10/site-packages/airflow/example_dags/example_latest_only_with_trigger.py
[2024-02-12T20:43:21.751+0000] {processor.py:830} INFO - Processing file /home/ubuntu/reddit_venv/lib/python3.10/site-packages/airflow/example_dags/example_latest_only_with_trigger.py for tasks to queue
[2024-02-12T20:43:21.752+0000] {logging_mixin.py:188} INFO - [2024-02-12T20:43:21.752+0000] {dagbag.py:538} INFO - Filling up the DagBag from /home/ubuntu/reddit_venv/lib/python3.10/site-packages/airflow/example_dags/example_latest_only_with_trigger.py
[2024-02-12T20:43:21.759+0000] {processor.py:840} INFO - DAG(s) 'latest_only_with_trigger' retrieved from /home/ubuntu/reddit_venv/lib/python3.10/site-packages/airflow/example_dags/example_latest_only_with_trigger.py
[2024-02-12T20:43:21.776+0000] {logging_mixin.py:188} INFO - [2024-02-12T20:43:21.775+0000] {dag.py:3036} INFO - Sync 1 DAGs
[2024-02-12T20:43:21.796+0000] {logging_mixin.py:188} INFO - [2024-02-12T20:43:21.796+0000] {dag.py:3823} INFO - Setting next_dagrun for latest_only_with_trigger to 2024-02-12 16:00:00+00:00, run_after=2024-02-12 20:00:00+00:00
[2024-02-12T20:43:21.818+0000] {processor.py:183} INFO - Processing /home/ubuntu/reddit_venv/lib/python3.10/site-packages/airflow/example_dags/example_latest_only_with_trigger.py took 0.072 seconds
[2024-02-12T20:44:07.216+0000] {processor.py:161} INFO - Started process (PID=4060) to work on /home/ubuntu/reddit_venv/lib/python3.10/site-packages/airflow/example_dags/example_latest_only_with_trigger.py
[2024-02-12T20:44:07.217+0000] {processor.py:830} INFO - Processing file /home/ubuntu/reddit_venv/lib/python3.10/site-packages/airflow/example_dags/example_latest_only_with_trigger.py for tasks to queue
[2024-02-12T20:44:07.218+0000] {logging_mixin.py:188} INFO - [2024-02-12T20:44:07.218+0000] {dagbag.py:538} INFO - Filling up the DagBag from /home/ubuntu/reddit_venv/lib/python3.10/site-packages/airflow/example_dags/example_latest_only_with_trigger.py
[2024-02-12T20:44:07.225+0000] {processor.py:840} INFO - DAG(s) 'latest_only_with_trigger' retrieved from /home/ubuntu/reddit_venv/lib/python3.10/site-packages/airflow/example_dags/example_latest_only_with_trigger.py
[2024-02-12T20:44:07.242+0000] {logging_mixin.py:188} INFO - [2024-02-12T20:44:07.242+0000] {dag.py:3036} INFO - Sync 1 DAGs
[2024-02-12T20:44:07.263+0000] {logging_mixin.py:188} INFO - [2024-02-12T20:44:07.263+0000] {dag.py:3823} INFO - Setting next_dagrun for latest_only_with_trigger to 2024-02-12 16:00:00+00:00, run_after=2024-02-12 20:00:00+00:00
[2024-02-12T20:44:07.285+0000] {processor.py:183} INFO - Processing /home/ubuntu/reddit_venv/lib/python3.10/site-packages/airflow/example_dags/example_latest_only_with_trigger.py took 0.072 seconds
[2024-02-12T20:44:58.067+0000] {processor.py:161} INFO - Started process (PID=4116) to work on /home/ubuntu/reddit_venv/lib/python3.10/site-packages/airflow/example_dags/example_latest_only_with_trigger.py
[2024-02-12T20:44:58.068+0000] {processor.py:830} INFO - Processing file /home/ubuntu/reddit_venv/lib/python3.10/site-packages/airflow/example_dags/example_latest_only_with_trigger.py for tasks to queue
[2024-02-12T20:44:58.069+0000] {logging_mixin.py:188} INFO - [2024-02-12T20:44:58.069+0000] {dagbag.py:538} INFO - Filling up the DagBag from /home/ubuntu/reddit_venv/lib/python3.10/site-packages/airflow/example_dags/example_latest_only_with_trigger.py
[2024-02-12T20:44:58.076+0000] {processor.py:840} INFO - DAG(s) 'latest_only_with_trigger' retrieved from /home/ubuntu/reddit_venv/lib/python3.10/site-packages/airflow/example_dags/example_latest_only_with_trigger.py
[2024-02-12T20:44:58.093+0000] {logging_mixin.py:188} INFO - [2024-02-12T20:44:58.093+0000] {dag.py:3036} INFO - Sync 1 DAGs
[2024-02-12T20:44:58.113+0000] {logging_mixin.py:188} INFO - [2024-02-12T20:44:58.113+0000] {dag.py:3823} INFO - Setting next_dagrun for latest_only_with_trigger to 2024-02-12 16:00:00+00:00, run_after=2024-02-12 20:00:00+00:00
[2024-02-12T20:44:58.135+0000] {processor.py:183} INFO - Processing /home/ubuntu/reddit_venv/lib/python3.10/site-packages/airflow/example_dags/example_latest_only_with_trigger.py took 0.072 seconds
[2024-02-12T20:45:49.182+0000] {processor.py:161} INFO - Started process (PID=4172) to work on /home/ubuntu/reddit_venv/lib/python3.10/site-packages/airflow/example_dags/example_latest_only_with_trigger.py
[2024-02-12T20:45:49.183+0000] {processor.py:830} INFO - Processing file /home/ubuntu/reddit_venv/lib/python3.10/site-packages/airflow/example_dags/example_latest_only_with_trigger.py for tasks to queue
[2024-02-12T20:45:49.184+0000] {logging_mixin.py:188} INFO - [2024-02-12T20:45:49.184+0000] {dagbag.py:538} INFO - Filling up the DagBag from /home/ubuntu/reddit_venv/lib/python3.10/site-packages/airflow/example_dags/example_latest_only_with_trigger.py
[2024-02-12T20:45:49.191+0000] {processor.py:840} INFO - DAG(s) 'latest_only_with_trigger' retrieved from /home/ubuntu/reddit_venv/lib/python3.10/site-packages/airflow/example_dags/example_latest_only_with_trigger.py
[2024-02-12T20:45:49.216+0000] {logging_mixin.py:188} INFO - [2024-02-12T20:45:49.215+0000] {dag.py:3036} INFO - Sync 1 DAGs
[2024-02-12T20:45:49.236+0000] {logging_mixin.py:188} INFO - [2024-02-12T20:45:49.236+0000] {dag.py:3823} INFO - Setting next_dagrun for latest_only_with_trigger to 2024-02-12 16:00:00+00:00, run_after=2024-02-12 20:00:00+00:00
[2024-02-12T20:45:49.258+0000] {processor.py:183} INFO - Processing /home/ubuntu/reddit_venv/lib/python3.10/site-packages/airflow/example_dags/example_latest_only_with_trigger.py took 0.079 seconds
[2024-02-12T20:46:38.560+0000] {processor.py:161} INFO - Started process (PID=4229) to work on /home/ubuntu/reddit_venv/lib/python3.10/site-packages/airflow/example_dags/example_latest_only_with_trigger.py
[2024-02-12T20:46:38.561+0000] {processor.py:830} INFO - Processing file /home/ubuntu/reddit_venv/lib/python3.10/site-packages/airflow/example_dags/example_latest_only_with_trigger.py for tasks to queue
[2024-02-12T20:46:38.562+0000] {logging_mixin.py:188} INFO - [2024-02-12T20:46:38.562+0000] {dagbag.py:538} INFO - Filling up the DagBag from /home/ubuntu/reddit_venv/lib/python3.10/site-packages/airflow/example_dags/example_latest_only_with_trigger.py
[2024-02-12T20:46:38.569+0000] {processor.py:840} INFO - DAG(s) 'latest_only_with_trigger' retrieved from /home/ubuntu/reddit_venv/lib/python3.10/site-packages/airflow/example_dags/example_latest_only_with_trigger.py
[2024-02-12T20:46:38.586+0000] {logging_mixin.py:188} INFO - [2024-02-12T20:46:38.586+0000] {dag.py:3036} INFO - Sync 1 DAGs
[2024-02-12T20:46:38.606+0000] {logging_mixin.py:188} INFO - [2024-02-12T20:46:38.606+0000] {dag.py:3823} INFO - Setting next_dagrun for latest_only_with_trigger to 2024-02-12 16:00:00+00:00, run_after=2024-02-12 20:00:00+00:00
[2024-02-12T20:46:38.629+0000] {processor.py:183} INFO - Processing /home/ubuntu/reddit_venv/lib/python3.10/site-packages/airflow/example_dags/example_latest_only_with_trigger.py took 0.073 seconds
[2024-02-12T20:47:28.992+0000] {processor.py:161} INFO - Started process (PID=4282) to work on /home/ubuntu/reddit_venv/lib/python3.10/site-packages/airflow/example_dags/example_latest_only_with_trigger.py
[2024-02-12T20:47:28.994+0000] {processor.py:830} INFO - Processing file /home/ubuntu/reddit_venv/lib/python3.10/site-packages/airflow/example_dags/example_latest_only_with_trigger.py for tasks to queue
[2024-02-12T20:47:28.995+0000] {logging_mixin.py:188} INFO - [2024-02-12T20:47:28.995+0000] {dagbag.py:538} INFO - Filling up the DagBag from /home/ubuntu/reddit_venv/lib/python3.10/site-packages/airflow/example_dags/example_latest_only_with_trigger.py
[2024-02-12T20:47:29.001+0000] {processor.py:840} INFO - DAG(s) 'latest_only_with_trigger' retrieved from /home/ubuntu/reddit_venv/lib/python3.10/site-packages/airflow/example_dags/example_latest_only_with_trigger.py
[2024-02-12T20:47:29.018+0000] {logging_mixin.py:188} INFO - [2024-02-12T20:47:29.018+0000] {dag.py:3036} INFO - Sync 1 DAGs
[2024-02-12T20:47:29.039+0000] {logging_mixin.py:188} INFO - [2024-02-12T20:47:29.038+0000] {dag.py:3823} INFO - Setting next_dagrun for latest_only_with_trigger to 2024-02-12 16:00:00+00:00, run_after=2024-02-12 20:00:00+00:00
[2024-02-12T20:47:29.060+0000] {processor.py:183} INFO - Processing /home/ubuntu/reddit_venv/lib/python3.10/site-packages/airflow/example_dags/example_latest_only_with_trigger.py took 0.071 seconds
[2024-02-12T20:48:20.999+0000] {processor.py:161} INFO - Started process (PID=4339) to work on /home/ubuntu/reddit_venv/lib/python3.10/site-packages/airflow/example_dags/example_latest_only_with_trigger.py
[2024-02-12T20:48:21.001+0000] {processor.py:830} INFO - Processing file /home/ubuntu/reddit_venv/lib/python3.10/site-packages/airflow/example_dags/example_latest_only_with_trigger.py for tasks to queue
[2024-02-12T20:48:21.002+0000] {logging_mixin.py:188} INFO - [2024-02-12T20:48:21.001+0000] {dagbag.py:538} INFO - Filling up the DagBag from /home/ubuntu/reddit_venv/lib/python3.10/site-packages/airflow/example_dags/example_latest_only_with_trigger.py
[2024-02-12T20:48:21.009+0000] {processor.py:840} INFO - DAG(s) 'latest_only_with_trigger' retrieved from /home/ubuntu/reddit_venv/lib/python3.10/site-packages/airflow/example_dags/example_latest_only_with_trigger.py
[2024-02-12T20:48:21.026+0000] {logging_mixin.py:188} INFO - [2024-02-12T20:48:21.026+0000] {dag.py:3036} INFO - Sync 1 DAGs
[2024-02-12T20:48:21.048+0000] {logging_mixin.py:188} INFO - [2024-02-12T20:48:21.048+0000] {dag.py:3823} INFO - Setting next_dagrun for latest_only_with_trigger to 2024-02-12 16:00:00+00:00, run_after=2024-02-12 20:00:00+00:00
[2024-02-12T20:48:21.071+0000] {processor.py:183} INFO - Processing /home/ubuntu/reddit_venv/lib/python3.10/site-packages/airflow/example_dags/example_latest_only_with_trigger.py took 0.076 seconds
[2024-02-12T20:49:08.156+0000] {processor.py:161} INFO - Started process (PID=4393) to work on /home/ubuntu/reddit_venv/lib/python3.10/site-packages/airflow/example_dags/example_latest_only_with_trigger.py
[2024-02-12T20:49:08.157+0000] {processor.py:830} INFO - Processing file /home/ubuntu/reddit_venv/lib/python3.10/site-packages/airflow/example_dags/example_latest_only_with_trigger.py for tasks to queue
[2024-02-12T20:49:08.159+0000] {logging_mixin.py:188} INFO - [2024-02-12T20:49:08.158+0000] {dagbag.py:538} INFO - Filling up the DagBag from /home/ubuntu/reddit_venv/lib/python3.10/site-packages/airflow/example_dags/example_latest_only_with_trigger.py
[2024-02-12T20:49:08.165+0000] {processor.py:840} INFO - DAG(s) 'latest_only_with_trigger' retrieved from /home/ubuntu/reddit_venv/lib/python3.10/site-packages/airflow/example_dags/example_latest_only_with_trigger.py
[2024-02-12T20:49:08.182+0000] {logging_mixin.py:188} INFO - [2024-02-12T20:49:08.182+0000] {dag.py:3036} INFO - Sync 1 DAGs
[2024-02-12T20:49:08.203+0000] {logging_mixin.py:188} INFO - [2024-02-12T20:49:08.203+0000] {dag.py:3823} INFO - Setting next_dagrun for latest_only_with_trigger to 2024-02-12 16:00:00+00:00, run_after=2024-02-12 20:00:00+00:00
[2024-02-12T20:49:08.226+0000] {processor.py:183} INFO - Processing /home/ubuntu/reddit_venv/lib/python3.10/site-packages/airflow/example_dags/example_latest_only_with_trigger.py took 0.074 seconds
[2024-02-12T20:50:20.140+0000] {processor.py:161} INFO - Started process (PID=4468) to work on /home/ubuntu/reddit_venv/lib/python3.10/site-packages/airflow/example_dags/example_latest_only_with_trigger.py
[2024-02-12T20:50:20.142+0000] {processor.py:830} INFO - Processing file /home/ubuntu/reddit_venv/lib/python3.10/site-packages/airflow/example_dags/example_latest_only_with_trigger.py for tasks to queue
[2024-02-12T20:50:20.143+0000] {logging_mixin.py:188} INFO - [2024-02-12T20:50:20.142+0000] {dagbag.py:538} INFO - Filling up the DagBag from /home/ubuntu/reddit_venv/lib/python3.10/site-packages/airflow/example_dags/example_latest_only_with_trigger.py
[2024-02-12T20:50:20.149+0000] {processor.py:840} INFO - DAG(s) 'latest_only_with_trigger' retrieved from /home/ubuntu/reddit_venv/lib/python3.10/site-packages/airflow/example_dags/example_latest_only_with_trigger.py
[2024-02-12T20:50:20.252+0000] {logging_mixin.py:188} INFO - [2024-02-12T20:50:20.252+0000] {dag.py:3036} INFO - Sync 1 DAGs
[2024-02-12T20:50:20.270+0000] {logging_mixin.py:188} INFO - [2024-02-12T20:50:20.270+0000] {dag.py:3823} INFO - Setting next_dagrun for latest_only_with_trigger to 2024-02-12 16:00:00+00:00, run_after=2024-02-12 20:00:00+00:00
[2024-02-12T20:50:20.293+0000] {processor.py:183} INFO - Processing /home/ubuntu/reddit_venv/lib/python3.10/site-packages/airflow/example_dags/example_latest_only_with_trigger.py took 0.157 seconds
[2024-02-12T20:51:10.631+0000] {processor.py:161} INFO - Started process (PID=4519) to work on /home/ubuntu/reddit_venv/lib/python3.10/site-packages/airflow/example_dags/example_latest_only_with_trigger.py
[2024-02-12T20:51:10.632+0000] {processor.py:830} INFO - Processing file /home/ubuntu/reddit_venv/lib/python3.10/site-packages/airflow/example_dags/example_latest_only_with_trigger.py for tasks to queue
[2024-02-12T20:51:10.633+0000] {logging_mixin.py:188} INFO - [2024-02-12T20:51:10.633+0000] {dagbag.py:538} INFO - Filling up the DagBag from /home/ubuntu/reddit_venv/lib/python3.10/site-packages/airflow/example_dags/example_latest_only_with_trigger.py
[2024-02-12T20:51:10.640+0000] {processor.py:840} INFO - DAG(s) 'latest_only_with_trigger' retrieved from /home/ubuntu/reddit_venv/lib/python3.10/site-packages/airflow/example_dags/example_latest_only_with_trigger.py
[2024-02-12T20:51:10.656+0000] {logging_mixin.py:188} INFO - [2024-02-12T20:51:10.656+0000] {dag.py:3036} INFO - Sync 1 DAGs
[2024-02-12T20:51:10.677+0000] {logging_mixin.py:188} INFO - [2024-02-12T20:51:10.677+0000] {dag.py:3823} INFO - Setting next_dagrun for latest_only_with_trigger to 2024-02-12 16:00:00+00:00, run_after=2024-02-12 20:00:00+00:00
[2024-02-12T20:51:10.700+0000] {processor.py:183} INFO - Processing /home/ubuntu/reddit_venv/lib/python3.10/site-packages/airflow/example_dags/example_latest_only_with_trigger.py took 0.073 seconds
[2024-02-12T20:52:04.124+0000] {processor.py:161} INFO - Started process (PID=4577) to work on /home/ubuntu/reddit_venv/lib/python3.10/site-packages/airflow/example_dags/example_latest_only_with_trigger.py
[2024-02-12T20:52:04.126+0000] {processor.py:830} INFO - Processing file /home/ubuntu/reddit_venv/lib/python3.10/site-packages/airflow/example_dags/example_latest_only_with_trigger.py for tasks to queue
[2024-02-12T20:52:04.127+0000] {logging_mixin.py:188} INFO - [2024-02-12T20:52:04.127+0000] {dagbag.py:538} INFO - Filling up the DagBag from /home/ubuntu/reddit_venv/lib/python3.10/site-packages/airflow/example_dags/example_latest_only_with_trigger.py
[2024-02-12T20:52:04.133+0000] {processor.py:840} INFO - DAG(s) 'latest_only_with_trigger' retrieved from /home/ubuntu/reddit_venv/lib/python3.10/site-packages/airflow/example_dags/example_latest_only_with_trigger.py
[2024-02-12T20:52:04.150+0000] {logging_mixin.py:188} INFO - [2024-02-12T20:52:04.150+0000] {dag.py:3036} INFO - Sync 1 DAGs
[2024-02-12T20:52:04.170+0000] {logging_mixin.py:188} INFO - [2024-02-12T20:52:04.170+0000] {dag.py:3823} INFO - Setting next_dagrun for latest_only_with_trigger to 2024-02-12 16:00:00+00:00, run_after=2024-02-12 20:00:00+00:00
[2024-02-12T20:52:04.193+0000] {processor.py:183} INFO - Processing /home/ubuntu/reddit_venv/lib/python3.10/site-packages/airflow/example_dags/example_latest_only_with_trigger.py took 0.071 seconds
[2024-02-12T20:52:55.450+0000] {processor.py:161} INFO - Started process (PID=4636) to work on /home/ubuntu/reddit_venv/lib/python3.10/site-packages/airflow/example_dags/example_latest_only_with_trigger.py
[2024-02-12T20:52:55.452+0000] {processor.py:830} INFO - Processing file /home/ubuntu/reddit_venv/lib/python3.10/site-packages/airflow/example_dags/example_latest_only_with_trigger.py for tasks to queue
[2024-02-12T20:52:55.453+0000] {logging_mixin.py:188} INFO - [2024-02-12T20:52:55.452+0000] {dagbag.py:538} INFO - Filling up the DagBag from /home/ubuntu/reddit_venv/lib/python3.10/site-packages/airflow/example_dags/example_latest_only_with_trigger.py
[2024-02-12T20:52:55.459+0000] {processor.py:840} INFO - DAG(s) 'latest_only_with_trigger' retrieved from /home/ubuntu/reddit_venv/lib/python3.10/site-packages/airflow/example_dags/example_latest_only_with_trigger.py
[2024-02-12T20:52:55.476+0000] {logging_mixin.py:188} INFO - [2024-02-12T20:52:55.476+0000] {dag.py:3036} INFO - Sync 1 DAGs
[2024-02-12T20:52:55.498+0000] {logging_mixin.py:188} INFO - [2024-02-12T20:52:55.498+0000] {dag.py:3823} INFO - Setting next_dagrun for latest_only_with_trigger to 2024-02-12 16:00:00+00:00, run_after=2024-02-12 20:00:00+00:00
[2024-02-12T20:52:55.521+0000] {processor.py:183} INFO - Processing /home/ubuntu/reddit_venv/lib/python3.10/site-packages/airflow/example_dags/example_latest_only_with_trigger.py took 0.074 seconds
[2024-02-12T20:53:51.059+0000] {processor.py:161} INFO - Started process (PID=4697) to work on /home/ubuntu/reddit_venv/lib/python3.10/site-packages/airflow/example_dags/example_latest_only_with_trigger.py
[2024-02-12T20:53:51.061+0000] {processor.py:830} INFO - Processing file /home/ubuntu/reddit_venv/lib/python3.10/site-packages/airflow/example_dags/example_latest_only_with_trigger.py for tasks to queue
[2024-02-12T20:53:51.062+0000] {logging_mixin.py:188} INFO - [2024-02-12T20:53:51.062+0000] {dagbag.py:538} INFO - Filling up the DagBag from /home/ubuntu/reddit_venv/lib/python3.10/site-packages/airflow/example_dags/example_latest_only_with_trigger.py
[2024-02-12T20:53:51.069+0000] {processor.py:840} INFO - DAG(s) 'latest_only_with_trigger' retrieved from /home/ubuntu/reddit_venv/lib/python3.10/site-packages/airflow/example_dags/example_latest_only_with_trigger.py
[2024-02-12T20:53:51.085+0000] {logging_mixin.py:188} INFO - [2024-02-12T20:53:51.085+0000] {dag.py:3036} INFO - Sync 1 DAGs
[2024-02-12T20:53:51.105+0000] {logging_mixin.py:188} INFO - [2024-02-12T20:53:51.105+0000] {dag.py:3823} INFO - Setting next_dagrun for latest_only_with_trigger to 2024-02-12 16:00:00+00:00, run_after=2024-02-12 20:00:00+00:00
[2024-02-12T20:53:51.128+0000] {processor.py:183} INFO - Processing /home/ubuntu/reddit_venv/lib/python3.10/site-packages/airflow/example_dags/example_latest_only_with_trigger.py took 0.072 seconds
[2024-02-12T20:54:42.612+0000] {processor.py:161} INFO - Started process (PID=4752) to work on /home/ubuntu/reddit_venv/lib/python3.10/site-packages/airflow/example_dags/example_latest_only_with_trigger.py
[2024-02-12T20:54:42.614+0000] {processor.py:830} INFO - Processing file /home/ubuntu/reddit_venv/lib/python3.10/site-packages/airflow/example_dags/example_latest_only_with_trigger.py for tasks to queue
[2024-02-12T20:54:42.615+0000] {logging_mixin.py:188} INFO - [2024-02-12T20:54:42.615+0000] {dagbag.py:538} INFO - Filling up the DagBag from /home/ubuntu/reddit_venv/lib/python3.10/site-packages/airflow/example_dags/example_latest_only_with_trigger.py
[2024-02-12T20:54:42.622+0000] {processor.py:840} INFO - DAG(s) 'latest_only_with_trigger' retrieved from /home/ubuntu/reddit_venv/lib/python3.10/site-packages/airflow/example_dags/example_latest_only_with_trigger.py
[2024-02-12T20:54:42.638+0000] {logging_mixin.py:188} INFO - [2024-02-12T20:54:42.638+0000] {dag.py:3036} INFO - Sync 1 DAGs
[2024-02-12T20:54:42.658+0000] {logging_mixin.py:188} INFO - [2024-02-12T20:54:42.658+0000] {dag.py:3823} INFO - Setting next_dagrun for latest_only_with_trigger to 2024-02-12 16:00:00+00:00, run_after=2024-02-12 20:00:00+00:00
[2024-02-12T20:54:42.680+0000] {processor.py:183} INFO - Processing /home/ubuntu/reddit_venv/lib/python3.10/site-packages/airflow/example_dags/example_latest_only_with_trigger.py took 0.071 seconds
[2024-02-12T20:55:39.056+0000] {processor.py:161} INFO - Started process (PID=4881) to work on /home/ubuntu/reddit_venv/lib/python3.10/site-packages/airflow/example_dags/example_latest_only_with_trigger.py
[2024-02-12T20:55:39.057+0000] {processor.py:830} INFO - Processing file /home/ubuntu/reddit_venv/lib/python3.10/site-packages/airflow/example_dags/example_latest_only_with_trigger.py for tasks to queue
[2024-02-12T20:55:39.058+0000] {logging_mixin.py:188} INFO - [2024-02-12T20:55:39.058+0000] {dagbag.py:538} INFO - Filling up the DagBag from /home/ubuntu/reddit_venv/lib/python3.10/site-packages/airflow/example_dags/example_latest_only_with_trigger.py
[2024-02-12T20:55:39.064+0000] {processor.py:840} INFO - DAG(s) 'latest_only_with_trigger' retrieved from /home/ubuntu/reddit_venv/lib/python3.10/site-packages/airflow/example_dags/example_latest_only_with_trigger.py
[2024-02-12T20:55:39.081+0000] {logging_mixin.py:188} INFO - [2024-02-12T20:55:39.081+0000] {dag.py:3036} INFO - Sync 1 DAGs
[2024-02-12T20:55:39.101+0000] {logging_mixin.py:188} INFO - [2024-02-12T20:55:39.101+0000] {dag.py:3823} INFO - Setting next_dagrun for latest_only_with_trigger to 2024-02-12 16:00:00+00:00, run_after=2024-02-12 20:00:00+00:00
[2024-02-12T20:55:39.123+0000] {processor.py:183} INFO - Processing /home/ubuntu/reddit_venv/lib/python3.10/site-packages/airflow/example_dags/example_latest_only_with_trigger.py took 0.071 seconds
[2024-02-12T20:56:26.966+0000] {processor.py:161} INFO - Started process (PID=4937) to work on /home/ubuntu/reddit_venv/lib/python3.10/site-packages/airflow/example_dags/example_latest_only_with_trigger.py
[2024-02-12T20:56:26.968+0000] {processor.py:830} INFO - Processing file /home/ubuntu/reddit_venv/lib/python3.10/site-packages/airflow/example_dags/example_latest_only_with_trigger.py for tasks to queue
[2024-02-12T20:56:26.969+0000] {logging_mixin.py:188} INFO - [2024-02-12T20:56:26.968+0000] {dagbag.py:538} INFO - Filling up the DagBag from /home/ubuntu/reddit_venv/lib/python3.10/site-packages/airflow/example_dags/example_latest_only_with_trigger.py
[2024-02-12T20:56:26.976+0000] {processor.py:840} INFO - DAG(s) 'latest_only_with_trigger' retrieved from /home/ubuntu/reddit_venv/lib/python3.10/site-packages/airflow/example_dags/example_latest_only_with_trigger.py
[2024-02-12T20:56:26.993+0000] {logging_mixin.py:188} INFO - [2024-02-12T20:56:26.993+0000] {dag.py:3036} INFO - Sync 1 DAGs
[2024-02-12T20:56:27.014+0000] {logging_mixin.py:188} INFO - [2024-02-12T20:56:27.014+0000] {dag.py:3823} INFO - Setting next_dagrun for latest_only_with_trigger to 2024-02-12 16:00:00+00:00, run_after=2024-02-12 20:00:00+00:00
[2024-02-12T20:56:27.036+0000] {processor.py:183} INFO - Processing /home/ubuntu/reddit_venv/lib/python3.10/site-packages/airflow/example_dags/example_latest_only_with_trigger.py took 0.074 seconds
[2024-02-12T20:57:21.955+0000] {processor.py:161} INFO - Started process (PID=4994) to work on /home/ubuntu/reddit_venv/lib/python3.10/site-packages/airflow/example_dags/example_latest_only_with_trigger.py
[2024-02-12T20:57:21.957+0000] {processor.py:830} INFO - Processing file /home/ubuntu/reddit_venv/lib/python3.10/site-packages/airflow/example_dags/example_latest_only_with_trigger.py for tasks to queue
[2024-02-12T20:57:21.958+0000] {logging_mixin.py:188} INFO - [2024-02-12T20:57:21.957+0000] {dagbag.py:538} INFO - Filling up the DagBag from /home/ubuntu/reddit_venv/lib/python3.10/site-packages/airflow/example_dags/example_latest_only_with_trigger.py
[2024-02-12T20:57:21.964+0000] {processor.py:840} INFO - DAG(s) 'latest_only_with_trigger' retrieved from /home/ubuntu/reddit_venv/lib/python3.10/site-packages/airflow/example_dags/example_latest_only_with_trigger.py
[2024-02-12T20:57:21.981+0000] {logging_mixin.py:188} INFO - [2024-02-12T20:57:21.981+0000] {dag.py:3036} INFO - Sync 1 DAGs
[2024-02-12T20:57:22.001+0000] {logging_mixin.py:188} INFO - [2024-02-12T20:57:22.001+0000] {dag.py:3823} INFO - Setting next_dagrun for latest_only_with_trigger to 2024-02-12 16:00:00+00:00, run_after=2024-02-12 20:00:00+00:00
[2024-02-12T20:57:22.038+0000] {processor.py:183} INFO - Processing /home/ubuntu/reddit_venv/lib/python3.10/site-packages/airflow/example_dags/example_latest_only_with_trigger.py took 0.086 seconds
[2024-02-12T20:58:14.907+0000] {processor.py:161} INFO - Started process (PID=5052) to work on /home/ubuntu/reddit_venv/lib/python3.10/site-packages/airflow/example_dags/example_latest_only_with_trigger.py
[2024-02-12T20:58:14.908+0000] {processor.py:830} INFO - Processing file /home/ubuntu/reddit_venv/lib/python3.10/site-packages/airflow/example_dags/example_latest_only_with_trigger.py for tasks to queue
[2024-02-12T20:58:14.909+0000] {logging_mixin.py:188} INFO - [2024-02-12T20:58:14.909+0000] {dagbag.py:538} INFO - Filling up the DagBag from /home/ubuntu/reddit_venv/lib/python3.10/site-packages/airflow/example_dags/example_latest_only_with_trigger.py
[2024-02-12T20:58:14.916+0000] {processor.py:840} INFO - DAG(s) 'latest_only_with_trigger' retrieved from /home/ubuntu/reddit_venv/lib/python3.10/site-packages/airflow/example_dags/example_latest_only_with_trigger.py
[2024-02-12T20:58:14.933+0000] {logging_mixin.py:188} INFO - [2024-02-12T20:58:14.933+0000] {dag.py:3036} INFO - Sync 1 DAGs
[2024-02-12T20:58:14.954+0000] {logging_mixin.py:188} INFO - [2024-02-12T20:58:14.953+0000] {dag.py:3823} INFO - Setting next_dagrun for latest_only_with_trigger to 2024-02-12 16:00:00+00:00, run_after=2024-02-12 20:00:00+00:00
[2024-02-12T20:58:14.976+0000] {processor.py:183} INFO - Processing /home/ubuntu/reddit_venv/lib/python3.10/site-packages/airflow/example_dags/example_latest_only_with_trigger.py took 0.072 seconds
[2024-02-12T20:59:07.398+0000] {processor.py:161} INFO - Started process (PID=5109) to work on /home/ubuntu/reddit_venv/lib/python3.10/site-packages/airflow/example_dags/example_latest_only_with_trigger.py
[2024-02-12T20:59:07.400+0000] {processor.py:830} INFO - Processing file /home/ubuntu/reddit_venv/lib/python3.10/site-packages/airflow/example_dags/example_latest_only_with_trigger.py for tasks to queue
[2024-02-12T20:59:07.401+0000] {logging_mixin.py:188} INFO - [2024-02-12T20:59:07.400+0000] {dagbag.py:538} INFO - Filling up the DagBag from /home/ubuntu/reddit_venv/lib/python3.10/site-packages/airflow/example_dags/example_latest_only_with_trigger.py
[2024-02-12T20:59:07.407+0000] {processor.py:840} INFO - DAG(s) 'latest_only_with_trigger' retrieved from /home/ubuntu/reddit_venv/lib/python3.10/site-packages/airflow/example_dags/example_latest_only_with_trigger.py
[2024-02-12T20:59:07.424+0000] {logging_mixin.py:188} INFO - [2024-02-12T20:59:07.423+0000] {dag.py:3036} INFO - Sync 1 DAGs
[2024-02-12T20:59:07.445+0000] {logging_mixin.py:188} INFO - [2024-02-12T20:59:07.444+0000] {dag.py:3823} INFO - Setting next_dagrun for latest_only_with_trigger to 2024-02-12 16:00:00+00:00, run_after=2024-02-12 20:00:00+00:00
[2024-02-12T20:59:07.466+0000] {processor.py:183} INFO - Processing /home/ubuntu/reddit_venv/lib/python3.10/site-packages/airflow/example_dags/example_latest_only_with_trigger.py took 0.071 seconds
[2024-02-12T20:59:59.444+0000] {processor.py:161} INFO - Started process (PID=5168) to work on /home/ubuntu/reddit_venv/lib/python3.10/site-packages/airflow/example_dags/example_latest_only_with_trigger.py
[2024-02-12T20:59:59.446+0000] {processor.py:830} INFO - Processing file /home/ubuntu/reddit_venv/lib/python3.10/site-packages/airflow/example_dags/example_latest_only_with_trigger.py for tasks to queue
[2024-02-12T20:59:59.447+0000] {logging_mixin.py:188} INFO - [2024-02-12T20:59:59.447+0000] {dagbag.py:538} INFO - Filling up the DagBag from /home/ubuntu/reddit_venv/lib/python3.10/site-packages/airflow/example_dags/example_latest_only_with_trigger.py
[2024-02-12T20:59:59.453+0000] {processor.py:840} INFO - DAG(s) 'latest_only_with_trigger' retrieved from /home/ubuntu/reddit_venv/lib/python3.10/site-packages/airflow/example_dags/example_latest_only_with_trigger.py
[2024-02-12T20:59:59.470+0000] {logging_mixin.py:188} INFO - [2024-02-12T20:59:59.470+0000] {dag.py:3036} INFO - Sync 1 DAGs
[2024-02-12T20:59:59.490+0000] {logging_mixin.py:188} INFO - [2024-02-12T20:59:59.490+0000] {dag.py:3823} INFO - Setting next_dagrun for latest_only_with_trigger to 2024-02-12 16:00:00+00:00, run_after=2024-02-12 20:00:00+00:00
[2024-02-12T20:59:59.512+0000] {processor.py:183} INFO - Processing /home/ubuntu/reddit_venv/lib/python3.10/site-packages/airflow/example_dags/example_latest_only_with_trigger.py took 0.071 seconds
[2024-02-12T21:00:51.966+0000] {processor.py:161} INFO - Started process (PID=5480) to work on /home/ubuntu/reddit_venv/lib/python3.10/site-packages/airflow/example_dags/example_latest_only_with_trigger.py
[2024-02-12T21:00:51.968+0000] {processor.py:830} INFO - Processing file /home/ubuntu/reddit_venv/lib/python3.10/site-packages/airflow/example_dags/example_latest_only_with_trigger.py for tasks to queue
[2024-02-12T21:00:51.969+0000] {logging_mixin.py:188} INFO - [2024-02-12T21:00:51.968+0000] {dagbag.py:538} INFO - Filling up the DagBag from /home/ubuntu/reddit_venv/lib/python3.10/site-packages/airflow/example_dags/example_latest_only_with_trigger.py
[2024-02-12T21:00:51.975+0000] {processor.py:840} INFO - DAG(s) 'latest_only_with_trigger' retrieved from /home/ubuntu/reddit_venv/lib/python3.10/site-packages/airflow/example_dags/example_latest_only_with_trigger.py
[2024-02-12T21:00:51.991+0000] {logging_mixin.py:188} INFO - [2024-02-12T21:00:51.991+0000] {dag.py:3036} INFO - Sync 1 DAGs
[2024-02-12T21:00:52.011+0000] {logging_mixin.py:188} INFO - [2024-02-12T21:00:52.011+0000] {dag.py:3823} INFO - Setting next_dagrun for latest_only_with_trigger to 2024-02-12 16:00:00+00:00, run_after=2024-02-12 20:00:00+00:00
[2024-02-12T21:00:52.032+0000] {processor.py:183} INFO - Processing /home/ubuntu/reddit_venv/lib/python3.10/site-packages/airflow/example_dags/example_latest_only_with_trigger.py took 0.069 seconds
[2024-02-12T21:01:45.355+0000] {processor.py:161} INFO - Started process (PID=5782) to work on /home/ubuntu/reddit_venv/lib/python3.10/site-packages/airflow/example_dags/example_latest_only_with_trigger.py
[2024-02-12T21:01:45.356+0000] {processor.py:830} INFO - Processing file /home/ubuntu/reddit_venv/lib/python3.10/site-packages/airflow/example_dags/example_latest_only_with_trigger.py for tasks to queue
[2024-02-12T21:01:45.357+0000] {logging_mixin.py:188} INFO - [2024-02-12T21:01:45.357+0000] {dagbag.py:538} INFO - Filling up the DagBag from /home/ubuntu/reddit_venv/lib/python3.10/site-packages/airflow/example_dags/example_latest_only_with_trigger.py
[2024-02-12T21:01:45.363+0000] {processor.py:840} INFO - DAG(s) 'latest_only_with_trigger' retrieved from /home/ubuntu/reddit_venv/lib/python3.10/site-packages/airflow/example_dags/example_latest_only_with_trigger.py
[2024-02-12T21:01:45.380+0000] {logging_mixin.py:188} INFO - [2024-02-12T21:01:45.380+0000] {dag.py:3036} INFO - Sync 1 DAGs
[2024-02-12T21:01:45.400+0000] {logging_mixin.py:188} INFO - [2024-02-12T21:01:45.400+0000] {dag.py:3823} INFO - Setting next_dagrun for latest_only_with_trigger to 2024-02-12 16:00:00+00:00, run_after=2024-02-12 20:00:00+00:00
[2024-02-12T21:01:45.420+0000] {processor.py:183} INFO - Processing /home/ubuntu/reddit_venv/lib/python3.10/site-packages/airflow/example_dags/example_latest_only_with_trigger.py took 0.069 seconds
[2024-02-12T21:02:35.677+0000] {processor.py:161} INFO - Started process (PID=5836) to work on /home/ubuntu/reddit_venv/lib/python3.10/site-packages/airflow/example_dags/example_latest_only_with_trigger.py
[2024-02-12T21:02:35.679+0000] {processor.py:830} INFO - Processing file /home/ubuntu/reddit_venv/lib/python3.10/site-packages/airflow/example_dags/example_latest_only_with_trigger.py for tasks to queue
[2024-02-12T21:02:35.680+0000] {logging_mixin.py:188} INFO - [2024-02-12T21:02:35.680+0000] {dagbag.py:538} INFO - Filling up the DagBag from /home/ubuntu/reddit_venv/lib/python3.10/site-packages/airflow/example_dags/example_latest_only_with_trigger.py
[2024-02-12T21:02:35.686+0000] {processor.py:840} INFO - DAG(s) 'latest_only_with_trigger' retrieved from /home/ubuntu/reddit_venv/lib/python3.10/site-packages/airflow/example_dags/example_latest_only_with_trigger.py
[2024-02-12T21:02:35.703+0000] {logging_mixin.py:188} INFO - [2024-02-12T21:02:35.703+0000] {dag.py:3036} INFO - Sync 1 DAGs
[2024-02-12T21:02:35.724+0000] {logging_mixin.py:188} INFO - [2024-02-12T21:02:35.724+0000] {dag.py:3823} INFO - Setting next_dagrun for latest_only_with_trigger to 2024-02-12 16:00:00+00:00, run_after=2024-02-12 20:00:00+00:00
[2024-02-12T21:02:35.747+0000] {processor.py:183} INFO - Processing /home/ubuntu/reddit_venv/lib/python3.10/site-packages/airflow/example_dags/example_latest_only_with_trigger.py took 0.072 seconds
[2024-02-12T21:03:25.884+0000] {processor.py:161} INFO - Started process (PID=5892) to work on /home/ubuntu/reddit_venv/lib/python3.10/site-packages/airflow/example_dags/example_latest_only_with_trigger.py
[2024-02-12T21:03:25.885+0000] {processor.py:830} INFO - Processing file /home/ubuntu/reddit_venv/lib/python3.10/site-packages/airflow/example_dags/example_latest_only_with_trigger.py for tasks to queue
[2024-02-12T21:03:25.886+0000] {logging_mixin.py:188} INFO - [2024-02-12T21:03:25.886+0000] {dagbag.py:538} INFO - Filling up the DagBag from /home/ubuntu/reddit_venv/lib/python3.10/site-packages/airflow/example_dags/example_latest_only_with_trigger.py
[2024-02-12T21:03:25.893+0000] {processor.py:840} INFO - DAG(s) 'latest_only_with_trigger' retrieved from /home/ubuntu/reddit_venv/lib/python3.10/site-packages/airflow/example_dags/example_latest_only_with_trigger.py
[2024-02-12T21:03:25.910+0000] {logging_mixin.py:188} INFO - [2024-02-12T21:03:25.910+0000] {dag.py:3036} INFO - Sync 1 DAGs
[2024-02-12T21:03:25.931+0000] {logging_mixin.py:188} INFO - [2024-02-12T21:03:25.931+0000] {dag.py:3823} INFO - Setting next_dagrun for latest_only_with_trigger to 2024-02-12 16:00:00+00:00, run_after=2024-02-12 20:00:00+00:00
[2024-02-12T21:03:25.955+0000] {processor.py:183} INFO - Processing /home/ubuntu/reddit_venv/lib/python3.10/site-packages/airflow/example_dags/example_latest_only_with_trigger.py took 0.075 seconds
[2024-02-12T21:04:14.397+0000] {processor.py:161} INFO - Started process (PID=5949) to work on /home/ubuntu/reddit_venv/lib/python3.10/site-packages/airflow/example_dags/example_latest_only_with_trigger.py
[2024-02-12T21:04:14.399+0000] {processor.py:830} INFO - Processing file /home/ubuntu/reddit_venv/lib/python3.10/site-packages/airflow/example_dags/example_latest_only_with_trigger.py for tasks to queue
[2024-02-12T21:04:14.400+0000] {logging_mixin.py:188} INFO - [2024-02-12T21:04:14.399+0000] {dagbag.py:538} INFO - Filling up the DagBag from /home/ubuntu/reddit_venv/lib/python3.10/site-packages/airflow/example_dags/example_latest_only_with_trigger.py
[2024-02-12T21:04:14.406+0000] {processor.py:840} INFO - DAG(s) 'latest_only_with_trigger' retrieved from /home/ubuntu/reddit_venv/lib/python3.10/site-packages/airflow/example_dags/example_latest_only_with_trigger.py
[2024-02-12T21:04:14.423+0000] {logging_mixin.py:188} INFO - [2024-02-12T21:04:14.423+0000] {dag.py:3036} INFO - Sync 1 DAGs
[2024-02-12T21:04:14.443+0000] {logging_mixin.py:188} INFO - [2024-02-12T21:04:14.443+0000] {dag.py:3823} INFO - Setting next_dagrun for latest_only_with_trigger to 2024-02-12 16:00:00+00:00, run_after=2024-02-12 20:00:00+00:00
[2024-02-12T21:04:14.465+0000] {processor.py:183} INFO - Processing /home/ubuntu/reddit_venv/lib/python3.10/site-packages/airflow/example_dags/example_latest_only_with_trigger.py took 0.071 seconds
[2024-02-12T21:05:06.120+0000] {processor.py:161} INFO - Started process (PID=6007) to work on /home/ubuntu/reddit_venv/lib/python3.10/site-packages/airflow/example_dags/example_latest_only_with_trigger.py
[2024-02-12T21:05:06.121+0000] {processor.py:830} INFO - Processing file /home/ubuntu/reddit_venv/lib/python3.10/site-packages/airflow/example_dags/example_latest_only_with_trigger.py for tasks to queue
[2024-02-12T21:05:06.122+0000] {logging_mixin.py:188} INFO - [2024-02-12T21:05:06.122+0000] {dagbag.py:538} INFO - Filling up the DagBag from /home/ubuntu/reddit_venv/lib/python3.10/site-packages/airflow/example_dags/example_latest_only_with_trigger.py
[2024-02-12T21:05:06.129+0000] {processor.py:840} INFO - DAG(s) 'latest_only_with_trigger' retrieved from /home/ubuntu/reddit_venv/lib/python3.10/site-packages/airflow/example_dags/example_latest_only_with_trigger.py
[2024-02-12T21:05:06.145+0000] {logging_mixin.py:188} INFO - [2024-02-12T21:05:06.145+0000] {dag.py:3036} INFO - Sync 1 DAGs
[2024-02-12T21:05:06.165+0000] {logging_mixin.py:188} INFO - [2024-02-12T21:05:06.165+0000] {dag.py:3823} INFO - Setting next_dagrun for latest_only_with_trigger to 2024-02-12 16:00:00+00:00, run_after=2024-02-12 20:00:00+00:00
[2024-02-12T21:05:06.186+0000] {processor.py:183} INFO - Processing /home/ubuntu/reddit_venv/lib/python3.10/site-packages/airflow/example_dags/example_latest_only_with_trigger.py took 0.070 seconds
[2024-02-12T21:05:55.262+0000] {processor.py:161} INFO - Started process (PID=6062) to work on /home/ubuntu/reddit_venv/lib/python3.10/site-packages/airflow/example_dags/example_latest_only_with_trigger.py
[2024-02-12T21:05:55.263+0000] {processor.py:830} INFO - Processing file /home/ubuntu/reddit_venv/lib/python3.10/site-packages/airflow/example_dags/example_latest_only_with_trigger.py for tasks to queue
[2024-02-12T21:05:55.264+0000] {logging_mixin.py:188} INFO - [2024-02-12T21:05:55.264+0000] {dagbag.py:538} INFO - Filling up the DagBag from /home/ubuntu/reddit_venv/lib/python3.10/site-packages/airflow/example_dags/example_latest_only_with_trigger.py
[2024-02-12T21:05:55.270+0000] {processor.py:840} INFO - DAG(s) 'latest_only_with_trigger' retrieved from /home/ubuntu/reddit_venv/lib/python3.10/site-packages/airflow/example_dags/example_latest_only_with_trigger.py
[2024-02-12T21:05:55.287+0000] {logging_mixin.py:188} INFO - [2024-02-12T21:05:55.286+0000] {dag.py:3036} INFO - Sync 1 DAGs
[2024-02-12T21:05:55.307+0000] {logging_mixin.py:188} INFO - [2024-02-12T21:05:55.306+0000] {dag.py:3823} INFO - Setting next_dagrun for latest_only_with_trigger to 2024-02-12 16:00:00+00:00, run_after=2024-02-12 20:00:00+00:00
[2024-02-12T21:05:55.328+0000] {processor.py:183} INFO - Processing /home/ubuntu/reddit_venv/lib/python3.10/site-packages/airflow/example_dags/example_latest_only_with_trigger.py took 0.070 seconds
[2024-02-12T21:06:44.675+0000] {processor.py:161} INFO - Started process (PID=6116) to work on /home/ubuntu/reddit_venv/lib/python3.10/site-packages/airflow/example_dags/example_latest_only_with_trigger.py
[2024-02-12T21:06:44.677+0000] {processor.py:830} INFO - Processing file /home/ubuntu/reddit_venv/lib/python3.10/site-packages/airflow/example_dags/example_latest_only_with_trigger.py for tasks to queue
[2024-02-12T21:06:44.678+0000] {logging_mixin.py:188} INFO - [2024-02-12T21:06:44.677+0000] {dagbag.py:538} INFO - Filling up the DagBag from /home/ubuntu/reddit_venv/lib/python3.10/site-packages/airflow/example_dags/example_latest_only_with_trigger.py
[2024-02-12T21:06:44.684+0000] {processor.py:840} INFO - DAG(s) 'latest_only_with_trigger' retrieved from /home/ubuntu/reddit_venv/lib/python3.10/site-packages/airflow/example_dags/example_latest_only_with_trigger.py
[2024-02-12T21:06:44.701+0000] {logging_mixin.py:188} INFO - [2024-02-12T21:06:44.700+0000] {dag.py:3036} INFO - Sync 1 DAGs
[2024-02-12T21:06:44.721+0000] {logging_mixin.py:188} INFO - [2024-02-12T21:06:44.721+0000] {dag.py:3823} INFO - Setting next_dagrun for latest_only_with_trigger to 2024-02-12 16:00:00+00:00, run_after=2024-02-12 20:00:00+00:00
[2024-02-12T21:06:44.748+0000] {processor.py:183} INFO - Processing /home/ubuntu/reddit_venv/lib/python3.10/site-packages/airflow/example_dags/example_latest_only_with_trigger.py took 0.075 seconds
[2024-02-12T21:07:39.525+0000] {processor.py:161} INFO - Started process (PID=6173) to work on /home/ubuntu/reddit_venv/lib/python3.10/site-packages/airflow/example_dags/example_latest_only_with_trigger.py
[2024-02-12T21:07:39.527+0000] {processor.py:830} INFO - Processing file /home/ubuntu/reddit_venv/lib/python3.10/site-packages/airflow/example_dags/example_latest_only_with_trigger.py for tasks to queue
[2024-02-12T21:07:39.527+0000] {logging_mixin.py:188} INFO - [2024-02-12T21:07:39.527+0000] {dagbag.py:538} INFO - Filling up the DagBag from /home/ubuntu/reddit_venv/lib/python3.10/site-packages/airflow/example_dags/example_latest_only_with_trigger.py
[2024-02-12T21:07:39.534+0000] {processor.py:840} INFO - DAG(s) 'latest_only_with_trigger' retrieved from /home/ubuntu/reddit_venv/lib/python3.10/site-packages/airflow/example_dags/example_latest_only_with_trigger.py
[2024-02-12T21:07:39.551+0000] {logging_mixin.py:188} INFO - [2024-02-12T21:07:39.551+0000] {dag.py:3036} INFO - Sync 1 DAGs
[2024-02-12T21:07:39.572+0000] {logging_mixin.py:188} INFO - [2024-02-12T21:07:39.572+0000] {dag.py:3823} INFO - Setting next_dagrun for latest_only_with_trigger to 2024-02-12 16:00:00+00:00, run_after=2024-02-12 20:00:00+00:00
[2024-02-12T21:07:39.594+0000] {processor.py:183} INFO - Processing /home/ubuntu/reddit_venv/lib/python3.10/site-packages/airflow/example_dags/example_latest_only_with_trigger.py took 0.072 seconds
[2024-02-12T21:08:37.642+0000] {processor.py:161} INFO - Started process (PID=6233) to work on /home/ubuntu/reddit_venv/lib/python3.10/site-packages/airflow/example_dags/example_latest_only_with_trigger.py
[2024-02-12T21:08:37.643+0000] {processor.py:830} INFO - Processing file /home/ubuntu/reddit_venv/lib/python3.10/site-packages/airflow/example_dags/example_latest_only_with_trigger.py for tasks to queue
[2024-02-12T21:08:37.644+0000] {logging_mixin.py:188} INFO - [2024-02-12T21:08:37.644+0000] {dagbag.py:538} INFO - Filling up the DagBag from /home/ubuntu/reddit_venv/lib/python3.10/site-packages/airflow/example_dags/example_latest_only_with_trigger.py
[2024-02-12T21:08:37.651+0000] {processor.py:840} INFO - DAG(s) 'latest_only_with_trigger' retrieved from /home/ubuntu/reddit_venv/lib/python3.10/site-packages/airflow/example_dags/example_latest_only_with_trigger.py
[2024-02-12T21:08:37.668+0000] {logging_mixin.py:188} INFO - [2024-02-12T21:08:37.668+0000] {dag.py:3036} INFO - Sync 1 DAGs
[2024-02-12T21:08:37.688+0000] {logging_mixin.py:188} INFO - [2024-02-12T21:08:37.688+0000] {dag.py:3823} INFO - Setting next_dagrun for latest_only_with_trigger to 2024-02-12 16:00:00+00:00, run_after=2024-02-12 20:00:00+00:00
[2024-02-12T21:08:37.709+0000] {processor.py:183} INFO - Processing /home/ubuntu/reddit_venv/lib/python3.10/site-packages/airflow/example_dags/example_latest_only_with_trigger.py took 0.071 seconds
[2024-02-12T21:09:30.897+0000] {processor.py:161} INFO - Started process (PID=6291) to work on /home/ubuntu/reddit_venv/lib/python3.10/site-packages/airflow/example_dags/example_latest_only_with_trigger.py
[2024-02-12T21:09:30.899+0000] {processor.py:830} INFO - Processing file /home/ubuntu/reddit_venv/lib/python3.10/site-packages/airflow/example_dags/example_latest_only_with_trigger.py for tasks to queue
[2024-02-12T21:09:30.900+0000] {logging_mixin.py:188} INFO - [2024-02-12T21:09:30.899+0000] {dagbag.py:538} INFO - Filling up the DagBag from /home/ubuntu/reddit_venv/lib/python3.10/site-packages/airflow/example_dags/example_latest_only_with_trigger.py
[2024-02-12T21:09:30.906+0000] {processor.py:840} INFO - DAG(s) 'latest_only_with_trigger' retrieved from /home/ubuntu/reddit_venv/lib/python3.10/site-packages/airflow/example_dags/example_latest_only_with_trigger.py
[2024-02-12T21:09:30.924+0000] {logging_mixin.py:188} INFO - [2024-02-12T21:09:30.923+0000] {dag.py:3036} INFO - Sync 1 DAGs
[2024-02-12T21:09:30.944+0000] {logging_mixin.py:188} INFO - [2024-02-12T21:09:30.944+0000] {dag.py:3823} INFO - Setting next_dagrun for latest_only_with_trigger to 2024-02-12 16:00:00+00:00, run_after=2024-02-12 20:00:00+00:00
[2024-02-12T21:09:30.966+0000] {processor.py:183} INFO - Processing /home/ubuntu/reddit_venv/lib/python3.10/site-packages/airflow/example_dags/example_latest_only_with_trigger.py took 0.072 seconds
[2024-02-12T21:10:19.367+0000] {processor.py:161} INFO - Started process (PID=6345) to work on /home/ubuntu/reddit_venv/lib/python3.10/site-packages/airflow/example_dags/example_latest_only_with_trigger.py
[2024-02-12T21:10:19.368+0000] {processor.py:830} INFO - Processing file /home/ubuntu/reddit_venv/lib/python3.10/site-packages/airflow/example_dags/example_latest_only_with_trigger.py for tasks to queue
[2024-02-12T21:10:19.369+0000] {logging_mixin.py:188} INFO - [2024-02-12T21:10:19.368+0000] {dagbag.py:538} INFO - Filling up the DagBag from /home/ubuntu/reddit_venv/lib/python3.10/site-packages/airflow/example_dags/example_latest_only_with_trigger.py
[2024-02-12T21:10:19.375+0000] {processor.py:840} INFO - DAG(s) 'latest_only_with_trigger' retrieved from /home/ubuntu/reddit_venv/lib/python3.10/site-packages/airflow/example_dags/example_latest_only_with_trigger.py
[2024-02-12T21:10:19.393+0000] {logging_mixin.py:188} INFO - [2024-02-12T21:10:19.392+0000] {dag.py:3036} INFO - Sync 1 DAGs
[2024-02-12T21:10:19.414+0000] {logging_mixin.py:188} INFO - [2024-02-12T21:10:19.414+0000] {dag.py:3823} INFO - Setting next_dagrun for latest_only_with_trigger to 2024-02-12 16:00:00+00:00, run_after=2024-02-12 20:00:00+00:00
[2024-02-12T21:10:19.436+0000] {processor.py:183} INFO - Processing /home/ubuntu/reddit_venv/lib/python3.10/site-packages/airflow/example_dags/example_latest_only_with_trigger.py took 0.073 seconds
[2024-02-12T21:11:13.163+0000] {processor.py:161} INFO - Started process (PID=6401) to work on /home/ubuntu/reddit_venv/lib/python3.10/site-packages/airflow/example_dags/example_latest_only_with_trigger.py
[2024-02-12T21:11:13.165+0000] {processor.py:830} INFO - Processing file /home/ubuntu/reddit_venv/lib/python3.10/site-packages/airflow/example_dags/example_latest_only_with_trigger.py for tasks to queue
[2024-02-12T21:11:13.166+0000] {logging_mixin.py:188} INFO - [2024-02-12T21:11:13.165+0000] {dagbag.py:538} INFO - Filling up the DagBag from /home/ubuntu/reddit_venv/lib/python3.10/site-packages/airflow/example_dags/example_latest_only_with_trigger.py
[2024-02-12T21:11:13.172+0000] {processor.py:840} INFO - DAG(s) 'latest_only_with_trigger' retrieved from /home/ubuntu/reddit_venv/lib/python3.10/site-packages/airflow/example_dags/example_latest_only_with_trigger.py
[2024-02-12T21:11:13.189+0000] {logging_mixin.py:188} INFO - [2024-02-12T21:11:13.189+0000] {dag.py:3036} INFO - Sync 1 DAGs
[2024-02-12T21:11:13.209+0000] {logging_mixin.py:188} INFO - [2024-02-12T21:11:13.209+0000] {dag.py:3823} INFO - Setting next_dagrun for latest_only_with_trigger to 2024-02-12 16:00:00+00:00, run_after=2024-02-12 20:00:00+00:00
[2024-02-12T21:11:13.232+0000] {processor.py:183} INFO - Processing /home/ubuntu/reddit_venv/lib/python3.10/site-packages/airflow/example_dags/example_latest_only_with_trigger.py took 0.072 seconds
[2024-02-12T21:12:08.074+0000] {processor.py:161} INFO - Started process (PID=6463) to work on /home/ubuntu/reddit_venv/lib/python3.10/site-packages/airflow/example_dags/example_latest_only_with_trigger.py
[2024-02-12T21:12:08.075+0000] {processor.py:830} INFO - Processing file /home/ubuntu/reddit_venv/lib/python3.10/site-packages/airflow/example_dags/example_latest_only_with_trigger.py for tasks to queue
[2024-02-12T21:12:08.076+0000] {logging_mixin.py:188} INFO - [2024-02-12T21:12:08.076+0000] {dagbag.py:538} INFO - Filling up the DagBag from /home/ubuntu/reddit_venv/lib/python3.10/site-packages/airflow/example_dags/example_latest_only_with_trigger.py
[2024-02-12T21:12:08.083+0000] {processor.py:840} INFO - DAG(s) 'latest_only_with_trigger' retrieved from /home/ubuntu/reddit_venv/lib/python3.10/site-packages/airflow/example_dags/example_latest_only_with_trigger.py
[2024-02-12T21:12:08.100+0000] {logging_mixin.py:188} INFO - [2024-02-12T21:12:08.099+0000] {dag.py:3036} INFO - Sync 1 DAGs
[2024-02-12T21:12:08.120+0000] {logging_mixin.py:188} INFO - [2024-02-12T21:12:08.120+0000] {dag.py:3823} INFO - Setting next_dagrun for latest_only_with_trigger to 2024-02-12 16:00:00+00:00, run_after=2024-02-12 20:00:00+00:00
[2024-02-12T21:12:08.143+0000] {processor.py:183} INFO - Processing /home/ubuntu/reddit_venv/lib/python3.10/site-packages/airflow/example_dags/example_latest_only_with_trigger.py took 0.073 seconds
[2024-02-12T21:12:55.999+0000] {processor.py:161} INFO - Started process (PID=6516) to work on /home/ubuntu/reddit_venv/lib/python3.10/site-packages/airflow/example_dags/example_latest_only_with_trigger.py
[2024-02-12T21:12:56.001+0000] {processor.py:830} INFO - Processing file /home/ubuntu/reddit_venv/lib/python3.10/site-packages/airflow/example_dags/example_latest_only_with_trigger.py for tasks to queue
[2024-02-12T21:12:56.002+0000] {logging_mixin.py:188} INFO - [2024-02-12T21:12:56.001+0000] {dagbag.py:538} INFO - Filling up the DagBag from /home/ubuntu/reddit_venv/lib/python3.10/site-packages/airflow/example_dags/example_latest_only_with_trigger.py
[2024-02-12T21:12:56.008+0000] {processor.py:840} INFO - DAG(s) 'latest_only_with_trigger' retrieved from /home/ubuntu/reddit_venv/lib/python3.10/site-packages/airflow/example_dags/example_latest_only_with_trigger.py
[2024-02-12T21:12:56.025+0000] {logging_mixin.py:188} INFO - [2024-02-12T21:12:56.025+0000] {dag.py:3036} INFO - Sync 1 DAGs
[2024-02-12T21:12:56.044+0000] {logging_mixin.py:188} INFO - [2024-02-12T21:12:56.044+0000] {dag.py:3823} INFO - Setting next_dagrun for latest_only_with_trigger to 2024-02-12 16:00:00+00:00, run_after=2024-02-12 20:00:00+00:00
[2024-02-12T21:12:56.074+0000] {processor.py:183} INFO - Processing /home/ubuntu/reddit_venv/lib/python3.10/site-packages/airflow/example_dags/example_latest_only_with_trigger.py took 0.078 seconds
[2024-02-12T21:13:51.338+0000] {processor.py:161} INFO - Started process (PID=6576) to work on /home/ubuntu/reddit_venv/lib/python3.10/site-packages/airflow/example_dags/example_latest_only_with_trigger.py
[2024-02-12T21:13:51.340+0000] {processor.py:830} INFO - Processing file /home/ubuntu/reddit_venv/lib/python3.10/site-packages/airflow/example_dags/example_latest_only_with_trigger.py for tasks to queue
[2024-02-12T21:13:51.341+0000] {logging_mixin.py:188} INFO - [2024-02-12T21:13:51.340+0000] {dagbag.py:538} INFO - Filling up the DagBag from /home/ubuntu/reddit_venv/lib/python3.10/site-packages/airflow/example_dags/example_latest_only_with_trigger.py
[2024-02-12T21:13:51.347+0000] {processor.py:840} INFO - DAG(s) 'latest_only_with_trigger' retrieved from /home/ubuntu/reddit_venv/lib/python3.10/site-packages/airflow/example_dags/example_latest_only_with_trigger.py
[2024-02-12T21:13:51.364+0000] {logging_mixin.py:188} INFO - [2024-02-12T21:13:51.363+0000] {dag.py:3036} INFO - Sync 1 DAGs
[2024-02-12T21:13:51.384+0000] {logging_mixin.py:188} INFO - [2024-02-12T21:13:51.384+0000] {dag.py:3823} INFO - Setting next_dagrun for latest_only_with_trigger to 2024-02-12 16:00:00+00:00, run_after=2024-02-12 20:00:00+00:00
[2024-02-12T21:13:51.405+0000] {processor.py:183} INFO - Processing /home/ubuntu/reddit_venv/lib/python3.10/site-packages/airflow/example_dags/example_latest_only_with_trigger.py took 0.071 seconds
[2024-02-12T21:14:37.810+0000] {processor.py:161} INFO - Started process (PID=6628) to work on /home/ubuntu/reddit_venv/lib/python3.10/site-packages/airflow/example_dags/example_latest_only_with_trigger.py
[2024-02-12T21:14:37.812+0000] {processor.py:830} INFO - Processing file /home/ubuntu/reddit_venv/lib/python3.10/site-packages/airflow/example_dags/example_latest_only_with_trigger.py for tasks to queue
[2024-02-12T21:14:37.813+0000] {logging_mixin.py:188} INFO - [2024-02-12T21:14:37.812+0000] {dagbag.py:538} INFO - Filling up the DagBag from /home/ubuntu/reddit_venv/lib/python3.10/site-packages/airflow/example_dags/example_latest_only_with_trigger.py
[2024-02-12T21:14:37.819+0000] {processor.py:840} INFO - DAG(s) 'latest_only_with_trigger' retrieved from /home/ubuntu/reddit_venv/lib/python3.10/site-packages/airflow/example_dags/example_latest_only_with_trigger.py
[2024-02-12T21:14:37.836+0000] {logging_mixin.py:188} INFO - [2024-02-12T21:14:37.836+0000] {dag.py:3036} INFO - Sync 1 DAGs
[2024-02-12T21:14:37.857+0000] {logging_mixin.py:188} INFO - [2024-02-12T21:14:37.857+0000] {dag.py:3823} INFO - Setting next_dagrun for latest_only_with_trigger to 2024-02-12 16:00:00+00:00, run_after=2024-02-12 20:00:00+00:00
[2024-02-12T21:14:37.878+0000] {processor.py:183} INFO - Processing /home/ubuntu/reddit_venv/lib/python3.10/site-packages/airflow/example_dags/example_latest_only_with_trigger.py took 0.072 seconds
[2024-02-12T21:15:23.011+0000] {processor.py:161} INFO - Started process (PID=6679) to work on /home/ubuntu/reddit_venv/lib/python3.10/site-packages/airflow/example_dags/example_latest_only_with_trigger.py
[2024-02-12T21:15:23.013+0000] {processor.py:830} INFO - Processing file /home/ubuntu/reddit_venv/lib/python3.10/site-packages/airflow/example_dags/example_latest_only_with_trigger.py for tasks to queue
[2024-02-12T21:15:23.014+0000] {logging_mixin.py:188} INFO - [2024-02-12T21:15:23.013+0000] {dagbag.py:538} INFO - Filling up the DagBag from /home/ubuntu/reddit_venv/lib/python3.10/site-packages/airflow/example_dags/example_latest_only_with_trigger.py
[2024-02-12T21:15:23.020+0000] {processor.py:840} INFO - DAG(s) 'latest_only_with_trigger' retrieved from /home/ubuntu/reddit_venv/lib/python3.10/site-packages/airflow/example_dags/example_latest_only_with_trigger.py
[2024-02-12T21:15:23.037+0000] {logging_mixin.py:188} INFO - [2024-02-12T21:15:23.037+0000] {dag.py:3036} INFO - Sync 1 DAGs
[2024-02-12T21:15:23.057+0000] {logging_mixin.py:188} INFO - [2024-02-12T21:15:23.057+0000] {dag.py:3823} INFO - Setting next_dagrun for latest_only_with_trigger to 2024-02-12 16:00:00+00:00, run_after=2024-02-12 20:00:00+00:00
[2024-02-12T21:15:23.080+0000] {processor.py:183} INFO - Processing /home/ubuntu/reddit_venv/lib/python3.10/site-packages/airflow/example_dags/example_latest_only_with_trigger.py took 0.072 seconds
[2024-02-12T21:16:15.603+0000] {processor.py:161} INFO - Started process (PID=6736) to work on /home/ubuntu/reddit_venv/lib/python3.10/site-packages/airflow/example_dags/example_latest_only_with_trigger.py
[2024-02-12T21:16:15.604+0000] {processor.py:830} INFO - Processing file /home/ubuntu/reddit_venv/lib/python3.10/site-packages/airflow/example_dags/example_latest_only_with_trigger.py for tasks to queue
[2024-02-12T21:16:15.605+0000] {logging_mixin.py:188} INFO - [2024-02-12T21:16:15.605+0000] {dagbag.py:538} INFO - Filling up the DagBag from /home/ubuntu/reddit_venv/lib/python3.10/site-packages/airflow/example_dags/example_latest_only_with_trigger.py
[2024-02-12T21:16:15.612+0000] {processor.py:840} INFO - DAG(s) 'latest_only_with_trigger' retrieved from /home/ubuntu/reddit_venv/lib/python3.10/site-packages/airflow/example_dags/example_latest_only_with_trigger.py
[2024-02-12T21:16:15.628+0000] {logging_mixin.py:188} INFO - [2024-02-12T21:16:15.628+0000] {dag.py:3036} INFO - Sync 1 DAGs
[2024-02-12T21:16:15.648+0000] {logging_mixin.py:188} INFO - [2024-02-12T21:16:15.648+0000] {dag.py:3823} INFO - Setting next_dagrun for latest_only_with_trigger to 2024-02-12 16:00:00+00:00, run_after=2024-02-12 20:00:00+00:00
[2024-02-12T21:16:15.671+0000] {processor.py:183} INFO - Processing /home/ubuntu/reddit_venv/lib/python3.10/site-packages/airflow/example_dags/example_latest_only_with_trigger.py took 0.071 seconds
[2024-02-12T21:17:06.077+0000] {processor.py:161} INFO - Started process (PID=6795) to work on /home/ubuntu/reddit_venv/lib/python3.10/site-packages/airflow/example_dags/example_latest_only_with_trigger.py
[2024-02-12T21:17:06.079+0000] {processor.py:830} INFO - Processing file /home/ubuntu/reddit_venv/lib/python3.10/site-packages/airflow/example_dags/example_latest_only_with_trigger.py for tasks to queue
[2024-02-12T21:17:06.080+0000] {logging_mixin.py:188} INFO - [2024-02-12T21:17:06.079+0000] {dagbag.py:538} INFO - Filling up the DagBag from /home/ubuntu/reddit_venv/lib/python3.10/site-packages/airflow/example_dags/example_latest_only_with_trigger.py
[2024-02-12T21:17:06.086+0000] {processor.py:840} INFO - DAG(s) 'latest_only_with_trigger' retrieved from /home/ubuntu/reddit_venv/lib/python3.10/site-packages/airflow/example_dags/example_latest_only_with_trigger.py
[2024-02-12T21:17:06.103+0000] {logging_mixin.py:188} INFO - [2024-02-12T21:17:06.103+0000] {dag.py:3036} INFO - Sync 1 DAGs
[2024-02-12T21:17:06.123+0000] {logging_mixin.py:188} INFO - [2024-02-12T21:17:06.123+0000] {dag.py:3823} INFO - Setting next_dagrun for latest_only_with_trigger to 2024-02-12 16:00:00+00:00, run_after=2024-02-12 20:00:00+00:00
[2024-02-12T21:17:06.146+0000] {processor.py:183} INFO - Processing /home/ubuntu/reddit_venv/lib/python3.10/site-packages/airflow/example_dags/example_latest_only_with_trigger.py took 0.072 seconds
[2024-02-12T21:18:00.046+0000] {processor.py:161} INFO - Started process (PID=6854) to work on /home/ubuntu/reddit_venv/lib/python3.10/site-packages/airflow/example_dags/example_latest_only_with_trigger.py
[2024-02-12T21:18:00.048+0000] {processor.py:830} INFO - Processing file /home/ubuntu/reddit_venv/lib/python3.10/site-packages/airflow/example_dags/example_latest_only_with_trigger.py for tasks to queue
[2024-02-12T21:18:00.049+0000] {logging_mixin.py:188} INFO - [2024-02-12T21:18:00.048+0000] {dagbag.py:538} INFO - Filling up the DagBag from /home/ubuntu/reddit_venv/lib/python3.10/site-packages/airflow/example_dags/example_latest_only_with_trigger.py
[2024-02-12T21:18:00.055+0000] {processor.py:840} INFO - DAG(s) 'latest_only_with_trigger' retrieved from /home/ubuntu/reddit_venv/lib/python3.10/site-packages/airflow/example_dags/example_latest_only_with_trigger.py
[2024-02-12T21:18:00.072+0000] {logging_mixin.py:188} INFO - [2024-02-12T21:18:00.072+0000] {dag.py:3036} INFO - Sync 1 DAGs
[2024-02-12T21:18:00.092+0000] {logging_mixin.py:188} INFO - [2024-02-12T21:18:00.092+0000] {dag.py:3823} INFO - Setting next_dagrun for latest_only_with_trigger to 2024-02-12 16:00:00+00:00, run_after=2024-02-12 20:00:00+00:00
[2024-02-12T21:18:00.113+0000] {processor.py:183} INFO - Processing /home/ubuntu/reddit_venv/lib/python3.10/site-packages/airflow/example_dags/example_latest_only_with_trigger.py took 0.070 seconds
[2024-02-12T21:18:57.800+0000] {processor.py:161} INFO - Started process (PID=6914) to work on /home/ubuntu/reddit_venv/lib/python3.10/site-packages/airflow/example_dags/example_latest_only_with_trigger.py
[2024-02-12T21:18:57.801+0000] {processor.py:830} INFO - Processing file /home/ubuntu/reddit_venv/lib/python3.10/site-packages/airflow/example_dags/example_latest_only_with_trigger.py for tasks to queue
[2024-02-12T21:18:57.802+0000] {logging_mixin.py:188} INFO - [2024-02-12T21:18:57.802+0000] {dagbag.py:538} INFO - Filling up the DagBag from /home/ubuntu/reddit_venv/lib/python3.10/site-packages/airflow/example_dags/example_latest_only_with_trigger.py
[2024-02-12T21:18:57.809+0000] {processor.py:840} INFO - DAG(s) 'latest_only_with_trigger' retrieved from /home/ubuntu/reddit_venv/lib/python3.10/site-packages/airflow/example_dags/example_latest_only_with_trigger.py
[2024-02-12T21:18:57.825+0000] {logging_mixin.py:188} INFO - [2024-02-12T21:18:57.825+0000] {dag.py:3036} INFO - Sync 1 DAGs
[2024-02-12T21:18:57.845+0000] {logging_mixin.py:188} INFO - [2024-02-12T21:18:57.845+0000] {dag.py:3823} INFO - Setting next_dagrun for latest_only_with_trigger to 2024-02-12 16:00:00+00:00, run_after=2024-02-12 20:00:00+00:00
[2024-02-12T21:18:57.866+0000] {processor.py:183} INFO - Processing /home/ubuntu/reddit_venv/lib/python3.10/site-packages/airflow/example_dags/example_latest_only_with_trigger.py took 0.070 seconds
[2024-02-12T21:19:50.574+0000] {processor.py:161} INFO - Started process (PID=6971) to work on /home/ubuntu/reddit_venv/lib/python3.10/site-packages/airflow/example_dags/example_latest_only_with_trigger.py
[2024-02-12T21:19:50.575+0000] {processor.py:830} INFO - Processing file /home/ubuntu/reddit_venv/lib/python3.10/site-packages/airflow/example_dags/example_latest_only_with_trigger.py for tasks to queue
[2024-02-12T21:19:50.576+0000] {logging_mixin.py:188} INFO - [2024-02-12T21:19:50.576+0000] {dagbag.py:538} INFO - Filling up the DagBag from /home/ubuntu/reddit_venv/lib/python3.10/site-packages/airflow/example_dags/example_latest_only_with_trigger.py
[2024-02-12T21:19:50.583+0000] {processor.py:840} INFO - DAG(s) 'latest_only_with_trigger' retrieved from /home/ubuntu/reddit_venv/lib/python3.10/site-packages/airflow/example_dags/example_latest_only_with_trigger.py
[2024-02-12T21:19:50.599+0000] {logging_mixin.py:188} INFO - [2024-02-12T21:19:50.599+0000] {dag.py:3036} INFO - Sync 1 DAGs
[2024-02-12T21:19:50.620+0000] {logging_mixin.py:188} INFO - [2024-02-12T21:19:50.620+0000] {dag.py:3823} INFO - Setting next_dagrun for latest_only_with_trigger to 2024-02-12 16:00:00+00:00, run_after=2024-02-12 20:00:00+00:00
[2024-02-12T21:19:50.641+0000] {processor.py:183} INFO - Processing /home/ubuntu/reddit_venv/lib/python3.10/site-packages/airflow/example_dags/example_latest_only_with_trigger.py took 0.071 seconds
[2024-02-12T21:20:41.884+0000] {processor.py:161} INFO - Started process (PID=7028) to work on /home/ubuntu/reddit_venv/lib/python3.10/site-packages/airflow/example_dags/example_latest_only_with_trigger.py
[2024-02-12T21:20:41.885+0000] {processor.py:830} INFO - Processing file /home/ubuntu/reddit_venv/lib/python3.10/site-packages/airflow/example_dags/example_latest_only_with_trigger.py for tasks to queue
[2024-02-12T21:20:41.886+0000] {logging_mixin.py:188} INFO - [2024-02-12T21:20:41.886+0000] {dagbag.py:538} INFO - Filling up the DagBag from /home/ubuntu/reddit_venv/lib/python3.10/site-packages/airflow/example_dags/example_latest_only_with_trigger.py
[2024-02-12T21:20:41.893+0000] {processor.py:840} INFO - DAG(s) 'latest_only_with_trigger' retrieved from /home/ubuntu/reddit_venv/lib/python3.10/site-packages/airflow/example_dags/example_latest_only_with_trigger.py
[2024-02-12T21:20:41.909+0000] {logging_mixin.py:188} INFO - [2024-02-12T21:20:41.909+0000] {dag.py:3036} INFO - Sync 1 DAGs
[2024-02-12T21:20:41.929+0000] {logging_mixin.py:188} INFO - [2024-02-12T21:20:41.929+0000] {dag.py:3823} INFO - Setting next_dagrun for latest_only_with_trigger to 2024-02-12 16:00:00+00:00, run_after=2024-02-12 20:00:00+00:00
[2024-02-12T21:20:41.951+0000] {processor.py:183} INFO - Processing /home/ubuntu/reddit_venv/lib/python3.10/site-packages/airflow/example_dags/example_latest_only_with_trigger.py took 0.071 seconds
[2024-02-12T21:21:36.129+0000] {processor.py:161} INFO - Started process (PID=7085) to work on /home/ubuntu/reddit_venv/lib/python3.10/site-packages/airflow/example_dags/example_latest_only_with_trigger.py
[2024-02-12T21:21:36.131+0000] {processor.py:830} INFO - Processing file /home/ubuntu/reddit_venv/lib/python3.10/site-packages/airflow/example_dags/example_latest_only_with_trigger.py for tasks to queue
[2024-02-12T21:21:36.132+0000] {logging_mixin.py:188} INFO - [2024-02-12T21:21:36.131+0000] {dagbag.py:538} INFO - Filling up the DagBag from /home/ubuntu/reddit_venv/lib/python3.10/site-packages/airflow/example_dags/example_latest_only_with_trigger.py
[2024-02-12T21:21:36.138+0000] {processor.py:840} INFO - DAG(s) 'latest_only_with_trigger' retrieved from /home/ubuntu/reddit_venv/lib/python3.10/site-packages/airflow/example_dags/example_latest_only_with_trigger.py
[2024-02-12T21:21:36.155+0000] {logging_mixin.py:188} INFO - [2024-02-12T21:21:36.155+0000] {dag.py:3036} INFO - Sync 1 DAGs
[2024-02-12T21:21:36.175+0000] {logging_mixin.py:188} INFO - [2024-02-12T21:21:36.174+0000] {dag.py:3823} INFO - Setting next_dagrun for latest_only_with_trigger to 2024-02-12 16:00:00+00:00, run_after=2024-02-12 20:00:00+00:00
[2024-02-12T21:21:36.197+0000] {processor.py:183} INFO - Processing /home/ubuntu/reddit_venv/lib/python3.10/site-packages/airflow/example_dags/example_latest_only_with_trigger.py took 0.072 seconds
[2024-02-12T21:22:29.815+0000] {processor.py:161} INFO - Started process (PID=7144) to work on /home/ubuntu/reddit_venv/lib/python3.10/site-packages/airflow/example_dags/example_latest_only_with_trigger.py
[2024-02-12T21:22:29.817+0000] {processor.py:830} INFO - Processing file /home/ubuntu/reddit_venv/lib/python3.10/site-packages/airflow/example_dags/example_latest_only_with_trigger.py for tasks to queue
[2024-02-12T21:22:29.818+0000] {logging_mixin.py:188} INFO - [2024-02-12T21:22:29.817+0000] {dagbag.py:538} INFO - Filling up the DagBag from /home/ubuntu/reddit_venv/lib/python3.10/site-packages/airflow/example_dags/example_latest_only_with_trigger.py
[2024-02-12T21:22:29.824+0000] {processor.py:840} INFO - DAG(s) 'latest_only_with_trigger' retrieved from /home/ubuntu/reddit_venv/lib/python3.10/site-packages/airflow/example_dags/example_latest_only_with_trigger.py
[2024-02-12T21:22:29.841+0000] {logging_mixin.py:188} INFO - [2024-02-12T21:22:29.840+0000] {dag.py:3036} INFO - Sync 1 DAGs
[2024-02-12T21:22:29.861+0000] {logging_mixin.py:188} INFO - [2024-02-12T21:22:29.861+0000] {dag.py:3823} INFO - Setting next_dagrun for latest_only_with_trigger to 2024-02-12 16:00:00+00:00, run_after=2024-02-12 20:00:00+00:00
[2024-02-12T21:22:29.883+0000] {processor.py:183} INFO - Processing /home/ubuntu/reddit_venv/lib/python3.10/site-packages/airflow/example_dags/example_latest_only_with_trigger.py took 0.071 seconds
[2024-02-12T21:23:22.124+0000] {processor.py:161} INFO - Started process (PID=7201) to work on /home/ubuntu/reddit_venv/lib/python3.10/site-packages/airflow/example_dags/example_latest_only_with_trigger.py
[2024-02-12T21:23:22.125+0000] {processor.py:830} INFO - Processing file /home/ubuntu/reddit_venv/lib/python3.10/site-packages/airflow/example_dags/example_latest_only_with_trigger.py for tasks to queue
[2024-02-12T21:23:22.126+0000] {logging_mixin.py:188} INFO - [2024-02-12T21:23:22.126+0000] {dagbag.py:538} INFO - Filling up the DagBag from /home/ubuntu/reddit_venv/lib/python3.10/site-packages/airflow/example_dags/example_latest_only_with_trigger.py
[2024-02-12T21:23:22.133+0000] {processor.py:840} INFO - DAG(s) 'latest_only_with_trigger' retrieved from /home/ubuntu/reddit_venv/lib/python3.10/site-packages/airflow/example_dags/example_latest_only_with_trigger.py
[2024-02-12T21:23:22.149+0000] {logging_mixin.py:188} INFO - [2024-02-12T21:23:22.149+0000] {dag.py:3036} INFO - Sync 1 DAGs
[2024-02-12T21:23:22.169+0000] {logging_mixin.py:188} INFO - [2024-02-12T21:23:22.169+0000] {dag.py:3823} INFO - Setting next_dagrun for latest_only_with_trigger to 2024-02-12 16:00:00+00:00, run_after=2024-02-12 20:00:00+00:00
[2024-02-12T21:23:22.191+0000] {processor.py:183} INFO - Processing /home/ubuntu/reddit_venv/lib/python3.10/site-packages/airflow/example_dags/example_latest_only_with_trigger.py took 0.071 seconds
[2024-02-12T21:24:14.685+0000] {processor.py:161} INFO - Started process (PID=7257) to work on /home/ubuntu/reddit_venv/lib/python3.10/site-packages/airflow/example_dags/example_latest_only_with_trigger.py
[2024-02-12T21:24:14.686+0000] {processor.py:830} INFO - Processing file /home/ubuntu/reddit_venv/lib/python3.10/site-packages/airflow/example_dags/example_latest_only_with_trigger.py for tasks to queue
[2024-02-12T21:24:14.687+0000] {logging_mixin.py:188} INFO - [2024-02-12T21:24:14.687+0000] {dagbag.py:538} INFO - Filling up the DagBag from /home/ubuntu/reddit_venv/lib/python3.10/site-packages/airflow/example_dags/example_latest_only_with_trigger.py
[2024-02-12T21:24:14.693+0000] {processor.py:840} INFO - DAG(s) 'latest_only_with_trigger' retrieved from /home/ubuntu/reddit_venv/lib/python3.10/site-packages/airflow/example_dags/example_latest_only_with_trigger.py
[2024-02-12T21:24:14.710+0000] {logging_mixin.py:188} INFO - [2024-02-12T21:24:14.710+0000] {dag.py:3036} INFO - Sync 1 DAGs
[2024-02-12T21:24:14.731+0000] {logging_mixin.py:188} INFO - [2024-02-12T21:24:14.730+0000] {dag.py:3823} INFO - Setting next_dagrun for latest_only_with_trigger to 2024-02-12 16:00:00+00:00, run_after=2024-02-12 20:00:00+00:00
[2024-02-12T21:24:14.753+0000] {processor.py:183} INFO - Processing /home/ubuntu/reddit_venv/lib/python3.10/site-packages/airflow/example_dags/example_latest_only_with_trigger.py took 0.071 seconds
[2024-02-12T21:25:07.198+0000] {processor.py:161} INFO - Started process (PID=7314) to work on /home/ubuntu/reddit_venv/lib/python3.10/site-packages/airflow/example_dags/example_latest_only_with_trigger.py
[2024-02-12T21:25:07.200+0000] {processor.py:830} INFO - Processing file /home/ubuntu/reddit_venv/lib/python3.10/site-packages/airflow/example_dags/example_latest_only_with_trigger.py for tasks to queue
[2024-02-12T21:25:07.201+0000] {logging_mixin.py:188} INFO - [2024-02-12T21:25:07.201+0000] {dagbag.py:538} INFO - Filling up the DagBag from /home/ubuntu/reddit_venv/lib/python3.10/site-packages/airflow/example_dags/example_latest_only_with_trigger.py
[2024-02-12T21:25:07.207+0000] {processor.py:840} INFO - DAG(s) 'latest_only_with_trigger' retrieved from /home/ubuntu/reddit_venv/lib/python3.10/site-packages/airflow/example_dags/example_latest_only_with_trigger.py
[2024-02-12T21:25:07.224+0000] {logging_mixin.py:188} INFO - [2024-02-12T21:25:07.224+0000] {dag.py:3036} INFO - Sync 1 DAGs
[2024-02-12T21:25:07.244+0000] {logging_mixin.py:188} INFO - [2024-02-12T21:25:07.244+0000] {dag.py:3823} INFO - Setting next_dagrun for latest_only_with_trigger to 2024-02-12 16:00:00+00:00, run_after=2024-02-12 20:00:00+00:00
[2024-02-12T21:25:07.268+0000] {processor.py:183} INFO - Processing /home/ubuntu/reddit_venv/lib/python3.10/site-packages/airflow/example_dags/example_latest_only_with_trigger.py took 0.073 seconds
[2024-02-12T21:25:55.999+0000] {processor.py:161} INFO - Started process (PID=7369) to work on /home/ubuntu/reddit_venv/lib/python3.10/site-packages/airflow/example_dags/example_latest_only_with_trigger.py
[2024-02-12T21:25:56.001+0000] {processor.py:830} INFO - Processing file /home/ubuntu/reddit_venv/lib/python3.10/site-packages/airflow/example_dags/example_latest_only_with_trigger.py for tasks to queue
[2024-02-12T21:25:56.002+0000] {logging_mixin.py:188} INFO - [2024-02-12T21:25:56.001+0000] {dagbag.py:538} INFO - Filling up the DagBag from /home/ubuntu/reddit_venv/lib/python3.10/site-packages/airflow/example_dags/example_latest_only_with_trigger.py
[2024-02-12T21:25:56.008+0000] {processor.py:840} INFO - DAG(s) 'latest_only_with_trigger' retrieved from /home/ubuntu/reddit_venv/lib/python3.10/site-packages/airflow/example_dags/example_latest_only_with_trigger.py
[2024-02-12T21:25:56.025+0000] {logging_mixin.py:188} INFO - [2024-02-12T21:25:56.025+0000] {dag.py:3036} INFO - Sync 1 DAGs
[2024-02-12T21:25:56.045+0000] {logging_mixin.py:188} INFO - [2024-02-12T21:25:56.045+0000] {dag.py:3823} INFO - Setting next_dagrun for latest_only_with_trigger to 2024-02-12 16:00:00+00:00, run_after=2024-02-12 20:00:00+00:00
[2024-02-12T21:25:56.067+0000] {processor.py:183} INFO - Processing /home/ubuntu/reddit_venv/lib/python3.10/site-packages/airflow/example_dags/example_latest_only_with_trigger.py took 0.071 seconds
[2024-02-12T21:26:43.145+0000] {processor.py:161} INFO - Started process (PID=7420) to work on /home/ubuntu/reddit_venv/lib/python3.10/site-packages/airflow/example_dags/example_latest_only_with_trigger.py
[2024-02-12T21:26:43.147+0000] {processor.py:830} INFO - Processing file /home/ubuntu/reddit_venv/lib/python3.10/site-packages/airflow/example_dags/example_latest_only_with_trigger.py for tasks to queue
[2024-02-12T21:26:43.148+0000] {logging_mixin.py:188} INFO - [2024-02-12T21:26:43.147+0000] {dagbag.py:538} INFO - Filling up the DagBag from /home/ubuntu/reddit_venv/lib/python3.10/site-packages/airflow/example_dags/example_latest_only_with_trigger.py
[2024-02-12T21:26:43.154+0000] {processor.py:840} INFO - DAG(s) 'latest_only_with_trigger' retrieved from /home/ubuntu/reddit_venv/lib/python3.10/site-packages/airflow/example_dags/example_latest_only_with_trigger.py
[2024-02-12T21:26:43.171+0000] {logging_mixin.py:188} INFO - [2024-02-12T21:26:43.171+0000] {dag.py:3036} INFO - Sync 1 DAGs
[2024-02-12T21:26:43.192+0000] {logging_mixin.py:188} INFO - [2024-02-12T21:26:43.192+0000] {dag.py:3823} INFO - Setting next_dagrun for latest_only_with_trigger to 2024-02-12 16:00:00+00:00, run_after=2024-02-12 20:00:00+00:00
[2024-02-12T21:26:43.214+0000] {processor.py:183} INFO - Processing /home/ubuntu/reddit_venv/lib/python3.10/site-packages/airflow/example_dags/example_latest_only_with_trigger.py took 0.072 seconds
[2024-02-12T21:27:39.054+0000] {processor.py:161} INFO - Started process (PID=7482) to work on /home/ubuntu/reddit_venv/lib/python3.10/site-packages/airflow/example_dags/example_latest_only_with_trigger.py
[2024-02-12T21:27:39.056+0000] {processor.py:830} INFO - Processing file /home/ubuntu/reddit_venv/lib/python3.10/site-packages/airflow/example_dags/example_latest_only_with_trigger.py for tasks to queue
[2024-02-12T21:27:39.057+0000] {logging_mixin.py:188} INFO - [2024-02-12T21:27:39.056+0000] {dagbag.py:538} INFO - Filling up the DagBag from /home/ubuntu/reddit_venv/lib/python3.10/site-packages/airflow/example_dags/example_latest_only_with_trigger.py
[2024-02-12T21:27:39.063+0000] {processor.py:840} INFO - DAG(s) 'latest_only_with_trigger' retrieved from /home/ubuntu/reddit_venv/lib/python3.10/site-packages/airflow/example_dags/example_latest_only_with_trigger.py
[2024-02-12T21:27:39.080+0000] {logging_mixin.py:188} INFO - [2024-02-12T21:27:39.080+0000] {dag.py:3036} INFO - Sync 1 DAGs
[2024-02-12T21:27:39.100+0000] {logging_mixin.py:188} INFO - [2024-02-12T21:27:39.099+0000] {dag.py:3823} INFO - Setting next_dagrun for latest_only_with_trigger to 2024-02-12 16:00:00+00:00, run_after=2024-02-12 20:00:00+00:00
[2024-02-12T21:27:39.121+0000] {processor.py:183} INFO - Processing /home/ubuntu/reddit_venv/lib/python3.10/site-packages/airflow/example_dags/example_latest_only_with_trigger.py took 0.071 seconds
[2024-02-12T21:28:24.578+0000] {processor.py:161} INFO - Started process (PID=7533) to work on /home/ubuntu/reddit_venv/lib/python3.10/site-packages/airflow/example_dags/example_latest_only_with_trigger.py
[2024-02-12T21:28:24.580+0000] {processor.py:830} INFO - Processing file /home/ubuntu/reddit_venv/lib/python3.10/site-packages/airflow/example_dags/example_latest_only_with_trigger.py for tasks to queue
[2024-02-12T21:28:24.580+0000] {logging_mixin.py:188} INFO - [2024-02-12T21:28:24.580+0000] {dagbag.py:538} INFO - Filling up the DagBag from /home/ubuntu/reddit_venv/lib/python3.10/site-packages/airflow/example_dags/example_latest_only_with_trigger.py
[2024-02-12T21:28:24.587+0000] {processor.py:840} INFO - DAG(s) 'latest_only_with_trigger' retrieved from /home/ubuntu/reddit_venv/lib/python3.10/site-packages/airflow/example_dags/example_latest_only_with_trigger.py
[2024-02-12T21:28:24.604+0000] {logging_mixin.py:188} INFO - [2024-02-12T21:28:24.604+0000] {dag.py:3036} INFO - Sync 1 DAGs
[2024-02-12T21:28:24.625+0000] {logging_mixin.py:188} INFO - [2024-02-12T21:28:24.625+0000] {dag.py:3823} INFO - Setting next_dagrun for latest_only_with_trigger to 2024-02-12 16:00:00+00:00, run_after=2024-02-12 20:00:00+00:00
[2024-02-12T21:28:24.647+0000] {processor.py:183} INFO - Processing /home/ubuntu/reddit_venv/lib/python3.10/site-packages/airflow/example_dags/example_latest_only_with_trigger.py took 0.072 seconds
[2024-02-12T21:29:17.956+0000] {processor.py:161} INFO - Started process (PID=7590) to work on /home/ubuntu/reddit_venv/lib/python3.10/site-packages/airflow/example_dags/example_latest_only_with_trigger.py
[2024-02-12T21:29:17.958+0000] {processor.py:830} INFO - Processing file /home/ubuntu/reddit_venv/lib/python3.10/site-packages/airflow/example_dags/example_latest_only_with_trigger.py for tasks to queue
[2024-02-12T21:29:17.959+0000] {logging_mixin.py:188} INFO - [2024-02-12T21:29:17.958+0000] {dagbag.py:538} INFO - Filling up the DagBag from /home/ubuntu/reddit_venv/lib/python3.10/site-packages/airflow/example_dags/example_latest_only_with_trigger.py
[2024-02-12T21:29:17.965+0000] {processor.py:840} INFO - DAG(s) 'latest_only_with_trigger' retrieved from /home/ubuntu/reddit_venv/lib/python3.10/site-packages/airflow/example_dags/example_latest_only_with_trigger.py
[2024-02-12T21:29:17.982+0000] {logging_mixin.py:188} INFO - [2024-02-12T21:29:17.982+0000] {dag.py:3036} INFO - Sync 1 DAGs
[2024-02-12T21:29:18.003+0000] {logging_mixin.py:188} INFO - [2024-02-12T21:29:18.003+0000] {dag.py:3823} INFO - Setting next_dagrun for latest_only_with_trigger to 2024-02-12 16:00:00+00:00, run_after=2024-02-12 20:00:00+00:00
[2024-02-12T21:29:18.025+0000] {processor.py:183} INFO - Processing /home/ubuntu/reddit_venv/lib/python3.10/site-packages/airflow/example_dags/example_latest_only_with_trigger.py took 0.072 seconds
[2024-02-12T21:30:10.869+0000] {processor.py:161} INFO - Started process (PID=7647) to work on /home/ubuntu/reddit_venv/lib/python3.10/site-packages/airflow/example_dags/example_latest_only_with_trigger.py
[2024-02-12T21:30:10.871+0000] {processor.py:830} INFO - Processing file /home/ubuntu/reddit_venv/lib/python3.10/site-packages/airflow/example_dags/example_latest_only_with_trigger.py for tasks to queue
[2024-02-12T21:30:10.872+0000] {logging_mixin.py:188} INFO - [2024-02-12T21:30:10.872+0000] {dagbag.py:538} INFO - Filling up the DagBag from /home/ubuntu/reddit_venv/lib/python3.10/site-packages/airflow/example_dags/example_latest_only_with_trigger.py
[2024-02-12T21:30:10.879+0000] {processor.py:840} INFO - DAG(s) 'latest_only_with_trigger' retrieved from /home/ubuntu/reddit_venv/lib/python3.10/site-packages/airflow/example_dags/example_latest_only_with_trigger.py
[2024-02-12T21:30:10.896+0000] {logging_mixin.py:188} INFO - [2024-02-12T21:30:10.896+0000] {dag.py:3036} INFO - Sync 1 DAGs
[2024-02-12T21:30:10.917+0000] {logging_mixin.py:188} INFO - [2024-02-12T21:30:10.917+0000] {dag.py:3823} INFO - Setting next_dagrun for latest_only_with_trigger to 2024-02-12 16:00:00+00:00, run_after=2024-02-12 20:00:00+00:00
[2024-02-12T21:30:10.938+0000] {processor.py:183} INFO - Processing /home/ubuntu/reddit_venv/lib/python3.10/site-packages/airflow/example_dags/example_latest_only_with_trigger.py took 0.072 seconds
