[2024-02-22T00:00:53.021+0000] {processor.py:161} INFO - Started process (PID=4514) to work on /home/ubuntu/reddit_venv/lib/python3.10/site-packages/airflow/example_dags/example_setup_teardown.py
[2024-02-22T00:00:53.022+0000] {processor.py:830} INFO - Processing file /home/ubuntu/reddit_venv/lib/python3.10/site-packages/airflow/example_dags/example_setup_teardown.py for tasks to queue
[2024-02-22T00:00:53.023+0000] {logging_mixin.py:188} INFO - [2024-02-22T00:00:53.023+0000] {dagbag.py:538} INFO - Filling up the DagBag from /home/ubuntu/reddit_venv/lib/python3.10/site-packages/airflow/example_dags/example_setup_teardown.py
[2024-02-22T00:00:53.031+0000] {processor.py:840} INFO - DAG(s) 'example_setup_teardown' retrieved from /home/ubuntu/reddit_venv/lib/python3.10/site-packages/airflow/example_dags/example_setup_teardown.py
[2024-02-22T00:00:53.047+0000] {logging_mixin.py:188} INFO - [2024-02-22T00:00:53.047+0000] {dag.py:3036} INFO - Sync 1 DAGs
[2024-02-22T00:00:53.069+0000] {logging_mixin.py:188} INFO - [2024-02-22T00:00:53.069+0000] {dag.py:3823} INFO - Setting next_dagrun for example_setup_teardown to 2024-02-21 00:00:00+00:00, run_after=2024-02-22 00:00:00+00:00
[2024-02-22T00:00:53.092+0000] {processor.py:183} INFO - Processing /home/ubuntu/reddit_venv/lib/python3.10/site-packages/airflow/example_dags/example_setup_teardown.py took 0.075 seconds
[2024-02-22T00:01:45.969+0000] {processor.py:161} INFO - Started process (PID=4954) to work on /home/ubuntu/reddit_venv/lib/python3.10/site-packages/airflow/example_dags/example_setup_teardown.py
[2024-02-22T00:01:45.970+0000] {processor.py:830} INFO - Processing file /home/ubuntu/reddit_venv/lib/python3.10/site-packages/airflow/example_dags/example_setup_teardown.py for tasks to queue
[2024-02-22T00:01:45.971+0000] {logging_mixin.py:188} INFO - [2024-02-22T00:01:45.970+0000] {dagbag.py:538} INFO - Filling up the DagBag from /home/ubuntu/reddit_venv/lib/python3.10/site-packages/airflow/example_dags/example_setup_teardown.py
[2024-02-22T00:01:45.979+0000] {processor.py:840} INFO - DAG(s) 'example_setup_teardown' retrieved from /home/ubuntu/reddit_venv/lib/python3.10/site-packages/airflow/example_dags/example_setup_teardown.py
[2024-02-22T00:01:45.995+0000] {logging_mixin.py:188} INFO - [2024-02-22T00:01:45.995+0000] {dag.py:3036} INFO - Sync 1 DAGs
[2024-02-22T00:01:46.017+0000] {logging_mixin.py:188} INFO - [2024-02-22T00:01:46.016+0000] {dag.py:3823} INFO - Setting next_dagrun for example_setup_teardown to 2024-02-21 00:00:00+00:00, run_after=2024-02-22 00:00:00+00:00
[2024-02-22T00:01:46.039+0000] {processor.py:183} INFO - Processing /home/ubuntu/reddit_venv/lib/python3.10/site-packages/airflow/example_dags/example_setup_teardown.py took 0.074 seconds
[2024-02-22T00:03:26.714+0000] {processor.py:161} INFO - Started process (PID=6117) to work on /home/ubuntu/reddit_venv/lib/python3.10/site-packages/airflow/example_dags/example_setup_teardown.py
[2024-02-22T00:03:26.716+0000] {processor.py:830} INFO - Processing file /home/ubuntu/reddit_venv/lib/python3.10/site-packages/airflow/example_dags/example_setup_teardown.py for tasks to queue
[2024-02-22T00:03:26.716+0000] {logging_mixin.py:188} INFO - [2024-02-22T00:03:26.716+0000] {dagbag.py:538} INFO - Filling up the DagBag from /home/ubuntu/reddit_venv/lib/python3.10/site-packages/airflow/example_dags/example_setup_teardown.py
[2024-02-22T00:03:26.724+0000] {processor.py:840} INFO - DAG(s) 'example_setup_teardown' retrieved from /home/ubuntu/reddit_venv/lib/python3.10/site-packages/airflow/example_dags/example_setup_teardown.py
[2024-02-22T00:03:26.740+0000] {logging_mixin.py:188} INFO - [2024-02-22T00:03:26.740+0000] {dag.py:3036} INFO - Sync 1 DAGs
[2024-02-22T00:03:26.761+0000] {logging_mixin.py:188} INFO - [2024-02-22T00:03:26.761+0000] {dag.py:3823} INFO - Setting next_dagrun for example_setup_teardown to 2024-02-21 00:00:00+00:00, run_after=2024-02-22 00:00:00+00:00
[2024-02-22T00:03:26.784+0000] {processor.py:183} INFO - Processing /home/ubuntu/reddit_venv/lib/python3.10/site-packages/airflow/example_dags/example_setup_teardown.py took 0.074 seconds
[2024-02-22T00:04:52.340+0000] {processor.py:161} INFO - Started process (PID=6747) to work on /home/ubuntu/reddit_venv/lib/python3.10/site-packages/airflow/example_dags/example_setup_teardown.py
[2024-02-22T00:04:52.341+0000] {processor.py:830} INFO - Processing file /home/ubuntu/reddit_venv/lib/python3.10/site-packages/airflow/example_dags/example_setup_teardown.py for tasks to queue
[2024-02-22T00:04:52.342+0000] {logging_mixin.py:188} INFO - [2024-02-22T00:04:52.342+0000] {dagbag.py:538} INFO - Filling up the DagBag from /home/ubuntu/reddit_venv/lib/python3.10/site-packages/airflow/example_dags/example_setup_teardown.py
[2024-02-22T00:04:52.350+0000] {processor.py:840} INFO - DAG(s) 'example_setup_teardown' retrieved from /home/ubuntu/reddit_venv/lib/python3.10/site-packages/airflow/example_dags/example_setup_teardown.py
[2024-02-22T00:04:52.367+0000] {logging_mixin.py:188} INFO - [2024-02-22T00:04:52.366+0000] {dag.py:3036} INFO - Sync 1 DAGs
[2024-02-22T00:04:52.387+0000] {logging_mixin.py:188} INFO - [2024-02-22T00:04:52.387+0000] {dag.py:3823} INFO - Setting next_dagrun for example_setup_teardown to 2024-02-21 00:00:00+00:00, run_after=2024-02-22 00:00:00+00:00
[2024-02-22T00:04:52.410+0000] {processor.py:183} INFO - Processing /home/ubuntu/reddit_venv/lib/python3.10/site-packages/airflow/example_dags/example_setup_teardown.py took 0.074 seconds
[2024-02-22T00:06:12.058+0000] {processor.py:161} INFO - Started process (PID=7498) to work on /home/ubuntu/reddit_venv/lib/python3.10/site-packages/airflow/example_dags/example_setup_teardown.py
[2024-02-22T00:06:12.060+0000] {processor.py:830} INFO - Processing file /home/ubuntu/reddit_venv/lib/python3.10/site-packages/airflow/example_dags/example_setup_teardown.py for tasks to queue
[2024-02-22T00:06:12.061+0000] {logging_mixin.py:188} INFO - [2024-02-22T00:06:12.060+0000] {dagbag.py:538} INFO - Filling up the DagBag from /home/ubuntu/reddit_venv/lib/python3.10/site-packages/airflow/example_dags/example_setup_teardown.py
[2024-02-22T00:06:12.069+0000] {processor.py:840} INFO - DAG(s) 'example_setup_teardown' retrieved from /home/ubuntu/reddit_venv/lib/python3.10/site-packages/airflow/example_dags/example_setup_teardown.py
[2024-02-22T00:06:12.086+0000] {logging_mixin.py:188} INFO - [2024-02-22T00:06:12.086+0000] {dag.py:3036} INFO - Sync 1 DAGs
[2024-02-22T00:06:12.107+0000] {logging_mixin.py:188} INFO - [2024-02-22T00:06:12.106+0000] {dag.py:3823} INFO - Setting next_dagrun for example_setup_teardown to 2024-02-21 00:00:00+00:00, run_after=2024-02-22 00:00:00+00:00
[2024-02-22T00:06:12.137+0000] {processor.py:183} INFO - Processing /home/ubuntu/reddit_venv/lib/python3.10/site-packages/airflow/example_dags/example_setup_teardown.py took 0.082 seconds
[2024-02-22T00:07:02.178+0000] {processor.py:161} INFO - Started process (PID=7735) to work on /home/ubuntu/reddit_venv/lib/python3.10/site-packages/airflow/example_dags/example_setup_teardown.py
[2024-02-22T00:07:02.180+0000] {processor.py:830} INFO - Processing file /home/ubuntu/reddit_venv/lib/python3.10/site-packages/airflow/example_dags/example_setup_teardown.py for tasks to queue
[2024-02-22T00:07:02.181+0000] {logging_mixin.py:188} INFO - [2024-02-22T00:07:02.181+0000] {dagbag.py:538} INFO - Filling up the DagBag from /home/ubuntu/reddit_venv/lib/python3.10/site-packages/airflow/example_dags/example_setup_teardown.py
[2024-02-22T00:07:02.189+0000] {processor.py:840} INFO - DAG(s) 'example_setup_teardown' retrieved from /home/ubuntu/reddit_venv/lib/python3.10/site-packages/airflow/example_dags/example_setup_teardown.py
[2024-02-22T00:07:02.206+0000] {logging_mixin.py:188} INFO - [2024-02-22T00:07:02.206+0000] {dag.py:3036} INFO - Sync 1 DAGs
[2024-02-22T00:07:02.228+0000] {logging_mixin.py:188} INFO - [2024-02-22T00:07:02.228+0000] {dag.py:3823} INFO - Setting next_dagrun for example_setup_teardown to 2024-02-21 00:00:00+00:00, run_after=2024-02-22 00:00:00+00:00
[2024-02-22T00:07:02.251+0000] {processor.py:183} INFO - Processing /home/ubuntu/reddit_venv/lib/python3.10/site-packages/airflow/example_dags/example_setup_teardown.py took 0.076 seconds
[2024-02-22T00:08:01.299+0000] {processor.py:161} INFO - Started process (PID=7860) to work on /home/ubuntu/reddit_venv/lib/python3.10/site-packages/airflow/example_dags/example_setup_teardown.py
[2024-02-22T00:08:01.301+0000] {processor.py:830} INFO - Processing file /home/ubuntu/reddit_venv/lib/python3.10/site-packages/airflow/example_dags/example_setup_teardown.py for tasks to queue
[2024-02-22T00:08:01.302+0000] {logging_mixin.py:188} INFO - [2024-02-22T00:08:01.302+0000] {dagbag.py:538} INFO - Filling up the DagBag from /home/ubuntu/reddit_venv/lib/python3.10/site-packages/airflow/example_dags/example_setup_teardown.py
[2024-02-22T00:08:01.310+0000] {processor.py:840} INFO - DAG(s) 'example_setup_teardown' retrieved from /home/ubuntu/reddit_venv/lib/python3.10/site-packages/airflow/example_dags/example_setup_teardown.py
[2024-02-22T00:08:01.327+0000] {logging_mixin.py:188} INFO - [2024-02-22T00:08:01.327+0000] {dag.py:3036} INFO - Sync 1 DAGs
[2024-02-22T00:08:01.349+0000] {logging_mixin.py:188} INFO - [2024-02-22T00:08:01.349+0000] {dag.py:3823} INFO - Setting next_dagrun for example_setup_teardown to 2024-02-21 00:00:00+00:00, run_after=2024-02-22 00:00:00+00:00
[2024-02-22T00:08:01.372+0000] {processor.py:183} INFO - Processing /home/ubuntu/reddit_venv/lib/python3.10/site-packages/airflow/example_dags/example_setup_teardown.py took 0.076 seconds
[2024-02-22T00:08:59.679+0000] {processor.py:161} INFO - Started process (PID=7988) to work on /home/ubuntu/reddit_venv/lib/python3.10/site-packages/airflow/example_dags/example_setup_teardown.py
[2024-02-22T00:08:59.681+0000] {processor.py:830} INFO - Processing file /home/ubuntu/reddit_venv/lib/python3.10/site-packages/airflow/example_dags/example_setup_teardown.py for tasks to queue
[2024-02-22T00:08:59.682+0000] {logging_mixin.py:188} INFO - [2024-02-22T00:08:59.681+0000] {dagbag.py:538} INFO - Filling up the DagBag from /home/ubuntu/reddit_venv/lib/python3.10/site-packages/airflow/example_dags/example_setup_teardown.py
[2024-02-22T00:08:59.690+0000] {processor.py:840} INFO - DAG(s) 'example_setup_teardown' retrieved from /home/ubuntu/reddit_venv/lib/python3.10/site-packages/airflow/example_dags/example_setup_teardown.py
[2024-02-22T00:08:59.706+0000] {logging_mixin.py:188} INFO - [2024-02-22T00:08:59.706+0000] {dag.py:3036} INFO - Sync 1 DAGs
[2024-02-22T00:08:59.727+0000] {logging_mixin.py:188} INFO - [2024-02-22T00:08:59.727+0000] {dag.py:3823} INFO - Setting next_dagrun for example_setup_teardown to 2024-02-21 00:00:00+00:00, run_after=2024-02-22 00:00:00+00:00
[2024-02-22T00:08:59.751+0000] {processor.py:183} INFO - Processing /home/ubuntu/reddit_venv/lib/python3.10/site-packages/airflow/example_dags/example_setup_teardown.py took 0.075 seconds
[2024-02-22T00:09:59.011+0000] {processor.py:161} INFO - Started process (PID=8113) to work on /home/ubuntu/reddit_venv/lib/python3.10/site-packages/airflow/example_dags/example_setup_teardown.py
[2024-02-22T00:09:59.012+0000] {processor.py:830} INFO - Processing file /home/ubuntu/reddit_venv/lib/python3.10/site-packages/airflow/example_dags/example_setup_teardown.py for tasks to queue
[2024-02-22T00:09:59.013+0000] {logging_mixin.py:188} INFO - [2024-02-22T00:09:59.013+0000] {dagbag.py:538} INFO - Filling up the DagBag from /home/ubuntu/reddit_venv/lib/python3.10/site-packages/airflow/example_dags/example_setup_teardown.py
[2024-02-22T00:09:59.021+0000] {processor.py:840} INFO - DAG(s) 'example_setup_teardown' retrieved from /home/ubuntu/reddit_venv/lib/python3.10/site-packages/airflow/example_dags/example_setup_teardown.py
[2024-02-22T00:09:59.038+0000] {logging_mixin.py:188} INFO - [2024-02-22T00:09:59.037+0000] {dag.py:3036} INFO - Sync 1 DAGs
[2024-02-22T00:09:59.058+0000] {logging_mixin.py:188} INFO - [2024-02-22T00:09:59.058+0000] {dag.py:3823} INFO - Setting next_dagrun for example_setup_teardown to 2024-02-21 00:00:00+00:00, run_after=2024-02-22 00:00:00+00:00
[2024-02-22T00:09:59.082+0000] {processor.py:183} INFO - Processing /home/ubuntu/reddit_venv/lib/python3.10/site-packages/airflow/example_dags/example_setup_teardown.py took 0.075 seconds
[2024-02-22T00:10:59.226+0000] {processor.py:161} INFO - Started process (PID=8241) to work on /home/ubuntu/reddit_venv/lib/python3.10/site-packages/airflow/example_dags/example_setup_teardown.py
[2024-02-22T00:10:59.230+0000] {processor.py:830} INFO - Processing file /home/ubuntu/reddit_venv/lib/python3.10/site-packages/airflow/example_dags/example_setup_teardown.py for tasks to queue
[2024-02-22T00:10:59.231+0000] {logging_mixin.py:188} INFO - [2024-02-22T00:10:59.230+0000] {dagbag.py:538} INFO - Filling up the DagBag from /home/ubuntu/reddit_venv/lib/python3.10/site-packages/airflow/example_dags/example_setup_teardown.py
[2024-02-22T00:10:59.239+0000] {processor.py:840} INFO - DAG(s) 'example_setup_teardown' retrieved from /home/ubuntu/reddit_venv/lib/python3.10/site-packages/airflow/example_dags/example_setup_teardown.py
[2024-02-22T00:10:59.255+0000] {logging_mixin.py:188} INFO - [2024-02-22T00:10:59.254+0000] {dag.py:3036} INFO - Sync 1 DAGs
[2024-02-22T00:10:59.275+0000] {logging_mixin.py:188} INFO - [2024-02-22T00:10:59.275+0000] {dag.py:3823} INFO - Setting next_dagrun for example_setup_teardown to 2024-02-21 00:00:00+00:00, run_after=2024-02-22 00:00:00+00:00
[2024-02-22T00:10:59.296+0000] {processor.py:183} INFO - Processing /home/ubuntu/reddit_venv/lib/python3.10/site-packages/airflow/example_dags/example_setup_teardown.py took 0.074 seconds
[2024-02-22T00:12:00.907+0000] {processor.py:161} INFO - Started process (PID=8396) to work on /home/ubuntu/reddit_venv/lib/python3.10/site-packages/airflow/example_dags/example_setup_teardown.py
[2024-02-22T00:12:00.909+0000] {processor.py:830} INFO - Processing file /home/ubuntu/reddit_venv/lib/python3.10/site-packages/airflow/example_dags/example_setup_teardown.py for tasks to queue
[2024-02-22T00:12:00.910+0000] {logging_mixin.py:188} INFO - [2024-02-22T00:12:00.909+0000] {dagbag.py:538} INFO - Filling up the DagBag from /home/ubuntu/reddit_venv/lib/python3.10/site-packages/airflow/example_dags/example_setup_teardown.py
[2024-02-22T00:12:00.918+0000] {processor.py:840} INFO - DAG(s) 'example_setup_teardown' retrieved from /home/ubuntu/reddit_venv/lib/python3.10/site-packages/airflow/example_dags/example_setup_teardown.py
[2024-02-22T00:12:00.934+0000] {logging_mixin.py:188} INFO - [2024-02-22T00:12:00.934+0000] {dag.py:3036} INFO - Sync 1 DAGs
[2024-02-22T00:12:00.955+0000] {logging_mixin.py:188} INFO - [2024-02-22T00:12:00.955+0000] {dag.py:3823} INFO - Setting next_dagrun for example_setup_teardown to 2024-02-21 00:00:00+00:00, run_after=2024-02-22 00:00:00+00:00
[2024-02-22T00:12:00.978+0000] {processor.py:183} INFO - Processing /home/ubuntu/reddit_venv/lib/python3.10/site-packages/airflow/example_dags/example_setup_teardown.py took 0.075 seconds
[2024-02-22T00:13:01.569+0000] {processor.py:161} INFO - Started process (PID=8559) to work on /home/ubuntu/reddit_venv/lib/python3.10/site-packages/airflow/example_dags/example_setup_teardown.py
[2024-02-22T00:13:01.570+0000] {processor.py:830} INFO - Processing file /home/ubuntu/reddit_venv/lib/python3.10/site-packages/airflow/example_dags/example_setup_teardown.py for tasks to queue
[2024-02-22T00:13:01.571+0000] {logging_mixin.py:188} INFO - [2024-02-22T00:13:01.571+0000] {dagbag.py:538} INFO - Filling up the DagBag from /home/ubuntu/reddit_venv/lib/python3.10/site-packages/airflow/example_dags/example_setup_teardown.py
[2024-02-22T00:13:01.580+0000] {processor.py:840} INFO - DAG(s) 'example_setup_teardown' retrieved from /home/ubuntu/reddit_venv/lib/python3.10/site-packages/airflow/example_dags/example_setup_teardown.py
[2024-02-22T00:13:01.597+0000] {logging_mixin.py:188} INFO - [2024-02-22T00:13:01.596+0000] {dag.py:3036} INFO - Sync 1 DAGs
[2024-02-22T00:13:01.617+0000] {logging_mixin.py:188} INFO - [2024-02-22T00:13:01.617+0000] {dag.py:3823} INFO - Setting next_dagrun for example_setup_teardown to 2024-02-21 00:00:00+00:00, run_after=2024-02-22 00:00:00+00:00
[2024-02-22T00:13:01.641+0000] {processor.py:183} INFO - Processing /home/ubuntu/reddit_venv/lib/python3.10/site-packages/airflow/example_dags/example_setup_teardown.py took 0.076 seconds
