[2024-02-22T00:00:54.001+0000] {processor.py:161} INFO - Started process (PID=4515) to work on /home/ubuntu/reddit_venv/lib/python3.10/site-packages/airflow/example_dags/example_local_kubernetes_executor.py
[2024-02-22T00:00:54.002+0000] {processor.py:830} INFO - Processing file /home/ubuntu/reddit_venv/lib/python3.10/site-packages/airflow/example_dags/example_local_kubernetes_executor.py for tasks to queue
[2024-02-22T00:00:54.003+0000] {logging_mixin.py:188} INFO - [2024-02-22T00:00:54.002+0000] {dagbag.py:538} INFO - Filling up the DagBag from /home/ubuntu/reddit_venv/lib/python3.10/site-packages/airflow/example_dags/example_local_kubernetes_executor.py
[2024-02-22T00:00:54.006+0000] {logging_mixin.py:188} INFO - [2024-02-22T00:00:54.006+0000] {example_local_kubernetes_executor.py:39} WARNING - Could not import DAGs in example_local_kubernetes_executor.py
Traceback (most recent call last):
  File "/home/ubuntu/reddit_venv/lib/python3.10/site-packages/airflow/example_dags/example_local_kubernetes_executor.py", line 37, in <module>
    from kubernetes.client import models as k8s
ModuleNotFoundError: No module named 'kubernetes'
[2024-02-22T00:00:54.006+0000] {logging_mixin.py:188} INFO - [2024-02-22T00:00:54.006+0000] {example_local_kubernetes_executor.py:40} WARNING - Install Kubernetes dependencies with: pip install apache-airflow[cncf.kubernetes]
[2024-02-22T00:00:54.007+0000] {processor.py:842} WARNING - No viable dags retrieved from /home/ubuntu/reddit_venv/lib/python3.10/site-packages/airflow/example_dags/example_local_kubernetes_executor.py
[2024-02-22T00:00:54.017+0000] {processor.py:183} INFO - Processing /home/ubuntu/reddit_venv/lib/python3.10/site-packages/airflow/example_dags/example_local_kubernetes_executor.py took 0.020 seconds
[2024-02-22T00:01:47.129+0000] {processor.py:161} INFO - Started process (PID=4990) to work on /home/ubuntu/reddit_venv/lib/python3.10/site-packages/airflow/example_dags/example_local_kubernetes_executor.py
[2024-02-22T00:01:47.131+0000] {processor.py:830} INFO - Processing file /home/ubuntu/reddit_venv/lib/python3.10/site-packages/airflow/example_dags/example_local_kubernetes_executor.py for tasks to queue
[2024-02-22T00:01:47.132+0000] {logging_mixin.py:188} INFO - [2024-02-22T00:01:47.131+0000] {dagbag.py:538} INFO - Filling up the DagBag from /home/ubuntu/reddit_venv/lib/python3.10/site-packages/airflow/example_dags/example_local_kubernetes_executor.py
[2024-02-22T00:01:47.135+0000] {logging_mixin.py:188} INFO - [2024-02-22T00:01:47.135+0000] {example_local_kubernetes_executor.py:39} WARNING - Could not import DAGs in example_local_kubernetes_executor.py
Traceback (most recent call last):
  File "/home/ubuntu/reddit_venv/lib/python3.10/site-packages/airflow/example_dags/example_local_kubernetes_executor.py", line 37, in <module>
    from kubernetes.client import models as k8s
ModuleNotFoundError: No module named 'kubernetes'
[2024-02-22T00:01:47.136+0000] {logging_mixin.py:188} INFO - [2024-02-22T00:01:47.135+0000] {example_local_kubernetes_executor.py:40} WARNING - Install Kubernetes dependencies with: pip install apache-airflow[cncf.kubernetes]
[2024-02-22T00:01:47.136+0000] {processor.py:842} WARNING - No viable dags retrieved from /home/ubuntu/reddit_venv/lib/python3.10/site-packages/airflow/example_dags/example_local_kubernetes_executor.py
[2024-02-22T00:01:47.146+0000] {processor.py:183} INFO - Processing /home/ubuntu/reddit_venv/lib/python3.10/site-packages/airflow/example_dags/example_local_kubernetes_executor.py took 0.020 seconds
[2024-02-22T00:03:27.845+0000] {processor.py:161} INFO - Started process (PID=6118) to work on /home/ubuntu/reddit_venv/lib/python3.10/site-packages/airflow/example_dags/example_local_kubernetes_executor.py
[2024-02-22T00:03:27.847+0000] {processor.py:830} INFO - Processing file /home/ubuntu/reddit_venv/lib/python3.10/site-packages/airflow/example_dags/example_local_kubernetes_executor.py for tasks to queue
[2024-02-22T00:03:27.848+0000] {logging_mixin.py:188} INFO - [2024-02-22T00:03:27.847+0000] {dagbag.py:538} INFO - Filling up the DagBag from /home/ubuntu/reddit_venv/lib/python3.10/site-packages/airflow/example_dags/example_local_kubernetes_executor.py
[2024-02-22T00:03:27.851+0000] {logging_mixin.py:188} INFO - [2024-02-22T00:03:27.851+0000] {example_local_kubernetes_executor.py:39} WARNING - Could not import DAGs in example_local_kubernetes_executor.py
Traceback (most recent call last):
  File "/home/ubuntu/reddit_venv/lib/python3.10/site-packages/airflow/example_dags/example_local_kubernetes_executor.py", line 37, in <module>
    from kubernetes.client import models as k8s
ModuleNotFoundError: No module named 'kubernetes'
[2024-02-22T00:03:27.852+0000] {logging_mixin.py:188} INFO - [2024-02-22T00:03:27.852+0000] {example_local_kubernetes_executor.py:40} WARNING - Install Kubernetes dependencies with: pip install apache-airflow[cncf.kubernetes]
[2024-02-22T00:03:27.852+0000] {processor.py:842} WARNING - No viable dags retrieved from /home/ubuntu/reddit_venv/lib/python3.10/site-packages/airflow/example_dags/example_local_kubernetes_executor.py
[2024-02-22T00:03:27.862+0000] {processor.py:183} INFO - Processing /home/ubuntu/reddit_venv/lib/python3.10/site-packages/airflow/example_dags/example_local_kubernetes_executor.py took 0.020 seconds
[2024-02-22T00:04:53.496+0000] {processor.py:161} INFO - Started process (PID=6748) to work on /home/ubuntu/reddit_venv/lib/python3.10/site-packages/airflow/example_dags/example_local_kubernetes_executor.py
[2024-02-22T00:04:53.498+0000] {processor.py:830} INFO - Processing file /home/ubuntu/reddit_venv/lib/python3.10/site-packages/airflow/example_dags/example_local_kubernetes_executor.py for tasks to queue
[2024-02-22T00:04:53.499+0000] {logging_mixin.py:188} INFO - [2024-02-22T00:04:53.498+0000] {dagbag.py:538} INFO - Filling up the DagBag from /home/ubuntu/reddit_venv/lib/python3.10/site-packages/airflow/example_dags/example_local_kubernetes_executor.py
[2024-02-22T00:04:53.502+0000] {logging_mixin.py:188} INFO - [2024-02-22T00:04:53.502+0000] {example_local_kubernetes_executor.py:39} WARNING - Could not import DAGs in example_local_kubernetes_executor.py
Traceback (most recent call last):
  File "/home/ubuntu/reddit_venv/lib/python3.10/site-packages/airflow/example_dags/example_local_kubernetes_executor.py", line 37, in <module>
    from kubernetes.client import models as k8s
ModuleNotFoundError: No module named 'kubernetes'
[2024-02-22T00:04:53.503+0000] {logging_mixin.py:188} INFO - [2024-02-22T00:04:53.502+0000] {example_local_kubernetes_executor.py:40} WARNING - Install Kubernetes dependencies with: pip install apache-airflow[cncf.kubernetes]
[2024-02-22T00:04:53.503+0000] {processor.py:842} WARNING - No viable dags retrieved from /home/ubuntu/reddit_venv/lib/python3.10/site-packages/airflow/example_dags/example_local_kubernetes_executor.py
[2024-02-22T00:04:53.513+0000] {processor.py:183} INFO - Processing /home/ubuntu/reddit_venv/lib/python3.10/site-packages/airflow/example_dags/example_local_kubernetes_executor.py took 0.020 seconds
[2024-02-22T00:06:13.197+0000] {processor.py:161} INFO - Started process (PID=7499) to work on /home/ubuntu/reddit_venv/lib/python3.10/site-packages/airflow/example_dags/example_local_kubernetes_executor.py
[2024-02-22T00:06:13.198+0000] {processor.py:830} INFO - Processing file /home/ubuntu/reddit_venv/lib/python3.10/site-packages/airflow/example_dags/example_local_kubernetes_executor.py for tasks to queue
[2024-02-22T00:06:13.199+0000] {logging_mixin.py:188} INFO - [2024-02-22T00:06:13.199+0000] {dagbag.py:538} INFO - Filling up the DagBag from /home/ubuntu/reddit_venv/lib/python3.10/site-packages/airflow/example_dags/example_local_kubernetes_executor.py
[2024-02-22T00:06:13.203+0000] {logging_mixin.py:188} INFO - [2024-02-22T00:06:13.202+0000] {example_local_kubernetes_executor.py:39} WARNING - Could not import DAGs in example_local_kubernetes_executor.py
Traceback (most recent call last):
  File "/home/ubuntu/reddit_venv/lib/python3.10/site-packages/airflow/example_dags/example_local_kubernetes_executor.py", line 37, in <module>
    from kubernetes.client import models as k8s
ModuleNotFoundError: No module named 'kubernetes'
[2024-02-22T00:06:13.203+0000] {logging_mixin.py:188} INFO - [2024-02-22T00:06:13.203+0000] {example_local_kubernetes_executor.py:40} WARNING - Install Kubernetes dependencies with: pip install apache-airflow[cncf.kubernetes]
[2024-02-22T00:06:13.203+0000] {processor.py:842} WARNING - No viable dags retrieved from /home/ubuntu/reddit_venv/lib/python3.10/site-packages/airflow/example_dags/example_local_kubernetes_executor.py
[2024-02-22T00:06:13.214+0000] {processor.py:183} INFO - Processing /home/ubuntu/reddit_venv/lib/python3.10/site-packages/airflow/example_dags/example_local_kubernetes_executor.py took 0.020 seconds
[2024-02-22T00:07:03.320+0000] {processor.py:161} INFO - Started process (PID=7736) to work on /home/ubuntu/reddit_venv/lib/python3.10/site-packages/airflow/example_dags/example_local_kubernetes_executor.py
[2024-02-22T00:07:03.322+0000] {processor.py:830} INFO - Processing file /home/ubuntu/reddit_venv/lib/python3.10/site-packages/airflow/example_dags/example_local_kubernetes_executor.py for tasks to queue
[2024-02-22T00:07:03.323+0000] {logging_mixin.py:188} INFO - [2024-02-22T00:07:03.323+0000] {dagbag.py:538} INFO - Filling up the DagBag from /home/ubuntu/reddit_venv/lib/python3.10/site-packages/airflow/example_dags/example_local_kubernetes_executor.py
[2024-02-22T00:07:03.327+0000] {logging_mixin.py:188} INFO - [2024-02-22T00:07:03.326+0000] {example_local_kubernetes_executor.py:39} WARNING - Could not import DAGs in example_local_kubernetes_executor.py
Traceback (most recent call last):
  File "/home/ubuntu/reddit_venv/lib/python3.10/site-packages/airflow/example_dags/example_local_kubernetes_executor.py", line 37, in <module>
    from kubernetes.client import models as k8s
ModuleNotFoundError: No module named 'kubernetes'
[2024-02-22T00:07:03.327+0000] {logging_mixin.py:188} INFO - [2024-02-22T00:07:03.327+0000] {example_local_kubernetes_executor.py:40} WARNING - Install Kubernetes dependencies with: pip install apache-airflow[cncf.kubernetes]
[2024-02-22T00:07:03.327+0000] {processor.py:842} WARNING - No viable dags retrieved from /home/ubuntu/reddit_venv/lib/python3.10/site-packages/airflow/example_dags/example_local_kubernetes_executor.py
[2024-02-22T00:07:03.338+0000] {processor.py:183} INFO - Processing /home/ubuntu/reddit_venv/lib/python3.10/site-packages/airflow/example_dags/example_local_kubernetes_executor.py took 0.022 seconds
[2024-02-22T00:08:01.726+0000] {processor.py:161} INFO - Started process (PID=7861) to work on /home/ubuntu/reddit_venv/lib/python3.10/site-packages/airflow/example_dags/example_local_kubernetes_executor.py
[2024-02-22T00:08:01.728+0000] {processor.py:830} INFO - Processing file /home/ubuntu/reddit_venv/lib/python3.10/site-packages/airflow/example_dags/example_local_kubernetes_executor.py for tasks to queue
[2024-02-22T00:08:01.729+0000] {logging_mixin.py:188} INFO - [2024-02-22T00:08:01.728+0000] {dagbag.py:538} INFO - Filling up the DagBag from /home/ubuntu/reddit_venv/lib/python3.10/site-packages/airflow/example_dags/example_local_kubernetes_executor.py
[2024-02-22T00:08:01.732+0000] {logging_mixin.py:188} INFO - [2024-02-22T00:08:01.731+0000] {example_local_kubernetes_executor.py:39} WARNING - Could not import DAGs in example_local_kubernetes_executor.py
Traceback (most recent call last):
  File "/home/ubuntu/reddit_venv/lib/python3.10/site-packages/airflow/example_dags/example_local_kubernetes_executor.py", line 37, in <module>
    from kubernetes.client import models as k8s
ModuleNotFoundError: No module named 'kubernetes'
[2024-02-22T00:08:01.732+0000] {logging_mixin.py:188} INFO - [2024-02-22T00:08:01.732+0000] {example_local_kubernetes_executor.py:40} WARNING - Install Kubernetes dependencies with: pip install apache-airflow[cncf.kubernetes]
[2024-02-22T00:08:01.733+0000] {processor.py:842} WARNING - No viable dags retrieved from /home/ubuntu/reddit_venv/lib/python3.10/site-packages/airflow/example_dags/example_local_kubernetes_executor.py
[2024-02-22T00:08:01.743+0000] {processor.py:183} INFO - Processing /home/ubuntu/reddit_venv/lib/python3.10/site-packages/airflow/example_dags/example_local_kubernetes_executor.py took 0.021 seconds
[2024-02-22T00:09:00.818+0000] {processor.py:161} INFO - Started process (PID=7989) to work on /home/ubuntu/reddit_venv/lib/python3.10/site-packages/airflow/example_dags/example_local_kubernetes_executor.py
[2024-02-22T00:09:00.820+0000] {processor.py:830} INFO - Processing file /home/ubuntu/reddit_venv/lib/python3.10/site-packages/airflow/example_dags/example_local_kubernetes_executor.py for tasks to queue
[2024-02-22T00:09:00.821+0000] {logging_mixin.py:188} INFO - [2024-02-22T00:09:00.821+0000] {dagbag.py:538} INFO - Filling up the DagBag from /home/ubuntu/reddit_venv/lib/python3.10/site-packages/airflow/example_dags/example_local_kubernetes_executor.py
[2024-02-22T00:09:00.825+0000] {logging_mixin.py:188} INFO - [2024-02-22T00:09:00.824+0000] {example_local_kubernetes_executor.py:39} WARNING - Could not import DAGs in example_local_kubernetes_executor.py
Traceback (most recent call last):
  File "/home/ubuntu/reddit_venv/lib/python3.10/site-packages/airflow/example_dags/example_local_kubernetes_executor.py", line 37, in <module>
    from kubernetes.client import models as k8s
ModuleNotFoundError: No module named 'kubernetes'
[2024-02-22T00:09:00.825+0000] {logging_mixin.py:188} INFO - [2024-02-22T00:09:00.825+0000] {example_local_kubernetes_executor.py:40} WARNING - Install Kubernetes dependencies with: pip install apache-airflow[cncf.kubernetes]
[2024-02-22T00:09:00.825+0000] {processor.py:842} WARNING - No viable dags retrieved from /home/ubuntu/reddit_venv/lib/python3.10/site-packages/airflow/example_dags/example_local_kubernetes_executor.py
[2024-02-22T00:09:00.836+0000] {processor.py:183} INFO - Processing /home/ubuntu/reddit_venv/lib/python3.10/site-packages/airflow/example_dags/example_local_kubernetes_executor.py took 0.021 seconds
[2024-02-22T00:10:00.149+0000] {processor.py:161} INFO - Started process (PID=8114) to work on /home/ubuntu/reddit_venv/lib/python3.10/site-packages/airflow/example_dags/example_local_kubernetes_executor.py
[2024-02-22T00:10:00.150+0000] {processor.py:830} INFO - Processing file /home/ubuntu/reddit_venv/lib/python3.10/site-packages/airflow/example_dags/example_local_kubernetes_executor.py for tasks to queue
[2024-02-22T00:10:00.151+0000] {logging_mixin.py:188} INFO - [2024-02-22T00:10:00.151+0000] {dagbag.py:538} INFO - Filling up the DagBag from /home/ubuntu/reddit_venv/lib/python3.10/site-packages/airflow/example_dags/example_local_kubernetes_executor.py
[2024-02-22T00:10:00.155+0000] {logging_mixin.py:188} INFO - [2024-02-22T00:10:00.154+0000] {example_local_kubernetes_executor.py:39} WARNING - Could not import DAGs in example_local_kubernetes_executor.py
Traceback (most recent call last):
  File "/home/ubuntu/reddit_venv/lib/python3.10/site-packages/airflow/example_dags/example_local_kubernetes_executor.py", line 37, in <module>
    from kubernetes.client import models as k8s
ModuleNotFoundError: No module named 'kubernetes'
[2024-02-22T00:10:00.155+0000] {logging_mixin.py:188} INFO - [2024-02-22T00:10:00.155+0000] {example_local_kubernetes_executor.py:40} WARNING - Install Kubernetes dependencies with: pip install apache-airflow[cncf.kubernetes]
[2024-02-22T00:10:00.155+0000] {processor.py:842} WARNING - No viable dags retrieved from /home/ubuntu/reddit_venv/lib/python3.10/site-packages/airflow/example_dags/example_local_kubernetes_executor.py
[2024-02-22T00:10:00.166+0000] {processor.py:183} INFO - Processing /home/ubuntu/reddit_venv/lib/python3.10/site-packages/airflow/example_dags/example_local_kubernetes_executor.py took 0.021 seconds
[2024-02-22T00:11:00.365+0000] {processor.py:161} INFO - Started process (PID=8242) to work on /home/ubuntu/reddit_venv/lib/python3.10/site-packages/airflow/example_dags/example_local_kubernetes_executor.py
[2024-02-22T00:11:00.366+0000] {processor.py:830} INFO - Processing file /home/ubuntu/reddit_venv/lib/python3.10/site-packages/airflow/example_dags/example_local_kubernetes_executor.py for tasks to queue
[2024-02-22T00:11:00.367+0000] {logging_mixin.py:188} INFO - [2024-02-22T00:11:00.367+0000] {dagbag.py:538} INFO - Filling up the DagBag from /home/ubuntu/reddit_venv/lib/python3.10/site-packages/airflow/example_dags/example_local_kubernetes_executor.py
[2024-02-22T00:11:00.371+0000] {logging_mixin.py:188} INFO - [2024-02-22T00:11:00.370+0000] {example_local_kubernetes_executor.py:39} WARNING - Could not import DAGs in example_local_kubernetes_executor.py
Traceback (most recent call last):
  File "/home/ubuntu/reddit_venv/lib/python3.10/site-packages/airflow/example_dags/example_local_kubernetes_executor.py", line 37, in <module>
    from kubernetes.client import models as k8s
ModuleNotFoundError: No module named 'kubernetes'
[2024-02-22T00:11:00.371+0000] {logging_mixin.py:188} INFO - [2024-02-22T00:11:00.371+0000] {example_local_kubernetes_executor.py:40} WARNING - Install Kubernetes dependencies with: pip install apache-airflow[cncf.kubernetes]
[2024-02-22T00:11:00.371+0000] {processor.py:842} WARNING - No viable dags retrieved from /home/ubuntu/reddit_venv/lib/python3.10/site-packages/airflow/example_dags/example_local_kubernetes_executor.py
[2024-02-22T00:11:00.381+0000] {processor.py:183} INFO - Processing /home/ubuntu/reddit_venv/lib/python3.10/site-packages/airflow/example_dags/example_local_kubernetes_executor.py took 0.019 seconds
[2024-02-22T00:12:02.046+0000] {processor.py:161} INFO - Started process (PID=8432) to work on /home/ubuntu/reddit_venv/lib/python3.10/site-packages/airflow/example_dags/example_local_kubernetes_executor.py
[2024-02-22T00:12:02.048+0000] {processor.py:830} INFO - Processing file /home/ubuntu/reddit_venv/lib/python3.10/site-packages/airflow/example_dags/example_local_kubernetes_executor.py for tasks to queue
[2024-02-22T00:12:02.049+0000] {logging_mixin.py:188} INFO - [2024-02-22T00:12:02.049+0000] {dagbag.py:538} INFO - Filling up the DagBag from /home/ubuntu/reddit_venv/lib/python3.10/site-packages/airflow/example_dags/example_local_kubernetes_executor.py
[2024-02-22T00:12:02.052+0000] {logging_mixin.py:188} INFO - [2024-02-22T00:12:02.052+0000] {example_local_kubernetes_executor.py:39} WARNING - Could not import DAGs in example_local_kubernetes_executor.py
Traceback (most recent call last):
  File "/home/ubuntu/reddit_venv/lib/python3.10/site-packages/airflow/example_dags/example_local_kubernetes_executor.py", line 37, in <module>
    from kubernetes.client import models as k8s
ModuleNotFoundError: No module named 'kubernetes'
[2024-02-22T00:12:02.053+0000] {logging_mixin.py:188} INFO - [2024-02-22T00:12:02.053+0000] {example_local_kubernetes_executor.py:40} WARNING - Install Kubernetes dependencies with: pip install apache-airflow[cncf.kubernetes]
[2024-02-22T00:12:02.053+0000] {processor.py:842} WARNING - No viable dags retrieved from /home/ubuntu/reddit_venv/lib/python3.10/site-packages/airflow/example_dags/example_local_kubernetes_executor.py
[2024-02-22T00:12:02.064+0000] {processor.py:183} INFO - Processing /home/ubuntu/reddit_venv/lib/python3.10/site-packages/airflow/example_dags/example_local_kubernetes_executor.py took 0.021 seconds
[2024-02-22T00:13:02.708+0000] {processor.py:161} INFO - Started process (PID=8560) to work on /home/ubuntu/reddit_venv/lib/python3.10/site-packages/airflow/example_dags/example_local_kubernetes_executor.py
[2024-02-22T00:13:02.709+0000] {processor.py:830} INFO - Processing file /home/ubuntu/reddit_venv/lib/python3.10/site-packages/airflow/example_dags/example_local_kubernetes_executor.py for tasks to queue
[2024-02-22T00:13:02.710+0000] {logging_mixin.py:188} INFO - [2024-02-22T00:13:02.710+0000] {dagbag.py:538} INFO - Filling up the DagBag from /home/ubuntu/reddit_venv/lib/python3.10/site-packages/airflow/example_dags/example_local_kubernetes_executor.py
[2024-02-22T00:13:02.714+0000] {logging_mixin.py:188} INFO - [2024-02-22T00:13:02.713+0000] {example_local_kubernetes_executor.py:39} WARNING - Could not import DAGs in example_local_kubernetes_executor.py
Traceback (most recent call last):
  File "/home/ubuntu/reddit_venv/lib/python3.10/site-packages/airflow/example_dags/example_local_kubernetes_executor.py", line 37, in <module>
    from kubernetes.client import models as k8s
ModuleNotFoundError: No module named 'kubernetes'
[2024-02-22T00:13:02.714+0000] {logging_mixin.py:188} INFO - [2024-02-22T00:13:02.714+0000] {example_local_kubernetes_executor.py:40} WARNING - Install Kubernetes dependencies with: pip install apache-airflow[cncf.kubernetes]
[2024-02-22T00:13:02.715+0000] {processor.py:842} WARNING - No viable dags retrieved from /home/ubuntu/reddit_venv/lib/python3.10/site-packages/airflow/example_dags/example_local_kubernetes_executor.py
[2024-02-22T00:13:02.726+0000] {processor.py:183} INFO - Processing /home/ubuntu/reddit_venv/lib/python3.10/site-packages/airflow/example_dags/example_local_kubernetes_executor.py took 0.021 seconds
