[2024-02-22T00:00:49.006+0000] {processor.py:161} INFO - Started process (PID=4448) to work on /home/ubuntu/reddit_venv/lib/python3.10/site-packages/airflow/example_dags/example_python_decorator.py
[2024-02-22T00:00:49.007+0000] {processor.py:830} INFO - Processing file /home/ubuntu/reddit_venv/lib/python3.10/site-packages/airflow/example_dags/example_python_decorator.py for tasks to queue
[2024-02-22T00:00:49.008+0000] {logging_mixin.py:188} INFO - [2024-02-22T00:00:49.008+0000] {dagbag.py:538} INFO - Filling up the DagBag from /home/ubuntu/reddit_venv/lib/python3.10/site-packages/airflow/example_dags/example_python_decorator.py
[2024-02-22T00:00:49.023+0000] {processor.py:840} INFO - DAG(s) 'example_python_decorator' retrieved from /home/ubuntu/reddit_venv/lib/python3.10/site-packages/airflow/example_dags/example_python_decorator.py
[2024-02-22T00:00:49.042+0000] {logging_mixin.py:188} INFO - [2024-02-22T00:00:49.042+0000] {dag.py:3036} INFO - Sync 1 DAGs
[2024-02-22T00:00:49.054+0000] {logging_mixin.py:188} INFO - [2024-02-22T00:00:49.054+0000] {dag.py:3823} INFO - Setting next_dagrun for example_python_decorator to None, run_after=None
[2024-02-22T00:00:49.077+0000] {processor.py:183} INFO - Processing /home/ubuntu/reddit_venv/lib/python3.10/site-packages/airflow/example_dags/example_python_decorator.py took 0.074 seconds
[2024-02-22T00:01:41.151+0000] {processor.py:161} INFO - Started process (PID=4890) to work on /home/ubuntu/reddit_venv/lib/python3.10/site-packages/airflow/example_dags/example_python_decorator.py
[2024-02-22T00:01:41.152+0000] {processor.py:830} INFO - Processing file /home/ubuntu/reddit_venv/lib/python3.10/site-packages/airflow/example_dags/example_python_decorator.py for tasks to queue
[2024-02-22T00:01:41.154+0000] {logging_mixin.py:188} INFO - [2024-02-22T00:01:41.153+0000] {dagbag.py:538} INFO - Filling up the DagBag from /home/ubuntu/reddit_venv/lib/python3.10/site-packages/airflow/example_dags/example_python_decorator.py
[2024-02-22T00:01:41.171+0000] {processor.py:840} INFO - DAG(s) 'example_python_decorator' retrieved from /home/ubuntu/reddit_venv/lib/python3.10/site-packages/airflow/example_dags/example_python_decorator.py
[2024-02-22T00:01:41.190+0000] {logging_mixin.py:188} INFO - [2024-02-22T00:01:41.190+0000] {dag.py:3036} INFO - Sync 1 DAGs
[2024-02-22T00:01:41.203+0000] {logging_mixin.py:188} INFO - [2024-02-22T00:01:41.202+0000] {dag.py:3823} INFO - Setting next_dagrun for example_python_decorator to None, run_after=None
[2024-02-22T00:01:41.230+0000] {processor.py:183} INFO - Processing /home/ubuntu/reddit_venv/lib/python3.10/site-packages/airflow/example_dags/example_python_decorator.py took 0.082 seconds
[2024-02-22T00:03:23.846+0000] {processor.py:161} INFO - Started process (PID=6113) to work on /home/ubuntu/reddit_venv/lib/python3.10/site-packages/airflow/example_dags/example_python_decorator.py
[2024-02-22T00:03:23.848+0000] {processor.py:830} INFO - Processing file /home/ubuntu/reddit_venv/lib/python3.10/site-packages/airflow/example_dags/example_python_decorator.py for tasks to queue
[2024-02-22T00:03:23.849+0000] {logging_mixin.py:188} INFO - [2024-02-22T00:03:23.849+0000] {dagbag.py:538} INFO - Filling up the DagBag from /home/ubuntu/reddit_venv/lib/python3.10/site-packages/airflow/example_dags/example_python_decorator.py
[2024-02-22T00:03:23.864+0000] {processor.py:840} INFO - DAG(s) 'example_python_decorator' retrieved from /home/ubuntu/reddit_venv/lib/python3.10/site-packages/airflow/example_dags/example_python_decorator.py
[2024-02-22T00:03:23.882+0000] {logging_mixin.py:188} INFO - [2024-02-22T00:03:23.882+0000] {dag.py:3036} INFO - Sync 1 DAGs
[2024-02-22T00:03:23.894+0000] {logging_mixin.py:188} INFO - [2024-02-22T00:03:23.894+0000] {dag.py:3823} INFO - Setting next_dagrun for example_python_decorator to None, run_after=None
[2024-02-22T00:03:23.930+0000] {processor.py:183} INFO - Processing /home/ubuntu/reddit_venv/lib/python3.10/site-packages/airflow/example_dags/example_python_decorator.py took 0.087 seconds
[2024-02-22T00:04:49.252+0000] {processor.py:161} INFO - Started process (PID=6743) to work on /home/ubuntu/reddit_venv/lib/python3.10/site-packages/airflow/example_dags/example_python_decorator.py
[2024-02-22T00:04:49.254+0000] {processor.py:830} INFO - Processing file /home/ubuntu/reddit_venv/lib/python3.10/site-packages/airflow/example_dags/example_python_decorator.py for tasks to queue
[2024-02-22T00:04:49.255+0000] {logging_mixin.py:188} INFO - [2024-02-22T00:04:49.255+0000] {dagbag.py:538} INFO - Filling up the DagBag from /home/ubuntu/reddit_venv/lib/python3.10/site-packages/airflow/example_dags/example_python_decorator.py
[2024-02-22T00:04:49.270+0000] {processor.py:840} INFO - DAG(s) 'example_python_decorator' retrieved from /home/ubuntu/reddit_venv/lib/python3.10/site-packages/airflow/example_dags/example_python_decorator.py
[2024-02-22T00:04:49.288+0000] {logging_mixin.py:188} INFO - [2024-02-22T00:04:49.287+0000] {dag.py:3036} INFO - Sync 1 DAGs
[2024-02-22T00:04:49.299+0000] {logging_mixin.py:188} INFO - [2024-02-22T00:04:49.299+0000] {dag.py:3823} INFO - Setting next_dagrun for example_python_decorator to None, run_after=None
[2024-02-22T00:04:49.322+0000] {processor.py:183} INFO - Processing /home/ubuntu/reddit_venv/lib/python3.10/site-packages/airflow/example_dags/example_python_decorator.py took 0.073 seconds
[2024-02-22T00:06:08.048+0000] {processor.py:161} INFO - Started process (PID=7494) to work on /home/ubuntu/reddit_venv/lib/python3.10/site-packages/airflow/example_dags/example_python_decorator.py
[2024-02-22T00:06:08.050+0000] {processor.py:830} INFO - Processing file /home/ubuntu/reddit_venv/lib/python3.10/site-packages/airflow/example_dags/example_python_decorator.py for tasks to queue
[2024-02-22T00:06:08.051+0000] {logging_mixin.py:188} INFO - [2024-02-22T00:06:08.051+0000] {dagbag.py:538} INFO - Filling up the DagBag from /home/ubuntu/reddit_venv/lib/python3.10/site-packages/airflow/example_dags/example_python_decorator.py
[2024-02-22T00:06:08.066+0000] {processor.py:840} INFO - DAG(s) 'example_python_decorator' retrieved from /home/ubuntu/reddit_venv/lib/python3.10/site-packages/airflow/example_dags/example_python_decorator.py
[2024-02-22T00:06:08.085+0000] {logging_mixin.py:188} INFO - [2024-02-22T00:06:08.084+0000] {dag.py:3036} INFO - Sync 1 DAGs
[2024-02-22T00:06:08.096+0000] {logging_mixin.py:188} INFO - [2024-02-22T00:06:08.096+0000] {dag.py:3823} INFO - Setting next_dagrun for example_python_decorator to None, run_after=None
[2024-02-22T00:06:08.119+0000] {processor.py:183} INFO - Processing /home/ubuntu/reddit_venv/lib/python3.10/site-packages/airflow/example_dags/example_python_decorator.py took 0.074 seconds
[2024-02-22T00:06:58.341+0000] {processor.py:161} INFO - Started process (PID=7671) to work on /home/ubuntu/reddit_venv/lib/python3.10/site-packages/airflow/example_dags/example_python_decorator.py
[2024-02-22T00:06:58.343+0000] {processor.py:830} INFO - Processing file /home/ubuntu/reddit_venv/lib/python3.10/site-packages/airflow/example_dags/example_python_decorator.py for tasks to queue
[2024-02-22T00:06:58.344+0000] {logging_mixin.py:188} INFO - [2024-02-22T00:06:58.343+0000] {dagbag.py:538} INFO - Filling up the DagBag from /home/ubuntu/reddit_venv/lib/python3.10/site-packages/airflow/example_dags/example_python_decorator.py
[2024-02-22T00:06:58.358+0000] {processor.py:840} INFO - DAG(s) 'example_python_decorator' retrieved from /home/ubuntu/reddit_venv/lib/python3.10/site-packages/airflow/example_dags/example_python_decorator.py
[2024-02-22T00:06:58.376+0000] {logging_mixin.py:188} INFO - [2024-02-22T00:06:58.376+0000] {dag.py:3036} INFO - Sync 1 DAGs
[2024-02-22T00:06:58.388+0000] {logging_mixin.py:188} INFO - [2024-02-22T00:06:58.388+0000] {dag.py:3823} INFO - Setting next_dagrun for example_python_decorator to None, run_after=None
[2024-02-22T00:06:58.411+0000] {processor.py:183} INFO - Processing /home/ubuntu/reddit_venv/lib/python3.10/site-packages/airflow/example_dags/example_python_decorator.py took 0.073 seconds
[2024-02-22T00:07:57.727+0000] {processor.py:161} INFO - Started process (PID=7856) to work on /home/ubuntu/reddit_venv/lib/python3.10/site-packages/airflow/example_dags/example_python_decorator.py
[2024-02-22T00:07:57.729+0000] {processor.py:830} INFO - Processing file /home/ubuntu/reddit_venv/lib/python3.10/site-packages/airflow/example_dags/example_python_decorator.py for tasks to queue
[2024-02-22T00:07:57.730+0000] {logging_mixin.py:188} INFO - [2024-02-22T00:07:57.729+0000] {dagbag.py:538} INFO - Filling up the DagBag from /home/ubuntu/reddit_venv/lib/python3.10/site-packages/airflow/example_dags/example_python_decorator.py
[2024-02-22T00:07:57.745+0000] {processor.py:840} INFO - DAG(s) 'example_python_decorator' retrieved from /home/ubuntu/reddit_venv/lib/python3.10/site-packages/airflow/example_dags/example_python_decorator.py
[2024-02-22T00:07:57.763+0000] {logging_mixin.py:188} INFO - [2024-02-22T00:07:57.763+0000] {dag.py:3036} INFO - Sync 1 DAGs
[2024-02-22T00:07:57.776+0000] {logging_mixin.py:188} INFO - [2024-02-22T00:07:57.776+0000] {dag.py:3823} INFO - Setting next_dagrun for example_python_decorator to None, run_after=None
[2024-02-22T00:07:57.799+0000] {processor.py:183} INFO - Processing /home/ubuntu/reddit_venv/lib/python3.10/site-packages/airflow/example_dags/example_python_decorator.py took 0.075 seconds
[2024-02-22T00:08:37.973+0000] {processor.py:161} INFO - Started process (PID=7902) to work on /home/ubuntu/reddit_venv/lib/python3.10/site-packages/airflow/example_dags/example_python_decorator.py
[2024-02-22T00:08:37.975+0000] {processor.py:830} INFO - Processing file /home/ubuntu/reddit_venv/lib/python3.10/site-packages/airflow/example_dags/example_python_decorator.py for tasks to queue
[2024-02-22T00:08:37.976+0000] {logging_mixin.py:188} INFO - [2024-02-22T00:08:37.975+0000] {dagbag.py:538} INFO - Filling up the DagBag from /home/ubuntu/reddit_venv/lib/python3.10/site-packages/airflow/example_dags/example_python_decorator.py
[2024-02-22T00:08:37.991+0000] {processor.py:840} INFO - DAG(s) 'example_python_decorator' retrieved from /home/ubuntu/reddit_venv/lib/python3.10/site-packages/airflow/example_dags/example_python_decorator.py
[2024-02-22T00:08:38.009+0000] {logging_mixin.py:188} INFO - [2024-02-22T00:08:38.009+0000] {dag.py:3036} INFO - Sync 1 DAGs
[2024-02-22T00:08:38.020+0000] {logging_mixin.py:188} INFO - [2024-02-22T00:08:38.020+0000] {dag.py:3823} INFO - Setting next_dagrun for example_python_decorator to None, run_after=None
[2024-02-22T00:08:38.043+0000] {processor.py:183} INFO - Processing /home/ubuntu/reddit_venv/lib/python3.10/site-packages/airflow/example_dags/example_python_decorator.py took 0.073 seconds
[2024-02-22T00:09:34.788+0000] {processor.py:161} INFO - Started process (PID=8026) to work on /home/ubuntu/reddit_venv/lib/python3.10/site-packages/airflow/example_dags/example_python_decorator.py
[2024-02-22T00:09:34.790+0000] {processor.py:830} INFO - Processing file /home/ubuntu/reddit_venv/lib/python3.10/site-packages/airflow/example_dags/example_python_decorator.py for tasks to queue
[2024-02-22T00:09:34.791+0000] {logging_mixin.py:188} INFO - [2024-02-22T00:09:34.790+0000] {dagbag.py:538} INFO - Filling up the DagBag from /home/ubuntu/reddit_venv/lib/python3.10/site-packages/airflow/example_dags/example_python_decorator.py
[2024-02-22T00:09:34.806+0000] {processor.py:840} INFO - DAG(s) 'example_python_decorator' retrieved from /home/ubuntu/reddit_venv/lib/python3.10/site-packages/airflow/example_dags/example_python_decorator.py
[2024-02-22T00:09:34.824+0000] {logging_mixin.py:188} INFO - [2024-02-22T00:09:34.824+0000] {dag.py:3036} INFO - Sync 1 DAGs
[2024-02-22T00:09:34.836+0000] {logging_mixin.py:188} INFO - [2024-02-22T00:09:34.836+0000] {dag.py:3823} INFO - Setting next_dagrun for example_python_decorator to None, run_after=None
[2024-02-22T00:09:34.858+0000] {processor.py:183} INFO - Processing /home/ubuntu/reddit_venv/lib/python3.10/site-packages/airflow/example_dags/example_python_decorator.py took 0.074 seconds
[2024-02-22T00:10:16.837+0000] {processor.py:161} INFO - Started process (PID=8132) to work on /home/ubuntu/reddit_venv/lib/python3.10/site-packages/airflow/example_dags/example_python_decorator.py
[2024-02-22T00:10:16.839+0000] {processor.py:830} INFO - Processing file /home/ubuntu/reddit_venv/lib/python3.10/site-packages/airflow/example_dags/example_python_decorator.py for tasks to queue
[2024-02-22T00:10:16.840+0000] {logging_mixin.py:188} INFO - [2024-02-22T00:10:16.839+0000] {dagbag.py:538} INFO - Filling up the DagBag from /home/ubuntu/reddit_venv/lib/python3.10/site-packages/airflow/example_dags/example_python_decorator.py
[2024-02-22T00:10:16.855+0000] {processor.py:840} INFO - DAG(s) 'example_python_decorator' retrieved from /home/ubuntu/reddit_venv/lib/python3.10/site-packages/airflow/example_dags/example_python_decorator.py
[2024-02-22T00:10:16.874+0000] {logging_mixin.py:188} INFO - [2024-02-22T00:10:16.873+0000] {dag.py:3036} INFO - Sync 1 DAGs
[2024-02-22T00:10:16.886+0000] {logging_mixin.py:188} INFO - [2024-02-22T00:10:16.886+0000] {dag.py:3823} INFO - Setting next_dagrun for example_python_decorator to None, run_after=None
[2024-02-22T00:10:16.910+0000] {processor.py:183} INFO - Processing /home/ubuntu/reddit_venv/lib/python3.10/site-packages/airflow/example_dags/example_python_decorator.py took 0.076 seconds
[2024-02-22T00:11:17.333+0000] {processor.py:161} INFO - Started process (PID=8263) to work on /home/ubuntu/reddit_venv/lib/python3.10/site-packages/airflow/example_dags/example_python_decorator.py
[2024-02-22T00:11:17.335+0000] {processor.py:830} INFO - Processing file /home/ubuntu/reddit_venv/lib/python3.10/site-packages/airflow/example_dags/example_python_decorator.py for tasks to queue
[2024-02-22T00:11:17.336+0000] {logging_mixin.py:188} INFO - [2024-02-22T00:11:17.336+0000] {dagbag.py:538} INFO - Filling up the DagBag from /home/ubuntu/reddit_venv/lib/python3.10/site-packages/airflow/example_dags/example_python_decorator.py
[2024-02-22T00:11:17.351+0000] {processor.py:840} INFO - DAG(s) 'example_python_decorator' retrieved from /home/ubuntu/reddit_venv/lib/python3.10/site-packages/airflow/example_dags/example_python_decorator.py
[2024-02-22T00:11:17.369+0000] {logging_mixin.py:188} INFO - [2024-02-22T00:11:17.369+0000] {dag.py:3036} INFO - Sync 1 DAGs
[2024-02-22T00:11:17.382+0000] {logging_mixin.py:188} INFO - [2024-02-22T00:11:17.382+0000] {dag.py:3823} INFO - Setting next_dagrun for example_python_decorator to None, run_after=None
[2024-02-22T00:11:17.404+0000] {processor.py:183} INFO - Processing /home/ubuntu/reddit_venv/lib/python3.10/site-packages/airflow/example_dags/example_python_decorator.py took 0.075 seconds
[2024-02-22T00:11:58.628+0000] {processor.py:161} INFO - Started process (PID=8369) to work on /home/ubuntu/reddit_venv/lib/python3.10/site-packages/airflow/example_dags/example_python_decorator.py
[2024-02-22T00:11:58.629+0000] {processor.py:830} INFO - Processing file /home/ubuntu/reddit_venv/lib/python3.10/site-packages/airflow/example_dags/example_python_decorator.py for tasks to queue
[2024-02-22T00:11:58.630+0000] {logging_mixin.py:188} INFO - [2024-02-22T00:11:58.630+0000] {dagbag.py:538} INFO - Filling up the DagBag from /home/ubuntu/reddit_venv/lib/python3.10/site-packages/airflow/example_dags/example_python_decorator.py
[2024-02-22T00:11:58.645+0000] {processor.py:840} INFO - DAG(s) 'example_python_decorator' retrieved from /home/ubuntu/reddit_venv/lib/python3.10/site-packages/airflow/example_dags/example_python_decorator.py
[2024-02-22T00:11:58.663+0000] {logging_mixin.py:188} INFO - [2024-02-22T00:11:58.663+0000] {dag.py:3036} INFO - Sync 1 DAGs
[2024-02-22T00:11:58.675+0000] {logging_mixin.py:188} INFO - [2024-02-22T00:11:58.674+0000] {dag.py:3823} INFO - Setting next_dagrun for example_python_decorator to None, run_after=None
[2024-02-22T00:11:58.697+0000] {processor.py:183} INFO - Processing /home/ubuntu/reddit_venv/lib/python3.10/site-packages/airflow/example_dags/example_python_decorator.py took 0.072 seconds
[2024-02-22T00:12:40.450+0000] {processor.py:161} INFO - Started process (PID=8476) to work on /home/ubuntu/reddit_venv/lib/python3.10/site-packages/airflow/example_dags/example_python_decorator.py
[2024-02-22T00:12:40.452+0000] {processor.py:830} INFO - Processing file /home/ubuntu/reddit_venv/lib/python3.10/site-packages/airflow/example_dags/example_python_decorator.py for tasks to queue
[2024-02-22T00:12:40.453+0000] {logging_mixin.py:188} INFO - [2024-02-22T00:12:40.452+0000] {dagbag.py:538} INFO - Filling up the DagBag from /home/ubuntu/reddit_venv/lib/python3.10/site-packages/airflow/example_dags/example_python_decorator.py
[2024-02-22T00:12:40.467+0000] {processor.py:840} INFO - DAG(s) 'example_python_decorator' retrieved from /home/ubuntu/reddit_venv/lib/python3.10/site-packages/airflow/example_dags/example_python_decorator.py
[2024-02-22T00:12:40.484+0000] {logging_mixin.py:188} INFO - [2024-02-22T00:12:40.484+0000] {dag.py:3036} INFO - Sync 1 DAGs
[2024-02-22T00:12:40.496+0000] {logging_mixin.py:188} INFO - [2024-02-22T00:12:40.496+0000] {dag.py:3823} INFO - Setting next_dagrun for example_python_decorator to None, run_after=None
[2024-02-22T00:12:40.518+0000] {processor.py:183} INFO - Processing /home/ubuntu/reddit_venv/lib/python3.10/site-packages/airflow/example_dags/example_python_decorator.py took 0.071 seconds
[2024-02-22T00:13:21.032+0000] {processor.py:161} INFO - Started process (PID=8582) to work on /home/ubuntu/reddit_venv/lib/python3.10/site-packages/airflow/example_dags/example_python_decorator.py
[2024-02-22T00:13:21.034+0000] {processor.py:830} INFO - Processing file /home/ubuntu/reddit_venv/lib/python3.10/site-packages/airflow/example_dags/example_python_decorator.py for tasks to queue
[2024-02-22T00:13:21.035+0000] {logging_mixin.py:188} INFO - [2024-02-22T00:13:21.034+0000] {dagbag.py:538} INFO - Filling up the DagBag from /home/ubuntu/reddit_venv/lib/python3.10/site-packages/airflow/example_dags/example_python_decorator.py
[2024-02-22T00:13:21.050+0000] {processor.py:840} INFO - DAG(s) 'example_python_decorator' retrieved from /home/ubuntu/reddit_venv/lib/python3.10/site-packages/airflow/example_dags/example_python_decorator.py
[2024-02-22T00:13:21.068+0000] {logging_mixin.py:188} INFO - [2024-02-22T00:13:21.068+0000] {dag.py:3036} INFO - Sync 1 DAGs
[2024-02-22T00:13:21.080+0000] {logging_mixin.py:188} INFO - [2024-02-22T00:13:21.079+0000] {dag.py:3823} INFO - Setting next_dagrun for example_python_decorator to None, run_after=None
[2024-02-22T00:13:21.104+0000] {processor.py:183} INFO - Processing /home/ubuntu/reddit_venv/lib/python3.10/site-packages/airflow/example_dags/example_python_decorator.py took 0.076 seconds
