[2024-02-22T00:00:01.102+0000] {processor.py:161} INFO - Started process (PID=3809) to work on /home/ubuntu/reddit_venv/lib/python3.10/site-packages/airflow/example_dags/example_external_task_marker_dag.py
[2024-02-22T00:00:01.103+0000] {processor.py:830} INFO - Processing file /home/ubuntu/reddit_venv/lib/python3.10/site-packages/airflow/example_dags/example_external_task_marker_dag.py for tasks to queue
[2024-02-22T00:00:01.104+0000] {logging_mixin.py:188} INFO - [2024-02-22T00:00:01.104+0000] {dagbag.py:538} INFO - Filling up the DagBag from /home/ubuntu/reddit_venv/lib/python3.10/site-packages/airflow/example_dags/example_external_task_marker_dag.py
[2024-02-22T00:00:01.111+0000] {processor.py:840} INFO - DAG(s) 'example_external_task_marker_parent', 'example_external_task_marker_child' retrieved from /home/ubuntu/reddit_venv/lib/python3.10/site-packages/airflow/example_dags/example_external_task_marker_dag.py
[2024-02-22T00:00:01.131+0000] {logging_mixin.py:188} INFO - [2024-02-22T00:00:01.130+0000] {dag.py:3036} INFO - Sync 2 DAGs
[2024-02-22T00:00:01.143+0000] {logging_mixin.py:188} INFO - [2024-02-22T00:00:01.143+0000] {dag.py:3823} INFO - Setting next_dagrun for example_external_task_marker_child to None, run_after=None
[2024-02-22T00:00:01.147+0000] {logging_mixin.py:188} INFO - [2024-02-22T00:00:01.147+0000] {dag.py:3823} INFO - Setting next_dagrun for example_external_task_marker_parent to None, run_after=None
[2024-02-22T00:00:01.173+0000] {processor.py:183} INFO - Processing /home/ubuntu/reddit_venv/lib/python3.10/site-packages/airflow/example_dags/example_external_task_marker_dag.py took 0.075 seconds
[2024-02-22T00:01:33.009+0000] {processor.py:161} INFO - Started process (PID=4794) to work on /home/ubuntu/reddit_venv/lib/python3.10/site-packages/airflow/example_dags/example_external_task_marker_dag.py
[2024-02-22T00:01:33.012+0000] {processor.py:830} INFO - Processing file /home/ubuntu/reddit_venv/lib/python3.10/site-packages/airflow/example_dags/example_external_task_marker_dag.py for tasks to queue
[2024-02-22T00:01:33.013+0000] {logging_mixin.py:188} INFO - [2024-02-22T00:01:33.013+0000] {dagbag.py:538} INFO - Filling up the DagBag from /home/ubuntu/reddit_venv/lib/python3.10/site-packages/airflow/example_dags/example_external_task_marker_dag.py
[2024-02-22T00:01:33.020+0000] {processor.py:840} INFO - DAG(s) 'example_external_task_marker_parent', 'example_external_task_marker_child' retrieved from /home/ubuntu/reddit_venv/lib/python3.10/site-packages/airflow/example_dags/example_external_task_marker_dag.py
[2024-02-22T00:01:33.039+0000] {logging_mixin.py:188} INFO - [2024-02-22T00:01:33.039+0000] {dag.py:3036} INFO - Sync 2 DAGs
[2024-02-22T00:01:33.051+0000] {logging_mixin.py:188} INFO - [2024-02-22T00:01:33.051+0000] {dag.py:3823} INFO - Setting next_dagrun for example_external_task_marker_child to None, run_after=None
[2024-02-22T00:01:33.055+0000] {logging_mixin.py:188} INFO - [2024-02-22T00:01:33.055+0000] {dag.py:3823} INFO - Setting next_dagrun for example_external_task_marker_parent to None, run_after=None
[2024-02-22T00:01:33.077+0000] {processor.py:183} INFO - Processing /home/ubuntu/reddit_venv/lib/python3.10/site-packages/airflow/example_dags/example_external_task_marker_dag.py took 0.072 seconds
[2024-02-22T00:03:43.204+0000] {processor.py:161} INFO - Started process (PID=6133) to work on /home/ubuntu/reddit_venv/lib/python3.10/site-packages/airflow/example_dags/example_external_task_marker_dag.py
[2024-02-22T00:03:43.206+0000] {processor.py:830} INFO - Processing file /home/ubuntu/reddit_venv/lib/python3.10/site-packages/airflow/example_dags/example_external_task_marker_dag.py for tasks to queue
[2024-02-22T00:03:43.207+0000] {logging_mixin.py:188} INFO - [2024-02-22T00:03:43.206+0000] {dagbag.py:538} INFO - Filling up the DagBag from /home/ubuntu/reddit_venv/lib/python3.10/site-packages/airflow/example_dags/example_external_task_marker_dag.py
[2024-02-22T00:03:43.214+0000] {processor.py:840} INFO - DAG(s) 'example_external_task_marker_child', 'example_external_task_marker_parent' retrieved from /home/ubuntu/reddit_venv/lib/python3.10/site-packages/airflow/example_dags/example_external_task_marker_dag.py
[2024-02-22T00:03:43.233+0000] {logging_mixin.py:188} INFO - [2024-02-22T00:03:43.232+0000] {dag.py:3036} INFO - Sync 2 DAGs
[2024-02-22T00:03:43.245+0000] {logging_mixin.py:188} INFO - [2024-02-22T00:03:43.244+0000] {dag.py:3823} INFO - Setting next_dagrun for example_external_task_marker_child to None, run_after=None
[2024-02-22T00:03:43.249+0000] {logging_mixin.py:188} INFO - [2024-02-22T00:03:43.249+0000] {dag.py:3823} INFO - Setting next_dagrun for example_external_task_marker_parent to None, run_after=None
[2024-02-22T00:03:43.269+0000] {processor.py:183} INFO - Processing /home/ubuntu/reddit_venv/lib/python3.10/site-packages/airflow/example_dags/example_external_task_marker_dag.py took 0.069 seconds
[2024-02-22T00:05:22.749+0000] {processor.py:161} INFO - Started process (PID=7079) to work on /home/ubuntu/reddit_venv/lib/python3.10/site-packages/airflow/example_dags/example_external_task_marker_dag.py
[2024-02-22T00:05:22.752+0000] {processor.py:830} INFO - Processing file /home/ubuntu/reddit_venv/lib/python3.10/site-packages/airflow/example_dags/example_external_task_marker_dag.py for tasks to queue
[2024-02-22T00:05:22.753+0000] {logging_mixin.py:188} INFO - [2024-02-22T00:05:22.752+0000] {dagbag.py:538} INFO - Filling up the DagBag from /home/ubuntu/reddit_venv/lib/python3.10/site-packages/airflow/example_dags/example_external_task_marker_dag.py
[2024-02-22T00:05:22.760+0000] {processor.py:840} INFO - DAG(s) 'example_external_task_marker_child', 'example_external_task_marker_parent' retrieved from /home/ubuntu/reddit_venv/lib/python3.10/site-packages/airflow/example_dags/example_external_task_marker_dag.py
[2024-02-22T00:05:22.779+0000] {logging_mixin.py:188} INFO - [2024-02-22T00:05:22.778+0000] {dag.py:3036} INFO - Sync 2 DAGs
[2024-02-22T00:05:22.791+0000] {logging_mixin.py:188} INFO - [2024-02-22T00:05:22.790+0000] {dag.py:3823} INFO - Setting next_dagrun for example_external_task_marker_child to None, run_after=None
[2024-02-22T00:05:22.794+0000] {logging_mixin.py:188} INFO - [2024-02-22T00:05:22.794+0000] {dag.py:3823} INFO - Setting next_dagrun for example_external_task_marker_parent to None, run_after=None
[2024-02-22T00:05:22.814+0000] {processor.py:183} INFO - Processing /home/ubuntu/reddit_venv/lib/python3.10/site-packages/airflow/example_dags/example_external_task_marker_dag.py took 0.069 seconds
[2024-02-22T00:06:39.202+0000] {processor.py:161} INFO - Started process (PID=7586) to work on /home/ubuntu/reddit_venv/lib/python3.10/site-packages/airflow/example_dags/example_external_task_marker_dag.py
[2024-02-22T00:06:39.204+0000] {processor.py:830} INFO - Processing file /home/ubuntu/reddit_venv/lib/python3.10/site-packages/airflow/example_dags/example_external_task_marker_dag.py for tasks to queue
[2024-02-22T00:06:39.205+0000] {logging_mixin.py:188} INFO - [2024-02-22T00:06:39.205+0000] {dagbag.py:538} INFO - Filling up the DagBag from /home/ubuntu/reddit_venv/lib/python3.10/site-packages/airflow/example_dags/example_external_task_marker_dag.py
[2024-02-22T00:06:39.212+0000] {processor.py:840} INFO - DAG(s) 'example_external_task_marker_parent', 'example_external_task_marker_child' retrieved from /home/ubuntu/reddit_venv/lib/python3.10/site-packages/airflow/example_dags/example_external_task_marker_dag.py
[2024-02-22T00:06:39.231+0000] {logging_mixin.py:188} INFO - [2024-02-22T00:06:39.231+0000] {dag.py:3036} INFO - Sync 2 DAGs
[2024-02-22T00:06:39.243+0000] {logging_mixin.py:188} INFO - [2024-02-22T00:06:39.243+0000] {dag.py:3823} INFO - Setting next_dagrun for example_external_task_marker_child to None, run_after=None
[2024-02-22T00:06:39.247+0000] {logging_mixin.py:188} INFO - [2024-02-22T00:06:39.247+0000] {dag.py:3823} INFO - Setting next_dagrun for example_external_task_marker_parent to None, run_after=None
[2024-02-22T00:06:39.268+0000] {processor.py:183} INFO - Processing /home/ubuntu/reddit_venv/lib/python3.10/site-packages/airflow/example_dags/example_external_task_marker_dag.py took 0.069 seconds
[2024-02-22T00:07:40.733+0000] {processor.py:161} INFO - Started process (PID=7778) to work on /home/ubuntu/reddit_venv/lib/python3.10/site-packages/airflow/example_dags/example_external_task_marker_dag.py
[2024-02-22T00:07:40.734+0000] {processor.py:830} INFO - Processing file /home/ubuntu/reddit_venv/lib/python3.10/site-packages/airflow/example_dags/example_external_task_marker_dag.py for tasks to queue
[2024-02-22T00:07:40.735+0000] {logging_mixin.py:188} INFO - [2024-02-22T00:07:40.735+0000] {dagbag.py:538} INFO - Filling up the DagBag from /home/ubuntu/reddit_venv/lib/python3.10/site-packages/airflow/example_dags/example_external_task_marker_dag.py
[2024-02-22T00:07:40.742+0000] {processor.py:840} INFO - DAG(s) 'example_external_task_marker_child', 'example_external_task_marker_parent' retrieved from /home/ubuntu/reddit_venv/lib/python3.10/site-packages/airflow/example_dags/example_external_task_marker_dag.py
[2024-02-22T00:07:40.761+0000] {logging_mixin.py:188} INFO - [2024-02-22T00:07:40.761+0000] {dag.py:3036} INFO - Sync 2 DAGs
[2024-02-22T00:07:40.773+0000] {logging_mixin.py:188} INFO - [2024-02-22T00:07:40.772+0000] {dag.py:3823} INFO - Setting next_dagrun for example_external_task_marker_child to None, run_after=None
[2024-02-22T00:07:40.776+0000] {logging_mixin.py:188} INFO - [2024-02-22T00:07:40.776+0000] {dag.py:3823} INFO - Setting next_dagrun for example_external_task_marker_parent to None, run_after=None
[2024-02-22T00:07:40.796+0000] {processor.py:183} INFO - Processing /home/ubuntu/reddit_venv/lib/python3.10/site-packages/airflow/example_dags/example_external_task_marker_dag.py took 0.067 seconds
[2024-02-22T00:08:40.463+0000] {processor.py:161} INFO - Started process (PID=7904) to work on /home/ubuntu/reddit_venv/lib/python3.10/site-packages/airflow/example_dags/example_external_task_marker_dag.py
[2024-02-22T00:08:40.465+0000] {processor.py:830} INFO - Processing file /home/ubuntu/reddit_venv/lib/python3.10/site-packages/airflow/example_dags/example_external_task_marker_dag.py for tasks to queue
[2024-02-22T00:08:40.466+0000] {logging_mixin.py:188} INFO - [2024-02-22T00:08:40.465+0000] {dagbag.py:538} INFO - Filling up the DagBag from /home/ubuntu/reddit_venv/lib/python3.10/site-packages/airflow/example_dags/example_external_task_marker_dag.py
[2024-02-22T00:08:40.473+0000] {processor.py:840} INFO - DAG(s) 'example_external_task_marker_child', 'example_external_task_marker_parent' retrieved from /home/ubuntu/reddit_venv/lib/python3.10/site-packages/airflow/example_dags/example_external_task_marker_dag.py
[2024-02-22T00:08:40.492+0000] {logging_mixin.py:188} INFO - [2024-02-22T00:08:40.492+0000] {dag.py:3036} INFO - Sync 2 DAGs
[2024-02-22T00:08:40.504+0000] {logging_mixin.py:188} INFO - [2024-02-22T00:08:40.504+0000] {dag.py:3823} INFO - Setting next_dagrun for example_external_task_marker_child to None, run_after=None
[2024-02-22T00:08:40.507+0000] {logging_mixin.py:188} INFO - [2024-02-22T00:08:40.507+0000] {dag.py:3823} INFO - Setting next_dagrun for example_external_task_marker_parent to None, run_after=None
[2024-02-22T00:08:40.528+0000] {processor.py:183} INFO - Processing /home/ubuntu/reddit_venv/lib/python3.10/site-packages/airflow/example_dags/example_external_task_marker_dag.py took 0.068 seconds
[2024-02-22T00:09:37.276+0000] {processor.py:161} INFO - Started process (PID=8028) to work on /home/ubuntu/reddit_venv/lib/python3.10/site-packages/airflow/example_dags/example_external_task_marker_dag.py
[2024-02-22T00:09:37.277+0000] {processor.py:830} INFO - Processing file /home/ubuntu/reddit_venv/lib/python3.10/site-packages/airflow/example_dags/example_external_task_marker_dag.py for tasks to queue
[2024-02-22T00:09:37.278+0000] {logging_mixin.py:188} INFO - [2024-02-22T00:09:37.278+0000] {dagbag.py:538} INFO - Filling up the DagBag from /home/ubuntu/reddit_venv/lib/python3.10/site-packages/airflow/example_dags/example_external_task_marker_dag.py
[2024-02-22T00:09:37.285+0000] {processor.py:840} INFO - DAG(s) 'example_external_task_marker_child', 'example_external_task_marker_parent' retrieved from /home/ubuntu/reddit_venv/lib/python3.10/site-packages/airflow/example_dags/example_external_task_marker_dag.py
[2024-02-22T00:09:37.304+0000] {logging_mixin.py:188} INFO - [2024-02-22T00:09:37.304+0000] {dag.py:3036} INFO - Sync 2 DAGs
[2024-02-22T00:09:37.316+0000] {logging_mixin.py:188} INFO - [2024-02-22T00:09:37.316+0000] {dag.py:3823} INFO - Setting next_dagrun for example_external_task_marker_child to None, run_after=None
[2024-02-22T00:09:37.320+0000] {logging_mixin.py:188} INFO - [2024-02-22T00:09:37.320+0000] {dag.py:3823} INFO - Setting next_dagrun for example_external_task_marker_parent to None, run_after=None
[2024-02-22T00:09:37.340+0000] {processor.py:183} INFO - Processing /home/ubuntu/reddit_venv/lib/python3.10/site-packages/airflow/example_dags/example_external_task_marker_dag.py took 0.068 seconds
[2024-02-22T00:10:38.315+0000] {processor.py:161} INFO - Started process (PID=8158) to work on /home/ubuntu/reddit_venv/lib/python3.10/site-packages/airflow/example_dags/example_external_task_marker_dag.py
[2024-02-22T00:10:38.317+0000] {processor.py:830} INFO - Processing file /home/ubuntu/reddit_venv/lib/python3.10/site-packages/airflow/example_dags/example_external_task_marker_dag.py for tasks to queue
[2024-02-22T00:10:38.318+0000] {logging_mixin.py:188} INFO - [2024-02-22T00:10:38.317+0000] {dagbag.py:538} INFO - Filling up the DagBag from /home/ubuntu/reddit_venv/lib/python3.10/site-packages/airflow/example_dags/example_external_task_marker_dag.py
[2024-02-22T00:10:38.324+0000] {processor.py:840} INFO - DAG(s) 'example_external_task_marker_child', 'example_external_task_marker_parent' retrieved from /home/ubuntu/reddit_venv/lib/python3.10/site-packages/airflow/example_dags/example_external_task_marker_dag.py
[2024-02-22T00:10:38.343+0000] {logging_mixin.py:188} INFO - [2024-02-22T00:10:38.343+0000] {dag.py:3036} INFO - Sync 2 DAGs
[2024-02-22T00:10:38.355+0000] {logging_mixin.py:188} INFO - [2024-02-22T00:10:38.355+0000] {dag.py:3823} INFO - Setting next_dagrun for example_external_task_marker_child to None, run_after=None
[2024-02-22T00:10:38.358+0000] {logging_mixin.py:188} INFO - [2024-02-22T00:10:38.358+0000] {dag.py:3823} INFO - Setting next_dagrun for example_external_task_marker_parent to None, run_after=None
[2024-02-22T00:10:38.378+0000] {processor.py:183} INFO - Processing /home/ubuntu/reddit_venv/lib/python3.10/site-packages/airflow/example_dags/example_external_task_marker_dag.py took 0.066 seconds
[2024-02-22T00:11:41.065+0000] {processor.py:161} INFO - Started process (PID=8287) to work on /home/ubuntu/reddit_venv/lib/python3.10/site-packages/airflow/example_dags/example_external_task_marker_dag.py
[2024-02-22T00:11:41.069+0000] {processor.py:830} INFO - Processing file /home/ubuntu/reddit_venv/lib/python3.10/site-packages/airflow/example_dags/example_external_task_marker_dag.py for tasks to queue
[2024-02-22T00:11:41.070+0000] {logging_mixin.py:188} INFO - [2024-02-22T00:11:41.070+0000] {dagbag.py:538} INFO - Filling up the DagBag from /home/ubuntu/reddit_venv/lib/python3.10/site-packages/airflow/example_dags/example_external_task_marker_dag.py
[2024-02-22T00:11:41.077+0000] {processor.py:840} INFO - DAG(s) 'example_external_task_marker_parent', 'example_external_task_marker_child' retrieved from /home/ubuntu/reddit_venv/lib/python3.10/site-packages/airflow/example_dags/example_external_task_marker_dag.py
[2024-02-22T00:11:41.097+0000] {logging_mixin.py:188} INFO - [2024-02-22T00:11:41.097+0000] {dag.py:3036} INFO - Sync 2 DAGs
[2024-02-22T00:11:41.109+0000] {logging_mixin.py:188} INFO - [2024-02-22T00:11:41.109+0000] {dag.py:3823} INFO - Setting next_dagrun for example_external_task_marker_child to None, run_after=None
[2024-02-22T00:11:41.113+0000] {logging_mixin.py:188} INFO - [2024-02-22T00:11:41.113+0000] {dag.py:3823} INFO - Setting next_dagrun for example_external_task_marker_parent to None, run_after=None
[2024-02-22T00:11:41.134+0000] {processor.py:183} INFO - Processing /home/ubuntu/reddit_venv/lib/python3.10/site-packages/airflow/example_dags/example_external_task_marker_dag.py took 0.073 seconds
[2024-02-22T00:12:42.729+0000] {processor.py:161} INFO - Started process (PID=8478) to work on /home/ubuntu/reddit_venv/lib/python3.10/site-packages/airflow/example_dags/example_external_task_marker_dag.py
[2024-02-22T00:12:42.731+0000] {processor.py:830} INFO - Processing file /home/ubuntu/reddit_venv/lib/python3.10/site-packages/airflow/example_dags/example_external_task_marker_dag.py for tasks to queue
[2024-02-22T00:12:42.732+0000] {logging_mixin.py:188} INFO - [2024-02-22T00:12:42.731+0000] {dagbag.py:538} INFO - Filling up the DagBag from /home/ubuntu/reddit_venv/lib/python3.10/site-packages/airflow/example_dags/example_external_task_marker_dag.py
[2024-02-22T00:12:42.739+0000] {processor.py:840} INFO - DAG(s) 'example_external_task_marker_parent', 'example_external_task_marker_child' retrieved from /home/ubuntu/reddit_venv/lib/python3.10/site-packages/airflow/example_dags/example_external_task_marker_dag.py
[2024-02-22T00:12:42.757+0000] {logging_mixin.py:188} INFO - [2024-02-22T00:12:42.757+0000] {dag.py:3036} INFO - Sync 2 DAGs
[2024-02-22T00:12:42.769+0000] {logging_mixin.py:188} INFO - [2024-02-22T00:12:42.769+0000] {dag.py:3823} INFO - Setting next_dagrun for example_external_task_marker_child to None, run_after=None
[2024-02-22T00:12:42.773+0000] {logging_mixin.py:188} INFO - [2024-02-22T00:12:42.772+0000] {dag.py:3823} INFO - Setting next_dagrun for example_external_task_marker_parent to None, run_after=None
[2024-02-22T00:12:42.793+0000] {processor.py:183} INFO - Processing /home/ubuntu/reddit_venv/lib/python3.10/site-packages/airflow/example_dags/example_external_task_marker_dag.py took 0.067 seconds
