[2024-02-22T00:00:57.027+0000] {processor.py:161} INFO - Started process (PID=4578) to work on /home/ubuntu/reddit_venv/lib/python3.10/site-packages/airflow/example_dags/example_sla_dag.py
[2024-02-22T00:00:57.028+0000] {processor.py:830} INFO - Processing file /home/ubuntu/reddit_venv/lib/python3.10/site-packages/airflow/example_dags/example_sla_dag.py for tasks to queue
[2024-02-22T00:00:57.029+0000] {logging_mixin.py:188} INFO - [2024-02-22T00:00:57.029+0000] {dagbag.py:538} INFO - Filling up the DagBag from /home/ubuntu/reddit_venv/lib/python3.10/site-packages/airflow/example_dags/example_sla_dag.py
[2024-02-22T00:00:57.039+0000] {processor.py:840} INFO - DAG(s) 'example_sla_dag' retrieved from /home/ubuntu/reddit_venv/lib/python3.10/site-packages/airflow/example_dags/example_sla_dag.py
[2024-02-22T00:00:57.055+0000] {logging_mixin.py:188} INFO - [2024-02-22T00:00:57.055+0000] {dag.py:3036} INFO - Sync 1 DAGs
[2024-02-22T00:00:57.079+0000] {logging_mixin.py:188} INFO - [2024-02-22T00:00:57.079+0000] {dag.py:3823} INFO - Setting next_dagrun for example_sla_dag to 2024-02-21 23:58:00+00:00, run_after=2024-02-22 00:00:00+00:00
[2024-02-22T00:00:57.102+0000] {processor.py:183} INFO - Processing /home/ubuntu/reddit_venv/lib/python3.10/site-packages/airflow/example_dags/example_sla_dag.py took 0.078 seconds
[2024-02-22T00:01:48.807+0000] {processor.py:161} INFO - Started process (PID=4994) to work on /home/ubuntu/reddit_venv/lib/python3.10/site-packages/airflow/example_dags/example_sla_dag.py
[2024-02-22T00:01:48.809+0000] {processor.py:830} INFO - Processing file /home/ubuntu/reddit_venv/lib/python3.10/site-packages/airflow/example_dags/example_sla_dag.py for tasks to queue
[2024-02-22T00:01:48.810+0000] {logging_mixin.py:188} INFO - [2024-02-22T00:01:48.809+0000] {dagbag.py:538} INFO - Filling up the DagBag from /home/ubuntu/reddit_venv/lib/python3.10/site-packages/airflow/example_dags/example_sla_dag.py
[2024-02-22T00:01:48.819+0000] {processor.py:840} INFO - DAG(s) 'example_sla_dag' retrieved from /home/ubuntu/reddit_venv/lib/python3.10/site-packages/airflow/example_dags/example_sla_dag.py
[2024-02-22T00:01:48.835+0000] {logging_mixin.py:188} INFO - [2024-02-22T00:01:48.835+0000] {dag.py:3036} INFO - Sync 1 DAGs
[2024-02-22T00:01:48.858+0000] {logging_mixin.py:188} INFO - [2024-02-22T00:01:48.858+0000] {dag.py:3823} INFO - Setting next_dagrun for example_sla_dag to 2024-02-21 23:58:00+00:00, run_after=2024-02-22 00:00:00+00:00
[2024-02-22T00:01:48.880+0000] {processor.py:183} INFO - Processing /home/ubuntu/reddit_venv/lib/python3.10/site-packages/airflow/example_dags/example_sla_dag.py took 0.076 seconds
[2024-02-22T00:03:31.328+0000] {processor.py:161} INFO - Started process (PID=6121) to work on /home/ubuntu/reddit_venv/lib/python3.10/site-packages/airflow/example_dags/example_sla_dag.py
[2024-02-22T00:03:31.330+0000] {processor.py:830} INFO - Processing file /home/ubuntu/reddit_venv/lib/python3.10/site-packages/airflow/example_dags/example_sla_dag.py for tasks to queue
[2024-02-22T00:03:31.331+0000] {logging_mixin.py:188} INFO - [2024-02-22T00:03:31.331+0000] {dagbag.py:538} INFO - Filling up the DagBag from /home/ubuntu/reddit_venv/lib/python3.10/site-packages/airflow/example_dags/example_sla_dag.py
[2024-02-22T00:03:31.341+0000] {processor.py:840} INFO - DAG(s) 'example_sla_dag' retrieved from /home/ubuntu/reddit_venv/lib/python3.10/site-packages/airflow/example_dags/example_sla_dag.py
[2024-02-22T00:03:31.357+0000] {logging_mixin.py:188} INFO - [2024-02-22T00:03:31.356+0000] {dag.py:3036} INFO - Sync 1 DAGs
[2024-02-22T00:03:31.380+0000] {logging_mixin.py:188} INFO - [2024-02-22T00:03:31.380+0000] {dag.py:3823} INFO - Setting next_dagrun for example_sla_dag to 2024-02-22 00:00:00+00:00, run_after=2024-02-22 00:02:00+00:00
[2024-02-22T00:03:31.404+0000] {processor.py:183} INFO - Processing /home/ubuntu/reddit_venv/lib/python3.10/site-packages/airflow/example_dags/example_sla_dag.py took 0.078 seconds
[2024-02-22T00:04:56.006+0000] {processor.py:161} INFO - Started process (PID=6776) to work on /home/ubuntu/reddit_venv/lib/python3.10/site-packages/airflow/example_dags/example_sla_dag.py
[2024-02-22T00:04:56.011+0000] {processor.py:830} INFO - Processing file /home/ubuntu/reddit_venv/lib/python3.10/site-packages/airflow/example_dags/example_sla_dag.py for tasks to queue
[2024-02-22T00:04:56.012+0000] {logging_mixin.py:188} INFO - [2024-02-22T00:04:56.012+0000] {dagbag.py:538} INFO - Filling up the DagBag from /home/ubuntu/reddit_venv/lib/python3.10/site-packages/airflow/example_dags/example_sla_dag.py
[2024-02-22T00:04:56.022+0000] {processor.py:840} INFO - DAG(s) 'example_sla_dag' retrieved from /home/ubuntu/reddit_venv/lib/python3.10/site-packages/airflow/example_dags/example_sla_dag.py
[2024-02-22T00:04:56.037+0000] {logging_mixin.py:188} INFO - [2024-02-22T00:04:56.037+0000] {dag.py:3036} INFO - Sync 1 DAGs
[2024-02-22T00:04:56.061+0000] {logging_mixin.py:188} INFO - [2024-02-22T00:04:56.060+0000] {dag.py:3823} INFO - Setting next_dagrun for example_sla_dag to 2024-02-22 00:02:00+00:00, run_after=2024-02-22 00:04:00+00:00
[2024-02-22T00:04:56.084+0000] {processor.py:183} INFO - Processing /home/ubuntu/reddit_venv/lib/python3.10/site-packages/airflow/example_dags/example_sla_dag.py took 0.081 seconds
[2024-02-22T00:06:16.058+0000] {processor.py:161} INFO - Started process (PID=7502) to work on /home/ubuntu/reddit_venv/lib/python3.10/site-packages/airflow/example_dags/example_sla_dag.py
[2024-02-22T00:06:16.060+0000] {processor.py:830} INFO - Processing file /home/ubuntu/reddit_venv/lib/python3.10/site-packages/airflow/example_dags/example_sla_dag.py for tasks to queue
[2024-02-22T00:06:16.061+0000] {logging_mixin.py:188} INFO - [2024-02-22T00:06:16.061+0000] {dagbag.py:538} INFO - Filling up the DagBag from /home/ubuntu/reddit_venv/lib/python3.10/site-packages/airflow/example_dags/example_sla_dag.py
[2024-02-22T00:06:16.071+0000] {processor.py:840} INFO - DAG(s) 'example_sla_dag' retrieved from /home/ubuntu/reddit_venv/lib/python3.10/site-packages/airflow/example_dags/example_sla_dag.py
[2024-02-22T00:06:16.087+0000] {logging_mixin.py:188} INFO - [2024-02-22T00:06:16.087+0000] {dag.py:3036} INFO - Sync 1 DAGs
[2024-02-22T00:06:16.112+0000] {logging_mixin.py:188} INFO - [2024-02-22T00:06:16.111+0000] {dag.py:3823} INFO - Setting next_dagrun for example_sla_dag to 2024-02-22 00:04:00+00:00, run_after=2024-02-22 00:06:00+00:00
[2024-02-22T00:06:16.135+0000] {processor.py:183} INFO - Processing /home/ubuntu/reddit_venv/lib/python3.10/site-packages/airflow/example_dags/example_sla_dag.py took 0.080 seconds
[2024-02-22T00:07:05.372+0000] {processor.py:161} INFO - Started process (PID=7739) to work on /home/ubuntu/reddit_venv/lib/python3.10/site-packages/airflow/example_dags/example_sla_dag.py
[2024-02-22T00:07:05.373+0000] {processor.py:830} INFO - Processing file /home/ubuntu/reddit_venv/lib/python3.10/site-packages/airflow/example_dags/example_sla_dag.py for tasks to queue
[2024-02-22T00:07:05.374+0000] {logging_mixin.py:188} INFO - [2024-02-22T00:07:05.374+0000] {dagbag.py:538} INFO - Filling up the DagBag from /home/ubuntu/reddit_venv/lib/python3.10/site-packages/airflow/example_dags/example_sla_dag.py
[2024-02-22T00:07:05.384+0000] {processor.py:840} INFO - DAG(s) 'example_sla_dag' retrieved from /home/ubuntu/reddit_venv/lib/python3.10/site-packages/airflow/example_dags/example_sla_dag.py
[2024-02-22T00:07:05.399+0000] {logging_mixin.py:188} INFO - [2024-02-22T00:07:05.399+0000] {dag.py:3036} INFO - Sync 1 DAGs
[2024-02-22T00:07:05.423+0000] {logging_mixin.py:188} INFO - [2024-02-22T00:07:05.423+0000] {dag.py:3823} INFO - Setting next_dagrun for example_sla_dag to 2024-02-22 00:04:00+00:00, run_after=2024-02-22 00:06:00+00:00
[2024-02-22T00:07:05.445+0000] {processor.py:183} INFO - Processing /home/ubuntu/reddit_venv/lib/python3.10/site-packages/airflow/example_dags/example_sla_dag.py took 0.077 seconds
[2024-02-22T00:08:05.156+0000] {processor.py:161} INFO - Started process (PID=7864) to work on /home/ubuntu/reddit_venv/lib/python3.10/site-packages/airflow/example_dags/example_sla_dag.py
[2024-02-22T00:08:05.158+0000] {processor.py:830} INFO - Processing file /home/ubuntu/reddit_venv/lib/python3.10/site-packages/airflow/example_dags/example_sla_dag.py for tasks to queue
[2024-02-22T00:08:05.159+0000] {logging_mixin.py:188} INFO - [2024-02-22T00:08:05.159+0000] {dagbag.py:538} INFO - Filling up the DagBag from /home/ubuntu/reddit_venv/lib/python3.10/site-packages/airflow/example_dags/example_sla_dag.py
[2024-02-22T00:08:05.169+0000] {processor.py:840} INFO - DAG(s) 'example_sla_dag' retrieved from /home/ubuntu/reddit_venv/lib/python3.10/site-packages/airflow/example_dags/example_sla_dag.py
[2024-02-22T00:08:05.185+0000] {logging_mixin.py:188} INFO - [2024-02-22T00:08:05.185+0000] {dag.py:3036} INFO - Sync 1 DAGs
[2024-02-22T00:08:05.210+0000] {logging_mixin.py:188} INFO - [2024-02-22T00:08:05.210+0000] {dag.py:3823} INFO - Setting next_dagrun for example_sla_dag to 2024-02-22 00:06:00+00:00, run_after=2024-02-22 00:08:00+00:00
[2024-02-22T00:08:05.232+0000] {processor.py:183} INFO - Processing /home/ubuntu/reddit_venv/lib/python3.10/site-packages/airflow/example_dags/example_sla_dag.py took 0.079 seconds
[2024-02-22T00:09:03.247+0000] {processor.py:161} INFO - Started process (PID=7992) to work on /home/ubuntu/reddit_venv/lib/python3.10/site-packages/airflow/example_dags/example_sla_dag.py
[2024-02-22T00:09:03.249+0000] {processor.py:830} INFO - Processing file /home/ubuntu/reddit_venv/lib/python3.10/site-packages/airflow/example_dags/example_sla_dag.py for tasks to queue
[2024-02-22T00:09:03.250+0000] {logging_mixin.py:188} INFO - [2024-02-22T00:09:03.249+0000] {dagbag.py:538} INFO - Filling up the DagBag from /home/ubuntu/reddit_venv/lib/python3.10/site-packages/airflow/example_dags/example_sla_dag.py
[2024-02-22T00:09:03.259+0000] {processor.py:840} INFO - DAG(s) 'example_sla_dag' retrieved from /home/ubuntu/reddit_venv/lib/python3.10/site-packages/airflow/example_dags/example_sla_dag.py
[2024-02-22T00:09:03.276+0000] {logging_mixin.py:188} INFO - [2024-02-22T00:09:03.275+0000] {dag.py:3036} INFO - Sync 1 DAGs
[2024-02-22T00:09:03.301+0000] {logging_mixin.py:188} INFO - [2024-02-22T00:09:03.301+0000] {dag.py:3823} INFO - Setting next_dagrun for example_sla_dag to 2024-02-22 00:06:00+00:00, run_after=2024-02-22 00:08:00+00:00
[2024-02-22T00:09:03.324+0000] {processor.py:183} INFO - Processing /home/ubuntu/reddit_venv/lib/python3.10/site-packages/airflow/example_dags/example_sla_dag.py took 0.080 seconds
[2024-02-22T00:10:02.863+0000] {processor.py:161} INFO - Started process (PID=8117) to work on /home/ubuntu/reddit_venv/lib/python3.10/site-packages/airflow/example_dags/example_sla_dag.py
[2024-02-22T00:10:02.865+0000] {processor.py:830} INFO - Processing file /home/ubuntu/reddit_venv/lib/python3.10/site-packages/airflow/example_dags/example_sla_dag.py for tasks to queue
[2024-02-22T00:10:02.866+0000] {logging_mixin.py:188} INFO - [2024-02-22T00:10:02.865+0000] {dagbag.py:538} INFO - Filling up the DagBag from /home/ubuntu/reddit_venv/lib/python3.10/site-packages/airflow/example_dags/example_sla_dag.py
[2024-02-22T00:10:02.876+0000] {processor.py:840} INFO - DAG(s) 'example_sla_dag' retrieved from /home/ubuntu/reddit_venv/lib/python3.10/site-packages/airflow/example_dags/example_sla_dag.py
[2024-02-22T00:10:02.892+0000] {logging_mixin.py:188} INFO - [2024-02-22T00:10:02.891+0000] {dag.py:3036} INFO - Sync 1 DAGs
[2024-02-22T00:10:02.916+0000] {logging_mixin.py:188} INFO - [2024-02-22T00:10:02.916+0000] {dag.py:3823} INFO - Setting next_dagrun for example_sla_dag to 2024-02-22 00:08:00+00:00, run_after=2024-02-22 00:10:00+00:00
[2024-02-22T00:10:02.939+0000] {processor.py:183} INFO - Processing /home/ubuntu/reddit_venv/lib/python3.10/site-packages/airflow/example_dags/example_sla_dag.py took 0.079 seconds
[2024-02-22T00:11:02.921+0000] {processor.py:161} INFO - Started process (PID=8245) to work on /home/ubuntu/reddit_venv/lib/python3.10/site-packages/airflow/example_dags/example_sla_dag.py
[2024-02-22T00:11:02.922+0000] {processor.py:830} INFO - Processing file /home/ubuntu/reddit_venv/lib/python3.10/site-packages/airflow/example_dags/example_sla_dag.py for tasks to queue
[2024-02-22T00:11:02.923+0000] {logging_mixin.py:188} INFO - [2024-02-22T00:11:02.923+0000] {dagbag.py:538} INFO - Filling up the DagBag from /home/ubuntu/reddit_venv/lib/python3.10/site-packages/airflow/example_dags/example_sla_dag.py
[2024-02-22T00:11:02.933+0000] {processor.py:840} INFO - DAG(s) 'example_sla_dag' retrieved from /home/ubuntu/reddit_venv/lib/python3.10/site-packages/airflow/example_dags/example_sla_dag.py
[2024-02-22T00:11:02.949+0000] {logging_mixin.py:188} INFO - [2024-02-22T00:11:02.948+0000] {dag.py:3036} INFO - Sync 1 DAGs
[2024-02-22T00:11:02.973+0000] {logging_mixin.py:188} INFO - [2024-02-22T00:11:02.973+0000] {dag.py:3823} INFO - Setting next_dagrun for example_sla_dag to 2024-02-22 00:08:00+00:00, run_after=2024-02-22 00:10:00+00:00
[2024-02-22T00:11:03.009+0000] {processor.py:183} INFO - Processing /home/ubuntu/reddit_venv/lib/python3.10/site-packages/airflow/example_dags/example_sla_dag.py took 0.092 seconds
[2024-02-22T00:12:04.542+0000] {processor.py:161} INFO - Started process (PID=8435) to work on /home/ubuntu/reddit_venv/lib/python3.10/site-packages/airflow/example_dags/example_sla_dag.py
[2024-02-22T00:12:04.544+0000] {processor.py:830} INFO - Processing file /home/ubuntu/reddit_venv/lib/python3.10/site-packages/airflow/example_dags/example_sla_dag.py for tasks to queue
[2024-02-22T00:12:04.545+0000] {logging_mixin.py:188} INFO - [2024-02-22T00:12:04.544+0000] {dagbag.py:538} INFO - Filling up the DagBag from /home/ubuntu/reddit_venv/lib/python3.10/site-packages/airflow/example_dags/example_sla_dag.py
[2024-02-22T00:12:04.554+0000] {processor.py:840} INFO - DAG(s) 'example_sla_dag' retrieved from /home/ubuntu/reddit_venv/lib/python3.10/site-packages/airflow/example_dags/example_sla_dag.py
[2024-02-22T00:12:04.570+0000] {logging_mixin.py:188} INFO - [2024-02-22T00:12:04.569+0000] {dag.py:3036} INFO - Sync 1 DAGs
[2024-02-22T00:12:04.593+0000] {logging_mixin.py:188} INFO - [2024-02-22T00:12:04.593+0000] {dag.py:3823} INFO - Setting next_dagrun for example_sla_dag to 2024-02-22 00:10:00+00:00, run_after=2024-02-22 00:12:00+00:00
[2024-02-22T00:12:04.616+0000] {processor.py:183} INFO - Processing /home/ubuntu/reddit_venv/lib/python3.10/site-packages/airflow/example_dags/example_sla_dag.py took 0.077 seconds
[2024-02-22T00:13:05.263+0000] {processor.py:161} INFO - Started process (PID=8563) to work on /home/ubuntu/reddit_venv/lib/python3.10/site-packages/airflow/example_dags/example_sla_dag.py
[2024-02-22T00:13:05.265+0000] {processor.py:830} INFO - Processing file /home/ubuntu/reddit_venv/lib/python3.10/site-packages/airflow/example_dags/example_sla_dag.py for tasks to queue
[2024-02-22T00:13:05.266+0000] {logging_mixin.py:188} INFO - [2024-02-22T00:13:05.266+0000] {dagbag.py:538} INFO - Filling up the DagBag from /home/ubuntu/reddit_venv/lib/python3.10/site-packages/airflow/example_dags/example_sla_dag.py
[2024-02-22T00:13:05.276+0000] {processor.py:840} INFO - DAG(s) 'example_sla_dag' retrieved from /home/ubuntu/reddit_venv/lib/python3.10/site-packages/airflow/example_dags/example_sla_dag.py
[2024-02-22T00:13:05.292+0000] {logging_mixin.py:188} INFO - [2024-02-22T00:13:05.291+0000] {dag.py:3036} INFO - Sync 1 DAGs
[2024-02-22T00:13:05.316+0000] {logging_mixin.py:188} INFO - [2024-02-22T00:13:05.315+0000] {dag.py:3823} INFO - Setting next_dagrun for example_sla_dag to 2024-02-22 00:10:00+00:00, run_after=2024-02-22 00:12:00+00:00
[2024-02-22T00:13:05.338+0000] {processor.py:183} INFO - Processing /home/ubuntu/reddit_venv/lib/python3.10/site-packages/airflow/example_dags/example_sla_dag.py took 0.078 seconds
