[2024-02-22T00:00:23.289+0000] {processor.py:161} INFO - Started process (PID=4108) to work on /home/ubuntu/reddit_venv/lib/python3.10/site-packages/airflow/example_dags/example_dynamic_task_mapping.py
[2024-02-22T00:00:23.290+0000] {processor.py:830} INFO - Processing file /home/ubuntu/reddit_venv/lib/python3.10/site-packages/airflow/example_dags/example_dynamic_task_mapping.py for tasks to queue
[2024-02-22T00:00:23.291+0000] {logging_mixin.py:188} INFO - [2024-02-22T00:00:23.290+0000] {dagbag.py:538} INFO - Filling up the DagBag from /home/ubuntu/reddit_venv/lib/python3.10/site-packages/airflow/example_dags/example_dynamic_task_mapping.py
[2024-02-22T00:00:23.298+0000] {processor.py:840} INFO - DAG(s) 'example_dynamic_task_mapping' retrieved from /home/ubuntu/reddit_venv/lib/python3.10/site-packages/airflow/example_dags/example_dynamic_task_mapping.py
[2024-02-22T00:00:23.314+0000] {logging_mixin.py:188} INFO - [2024-02-22T00:00:23.314+0000] {dag.py:3036} INFO - Sync 1 DAGs
[2024-02-22T00:00:23.336+0000] {logging_mixin.py:188} INFO - [2024-02-22T00:00:23.335+0000] {dag.py:3823} INFO - Setting next_dagrun for example_dynamic_task_mapping to 2022-03-04 00:00:00+00:00, run_after=2022-03-05 00:00:00+00:00
[2024-02-22T00:00:23.359+0000] {processor.py:183} INFO - Processing /home/ubuntu/reddit_venv/lib/python3.10/site-packages/airflow/example_dags/example_dynamic_task_mapping.py took 0.074 seconds
[2024-02-22T00:01:34.500+0000] {processor.py:161} INFO - Started process (PID=4796) to work on /home/ubuntu/reddit_venv/lib/python3.10/site-packages/airflow/example_dags/example_dynamic_task_mapping.py
[2024-02-22T00:01:34.501+0000] {processor.py:830} INFO - Processing file /home/ubuntu/reddit_venv/lib/python3.10/site-packages/airflow/example_dags/example_dynamic_task_mapping.py for tasks to queue
[2024-02-22T00:01:34.502+0000] {logging_mixin.py:188} INFO - [2024-02-22T00:01:34.502+0000] {dagbag.py:538} INFO - Filling up the DagBag from /home/ubuntu/reddit_venv/lib/python3.10/site-packages/airflow/example_dags/example_dynamic_task_mapping.py
[2024-02-22T00:01:34.510+0000] {processor.py:840} INFO - DAG(s) 'example_dynamic_task_mapping' retrieved from /home/ubuntu/reddit_venv/lib/python3.10/site-packages/airflow/example_dags/example_dynamic_task_mapping.py
[2024-02-22T00:01:34.526+0000] {logging_mixin.py:188} INFO - [2024-02-22T00:01:34.525+0000] {dag.py:3036} INFO - Sync 1 DAGs
[2024-02-22T00:01:34.547+0000] {logging_mixin.py:188} INFO - [2024-02-22T00:01:34.547+0000] {dag.py:3823} INFO - Setting next_dagrun for example_dynamic_task_mapping to 2022-03-04 00:00:00+00:00, run_after=2022-03-05 00:00:00+00:00
[2024-02-22T00:01:34.569+0000] {processor.py:183} INFO - Processing /home/ubuntu/reddit_venv/lib/python3.10/site-packages/airflow/example_dags/example_dynamic_task_mapping.py took 0.073 seconds
[2024-02-22T00:03:45.530+0000] {processor.py:161} INFO - Started process (PID=6135) to work on /home/ubuntu/reddit_venv/lib/python3.10/site-packages/airflow/example_dags/example_dynamic_task_mapping.py
[2024-02-22T00:03:45.531+0000] {processor.py:830} INFO - Processing file /home/ubuntu/reddit_venv/lib/python3.10/site-packages/airflow/example_dags/example_dynamic_task_mapping.py for tasks to queue
[2024-02-22T00:03:45.532+0000] {logging_mixin.py:188} INFO - [2024-02-22T00:03:45.532+0000] {dagbag.py:538} INFO - Filling up the DagBag from /home/ubuntu/reddit_venv/lib/python3.10/site-packages/airflow/example_dags/example_dynamic_task_mapping.py
[2024-02-22T00:03:45.540+0000] {processor.py:840} INFO - DAG(s) 'example_dynamic_task_mapping' retrieved from /home/ubuntu/reddit_venv/lib/python3.10/site-packages/airflow/example_dags/example_dynamic_task_mapping.py
[2024-02-22T00:03:45.555+0000] {logging_mixin.py:188} INFO - [2024-02-22T00:03:45.555+0000] {dag.py:3036} INFO - Sync 1 DAGs
[2024-02-22T00:03:45.576+0000] {logging_mixin.py:188} INFO - [2024-02-22T00:03:45.576+0000] {dag.py:3823} INFO - Setting next_dagrun for example_dynamic_task_mapping to 2022-03-04 00:00:00+00:00, run_after=2022-03-05 00:00:00+00:00
[2024-02-22T00:03:45.598+0000] {processor.py:183} INFO - Processing /home/ubuntu/reddit_venv/lib/python3.10/site-packages/airflow/example_dags/example_dynamic_task_mapping.py took 0.072 seconds
[2024-02-22T00:05:40.156+0000] {processor.py:161} INFO - Started process (PID=7283) to work on /home/ubuntu/reddit_venv/lib/python3.10/site-packages/airflow/example_dags/example_dynamic_task_mapping.py
[2024-02-22T00:05:40.158+0000] {processor.py:830} INFO - Processing file /home/ubuntu/reddit_venv/lib/python3.10/site-packages/airflow/example_dags/example_dynamic_task_mapping.py for tasks to queue
[2024-02-22T00:05:40.159+0000] {logging_mixin.py:188} INFO - [2024-02-22T00:05:40.159+0000] {dagbag.py:538} INFO - Filling up the DagBag from /home/ubuntu/reddit_venv/lib/python3.10/site-packages/airflow/example_dags/example_dynamic_task_mapping.py
[2024-02-22T00:05:40.167+0000] {processor.py:840} INFO - DAG(s) 'example_dynamic_task_mapping' retrieved from /home/ubuntu/reddit_venv/lib/python3.10/site-packages/airflow/example_dags/example_dynamic_task_mapping.py
[2024-02-22T00:05:40.183+0000] {logging_mixin.py:188} INFO - [2024-02-22T00:05:40.182+0000] {dag.py:3036} INFO - Sync 1 DAGs
[2024-02-22T00:05:40.204+0000] {logging_mixin.py:188} INFO - [2024-02-22T00:05:40.204+0000] {dag.py:3823} INFO - Setting next_dagrun for example_dynamic_task_mapping to 2022-03-04 00:00:00+00:00, run_after=2022-03-05 00:00:00+00:00
[2024-02-22T00:05:40.226+0000] {processor.py:183} INFO - Processing /home/ubuntu/reddit_venv/lib/python3.10/site-packages/airflow/example_dags/example_dynamic_task_mapping.py took 0.073 seconds
[2024-02-22T00:06:41.481+0000] {processor.py:161} INFO - Started process (PID=7588) to work on /home/ubuntu/reddit_venv/lib/python3.10/site-packages/airflow/example_dags/example_dynamic_task_mapping.py
[2024-02-22T00:06:41.483+0000] {processor.py:830} INFO - Processing file /home/ubuntu/reddit_venv/lib/python3.10/site-packages/airflow/example_dags/example_dynamic_task_mapping.py for tasks to queue
[2024-02-22T00:06:41.484+0000] {logging_mixin.py:188} INFO - [2024-02-22T00:06:41.483+0000] {dagbag.py:538} INFO - Filling up the DagBag from /home/ubuntu/reddit_venv/lib/python3.10/site-packages/airflow/example_dags/example_dynamic_task_mapping.py
[2024-02-22T00:06:41.492+0000] {processor.py:840} INFO - DAG(s) 'example_dynamic_task_mapping' retrieved from /home/ubuntu/reddit_venv/lib/python3.10/site-packages/airflow/example_dags/example_dynamic_task_mapping.py
[2024-02-22T00:06:41.507+0000] {logging_mixin.py:188} INFO - [2024-02-22T00:06:41.507+0000] {dag.py:3036} INFO - Sync 1 DAGs
[2024-02-22T00:06:41.528+0000] {logging_mixin.py:188} INFO - [2024-02-22T00:06:41.528+0000] {dag.py:3823} INFO - Setting next_dagrun for example_dynamic_task_mapping to 2022-03-04 00:00:00+00:00, run_after=2022-03-05 00:00:00+00:00
[2024-02-22T00:06:41.551+0000] {processor.py:183} INFO - Processing /home/ubuntu/reddit_venv/lib/python3.10/site-packages/airflow/example_dags/example_dynamic_task_mapping.py took 0.073 seconds
[2024-02-22T00:07:42.259+0000] {processor.py:161} INFO - Started process (PID=7780) to work on /home/ubuntu/reddit_venv/lib/python3.10/site-packages/airflow/example_dags/example_dynamic_task_mapping.py
[2024-02-22T00:07:42.261+0000] {processor.py:830} INFO - Processing file /home/ubuntu/reddit_venv/lib/python3.10/site-packages/airflow/example_dags/example_dynamic_task_mapping.py for tasks to queue
[2024-02-22T00:07:42.262+0000] {logging_mixin.py:188} INFO - [2024-02-22T00:07:42.262+0000] {dagbag.py:538} INFO - Filling up the DagBag from /home/ubuntu/reddit_venv/lib/python3.10/site-packages/airflow/example_dags/example_dynamic_task_mapping.py
[2024-02-22T00:07:42.270+0000] {processor.py:840} INFO - DAG(s) 'example_dynamic_task_mapping' retrieved from /home/ubuntu/reddit_venv/lib/python3.10/site-packages/airflow/example_dags/example_dynamic_task_mapping.py
[2024-02-22T00:07:42.285+0000] {logging_mixin.py:188} INFO - [2024-02-22T00:07:42.284+0000] {dag.py:3036} INFO - Sync 1 DAGs
[2024-02-22T00:07:42.305+0000] {logging_mixin.py:188} INFO - [2024-02-22T00:07:42.305+0000] {dag.py:3823} INFO - Setting next_dagrun for example_dynamic_task_mapping to 2022-03-04 00:00:00+00:00, run_after=2022-03-05 00:00:00+00:00
[2024-02-22T00:07:42.327+0000] {processor.py:183} INFO - Processing /home/ubuntu/reddit_venv/lib/python3.10/site-packages/airflow/example_dags/example_dynamic_task_mapping.py took 0.071 seconds
[2024-02-22T00:08:41.822+0000] {processor.py:161} INFO - Started process (PID=7906) to work on /home/ubuntu/reddit_venv/lib/python3.10/site-packages/airflow/example_dags/example_dynamic_task_mapping.py
[2024-02-22T00:08:41.823+0000] {processor.py:830} INFO - Processing file /home/ubuntu/reddit_venv/lib/python3.10/site-packages/airflow/example_dags/example_dynamic_task_mapping.py for tasks to queue
[2024-02-22T00:08:41.824+0000] {logging_mixin.py:188} INFO - [2024-02-22T00:08:41.824+0000] {dagbag.py:538} INFO - Filling up the DagBag from /home/ubuntu/reddit_venv/lib/python3.10/site-packages/airflow/example_dags/example_dynamic_task_mapping.py
[2024-02-22T00:08:41.832+0000] {processor.py:840} INFO - DAG(s) 'example_dynamic_task_mapping' retrieved from /home/ubuntu/reddit_venv/lib/python3.10/site-packages/airflow/example_dags/example_dynamic_task_mapping.py
[2024-02-22T00:08:41.848+0000] {logging_mixin.py:188} INFO - [2024-02-22T00:08:41.848+0000] {dag.py:3036} INFO - Sync 1 DAGs
[2024-02-22T00:08:41.869+0000] {logging_mixin.py:188} INFO - [2024-02-22T00:08:41.869+0000] {dag.py:3823} INFO - Setting next_dagrun for example_dynamic_task_mapping to 2022-03-04 00:00:00+00:00, run_after=2022-03-05 00:00:00+00:00
[2024-02-22T00:08:41.892+0000] {processor.py:183} INFO - Processing /home/ubuntu/reddit_venv/lib/python3.10/site-packages/airflow/example_dags/example_dynamic_task_mapping.py took 0.074 seconds
[2024-02-22T00:09:39.065+0000] {processor.py:161} INFO - Started process (PID=8030) to work on /home/ubuntu/reddit_venv/lib/python3.10/site-packages/airflow/example_dags/example_dynamic_task_mapping.py
[2024-02-22T00:09:39.066+0000] {processor.py:830} INFO - Processing file /home/ubuntu/reddit_venv/lib/python3.10/site-packages/airflow/example_dags/example_dynamic_task_mapping.py for tasks to queue
[2024-02-22T00:09:39.067+0000] {logging_mixin.py:188} INFO - [2024-02-22T00:09:39.067+0000] {dagbag.py:538} INFO - Filling up the DagBag from /home/ubuntu/reddit_venv/lib/python3.10/site-packages/airflow/example_dags/example_dynamic_task_mapping.py
[2024-02-22T00:09:39.075+0000] {processor.py:840} INFO - DAG(s) 'example_dynamic_task_mapping' retrieved from /home/ubuntu/reddit_venv/lib/python3.10/site-packages/airflow/example_dags/example_dynamic_task_mapping.py
[2024-02-22T00:09:39.090+0000] {logging_mixin.py:188} INFO - [2024-02-22T00:09:39.089+0000] {dag.py:3036} INFO - Sync 1 DAGs
[2024-02-22T00:09:39.110+0000] {logging_mixin.py:188} INFO - [2024-02-22T00:09:39.110+0000] {dag.py:3823} INFO - Setting next_dagrun for example_dynamic_task_mapping to 2022-03-04 00:00:00+00:00, run_after=2022-03-05 00:00:00+00:00
[2024-02-22T00:09:39.131+0000] {processor.py:183} INFO - Processing /home/ubuntu/reddit_venv/lib/python3.10/site-packages/airflow/example_dags/example_dynamic_task_mapping.py took 0.069 seconds
[2024-02-22T00:10:40.038+0000] {processor.py:161} INFO - Started process (PID=8160) to work on /home/ubuntu/reddit_venv/lib/python3.10/site-packages/airflow/example_dags/example_dynamic_task_mapping.py
[2024-02-22T00:10:40.039+0000] {processor.py:830} INFO - Processing file /home/ubuntu/reddit_venv/lib/python3.10/site-packages/airflow/example_dags/example_dynamic_task_mapping.py for tasks to queue
[2024-02-22T00:10:40.040+0000] {logging_mixin.py:188} INFO - [2024-02-22T00:10:40.040+0000] {dagbag.py:538} INFO - Filling up the DagBag from /home/ubuntu/reddit_venv/lib/python3.10/site-packages/airflow/example_dags/example_dynamic_task_mapping.py
[2024-02-22T00:10:40.048+0000] {processor.py:840} INFO - DAG(s) 'example_dynamic_task_mapping' retrieved from /home/ubuntu/reddit_venv/lib/python3.10/site-packages/airflow/example_dags/example_dynamic_task_mapping.py
[2024-02-22T00:10:40.063+0000] {logging_mixin.py:188} INFO - [2024-02-22T00:10:40.063+0000] {dag.py:3036} INFO - Sync 1 DAGs
[2024-02-22T00:10:40.083+0000] {logging_mixin.py:188} INFO - [2024-02-22T00:10:40.083+0000] {dag.py:3823} INFO - Setting next_dagrun for example_dynamic_task_mapping to 2022-03-04 00:00:00+00:00, run_after=2022-03-05 00:00:00+00:00
[2024-02-22T00:10:40.106+0000] {processor.py:183} INFO - Processing /home/ubuntu/reddit_venv/lib/python3.10/site-packages/airflow/example_dags/example_dynamic_task_mapping.py took 0.072 seconds
[2024-02-22T00:11:43.184+0000] {processor.py:161} INFO - Started process (PID=8289) to work on /home/ubuntu/reddit_venv/lib/python3.10/site-packages/airflow/example_dags/example_dynamic_task_mapping.py
[2024-02-22T00:11:43.187+0000] {processor.py:830} INFO - Processing file /home/ubuntu/reddit_venv/lib/python3.10/site-packages/airflow/example_dags/example_dynamic_task_mapping.py for tasks to queue
[2024-02-22T00:11:43.188+0000] {logging_mixin.py:188} INFO - [2024-02-22T00:11:43.187+0000] {dagbag.py:538} INFO - Filling up the DagBag from /home/ubuntu/reddit_venv/lib/python3.10/site-packages/airflow/example_dags/example_dynamic_task_mapping.py
[2024-02-22T00:11:43.196+0000] {processor.py:840} INFO - DAG(s) 'example_dynamic_task_mapping' retrieved from /home/ubuntu/reddit_venv/lib/python3.10/site-packages/airflow/example_dags/example_dynamic_task_mapping.py
[2024-02-22T00:11:43.211+0000] {logging_mixin.py:188} INFO - [2024-02-22T00:11:43.211+0000] {dag.py:3036} INFO - Sync 1 DAGs
[2024-02-22T00:11:43.232+0000] {logging_mixin.py:188} INFO - [2024-02-22T00:11:43.232+0000] {dag.py:3823} INFO - Setting next_dagrun for example_dynamic_task_mapping to 2022-03-04 00:00:00+00:00, run_after=2022-03-05 00:00:00+00:00
[2024-02-22T00:11:43.259+0000] {processor.py:183} INFO - Processing /home/ubuntu/reddit_venv/lib/python3.10/site-packages/airflow/example_dags/example_dynamic_task_mapping.py took 0.078 seconds
[2024-02-22T00:12:44.982+0000] {processor.py:161} INFO - Started process (PID=8480) to work on /home/ubuntu/reddit_venv/lib/python3.10/site-packages/airflow/example_dags/example_dynamic_task_mapping.py
[2024-02-22T00:12:44.984+0000] {processor.py:830} INFO - Processing file /home/ubuntu/reddit_venv/lib/python3.10/site-packages/airflow/example_dags/example_dynamic_task_mapping.py for tasks to queue
[2024-02-22T00:12:44.984+0000] {logging_mixin.py:188} INFO - [2024-02-22T00:12:44.984+0000] {dagbag.py:538} INFO - Filling up the DagBag from /home/ubuntu/reddit_venv/lib/python3.10/site-packages/airflow/example_dags/example_dynamic_task_mapping.py
[2024-02-22T00:12:44.992+0000] {processor.py:840} INFO - DAG(s) 'example_dynamic_task_mapping' retrieved from /home/ubuntu/reddit_venv/lib/python3.10/site-packages/airflow/example_dags/example_dynamic_task_mapping.py
[2024-02-22T00:12:45.007+0000] {logging_mixin.py:188} INFO - [2024-02-22T00:12:45.007+0000] {dag.py:3036} INFO - Sync 1 DAGs
[2024-02-22T00:12:45.026+0000] {logging_mixin.py:188} INFO - [2024-02-22T00:12:45.026+0000] {dag.py:3823} INFO - Setting next_dagrun for example_dynamic_task_mapping to 2022-03-04 00:00:00+00:00, run_after=2022-03-05 00:00:00+00:00
[2024-02-22T00:12:45.047+0000] {processor.py:183} INFO - Processing /home/ubuntu/reddit_venv/lib/python3.10/site-packages/airflow/example_dags/example_dynamic_task_mapping.py took 0.069 seconds
