[2024-02-22T00:00:47.842+0000] {processor.py:161} INFO - Started process (PID=4447) to work on /home/ubuntu/reddit_venv/lib/python3.10/site-packages/airflow/example_dags/example_latest_only.py
[2024-02-22T00:00:47.843+0000] {processor.py:830} INFO - Processing file /home/ubuntu/reddit_venv/lib/python3.10/site-packages/airflow/example_dags/example_latest_only.py for tasks to queue
[2024-02-22T00:00:47.844+0000] {logging_mixin.py:188} INFO - [2024-02-22T00:00:47.843+0000] {dagbag.py:538} INFO - Filling up the DagBag from /home/ubuntu/reddit_venv/lib/python3.10/site-packages/airflow/example_dags/example_latest_only.py
[2024-02-22T00:00:47.850+0000] {processor.py:840} INFO - DAG(s) 'latest_only' retrieved from /home/ubuntu/reddit_venv/lib/python3.10/site-packages/airflow/example_dags/example_latest_only.py
[2024-02-22T00:00:47.866+0000] {logging_mixin.py:188} INFO - [2024-02-22T00:00:47.865+0000] {dag.py:3036} INFO - Sync 1 DAGs
[2024-02-22T00:00:47.887+0000] {logging_mixin.py:188} INFO - [2024-02-22T00:00:47.886+0000] {dag.py:3823} INFO - Setting next_dagrun for latest_only to 2024-02-21 20:00:00+00:00, run_after=2024-02-22 00:00:00+00:00
[2024-02-22T00:00:47.909+0000] {processor.py:183} INFO - Processing /home/ubuntu/reddit_venv/lib/python3.10/site-packages/airflow/example_dags/example_latest_only.py took 0.071 seconds
[2024-02-22T00:01:40.827+0000] {processor.py:161} INFO - Started process (PID=4889) to work on /home/ubuntu/reddit_venv/lib/python3.10/site-packages/airflow/example_dags/example_latest_only.py
[2024-02-22T00:01:40.828+0000] {processor.py:830} INFO - Processing file /home/ubuntu/reddit_venv/lib/python3.10/site-packages/airflow/example_dags/example_latest_only.py for tasks to queue
[2024-02-22T00:01:40.829+0000] {logging_mixin.py:188} INFO - [2024-02-22T00:01:40.829+0000] {dagbag.py:538} INFO - Filling up the DagBag from /home/ubuntu/reddit_venv/lib/python3.10/site-packages/airflow/example_dags/example_latest_only.py
[2024-02-22T00:01:40.836+0000] {processor.py:840} INFO - DAG(s) 'latest_only' retrieved from /home/ubuntu/reddit_venv/lib/python3.10/site-packages/airflow/example_dags/example_latest_only.py
[2024-02-22T00:01:40.852+0000] {logging_mixin.py:188} INFO - [2024-02-22T00:01:40.852+0000] {dag.py:3036} INFO - Sync 1 DAGs
[2024-02-22T00:01:40.875+0000] {logging_mixin.py:188} INFO - [2024-02-22T00:01:40.875+0000] {dag.py:3823} INFO - Setting next_dagrun for latest_only to 2024-02-21 20:00:00+00:00, run_after=2024-02-22 00:00:00+00:00
[2024-02-22T00:01:40.900+0000] {processor.py:183} INFO - Processing /home/ubuntu/reddit_venv/lib/python3.10/site-packages/airflow/example_dags/example_latest_only.py took 0.077 seconds
[2024-02-22T00:03:22.678+0000] {processor.py:161} INFO - Started process (PID=6112) to work on /home/ubuntu/reddit_venv/lib/python3.10/site-packages/airflow/example_dags/example_latest_only.py
[2024-02-22T00:03:22.679+0000] {processor.py:830} INFO - Processing file /home/ubuntu/reddit_venv/lib/python3.10/site-packages/airflow/example_dags/example_latest_only.py for tasks to queue
[2024-02-22T00:03:22.680+0000] {logging_mixin.py:188} INFO - [2024-02-22T00:03:22.680+0000] {dagbag.py:538} INFO - Filling up the DagBag from /home/ubuntu/reddit_venv/lib/python3.10/site-packages/airflow/example_dags/example_latest_only.py
[2024-02-22T00:03:22.686+0000] {processor.py:840} INFO - DAG(s) 'latest_only' retrieved from /home/ubuntu/reddit_venv/lib/python3.10/site-packages/airflow/example_dags/example_latest_only.py
[2024-02-22T00:03:22.702+0000] {logging_mixin.py:188} INFO - [2024-02-22T00:03:22.702+0000] {dag.py:3036} INFO - Sync 1 DAGs
[2024-02-22T00:03:22.724+0000] {logging_mixin.py:188} INFO - [2024-02-22T00:03:22.723+0000] {dag.py:3823} INFO - Setting next_dagrun for latest_only to 2024-02-21 20:00:00+00:00, run_after=2024-02-22 00:00:00+00:00
[2024-02-22T00:03:22.746+0000] {processor.py:183} INFO - Processing /home/ubuntu/reddit_venv/lib/python3.10/site-packages/airflow/example_dags/example_latest_only.py took 0.072 seconds
[2024-02-22T00:04:48.095+0000] {processor.py:161} INFO - Started process (PID=6742) to work on /home/ubuntu/reddit_venv/lib/python3.10/site-packages/airflow/example_dags/example_latest_only.py
[2024-02-22T00:04:48.097+0000] {processor.py:830} INFO - Processing file /home/ubuntu/reddit_venv/lib/python3.10/site-packages/airflow/example_dags/example_latest_only.py for tasks to queue
[2024-02-22T00:04:48.098+0000] {logging_mixin.py:188} INFO - [2024-02-22T00:04:48.097+0000] {dagbag.py:538} INFO - Filling up the DagBag from /home/ubuntu/reddit_venv/lib/python3.10/site-packages/airflow/example_dags/example_latest_only.py
[2024-02-22T00:04:48.103+0000] {processor.py:840} INFO - DAG(s) 'latest_only' retrieved from /home/ubuntu/reddit_venv/lib/python3.10/site-packages/airflow/example_dags/example_latest_only.py
[2024-02-22T00:04:48.120+0000] {logging_mixin.py:188} INFO - [2024-02-22T00:04:48.119+0000] {dag.py:3036} INFO - Sync 1 DAGs
[2024-02-22T00:04:48.140+0000] {logging_mixin.py:188} INFO - [2024-02-22T00:04:48.139+0000] {dag.py:3823} INFO - Setting next_dagrun for latest_only to 2024-02-21 20:00:00+00:00, run_after=2024-02-22 00:00:00+00:00
[2024-02-22T00:04:48.162+0000] {processor.py:183} INFO - Processing /home/ubuntu/reddit_venv/lib/python3.10/site-packages/airflow/example_dags/example_latest_only.py took 0.070 seconds
[2024-02-22T00:06:06.908+0000] {processor.py:161} INFO - Started process (PID=7493) to work on /home/ubuntu/reddit_venv/lib/python3.10/site-packages/airflow/example_dags/example_latest_only.py
[2024-02-22T00:06:06.909+0000] {processor.py:830} INFO - Processing file /home/ubuntu/reddit_venv/lib/python3.10/site-packages/airflow/example_dags/example_latest_only.py for tasks to queue
[2024-02-22T00:06:06.910+0000] {logging_mixin.py:188} INFO - [2024-02-22T00:06:06.910+0000] {dagbag.py:538} INFO - Filling up the DagBag from /home/ubuntu/reddit_venv/lib/python3.10/site-packages/airflow/example_dags/example_latest_only.py
[2024-02-22T00:06:06.916+0000] {processor.py:840} INFO - DAG(s) 'latest_only' retrieved from /home/ubuntu/reddit_venv/lib/python3.10/site-packages/airflow/example_dags/example_latest_only.py
[2024-02-22T00:06:06.932+0000] {logging_mixin.py:188} INFO - [2024-02-22T00:06:06.932+0000] {dag.py:3036} INFO - Sync 1 DAGs
[2024-02-22T00:06:06.953+0000] {logging_mixin.py:188} INFO - [2024-02-22T00:06:06.953+0000] {dag.py:3823} INFO - Setting next_dagrun for latest_only to 2024-02-21 20:00:00+00:00, run_after=2024-02-22 00:00:00+00:00
[2024-02-22T00:06:06.976+0000] {processor.py:183} INFO - Processing /home/ubuntu/reddit_venv/lib/python3.10/site-packages/airflow/example_dags/example_latest_only.py took 0.071 seconds
[2024-02-22T00:06:57.803+0000] {processor.py:161} INFO - Started process (PID=7670) to work on /home/ubuntu/reddit_venv/lib/python3.10/site-packages/airflow/example_dags/example_latest_only.py
[2024-02-22T00:06:57.805+0000] {processor.py:830} INFO - Processing file /home/ubuntu/reddit_venv/lib/python3.10/site-packages/airflow/example_dags/example_latest_only.py for tasks to queue
[2024-02-22T00:06:57.806+0000] {logging_mixin.py:188} INFO - [2024-02-22T00:06:57.805+0000] {dagbag.py:538} INFO - Filling up the DagBag from /home/ubuntu/reddit_venv/lib/python3.10/site-packages/airflow/example_dags/example_latest_only.py
[2024-02-22T00:06:57.812+0000] {processor.py:840} INFO - DAG(s) 'latest_only' retrieved from /home/ubuntu/reddit_venv/lib/python3.10/site-packages/airflow/example_dags/example_latest_only.py
[2024-02-22T00:06:57.828+0000] {logging_mixin.py:188} INFO - [2024-02-22T00:06:57.828+0000] {dag.py:3036} INFO - Sync 1 DAGs
[2024-02-22T00:06:57.851+0000] {logging_mixin.py:188} INFO - [2024-02-22T00:06:57.850+0000] {dag.py:3823} INFO - Setting next_dagrun for latest_only to 2024-02-21 20:00:00+00:00, run_after=2024-02-22 00:00:00+00:00
[2024-02-22T00:06:57.873+0000] {processor.py:183} INFO - Processing /home/ubuntu/reddit_venv/lib/python3.10/site-packages/airflow/example_dags/example_latest_only.py took 0.074 seconds
[2024-02-22T00:07:38.246+0000] {processor.py:161} INFO - Started process (PID=7776) to work on /home/ubuntu/reddit_venv/lib/python3.10/site-packages/airflow/example_dags/example_latest_only.py
[2024-02-22T00:07:38.247+0000] {processor.py:830} INFO - Processing file /home/ubuntu/reddit_venv/lib/python3.10/site-packages/airflow/example_dags/example_latest_only.py for tasks to queue
[2024-02-22T00:07:38.248+0000] {logging_mixin.py:188} INFO - [2024-02-22T00:07:38.248+0000] {dagbag.py:538} INFO - Filling up the DagBag from /home/ubuntu/reddit_venv/lib/python3.10/site-packages/airflow/example_dags/example_latest_only.py
[2024-02-22T00:07:38.254+0000] {processor.py:840} INFO - DAG(s) 'latest_only' retrieved from /home/ubuntu/reddit_venv/lib/python3.10/site-packages/airflow/example_dags/example_latest_only.py
[2024-02-22T00:07:38.271+0000] {logging_mixin.py:188} INFO - [2024-02-22T00:07:38.270+0000] {dag.py:3036} INFO - Sync 1 DAGs
[2024-02-22T00:07:38.292+0000] {logging_mixin.py:188} INFO - [2024-02-22T00:07:38.291+0000] {dag.py:3823} INFO - Setting next_dagrun for latest_only to 2024-02-21 20:00:00+00:00, run_after=2024-02-22 00:00:00+00:00
[2024-02-22T00:07:38.314+0000] {processor.py:183} INFO - Processing /home/ubuntu/reddit_venv/lib/python3.10/site-packages/airflow/example_dags/example_latest_only.py took 0.072 seconds
[2024-02-22T00:08:37.821+0000] {processor.py:161} INFO - Started process (PID=7901) to work on /home/ubuntu/reddit_venv/lib/python3.10/site-packages/airflow/example_dags/example_latest_only.py
[2024-02-22T00:08:37.823+0000] {processor.py:830} INFO - Processing file /home/ubuntu/reddit_venv/lib/python3.10/site-packages/airflow/example_dags/example_latest_only.py for tasks to queue
[2024-02-22T00:08:37.824+0000] {logging_mixin.py:188} INFO - [2024-02-22T00:08:37.823+0000] {dagbag.py:538} INFO - Filling up the DagBag from /home/ubuntu/reddit_venv/lib/python3.10/site-packages/airflow/example_dags/example_latest_only.py
[2024-02-22T00:08:37.830+0000] {processor.py:840} INFO - DAG(s) 'latest_only' retrieved from /home/ubuntu/reddit_venv/lib/python3.10/site-packages/airflow/example_dags/example_latest_only.py
[2024-02-22T00:08:37.846+0000] {logging_mixin.py:188} INFO - [2024-02-22T00:08:37.846+0000] {dag.py:3036} INFO - Sync 1 DAGs
[2024-02-22T00:08:37.866+0000] {logging_mixin.py:188} INFO - [2024-02-22T00:08:37.866+0000] {dag.py:3823} INFO - Setting next_dagrun for latest_only to 2024-02-21 20:00:00+00:00, run_after=2024-02-22 00:00:00+00:00
[2024-02-22T00:08:37.888+0000] {processor.py:183} INFO - Processing /home/ubuntu/reddit_venv/lib/python3.10/site-packages/airflow/example_dags/example_latest_only.py took 0.070 seconds
[2024-02-22T00:09:33.670+0000] {processor.py:161} INFO - Started process (PID=8025) to work on /home/ubuntu/reddit_venv/lib/python3.10/site-packages/airflow/example_dags/example_latest_only.py
[2024-02-22T00:09:33.672+0000] {processor.py:830} INFO - Processing file /home/ubuntu/reddit_venv/lib/python3.10/site-packages/airflow/example_dags/example_latest_only.py for tasks to queue
[2024-02-22T00:09:33.673+0000] {logging_mixin.py:188} INFO - [2024-02-22T00:09:33.672+0000] {dagbag.py:538} INFO - Filling up the DagBag from /home/ubuntu/reddit_venv/lib/python3.10/site-packages/airflow/example_dags/example_latest_only.py
[2024-02-22T00:09:33.679+0000] {processor.py:840} INFO - DAG(s) 'latest_only' retrieved from /home/ubuntu/reddit_venv/lib/python3.10/site-packages/airflow/example_dags/example_latest_only.py
[2024-02-22T00:09:33.695+0000] {logging_mixin.py:188} INFO - [2024-02-22T00:09:33.694+0000] {dag.py:3036} INFO - Sync 1 DAGs
[2024-02-22T00:09:33.715+0000] {logging_mixin.py:188} INFO - [2024-02-22T00:09:33.715+0000] {dag.py:3823} INFO - Setting next_dagrun for latest_only to 2024-02-21 20:00:00+00:00, run_after=2024-02-22 00:00:00+00:00
[2024-02-22T00:09:33.737+0000] {processor.py:183} INFO - Processing /home/ubuntu/reddit_venv/lib/python3.10/site-packages/airflow/example_dags/example_latest_only.py took 0.070 seconds
[2024-02-22T00:10:15.698+0000] {processor.py:161} INFO - Started process (PID=8131) to work on /home/ubuntu/reddit_venv/lib/python3.10/site-packages/airflow/example_dags/example_latest_only.py
[2024-02-22T00:10:15.699+0000] {processor.py:830} INFO - Processing file /home/ubuntu/reddit_venv/lib/python3.10/site-packages/airflow/example_dags/example_latest_only.py for tasks to queue
[2024-02-22T00:10:15.700+0000] {logging_mixin.py:188} INFO - [2024-02-22T00:10:15.700+0000] {dagbag.py:538} INFO - Filling up the DagBag from /home/ubuntu/reddit_venv/lib/python3.10/site-packages/airflow/example_dags/example_latest_only.py
[2024-02-22T00:10:15.707+0000] {processor.py:840} INFO - DAG(s) 'latest_only' retrieved from /home/ubuntu/reddit_venv/lib/python3.10/site-packages/airflow/example_dags/example_latest_only.py
[2024-02-22T00:10:15.722+0000] {logging_mixin.py:188} INFO - [2024-02-22T00:10:15.722+0000] {dag.py:3036} INFO - Sync 1 DAGs
[2024-02-22T00:10:15.744+0000] {logging_mixin.py:188} INFO - [2024-02-22T00:10:15.743+0000] {dag.py:3823} INFO - Setting next_dagrun for latest_only to 2024-02-21 20:00:00+00:00, run_after=2024-02-22 00:00:00+00:00
[2024-02-22T00:10:15.766+0000] {processor.py:183} INFO - Processing /home/ubuntu/reddit_venv/lib/python3.10/site-packages/airflow/example_dags/example_latest_only.py took 0.071 seconds
[2024-02-22T00:10:56.633+0000] {processor.py:161} INFO - Started process (PID=8238) to work on /home/ubuntu/reddit_venv/lib/python3.10/site-packages/airflow/example_dags/example_latest_only.py
[2024-02-22T00:10:56.634+0000] {processor.py:830} INFO - Processing file /home/ubuntu/reddit_venv/lib/python3.10/site-packages/airflow/example_dags/example_latest_only.py for tasks to queue
[2024-02-22T00:10:56.635+0000] {logging_mixin.py:188} INFO - [2024-02-22T00:10:56.635+0000] {dagbag.py:538} INFO - Filling up the DagBag from /home/ubuntu/reddit_venv/lib/python3.10/site-packages/airflow/example_dags/example_latest_only.py
[2024-02-22T00:10:56.642+0000] {processor.py:840} INFO - DAG(s) 'latest_only' retrieved from /home/ubuntu/reddit_venv/lib/python3.10/site-packages/airflow/example_dags/example_latest_only.py
[2024-02-22T00:10:56.658+0000] {logging_mixin.py:188} INFO - [2024-02-22T00:10:56.658+0000] {dag.py:3036} INFO - Sync 1 DAGs
[2024-02-22T00:10:56.680+0000] {logging_mixin.py:188} INFO - [2024-02-22T00:10:56.679+0000] {dag.py:3823} INFO - Setting next_dagrun for latest_only to 2024-02-21 20:00:00+00:00, run_after=2024-02-22 00:00:00+00:00
[2024-02-22T00:10:56.702+0000] {processor.py:183} INFO - Processing /home/ubuntu/reddit_venv/lib/python3.10/site-packages/airflow/example_dags/example_latest_only.py took 0.073 seconds
[2024-02-22T00:11:38.031+0000] {processor.py:161} INFO - Started process (PID=8284) to work on /home/ubuntu/reddit_venv/lib/python3.10/site-packages/airflow/example_dags/example_latest_only.py
[2024-02-22T00:11:38.032+0000] {processor.py:830} INFO - Processing file /home/ubuntu/reddit_venv/lib/python3.10/site-packages/airflow/example_dags/example_latest_only.py for tasks to queue
[2024-02-22T00:11:38.033+0000] {logging_mixin.py:188} INFO - [2024-02-22T00:11:38.033+0000] {dagbag.py:538} INFO - Filling up the DagBag from /home/ubuntu/reddit_venv/lib/python3.10/site-packages/airflow/example_dags/example_latest_only.py
[2024-02-22T00:11:38.039+0000] {processor.py:840} INFO - DAG(s) 'latest_only' retrieved from /home/ubuntu/reddit_venv/lib/python3.10/site-packages/airflow/example_dags/example_latest_only.py
[2024-02-22T00:11:38.055+0000] {logging_mixin.py:188} INFO - [2024-02-22T00:11:38.055+0000] {dag.py:3036} INFO - Sync 1 DAGs
[2024-02-22T00:11:38.076+0000] {logging_mixin.py:188} INFO - [2024-02-22T00:11:38.076+0000] {dag.py:3823} INFO - Setting next_dagrun for latest_only to 2024-02-21 20:00:00+00:00, run_after=2024-02-22 00:00:00+00:00
[2024-02-22T00:11:38.097+0000] {processor.py:183} INFO - Processing /home/ubuntu/reddit_venv/lib/python3.10/site-packages/airflow/example_dags/example_latest_only.py took 0.070 seconds
[2024-02-22T00:12:20.387+0000] {processor.py:161} INFO - Started process (PID=8450) to work on /home/ubuntu/reddit_venv/lib/python3.10/site-packages/airflow/example_dags/example_latest_only.py
[2024-02-22T00:12:20.389+0000] {processor.py:830} INFO - Processing file /home/ubuntu/reddit_venv/lib/python3.10/site-packages/airflow/example_dags/example_latest_only.py for tasks to queue
[2024-02-22T00:12:20.390+0000] {logging_mixin.py:188} INFO - [2024-02-22T00:12:20.389+0000] {dagbag.py:538} INFO - Filling up the DagBag from /home/ubuntu/reddit_venv/lib/python3.10/site-packages/airflow/example_dags/example_latest_only.py
[2024-02-22T00:12:20.396+0000] {processor.py:840} INFO - DAG(s) 'latest_only' retrieved from /home/ubuntu/reddit_venv/lib/python3.10/site-packages/airflow/example_dags/example_latest_only.py
[2024-02-22T00:12:20.412+0000] {logging_mixin.py:188} INFO - [2024-02-22T00:12:20.411+0000] {dag.py:3036} INFO - Sync 1 DAGs
[2024-02-22T00:12:20.433+0000] {logging_mixin.py:188} INFO - [2024-02-22T00:12:20.432+0000] {dag.py:3823} INFO - Setting next_dagrun for latest_only to 2024-02-21 20:00:00+00:00, run_after=2024-02-22 00:00:00+00:00
[2024-02-22T00:12:20.455+0000] {processor.py:183} INFO - Processing /home/ubuntu/reddit_venv/lib/python3.10/site-packages/airflow/example_dags/example_latest_only.py took 0.071 seconds
[2024-02-22T00:13:00.430+0000] {processor.py:161} INFO - Started process (PID=8558) to work on /home/ubuntu/reddit_venv/lib/python3.10/site-packages/airflow/example_dags/example_latest_only.py
[2024-02-22T00:13:00.431+0000] {processor.py:830} INFO - Processing file /home/ubuntu/reddit_venv/lib/python3.10/site-packages/airflow/example_dags/example_latest_only.py for tasks to queue
[2024-02-22T00:13:00.432+0000] {logging_mixin.py:188} INFO - [2024-02-22T00:13:00.432+0000] {dagbag.py:538} INFO - Filling up the DagBag from /home/ubuntu/reddit_venv/lib/python3.10/site-packages/airflow/example_dags/example_latest_only.py
[2024-02-22T00:13:00.439+0000] {processor.py:840} INFO - DAG(s) 'latest_only' retrieved from /home/ubuntu/reddit_venv/lib/python3.10/site-packages/airflow/example_dags/example_latest_only.py
[2024-02-22T00:13:00.455+0000] {logging_mixin.py:188} INFO - [2024-02-22T00:13:00.454+0000] {dag.py:3036} INFO - Sync 1 DAGs
[2024-02-22T00:13:00.476+0000] {logging_mixin.py:188} INFO - [2024-02-22T00:13:00.476+0000] {dag.py:3823} INFO - Setting next_dagrun for latest_only to 2024-02-21 20:00:00+00:00, run_after=2024-02-22 00:00:00+00:00
[2024-02-22T00:13:00.499+0000] {processor.py:183} INFO - Processing /home/ubuntu/reddit_venv/lib/python3.10/site-packages/airflow/example_dags/example_latest_only.py took 0.073 seconds
