[2024-02-22T00:01:03.005+0000] {processor.py:161} INFO - Started process (PID=4644) to work on /home/ubuntu/reddit_venv/lib/python3.10/site-packages/airflow/example_dags/example_python_operator.py
[2024-02-22T00:01:03.006+0000] {processor.py:830} INFO - Processing file /home/ubuntu/reddit_venv/lib/python3.10/site-packages/airflow/example_dags/example_python_operator.py for tasks to queue
[2024-02-22T00:01:03.007+0000] {logging_mixin.py:188} INFO - [2024-02-22T00:01:03.007+0000] {dagbag.py:538} INFO - Filling up the DagBag from /home/ubuntu/reddit_venv/lib/python3.10/site-packages/airflow/example_dags/example_python_operator.py
[2024-02-22T00:01:03.019+0000] {processor.py:840} INFO - DAG(s) 'example_python_operator' retrieved from /home/ubuntu/reddit_venv/lib/python3.10/site-packages/airflow/example_dags/example_python_operator.py
[2024-02-22T00:01:03.037+0000] {logging_mixin.py:188} INFO - [2024-02-22T00:01:03.037+0000] {dag.py:3036} INFO - Sync 1 DAGs
[2024-02-22T00:01:03.049+0000] {logging_mixin.py:188} INFO - [2024-02-22T00:01:03.049+0000] {dag.py:3823} INFO - Setting next_dagrun for example_python_operator to None, run_after=None
[2024-02-22T00:01:03.073+0000] {processor.py:183} INFO - Processing /home/ubuntu/reddit_venv/lib/python3.10/site-packages/airflow/example_dags/example_python_operator.py took 0.071 seconds
[2024-02-22T00:01:55.052+0000] {processor.py:161} INFO - Started process (PID=5060) to work on /home/ubuntu/reddit_venv/lib/python3.10/site-packages/airflow/example_dags/example_python_operator.py
[2024-02-22T00:01:55.054+0000] {processor.py:830} INFO - Processing file /home/ubuntu/reddit_venv/lib/python3.10/site-packages/airflow/example_dags/example_python_operator.py for tasks to queue
[2024-02-22T00:01:55.055+0000] {logging_mixin.py:188} INFO - [2024-02-22T00:01:55.054+0000] {dagbag.py:538} INFO - Filling up the DagBag from /home/ubuntu/reddit_venv/lib/python3.10/site-packages/airflow/example_dags/example_python_operator.py
[2024-02-22T00:01:55.067+0000] {processor.py:840} INFO - DAG(s) 'example_python_operator' retrieved from /home/ubuntu/reddit_venv/lib/python3.10/site-packages/airflow/example_dags/example_python_operator.py
[2024-02-22T00:01:55.085+0000] {logging_mixin.py:188} INFO - [2024-02-22T00:01:55.085+0000] {dag.py:3036} INFO - Sync 1 DAGs
[2024-02-22T00:01:55.096+0000] {logging_mixin.py:188} INFO - [2024-02-22T00:01:55.096+0000] {dag.py:3823} INFO - Setting next_dagrun for example_python_operator to None, run_after=None
[2024-02-22T00:01:55.119+0000] {processor.py:183} INFO - Processing /home/ubuntu/reddit_venv/lib/python3.10/site-packages/airflow/example_dags/example_python_operator.py took 0.070 seconds
[2024-02-22T00:03:36.872+0000] {processor.py:161} INFO - Started process (PID=6127) to work on /home/ubuntu/reddit_venv/lib/python3.10/site-packages/airflow/example_dags/example_python_operator.py
[2024-02-22T00:03:36.874+0000] {processor.py:830} INFO - Processing file /home/ubuntu/reddit_venv/lib/python3.10/site-packages/airflow/example_dags/example_python_operator.py for tasks to queue
[2024-02-22T00:03:36.875+0000] {logging_mixin.py:188} INFO - [2024-02-22T00:03:36.874+0000] {dagbag.py:538} INFO - Filling up the DagBag from /home/ubuntu/reddit_venv/lib/python3.10/site-packages/airflow/example_dags/example_python_operator.py
[2024-02-22T00:03:36.887+0000] {processor.py:840} INFO - DAG(s) 'example_python_operator' retrieved from /home/ubuntu/reddit_venv/lib/python3.10/site-packages/airflow/example_dags/example_python_operator.py
[2024-02-22T00:03:36.905+0000] {logging_mixin.py:188} INFO - [2024-02-22T00:03:36.905+0000] {dag.py:3036} INFO - Sync 1 DAGs
[2024-02-22T00:03:36.918+0000] {logging_mixin.py:188} INFO - [2024-02-22T00:03:36.917+0000] {dag.py:3823} INFO - Setting next_dagrun for example_python_operator to None, run_after=None
[2024-02-22T00:03:36.941+0000] {processor.py:183} INFO - Processing /home/ubuntu/reddit_venv/lib/python3.10/site-packages/airflow/example_dags/example_python_operator.py took 0.073 seconds
[2024-02-22T00:05:01.179+0000] {processor.py:161} INFO - Started process (PID=6817) to work on /home/ubuntu/reddit_venv/lib/python3.10/site-packages/airflow/example_dags/example_python_operator.py
[2024-02-22T00:05:01.181+0000] {processor.py:830} INFO - Processing file /home/ubuntu/reddit_venv/lib/python3.10/site-packages/airflow/example_dags/example_python_operator.py for tasks to queue
[2024-02-22T00:05:01.182+0000] {logging_mixin.py:188} INFO - [2024-02-22T00:05:01.181+0000] {dagbag.py:538} INFO - Filling up the DagBag from /home/ubuntu/reddit_venv/lib/python3.10/site-packages/airflow/example_dags/example_python_operator.py
[2024-02-22T00:05:01.194+0000] {processor.py:840} INFO - DAG(s) 'example_python_operator' retrieved from /home/ubuntu/reddit_venv/lib/python3.10/site-packages/airflow/example_dags/example_python_operator.py
[2024-02-22T00:05:01.213+0000] {logging_mixin.py:188} INFO - [2024-02-22T00:05:01.212+0000] {dag.py:3036} INFO - Sync 1 DAGs
[2024-02-22T00:05:01.225+0000] {logging_mixin.py:188} INFO - [2024-02-22T00:05:01.224+0000] {dag.py:3823} INFO - Setting next_dagrun for example_python_operator to None, run_after=None
[2024-02-22T00:05:01.249+0000] {processor.py:183} INFO - Processing /home/ubuntu/reddit_venv/lib/python3.10/site-packages/airflow/example_dags/example_python_operator.py took 0.074 seconds
[2024-02-22T00:06:21.208+0000] {processor.py:161} INFO - Started process (PID=7508) to work on /home/ubuntu/reddit_venv/lib/python3.10/site-packages/airflow/example_dags/example_python_operator.py
[2024-02-22T00:06:21.210+0000] {processor.py:830} INFO - Processing file /home/ubuntu/reddit_venv/lib/python3.10/site-packages/airflow/example_dags/example_python_operator.py for tasks to queue
[2024-02-22T00:06:21.211+0000] {logging_mixin.py:188} INFO - [2024-02-22T00:06:21.210+0000] {dagbag.py:538} INFO - Filling up the DagBag from /home/ubuntu/reddit_venv/lib/python3.10/site-packages/airflow/example_dags/example_python_operator.py
[2024-02-22T00:06:21.223+0000] {processor.py:840} INFO - DAG(s) 'example_python_operator' retrieved from /home/ubuntu/reddit_venv/lib/python3.10/site-packages/airflow/example_dags/example_python_operator.py
[2024-02-22T00:06:21.241+0000] {logging_mixin.py:188} INFO - [2024-02-22T00:06:21.241+0000] {dag.py:3036} INFO - Sync 1 DAGs
[2024-02-22T00:06:21.253+0000] {logging_mixin.py:188} INFO - [2024-02-22T00:06:21.252+0000] {dag.py:3823} INFO - Setting next_dagrun for example_python_operator to None, run_after=None
[2024-02-22T00:06:21.276+0000] {processor.py:183} INFO - Processing /home/ubuntu/reddit_venv/lib/python3.10/site-packages/airflow/example_dags/example_python_operator.py took 0.071 seconds
[2024-02-22T00:07:20.664+0000] {processor.py:161} INFO - Started process (PID=7755) to work on /home/ubuntu/reddit_venv/lib/python3.10/site-packages/airflow/example_dags/example_python_operator.py
[2024-02-22T00:07:20.666+0000] {processor.py:830} INFO - Processing file /home/ubuntu/reddit_venv/lib/python3.10/site-packages/airflow/example_dags/example_python_operator.py for tasks to queue
[2024-02-22T00:07:20.667+0000] {logging_mixin.py:188} INFO - [2024-02-22T00:07:20.667+0000] {dagbag.py:538} INFO - Filling up the DagBag from /home/ubuntu/reddit_venv/lib/python3.10/site-packages/airflow/example_dags/example_python_operator.py
[2024-02-22T00:07:20.679+0000] {processor.py:840} INFO - DAG(s) 'example_python_operator' retrieved from /home/ubuntu/reddit_venv/lib/python3.10/site-packages/airflow/example_dags/example_python_operator.py
[2024-02-22T00:07:20.697+0000] {logging_mixin.py:188} INFO - [2024-02-22T00:07:20.696+0000] {dag.py:3036} INFO - Sync 1 DAGs
[2024-02-22T00:07:20.708+0000] {logging_mixin.py:188} INFO - [2024-02-22T00:07:20.708+0000] {dag.py:3823} INFO - Setting next_dagrun for example_python_operator to None, run_after=None
[2024-02-22T00:07:20.730+0000] {processor.py:183} INFO - Processing /home/ubuntu/reddit_venv/lib/python3.10/site-packages/airflow/example_dags/example_python_operator.py took 0.069 seconds
[2024-02-22T00:08:21.538+0000] {processor.py:161} INFO - Started process (PID=7884) to work on /home/ubuntu/reddit_venv/lib/python3.10/site-packages/airflow/example_dags/example_python_operator.py
[2024-02-22T00:08:21.540+0000] {processor.py:830} INFO - Processing file /home/ubuntu/reddit_venv/lib/python3.10/site-packages/airflow/example_dags/example_python_operator.py for tasks to queue
[2024-02-22T00:08:21.541+0000] {logging_mixin.py:188} INFO - [2024-02-22T00:08:21.540+0000] {dagbag.py:538} INFO - Filling up the DagBag from /home/ubuntu/reddit_venv/lib/python3.10/site-packages/airflow/example_dags/example_python_operator.py
[2024-02-22T00:08:21.554+0000] {processor.py:840} INFO - DAG(s) 'example_python_operator' retrieved from /home/ubuntu/reddit_venv/lib/python3.10/site-packages/airflow/example_dags/example_python_operator.py
[2024-02-22T00:08:21.573+0000] {logging_mixin.py:188} INFO - [2024-02-22T00:08:21.573+0000] {dag.py:3036} INFO - Sync 1 DAGs
[2024-02-22T00:08:21.585+0000] {logging_mixin.py:188} INFO - [2024-02-22T00:08:21.585+0000] {dag.py:3823} INFO - Setting next_dagrun for example_python_operator to None, run_after=None
[2024-02-22T00:08:21.609+0000] {processor.py:183} INFO - Processing /home/ubuntu/reddit_venv/lib/python3.10/site-packages/airflow/example_dags/example_python_operator.py took 0.074 seconds
[2024-02-22T00:09:17.608+0000] {processor.py:161} INFO - Started process (PID=8007) to work on /home/ubuntu/reddit_venv/lib/python3.10/site-packages/airflow/example_dags/example_python_operator.py
[2024-02-22T00:09:17.610+0000] {processor.py:830} INFO - Processing file /home/ubuntu/reddit_venv/lib/python3.10/site-packages/airflow/example_dags/example_python_operator.py for tasks to queue
[2024-02-22T00:09:17.611+0000] {logging_mixin.py:188} INFO - [2024-02-22T00:09:17.610+0000] {dagbag.py:538} INFO - Filling up the DagBag from /home/ubuntu/reddit_venv/lib/python3.10/site-packages/airflow/example_dags/example_python_operator.py
[2024-02-22T00:09:17.622+0000] {processor.py:840} INFO - DAG(s) 'example_python_operator' retrieved from /home/ubuntu/reddit_venv/lib/python3.10/site-packages/airflow/example_dags/example_python_operator.py
[2024-02-22T00:09:17.641+0000] {logging_mixin.py:188} INFO - [2024-02-22T00:09:17.640+0000] {dag.py:3036} INFO - Sync 1 DAGs
[2024-02-22T00:09:17.653+0000] {logging_mixin.py:188} INFO - [2024-02-22T00:09:17.652+0000] {dag.py:3823} INFO - Setting next_dagrun for example_python_operator to None, run_after=None
[2024-02-22T00:09:17.674+0000] {processor.py:183} INFO - Processing /home/ubuntu/reddit_venv/lib/python3.10/site-packages/airflow/example_dags/example_python_operator.py took 0.069 seconds
[2024-02-22T00:10:19.711+0000] {processor.py:161} INFO - Started process (PID=8135) to work on /home/ubuntu/reddit_venv/lib/python3.10/site-packages/airflow/example_dags/example_python_operator.py
[2024-02-22T00:10:19.713+0000] {processor.py:830} INFO - Processing file /home/ubuntu/reddit_venv/lib/python3.10/site-packages/airflow/example_dags/example_python_operator.py for tasks to queue
[2024-02-22T00:10:19.714+0000] {logging_mixin.py:188} INFO - [2024-02-22T00:10:19.714+0000] {dagbag.py:538} INFO - Filling up the DagBag from /home/ubuntu/reddit_venv/lib/python3.10/site-packages/airflow/example_dags/example_python_operator.py
[2024-02-22T00:10:19.726+0000] {processor.py:840} INFO - DAG(s) 'example_python_operator' retrieved from /home/ubuntu/reddit_venv/lib/python3.10/site-packages/airflow/example_dags/example_python_operator.py
[2024-02-22T00:10:19.744+0000] {logging_mixin.py:188} INFO - [2024-02-22T00:10:19.744+0000] {dag.py:3036} INFO - Sync 1 DAGs
[2024-02-22T00:10:19.757+0000] {logging_mixin.py:188} INFO - [2024-02-22T00:10:19.757+0000] {dag.py:3823} INFO - Setting next_dagrun for example_python_operator to None, run_after=None
[2024-02-22T00:10:19.780+0000] {processor.py:183} INFO - Processing /home/ubuntu/reddit_venv/lib/python3.10/site-packages/airflow/example_dags/example_python_operator.py took 0.072 seconds
[2024-02-22T00:11:20.750+0000] {processor.py:161} INFO - Started process (PID=8266) to work on /home/ubuntu/reddit_venv/lib/python3.10/site-packages/airflow/example_dags/example_python_operator.py
[2024-02-22T00:11:20.752+0000] {processor.py:830} INFO - Processing file /home/ubuntu/reddit_venv/lib/python3.10/site-packages/airflow/example_dags/example_python_operator.py for tasks to queue
[2024-02-22T00:11:20.753+0000] {logging_mixin.py:188} INFO - [2024-02-22T00:11:20.753+0000] {dagbag.py:538} INFO - Filling up the DagBag from /home/ubuntu/reddit_venv/lib/python3.10/site-packages/airflow/example_dags/example_python_operator.py
[2024-02-22T00:11:20.765+0000] {processor.py:840} INFO - DAG(s) 'example_python_operator' retrieved from /home/ubuntu/reddit_venv/lib/python3.10/site-packages/airflow/example_dags/example_python_operator.py
[2024-02-22T00:11:20.784+0000] {logging_mixin.py:188} INFO - [2024-02-22T00:11:20.784+0000] {dag.py:3036} INFO - Sync 1 DAGs
[2024-02-22T00:11:20.797+0000] {logging_mixin.py:188} INFO - [2024-02-22T00:11:20.796+0000] {dag.py:3823} INFO - Setting next_dagrun for example_python_operator to None, run_after=None
[2024-02-22T00:11:20.819+0000] {processor.py:183} INFO - Processing /home/ubuntu/reddit_venv/lib/python3.10/site-packages/airflow/example_dags/example_python_operator.py took 0.072 seconds
[2024-02-22T00:12:23.249+0000] {processor.py:161} INFO - Started process (PID=8454) to work on /home/ubuntu/reddit_venv/lib/python3.10/site-packages/airflow/example_dags/example_python_operator.py
[2024-02-22T00:12:23.250+0000] {processor.py:830} INFO - Processing file /home/ubuntu/reddit_venv/lib/python3.10/site-packages/airflow/example_dags/example_python_operator.py for tasks to queue
[2024-02-22T00:12:23.251+0000] {logging_mixin.py:188} INFO - [2024-02-22T00:12:23.251+0000] {dagbag.py:538} INFO - Filling up the DagBag from /home/ubuntu/reddit_venv/lib/python3.10/site-packages/airflow/example_dags/example_python_operator.py
[2024-02-22T00:12:23.263+0000] {processor.py:840} INFO - DAG(s) 'example_python_operator' retrieved from /home/ubuntu/reddit_venv/lib/python3.10/site-packages/airflow/example_dags/example_python_operator.py
[2024-02-22T00:12:23.281+0000] {logging_mixin.py:188} INFO - [2024-02-22T00:12:23.280+0000] {dag.py:3036} INFO - Sync 1 DAGs
[2024-02-22T00:12:23.293+0000] {logging_mixin.py:188} INFO - [2024-02-22T00:12:23.293+0000] {dag.py:3823} INFO - Setting next_dagrun for example_python_operator to None, run_after=None
[2024-02-22T00:12:23.316+0000] {processor.py:183} INFO - Processing /home/ubuntu/reddit_venv/lib/python3.10/site-packages/airflow/example_dags/example_python_operator.py took 0.070 seconds
[2024-02-22T00:13:25.035+0000] {processor.py:161} INFO - Started process (PID=8586) to work on /home/ubuntu/reddit_venv/lib/python3.10/site-packages/airflow/example_dags/example_python_operator.py
[2024-02-22T00:13:25.036+0000] {processor.py:830} INFO - Processing file /home/ubuntu/reddit_venv/lib/python3.10/site-packages/airflow/example_dags/example_python_operator.py for tasks to queue
[2024-02-22T00:13:25.037+0000] {logging_mixin.py:188} INFO - [2024-02-22T00:13:25.037+0000] {dagbag.py:538} INFO - Filling up the DagBag from /home/ubuntu/reddit_venv/lib/python3.10/site-packages/airflow/example_dags/example_python_operator.py
[2024-02-22T00:13:25.049+0000] {processor.py:840} INFO - DAG(s) 'example_python_operator' retrieved from /home/ubuntu/reddit_venv/lib/python3.10/site-packages/airflow/example_dags/example_python_operator.py
[2024-02-22T00:13:25.067+0000] {logging_mixin.py:188} INFO - [2024-02-22T00:13:25.067+0000] {dag.py:3036} INFO - Sync 1 DAGs
[2024-02-22T00:13:25.080+0000] {logging_mixin.py:188} INFO - [2024-02-22T00:13:25.080+0000] {dag.py:3823} INFO - Setting next_dagrun for example_python_operator to None, run_after=None
[2024-02-22T00:13:25.103+0000] {processor.py:183} INFO - Processing /home/ubuntu/reddit_venv/lib/python3.10/site-packages/airflow/example_dags/example_python_operator.py took 0.072 seconds
