[2024-02-22T00:00:17.692+0000] {processor.py:161} INFO - Started process (PID=4042) to work on /home/ubuntu/reddit_venv/lib/python3.10/site-packages/airflow/example_dags/example_branch_operator.py
[2024-02-22T00:00:17.693+0000] {processor.py:830} INFO - Processing file /home/ubuntu/reddit_venv/lib/python3.10/site-packages/airflow/example_dags/example_branch_operator.py for tasks to queue
[2024-02-22T00:00:17.694+0000] {logging_mixin.py:188} INFO - [2024-02-22T00:00:17.693+0000] {dagbag.py:538} INFO - Filling up the DagBag from /home/ubuntu/reddit_venv/lib/python3.10/site-packages/airflow/example_dags/example_branch_operator.py
[2024-02-22T00:00:17.712+0000] {processor.py:840} INFO - DAG(s) 'example_branch_operator' retrieved from /home/ubuntu/reddit_venv/lib/python3.10/site-packages/airflow/example_dags/example_branch_operator.py
[2024-02-22T00:00:17.736+0000] {logging_mixin.py:188} INFO - [2024-02-22T00:00:17.736+0000] {dag.py:3036} INFO - Sync 1 DAGs
[2024-02-22T00:00:17.758+0000] {logging_mixin.py:188} INFO - [2024-02-22T00:00:17.758+0000] {dag.py:3823} INFO - Setting next_dagrun for example_branch_operator to 2024-02-21 00:00:00+00:00, run_after=2024-02-22 00:00:00+00:00
[2024-02-22T00:00:17.781+0000] {processor.py:183} INFO - Processing /home/ubuntu/reddit_venv/lib/python3.10/site-packages/airflow/example_dags/example_branch_operator.py took 0.093 seconds
[2024-02-22T00:01:33.333+0000] {processor.py:161} INFO - Started process (PID=4795) to work on /home/ubuntu/reddit_venv/lib/python3.10/site-packages/airflow/example_dags/example_branch_operator.py
[2024-02-22T00:01:33.335+0000] {processor.py:830} INFO - Processing file /home/ubuntu/reddit_venv/lib/python3.10/site-packages/airflow/example_dags/example_branch_operator.py for tasks to queue
[2024-02-22T00:01:33.336+0000] {logging_mixin.py:188} INFO - [2024-02-22T00:01:33.335+0000] {dagbag.py:538} INFO - Filling up the DagBag from /home/ubuntu/reddit_venv/lib/python3.10/site-packages/airflow/example_dags/example_branch_operator.py
[2024-02-22T00:01:33.354+0000] {processor.py:840} INFO - DAG(s) 'example_branch_operator' retrieved from /home/ubuntu/reddit_venv/lib/python3.10/site-packages/airflow/example_dags/example_branch_operator.py
[2024-02-22T00:01:33.378+0000] {logging_mixin.py:188} INFO - [2024-02-22T00:01:33.378+0000] {dag.py:3036} INFO - Sync 1 DAGs
[2024-02-22T00:01:33.401+0000] {logging_mixin.py:188} INFO - [2024-02-22T00:01:33.401+0000] {dag.py:3823} INFO - Setting next_dagrun for example_branch_operator to 2024-02-21 00:00:00+00:00, run_after=2024-02-22 00:00:00+00:00
[2024-02-22T00:01:33.424+0000] {processor.py:183} INFO - Processing /home/ubuntu/reddit_venv/lib/python3.10/site-packages/airflow/example_dags/example_branch_operator.py took 0.095 seconds
[2024-02-22T00:03:44.374+0000] {processor.py:161} INFO - Started process (PID=6134) to work on /home/ubuntu/reddit_venv/lib/python3.10/site-packages/airflow/example_dags/example_branch_operator.py
[2024-02-22T00:03:44.376+0000] {processor.py:830} INFO - Processing file /home/ubuntu/reddit_venv/lib/python3.10/site-packages/airflow/example_dags/example_branch_operator.py for tasks to queue
[2024-02-22T00:03:44.377+0000] {logging_mixin.py:188} INFO - [2024-02-22T00:03:44.377+0000] {dagbag.py:538} INFO - Filling up the DagBag from /home/ubuntu/reddit_venv/lib/python3.10/site-packages/airflow/example_dags/example_branch_operator.py
[2024-02-22T00:03:44.396+0000] {processor.py:840} INFO - DAG(s) 'example_branch_operator' retrieved from /home/ubuntu/reddit_venv/lib/python3.10/site-packages/airflow/example_dags/example_branch_operator.py
[2024-02-22T00:03:44.419+0000] {logging_mixin.py:188} INFO - [2024-02-22T00:03:44.419+0000] {dag.py:3036} INFO - Sync 1 DAGs
[2024-02-22T00:03:44.441+0000] {logging_mixin.py:188} INFO - [2024-02-22T00:03:44.440+0000] {dag.py:3823} INFO - Setting next_dagrun for example_branch_operator to 2024-02-21 00:00:00+00:00, run_after=2024-02-22 00:00:00+00:00
[2024-02-22T00:03:44.463+0000] {processor.py:183} INFO - Processing /home/ubuntu/reddit_venv/lib/python3.10/site-packages/airflow/example_dags/example_branch_operator.py took 0.092 seconds
[2024-02-22T00:05:34.364+0000] {processor.py:161} INFO - Started process (PID=7214) to work on /home/ubuntu/reddit_venv/lib/python3.10/site-packages/airflow/example_dags/example_branch_operator.py
[2024-02-22T00:05:34.365+0000] {processor.py:830} INFO - Processing file /home/ubuntu/reddit_venv/lib/python3.10/site-packages/airflow/example_dags/example_branch_operator.py for tasks to queue
[2024-02-22T00:05:34.366+0000] {logging_mixin.py:188} INFO - [2024-02-22T00:05:34.366+0000] {dagbag.py:538} INFO - Filling up the DagBag from /home/ubuntu/reddit_venv/lib/python3.10/site-packages/airflow/example_dags/example_branch_operator.py
[2024-02-22T00:05:34.385+0000] {processor.py:840} INFO - DAG(s) 'example_branch_operator' retrieved from /home/ubuntu/reddit_venv/lib/python3.10/site-packages/airflow/example_dags/example_branch_operator.py
[2024-02-22T00:05:34.409+0000] {logging_mixin.py:188} INFO - [2024-02-22T00:05:34.408+0000] {dag.py:3036} INFO - Sync 1 DAGs
[2024-02-22T00:05:34.432+0000] {logging_mixin.py:188} INFO - [2024-02-22T00:05:34.431+0000] {dag.py:3823} INFO - Setting next_dagrun for example_branch_operator to 2024-02-21 00:00:00+00:00, run_after=2024-02-22 00:00:00+00:00
[2024-02-22T00:05:34.454+0000] {processor.py:183} INFO - Processing /home/ubuntu/reddit_venv/lib/python3.10/site-packages/airflow/example_dags/example_branch_operator.py took 0.094 seconds
[2024-02-22T00:06:40.342+0000] {processor.py:161} INFO - Started process (PID=7587) to work on /home/ubuntu/reddit_venv/lib/python3.10/site-packages/airflow/example_dags/example_branch_operator.py
[2024-02-22T00:06:40.344+0000] {processor.py:830} INFO - Processing file /home/ubuntu/reddit_venv/lib/python3.10/site-packages/airflow/example_dags/example_branch_operator.py for tasks to queue
[2024-02-22T00:06:40.345+0000] {logging_mixin.py:188} INFO - [2024-02-22T00:06:40.344+0000] {dagbag.py:538} INFO - Filling up the DagBag from /home/ubuntu/reddit_venv/lib/python3.10/site-packages/airflow/example_dags/example_branch_operator.py
[2024-02-22T00:06:40.363+0000] {processor.py:840} INFO - DAG(s) 'example_branch_operator' retrieved from /home/ubuntu/reddit_venv/lib/python3.10/site-packages/airflow/example_dags/example_branch_operator.py
[2024-02-22T00:06:40.387+0000] {logging_mixin.py:188} INFO - [2024-02-22T00:06:40.386+0000] {dag.py:3036} INFO - Sync 1 DAGs
[2024-02-22T00:06:40.408+0000] {logging_mixin.py:188} INFO - [2024-02-22T00:06:40.408+0000] {dag.py:3823} INFO - Setting next_dagrun for example_branch_operator to 2024-02-21 00:00:00+00:00, run_after=2024-02-22 00:00:00+00:00
[2024-02-22T00:06:40.432+0000] {processor.py:183} INFO - Processing /home/ubuntu/reddit_venv/lib/python3.10/site-packages/airflow/example_dags/example_branch_operator.py took 0.094 seconds
[2024-02-22T00:07:41.107+0000] {processor.py:161} INFO - Started process (PID=7779) to work on /home/ubuntu/reddit_venv/lib/python3.10/site-packages/airflow/example_dags/example_branch_operator.py
[2024-02-22T00:07:41.109+0000] {processor.py:830} INFO - Processing file /home/ubuntu/reddit_venv/lib/python3.10/site-packages/airflow/example_dags/example_branch_operator.py for tasks to queue
[2024-02-22T00:07:41.110+0000] {logging_mixin.py:188} INFO - [2024-02-22T00:07:41.109+0000] {dagbag.py:538} INFO - Filling up the DagBag from /home/ubuntu/reddit_venv/lib/python3.10/site-packages/airflow/example_dags/example_branch_operator.py
[2024-02-22T00:07:41.128+0000] {processor.py:840} INFO - DAG(s) 'example_branch_operator' retrieved from /home/ubuntu/reddit_venv/lib/python3.10/site-packages/airflow/example_dags/example_branch_operator.py
[2024-02-22T00:07:41.152+0000] {logging_mixin.py:188} INFO - [2024-02-22T00:07:41.152+0000] {dag.py:3036} INFO - Sync 1 DAGs
[2024-02-22T00:07:41.174+0000] {logging_mixin.py:188} INFO - [2024-02-22T00:07:41.173+0000] {dag.py:3823} INFO - Setting next_dagrun for example_branch_operator to 2024-02-21 00:00:00+00:00, run_after=2024-02-22 00:00:00+00:00
[2024-02-22T00:07:41.198+0000] {processor.py:183} INFO - Processing /home/ubuntu/reddit_venv/lib/python3.10/site-packages/airflow/example_dags/example_branch_operator.py took 0.094 seconds
[2024-02-22T00:08:41.603+0000] {processor.py:161} INFO - Started process (PID=7905) to work on /home/ubuntu/reddit_venv/lib/python3.10/site-packages/airflow/example_dags/example_branch_operator.py
[2024-02-22T00:08:41.604+0000] {processor.py:830} INFO - Processing file /home/ubuntu/reddit_venv/lib/python3.10/site-packages/airflow/example_dags/example_branch_operator.py for tasks to queue
[2024-02-22T00:08:41.605+0000] {logging_mixin.py:188} INFO - [2024-02-22T00:08:41.605+0000] {dagbag.py:538} INFO - Filling up the DagBag from /home/ubuntu/reddit_venv/lib/python3.10/site-packages/airflow/example_dags/example_branch_operator.py
[2024-02-22T00:08:41.624+0000] {processor.py:840} INFO - DAG(s) 'example_branch_operator' retrieved from /home/ubuntu/reddit_venv/lib/python3.10/site-packages/airflow/example_dags/example_branch_operator.py
[2024-02-22T00:08:41.647+0000] {logging_mixin.py:188} INFO - [2024-02-22T00:08:41.647+0000] {dag.py:3036} INFO - Sync 1 DAGs
[2024-02-22T00:08:41.669+0000] {logging_mixin.py:188} INFO - [2024-02-22T00:08:41.669+0000] {dag.py:3823} INFO - Setting next_dagrun for example_branch_operator to 2024-02-21 00:00:00+00:00, run_after=2024-02-22 00:00:00+00:00
[2024-02-22T00:08:41.691+0000] {processor.py:183} INFO - Processing /home/ubuntu/reddit_venv/lib/python3.10/site-packages/airflow/example_dags/example_branch_operator.py took 0.092 seconds
[2024-02-22T00:09:38.415+0000] {processor.py:161} INFO - Started process (PID=8029) to work on /home/ubuntu/reddit_venv/lib/python3.10/site-packages/airflow/example_dags/example_branch_operator.py
[2024-02-22T00:09:38.417+0000] {processor.py:830} INFO - Processing file /home/ubuntu/reddit_venv/lib/python3.10/site-packages/airflow/example_dags/example_branch_operator.py for tasks to queue
[2024-02-22T00:09:38.418+0000] {logging_mixin.py:188} INFO - [2024-02-22T00:09:38.418+0000] {dagbag.py:538} INFO - Filling up the DagBag from /home/ubuntu/reddit_venv/lib/python3.10/site-packages/airflow/example_dags/example_branch_operator.py
[2024-02-22T00:09:38.437+0000] {processor.py:840} INFO - DAG(s) 'example_branch_operator' retrieved from /home/ubuntu/reddit_venv/lib/python3.10/site-packages/airflow/example_dags/example_branch_operator.py
[2024-02-22T00:09:38.461+0000] {logging_mixin.py:188} INFO - [2024-02-22T00:09:38.460+0000] {dag.py:3036} INFO - Sync 1 DAGs
[2024-02-22T00:09:38.482+0000] {logging_mixin.py:188} INFO - [2024-02-22T00:09:38.482+0000] {dag.py:3823} INFO - Setting next_dagrun for example_branch_operator to 2024-02-21 00:00:00+00:00, run_after=2024-02-22 00:00:00+00:00
[2024-02-22T00:09:38.505+0000] {processor.py:183} INFO - Processing /home/ubuntu/reddit_venv/lib/python3.10/site-packages/airflow/example_dags/example_branch_operator.py took 0.093 seconds
[2024-02-22T00:10:39.454+0000] {processor.py:161} INFO - Started process (PID=8159) to work on /home/ubuntu/reddit_venv/lib/python3.10/site-packages/airflow/example_dags/example_branch_operator.py
[2024-02-22T00:10:39.455+0000] {processor.py:830} INFO - Processing file /home/ubuntu/reddit_venv/lib/python3.10/site-packages/airflow/example_dags/example_branch_operator.py for tasks to queue
[2024-02-22T00:10:39.456+0000] {logging_mixin.py:188} INFO - [2024-02-22T00:10:39.456+0000] {dagbag.py:538} INFO - Filling up the DagBag from /home/ubuntu/reddit_venv/lib/python3.10/site-packages/airflow/example_dags/example_branch_operator.py
[2024-02-22T00:10:39.475+0000] {processor.py:840} INFO - DAG(s) 'example_branch_operator' retrieved from /home/ubuntu/reddit_venv/lib/python3.10/site-packages/airflow/example_dags/example_branch_operator.py
[2024-02-22T00:10:39.498+0000] {logging_mixin.py:188} INFO - [2024-02-22T00:10:39.498+0000] {dag.py:3036} INFO - Sync 1 DAGs
[2024-02-22T00:10:39.519+0000] {logging_mixin.py:188} INFO - [2024-02-22T00:10:39.519+0000] {dag.py:3823} INFO - Setting next_dagrun for example_branch_operator to 2024-02-21 00:00:00+00:00, run_after=2024-02-22 00:00:00+00:00
[2024-02-22T00:10:39.541+0000] {processor.py:183} INFO - Processing /home/ubuntu/reddit_venv/lib/python3.10/site-packages/airflow/example_dags/example_branch_operator.py took 0.091 seconds
[2024-02-22T00:11:42.032+0000] {processor.py:161} INFO - Started process (PID=8288) to work on /home/ubuntu/reddit_venv/lib/python3.10/site-packages/airflow/example_dags/example_branch_operator.py
[2024-02-22T00:11:42.034+0000] {processor.py:830} INFO - Processing file /home/ubuntu/reddit_venv/lib/python3.10/site-packages/airflow/example_dags/example_branch_operator.py for tasks to queue
[2024-02-22T00:11:42.035+0000] {logging_mixin.py:188} INFO - [2024-02-22T00:11:42.035+0000] {dagbag.py:538} INFO - Filling up the DagBag from /home/ubuntu/reddit_venv/lib/python3.10/site-packages/airflow/example_dags/example_branch_operator.py
[2024-02-22T00:11:42.054+0000] {processor.py:840} INFO - DAG(s) 'example_branch_operator' retrieved from /home/ubuntu/reddit_venv/lib/python3.10/site-packages/airflow/example_dags/example_branch_operator.py
[2024-02-22T00:11:42.079+0000] {logging_mixin.py:188} INFO - [2024-02-22T00:11:42.078+0000] {dag.py:3036} INFO - Sync 1 DAGs
[2024-02-22T00:11:42.101+0000] {logging_mixin.py:188} INFO - [2024-02-22T00:11:42.101+0000] {dag.py:3823} INFO - Setting next_dagrun for example_branch_operator to 2024-02-21 00:00:00+00:00, run_after=2024-02-22 00:00:00+00:00
[2024-02-22T00:11:42.125+0000] {processor.py:183} INFO - Processing /home/ubuntu/reddit_venv/lib/python3.10/site-packages/airflow/example_dags/example_branch_operator.py took 0.096 seconds
[2024-02-22T00:12:43.834+0000] {processor.py:161} INFO - Started process (PID=8479) to work on /home/ubuntu/reddit_venv/lib/python3.10/site-packages/airflow/example_dags/example_branch_operator.py
[2024-02-22T00:12:43.836+0000] {processor.py:830} INFO - Processing file /home/ubuntu/reddit_venv/lib/python3.10/site-packages/airflow/example_dags/example_branch_operator.py for tasks to queue
[2024-02-22T00:12:43.837+0000] {logging_mixin.py:188} INFO - [2024-02-22T00:12:43.836+0000] {dagbag.py:538} INFO - Filling up the DagBag from /home/ubuntu/reddit_venv/lib/python3.10/site-packages/airflow/example_dags/example_branch_operator.py
[2024-02-22T00:12:43.855+0000] {processor.py:840} INFO - DAG(s) 'example_branch_operator' retrieved from /home/ubuntu/reddit_venv/lib/python3.10/site-packages/airflow/example_dags/example_branch_operator.py
[2024-02-22T00:12:43.878+0000] {logging_mixin.py:188} INFO - [2024-02-22T00:12:43.877+0000] {dag.py:3036} INFO - Sync 1 DAGs
[2024-02-22T00:12:43.898+0000] {logging_mixin.py:188} INFO - [2024-02-22T00:12:43.898+0000] {dag.py:3823} INFO - Setting next_dagrun for example_branch_operator to 2024-02-21 00:00:00+00:00, run_after=2024-02-22 00:00:00+00:00
[2024-02-22T00:12:43.920+0000] {processor.py:183} INFO - Processing /home/ubuntu/reddit_venv/lib/python3.10/site-packages/airflow/example_dags/example_branch_operator.py took 0.089 seconds
