[2024-02-14T23:09:33.320+0000] {processor.py:161} INFO - Started process (PID=1593) to work on /home/ubuntu/reddit_venv/lib/python3.10/site-packages/airflow/example_dags/example_xcom.py
[2024-02-14T23:09:33.321+0000] {processor.py:830} INFO - Processing file /home/ubuntu/reddit_venv/lib/python3.10/site-packages/airflow/example_dags/example_xcom.py for tasks to queue
[2024-02-14T23:09:33.322+0000] {logging_mixin.py:188} INFO - [2024-02-14T23:09:33.322+0000] {dagbag.py:538} INFO - Filling up the DagBag from /home/ubuntu/reddit_venv/lib/python3.10/site-packages/airflow/example_dags/example_xcom.py
[2024-02-14T23:09:33.333+0000] {processor.py:840} INFO - DAG(s) 'example_xcom' retrieved from /home/ubuntu/reddit_venv/lib/python3.10/site-packages/airflow/example_dags/example_xcom.py
[2024-02-14T23:09:33.341+0000] {logging_mixin.py:188} INFO - [2024-02-14T23:09:33.340+0000] {dag.py:3036} INFO - Sync 1 DAGs
[2024-02-14T23:09:33.362+0000] {logging_mixin.py:188} INFO - [2024-02-14T23:09:33.362+0000] {dag.py:3823} INFO - Setting next_dagrun for example_xcom to 2021-01-01 00:00:00+00:00, run_after=2021-01-01 00:00:00+00:00
[2024-02-14T23:09:33.399+0000] {processor.py:183} INFO - Processing /home/ubuntu/reddit_venv/lib/python3.10/site-packages/airflow/example_dags/example_xcom.py took 0.082 seconds
[2024-02-14T23:10:23.173+0000] {processor.py:161} INFO - Started process (PID=1683) to work on /home/ubuntu/reddit_venv/lib/python3.10/site-packages/airflow/example_dags/example_xcom.py
[2024-02-14T23:10:23.175+0000] {processor.py:830} INFO - Processing file /home/ubuntu/reddit_venv/lib/python3.10/site-packages/airflow/example_dags/example_xcom.py for tasks to queue
[2024-02-14T23:10:23.176+0000] {logging_mixin.py:188} INFO - [2024-02-14T23:10:23.175+0000] {dagbag.py:538} INFO - Filling up the DagBag from /home/ubuntu/reddit_venv/lib/python3.10/site-packages/airflow/example_dags/example_xcom.py
[2024-02-14T23:10:23.185+0000] {processor.py:840} INFO - DAG(s) 'example_xcom' retrieved from /home/ubuntu/reddit_venv/lib/python3.10/site-packages/airflow/example_dags/example_xcom.py
[2024-02-14T23:10:23.284+0000] {logging_mixin.py:188} INFO - [2024-02-14T23:10:23.284+0000] {dag.py:3036} INFO - Sync 1 DAGs
[2024-02-14T23:10:23.303+0000] {logging_mixin.py:188} INFO - [2024-02-14T23:10:23.303+0000] {dag.py:3823} INFO - Setting next_dagrun for example_xcom to 2021-01-01 00:00:00+00:00, run_after=2021-01-01 00:00:00+00:00
[2024-02-14T23:10:23.390+0000] {processor.py:183} INFO - Processing /home/ubuntu/reddit_venv/lib/python3.10/site-packages/airflow/example_dags/example_xcom.py took 0.220 seconds
[2024-02-14T23:11:05.997+0000] {processor.py:161} INFO - Started process (PID=1791) to work on /home/ubuntu/reddit_venv/lib/python3.10/site-packages/airflow/example_dags/example_xcom.py
[2024-02-14T23:11:05.999+0000] {processor.py:830} INFO - Processing file /home/ubuntu/reddit_venv/lib/python3.10/site-packages/airflow/example_dags/example_xcom.py for tasks to queue
[2024-02-14T23:11:06.000+0000] {logging_mixin.py:188} INFO - [2024-02-14T23:11:05.999+0000] {dagbag.py:538} INFO - Filling up the DagBag from /home/ubuntu/reddit_venv/lib/python3.10/site-packages/airflow/example_dags/example_xcom.py
[2024-02-14T23:11:06.009+0000] {processor.py:840} INFO - DAG(s) 'example_xcom' retrieved from /home/ubuntu/reddit_venv/lib/python3.10/site-packages/airflow/example_dags/example_xcom.py
[2024-02-14T23:11:06.026+0000] {logging_mixin.py:188} INFO - [2024-02-14T23:11:06.026+0000] {dag.py:3036} INFO - Sync 1 DAGs
[2024-02-14T23:11:06.047+0000] {logging_mixin.py:188} INFO - [2024-02-14T23:11:06.047+0000] {dag.py:3823} INFO - Setting next_dagrun for example_xcom to 2021-01-01 00:00:00+00:00, run_after=2021-01-01 00:00:00+00:00
[2024-02-14T23:11:06.069+0000] {processor.py:183} INFO - Processing /home/ubuntu/reddit_venv/lib/python3.10/site-packages/airflow/example_dags/example_xcom.py took 0.075 seconds
[2024-02-14T23:11:45.361+0000] {processor.py:161} INFO - Started process (PID=1898) to work on /home/ubuntu/reddit_venv/lib/python3.10/site-packages/airflow/example_dags/example_xcom.py
[2024-02-14T23:11:45.363+0000] {processor.py:830} INFO - Processing file /home/ubuntu/reddit_venv/lib/python3.10/site-packages/airflow/example_dags/example_xcom.py for tasks to queue
[2024-02-14T23:11:45.364+0000] {logging_mixin.py:188} INFO - [2024-02-14T23:11:45.363+0000] {dagbag.py:538} INFO - Filling up the DagBag from /home/ubuntu/reddit_venv/lib/python3.10/site-packages/airflow/example_dags/example_xcom.py
[2024-02-14T23:11:45.372+0000] {processor.py:840} INFO - DAG(s) 'example_xcom' retrieved from /home/ubuntu/reddit_venv/lib/python3.10/site-packages/airflow/example_dags/example_xcom.py
[2024-02-14T23:11:45.389+0000] {logging_mixin.py:188} INFO - [2024-02-14T23:11:45.389+0000] {dag.py:3036} INFO - Sync 1 DAGs
[2024-02-14T23:11:45.410+0000] {logging_mixin.py:188} INFO - [2024-02-14T23:11:45.410+0000] {dag.py:3823} INFO - Setting next_dagrun for example_xcom to 2021-01-01 00:00:00+00:00, run_after=2021-01-01 00:00:00+00:00
[2024-02-14T23:11:45.432+0000] {processor.py:183} INFO - Processing /home/ubuntu/reddit_venv/lib/python3.10/site-packages/airflow/example_dags/example_xcom.py took 0.075 seconds
[2024-02-14T23:12:25.171+0000] {processor.py:161} INFO - Started process (PID=1967) to work on /home/ubuntu/reddit_venv/lib/python3.10/site-packages/airflow/example_dags/example_xcom.py
[2024-02-14T23:12:25.172+0000] {processor.py:830} INFO - Processing file /home/ubuntu/reddit_venv/lib/python3.10/site-packages/airflow/example_dags/example_xcom.py for tasks to queue
[2024-02-14T23:12:25.173+0000] {logging_mixin.py:188} INFO - [2024-02-14T23:12:25.173+0000] {dagbag.py:538} INFO - Filling up the DagBag from /home/ubuntu/reddit_venv/lib/python3.10/site-packages/airflow/example_dags/example_xcom.py
[2024-02-14T23:12:25.182+0000] {processor.py:840} INFO - DAG(s) 'example_xcom' retrieved from /home/ubuntu/reddit_venv/lib/python3.10/site-packages/airflow/example_dags/example_xcom.py
[2024-02-14T23:12:25.199+0000] {logging_mixin.py:188} INFO - [2024-02-14T23:12:25.199+0000] {dag.py:3036} INFO - Sync 1 DAGs
[2024-02-14T23:12:25.219+0000] {logging_mixin.py:188} INFO - [2024-02-14T23:12:25.219+0000] {dag.py:3823} INFO - Setting next_dagrun for example_xcom to 2021-01-01 00:00:00+00:00, run_after=2021-01-01 00:00:00+00:00
[2024-02-14T23:12:25.242+0000] {processor.py:183} INFO - Processing /home/ubuntu/reddit_venv/lib/python3.10/site-packages/airflow/example_dags/example_xcom.py took 0.075 seconds
[2024-02-14T23:13:05.008+0000] {processor.py:161} INFO - Started process (PID=2354) to work on /home/ubuntu/reddit_venv/lib/python3.10/site-packages/airflow/example_dags/example_xcom.py
[2024-02-14T23:13:05.009+0000] {processor.py:830} INFO - Processing file /home/ubuntu/reddit_venv/lib/python3.10/site-packages/airflow/example_dags/example_xcom.py for tasks to queue
[2024-02-14T23:13:05.010+0000] {logging_mixin.py:188} INFO - [2024-02-14T23:13:05.010+0000] {dagbag.py:538} INFO - Filling up the DagBag from /home/ubuntu/reddit_venv/lib/python3.10/site-packages/airflow/example_dags/example_xcom.py
[2024-02-14T23:13:05.019+0000] {processor.py:840} INFO - DAG(s) 'example_xcom' retrieved from /home/ubuntu/reddit_venv/lib/python3.10/site-packages/airflow/example_dags/example_xcom.py
[2024-02-14T23:13:05.036+0000] {logging_mixin.py:188} INFO - [2024-02-14T23:13:05.036+0000] {dag.py:3036} INFO - Sync 1 DAGs
[2024-02-14T23:13:05.057+0000] {logging_mixin.py:188} INFO - [2024-02-14T23:13:05.057+0000] {dag.py:3823} INFO - Setting next_dagrun for example_xcom to 2021-01-01 00:00:00+00:00, run_after=2021-01-01 00:00:00+00:00
[2024-02-14T23:13:05.079+0000] {processor.py:183} INFO - Processing /home/ubuntu/reddit_venv/lib/python3.10/site-packages/airflow/example_dags/example_xcom.py took 0.075 seconds
[2024-02-14T23:13:54.808+0000] {processor.py:161} INFO - Started process (PID=2476) to work on /home/ubuntu/reddit_venv/lib/python3.10/site-packages/airflow/example_dags/example_xcom.py
[2024-02-14T23:13:54.810+0000] {processor.py:830} INFO - Processing file /home/ubuntu/reddit_venv/lib/python3.10/site-packages/airflow/example_dags/example_xcom.py for tasks to queue
[2024-02-14T23:13:54.811+0000] {logging_mixin.py:188} INFO - [2024-02-14T23:13:54.811+0000] {dagbag.py:538} INFO - Filling up the DagBag from /home/ubuntu/reddit_venv/lib/python3.10/site-packages/airflow/example_dags/example_xcom.py
[2024-02-14T23:13:54.819+0000] {processor.py:840} INFO - DAG(s) 'example_xcom' retrieved from /home/ubuntu/reddit_venv/lib/python3.10/site-packages/airflow/example_dags/example_xcom.py
[2024-02-14T23:13:54.836+0000] {logging_mixin.py:188} INFO - [2024-02-14T23:13:54.836+0000] {dag.py:3036} INFO - Sync 1 DAGs
[2024-02-14T23:13:54.856+0000] {logging_mixin.py:188} INFO - [2024-02-14T23:13:54.856+0000] {dag.py:3823} INFO - Setting next_dagrun for example_xcom to 2021-01-01 00:00:00+00:00, run_after=2021-01-01 00:00:00+00:00
[2024-02-14T23:13:54.878+0000] {processor.py:183} INFO - Processing /home/ubuntu/reddit_venv/lib/python3.10/site-packages/airflow/example_dags/example_xcom.py took 0.073 seconds
[2024-02-14T23:14:36.658+0000] {processor.py:161} INFO - Started process (PID=2703) to work on /home/ubuntu/reddit_venv/lib/python3.10/site-packages/airflow/example_dags/example_xcom.py
[2024-02-14T23:14:36.660+0000] {processor.py:830} INFO - Processing file /home/ubuntu/reddit_venv/lib/python3.10/site-packages/airflow/example_dags/example_xcom.py for tasks to queue
[2024-02-14T23:14:36.661+0000] {logging_mixin.py:188} INFO - [2024-02-14T23:14:36.660+0000] {dagbag.py:538} INFO - Filling up the DagBag from /home/ubuntu/reddit_venv/lib/python3.10/site-packages/airflow/example_dags/example_xcom.py
[2024-02-14T23:14:36.670+0000] {processor.py:840} INFO - DAG(s) 'example_xcom' retrieved from /home/ubuntu/reddit_venv/lib/python3.10/site-packages/airflow/example_dags/example_xcom.py
[2024-02-14T23:14:36.686+0000] {logging_mixin.py:188} INFO - [2024-02-14T23:14:36.686+0000] {dag.py:3036} INFO - Sync 1 DAGs
[2024-02-14T23:14:36.706+0000] {logging_mixin.py:188} INFO - [2024-02-14T23:14:36.706+0000] {dag.py:3823} INFO - Setting next_dagrun for example_xcom to 2021-01-01 00:00:00+00:00, run_after=2021-01-01 00:00:00+00:00
[2024-02-14T23:14:36.728+0000] {processor.py:183} INFO - Processing /home/ubuntu/reddit_venv/lib/python3.10/site-packages/airflow/example_dags/example_xcom.py took 0.073 seconds
[2024-02-14T23:15:17.957+0000] {processor.py:161} INFO - Started process (PID=2929) to work on /home/ubuntu/reddit_venv/lib/python3.10/site-packages/airflow/example_dags/example_xcom.py
[2024-02-14T23:15:17.959+0000] {processor.py:830} INFO - Processing file /home/ubuntu/reddit_venv/lib/python3.10/site-packages/airflow/example_dags/example_xcom.py for tasks to queue
[2024-02-14T23:15:17.960+0000] {logging_mixin.py:188} INFO - [2024-02-14T23:15:17.960+0000] {dagbag.py:538} INFO - Filling up the DagBag from /home/ubuntu/reddit_venv/lib/python3.10/site-packages/airflow/example_dags/example_xcom.py
[2024-02-14T23:15:17.968+0000] {processor.py:840} INFO - DAG(s) 'example_xcom' retrieved from /home/ubuntu/reddit_venv/lib/python3.10/site-packages/airflow/example_dags/example_xcom.py
[2024-02-14T23:15:17.985+0000] {logging_mixin.py:188} INFO - [2024-02-14T23:15:17.985+0000] {dag.py:3036} INFO - Sync 1 DAGs
[2024-02-14T23:15:18.004+0000] {logging_mixin.py:188} INFO - [2024-02-14T23:15:18.004+0000] {dag.py:3823} INFO - Setting next_dagrun for example_xcom to 2021-01-01 00:00:00+00:00, run_after=2021-01-01 00:00:00+00:00
[2024-02-14T23:15:18.025+0000] {processor.py:183} INFO - Processing /home/ubuntu/reddit_venv/lib/python3.10/site-packages/airflow/example_dags/example_xcom.py took 0.071 seconds
[2024-02-14T23:15:56.999+0000] {processor.py:161} INFO - Started process (PID=3034) to work on /home/ubuntu/reddit_venv/lib/python3.10/site-packages/airflow/example_dags/example_xcom.py
[2024-02-14T23:15:57.001+0000] {processor.py:830} INFO - Processing file /home/ubuntu/reddit_venv/lib/python3.10/site-packages/airflow/example_dags/example_xcom.py for tasks to queue
[2024-02-14T23:15:57.002+0000] {logging_mixin.py:188} INFO - [2024-02-14T23:15:57.002+0000] {dagbag.py:538} INFO - Filling up the DagBag from /home/ubuntu/reddit_venv/lib/python3.10/site-packages/airflow/example_dags/example_xcom.py
[2024-02-14T23:15:57.011+0000] {processor.py:840} INFO - DAG(s) 'example_xcom' retrieved from /home/ubuntu/reddit_venv/lib/python3.10/site-packages/airflow/example_dags/example_xcom.py
[2024-02-14T23:15:57.027+0000] {logging_mixin.py:188} INFO - [2024-02-14T23:15:57.027+0000] {dag.py:3036} INFO - Sync 1 DAGs
[2024-02-14T23:15:57.047+0000] {logging_mixin.py:188} INFO - [2024-02-14T23:15:57.046+0000] {dag.py:3823} INFO - Setting next_dagrun for example_xcom to 2021-01-01 00:00:00+00:00, run_after=2021-01-01 00:00:00+00:00
[2024-02-14T23:15:57.068+0000] {processor.py:183} INFO - Processing /home/ubuntu/reddit_venv/lib/python3.10/site-packages/airflow/example_dags/example_xcom.py took 0.072 seconds
[2024-02-14T23:16:45.713+0000] {processor.py:161} INFO - Started process (PID=3513) to work on /home/ubuntu/reddit_venv/lib/python3.10/site-packages/airflow/example_dags/example_xcom.py
[2024-02-14T23:16:45.715+0000] {processor.py:830} INFO - Processing file /home/ubuntu/reddit_venv/lib/python3.10/site-packages/airflow/example_dags/example_xcom.py for tasks to queue
[2024-02-14T23:16:45.716+0000] {logging_mixin.py:188} INFO - [2024-02-14T23:16:45.715+0000] {dagbag.py:538} INFO - Filling up the DagBag from /home/ubuntu/reddit_venv/lib/python3.10/site-packages/airflow/example_dags/example_xcom.py
[2024-02-14T23:16:45.724+0000] {processor.py:840} INFO - DAG(s) 'example_xcom' retrieved from /home/ubuntu/reddit_venv/lib/python3.10/site-packages/airflow/example_dags/example_xcom.py
[2024-02-14T23:16:45.741+0000] {logging_mixin.py:188} INFO - [2024-02-14T23:16:45.741+0000] {dag.py:3036} INFO - Sync 1 DAGs
[2024-02-14T23:16:45.761+0000] {logging_mixin.py:188} INFO - [2024-02-14T23:16:45.760+0000] {dag.py:3823} INFO - Setting next_dagrun for example_xcom to 2021-01-01 00:00:00+00:00, run_after=2021-01-01 00:00:00+00:00
[2024-02-14T23:16:45.783+0000] {processor.py:183} INFO - Processing /home/ubuntu/reddit_venv/lib/python3.10/site-packages/airflow/example_dags/example_xcom.py took 0.073 seconds
[2024-02-14T23:17:30.919+0000] {processor.py:161} INFO - Started process (PID=4111) to work on /home/ubuntu/reddit_venv/lib/python3.10/site-packages/airflow/example_dags/example_xcom.py
[2024-02-14T23:17:30.920+0000] {processor.py:830} INFO - Processing file /home/ubuntu/reddit_venv/lib/python3.10/site-packages/airflow/example_dags/example_xcom.py for tasks to queue
[2024-02-14T23:17:30.921+0000] {logging_mixin.py:188} INFO - [2024-02-14T23:17:30.921+0000] {dagbag.py:538} INFO - Filling up the DagBag from /home/ubuntu/reddit_venv/lib/python3.10/site-packages/airflow/example_dags/example_xcom.py
[2024-02-14T23:17:30.930+0000] {processor.py:840} INFO - DAG(s) 'example_xcom' retrieved from /home/ubuntu/reddit_venv/lib/python3.10/site-packages/airflow/example_dags/example_xcom.py
[2024-02-14T23:17:30.946+0000] {logging_mixin.py:188} INFO - [2024-02-14T23:17:30.946+0000] {dag.py:3036} INFO - Sync 1 DAGs
[2024-02-14T23:17:30.965+0000] {logging_mixin.py:188} INFO - [2024-02-14T23:17:30.965+0000] {dag.py:3823} INFO - Setting next_dagrun for example_xcom to 2021-01-01 00:00:00+00:00, run_after=2021-01-01 00:00:00+00:00
[2024-02-14T23:17:30.987+0000] {processor.py:183} INFO - Processing /home/ubuntu/reddit_venv/lib/python3.10/site-packages/airflow/example_dags/example_xcom.py took 0.071 seconds
[2024-02-14T23:18:11.114+0000] {processor.py:161} INFO - Started process (PID=4636) to work on /home/ubuntu/reddit_venv/lib/python3.10/site-packages/airflow/example_dags/example_xcom.py
[2024-02-14T23:18:11.115+0000] {processor.py:830} INFO - Processing file /home/ubuntu/reddit_venv/lib/python3.10/site-packages/airflow/example_dags/example_xcom.py for tasks to queue
[2024-02-14T23:18:11.116+0000] {logging_mixin.py:188} INFO - [2024-02-14T23:18:11.115+0000] {dagbag.py:538} INFO - Filling up the DagBag from /home/ubuntu/reddit_venv/lib/python3.10/site-packages/airflow/example_dags/example_xcom.py
[2024-02-14T23:18:11.124+0000] {processor.py:840} INFO - DAG(s) 'example_xcom' retrieved from /home/ubuntu/reddit_venv/lib/python3.10/site-packages/airflow/example_dags/example_xcom.py
[2024-02-14T23:18:11.141+0000] {logging_mixin.py:188} INFO - [2024-02-14T23:18:11.141+0000] {dag.py:3036} INFO - Sync 1 DAGs
[2024-02-14T23:18:11.160+0000] {logging_mixin.py:188} INFO - [2024-02-14T23:18:11.160+0000] {dag.py:3823} INFO - Setting next_dagrun for example_xcom to 2021-01-01 00:00:00+00:00, run_after=2021-01-01 00:00:00+00:00
[2024-02-14T23:18:11.182+0000] {processor.py:183} INFO - Processing /home/ubuntu/reddit_venv/lib/python3.10/site-packages/airflow/example_dags/example_xcom.py took 0.072 seconds
[2024-02-14T23:18:52.105+0000] {processor.py:161} INFO - Started process (PID=5167) to work on /home/ubuntu/reddit_venv/lib/python3.10/site-packages/airflow/example_dags/example_xcom.py
[2024-02-14T23:18:52.106+0000] {processor.py:830} INFO - Processing file /home/ubuntu/reddit_venv/lib/python3.10/site-packages/airflow/example_dags/example_xcom.py for tasks to queue
[2024-02-14T23:18:52.107+0000] {logging_mixin.py:188} INFO - [2024-02-14T23:18:52.107+0000] {dagbag.py:538} INFO - Filling up the DagBag from /home/ubuntu/reddit_venv/lib/python3.10/site-packages/airflow/example_dags/example_xcom.py
[2024-02-14T23:18:52.115+0000] {processor.py:840} INFO - DAG(s) 'example_xcom' retrieved from /home/ubuntu/reddit_venv/lib/python3.10/site-packages/airflow/example_dags/example_xcom.py
[2024-02-14T23:18:52.132+0000] {logging_mixin.py:188} INFO - [2024-02-14T23:18:52.131+0000] {dag.py:3036} INFO - Sync 1 DAGs
[2024-02-14T23:18:52.151+0000] {logging_mixin.py:188} INFO - [2024-02-14T23:18:52.151+0000] {dag.py:3823} INFO - Setting next_dagrun for example_xcom to 2021-01-01 00:00:00+00:00, run_after=2021-01-01 00:00:00+00:00
[2024-02-14T23:18:52.172+0000] {processor.py:183} INFO - Processing /home/ubuntu/reddit_venv/lib/python3.10/site-packages/airflow/example_dags/example_xcom.py took 0.071 seconds
[2024-02-14T23:19:32.801+0000] {processor.py:161} INFO - Started process (PID=5576) to work on /home/ubuntu/reddit_venv/lib/python3.10/site-packages/airflow/example_dags/example_xcom.py
[2024-02-14T23:19:32.803+0000] {processor.py:830} INFO - Processing file /home/ubuntu/reddit_venv/lib/python3.10/site-packages/airflow/example_dags/example_xcom.py for tasks to queue
[2024-02-14T23:19:32.804+0000] {logging_mixin.py:188} INFO - [2024-02-14T23:19:32.803+0000] {dagbag.py:538} INFO - Filling up the DagBag from /home/ubuntu/reddit_venv/lib/python3.10/site-packages/airflow/example_dags/example_xcom.py
[2024-02-14T23:19:32.812+0000] {processor.py:840} INFO - DAG(s) 'example_xcom' retrieved from /home/ubuntu/reddit_venv/lib/python3.10/site-packages/airflow/example_dags/example_xcom.py
[2024-02-14T23:19:32.829+0000] {logging_mixin.py:188} INFO - [2024-02-14T23:19:32.829+0000] {dag.py:3036} INFO - Sync 1 DAGs
[2024-02-14T23:19:32.849+0000] {logging_mixin.py:188} INFO - [2024-02-14T23:19:32.848+0000] {dag.py:3823} INFO - Setting next_dagrun for example_xcom to 2021-01-01 00:00:00+00:00, run_after=2021-01-01 00:00:00+00:00
[2024-02-14T23:19:32.871+0000] {processor.py:183} INFO - Processing /home/ubuntu/reddit_venv/lib/python3.10/site-packages/airflow/example_dags/example_xcom.py took 0.072 seconds
[2024-02-14T23:20:09.509+0000] {processor.py:161} INFO - Started process (PID=5618) to work on /home/ubuntu/reddit_venv/lib/python3.10/site-packages/airflow/example_dags/example_xcom.py
[2024-02-14T23:20:09.510+0000] {processor.py:830} INFO - Processing file /home/ubuntu/reddit_venv/lib/python3.10/site-packages/airflow/example_dags/example_xcom.py for tasks to queue
[2024-02-14T23:20:09.511+0000] {logging_mixin.py:188} INFO - [2024-02-14T23:20:09.511+0000] {dagbag.py:538} INFO - Filling up the DagBag from /home/ubuntu/reddit_venv/lib/python3.10/site-packages/airflow/example_dags/example_xcom.py
[2024-02-14T23:20:09.519+0000] {processor.py:840} INFO - DAG(s) 'example_xcom' retrieved from /home/ubuntu/reddit_venv/lib/python3.10/site-packages/airflow/example_dags/example_xcom.py
[2024-02-14T23:20:09.536+0000] {logging_mixin.py:188} INFO - [2024-02-14T23:20:09.536+0000] {dag.py:3036} INFO - Sync 1 DAGs
[2024-02-14T23:20:09.556+0000] {logging_mixin.py:188} INFO - [2024-02-14T23:20:09.556+0000] {dag.py:3823} INFO - Setting next_dagrun for example_xcom to 2021-01-01 00:00:00+00:00, run_after=2021-01-01 00:00:00+00:00
[2024-02-14T23:20:09.577+0000] {processor.py:183} INFO - Processing /home/ubuntu/reddit_venv/lib/python3.10/site-packages/airflow/example_dags/example_xcom.py took 0.072 seconds
[2024-02-14T23:20:47.631+0000] {processor.py:161} INFO - Started process (PID=5723) to work on /home/ubuntu/reddit_venv/lib/python3.10/site-packages/airflow/example_dags/example_xcom.py
[2024-02-14T23:20:47.633+0000] {processor.py:830} INFO - Processing file /home/ubuntu/reddit_venv/lib/python3.10/site-packages/airflow/example_dags/example_xcom.py for tasks to queue
[2024-02-14T23:20:47.634+0000] {logging_mixin.py:188} INFO - [2024-02-14T23:20:47.633+0000] {dagbag.py:538} INFO - Filling up the DagBag from /home/ubuntu/reddit_venv/lib/python3.10/site-packages/airflow/example_dags/example_xcom.py
[2024-02-14T23:20:47.642+0000] {processor.py:840} INFO - DAG(s) 'example_xcom' retrieved from /home/ubuntu/reddit_venv/lib/python3.10/site-packages/airflow/example_dags/example_xcom.py
[2024-02-14T23:20:47.659+0000] {logging_mixin.py:188} INFO - [2024-02-14T23:20:47.659+0000] {dag.py:3036} INFO - Sync 1 DAGs
[2024-02-14T23:20:47.679+0000] {logging_mixin.py:188} INFO - [2024-02-14T23:20:47.679+0000] {dag.py:3823} INFO - Setting next_dagrun for example_xcom to 2021-01-01 00:00:00+00:00, run_after=2021-01-01 00:00:00+00:00
[2024-02-14T23:20:47.701+0000] {processor.py:183} INFO - Processing /home/ubuntu/reddit_venv/lib/python3.10/site-packages/airflow/example_dags/example_xcom.py took 0.073 seconds
[2024-02-14T23:21:25.548+0000] {processor.py:161} INFO - Started process (PID=5790) to work on /home/ubuntu/reddit_venv/lib/python3.10/site-packages/airflow/example_dags/example_xcom.py
[2024-02-14T23:21:25.549+0000] {processor.py:830} INFO - Processing file /home/ubuntu/reddit_venv/lib/python3.10/site-packages/airflow/example_dags/example_xcom.py for tasks to queue
[2024-02-14T23:21:25.550+0000] {logging_mixin.py:188} INFO - [2024-02-14T23:21:25.550+0000] {dagbag.py:538} INFO - Filling up the DagBag from /home/ubuntu/reddit_venv/lib/python3.10/site-packages/airflow/example_dags/example_xcom.py
[2024-02-14T23:21:25.558+0000] {processor.py:840} INFO - DAG(s) 'example_xcom' retrieved from /home/ubuntu/reddit_venv/lib/python3.10/site-packages/airflow/example_dags/example_xcom.py
[2024-02-14T23:21:25.575+0000] {logging_mixin.py:188} INFO - [2024-02-14T23:21:25.575+0000] {dag.py:3036} INFO - Sync 1 DAGs
[2024-02-14T23:21:25.594+0000] {logging_mixin.py:188} INFO - [2024-02-14T23:21:25.594+0000] {dag.py:3823} INFO - Setting next_dagrun for example_xcom to 2021-01-01 00:00:00+00:00, run_after=2021-01-01 00:00:00+00:00
[2024-02-14T23:21:25.616+0000] {processor.py:183} INFO - Processing /home/ubuntu/reddit_venv/lib/python3.10/site-packages/airflow/example_dags/example_xcom.py took 0.072 seconds
[2024-02-14T23:22:09.086+0000] {processor.py:161} INFO - Started process (PID=5996) to work on /home/ubuntu/reddit_venv/lib/python3.10/site-packages/airflow/example_dags/example_xcom.py
[2024-02-14T23:22:09.088+0000] {processor.py:830} INFO - Processing file /home/ubuntu/reddit_venv/lib/python3.10/site-packages/airflow/example_dags/example_xcom.py for tasks to queue
[2024-02-14T23:22:09.089+0000] {logging_mixin.py:188} INFO - [2024-02-14T23:22:09.089+0000] {dagbag.py:538} INFO - Filling up the DagBag from /home/ubuntu/reddit_venv/lib/python3.10/site-packages/airflow/example_dags/example_xcom.py
[2024-02-14T23:22:09.098+0000] {processor.py:840} INFO - DAG(s) 'example_xcom' retrieved from /home/ubuntu/reddit_venv/lib/python3.10/site-packages/airflow/example_dags/example_xcom.py
[2024-02-14T23:22:09.115+0000] {logging_mixin.py:188} INFO - [2024-02-14T23:22:09.114+0000] {dag.py:3036} INFO - Sync 1 DAGs
[2024-02-14T23:22:09.134+0000] {logging_mixin.py:188} INFO - [2024-02-14T23:22:09.134+0000] {dag.py:3823} INFO - Setting next_dagrun for example_xcom to 2021-01-01 00:00:00+00:00, run_after=2021-01-01 00:00:00+00:00
[2024-02-14T23:22:09.156+0000] {processor.py:183} INFO - Processing /home/ubuntu/reddit_venv/lib/python3.10/site-packages/airflow/example_dags/example_xcom.py took 0.073 seconds
[2024-02-14T23:22:50.741+0000] {processor.py:161} INFO - Started process (PID=6105) to work on /home/ubuntu/reddit_venv/lib/python3.10/site-packages/airflow/example_dags/example_xcom.py
[2024-02-14T23:22:50.743+0000] {processor.py:830} INFO - Processing file /home/ubuntu/reddit_venv/lib/python3.10/site-packages/airflow/example_dags/example_xcom.py for tasks to queue
[2024-02-14T23:22:50.744+0000] {logging_mixin.py:188} INFO - [2024-02-14T23:22:50.743+0000] {dagbag.py:538} INFO - Filling up the DagBag from /home/ubuntu/reddit_venv/lib/python3.10/site-packages/airflow/example_dags/example_xcom.py
[2024-02-14T23:22:50.752+0000] {processor.py:840} INFO - DAG(s) 'example_xcom' retrieved from /home/ubuntu/reddit_venv/lib/python3.10/site-packages/airflow/example_dags/example_xcom.py
[2024-02-14T23:22:50.769+0000] {logging_mixin.py:188} INFO - [2024-02-14T23:22:50.769+0000] {dag.py:3036} INFO - Sync 1 DAGs
[2024-02-14T23:22:50.791+0000] {logging_mixin.py:188} INFO - [2024-02-14T23:22:50.790+0000] {dag.py:3823} INFO - Setting next_dagrun for example_xcom to 2021-01-01 00:00:00+00:00, run_after=2021-01-01 00:00:00+00:00
[2024-02-14T23:22:50.813+0000] {processor.py:183} INFO - Processing /home/ubuntu/reddit_venv/lib/python3.10/site-packages/airflow/example_dags/example_xcom.py took 0.075 seconds
[2024-02-14T23:23:28.764+0000] {processor.py:161} INFO - Started process (PID=6214) to work on /home/ubuntu/reddit_venv/lib/python3.10/site-packages/airflow/example_dags/example_xcom.py
[2024-02-14T23:23:28.765+0000] {processor.py:830} INFO - Processing file /home/ubuntu/reddit_venv/lib/python3.10/site-packages/airflow/example_dags/example_xcom.py for tasks to queue
[2024-02-14T23:23:28.766+0000] {logging_mixin.py:188} INFO - [2024-02-14T23:23:28.766+0000] {dagbag.py:538} INFO - Filling up the DagBag from /home/ubuntu/reddit_venv/lib/python3.10/site-packages/airflow/example_dags/example_xcom.py
[2024-02-14T23:23:28.774+0000] {processor.py:840} INFO - DAG(s) 'example_xcom' retrieved from /home/ubuntu/reddit_venv/lib/python3.10/site-packages/airflow/example_dags/example_xcom.py
[2024-02-14T23:23:28.791+0000] {logging_mixin.py:188} INFO - [2024-02-14T23:23:28.790+0000] {dag.py:3036} INFO - Sync 1 DAGs
[2024-02-14T23:23:28.810+0000] {logging_mixin.py:188} INFO - [2024-02-14T23:23:28.810+0000] {dag.py:3823} INFO - Setting next_dagrun for example_xcom to 2021-01-01 00:00:00+00:00, run_after=2021-01-01 00:00:00+00:00
[2024-02-14T23:23:28.832+0000] {processor.py:183} INFO - Processing /home/ubuntu/reddit_venv/lib/python3.10/site-packages/airflow/example_dags/example_xcom.py took 0.072 seconds
[2024-02-14T23:24:07.468+0000] {processor.py:161} INFO - Started process (PID=6258) to work on /home/ubuntu/reddit_venv/lib/python3.10/site-packages/airflow/example_dags/example_xcom.py
[2024-02-14T23:24:07.469+0000] {processor.py:830} INFO - Processing file /home/ubuntu/reddit_venv/lib/python3.10/site-packages/airflow/example_dags/example_xcom.py for tasks to queue
[2024-02-14T23:24:07.470+0000] {logging_mixin.py:188} INFO - [2024-02-14T23:24:07.470+0000] {dagbag.py:538} INFO - Filling up the DagBag from /home/ubuntu/reddit_venv/lib/python3.10/site-packages/airflow/example_dags/example_xcom.py
[2024-02-14T23:24:07.479+0000] {processor.py:840} INFO - DAG(s) 'example_xcom' retrieved from /home/ubuntu/reddit_venv/lib/python3.10/site-packages/airflow/example_dags/example_xcom.py
[2024-02-14T23:24:07.495+0000] {logging_mixin.py:188} INFO - [2024-02-14T23:24:07.495+0000] {dag.py:3036} INFO - Sync 1 DAGs
[2024-02-14T23:24:07.515+0000] {logging_mixin.py:188} INFO - [2024-02-14T23:24:07.515+0000] {dag.py:3823} INFO - Setting next_dagrun for example_xcom to 2021-01-01 00:00:00+00:00, run_after=2021-01-01 00:00:00+00:00
[2024-02-14T23:24:07.537+0000] {processor.py:183} INFO - Processing /home/ubuntu/reddit_venv/lib/python3.10/site-packages/airflow/example_dags/example_xcom.py took 0.073 seconds
[2024-02-14T23:24:45.508+0000] {processor.py:161} INFO - Started process (PID=6423) to work on /home/ubuntu/reddit_venv/lib/python3.10/site-packages/airflow/example_dags/example_xcom.py
[2024-02-14T23:24:45.510+0000] {processor.py:830} INFO - Processing file /home/ubuntu/reddit_venv/lib/python3.10/site-packages/airflow/example_dags/example_xcom.py for tasks to queue
[2024-02-14T23:24:45.511+0000] {logging_mixin.py:188} INFO - [2024-02-14T23:24:45.511+0000] {dagbag.py:538} INFO - Filling up the DagBag from /home/ubuntu/reddit_venv/lib/python3.10/site-packages/airflow/example_dags/example_xcom.py
[2024-02-14T23:24:45.520+0000] {processor.py:840} INFO - DAG(s) 'example_xcom' retrieved from /home/ubuntu/reddit_venv/lib/python3.10/site-packages/airflow/example_dags/example_xcom.py
[2024-02-14T23:24:45.537+0000] {logging_mixin.py:188} INFO - [2024-02-14T23:24:45.536+0000] {dag.py:3036} INFO - Sync 1 DAGs
[2024-02-14T23:24:45.557+0000] {logging_mixin.py:188} INFO - [2024-02-14T23:24:45.557+0000] {dag.py:3823} INFO - Setting next_dagrun for example_xcom to 2021-01-01 00:00:00+00:00, run_after=2021-01-01 00:00:00+00:00
[2024-02-14T23:24:45.580+0000] {processor.py:183} INFO - Processing /home/ubuntu/reddit_venv/lib/python3.10/site-packages/airflow/example_dags/example_xcom.py took 0.075 seconds
[2024-02-14T23:25:23.846+0000] {processor.py:161} INFO - Started process (PID=6468) to work on /home/ubuntu/reddit_venv/lib/python3.10/site-packages/airflow/example_dags/example_xcom.py
[2024-02-14T23:25:23.848+0000] {processor.py:830} INFO - Processing file /home/ubuntu/reddit_venv/lib/python3.10/site-packages/airflow/example_dags/example_xcom.py for tasks to queue
[2024-02-14T23:25:23.848+0000] {logging_mixin.py:188} INFO - [2024-02-14T23:25:23.848+0000] {dagbag.py:538} INFO - Filling up the DagBag from /home/ubuntu/reddit_venv/lib/python3.10/site-packages/airflow/example_dags/example_xcom.py
[2024-02-14T23:25:23.857+0000] {processor.py:840} INFO - DAG(s) 'example_xcom' retrieved from /home/ubuntu/reddit_venv/lib/python3.10/site-packages/airflow/example_dags/example_xcom.py
[2024-02-14T23:25:23.874+0000] {logging_mixin.py:188} INFO - [2024-02-14T23:25:23.874+0000] {dag.py:3036} INFO - Sync 1 DAGs
[2024-02-14T23:25:23.894+0000] {logging_mixin.py:188} INFO - [2024-02-14T23:25:23.893+0000] {dag.py:3823} INFO - Setting next_dagrun for example_xcom to 2021-01-01 00:00:00+00:00, run_after=2021-01-01 00:00:00+00:00
[2024-02-14T23:25:23.915+0000] {processor.py:183} INFO - Processing /home/ubuntu/reddit_venv/lib/python3.10/site-packages/airflow/example_dags/example_xcom.py took 0.073 seconds
[2024-02-14T23:26:00.456+0000] {processor.py:161} INFO - Started process (PID=6568) to work on /home/ubuntu/reddit_venv/lib/python3.10/site-packages/airflow/example_dags/example_xcom.py
[2024-02-14T23:26:00.457+0000] {processor.py:830} INFO - Processing file /home/ubuntu/reddit_venv/lib/python3.10/site-packages/airflow/example_dags/example_xcom.py for tasks to queue
[2024-02-14T23:26:00.458+0000] {logging_mixin.py:188} INFO - [2024-02-14T23:26:00.458+0000] {dagbag.py:538} INFO - Filling up the DagBag from /home/ubuntu/reddit_venv/lib/python3.10/site-packages/airflow/example_dags/example_xcom.py
[2024-02-14T23:26:00.467+0000] {processor.py:840} INFO - DAG(s) 'example_xcom' retrieved from /home/ubuntu/reddit_venv/lib/python3.10/site-packages/airflow/example_dags/example_xcom.py
[2024-02-14T23:26:00.483+0000] {logging_mixin.py:188} INFO - [2024-02-14T23:26:00.483+0000] {dag.py:3036} INFO - Sync 1 DAGs
[2024-02-14T23:26:00.503+0000] {logging_mixin.py:188} INFO - [2024-02-14T23:26:00.503+0000] {dag.py:3823} INFO - Setting next_dagrun for example_xcom to 2021-01-01 00:00:00+00:00, run_after=2021-01-01 00:00:00+00:00
[2024-02-14T23:26:00.524+0000] {processor.py:183} INFO - Processing /home/ubuntu/reddit_venv/lib/python3.10/site-packages/airflow/example_dags/example_xcom.py took 0.072 seconds
[2024-02-14T23:26:46.020+0000] {processor.py:161} INFO - Started process (PID=6764) to work on /home/ubuntu/reddit_venv/lib/python3.10/site-packages/airflow/example_dags/example_xcom.py
[2024-02-14T23:26:46.022+0000] {processor.py:830} INFO - Processing file /home/ubuntu/reddit_venv/lib/python3.10/site-packages/airflow/example_dags/example_xcom.py for tasks to queue
[2024-02-14T23:26:46.023+0000] {logging_mixin.py:188} INFO - [2024-02-14T23:26:46.023+0000] {dagbag.py:538} INFO - Filling up the DagBag from /home/ubuntu/reddit_venv/lib/python3.10/site-packages/airflow/example_dags/example_xcom.py
[2024-02-14T23:26:46.032+0000] {processor.py:840} INFO - DAG(s) 'example_xcom' retrieved from /home/ubuntu/reddit_venv/lib/python3.10/site-packages/airflow/example_dags/example_xcom.py
[2024-02-14T23:26:46.049+0000] {logging_mixin.py:188} INFO - [2024-02-14T23:26:46.049+0000] {dag.py:3036} INFO - Sync 1 DAGs
[2024-02-14T23:26:46.070+0000] {logging_mixin.py:188} INFO - [2024-02-14T23:26:46.069+0000] {dag.py:3823} INFO - Setting next_dagrun for example_xcom to 2021-01-01 00:00:00+00:00, run_after=2021-01-01 00:00:00+00:00
[2024-02-14T23:26:46.093+0000] {processor.py:183} INFO - Processing /home/ubuntu/reddit_venv/lib/python3.10/site-packages/airflow/example_dags/example_xcom.py took 0.076 seconds
[2024-02-14T23:27:30.930+0000] {processor.py:161} INFO - Started process (PID=6911) to work on /home/ubuntu/reddit_venv/lib/python3.10/site-packages/airflow/example_dags/example_xcom.py
[2024-02-14T23:27:30.931+0000] {processor.py:830} INFO - Processing file /home/ubuntu/reddit_venv/lib/python3.10/site-packages/airflow/example_dags/example_xcom.py for tasks to queue
[2024-02-14T23:27:30.932+0000] {logging_mixin.py:188} INFO - [2024-02-14T23:27:30.932+0000] {dagbag.py:538} INFO - Filling up the DagBag from /home/ubuntu/reddit_venv/lib/python3.10/site-packages/airflow/example_dags/example_xcom.py
[2024-02-14T23:27:30.941+0000] {processor.py:840} INFO - DAG(s) 'example_xcom' retrieved from /home/ubuntu/reddit_venv/lib/python3.10/site-packages/airflow/example_dags/example_xcom.py
[2024-02-14T23:27:30.958+0000] {logging_mixin.py:188} INFO - [2024-02-14T23:27:30.958+0000] {dag.py:3036} INFO - Sync 1 DAGs
[2024-02-14T23:27:30.978+0000] {logging_mixin.py:188} INFO - [2024-02-14T23:27:30.978+0000] {dag.py:3823} INFO - Setting next_dagrun for example_xcom to 2021-01-01 00:00:00+00:00, run_after=2021-01-01 00:00:00+00:00
[2024-02-14T23:27:31.001+0000] {processor.py:183} INFO - Processing /home/ubuntu/reddit_venv/lib/python3.10/site-packages/airflow/example_dags/example_xcom.py took 0.075 seconds
[2024-02-14T23:28:10.851+0000] {processor.py:161} INFO - Started process (PID=6956) to work on /home/ubuntu/reddit_venv/lib/python3.10/site-packages/airflow/example_dags/example_xcom.py
[2024-02-14T23:28:10.853+0000] {processor.py:830} INFO - Processing file /home/ubuntu/reddit_venv/lib/python3.10/site-packages/airflow/example_dags/example_xcom.py for tasks to queue
[2024-02-14T23:28:10.854+0000] {logging_mixin.py:188} INFO - [2024-02-14T23:28:10.853+0000] {dagbag.py:538} INFO - Filling up the DagBag from /home/ubuntu/reddit_venv/lib/python3.10/site-packages/airflow/example_dags/example_xcom.py
[2024-02-14T23:28:10.862+0000] {processor.py:840} INFO - DAG(s) 'example_xcom' retrieved from /home/ubuntu/reddit_venv/lib/python3.10/site-packages/airflow/example_dags/example_xcom.py
[2024-02-14T23:28:10.879+0000] {logging_mixin.py:188} INFO - [2024-02-14T23:28:10.878+0000] {dag.py:3036} INFO - Sync 1 DAGs
[2024-02-14T23:28:10.898+0000] {logging_mixin.py:188} INFO - [2024-02-14T23:28:10.898+0000] {dag.py:3823} INFO - Setting next_dagrun for example_xcom to 2021-01-01 00:00:00+00:00, run_after=2021-01-01 00:00:00+00:00
[2024-02-14T23:28:10.923+0000] {processor.py:183} INFO - Processing /home/ubuntu/reddit_venv/lib/python3.10/site-packages/airflow/example_dags/example_xcom.py took 0.075 seconds
[2024-02-14T23:28:50.333+0000] {processor.py:161} INFO - Started process (PID=7062) to work on /home/ubuntu/reddit_venv/lib/python3.10/site-packages/airflow/example_dags/example_xcom.py
[2024-02-14T23:28:50.335+0000] {processor.py:830} INFO - Processing file /home/ubuntu/reddit_venv/lib/python3.10/site-packages/airflow/example_dags/example_xcom.py for tasks to queue
[2024-02-14T23:28:50.336+0000] {logging_mixin.py:188} INFO - [2024-02-14T23:28:50.335+0000] {dagbag.py:538} INFO - Filling up the DagBag from /home/ubuntu/reddit_venv/lib/python3.10/site-packages/airflow/example_dags/example_xcom.py
[2024-02-14T23:28:50.344+0000] {processor.py:840} INFO - DAG(s) 'example_xcom' retrieved from /home/ubuntu/reddit_venv/lib/python3.10/site-packages/airflow/example_dags/example_xcom.py
[2024-02-14T23:28:50.361+0000] {logging_mixin.py:188} INFO - [2024-02-14T23:28:50.361+0000] {dag.py:3036} INFO - Sync 1 DAGs
[2024-02-14T23:28:50.381+0000] {logging_mixin.py:188} INFO - [2024-02-14T23:28:50.381+0000] {dag.py:3823} INFO - Setting next_dagrun for example_xcom to 2021-01-01 00:00:00+00:00, run_after=2021-01-01 00:00:00+00:00
[2024-02-14T23:28:50.404+0000] {processor.py:183} INFO - Processing /home/ubuntu/reddit_venv/lib/python3.10/site-packages/airflow/example_dags/example_xcom.py took 0.075 seconds
[2024-02-14T23:29:28.115+0000] {processor.py:161} INFO - Started process (PID=7167) to work on /home/ubuntu/reddit_venv/lib/python3.10/site-packages/airflow/example_dags/example_xcom.py
[2024-02-14T23:29:28.117+0000] {processor.py:830} INFO - Processing file /home/ubuntu/reddit_venv/lib/python3.10/site-packages/airflow/example_dags/example_xcom.py for tasks to queue
[2024-02-14T23:29:28.118+0000] {logging_mixin.py:188} INFO - [2024-02-14T23:29:28.118+0000] {dagbag.py:538} INFO - Filling up the DagBag from /home/ubuntu/reddit_venv/lib/python3.10/site-packages/airflow/example_dags/example_xcom.py
[2024-02-14T23:29:28.127+0000] {processor.py:840} INFO - DAG(s) 'example_xcom' retrieved from /home/ubuntu/reddit_venv/lib/python3.10/site-packages/airflow/example_dags/example_xcom.py
[2024-02-14T23:29:28.144+0000] {logging_mixin.py:188} INFO - [2024-02-14T23:29:28.144+0000] {dag.py:3036} INFO - Sync 1 DAGs
[2024-02-14T23:29:28.164+0000] {logging_mixin.py:188} INFO - [2024-02-14T23:29:28.163+0000] {dag.py:3823} INFO - Setting next_dagrun for example_xcom to 2021-01-01 00:00:00+00:00, run_after=2021-01-01 00:00:00+00:00
[2024-02-14T23:29:28.187+0000] {processor.py:183} INFO - Processing /home/ubuntu/reddit_venv/lib/python3.10/site-packages/airflow/example_dags/example_xcom.py took 0.075 seconds
[2024-02-14T23:30:04.311+0000] {processor.py:161} INFO - Started process (PID=7269) to work on /home/ubuntu/reddit_venv/lib/python3.10/site-packages/airflow/example_dags/example_xcom.py
[2024-02-14T23:30:04.312+0000] {processor.py:830} INFO - Processing file /home/ubuntu/reddit_venv/lib/python3.10/site-packages/airflow/example_dags/example_xcom.py for tasks to queue
[2024-02-14T23:30:04.313+0000] {logging_mixin.py:188} INFO - [2024-02-14T23:30:04.313+0000] {dagbag.py:538} INFO - Filling up the DagBag from /home/ubuntu/reddit_venv/lib/python3.10/site-packages/airflow/example_dags/example_xcom.py
[2024-02-14T23:30:04.321+0000] {processor.py:840} INFO - DAG(s) 'example_xcom' retrieved from /home/ubuntu/reddit_venv/lib/python3.10/site-packages/airflow/example_dags/example_xcom.py
[2024-02-14T23:30:04.338+0000] {logging_mixin.py:188} INFO - [2024-02-14T23:30:04.338+0000] {dag.py:3036} INFO - Sync 1 DAGs
[2024-02-14T23:30:04.358+0000] {logging_mixin.py:188} INFO - [2024-02-14T23:30:04.358+0000] {dag.py:3823} INFO - Setting next_dagrun for example_xcom to 2021-01-01 00:00:00+00:00, run_after=2021-01-01 00:00:00+00:00
[2024-02-14T23:30:04.380+0000] {processor.py:183} INFO - Processing /home/ubuntu/reddit_venv/lib/python3.10/site-packages/airflow/example_dags/example_xcom.py took 0.073 seconds
[2024-02-14T23:30:42.541+0000] {processor.py:161} INFO - Started process (PID=7373) to work on /home/ubuntu/reddit_venv/lib/python3.10/site-packages/airflow/example_dags/example_xcom.py
[2024-02-14T23:30:42.543+0000] {processor.py:830} INFO - Processing file /home/ubuntu/reddit_venv/lib/python3.10/site-packages/airflow/example_dags/example_xcom.py for tasks to queue
[2024-02-14T23:30:42.544+0000] {logging_mixin.py:188} INFO - [2024-02-14T23:30:42.543+0000] {dagbag.py:538} INFO - Filling up the DagBag from /home/ubuntu/reddit_venv/lib/python3.10/site-packages/airflow/example_dags/example_xcom.py
[2024-02-14T23:30:42.553+0000] {processor.py:840} INFO - DAG(s) 'example_xcom' retrieved from /home/ubuntu/reddit_venv/lib/python3.10/site-packages/airflow/example_dags/example_xcom.py
[2024-02-14T23:30:42.570+0000] {logging_mixin.py:188} INFO - [2024-02-14T23:30:42.570+0000] {dag.py:3036} INFO - Sync 1 DAGs
[2024-02-14T23:30:42.590+0000] {logging_mixin.py:188} INFO - [2024-02-14T23:30:42.590+0000] {dag.py:3823} INFO - Setting next_dagrun for example_xcom to 2021-01-01 00:00:00+00:00, run_after=2021-01-01 00:00:00+00:00
[2024-02-14T23:30:42.614+0000] {processor.py:183} INFO - Processing /home/ubuntu/reddit_venv/lib/python3.10/site-packages/airflow/example_dags/example_xcom.py took 0.076 seconds
[2024-02-14T23:31:19.664+0000] {processor.py:161} INFO - Started process (PID=7413) to work on /home/ubuntu/reddit_venv/lib/python3.10/site-packages/airflow/example_dags/example_xcom.py
[2024-02-14T23:31:19.666+0000] {processor.py:830} INFO - Processing file /home/ubuntu/reddit_venv/lib/python3.10/site-packages/airflow/example_dags/example_xcom.py for tasks to queue
[2024-02-14T23:31:19.666+0000] {logging_mixin.py:188} INFO - [2024-02-14T23:31:19.666+0000] {dagbag.py:538} INFO - Filling up the DagBag from /home/ubuntu/reddit_venv/lib/python3.10/site-packages/airflow/example_dags/example_xcom.py
[2024-02-14T23:31:19.675+0000] {processor.py:840} INFO - DAG(s) 'example_xcom' retrieved from /home/ubuntu/reddit_venv/lib/python3.10/site-packages/airflow/example_dags/example_xcom.py
[2024-02-14T23:31:19.692+0000] {logging_mixin.py:188} INFO - [2024-02-14T23:31:19.692+0000] {dag.py:3036} INFO - Sync 1 DAGs
[2024-02-14T23:31:19.712+0000] {logging_mixin.py:188} INFO - [2024-02-14T23:31:19.712+0000] {dag.py:3823} INFO - Setting next_dagrun for example_xcom to 2021-01-01 00:00:00+00:00, run_after=2021-01-01 00:00:00+00:00
[2024-02-14T23:31:19.734+0000] {processor.py:183} INFO - Processing /home/ubuntu/reddit_venv/lib/python3.10/site-packages/airflow/example_dags/example_xcom.py took 0.073 seconds
[2024-02-14T23:31:58.577+0000] {processor.py:161} INFO - Started process (PID=7517) to work on /home/ubuntu/reddit_venv/lib/python3.10/site-packages/airflow/example_dags/example_xcom.py
[2024-02-14T23:31:58.578+0000] {processor.py:830} INFO - Processing file /home/ubuntu/reddit_venv/lib/python3.10/site-packages/airflow/example_dags/example_xcom.py for tasks to queue
[2024-02-14T23:31:58.579+0000] {logging_mixin.py:188} INFO - [2024-02-14T23:31:58.579+0000] {dagbag.py:538} INFO - Filling up the DagBag from /home/ubuntu/reddit_venv/lib/python3.10/site-packages/airflow/example_dags/example_xcom.py
[2024-02-14T23:31:58.587+0000] {processor.py:840} INFO - DAG(s) 'example_xcom' retrieved from /home/ubuntu/reddit_venv/lib/python3.10/site-packages/airflow/example_dags/example_xcom.py
[2024-02-14T23:31:58.604+0000] {logging_mixin.py:188} INFO - [2024-02-14T23:31:58.604+0000] {dag.py:3036} INFO - Sync 1 DAGs
[2024-02-14T23:31:58.623+0000] {logging_mixin.py:188} INFO - [2024-02-14T23:31:58.623+0000] {dag.py:3823} INFO - Setting next_dagrun for example_xcom to 2021-01-01 00:00:00+00:00, run_after=2021-01-01 00:00:00+00:00
[2024-02-14T23:31:58.646+0000] {processor.py:183} INFO - Processing /home/ubuntu/reddit_venv/lib/python3.10/site-packages/airflow/example_dags/example_xcom.py took 0.072 seconds
[2024-02-14T23:32:37.797+0000] {processor.py:161} INFO - Started process (PID=7622) to work on /home/ubuntu/reddit_venv/lib/python3.10/site-packages/airflow/example_dags/example_xcom.py
[2024-02-14T23:32:37.799+0000] {processor.py:830} INFO - Processing file /home/ubuntu/reddit_venv/lib/python3.10/site-packages/airflow/example_dags/example_xcom.py for tasks to queue
[2024-02-14T23:32:37.800+0000] {logging_mixin.py:188} INFO - [2024-02-14T23:32:37.800+0000] {dagbag.py:538} INFO - Filling up the DagBag from /home/ubuntu/reddit_venv/lib/python3.10/site-packages/airflow/example_dags/example_xcom.py
[2024-02-14T23:32:37.809+0000] {processor.py:840} INFO - DAG(s) 'example_xcom' retrieved from /home/ubuntu/reddit_venv/lib/python3.10/site-packages/airflow/example_dags/example_xcom.py
[2024-02-14T23:32:37.826+0000] {logging_mixin.py:188} INFO - [2024-02-14T23:32:37.826+0000] {dag.py:3036} INFO - Sync 1 DAGs
[2024-02-14T23:32:37.847+0000] {logging_mixin.py:188} INFO - [2024-02-14T23:32:37.846+0000] {dag.py:3823} INFO - Setting next_dagrun for example_xcom to 2021-01-01 00:00:00+00:00, run_after=2021-01-01 00:00:00+00:00
[2024-02-14T23:32:37.869+0000] {processor.py:183} INFO - Processing /home/ubuntu/reddit_venv/lib/python3.10/site-packages/airflow/example_dags/example_xcom.py took 0.075 seconds
[2024-02-14T23:33:16.359+0000] {processor.py:161} INFO - Started process (PID=7728) to work on /home/ubuntu/reddit_venv/lib/python3.10/site-packages/airflow/example_dags/example_xcom.py
[2024-02-14T23:33:16.360+0000] {processor.py:830} INFO - Processing file /home/ubuntu/reddit_venv/lib/python3.10/site-packages/airflow/example_dags/example_xcom.py for tasks to queue
[2024-02-14T23:33:16.361+0000] {logging_mixin.py:188} INFO - [2024-02-14T23:33:16.361+0000] {dagbag.py:538} INFO - Filling up the DagBag from /home/ubuntu/reddit_venv/lib/python3.10/site-packages/airflow/example_dags/example_xcom.py
[2024-02-14T23:33:16.370+0000] {processor.py:840} INFO - DAG(s) 'example_xcom' retrieved from /home/ubuntu/reddit_venv/lib/python3.10/site-packages/airflow/example_dags/example_xcom.py
[2024-02-14T23:33:16.387+0000] {logging_mixin.py:188} INFO - [2024-02-14T23:33:16.387+0000] {dag.py:3036} INFO - Sync 1 DAGs
[2024-02-14T23:33:16.407+0000] {logging_mixin.py:188} INFO - [2024-02-14T23:33:16.407+0000] {dag.py:3823} INFO - Setting next_dagrun for example_xcom to 2021-01-01 00:00:00+00:00, run_after=2021-01-01 00:00:00+00:00
[2024-02-14T23:33:16.429+0000] {processor.py:183} INFO - Processing /home/ubuntu/reddit_venv/lib/python3.10/site-packages/airflow/example_dags/example_xcom.py took 0.074 seconds
[2024-02-14T23:33:52.807+0000] {processor.py:161} INFO - Started process (PID=7832) to work on /home/ubuntu/reddit_venv/lib/python3.10/site-packages/airflow/example_dags/example_xcom.py
[2024-02-14T23:33:52.808+0000] {processor.py:830} INFO - Processing file /home/ubuntu/reddit_venv/lib/python3.10/site-packages/airflow/example_dags/example_xcom.py for tasks to queue
[2024-02-14T23:33:52.809+0000] {logging_mixin.py:188} INFO - [2024-02-14T23:33:52.809+0000] {dagbag.py:538} INFO - Filling up the DagBag from /home/ubuntu/reddit_venv/lib/python3.10/site-packages/airflow/example_dags/example_xcom.py
[2024-02-14T23:33:52.817+0000] {processor.py:840} INFO - DAG(s) 'example_xcom' retrieved from /home/ubuntu/reddit_venv/lib/python3.10/site-packages/airflow/example_dags/example_xcom.py
[2024-02-14T23:33:52.834+0000] {logging_mixin.py:188} INFO - [2024-02-14T23:33:52.834+0000] {dag.py:3036} INFO - Sync 1 DAGs
[2024-02-14T23:33:52.854+0000] {logging_mixin.py:188} INFO - [2024-02-14T23:33:52.853+0000] {dag.py:3823} INFO - Setting next_dagrun for example_xcom to 2021-01-01 00:00:00+00:00, run_after=2021-01-01 00:00:00+00:00
[2024-02-14T23:33:52.875+0000] {processor.py:183} INFO - Processing /home/ubuntu/reddit_venv/lib/python3.10/site-packages/airflow/example_dags/example_xcom.py took 0.072 seconds
[2024-02-14T23:34:29.170+0000] {processor.py:161} INFO - Started process (PID=7937) to work on /home/ubuntu/reddit_venv/lib/python3.10/site-packages/airflow/example_dags/example_xcom.py
[2024-02-14T23:34:29.171+0000] {processor.py:830} INFO - Processing file /home/ubuntu/reddit_venv/lib/python3.10/site-packages/airflow/example_dags/example_xcom.py for tasks to queue
[2024-02-14T23:34:29.172+0000] {logging_mixin.py:188} INFO - [2024-02-14T23:34:29.172+0000] {dagbag.py:538} INFO - Filling up the DagBag from /home/ubuntu/reddit_venv/lib/python3.10/site-packages/airflow/example_dags/example_xcom.py
[2024-02-14T23:34:29.180+0000] {processor.py:840} INFO - DAG(s) 'example_xcom' retrieved from /home/ubuntu/reddit_venv/lib/python3.10/site-packages/airflow/example_dags/example_xcom.py
[2024-02-14T23:34:29.197+0000] {logging_mixin.py:188} INFO - [2024-02-14T23:34:29.197+0000] {dag.py:3036} INFO - Sync 1 DAGs
[2024-02-14T23:34:29.217+0000] {logging_mixin.py:188} INFO - [2024-02-14T23:34:29.217+0000] {dag.py:3823} INFO - Setting next_dagrun for example_xcom to 2021-01-01 00:00:00+00:00, run_after=2021-01-01 00:00:00+00:00
[2024-02-14T23:34:29.239+0000] {processor.py:183} INFO - Processing /home/ubuntu/reddit_venv/lib/python3.10/site-packages/airflow/example_dags/example_xcom.py took 0.072 seconds
[2024-02-14T23:35:06.344+0000] {processor.py:161} INFO - Started process (PID=7978) to work on /home/ubuntu/reddit_venv/lib/python3.10/site-packages/airflow/example_dags/example_xcom.py
[2024-02-14T23:35:06.345+0000] {processor.py:830} INFO - Processing file /home/ubuntu/reddit_venv/lib/python3.10/site-packages/airflow/example_dags/example_xcom.py for tasks to queue
[2024-02-14T23:35:06.346+0000] {logging_mixin.py:188} INFO - [2024-02-14T23:35:06.346+0000] {dagbag.py:538} INFO - Filling up the DagBag from /home/ubuntu/reddit_venv/lib/python3.10/site-packages/airflow/example_dags/example_xcom.py
[2024-02-14T23:35:06.355+0000] {processor.py:840} INFO - DAG(s) 'example_xcom' retrieved from /home/ubuntu/reddit_venv/lib/python3.10/site-packages/airflow/example_dags/example_xcom.py
[2024-02-14T23:35:06.372+0000] {logging_mixin.py:188} INFO - [2024-02-14T23:35:06.372+0000] {dag.py:3036} INFO - Sync 1 DAGs
[2024-02-14T23:35:06.392+0000] {logging_mixin.py:188} INFO - [2024-02-14T23:35:06.392+0000] {dag.py:3823} INFO - Setting next_dagrun for example_xcom to 2021-01-01 00:00:00+00:00, run_after=2021-01-01 00:00:00+00:00
[2024-02-14T23:35:06.414+0000] {processor.py:183} INFO - Processing /home/ubuntu/reddit_venv/lib/python3.10/site-packages/airflow/example_dags/example_xcom.py took 0.073 seconds
[2024-02-14T23:35:46.200+0000] {processor.py:161} INFO - Started process (PID=8084) to work on /home/ubuntu/reddit_venv/lib/python3.10/site-packages/airflow/example_dags/example_xcom.py
[2024-02-14T23:35:46.202+0000] {processor.py:830} INFO - Processing file /home/ubuntu/reddit_venv/lib/python3.10/site-packages/airflow/example_dags/example_xcom.py for tasks to queue
[2024-02-14T23:35:46.203+0000] {logging_mixin.py:188} INFO - [2024-02-14T23:35:46.203+0000] {dagbag.py:538} INFO - Filling up the DagBag from /home/ubuntu/reddit_venv/lib/python3.10/site-packages/airflow/example_dags/example_xcom.py
[2024-02-14T23:35:46.211+0000] {processor.py:840} INFO - DAG(s) 'example_xcom' retrieved from /home/ubuntu/reddit_venv/lib/python3.10/site-packages/airflow/example_dags/example_xcom.py
[2024-02-14T23:35:46.228+0000] {logging_mixin.py:188} INFO - [2024-02-14T23:35:46.227+0000] {dag.py:3036} INFO - Sync 1 DAGs
[2024-02-14T23:35:46.246+0000] {logging_mixin.py:188} INFO - [2024-02-14T23:35:46.246+0000] {dag.py:3823} INFO - Setting next_dagrun for example_xcom to 2021-01-01 00:00:00+00:00, run_after=2021-01-01 00:00:00+00:00
[2024-02-14T23:35:46.268+0000] {processor.py:183} INFO - Processing /home/ubuntu/reddit_venv/lib/python3.10/site-packages/airflow/example_dags/example_xcom.py took 0.071 seconds
[2024-02-14T23:36:23.502+0000] {processor.py:161} INFO - Started process (PID=8128) to work on /home/ubuntu/reddit_venv/lib/python3.10/site-packages/airflow/example_dags/example_xcom.py
[2024-02-14T23:36:23.504+0000] {processor.py:830} INFO - Processing file /home/ubuntu/reddit_venv/lib/python3.10/site-packages/airflow/example_dags/example_xcom.py for tasks to queue
[2024-02-14T23:36:23.504+0000] {logging_mixin.py:188} INFO - [2024-02-14T23:36:23.504+0000] {dagbag.py:538} INFO - Filling up the DagBag from /home/ubuntu/reddit_venv/lib/python3.10/site-packages/airflow/example_dags/example_xcom.py
[2024-02-14T23:36:23.513+0000] {processor.py:840} INFO - DAG(s) 'example_xcom' retrieved from /home/ubuntu/reddit_venv/lib/python3.10/site-packages/airflow/example_dags/example_xcom.py
[2024-02-14T23:36:23.529+0000] {logging_mixin.py:188} INFO - [2024-02-14T23:36:23.529+0000] {dag.py:3036} INFO - Sync 1 DAGs
[2024-02-14T23:36:23.549+0000] {logging_mixin.py:188} INFO - [2024-02-14T23:36:23.549+0000] {dag.py:3823} INFO - Setting next_dagrun for example_xcom to 2021-01-01 00:00:00+00:00, run_after=2021-01-01 00:00:00+00:00
[2024-02-14T23:36:23.571+0000] {processor.py:183} INFO - Processing /home/ubuntu/reddit_venv/lib/python3.10/site-packages/airflow/example_dags/example_xcom.py took 0.072 seconds
[2024-02-14T23:37:03.364+0000] {processor.py:161} INFO - Started process (PID=8234) to work on /home/ubuntu/reddit_venv/lib/python3.10/site-packages/airflow/example_dags/example_xcom.py
[2024-02-14T23:37:03.366+0000] {processor.py:830} INFO - Processing file /home/ubuntu/reddit_venv/lib/python3.10/site-packages/airflow/example_dags/example_xcom.py for tasks to queue
[2024-02-14T23:37:03.367+0000] {logging_mixin.py:188} INFO - [2024-02-14T23:37:03.366+0000] {dagbag.py:538} INFO - Filling up the DagBag from /home/ubuntu/reddit_venv/lib/python3.10/site-packages/airflow/example_dags/example_xcom.py
[2024-02-14T23:37:03.375+0000] {processor.py:840} INFO - DAG(s) 'example_xcom' retrieved from /home/ubuntu/reddit_venv/lib/python3.10/site-packages/airflow/example_dags/example_xcom.py
[2024-02-14T23:37:03.393+0000] {logging_mixin.py:188} INFO - [2024-02-14T23:37:03.393+0000] {dag.py:3036} INFO - Sync 1 DAGs
[2024-02-14T23:37:03.413+0000] {logging_mixin.py:188} INFO - [2024-02-14T23:37:03.413+0000] {dag.py:3823} INFO - Setting next_dagrun for example_xcom to 2021-01-01 00:00:00+00:00, run_after=2021-01-01 00:00:00+00:00
[2024-02-14T23:37:03.436+0000] {processor.py:183} INFO - Processing /home/ubuntu/reddit_venv/lib/python3.10/site-packages/airflow/example_dags/example_xcom.py took 0.075 seconds
[2024-02-14T23:37:43.503+0000] {processor.py:161} INFO - Started process (PID=8357) to work on /home/ubuntu/reddit_venv/lib/python3.10/site-packages/airflow/example_dags/example_xcom.py
[2024-02-14T23:37:43.505+0000] {processor.py:830} INFO - Processing file /home/ubuntu/reddit_venv/lib/python3.10/site-packages/airflow/example_dags/example_xcom.py for tasks to queue
[2024-02-14T23:37:43.506+0000] {logging_mixin.py:188} INFO - [2024-02-14T23:37:43.505+0000] {dagbag.py:538} INFO - Filling up the DagBag from /home/ubuntu/reddit_venv/lib/python3.10/site-packages/airflow/example_dags/example_xcom.py
[2024-02-14T23:37:43.514+0000] {processor.py:840} INFO - DAG(s) 'example_xcom' retrieved from /home/ubuntu/reddit_venv/lib/python3.10/site-packages/airflow/example_dags/example_xcom.py
[2024-02-14T23:37:43.531+0000] {logging_mixin.py:188} INFO - [2024-02-14T23:37:43.530+0000] {dag.py:3036} INFO - Sync 1 DAGs
[2024-02-14T23:37:43.550+0000] {logging_mixin.py:188} INFO - [2024-02-14T23:37:43.550+0000] {dag.py:3823} INFO - Setting next_dagrun for example_xcom to 2021-01-01 00:00:00+00:00, run_after=2021-01-01 00:00:00+00:00
[2024-02-14T23:37:43.571+0000] {processor.py:183} INFO - Processing /home/ubuntu/reddit_venv/lib/python3.10/site-packages/airflow/example_dags/example_xcom.py took 0.072 seconds
[2024-02-14T23:38:20.236+0000] {processor.py:161} INFO - Started process (PID=8682) to work on /home/ubuntu/reddit_venv/lib/python3.10/site-packages/airflow/example_dags/example_xcom.py
[2024-02-14T23:38:20.238+0000] {processor.py:830} INFO - Processing file /home/ubuntu/reddit_venv/lib/python3.10/site-packages/airflow/example_dags/example_xcom.py for tasks to queue
[2024-02-14T23:38:20.239+0000] {logging_mixin.py:188} INFO - [2024-02-14T23:38:20.239+0000] {dagbag.py:538} INFO - Filling up the DagBag from /home/ubuntu/reddit_venv/lib/python3.10/site-packages/airflow/example_dags/example_xcom.py
[2024-02-14T23:38:20.248+0000] {processor.py:840} INFO - DAG(s) 'example_xcom' retrieved from /home/ubuntu/reddit_venv/lib/python3.10/site-packages/airflow/example_dags/example_xcom.py
[2024-02-14T23:38:20.265+0000] {logging_mixin.py:188} INFO - [2024-02-14T23:38:20.265+0000] {dag.py:3036} INFO - Sync 1 DAGs
[2024-02-14T23:38:20.285+0000] {logging_mixin.py:188} INFO - [2024-02-14T23:38:20.284+0000] {dag.py:3823} INFO - Setting next_dagrun for example_xcom to 2021-01-01 00:00:00+00:00, run_after=2021-01-01 00:00:00+00:00
[2024-02-14T23:38:20.306+0000] {processor.py:183} INFO - Processing /home/ubuntu/reddit_venv/lib/python3.10/site-packages/airflow/example_dags/example_xcom.py took 0.073 seconds
[2024-02-14T23:39:09.625+0000] {processor.py:161} INFO - Started process (PID=9046) to work on /home/ubuntu/reddit_venv/lib/python3.10/site-packages/airflow/example_dags/example_xcom.py
[2024-02-14T23:39:09.627+0000] {processor.py:830} INFO - Processing file /home/ubuntu/reddit_venv/lib/python3.10/site-packages/airflow/example_dags/example_xcom.py for tasks to queue
[2024-02-14T23:39:09.627+0000] {logging_mixin.py:188} INFO - [2024-02-14T23:39:09.627+0000] {dagbag.py:538} INFO - Filling up the DagBag from /home/ubuntu/reddit_venv/lib/python3.10/site-packages/airflow/example_dags/example_xcom.py
[2024-02-14T23:39:09.636+0000] {processor.py:840} INFO - DAG(s) 'example_xcom' retrieved from /home/ubuntu/reddit_venv/lib/python3.10/site-packages/airflow/example_dags/example_xcom.py
[2024-02-14T23:39:09.653+0000] {logging_mixin.py:188} INFO - [2024-02-14T23:39:09.653+0000] {dag.py:3036} INFO - Sync 1 DAGs
[2024-02-14T23:39:09.672+0000] {logging_mixin.py:188} INFO - [2024-02-14T23:39:09.672+0000] {dag.py:3823} INFO - Setting next_dagrun for example_xcom to 2021-01-01 00:00:00+00:00, run_after=2021-01-01 00:00:00+00:00
[2024-02-14T23:39:09.692+0000] {processor.py:183} INFO - Processing /home/ubuntu/reddit_venv/lib/python3.10/site-packages/airflow/example_dags/example_xcom.py took 0.071 seconds
[2024-02-14T23:39:54.885+0000] {processor.py:161} INFO - Started process (PID=9283) to work on /home/ubuntu/reddit_venv/lib/python3.10/site-packages/airflow/example_dags/example_xcom.py
[2024-02-14T23:39:54.886+0000] {processor.py:830} INFO - Processing file /home/ubuntu/reddit_venv/lib/python3.10/site-packages/airflow/example_dags/example_xcom.py for tasks to queue
[2024-02-14T23:39:54.887+0000] {logging_mixin.py:188} INFO - [2024-02-14T23:39:54.886+0000] {dagbag.py:538} INFO - Filling up the DagBag from /home/ubuntu/reddit_venv/lib/python3.10/site-packages/airflow/example_dags/example_xcom.py
[2024-02-14T23:39:54.895+0000] {processor.py:840} INFO - DAG(s) 'example_xcom' retrieved from /home/ubuntu/reddit_venv/lib/python3.10/site-packages/airflow/example_dags/example_xcom.py
[2024-02-14T23:39:54.912+0000] {logging_mixin.py:188} INFO - [2024-02-14T23:39:54.912+0000] {dag.py:3036} INFO - Sync 1 DAGs
[2024-02-14T23:39:54.932+0000] {logging_mixin.py:188} INFO - [2024-02-14T23:39:54.932+0000] {dag.py:3823} INFO - Setting next_dagrun for example_xcom to 2021-01-01 00:00:00+00:00, run_after=2021-01-01 00:00:00+00:00
[2024-02-14T23:39:54.954+0000] {processor.py:183} INFO - Processing /home/ubuntu/reddit_venv/lib/python3.10/site-packages/airflow/example_dags/example_xcom.py took 0.073 seconds
[2024-02-14T23:40:32.113+0000] {processor.py:161} INFO - Started process (PID=9387) to work on /home/ubuntu/reddit_venv/lib/python3.10/site-packages/airflow/example_dags/example_xcom.py
[2024-02-14T23:40:32.115+0000] {processor.py:830} INFO - Processing file /home/ubuntu/reddit_venv/lib/python3.10/site-packages/airflow/example_dags/example_xcom.py for tasks to queue
[2024-02-14T23:40:32.116+0000] {logging_mixin.py:188} INFO - [2024-02-14T23:40:32.115+0000] {dagbag.py:538} INFO - Filling up the DagBag from /home/ubuntu/reddit_venv/lib/python3.10/site-packages/airflow/example_dags/example_xcom.py
[2024-02-14T23:40:32.124+0000] {processor.py:840} INFO - DAG(s) 'example_xcom' retrieved from /home/ubuntu/reddit_venv/lib/python3.10/site-packages/airflow/example_dags/example_xcom.py
[2024-02-14T23:40:32.141+0000] {logging_mixin.py:188} INFO - [2024-02-14T23:40:32.141+0000] {dag.py:3036} INFO - Sync 1 DAGs
[2024-02-14T23:40:32.161+0000] {logging_mixin.py:188} INFO - [2024-02-14T23:40:32.161+0000] {dag.py:3823} INFO - Setting next_dagrun for example_xcom to 2021-01-01 00:00:00+00:00, run_after=2021-01-01 00:00:00+00:00
[2024-02-14T23:40:32.185+0000] {processor.py:183} INFO - Processing /home/ubuntu/reddit_venv/lib/python3.10/site-packages/airflow/example_dags/example_xcom.py took 0.075 seconds
[2024-02-14T23:41:10.634+0000] {processor.py:161} INFO - Started process (PID=9430) to work on /home/ubuntu/reddit_venv/lib/python3.10/site-packages/airflow/example_dags/example_xcom.py
[2024-02-14T23:41:10.636+0000] {processor.py:830} INFO - Processing file /home/ubuntu/reddit_venv/lib/python3.10/site-packages/airflow/example_dags/example_xcom.py for tasks to queue
[2024-02-14T23:41:10.637+0000] {logging_mixin.py:188} INFO - [2024-02-14T23:41:10.636+0000] {dagbag.py:538} INFO - Filling up the DagBag from /home/ubuntu/reddit_venv/lib/python3.10/site-packages/airflow/example_dags/example_xcom.py
[2024-02-14T23:41:10.645+0000] {processor.py:840} INFO - DAG(s) 'example_xcom' retrieved from /home/ubuntu/reddit_venv/lib/python3.10/site-packages/airflow/example_dags/example_xcom.py
[2024-02-14T23:41:10.662+0000] {logging_mixin.py:188} INFO - [2024-02-14T23:41:10.661+0000] {dag.py:3036} INFO - Sync 1 DAGs
[2024-02-14T23:41:10.681+0000] {logging_mixin.py:188} INFO - [2024-02-14T23:41:10.681+0000] {dag.py:3823} INFO - Setting next_dagrun for example_xcom to 2021-01-01 00:00:00+00:00, run_after=2021-01-01 00:00:00+00:00
[2024-02-14T23:41:10.703+0000] {processor.py:183} INFO - Processing /home/ubuntu/reddit_venv/lib/python3.10/site-packages/airflow/example_dags/example_xcom.py took 0.072 seconds
[2024-02-14T23:41:48.450+0000] {processor.py:161} INFO - Started process (PID=9532) to work on /home/ubuntu/reddit_venv/lib/python3.10/site-packages/airflow/example_dags/example_xcom.py
[2024-02-14T23:41:48.452+0000] {processor.py:830} INFO - Processing file /home/ubuntu/reddit_venv/lib/python3.10/site-packages/airflow/example_dags/example_xcom.py for tasks to queue
[2024-02-14T23:41:48.453+0000] {logging_mixin.py:188} INFO - [2024-02-14T23:41:48.452+0000] {dagbag.py:538} INFO - Filling up the DagBag from /home/ubuntu/reddit_venv/lib/python3.10/site-packages/airflow/example_dags/example_xcom.py
[2024-02-14T23:41:48.462+0000] {processor.py:840} INFO - DAG(s) 'example_xcom' retrieved from /home/ubuntu/reddit_venv/lib/python3.10/site-packages/airflow/example_dags/example_xcom.py
[2024-02-14T23:41:48.478+0000] {logging_mixin.py:188} INFO - [2024-02-14T23:41:48.478+0000] {dag.py:3036} INFO - Sync 1 DAGs
[2024-02-14T23:41:48.498+0000] {logging_mixin.py:188} INFO - [2024-02-14T23:41:48.498+0000] {dag.py:3823} INFO - Setting next_dagrun for example_xcom to 2021-01-01 00:00:00+00:00, run_after=2021-01-01 00:00:00+00:00
[2024-02-14T23:41:48.521+0000] {processor.py:183} INFO - Processing /home/ubuntu/reddit_venv/lib/python3.10/site-packages/airflow/example_dags/example_xcom.py took 0.074 seconds
[2024-02-14T23:42:25.193+0000] {processor.py:161} INFO - Started process (PID=9575) to work on /home/ubuntu/reddit_venv/lib/python3.10/site-packages/airflow/example_dags/example_xcom.py
[2024-02-14T23:42:25.194+0000] {processor.py:830} INFO - Processing file /home/ubuntu/reddit_venv/lib/python3.10/site-packages/airflow/example_dags/example_xcom.py for tasks to queue
[2024-02-14T23:42:25.195+0000] {logging_mixin.py:188} INFO - [2024-02-14T23:42:25.195+0000] {dagbag.py:538} INFO - Filling up the DagBag from /home/ubuntu/reddit_venv/lib/python3.10/site-packages/airflow/example_dags/example_xcom.py
[2024-02-14T23:42:25.203+0000] {processor.py:840} INFO - DAG(s) 'example_xcom' retrieved from /home/ubuntu/reddit_venv/lib/python3.10/site-packages/airflow/example_dags/example_xcom.py
[2024-02-14T23:42:25.220+0000] {logging_mixin.py:188} INFO - [2024-02-14T23:42:25.220+0000] {dag.py:3036} INFO - Sync 1 DAGs
[2024-02-14T23:42:25.240+0000] {logging_mixin.py:188} INFO - [2024-02-14T23:42:25.239+0000] {dag.py:3823} INFO - Setting next_dagrun for example_xcom to 2021-01-01 00:00:00+00:00, run_after=2021-01-01 00:00:00+00:00
[2024-02-14T23:42:25.262+0000] {processor.py:183} INFO - Processing /home/ubuntu/reddit_venv/lib/python3.10/site-packages/airflow/example_dags/example_xcom.py took 0.073 seconds
[2024-02-14T23:43:03.484+0000] {processor.py:161} INFO - Started process (PID=9679) to work on /home/ubuntu/reddit_venv/lib/python3.10/site-packages/airflow/example_dags/example_xcom.py
[2024-02-14T23:43:03.486+0000] {processor.py:830} INFO - Processing file /home/ubuntu/reddit_venv/lib/python3.10/site-packages/airflow/example_dags/example_xcom.py for tasks to queue
[2024-02-14T23:43:03.487+0000] {logging_mixin.py:188} INFO - [2024-02-14T23:43:03.486+0000] {dagbag.py:538} INFO - Filling up the DagBag from /home/ubuntu/reddit_venv/lib/python3.10/site-packages/airflow/example_dags/example_xcom.py
[2024-02-14T23:43:03.496+0000] {processor.py:840} INFO - DAG(s) 'example_xcom' retrieved from /home/ubuntu/reddit_venv/lib/python3.10/site-packages/airflow/example_dags/example_xcom.py
[2024-02-14T23:43:03.513+0000] {logging_mixin.py:188} INFO - [2024-02-14T23:43:03.513+0000] {dag.py:3036} INFO - Sync 1 DAGs
[2024-02-14T23:43:03.534+0000] {logging_mixin.py:188} INFO - [2024-02-14T23:43:03.534+0000] {dag.py:3823} INFO - Setting next_dagrun for example_xcom to 2021-01-01 00:00:00+00:00, run_after=2021-01-01 00:00:00+00:00
[2024-02-14T23:43:03.557+0000] {processor.py:183} INFO - Processing /home/ubuntu/reddit_venv/lib/python3.10/site-packages/airflow/example_dags/example_xcom.py took 0.076 seconds
[2024-02-14T23:43:43.804+0000] {processor.py:161} INFO - Started process (PID=9785) to work on /home/ubuntu/reddit_venv/lib/python3.10/site-packages/airflow/example_dags/example_xcom.py
[2024-02-14T23:43:43.806+0000] {processor.py:830} INFO - Processing file /home/ubuntu/reddit_venv/lib/python3.10/site-packages/airflow/example_dags/example_xcom.py for tasks to queue
[2024-02-14T23:43:43.807+0000] {logging_mixin.py:188} INFO - [2024-02-14T23:43:43.806+0000] {dagbag.py:538} INFO - Filling up the DagBag from /home/ubuntu/reddit_venv/lib/python3.10/site-packages/airflow/example_dags/example_xcom.py
[2024-02-14T23:43:43.815+0000] {processor.py:840} INFO - DAG(s) 'example_xcom' retrieved from /home/ubuntu/reddit_venv/lib/python3.10/site-packages/airflow/example_dags/example_xcom.py
[2024-02-14T23:43:43.832+0000] {logging_mixin.py:188} INFO - [2024-02-14T23:43:43.832+0000] {dag.py:3036} INFO - Sync 1 DAGs
[2024-02-14T23:43:43.852+0000] {logging_mixin.py:188} INFO - [2024-02-14T23:43:43.851+0000] {dag.py:3823} INFO - Setting next_dagrun for example_xcom to 2021-01-01 00:00:00+00:00, run_after=2021-01-01 00:00:00+00:00
[2024-02-14T23:43:43.874+0000] {processor.py:183} INFO - Processing /home/ubuntu/reddit_venv/lib/python3.10/site-packages/airflow/example_dags/example_xcom.py took 0.074 seconds
[2024-02-14T23:44:26.118+0000] {processor.py:161} INFO - Started process (PID=9836) to work on /home/ubuntu/reddit_venv/lib/python3.10/site-packages/airflow/example_dags/example_xcom.py
[2024-02-14T23:44:26.120+0000] {processor.py:830} INFO - Processing file /home/ubuntu/reddit_venv/lib/python3.10/site-packages/airflow/example_dags/example_xcom.py for tasks to queue
[2024-02-14T23:44:26.121+0000] {logging_mixin.py:188} INFO - [2024-02-14T23:44:26.120+0000] {dagbag.py:538} INFO - Filling up the DagBag from /home/ubuntu/reddit_venv/lib/python3.10/site-packages/airflow/example_dags/example_xcom.py
[2024-02-14T23:44:26.129+0000] {processor.py:840} INFO - DAG(s) 'example_xcom' retrieved from /home/ubuntu/reddit_venv/lib/python3.10/site-packages/airflow/example_dags/example_xcom.py
[2024-02-14T23:44:26.145+0000] {logging_mixin.py:188} INFO - [2024-02-14T23:44:26.145+0000] {dag.py:3036} INFO - Sync 1 DAGs
[2024-02-14T23:44:26.164+0000] {logging_mixin.py:188} INFO - [2024-02-14T23:44:26.164+0000] {dag.py:3823} INFO - Setting next_dagrun for example_xcom to 2021-01-01 00:00:00+00:00, run_after=2021-01-01 00:00:00+00:00
[2024-02-14T23:44:26.185+0000] {processor.py:183} INFO - Processing /home/ubuntu/reddit_venv/lib/python3.10/site-packages/airflow/example_dags/example_xcom.py took 0.070 seconds
[2024-02-14T23:45:22.607+0000] {processor.py:161} INFO - Started process (PID=10267) to work on /home/ubuntu/reddit_venv/lib/python3.10/site-packages/airflow/example_dags/example_xcom.py
[2024-02-14T23:45:22.608+0000] {processor.py:830} INFO - Processing file /home/ubuntu/reddit_venv/lib/python3.10/site-packages/airflow/example_dags/example_xcom.py for tasks to queue
[2024-02-14T23:45:22.609+0000] {logging_mixin.py:188} INFO - [2024-02-14T23:45:22.609+0000] {dagbag.py:538} INFO - Filling up the DagBag from /home/ubuntu/reddit_venv/lib/python3.10/site-packages/airflow/example_dags/example_xcom.py
[2024-02-14T23:45:22.618+0000] {processor.py:840} INFO - DAG(s) 'example_xcom' retrieved from /home/ubuntu/reddit_venv/lib/python3.10/site-packages/airflow/example_dags/example_xcom.py
[2024-02-14T23:45:22.634+0000] {logging_mixin.py:188} INFO - [2024-02-14T23:45:22.634+0000] {dag.py:3036} INFO - Sync 1 DAGs
[2024-02-14T23:45:22.654+0000] {logging_mixin.py:188} INFO - [2024-02-14T23:45:22.654+0000] {dag.py:3823} INFO - Setting next_dagrun for example_xcom to 2021-01-01 00:00:00+00:00, run_after=2021-01-01 00:00:00+00:00
[2024-02-14T23:45:22.678+0000] {processor.py:183} INFO - Processing /home/ubuntu/reddit_venv/lib/python3.10/site-packages/airflow/example_dags/example_xcom.py took 0.075 seconds
[2024-02-14T23:46:00.165+0000] {processor.py:161} INFO - Started process (PID=10372) to work on /home/ubuntu/reddit_venv/lib/python3.10/site-packages/airflow/example_dags/example_xcom.py
[2024-02-14T23:46:00.167+0000] {processor.py:830} INFO - Processing file /home/ubuntu/reddit_venv/lib/python3.10/site-packages/airflow/example_dags/example_xcom.py for tasks to queue
[2024-02-14T23:46:00.168+0000] {logging_mixin.py:188} INFO - [2024-02-14T23:46:00.167+0000] {dagbag.py:538} INFO - Filling up the DagBag from /home/ubuntu/reddit_venv/lib/python3.10/site-packages/airflow/example_dags/example_xcom.py
[2024-02-14T23:46:00.176+0000] {processor.py:840} INFO - DAG(s) 'example_xcom' retrieved from /home/ubuntu/reddit_venv/lib/python3.10/site-packages/airflow/example_dags/example_xcom.py
[2024-02-14T23:46:00.193+0000] {logging_mixin.py:188} INFO - [2024-02-14T23:46:00.193+0000] {dag.py:3036} INFO - Sync 1 DAGs
[2024-02-14T23:46:00.212+0000] {logging_mixin.py:188} INFO - [2024-02-14T23:46:00.212+0000] {dag.py:3823} INFO - Setting next_dagrun for example_xcom to 2021-01-01 00:00:00+00:00, run_after=2021-01-01 00:00:00+00:00
[2024-02-14T23:46:00.233+0000] {processor.py:183} INFO - Processing /home/ubuntu/reddit_venv/lib/python3.10/site-packages/airflow/example_dags/example_xcom.py took 0.072 seconds
[2024-02-14T23:46:51.625+0000] {processor.py:161} INFO - Started process (PID=10491) to work on /home/ubuntu/reddit_venv/lib/python3.10/site-packages/airflow/example_dags/example_xcom.py
[2024-02-14T23:46:51.626+0000] {processor.py:830} INFO - Processing file /home/ubuntu/reddit_venv/lib/python3.10/site-packages/airflow/example_dags/example_xcom.py for tasks to queue
[2024-02-14T23:46:51.627+0000] {logging_mixin.py:188} INFO - [2024-02-14T23:46:51.627+0000] {dagbag.py:538} INFO - Filling up the DagBag from /home/ubuntu/reddit_venv/lib/python3.10/site-packages/airflow/example_dags/example_xcom.py
[2024-02-14T23:46:51.637+0000] {processor.py:840} INFO - DAG(s) 'example_xcom' retrieved from /home/ubuntu/reddit_venv/lib/python3.10/site-packages/airflow/example_dags/example_xcom.py
[2024-02-14T23:46:51.655+0000] {logging_mixin.py:188} INFO - [2024-02-14T23:46:51.654+0000] {dag.py:3036} INFO - Sync 1 DAGs
[2024-02-14T23:46:51.676+0000] {logging_mixin.py:188} INFO - [2024-02-14T23:46:51.676+0000] {dag.py:3823} INFO - Setting next_dagrun for example_xcom to 2021-01-01 00:00:00+00:00, run_after=2021-01-01 00:00:00+00:00
[2024-02-14T23:46:51.699+0000] {processor.py:183} INFO - Processing /home/ubuntu/reddit_venv/lib/python3.10/site-packages/airflow/example_dags/example_xcom.py took 0.078 seconds
[2024-02-14T23:47:28.632+0000] {processor.py:161} INFO - Started process (PID=10595) to work on /home/ubuntu/reddit_venv/lib/python3.10/site-packages/airflow/example_dags/example_xcom.py
[2024-02-14T23:47:28.633+0000] {processor.py:830} INFO - Processing file /home/ubuntu/reddit_venv/lib/python3.10/site-packages/airflow/example_dags/example_xcom.py for tasks to queue
[2024-02-14T23:47:28.634+0000] {logging_mixin.py:188} INFO - [2024-02-14T23:47:28.634+0000] {dagbag.py:538} INFO - Filling up the DagBag from /home/ubuntu/reddit_venv/lib/python3.10/site-packages/airflow/example_dags/example_xcom.py
[2024-02-14T23:47:28.643+0000] {processor.py:840} INFO - DAG(s) 'example_xcom' retrieved from /home/ubuntu/reddit_venv/lib/python3.10/site-packages/airflow/example_dags/example_xcom.py
[2024-02-14T23:47:28.660+0000] {logging_mixin.py:188} INFO - [2024-02-14T23:47:28.660+0000] {dag.py:3036} INFO - Sync 1 DAGs
[2024-02-14T23:47:28.681+0000] {logging_mixin.py:188} INFO - [2024-02-14T23:47:28.681+0000] {dag.py:3823} INFO - Setting next_dagrun for example_xcom to 2021-01-01 00:00:00+00:00, run_after=2021-01-01 00:00:00+00:00
[2024-02-14T23:47:28.703+0000] {processor.py:183} INFO - Processing /home/ubuntu/reddit_venv/lib/python3.10/site-packages/airflow/example_dags/example_xcom.py took 0.075 seconds
[2024-02-14T23:48:09.537+0000] {processor.py:161} INFO - Started process (PID=10640) to work on /home/ubuntu/reddit_venv/lib/python3.10/site-packages/airflow/example_dags/example_xcom.py
[2024-02-14T23:48:09.538+0000] {processor.py:830} INFO - Processing file /home/ubuntu/reddit_venv/lib/python3.10/site-packages/airflow/example_dags/example_xcom.py for tasks to queue
[2024-02-14T23:48:09.539+0000] {logging_mixin.py:188} INFO - [2024-02-14T23:48:09.539+0000] {dagbag.py:538} INFO - Filling up the DagBag from /home/ubuntu/reddit_venv/lib/python3.10/site-packages/airflow/example_dags/example_xcom.py
[2024-02-14T23:48:09.548+0000] {processor.py:840} INFO - DAG(s) 'example_xcom' retrieved from /home/ubuntu/reddit_venv/lib/python3.10/site-packages/airflow/example_dags/example_xcom.py
[2024-02-14T23:48:09.565+0000] {logging_mixin.py:188} INFO - [2024-02-14T23:48:09.565+0000] {dag.py:3036} INFO - Sync 1 DAGs
[2024-02-14T23:48:09.585+0000] {logging_mixin.py:188} INFO - [2024-02-14T23:48:09.585+0000] {dag.py:3823} INFO - Setting next_dagrun for example_xcom to 2021-01-01 00:00:00+00:00, run_after=2021-01-01 00:00:00+00:00
[2024-02-14T23:48:09.608+0000] {processor.py:183} INFO - Processing /home/ubuntu/reddit_venv/lib/python3.10/site-packages/airflow/example_dags/example_xcom.py took 0.074 seconds
[2024-02-14T23:48:47.924+0000] {processor.py:161} INFO - Started process (PID=10746) to work on /home/ubuntu/reddit_venv/lib/python3.10/site-packages/airflow/example_dags/example_xcom.py
[2024-02-14T23:48:47.925+0000] {processor.py:830} INFO - Processing file /home/ubuntu/reddit_venv/lib/python3.10/site-packages/airflow/example_dags/example_xcom.py for tasks to queue
[2024-02-14T23:48:47.926+0000] {logging_mixin.py:188} INFO - [2024-02-14T23:48:47.926+0000] {dagbag.py:538} INFO - Filling up the DagBag from /home/ubuntu/reddit_venv/lib/python3.10/site-packages/airflow/example_dags/example_xcom.py
[2024-02-14T23:48:47.935+0000] {processor.py:840} INFO - DAG(s) 'example_xcom' retrieved from /home/ubuntu/reddit_venv/lib/python3.10/site-packages/airflow/example_dags/example_xcom.py
[2024-02-14T23:48:47.952+0000] {logging_mixin.py:188} INFO - [2024-02-14T23:48:47.952+0000] {dag.py:3036} INFO - Sync 1 DAGs
[2024-02-14T23:48:47.973+0000] {logging_mixin.py:188} INFO - [2024-02-14T23:48:47.973+0000] {dag.py:3823} INFO - Setting next_dagrun for example_xcom to 2021-01-01 00:00:00+00:00, run_after=2021-01-01 00:00:00+00:00
[2024-02-14T23:48:47.995+0000] {processor.py:183} INFO - Processing /home/ubuntu/reddit_venv/lib/python3.10/site-packages/airflow/example_dags/example_xcom.py took 0.074 seconds
[2024-02-14T23:49:23.414+0000] {processor.py:161} INFO - Started process (PID=10786) to work on /home/ubuntu/reddit_venv/lib/python3.10/site-packages/airflow/example_dags/example_xcom.py
[2024-02-14T23:49:23.415+0000] {processor.py:830} INFO - Processing file /home/ubuntu/reddit_venv/lib/python3.10/site-packages/airflow/example_dags/example_xcom.py for tasks to queue
[2024-02-14T23:49:23.416+0000] {logging_mixin.py:188} INFO - [2024-02-14T23:49:23.416+0000] {dagbag.py:538} INFO - Filling up the DagBag from /home/ubuntu/reddit_venv/lib/python3.10/site-packages/airflow/example_dags/example_xcom.py
[2024-02-14T23:49:23.425+0000] {processor.py:840} INFO - DAG(s) 'example_xcom' retrieved from /home/ubuntu/reddit_venv/lib/python3.10/site-packages/airflow/example_dags/example_xcom.py
[2024-02-14T23:49:23.441+0000] {logging_mixin.py:188} INFO - [2024-02-14T23:49:23.441+0000] {dag.py:3036} INFO - Sync 1 DAGs
[2024-02-14T23:49:23.460+0000] {logging_mixin.py:188} INFO - [2024-02-14T23:49:23.460+0000] {dag.py:3823} INFO - Setting next_dagrun for example_xcom to 2021-01-01 00:00:00+00:00, run_after=2021-01-01 00:00:00+00:00
[2024-02-14T23:49:23.482+0000] {processor.py:183} INFO - Processing /home/ubuntu/reddit_venv/lib/python3.10/site-packages/airflow/example_dags/example_xcom.py took 0.072 seconds
[2024-02-14T23:49:59.206+0000] {processor.py:161} INFO - Started process (PID=10950) to work on /home/ubuntu/reddit_venv/lib/python3.10/site-packages/airflow/example_dags/example_xcom.py
[2024-02-14T23:49:59.208+0000] {processor.py:830} INFO - Processing file /home/ubuntu/reddit_venv/lib/python3.10/site-packages/airflow/example_dags/example_xcom.py for tasks to queue
[2024-02-14T23:49:59.208+0000] {logging_mixin.py:188} INFO - [2024-02-14T23:49:59.208+0000] {dagbag.py:538} INFO - Filling up the DagBag from /home/ubuntu/reddit_venv/lib/python3.10/site-packages/airflow/example_dags/example_xcom.py
[2024-02-14T23:49:59.217+0000] {processor.py:840} INFO - DAG(s) 'example_xcom' retrieved from /home/ubuntu/reddit_venv/lib/python3.10/site-packages/airflow/example_dags/example_xcom.py
[2024-02-14T23:49:59.234+0000] {logging_mixin.py:188} INFO - [2024-02-14T23:49:59.233+0000] {dag.py:3036} INFO - Sync 1 DAGs
[2024-02-14T23:49:59.253+0000] {logging_mixin.py:188} INFO - [2024-02-14T23:49:59.253+0000] {dag.py:3823} INFO - Setting next_dagrun for example_xcom to 2021-01-01 00:00:00+00:00, run_after=2021-01-01 00:00:00+00:00
[2024-02-14T23:49:59.276+0000] {processor.py:183} INFO - Processing /home/ubuntu/reddit_venv/lib/python3.10/site-packages/airflow/example_dags/example_xcom.py took 0.073 seconds
[2024-02-14T23:50:37.693+0000] {processor.py:161} INFO - Started process (PID=11055) to work on /home/ubuntu/reddit_venv/lib/python3.10/site-packages/airflow/example_dags/example_xcom.py
[2024-02-14T23:50:37.695+0000] {processor.py:830} INFO - Processing file /home/ubuntu/reddit_venv/lib/python3.10/site-packages/airflow/example_dags/example_xcom.py for tasks to queue
[2024-02-14T23:50:37.696+0000] {logging_mixin.py:188} INFO - [2024-02-14T23:50:37.695+0000] {dagbag.py:538} INFO - Filling up the DagBag from /home/ubuntu/reddit_venv/lib/python3.10/site-packages/airflow/example_dags/example_xcom.py
[2024-02-14T23:50:37.704+0000] {processor.py:840} INFO - DAG(s) 'example_xcom' retrieved from /home/ubuntu/reddit_venv/lib/python3.10/site-packages/airflow/example_dags/example_xcom.py
[2024-02-14T23:50:37.721+0000] {logging_mixin.py:188} INFO - [2024-02-14T23:50:37.721+0000] {dag.py:3036} INFO - Sync 1 DAGs
[2024-02-14T23:50:37.740+0000] {logging_mixin.py:188} INFO - [2024-02-14T23:50:37.740+0000] {dag.py:3823} INFO - Setting next_dagrun for example_xcom to 2021-01-01 00:00:00+00:00, run_after=2021-01-01 00:00:00+00:00
[2024-02-14T23:50:37.763+0000] {processor.py:183} INFO - Processing /home/ubuntu/reddit_venv/lib/python3.10/site-packages/airflow/example_dags/example_xcom.py took 0.073 seconds
[2024-02-14T23:51:15.729+0000] {processor.py:161} INFO - Started process (PID=11095) to work on /home/ubuntu/reddit_venv/lib/python3.10/site-packages/airflow/example_dags/example_xcom.py
[2024-02-14T23:51:15.731+0000] {processor.py:830} INFO - Processing file /home/ubuntu/reddit_venv/lib/python3.10/site-packages/airflow/example_dags/example_xcom.py for tasks to queue
[2024-02-14T23:51:15.732+0000] {logging_mixin.py:188} INFO - [2024-02-14T23:51:15.731+0000] {dagbag.py:538} INFO - Filling up the DagBag from /home/ubuntu/reddit_venv/lib/python3.10/site-packages/airflow/example_dags/example_xcom.py
[2024-02-14T23:51:15.740+0000] {processor.py:840} INFO - DAG(s) 'example_xcom' retrieved from /home/ubuntu/reddit_venv/lib/python3.10/site-packages/airflow/example_dags/example_xcom.py
[2024-02-14T23:51:15.757+0000] {logging_mixin.py:188} INFO - [2024-02-14T23:51:15.757+0000] {dag.py:3036} INFO - Sync 1 DAGs
[2024-02-14T23:51:15.776+0000] {logging_mixin.py:188} INFO - [2024-02-14T23:51:15.776+0000] {dag.py:3823} INFO - Setting next_dagrun for example_xcom to 2021-01-01 00:00:00+00:00, run_after=2021-01-01 00:00:00+00:00
[2024-02-14T23:51:15.802+0000] {processor.py:183} INFO - Processing /home/ubuntu/reddit_venv/lib/python3.10/site-packages/airflow/example_dags/example_xcom.py took 0.076 seconds
[2024-02-14T23:51:55.072+0000] {processor.py:161} INFO - Started process (PID=11202) to work on /home/ubuntu/reddit_venv/lib/python3.10/site-packages/airflow/example_dags/example_xcom.py
[2024-02-14T23:51:55.074+0000] {processor.py:830} INFO - Processing file /home/ubuntu/reddit_venv/lib/python3.10/site-packages/airflow/example_dags/example_xcom.py for tasks to queue
[2024-02-14T23:51:55.075+0000] {logging_mixin.py:188} INFO - [2024-02-14T23:51:55.074+0000] {dagbag.py:538} INFO - Filling up the DagBag from /home/ubuntu/reddit_venv/lib/python3.10/site-packages/airflow/example_dags/example_xcom.py
[2024-02-14T23:51:55.083+0000] {processor.py:840} INFO - DAG(s) 'example_xcom' retrieved from /home/ubuntu/reddit_venv/lib/python3.10/site-packages/airflow/example_dags/example_xcom.py
[2024-02-14T23:51:55.099+0000] {logging_mixin.py:188} INFO - [2024-02-14T23:51:55.099+0000] {dag.py:3036} INFO - Sync 1 DAGs
[2024-02-14T23:51:55.119+0000] {logging_mixin.py:188} INFO - [2024-02-14T23:51:55.118+0000] {dag.py:3823} INFO - Setting next_dagrun for example_xcom to 2021-01-01 00:00:00+00:00, run_after=2021-01-01 00:00:00+00:00
[2024-02-14T23:51:55.140+0000] {processor.py:183} INFO - Processing /home/ubuntu/reddit_venv/lib/python3.10/site-packages/airflow/example_dags/example_xcom.py took 0.072 seconds
[2024-02-14T23:52:35.474+0000] {processor.py:161} INFO - Started process (PID=11307) to work on /home/ubuntu/reddit_venv/lib/python3.10/site-packages/airflow/example_dags/example_xcom.py
[2024-02-14T23:52:35.476+0000] {processor.py:830} INFO - Processing file /home/ubuntu/reddit_venv/lib/python3.10/site-packages/airflow/example_dags/example_xcom.py for tasks to queue
[2024-02-14T23:52:35.477+0000] {logging_mixin.py:188} INFO - [2024-02-14T23:52:35.476+0000] {dagbag.py:538} INFO - Filling up the DagBag from /home/ubuntu/reddit_venv/lib/python3.10/site-packages/airflow/example_dags/example_xcom.py
[2024-02-14T23:52:35.485+0000] {processor.py:840} INFO - DAG(s) 'example_xcom' retrieved from /home/ubuntu/reddit_venv/lib/python3.10/site-packages/airflow/example_dags/example_xcom.py
[2024-02-14T23:52:35.502+0000] {logging_mixin.py:188} INFO - [2024-02-14T23:52:35.502+0000] {dag.py:3036} INFO - Sync 1 DAGs
[2024-02-14T23:52:35.522+0000] {logging_mixin.py:188} INFO - [2024-02-14T23:52:35.522+0000] {dag.py:3823} INFO - Setting next_dagrun for example_xcom to 2021-01-01 00:00:00+00:00, run_after=2021-01-01 00:00:00+00:00
[2024-02-14T23:52:35.544+0000] {processor.py:183} INFO - Processing /home/ubuntu/reddit_venv/lib/python3.10/site-packages/airflow/example_dags/example_xcom.py took 0.073 seconds
[2024-02-14T23:53:18.750+0000] {processor.py:161} INFO - Started process (PID=11355) to work on /home/ubuntu/reddit_venv/lib/python3.10/site-packages/airflow/example_dags/example_xcom.py
[2024-02-14T23:53:18.752+0000] {processor.py:830} INFO - Processing file /home/ubuntu/reddit_venv/lib/python3.10/site-packages/airflow/example_dags/example_xcom.py for tasks to queue
[2024-02-14T23:53:18.753+0000] {logging_mixin.py:188} INFO - [2024-02-14T23:53:18.752+0000] {dagbag.py:538} INFO - Filling up the DagBag from /home/ubuntu/reddit_venv/lib/python3.10/site-packages/airflow/example_dags/example_xcom.py
[2024-02-14T23:53:18.761+0000] {processor.py:840} INFO - DAG(s) 'example_xcom' retrieved from /home/ubuntu/reddit_venv/lib/python3.10/site-packages/airflow/example_dags/example_xcom.py
[2024-02-14T23:53:18.778+0000] {logging_mixin.py:188} INFO - [2024-02-14T23:53:18.777+0000] {dag.py:3036} INFO - Sync 1 DAGs
[2024-02-14T23:53:18.798+0000] {logging_mixin.py:188} INFO - [2024-02-14T23:53:18.797+0000] {dag.py:3823} INFO - Setting next_dagrun for example_xcom to 2021-01-01 00:00:00+00:00, run_after=2021-01-01 00:00:00+00:00
[2024-02-14T23:53:18.820+0000] {processor.py:183} INFO - Processing /home/ubuntu/reddit_venv/lib/python3.10/site-packages/airflow/example_dags/example_xcom.py took 0.073 seconds
[2024-02-14T23:54:00.479+0000] {processor.py:161} INFO - Started process (PID=11461) to work on /home/ubuntu/reddit_venv/lib/python3.10/site-packages/airflow/example_dags/example_xcom.py
[2024-02-14T23:54:00.481+0000] {processor.py:830} INFO - Processing file /home/ubuntu/reddit_venv/lib/python3.10/site-packages/airflow/example_dags/example_xcom.py for tasks to queue
[2024-02-14T23:54:00.482+0000] {logging_mixin.py:188} INFO - [2024-02-14T23:54:00.481+0000] {dagbag.py:538} INFO - Filling up the DagBag from /home/ubuntu/reddit_venv/lib/python3.10/site-packages/airflow/example_dags/example_xcom.py
[2024-02-14T23:54:00.490+0000] {processor.py:840} INFO - DAG(s) 'example_xcom' retrieved from /home/ubuntu/reddit_venv/lib/python3.10/site-packages/airflow/example_dags/example_xcom.py
[2024-02-14T23:54:00.507+0000] {logging_mixin.py:188} INFO - [2024-02-14T23:54:00.507+0000] {dag.py:3036} INFO - Sync 1 DAGs
[2024-02-14T23:54:00.527+0000] {logging_mixin.py:188} INFO - [2024-02-14T23:54:00.527+0000] {dag.py:3823} INFO - Setting next_dagrun for example_xcom to 2021-01-01 00:00:00+00:00, run_after=2021-01-01 00:00:00+00:00
[2024-02-14T23:54:00.550+0000] {processor.py:183} INFO - Processing /home/ubuntu/reddit_venv/lib/python3.10/site-packages/airflow/example_dags/example_xcom.py took 0.074 seconds
[2024-02-14T23:54:43.317+0000] {processor.py:161} INFO - Started process (PID=11631) to work on /home/ubuntu/reddit_venv/lib/python3.10/site-packages/airflow/example_dags/example_xcom.py
[2024-02-14T23:54:43.319+0000] {processor.py:830} INFO - Processing file /home/ubuntu/reddit_venv/lib/python3.10/site-packages/airflow/example_dags/example_xcom.py for tasks to queue
[2024-02-14T23:54:43.320+0000] {logging_mixin.py:188} INFO - [2024-02-14T23:54:43.319+0000] {dagbag.py:538} INFO - Filling up the DagBag from /home/ubuntu/reddit_venv/lib/python3.10/site-packages/airflow/example_dags/example_xcom.py
[2024-02-14T23:54:43.328+0000] {processor.py:840} INFO - DAG(s) 'example_xcom' retrieved from /home/ubuntu/reddit_venv/lib/python3.10/site-packages/airflow/example_dags/example_xcom.py
[2024-02-14T23:54:43.345+0000] {logging_mixin.py:188} INFO - [2024-02-14T23:54:43.345+0000] {dag.py:3036} INFO - Sync 1 DAGs
[2024-02-14T23:54:43.364+0000] {logging_mixin.py:188} INFO - [2024-02-14T23:54:43.364+0000] {dag.py:3823} INFO - Setting next_dagrun for example_xcom to 2021-01-01 00:00:00+00:00, run_after=2021-01-01 00:00:00+00:00
[2024-02-14T23:54:43.385+0000] {processor.py:183} INFO - Processing /home/ubuntu/reddit_venv/lib/python3.10/site-packages/airflow/example_dags/example_xcom.py took 0.071 seconds
[2024-02-14T23:55:22.291+0000] {processor.py:161} INFO - Started process (PID=11676) to work on /home/ubuntu/reddit_venv/lib/python3.10/site-packages/airflow/example_dags/example_xcom.py
[2024-02-14T23:55:22.293+0000] {processor.py:830} INFO - Processing file /home/ubuntu/reddit_venv/lib/python3.10/site-packages/airflow/example_dags/example_xcom.py for tasks to queue
[2024-02-14T23:55:22.294+0000] {logging_mixin.py:188} INFO - [2024-02-14T23:55:22.293+0000] {dagbag.py:538} INFO - Filling up the DagBag from /home/ubuntu/reddit_venv/lib/python3.10/site-packages/airflow/example_dags/example_xcom.py
[2024-02-14T23:55:22.303+0000] {processor.py:840} INFO - DAG(s) 'example_xcom' retrieved from /home/ubuntu/reddit_venv/lib/python3.10/site-packages/airflow/example_dags/example_xcom.py
[2024-02-14T23:55:22.320+0000] {logging_mixin.py:188} INFO - [2024-02-14T23:55:22.320+0000] {dag.py:3036} INFO - Sync 1 DAGs
[2024-02-14T23:55:22.341+0000] {logging_mixin.py:188} INFO - [2024-02-14T23:55:22.341+0000] {dag.py:3823} INFO - Setting next_dagrun for example_xcom to 2021-01-01 00:00:00+00:00, run_after=2021-01-01 00:00:00+00:00
[2024-02-14T23:55:22.364+0000] {processor.py:183} INFO - Processing /home/ubuntu/reddit_venv/lib/python3.10/site-packages/airflow/example_dags/example_xcom.py took 0.076 seconds
[2024-02-14T23:56:01.397+0000] {processor.py:161} INFO - Started process (PID=11780) to work on /home/ubuntu/reddit_venv/lib/python3.10/site-packages/airflow/example_dags/example_xcom.py
[2024-02-14T23:56:01.399+0000] {processor.py:830} INFO - Processing file /home/ubuntu/reddit_venv/lib/python3.10/site-packages/airflow/example_dags/example_xcom.py for tasks to queue
[2024-02-14T23:56:01.399+0000] {logging_mixin.py:188} INFO - [2024-02-14T23:56:01.399+0000] {dagbag.py:538} INFO - Filling up the DagBag from /home/ubuntu/reddit_venv/lib/python3.10/site-packages/airflow/example_dags/example_xcom.py
[2024-02-14T23:56:01.408+0000] {processor.py:840} INFO - DAG(s) 'example_xcom' retrieved from /home/ubuntu/reddit_venv/lib/python3.10/site-packages/airflow/example_dags/example_xcom.py
[2024-02-14T23:56:01.424+0000] {logging_mixin.py:188} INFO - [2024-02-14T23:56:01.424+0000] {dag.py:3036} INFO - Sync 1 DAGs
[2024-02-14T23:56:01.444+0000] {logging_mixin.py:188} INFO - [2024-02-14T23:56:01.443+0000] {dag.py:3823} INFO - Setting next_dagrun for example_xcom to 2021-01-01 00:00:00+00:00, run_after=2021-01-01 00:00:00+00:00
[2024-02-14T23:56:01.466+0000] {processor.py:183} INFO - Processing /home/ubuntu/reddit_venv/lib/python3.10/site-packages/airflow/example_dags/example_xcom.py took 0.072 seconds
[2024-02-14T23:56:40.104+0000] {processor.py:161} INFO - Started process (PID=12069) to work on /home/ubuntu/reddit_venv/lib/python3.10/site-packages/airflow/example_dags/example_xcom.py
[2024-02-14T23:56:40.106+0000] {processor.py:830} INFO - Processing file /home/ubuntu/reddit_venv/lib/python3.10/site-packages/airflow/example_dags/example_xcom.py for tasks to queue
[2024-02-14T23:56:40.106+0000] {logging_mixin.py:188} INFO - [2024-02-14T23:56:40.106+0000] {dagbag.py:538} INFO - Filling up the DagBag from /home/ubuntu/reddit_venv/lib/python3.10/site-packages/airflow/example_dags/example_xcom.py
[2024-02-14T23:56:40.114+0000] {processor.py:840} INFO - DAG(s) 'example_xcom' retrieved from /home/ubuntu/reddit_venv/lib/python3.10/site-packages/airflow/example_dags/example_xcom.py
[2024-02-14T23:56:40.131+0000] {logging_mixin.py:188} INFO - [2024-02-14T23:56:40.131+0000] {dag.py:3036} INFO - Sync 1 DAGs
[2024-02-14T23:56:40.150+0000] {logging_mixin.py:188} INFO - [2024-02-14T23:56:40.150+0000] {dag.py:3823} INFO - Setting next_dagrun for example_xcom to 2021-01-01 00:00:00+00:00, run_after=2021-01-01 00:00:00+00:00
[2024-02-14T23:56:40.172+0000] {processor.py:183} INFO - Processing /home/ubuntu/reddit_venv/lib/python3.10/site-packages/airflow/example_dags/example_xcom.py took 0.071 seconds
[2024-02-14T23:57:18.288+0000] {processor.py:161} INFO - Started process (PID=14201) to work on /home/ubuntu/reddit_venv/lib/python3.10/site-packages/airflow/example_dags/example_xcom.py
[2024-02-14T23:57:18.289+0000] {processor.py:830} INFO - Processing file /home/ubuntu/reddit_venv/lib/python3.10/site-packages/airflow/example_dags/example_xcom.py for tasks to queue
[2024-02-14T23:57:18.290+0000] {logging_mixin.py:188} INFO - [2024-02-14T23:57:18.290+0000] {dagbag.py:538} INFO - Filling up the DagBag from /home/ubuntu/reddit_venv/lib/python3.10/site-packages/airflow/example_dags/example_xcom.py
[2024-02-14T23:57:18.298+0000] {processor.py:840} INFO - DAG(s) 'example_xcom' retrieved from /home/ubuntu/reddit_venv/lib/python3.10/site-packages/airflow/example_dags/example_xcom.py
[2024-02-14T23:57:18.315+0000] {logging_mixin.py:188} INFO - [2024-02-14T23:57:18.315+0000] {dag.py:3036} INFO - Sync 1 DAGs
[2024-02-14T23:57:18.335+0000] {logging_mixin.py:188} INFO - [2024-02-14T23:57:18.335+0000] {dag.py:3823} INFO - Setting next_dagrun for example_xcom to 2021-01-01 00:00:00+00:00, run_after=2021-01-01 00:00:00+00:00
[2024-02-14T23:57:18.360+0000] {processor.py:183} INFO - Processing /home/ubuntu/reddit_venv/lib/python3.10/site-packages/airflow/example_dags/example_xcom.py took 0.076 seconds
[2024-02-14T23:57:57.261+0000] {processor.py:161} INFO - Started process (PID=20464) to work on /home/ubuntu/reddit_venv/lib/python3.10/site-packages/airflow/example_dags/example_xcom.py
[2024-02-14T23:57:57.263+0000] {processor.py:830} INFO - Processing file /home/ubuntu/reddit_venv/lib/python3.10/site-packages/airflow/example_dags/example_xcom.py for tasks to queue
[2024-02-14T23:57:57.264+0000] {logging_mixin.py:188} INFO - [2024-02-14T23:57:57.263+0000] {dagbag.py:538} INFO - Filling up the DagBag from /home/ubuntu/reddit_venv/lib/python3.10/site-packages/airflow/example_dags/example_xcom.py
[2024-02-14T23:57:57.272+0000] {processor.py:840} INFO - DAG(s) 'example_xcom' retrieved from /home/ubuntu/reddit_venv/lib/python3.10/site-packages/airflow/example_dags/example_xcom.py
[2024-02-14T23:57:57.289+0000] {logging_mixin.py:188} INFO - [2024-02-14T23:57:57.289+0000] {dag.py:3036} INFO - Sync 1 DAGs
[2024-02-14T23:57:57.309+0000] {logging_mixin.py:188} INFO - [2024-02-14T23:57:57.309+0000] {dag.py:3823} INFO - Setting next_dagrun for example_xcom to 2021-01-01 00:00:00+00:00, run_after=2021-01-01 00:00:00+00:00
[2024-02-14T23:57:57.333+0000] {processor.py:183} INFO - Processing /home/ubuntu/reddit_venv/lib/python3.10/site-packages/airflow/example_dags/example_xcom.py took 0.075 seconds
[2024-02-14T23:58:39.183+0000] {processor.py:161} INFO - Started process (PID=22318) to work on /home/ubuntu/reddit_venv/lib/python3.10/site-packages/airflow/example_dags/example_xcom.py
[2024-02-14T23:58:39.185+0000] {processor.py:830} INFO - Processing file /home/ubuntu/reddit_venv/lib/python3.10/site-packages/airflow/example_dags/example_xcom.py for tasks to queue
[2024-02-14T23:58:39.186+0000] {logging_mixin.py:188} INFO - [2024-02-14T23:58:39.185+0000] {dagbag.py:538} INFO - Filling up the DagBag from /home/ubuntu/reddit_venv/lib/python3.10/site-packages/airflow/example_dags/example_xcom.py
[2024-02-14T23:58:39.194+0000] {processor.py:840} INFO - DAG(s) 'example_xcom' retrieved from /home/ubuntu/reddit_venv/lib/python3.10/site-packages/airflow/example_dags/example_xcom.py
[2024-02-14T23:58:39.210+0000] {logging_mixin.py:188} INFO - [2024-02-14T23:58:39.210+0000] {dag.py:3036} INFO - Sync 1 DAGs
[2024-02-14T23:58:39.230+0000] {logging_mixin.py:188} INFO - [2024-02-14T23:58:39.230+0000] {dag.py:3823} INFO - Setting next_dagrun for example_xcom to 2021-01-01 00:00:00+00:00, run_after=2021-01-01 00:00:00+00:00
[2024-02-14T23:58:39.253+0000] {processor.py:183} INFO - Processing /home/ubuntu/reddit_venv/lib/python3.10/site-packages/airflow/example_dags/example_xcom.py took 0.073 seconds
[2024-02-14T23:59:21.770+0000] {processor.py:161} INFO - Started process (PID=22446) to work on /home/ubuntu/reddit_venv/lib/python3.10/site-packages/airflow/example_dags/example_xcom.py
[2024-02-14T23:59:21.771+0000] {processor.py:830} INFO - Processing file /home/ubuntu/reddit_venv/lib/python3.10/site-packages/airflow/example_dags/example_xcom.py for tasks to queue
[2024-02-14T23:59:21.772+0000] {logging_mixin.py:188} INFO - [2024-02-14T23:59:21.772+0000] {dagbag.py:538} INFO - Filling up the DagBag from /home/ubuntu/reddit_venv/lib/python3.10/site-packages/airflow/example_dags/example_xcom.py
[2024-02-14T23:59:21.781+0000] {processor.py:840} INFO - DAG(s) 'example_xcom' retrieved from /home/ubuntu/reddit_venv/lib/python3.10/site-packages/airflow/example_dags/example_xcom.py
[2024-02-14T23:59:21.798+0000] {logging_mixin.py:188} INFO - [2024-02-14T23:59:21.798+0000] {dag.py:3036} INFO - Sync 1 DAGs
[2024-02-14T23:59:21.818+0000] {logging_mixin.py:188} INFO - [2024-02-14T23:59:21.818+0000] {dag.py:3823} INFO - Setting next_dagrun for example_xcom to 2021-01-01 00:00:00+00:00, run_after=2021-01-01 00:00:00+00:00
[2024-02-14T23:59:21.841+0000] {processor.py:183} INFO - Processing /home/ubuntu/reddit_venv/lib/python3.10/site-packages/airflow/example_dags/example_xcom.py took 0.075 seconds
