[2024-02-14T23:10:10.290+0000] {processor.py:161} INFO - Started process (PID=1668) to work on /home/ubuntu/reddit_venv/lib/python3.10/site-packages/airflow/example_dags/example_branch_operator_decorator.py
[2024-02-14T23:10:10.291+0000] {processor.py:830} INFO - Processing file /home/ubuntu/reddit_venv/lib/python3.10/site-packages/airflow/example_dags/example_branch_operator_decorator.py for tasks to queue
[2024-02-14T23:10:10.292+0000] {logging_mixin.py:188} INFO - [2024-02-14T23:10:10.292+0000] {dagbag.py:538} INFO - Filling up the DagBag from /home/ubuntu/reddit_venv/lib/python3.10/site-packages/airflow/example_dags/example_branch_operator_decorator.py
[2024-02-14T23:10:10.315+0000] {processor.py:840} INFO - DAG(s) 'example_branch_python_operator_decorator' retrieved from /home/ubuntu/reddit_venv/lib/python3.10/site-packages/airflow/example_dags/example_branch_operator_decorator.py
[2024-02-14T23:10:10.418+0000] {logging_mixin.py:188} INFO - [2024-02-14T23:10:10.418+0000] {dag.py:3036} INFO - Sync 1 DAGs
[2024-02-14T23:10:10.438+0000] {logging_mixin.py:188} INFO - [2024-02-14T23:10:10.438+0000] {dag.py:3823} INFO - Setting next_dagrun for example_branch_python_operator_decorator to 2024-02-13 00:00:00+00:00, run_after=2024-02-14 00:00:00+00:00
[2024-02-14T23:10:10.462+0000] {processor.py:183} INFO - Processing /home/ubuntu/reddit_venv/lib/python3.10/site-packages/airflow/example_dags/example_branch_operator_decorator.py took 0.175 seconds
[2024-02-14T23:11:14.293+0000] {processor.py:161} INFO - Started process (PID=1799) to work on /home/ubuntu/reddit_venv/lib/python3.10/site-packages/airflow/example_dags/example_branch_operator_decorator.py
[2024-02-14T23:11:14.296+0000] {processor.py:830} INFO - Processing file /home/ubuntu/reddit_venv/lib/python3.10/site-packages/airflow/example_dags/example_branch_operator_decorator.py for tasks to queue
[2024-02-14T23:11:14.297+0000] {logging_mixin.py:188} INFO - [2024-02-14T23:11:14.297+0000] {dagbag.py:538} INFO - Filling up the DagBag from /home/ubuntu/reddit_venv/lib/python3.10/site-packages/airflow/example_dags/example_branch_operator_decorator.py
[2024-02-14T23:11:14.321+0000] {processor.py:840} INFO - DAG(s) 'example_branch_python_operator_decorator' retrieved from /home/ubuntu/reddit_venv/lib/python3.10/site-packages/airflow/example_dags/example_branch_operator_decorator.py
[2024-02-14T23:11:14.344+0000] {logging_mixin.py:188} INFO - [2024-02-14T23:11:14.343+0000] {dag.py:3036} INFO - Sync 1 DAGs
[2024-02-14T23:11:14.364+0000] {logging_mixin.py:188} INFO - [2024-02-14T23:11:14.364+0000] {dag.py:3823} INFO - Setting next_dagrun for example_branch_python_operator_decorator to 2024-02-13 00:00:00+00:00, run_after=2024-02-14 00:00:00+00:00
[2024-02-14T23:11:14.391+0000] {processor.py:183} INFO - Processing /home/ubuntu/reddit_venv/lib/python3.10/site-packages/airflow/example_dags/example_branch_operator_decorator.py took 0.101 seconds
[2024-02-14T23:12:11.917+0000] {processor.py:161} INFO - Started process (PID=1927) to work on /home/ubuntu/reddit_venv/lib/python3.10/site-packages/airflow/example_dags/example_branch_operator_decorator.py
[2024-02-14T23:12:11.920+0000] {processor.py:830} INFO - Processing file /home/ubuntu/reddit_venv/lib/python3.10/site-packages/airflow/example_dags/example_branch_operator_decorator.py for tasks to queue
[2024-02-14T23:12:11.921+0000] {logging_mixin.py:188} INFO - [2024-02-14T23:12:11.920+0000] {dagbag.py:538} INFO - Filling up the DagBag from /home/ubuntu/reddit_venv/lib/python3.10/site-packages/airflow/example_dags/example_branch_operator_decorator.py
[2024-02-14T23:12:11.944+0000] {processor.py:840} INFO - DAG(s) 'example_branch_python_operator_decorator' retrieved from /home/ubuntu/reddit_venv/lib/python3.10/site-packages/airflow/example_dags/example_branch_operator_decorator.py
[2024-02-14T23:12:11.968+0000] {logging_mixin.py:188} INFO - [2024-02-14T23:12:11.968+0000] {dag.py:3036} INFO - Sync 1 DAGs
[2024-02-14T23:12:11.990+0000] {logging_mixin.py:188} INFO - [2024-02-14T23:12:11.990+0000] {dag.py:3823} INFO - Setting next_dagrun for example_branch_python_operator_decorator to 2024-02-13 00:00:00+00:00, run_after=2024-02-14 00:00:00+00:00
[2024-02-14T23:12:12.011+0000] {processor.py:183} INFO - Processing /home/ubuntu/reddit_venv/lib/python3.10/site-packages/airflow/example_dags/example_branch_operator_decorator.py took 0.098 seconds
[2024-02-14T23:13:11.580+0000] {processor.py:161} INFO - Started process (PID=2364) to work on /home/ubuntu/reddit_venv/lib/python3.10/site-packages/airflow/example_dags/example_branch_operator_decorator.py
[2024-02-14T23:13:11.583+0000] {processor.py:830} INFO - Processing file /home/ubuntu/reddit_venv/lib/python3.10/site-packages/airflow/example_dags/example_branch_operator_decorator.py for tasks to queue
[2024-02-14T23:13:11.584+0000] {logging_mixin.py:188} INFO - [2024-02-14T23:13:11.583+0000] {dagbag.py:538} INFO - Filling up the DagBag from /home/ubuntu/reddit_venv/lib/python3.10/site-packages/airflow/example_dags/example_branch_operator_decorator.py
[2024-02-14T23:13:11.607+0000] {processor.py:840} INFO - DAG(s) 'example_branch_python_operator_decorator' retrieved from /home/ubuntu/reddit_venv/lib/python3.10/site-packages/airflow/example_dags/example_branch_operator_decorator.py
[2024-02-14T23:13:11.631+0000] {logging_mixin.py:188} INFO - [2024-02-14T23:13:11.631+0000] {dag.py:3036} INFO - Sync 1 DAGs
[2024-02-14T23:13:11.653+0000] {logging_mixin.py:188} INFO - [2024-02-14T23:13:11.652+0000] {dag.py:3823} INFO - Setting next_dagrun for example_branch_python_operator_decorator to 2024-02-13 00:00:00+00:00, run_after=2024-02-14 00:00:00+00:00
[2024-02-14T23:13:11.674+0000] {processor.py:183} INFO - Processing /home/ubuntu/reddit_venv/lib/python3.10/site-packages/airflow/example_dags/example_branch_operator_decorator.py took 0.097 seconds
[2024-02-14T23:14:10.378+0000] {processor.py:161} INFO - Started process (PID=2494) to work on /home/ubuntu/reddit_venv/lib/python3.10/site-packages/airflow/example_dags/example_branch_operator_decorator.py
[2024-02-14T23:14:10.379+0000] {processor.py:830} INFO - Processing file /home/ubuntu/reddit_venv/lib/python3.10/site-packages/airflow/example_dags/example_branch_operator_decorator.py for tasks to queue
[2024-02-14T23:14:10.380+0000] {logging_mixin.py:188} INFO - [2024-02-14T23:14:10.380+0000] {dagbag.py:538} INFO - Filling up the DagBag from /home/ubuntu/reddit_venv/lib/python3.10/site-packages/airflow/example_dags/example_branch_operator_decorator.py
[2024-02-14T23:14:10.404+0000] {processor.py:840} INFO - DAG(s) 'example_branch_python_operator_decorator' retrieved from /home/ubuntu/reddit_venv/lib/python3.10/site-packages/airflow/example_dags/example_branch_operator_decorator.py
[2024-02-14T23:14:10.428+0000] {logging_mixin.py:188} INFO - [2024-02-14T23:14:10.427+0000] {dag.py:3036} INFO - Sync 1 DAGs
[2024-02-14T23:14:10.449+0000] {logging_mixin.py:188} INFO - [2024-02-14T23:14:10.448+0000] {dag.py:3823} INFO - Setting next_dagrun for example_branch_python_operator_decorator to 2024-02-13 00:00:00+00:00, run_after=2024-02-14 00:00:00+00:00
[2024-02-14T23:14:10.472+0000] {processor.py:183} INFO - Processing /home/ubuntu/reddit_venv/lib/python3.10/site-packages/airflow/example_dags/example_branch_operator_decorator.py took 0.098 seconds
[2024-02-14T23:15:11.564+0000] {processor.py:161} INFO - Started process (PID=2921) to work on /home/ubuntu/reddit_venv/lib/python3.10/site-packages/airflow/example_dags/example_branch_operator_decorator.py
[2024-02-14T23:15:11.566+0000] {processor.py:830} INFO - Processing file /home/ubuntu/reddit_venv/lib/python3.10/site-packages/airflow/example_dags/example_branch_operator_decorator.py for tasks to queue
[2024-02-14T23:15:11.567+0000] {logging_mixin.py:188} INFO - [2024-02-14T23:15:11.566+0000] {dagbag.py:538} INFO - Filling up the DagBag from /home/ubuntu/reddit_venv/lib/python3.10/site-packages/airflow/example_dags/example_branch_operator_decorator.py
[2024-02-14T23:15:11.591+0000] {processor.py:840} INFO - DAG(s) 'example_branch_python_operator_decorator' retrieved from /home/ubuntu/reddit_venv/lib/python3.10/site-packages/airflow/example_dags/example_branch_operator_decorator.py
[2024-02-14T23:15:11.615+0000] {logging_mixin.py:188} INFO - [2024-02-14T23:15:11.615+0000] {dag.py:3036} INFO - Sync 1 DAGs
[2024-02-14T23:15:11.638+0000] {logging_mixin.py:188} INFO - [2024-02-14T23:15:11.637+0000] {dag.py:3823} INFO - Setting next_dagrun for example_branch_python_operator_decorator to 2024-02-13 00:00:00+00:00, run_after=2024-02-14 00:00:00+00:00
[2024-02-14T23:15:11.662+0000] {processor.py:183} INFO - Processing /home/ubuntu/reddit_venv/lib/python3.10/site-packages/airflow/example_dags/example_branch_operator_decorator.py took 0.101 seconds
[2024-02-14T23:16:11.279+0000] {processor.py:161} INFO - Started process (PID=3172) to work on /home/ubuntu/reddit_venv/lib/python3.10/site-packages/airflow/example_dags/example_branch_operator_decorator.py
[2024-02-14T23:16:11.281+0000] {processor.py:830} INFO - Processing file /home/ubuntu/reddit_venv/lib/python3.10/site-packages/airflow/example_dags/example_branch_operator_decorator.py for tasks to queue
[2024-02-14T23:16:11.282+0000] {logging_mixin.py:188} INFO - [2024-02-14T23:16:11.281+0000] {dagbag.py:538} INFO - Filling up the DagBag from /home/ubuntu/reddit_venv/lib/python3.10/site-packages/airflow/example_dags/example_branch_operator_decorator.py
[2024-02-14T23:16:11.306+0000] {processor.py:840} INFO - DAG(s) 'example_branch_python_operator_decorator' retrieved from /home/ubuntu/reddit_venv/lib/python3.10/site-packages/airflow/example_dags/example_branch_operator_decorator.py
[2024-02-14T23:16:11.330+0000] {logging_mixin.py:188} INFO - [2024-02-14T23:16:11.330+0000] {dag.py:3036} INFO - Sync 1 DAGs
[2024-02-14T23:16:11.352+0000] {logging_mixin.py:188} INFO - [2024-02-14T23:16:11.352+0000] {dag.py:3823} INFO - Setting next_dagrun for example_branch_python_operator_decorator to 2024-02-13 00:00:00+00:00, run_after=2024-02-14 00:00:00+00:00
[2024-02-14T23:16:11.374+0000] {processor.py:183} INFO - Processing /home/ubuntu/reddit_venv/lib/python3.10/site-packages/airflow/example_dags/example_branch_operator_decorator.py took 0.098 seconds
[2024-02-14T23:17:08.757+0000] {processor.py:161} INFO - Started process (PID=3783) to work on /home/ubuntu/reddit_venv/lib/python3.10/site-packages/airflow/example_dags/example_branch_operator_decorator.py
[2024-02-14T23:17:08.759+0000] {processor.py:830} INFO - Processing file /home/ubuntu/reddit_venv/lib/python3.10/site-packages/airflow/example_dags/example_branch_operator_decorator.py for tasks to queue
[2024-02-14T23:17:08.759+0000] {logging_mixin.py:188} INFO - [2024-02-14T23:17:08.759+0000] {dagbag.py:538} INFO - Filling up the DagBag from /home/ubuntu/reddit_venv/lib/python3.10/site-packages/airflow/example_dags/example_branch_operator_decorator.py
[2024-02-14T23:17:08.782+0000] {processor.py:840} INFO - DAG(s) 'example_branch_python_operator_decorator' retrieved from /home/ubuntu/reddit_venv/lib/python3.10/site-packages/airflow/example_dags/example_branch_operator_decorator.py
[2024-02-14T23:17:08.806+0000] {logging_mixin.py:188} INFO - [2024-02-14T23:17:08.806+0000] {dag.py:3036} INFO - Sync 1 DAGs
[2024-02-14T23:17:08.828+0000] {logging_mixin.py:188} INFO - [2024-02-14T23:17:08.827+0000] {dag.py:3823} INFO - Setting next_dagrun for example_branch_python_operator_decorator to 2024-02-13 00:00:00+00:00, run_after=2024-02-14 00:00:00+00:00
[2024-02-14T23:17:08.848+0000] {processor.py:183} INFO - Processing /home/ubuntu/reddit_venv/lib/python3.10/site-packages/airflow/example_dags/example_branch_operator_decorator.py took 0.095 seconds
[2024-02-14T23:18:06.498+0000] {processor.py:161} INFO - Started process (PID=4572) to work on /home/ubuntu/reddit_venv/lib/python3.10/site-packages/airflow/example_dags/example_branch_operator_decorator.py
[2024-02-14T23:18:06.499+0000] {processor.py:830} INFO - Processing file /home/ubuntu/reddit_venv/lib/python3.10/site-packages/airflow/example_dags/example_branch_operator_decorator.py for tasks to queue
[2024-02-14T23:18:06.500+0000] {logging_mixin.py:188} INFO - [2024-02-14T23:18:06.500+0000] {dagbag.py:538} INFO - Filling up the DagBag from /home/ubuntu/reddit_venv/lib/python3.10/site-packages/airflow/example_dags/example_branch_operator_decorator.py
[2024-02-14T23:18:06.523+0000] {processor.py:840} INFO - DAG(s) 'example_branch_python_operator_decorator' retrieved from /home/ubuntu/reddit_venv/lib/python3.10/site-packages/airflow/example_dags/example_branch_operator_decorator.py
[2024-02-14T23:18:06.547+0000] {logging_mixin.py:188} INFO - [2024-02-14T23:18:06.547+0000] {dag.py:3036} INFO - Sync 1 DAGs
[2024-02-14T23:18:06.569+0000] {logging_mixin.py:188} INFO - [2024-02-14T23:18:06.568+0000] {dag.py:3823} INFO - Setting next_dagrun for example_branch_python_operator_decorator to 2024-02-13 00:00:00+00:00, run_after=2024-02-14 00:00:00+00:00
[2024-02-14T23:18:06.591+0000] {processor.py:183} INFO - Processing /home/ubuntu/reddit_venv/lib/python3.10/site-packages/airflow/example_dags/example_branch_operator_decorator.py took 0.096 seconds
[2024-02-14T23:19:08.544+0000] {processor.py:161} INFO - Started process (PID=5368) to work on /home/ubuntu/reddit_venv/lib/python3.10/site-packages/airflow/example_dags/example_branch_operator_decorator.py
[2024-02-14T23:19:08.546+0000] {processor.py:830} INFO - Processing file /home/ubuntu/reddit_venv/lib/python3.10/site-packages/airflow/example_dags/example_branch_operator_decorator.py for tasks to queue
[2024-02-14T23:19:08.547+0000] {logging_mixin.py:188} INFO - [2024-02-14T23:19:08.546+0000] {dagbag.py:538} INFO - Filling up the DagBag from /home/ubuntu/reddit_venv/lib/python3.10/site-packages/airflow/example_dags/example_branch_operator_decorator.py
[2024-02-14T23:19:08.569+0000] {processor.py:840} INFO - DAG(s) 'example_branch_python_operator_decorator' retrieved from /home/ubuntu/reddit_venv/lib/python3.10/site-packages/airflow/example_dags/example_branch_operator_decorator.py
[2024-02-14T23:19:08.593+0000] {logging_mixin.py:188} INFO - [2024-02-14T23:19:08.593+0000] {dag.py:3036} INFO - Sync 1 DAGs
[2024-02-14T23:19:08.614+0000] {logging_mixin.py:188} INFO - [2024-02-14T23:19:08.614+0000] {dag.py:3823} INFO - Setting next_dagrun for example_branch_python_operator_decorator to 2024-02-13 00:00:00+00:00, run_after=2024-02-14 00:00:00+00:00
[2024-02-14T23:19:08.636+0000] {processor.py:183} INFO - Processing /home/ubuntu/reddit_venv/lib/python3.10/site-packages/airflow/example_dags/example_branch_operator_decorator.py took 0.096 seconds
[2024-02-14T23:20:05.751+0000] {processor.py:161} INFO - Started process (PID=5614) to work on /home/ubuntu/reddit_venv/lib/python3.10/site-packages/airflow/example_dags/example_branch_operator_decorator.py
[2024-02-14T23:20:05.752+0000] {processor.py:830} INFO - Processing file /home/ubuntu/reddit_venv/lib/python3.10/site-packages/airflow/example_dags/example_branch_operator_decorator.py for tasks to queue
[2024-02-14T23:20:05.753+0000] {logging_mixin.py:188} INFO - [2024-02-14T23:20:05.753+0000] {dagbag.py:538} INFO - Filling up the DagBag from /home/ubuntu/reddit_venv/lib/python3.10/site-packages/airflow/example_dags/example_branch_operator_decorator.py
[2024-02-14T23:20:05.777+0000] {processor.py:840} INFO - DAG(s) 'example_branch_python_operator_decorator' retrieved from /home/ubuntu/reddit_venv/lib/python3.10/site-packages/airflow/example_dags/example_branch_operator_decorator.py
[2024-02-14T23:20:05.800+0000] {logging_mixin.py:188} INFO - [2024-02-14T23:20:05.800+0000] {dag.py:3036} INFO - Sync 1 DAGs
[2024-02-14T23:20:05.821+0000] {logging_mixin.py:188} INFO - [2024-02-14T23:20:05.821+0000] {dag.py:3823} INFO - Setting next_dagrun for example_branch_python_operator_decorator to 2024-02-13 00:00:00+00:00, run_after=2024-02-14 00:00:00+00:00
[2024-02-14T23:20:05.874+0000] {processor.py:183} INFO - Processing /home/ubuntu/reddit_venv/lib/python3.10/site-packages/airflow/example_dags/example_branch_operator_decorator.py took 0.126 seconds
[2024-02-14T23:21:03.111+0000] {processor.py:161} INFO - Started process (PID=5739) to work on /home/ubuntu/reddit_venv/lib/python3.10/site-packages/airflow/example_dags/example_branch_operator_decorator.py
[2024-02-14T23:21:03.113+0000] {processor.py:830} INFO - Processing file /home/ubuntu/reddit_venv/lib/python3.10/site-packages/airflow/example_dags/example_branch_operator_decorator.py for tasks to queue
[2024-02-14T23:21:03.114+0000] {logging_mixin.py:188} INFO - [2024-02-14T23:21:03.113+0000] {dagbag.py:538} INFO - Filling up the DagBag from /home/ubuntu/reddit_venv/lib/python3.10/site-packages/airflow/example_dags/example_branch_operator_decorator.py
[2024-02-14T23:21:03.137+0000] {processor.py:840} INFO - DAG(s) 'example_branch_python_operator_decorator' retrieved from /home/ubuntu/reddit_venv/lib/python3.10/site-packages/airflow/example_dags/example_branch_operator_decorator.py
[2024-02-14T23:21:03.161+0000] {logging_mixin.py:188} INFO - [2024-02-14T23:21:03.161+0000] {dag.py:3036} INFO - Sync 1 DAGs
[2024-02-14T23:21:03.182+0000] {logging_mixin.py:188} INFO - [2024-02-14T23:21:03.182+0000] {dag.py:3823} INFO - Setting next_dagrun for example_branch_python_operator_decorator to 2024-02-13 00:00:00+00:00, run_after=2024-02-14 00:00:00+00:00
[2024-02-14T23:21:03.204+0000] {processor.py:183} INFO - Processing /home/ubuntu/reddit_venv/lib/python3.10/site-packages/airflow/example_dags/example_branch_operator_decorator.py took 0.096 seconds
[2024-02-14T23:22:05.178+0000] {processor.py:161} INFO - Started process (PID=5992) to work on /home/ubuntu/reddit_venv/lib/python3.10/site-packages/airflow/example_dags/example_branch_operator_decorator.py
[2024-02-14T23:22:05.180+0000] {processor.py:830} INFO - Processing file /home/ubuntu/reddit_venv/lib/python3.10/site-packages/airflow/example_dags/example_branch_operator_decorator.py for tasks to queue
[2024-02-14T23:22:05.181+0000] {logging_mixin.py:188} INFO - [2024-02-14T23:22:05.180+0000] {dagbag.py:538} INFO - Filling up the DagBag from /home/ubuntu/reddit_venv/lib/python3.10/site-packages/airflow/example_dags/example_branch_operator_decorator.py
[2024-02-14T23:22:05.204+0000] {processor.py:840} INFO - DAG(s) 'example_branch_python_operator_decorator' retrieved from /home/ubuntu/reddit_venv/lib/python3.10/site-packages/airflow/example_dags/example_branch_operator_decorator.py
[2024-02-14T23:22:05.227+0000] {logging_mixin.py:188} INFO - [2024-02-14T23:22:05.227+0000] {dag.py:3036} INFO - Sync 1 DAGs
[2024-02-14T23:22:05.248+0000] {logging_mixin.py:188} INFO - [2024-02-14T23:22:05.247+0000] {dag.py:3823} INFO - Setting next_dagrun for example_branch_python_operator_decorator to 2024-02-13 00:00:00+00:00, run_after=2024-02-14 00:00:00+00:00
[2024-02-14T23:22:05.274+0000] {processor.py:183} INFO - Processing /home/ubuntu/reddit_venv/lib/python3.10/site-packages/airflow/example_dags/example_branch_operator_decorator.py took 0.099 seconds
[2024-02-14T23:23:08.016+0000] {processor.py:161} INFO - Started process (PID=6126) to work on /home/ubuntu/reddit_venv/lib/python3.10/site-packages/airflow/example_dags/example_branch_operator_decorator.py
[2024-02-14T23:23:08.019+0000] {processor.py:830} INFO - Processing file /home/ubuntu/reddit_venv/lib/python3.10/site-packages/airflow/example_dags/example_branch_operator_decorator.py for tasks to queue
[2024-02-14T23:23:08.020+0000] {logging_mixin.py:188} INFO - [2024-02-14T23:23:08.020+0000] {dagbag.py:538} INFO - Filling up the DagBag from /home/ubuntu/reddit_venv/lib/python3.10/site-packages/airflow/example_dags/example_branch_operator_decorator.py
[2024-02-14T23:23:08.043+0000] {processor.py:840} INFO - DAG(s) 'example_branch_python_operator_decorator' retrieved from /home/ubuntu/reddit_venv/lib/python3.10/site-packages/airflow/example_dags/example_branch_operator_decorator.py
[2024-02-14T23:23:08.067+0000] {logging_mixin.py:188} INFO - [2024-02-14T23:23:08.067+0000] {dag.py:3036} INFO - Sync 1 DAGs
[2024-02-14T23:23:08.088+0000] {logging_mixin.py:188} INFO - [2024-02-14T23:23:08.087+0000] {dag.py:3823} INFO - Setting next_dagrun for example_branch_python_operator_decorator to 2024-02-13 00:00:00+00:00, run_after=2024-02-14 00:00:00+00:00
[2024-02-14T23:23:08.110+0000] {processor.py:183} INFO - Processing /home/ubuntu/reddit_venv/lib/python3.10/site-packages/airflow/example_dags/example_branch_operator_decorator.py took 0.097 seconds
[2024-02-14T23:24:01.156+0000] {processor.py:161} INFO - Started process (PID=6251) to work on /home/ubuntu/reddit_venv/lib/python3.10/site-packages/airflow/example_dags/example_branch_operator_decorator.py
[2024-02-14T23:24:01.158+0000] {processor.py:830} INFO - Processing file /home/ubuntu/reddit_venv/lib/python3.10/site-packages/airflow/example_dags/example_branch_operator_decorator.py for tasks to queue
[2024-02-14T23:24:01.159+0000] {logging_mixin.py:188} INFO - [2024-02-14T23:24:01.158+0000] {dagbag.py:538} INFO - Filling up the DagBag from /home/ubuntu/reddit_venv/lib/python3.10/site-packages/airflow/example_dags/example_branch_operator_decorator.py
[2024-02-14T23:24:01.182+0000] {processor.py:840} INFO - DAG(s) 'example_branch_python_operator_decorator' retrieved from /home/ubuntu/reddit_venv/lib/python3.10/site-packages/airflow/example_dags/example_branch_operator_decorator.py
[2024-02-14T23:24:01.206+0000] {logging_mixin.py:188} INFO - [2024-02-14T23:24:01.206+0000] {dag.py:3036} INFO - Sync 1 DAGs
[2024-02-14T23:24:01.228+0000] {logging_mixin.py:188} INFO - [2024-02-14T23:24:01.228+0000] {dag.py:3823} INFO - Setting next_dagrun for example_branch_python_operator_decorator to 2024-02-13 00:00:00+00:00, run_after=2024-02-14 00:00:00+00:00
[2024-02-14T23:24:01.250+0000] {processor.py:183} INFO - Processing /home/ubuntu/reddit_venv/lib/python3.10/site-packages/airflow/example_dags/example_branch_operator_decorator.py took 0.097 seconds
[2024-02-14T23:24:58.529+0000] {processor.py:161} INFO - Started process (PID=6436) to work on /home/ubuntu/reddit_venv/lib/python3.10/site-packages/airflow/example_dags/example_branch_operator_decorator.py
[2024-02-14T23:24:58.530+0000] {processor.py:830} INFO - Processing file /home/ubuntu/reddit_venv/lib/python3.10/site-packages/airflow/example_dags/example_branch_operator_decorator.py for tasks to queue
[2024-02-14T23:24:58.531+0000] {logging_mixin.py:188} INFO - [2024-02-14T23:24:58.531+0000] {dagbag.py:538} INFO - Filling up the DagBag from /home/ubuntu/reddit_venv/lib/python3.10/site-packages/airflow/example_dags/example_branch_operator_decorator.py
[2024-02-14T23:24:58.554+0000] {processor.py:840} INFO - DAG(s) 'example_branch_python_operator_decorator' retrieved from /home/ubuntu/reddit_venv/lib/python3.10/site-packages/airflow/example_dags/example_branch_operator_decorator.py
[2024-02-14T23:24:58.578+0000] {logging_mixin.py:188} INFO - [2024-02-14T23:24:58.578+0000] {dag.py:3036} INFO - Sync 1 DAGs
[2024-02-14T23:24:58.599+0000] {logging_mixin.py:188} INFO - [2024-02-14T23:24:58.599+0000] {dag.py:3823} INFO - Setting next_dagrun for example_branch_python_operator_decorator to 2024-02-13 00:00:00+00:00, run_after=2024-02-14 00:00:00+00:00
[2024-02-14T23:24:58.622+0000] {processor.py:183} INFO - Processing /home/ubuntu/reddit_venv/lib/python3.10/site-packages/airflow/example_dags/example_branch_operator_decorator.py took 0.096 seconds
[2024-02-14T23:25:53.823+0000] {processor.py:161} INFO - Started process (PID=6561) to work on /home/ubuntu/reddit_venv/lib/python3.10/site-packages/airflow/example_dags/example_branch_operator_decorator.py
[2024-02-14T23:25:53.825+0000] {processor.py:830} INFO - Processing file /home/ubuntu/reddit_venv/lib/python3.10/site-packages/airflow/example_dags/example_branch_operator_decorator.py for tasks to queue
[2024-02-14T23:25:53.826+0000] {logging_mixin.py:188} INFO - [2024-02-14T23:25:53.825+0000] {dagbag.py:538} INFO - Filling up the DagBag from /home/ubuntu/reddit_venv/lib/python3.10/site-packages/airflow/example_dags/example_branch_operator_decorator.py
[2024-02-14T23:25:53.849+0000] {processor.py:840} INFO - DAG(s) 'example_branch_python_operator_decorator' retrieved from /home/ubuntu/reddit_venv/lib/python3.10/site-packages/airflow/example_dags/example_branch_operator_decorator.py
[2024-02-14T23:25:53.873+0000] {logging_mixin.py:188} INFO - [2024-02-14T23:25:53.872+0000] {dag.py:3036} INFO - Sync 1 DAGs
[2024-02-14T23:25:53.894+0000] {logging_mixin.py:188} INFO - [2024-02-14T23:25:53.893+0000] {dag.py:3823} INFO - Setting next_dagrun for example_branch_python_operator_decorator to 2024-02-13 00:00:00+00:00, run_after=2024-02-14 00:00:00+00:00
[2024-02-14T23:25:53.915+0000] {processor.py:183} INFO - Processing /home/ubuntu/reddit_venv/lib/python3.10/site-packages/airflow/example_dags/example_branch_operator_decorator.py took 0.095 seconds
[2024-02-14T23:27:02.548+0000] {processor.py:161} INFO - Started process (PID=6819) to work on /home/ubuntu/reddit_venv/lib/python3.10/site-packages/airflow/example_dags/example_branch_operator_decorator.py
[2024-02-14T23:27:02.550+0000] {processor.py:830} INFO - Processing file /home/ubuntu/reddit_venv/lib/python3.10/site-packages/airflow/example_dags/example_branch_operator_decorator.py for tasks to queue
[2024-02-14T23:27:02.551+0000] {logging_mixin.py:188} INFO - [2024-02-14T23:27:02.551+0000] {dagbag.py:538} INFO - Filling up the DagBag from /home/ubuntu/reddit_venv/lib/python3.10/site-packages/airflow/example_dags/example_branch_operator_decorator.py
[2024-02-14T23:27:02.574+0000] {processor.py:840} INFO - DAG(s) 'example_branch_python_operator_decorator' retrieved from /home/ubuntu/reddit_venv/lib/python3.10/site-packages/airflow/example_dags/example_branch_operator_decorator.py
[2024-02-14T23:27:02.598+0000] {logging_mixin.py:188} INFO - [2024-02-14T23:27:02.597+0000] {dag.py:3036} INFO - Sync 1 DAGs
[2024-02-14T23:27:02.619+0000] {logging_mixin.py:188} INFO - [2024-02-14T23:27:02.619+0000] {dag.py:3823} INFO - Setting next_dagrun for example_branch_python_operator_decorator to 2024-02-13 00:00:00+00:00, run_after=2024-02-14 00:00:00+00:00
[2024-02-14T23:27:02.650+0000] {processor.py:183} INFO - Processing /home/ubuntu/reddit_venv/lib/python3.10/site-packages/airflow/example_dags/example_branch_operator_decorator.py took 0.105 seconds
[2024-02-14T23:28:04.071+0000] {processor.py:161} INFO - Started process (PID=6949) to work on /home/ubuntu/reddit_venv/lib/python3.10/site-packages/airflow/example_dags/example_branch_operator_decorator.py
[2024-02-14T23:28:04.072+0000] {processor.py:830} INFO - Processing file /home/ubuntu/reddit_venv/lib/python3.10/site-packages/airflow/example_dags/example_branch_operator_decorator.py for tasks to queue
[2024-02-14T23:28:04.073+0000] {logging_mixin.py:188} INFO - [2024-02-14T23:28:04.073+0000] {dagbag.py:538} INFO - Filling up the DagBag from /home/ubuntu/reddit_venv/lib/python3.10/site-packages/airflow/example_dags/example_branch_operator_decorator.py
[2024-02-14T23:28:04.096+0000] {processor.py:840} INFO - DAG(s) 'example_branch_python_operator_decorator' retrieved from /home/ubuntu/reddit_venv/lib/python3.10/site-packages/airflow/example_dags/example_branch_operator_decorator.py
[2024-02-14T23:28:04.120+0000] {logging_mixin.py:188} INFO - [2024-02-14T23:28:04.119+0000] {dag.py:3036} INFO - Sync 1 DAGs
[2024-02-14T23:28:04.141+0000] {logging_mixin.py:188} INFO - [2024-02-14T23:28:04.141+0000] {dag.py:3823} INFO - Setting next_dagrun for example_branch_python_operator_decorator to 2024-02-13 00:00:00+00:00, run_after=2024-02-14 00:00:00+00:00
[2024-02-14T23:28:04.162+0000] {processor.py:183} INFO - Processing /home/ubuntu/reddit_venv/lib/python3.10/site-packages/airflow/example_dags/example_branch_operator_decorator.py took 0.095 seconds
[2024-02-14T23:29:02.816+0000] {processor.py:161} INFO - Started process (PID=7078) to work on /home/ubuntu/reddit_venv/lib/python3.10/site-packages/airflow/example_dags/example_branch_operator_decorator.py
[2024-02-14T23:29:02.818+0000] {processor.py:830} INFO - Processing file /home/ubuntu/reddit_venv/lib/python3.10/site-packages/airflow/example_dags/example_branch_operator_decorator.py for tasks to queue
[2024-02-14T23:29:02.818+0000] {logging_mixin.py:188} INFO - [2024-02-14T23:29:02.818+0000] {dagbag.py:538} INFO - Filling up the DagBag from /home/ubuntu/reddit_venv/lib/python3.10/site-packages/airflow/example_dags/example_branch_operator_decorator.py
[2024-02-14T23:29:02.842+0000] {processor.py:840} INFO - DAG(s) 'example_branch_python_operator_decorator' retrieved from /home/ubuntu/reddit_venv/lib/python3.10/site-packages/airflow/example_dags/example_branch_operator_decorator.py
[2024-02-14T23:29:02.866+0000] {logging_mixin.py:188} INFO - [2024-02-14T23:29:02.865+0000] {dag.py:3036} INFO - Sync 1 DAGs
[2024-02-14T23:29:02.888+0000] {logging_mixin.py:188} INFO - [2024-02-14T23:29:02.888+0000] {dag.py:3823} INFO - Setting next_dagrun for example_branch_python_operator_decorator to 2024-02-13 00:00:00+00:00, run_after=2024-02-14 00:00:00+00:00
[2024-02-14T23:29:02.909+0000] {processor.py:183} INFO - Processing /home/ubuntu/reddit_venv/lib/python3.10/site-packages/airflow/example_dags/example_branch_operator_decorator.py took 0.097 seconds
[2024-02-14T23:29:58.048+0000] {processor.py:161} INFO - Started process (PID=7262) to work on /home/ubuntu/reddit_venv/lib/python3.10/site-packages/airflow/example_dags/example_branch_operator_decorator.py
[2024-02-14T23:29:58.050+0000] {processor.py:830} INFO - Processing file /home/ubuntu/reddit_venv/lib/python3.10/site-packages/airflow/example_dags/example_branch_operator_decorator.py for tasks to queue
[2024-02-14T23:29:58.050+0000] {logging_mixin.py:188} INFO - [2024-02-14T23:29:58.050+0000] {dagbag.py:538} INFO - Filling up the DagBag from /home/ubuntu/reddit_venv/lib/python3.10/site-packages/airflow/example_dags/example_branch_operator_decorator.py
[2024-02-14T23:29:58.074+0000] {processor.py:840} INFO - DAG(s) 'example_branch_python_operator_decorator' retrieved from /home/ubuntu/reddit_venv/lib/python3.10/site-packages/airflow/example_dags/example_branch_operator_decorator.py
[2024-02-14T23:29:58.097+0000] {logging_mixin.py:188} INFO - [2024-02-14T23:29:58.097+0000] {dag.py:3036} INFO - Sync 1 DAGs
[2024-02-14T23:29:58.120+0000] {logging_mixin.py:188} INFO - [2024-02-14T23:29:58.120+0000] {dag.py:3823} INFO - Setting next_dagrun for example_branch_python_operator_decorator to 2024-02-13 00:00:00+00:00, run_after=2024-02-14 00:00:00+00:00
[2024-02-14T23:29:58.142+0000] {processor.py:183} INFO - Processing /home/ubuntu/reddit_venv/lib/python3.10/site-packages/airflow/example_dags/example_branch_operator_decorator.py took 0.097 seconds
[2024-02-14T23:30:54.077+0000] {processor.py:161} INFO - Started process (PID=7385) to work on /home/ubuntu/reddit_venv/lib/python3.10/site-packages/airflow/example_dags/example_branch_operator_decorator.py
[2024-02-14T23:30:54.082+0000] {processor.py:830} INFO - Processing file /home/ubuntu/reddit_venv/lib/python3.10/site-packages/airflow/example_dags/example_branch_operator_decorator.py for tasks to queue
[2024-02-14T23:30:54.083+0000] {logging_mixin.py:188} INFO - [2024-02-14T23:30:54.082+0000] {dagbag.py:538} INFO - Filling up the DagBag from /home/ubuntu/reddit_venv/lib/python3.10/site-packages/airflow/example_dags/example_branch_operator_decorator.py
[2024-02-14T23:30:54.105+0000] {processor.py:840} INFO - DAG(s) 'example_branch_python_operator_decorator' retrieved from /home/ubuntu/reddit_venv/lib/python3.10/site-packages/airflow/example_dags/example_branch_operator_decorator.py
[2024-02-14T23:30:54.129+0000] {logging_mixin.py:188} INFO - [2024-02-14T23:30:54.128+0000] {dag.py:3036} INFO - Sync 1 DAGs
[2024-02-14T23:30:54.149+0000] {logging_mixin.py:188} INFO - [2024-02-14T23:30:54.149+0000] {dag.py:3823} INFO - Setting next_dagrun for example_branch_python_operator_decorator to 2024-02-13 00:00:00+00:00, run_after=2024-02-14 00:00:00+00:00
[2024-02-14T23:30:54.173+0000] {processor.py:183} INFO - Processing /home/ubuntu/reddit_venv/lib/python3.10/site-packages/airflow/example_dags/example_branch_operator_decorator.py took 0.099 seconds
[2024-02-14T23:31:51.328+0000] {processor.py:161} INFO - Started process (PID=7510) to work on /home/ubuntu/reddit_venv/lib/python3.10/site-packages/airflow/example_dags/example_branch_operator_decorator.py
[2024-02-14T23:31:51.330+0000] {processor.py:830} INFO - Processing file /home/ubuntu/reddit_venv/lib/python3.10/site-packages/airflow/example_dags/example_branch_operator_decorator.py for tasks to queue
[2024-02-14T23:31:51.331+0000] {logging_mixin.py:188} INFO - [2024-02-14T23:31:51.330+0000] {dagbag.py:538} INFO - Filling up the DagBag from /home/ubuntu/reddit_venv/lib/python3.10/site-packages/airflow/example_dags/example_branch_operator_decorator.py
[2024-02-14T23:31:51.354+0000] {processor.py:840} INFO - DAG(s) 'example_branch_python_operator_decorator' retrieved from /home/ubuntu/reddit_venv/lib/python3.10/site-packages/airflow/example_dags/example_branch_operator_decorator.py
[2024-02-14T23:31:51.377+0000] {logging_mixin.py:188} INFO - [2024-02-14T23:31:51.377+0000] {dag.py:3036} INFO - Sync 1 DAGs
[2024-02-14T23:31:51.398+0000] {logging_mixin.py:188} INFO - [2024-02-14T23:31:51.398+0000] {dag.py:3823} INFO - Setting next_dagrun for example_branch_python_operator_decorator to 2024-02-13 00:00:00+00:00, run_after=2024-02-14 00:00:00+00:00
[2024-02-14T23:31:51.420+0000] {processor.py:183} INFO - Processing /home/ubuntu/reddit_venv/lib/python3.10/site-packages/airflow/example_dags/example_branch_operator_decorator.py took 0.095 seconds
[2024-02-14T23:32:51.028+0000] {processor.py:161} INFO - Started process (PID=7698) to work on /home/ubuntu/reddit_venv/lib/python3.10/site-packages/airflow/example_dags/example_branch_operator_decorator.py
[2024-02-14T23:32:51.030+0000] {processor.py:830} INFO - Processing file /home/ubuntu/reddit_venv/lib/python3.10/site-packages/airflow/example_dags/example_branch_operator_decorator.py for tasks to queue
[2024-02-14T23:32:51.030+0000] {logging_mixin.py:188} INFO - [2024-02-14T23:32:51.030+0000] {dagbag.py:538} INFO - Filling up the DagBag from /home/ubuntu/reddit_venv/lib/python3.10/site-packages/airflow/example_dags/example_branch_operator_decorator.py
[2024-02-14T23:32:51.054+0000] {processor.py:840} INFO - DAG(s) 'example_branch_python_operator_decorator' retrieved from /home/ubuntu/reddit_venv/lib/python3.10/site-packages/airflow/example_dags/example_branch_operator_decorator.py
[2024-02-14T23:32:51.078+0000] {logging_mixin.py:188} INFO - [2024-02-14T23:32:51.077+0000] {dag.py:3036} INFO - Sync 1 DAGs
[2024-02-14T23:32:51.099+0000] {logging_mixin.py:188} INFO - [2024-02-14T23:32:51.098+0000] {dag.py:3823} INFO - Setting next_dagrun for example_branch_python_operator_decorator to 2024-02-13 00:00:00+00:00, run_after=2024-02-14 00:00:00+00:00
[2024-02-14T23:32:51.120+0000] {processor.py:183} INFO - Processing /home/ubuntu/reddit_venv/lib/python3.10/site-packages/airflow/example_dags/example_branch_operator_decorator.py took 0.095 seconds
[2024-02-14T23:33:46.278+0000] {processor.py:161} INFO - Started process (PID=7825) to work on /home/ubuntu/reddit_venv/lib/python3.10/site-packages/airflow/example_dags/example_branch_operator_decorator.py
[2024-02-14T23:33:46.280+0000] {processor.py:830} INFO - Processing file /home/ubuntu/reddit_venv/lib/python3.10/site-packages/airflow/example_dags/example_branch_operator_decorator.py for tasks to queue
[2024-02-14T23:33:46.280+0000] {logging_mixin.py:188} INFO - [2024-02-14T23:33:46.280+0000] {dagbag.py:538} INFO - Filling up the DagBag from /home/ubuntu/reddit_venv/lib/python3.10/site-packages/airflow/example_dags/example_branch_operator_decorator.py
[2024-02-14T23:33:46.305+0000] {processor.py:840} INFO - DAG(s) 'example_branch_python_operator_decorator' retrieved from /home/ubuntu/reddit_venv/lib/python3.10/site-packages/airflow/example_dags/example_branch_operator_decorator.py
[2024-02-14T23:33:46.329+0000] {logging_mixin.py:188} INFO - [2024-02-14T23:33:46.329+0000] {dag.py:3036} INFO - Sync 1 DAGs
[2024-02-14T23:33:46.352+0000] {logging_mixin.py:188} INFO - [2024-02-14T23:33:46.352+0000] {dag.py:3823} INFO - Setting next_dagrun for example_branch_python_operator_decorator to 2024-02-13 00:00:00+00:00, run_after=2024-02-14 00:00:00+00:00
[2024-02-14T23:33:46.392+0000] {processor.py:183} INFO - Processing /home/ubuntu/reddit_venv/lib/python3.10/site-packages/airflow/example_dags/example_branch_operator_decorator.py took 0.118 seconds
[2024-02-14T23:34:41.855+0000] {processor.py:161} INFO - Started process (PID=7950) to work on /home/ubuntu/reddit_venv/lib/python3.10/site-packages/airflow/example_dags/example_branch_operator_decorator.py
[2024-02-14T23:34:41.858+0000] {processor.py:830} INFO - Processing file /home/ubuntu/reddit_venv/lib/python3.10/site-packages/airflow/example_dags/example_branch_operator_decorator.py for tasks to queue
[2024-02-14T23:34:41.858+0000] {logging_mixin.py:188} INFO - [2024-02-14T23:34:41.858+0000] {dagbag.py:538} INFO - Filling up the DagBag from /home/ubuntu/reddit_venv/lib/python3.10/site-packages/airflow/example_dags/example_branch_operator_decorator.py
[2024-02-14T23:34:41.882+0000] {processor.py:840} INFO - DAG(s) 'example_branch_python_operator_decorator' retrieved from /home/ubuntu/reddit_venv/lib/python3.10/site-packages/airflow/example_dags/example_branch_operator_decorator.py
[2024-02-14T23:34:41.905+0000] {logging_mixin.py:188} INFO - [2024-02-14T23:34:41.905+0000] {dag.py:3036} INFO - Sync 1 DAGs
[2024-02-14T23:34:41.927+0000] {logging_mixin.py:188} INFO - [2024-02-14T23:34:41.927+0000] {dag.py:3823} INFO - Setting next_dagrun for example_branch_python_operator_decorator to 2024-02-13 00:00:00+00:00, run_after=2024-02-14 00:00:00+00:00
[2024-02-14T23:34:41.949+0000] {processor.py:183} INFO - Processing /home/ubuntu/reddit_venv/lib/python3.10/site-packages/airflow/example_dags/example_branch_operator_decorator.py took 0.097 seconds
[2024-02-14T23:35:39.688+0000] {processor.py:161} INFO - Started process (PID=8077) to work on /home/ubuntu/reddit_venv/lib/python3.10/site-packages/airflow/example_dags/example_branch_operator_decorator.py
[2024-02-14T23:35:39.690+0000] {processor.py:830} INFO - Processing file /home/ubuntu/reddit_venv/lib/python3.10/site-packages/airflow/example_dags/example_branch_operator_decorator.py for tasks to queue
[2024-02-14T23:35:39.691+0000] {logging_mixin.py:188} INFO - [2024-02-14T23:35:39.691+0000] {dagbag.py:538} INFO - Filling up the DagBag from /home/ubuntu/reddit_venv/lib/python3.10/site-packages/airflow/example_dags/example_branch_operator_decorator.py
[2024-02-14T23:35:39.715+0000] {processor.py:840} INFO - DAG(s) 'example_branch_python_operator_decorator' retrieved from /home/ubuntu/reddit_venv/lib/python3.10/site-packages/airflow/example_dags/example_branch_operator_decorator.py
[2024-02-14T23:35:39.739+0000] {logging_mixin.py:188} INFO - [2024-02-14T23:35:39.739+0000] {dag.py:3036} INFO - Sync 1 DAGs
[2024-02-14T23:35:39.761+0000] {logging_mixin.py:188} INFO - [2024-02-14T23:35:39.761+0000] {dag.py:3823} INFO - Setting next_dagrun for example_branch_python_operator_decorator to 2024-02-13 00:00:00+00:00, run_after=2024-02-14 00:00:00+00:00
[2024-02-14T23:35:39.784+0000] {processor.py:183} INFO - Processing /home/ubuntu/reddit_venv/lib/python3.10/site-packages/airflow/example_dags/example_branch_operator_decorator.py took 0.099 seconds
[2024-02-14T23:36:35.765+0000] {processor.py:161} INFO - Started process (PID=8200) to work on /home/ubuntu/reddit_venv/lib/python3.10/site-packages/airflow/example_dags/example_branch_operator_decorator.py
[2024-02-14T23:36:35.767+0000] {processor.py:830} INFO - Processing file /home/ubuntu/reddit_venv/lib/python3.10/site-packages/airflow/example_dags/example_branch_operator_decorator.py for tasks to queue
[2024-02-14T23:36:35.768+0000] {logging_mixin.py:188} INFO - [2024-02-14T23:36:35.768+0000] {dagbag.py:538} INFO - Filling up the DagBag from /home/ubuntu/reddit_venv/lib/python3.10/site-packages/airflow/example_dags/example_branch_operator_decorator.py
[2024-02-14T23:36:35.791+0000] {processor.py:840} INFO - DAG(s) 'example_branch_python_operator_decorator' retrieved from /home/ubuntu/reddit_venv/lib/python3.10/site-packages/airflow/example_dags/example_branch_operator_decorator.py
[2024-02-14T23:36:35.815+0000] {logging_mixin.py:188} INFO - [2024-02-14T23:36:35.815+0000] {dag.py:3036} INFO - Sync 1 DAGs
[2024-02-14T23:36:35.837+0000] {logging_mixin.py:188} INFO - [2024-02-14T23:36:35.837+0000] {dag.py:3823} INFO - Setting next_dagrun for example_branch_python_operator_decorator to 2024-02-13 00:00:00+00:00, run_after=2024-02-14 00:00:00+00:00
[2024-02-14T23:36:35.859+0000] {processor.py:183} INFO - Processing /home/ubuntu/reddit_venv/lib/python3.10/site-packages/airflow/example_dags/example_branch_operator_decorator.py took 0.097 seconds
[2024-02-14T23:37:36.033+0000] {processor.py:161} INFO - Started process (PID=8333) to work on /home/ubuntu/reddit_venv/lib/python3.10/site-packages/airflow/example_dags/example_branch_operator_decorator.py
[2024-02-14T23:37:36.035+0000] {processor.py:830} INFO - Processing file /home/ubuntu/reddit_venv/lib/python3.10/site-packages/airflow/example_dags/example_branch_operator_decorator.py for tasks to queue
[2024-02-14T23:37:36.036+0000] {logging_mixin.py:188} INFO - [2024-02-14T23:37:36.035+0000] {dagbag.py:538} INFO - Filling up the DagBag from /home/ubuntu/reddit_venv/lib/python3.10/site-packages/airflow/example_dags/example_branch_operator_decorator.py
[2024-02-14T23:37:36.059+0000] {processor.py:840} INFO - DAG(s) 'example_branch_python_operator_decorator' retrieved from /home/ubuntu/reddit_venv/lib/python3.10/site-packages/airflow/example_dags/example_branch_operator_decorator.py
[2024-02-14T23:37:36.082+0000] {logging_mixin.py:188} INFO - [2024-02-14T23:37:36.082+0000] {dag.py:3036} INFO - Sync 1 DAGs
[2024-02-14T23:37:36.103+0000] {logging_mixin.py:188} INFO - [2024-02-14T23:37:36.103+0000] {dag.py:3823} INFO - Setting next_dagrun for example_branch_python_operator_decorator to 2024-02-13 00:00:00+00:00, run_after=2024-02-14 00:00:00+00:00
[2024-02-14T23:37:36.137+0000] {processor.py:183} INFO - Processing /home/ubuntu/reddit_venv/lib/python3.10/site-packages/airflow/example_dags/example_branch_operator_decorator.py took 0.107 seconds
[2024-02-14T23:38:33.954+0000] {processor.py:161} INFO - Started process (PID=8759) to work on /home/ubuntu/reddit_venv/lib/python3.10/site-packages/airflow/example_dags/example_branch_operator_decorator.py
[2024-02-14T23:38:33.955+0000] {processor.py:830} INFO - Processing file /home/ubuntu/reddit_venv/lib/python3.10/site-packages/airflow/example_dags/example_branch_operator_decorator.py for tasks to queue
[2024-02-14T23:38:33.956+0000] {logging_mixin.py:188} INFO - [2024-02-14T23:38:33.956+0000] {dagbag.py:538} INFO - Filling up the DagBag from /home/ubuntu/reddit_venv/lib/python3.10/site-packages/airflow/example_dags/example_branch_operator_decorator.py
[2024-02-14T23:38:33.979+0000] {processor.py:840} INFO - DAG(s) 'example_branch_python_operator_decorator' retrieved from /home/ubuntu/reddit_venv/lib/python3.10/site-packages/airflow/example_dags/example_branch_operator_decorator.py
[2024-02-14T23:38:34.003+0000] {logging_mixin.py:188} INFO - [2024-02-14T23:38:34.003+0000] {dag.py:3036} INFO - Sync 1 DAGs
[2024-02-14T23:38:34.025+0000] {logging_mixin.py:188} INFO - [2024-02-14T23:38:34.025+0000] {dag.py:3823} INFO - Setting next_dagrun for example_branch_python_operator_decorator to 2024-02-13 00:00:00+00:00, run_after=2024-02-14 00:00:00+00:00
[2024-02-14T23:38:34.048+0000] {processor.py:183} INFO - Processing /home/ubuntu/reddit_venv/lib/python3.10/site-packages/airflow/example_dags/example_branch_operator_decorator.py took 0.097 seconds
[2024-02-14T23:39:29.070+0000] {processor.py:161} INFO - Started process (PID=9253) to work on /home/ubuntu/reddit_venv/lib/python3.10/site-packages/airflow/example_dags/example_branch_operator_decorator.py
[2024-02-14T23:39:29.071+0000] {processor.py:830} INFO - Processing file /home/ubuntu/reddit_venv/lib/python3.10/site-packages/airflow/example_dags/example_branch_operator_decorator.py for tasks to queue
[2024-02-14T23:39:29.072+0000] {logging_mixin.py:188} INFO - [2024-02-14T23:39:29.072+0000] {dagbag.py:538} INFO - Filling up the DagBag from /home/ubuntu/reddit_venv/lib/python3.10/site-packages/airflow/example_dags/example_branch_operator_decorator.py
[2024-02-14T23:39:29.096+0000] {processor.py:840} INFO - DAG(s) 'example_branch_python_operator_decorator' retrieved from /home/ubuntu/reddit_venv/lib/python3.10/site-packages/airflow/example_dags/example_branch_operator_decorator.py
[2024-02-14T23:39:29.120+0000] {logging_mixin.py:188} INFO - [2024-02-14T23:39:29.120+0000] {dag.py:3036} INFO - Sync 1 DAGs
[2024-02-14T23:39:29.142+0000] {logging_mixin.py:188} INFO - [2024-02-14T23:39:29.142+0000] {dag.py:3823} INFO - Setting next_dagrun for example_branch_python_operator_decorator to 2024-02-13 00:00:00+00:00, run_after=2024-02-14 00:00:00+00:00
[2024-02-14T23:39:29.165+0000] {processor.py:183} INFO - Processing /home/ubuntu/reddit_venv/lib/python3.10/site-packages/airflow/example_dags/example_branch_operator_decorator.py took 0.099 seconds
[2024-02-14T23:40:25.977+0000] {processor.py:161} INFO - Started process (PID=9320) to work on /home/ubuntu/reddit_venv/lib/python3.10/site-packages/airflow/example_dags/example_branch_operator_decorator.py
[2024-02-14T23:40:25.978+0000] {processor.py:830} INFO - Processing file /home/ubuntu/reddit_venv/lib/python3.10/site-packages/airflow/example_dags/example_branch_operator_decorator.py for tasks to queue
[2024-02-14T23:40:25.979+0000] {logging_mixin.py:188} INFO - [2024-02-14T23:40:25.979+0000] {dagbag.py:538} INFO - Filling up the DagBag from /home/ubuntu/reddit_venv/lib/python3.10/site-packages/airflow/example_dags/example_branch_operator_decorator.py
[2024-02-14T23:40:26.002+0000] {processor.py:840} INFO - DAG(s) 'example_branch_python_operator_decorator' retrieved from /home/ubuntu/reddit_venv/lib/python3.10/site-packages/airflow/example_dags/example_branch_operator_decorator.py
[2024-02-14T23:40:26.026+0000] {logging_mixin.py:188} INFO - [2024-02-14T23:40:26.026+0000] {dag.py:3036} INFO - Sync 1 DAGs
[2024-02-14T23:40:26.047+0000] {logging_mixin.py:188} INFO - [2024-02-14T23:40:26.047+0000] {dag.py:3823} INFO - Setting next_dagrun for example_branch_python_operator_decorator to 2024-02-13 00:00:00+00:00, run_after=2024-02-14 00:00:00+00:00
[2024-02-14T23:40:26.073+0000] {processor.py:183} INFO - Processing /home/ubuntu/reddit_venv/lib/python3.10/site-packages/airflow/example_dags/example_branch_operator_decorator.py took 0.100 seconds
[2024-02-14T23:41:22.917+0000] {processor.py:161} INFO - Started process (PID=9443) to work on /home/ubuntu/reddit_venv/lib/python3.10/site-packages/airflow/example_dags/example_branch_operator_decorator.py
[2024-02-14T23:41:22.918+0000] {processor.py:830} INFO - Processing file /home/ubuntu/reddit_venv/lib/python3.10/site-packages/airflow/example_dags/example_branch_operator_decorator.py for tasks to queue
[2024-02-14T23:41:22.919+0000] {logging_mixin.py:188} INFO - [2024-02-14T23:41:22.919+0000] {dagbag.py:538} INFO - Filling up the DagBag from /home/ubuntu/reddit_venv/lib/python3.10/site-packages/airflow/example_dags/example_branch_operator_decorator.py
[2024-02-14T23:41:22.943+0000] {processor.py:840} INFO - DAG(s) 'example_branch_python_operator_decorator' retrieved from /home/ubuntu/reddit_venv/lib/python3.10/site-packages/airflow/example_dags/example_branch_operator_decorator.py
[2024-02-14T23:41:22.967+0000] {logging_mixin.py:188} INFO - [2024-02-14T23:41:22.966+0000] {dag.py:3036} INFO - Sync 1 DAGs
[2024-02-14T23:41:22.987+0000] {logging_mixin.py:188} INFO - [2024-02-14T23:41:22.987+0000] {dag.py:3823} INFO - Setting next_dagrun for example_branch_python_operator_decorator to 2024-02-13 00:00:00+00:00, run_after=2024-02-14 00:00:00+00:00
[2024-02-14T23:41:23.009+0000] {processor.py:183} INFO - Processing /home/ubuntu/reddit_venv/lib/python3.10/site-packages/airflow/example_dags/example_branch_operator_decorator.py took 0.096 seconds
[2024-02-14T23:42:19.564+0000] {processor.py:161} INFO - Started process (PID=9568) to work on /home/ubuntu/reddit_venv/lib/python3.10/site-packages/airflow/example_dags/example_branch_operator_decorator.py
[2024-02-14T23:42:19.565+0000] {processor.py:830} INFO - Processing file /home/ubuntu/reddit_venv/lib/python3.10/site-packages/airflow/example_dags/example_branch_operator_decorator.py for tasks to queue
[2024-02-14T23:42:19.566+0000] {logging_mixin.py:188} INFO - [2024-02-14T23:42:19.566+0000] {dagbag.py:538} INFO - Filling up the DagBag from /home/ubuntu/reddit_venv/lib/python3.10/site-packages/airflow/example_dags/example_branch_operator_decorator.py
[2024-02-14T23:42:19.589+0000] {processor.py:840} INFO - DAG(s) 'example_branch_python_operator_decorator' retrieved from /home/ubuntu/reddit_venv/lib/python3.10/site-packages/airflow/example_dags/example_branch_operator_decorator.py
[2024-02-14T23:42:19.613+0000] {logging_mixin.py:188} INFO - [2024-02-14T23:42:19.613+0000] {dag.py:3036} INFO - Sync 1 DAGs
[2024-02-14T23:42:19.635+0000] {logging_mixin.py:188} INFO - [2024-02-14T23:42:19.635+0000] {dag.py:3823} INFO - Setting next_dagrun for example_branch_python_operator_decorator to 2024-02-13 00:00:00+00:00, run_after=2024-02-14 00:00:00+00:00
[2024-02-14T23:42:19.657+0000] {processor.py:183} INFO - Processing /home/ubuntu/reddit_venv/lib/python3.10/site-packages/airflow/example_dags/example_branch_operator_decorator.py took 0.096 seconds
[2024-02-14T23:43:16.806+0000] {processor.py:161} INFO - Started process (PID=9693) to work on /home/ubuntu/reddit_venv/lib/python3.10/site-packages/airflow/example_dags/example_branch_operator_decorator.py
[2024-02-14T23:43:16.808+0000] {processor.py:830} INFO - Processing file /home/ubuntu/reddit_venv/lib/python3.10/site-packages/airflow/example_dags/example_branch_operator_decorator.py for tasks to queue
[2024-02-14T23:43:16.809+0000] {logging_mixin.py:188} INFO - [2024-02-14T23:43:16.809+0000] {dagbag.py:538} INFO - Filling up the DagBag from /home/ubuntu/reddit_venv/lib/python3.10/site-packages/airflow/example_dags/example_branch_operator_decorator.py
[2024-02-14T23:43:16.832+0000] {processor.py:840} INFO - DAG(s) 'example_branch_python_operator_decorator' retrieved from /home/ubuntu/reddit_venv/lib/python3.10/site-packages/airflow/example_dags/example_branch_operator_decorator.py
[2024-02-14T23:43:16.855+0000] {logging_mixin.py:188} INFO - [2024-02-14T23:43:16.855+0000] {dag.py:3036} INFO - Sync 1 DAGs
[2024-02-14T23:43:16.877+0000] {logging_mixin.py:188} INFO - [2024-02-14T23:43:16.876+0000] {dag.py:3823} INFO - Setting next_dagrun for example_branch_python_operator_decorator to 2024-02-13 00:00:00+00:00, run_after=2024-02-14 00:00:00+00:00
[2024-02-14T23:43:16.898+0000] {processor.py:183} INFO - Processing /home/ubuntu/reddit_venv/lib/python3.10/site-packages/airflow/example_dags/example_branch_operator_decorator.py took 0.095 seconds
[2024-02-14T23:44:18.898+0000] {processor.py:161} INFO - Started process (PID=9825) to work on /home/ubuntu/reddit_venv/lib/python3.10/site-packages/airflow/example_dags/example_branch_operator_decorator.py
[2024-02-14T23:44:18.900+0000] {processor.py:830} INFO - Processing file /home/ubuntu/reddit_venv/lib/python3.10/site-packages/airflow/example_dags/example_branch_operator_decorator.py for tasks to queue
[2024-02-14T23:44:18.900+0000] {logging_mixin.py:188} INFO - [2024-02-14T23:44:18.900+0000] {dagbag.py:538} INFO - Filling up the DagBag from /home/ubuntu/reddit_venv/lib/python3.10/site-packages/airflow/example_dags/example_branch_operator_decorator.py
[2024-02-14T23:44:18.923+0000] {processor.py:840} INFO - DAG(s) 'example_branch_python_operator_decorator' retrieved from /home/ubuntu/reddit_venv/lib/python3.10/site-packages/airflow/example_dags/example_branch_operator_decorator.py
[2024-02-14T23:44:18.946+0000] {logging_mixin.py:188} INFO - [2024-02-14T23:44:18.946+0000] {dag.py:3036} INFO - Sync 1 DAGs
[2024-02-14T23:44:18.968+0000] {logging_mixin.py:188} INFO - [2024-02-14T23:44:18.967+0000] {dag.py:3823} INFO - Setting next_dagrun for example_branch_python_operator_decorator to 2024-02-13 00:00:00+00:00, run_after=2024-02-14 00:00:00+00:00
[2024-02-14T23:44:18.989+0000] {processor.py:183} INFO - Processing /home/ubuntu/reddit_venv/lib/python3.10/site-packages/airflow/example_dags/example_branch_operator_decorator.py took 0.094 seconds
[2024-02-14T23:45:15.999+0000] {processor.py:161} INFO - Started process (PID=10258) to work on /home/ubuntu/reddit_venv/lib/python3.10/site-packages/airflow/example_dags/example_branch_operator_decorator.py
[2024-02-14T23:45:16.001+0000] {processor.py:830} INFO - Processing file /home/ubuntu/reddit_venv/lib/python3.10/site-packages/airflow/example_dags/example_branch_operator_decorator.py for tasks to queue
[2024-02-14T23:45:16.002+0000] {logging_mixin.py:188} INFO - [2024-02-14T23:45:16.001+0000] {dagbag.py:538} INFO - Filling up the DagBag from /home/ubuntu/reddit_venv/lib/python3.10/site-packages/airflow/example_dags/example_branch_operator_decorator.py
[2024-02-14T23:45:16.025+0000] {processor.py:840} INFO - DAG(s) 'example_branch_python_operator_decorator' retrieved from /home/ubuntu/reddit_venv/lib/python3.10/site-packages/airflow/example_dags/example_branch_operator_decorator.py
[2024-02-14T23:45:16.049+0000] {logging_mixin.py:188} INFO - [2024-02-14T23:45:16.049+0000] {dag.py:3036} INFO - Sync 1 DAGs
[2024-02-14T23:45:16.071+0000] {logging_mixin.py:188} INFO - [2024-02-14T23:45:16.071+0000] {dag.py:3823} INFO - Setting next_dagrun for example_branch_python_operator_decorator to 2024-02-13 00:00:00+00:00, run_after=2024-02-14 00:00:00+00:00
[2024-02-14T23:45:16.096+0000] {processor.py:183} INFO - Processing /home/ubuntu/reddit_venv/lib/python3.10/site-packages/airflow/example_dags/example_branch_operator_decorator.py took 0.100 seconds
[2024-02-14T23:46:10.734+0000] {processor.py:161} INFO - Started process (PID=10383) to work on /home/ubuntu/reddit_venv/lib/python3.10/site-packages/airflow/example_dags/example_branch_operator_decorator.py
[2024-02-14T23:46:10.735+0000] {processor.py:830} INFO - Processing file /home/ubuntu/reddit_venv/lib/python3.10/site-packages/airflow/example_dags/example_branch_operator_decorator.py for tasks to queue
[2024-02-14T23:46:10.736+0000] {logging_mixin.py:188} INFO - [2024-02-14T23:46:10.736+0000] {dagbag.py:538} INFO - Filling up the DagBag from /home/ubuntu/reddit_venv/lib/python3.10/site-packages/airflow/example_dags/example_branch_operator_decorator.py
[2024-02-14T23:46:10.759+0000] {processor.py:840} INFO - DAG(s) 'example_branch_python_operator_decorator' retrieved from /home/ubuntu/reddit_venv/lib/python3.10/site-packages/airflow/example_dags/example_branch_operator_decorator.py
[2024-02-14T23:46:10.783+0000] {logging_mixin.py:188} INFO - [2024-02-14T23:46:10.783+0000] {dag.py:3036} INFO - Sync 1 DAGs
[2024-02-14T23:46:10.804+0000] {logging_mixin.py:188} INFO - [2024-02-14T23:46:10.804+0000] {dag.py:3823} INFO - Setting next_dagrun for example_branch_python_operator_decorator to 2024-02-13 00:00:00+00:00, run_after=2024-02-14 00:00:00+00:00
[2024-02-14T23:46:10.827+0000] {processor.py:183} INFO - Processing /home/ubuntu/reddit_venv/lib/python3.10/site-packages/airflow/example_dags/example_branch_operator_decorator.py took 0.096 seconds
[2024-02-14T23:47:04.418+0000] {processor.py:161} INFO - Started process (PID=10504) to work on /home/ubuntu/reddit_venv/lib/python3.10/site-packages/airflow/example_dags/example_branch_operator_decorator.py
[2024-02-14T23:47:04.420+0000] {processor.py:830} INFO - Processing file /home/ubuntu/reddit_venv/lib/python3.10/site-packages/airflow/example_dags/example_branch_operator_decorator.py for tasks to queue
[2024-02-14T23:47:04.421+0000] {logging_mixin.py:188} INFO - [2024-02-14T23:47:04.420+0000] {dagbag.py:538} INFO - Filling up the DagBag from /home/ubuntu/reddit_venv/lib/python3.10/site-packages/airflow/example_dags/example_branch_operator_decorator.py
[2024-02-14T23:47:04.444+0000] {processor.py:840} INFO - DAG(s) 'example_branch_python_operator_decorator' retrieved from /home/ubuntu/reddit_venv/lib/python3.10/site-packages/airflow/example_dags/example_branch_operator_decorator.py
[2024-02-14T23:47:04.468+0000] {logging_mixin.py:188} INFO - [2024-02-14T23:47:04.468+0000] {dag.py:3036} INFO - Sync 1 DAGs
[2024-02-14T23:47:04.490+0000] {logging_mixin.py:188} INFO - [2024-02-14T23:47:04.489+0000] {dag.py:3823} INFO - Setting next_dagrun for example_branch_python_operator_decorator to 2024-02-13 00:00:00+00:00, run_after=2024-02-14 00:00:00+00:00
[2024-02-14T23:47:04.514+0000] {processor.py:183} INFO - Processing /home/ubuntu/reddit_venv/lib/python3.10/site-packages/airflow/example_dags/example_branch_operator_decorator.py took 0.099 seconds
[2024-02-14T23:48:03.350+0000] {processor.py:161} INFO - Started process (PID=10634) to work on /home/ubuntu/reddit_venv/lib/python3.10/site-packages/airflow/example_dags/example_branch_operator_decorator.py
[2024-02-14T23:48:03.351+0000] {processor.py:830} INFO - Processing file /home/ubuntu/reddit_venv/lib/python3.10/site-packages/airflow/example_dags/example_branch_operator_decorator.py for tasks to queue
[2024-02-14T23:48:03.352+0000] {logging_mixin.py:188} INFO - [2024-02-14T23:48:03.352+0000] {dagbag.py:538} INFO - Filling up the DagBag from /home/ubuntu/reddit_venv/lib/python3.10/site-packages/airflow/example_dags/example_branch_operator_decorator.py
[2024-02-14T23:48:03.376+0000] {processor.py:840} INFO - DAG(s) 'example_branch_python_operator_decorator' retrieved from /home/ubuntu/reddit_venv/lib/python3.10/site-packages/airflow/example_dags/example_branch_operator_decorator.py
[2024-02-14T23:48:03.400+0000] {logging_mixin.py:188} INFO - [2024-02-14T23:48:03.400+0000] {dag.py:3036} INFO - Sync 1 DAGs
[2024-02-14T23:48:03.422+0000] {logging_mixin.py:188} INFO - [2024-02-14T23:48:03.421+0000] {dag.py:3823} INFO - Setting next_dagrun for example_branch_python_operator_decorator to 2024-02-13 00:00:00+00:00, run_after=2024-02-14 00:00:00+00:00
[2024-02-14T23:48:03.444+0000] {processor.py:183} INFO - Processing /home/ubuntu/reddit_venv/lib/python3.10/site-packages/airflow/example_dags/example_branch_operator_decorator.py took 0.098 seconds
[2024-02-14T23:49:00.926+0000] {processor.py:161} INFO - Started process (PID=10759) to work on /home/ubuntu/reddit_venv/lib/python3.10/site-packages/airflow/example_dags/example_branch_operator_decorator.py
[2024-02-14T23:49:00.928+0000] {processor.py:830} INFO - Processing file /home/ubuntu/reddit_venv/lib/python3.10/site-packages/airflow/example_dags/example_branch_operator_decorator.py for tasks to queue
[2024-02-14T23:49:00.928+0000] {logging_mixin.py:188} INFO - [2024-02-14T23:49:00.928+0000] {dagbag.py:538} INFO - Filling up the DagBag from /home/ubuntu/reddit_venv/lib/python3.10/site-packages/airflow/example_dags/example_branch_operator_decorator.py
[2024-02-14T23:49:00.952+0000] {processor.py:840} INFO - DAG(s) 'example_branch_python_operator_decorator' retrieved from /home/ubuntu/reddit_venv/lib/python3.10/site-packages/airflow/example_dags/example_branch_operator_decorator.py
[2024-02-14T23:49:00.975+0000] {logging_mixin.py:188} INFO - [2024-02-14T23:49:00.975+0000] {dag.py:3036} INFO - Sync 1 DAGs
[2024-02-14T23:49:00.996+0000] {logging_mixin.py:188} INFO - [2024-02-14T23:49:00.996+0000] {dag.py:3823} INFO - Setting next_dagrun for example_branch_python_operator_decorator to 2024-02-13 00:00:00+00:00, run_after=2024-02-14 00:00:00+00:00
[2024-02-14T23:49:01.017+0000] {processor.py:183} INFO - Processing /home/ubuntu/reddit_venv/lib/python3.10/site-packages/airflow/example_dags/example_branch_operator_decorator.py took 0.094 seconds
[2024-02-14T23:49:53.705+0000] {processor.py:161} INFO - Started process (PID=10944) to work on /home/ubuntu/reddit_venv/lib/python3.10/site-packages/airflow/example_dags/example_branch_operator_decorator.py
[2024-02-14T23:49:53.707+0000] {processor.py:830} INFO - Processing file /home/ubuntu/reddit_venv/lib/python3.10/site-packages/airflow/example_dags/example_branch_operator_decorator.py for tasks to queue
[2024-02-14T23:49:53.708+0000] {logging_mixin.py:188} INFO - [2024-02-14T23:49:53.708+0000] {dagbag.py:538} INFO - Filling up the DagBag from /home/ubuntu/reddit_venv/lib/python3.10/site-packages/airflow/example_dags/example_branch_operator_decorator.py
[2024-02-14T23:49:53.731+0000] {processor.py:840} INFO - DAG(s) 'example_branch_python_operator_decorator' retrieved from /home/ubuntu/reddit_venv/lib/python3.10/site-packages/airflow/example_dags/example_branch_operator_decorator.py
[2024-02-14T23:49:53.756+0000] {logging_mixin.py:188} INFO - [2024-02-14T23:49:53.756+0000] {dag.py:3036} INFO - Sync 1 DAGs
[2024-02-14T23:49:53.777+0000] {logging_mixin.py:188} INFO - [2024-02-14T23:49:53.777+0000] {dag.py:3823} INFO - Setting next_dagrun for example_branch_python_operator_decorator to 2024-02-13 00:00:00+00:00, run_after=2024-02-14 00:00:00+00:00
[2024-02-14T23:49:53.798+0000] {processor.py:183} INFO - Processing /home/ubuntu/reddit_venv/lib/python3.10/site-packages/airflow/example_dags/example_branch_operator_decorator.py took 0.097 seconds
[2024-02-14T23:50:50.214+0000] {processor.py:161} INFO - Started process (PID=11067) to work on /home/ubuntu/reddit_venv/lib/python3.10/site-packages/airflow/example_dags/example_branch_operator_decorator.py
[2024-02-14T23:50:50.215+0000] {processor.py:830} INFO - Processing file /home/ubuntu/reddit_venv/lib/python3.10/site-packages/airflow/example_dags/example_branch_operator_decorator.py for tasks to queue
[2024-02-14T23:50:50.216+0000] {logging_mixin.py:188} INFO - [2024-02-14T23:50:50.216+0000] {dagbag.py:538} INFO - Filling up the DagBag from /home/ubuntu/reddit_venv/lib/python3.10/site-packages/airflow/example_dags/example_branch_operator_decorator.py
[2024-02-14T23:50:50.241+0000] {processor.py:840} INFO - DAG(s) 'example_branch_python_operator_decorator' retrieved from /home/ubuntu/reddit_venv/lib/python3.10/site-packages/airflow/example_dags/example_branch_operator_decorator.py
[2024-02-14T23:50:50.265+0000] {logging_mixin.py:188} INFO - [2024-02-14T23:50:50.265+0000] {dag.py:3036} INFO - Sync 1 DAGs
[2024-02-14T23:50:50.287+0000] {logging_mixin.py:188} INFO - [2024-02-14T23:50:50.287+0000] {dag.py:3823} INFO - Setting next_dagrun for example_branch_python_operator_decorator to 2024-02-13 00:00:00+00:00, run_after=2024-02-14 00:00:00+00:00
[2024-02-14T23:50:50.310+0000] {processor.py:183} INFO - Processing /home/ubuntu/reddit_venv/lib/python3.10/site-packages/airflow/example_dags/example_branch_operator_decorator.py took 0.100 seconds
[2024-02-14T23:51:48.786+0000] {processor.py:161} INFO - Started process (PID=11196) to work on /home/ubuntu/reddit_venv/lib/python3.10/site-packages/airflow/example_dags/example_branch_operator_decorator.py
[2024-02-14T23:51:48.788+0000] {processor.py:830} INFO - Processing file /home/ubuntu/reddit_venv/lib/python3.10/site-packages/airflow/example_dags/example_branch_operator_decorator.py for tasks to queue
[2024-02-14T23:51:48.789+0000] {logging_mixin.py:188} INFO - [2024-02-14T23:51:48.788+0000] {dagbag.py:538} INFO - Filling up the DagBag from /home/ubuntu/reddit_venv/lib/python3.10/site-packages/airflow/example_dags/example_branch_operator_decorator.py
[2024-02-14T23:51:48.811+0000] {processor.py:840} INFO - DAG(s) 'example_branch_python_operator_decorator' retrieved from /home/ubuntu/reddit_venv/lib/python3.10/site-packages/airflow/example_dags/example_branch_operator_decorator.py
[2024-02-14T23:51:48.835+0000] {logging_mixin.py:188} INFO - [2024-02-14T23:51:48.835+0000] {dag.py:3036} INFO - Sync 1 DAGs
[2024-02-14T23:51:48.857+0000] {logging_mixin.py:188} INFO - [2024-02-14T23:51:48.857+0000] {dag.py:3823} INFO - Setting next_dagrun for example_branch_python_operator_decorator to 2024-02-13 00:00:00+00:00, run_after=2024-02-14 00:00:00+00:00
[2024-02-14T23:51:48.881+0000] {processor.py:183} INFO - Processing /home/ubuntu/reddit_venv/lib/python3.10/site-packages/airflow/example_dags/example_branch_operator_decorator.py took 0.098 seconds
[2024-02-14T23:52:51.408+0000] {processor.py:161} INFO - Started process (PID=11325) to work on /home/ubuntu/reddit_venv/lib/python3.10/site-packages/airflow/example_dags/example_branch_operator_decorator.py
[2024-02-14T23:52:51.412+0000] {processor.py:830} INFO - Processing file /home/ubuntu/reddit_venv/lib/python3.10/site-packages/airflow/example_dags/example_branch_operator_decorator.py for tasks to queue
[2024-02-14T23:52:51.413+0000] {logging_mixin.py:188} INFO - [2024-02-14T23:52:51.413+0000] {dagbag.py:538} INFO - Filling up the DagBag from /home/ubuntu/reddit_venv/lib/python3.10/site-packages/airflow/example_dags/example_branch_operator_decorator.py
[2024-02-14T23:52:51.436+0000] {processor.py:840} INFO - DAG(s) 'example_branch_python_operator_decorator' retrieved from /home/ubuntu/reddit_venv/lib/python3.10/site-packages/airflow/example_dags/example_branch_operator_decorator.py
[2024-02-14T23:52:51.460+0000] {logging_mixin.py:188} INFO - [2024-02-14T23:52:51.459+0000] {dag.py:3036} INFO - Sync 1 DAGs
[2024-02-14T23:52:51.481+0000] {logging_mixin.py:188} INFO - [2024-02-14T23:52:51.481+0000] {dag.py:3823} INFO - Setting next_dagrun for example_branch_python_operator_decorator to 2024-02-13 00:00:00+00:00, run_after=2024-02-14 00:00:00+00:00
[2024-02-14T23:52:51.503+0000] {processor.py:183} INFO - Processing /home/ubuntu/reddit_venv/lib/python3.10/site-packages/airflow/example_dags/example_branch_operator_decorator.py took 0.098 seconds
[2024-02-14T23:53:54.585+0000] {processor.py:161} INFO - Started process (PID=11455) to work on /home/ubuntu/reddit_venv/lib/python3.10/site-packages/airflow/example_dags/example_branch_operator_decorator.py
[2024-02-14T23:53:54.587+0000] {processor.py:830} INFO - Processing file /home/ubuntu/reddit_venv/lib/python3.10/site-packages/airflow/example_dags/example_branch_operator_decorator.py for tasks to queue
[2024-02-14T23:53:54.588+0000] {logging_mixin.py:188} INFO - [2024-02-14T23:53:54.587+0000] {dagbag.py:538} INFO - Filling up the DagBag from /home/ubuntu/reddit_venv/lib/python3.10/site-packages/airflow/example_dags/example_branch_operator_decorator.py
[2024-02-14T23:53:54.611+0000] {processor.py:840} INFO - DAG(s) 'example_branch_python_operator_decorator' retrieved from /home/ubuntu/reddit_venv/lib/python3.10/site-packages/airflow/example_dags/example_branch_operator_decorator.py
[2024-02-14T23:53:54.634+0000] {logging_mixin.py:188} INFO - [2024-02-14T23:53:54.634+0000] {dag.py:3036} INFO - Sync 1 DAGs
[2024-02-14T23:53:54.656+0000] {logging_mixin.py:188} INFO - [2024-02-14T23:53:54.656+0000] {dag.py:3823} INFO - Setting next_dagrun for example_branch_python_operator_decorator to 2024-02-13 00:00:00+00:00, run_after=2024-02-14 00:00:00+00:00
[2024-02-14T23:53:54.679+0000] {processor.py:183} INFO - Processing /home/ubuntu/reddit_venv/lib/python3.10/site-packages/airflow/example_dags/example_branch_operator_decorator.py took 0.097 seconds
[2024-02-14T23:54:58.218+0000] {processor.py:161} INFO - Started process (PID=11648) to work on /home/ubuntu/reddit_venv/lib/python3.10/site-packages/airflow/example_dags/example_branch_operator_decorator.py
[2024-02-14T23:54:58.219+0000] {processor.py:830} INFO - Processing file /home/ubuntu/reddit_venv/lib/python3.10/site-packages/airflow/example_dags/example_branch_operator_decorator.py for tasks to queue
[2024-02-14T23:54:58.220+0000] {logging_mixin.py:188} INFO - [2024-02-14T23:54:58.220+0000] {dagbag.py:538} INFO - Filling up the DagBag from /home/ubuntu/reddit_venv/lib/python3.10/site-packages/airflow/example_dags/example_branch_operator_decorator.py
[2024-02-14T23:54:58.245+0000] {processor.py:840} INFO - DAG(s) 'example_branch_python_operator_decorator' retrieved from /home/ubuntu/reddit_venv/lib/python3.10/site-packages/airflow/example_dags/example_branch_operator_decorator.py
[2024-02-14T23:54:58.269+0000] {logging_mixin.py:188} INFO - [2024-02-14T23:54:58.269+0000] {dag.py:3036} INFO - Sync 1 DAGs
[2024-02-14T23:54:58.291+0000] {logging_mixin.py:188} INFO - [2024-02-14T23:54:58.291+0000] {dag.py:3823} INFO - Setting next_dagrun for example_branch_python_operator_decorator to 2024-02-13 00:00:00+00:00, run_after=2024-02-14 00:00:00+00:00
[2024-02-14T23:54:58.314+0000] {processor.py:183} INFO - Processing /home/ubuntu/reddit_venv/lib/python3.10/site-packages/airflow/example_dags/example_branch_operator_decorator.py took 0.100 seconds
[2024-02-14T23:55:55.925+0000] {processor.py:161} INFO - Started process (PID=11774) to work on /home/ubuntu/reddit_venv/lib/python3.10/site-packages/airflow/example_dags/example_branch_operator_decorator.py
[2024-02-14T23:55:55.927+0000] {processor.py:830} INFO - Processing file /home/ubuntu/reddit_venv/lib/python3.10/site-packages/airflow/example_dags/example_branch_operator_decorator.py for tasks to queue
[2024-02-14T23:55:55.928+0000] {logging_mixin.py:188} INFO - [2024-02-14T23:55:55.928+0000] {dagbag.py:538} INFO - Filling up the DagBag from /home/ubuntu/reddit_venv/lib/python3.10/site-packages/airflow/example_dags/example_branch_operator_decorator.py
[2024-02-14T23:55:55.951+0000] {processor.py:840} INFO - DAG(s) 'example_branch_python_operator_decorator' retrieved from /home/ubuntu/reddit_venv/lib/python3.10/site-packages/airflow/example_dags/example_branch_operator_decorator.py
[2024-02-14T23:55:55.973+0000] {logging_mixin.py:188} INFO - [2024-02-14T23:55:55.973+0000] {dag.py:3036} INFO - Sync 1 DAGs
[2024-02-14T23:55:55.994+0000] {logging_mixin.py:188} INFO - [2024-02-14T23:55:55.994+0000] {dag.py:3823} INFO - Setting next_dagrun for example_branch_python_operator_decorator to 2024-02-13 00:00:00+00:00, run_after=2024-02-14 00:00:00+00:00
[2024-02-14T23:55:56.017+0000] {processor.py:183} INFO - Processing /home/ubuntu/reddit_venv/lib/python3.10/site-packages/airflow/example_dags/example_branch_operator_decorator.py took 0.095 seconds
[2024-02-14T23:56:53.443+0000] {processor.py:161} INFO - Started process (PID=12686) to work on /home/ubuntu/reddit_venv/lib/python3.10/site-packages/airflow/example_dags/example_branch_operator_decorator.py
[2024-02-14T23:56:53.445+0000] {processor.py:830} INFO - Processing file /home/ubuntu/reddit_venv/lib/python3.10/site-packages/airflow/example_dags/example_branch_operator_decorator.py for tasks to queue
[2024-02-14T23:56:53.446+0000] {logging_mixin.py:188} INFO - [2024-02-14T23:56:53.445+0000] {dagbag.py:538} INFO - Filling up the DagBag from /home/ubuntu/reddit_venv/lib/python3.10/site-packages/airflow/example_dags/example_branch_operator_decorator.py
[2024-02-14T23:56:53.469+0000] {processor.py:840} INFO - DAG(s) 'example_branch_python_operator_decorator' retrieved from /home/ubuntu/reddit_venv/lib/python3.10/site-packages/airflow/example_dags/example_branch_operator_decorator.py
[2024-02-14T23:56:53.492+0000] {logging_mixin.py:188} INFO - [2024-02-14T23:56:53.492+0000] {dag.py:3036} INFO - Sync 1 DAGs
[2024-02-14T23:56:53.513+0000] {logging_mixin.py:188} INFO - [2024-02-14T23:56:53.513+0000] {dag.py:3823} INFO - Setting next_dagrun for example_branch_python_operator_decorator to 2024-02-13 00:00:00+00:00, run_after=2024-02-14 00:00:00+00:00
[2024-02-14T23:56:53.535+0000] {processor.py:183} INFO - Processing /home/ubuntu/reddit_venv/lib/python3.10/site-packages/airflow/example_dags/example_branch_operator_decorator.py took 0.095 seconds
[2024-02-14T23:57:52.055+0000] {processor.py:161} INFO - Started process (PID=20277) to work on /home/ubuntu/reddit_venv/lib/python3.10/site-packages/airflow/example_dags/example_branch_operator_decorator.py
[2024-02-14T23:57:52.057+0000] {processor.py:830} INFO - Processing file /home/ubuntu/reddit_venv/lib/python3.10/site-packages/airflow/example_dags/example_branch_operator_decorator.py for tasks to queue
[2024-02-14T23:57:52.057+0000] {logging_mixin.py:188} INFO - [2024-02-14T23:57:52.057+0000] {dagbag.py:538} INFO - Filling up the DagBag from /home/ubuntu/reddit_venv/lib/python3.10/site-packages/airflow/example_dags/example_branch_operator_decorator.py
[2024-02-14T23:57:52.080+0000] {processor.py:840} INFO - DAG(s) 'example_branch_python_operator_decorator' retrieved from /home/ubuntu/reddit_venv/lib/python3.10/site-packages/airflow/example_dags/example_branch_operator_decorator.py
[2024-02-14T23:57:52.105+0000] {logging_mixin.py:188} INFO - [2024-02-14T23:57:52.104+0000] {dag.py:3036} INFO - Sync 1 DAGs
[2024-02-14T23:57:52.125+0000] {logging_mixin.py:188} INFO - [2024-02-14T23:57:52.125+0000] {dag.py:3823} INFO - Setting next_dagrun for example_branch_python_operator_decorator to 2024-02-13 00:00:00+00:00, run_after=2024-02-14 00:00:00+00:00
[2024-02-14T23:57:52.150+0000] {processor.py:183} INFO - Processing /home/ubuntu/reddit_venv/lib/python3.10/site-packages/airflow/example_dags/example_branch_operator_decorator.py took 0.099 seconds
[2024-02-14T23:58:54.517+0000] {processor.py:161} INFO - Started process (PID=22414) to work on /home/ubuntu/reddit_venv/lib/python3.10/site-packages/airflow/example_dags/example_branch_operator_decorator.py
[2024-02-14T23:58:54.518+0000] {processor.py:830} INFO - Processing file /home/ubuntu/reddit_venv/lib/python3.10/site-packages/airflow/example_dags/example_branch_operator_decorator.py for tasks to queue
[2024-02-14T23:58:54.519+0000] {logging_mixin.py:188} INFO - [2024-02-14T23:58:54.519+0000] {dagbag.py:538} INFO - Filling up the DagBag from /home/ubuntu/reddit_venv/lib/python3.10/site-packages/airflow/example_dags/example_branch_operator_decorator.py
[2024-02-14T23:58:54.542+0000] {processor.py:840} INFO - DAG(s) 'example_branch_python_operator_decorator' retrieved from /home/ubuntu/reddit_venv/lib/python3.10/site-packages/airflow/example_dags/example_branch_operator_decorator.py
[2024-02-14T23:58:54.566+0000] {logging_mixin.py:188} INFO - [2024-02-14T23:58:54.565+0000] {dag.py:3036} INFO - Sync 1 DAGs
[2024-02-14T23:58:54.586+0000] {logging_mixin.py:188} INFO - [2024-02-14T23:58:54.586+0000] {dag.py:3823} INFO - Setting next_dagrun for example_branch_python_operator_decorator to 2024-02-13 00:00:00+00:00, run_after=2024-02-14 00:00:00+00:00
[2024-02-14T23:58:54.608+0000] {processor.py:183} INFO - Processing /home/ubuntu/reddit_venv/lib/python3.10/site-packages/airflow/example_dags/example_branch_operator_decorator.py took 0.095 seconds
[2024-02-14T23:59:55.575+0000] {processor.py:161} INFO - Started process (PID=22606) to work on /home/ubuntu/reddit_venv/lib/python3.10/site-packages/airflow/example_dags/example_branch_operator_decorator.py
[2024-02-14T23:59:55.576+0000] {processor.py:830} INFO - Processing file /home/ubuntu/reddit_venv/lib/python3.10/site-packages/airflow/example_dags/example_branch_operator_decorator.py for tasks to queue
[2024-02-14T23:59:55.577+0000] {logging_mixin.py:188} INFO - [2024-02-14T23:59:55.577+0000] {dagbag.py:538} INFO - Filling up the DagBag from /home/ubuntu/reddit_venv/lib/python3.10/site-packages/airflow/example_dags/example_branch_operator_decorator.py
[2024-02-14T23:59:55.600+0000] {processor.py:840} INFO - DAG(s) 'example_branch_python_operator_decorator' retrieved from /home/ubuntu/reddit_venv/lib/python3.10/site-packages/airflow/example_dags/example_branch_operator_decorator.py
[2024-02-14T23:59:55.624+0000] {logging_mixin.py:188} INFO - [2024-02-14T23:59:55.623+0000] {dag.py:3036} INFO - Sync 1 DAGs
[2024-02-14T23:59:55.645+0000] {logging_mixin.py:188} INFO - [2024-02-14T23:59:55.645+0000] {dag.py:3823} INFO - Setting next_dagrun for example_branch_python_operator_decorator to 2024-02-13 00:00:00+00:00, run_after=2024-02-14 00:00:00+00:00
[2024-02-14T23:59:55.668+0000] {processor.py:183} INFO - Processing /home/ubuntu/reddit_venv/lib/python3.10/site-packages/airflow/example_dags/example_branch_operator_decorator.py took 0.097 seconds
