[2024-02-14T23:09:49.555+0000] {processor.py:161} INFO - Started process (PID=1649) to work on /home/ubuntu/reddit_venv/lib/python3.10/site-packages/airflow/example_dags/example_kubernetes_executor.py
[2024-02-14T23:09:49.556+0000] {processor.py:830} INFO - Processing file /home/ubuntu/reddit_venv/lib/python3.10/site-packages/airflow/example_dags/example_kubernetes_executor.py for tasks to queue
[2024-02-14T23:09:49.557+0000] {logging_mixin.py:188} INFO - [2024-02-14T23:09:49.557+0000] {dagbag.py:538} INFO - Filling up the DagBag from /home/ubuntu/reddit_venv/lib/python3.10/site-packages/airflow/example_dags/example_kubernetes_executor.py
[2024-02-14T23:09:49.560+0000] {logging_mixin.py:188} INFO - [2024-02-14T23:09:49.560+0000] {example_kubernetes_executor.py:38} WARNING - The example_kubernetes_executor example DAG requires the kubernetes provider. Please install it with: pip install apache-airflow[cncf.kubernetes]
[2024-02-14T23:09:49.560+0000] {processor.py:842} WARNING - No viable dags retrieved from /home/ubuntu/reddit_venv/lib/python3.10/site-packages/airflow/example_dags/example_kubernetes_executor.py
[2024-02-14T23:09:49.570+0000] {processor.py:183} INFO - Processing /home/ubuntu/reddit_venv/lib/python3.10/site-packages/airflow/example_dags/example_kubernetes_executor.py took 0.018 seconds
[2024-02-14T23:10:40.775+0000] {processor.py:161} INFO - Started process (PID=1764) to work on /home/ubuntu/reddit_venv/lib/python3.10/site-packages/airflow/example_dags/example_kubernetes_executor.py
[2024-02-14T23:10:40.777+0000] {processor.py:830} INFO - Processing file /home/ubuntu/reddit_venv/lib/python3.10/site-packages/airflow/example_dags/example_kubernetes_executor.py for tasks to queue
[2024-02-14T23:10:40.778+0000] {logging_mixin.py:188} INFO - [2024-02-14T23:10:40.778+0000] {dagbag.py:538} INFO - Filling up the DagBag from /home/ubuntu/reddit_venv/lib/python3.10/site-packages/airflow/example_dags/example_kubernetes_executor.py
[2024-02-14T23:10:40.782+0000] {logging_mixin.py:188} INFO - [2024-02-14T23:10:40.781+0000] {example_kubernetes_executor.py:38} WARNING - The example_kubernetes_executor example DAG requires the kubernetes provider. Please install it with: pip install apache-airflow[cncf.kubernetes]
[2024-02-14T23:10:40.782+0000] {processor.py:842} WARNING - No viable dags retrieved from /home/ubuntu/reddit_venv/lib/python3.10/site-packages/airflow/example_dags/example_kubernetes_executor.py
[2024-02-14T23:10:40.792+0000] {processor.py:183} INFO - Processing /home/ubuntu/reddit_venv/lib/python3.10/site-packages/airflow/example_dags/example_kubernetes_executor.py took 0.020 seconds
[2024-02-14T23:11:29.712+0000] {processor.py:161} INFO - Started process (PID=1879) to work on /home/ubuntu/reddit_venv/lib/python3.10/site-packages/airflow/example_dags/example_kubernetes_executor.py
[2024-02-14T23:11:29.714+0000] {processor.py:830} INFO - Processing file /home/ubuntu/reddit_venv/lib/python3.10/site-packages/airflow/example_dags/example_kubernetes_executor.py for tasks to queue
[2024-02-14T23:11:29.715+0000] {logging_mixin.py:188} INFO - [2024-02-14T23:11:29.714+0000] {dagbag.py:538} INFO - Filling up the DagBag from /home/ubuntu/reddit_venv/lib/python3.10/site-packages/airflow/example_dags/example_kubernetes_executor.py
[2024-02-14T23:11:29.718+0000] {logging_mixin.py:188} INFO - [2024-02-14T23:11:29.718+0000] {example_kubernetes_executor.py:38} WARNING - The example_kubernetes_executor example DAG requires the kubernetes provider. Please install it with: pip install apache-airflow[cncf.kubernetes]
[2024-02-14T23:11:29.718+0000] {processor.py:842} WARNING - No viable dags retrieved from /home/ubuntu/reddit_venv/lib/python3.10/site-packages/airflow/example_dags/example_kubernetes_executor.py
[2024-02-14T23:11:29.728+0000] {processor.py:183} INFO - Processing /home/ubuntu/reddit_venv/lib/python3.10/site-packages/airflow/example_dags/example_kubernetes_executor.py took 0.019 seconds
[2024-02-14T23:12:28.148+0000] {processor.py:161} INFO - Started process (PID=2008) to work on /home/ubuntu/reddit_venv/lib/python3.10/site-packages/airflow/example_dags/example_kubernetes_executor.py
[2024-02-14T23:12:28.150+0000] {processor.py:830} INFO - Processing file /home/ubuntu/reddit_venv/lib/python3.10/site-packages/airflow/example_dags/example_kubernetes_executor.py for tasks to queue
[2024-02-14T23:12:28.151+0000] {logging_mixin.py:188} INFO - [2024-02-14T23:12:28.151+0000] {dagbag.py:538} INFO - Filling up the DagBag from /home/ubuntu/reddit_venv/lib/python3.10/site-packages/airflow/example_dags/example_kubernetes_executor.py
[2024-02-14T23:12:28.154+0000] {logging_mixin.py:188} INFO - [2024-02-14T23:12:28.154+0000] {example_kubernetes_executor.py:38} WARNING - The example_kubernetes_executor example DAG requires the kubernetes provider. Please install it with: pip install apache-airflow[cncf.kubernetes]
[2024-02-14T23:12:28.155+0000] {processor.py:842} WARNING - No viable dags retrieved from /home/ubuntu/reddit_venv/lib/python3.10/site-packages/airflow/example_dags/example_kubernetes_executor.py
[2024-02-14T23:12:28.165+0000] {processor.py:183} INFO - Processing /home/ubuntu/reddit_venv/lib/python3.10/site-packages/airflow/example_dags/example_kubernetes_executor.py took 0.020 seconds
[2024-02-14T23:13:26.452+0000] {processor.py:161} INFO - Started process (PID=2443) to work on /home/ubuntu/reddit_venv/lib/python3.10/site-packages/airflow/example_dags/example_kubernetes_executor.py
[2024-02-14T23:13:26.453+0000] {processor.py:830} INFO - Processing file /home/ubuntu/reddit_venv/lib/python3.10/site-packages/airflow/example_dags/example_kubernetes_executor.py for tasks to queue
[2024-02-14T23:13:26.454+0000] {logging_mixin.py:188} INFO - [2024-02-14T23:13:26.454+0000] {dagbag.py:538} INFO - Filling up the DagBag from /home/ubuntu/reddit_venv/lib/python3.10/site-packages/airflow/example_dags/example_kubernetes_executor.py
[2024-02-14T23:13:26.457+0000] {logging_mixin.py:188} INFO - [2024-02-14T23:13:26.457+0000] {example_kubernetes_executor.py:38} WARNING - The example_kubernetes_executor example DAG requires the kubernetes provider. Please install it with: pip install apache-airflow[cncf.kubernetes]
[2024-02-14T23:13:26.457+0000] {processor.py:842} WARNING - No viable dags retrieved from /home/ubuntu/reddit_venv/lib/python3.10/site-packages/airflow/example_dags/example_kubernetes_executor.py
[2024-02-14T23:13:26.467+0000] {processor.py:183} INFO - Processing /home/ubuntu/reddit_venv/lib/python3.10/site-packages/airflow/example_dags/example_kubernetes_executor.py took 0.019 seconds
[2024-02-14T23:14:26.983+0000] {processor.py:161} INFO - Started process (PID=2571) to work on /home/ubuntu/reddit_venv/lib/python3.10/site-packages/airflow/example_dags/example_kubernetes_executor.py
[2024-02-14T23:14:26.985+0000] {processor.py:830} INFO - Processing file /home/ubuntu/reddit_venv/lib/python3.10/site-packages/airflow/example_dags/example_kubernetes_executor.py for tasks to queue
[2024-02-14T23:14:26.986+0000] {logging_mixin.py:188} INFO - [2024-02-14T23:14:26.985+0000] {dagbag.py:538} INFO - Filling up the DagBag from /home/ubuntu/reddit_venv/lib/python3.10/site-packages/airflow/example_dags/example_kubernetes_executor.py
[2024-02-14T23:14:26.989+0000] {logging_mixin.py:188} INFO - [2024-02-14T23:14:26.989+0000] {example_kubernetes_executor.py:38} WARNING - The example_kubernetes_executor example DAG requires the kubernetes provider. Please install it with: pip install apache-airflow[cncf.kubernetes]
[2024-02-14T23:14:26.989+0000] {processor.py:842} WARNING - No viable dags retrieved from /home/ubuntu/reddit_venv/lib/python3.10/site-packages/airflow/example_dags/example_kubernetes_executor.py
[2024-02-14T23:14:26.999+0000] {processor.py:183} INFO - Processing /home/ubuntu/reddit_venv/lib/python3.10/site-packages/airflow/example_dags/example_kubernetes_executor.py took 0.019 seconds
[2024-02-14T23:15:27.927+0000] {processor.py:161} INFO - Started process (PID=3003) to work on /home/ubuntu/reddit_venv/lib/python3.10/site-packages/airflow/example_dags/example_kubernetes_executor.py
[2024-02-14T23:15:27.928+0000] {processor.py:830} INFO - Processing file /home/ubuntu/reddit_venv/lib/python3.10/site-packages/airflow/example_dags/example_kubernetes_executor.py for tasks to queue
[2024-02-14T23:15:27.929+0000] {logging_mixin.py:188} INFO - [2024-02-14T23:15:27.929+0000] {dagbag.py:538} INFO - Filling up the DagBag from /home/ubuntu/reddit_venv/lib/python3.10/site-packages/airflow/example_dags/example_kubernetes_executor.py
[2024-02-14T23:15:27.932+0000] {logging_mixin.py:188} INFO - [2024-02-14T23:15:27.932+0000] {example_kubernetes_executor.py:38} WARNING - The example_kubernetes_executor example DAG requires the kubernetes provider. Please install it with: pip install apache-airflow[cncf.kubernetes]
[2024-02-14T23:15:27.932+0000] {processor.py:842} WARNING - No viable dags retrieved from /home/ubuntu/reddit_venv/lib/python3.10/site-packages/airflow/example_dags/example_kubernetes_executor.py
[2024-02-14T23:15:27.942+0000] {processor.py:183} INFO - Processing /home/ubuntu/reddit_venv/lib/python3.10/site-packages/airflow/example_dags/example_kubernetes_executor.py took 0.019 seconds
[2024-02-14T23:16:37.737+0000] {processor.py:161} INFO - Started process (PID=3383) to work on /home/ubuntu/reddit_venv/lib/python3.10/site-packages/airflow/example_dags/example_kubernetes_executor.py
[2024-02-14T23:16:37.739+0000] {processor.py:830} INFO - Processing file /home/ubuntu/reddit_venv/lib/python3.10/site-packages/airflow/example_dags/example_kubernetes_executor.py for tasks to queue
[2024-02-14T23:16:37.740+0000] {logging_mixin.py:188} INFO - [2024-02-14T23:16:37.739+0000] {dagbag.py:538} INFO - Filling up the DagBag from /home/ubuntu/reddit_venv/lib/python3.10/site-packages/airflow/example_dags/example_kubernetes_executor.py
[2024-02-14T23:16:37.743+0000] {logging_mixin.py:188} INFO - [2024-02-14T23:16:37.743+0000] {example_kubernetes_executor.py:38} WARNING - The example_kubernetes_executor example DAG requires the kubernetes provider. Please install it with: pip install apache-airflow[cncf.kubernetes]
[2024-02-14T23:16:37.743+0000] {processor.py:842} WARNING - No viable dags retrieved from /home/ubuntu/reddit_venv/lib/python3.10/site-packages/airflow/example_dags/example_kubernetes_executor.py
[2024-02-14T23:16:37.753+0000] {processor.py:183} INFO - Processing /home/ubuntu/reddit_venv/lib/python3.10/site-packages/airflow/example_dags/example_kubernetes_executor.py took 0.019 seconds
[2024-02-14T23:17:24.934+0000] {processor.py:161} INFO - Started process (PID=4011) to work on /home/ubuntu/reddit_venv/lib/python3.10/site-packages/airflow/example_dags/example_kubernetes_executor.py
[2024-02-14T23:17:24.935+0000] {processor.py:830} INFO - Processing file /home/ubuntu/reddit_venv/lib/python3.10/site-packages/airflow/example_dags/example_kubernetes_executor.py for tasks to queue
[2024-02-14T23:17:24.936+0000] {logging_mixin.py:188} INFO - [2024-02-14T23:17:24.936+0000] {dagbag.py:538} INFO - Filling up the DagBag from /home/ubuntu/reddit_venv/lib/python3.10/site-packages/airflow/example_dags/example_kubernetes_executor.py
[2024-02-14T23:17:24.940+0000] {logging_mixin.py:188} INFO - [2024-02-14T23:17:24.939+0000] {example_kubernetes_executor.py:38} WARNING - The example_kubernetes_executor example DAG requires the kubernetes provider. Please install it with: pip install apache-airflow[cncf.kubernetes]
[2024-02-14T23:17:24.940+0000] {processor.py:842} WARNING - No viable dags retrieved from /home/ubuntu/reddit_venv/lib/python3.10/site-packages/airflow/example_dags/example_kubernetes_executor.py
[2024-02-14T23:17:24.949+0000] {processor.py:183} INFO - Processing /home/ubuntu/reddit_venv/lib/python3.10/site-packages/airflow/example_dags/example_kubernetes_executor.py took 0.019 seconds
[2024-02-14T23:18:26.255+0000] {processor.py:161} INFO - Started process (PID=4837) to work on /home/ubuntu/reddit_venv/lib/python3.10/site-packages/airflow/example_dags/example_kubernetes_executor.py
[2024-02-14T23:18:26.257+0000] {processor.py:830} INFO - Processing file /home/ubuntu/reddit_venv/lib/python3.10/site-packages/airflow/example_dags/example_kubernetes_executor.py for tasks to queue
[2024-02-14T23:18:26.257+0000] {logging_mixin.py:188} INFO - [2024-02-14T23:18:26.257+0000] {dagbag.py:538} INFO - Filling up the DagBag from /home/ubuntu/reddit_venv/lib/python3.10/site-packages/airflow/example_dags/example_kubernetes_executor.py
[2024-02-14T23:18:26.261+0000] {logging_mixin.py:188} INFO - [2024-02-14T23:18:26.260+0000] {example_kubernetes_executor.py:38} WARNING - The example_kubernetes_executor example DAG requires the kubernetes provider. Please install it with: pip install apache-airflow[cncf.kubernetes]
[2024-02-14T23:18:26.261+0000] {processor.py:842} WARNING - No viable dags retrieved from /home/ubuntu/reddit_venv/lib/python3.10/site-packages/airflow/example_dags/example_kubernetes_executor.py
[2024-02-14T23:18:26.271+0000] {processor.py:183} INFO - Processing /home/ubuntu/reddit_venv/lib/python3.10/site-packages/airflow/example_dags/example_kubernetes_executor.py took 0.019 seconds
[2024-02-14T23:19:25.441+0000] {processor.py:161} INFO - Started process (PID=5474) to work on /home/ubuntu/reddit_venv/lib/python3.10/site-packages/airflow/example_dags/example_kubernetes_executor.py
[2024-02-14T23:19:25.443+0000] {processor.py:830} INFO - Processing file /home/ubuntu/reddit_venv/lib/python3.10/site-packages/airflow/example_dags/example_kubernetes_executor.py for tasks to queue
[2024-02-14T23:19:25.444+0000] {logging_mixin.py:188} INFO - [2024-02-14T23:19:25.443+0000] {dagbag.py:538} INFO - Filling up the DagBag from /home/ubuntu/reddit_venv/lib/python3.10/site-packages/airflow/example_dags/example_kubernetes_executor.py
[2024-02-14T23:19:25.447+0000] {logging_mixin.py:188} INFO - [2024-02-14T23:19:25.447+0000] {example_kubernetes_executor.py:38} WARNING - The example_kubernetes_executor example DAG requires the kubernetes provider. Please install it with: pip install apache-airflow[cncf.kubernetes]
[2024-02-14T23:19:25.447+0000] {processor.py:842} WARNING - No viable dags retrieved from /home/ubuntu/reddit_venv/lib/python3.10/site-packages/airflow/example_dags/example_kubernetes_executor.py
[2024-02-14T23:19:25.457+0000] {processor.py:183} INFO - Processing /home/ubuntu/reddit_venv/lib/python3.10/site-packages/airflow/example_dags/example_kubernetes_executor.py took 0.019 seconds
[2024-02-14T23:20:22.685+0000] {processor.py:161} INFO - Started process (PID=5632) to work on /home/ubuntu/reddit_venv/lib/python3.10/site-packages/airflow/example_dags/example_kubernetes_executor.py
[2024-02-14T23:20:22.687+0000] {processor.py:830} INFO - Processing file /home/ubuntu/reddit_venv/lib/python3.10/site-packages/airflow/example_dags/example_kubernetes_executor.py for tasks to queue
[2024-02-14T23:20:22.688+0000] {logging_mixin.py:188} INFO - [2024-02-14T23:20:22.687+0000] {dagbag.py:538} INFO - Filling up the DagBag from /home/ubuntu/reddit_venv/lib/python3.10/site-packages/airflow/example_dags/example_kubernetes_executor.py
[2024-02-14T23:20:22.691+0000] {logging_mixin.py:188} INFO - [2024-02-14T23:20:22.691+0000] {example_kubernetes_executor.py:38} WARNING - The example_kubernetes_executor example DAG requires the kubernetes provider. Please install it with: pip install apache-airflow[cncf.kubernetes]
[2024-02-14T23:20:22.691+0000] {processor.py:842} WARNING - No viable dags retrieved from /home/ubuntu/reddit_venv/lib/python3.10/site-packages/airflow/example_dags/example_kubernetes_executor.py
[2024-02-14T23:20:22.701+0000] {processor.py:183} INFO - Processing /home/ubuntu/reddit_venv/lib/python3.10/site-packages/airflow/example_dags/example_kubernetes_executor.py took 0.019 seconds
[2024-02-14T23:21:19.768+0000] {processor.py:161} INFO - Started process (PID=5758) to work on /home/ubuntu/reddit_venv/lib/python3.10/site-packages/airflow/example_dags/example_kubernetes_executor.py
[2024-02-14T23:21:19.770+0000] {processor.py:830} INFO - Processing file /home/ubuntu/reddit_venv/lib/python3.10/site-packages/airflow/example_dags/example_kubernetes_executor.py for tasks to queue
[2024-02-14T23:21:19.770+0000] {logging_mixin.py:188} INFO - [2024-02-14T23:21:19.770+0000] {dagbag.py:538} INFO - Filling up the DagBag from /home/ubuntu/reddit_venv/lib/python3.10/site-packages/airflow/example_dags/example_kubernetes_executor.py
[2024-02-14T23:21:19.774+0000] {logging_mixin.py:188} INFO - [2024-02-14T23:21:19.773+0000] {example_kubernetes_executor.py:38} WARNING - The example_kubernetes_executor example DAG requires the kubernetes provider. Please install it with: pip install apache-airflow[cncf.kubernetes]
[2024-02-14T23:21:19.774+0000] {processor.py:842} WARNING - No viable dags retrieved from /home/ubuntu/reddit_venv/lib/python3.10/site-packages/airflow/example_dags/example_kubernetes_executor.py
[2024-02-14T23:21:19.784+0000] {processor.py:183} INFO - Processing /home/ubuntu/reddit_venv/lib/python3.10/site-packages/airflow/example_dags/example_kubernetes_executor.py took 0.019 seconds
[2024-02-14T23:22:21.373+0000] {processor.py:161} INFO - Started process (PID=6012) to work on /home/ubuntu/reddit_venv/lib/python3.10/site-packages/airflow/example_dags/example_kubernetes_executor.py
[2024-02-14T23:22:21.375+0000] {processor.py:830} INFO - Processing file /home/ubuntu/reddit_venv/lib/python3.10/site-packages/airflow/example_dags/example_kubernetes_executor.py for tasks to queue
[2024-02-14T23:22:21.376+0000] {logging_mixin.py:188} INFO - [2024-02-14T23:22:21.375+0000] {dagbag.py:538} INFO - Filling up the DagBag from /home/ubuntu/reddit_venv/lib/python3.10/site-packages/airflow/example_dags/example_kubernetes_executor.py
[2024-02-14T23:22:21.379+0000] {logging_mixin.py:188} INFO - [2024-02-14T23:22:21.379+0000] {example_kubernetes_executor.py:38} WARNING - The example_kubernetes_executor example DAG requires the kubernetes provider. Please install it with: pip install apache-airflow[cncf.kubernetes]
[2024-02-14T23:22:21.379+0000] {processor.py:842} WARNING - No viable dags retrieved from /home/ubuntu/reddit_venv/lib/python3.10/site-packages/airflow/example_dags/example_kubernetes_executor.py
[2024-02-14T23:22:21.390+0000] {processor.py:183} INFO - Processing /home/ubuntu/reddit_venv/lib/python3.10/site-packages/airflow/example_dags/example_kubernetes_executor.py took 0.020 seconds
[2024-02-14T23:23:21.971+0000] {processor.py:161} INFO - Started process (PID=6144) to work on /home/ubuntu/reddit_venv/lib/python3.10/site-packages/airflow/example_dags/example_kubernetes_executor.py
[2024-02-14T23:23:21.972+0000] {processor.py:830} INFO - Processing file /home/ubuntu/reddit_venv/lib/python3.10/site-packages/airflow/example_dags/example_kubernetes_executor.py for tasks to queue
[2024-02-14T23:23:21.973+0000] {logging_mixin.py:188} INFO - [2024-02-14T23:23:21.973+0000] {dagbag.py:538} INFO - Filling up the DagBag from /home/ubuntu/reddit_venv/lib/python3.10/site-packages/airflow/example_dags/example_kubernetes_executor.py
[2024-02-14T23:23:21.976+0000] {logging_mixin.py:188} INFO - [2024-02-14T23:23:21.976+0000] {example_kubernetes_executor.py:38} WARNING - The example_kubernetes_executor example DAG requires the kubernetes provider. Please install it with: pip install apache-airflow[cncf.kubernetes]
[2024-02-14T23:23:21.977+0000] {processor.py:842} WARNING - No viable dags retrieved from /home/ubuntu/reddit_venv/lib/python3.10/site-packages/airflow/example_dags/example_kubernetes_executor.py
[2024-02-14T23:23:21.987+0000] {processor.py:183} INFO - Processing /home/ubuntu/reddit_venv/lib/python3.10/site-packages/airflow/example_dags/example_kubernetes_executor.py took 0.019 seconds
[2024-02-14T23:24:15.476+0000] {processor.py:161} INFO - Started process (PID=6267) to work on /home/ubuntu/reddit_venv/lib/python3.10/site-packages/airflow/example_dags/example_kubernetes_executor.py
[2024-02-14T23:24:15.478+0000] {processor.py:830} INFO - Processing file /home/ubuntu/reddit_venv/lib/python3.10/site-packages/airflow/example_dags/example_kubernetes_executor.py for tasks to queue
[2024-02-14T23:24:15.479+0000] {logging_mixin.py:188} INFO - [2024-02-14T23:24:15.478+0000] {dagbag.py:538} INFO - Filling up the DagBag from /home/ubuntu/reddit_venv/lib/python3.10/site-packages/airflow/example_dags/example_kubernetes_executor.py
[2024-02-14T23:24:15.482+0000] {logging_mixin.py:188} INFO - [2024-02-14T23:24:15.482+0000] {example_kubernetes_executor.py:38} WARNING - The example_kubernetes_executor example DAG requires the kubernetes provider. Please install it with: pip install apache-airflow[cncf.kubernetes]
[2024-02-14T23:24:15.482+0000] {processor.py:842} WARNING - No viable dags retrieved from /home/ubuntu/reddit_venv/lib/python3.10/site-packages/airflow/example_dags/example_kubernetes_executor.py
[2024-02-14T23:24:15.492+0000] {processor.py:183} INFO - Processing /home/ubuntu/reddit_venv/lib/python3.10/site-packages/airflow/example_dags/example_kubernetes_executor.py took 0.019 seconds
[2024-02-14T23:25:13.518+0000] {processor.py:161} INFO - Started process (PID=6457) to work on /home/ubuntu/reddit_venv/lib/python3.10/site-packages/airflow/example_dags/example_kubernetes_executor.py
[2024-02-14T23:25:13.519+0000] {processor.py:830} INFO - Processing file /home/ubuntu/reddit_venv/lib/python3.10/site-packages/airflow/example_dags/example_kubernetes_executor.py for tasks to queue
[2024-02-14T23:25:13.520+0000] {logging_mixin.py:188} INFO - [2024-02-14T23:25:13.520+0000] {dagbag.py:538} INFO - Filling up the DagBag from /home/ubuntu/reddit_venv/lib/python3.10/site-packages/airflow/example_dags/example_kubernetes_executor.py
[2024-02-14T23:25:13.523+0000] {logging_mixin.py:188} INFO - [2024-02-14T23:25:13.523+0000] {example_kubernetes_executor.py:38} WARNING - The example_kubernetes_executor example DAG requires the kubernetes provider. Please install it with: pip install apache-airflow[cncf.kubernetes]
[2024-02-14T23:25:13.524+0000] {processor.py:842} WARNING - No viable dags retrieved from /home/ubuntu/reddit_venv/lib/python3.10/site-packages/airflow/example_dags/example_kubernetes_executor.py
[2024-02-14T23:25:13.533+0000] {processor.py:183} INFO - Processing /home/ubuntu/reddit_venv/lib/python3.10/site-packages/airflow/example_dags/example_kubernetes_executor.py took 0.019 seconds
[2024-02-14T23:26:10.364+0000] {processor.py:161} INFO - Started process (PID=6580) to work on /home/ubuntu/reddit_venv/lib/python3.10/site-packages/airflow/example_dags/example_kubernetes_executor.py
[2024-02-14T23:26:10.365+0000] {processor.py:830} INFO - Processing file /home/ubuntu/reddit_venv/lib/python3.10/site-packages/airflow/example_dags/example_kubernetes_executor.py for tasks to queue
[2024-02-14T23:26:10.366+0000] {logging_mixin.py:188} INFO - [2024-02-14T23:26:10.366+0000] {dagbag.py:538} INFO - Filling up the DagBag from /home/ubuntu/reddit_venv/lib/python3.10/site-packages/airflow/example_dags/example_kubernetes_executor.py
[2024-02-14T23:26:10.369+0000] {logging_mixin.py:188} INFO - [2024-02-14T23:26:10.369+0000] {example_kubernetes_executor.py:38} WARNING - The example_kubernetes_executor example DAG requires the kubernetes provider. Please install it with: pip install apache-airflow[cncf.kubernetes]
[2024-02-14T23:26:10.370+0000] {processor.py:842} WARNING - No viable dags retrieved from /home/ubuntu/reddit_venv/lib/python3.10/site-packages/airflow/example_dags/example_kubernetes_executor.py
[2024-02-14T23:26:10.380+0000] {processor.py:183} INFO - Processing /home/ubuntu/reddit_venv/lib/python3.10/site-packages/airflow/example_dags/example_kubernetes_executor.py took 0.019 seconds
[2024-02-14T23:26:56.162+0000] {processor.py:161} INFO - Started process (PID=6812) to work on /home/ubuntu/reddit_venv/lib/python3.10/site-packages/airflow/example_dags/example_kubernetes_executor.py
[2024-02-14T23:26:56.164+0000] {processor.py:830} INFO - Processing file /home/ubuntu/reddit_venv/lib/python3.10/site-packages/airflow/example_dags/example_kubernetes_executor.py for tasks to queue
[2024-02-14T23:26:56.165+0000] {logging_mixin.py:188} INFO - [2024-02-14T23:26:56.164+0000] {dagbag.py:538} INFO - Filling up the DagBag from /home/ubuntu/reddit_venv/lib/python3.10/site-packages/airflow/example_dags/example_kubernetes_executor.py
[2024-02-14T23:26:56.168+0000] {logging_mixin.py:188} INFO - [2024-02-14T23:26:56.168+0000] {example_kubernetes_executor.py:38} WARNING - The example_kubernetes_executor example DAG requires the kubernetes provider. Please install it with: pip install apache-airflow[cncf.kubernetes]
[2024-02-14T23:26:56.168+0000] {processor.py:842} WARNING - No viable dags retrieved from /home/ubuntu/reddit_venv/lib/python3.10/site-packages/airflow/example_dags/example_kubernetes_executor.py
[2024-02-14T23:26:56.178+0000] {processor.py:183} INFO - Processing /home/ubuntu/reddit_venv/lib/python3.10/site-packages/airflow/example_dags/example_kubernetes_executor.py took 0.020 seconds
[2024-02-14T23:27:41.228+0000] {processor.py:161} INFO - Started process (PID=6925) to work on /home/ubuntu/reddit_venv/lib/python3.10/site-packages/airflow/example_dags/example_kubernetes_executor.py
[2024-02-14T23:27:41.230+0000] {processor.py:830} INFO - Processing file /home/ubuntu/reddit_venv/lib/python3.10/site-packages/airflow/example_dags/example_kubernetes_executor.py for tasks to queue
[2024-02-14T23:27:41.231+0000] {logging_mixin.py:188} INFO - [2024-02-14T23:27:41.230+0000] {dagbag.py:538} INFO - Filling up the DagBag from /home/ubuntu/reddit_venv/lib/python3.10/site-packages/airflow/example_dags/example_kubernetes_executor.py
[2024-02-14T23:27:41.234+0000] {logging_mixin.py:188} INFO - [2024-02-14T23:27:41.234+0000] {example_kubernetes_executor.py:38} WARNING - The example_kubernetes_executor example DAG requires the kubernetes provider. Please install it with: pip install apache-airflow[cncf.kubernetes]
[2024-02-14T23:27:41.234+0000] {processor.py:842} WARNING - No viable dags retrieved from /home/ubuntu/reddit_venv/lib/python3.10/site-packages/airflow/example_dags/example_kubernetes_executor.py
[2024-02-14T23:27:41.245+0000] {processor.py:183} INFO - Processing /home/ubuntu/reddit_venv/lib/python3.10/site-packages/airflow/example_dags/example_kubernetes_executor.py took 0.020 seconds
[2024-02-14T23:28:40.772+0000] {processor.py:161} INFO - Started process (PID=7053) to work on /home/ubuntu/reddit_venv/lib/python3.10/site-packages/airflow/example_dags/example_kubernetes_executor.py
[2024-02-14T23:28:40.774+0000] {processor.py:830} INFO - Processing file /home/ubuntu/reddit_venv/lib/python3.10/site-packages/airflow/example_dags/example_kubernetes_executor.py for tasks to queue
[2024-02-14T23:28:40.775+0000] {logging_mixin.py:188} INFO - [2024-02-14T23:28:40.774+0000] {dagbag.py:538} INFO - Filling up the DagBag from /home/ubuntu/reddit_venv/lib/python3.10/site-packages/airflow/example_dags/example_kubernetes_executor.py
[2024-02-14T23:28:40.778+0000] {logging_mixin.py:188} INFO - [2024-02-14T23:28:40.778+0000] {example_kubernetes_executor.py:38} WARNING - The example_kubernetes_executor example DAG requires the kubernetes provider. Please install it with: pip install apache-airflow[cncf.kubernetes]
[2024-02-14T23:28:40.778+0000] {processor.py:842} WARNING - No viable dags retrieved from /home/ubuntu/reddit_venv/lib/python3.10/site-packages/airflow/example_dags/example_kubernetes_executor.py
[2024-02-14T23:28:40.788+0000] {processor.py:183} INFO - Processing /home/ubuntu/reddit_venv/lib/python3.10/site-packages/airflow/example_dags/example_kubernetes_executor.py took 0.019 seconds
[2024-02-14T23:29:37.767+0000] {processor.py:161} INFO - Started process (PID=7236) to work on /home/ubuntu/reddit_venv/lib/python3.10/site-packages/airflow/example_dags/example_kubernetes_executor.py
[2024-02-14T23:29:37.769+0000] {processor.py:830} INFO - Processing file /home/ubuntu/reddit_venv/lib/python3.10/site-packages/airflow/example_dags/example_kubernetes_executor.py for tasks to queue
[2024-02-14T23:29:37.770+0000] {logging_mixin.py:188} INFO - [2024-02-14T23:29:37.769+0000] {dagbag.py:538} INFO - Filling up the DagBag from /home/ubuntu/reddit_venv/lib/python3.10/site-packages/airflow/example_dags/example_kubernetes_executor.py
[2024-02-14T23:29:37.773+0000] {logging_mixin.py:188} INFO - [2024-02-14T23:29:37.773+0000] {example_kubernetes_executor.py:38} WARNING - The example_kubernetes_executor example DAG requires the kubernetes provider. Please install it with: pip install apache-airflow[cncf.kubernetes]
[2024-02-14T23:29:37.774+0000] {processor.py:842} WARNING - No viable dags retrieved from /home/ubuntu/reddit_venv/lib/python3.10/site-packages/airflow/example_dags/example_kubernetes_executor.py
[2024-02-14T23:29:37.784+0000] {processor.py:183} INFO - Processing /home/ubuntu/reddit_venv/lib/python3.10/site-packages/airflow/example_dags/example_kubernetes_executor.py took 0.020 seconds
[2024-02-14T23:30:33.530+0000] {processor.py:161} INFO - Started process (PID=7364) to work on /home/ubuntu/reddit_venv/lib/python3.10/site-packages/airflow/example_dags/example_kubernetes_executor.py
[2024-02-14T23:30:33.532+0000] {processor.py:830} INFO - Processing file /home/ubuntu/reddit_venv/lib/python3.10/site-packages/airflow/example_dags/example_kubernetes_executor.py for tasks to queue
[2024-02-14T23:30:33.533+0000] {logging_mixin.py:188} INFO - [2024-02-14T23:30:33.532+0000] {dagbag.py:538} INFO - Filling up the DagBag from /home/ubuntu/reddit_venv/lib/python3.10/site-packages/airflow/example_dags/example_kubernetes_executor.py
[2024-02-14T23:30:33.536+0000] {logging_mixin.py:188} INFO - [2024-02-14T23:30:33.536+0000] {example_kubernetes_executor.py:38} WARNING - The example_kubernetes_executor example DAG requires the kubernetes provider. Please install it with: pip install apache-airflow[cncf.kubernetes]
[2024-02-14T23:30:33.536+0000] {processor.py:842} WARNING - No viable dags retrieved from /home/ubuntu/reddit_venv/lib/python3.10/site-packages/airflow/example_dags/example_kubernetes_executor.py
[2024-02-14T23:30:33.546+0000] {processor.py:183} INFO - Processing /home/ubuntu/reddit_venv/lib/python3.10/site-packages/airflow/example_dags/example_kubernetes_executor.py took 0.020 seconds
[2024-02-14T23:31:29.806+0000] {processor.py:161} INFO - Started process (PID=7486) to work on /home/ubuntu/reddit_venv/lib/python3.10/site-packages/airflow/example_dags/example_kubernetes_executor.py
[2024-02-14T23:31:29.808+0000] {processor.py:830} INFO - Processing file /home/ubuntu/reddit_venv/lib/python3.10/site-packages/airflow/example_dags/example_kubernetes_executor.py for tasks to queue
[2024-02-14T23:31:29.809+0000] {logging_mixin.py:188} INFO - [2024-02-14T23:31:29.808+0000] {dagbag.py:538} INFO - Filling up the DagBag from /home/ubuntu/reddit_venv/lib/python3.10/site-packages/airflow/example_dags/example_kubernetes_executor.py
[2024-02-14T23:31:29.812+0000] {logging_mixin.py:188} INFO - [2024-02-14T23:31:29.812+0000] {example_kubernetes_executor.py:38} WARNING - The example_kubernetes_executor example DAG requires the kubernetes provider. Please install it with: pip install apache-airflow[cncf.kubernetes]
[2024-02-14T23:31:29.812+0000] {processor.py:842} WARNING - No viable dags retrieved from /home/ubuntu/reddit_venv/lib/python3.10/site-packages/airflow/example_dags/example_kubernetes_executor.py
[2024-02-14T23:31:29.822+0000] {processor.py:183} INFO - Processing /home/ubuntu/reddit_venv/lib/python3.10/site-packages/airflow/example_dags/example_kubernetes_executor.py took 0.019 seconds
[2024-02-14T23:32:28.416+0000] {processor.py:161} INFO - Started process (PID=7613) to work on /home/ubuntu/reddit_venv/lib/python3.10/site-packages/airflow/example_dags/example_kubernetes_executor.py
[2024-02-14T23:32:28.418+0000] {processor.py:830} INFO - Processing file /home/ubuntu/reddit_venv/lib/python3.10/site-packages/airflow/example_dags/example_kubernetes_executor.py for tasks to queue
[2024-02-14T23:32:28.418+0000] {logging_mixin.py:188} INFO - [2024-02-14T23:32:28.418+0000] {dagbag.py:538} INFO - Filling up the DagBag from /home/ubuntu/reddit_venv/lib/python3.10/site-packages/airflow/example_dags/example_kubernetes_executor.py
[2024-02-14T23:32:28.422+0000] {logging_mixin.py:188} INFO - [2024-02-14T23:32:28.422+0000] {example_kubernetes_executor.py:38} WARNING - The example_kubernetes_executor example DAG requires the kubernetes provider. Please install it with: pip install apache-airflow[cncf.kubernetes]
[2024-02-14T23:32:28.422+0000] {processor.py:842} WARNING - No viable dags retrieved from /home/ubuntu/reddit_venv/lib/python3.10/site-packages/airflow/example_dags/example_kubernetes_executor.py
[2024-02-14T23:32:28.432+0000] {processor.py:183} INFO - Processing /home/ubuntu/reddit_venv/lib/python3.10/site-packages/airflow/example_dags/example_kubernetes_executor.py took 0.020 seconds
[2024-02-14T23:33:26.508+0000] {processor.py:161} INFO - Started process (PID=7766) to work on /home/ubuntu/reddit_venv/lib/python3.10/site-packages/airflow/example_dags/example_kubernetes_executor.py
[2024-02-14T23:33:26.509+0000] {processor.py:830} INFO - Processing file /home/ubuntu/reddit_venv/lib/python3.10/site-packages/airflow/example_dags/example_kubernetes_executor.py for tasks to queue
[2024-02-14T23:33:26.510+0000] {logging_mixin.py:188} INFO - [2024-02-14T23:33:26.510+0000] {dagbag.py:538} INFO - Filling up the DagBag from /home/ubuntu/reddit_venv/lib/python3.10/site-packages/airflow/example_dags/example_kubernetes_executor.py
[2024-02-14T23:33:26.513+0000] {logging_mixin.py:188} INFO - [2024-02-14T23:33:26.513+0000] {example_kubernetes_executor.py:38} WARNING - The example_kubernetes_executor example DAG requires the kubernetes provider. Please install it with: pip install apache-airflow[cncf.kubernetes]
[2024-02-14T23:33:26.514+0000] {processor.py:842} WARNING - No viable dags retrieved from /home/ubuntu/reddit_venv/lib/python3.10/site-packages/airflow/example_dags/example_kubernetes_executor.py
[2024-02-14T23:33:26.524+0000] {processor.py:183} INFO - Processing /home/ubuntu/reddit_venv/lib/python3.10/site-packages/airflow/example_dags/example_kubernetes_executor.py took 0.019 seconds
[2024-02-14T23:34:21.163+0000] {processor.py:161} INFO - Started process (PID=7866) to work on /home/ubuntu/reddit_venv/lib/python3.10/site-packages/airflow/example_dags/example_kubernetes_executor.py
[2024-02-14T23:34:21.165+0000] {processor.py:830} INFO - Processing file /home/ubuntu/reddit_venv/lib/python3.10/site-packages/airflow/example_dags/example_kubernetes_executor.py for tasks to queue
[2024-02-14T23:34:21.166+0000] {logging_mixin.py:188} INFO - [2024-02-14T23:34:21.165+0000] {dagbag.py:538} INFO - Filling up the DagBag from /home/ubuntu/reddit_venv/lib/python3.10/site-packages/airflow/example_dags/example_kubernetes_executor.py
[2024-02-14T23:34:21.169+0000] {logging_mixin.py:188} INFO - [2024-02-14T23:34:21.169+0000] {example_kubernetes_executor.py:38} WARNING - The example_kubernetes_executor example DAG requires the kubernetes provider. Please install it with: pip install apache-airflow[cncf.kubernetes]
[2024-02-14T23:34:21.170+0000] {processor.py:842} WARNING - No viable dags retrieved from /home/ubuntu/reddit_venv/lib/python3.10/site-packages/airflow/example_dags/example_kubernetes_executor.py
[2024-02-14T23:34:21.180+0000] {processor.py:183} INFO - Processing /home/ubuntu/reddit_venv/lib/python3.10/site-packages/airflow/example_dags/example_kubernetes_executor.py took 0.021 seconds
[2024-02-14T23:35:17.226+0000] {processor.py:161} INFO - Started process (PID=7992) to work on /home/ubuntu/reddit_venv/lib/python3.10/site-packages/airflow/example_dags/example_kubernetes_executor.py
[2024-02-14T23:35:17.228+0000] {processor.py:830} INFO - Processing file /home/ubuntu/reddit_venv/lib/python3.10/site-packages/airflow/example_dags/example_kubernetes_executor.py for tasks to queue
[2024-02-14T23:35:17.229+0000] {logging_mixin.py:188} INFO - [2024-02-14T23:35:17.228+0000] {dagbag.py:538} INFO - Filling up the DagBag from /home/ubuntu/reddit_venv/lib/python3.10/site-packages/airflow/example_dags/example_kubernetes_executor.py
[2024-02-14T23:35:17.232+0000] {logging_mixin.py:188} INFO - [2024-02-14T23:35:17.232+0000] {example_kubernetes_executor.py:38} WARNING - The example_kubernetes_executor example DAG requires the kubernetes provider. Please install it with: pip install apache-airflow[cncf.kubernetes]
[2024-02-14T23:35:17.232+0000] {processor.py:842} WARNING - No viable dags retrieved from /home/ubuntu/reddit_venv/lib/python3.10/site-packages/airflow/example_dags/example_kubernetes_executor.py
[2024-02-14T23:35:17.242+0000] {processor.py:183} INFO - Processing /home/ubuntu/reddit_venv/lib/python3.10/site-packages/airflow/example_dags/example_kubernetes_executor.py took 0.019 seconds
[2024-02-14T23:36:15.482+0000] {processor.py:161} INFO - Started process (PID=8119) to work on /home/ubuntu/reddit_venv/lib/python3.10/site-packages/airflow/example_dags/example_kubernetes_executor.py
[2024-02-14T23:36:15.483+0000] {processor.py:830} INFO - Processing file /home/ubuntu/reddit_venv/lib/python3.10/site-packages/airflow/example_dags/example_kubernetes_executor.py for tasks to queue
[2024-02-14T23:36:15.484+0000] {logging_mixin.py:188} INFO - [2024-02-14T23:36:15.484+0000] {dagbag.py:538} INFO - Filling up the DagBag from /home/ubuntu/reddit_venv/lib/python3.10/site-packages/airflow/example_dags/example_kubernetes_executor.py
[2024-02-14T23:36:15.488+0000] {logging_mixin.py:188} INFO - [2024-02-14T23:36:15.487+0000] {example_kubernetes_executor.py:38} WARNING - The example_kubernetes_executor example DAG requires the kubernetes provider. Please install it with: pip install apache-airflow[cncf.kubernetes]
[2024-02-14T23:36:15.488+0000] {processor.py:842} WARNING - No viable dags retrieved from /home/ubuntu/reddit_venv/lib/python3.10/site-packages/airflow/example_dags/example_kubernetes_executor.py
[2024-02-14T23:36:15.498+0000] {processor.py:183} INFO - Processing /home/ubuntu/reddit_venv/lib/python3.10/site-packages/airflow/example_dags/example_kubernetes_executor.py took 0.020 seconds
[2024-02-14T23:37:15.385+0000] {processor.py:161} INFO - Started process (PID=8246) to work on /home/ubuntu/reddit_venv/lib/python3.10/site-packages/airflow/example_dags/example_kubernetes_executor.py
[2024-02-14T23:37:15.386+0000] {processor.py:830} INFO - Processing file /home/ubuntu/reddit_venv/lib/python3.10/site-packages/airflow/example_dags/example_kubernetes_executor.py for tasks to queue
[2024-02-14T23:37:15.387+0000] {logging_mixin.py:188} INFO - [2024-02-14T23:37:15.387+0000] {dagbag.py:538} INFO - Filling up the DagBag from /home/ubuntu/reddit_venv/lib/python3.10/site-packages/airflow/example_dags/example_kubernetes_executor.py
[2024-02-14T23:37:15.391+0000] {logging_mixin.py:188} INFO - [2024-02-14T23:37:15.390+0000] {example_kubernetes_executor.py:38} WARNING - The example_kubernetes_executor example DAG requires the kubernetes provider. Please install it with: pip install apache-airflow[cncf.kubernetes]
[2024-02-14T23:37:15.391+0000] {processor.py:842} WARNING - No viable dags retrieved from /home/ubuntu/reddit_venv/lib/python3.10/site-packages/airflow/example_dags/example_kubernetes_executor.py
[2024-02-14T23:37:15.401+0000] {processor.py:183} INFO - Processing /home/ubuntu/reddit_venv/lib/python3.10/site-packages/airflow/example_dags/example_kubernetes_executor.py took 0.019 seconds
[2024-02-14T23:38:11.530+0000] {processor.py:161} INFO - Started process (PID=8673) to work on /home/ubuntu/reddit_venv/lib/python3.10/site-packages/airflow/example_dags/example_kubernetes_executor.py
[2024-02-14T23:38:11.531+0000] {processor.py:830} INFO - Processing file /home/ubuntu/reddit_venv/lib/python3.10/site-packages/airflow/example_dags/example_kubernetes_executor.py for tasks to queue
[2024-02-14T23:38:11.532+0000] {logging_mixin.py:188} INFO - [2024-02-14T23:38:11.532+0000] {dagbag.py:538} INFO - Filling up the DagBag from /home/ubuntu/reddit_venv/lib/python3.10/site-packages/airflow/example_dags/example_kubernetes_executor.py
[2024-02-14T23:38:11.536+0000] {logging_mixin.py:188} INFO - [2024-02-14T23:38:11.536+0000] {example_kubernetes_executor.py:38} WARNING - The example_kubernetes_executor example DAG requires the kubernetes provider. Please install it with: pip install apache-airflow[cncf.kubernetes]
[2024-02-14T23:38:11.536+0000] {processor.py:842} WARNING - No viable dags retrieved from /home/ubuntu/reddit_venv/lib/python3.10/site-packages/airflow/example_dags/example_kubernetes_executor.py
[2024-02-14T23:38:11.547+0000] {processor.py:183} INFO - Processing /home/ubuntu/reddit_venv/lib/python3.10/site-packages/airflow/example_dags/example_kubernetes_executor.py took 0.021 seconds
[2024-02-14T23:39:20.124+0000] {processor.py:161} INFO - Started process (PID=9183) to work on /home/ubuntu/reddit_venv/lib/python3.10/site-packages/airflow/example_dags/example_kubernetes_executor.py
[2024-02-14T23:39:20.127+0000] {processor.py:830} INFO - Processing file /home/ubuntu/reddit_venv/lib/python3.10/site-packages/airflow/example_dags/example_kubernetes_executor.py for tasks to queue
[2024-02-14T23:39:20.128+0000] {logging_mixin.py:188} INFO - [2024-02-14T23:39:20.127+0000] {dagbag.py:538} INFO - Filling up the DagBag from /home/ubuntu/reddit_venv/lib/python3.10/site-packages/airflow/example_dags/example_kubernetes_executor.py
[2024-02-14T23:39:20.131+0000] {logging_mixin.py:188} INFO - [2024-02-14T23:39:20.131+0000] {example_kubernetes_executor.py:38} WARNING - The example_kubernetes_executor example DAG requires the kubernetes provider. Please install it with: pip install apache-airflow[cncf.kubernetes]
[2024-02-14T23:39:20.131+0000] {processor.py:842} WARNING - No viable dags retrieved from /home/ubuntu/reddit_venv/lib/python3.10/site-packages/airflow/example_dags/example_kubernetes_executor.py
[2024-02-14T23:39:20.141+0000] {processor.py:183} INFO - Processing /home/ubuntu/reddit_venv/lib/python3.10/site-packages/airflow/example_dags/example_kubernetes_executor.py took 0.021 seconds
[2024-02-14T23:40:07.474+0000] {processor.py:161} INFO - Started process (PID=9298) to work on /home/ubuntu/reddit_venv/lib/python3.10/site-packages/airflow/example_dags/example_kubernetes_executor.py
[2024-02-14T23:40:07.476+0000] {processor.py:830} INFO - Processing file /home/ubuntu/reddit_venv/lib/python3.10/site-packages/airflow/example_dags/example_kubernetes_executor.py for tasks to queue
[2024-02-14T23:40:07.477+0000] {logging_mixin.py:188} INFO - [2024-02-14T23:40:07.476+0000] {dagbag.py:538} INFO - Filling up the DagBag from /home/ubuntu/reddit_venv/lib/python3.10/site-packages/airflow/example_dags/example_kubernetes_executor.py
[2024-02-14T23:40:07.480+0000] {logging_mixin.py:188} INFO - [2024-02-14T23:40:07.480+0000] {example_kubernetes_executor.py:38} WARNING - The example_kubernetes_executor example DAG requires the kubernetes provider. Please install it with: pip install apache-airflow[cncf.kubernetes]
[2024-02-14T23:40:07.480+0000] {processor.py:842} WARNING - No viable dags retrieved from /home/ubuntu/reddit_venv/lib/python3.10/site-packages/airflow/example_dags/example_kubernetes_executor.py
[2024-02-14T23:40:07.491+0000] {processor.py:183} INFO - Processing /home/ubuntu/reddit_venv/lib/python3.10/site-packages/airflow/example_dags/example_kubernetes_executor.py took 0.020 seconds
[2024-02-14T23:41:03.778+0000] {processor.py:161} INFO - Started process (PID=9423) to work on /home/ubuntu/reddit_venv/lib/python3.10/site-packages/airflow/example_dags/example_kubernetes_executor.py
[2024-02-14T23:41:03.780+0000] {processor.py:830} INFO - Processing file /home/ubuntu/reddit_venv/lib/python3.10/site-packages/airflow/example_dags/example_kubernetes_executor.py for tasks to queue
[2024-02-14T23:41:03.780+0000] {logging_mixin.py:188} INFO - [2024-02-14T23:41:03.780+0000] {dagbag.py:538} INFO - Filling up the DagBag from /home/ubuntu/reddit_venv/lib/python3.10/site-packages/airflow/example_dags/example_kubernetes_executor.py
[2024-02-14T23:41:03.784+0000] {logging_mixin.py:188} INFO - [2024-02-14T23:41:03.784+0000] {example_kubernetes_executor.py:38} WARNING - The example_kubernetes_executor example DAG requires the kubernetes provider. Please install it with: pip install apache-airflow[cncf.kubernetes]
[2024-02-14T23:41:03.784+0000] {processor.py:842} WARNING - No viable dags retrieved from /home/ubuntu/reddit_venv/lib/python3.10/site-packages/airflow/example_dags/example_kubernetes_executor.py
[2024-02-14T23:41:03.794+0000] {processor.py:183} INFO - Processing /home/ubuntu/reddit_venv/lib/python3.10/site-packages/airflow/example_dags/example_kubernetes_executor.py took 0.019 seconds
[2024-02-14T23:41:59.999+0000] {processor.py:161} INFO - Started process (PID=9546) to work on /home/ubuntu/reddit_venv/lib/python3.10/site-packages/airflow/example_dags/example_kubernetes_executor.py
[2024-02-14T23:42:00.000+0000] {processor.py:830} INFO - Processing file /home/ubuntu/reddit_venv/lib/python3.10/site-packages/airflow/example_dags/example_kubernetes_executor.py for tasks to queue
[2024-02-14T23:42:00.001+0000] {logging_mixin.py:188} INFO - [2024-02-14T23:42:00.001+0000] {dagbag.py:538} INFO - Filling up the DagBag from /home/ubuntu/reddit_venv/lib/python3.10/site-packages/airflow/example_dags/example_kubernetes_executor.py
[2024-02-14T23:42:00.005+0000] {logging_mixin.py:188} INFO - [2024-02-14T23:42:00.004+0000] {example_kubernetes_executor.py:38} WARNING - The example_kubernetes_executor example DAG requires the kubernetes provider. Please install it with: pip install apache-airflow[cncf.kubernetes]
[2024-02-14T23:42:00.005+0000] {processor.py:842} WARNING - No viable dags retrieved from /home/ubuntu/reddit_venv/lib/python3.10/site-packages/airflow/example_dags/example_kubernetes_executor.py
[2024-02-14T23:42:00.015+0000] {processor.py:183} INFO - Processing /home/ubuntu/reddit_venv/lib/python3.10/site-packages/airflow/example_dags/example_kubernetes_executor.py took 0.020 seconds
[2024-02-14T23:42:55.893+0000] {processor.py:161} INFO - Started process (PID=9671) to work on /home/ubuntu/reddit_venv/lib/python3.10/site-packages/airflow/example_dags/example_kubernetes_executor.py
[2024-02-14T23:42:55.895+0000] {processor.py:830} INFO - Processing file /home/ubuntu/reddit_venv/lib/python3.10/site-packages/airflow/example_dags/example_kubernetes_executor.py for tasks to queue
[2024-02-14T23:42:55.896+0000] {logging_mixin.py:188} INFO - [2024-02-14T23:42:55.895+0000] {dagbag.py:538} INFO - Filling up the DagBag from /home/ubuntu/reddit_venv/lib/python3.10/site-packages/airflow/example_dags/example_kubernetes_executor.py
[2024-02-14T23:42:55.899+0000] {logging_mixin.py:188} INFO - [2024-02-14T23:42:55.899+0000] {example_kubernetes_executor.py:38} WARNING - The example_kubernetes_executor example DAG requires the kubernetes provider. Please install it with: pip install apache-airflow[cncf.kubernetes]
[2024-02-14T23:42:55.899+0000] {processor.py:842} WARNING - No viable dags retrieved from /home/ubuntu/reddit_venv/lib/python3.10/site-packages/airflow/example_dags/example_kubernetes_executor.py
[2024-02-14T23:42:55.909+0000] {processor.py:183} INFO - Processing /home/ubuntu/reddit_venv/lib/python3.10/site-packages/airflow/example_dags/example_kubernetes_executor.py took 0.019 seconds
[2024-02-14T23:43:55.242+0000] {processor.py:161} INFO - Started process (PID=9796) to work on /home/ubuntu/reddit_venv/lib/python3.10/site-packages/airflow/example_dags/example_kubernetes_executor.py
[2024-02-14T23:43:55.244+0000] {processor.py:830} INFO - Processing file /home/ubuntu/reddit_venv/lib/python3.10/site-packages/airflow/example_dags/example_kubernetes_executor.py for tasks to queue
[2024-02-14T23:43:55.245+0000] {logging_mixin.py:188} INFO - [2024-02-14T23:43:55.244+0000] {dagbag.py:538} INFO - Filling up the DagBag from /home/ubuntu/reddit_venv/lib/python3.10/site-packages/airflow/example_dags/example_kubernetes_executor.py
[2024-02-14T23:43:55.248+0000] {logging_mixin.py:188} INFO - [2024-02-14T23:43:55.248+0000] {example_kubernetes_executor.py:38} WARNING - The example_kubernetes_executor example DAG requires the kubernetes provider. Please install it with: pip install apache-airflow[cncf.kubernetes]
[2024-02-14T23:43:55.249+0000] {processor.py:842} WARNING - No viable dags retrieved from /home/ubuntu/reddit_venv/lib/python3.10/site-packages/airflow/example_dags/example_kubernetes_executor.py
[2024-02-14T23:43:55.259+0000] {processor.py:183} INFO - Processing /home/ubuntu/reddit_venv/lib/python3.10/site-packages/airflow/example_dags/example_kubernetes_executor.py took 0.020 seconds
[2024-02-14T23:45:03.414+0000] {processor.py:161} INFO - Started process (PID=10246) to work on /home/ubuntu/reddit_venv/lib/python3.10/site-packages/airflow/example_dags/example_kubernetes_executor.py
[2024-02-14T23:45:03.416+0000] {processor.py:830} INFO - Processing file /home/ubuntu/reddit_venv/lib/python3.10/site-packages/airflow/example_dags/example_kubernetes_executor.py for tasks to queue
[2024-02-14T23:45:03.417+0000] {logging_mixin.py:188} INFO - [2024-02-14T23:45:03.416+0000] {dagbag.py:538} INFO - Filling up the DagBag from /home/ubuntu/reddit_venv/lib/python3.10/site-packages/airflow/example_dags/example_kubernetes_executor.py
[2024-02-14T23:45:03.420+0000] {logging_mixin.py:188} INFO - [2024-02-14T23:45:03.420+0000] {example_kubernetes_executor.py:38} WARNING - The example_kubernetes_executor example DAG requires the kubernetes provider. Please install it with: pip install apache-airflow[cncf.kubernetes]
[2024-02-14T23:45:03.420+0000] {processor.py:842} WARNING - No viable dags retrieved from /home/ubuntu/reddit_venv/lib/python3.10/site-packages/airflow/example_dags/example_kubernetes_executor.py
[2024-02-14T23:45:03.430+0000] {processor.py:183} INFO - Processing /home/ubuntu/reddit_venv/lib/python3.10/site-packages/airflow/example_dags/example_kubernetes_executor.py took 0.019 seconds
[2024-02-14T23:45:49.304+0000] {processor.py:161} INFO - Started process (PID=10359) to work on /home/ubuntu/reddit_venv/lib/python3.10/site-packages/airflow/example_dags/example_kubernetes_executor.py
[2024-02-14T23:45:49.305+0000] {processor.py:830} INFO - Processing file /home/ubuntu/reddit_venv/lib/python3.10/site-packages/airflow/example_dags/example_kubernetes_executor.py for tasks to queue
[2024-02-14T23:45:49.306+0000] {logging_mixin.py:188} INFO - [2024-02-14T23:45:49.306+0000] {dagbag.py:538} INFO - Filling up the DagBag from /home/ubuntu/reddit_venv/lib/python3.10/site-packages/airflow/example_dags/example_kubernetes_executor.py
[2024-02-14T23:45:49.310+0000] {logging_mixin.py:188} INFO - [2024-02-14T23:45:49.310+0000] {example_kubernetes_executor.py:38} WARNING - The example_kubernetes_executor example DAG requires the kubernetes provider. Please install it with: pip install apache-airflow[cncf.kubernetes]
[2024-02-14T23:45:49.310+0000] {processor.py:842} WARNING - No viable dags retrieved from /home/ubuntu/reddit_venv/lib/python3.10/site-packages/airflow/example_dags/example_kubernetes_executor.py
[2024-02-14T23:45:49.320+0000] {processor.py:183} INFO - Processing /home/ubuntu/reddit_venv/lib/python3.10/site-packages/airflow/example_dags/example_kubernetes_executor.py took 0.020 seconds
[2024-02-14T23:46:41.908+0000] {processor.py:161} INFO - Started process (PID=10481) to work on /home/ubuntu/reddit_venv/lib/python3.10/site-packages/airflow/example_dags/example_kubernetes_executor.py
[2024-02-14T23:46:41.910+0000] {processor.py:830} INFO - Processing file /home/ubuntu/reddit_venv/lib/python3.10/site-packages/airflow/example_dags/example_kubernetes_executor.py for tasks to queue
[2024-02-14T23:46:41.911+0000] {logging_mixin.py:188} INFO - [2024-02-14T23:46:41.910+0000] {dagbag.py:538} INFO - Filling up the DagBag from /home/ubuntu/reddit_venv/lib/python3.10/site-packages/airflow/example_dags/example_kubernetes_executor.py
[2024-02-14T23:46:41.914+0000] {logging_mixin.py:188} INFO - [2024-02-14T23:46:41.914+0000] {example_kubernetes_executor.py:38} WARNING - The example_kubernetes_executor example DAG requires the kubernetes provider. Please install it with: pip install apache-airflow[cncf.kubernetes]
[2024-02-14T23:46:41.914+0000] {processor.py:842} WARNING - No viable dags retrieved from /home/ubuntu/reddit_venv/lib/python3.10/site-packages/airflow/example_dags/example_kubernetes_executor.py
[2024-02-14T23:46:41.924+0000] {processor.py:183} INFO - Processing /home/ubuntu/reddit_venv/lib/python3.10/site-packages/airflow/example_dags/example_kubernetes_executor.py took 0.019 seconds
[2024-02-14T23:47:38.282+0000] {processor.py:161} INFO - Started process (PID=10604) to work on /home/ubuntu/reddit_venv/lib/python3.10/site-packages/airflow/example_dags/example_kubernetes_executor.py
[2024-02-14T23:47:38.283+0000] {processor.py:830} INFO - Processing file /home/ubuntu/reddit_venv/lib/python3.10/site-packages/airflow/example_dags/example_kubernetes_executor.py for tasks to queue
[2024-02-14T23:47:38.284+0000] {logging_mixin.py:188} INFO - [2024-02-14T23:47:38.284+0000] {dagbag.py:538} INFO - Filling up the DagBag from /home/ubuntu/reddit_venv/lib/python3.10/site-packages/airflow/example_dags/example_kubernetes_executor.py
[2024-02-14T23:47:38.288+0000] {logging_mixin.py:188} INFO - [2024-02-14T23:47:38.287+0000] {example_kubernetes_executor.py:38} WARNING - The example_kubernetes_executor example DAG requires the kubernetes provider. Please install it with: pip install apache-airflow[cncf.kubernetes]
[2024-02-14T23:47:38.288+0000] {processor.py:842} WARNING - No viable dags retrieved from /home/ubuntu/reddit_venv/lib/python3.10/site-packages/airflow/example_dags/example_kubernetes_executor.py
[2024-02-14T23:47:38.298+0000] {processor.py:183} INFO - Processing /home/ubuntu/reddit_venv/lib/python3.10/site-packages/airflow/example_dags/example_kubernetes_executor.py took 0.020 seconds
[2024-02-14T23:48:37.615+0000] {processor.py:161} INFO - Started process (PID=10735) to work on /home/ubuntu/reddit_venv/lib/python3.10/site-packages/airflow/example_dags/example_kubernetes_executor.py
[2024-02-14T23:48:37.617+0000] {processor.py:830} INFO - Processing file /home/ubuntu/reddit_venv/lib/python3.10/site-packages/airflow/example_dags/example_kubernetes_executor.py for tasks to queue
[2024-02-14T23:48:37.618+0000] {logging_mixin.py:188} INFO - [2024-02-14T23:48:37.617+0000] {dagbag.py:538} INFO - Filling up the DagBag from /home/ubuntu/reddit_venv/lib/python3.10/site-packages/airflow/example_dags/example_kubernetes_executor.py
[2024-02-14T23:48:37.621+0000] {logging_mixin.py:188} INFO - [2024-02-14T23:48:37.621+0000] {example_kubernetes_executor.py:38} WARNING - The example_kubernetes_executor example DAG requires the kubernetes provider. Please install it with: pip install apache-airflow[cncf.kubernetes]
[2024-02-14T23:48:37.621+0000] {processor.py:842} WARNING - No viable dags retrieved from /home/ubuntu/reddit_venv/lib/python3.10/site-packages/airflow/example_dags/example_kubernetes_executor.py
[2024-02-14T23:48:37.632+0000] {processor.py:183} INFO - Processing /home/ubuntu/reddit_venv/lib/python3.10/site-packages/airflow/example_dags/example_kubernetes_executor.py took 0.020 seconds
[2024-02-14T23:49:30.068+0000] {processor.py:161} INFO - Started process (PID=10858) to work on /home/ubuntu/reddit_venv/lib/python3.10/site-packages/airflow/example_dags/example_kubernetes_executor.py
[2024-02-14T23:49:30.069+0000] {processor.py:830} INFO - Processing file /home/ubuntu/reddit_venv/lib/python3.10/site-packages/airflow/example_dags/example_kubernetes_executor.py for tasks to queue
[2024-02-14T23:49:30.070+0000] {logging_mixin.py:188} INFO - [2024-02-14T23:49:30.069+0000] {dagbag.py:538} INFO - Filling up the DagBag from /home/ubuntu/reddit_venv/lib/python3.10/site-packages/airflow/example_dags/example_kubernetes_executor.py
[2024-02-14T23:49:30.073+0000] {logging_mixin.py:188} INFO - [2024-02-14T23:49:30.073+0000] {example_kubernetes_executor.py:38} WARNING - The example_kubernetes_executor example DAG requires the kubernetes provider. Please install it with: pip install apache-airflow[cncf.kubernetes]
[2024-02-14T23:49:30.073+0000] {processor.py:842} WARNING - No viable dags retrieved from /home/ubuntu/reddit_venv/lib/python3.10/site-packages/airflow/example_dags/example_kubernetes_executor.py
[2024-02-14T23:49:30.083+0000] {processor.py:183} INFO - Processing /home/ubuntu/reddit_venv/lib/python3.10/site-packages/airflow/example_dags/example_kubernetes_executor.py took 0.019 seconds
[2024-02-14T23:50:27.554+0000] {processor.py:161} INFO - Started process (PID=11009) to work on /home/ubuntu/reddit_venv/lib/python3.10/site-packages/airflow/example_dags/example_kubernetes_executor.py
[2024-02-14T23:50:27.556+0000] {processor.py:830} INFO - Processing file /home/ubuntu/reddit_venv/lib/python3.10/site-packages/airflow/example_dags/example_kubernetes_executor.py for tasks to queue
[2024-02-14T23:50:27.556+0000] {logging_mixin.py:188} INFO - [2024-02-14T23:50:27.556+0000] {dagbag.py:538} INFO - Filling up the DagBag from /home/ubuntu/reddit_venv/lib/python3.10/site-packages/airflow/example_dags/example_kubernetes_executor.py
[2024-02-14T23:50:27.560+0000] {logging_mixin.py:188} INFO - [2024-02-14T23:50:27.560+0000] {example_kubernetes_executor.py:38} WARNING - The example_kubernetes_executor example DAG requires the kubernetes provider. Please install it with: pip install apache-airflow[cncf.kubernetes]
[2024-02-14T23:50:27.560+0000] {processor.py:842} WARNING - No viable dags retrieved from /home/ubuntu/reddit_venv/lib/python3.10/site-packages/airflow/example_dags/example_kubernetes_executor.py
[2024-02-14T23:50:27.570+0000] {processor.py:183} INFO - Processing /home/ubuntu/reddit_venv/lib/python3.10/site-packages/airflow/example_dags/example_kubernetes_executor.py took 0.020 seconds
[2024-02-14T23:51:25.260+0000] {processor.py:161} INFO - Started process (PID=11107) to work on /home/ubuntu/reddit_venv/lib/python3.10/site-packages/airflow/example_dags/example_kubernetes_executor.py
[2024-02-14T23:51:25.262+0000] {processor.py:830} INFO - Processing file /home/ubuntu/reddit_venv/lib/python3.10/site-packages/airflow/example_dags/example_kubernetes_executor.py for tasks to queue
[2024-02-14T23:51:25.263+0000] {logging_mixin.py:188} INFO - [2024-02-14T23:51:25.263+0000] {dagbag.py:538} INFO - Filling up the DagBag from /home/ubuntu/reddit_venv/lib/python3.10/site-packages/airflow/example_dags/example_kubernetes_executor.py
[2024-02-14T23:51:25.266+0000] {logging_mixin.py:188} INFO - [2024-02-14T23:51:25.266+0000] {example_kubernetes_executor.py:38} WARNING - The example_kubernetes_executor example DAG requires the kubernetes provider. Please install it with: pip install apache-airflow[cncf.kubernetes]
[2024-02-14T23:51:25.267+0000] {processor.py:842} WARNING - No viable dags retrieved from /home/ubuntu/reddit_venv/lib/python3.10/site-packages/airflow/example_dags/example_kubernetes_executor.py
[2024-02-14T23:51:25.277+0000] {processor.py:183} INFO - Processing /home/ubuntu/reddit_venv/lib/python3.10/site-packages/airflow/example_dags/example_kubernetes_executor.py took 0.020 seconds
[2024-02-14T23:52:24.077+0000] {processor.py:161} INFO - Started process (PID=11236) to work on /home/ubuntu/reddit_venv/lib/python3.10/site-packages/airflow/example_dags/example_kubernetes_executor.py
[2024-02-14T23:52:24.079+0000] {processor.py:830} INFO - Processing file /home/ubuntu/reddit_venv/lib/python3.10/site-packages/airflow/example_dags/example_kubernetes_executor.py for tasks to queue
[2024-02-14T23:52:24.080+0000] {logging_mixin.py:188} INFO - [2024-02-14T23:52:24.079+0000] {dagbag.py:538} INFO - Filling up the DagBag from /home/ubuntu/reddit_venv/lib/python3.10/site-packages/airflow/example_dags/example_kubernetes_executor.py
[2024-02-14T23:52:24.083+0000] {logging_mixin.py:188} INFO - [2024-02-14T23:52:24.083+0000] {example_kubernetes_executor.py:38} WARNING - The example_kubernetes_executor example DAG requires the kubernetes provider. Please install it with: pip install apache-airflow[cncf.kubernetes]
[2024-02-14T23:52:24.083+0000] {processor.py:842} WARNING - No viable dags retrieved from /home/ubuntu/reddit_venv/lib/python3.10/site-packages/airflow/example_dags/example_kubernetes_executor.py
[2024-02-14T23:52:24.093+0000] {processor.py:183} INFO - Processing /home/ubuntu/reddit_venv/lib/python3.10/site-packages/airflow/example_dags/example_kubernetes_executor.py took 0.020 seconds
[2024-02-14T23:53:27.234+0000] {processor.py:161} INFO - Started process (PID=11391) to work on /home/ubuntu/reddit_venv/lib/python3.10/site-packages/airflow/example_dags/example_kubernetes_executor.py
[2024-02-14T23:53:27.235+0000] {processor.py:830} INFO - Processing file /home/ubuntu/reddit_venv/lib/python3.10/site-packages/airflow/example_dags/example_kubernetes_executor.py for tasks to queue
[2024-02-14T23:53:27.236+0000] {logging_mixin.py:188} INFO - [2024-02-14T23:53:27.236+0000] {dagbag.py:538} INFO - Filling up the DagBag from /home/ubuntu/reddit_venv/lib/python3.10/site-packages/airflow/example_dags/example_kubernetes_executor.py
[2024-02-14T23:53:27.239+0000] {logging_mixin.py:188} INFO - [2024-02-14T23:53:27.239+0000] {example_kubernetes_executor.py:38} WARNING - The example_kubernetes_executor example DAG requires the kubernetes provider. Please install it with: pip install apache-airflow[cncf.kubernetes]
[2024-02-14T23:53:27.240+0000] {processor.py:842} WARNING - No viable dags retrieved from /home/ubuntu/reddit_venv/lib/python3.10/site-packages/airflow/example_dags/example_kubernetes_executor.py
[2024-02-14T23:53:27.249+0000] {processor.py:183} INFO - Processing /home/ubuntu/reddit_venv/lib/python3.10/site-packages/airflow/example_dags/example_kubernetes_executor.py took 0.019 seconds
[2024-02-14T23:54:30.902+0000] {processor.py:161} INFO - Started process (PID=11558) to work on /home/ubuntu/reddit_venv/lib/python3.10/site-packages/airflow/example_dags/example_kubernetes_executor.py
[2024-02-14T23:54:30.904+0000] {processor.py:830} INFO - Processing file /home/ubuntu/reddit_venv/lib/python3.10/site-packages/airflow/example_dags/example_kubernetes_executor.py for tasks to queue
[2024-02-14T23:54:30.905+0000] {logging_mixin.py:188} INFO - [2024-02-14T23:54:30.904+0000] {dagbag.py:538} INFO - Filling up the DagBag from /home/ubuntu/reddit_venv/lib/python3.10/site-packages/airflow/example_dags/example_kubernetes_executor.py
[2024-02-14T23:54:30.908+0000] {logging_mixin.py:188} INFO - [2024-02-14T23:54:30.908+0000] {example_kubernetes_executor.py:38} WARNING - The example_kubernetes_executor example DAG requires the kubernetes provider. Please install it with: pip install apache-airflow[cncf.kubernetes]
[2024-02-14T23:54:30.908+0000] {processor.py:842} WARNING - No viable dags retrieved from /home/ubuntu/reddit_venv/lib/python3.10/site-packages/airflow/example_dags/example_kubernetes_executor.py
[2024-02-14T23:54:30.918+0000] {processor.py:183} INFO - Processing /home/ubuntu/reddit_venv/lib/python3.10/site-packages/airflow/example_dags/example_kubernetes_executor.py took 0.019 seconds
[2024-02-14T23:55:29.652+0000] {processor.py:161} INFO - Started process (PID=11746) to work on /home/ubuntu/reddit_venv/lib/python3.10/site-packages/airflow/example_dags/example_kubernetes_executor.py
[2024-02-14T23:55:29.654+0000] {processor.py:830} INFO - Processing file /home/ubuntu/reddit_venv/lib/python3.10/site-packages/airflow/example_dags/example_kubernetes_executor.py for tasks to queue
[2024-02-14T23:55:29.655+0000] {logging_mixin.py:188} INFO - [2024-02-14T23:55:29.654+0000] {dagbag.py:538} INFO - Filling up the DagBag from /home/ubuntu/reddit_venv/lib/python3.10/site-packages/airflow/example_dags/example_kubernetes_executor.py
[2024-02-14T23:55:29.658+0000] {logging_mixin.py:188} INFO - [2024-02-14T23:55:29.658+0000] {example_kubernetes_executor.py:38} WARNING - The example_kubernetes_executor example DAG requires the kubernetes provider. Please install it with: pip install apache-airflow[cncf.kubernetes]
[2024-02-14T23:55:29.658+0000] {processor.py:842} WARNING - No viable dags retrieved from /home/ubuntu/reddit_venv/lib/python3.10/site-packages/airflow/example_dags/example_kubernetes_executor.py
[2024-02-14T23:55:29.669+0000] {processor.py:183} INFO - Processing /home/ubuntu/reddit_venv/lib/python3.10/site-packages/airflow/example_dags/example_kubernetes_executor.py took 0.020 seconds
[2024-02-14T23:56:27.976+0000] {processor.py:161} INFO - Started process (PID=11892) to work on /home/ubuntu/reddit_venv/lib/python3.10/site-packages/airflow/example_dags/example_kubernetes_executor.py
[2024-02-14T23:56:27.978+0000] {processor.py:830} INFO - Processing file /home/ubuntu/reddit_venv/lib/python3.10/site-packages/airflow/example_dags/example_kubernetes_executor.py for tasks to queue
[2024-02-14T23:56:27.979+0000] {logging_mixin.py:188} INFO - [2024-02-14T23:56:27.978+0000] {dagbag.py:538} INFO - Filling up the DagBag from /home/ubuntu/reddit_venv/lib/python3.10/site-packages/airflow/example_dags/example_kubernetes_executor.py
[2024-02-14T23:56:27.982+0000] {logging_mixin.py:188} INFO - [2024-02-14T23:56:27.982+0000] {example_kubernetes_executor.py:38} WARNING - The example_kubernetes_executor example DAG requires the kubernetes provider. Please install it with: pip install apache-airflow[cncf.kubernetes]
[2024-02-14T23:56:27.982+0000] {processor.py:842} WARNING - No viable dags retrieved from /home/ubuntu/reddit_venv/lib/python3.10/site-packages/airflow/example_dags/example_kubernetes_executor.py
[2024-02-14T23:56:27.992+0000] {processor.py:183} INFO - Processing /home/ubuntu/reddit_venv/lib/python3.10/site-packages/airflow/example_dags/example_kubernetes_executor.py took 0.020 seconds
[2024-02-14T23:57:23.863+0000] {processor.py:161} INFO - Started process (PID=14373) to work on /home/ubuntu/reddit_venv/lib/python3.10/site-packages/airflow/example_dags/example_kubernetes_executor.py
[2024-02-14T23:57:23.864+0000] {processor.py:830} INFO - Processing file /home/ubuntu/reddit_venv/lib/python3.10/site-packages/airflow/example_dags/example_kubernetes_executor.py for tasks to queue
[2024-02-14T23:57:23.866+0000] {logging_mixin.py:188} INFO - [2024-02-14T23:57:23.865+0000] {dagbag.py:538} INFO - Filling up the DagBag from /home/ubuntu/reddit_venv/lib/python3.10/site-packages/airflow/example_dags/example_kubernetes_executor.py
[2024-02-14T23:57:23.869+0000] {logging_mixin.py:188} INFO - [2024-02-14T23:57:23.869+0000] {example_kubernetes_executor.py:38} WARNING - The example_kubernetes_executor example DAG requires the kubernetes provider. Please install it with: pip install apache-airflow[cncf.kubernetes]
[2024-02-14T23:57:23.869+0000] {processor.py:842} WARNING - No viable dags retrieved from /home/ubuntu/reddit_venv/lib/python3.10/site-packages/airflow/example_dags/example_kubernetes_executor.py
[2024-02-14T23:57:23.879+0000] {processor.py:183} INFO - Processing /home/ubuntu/reddit_venv/lib/python3.10/site-packages/airflow/example_dags/example_kubernetes_executor.py took 0.019 seconds
[2024-02-14T23:58:26.508+0000] {processor.py:161} INFO - Started process (PID=21618) to work on /home/ubuntu/reddit_venv/lib/python3.10/site-packages/airflow/example_dags/example_kubernetes_executor.py
[2024-02-14T23:58:26.510+0000] {processor.py:830} INFO - Processing file /home/ubuntu/reddit_venv/lib/python3.10/site-packages/airflow/example_dags/example_kubernetes_executor.py for tasks to queue
[2024-02-14T23:58:26.511+0000] {logging_mixin.py:188} INFO - [2024-02-14T23:58:26.510+0000] {dagbag.py:538} INFO - Filling up the DagBag from /home/ubuntu/reddit_venv/lib/python3.10/site-packages/airflow/example_dags/example_kubernetes_executor.py
[2024-02-14T23:58:26.514+0000] {logging_mixin.py:188} INFO - [2024-02-14T23:58:26.514+0000] {example_kubernetes_executor.py:38} WARNING - The example_kubernetes_executor example DAG requires the kubernetes provider. Please install it with: pip install apache-airflow[cncf.kubernetes]
[2024-02-14T23:58:26.514+0000] {processor.py:842} WARNING - No viable dags retrieved from /home/ubuntu/reddit_venv/lib/python3.10/site-packages/airflow/example_dags/example_kubernetes_executor.py
[2024-02-14T23:58:26.524+0000] {processor.py:183} INFO - Processing /home/ubuntu/reddit_venv/lib/python3.10/site-packages/airflow/example_dags/example_kubernetes_executor.py took 0.019 seconds
[2024-02-14T23:59:09.969+0000] {processor.py:161} INFO - Started process (PID=22434) to work on /home/ubuntu/reddit_venv/lib/python3.10/site-packages/airflow/example_dags/example_kubernetes_executor.py
[2024-02-14T23:59:09.971+0000] {processor.py:830} INFO - Processing file /home/ubuntu/reddit_venv/lib/python3.10/site-packages/airflow/example_dags/example_kubernetes_executor.py for tasks to queue
[2024-02-14T23:59:09.972+0000] {logging_mixin.py:188} INFO - [2024-02-14T23:59:09.971+0000] {dagbag.py:538} INFO - Filling up the DagBag from /home/ubuntu/reddit_venv/lib/python3.10/site-packages/airflow/example_dags/example_kubernetes_executor.py
[2024-02-14T23:59:09.975+0000] {logging_mixin.py:188} INFO - [2024-02-14T23:59:09.975+0000] {example_kubernetes_executor.py:38} WARNING - The example_kubernetes_executor example DAG requires the kubernetes provider. Please install it with: pip install apache-airflow[cncf.kubernetes]
[2024-02-14T23:59:09.975+0000] {processor.py:842} WARNING - No viable dags retrieved from /home/ubuntu/reddit_venv/lib/python3.10/site-packages/airflow/example_dags/example_kubernetes_executor.py
[2024-02-14T23:59:09.985+0000] {processor.py:183} INFO - Processing /home/ubuntu/reddit_venv/lib/python3.10/site-packages/airflow/example_dags/example_kubernetes_executor.py took 0.019 seconds
