[2024-02-14T23:09:57.208+0000] {processor.py:161} INFO - Started process (PID=1656) to work on /home/ubuntu/reddit_venv/lib/python3.10/site-packages/airflow/example_dags/example_python_operator.py
[2024-02-14T23:09:57.209+0000] {processor.py:830} INFO - Processing file /home/ubuntu/reddit_venv/lib/python3.10/site-packages/airflow/example_dags/example_python_operator.py for tasks to queue
[2024-02-14T23:09:57.210+0000] {logging_mixin.py:188} INFO - [2024-02-14T23:09:57.210+0000] {dagbag.py:538} INFO - Filling up the DagBag from /home/ubuntu/reddit_venv/lib/python3.10/site-packages/airflow/example_dags/example_python_operator.py
[2024-02-14T23:09:57.222+0000] {processor.py:840} INFO - DAG(s) 'example_python_operator' retrieved from /home/ubuntu/reddit_venv/lib/python3.10/site-packages/airflow/example_dags/example_python_operator.py
[2024-02-14T23:09:57.322+0000] {logging_mixin.py:188} INFO - [2024-02-14T23:09:57.322+0000] {dag.py:3036} INFO - Sync 1 DAGs
[2024-02-14T23:09:57.332+0000] {logging_mixin.py:188} INFO - [2024-02-14T23:09:57.332+0000] {dag.py:3823} INFO - Setting next_dagrun for example_python_operator to None, run_after=None
[2024-02-14T23:09:57.354+0000] {processor.py:183} INFO - Processing /home/ubuntu/reddit_venv/lib/python3.10/site-packages/airflow/example_dags/example_python_operator.py took 0.149 seconds
[2024-02-14T23:10:47.999+0000] {processor.py:161} INFO - Started process (PID=1771) to work on /home/ubuntu/reddit_venv/lib/python3.10/site-packages/airflow/example_dags/example_python_operator.py
[2024-02-14T23:10:48.000+0000] {processor.py:830} INFO - Processing file /home/ubuntu/reddit_venv/lib/python3.10/site-packages/airflow/example_dags/example_python_operator.py for tasks to queue
[2024-02-14T23:10:48.001+0000] {logging_mixin.py:188} INFO - [2024-02-14T23:10:48.001+0000] {dagbag.py:538} INFO - Filling up the DagBag from /home/ubuntu/reddit_venv/lib/python3.10/site-packages/airflow/example_dags/example_python_operator.py
[2024-02-14T23:10:48.013+0000] {processor.py:840} INFO - DAG(s) 'example_python_operator' retrieved from /home/ubuntu/reddit_venv/lib/python3.10/site-packages/airflow/example_dags/example_python_operator.py
[2024-02-14T23:10:48.032+0000] {logging_mixin.py:188} INFO - [2024-02-14T23:10:48.032+0000] {dag.py:3036} INFO - Sync 1 DAGs
[2024-02-14T23:10:48.044+0000] {logging_mixin.py:188} INFO - [2024-02-14T23:10:48.044+0000] {dag.py:3823} INFO - Setting next_dagrun for example_python_operator to None, run_after=None
[2024-02-14T23:10:48.066+0000] {processor.py:183} INFO - Processing /home/ubuntu/reddit_venv/lib/python3.10/site-packages/airflow/example_dags/example_python_operator.py took 0.071 seconds
[2024-02-14T23:11:36.422+0000] {processor.py:161} INFO - Started process (PID=1886) to work on /home/ubuntu/reddit_venv/lib/python3.10/site-packages/airflow/example_dags/example_python_operator.py
[2024-02-14T23:11:36.424+0000] {processor.py:830} INFO - Processing file /home/ubuntu/reddit_venv/lib/python3.10/site-packages/airflow/example_dags/example_python_operator.py for tasks to queue
[2024-02-14T23:11:36.424+0000] {logging_mixin.py:188} INFO - [2024-02-14T23:11:36.424+0000] {dagbag.py:538} INFO - Filling up the DagBag from /home/ubuntu/reddit_venv/lib/python3.10/site-packages/airflow/example_dags/example_python_operator.py
[2024-02-14T23:11:36.436+0000] {processor.py:840} INFO - DAG(s) 'example_python_operator' retrieved from /home/ubuntu/reddit_venv/lib/python3.10/site-packages/airflow/example_dags/example_python_operator.py
[2024-02-14T23:11:36.454+0000] {logging_mixin.py:188} INFO - [2024-02-14T23:11:36.454+0000] {dag.py:3036} INFO - Sync 1 DAGs
[2024-02-14T23:11:36.466+0000] {logging_mixin.py:188} INFO - [2024-02-14T23:11:36.466+0000] {dag.py:3823} INFO - Setting next_dagrun for example_python_operator to None, run_after=None
[2024-02-14T23:11:36.488+0000] {processor.py:183} INFO - Processing /home/ubuntu/reddit_venv/lib/python3.10/site-packages/airflow/example_dags/example_python_operator.py took 0.070 seconds
[2024-02-14T23:12:35.676+0000] {processor.py:161} INFO - Started process (PID=2018) to work on /home/ubuntu/reddit_venv/lib/python3.10/site-packages/airflow/example_dags/example_python_operator.py
[2024-02-14T23:12:35.677+0000] {processor.py:830} INFO - Processing file /home/ubuntu/reddit_venv/lib/python3.10/site-packages/airflow/example_dags/example_python_operator.py for tasks to queue
[2024-02-14T23:12:35.678+0000] {logging_mixin.py:188} INFO - [2024-02-14T23:12:35.678+0000] {dagbag.py:538} INFO - Filling up the DagBag from /home/ubuntu/reddit_venv/lib/python3.10/site-packages/airflow/example_dags/example_python_operator.py
[2024-02-14T23:12:35.689+0000] {processor.py:840} INFO - DAG(s) 'example_python_operator' retrieved from /home/ubuntu/reddit_venv/lib/python3.10/site-packages/airflow/example_dags/example_python_operator.py
[2024-02-14T23:12:35.707+0000] {logging_mixin.py:188} INFO - [2024-02-14T23:12:35.707+0000] {dag.py:3036} INFO - Sync 1 DAGs
[2024-02-14T23:12:35.719+0000] {logging_mixin.py:188} INFO - [2024-02-14T23:12:35.718+0000] {dag.py:3823} INFO - Setting next_dagrun for example_python_operator to None, run_after=None
[2024-02-14T23:12:35.743+0000] {processor.py:183} INFO - Processing /home/ubuntu/reddit_venv/lib/python3.10/site-packages/airflow/example_dags/example_python_operator.py took 0.071 seconds
[2024-02-14T23:13:32.886+0000] {processor.py:161} INFO - Started process (PID=2450) to work on /home/ubuntu/reddit_venv/lib/python3.10/site-packages/airflow/example_dags/example_python_operator.py
[2024-02-14T23:13:32.887+0000] {processor.py:830} INFO - Processing file /home/ubuntu/reddit_venv/lib/python3.10/site-packages/airflow/example_dags/example_python_operator.py for tasks to queue
[2024-02-14T23:13:32.888+0000] {logging_mixin.py:188} INFO - [2024-02-14T23:13:32.887+0000] {dagbag.py:538} INFO - Filling up the DagBag from /home/ubuntu/reddit_venv/lib/python3.10/site-packages/airflow/example_dags/example_python_operator.py
[2024-02-14T23:13:32.899+0000] {processor.py:840} INFO - DAG(s) 'example_python_operator' retrieved from /home/ubuntu/reddit_venv/lib/python3.10/site-packages/airflow/example_dags/example_python_operator.py
[2024-02-14T23:13:32.917+0000] {logging_mixin.py:188} INFO - [2024-02-14T23:13:32.917+0000] {dag.py:3036} INFO - Sync 1 DAGs
[2024-02-14T23:13:32.929+0000] {logging_mixin.py:188} INFO - [2024-02-14T23:13:32.928+0000] {dag.py:3823} INFO - Setting next_dagrun for example_python_operator to None, run_after=None
[2024-02-14T23:13:32.950+0000] {processor.py:183} INFO - Processing /home/ubuntu/reddit_venv/lib/python3.10/site-packages/airflow/example_dags/example_python_operator.py took 0.068 seconds
[2024-02-14T23:14:34.422+0000] {processor.py:161} INFO - Started process (PID=2663) to work on /home/ubuntu/reddit_venv/lib/python3.10/site-packages/airflow/example_dags/example_python_operator.py
[2024-02-14T23:14:34.424+0000] {processor.py:830} INFO - Processing file /home/ubuntu/reddit_venv/lib/python3.10/site-packages/airflow/example_dags/example_python_operator.py for tasks to queue
[2024-02-14T23:14:34.425+0000] {logging_mixin.py:188} INFO - [2024-02-14T23:14:34.424+0000] {dagbag.py:538} INFO - Filling up the DagBag from /home/ubuntu/reddit_venv/lib/python3.10/site-packages/airflow/example_dags/example_python_operator.py
[2024-02-14T23:14:34.436+0000] {processor.py:840} INFO - DAG(s) 'example_python_operator' retrieved from /home/ubuntu/reddit_venv/lib/python3.10/site-packages/airflow/example_dags/example_python_operator.py
[2024-02-14T23:14:34.454+0000] {logging_mixin.py:188} INFO - [2024-02-14T23:14:34.454+0000] {dag.py:3036} INFO - Sync 1 DAGs
[2024-02-14T23:14:34.465+0000] {logging_mixin.py:188} INFO - [2024-02-14T23:14:34.465+0000] {dag.py:3823} INFO - Setting next_dagrun for example_python_operator to None, run_after=None
[2024-02-14T23:14:34.488+0000] {processor.py:183} INFO - Processing /home/ubuntu/reddit_venv/lib/python3.10/site-packages/airflow/example_dags/example_python_operator.py took 0.069 seconds
[2024-02-14T23:15:34.470+0000] {processor.py:161} INFO - Started process (PID=3010) to work on /home/ubuntu/reddit_venv/lib/python3.10/site-packages/airflow/example_dags/example_python_operator.py
[2024-02-14T23:15:34.472+0000] {processor.py:830} INFO - Processing file /home/ubuntu/reddit_venv/lib/python3.10/site-packages/airflow/example_dags/example_python_operator.py for tasks to queue
[2024-02-14T23:15:34.473+0000] {logging_mixin.py:188} INFO - [2024-02-14T23:15:34.472+0000] {dagbag.py:538} INFO - Filling up the DagBag from /home/ubuntu/reddit_venv/lib/python3.10/site-packages/airflow/example_dags/example_python_operator.py
[2024-02-14T23:15:34.484+0000] {processor.py:840} INFO - DAG(s) 'example_python_operator' retrieved from /home/ubuntu/reddit_venv/lib/python3.10/site-packages/airflow/example_dags/example_python_operator.py
[2024-02-14T23:15:34.501+0000] {logging_mixin.py:188} INFO - [2024-02-14T23:15:34.501+0000] {dag.py:3036} INFO - Sync 1 DAGs
[2024-02-14T23:15:34.513+0000] {logging_mixin.py:188} INFO - [2024-02-14T23:15:34.512+0000] {dag.py:3823} INFO - Setting next_dagrun for example_python_operator to None, run_after=None
[2024-02-14T23:15:34.534+0000] {processor.py:183} INFO - Processing /home/ubuntu/reddit_venv/lib/python3.10/site-packages/airflow/example_dags/example_python_operator.py took 0.067 seconds
[2024-02-14T23:16:44.562+0000] {processor.py:161} INFO - Started process (PID=3477) to work on /home/ubuntu/reddit_venv/lib/python3.10/site-packages/airflow/example_dags/example_python_operator.py
[2024-02-14T23:16:44.564+0000] {processor.py:830} INFO - Processing file /home/ubuntu/reddit_venv/lib/python3.10/site-packages/airflow/example_dags/example_python_operator.py for tasks to queue
[2024-02-14T23:16:44.565+0000] {logging_mixin.py:188} INFO - [2024-02-14T23:16:44.564+0000] {dagbag.py:538} INFO - Filling up the DagBag from /home/ubuntu/reddit_venv/lib/python3.10/site-packages/airflow/example_dags/example_python_operator.py
[2024-02-14T23:16:44.576+0000] {processor.py:840} INFO - DAG(s) 'example_python_operator' retrieved from /home/ubuntu/reddit_venv/lib/python3.10/site-packages/airflow/example_dags/example_python_operator.py
[2024-02-14T23:16:44.594+0000] {logging_mixin.py:188} INFO - [2024-02-14T23:16:44.594+0000] {dag.py:3036} INFO - Sync 1 DAGs
[2024-02-14T23:16:44.606+0000] {logging_mixin.py:188} INFO - [2024-02-14T23:16:44.606+0000] {dag.py:3823} INFO - Setting next_dagrun for example_python_operator to None, run_after=None
[2024-02-14T23:16:44.628+0000] {processor.py:183} INFO - Processing /home/ubuntu/reddit_venv/lib/python3.10/site-packages/airflow/example_dags/example_python_operator.py took 0.069 seconds
[2024-02-14T23:17:45.214+0000] {processor.py:161} INFO - Started process (PID=4274) to work on /home/ubuntu/reddit_venv/lib/python3.10/site-packages/airflow/example_dags/example_python_operator.py
[2024-02-14T23:17:45.216+0000] {processor.py:830} INFO - Processing file /home/ubuntu/reddit_venv/lib/python3.10/site-packages/airflow/example_dags/example_python_operator.py for tasks to queue
[2024-02-14T23:17:45.217+0000] {logging_mixin.py:188} INFO - [2024-02-14T23:17:45.216+0000] {dagbag.py:538} INFO - Filling up the DagBag from /home/ubuntu/reddit_venv/lib/python3.10/site-packages/airflow/example_dags/example_python_operator.py
[2024-02-14T23:17:45.228+0000] {processor.py:840} INFO - DAG(s) 'example_python_operator' retrieved from /home/ubuntu/reddit_venv/lib/python3.10/site-packages/airflow/example_dags/example_python_operator.py
[2024-02-14T23:17:45.247+0000] {logging_mixin.py:188} INFO - [2024-02-14T23:17:45.246+0000] {dag.py:3036} INFO - Sync 1 DAGs
[2024-02-14T23:17:45.258+0000] {logging_mixin.py:188} INFO - [2024-02-14T23:17:45.258+0000] {dag.py:3823} INFO - Setting next_dagrun for example_python_operator to None, run_after=None
[2024-02-14T23:17:45.293+0000] {processor.py:183} INFO - Processing /home/ubuntu/reddit_venv/lib/python3.10/site-packages/airflow/example_dags/example_python_operator.py took 0.082 seconds
[2024-02-14T23:18:43.897+0000] {processor.py:161} INFO - Started process (PID=5039) to work on /home/ubuntu/reddit_venv/lib/python3.10/site-packages/airflow/example_dags/example_python_operator.py
[2024-02-14T23:18:43.899+0000] {processor.py:830} INFO - Processing file /home/ubuntu/reddit_venv/lib/python3.10/site-packages/airflow/example_dags/example_python_operator.py for tasks to queue
[2024-02-14T23:18:43.900+0000] {logging_mixin.py:188} INFO - [2024-02-14T23:18:43.899+0000] {dagbag.py:538} INFO - Filling up the DagBag from /home/ubuntu/reddit_venv/lib/python3.10/site-packages/airflow/example_dags/example_python_operator.py
[2024-02-14T23:18:43.911+0000] {processor.py:840} INFO - DAG(s) 'example_python_operator' retrieved from /home/ubuntu/reddit_venv/lib/python3.10/site-packages/airflow/example_dags/example_python_operator.py
[2024-02-14T23:18:43.929+0000] {logging_mixin.py:188} INFO - [2024-02-14T23:18:43.928+0000] {dag.py:3036} INFO - Sync 1 DAGs
[2024-02-14T23:18:43.940+0000] {logging_mixin.py:188} INFO - [2024-02-14T23:18:43.940+0000] {dag.py:3823} INFO - Setting next_dagrun for example_python_operator to None, run_after=None
[2024-02-14T23:18:43.964+0000] {processor.py:183} INFO - Processing /home/ubuntu/reddit_venv/lib/python3.10/site-packages/airflow/example_dags/example_python_operator.py took 0.070 seconds
[2024-02-14T23:19:42.275+0000] {processor.py:161} INFO - Started process (PID=5589) to work on /home/ubuntu/reddit_venv/lib/python3.10/site-packages/airflow/example_dags/example_python_operator.py
[2024-02-14T23:19:42.277+0000] {processor.py:830} INFO - Processing file /home/ubuntu/reddit_venv/lib/python3.10/site-packages/airflow/example_dags/example_python_operator.py for tasks to queue
[2024-02-14T23:19:42.277+0000] {logging_mixin.py:188} INFO - [2024-02-14T23:19:42.277+0000] {dagbag.py:538} INFO - Filling up the DagBag from /home/ubuntu/reddit_venv/lib/python3.10/site-packages/airflow/example_dags/example_python_operator.py
[2024-02-14T23:19:42.289+0000] {processor.py:840} INFO - DAG(s) 'example_python_operator' retrieved from /home/ubuntu/reddit_venv/lib/python3.10/site-packages/airflow/example_dags/example_python_operator.py
[2024-02-14T23:19:42.307+0000] {logging_mixin.py:188} INFO - [2024-02-14T23:19:42.307+0000] {dag.py:3036} INFO - Sync 1 DAGs
[2024-02-14T23:19:42.319+0000] {logging_mixin.py:188} INFO - [2024-02-14T23:19:42.319+0000] {dag.py:3823} INFO - Setting next_dagrun for example_python_operator to None, run_after=None
[2024-02-14T23:19:42.342+0000] {processor.py:183} INFO - Processing /home/ubuntu/reddit_venv/lib/python3.10/site-packages/airflow/example_dags/example_python_operator.py took 0.071 seconds
[2024-02-14T23:20:39.620+0000] {processor.py:161} INFO - Started process (PID=5715) to work on /home/ubuntu/reddit_venv/lib/python3.10/site-packages/airflow/example_dags/example_python_operator.py
[2024-02-14T23:20:39.621+0000] {processor.py:830} INFO - Processing file /home/ubuntu/reddit_venv/lib/python3.10/site-packages/airflow/example_dags/example_python_operator.py for tasks to queue
[2024-02-14T23:20:39.622+0000] {logging_mixin.py:188} INFO - [2024-02-14T23:20:39.622+0000] {dagbag.py:538} INFO - Filling up the DagBag from /home/ubuntu/reddit_venv/lib/python3.10/site-packages/airflow/example_dags/example_python_operator.py
[2024-02-14T23:20:39.634+0000] {processor.py:840} INFO - DAG(s) 'example_python_operator' retrieved from /home/ubuntu/reddit_venv/lib/python3.10/site-packages/airflow/example_dags/example_python_operator.py
[2024-02-14T23:20:39.652+0000] {logging_mixin.py:188} INFO - [2024-02-14T23:20:39.652+0000] {dag.py:3036} INFO - Sync 1 DAGs
[2024-02-14T23:20:39.664+0000] {logging_mixin.py:188} INFO - [2024-02-14T23:20:39.664+0000] {dag.py:3823} INFO - Setting next_dagrun for example_python_operator to None, run_after=None
[2024-02-14T23:20:39.687+0000] {processor.py:183} INFO - Processing /home/ubuntu/reddit_venv/lib/python3.10/site-packages/airflow/example_dags/example_python_operator.py took 0.071 seconds
[2024-02-14T23:21:36.511+0000] {processor.py:161} INFO - Started process (PID=5839) to work on /home/ubuntu/reddit_venv/lib/python3.10/site-packages/airflow/example_dags/example_python_operator.py
[2024-02-14T23:21:36.512+0000] {processor.py:830} INFO - Processing file /home/ubuntu/reddit_venv/lib/python3.10/site-packages/airflow/example_dags/example_python_operator.py for tasks to queue
[2024-02-14T23:21:36.513+0000] {logging_mixin.py:188} INFO - [2024-02-14T23:21:36.513+0000] {dagbag.py:538} INFO - Filling up the DagBag from /home/ubuntu/reddit_venv/lib/python3.10/site-packages/airflow/example_dags/example_python_operator.py
[2024-02-14T23:21:36.525+0000] {processor.py:840} INFO - DAG(s) 'example_python_operator' retrieved from /home/ubuntu/reddit_venv/lib/python3.10/site-packages/airflow/example_dags/example_python_operator.py
[2024-02-14T23:21:36.543+0000] {logging_mixin.py:188} INFO - [2024-02-14T23:21:36.543+0000] {dag.py:3036} INFO - Sync 1 DAGs
[2024-02-14T23:21:36.555+0000] {logging_mixin.py:188} INFO - [2024-02-14T23:21:36.554+0000] {dag.py:3823} INFO - Setting next_dagrun for example_python_operator to None, run_after=None
[2024-02-14T23:21:36.577+0000] {processor.py:183} INFO - Processing /home/ubuntu/reddit_venv/lib/python3.10/site-packages/airflow/example_dags/example_python_operator.py took 0.070 seconds
[2024-02-14T23:22:28.848+0000] {processor.py:161} INFO - Started process (PID=6079) to work on /home/ubuntu/reddit_venv/lib/python3.10/site-packages/airflow/example_dags/example_python_operator.py
[2024-02-14T23:22:28.850+0000] {processor.py:830} INFO - Processing file /home/ubuntu/reddit_venv/lib/python3.10/site-packages/airflow/example_dags/example_python_operator.py for tasks to queue
[2024-02-14T23:22:28.851+0000] {logging_mixin.py:188} INFO - [2024-02-14T23:22:28.851+0000] {dagbag.py:538} INFO - Filling up the DagBag from /home/ubuntu/reddit_venv/lib/python3.10/site-packages/airflow/example_dags/example_python_operator.py
[2024-02-14T23:22:28.863+0000] {processor.py:840} INFO - DAG(s) 'example_python_operator' retrieved from /home/ubuntu/reddit_venv/lib/python3.10/site-packages/airflow/example_dags/example_python_operator.py
[2024-02-14T23:22:28.881+0000] {logging_mixin.py:188} INFO - [2024-02-14T23:22:28.881+0000] {dag.py:3036} INFO - Sync 1 DAGs
[2024-02-14T23:22:28.893+0000] {logging_mixin.py:188} INFO - [2024-02-14T23:22:28.892+0000] {dag.py:3823} INFO - Setting next_dagrun for example_python_operator to None, run_after=None
[2024-02-14T23:22:28.916+0000] {processor.py:183} INFO - Processing /home/ubuntu/reddit_venv/lib/python3.10/site-packages/airflow/example_dags/example_python_operator.py took 0.071 seconds
[2024-02-14T23:23:28.264+0000] {processor.py:161} INFO - Started process (PID=6213) to work on /home/ubuntu/reddit_venv/lib/python3.10/site-packages/airflow/example_dags/example_python_operator.py
[2024-02-14T23:23:28.266+0000] {processor.py:830} INFO - Processing file /home/ubuntu/reddit_venv/lib/python3.10/site-packages/airflow/example_dags/example_python_operator.py for tasks to queue
[2024-02-14T23:23:28.267+0000] {logging_mixin.py:188} INFO - [2024-02-14T23:23:28.267+0000] {dagbag.py:538} INFO - Filling up the DagBag from /home/ubuntu/reddit_venv/lib/python3.10/site-packages/airflow/example_dags/example_python_operator.py
[2024-02-14T23:23:28.279+0000] {processor.py:840} INFO - DAG(s) 'example_python_operator' retrieved from /home/ubuntu/reddit_venv/lib/python3.10/site-packages/airflow/example_dags/example_python_operator.py
[2024-02-14T23:23:28.297+0000] {logging_mixin.py:188} INFO - [2024-02-14T23:23:28.297+0000] {dag.py:3036} INFO - Sync 1 DAGs
[2024-02-14T23:23:28.308+0000] {logging_mixin.py:188} INFO - [2024-02-14T23:23:28.308+0000] {dag.py:3823} INFO - Setting next_dagrun for example_python_operator to None, run_after=None
[2024-02-14T23:23:28.350+0000] {processor.py:183} INFO - Processing /home/ubuntu/reddit_venv/lib/python3.10/site-packages/airflow/example_dags/example_python_operator.py took 0.089 seconds
[2024-02-14T23:24:22.898+0000] {processor.py:161} INFO - Started process (PID=6274) to work on /home/ubuntu/reddit_venv/lib/python3.10/site-packages/airflow/example_dags/example_python_operator.py
[2024-02-14T23:24:22.899+0000] {processor.py:830} INFO - Processing file /home/ubuntu/reddit_venv/lib/python3.10/site-packages/airflow/example_dags/example_python_operator.py for tasks to queue
[2024-02-14T23:24:22.900+0000] {logging_mixin.py:188} INFO - [2024-02-14T23:24:22.900+0000] {dagbag.py:538} INFO - Filling up the DagBag from /home/ubuntu/reddit_venv/lib/python3.10/site-packages/airflow/example_dags/example_python_operator.py
[2024-02-14T23:24:22.911+0000] {processor.py:840} INFO - DAG(s) 'example_python_operator' retrieved from /home/ubuntu/reddit_venv/lib/python3.10/site-packages/airflow/example_dags/example_python_operator.py
[2024-02-14T23:24:22.929+0000] {logging_mixin.py:188} INFO - [2024-02-14T23:24:22.929+0000] {dag.py:3036} INFO - Sync 1 DAGs
[2024-02-14T23:24:22.941+0000] {logging_mixin.py:188} INFO - [2024-02-14T23:24:22.940+0000] {dag.py:3823} INFO - Setting next_dagrun for example_python_operator to None, run_after=None
[2024-02-14T23:24:22.962+0000] {processor.py:183} INFO - Processing /home/ubuntu/reddit_venv/lib/python3.10/site-packages/airflow/example_dags/example_python_operator.py took 0.068 seconds
[2024-02-14T23:25:20.999+0000] {processor.py:161} INFO - Started process (PID=6464) to work on /home/ubuntu/reddit_venv/lib/python3.10/site-packages/airflow/example_dags/example_python_operator.py
[2024-02-14T23:25:21.001+0000] {processor.py:830} INFO - Processing file /home/ubuntu/reddit_venv/lib/python3.10/site-packages/airflow/example_dags/example_python_operator.py for tasks to queue
[2024-02-14T23:25:21.002+0000] {logging_mixin.py:188} INFO - [2024-02-14T23:25:21.001+0000] {dagbag.py:538} INFO - Filling up the DagBag from /home/ubuntu/reddit_venv/lib/python3.10/site-packages/airflow/example_dags/example_python_operator.py
[2024-02-14T23:25:21.014+0000] {processor.py:840} INFO - DAG(s) 'example_python_operator' retrieved from /home/ubuntu/reddit_venv/lib/python3.10/site-packages/airflow/example_dags/example_python_operator.py
[2024-02-14T23:25:21.032+0000] {logging_mixin.py:188} INFO - [2024-02-14T23:25:21.032+0000] {dag.py:3036} INFO - Sync 1 DAGs
[2024-02-14T23:25:21.044+0000] {logging_mixin.py:188} INFO - [2024-02-14T23:25:21.044+0000] {dag.py:3823} INFO - Setting next_dagrun for example_python_operator to None, run_after=None
[2024-02-14T23:25:21.066+0000] {processor.py:183} INFO - Processing /home/ubuntu/reddit_venv/lib/python3.10/site-packages/airflow/example_dags/example_python_operator.py took 0.070 seconds
[2024-02-14T23:26:17.234+0000] {processor.py:161} INFO - Started process (PID=6587) to work on /home/ubuntu/reddit_venv/lib/python3.10/site-packages/airflow/example_dags/example_python_operator.py
[2024-02-14T23:26:17.236+0000] {processor.py:830} INFO - Processing file /home/ubuntu/reddit_venv/lib/python3.10/site-packages/airflow/example_dags/example_python_operator.py for tasks to queue
[2024-02-14T23:26:17.237+0000] {logging_mixin.py:188} INFO - [2024-02-14T23:26:17.236+0000] {dagbag.py:538} INFO - Filling up the DagBag from /home/ubuntu/reddit_venv/lib/python3.10/site-packages/airflow/example_dags/example_python_operator.py
[2024-02-14T23:26:17.248+0000] {processor.py:840} INFO - DAG(s) 'example_python_operator' retrieved from /home/ubuntu/reddit_venv/lib/python3.10/site-packages/airflow/example_dags/example_python_operator.py
[2024-02-14T23:26:17.267+0000] {logging_mixin.py:188} INFO - [2024-02-14T23:26:17.266+0000] {dag.py:3036} INFO - Sync 1 DAGs
[2024-02-14T23:26:17.278+0000] {logging_mixin.py:188} INFO - [2024-02-14T23:26:17.278+0000] {dag.py:3823} INFO - Setting next_dagrun for example_python_operator to None, run_after=None
[2024-02-14T23:26:17.300+0000] {processor.py:183} INFO - Processing /home/ubuntu/reddit_venv/lib/python3.10/site-packages/airflow/example_dags/example_python_operator.py took 0.069 seconds
[2024-02-14T23:27:23.492+0000] {processor.py:161} INFO - Started process (PID=6843) to work on /home/ubuntu/reddit_venv/lib/python3.10/site-packages/airflow/example_dags/example_python_operator.py
[2024-02-14T23:27:23.495+0000] {processor.py:830} INFO - Processing file /home/ubuntu/reddit_venv/lib/python3.10/site-packages/airflow/example_dags/example_python_operator.py for tasks to queue
[2024-02-14T23:27:23.496+0000] {logging_mixin.py:188} INFO - [2024-02-14T23:27:23.495+0000] {dagbag.py:538} INFO - Filling up the DagBag from /home/ubuntu/reddit_venv/lib/python3.10/site-packages/airflow/example_dags/example_python_operator.py
[2024-02-14T23:27:23.507+0000] {processor.py:840} INFO - DAG(s) 'example_python_operator' retrieved from /home/ubuntu/reddit_venv/lib/python3.10/site-packages/airflow/example_dags/example_python_operator.py
[2024-02-14T23:27:23.526+0000] {logging_mixin.py:188} INFO - [2024-02-14T23:27:23.526+0000] {dag.py:3036} INFO - Sync 1 DAGs
[2024-02-14T23:27:23.538+0000] {logging_mixin.py:188} INFO - [2024-02-14T23:27:23.538+0000] {dag.py:3823} INFO - Setting next_dagrun for example_python_operator to None, run_after=None
[2024-02-14T23:27:23.559+0000] {processor.py:183} INFO - Processing /home/ubuntu/reddit_venv/lib/python3.10/site-packages/airflow/example_dags/example_python_operator.py took 0.071 seconds
[2024-02-14T23:28:23.602+0000] {processor.py:161} INFO - Started process (PID=6972) to work on /home/ubuntu/reddit_venv/lib/python3.10/site-packages/airflow/example_dags/example_python_operator.py
[2024-02-14T23:28:23.604+0000] {processor.py:830} INFO - Processing file /home/ubuntu/reddit_venv/lib/python3.10/site-packages/airflow/example_dags/example_python_operator.py for tasks to queue
[2024-02-14T23:28:23.605+0000] {logging_mixin.py:188} INFO - [2024-02-14T23:28:23.604+0000] {dagbag.py:538} INFO - Filling up the DagBag from /home/ubuntu/reddit_venv/lib/python3.10/site-packages/airflow/example_dags/example_python_operator.py
[2024-02-14T23:28:23.616+0000] {processor.py:840} INFO - DAG(s) 'example_python_operator' retrieved from /home/ubuntu/reddit_venv/lib/python3.10/site-packages/airflow/example_dags/example_python_operator.py
[2024-02-14T23:28:23.635+0000] {logging_mixin.py:188} INFO - [2024-02-14T23:28:23.634+0000] {dag.py:3036} INFO - Sync 1 DAGs
[2024-02-14T23:28:23.646+0000] {logging_mixin.py:188} INFO - [2024-02-14T23:28:23.646+0000] {dag.py:3823} INFO - Setting next_dagrun for example_python_operator to None, run_after=None
[2024-02-14T23:28:23.669+0000] {processor.py:183} INFO - Processing /home/ubuntu/reddit_venv/lib/python3.10/site-packages/airflow/example_dags/example_python_operator.py took 0.070 seconds
[2024-02-14T23:29:21.243+0000] {processor.py:161} INFO - Started process (PID=7099) to work on /home/ubuntu/reddit_venv/lib/python3.10/site-packages/airflow/example_dags/example_python_operator.py
[2024-02-14T23:29:21.245+0000] {processor.py:830} INFO - Processing file /home/ubuntu/reddit_venv/lib/python3.10/site-packages/airflow/example_dags/example_python_operator.py for tasks to queue
[2024-02-14T23:29:21.246+0000] {logging_mixin.py:188} INFO - [2024-02-14T23:29:21.245+0000] {dagbag.py:538} INFO - Filling up the DagBag from /home/ubuntu/reddit_venv/lib/python3.10/site-packages/airflow/example_dags/example_python_operator.py
[2024-02-14T23:29:21.257+0000] {processor.py:840} INFO - DAG(s) 'example_python_operator' retrieved from /home/ubuntu/reddit_venv/lib/python3.10/site-packages/airflow/example_dags/example_python_operator.py
[2024-02-14T23:29:21.274+0000] {logging_mixin.py:188} INFO - [2024-02-14T23:29:21.274+0000] {dag.py:3036} INFO - Sync 1 DAGs
[2024-02-14T23:29:21.286+0000] {logging_mixin.py:188} INFO - [2024-02-14T23:29:21.286+0000] {dag.py:3823} INFO - Setting next_dagrun for example_python_operator to None, run_after=None
[2024-02-14T23:29:21.307+0000] {processor.py:183} INFO - Processing /home/ubuntu/reddit_venv/lib/python3.10/site-packages/airflow/example_dags/example_python_operator.py took 0.067 seconds
[2024-02-14T23:30:15.191+0000] {processor.py:161} INFO - Started process (PID=7280) to work on /home/ubuntu/reddit_venv/lib/python3.10/site-packages/airflow/example_dags/example_python_operator.py
[2024-02-14T23:30:15.193+0000] {processor.py:830} INFO - Processing file /home/ubuntu/reddit_venv/lib/python3.10/site-packages/airflow/example_dags/example_python_operator.py for tasks to queue
[2024-02-14T23:30:15.194+0000] {logging_mixin.py:188} INFO - [2024-02-14T23:30:15.193+0000] {dagbag.py:538} INFO - Filling up the DagBag from /home/ubuntu/reddit_venv/lib/python3.10/site-packages/airflow/example_dags/example_python_operator.py
[2024-02-14T23:30:15.205+0000] {processor.py:840} INFO - DAG(s) 'example_python_operator' retrieved from /home/ubuntu/reddit_venv/lib/python3.10/site-packages/airflow/example_dags/example_python_operator.py
[2024-02-14T23:30:15.224+0000] {logging_mixin.py:188} INFO - [2024-02-14T23:30:15.224+0000] {dag.py:3036} INFO - Sync 1 DAGs
[2024-02-14T23:30:15.236+0000] {logging_mixin.py:188} INFO - [2024-02-14T23:30:15.236+0000] {dag.py:3823} INFO - Setting next_dagrun for example_python_operator to None, run_after=None
[2024-02-14T23:30:15.257+0000] {processor.py:183} INFO - Processing /home/ubuntu/reddit_venv/lib/python3.10/site-packages/airflow/example_dags/example_python_operator.py took 0.070 seconds
[2024-02-14T23:31:11.802+0000] {processor.py:161} INFO - Started process (PID=7405) to work on /home/ubuntu/reddit_venv/lib/python3.10/site-packages/airflow/example_dags/example_python_operator.py
[2024-02-14T23:31:11.804+0000] {processor.py:830} INFO - Processing file /home/ubuntu/reddit_venv/lib/python3.10/site-packages/airflow/example_dags/example_python_operator.py for tasks to queue
[2024-02-14T23:31:11.805+0000] {logging_mixin.py:188} INFO - [2024-02-14T23:31:11.804+0000] {dagbag.py:538} INFO - Filling up the DagBag from /home/ubuntu/reddit_venv/lib/python3.10/site-packages/airflow/example_dags/example_python_operator.py
[2024-02-14T23:31:11.816+0000] {processor.py:840} INFO - DAG(s) 'example_python_operator' retrieved from /home/ubuntu/reddit_venv/lib/python3.10/site-packages/airflow/example_dags/example_python_operator.py
[2024-02-14T23:31:11.834+0000] {logging_mixin.py:188} INFO - [2024-02-14T23:31:11.834+0000] {dag.py:3036} INFO - Sync 1 DAGs
[2024-02-14T23:31:11.846+0000] {logging_mixin.py:188} INFO - [2024-02-14T23:31:11.845+0000] {dag.py:3823} INFO - Setting next_dagrun for example_python_operator to None, run_after=None
[2024-02-14T23:31:11.868+0000] {processor.py:183} INFO - Processing /home/ubuntu/reddit_venv/lib/python3.10/site-packages/airflow/example_dags/example_python_operator.py took 0.069 seconds
[2024-02-14T23:32:10.024+0000] {processor.py:161} INFO - Started process (PID=7532) to work on /home/ubuntu/reddit_venv/lib/python3.10/site-packages/airflow/example_dags/example_python_operator.py
[2024-02-14T23:32:10.025+0000] {processor.py:830} INFO - Processing file /home/ubuntu/reddit_venv/lib/python3.10/site-packages/airflow/example_dags/example_python_operator.py for tasks to queue
[2024-02-14T23:32:10.026+0000] {logging_mixin.py:188} INFO - [2024-02-14T23:32:10.025+0000] {dagbag.py:538} INFO - Filling up the DagBag from /home/ubuntu/reddit_venv/lib/python3.10/site-packages/airflow/example_dags/example_python_operator.py
[2024-02-14T23:32:10.037+0000] {processor.py:840} INFO - DAG(s) 'example_python_operator' retrieved from /home/ubuntu/reddit_venv/lib/python3.10/site-packages/airflow/example_dags/example_python_operator.py
[2024-02-14T23:32:10.055+0000] {logging_mixin.py:188} INFO - [2024-02-14T23:32:10.054+0000] {dag.py:3036} INFO - Sync 1 DAGs
[2024-02-14T23:32:10.066+0000] {logging_mixin.py:188} INFO - [2024-02-14T23:32:10.066+0000] {dag.py:3823} INFO - Setting next_dagrun for example_python_operator to None, run_after=None
[2024-02-14T23:32:10.089+0000] {processor.py:183} INFO - Processing /home/ubuntu/reddit_venv/lib/python3.10/site-packages/airflow/example_dags/example_python_operator.py took 0.069 seconds
[2024-02-14T23:33:09.489+0000] {processor.py:161} INFO - Started process (PID=7720) to work on /home/ubuntu/reddit_venv/lib/python3.10/site-packages/airflow/example_dags/example_python_operator.py
[2024-02-14T23:33:09.491+0000] {processor.py:830} INFO - Processing file /home/ubuntu/reddit_venv/lib/python3.10/site-packages/airflow/example_dags/example_python_operator.py for tasks to queue
[2024-02-14T23:33:09.492+0000] {logging_mixin.py:188} INFO - [2024-02-14T23:33:09.492+0000] {dagbag.py:538} INFO - Filling up the DagBag from /home/ubuntu/reddit_venv/lib/python3.10/site-packages/airflow/example_dags/example_python_operator.py
[2024-02-14T23:33:09.504+0000] {processor.py:840} INFO - DAG(s) 'example_python_operator' retrieved from /home/ubuntu/reddit_venv/lib/python3.10/site-packages/airflow/example_dags/example_python_operator.py
[2024-02-14T23:33:09.522+0000] {logging_mixin.py:188} INFO - [2024-02-14T23:33:09.522+0000] {dag.py:3036} INFO - Sync 1 DAGs
[2024-02-14T23:33:09.533+0000] {logging_mixin.py:188} INFO - [2024-02-14T23:33:09.533+0000] {dag.py:3823} INFO - Setting next_dagrun for example_python_operator to None, run_after=None
[2024-02-14T23:33:09.555+0000] {processor.py:183} INFO - Processing /home/ubuntu/reddit_venv/lib/python3.10/site-packages/airflow/example_dags/example_python_operator.py took 0.069 seconds
[2024-02-14T23:34:02.949+0000] {processor.py:161} INFO - Started process (PID=7843) to work on /home/ubuntu/reddit_venv/lib/python3.10/site-packages/airflow/example_dags/example_python_operator.py
[2024-02-14T23:34:02.950+0000] {processor.py:830} INFO - Processing file /home/ubuntu/reddit_venv/lib/python3.10/site-packages/airflow/example_dags/example_python_operator.py for tasks to queue
[2024-02-14T23:34:02.951+0000] {logging_mixin.py:188} INFO - [2024-02-14T23:34:02.951+0000] {dagbag.py:538} INFO - Filling up the DagBag from /home/ubuntu/reddit_venv/lib/python3.10/site-packages/airflow/example_dags/example_python_operator.py
[2024-02-14T23:34:02.963+0000] {processor.py:840} INFO - DAG(s) 'example_python_operator' retrieved from /home/ubuntu/reddit_venv/lib/python3.10/site-packages/airflow/example_dags/example_python_operator.py
[2024-02-14T23:34:02.981+0000] {logging_mixin.py:188} INFO - [2024-02-14T23:34:02.981+0000] {dag.py:3036} INFO - Sync 1 DAGs
[2024-02-14T23:34:02.993+0000] {logging_mixin.py:188} INFO - [2024-02-14T23:34:02.993+0000] {dag.py:3823} INFO - Setting next_dagrun for example_python_operator to None, run_after=None
[2024-02-14T23:34:03.015+0000] {processor.py:183} INFO - Processing /home/ubuntu/reddit_venv/lib/python3.10/site-packages/airflow/example_dags/example_python_operator.py took 0.070 seconds
[2024-02-14T23:34:59.563+0000] {processor.py:161} INFO - Started process (PID=7970) to work on /home/ubuntu/reddit_venv/lib/python3.10/site-packages/airflow/example_dags/example_python_operator.py
[2024-02-14T23:34:59.564+0000] {processor.py:830} INFO - Processing file /home/ubuntu/reddit_venv/lib/python3.10/site-packages/airflow/example_dags/example_python_operator.py for tasks to queue
[2024-02-14T23:34:59.565+0000] {logging_mixin.py:188} INFO - [2024-02-14T23:34:59.565+0000] {dagbag.py:538} INFO - Filling up the DagBag from /home/ubuntu/reddit_venv/lib/python3.10/site-packages/airflow/example_dags/example_python_operator.py
[2024-02-14T23:34:59.577+0000] {processor.py:840} INFO - DAG(s) 'example_python_operator' retrieved from /home/ubuntu/reddit_venv/lib/python3.10/site-packages/airflow/example_dags/example_python_operator.py
[2024-02-14T23:34:59.596+0000] {logging_mixin.py:188} INFO - [2024-02-14T23:34:59.595+0000] {dag.py:3036} INFO - Sync 1 DAGs
[2024-02-14T23:34:59.608+0000] {logging_mixin.py:188} INFO - [2024-02-14T23:34:59.607+0000] {dag.py:3823} INFO - Setting next_dagrun for example_python_operator to None, run_after=None
[2024-02-14T23:34:59.630+0000] {processor.py:183} INFO - Processing /home/ubuntu/reddit_venv/lib/python3.10/site-packages/airflow/example_dags/example_python_operator.py took 0.071 seconds
[2024-02-14T23:35:57.155+0000] {processor.py:161} INFO - Started process (PID=8098) to work on /home/ubuntu/reddit_venv/lib/python3.10/site-packages/airflow/example_dags/example_python_operator.py
[2024-02-14T23:35:57.156+0000] {processor.py:830} INFO - Processing file /home/ubuntu/reddit_venv/lib/python3.10/site-packages/airflow/example_dags/example_python_operator.py for tasks to queue
[2024-02-14T23:35:57.157+0000] {logging_mixin.py:188} INFO - [2024-02-14T23:35:57.157+0000] {dagbag.py:538} INFO - Filling up the DagBag from /home/ubuntu/reddit_venv/lib/python3.10/site-packages/airflow/example_dags/example_python_operator.py
[2024-02-14T23:35:57.169+0000] {processor.py:840} INFO - DAG(s) 'example_python_operator' retrieved from /home/ubuntu/reddit_venv/lib/python3.10/site-packages/airflow/example_dags/example_python_operator.py
[2024-02-14T23:35:57.188+0000] {logging_mixin.py:188} INFO - [2024-02-14T23:35:57.187+0000] {dag.py:3036} INFO - Sync 1 DAGs
[2024-02-14T23:35:57.199+0000] {logging_mixin.py:188} INFO - [2024-02-14T23:35:57.199+0000] {dag.py:3823} INFO - Setting next_dagrun for example_python_operator to None, run_after=None
[2024-02-14T23:35:57.222+0000] {processor.py:183} INFO - Processing /home/ubuntu/reddit_venv/lib/python3.10/site-packages/airflow/example_dags/example_python_operator.py took 0.071 seconds
[2024-02-14T23:36:55.940+0000] {processor.py:161} INFO - Started process (PID=8224) to work on /home/ubuntu/reddit_venv/lib/python3.10/site-packages/airflow/example_dags/example_python_operator.py
[2024-02-14T23:36:55.941+0000] {processor.py:830} INFO - Processing file /home/ubuntu/reddit_venv/lib/python3.10/site-packages/airflow/example_dags/example_python_operator.py for tasks to queue
[2024-02-14T23:36:55.942+0000] {logging_mixin.py:188} INFO - [2024-02-14T23:36:55.942+0000] {dagbag.py:538} INFO - Filling up the DagBag from /home/ubuntu/reddit_venv/lib/python3.10/site-packages/airflow/example_dags/example_python_operator.py
[2024-02-14T23:36:55.954+0000] {processor.py:840} INFO - DAG(s) 'example_python_operator' retrieved from /home/ubuntu/reddit_venv/lib/python3.10/site-packages/airflow/example_dags/example_python_operator.py
[2024-02-14T23:36:55.972+0000] {logging_mixin.py:188} INFO - [2024-02-14T23:36:55.972+0000] {dag.py:3036} INFO - Sync 1 DAGs
[2024-02-14T23:36:55.983+0000] {logging_mixin.py:188} INFO - [2024-02-14T23:36:55.983+0000] {dag.py:3823} INFO - Setting next_dagrun for example_python_operator to None, run_after=None
[2024-02-14T23:36:56.005+0000] {processor.py:183} INFO - Processing /home/ubuntu/reddit_venv/lib/python3.10/site-packages/airflow/example_dags/example_python_operator.py took 0.069 seconds
[2024-02-14T23:37:53.799+0000] {processor.py:161} INFO - Started process (PID=8496) to work on /home/ubuntu/reddit_venv/lib/python3.10/site-packages/airflow/example_dags/example_python_operator.py
[2024-02-14T23:37:53.801+0000] {processor.py:830} INFO - Processing file /home/ubuntu/reddit_venv/lib/python3.10/site-packages/airflow/example_dags/example_python_operator.py for tasks to queue
[2024-02-14T23:37:53.802+0000] {logging_mixin.py:188} INFO - [2024-02-14T23:37:53.801+0000] {dagbag.py:538} INFO - Filling up the DagBag from /home/ubuntu/reddit_venv/lib/python3.10/site-packages/airflow/example_dags/example_python_operator.py
[2024-02-14T23:37:53.813+0000] {processor.py:840} INFO - DAG(s) 'example_python_operator' retrieved from /home/ubuntu/reddit_venv/lib/python3.10/site-packages/airflow/example_dags/example_python_operator.py
[2024-02-14T23:37:53.831+0000] {logging_mixin.py:188} INFO - [2024-02-14T23:37:53.831+0000] {dag.py:3036} INFO - Sync 1 DAGs
[2024-02-14T23:37:53.843+0000] {logging_mixin.py:188} INFO - [2024-02-14T23:37:53.843+0000] {dag.py:3823} INFO - Setting next_dagrun for example_python_operator to None, run_after=None
[2024-02-14T23:37:53.871+0000] {processor.py:183} INFO - Processing /home/ubuntu/reddit_venv/lib/python3.10/site-packages/airflow/example_dags/example_python_operator.py took 0.075 seconds
[2024-02-14T23:38:56.612+0000] {processor.py:161} INFO - Started process (PID=8872) to work on /home/ubuntu/reddit_venv/lib/python3.10/site-packages/airflow/example_dags/example_python_operator.py
[2024-02-14T23:38:56.614+0000] {processor.py:830} INFO - Processing file /home/ubuntu/reddit_venv/lib/python3.10/site-packages/airflow/example_dags/example_python_operator.py for tasks to queue
[2024-02-14T23:38:56.615+0000] {logging_mixin.py:188} INFO - [2024-02-14T23:38:56.615+0000] {dagbag.py:538} INFO - Filling up the DagBag from /home/ubuntu/reddit_venv/lib/python3.10/site-packages/airflow/example_dags/example_python_operator.py
[2024-02-14T23:38:56.627+0000] {processor.py:840} INFO - DAG(s) 'example_python_operator' retrieved from /home/ubuntu/reddit_venv/lib/python3.10/site-packages/airflow/example_dags/example_python_operator.py
[2024-02-14T23:38:56.646+0000] {logging_mixin.py:188} INFO - [2024-02-14T23:38:56.646+0000] {dag.py:3036} INFO - Sync 1 DAGs
[2024-02-14T23:38:56.658+0000] {logging_mixin.py:188} INFO - [2024-02-14T23:38:56.658+0000] {dag.py:3823} INFO - Setting next_dagrun for example_python_operator to None, run_after=None
[2024-02-14T23:38:56.680+0000] {processor.py:183} INFO - Processing /home/ubuntu/reddit_venv/lib/python3.10/site-packages/airflow/example_dags/example_python_operator.py took 0.071 seconds
[2024-02-14T23:39:49.735+0000] {processor.py:161} INFO - Started process (PID=9275) to work on /home/ubuntu/reddit_venv/lib/python3.10/site-packages/airflow/example_dags/example_python_operator.py
[2024-02-14T23:39:49.736+0000] {processor.py:830} INFO - Processing file /home/ubuntu/reddit_venv/lib/python3.10/site-packages/airflow/example_dags/example_python_operator.py for tasks to queue
[2024-02-14T23:39:49.737+0000] {logging_mixin.py:188} INFO - [2024-02-14T23:39:49.737+0000] {dagbag.py:538} INFO - Filling up the DagBag from /home/ubuntu/reddit_venv/lib/python3.10/site-packages/airflow/example_dags/example_python_operator.py
[2024-02-14T23:39:49.749+0000] {processor.py:840} INFO - DAG(s) 'example_python_operator' retrieved from /home/ubuntu/reddit_venv/lib/python3.10/site-packages/airflow/example_dags/example_python_operator.py
[2024-02-14T23:39:49.767+0000] {logging_mixin.py:188} INFO - [2024-02-14T23:39:49.767+0000] {dag.py:3036} INFO - Sync 1 DAGs
[2024-02-14T23:39:49.779+0000] {logging_mixin.py:188} INFO - [2024-02-14T23:39:49.779+0000] {dag.py:3823} INFO - Setting next_dagrun for example_python_operator to None, run_after=None
[2024-02-14T23:39:49.802+0000] {processor.py:183} INFO - Processing /home/ubuntu/reddit_venv/lib/python3.10/site-packages/airflow/example_dags/example_python_operator.py took 0.071 seconds
[2024-02-14T23:40:45.774+0000] {processor.py:161} INFO - Started process (PID=9400) to work on /home/ubuntu/reddit_venv/lib/python3.10/site-packages/airflow/example_dags/example_python_operator.py
[2024-02-14T23:40:45.776+0000] {processor.py:830} INFO - Processing file /home/ubuntu/reddit_venv/lib/python3.10/site-packages/airflow/example_dags/example_python_operator.py for tasks to queue
[2024-02-14T23:40:45.777+0000] {logging_mixin.py:188} INFO - [2024-02-14T23:40:45.776+0000] {dagbag.py:538} INFO - Filling up the DagBag from /home/ubuntu/reddit_venv/lib/python3.10/site-packages/airflow/example_dags/example_python_operator.py
[2024-02-14T23:40:45.789+0000] {processor.py:840} INFO - DAG(s) 'example_python_operator' retrieved from /home/ubuntu/reddit_venv/lib/python3.10/site-packages/airflow/example_dags/example_python_operator.py
[2024-02-14T23:40:45.807+0000] {logging_mixin.py:188} INFO - [2024-02-14T23:40:45.806+0000] {dag.py:3036} INFO - Sync 1 DAGs
[2024-02-14T23:40:45.818+0000] {logging_mixin.py:188} INFO - [2024-02-14T23:40:45.818+0000] {dag.py:3823} INFO - Setting next_dagrun for example_python_operator to None, run_after=None
[2024-02-14T23:40:45.841+0000] {processor.py:183} INFO - Processing /home/ubuntu/reddit_venv/lib/python3.10/site-packages/airflow/example_dags/example_python_operator.py took 0.070 seconds
[2024-02-14T23:41:43.153+0000] {processor.py:161} INFO - Started process (PID=9526) to work on /home/ubuntu/reddit_venv/lib/python3.10/site-packages/airflow/example_dags/example_python_operator.py
[2024-02-14T23:41:43.155+0000] {processor.py:830} INFO - Processing file /home/ubuntu/reddit_venv/lib/python3.10/site-packages/airflow/example_dags/example_python_operator.py for tasks to queue
[2024-02-14T23:41:43.156+0000] {logging_mixin.py:188} INFO - [2024-02-14T23:41:43.156+0000] {dagbag.py:538} INFO - Filling up the DagBag from /home/ubuntu/reddit_venv/lib/python3.10/site-packages/airflow/example_dags/example_python_operator.py
[2024-02-14T23:41:43.168+0000] {processor.py:840} INFO - DAG(s) 'example_python_operator' retrieved from /home/ubuntu/reddit_venv/lib/python3.10/site-packages/airflow/example_dags/example_python_operator.py
[2024-02-14T23:41:43.186+0000] {logging_mixin.py:188} INFO - [2024-02-14T23:41:43.186+0000] {dag.py:3036} INFO - Sync 1 DAGs
[2024-02-14T23:41:43.198+0000] {logging_mixin.py:188} INFO - [2024-02-14T23:41:43.198+0000] {dag.py:3823} INFO - Setting next_dagrun for example_python_operator to None, run_after=None
[2024-02-14T23:41:43.221+0000] {processor.py:183} INFO - Processing /home/ubuntu/reddit_venv/lib/python3.10/site-packages/airflow/example_dags/example_python_operator.py took 0.071 seconds
[2024-02-14T23:42:38.897+0000] {processor.py:161} INFO - Started process (PID=9649) to work on /home/ubuntu/reddit_venv/lib/python3.10/site-packages/airflow/example_dags/example_python_operator.py
[2024-02-14T23:42:38.899+0000] {processor.py:830} INFO - Processing file /home/ubuntu/reddit_venv/lib/python3.10/site-packages/airflow/example_dags/example_python_operator.py for tasks to queue
[2024-02-14T23:42:38.900+0000] {logging_mixin.py:188} INFO - [2024-02-14T23:42:38.899+0000] {dagbag.py:538} INFO - Filling up the DagBag from /home/ubuntu/reddit_venv/lib/python3.10/site-packages/airflow/example_dags/example_python_operator.py
[2024-02-14T23:42:38.911+0000] {processor.py:840} INFO - DAG(s) 'example_python_operator' retrieved from /home/ubuntu/reddit_venv/lib/python3.10/site-packages/airflow/example_dags/example_python_operator.py
[2024-02-14T23:42:38.930+0000] {logging_mixin.py:188} INFO - [2024-02-14T23:42:38.930+0000] {dag.py:3036} INFO - Sync 1 DAGs
[2024-02-14T23:42:38.942+0000] {logging_mixin.py:188} INFO - [2024-02-14T23:42:38.942+0000] {dag.py:3823} INFO - Setting next_dagrun for example_python_operator to None, run_after=None
[2024-02-14T23:42:38.964+0000] {processor.py:183} INFO - Processing /home/ubuntu/reddit_venv/lib/python3.10/site-packages/airflow/example_dags/example_python_operator.py took 0.071 seconds
[2024-02-14T23:43:37.506+0000] {processor.py:161} INFO - Started process (PID=9779) to work on /home/ubuntu/reddit_venv/lib/python3.10/site-packages/airflow/example_dags/example_python_operator.py
[2024-02-14T23:43:37.509+0000] {processor.py:830} INFO - Processing file /home/ubuntu/reddit_venv/lib/python3.10/site-packages/airflow/example_dags/example_python_operator.py for tasks to queue
[2024-02-14T23:43:37.510+0000] {logging_mixin.py:188} INFO - [2024-02-14T23:43:37.509+0000] {dagbag.py:538} INFO - Filling up the DagBag from /home/ubuntu/reddit_venv/lib/python3.10/site-packages/airflow/example_dags/example_python_operator.py
[2024-02-14T23:43:37.521+0000] {processor.py:840} INFO - DAG(s) 'example_python_operator' retrieved from /home/ubuntu/reddit_venv/lib/python3.10/site-packages/airflow/example_dags/example_python_operator.py
[2024-02-14T23:43:37.539+0000] {logging_mixin.py:188} INFO - [2024-02-14T23:43:37.539+0000] {dag.py:3036} INFO - Sync 1 DAGs
[2024-02-14T23:43:37.550+0000] {logging_mixin.py:188} INFO - [2024-02-14T23:43:37.550+0000] {dag.py:3823} INFO - Setting next_dagrun for example_python_operator to None, run_after=None
[2024-02-14T23:43:37.572+0000] {processor.py:183} INFO - Processing /home/ubuntu/reddit_venv/lib/python3.10/site-packages/airflow/example_dags/example_python_operator.py took 0.069 seconds
[2024-02-14T23:44:48.115+0000] {processor.py:161} INFO - Started process (PID=10168) to work on /home/ubuntu/reddit_venv/lib/python3.10/site-packages/airflow/example_dags/example_python_operator.py
[2024-02-14T23:44:48.116+0000] {processor.py:830} INFO - Processing file /home/ubuntu/reddit_venv/lib/python3.10/site-packages/airflow/example_dags/example_python_operator.py for tasks to queue
[2024-02-14T23:44:48.117+0000] {logging_mixin.py:188} INFO - [2024-02-14T23:44:48.117+0000] {dagbag.py:538} INFO - Filling up the DagBag from /home/ubuntu/reddit_venv/lib/python3.10/site-packages/airflow/example_dags/example_python_operator.py
[2024-02-14T23:44:48.129+0000] {processor.py:840} INFO - DAG(s) 'example_python_operator' retrieved from /home/ubuntu/reddit_venv/lib/python3.10/site-packages/airflow/example_dags/example_python_operator.py
[2024-02-14T23:44:48.147+0000] {logging_mixin.py:188} INFO - [2024-02-14T23:44:48.146+0000] {dag.py:3036} INFO - Sync 1 DAGs
[2024-02-14T23:44:48.158+0000] {logging_mixin.py:188} INFO - [2024-02-14T23:44:48.158+0000] {dag.py:3823} INFO - Setting next_dagrun for example_python_operator to None, run_after=None
[2024-02-14T23:44:48.179+0000] {processor.py:183} INFO - Processing /home/ubuntu/reddit_venv/lib/python3.10/site-packages/airflow/example_dags/example_python_operator.py took 0.068 seconds
[2024-02-14T23:45:34.430+0000] {processor.py:161} INFO - Started process (PID=10341) to work on /home/ubuntu/reddit_venv/lib/python3.10/site-packages/airflow/example_dags/example_python_operator.py
[2024-02-14T23:45:34.432+0000] {processor.py:830} INFO - Processing file /home/ubuntu/reddit_venv/lib/python3.10/site-packages/airflow/example_dags/example_python_operator.py for tasks to queue
[2024-02-14T23:45:34.433+0000] {logging_mixin.py:188} INFO - [2024-02-14T23:45:34.432+0000] {dagbag.py:538} INFO - Filling up the DagBag from /home/ubuntu/reddit_venv/lib/python3.10/site-packages/airflow/example_dags/example_python_operator.py
[2024-02-14T23:45:34.444+0000] {processor.py:840} INFO - DAG(s) 'example_python_operator' retrieved from /home/ubuntu/reddit_venv/lib/python3.10/site-packages/airflow/example_dags/example_python_operator.py
[2024-02-14T23:45:34.462+0000] {logging_mixin.py:188} INFO - [2024-02-14T23:45:34.462+0000] {dag.py:3036} INFO - Sync 1 DAGs
[2024-02-14T23:45:34.474+0000] {logging_mixin.py:188} INFO - [2024-02-14T23:45:34.473+0000] {dag.py:3823} INFO - Setting next_dagrun for example_python_operator to None, run_after=None
[2024-02-14T23:45:34.498+0000] {processor.py:183} INFO - Processing /home/ubuntu/reddit_venv/lib/python3.10/site-packages/airflow/example_dags/example_python_operator.py took 0.071 seconds
[2024-02-14T23:46:27.028+0000] {processor.py:161} INFO - Started process (PID=10426) to work on /home/ubuntu/reddit_venv/lib/python3.10/site-packages/airflow/example_dags/example_python_operator.py
[2024-02-14T23:46:27.030+0000] {processor.py:830} INFO - Processing file /home/ubuntu/reddit_venv/lib/python3.10/site-packages/airflow/example_dags/example_python_operator.py for tasks to queue
[2024-02-14T23:46:27.031+0000] {logging_mixin.py:188} INFO - [2024-02-14T23:46:27.030+0000] {dagbag.py:538} INFO - Filling up the DagBag from /home/ubuntu/reddit_venv/lib/python3.10/site-packages/airflow/example_dags/example_python_operator.py
[2024-02-14T23:46:27.043+0000] {processor.py:840} INFO - DAG(s) 'example_python_operator' retrieved from /home/ubuntu/reddit_venv/lib/python3.10/site-packages/airflow/example_dags/example_python_operator.py
[2024-02-14T23:46:27.061+0000] {logging_mixin.py:188} INFO - [2024-02-14T23:46:27.061+0000] {dag.py:3036} INFO - Sync 1 DAGs
[2024-02-14T23:46:27.073+0000] {logging_mixin.py:188} INFO - [2024-02-14T23:46:27.073+0000] {dag.py:3823} INFO - Setting next_dagrun for example_python_operator to None, run_after=None
[2024-02-14T23:46:27.097+0000] {processor.py:183} INFO - Processing /home/ubuntu/reddit_venv/lib/python3.10/site-packages/airflow/example_dags/example_python_operator.py took 0.073 seconds
[2024-02-14T23:47:21.830+0000] {processor.py:161} INFO - Started process (PID=10528) to work on /home/ubuntu/reddit_venv/lib/python3.10/site-packages/airflow/example_dags/example_python_operator.py
[2024-02-14T23:47:21.832+0000] {processor.py:830} INFO - Processing file /home/ubuntu/reddit_venv/lib/python3.10/site-packages/airflow/example_dags/example_python_operator.py for tasks to queue
[2024-02-14T23:47:21.833+0000] {logging_mixin.py:188} INFO - [2024-02-14T23:47:21.832+0000] {dagbag.py:538} INFO - Filling up the DagBag from /home/ubuntu/reddit_venv/lib/python3.10/site-packages/airflow/example_dags/example_python_operator.py
[2024-02-14T23:47:21.844+0000] {processor.py:840} INFO - DAG(s) 'example_python_operator' retrieved from /home/ubuntu/reddit_venv/lib/python3.10/site-packages/airflow/example_dags/example_python_operator.py
[2024-02-14T23:47:21.862+0000] {logging_mixin.py:188} INFO - [2024-02-14T23:47:21.862+0000] {dag.py:3036} INFO - Sync 1 DAGs
[2024-02-14T23:47:21.874+0000] {logging_mixin.py:188} INFO - [2024-02-14T23:47:21.874+0000] {dag.py:3823} INFO - Setting next_dagrun for example_python_operator to None, run_after=None
[2024-02-14T23:47:21.898+0000] {processor.py:183} INFO - Processing /home/ubuntu/reddit_venv/lib/python3.10/site-packages/airflow/example_dags/example_python_operator.py took 0.071 seconds
[2024-02-14T23:48:22.708+0000] {processor.py:161} INFO - Started process (PID=10654) to work on /home/ubuntu/reddit_venv/lib/python3.10/site-packages/airflow/example_dags/example_python_operator.py
[2024-02-14T23:48:22.712+0000] {processor.py:830} INFO - Processing file /home/ubuntu/reddit_venv/lib/python3.10/site-packages/airflow/example_dags/example_python_operator.py for tasks to queue
[2024-02-14T23:48:22.713+0000] {logging_mixin.py:188} INFO - [2024-02-14T23:48:22.712+0000] {dagbag.py:538} INFO - Filling up the DagBag from /home/ubuntu/reddit_venv/lib/python3.10/site-packages/airflow/example_dags/example_python_operator.py
[2024-02-14T23:48:22.724+0000] {processor.py:840} INFO - DAG(s) 'example_python_operator' retrieved from /home/ubuntu/reddit_venv/lib/python3.10/site-packages/airflow/example_dags/example_python_operator.py
[2024-02-14T23:48:22.742+0000] {logging_mixin.py:188} INFO - [2024-02-14T23:48:22.742+0000] {dag.py:3036} INFO - Sync 1 DAGs
[2024-02-14T23:48:22.754+0000] {logging_mixin.py:188} INFO - [2024-02-14T23:48:22.754+0000] {dag.py:3823} INFO - Setting next_dagrun for example_python_operator to None, run_after=None
[2024-02-14T23:48:22.776+0000] {processor.py:183} INFO - Processing /home/ubuntu/reddit_venv/lib/python3.10/site-packages/airflow/example_dags/example_python_operator.py took 0.071 seconds
[2024-02-14T23:49:16.714+0000] {processor.py:161} INFO - Started process (PID=10779) to work on /home/ubuntu/reddit_venv/lib/python3.10/site-packages/airflow/example_dags/example_python_operator.py
[2024-02-14T23:49:16.717+0000] {processor.py:830} INFO - Processing file /home/ubuntu/reddit_venv/lib/python3.10/site-packages/airflow/example_dags/example_python_operator.py for tasks to queue
[2024-02-14T23:49:16.718+0000] {logging_mixin.py:188} INFO - [2024-02-14T23:49:16.717+0000] {dagbag.py:538} INFO - Filling up the DagBag from /home/ubuntu/reddit_venv/lib/python3.10/site-packages/airflow/example_dags/example_python_operator.py
[2024-02-14T23:49:16.729+0000] {processor.py:840} INFO - DAG(s) 'example_python_operator' retrieved from /home/ubuntu/reddit_venv/lib/python3.10/site-packages/airflow/example_dags/example_python_operator.py
[2024-02-14T23:49:16.748+0000] {logging_mixin.py:188} INFO - [2024-02-14T23:49:16.748+0000] {dag.py:3036} INFO - Sync 1 DAGs
[2024-02-14T23:49:16.759+0000] {logging_mixin.py:188} INFO - [2024-02-14T23:49:16.759+0000] {dag.py:3823} INFO - Setting next_dagrun for example_python_operator to None, run_after=None
[2024-02-14T23:49:16.787+0000] {processor.py:183} INFO - Processing /home/ubuntu/reddit_venv/lib/python3.10/site-packages/airflow/example_dags/example_python_operator.py took 0.076 seconds
[2024-02-14T23:50:11.799+0000] {processor.py:161} INFO - Started process (PID=10962) to work on /home/ubuntu/reddit_venv/lib/python3.10/site-packages/airflow/example_dags/example_python_operator.py
[2024-02-14T23:50:11.801+0000] {processor.py:830} INFO - Processing file /home/ubuntu/reddit_venv/lib/python3.10/site-packages/airflow/example_dags/example_python_operator.py for tasks to queue
[2024-02-14T23:50:11.802+0000] {logging_mixin.py:188} INFO - [2024-02-14T23:50:11.802+0000] {dagbag.py:538} INFO - Filling up the DagBag from /home/ubuntu/reddit_venv/lib/python3.10/site-packages/airflow/example_dags/example_python_operator.py
[2024-02-14T23:50:11.814+0000] {processor.py:840} INFO - DAG(s) 'example_python_operator' retrieved from /home/ubuntu/reddit_venv/lib/python3.10/site-packages/airflow/example_dags/example_python_operator.py
[2024-02-14T23:50:11.831+0000] {logging_mixin.py:188} INFO - [2024-02-14T23:50:11.831+0000] {dag.py:3036} INFO - Sync 1 DAGs
[2024-02-14T23:50:11.842+0000] {logging_mixin.py:188} INFO - [2024-02-14T23:50:11.842+0000] {dag.py:3823} INFO - Setting next_dagrun for example_python_operator to None, run_after=None
[2024-02-14T23:50:11.873+0000] {processor.py:183} INFO - Processing /home/ubuntu/reddit_venv/lib/python3.10/site-packages/airflow/example_dags/example_python_operator.py took 0.077 seconds
[2024-02-14T23:51:08.117+0000] {processor.py:161} INFO - Started process (PID=11088) to work on /home/ubuntu/reddit_venv/lib/python3.10/site-packages/airflow/example_dags/example_python_operator.py
[2024-02-14T23:51:08.119+0000] {processor.py:830} INFO - Processing file /home/ubuntu/reddit_venv/lib/python3.10/site-packages/airflow/example_dags/example_python_operator.py for tasks to queue
[2024-02-14T23:51:08.120+0000] {logging_mixin.py:188} INFO - [2024-02-14T23:51:08.119+0000] {dagbag.py:538} INFO - Filling up the DagBag from /home/ubuntu/reddit_venv/lib/python3.10/site-packages/airflow/example_dags/example_python_operator.py
[2024-02-14T23:51:08.131+0000] {processor.py:840} INFO - DAG(s) 'example_python_operator' retrieved from /home/ubuntu/reddit_venv/lib/python3.10/site-packages/airflow/example_dags/example_python_operator.py
[2024-02-14T23:51:08.150+0000] {logging_mixin.py:188} INFO - [2024-02-14T23:51:08.149+0000] {dag.py:3036} INFO - Sync 1 DAGs
[2024-02-14T23:51:08.161+0000] {logging_mixin.py:188} INFO - [2024-02-14T23:51:08.160+0000] {dag.py:3823} INFO - Setting next_dagrun for example_python_operator to None, run_after=None
[2024-02-14T23:51:08.185+0000] {processor.py:183} INFO - Processing /home/ubuntu/reddit_venv/lib/python3.10/site-packages/airflow/example_dags/example_python_operator.py took 0.071 seconds
[2024-02-14T23:52:07.924+0000] {processor.py:161} INFO - Started process (PID=11218) to work on /home/ubuntu/reddit_venv/lib/python3.10/site-packages/airflow/example_dags/example_python_operator.py
[2024-02-14T23:52:07.926+0000] {processor.py:830} INFO - Processing file /home/ubuntu/reddit_venv/lib/python3.10/site-packages/airflow/example_dags/example_python_operator.py for tasks to queue
[2024-02-14T23:52:07.927+0000] {logging_mixin.py:188} INFO - [2024-02-14T23:52:07.926+0000] {dagbag.py:538} INFO - Filling up the DagBag from /home/ubuntu/reddit_venv/lib/python3.10/site-packages/airflow/example_dags/example_python_operator.py
[2024-02-14T23:52:07.938+0000] {processor.py:840} INFO - DAG(s) 'example_python_operator' retrieved from /home/ubuntu/reddit_venv/lib/python3.10/site-packages/airflow/example_dags/example_python_operator.py
[2024-02-14T23:52:07.957+0000] {logging_mixin.py:188} INFO - [2024-02-14T23:52:07.957+0000] {dag.py:3036} INFO - Sync 1 DAGs
[2024-02-14T23:52:07.969+0000] {logging_mixin.py:188} INFO - [2024-02-14T23:52:07.969+0000] {dag.py:3823} INFO - Setting next_dagrun for example_python_operator to None, run_after=None
[2024-02-14T23:52:07.992+0000] {processor.py:183} INFO - Processing /home/ubuntu/reddit_venv/lib/python3.10/site-packages/airflow/example_dags/example_python_operator.py took 0.071 seconds
[2024-02-14T23:53:13.140+0000] {processor.py:161} INFO - Started process (PID=11348) to work on /home/ubuntu/reddit_venv/lib/python3.10/site-packages/airflow/example_dags/example_python_operator.py
[2024-02-14T23:53:13.142+0000] {processor.py:830} INFO - Processing file /home/ubuntu/reddit_venv/lib/python3.10/site-packages/airflow/example_dags/example_python_operator.py for tasks to queue
[2024-02-14T23:53:13.143+0000] {logging_mixin.py:188} INFO - [2024-02-14T23:53:13.143+0000] {dagbag.py:538} INFO - Filling up the DagBag from /home/ubuntu/reddit_venv/lib/python3.10/site-packages/airflow/example_dags/example_python_operator.py
[2024-02-14T23:53:13.155+0000] {processor.py:840} INFO - DAG(s) 'example_python_operator' retrieved from /home/ubuntu/reddit_venv/lib/python3.10/site-packages/airflow/example_dags/example_python_operator.py
[2024-02-14T23:53:13.173+0000] {logging_mixin.py:188} INFO - [2024-02-14T23:53:13.172+0000] {dag.py:3036} INFO - Sync 1 DAGs
[2024-02-14T23:53:13.185+0000] {logging_mixin.py:188} INFO - [2024-02-14T23:53:13.184+0000] {dag.py:3823} INFO - Setting next_dagrun for example_python_operator to None, run_after=None
[2024-02-14T23:53:13.206+0000] {processor.py:183} INFO - Processing /home/ubuntu/reddit_venv/lib/python3.10/site-packages/airflow/example_dags/example_python_operator.py took 0.069 seconds
[2024-02-14T23:54:15.079+0000] {processor.py:161} INFO - Started process (PID=11478) to work on /home/ubuntu/reddit_venv/lib/python3.10/site-packages/airflow/example_dags/example_python_operator.py
[2024-02-14T23:54:15.080+0000] {processor.py:830} INFO - Processing file /home/ubuntu/reddit_venv/lib/python3.10/site-packages/airflow/example_dags/example_python_operator.py for tasks to queue
[2024-02-14T23:54:15.081+0000] {logging_mixin.py:188} INFO - [2024-02-14T23:54:15.081+0000] {dagbag.py:538} INFO - Filling up the DagBag from /home/ubuntu/reddit_venv/lib/python3.10/site-packages/airflow/example_dags/example_python_operator.py
[2024-02-14T23:54:15.093+0000] {processor.py:840} INFO - DAG(s) 'example_python_operator' retrieved from /home/ubuntu/reddit_venv/lib/python3.10/site-packages/airflow/example_dags/example_python_operator.py
[2024-02-14T23:54:15.111+0000] {logging_mixin.py:188} INFO - [2024-02-14T23:54:15.111+0000] {dag.py:3036} INFO - Sync 1 DAGs
[2024-02-14T23:54:15.123+0000] {logging_mixin.py:188} INFO - [2024-02-14T23:54:15.123+0000] {dag.py:3823} INFO - Setting next_dagrun for example_python_operator to None, run_after=None
[2024-02-14T23:54:15.147+0000] {processor.py:183} INFO - Processing /home/ubuntu/reddit_venv/lib/python3.10/site-packages/airflow/example_dags/example_python_operator.py took 0.072 seconds
[2024-02-14T23:55:15.991+0000] {processor.py:161} INFO - Started process (PID=11669) to work on /home/ubuntu/reddit_venv/lib/python3.10/site-packages/airflow/example_dags/example_python_operator.py
[2024-02-14T23:55:15.996+0000] {processor.py:830} INFO - Processing file /home/ubuntu/reddit_venv/lib/python3.10/site-packages/airflow/example_dags/example_python_operator.py for tasks to queue
[2024-02-14T23:55:15.996+0000] {logging_mixin.py:188} INFO - [2024-02-14T23:55:15.996+0000] {dagbag.py:538} INFO - Filling up the DagBag from /home/ubuntu/reddit_venv/lib/python3.10/site-packages/airflow/example_dags/example_python_operator.py
[2024-02-14T23:55:16.008+0000] {processor.py:840} INFO - DAG(s) 'example_python_operator' retrieved from /home/ubuntu/reddit_venv/lib/python3.10/site-packages/airflow/example_dags/example_python_operator.py
[2024-02-14T23:55:16.027+0000] {logging_mixin.py:188} INFO - [2024-02-14T23:55:16.027+0000] {dag.py:3036} INFO - Sync 1 DAGs
[2024-02-14T23:55:16.039+0000] {logging_mixin.py:188} INFO - [2024-02-14T23:55:16.038+0000] {dag.py:3823} INFO - Setting next_dagrun for example_python_operator to None, run_after=None
[2024-02-14T23:55:16.062+0000] {processor.py:183} INFO - Processing /home/ubuntu/reddit_venv/lib/python3.10/site-packages/airflow/example_dags/example_python_operator.py took 0.074 seconds
[2024-02-14T23:56:14.141+0000] {processor.py:161} INFO - Started process (PID=11797) to work on /home/ubuntu/reddit_venv/lib/python3.10/site-packages/airflow/example_dags/example_python_operator.py
[2024-02-14T23:56:14.142+0000] {processor.py:830} INFO - Processing file /home/ubuntu/reddit_venv/lib/python3.10/site-packages/airflow/example_dags/example_python_operator.py for tasks to queue
[2024-02-14T23:56:14.143+0000] {logging_mixin.py:188} INFO - [2024-02-14T23:56:14.143+0000] {dagbag.py:538} INFO - Filling up the DagBag from /home/ubuntu/reddit_venv/lib/python3.10/site-packages/airflow/example_dags/example_python_operator.py
[2024-02-14T23:56:14.155+0000] {processor.py:840} INFO - DAG(s) 'example_python_operator' retrieved from /home/ubuntu/reddit_venv/lib/python3.10/site-packages/airflow/example_dags/example_python_operator.py
[2024-02-14T23:56:14.172+0000] {logging_mixin.py:188} INFO - [2024-02-14T23:56:14.172+0000] {dag.py:3036} INFO - Sync 1 DAGs
[2024-02-14T23:56:14.184+0000] {logging_mixin.py:188} INFO - [2024-02-14T23:56:14.184+0000] {dag.py:3823} INFO - Setting next_dagrun for example_python_operator to None, run_after=None
[2024-02-14T23:56:14.206+0000] {processor.py:183} INFO - Processing /home/ubuntu/reddit_venv/lib/python3.10/site-packages/airflow/example_dags/example_python_operator.py took 0.068 seconds
[2024-02-14T23:57:10.952+0000] {processor.py:161} INFO - Started process (PID=13363) to work on /home/ubuntu/reddit_venv/lib/python3.10/site-packages/airflow/example_dags/example_python_operator.py
[2024-02-14T23:57:10.955+0000] {processor.py:830} INFO - Processing file /home/ubuntu/reddit_venv/lib/python3.10/site-packages/airflow/example_dags/example_python_operator.py for tasks to queue
[2024-02-14T23:57:10.956+0000] {logging_mixin.py:188} INFO - [2024-02-14T23:57:10.956+0000] {dagbag.py:538} INFO - Filling up the DagBag from /home/ubuntu/reddit_venv/lib/python3.10/site-packages/airflow/example_dags/example_python_operator.py
[2024-02-14T23:57:10.968+0000] {processor.py:840} INFO - DAG(s) 'example_python_operator' retrieved from /home/ubuntu/reddit_venv/lib/python3.10/site-packages/airflow/example_dags/example_python_operator.py
[2024-02-14T23:57:10.986+0000] {logging_mixin.py:188} INFO - [2024-02-14T23:57:10.986+0000] {dag.py:3036} INFO - Sync 1 DAGs
[2024-02-14T23:57:10.998+0000] {logging_mixin.py:188} INFO - [2024-02-14T23:57:10.997+0000] {dag.py:3823} INFO - Setting next_dagrun for example_python_operator to None, run_after=None
[2024-02-14T23:57:11.027+0000] {processor.py:183} INFO - Processing /home/ubuntu/reddit_venv/lib/python3.10/site-packages/airflow/example_dags/example_python_operator.py took 0.078 seconds
[2024-02-14T23:58:11.416+0000] {processor.py:161} INFO - Started process (PID=21064) to work on /home/ubuntu/reddit_venv/lib/python3.10/site-packages/airflow/example_dags/example_python_operator.py
[2024-02-14T23:58:11.418+0000] {processor.py:830} INFO - Processing file /home/ubuntu/reddit_venv/lib/python3.10/site-packages/airflow/example_dags/example_python_operator.py for tasks to queue
[2024-02-14T23:58:11.419+0000] {logging_mixin.py:188} INFO - [2024-02-14T23:58:11.419+0000] {dagbag.py:538} INFO - Filling up the DagBag from /home/ubuntu/reddit_venv/lib/python3.10/site-packages/airflow/example_dags/example_python_operator.py
[2024-02-14T23:58:11.431+0000] {processor.py:840} INFO - DAG(s) 'example_python_operator' retrieved from /home/ubuntu/reddit_venv/lib/python3.10/site-packages/airflow/example_dags/example_python_operator.py
[2024-02-14T23:58:11.448+0000] {logging_mixin.py:188} INFO - [2024-02-14T23:58:11.448+0000] {dag.py:3036} INFO - Sync 1 DAGs
[2024-02-14T23:58:11.460+0000] {logging_mixin.py:188} INFO - [2024-02-14T23:58:11.460+0000] {dag.py:3823} INFO - Setting next_dagrun for example_python_operator to None, run_after=None
[2024-02-14T23:58:11.482+0000] {processor.py:183} INFO - Processing /home/ubuntu/reddit_venv/lib/python3.10/site-packages/airflow/example_dags/example_python_operator.py took 0.070 seconds
[2024-02-14T23:59:15.119+0000] {processor.py:161} INFO - Started process (PID=22439) to work on /home/ubuntu/reddit_venv/lib/python3.10/site-packages/airflow/example_dags/example_python_operator.py
[2024-02-14T23:59:15.120+0000] {processor.py:830} INFO - Processing file /home/ubuntu/reddit_venv/lib/python3.10/site-packages/airflow/example_dags/example_python_operator.py for tasks to queue
[2024-02-14T23:59:15.121+0000] {logging_mixin.py:188} INFO - [2024-02-14T23:59:15.121+0000] {dagbag.py:538} INFO - Filling up the DagBag from /home/ubuntu/reddit_venv/lib/python3.10/site-packages/airflow/example_dags/example_python_operator.py
[2024-02-14T23:59:15.132+0000] {processor.py:840} INFO - DAG(s) 'example_python_operator' retrieved from /home/ubuntu/reddit_venv/lib/python3.10/site-packages/airflow/example_dags/example_python_operator.py
[2024-02-14T23:59:15.150+0000] {logging_mixin.py:188} INFO - [2024-02-14T23:59:15.150+0000] {dag.py:3036} INFO - Sync 1 DAGs
[2024-02-14T23:59:15.161+0000] {logging_mixin.py:188} INFO - [2024-02-14T23:59:15.161+0000] {dag.py:3823} INFO - Setting next_dagrun for example_python_operator to None, run_after=None
[2024-02-14T23:59:15.182+0000] {processor.py:183} INFO - Processing /home/ubuntu/reddit_venv/lib/python3.10/site-packages/airflow/example_dags/example_python_operator.py took 0.067 seconds
