[2024-02-14T23:10:05.218+0000] {processor.py:161} INFO - Started process (PID=1664) to work on /home/ubuntu/reddit_venv/lib/python3.10/site-packages/airflow/example_dags/example_external_task_marker_dag.py
[2024-02-14T23:10:05.219+0000] {processor.py:830} INFO - Processing file /home/ubuntu/reddit_venv/lib/python3.10/site-packages/airflow/example_dags/example_external_task_marker_dag.py for tasks to queue
[2024-02-14T23:10:05.220+0000] {logging_mixin.py:188} INFO - [2024-02-14T23:10:05.220+0000] {dagbag.py:538} INFO - Filling up the DagBag from /home/ubuntu/reddit_venv/lib/python3.10/site-packages/airflow/example_dags/example_external_task_marker_dag.py
[2024-02-14T23:10:05.227+0000] {processor.py:840} INFO - DAG(s) 'example_external_task_marker_parent', 'example_external_task_marker_child' retrieved from /home/ubuntu/reddit_venv/lib/python3.10/site-packages/airflow/example_dags/example_external_task_marker_dag.py
[2024-02-14T23:10:05.333+0000] {logging_mixin.py:188} INFO - [2024-02-14T23:10:05.333+0000] {dag.py:3036} INFO - Sync 2 DAGs
[2024-02-14T23:10:05.343+0000] {logging_mixin.py:188} INFO - [2024-02-14T23:10:05.343+0000] {dag.py:3823} INFO - Setting next_dagrun for example_external_task_marker_child to None, run_after=None
[2024-02-14T23:10:05.346+0000] {logging_mixin.py:188} INFO - [2024-02-14T23:10:05.346+0000] {dag.py:3823} INFO - Setting next_dagrun for example_external_task_marker_parent to None, run_after=None
[2024-02-14T23:10:05.366+0000] {processor.py:183} INFO - Processing /home/ubuntu/reddit_venv/lib/python3.10/site-packages/airflow/example_dags/example_external_task_marker_dag.py took 0.152 seconds
[2024-02-14T23:10:55.850+0000] {processor.py:161} INFO - Started process (PID=1779) to work on /home/ubuntu/reddit_venv/lib/python3.10/site-packages/airflow/example_dags/example_external_task_marker_dag.py
[2024-02-14T23:10:55.852+0000] {processor.py:830} INFO - Processing file /home/ubuntu/reddit_venv/lib/python3.10/site-packages/airflow/example_dags/example_external_task_marker_dag.py for tasks to queue
[2024-02-14T23:10:55.853+0000] {logging_mixin.py:188} INFO - [2024-02-14T23:10:55.853+0000] {dagbag.py:538} INFO - Filling up the DagBag from /home/ubuntu/reddit_venv/lib/python3.10/site-packages/airflow/example_dags/example_external_task_marker_dag.py
[2024-02-14T23:10:55.860+0000] {processor.py:840} INFO - DAG(s) 'example_external_task_marker_parent', 'example_external_task_marker_child' retrieved from /home/ubuntu/reddit_venv/lib/python3.10/site-packages/airflow/example_dags/example_external_task_marker_dag.py
[2024-02-14T23:10:55.879+0000] {logging_mixin.py:188} INFO - [2024-02-14T23:10:55.878+0000] {dag.py:3036} INFO - Sync 2 DAGs
[2024-02-14T23:10:55.891+0000] {logging_mixin.py:188} INFO - [2024-02-14T23:10:55.891+0000] {dag.py:3823} INFO - Setting next_dagrun for example_external_task_marker_child to None, run_after=None
[2024-02-14T23:10:55.894+0000] {logging_mixin.py:188} INFO - [2024-02-14T23:10:55.894+0000] {dag.py:3823} INFO - Setting next_dagrun for example_external_task_marker_parent to None, run_after=None
[2024-02-14T23:10:55.915+0000] {processor.py:183} INFO - Processing /home/ubuntu/reddit_venv/lib/python3.10/site-packages/airflow/example_dags/example_external_task_marker_dag.py took 0.068 seconds
[2024-02-14T23:11:54.511+0000] {processor.py:161} INFO - Started process (PID=1907) to work on /home/ubuntu/reddit_venv/lib/python3.10/site-packages/airflow/example_dags/example_external_task_marker_dag.py
[2024-02-14T23:11:54.514+0000] {processor.py:830} INFO - Processing file /home/ubuntu/reddit_venv/lib/python3.10/site-packages/airflow/example_dags/example_external_task_marker_dag.py for tasks to queue
[2024-02-14T23:11:54.515+0000] {logging_mixin.py:188} INFO - [2024-02-14T23:11:54.514+0000] {dagbag.py:538} INFO - Filling up the DagBag from /home/ubuntu/reddit_venv/lib/python3.10/site-packages/airflow/example_dags/example_external_task_marker_dag.py
[2024-02-14T23:11:54.522+0000] {processor.py:840} INFO - DAG(s) 'example_external_task_marker_child', 'example_external_task_marker_parent' retrieved from /home/ubuntu/reddit_venv/lib/python3.10/site-packages/airflow/example_dags/example_external_task_marker_dag.py
[2024-02-14T23:11:54.541+0000] {logging_mixin.py:188} INFO - [2024-02-14T23:11:54.541+0000] {dag.py:3036} INFO - Sync 2 DAGs
[2024-02-14T23:11:54.554+0000] {logging_mixin.py:188} INFO - [2024-02-14T23:11:54.554+0000] {dag.py:3823} INFO - Setting next_dagrun for example_external_task_marker_child to None, run_after=None
[2024-02-14T23:11:54.558+0000] {logging_mixin.py:188} INFO - [2024-02-14T23:11:54.557+0000] {dag.py:3823} INFO - Setting next_dagrun for example_external_task_marker_parent to None, run_after=None
[2024-02-14T23:11:54.586+0000] {processor.py:183} INFO - Processing /home/ubuntu/reddit_venv/lib/python3.10/site-packages/airflow/example_dags/example_external_task_marker_dag.py took 0.078 seconds
[2024-02-14T23:12:54.690+0000] {processor.py:161} INFO - Started process (PID=2222) to work on /home/ubuntu/reddit_venv/lib/python3.10/site-packages/airflow/example_dags/example_external_task_marker_dag.py
[2024-02-14T23:12:54.691+0000] {processor.py:830} INFO - Processing file /home/ubuntu/reddit_venv/lib/python3.10/site-packages/airflow/example_dags/example_external_task_marker_dag.py for tasks to queue
[2024-02-14T23:12:54.692+0000] {logging_mixin.py:188} INFO - [2024-02-14T23:12:54.692+0000] {dagbag.py:538} INFO - Filling up the DagBag from /home/ubuntu/reddit_venv/lib/python3.10/site-packages/airflow/example_dags/example_external_task_marker_dag.py
[2024-02-14T23:12:54.699+0000] {processor.py:840} INFO - DAG(s) 'example_external_task_marker_child', 'example_external_task_marker_parent' retrieved from /home/ubuntu/reddit_venv/lib/python3.10/site-packages/airflow/example_dags/example_external_task_marker_dag.py
[2024-02-14T23:12:54.718+0000] {logging_mixin.py:188} INFO - [2024-02-14T23:12:54.717+0000] {dag.py:3036} INFO - Sync 2 DAGs
[2024-02-14T23:12:54.730+0000] {logging_mixin.py:188} INFO - [2024-02-14T23:12:54.730+0000] {dag.py:3823} INFO - Setting next_dagrun for example_external_task_marker_child to None, run_after=None
[2024-02-14T23:12:54.733+0000] {logging_mixin.py:188} INFO - [2024-02-14T23:12:54.733+0000] {dag.py:3823} INFO - Setting next_dagrun for example_external_task_marker_parent to None, run_after=None
[2024-02-14T23:12:54.754+0000] {processor.py:183} INFO - Processing /home/ubuntu/reddit_venv/lib/python3.10/site-packages/airflow/example_dags/example_external_task_marker_dag.py took 0.067 seconds
[2024-02-14T23:13:51.819+0000] {processor.py:161} INFO - Started process (PID=2471) to work on /home/ubuntu/reddit_venv/lib/python3.10/site-packages/airflow/example_dags/example_external_task_marker_dag.py
[2024-02-14T23:13:51.820+0000] {processor.py:830} INFO - Processing file /home/ubuntu/reddit_venv/lib/python3.10/site-packages/airflow/example_dags/example_external_task_marker_dag.py for tasks to queue
[2024-02-14T23:13:51.821+0000] {logging_mixin.py:188} INFO - [2024-02-14T23:13:51.821+0000] {dagbag.py:538} INFO - Filling up the DagBag from /home/ubuntu/reddit_venv/lib/python3.10/site-packages/airflow/example_dags/example_external_task_marker_dag.py
[2024-02-14T23:13:51.829+0000] {processor.py:840} INFO - DAG(s) 'example_external_task_marker_parent', 'example_external_task_marker_child' retrieved from /home/ubuntu/reddit_venv/lib/python3.10/site-packages/airflow/example_dags/example_external_task_marker_dag.py
[2024-02-14T23:13:51.848+0000] {logging_mixin.py:188} INFO - [2024-02-14T23:13:51.847+0000] {dag.py:3036} INFO - Sync 2 DAGs
[2024-02-14T23:13:51.860+0000] {logging_mixin.py:188} INFO - [2024-02-14T23:13:51.860+0000] {dag.py:3823} INFO - Setting next_dagrun for example_external_task_marker_child to None, run_after=None
[2024-02-14T23:13:51.864+0000] {logging_mixin.py:188} INFO - [2024-02-14T23:13:51.864+0000] {dag.py:3823} INFO - Setting next_dagrun for example_external_task_marker_parent to None, run_after=None
[2024-02-14T23:13:51.884+0000] {processor.py:183} INFO - Processing /home/ubuntu/reddit_venv/lib/python3.10/site-packages/airflow/example_dags/example_external_task_marker_dag.py took 0.068 seconds
[2024-02-14T23:14:54.594+0000] {processor.py:161} INFO - Started process (PID=2783) to work on /home/ubuntu/reddit_venv/lib/python3.10/site-packages/airflow/example_dags/example_external_task_marker_dag.py
[2024-02-14T23:14:54.595+0000] {processor.py:830} INFO - Processing file /home/ubuntu/reddit_venv/lib/python3.10/site-packages/airflow/example_dags/example_external_task_marker_dag.py for tasks to queue
[2024-02-14T23:14:54.596+0000] {logging_mixin.py:188} INFO - [2024-02-14T23:14:54.596+0000] {dagbag.py:538} INFO - Filling up the DagBag from /home/ubuntu/reddit_venv/lib/python3.10/site-packages/airflow/example_dags/example_external_task_marker_dag.py
[2024-02-14T23:14:54.603+0000] {processor.py:840} INFO - DAG(s) 'example_external_task_marker_parent', 'example_external_task_marker_child' retrieved from /home/ubuntu/reddit_venv/lib/python3.10/site-packages/airflow/example_dags/example_external_task_marker_dag.py
[2024-02-14T23:14:54.622+0000] {logging_mixin.py:188} INFO - [2024-02-14T23:14:54.622+0000] {dag.py:3036} INFO - Sync 2 DAGs
[2024-02-14T23:14:54.634+0000] {logging_mixin.py:188} INFO - [2024-02-14T23:14:54.634+0000] {dag.py:3823} INFO - Setting next_dagrun for example_external_task_marker_child to None, run_after=None
[2024-02-14T23:14:54.637+0000] {logging_mixin.py:188} INFO - [2024-02-14T23:14:54.637+0000] {dag.py:3823} INFO - Setting next_dagrun for example_external_task_marker_parent to None, run_after=None
[2024-02-14T23:14:54.658+0000] {processor.py:183} INFO - Processing /home/ubuntu/reddit_venv/lib/python3.10/site-packages/airflow/example_dags/example_external_task_marker_dag.py took 0.067 seconds
[2024-02-14T23:15:54.019+0000] {processor.py:161} INFO - Started process (PID=3029) to work on /home/ubuntu/reddit_venv/lib/python3.10/site-packages/airflow/example_dags/example_external_task_marker_dag.py
[2024-02-14T23:15:54.021+0000] {processor.py:830} INFO - Processing file /home/ubuntu/reddit_venv/lib/python3.10/site-packages/airflow/example_dags/example_external_task_marker_dag.py for tasks to queue
[2024-02-14T23:15:54.022+0000] {logging_mixin.py:188} INFO - [2024-02-14T23:15:54.021+0000] {dagbag.py:538} INFO - Filling up the DagBag from /home/ubuntu/reddit_venv/lib/python3.10/site-packages/airflow/example_dags/example_external_task_marker_dag.py
[2024-02-14T23:15:54.029+0000] {processor.py:840} INFO - DAG(s) 'example_external_task_marker_child', 'example_external_task_marker_parent' retrieved from /home/ubuntu/reddit_venv/lib/python3.10/site-packages/airflow/example_dags/example_external_task_marker_dag.py
[2024-02-14T23:15:54.047+0000] {logging_mixin.py:188} INFO - [2024-02-14T23:15:54.047+0000] {dag.py:3036} INFO - Sync 2 DAGs
[2024-02-14T23:15:54.060+0000] {logging_mixin.py:188} INFO - [2024-02-14T23:15:54.060+0000] {dag.py:3823} INFO - Setting next_dagrun for example_external_task_marker_child to None, run_after=None
[2024-02-14T23:15:54.064+0000] {logging_mixin.py:188} INFO - [2024-02-14T23:15:54.064+0000] {dag.py:3823} INFO - Setting next_dagrun for example_external_task_marker_parent to None, run_after=None
[2024-02-14T23:15:54.084+0000] {processor.py:183} INFO - Processing /home/ubuntu/reddit_venv/lib/python3.10/site-packages/airflow/example_dags/example_external_task_marker_dag.py took 0.068 seconds
[2024-02-14T23:17:04.039+0000] {processor.py:161} INFO - Started process (PID=3718) to work on /home/ubuntu/reddit_venv/lib/python3.10/site-packages/airflow/example_dags/example_external_task_marker_dag.py
[2024-02-14T23:17:04.040+0000] {processor.py:830} INFO - Processing file /home/ubuntu/reddit_venv/lib/python3.10/site-packages/airflow/example_dags/example_external_task_marker_dag.py for tasks to queue
[2024-02-14T23:17:04.041+0000] {logging_mixin.py:188} INFO - [2024-02-14T23:17:04.041+0000] {dagbag.py:538} INFO - Filling up the DagBag from /home/ubuntu/reddit_venv/lib/python3.10/site-packages/airflow/example_dags/example_external_task_marker_dag.py
[2024-02-14T23:17:04.048+0000] {processor.py:840} INFO - DAG(s) 'example_external_task_marker_parent', 'example_external_task_marker_child' retrieved from /home/ubuntu/reddit_venv/lib/python3.10/site-packages/airflow/example_dags/example_external_task_marker_dag.py
[2024-02-14T23:17:04.067+0000] {logging_mixin.py:188} INFO - [2024-02-14T23:17:04.067+0000] {dag.py:3036} INFO - Sync 2 DAGs
[2024-02-14T23:17:04.079+0000] {logging_mixin.py:188} INFO - [2024-02-14T23:17:04.079+0000] {dag.py:3823} INFO - Setting next_dagrun for example_external_task_marker_child to None, run_after=None
[2024-02-14T23:17:04.083+0000] {logging_mixin.py:188} INFO - [2024-02-14T23:17:04.083+0000] {dag.py:3823} INFO - Setting next_dagrun for example_external_task_marker_parent to None, run_after=None
[2024-02-14T23:17:04.103+0000] {processor.py:183} INFO - Processing /home/ubuntu/reddit_venv/lib/python3.10/site-packages/airflow/example_dags/example_external_task_marker_dag.py took 0.067 seconds
[2024-02-14T23:18:02.497+0000] {processor.py:161} INFO - Started process (PID=4508) to work on /home/ubuntu/reddit_venv/lib/python3.10/site-packages/airflow/example_dags/example_external_task_marker_dag.py
[2024-02-14T23:18:02.499+0000] {processor.py:830} INFO - Processing file /home/ubuntu/reddit_venv/lib/python3.10/site-packages/airflow/example_dags/example_external_task_marker_dag.py for tasks to queue
[2024-02-14T23:18:02.500+0000] {logging_mixin.py:188} INFO - [2024-02-14T23:18:02.499+0000] {dagbag.py:538} INFO - Filling up the DagBag from /home/ubuntu/reddit_venv/lib/python3.10/site-packages/airflow/example_dags/example_external_task_marker_dag.py
[2024-02-14T23:18:02.507+0000] {processor.py:840} INFO - DAG(s) 'example_external_task_marker_parent', 'example_external_task_marker_child' retrieved from /home/ubuntu/reddit_venv/lib/python3.10/site-packages/airflow/example_dags/example_external_task_marker_dag.py
[2024-02-14T23:18:02.526+0000] {logging_mixin.py:188} INFO - [2024-02-14T23:18:02.526+0000] {dag.py:3036} INFO - Sync 2 DAGs
[2024-02-14T23:18:02.539+0000] {logging_mixin.py:188} INFO - [2024-02-14T23:18:02.538+0000] {dag.py:3823} INFO - Setting next_dagrun for example_external_task_marker_child to None, run_after=None
[2024-02-14T23:18:02.542+0000] {logging_mixin.py:188} INFO - [2024-02-14T23:18:02.542+0000] {dag.py:3823} INFO - Setting next_dagrun for example_external_task_marker_parent to None, run_after=None
[2024-02-14T23:18:02.562+0000] {processor.py:183} INFO - Processing /home/ubuntu/reddit_venv/lib/python3.10/site-packages/airflow/example_dags/example_external_task_marker_dag.py took 0.068 seconds
[2024-02-14T23:19:04.544+0000] {processor.py:161} INFO - Started process (PID=5329) to work on /home/ubuntu/reddit_venv/lib/python3.10/site-packages/airflow/example_dags/example_external_task_marker_dag.py
[2024-02-14T23:19:04.546+0000] {processor.py:830} INFO - Processing file /home/ubuntu/reddit_venv/lib/python3.10/site-packages/airflow/example_dags/example_external_task_marker_dag.py for tasks to queue
[2024-02-14T23:19:04.547+0000] {logging_mixin.py:188} INFO - [2024-02-14T23:19:04.546+0000] {dagbag.py:538} INFO - Filling up the DagBag from /home/ubuntu/reddit_venv/lib/python3.10/site-packages/airflow/example_dags/example_external_task_marker_dag.py
[2024-02-14T23:19:04.554+0000] {processor.py:840} INFO - DAG(s) 'example_external_task_marker_parent', 'example_external_task_marker_child' retrieved from /home/ubuntu/reddit_venv/lib/python3.10/site-packages/airflow/example_dags/example_external_task_marker_dag.py
[2024-02-14T23:19:04.573+0000] {logging_mixin.py:188} INFO - [2024-02-14T23:19:04.573+0000] {dag.py:3036} INFO - Sync 2 DAGs
[2024-02-14T23:19:04.586+0000] {logging_mixin.py:188} INFO - [2024-02-14T23:19:04.585+0000] {dag.py:3823} INFO - Setting next_dagrun for example_external_task_marker_child to None, run_after=None
[2024-02-14T23:19:04.589+0000] {logging_mixin.py:188} INFO - [2024-02-14T23:19:04.589+0000] {dag.py:3823} INFO - Setting next_dagrun for example_external_task_marker_parent to None, run_after=None
[2024-02-14T23:19:04.653+0000] {processor.py:183} INFO - Processing /home/ubuntu/reddit_venv/lib/python3.10/site-packages/airflow/example_dags/example_external_task_marker_dag.py took 0.112 seconds
[2024-02-14T23:20:01.038+0000] {processor.py:161} INFO - Started process (PID=5610) to work on /home/ubuntu/reddit_venv/lib/python3.10/site-packages/airflow/example_dags/example_external_task_marker_dag.py
[2024-02-14T23:20:01.039+0000] {processor.py:830} INFO - Processing file /home/ubuntu/reddit_venv/lib/python3.10/site-packages/airflow/example_dags/example_external_task_marker_dag.py for tasks to queue
[2024-02-14T23:20:01.040+0000] {logging_mixin.py:188} INFO - [2024-02-14T23:20:01.040+0000] {dagbag.py:538} INFO - Filling up the DagBag from /home/ubuntu/reddit_venv/lib/python3.10/site-packages/airflow/example_dags/example_external_task_marker_dag.py
[2024-02-14T23:20:01.047+0000] {processor.py:840} INFO - DAG(s) 'example_external_task_marker_child', 'example_external_task_marker_parent' retrieved from /home/ubuntu/reddit_venv/lib/python3.10/site-packages/airflow/example_dags/example_external_task_marker_dag.py
[2024-02-14T23:20:01.065+0000] {logging_mixin.py:188} INFO - [2024-02-14T23:20:01.065+0000] {dag.py:3036} INFO - Sync 2 DAGs
[2024-02-14T23:20:01.077+0000] {logging_mixin.py:188} INFO - [2024-02-14T23:20:01.077+0000] {dag.py:3823} INFO - Setting next_dagrun for example_external_task_marker_child to None, run_after=None
[2024-02-14T23:20:01.080+0000] {logging_mixin.py:188} INFO - [2024-02-14T23:20:01.080+0000] {dag.py:3823} INFO - Setting next_dagrun for example_external_task_marker_parent to None, run_after=None
[2024-02-14T23:20:01.100+0000] {processor.py:183} INFO - Processing /home/ubuntu/reddit_venv/lib/python3.10/site-packages/airflow/example_dags/example_external_task_marker_dag.py took 0.066 seconds
[2024-02-14T23:20:59.111+0000] {processor.py:161} INFO - Started process (PID=5735) to work on /home/ubuntu/reddit_venv/lib/python3.10/site-packages/airflow/example_dags/example_external_task_marker_dag.py
[2024-02-14T23:20:59.112+0000] {processor.py:830} INFO - Processing file /home/ubuntu/reddit_venv/lib/python3.10/site-packages/airflow/example_dags/example_external_task_marker_dag.py for tasks to queue
[2024-02-14T23:20:59.113+0000] {logging_mixin.py:188} INFO - [2024-02-14T23:20:59.113+0000] {dagbag.py:538} INFO - Filling up the DagBag from /home/ubuntu/reddit_venv/lib/python3.10/site-packages/airflow/example_dags/example_external_task_marker_dag.py
[2024-02-14T23:20:59.120+0000] {processor.py:840} INFO - DAG(s) 'example_external_task_marker_child', 'example_external_task_marker_parent' retrieved from /home/ubuntu/reddit_venv/lib/python3.10/site-packages/airflow/example_dags/example_external_task_marker_dag.py
[2024-02-14T23:20:59.138+0000] {logging_mixin.py:188} INFO - [2024-02-14T23:20:59.138+0000] {dag.py:3036} INFO - Sync 2 DAGs
[2024-02-14T23:20:59.151+0000] {logging_mixin.py:188} INFO - [2024-02-14T23:20:59.150+0000] {dag.py:3823} INFO - Setting next_dagrun for example_external_task_marker_child to None, run_after=None
[2024-02-14T23:20:59.154+0000] {logging_mixin.py:188} INFO - [2024-02-14T23:20:59.154+0000] {dag.py:3823} INFO - Setting next_dagrun for example_external_task_marker_parent to None, run_after=None
[2024-02-14T23:20:59.173+0000] {processor.py:183} INFO - Processing /home/ubuntu/reddit_venv/lib/python3.10/site-packages/airflow/example_dags/example_external_task_marker_dag.py took 0.066 seconds
[2024-02-14T23:22:00.459+0000] {processor.py:161} INFO - Started process (PID=5988) to work on /home/ubuntu/reddit_venv/lib/python3.10/site-packages/airflow/example_dags/example_external_task_marker_dag.py
[2024-02-14T23:22:00.460+0000] {processor.py:830} INFO - Processing file /home/ubuntu/reddit_venv/lib/python3.10/site-packages/airflow/example_dags/example_external_task_marker_dag.py for tasks to queue
[2024-02-14T23:22:00.461+0000] {logging_mixin.py:188} INFO - [2024-02-14T23:22:00.461+0000] {dagbag.py:538} INFO - Filling up the DagBag from /home/ubuntu/reddit_venv/lib/python3.10/site-packages/airflow/example_dags/example_external_task_marker_dag.py
[2024-02-14T23:22:00.468+0000] {processor.py:840} INFO - DAG(s) 'example_external_task_marker_child', 'example_external_task_marker_parent' retrieved from /home/ubuntu/reddit_venv/lib/python3.10/site-packages/airflow/example_dags/example_external_task_marker_dag.py
[2024-02-14T23:22:00.486+0000] {logging_mixin.py:188} INFO - [2024-02-14T23:22:00.486+0000] {dag.py:3036} INFO - Sync 2 DAGs
[2024-02-14T23:22:00.498+0000] {logging_mixin.py:188} INFO - [2024-02-14T23:22:00.498+0000] {dag.py:3823} INFO - Setting next_dagrun for example_external_task_marker_child to None, run_after=None
[2024-02-14T23:22:00.501+0000] {logging_mixin.py:188} INFO - [2024-02-14T23:22:00.501+0000] {dag.py:3823} INFO - Setting next_dagrun for example_external_task_marker_parent to None, run_after=None
[2024-02-14T23:22:00.521+0000] {processor.py:183} INFO - Processing /home/ubuntu/reddit_venv/lib/python3.10/site-packages/airflow/example_dags/example_external_task_marker_dag.py took 0.066 seconds
[2024-02-14T23:23:04.017+0000] {processor.py:161} INFO - Started process (PID=6122) to work on /home/ubuntu/reddit_venv/lib/python3.10/site-packages/airflow/example_dags/example_external_task_marker_dag.py
[2024-02-14T23:23:04.018+0000] {processor.py:830} INFO - Processing file /home/ubuntu/reddit_venv/lib/python3.10/site-packages/airflow/example_dags/example_external_task_marker_dag.py for tasks to queue
[2024-02-14T23:23:04.019+0000] {logging_mixin.py:188} INFO - [2024-02-14T23:23:04.019+0000] {dagbag.py:538} INFO - Filling up the DagBag from /home/ubuntu/reddit_venv/lib/python3.10/site-packages/airflow/example_dags/example_external_task_marker_dag.py
[2024-02-14T23:23:04.026+0000] {processor.py:840} INFO - DAG(s) 'example_external_task_marker_child', 'example_external_task_marker_parent' retrieved from /home/ubuntu/reddit_venv/lib/python3.10/site-packages/airflow/example_dags/example_external_task_marker_dag.py
[2024-02-14T23:23:04.044+0000] {logging_mixin.py:188} INFO - [2024-02-14T23:23:04.044+0000] {dag.py:3036} INFO - Sync 2 DAGs
[2024-02-14T23:23:04.057+0000] {logging_mixin.py:188} INFO - [2024-02-14T23:23:04.057+0000] {dag.py:3823} INFO - Setting next_dagrun for example_external_task_marker_child to None, run_after=None
[2024-02-14T23:23:04.061+0000] {logging_mixin.py:188} INFO - [2024-02-14T23:23:04.060+0000] {dag.py:3823} INFO - Setting next_dagrun for example_external_task_marker_parent to None, run_after=None
[2024-02-14T23:23:04.081+0000] {processor.py:183} INFO - Processing /home/ubuntu/reddit_venv/lib/python3.10/site-packages/airflow/example_dags/example_external_task_marker_dag.py took 0.068 seconds
[2024-02-14T23:23:57.049+0000] {processor.py:161} INFO - Started process (PID=6247) to work on /home/ubuntu/reddit_venv/lib/python3.10/site-packages/airflow/example_dags/example_external_task_marker_dag.py
[2024-02-14T23:23:57.051+0000] {processor.py:830} INFO - Processing file /home/ubuntu/reddit_venv/lib/python3.10/site-packages/airflow/example_dags/example_external_task_marker_dag.py for tasks to queue
[2024-02-14T23:23:57.052+0000] {logging_mixin.py:188} INFO - [2024-02-14T23:23:57.052+0000] {dagbag.py:538} INFO - Filling up the DagBag from /home/ubuntu/reddit_venv/lib/python3.10/site-packages/airflow/example_dags/example_external_task_marker_dag.py
[2024-02-14T23:23:57.059+0000] {processor.py:840} INFO - DAG(s) 'example_external_task_marker_parent', 'example_external_task_marker_child' retrieved from /home/ubuntu/reddit_venv/lib/python3.10/site-packages/airflow/example_dags/example_external_task_marker_dag.py
[2024-02-14T23:23:57.078+0000] {logging_mixin.py:188} INFO - [2024-02-14T23:23:57.077+0000] {dag.py:3036} INFO - Sync 2 DAGs
[2024-02-14T23:23:57.090+0000] {logging_mixin.py:188} INFO - [2024-02-14T23:23:57.089+0000] {dag.py:3823} INFO - Setting next_dagrun for example_external_task_marker_child to None, run_after=None
[2024-02-14T23:23:57.093+0000] {logging_mixin.py:188} INFO - [2024-02-14T23:23:57.093+0000] {dag.py:3823} INFO - Setting next_dagrun for example_external_task_marker_parent to None, run_after=None
[2024-02-14T23:23:57.114+0000] {processor.py:183} INFO - Processing /home/ubuntu/reddit_venv/lib/python3.10/site-packages/airflow/example_dags/example_external_task_marker_dag.py took 0.068 seconds
[2024-02-14T23:24:54.420+0000] {processor.py:161} INFO - Started process (PID=6432) to work on /home/ubuntu/reddit_venv/lib/python3.10/site-packages/airflow/example_dags/example_external_task_marker_dag.py
[2024-02-14T23:24:54.421+0000] {processor.py:830} INFO - Processing file /home/ubuntu/reddit_venv/lib/python3.10/site-packages/airflow/example_dags/example_external_task_marker_dag.py for tasks to queue
[2024-02-14T23:24:54.422+0000] {logging_mixin.py:188} INFO - [2024-02-14T23:24:54.422+0000] {dagbag.py:538} INFO - Filling up the DagBag from /home/ubuntu/reddit_venv/lib/python3.10/site-packages/airflow/example_dags/example_external_task_marker_dag.py
[2024-02-14T23:24:54.429+0000] {processor.py:840} INFO - DAG(s) 'example_external_task_marker_child', 'example_external_task_marker_parent' retrieved from /home/ubuntu/reddit_venv/lib/python3.10/site-packages/airflow/example_dags/example_external_task_marker_dag.py
[2024-02-14T23:24:54.449+0000] {logging_mixin.py:188} INFO - [2024-02-14T23:24:54.449+0000] {dag.py:3036} INFO - Sync 2 DAGs
[2024-02-14T23:24:54.461+0000] {logging_mixin.py:188} INFO - [2024-02-14T23:24:54.461+0000] {dag.py:3823} INFO - Setting next_dagrun for example_external_task_marker_child to None, run_after=None
[2024-02-14T23:24:54.464+0000] {logging_mixin.py:188} INFO - [2024-02-14T23:24:54.464+0000] {dag.py:3823} INFO - Setting next_dagrun for example_external_task_marker_parent to None, run_after=None
[2024-02-14T23:24:54.485+0000] {processor.py:183} INFO - Processing /home/ubuntu/reddit_venv/lib/python3.10/site-packages/airflow/example_dags/example_external_task_marker_dag.py took 0.069 seconds
[2024-02-14T23:25:49.714+0000] {processor.py:161} INFO - Started process (PID=6557) to work on /home/ubuntu/reddit_venv/lib/python3.10/site-packages/airflow/example_dags/example_external_task_marker_dag.py
[2024-02-14T23:25:49.716+0000] {processor.py:830} INFO - Processing file /home/ubuntu/reddit_venv/lib/python3.10/site-packages/airflow/example_dags/example_external_task_marker_dag.py for tasks to queue
[2024-02-14T23:25:49.717+0000] {logging_mixin.py:188} INFO - [2024-02-14T23:25:49.716+0000] {dagbag.py:538} INFO - Filling up the DagBag from /home/ubuntu/reddit_venv/lib/python3.10/site-packages/airflow/example_dags/example_external_task_marker_dag.py
[2024-02-14T23:25:49.724+0000] {processor.py:840} INFO - DAG(s) 'example_external_task_marker_parent', 'example_external_task_marker_child' retrieved from /home/ubuntu/reddit_venv/lib/python3.10/site-packages/airflow/example_dags/example_external_task_marker_dag.py
[2024-02-14T23:25:49.743+0000] {logging_mixin.py:188} INFO - [2024-02-14T23:25:49.742+0000] {dag.py:3036} INFO - Sync 2 DAGs
[2024-02-14T23:25:49.755+0000] {logging_mixin.py:188} INFO - [2024-02-14T23:25:49.754+0000] {dag.py:3823} INFO - Setting next_dagrun for example_external_task_marker_child to None, run_after=None
[2024-02-14T23:25:49.758+0000] {logging_mixin.py:188} INFO - [2024-02-14T23:25:49.758+0000] {dag.py:3823} INFO - Setting next_dagrun for example_external_task_marker_parent to None, run_after=None
[2024-02-14T23:25:49.778+0000] {processor.py:183} INFO - Processing /home/ubuntu/reddit_venv/lib/python3.10/site-packages/airflow/example_dags/example_external_task_marker_dag.py took 0.067 seconds
[2024-02-14T23:26:57.881+0000] {processor.py:161} INFO - Started process (PID=6815) to work on /home/ubuntu/reddit_venv/lib/python3.10/site-packages/airflow/example_dags/example_external_task_marker_dag.py
[2024-02-14T23:26:57.883+0000] {processor.py:830} INFO - Processing file /home/ubuntu/reddit_venv/lib/python3.10/site-packages/airflow/example_dags/example_external_task_marker_dag.py for tasks to queue
[2024-02-14T23:26:57.884+0000] {logging_mixin.py:188} INFO - [2024-02-14T23:26:57.883+0000] {dagbag.py:538} INFO - Filling up the DagBag from /home/ubuntu/reddit_venv/lib/python3.10/site-packages/airflow/example_dags/example_external_task_marker_dag.py
[2024-02-14T23:26:57.890+0000] {processor.py:840} INFO - DAG(s) 'example_external_task_marker_parent', 'example_external_task_marker_child' retrieved from /home/ubuntu/reddit_venv/lib/python3.10/site-packages/airflow/example_dags/example_external_task_marker_dag.py
[2024-02-14T23:26:57.909+0000] {logging_mixin.py:188} INFO - [2024-02-14T23:26:57.909+0000] {dag.py:3036} INFO - Sync 2 DAGs
[2024-02-14T23:26:57.921+0000] {logging_mixin.py:188} INFO - [2024-02-14T23:26:57.921+0000] {dag.py:3823} INFO - Setting next_dagrun for example_external_task_marker_child to None, run_after=None
[2024-02-14T23:26:57.924+0000] {logging_mixin.py:188} INFO - [2024-02-14T23:26:57.924+0000] {dag.py:3823} INFO - Setting next_dagrun for example_external_task_marker_parent to None, run_after=None
[2024-02-14T23:26:57.945+0000] {processor.py:183} INFO - Processing /home/ubuntu/reddit_venv/lib/python3.10/site-packages/airflow/example_dags/example_external_task_marker_dag.py took 0.068 seconds
[2024-02-14T23:27:59.404+0000] {processor.py:161} INFO - Started process (PID=6945) to work on /home/ubuntu/reddit_venv/lib/python3.10/site-packages/airflow/example_dags/example_external_task_marker_dag.py
[2024-02-14T23:27:59.407+0000] {processor.py:830} INFO - Processing file /home/ubuntu/reddit_venv/lib/python3.10/site-packages/airflow/example_dags/example_external_task_marker_dag.py for tasks to queue
[2024-02-14T23:27:59.408+0000] {logging_mixin.py:188} INFO - [2024-02-14T23:27:59.408+0000] {dagbag.py:538} INFO - Filling up the DagBag from /home/ubuntu/reddit_venv/lib/python3.10/site-packages/airflow/example_dags/example_external_task_marker_dag.py
[2024-02-14T23:27:59.415+0000] {processor.py:840} INFO - DAG(s) 'example_external_task_marker_child', 'example_external_task_marker_parent' retrieved from /home/ubuntu/reddit_venv/lib/python3.10/site-packages/airflow/example_dags/example_external_task_marker_dag.py
[2024-02-14T23:27:59.433+0000] {logging_mixin.py:188} INFO - [2024-02-14T23:27:59.433+0000] {dag.py:3036} INFO - Sync 2 DAGs
[2024-02-14T23:27:59.445+0000] {logging_mixin.py:188} INFO - [2024-02-14T23:27:59.445+0000] {dag.py:3823} INFO - Setting next_dagrun for example_external_task_marker_child to None, run_after=None
[2024-02-14T23:27:59.448+0000] {logging_mixin.py:188} INFO - [2024-02-14T23:27:59.448+0000] {dag.py:3823} INFO - Setting next_dagrun for example_external_task_marker_parent to None, run_after=None
[2024-02-14T23:27:59.471+0000] {processor.py:183} INFO - Processing /home/ubuntu/reddit_venv/lib/python3.10/site-packages/airflow/example_dags/example_external_task_marker_dag.py took 0.070 seconds
[2024-02-14T23:28:58.922+0000] {processor.py:161} INFO - Started process (PID=7074) to work on /home/ubuntu/reddit_venv/lib/python3.10/site-packages/airflow/example_dags/example_external_task_marker_dag.py
[2024-02-14T23:28:58.923+0000] {processor.py:830} INFO - Processing file /home/ubuntu/reddit_venv/lib/python3.10/site-packages/airflow/example_dags/example_external_task_marker_dag.py for tasks to queue
[2024-02-14T23:28:58.924+0000] {logging_mixin.py:188} INFO - [2024-02-14T23:28:58.924+0000] {dagbag.py:538} INFO - Filling up the DagBag from /home/ubuntu/reddit_venv/lib/python3.10/site-packages/airflow/example_dags/example_external_task_marker_dag.py
[2024-02-14T23:28:58.931+0000] {processor.py:840} INFO - DAG(s) 'example_external_task_marker_child', 'example_external_task_marker_parent' retrieved from /home/ubuntu/reddit_venv/lib/python3.10/site-packages/airflow/example_dags/example_external_task_marker_dag.py
[2024-02-14T23:28:58.949+0000] {logging_mixin.py:188} INFO - [2024-02-14T23:28:58.949+0000] {dag.py:3036} INFO - Sync 2 DAGs
[2024-02-14T23:28:58.961+0000] {logging_mixin.py:188} INFO - [2024-02-14T23:28:58.961+0000] {dag.py:3823} INFO - Setting next_dagrun for example_external_task_marker_child to None, run_after=None
[2024-02-14T23:28:58.964+0000] {logging_mixin.py:188} INFO - [2024-02-14T23:28:58.964+0000] {dag.py:3823} INFO - Setting next_dagrun for example_external_task_marker_parent to None, run_after=None
[2024-02-14T23:28:58.983+0000] {processor.py:183} INFO - Processing /home/ubuntu/reddit_venv/lib/python3.10/site-packages/airflow/example_dags/example_external_task_marker_dag.py took 0.065 seconds
[2024-02-14T23:29:54.013+0000] {processor.py:161} INFO - Started process (PID=7258) to work on /home/ubuntu/reddit_venv/lib/python3.10/site-packages/airflow/example_dags/example_external_task_marker_dag.py
[2024-02-14T23:29:54.014+0000] {processor.py:830} INFO - Processing file /home/ubuntu/reddit_venv/lib/python3.10/site-packages/airflow/example_dags/example_external_task_marker_dag.py for tasks to queue
[2024-02-14T23:29:54.015+0000] {logging_mixin.py:188} INFO - [2024-02-14T23:29:54.015+0000] {dagbag.py:538} INFO - Filling up the DagBag from /home/ubuntu/reddit_venv/lib/python3.10/site-packages/airflow/example_dags/example_external_task_marker_dag.py
[2024-02-14T23:29:54.022+0000] {processor.py:840} INFO - DAG(s) 'example_external_task_marker_parent', 'example_external_task_marker_child' retrieved from /home/ubuntu/reddit_venv/lib/python3.10/site-packages/airflow/example_dags/example_external_task_marker_dag.py
[2024-02-14T23:29:54.041+0000] {logging_mixin.py:188} INFO - [2024-02-14T23:29:54.041+0000] {dag.py:3036} INFO - Sync 2 DAGs
[2024-02-14T23:29:54.053+0000] {logging_mixin.py:188} INFO - [2024-02-14T23:29:54.053+0000] {dag.py:3823} INFO - Setting next_dagrun for example_external_task_marker_child to None, run_after=None
[2024-02-14T23:29:54.056+0000] {logging_mixin.py:188} INFO - [2024-02-14T23:29:54.056+0000] {dag.py:3823} INFO - Setting next_dagrun for example_external_task_marker_parent to None, run_after=None
[2024-02-14T23:29:54.076+0000] {processor.py:183} INFO - Processing /home/ubuntu/reddit_venv/lib/python3.10/site-packages/airflow/example_dags/example_external_task_marker_dag.py took 0.067 seconds
[2024-02-14T23:30:50.394+0000] {processor.py:161} INFO - Started process (PID=7381) to work on /home/ubuntu/reddit_venv/lib/python3.10/site-packages/airflow/example_dags/example_external_task_marker_dag.py
[2024-02-14T23:30:50.396+0000] {processor.py:830} INFO - Processing file /home/ubuntu/reddit_venv/lib/python3.10/site-packages/airflow/example_dags/example_external_task_marker_dag.py for tasks to queue
[2024-02-14T23:30:50.397+0000] {logging_mixin.py:188} INFO - [2024-02-14T23:30:50.396+0000] {dagbag.py:538} INFO - Filling up the DagBag from /home/ubuntu/reddit_venv/lib/python3.10/site-packages/airflow/example_dags/example_external_task_marker_dag.py
[2024-02-14T23:30:50.404+0000] {processor.py:840} INFO - DAG(s) 'example_external_task_marker_parent', 'example_external_task_marker_child' retrieved from /home/ubuntu/reddit_venv/lib/python3.10/site-packages/airflow/example_dags/example_external_task_marker_dag.py
[2024-02-14T23:30:50.424+0000] {logging_mixin.py:188} INFO - [2024-02-14T23:30:50.424+0000] {dag.py:3036} INFO - Sync 2 DAGs
[2024-02-14T23:30:50.437+0000] {logging_mixin.py:188} INFO - [2024-02-14T23:30:50.436+0000] {dag.py:3823} INFO - Setting next_dagrun for example_external_task_marker_child to None, run_after=None
[2024-02-14T23:30:50.440+0000] {logging_mixin.py:188} INFO - [2024-02-14T23:30:50.440+0000] {dag.py:3823} INFO - Setting next_dagrun for example_external_task_marker_parent to None, run_after=None
[2024-02-14T23:30:50.460+0000] {processor.py:183} INFO - Processing /home/ubuntu/reddit_venv/lib/python3.10/site-packages/airflow/example_dags/example_external_task_marker_dag.py took 0.070 seconds
[2024-02-14T23:31:47.672+0000] {processor.py:161} INFO - Started process (PID=7506) to work on /home/ubuntu/reddit_venv/lib/python3.10/site-packages/airflow/example_dags/example_external_task_marker_dag.py
[2024-02-14T23:31:47.674+0000] {processor.py:830} INFO - Processing file /home/ubuntu/reddit_venv/lib/python3.10/site-packages/airflow/example_dags/example_external_task_marker_dag.py for tasks to queue
[2024-02-14T23:31:47.674+0000] {logging_mixin.py:188} INFO - [2024-02-14T23:31:47.674+0000] {dagbag.py:538} INFO - Filling up the DagBag from /home/ubuntu/reddit_venv/lib/python3.10/site-packages/airflow/example_dags/example_external_task_marker_dag.py
[2024-02-14T23:31:47.681+0000] {processor.py:840} INFO - DAG(s) 'example_external_task_marker_child', 'example_external_task_marker_parent' retrieved from /home/ubuntu/reddit_venv/lib/python3.10/site-packages/airflow/example_dags/example_external_task_marker_dag.py
[2024-02-14T23:31:47.700+0000] {logging_mixin.py:188} INFO - [2024-02-14T23:31:47.700+0000] {dag.py:3036} INFO - Sync 2 DAGs
[2024-02-14T23:31:47.712+0000] {logging_mixin.py:188} INFO - [2024-02-14T23:31:47.712+0000] {dag.py:3823} INFO - Setting next_dagrun for example_external_task_marker_child to None, run_after=None
[2024-02-14T23:31:47.715+0000] {logging_mixin.py:188} INFO - [2024-02-14T23:31:47.715+0000] {dag.py:3823} INFO - Setting next_dagrun for example_external_task_marker_parent to None, run_after=None
[2024-02-14T23:31:47.735+0000] {processor.py:183} INFO - Processing /home/ubuntu/reddit_venv/lib/python3.10/site-packages/airflow/example_dags/example_external_task_marker_dag.py took 0.066 seconds
[2024-02-14T23:32:46.964+0000] {processor.py:161} INFO - Started process (PID=7694) to work on /home/ubuntu/reddit_venv/lib/python3.10/site-packages/airflow/example_dags/example_external_task_marker_dag.py
[2024-02-14T23:32:46.966+0000] {processor.py:830} INFO - Processing file /home/ubuntu/reddit_venv/lib/python3.10/site-packages/airflow/example_dags/example_external_task_marker_dag.py for tasks to queue
[2024-02-14T23:32:46.967+0000] {logging_mixin.py:188} INFO - [2024-02-14T23:32:46.966+0000] {dagbag.py:538} INFO - Filling up the DagBag from /home/ubuntu/reddit_venv/lib/python3.10/site-packages/airflow/example_dags/example_external_task_marker_dag.py
[2024-02-14T23:32:46.974+0000] {processor.py:840} INFO - DAG(s) 'example_external_task_marker_parent', 'example_external_task_marker_child' retrieved from /home/ubuntu/reddit_venv/lib/python3.10/site-packages/airflow/example_dags/example_external_task_marker_dag.py
[2024-02-14T23:32:46.993+0000] {logging_mixin.py:188} INFO - [2024-02-14T23:32:46.992+0000] {dag.py:3036} INFO - Sync 2 DAGs
[2024-02-14T23:32:47.004+0000] {logging_mixin.py:188} INFO - [2024-02-14T23:32:47.004+0000] {dag.py:3823} INFO - Setting next_dagrun for example_external_task_marker_child to None, run_after=None
[2024-02-14T23:32:47.008+0000] {logging_mixin.py:188} INFO - [2024-02-14T23:32:47.008+0000] {dag.py:3823} INFO - Setting next_dagrun for example_external_task_marker_parent to None, run_after=None
[2024-02-14T23:32:47.029+0000] {processor.py:183} INFO - Processing /home/ubuntu/reddit_venv/lib/python3.10/site-packages/airflow/example_dags/example_external_task_marker_dag.py took 0.069 seconds
[2024-02-14T23:33:42.664+0000] {processor.py:161} INFO - Started process (PID=7821) to work on /home/ubuntu/reddit_venv/lib/python3.10/site-packages/airflow/example_dags/example_external_task_marker_dag.py
[2024-02-14T23:33:42.666+0000] {processor.py:830} INFO - Processing file /home/ubuntu/reddit_venv/lib/python3.10/site-packages/airflow/example_dags/example_external_task_marker_dag.py for tasks to queue
[2024-02-14T23:33:42.667+0000] {logging_mixin.py:188} INFO - [2024-02-14T23:33:42.667+0000] {dagbag.py:538} INFO - Filling up the DagBag from /home/ubuntu/reddit_venv/lib/python3.10/site-packages/airflow/example_dags/example_external_task_marker_dag.py
[2024-02-14T23:33:42.674+0000] {processor.py:840} INFO - DAG(s) 'example_external_task_marker_child', 'example_external_task_marker_parent' retrieved from /home/ubuntu/reddit_venv/lib/python3.10/site-packages/airflow/example_dags/example_external_task_marker_dag.py
[2024-02-14T23:33:42.692+0000] {logging_mixin.py:188} INFO - [2024-02-14T23:33:42.692+0000] {dag.py:3036} INFO - Sync 2 DAGs
[2024-02-14T23:33:42.704+0000] {logging_mixin.py:188} INFO - [2024-02-14T23:33:42.704+0000] {dag.py:3823} INFO - Setting next_dagrun for example_external_task_marker_child to None, run_after=None
[2024-02-14T23:33:42.707+0000] {logging_mixin.py:188} INFO - [2024-02-14T23:33:42.707+0000] {dag.py:3823} INFO - Setting next_dagrun for example_external_task_marker_parent to None, run_after=None
[2024-02-14T23:33:42.726+0000] {processor.py:183} INFO - Processing /home/ubuntu/reddit_venv/lib/python3.10/site-packages/airflow/example_dags/example_external_task_marker_dag.py took 0.065 seconds
[2024-02-14T23:34:37.745+0000] {processor.py:161} INFO - Started process (PID=7946) to work on /home/ubuntu/reddit_venv/lib/python3.10/site-packages/airflow/example_dags/example_external_task_marker_dag.py
[2024-02-14T23:34:37.747+0000] {processor.py:830} INFO - Processing file /home/ubuntu/reddit_venv/lib/python3.10/site-packages/airflow/example_dags/example_external_task_marker_dag.py for tasks to queue
[2024-02-14T23:34:37.748+0000] {logging_mixin.py:188} INFO - [2024-02-14T23:34:37.747+0000] {dagbag.py:538} INFO - Filling up the DagBag from /home/ubuntu/reddit_venv/lib/python3.10/site-packages/airflow/example_dags/example_external_task_marker_dag.py
[2024-02-14T23:34:37.755+0000] {processor.py:840} INFO - DAG(s) 'example_external_task_marker_parent', 'example_external_task_marker_child' retrieved from /home/ubuntu/reddit_venv/lib/python3.10/site-packages/airflow/example_dags/example_external_task_marker_dag.py
[2024-02-14T23:34:37.774+0000] {logging_mixin.py:188} INFO - [2024-02-14T23:34:37.774+0000] {dag.py:3036} INFO - Sync 2 DAGs
[2024-02-14T23:34:37.787+0000] {logging_mixin.py:188} INFO - [2024-02-14T23:34:37.787+0000] {dag.py:3823} INFO - Setting next_dagrun for example_external_task_marker_child to None, run_after=None
[2024-02-14T23:34:37.790+0000] {logging_mixin.py:188} INFO - [2024-02-14T23:34:37.790+0000] {dag.py:3823} INFO - Setting next_dagrun for example_external_task_marker_parent to None, run_after=None
[2024-02-14T23:34:37.811+0000] {processor.py:183} INFO - Processing /home/ubuntu/reddit_venv/lib/python3.10/site-packages/airflow/example_dags/example_external_task_marker_dag.py took 0.069 seconds
[2024-02-14T23:35:34.920+0000] {processor.py:161} INFO - Started process (PID=8073) to work on /home/ubuntu/reddit_venv/lib/python3.10/site-packages/airflow/example_dags/example_external_task_marker_dag.py
[2024-02-14T23:35:34.921+0000] {processor.py:830} INFO - Processing file /home/ubuntu/reddit_venv/lib/python3.10/site-packages/airflow/example_dags/example_external_task_marker_dag.py for tasks to queue
[2024-02-14T23:35:34.922+0000] {logging_mixin.py:188} INFO - [2024-02-14T23:35:34.922+0000] {dagbag.py:538} INFO - Filling up the DagBag from /home/ubuntu/reddit_venv/lib/python3.10/site-packages/airflow/example_dags/example_external_task_marker_dag.py
[2024-02-14T23:35:34.929+0000] {processor.py:840} INFO - DAG(s) 'example_external_task_marker_child', 'example_external_task_marker_parent' retrieved from /home/ubuntu/reddit_venv/lib/python3.10/site-packages/airflow/example_dags/example_external_task_marker_dag.py
[2024-02-14T23:35:34.948+0000] {logging_mixin.py:188} INFO - [2024-02-14T23:35:34.948+0000] {dag.py:3036} INFO - Sync 2 DAGs
[2024-02-14T23:35:34.960+0000] {logging_mixin.py:188} INFO - [2024-02-14T23:35:34.960+0000] {dag.py:3823} INFO - Setting next_dagrun for example_external_task_marker_child to None, run_after=None
[2024-02-14T23:35:34.963+0000] {logging_mixin.py:188} INFO - [2024-02-14T23:35:34.963+0000] {dag.py:3823} INFO - Setting next_dagrun for example_external_task_marker_parent to None, run_after=None
[2024-02-14T23:35:34.983+0000] {processor.py:183} INFO - Processing /home/ubuntu/reddit_venv/lib/python3.10/site-packages/airflow/example_dags/example_external_task_marker_dag.py took 0.067 seconds
[2024-02-14T23:36:32.075+0000] {processor.py:161} INFO - Started process (PID=8196) to work on /home/ubuntu/reddit_venv/lib/python3.10/site-packages/airflow/example_dags/example_external_task_marker_dag.py
[2024-02-14T23:36:32.077+0000] {processor.py:830} INFO - Processing file /home/ubuntu/reddit_venv/lib/python3.10/site-packages/airflow/example_dags/example_external_task_marker_dag.py for tasks to queue
[2024-02-14T23:36:32.078+0000] {logging_mixin.py:188} INFO - [2024-02-14T23:36:32.077+0000] {dagbag.py:538} INFO - Filling up the DagBag from /home/ubuntu/reddit_venv/lib/python3.10/site-packages/airflow/example_dags/example_external_task_marker_dag.py
[2024-02-14T23:36:32.085+0000] {processor.py:840} INFO - DAG(s) 'example_external_task_marker_parent', 'example_external_task_marker_child' retrieved from /home/ubuntu/reddit_venv/lib/python3.10/site-packages/airflow/example_dags/example_external_task_marker_dag.py
[2024-02-14T23:36:32.103+0000] {logging_mixin.py:188} INFO - [2024-02-14T23:36:32.103+0000] {dag.py:3036} INFO - Sync 2 DAGs
[2024-02-14T23:36:32.115+0000] {logging_mixin.py:188} INFO - [2024-02-14T23:36:32.114+0000] {dag.py:3823} INFO - Setting next_dagrun for example_external_task_marker_child to None, run_after=None
[2024-02-14T23:36:32.118+0000] {logging_mixin.py:188} INFO - [2024-02-14T23:36:32.118+0000] {dag.py:3823} INFO - Setting next_dagrun for example_external_task_marker_parent to None, run_after=None
[2024-02-14T23:36:32.138+0000] {processor.py:183} INFO - Processing /home/ubuntu/reddit_venv/lib/python3.10/site-packages/airflow/example_dags/example_external_task_marker_dag.py took 0.066 seconds
[2024-02-14T23:37:32.178+0000] {processor.py:161} INFO - Started process (PID=8329) to work on /home/ubuntu/reddit_venv/lib/python3.10/site-packages/airflow/example_dags/example_external_task_marker_dag.py
[2024-02-14T23:37:32.179+0000] {processor.py:830} INFO - Processing file /home/ubuntu/reddit_venv/lib/python3.10/site-packages/airflow/example_dags/example_external_task_marker_dag.py for tasks to queue
[2024-02-14T23:37:32.180+0000] {logging_mixin.py:188} INFO - [2024-02-14T23:37:32.180+0000] {dagbag.py:538} INFO - Filling up the DagBag from /home/ubuntu/reddit_venv/lib/python3.10/site-packages/airflow/example_dags/example_external_task_marker_dag.py
[2024-02-14T23:37:32.187+0000] {processor.py:840} INFO - DAG(s) 'example_external_task_marker_child', 'example_external_task_marker_parent' retrieved from /home/ubuntu/reddit_venv/lib/python3.10/site-packages/airflow/example_dags/example_external_task_marker_dag.py
[2024-02-14T23:37:32.207+0000] {logging_mixin.py:188} INFO - [2024-02-14T23:37:32.207+0000] {dag.py:3036} INFO - Sync 2 DAGs
[2024-02-14T23:37:32.219+0000] {logging_mixin.py:188} INFO - [2024-02-14T23:37:32.219+0000] {dag.py:3823} INFO - Setting next_dagrun for example_external_task_marker_child to None, run_after=None
[2024-02-14T23:37:32.222+0000] {logging_mixin.py:188} INFO - [2024-02-14T23:37:32.222+0000] {dag.py:3823} INFO - Setting next_dagrun for example_external_task_marker_parent to None, run_after=None
[2024-02-14T23:37:32.244+0000] {processor.py:183} INFO - Processing /home/ubuntu/reddit_venv/lib/python3.10/site-packages/airflow/example_dags/example_external_task_marker_dag.py took 0.069 seconds
[2024-02-14T23:38:29.327+0000] {processor.py:161} INFO - Started process (PID=8755) to work on /home/ubuntu/reddit_venv/lib/python3.10/site-packages/airflow/example_dags/example_external_task_marker_dag.py
[2024-02-14T23:38:29.329+0000] {processor.py:830} INFO - Processing file /home/ubuntu/reddit_venv/lib/python3.10/site-packages/airflow/example_dags/example_external_task_marker_dag.py for tasks to queue
[2024-02-14T23:38:29.330+0000] {logging_mixin.py:188} INFO - [2024-02-14T23:38:29.329+0000] {dagbag.py:538} INFO - Filling up the DagBag from /home/ubuntu/reddit_venv/lib/python3.10/site-packages/airflow/example_dags/example_external_task_marker_dag.py
[2024-02-14T23:38:29.336+0000] {processor.py:840} INFO - DAG(s) 'example_external_task_marker_child', 'example_external_task_marker_parent' retrieved from /home/ubuntu/reddit_venv/lib/python3.10/site-packages/airflow/example_dags/example_external_task_marker_dag.py
[2024-02-14T23:38:29.355+0000] {logging_mixin.py:188} INFO - [2024-02-14T23:38:29.355+0000] {dag.py:3036} INFO - Sync 2 DAGs
[2024-02-14T23:38:29.368+0000] {logging_mixin.py:188} INFO - [2024-02-14T23:38:29.367+0000] {dag.py:3823} INFO - Setting next_dagrun for example_external_task_marker_child to None, run_after=None
[2024-02-14T23:38:29.371+0000] {logging_mixin.py:188} INFO - [2024-02-14T23:38:29.371+0000] {dag.py:3823} INFO - Setting next_dagrun for example_external_task_marker_parent to None, run_after=None
[2024-02-14T23:38:29.391+0000] {processor.py:183} INFO - Processing /home/ubuntu/reddit_venv/lib/python3.10/site-packages/airflow/example_dags/example_external_task_marker_dag.py took 0.068 seconds
[2024-02-14T23:39:25.785+0000] {processor.py:161} INFO - Started process (PID=9189) to work on /home/ubuntu/reddit_venv/lib/python3.10/site-packages/airflow/example_dags/example_external_task_marker_dag.py
[2024-02-14T23:39:25.787+0000] {processor.py:830} INFO - Processing file /home/ubuntu/reddit_venv/lib/python3.10/site-packages/airflow/example_dags/example_external_task_marker_dag.py for tasks to queue
[2024-02-14T23:39:25.788+0000] {logging_mixin.py:188} INFO - [2024-02-14T23:39:25.787+0000] {dagbag.py:538} INFO - Filling up the DagBag from /home/ubuntu/reddit_venv/lib/python3.10/site-packages/airflow/example_dags/example_external_task_marker_dag.py
[2024-02-14T23:39:25.795+0000] {processor.py:840} INFO - DAG(s) 'example_external_task_marker_child', 'example_external_task_marker_parent' retrieved from /home/ubuntu/reddit_venv/lib/python3.10/site-packages/airflow/example_dags/example_external_task_marker_dag.py
[2024-02-14T23:39:25.813+0000] {logging_mixin.py:188} INFO - [2024-02-14T23:39:25.813+0000] {dag.py:3036} INFO - Sync 2 DAGs
[2024-02-14T23:39:25.825+0000] {logging_mixin.py:188} INFO - [2024-02-14T23:39:25.824+0000] {dag.py:3823} INFO - Setting next_dagrun for example_external_task_marker_child to None, run_after=None
[2024-02-14T23:39:25.828+0000] {logging_mixin.py:188} INFO - [2024-02-14T23:39:25.828+0000] {dag.py:3823} INFO - Setting next_dagrun for example_external_task_marker_parent to None, run_after=None
[2024-02-14T23:39:25.847+0000] {processor.py:183} INFO - Processing /home/ubuntu/reddit_venv/lib/python3.10/site-packages/airflow/example_dags/example_external_task_marker_dag.py took 0.065 seconds
[2024-02-14T23:40:21.972+0000] {processor.py:161} INFO - Started process (PID=9316) to work on /home/ubuntu/reddit_venv/lib/python3.10/site-packages/airflow/example_dags/example_external_task_marker_dag.py
[2024-02-14T23:40:21.973+0000] {processor.py:830} INFO - Processing file /home/ubuntu/reddit_venv/lib/python3.10/site-packages/airflow/example_dags/example_external_task_marker_dag.py for tasks to queue
[2024-02-14T23:40:21.974+0000] {logging_mixin.py:188} INFO - [2024-02-14T23:40:21.974+0000] {dagbag.py:538} INFO - Filling up the DagBag from /home/ubuntu/reddit_venv/lib/python3.10/site-packages/airflow/example_dags/example_external_task_marker_dag.py
[2024-02-14T23:40:21.982+0000] {processor.py:840} INFO - DAG(s) 'example_external_task_marker_child', 'example_external_task_marker_parent' retrieved from /home/ubuntu/reddit_venv/lib/python3.10/site-packages/airflow/example_dags/example_external_task_marker_dag.py
[2024-02-14T23:40:22.001+0000] {logging_mixin.py:188} INFO - [2024-02-14T23:40:22.000+0000] {dag.py:3036} INFO - Sync 2 DAGs
[2024-02-14T23:40:22.013+0000] {logging_mixin.py:188} INFO - [2024-02-14T23:40:22.013+0000] {dag.py:3823} INFO - Setting next_dagrun for example_external_task_marker_child to None, run_after=None
[2024-02-14T23:40:22.016+0000] {logging_mixin.py:188} INFO - [2024-02-14T23:40:22.016+0000] {dag.py:3823} INFO - Setting next_dagrun for example_external_task_marker_parent to None, run_after=None
[2024-02-14T23:40:22.038+0000] {processor.py:183} INFO - Processing /home/ubuntu/reddit_venv/lib/python3.10/site-packages/airflow/example_dags/example_external_task_marker_dag.py took 0.070 seconds
[2024-02-14T23:41:19.942+0000] {processor.py:161} INFO - Started process (PID=9439) to work on /home/ubuntu/reddit_venv/lib/python3.10/site-packages/airflow/example_dags/example_external_task_marker_dag.py
[2024-02-14T23:41:19.944+0000] {processor.py:830} INFO - Processing file /home/ubuntu/reddit_venv/lib/python3.10/site-packages/airflow/example_dags/example_external_task_marker_dag.py for tasks to queue
[2024-02-14T23:41:19.945+0000] {logging_mixin.py:188} INFO - [2024-02-14T23:41:19.945+0000] {dagbag.py:538} INFO - Filling up the DagBag from /home/ubuntu/reddit_venv/lib/python3.10/site-packages/airflow/example_dags/example_external_task_marker_dag.py
[2024-02-14T23:41:19.952+0000] {processor.py:840} INFO - DAG(s) 'example_external_task_marker_child', 'example_external_task_marker_parent' retrieved from /home/ubuntu/reddit_venv/lib/python3.10/site-packages/airflow/example_dags/example_external_task_marker_dag.py
[2024-02-14T23:41:19.972+0000] {logging_mixin.py:188} INFO - [2024-02-14T23:41:19.971+0000] {dag.py:3036} INFO - Sync 2 DAGs
[2024-02-14T23:41:19.984+0000] {logging_mixin.py:188} INFO - [2024-02-14T23:41:19.983+0000] {dag.py:3823} INFO - Setting next_dagrun for example_external_task_marker_child to None, run_after=None
[2024-02-14T23:41:19.987+0000] {logging_mixin.py:188} INFO - [2024-02-14T23:41:19.987+0000] {dag.py:3823} INFO - Setting next_dagrun for example_external_task_marker_parent to None, run_after=None
[2024-02-14T23:41:20.023+0000] {processor.py:183} INFO - Processing /home/ubuntu/reddit_venv/lib/python3.10/site-packages/airflow/example_dags/example_external_task_marker_dag.py took 0.084 seconds
[2024-02-14T23:42:14.897+0000] {processor.py:161} INFO - Started process (PID=9564) to work on /home/ubuntu/reddit_venv/lib/python3.10/site-packages/airflow/example_dags/example_external_task_marker_dag.py
[2024-02-14T23:42:14.898+0000] {processor.py:830} INFO - Processing file /home/ubuntu/reddit_venv/lib/python3.10/site-packages/airflow/example_dags/example_external_task_marker_dag.py for tasks to queue
[2024-02-14T23:42:14.899+0000] {logging_mixin.py:188} INFO - [2024-02-14T23:42:14.899+0000] {dagbag.py:538} INFO - Filling up the DagBag from /home/ubuntu/reddit_venv/lib/python3.10/site-packages/airflow/example_dags/example_external_task_marker_dag.py
[2024-02-14T23:42:14.906+0000] {processor.py:840} INFO - DAG(s) 'example_external_task_marker_child', 'example_external_task_marker_parent' retrieved from /home/ubuntu/reddit_venv/lib/python3.10/site-packages/airflow/example_dags/example_external_task_marker_dag.py
[2024-02-14T23:42:14.924+0000] {logging_mixin.py:188} INFO - [2024-02-14T23:42:14.924+0000] {dag.py:3036} INFO - Sync 2 DAGs
[2024-02-14T23:42:14.936+0000] {logging_mixin.py:188} INFO - [2024-02-14T23:42:14.936+0000] {dag.py:3823} INFO - Setting next_dagrun for example_external_task_marker_child to None, run_after=None
[2024-02-14T23:42:14.940+0000] {logging_mixin.py:188} INFO - [2024-02-14T23:42:14.939+0000] {dag.py:3823} INFO - Setting next_dagrun for example_external_task_marker_parent to None, run_after=None
[2024-02-14T23:42:14.960+0000] {processor.py:183} INFO - Processing /home/ubuntu/reddit_venv/lib/python3.10/site-packages/airflow/example_dags/example_external_task_marker_dag.py took 0.067 seconds
[2024-02-14T23:43:12.806+0000] {processor.py:161} INFO - Started process (PID=9689) to work on /home/ubuntu/reddit_venv/lib/python3.10/site-packages/airflow/example_dags/example_external_task_marker_dag.py
[2024-02-14T23:43:12.808+0000] {processor.py:830} INFO - Processing file /home/ubuntu/reddit_venv/lib/python3.10/site-packages/airflow/example_dags/example_external_task_marker_dag.py for tasks to queue
[2024-02-14T23:43:12.809+0000] {logging_mixin.py:188} INFO - [2024-02-14T23:43:12.808+0000] {dagbag.py:538} INFO - Filling up the DagBag from /home/ubuntu/reddit_venv/lib/python3.10/site-packages/airflow/example_dags/example_external_task_marker_dag.py
[2024-02-14T23:43:12.815+0000] {processor.py:840} INFO - DAG(s) 'example_external_task_marker_parent', 'example_external_task_marker_child' retrieved from /home/ubuntu/reddit_venv/lib/python3.10/site-packages/airflow/example_dags/example_external_task_marker_dag.py
[2024-02-14T23:43:12.834+0000] {logging_mixin.py:188} INFO - [2024-02-14T23:43:12.834+0000] {dag.py:3036} INFO - Sync 2 DAGs
[2024-02-14T23:43:12.846+0000] {logging_mixin.py:188} INFO - [2024-02-14T23:43:12.846+0000] {dag.py:3823} INFO - Setting next_dagrun for example_external_task_marker_child to None, run_after=None
[2024-02-14T23:43:12.849+0000] {logging_mixin.py:188} INFO - [2024-02-14T23:43:12.849+0000] {dag.py:3823} INFO - Setting next_dagrun for example_external_task_marker_parent to None, run_after=None
[2024-02-14T23:43:12.871+0000] {processor.py:183} INFO - Processing /home/ubuntu/reddit_venv/lib/python3.10/site-packages/airflow/example_dags/example_external_task_marker_dag.py took 0.069 seconds
[2024-02-14T23:44:14.898+0000] {processor.py:161} INFO - Started process (PID=9821) to work on /home/ubuntu/reddit_venv/lib/python3.10/site-packages/airflow/example_dags/example_external_task_marker_dag.py
[2024-02-14T23:44:14.900+0000] {processor.py:830} INFO - Processing file /home/ubuntu/reddit_venv/lib/python3.10/site-packages/airflow/example_dags/example_external_task_marker_dag.py for tasks to queue
[2024-02-14T23:44:14.901+0000] {logging_mixin.py:188} INFO - [2024-02-14T23:44:14.901+0000] {dagbag.py:538} INFO - Filling up the DagBag from /home/ubuntu/reddit_venv/lib/python3.10/site-packages/airflow/example_dags/example_external_task_marker_dag.py
[2024-02-14T23:44:14.908+0000] {processor.py:840} INFO - DAG(s) 'example_external_task_marker_child', 'example_external_task_marker_parent' retrieved from /home/ubuntu/reddit_venv/lib/python3.10/site-packages/airflow/example_dags/example_external_task_marker_dag.py
[2024-02-14T23:44:14.926+0000] {logging_mixin.py:188} INFO - [2024-02-14T23:44:14.926+0000] {dag.py:3036} INFO - Sync 2 DAGs
[2024-02-14T23:44:14.938+0000] {logging_mixin.py:188} INFO - [2024-02-14T23:44:14.938+0000] {dag.py:3823} INFO - Setting next_dagrun for example_external_task_marker_child to None, run_after=None
[2024-02-14T23:44:14.942+0000] {logging_mixin.py:188} INFO - [2024-02-14T23:44:14.941+0000] {dag.py:3823} INFO - Setting next_dagrun for example_external_task_marker_parent to None, run_after=None
[2024-02-14T23:44:14.962+0000] {processor.py:183} INFO - Processing /home/ubuntu/reddit_venv/lib/python3.10/site-packages/airflow/example_dags/example_external_task_marker_dag.py took 0.067 seconds
[2024-02-14T23:45:11.323+0000] {processor.py:161} INFO - Started process (PID=10254) to work on /home/ubuntu/reddit_venv/lib/python3.10/site-packages/airflow/example_dags/example_external_task_marker_dag.py
[2024-02-14T23:45:11.327+0000] {processor.py:830} INFO - Processing file /home/ubuntu/reddit_venv/lib/python3.10/site-packages/airflow/example_dags/example_external_task_marker_dag.py for tasks to queue
[2024-02-14T23:45:11.328+0000] {logging_mixin.py:188} INFO - [2024-02-14T23:45:11.327+0000] {dagbag.py:538} INFO - Filling up the DagBag from /home/ubuntu/reddit_venv/lib/python3.10/site-packages/airflow/example_dags/example_external_task_marker_dag.py
[2024-02-14T23:45:11.334+0000] {processor.py:840} INFO - DAG(s) 'example_external_task_marker_parent', 'example_external_task_marker_child' retrieved from /home/ubuntu/reddit_venv/lib/python3.10/site-packages/airflow/example_dags/example_external_task_marker_dag.py
[2024-02-14T23:45:11.354+0000] {logging_mixin.py:188} INFO - [2024-02-14T23:45:11.354+0000] {dag.py:3036} INFO - Sync 2 DAGs
[2024-02-14T23:45:11.366+0000] {logging_mixin.py:188} INFO - [2024-02-14T23:45:11.366+0000] {dag.py:3823} INFO - Setting next_dagrun for example_external_task_marker_child to None, run_after=None
[2024-02-14T23:45:11.369+0000] {logging_mixin.py:188} INFO - [2024-02-14T23:45:11.369+0000] {dag.py:3823} INFO - Setting next_dagrun for example_external_task_marker_parent to None, run_after=None
[2024-02-14T23:45:11.389+0000] {processor.py:183} INFO - Processing /home/ubuntu/reddit_venv/lib/python3.10/site-packages/airflow/example_dags/example_external_task_marker_dag.py took 0.070 seconds
[2024-02-14T23:46:05.964+0000] {processor.py:161} INFO - Started process (PID=10379) to work on /home/ubuntu/reddit_venv/lib/python3.10/site-packages/airflow/example_dags/example_external_task_marker_dag.py
[2024-02-14T23:46:05.966+0000] {processor.py:830} INFO - Processing file /home/ubuntu/reddit_venv/lib/python3.10/site-packages/airflow/example_dags/example_external_task_marker_dag.py for tasks to queue
[2024-02-14T23:46:05.967+0000] {logging_mixin.py:188} INFO - [2024-02-14T23:46:05.966+0000] {dagbag.py:538} INFO - Filling up the DagBag from /home/ubuntu/reddit_venv/lib/python3.10/site-packages/airflow/example_dags/example_external_task_marker_dag.py
[2024-02-14T23:46:05.973+0000] {processor.py:840} INFO - DAG(s) 'example_external_task_marker_parent', 'example_external_task_marker_child' retrieved from /home/ubuntu/reddit_venv/lib/python3.10/site-packages/airflow/example_dags/example_external_task_marker_dag.py
[2024-02-14T23:46:05.992+0000] {logging_mixin.py:188} INFO - [2024-02-14T23:46:05.992+0000] {dag.py:3036} INFO - Sync 2 DAGs
[2024-02-14T23:46:06.004+0000] {logging_mixin.py:188} INFO - [2024-02-14T23:46:06.003+0000] {dag.py:3823} INFO - Setting next_dagrun for example_external_task_marker_child to None, run_after=None
[2024-02-14T23:46:06.007+0000] {logging_mixin.py:188} INFO - [2024-02-14T23:46:06.007+0000] {dag.py:3823} INFO - Setting next_dagrun for example_external_task_marker_parent to None, run_after=None
[2024-02-14T23:46:06.028+0000] {processor.py:183} INFO - Processing /home/ubuntu/reddit_venv/lib/python3.10/site-packages/airflow/example_dags/example_external_task_marker_dag.py took 0.067 seconds
[2024-02-14T23:47:00.838+0000] {processor.py:161} INFO - Started process (PID=10500) to work on /home/ubuntu/reddit_venv/lib/python3.10/site-packages/airflow/example_dags/example_external_task_marker_dag.py
[2024-02-14T23:47:00.840+0000] {processor.py:830} INFO - Processing file /home/ubuntu/reddit_venv/lib/python3.10/site-packages/airflow/example_dags/example_external_task_marker_dag.py for tasks to queue
[2024-02-14T23:47:00.840+0000] {logging_mixin.py:188} INFO - [2024-02-14T23:47:00.840+0000] {dagbag.py:538} INFO - Filling up the DagBag from /home/ubuntu/reddit_venv/lib/python3.10/site-packages/airflow/example_dags/example_external_task_marker_dag.py
[2024-02-14T23:47:00.847+0000] {processor.py:840} INFO - DAG(s) 'example_external_task_marker_parent', 'example_external_task_marker_child' retrieved from /home/ubuntu/reddit_venv/lib/python3.10/site-packages/airflow/example_dags/example_external_task_marker_dag.py
[2024-02-14T23:47:00.866+0000] {logging_mixin.py:188} INFO - [2024-02-14T23:47:00.866+0000] {dag.py:3036} INFO - Sync 2 DAGs
[2024-02-14T23:47:00.878+0000] {logging_mixin.py:188} INFO - [2024-02-14T23:47:00.878+0000] {dag.py:3823} INFO - Setting next_dagrun for example_external_task_marker_child to None, run_after=None
[2024-02-14T23:47:00.881+0000] {logging_mixin.py:188} INFO - [2024-02-14T23:47:00.881+0000] {dag.py:3823} INFO - Setting next_dagrun for example_external_task_marker_parent to None, run_after=None
[2024-02-14T23:47:00.901+0000] {processor.py:183} INFO - Processing /home/ubuntu/reddit_venv/lib/python3.10/site-packages/airflow/example_dags/example_external_task_marker_dag.py took 0.066 seconds
[2024-02-14T23:47:59.116+0000] {processor.py:161} INFO - Started process (PID=10630) to work on /home/ubuntu/reddit_venv/lib/python3.10/site-packages/airflow/example_dags/example_external_task_marker_dag.py
[2024-02-14T23:47:59.118+0000] {processor.py:830} INFO - Processing file /home/ubuntu/reddit_venv/lib/python3.10/site-packages/airflow/example_dags/example_external_task_marker_dag.py for tasks to queue
[2024-02-14T23:47:59.119+0000] {logging_mixin.py:188} INFO - [2024-02-14T23:47:59.119+0000] {dagbag.py:538} INFO - Filling up the DagBag from /home/ubuntu/reddit_venv/lib/python3.10/site-packages/airflow/example_dags/example_external_task_marker_dag.py
[2024-02-14T23:47:59.126+0000] {processor.py:840} INFO - DAG(s) 'example_external_task_marker_parent', 'example_external_task_marker_child' retrieved from /home/ubuntu/reddit_venv/lib/python3.10/site-packages/airflow/example_dags/example_external_task_marker_dag.py
[2024-02-14T23:47:59.145+0000] {logging_mixin.py:188} INFO - [2024-02-14T23:47:59.145+0000] {dag.py:3036} INFO - Sync 2 DAGs
[2024-02-14T23:47:59.157+0000] {logging_mixin.py:188} INFO - [2024-02-14T23:47:59.157+0000] {dag.py:3823} INFO - Setting next_dagrun for example_external_task_marker_child to None, run_after=None
[2024-02-14T23:47:59.161+0000] {logging_mixin.py:188} INFO - [2024-02-14T23:47:59.161+0000] {dag.py:3823} INFO - Setting next_dagrun for example_external_task_marker_parent to None, run_after=None
[2024-02-14T23:47:59.182+0000] {processor.py:183} INFO - Processing /home/ubuntu/reddit_venv/lib/python3.10/site-packages/airflow/example_dags/example_external_task_marker_dag.py took 0.069 seconds
[2024-02-14T23:48:57.072+0000] {processor.py:161} INFO - Started process (PID=10755) to work on /home/ubuntu/reddit_venv/lib/python3.10/site-packages/airflow/example_dags/example_external_task_marker_dag.py
[2024-02-14T23:48:57.074+0000] {processor.py:830} INFO - Processing file /home/ubuntu/reddit_venv/lib/python3.10/site-packages/airflow/example_dags/example_external_task_marker_dag.py for tasks to queue
[2024-02-14T23:48:57.074+0000] {logging_mixin.py:188} INFO - [2024-02-14T23:48:57.074+0000] {dagbag.py:538} INFO - Filling up the DagBag from /home/ubuntu/reddit_venv/lib/python3.10/site-packages/airflow/example_dags/example_external_task_marker_dag.py
[2024-02-14T23:48:57.081+0000] {processor.py:840} INFO - DAG(s) 'example_external_task_marker_parent', 'example_external_task_marker_child' retrieved from /home/ubuntu/reddit_venv/lib/python3.10/site-packages/airflow/example_dags/example_external_task_marker_dag.py
[2024-02-14T23:48:57.100+0000] {logging_mixin.py:188} INFO - [2024-02-14T23:48:57.099+0000] {dag.py:3036} INFO - Sync 2 DAGs
[2024-02-14T23:48:57.112+0000] {logging_mixin.py:188} INFO - [2024-02-14T23:48:57.112+0000] {dag.py:3823} INFO - Setting next_dagrun for example_external_task_marker_child to None, run_after=None
[2024-02-14T23:48:57.115+0000] {logging_mixin.py:188} INFO - [2024-02-14T23:48:57.115+0000] {dag.py:3823} INFO - Setting next_dagrun for example_external_task_marker_parent to None, run_after=None
[2024-02-14T23:48:57.135+0000] {processor.py:183} INFO - Processing /home/ubuntu/reddit_venv/lib/python3.10/site-packages/airflow/example_dags/example_external_task_marker_dag.py took 0.067 seconds
[2024-02-14T23:49:49.035+0000] {processor.py:161} INFO - Started process (PID=10940) to work on /home/ubuntu/reddit_venv/lib/python3.10/site-packages/airflow/example_dags/example_external_task_marker_dag.py
[2024-02-14T23:49:49.036+0000] {processor.py:830} INFO - Processing file /home/ubuntu/reddit_venv/lib/python3.10/site-packages/airflow/example_dags/example_external_task_marker_dag.py for tasks to queue
[2024-02-14T23:49:49.037+0000] {logging_mixin.py:188} INFO - [2024-02-14T23:49:49.037+0000] {dagbag.py:538} INFO - Filling up the DagBag from /home/ubuntu/reddit_venv/lib/python3.10/site-packages/airflow/example_dags/example_external_task_marker_dag.py
[2024-02-14T23:49:49.044+0000] {processor.py:840} INFO - DAG(s) 'example_external_task_marker_parent', 'example_external_task_marker_child' retrieved from /home/ubuntu/reddit_venv/lib/python3.10/site-packages/airflow/example_dags/example_external_task_marker_dag.py
[2024-02-14T23:49:49.063+0000] {logging_mixin.py:188} INFO - [2024-02-14T23:49:49.063+0000] {dag.py:3036} INFO - Sync 2 DAGs
[2024-02-14T23:49:49.076+0000] {logging_mixin.py:188} INFO - [2024-02-14T23:49:49.076+0000] {dag.py:3823} INFO - Setting next_dagrun for example_external_task_marker_child to None, run_after=None
[2024-02-14T23:49:49.080+0000] {logging_mixin.py:188} INFO - [2024-02-14T23:49:49.080+0000] {dag.py:3823} INFO - Setting next_dagrun for example_external_task_marker_parent to None, run_after=None
[2024-02-14T23:49:49.102+0000] {processor.py:183} INFO - Processing /home/ubuntu/reddit_venv/lib/python3.10/site-packages/airflow/example_dags/example_external_task_marker_dag.py took 0.071 seconds
[2024-02-14T23:50:45.855+0000] {processor.py:161} INFO - Started process (PID=11063) to work on /home/ubuntu/reddit_venv/lib/python3.10/site-packages/airflow/example_dags/example_external_task_marker_dag.py
[2024-02-14T23:50:45.857+0000] {processor.py:830} INFO - Processing file /home/ubuntu/reddit_venv/lib/python3.10/site-packages/airflow/example_dags/example_external_task_marker_dag.py for tasks to queue
[2024-02-14T23:50:45.858+0000] {logging_mixin.py:188} INFO - [2024-02-14T23:50:45.858+0000] {dagbag.py:538} INFO - Filling up the DagBag from /home/ubuntu/reddit_venv/lib/python3.10/site-packages/airflow/example_dags/example_external_task_marker_dag.py
[2024-02-14T23:50:45.865+0000] {processor.py:840} INFO - DAG(s) 'example_external_task_marker_parent', 'example_external_task_marker_child' retrieved from /home/ubuntu/reddit_venv/lib/python3.10/site-packages/airflow/example_dags/example_external_task_marker_dag.py
[2024-02-14T23:50:45.884+0000] {logging_mixin.py:188} INFO - [2024-02-14T23:50:45.884+0000] {dag.py:3036} INFO - Sync 2 DAGs
[2024-02-14T23:50:45.896+0000] {logging_mixin.py:188} INFO - [2024-02-14T23:50:45.896+0000] {dag.py:3823} INFO - Setting next_dagrun for example_external_task_marker_child to None, run_after=None
[2024-02-14T23:50:45.900+0000] {logging_mixin.py:188} INFO - [2024-02-14T23:50:45.899+0000] {dag.py:3823} INFO - Setting next_dagrun for example_external_task_marker_parent to None, run_after=None
[2024-02-14T23:50:45.921+0000] {processor.py:183} INFO - Processing /home/ubuntu/reddit_venv/lib/python3.10/site-packages/airflow/example_dags/example_external_task_marker_dag.py took 0.070 seconds
[2024-02-14T23:51:45.021+0000] {processor.py:161} INFO - Started process (PID=11192) to work on /home/ubuntu/reddit_venv/lib/python3.10/site-packages/airflow/example_dags/example_external_task_marker_dag.py
[2024-02-14T23:51:45.023+0000] {processor.py:830} INFO - Processing file /home/ubuntu/reddit_venv/lib/python3.10/site-packages/airflow/example_dags/example_external_task_marker_dag.py for tasks to queue
[2024-02-14T23:51:45.024+0000] {logging_mixin.py:188} INFO - [2024-02-14T23:51:45.023+0000] {dagbag.py:538} INFO - Filling up the DagBag from /home/ubuntu/reddit_venv/lib/python3.10/site-packages/airflow/example_dags/example_external_task_marker_dag.py
[2024-02-14T23:51:45.030+0000] {processor.py:840} INFO - DAG(s) 'example_external_task_marker_child', 'example_external_task_marker_parent' retrieved from /home/ubuntu/reddit_venv/lib/python3.10/site-packages/airflow/example_dags/example_external_task_marker_dag.py
[2024-02-14T23:51:45.049+0000] {logging_mixin.py:188} INFO - [2024-02-14T23:51:45.048+0000] {dag.py:3036} INFO - Sync 2 DAGs
[2024-02-14T23:51:45.060+0000] {logging_mixin.py:188} INFO - [2024-02-14T23:51:45.060+0000] {dag.py:3823} INFO - Setting next_dagrun for example_external_task_marker_child to None, run_after=None
[2024-02-14T23:51:45.063+0000] {logging_mixin.py:188} INFO - [2024-02-14T23:51:45.063+0000] {dag.py:3823} INFO - Setting next_dagrun for example_external_task_marker_parent to None, run_after=None
[2024-02-14T23:51:45.083+0000] {processor.py:183} INFO - Processing /home/ubuntu/reddit_venv/lib/python3.10/site-packages/airflow/example_dags/example_external_task_marker_dag.py took 0.065 seconds
[2024-02-14T23:52:47.183+0000] {processor.py:161} INFO - Started process (PID=11321) to work on /home/ubuntu/reddit_venv/lib/python3.10/site-packages/airflow/example_dags/example_external_task_marker_dag.py
[2024-02-14T23:52:47.186+0000] {processor.py:830} INFO - Processing file /home/ubuntu/reddit_venv/lib/python3.10/site-packages/airflow/example_dags/example_external_task_marker_dag.py for tasks to queue
[2024-02-14T23:52:47.186+0000] {logging_mixin.py:188} INFO - [2024-02-14T23:52:47.186+0000] {dagbag.py:538} INFO - Filling up the DagBag from /home/ubuntu/reddit_venv/lib/python3.10/site-packages/airflow/example_dags/example_external_task_marker_dag.py
[2024-02-14T23:52:47.194+0000] {processor.py:840} INFO - DAG(s) 'example_external_task_marker_parent', 'example_external_task_marker_child' retrieved from /home/ubuntu/reddit_venv/lib/python3.10/site-packages/airflow/example_dags/example_external_task_marker_dag.py
[2024-02-14T23:52:47.213+0000] {logging_mixin.py:188} INFO - [2024-02-14T23:52:47.213+0000] {dag.py:3036} INFO - Sync 2 DAGs
[2024-02-14T23:52:47.226+0000] {logging_mixin.py:188} INFO - [2024-02-14T23:52:47.225+0000] {dag.py:3823} INFO - Setting next_dagrun for example_external_task_marker_child to None, run_after=None
[2024-02-14T23:52:47.229+0000] {logging_mixin.py:188} INFO - [2024-02-14T23:52:47.229+0000] {dag.py:3823} INFO - Setting next_dagrun for example_external_task_marker_parent to None, run_after=None
[2024-02-14T23:52:47.252+0000] {processor.py:183} INFO - Processing /home/ubuntu/reddit_venv/lib/python3.10/site-packages/airflow/example_dags/example_external_task_marker_dag.py took 0.072 seconds
[2024-02-14T23:53:50.337+0000] {processor.py:161} INFO - Started process (PID=11451) to work on /home/ubuntu/reddit_venv/lib/python3.10/site-packages/airflow/example_dags/example_external_task_marker_dag.py
[2024-02-14T23:53:50.338+0000] {processor.py:830} INFO - Processing file /home/ubuntu/reddit_venv/lib/python3.10/site-packages/airflow/example_dags/example_external_task_marker_dag.py for tasks to queue
[2024-02-14T23:53:50.339+0000] {logging_mixin.py:188} INFO - [2024-02-14T23:53:50.339+0000] {dagbag.py:538} INFO - Filling up the DagBag from /home/ubuntu/reddit_venv/lib/python3.10/site-packages/airflow/example_dags/example_external_task_marker_dag.py
[2024-02-14T23:53:50.346+0000] {processor.py:840} INFO - DAG(s) 'example_external_task_marker_parent', 'example_external_task_marker_child' retrieved from /home/ubuntu/reddit_venv/lib/python3.10/site-packages/airflow/example_dags/example_external_task_marker_dag.py
[2024-02-14T23:53:50.364+0000] {logging_mixin.py:188} INFO - [2024-02-14T23:53:50.364+0000] {dag.py:3036} INFO - Sync 2 DAGs
[2024-02-14T23:53:50.376+0000] {logging_mixin.py:188} INFO - [2024-02-14T23:53:50.376+0000] {dag.py:3823} INFO - Setting next_dagrun for example_external_task_marker_child to None, run_after=None
[2024-02-14T23:53:50.379+0000] {logging_mixin.py:188} INFO - [2024-02-14T23:53:50.379+0000] {dag.py:3823} INFO - Setting next_dagrun for example_external_task_marker_parent to None, run_after=None
[2024-02-14T23:53:50.399+0000] {processor.py:183} INFO - Processing /home/ubuntu/reddit_venv/lib/python3.10/site-packages/airflow/example_dags/example_external_task_marker_dag.py took 0.065 seconds
[2024-02-14T23:54:53.760+0000] {processor.py:161} INFO - Started process (PID=11644) to work on /home/ubuntu/reddit_venv/lib/python3.10/site-packages/airflow/example_dags/example_external_task_marker_dag.py
[2024-02-14T23:54:53.761+0000] {processor.py:830} INFO - Processing file /home/ubuntu/reddit_venv/lib/python3.10/site-packages/airflow/example_dags/example_external_task_marker_dag.py for tasks to queue
[2024-02-14T23:54:53.762+0000] {logging_mixin.py:188} INFO - [2024-02-14T23:54:53.762+0000] {dagbag.py:538} INFO - Filling up the DagBag from /home/ubuntu/reddit_venv/lib/python3.10/site-packages/airflow/example_dags/example_external_task_marker_dag.py
[2024-02-14T23:54:53.769+0000] {processor.py:840} INFO - DAG(s) 'example_external_task_marker_child', 'example_external_task_marker_parent' retrieved from /home/ubuntu/reddit_venv/lib/python3.10/site-packages/airflow/example_dags/example_external_task_marker_dag.py
[2024-02-14T23:54:53.787+0000] {logging_mixin.py:188} INFO - [2024-02-14T23:54:53.787+0000] {dag.py:3036} INFO - Sync 2 DAGs
[2024-02-14T23:54:53.799+0000] {logging_mixin.py:188} INFO - [2024-02-14T23:54:53.799+0000] {dag.py:3823} INFO - Setting next_dagrun for example_external_task_marker_child to None, run_after=None
[2024-02-14T23:54:53.802+0000] {logging_mixin.py:188} INFO - [2024-02-14T23:54:53.802+0000] {dag.py:3823} INFO - Setting next_dagrun for example_external_task_marker_parent to None, run_after=None
[2024-02-14T23:54:53.821+0000] {processor.py:183} INFO - Processing /home/ubuntu/reddit_venv/lib/python3.10/site-packages/airflow/example_dags/example_external_task_marker_dag.py took 0.065 seconds
[2024-02-14T23:55:51.257+0000] {processor.py:161} INFO - Started process (PID=11770) to work on /home/ubuntu/reddit_venv/lib/python3.10/site-packages/airflow/example_dags/example_external_task_marker_dag.py
[2024-02-14T23:55:51.258+0000] {processor.py:830} INFO - Processing file /home/ubuntu/reddit_venv/lib/python3.10/site-packages/airflow/example_dags/example_external_task_marker_dag.py for tasks to queue
[2024-02-14T23:55:51.259+0000] {logging_mixin.py:188} INFO - [2024-02-14T23:55:51.259+0000] {dagbag.py:538} INFO - Filling up the DagBag from /home/ubuntu/reddit_venv/lib/python3.10/site-packages/airflow/example_dags/example_external_task_marker_dag.py
[2024-02-14T23:55:51.267+0000] {processor.py:840} INFO - DAG(s) 'example_external_task_marker_child', 'example_external_task_marker_parent' retrieved from /home/ubuntu/reddit_venv/lib/python3.10/site-packages/airflow/example_dags/example_external_task_marker_dag.py
[2024-02-14T23:55:51.287+0000] {logging_mixin.py:188} INFO - [2024-02-14T23:55:51.286+0000] {dag.py:3036} INFO - Sync 2 DAGs
[2024-02-14T23:55:51.299+0000] {logging_mixin.py:188} INFO - [2024-02-14T23:55:51.298+0000] {dag.py:3823} INFO - Setting next_dagrun for example_external_task_marker_child to None, run_after=None
[2024-02-14T23:55:51.302+0000] {logging_mixin.py:188} INFO - [2024-02-14T23:55:51.302+0000] {dag.py:3823} INFO - Setting next_dagrun for example_external_task_marker_parent to None, run_after=None
[2024-02-14T23:55:51.322+0000] {processor.py:183} INFO - Processing /home/ubuntu/reddit_venv/lib/python3.10/site-packages/airflow/example_dags/example_external_task_marker_dag.py took 0.069 seconds
[2024-02-14T23:56:49.656+0000] {processor.py:161} INFO - Started process (PID=12552) to work on /home/ubuntu/reddit_venv/lib/python3.10/site-packages/airflow/example_dags/example_external_task_marker_dag.py
[2024-02-14T23:56:49.658+0000] {processor.py:830} INFO - Processing file /home/ubuntu/reddit_venv/lib/python3.10/site-packages/airflow/example_dags/example_external_task_marker_dag.py for tasks to queue
[2024-02-14T23:56:49.659+0000] {logging_mixin.py:188} INFO - [2024-02-14T23:56:49.658+0000] {dagbag.py:538} INFO - Filling up the DagBag from /home/ubuntu/reddit_venv/lib/python3.10/site-packages/airflow/example_dags/example_external_task_marker_dag.py
[2024-02-14T23:56:49.666+0000] {processor.py:840} INFO - DAG(s) 'example_external_task_marker_child', 'example_external_task_marker_parent' retrieved from /home/ubuntu/reddit_venv/lib/python3.10/site-packages/airflow/example_dags/example_external_task_marker_dag.py
[2024-02-14T23:56:49.684+0000] {logging_mixin.py:188} INFO - [2024-02-14T23:56:49.684+0000] {dag.py:3036} INFO - Sync 2 DAGs
[2024-02-14T23:56:49.697+0000] {logging_mixin.py:188} INFO - [2024-02-14T23:56:49.696+0000] {dag.py:3823} INFO - Setting next_dagrun for example_external_task_marker_child to None, run_after=None
[2024-02-14T23:56:49.700+0000] {logging_mixin.py:188} INFO - [2024-02-14T23:56:49.700+0000] {dag.py:3823} INFO - Setting next_dagrun for example_external_task_marker_parent to None, run_after=None
[2024-02-14T23:56:49.721+0000] {processor.py:183} INFO - Processing /home/ubuntu/reddit_venv/lib/python3.10/site-packages/airflow/example_dags/example_external_task_marker_dag.py took 0.069 seconds
[2024-02-14T23:57:47.287+0000] {processor.py:161} INFO - Started process (PID=19802) to work on /home/ubuntu/reddit_venv/lib/python3.10/site-packages/airflow/example_dags/example_external_task_marker_dag.py
[2024-02-14T23:57:47.290+0000] {processor.py:830} INFO - Processing file /home/ubuntu/reddit_venv/lib/python3.10/site-packages/airflow/example_dags/example_external_task_marker_dag.py for tasks to queue
[2024-02-14T23:57:47.291+0000] {logging_mixin.py:188} INFO - [2024-02-14T23:57:47.290+0000] {dagbag.py:538} INFO - Filling up the DagBag from /home/ubuntu/reddit_venv/lib/python3.10/site-packages/airflow/example_dags/example_external_task_marker_dag.py
[2024-02-14T23:57:47.298+0000] {processor.py:840} INFO - DAG(s) 'example_external_task_marker_child', 'example_external_task_marker_parent' retrieved from /home/ubuntu/reddit_venv/lib/python3.10/site-packages/airflow/example_dags/example_external_task_marker_dag.py
[2024-02-14T23:57:47.316+0000] {logging_mixin.py:188} INFO - [2024-02-14T23:57:47.316+0000] {dag.py:3036} INFO - Sync 2 DAGs
[2024-02-14T23:57:47.329+0000] {logging_mixin.py:188} INFO - [2024-02-14T23:57:47.329+0000] {dag.py:3823} INFO - Setting next_dagrun for example_external_task_marker_child to None, run_after=None
[2024-02-14T23:57:47.332+0000] {logging_mixin.py:188} INFO - [2024-02-14T23:57:47.332+0000] {dag.py:3823} INFO - Setting next_dagrun for example_external_task_marker_parent to None, run_after=None
[2024-02-14T23:57:47.352+0000] {processor.py:183} INFO - Processing /home/ubuntu/reddit_venv/lib/python3.10/site-packages/airflow/example_dags/example_external_task_marker_dag.py took 0.069 seconds
[2024-02-14T23:58:50.517+0000] {processor.py:161} INFO - Started process (PID=22410) to work on /home/ubuntu/reddit_venv/lib/python3.10/site-packages/airflow/example_dags/example_external_task_marker_dag.py
[2024-02-14T23:58:50.518+0000] {processor.py:830} INFO - Processing file /home/ubuntu/reddit_venv/lib/python3.10/site-packages/airflow/example_dags/example_external_task_marker_dag.py for tasks to queue
[2024-02-14T23:58:50.519+0000] {logging_mixin.py:188} INFO - [2024-02-14T23:58:50.519+0000] {dagbag.py:538} INFO - Filling up the DagBag from /home/ubuntu/reddit_venv/lib/python3.10/site-packages/airflow/example_dags/example_external_task_marker_dag.py
[2024-02-14T23:58:50.526+0000] {processor.py:840} INFO - DAG(s) 'example_external_task_marker_parent', 'example_external_task_marker_child' retrieved from /home/ubuntu/reddit_venv/lib/python3.10/site-packages/airflow/example_dags/example_external_task_marker_dag.py
[2024-02-14T23:58:50.545+0000] {logging_mixin.py:188} INFO - [2024-02-14T23:58:50.544+0000] {dag.py:3036} INFO - Sync 2 DAGs
[2024-02-14T23:58:50.556+0000] {logging_mixin.py:188} INFO - [2024-02-14T23:58:50.556+0000] {dag.py:3823} INFO - Setting next_dagrun for example_external_task_marker_child to None, run_after=None
[2024-02-14T23:58:50.560+0000] {logging_mixin.py:188} INFO - [2024-02-14T23:58:50.559+0000] {dag.py:3823} INFO - Setting next_dagrun for example_external_task_marker_parent to None, run_after=None
[2024-02-14T23:58:50.586+0000] {processor.py:183} INFO - Processing /home/ubuntu/reddit_venv/lib/python3.10/site-packages/airflow/example_dags/example_external_task_marker_dag.py took 0.073 seconds
[2024-02-14T23:59:51.161+0000] {processor.py:161} INFO - Started process (PID=22602) to work on /home/ubuntu/reddit_venv/lib/python3.10/site-packages/airflow/example_dags/example_external_task_marker_dag.py
[2024-02-14T23:59:51.162+0000] {processor.py:830} INFO - Processing file /home/ubuntu/reddit_venv/lib/python3.10/site-packages/airflow/example_dags/example_external_task_marker_dag.py for tasks to queue
[2024-02-14T23:59:51.163+0000] {logging_mixin.py:188} INFO - [2024-02-14T23:59:51.163+0000] {dagbag.py:538} INFO - Filling up the DagBag from /home/ubuntu/reddit_venv/lib/python3.10/site-packages/airflow/example_dags/example_external_task_marker_dag.py
[2024-02-14T23:59:51.170+0000] {processor.py:840} INFO - DAG(s) 'example_external_task_marker_parent', 'example_external_task_marker_child' retrieved from /home/ubuntu/reddit_venv/lib/python3.10/site-packages/airflow/example_dags/example_external_task_marker_dag.py
[2024-02-14T23:59:51.190+0000] {logging_mixin.py:188} INFO - [2024-02-14T23:59:51.189+0000] {dag.py:3036} INFO - Sync 2 DAGs
[2024-02-14T23:59:51.202+0000] {logging_mixin.py:188} INFO - [2024-02-14T23:59:51.202+0000] {dag.py:3823} INFO - Setting next_dagrun for example_external_task_marker_child to None, run_after=None
[2024-02-14T23:59:51.205+0000] {logging_mixin.py:188} INFO - [2024-02-14T23:59:51.205+0000] {dag.py:3823} INFO - Setting next_dagrun for example_external_task_marker_parent to None, run_after=None
[2024-02-14T23:59:51.226+0000] {processor.py:183} INFO - Processing /home/ubuntu/reddit_venv/lib/python3.10/site-packages/airflow/example_dags/example_external_task_marker_dag.py took 0.069 seconds
