[2024-02-14T23:10:07.709+0000] {processor.py:161} INFO - Started process (PID=1666) to work on /home/ubuntu/reddit_venv/lib/python3.10/site-packages/airflow/example_dags/example_dynamic_task_mapping.py
[2024-02-14T23:10:07.710+0000] {processor.py:830} INFO - Processing file /home/ubuntu/reddit_venv/lib/python3.10/site-packages/airflow/example_dags/example_dynamic_task_mapping.py for tasks to queue
[2024-02-14T23:10:07.711+0000] {logging_mixin.py:188} INFO - [2024-02-14T23:10:07.710+0000] {dagbag.py:538} INFO - Filling up the DagBag from /home/ubuntu/reddit_venv/lib/python3.10/site-packages/airflow/example_dags/example_dynamic_task_mapping.py
[2024-02-14T23:10:07.720+0000] {processor.py:840} INFO - DAG(s) 'example_dynamic_task_mapping' retrieved from /home/ubuntu/reddit_venv/lib/python3.10/site-packages/airflow/example_dags/example_dynamic_task_mapping.py
[2024-02-14T23:10:07.819+0000] {logging_mixin.py:188} INFO - [2024-02-14T23:10:07.819+0000] {dag.py:3036} INFO - Sync 1 DAGs
[2024-02-14T23:10:07.837+0000] {logging_mixin.py:188} INFO - [2024-02-14T23:10:07.837+0000] {dag.py:3823} INFO - Setting next_dagrun for example_dynamic_task_mapping to 2022-03-04 00:00:00+00:00, run_after=2022-03-05 00:00:00+00:00
[2024-02-14T23:10:07.859+0000] {processor.py:183} INFO - Processing /home/ubuntu/reddit_venv/lib/python3.10/site-packages/airflow/example_dags/example_dynamic_task_mapping.py took 0.154 seconds
[2024-02-14T23:11:12.393+0000] {processor.py:161} INFO - Started process (PID=1797) to work on /home/ubuntu/reddit_venv/lib/python3.10/site-packages/airflow/example_dags/example_dynamic_task_mapping.py
[2024-02-14T23:11:12.394+0000] {processor.py:830} INFO - Processing file /home/ubuntu/reddit_venv/lib/python3.10/site-packages/airflow/example_dags/example_dynamic_task_mapping.py for tasks to queue
[2024-02-14T23:11:12.395+0000] {logging_mixin.py:188} INFO - [2024-02-14T23:11:12.395+0000] {dagbag.py:538} INFO - Filling up the DagBag from /home/ubuntu/reddit_venv/lib/python3.10/site-packages/airflow/example_dags/example_dynamic_task_mapping.py
[2024-02-14T23:11:12.403+0000] {processor.py:840} INFO - DAG(s) 'example_dynamic_task_mapping' retrieved from /home/ubuntu/reddit_venv/lib/python3.10/site-packages/airflow/example_dags/example_dynamic_task_mapping.py
[2024-02-14T23:11:12.417+0000] {logging_mixin.py:188} INFO - [2024-02-14T23:11:12.417+0000] {dag.py:3036} INFO - Sync 1 DAGs
[2024-02-14T23:11:12.437+0000] {logging_mixin.py:188} INFO - [2024-02-14T23:11:12.437+0000] {dag.py:3823} INFO - Setting next_dagrun for example_dynamic_task_mapping to 2022-03-04 00:00:00+00:00, run_after=2022-03-05 00:00:00+00:00
[2024-02-14T23:11:12.458+0000] {processor.py:183} INFO - Processing /home/ubuntu/reddit_venv/lib/python3.10/site-packages/airflow/example_dags/example_dynamic_task_mapping.py took 0.068 seconds
[2024-02-14T23:12:09.961+0000] {processor.py:161} INFO - Started process (PID=1925) to work on /home/ubuntu/reddit_venv/lib/python3.10/site-packages/airflow/example_dags/example_dynamic_task_mapping.py
[2024-02-14T23:12:09.966+0000] {processor.py:830} INFO - Processing file /home/ubuntu/reddit_venv/lib/python3.10/site-packages/airflow/example_dags/example_dynamic_task_mapping.py for tasks to queue
[2024-02-14T23:12:09.967+0000] {logging_mixin.py:188} INFO - [2024-02-14T23:12:09.967+0000] {dagbag.py:538} INFO - Filling up the DagBag from /home/ubuntu/reddit_venv/lib/python3.10/site-packages/airflow/example_dags/example_dynamic_task_mapping.py
[2024-02-14T23:12:09.975+0000] {processor.py:840} INFO - DAG(s) 'example_dynamic_task_mapping' retrieved from /home/ubuntu/reddit_venv/lib/python3.10/site-packages/airflow/example_dags/example_dynamic_task_mapping.py
[2024-02-14T23:12:09.991+0000] {logging_mixin.py:188} INFO - [2024-02-14T23:12:09.991+0000] {dag.py:3036} INFO - Sync 1 DAGs
[2024-02-14T23:12:10.012+0000] {logging_mixin.py:188} INFO - [2024-02-14T23:12:10.011+0000] {dag.py:3823} INFO - Setting next_dagrun for example_dynamic_task_mapping to 2022-03-04 00:00:00+00:00, run_after=2022-03-05 00:00:00+00:00
[2024-02-14T23:12:10.034+0000] {processor.py:183} INFO - Processing /home/ubuntu/reddit_venv/lib/python3.10/site-packages/airflow/example_dags/example_dynamic_task_mapping.py took 0.077 seconds
[2024-02-14T23:13:09.852+0000] {processor.py:161} INFO - Started process (PID=2362) to work on /home/ubuntu/reddit_venv/lib/python3.10/site-packages/airflow/example_dags/example_dynamic_task_mapping.py
[2024-02-14T23:13:09.853+0000] {processor.py:830} INFO - Processing file /home/ubuntu/reddit_venv/lib/python3.10/site-packages/airflow/example_dags/example_dynamic_task_mapping.py for tasks to queue
[2024-02-14T23:13:09.854+0000] {logging_mixin.py:188} INFO - [2024-02-14T23:13:09.854+0000] {dagbag.py:538} INFO - Filling up the DagBag from /home/ubuntu/reddit_venv/lib/python3.10/site-packages/airflow/example_dags/example_dynamic_task_mapping.py
[2024-02-14T23:13:09.862+0000] {processor.py:840} INFO - DAG(s) 'example_dynamic_task_mapping' retrieved from /home/ubuntu/reddit_venv/lib/python3.10/site-packages/airflow/example_dags/example_dynamic_task_mapping.py
[2024-02-14T23:13:09.876+0000] {logging_mixin.py:188} INFO - [2024-02-14T23:13:09.876+0000] {dag.py:3036} INFO - Sync 1 DAGs
[2024-02-14T23:13:09.897+0000] {logging_mixin.py:188} INFO - [2024-02-14T23:13:09.897+0000] {dag.py:3823} INFO - Setting next_dagrun for example_dynamic_task_mapping to 2022-03-04 00:00:00+00:00, run_after=2022-03-05 00:00:00+00:00
[2024-02-14T23:13:09.918+0000] {processor.py:183} INFO - Processing /home/ubuntu/reddit_venv/lib/python3.10/site-packages/airflow/example_dags/example_dynamic_task_mapping.py took 0.069 seconds
[2024-02-14T23:14:08.322+0000] {processor.py:161} INFO - Started process (PID=2492) to work on /home/ubuntu/reddit_venv/lib/python3.10/site-packages/airflow/example_dags/example_dynamic_task_mapping.py
[2024-02-14T23:14:08.324+0000] {processor.py:830} INFO - Processing file /home/ubuntu/reddit_venv/lib/python3.10/site-packages/airflow/example_dags/example_dynamic_task_mapping.py for tasks to queue
[2024-02-14T23:14:08.325+0000] {logging_mixin.py:188} INFO - [2024-02-14T23:14:08.324+0000] {dagbag.py:538} INFO - Filling up the DagBag from /home/ubuntu/reddit_venv/lib/python3.10/site-packages/airflow/example_dags/example_dynamic_task_mapping.py
[2024-02-14T23:14:08.332+0000] {processor.py:840} INFO - DAG(s) 'example_dynamic_task_mapping' retrieved from /home/ubuntu/reddit_venv/lib/python3.10/site-packages/airflow/example_dags/example_dynamic_task_mapping.py
[2024-02-14T23:14:08.346+0000] {logging_mixin.py:188} INFO - [2024-02-14T23:14:08.346+0000] {dag.py:3036} INFO - Sync 1 DAGs
[2024-02-14T23:14:08.367+0000] {logging_mixin.py:188} INFO - [2024-02-14T23:14:08.367+0000] {dag.py:3823} INFO - Setting next_dagrun for example_dynamic_task_mapping to 2022-03-04 00:00:00+00:00, run_after=2022-03-05 00:00:00+00:00
[2024-02-14T23:14:08.389+0000] {processor.py:183} INFO - Processing /home/ubuntu/reddit_venv/lib/python3.10/site-packages/airflow/example_dags/example_dynamic_task_mapping.py took 0.071 seconds
[2024-02-14T23:15:09.227+0000] {processor.py:161} INFO - Started process (PID=2919) to work on /home/ubuntu/reddit_venv/lib/python3.10/site-packages/airflow/example_dags/example_dynamic_task_mapping.py
[2024-02-14T23:15:09.228+0000] {processor.py:830} INFO - Processing file /home/ubuntu/reddit_venv/lib/python3.10/site-packages/airflow/example_dags/example_dynamic_task_mapping.py for tasks to queue
[2024-02-14T23:15:09.229+0000] {logging_mixin.py:188} INFO - [2024-02-14T23:15:09.229+0000] {dagbag.py:538} INFO - Filling up the DagBag from /home/ubuntu/reddit_venv/lib/python3.10/site-packages/airflow/example_dags/example_dynamic_task_mapping.py
[2024-02-14T23:15:09.237+0000] {processor.py:840} INFO - DAG(s) 'example_dynamic_task_mapping' retrieved from /home/ubuntu/reddit_venv/lib/python3.10/site-packages/airflow/example_dags/example_dynamic_task_mapping.py
[2024-02-14T23:15:09.252+0000] {logging_mixin.py:188} INFO - [2024-02-14T23:15:09.252+0000] {dag.py:3036} INFO - Sync 1 DAGs
[2024-02-14T23:15:09.274+0000] {logging_mixin.py:188} INFO - [2024-02-14T23:15:09.274+0000] {dag.py:3823} INFO - Setting next_dagrun for example_dynamic_task_mapping to 2022-03-04 00:00:00+00:00, run_after=2022-03-05 00:00:00+00:00
[2024-02-14T23:15:09.296+0000] {processor.py:183} INFO - Processing /home/ubuntu/reddit_venv/lib/python3.10/site-packages/airflow/example_dags/example_dynamic_task_mapping.py took 0.073 seconds
[2024-02-14T23:16:09.466+0000] {processor.py:161} INFO - Started process (PID=3170) to work on /home/ubuntu/reddit_venv/lib/python3.10/site-packages/airflow/example_dags/example_dynamic_task_mapping.py
[2024-02-14T23:16:09.468+0000] {processor.py:830} INFO - Processing file /home/ubuntu/reddit_venv/lib/python3.10/site-packages/airflow/example_dags/example_dynamic_task_mapping.py for tasks to queue
[2024-02-14T23:16:09.468+0000] {logging_mixin.py:188} INFO - [2024-02-14T23:16:09.468+0000] {dagbag.py:538} INFO - Filling up the DagBag from /home/ubuntu/reddit_venv/lib/python3.10/site-packages/airflow/example_dags/example_dynamic_task_mapping.py
[2024-02-14T23:16:09.476+0000] {processor.py:840} INFO - DAG(s) 'example_dynamic_task_mapping' retrieved from /home/ubuntu/reddit_venv/lib/python3.10/site-packages/airflow/example_dags/example_dynamic_task_mapping.py
[2024-02-14T23:16:09.491+0000] {logging_mixin.py:188} INFO - [2024-02-14T23:16:09.491+0000] {dag.py:3036} INFO - Sync 1 DAGs
[2024-02-14T23:16:09.512+0000] {logging_mixin.py:188} INFO - [2024-02-14T23:16:09.511+0000] {dag.py:3823} INFO - Setting next_dagrun for example_dynamic_task_mapping to 2022-03-04 00:00:00+00:00, run_after=2022-03-05 00:00:00+00:00
[2024-02-14T23:16:09.534+0000] {processor.py:183} INFO - Processing /home/ubuntu/reddit_venv/lib/python3.10/site-packages/airflow/example_dags/example_dynamic_task_mapping.py took 0.071 seconds
[2024-02-14T23:17:06.353+0000] {processor.py:161} INFO - Started process (PID=3780) to work on /home/ubuntu/reddit_venv/lib/python3.10/site-packages/airflow/example_dags/example_dynamic_task_mapping.py
[2024-02-14T23:17:06.354+0000] {processor.py:830} INFO - Processing file /home/ubuntu/reddit_venv/lib/python3.10/site-packages/airflow/example_dags/example_dynamic_task_mapping.py for tasks to queue
[2024-02-14T23:17:06.355+0000] {logging_mixin.py:188} INFO - [2024-02-14T23:17:06.355+0000] {dagbag.py:538} INFO - Filling up the DagBag from /home/ubuntu/reddit_venv/lib/python3.10/site-packages/airflow/example_dags/example_dynamic_task_mapping.py
[2024-02-14T23:17:06.362+0000] {processor.py:840} INFO - DAG(s) 'example_dynamic_task_mapping' retrieved from /home/ubuntu/reddit_venv/lib/python3.10/site-packages/airflow/example_dags/example_dynamic_task_mapping.py
[2024-02-14T23:17:06.377+0000] {logging_mixin.py:188} INFO - [2024-02-14T23:17:06.377+0000] {dag.py:3036} INFO - Sync 1 DAGs
[2024-02-14T23:17:06.397+0000] {logging_mixin.py:188} INFO - [2024-02-14T23:17:06.397+0000] {dag.py:3823} INFO - Setting next_dagrun for example_dynamic_task_mapping to 2022-03-04 00:00:00+00:00, run_after=2022-03-05 00:00:00+00:00
[2024-02-14T23:17:06.420+0000] {processor.py:183} INFO - Processing /home/ubuntu/reddit_venv/lib/python3.10/site-packages/airflow/example_dags/example_dynamic_task_mapping.py took 0.071 seconds
[2024-02-14T23:18:04.211+0000] {processor.py:161} INFO - Started process (PID=4510) to work on /home/ubuntu/reddit_venv/lib/python3.10/site-packages/airflow/example_dags/example_dynamic_task_mapping.py
[2024-02-14T23:18:04.212+0000] {processor.py:830} INFO - Processing file /home/ubuntu/reddit_venv/lib/python3.10/site-packages/airflow/example_dags/example_dynamic_task_mapping.py for tasks to queue
[2024-02-14T23:18:04.213+0000] {logging_mixin.py:188} INFO - [2024-02-14T23:18:04.213+0000] {dagbag.py:538} INFO - Filling up the DagBag from /home/ubuntu/reddit_venv/lib/python3.10/site-packages/airflow/example_dags/example_dynamic_task_mapping.py
[2024-02-14T23:18:04.221+0000] {processor.py:840} INFO - DAG(s) 'example_dynamic_task_mapping' retrieved from /home/ubuntu/reddit_venv/lib/python3.10/site-packages/airflow/example_dags/example_dynamic_task_mapping.py
[2024-02-14T23:18:04.235+0000] {logging_mixin.py:188} INFO - [2024-02-14T23:18:04.235+0000] {dag.py:3036} INFO - Sync 1 DAGs
[2024-02-14T23:18:04.255+0000] {logging_mixin.py:188} INFO - [2024-02-14T23:18:04.255+0000] {dag.py:3823} INFO - Setting next_dagrun for example_dynamic_task_mapping to 2022-03-04 00:00:00+00:00, run_after=2022-03-05 00:00:00+00:00
[2024-02-14T23:18:04.277+0000] {processor.py:183} INFO - Processing /home/ubuntu/reddit_venv/lib/python3.10/site-packages/airflow/example_dags/example_dynamic_task_mapping.py took 0.069 seconds
[2024-02-14T23:19:06.289+0000] {processor.py:161} INFO - Started process (PID=5366) to work on /home/ubuntu/reddit_venv/lib/python3.10/site-packages/airflow/example_dags/example_dynamic_task_mapping.py
[2024-02-14T23:19:06.291+0000] {processor.py:830} INFO - Processing file /home/ubuntu/reddit_venv/lib/python3.10/site-packages/airflow/example_dags/example_dynamic_task_mapping.py for tasks to queue
[2024-02-14T23:19:06.292+0000] {logging_mixin.py:188} INFO - [2024-02-14T23:19:06.291+0000] {dagbag.py:538} INFO - Filling up the DagBag from /home/ubuntu/reddit_venv/lib/python3.10/site-packages/airflow/example_dags/example_dynamic_task_mapping.py
[2024-02-14T23:19:06.299+0000] {processor.py:840} INFO - DAG(s) 'example_dynamic_task_mapping' retrieved from /home/ubuntu/reddit_venv/lib/python3.10/site-packages/airflow/example_dags/example_dynamic_task_mapping.py
[2024-02-14T23:19:06.314+0000] {logging_mixin.py:188} INFO - [2024-02-14T23:19:06.313+0000] {dag.py:3036} INFO - Sync 1 DAGs
[2024-02-14T23:19:06.334+0000] {logging_mixin.py:188} INFO - [2024-02-14T23:19:06.334+0000] {dag.py:3823} INFO - Setting next_dagrun for example_dynamic_task_mapping to 2022-03-04 00:00:00+00:00, run_after=2022-03-05 00:00:00+00:00
[2024-02-14T23:19:06.355+0000] {processor.py:183} INFO - Processing /home/ubuntu/reddit_venv/lib/python3.10/site-packages/airflow/example_dags/example_dynamic_task_mapping.py took 0.069 seconds
[2024-02-14T23:20:03.348+0000] {processor.py:161} INFO - Started process (PID=5612) to work on /home/ubuntu/reddit_venv/lib/python3.10/site-packages/airflow/example_dags/example_dynamic_task_mapping.py
[2024-02-14T23:20:03.350+0000] {processor.py:830} INFO - Processing file /home/ubuntu/reddit_venv/lib/python3.10/site-packages/airflow/example_dags/example_dynamic_task_mapping.py for tasks to queue
[2024-02-14T23:20:03.351+0000] {logging_mixin.py:188} INFO - [2024-02-14T23:20:03.350+0000] {dagbag.py:538} INFO - Filling up the DagBag from /home/ubuntu/reddit_venv/lib/python3.10/site-packages/airflow/example_dags/example_dynamic_task_mapping.py
[2024-02-14T23:20:03.358+0000] {processor.py:840} INFO - DAG(s) 'example_dynamic_task_mapping' retrieved from /home/ubuntu/reddit_venv/lib/python3.10/site-packages/airflow/example_dags/example_dynamic_task_mapping.py
[2024-02-14T23:20:03.373+0000] {logging_mixin.py:188} INFO - [2024-02-14T23:20:03.373+0000] {dag.py:3036} INFO - Sync 1 DAGs
[2024-02-14T23:20:03.393+0000] {logging_mixin.py:188} INFO - [2024-02-14T23:20:03.393+0000] {dag.py:3823} INFO - Setting next_dagrun for example_dynamic_task_mapping to 2022-03-04 00:00:00+00:00, run_after=2022-03-05 00:00:00+00:00
[2024-02-14T23:20:03.415+0000] {processor.py:183} INFO - Processing /home/ubuntu/reddit_venv/lib/python3.10/site-packages/airflow/example_dags/example_dynamic_task_mapping.py took 0.070 seconds
[2024-02-14T23:21:01.411+0000] {processor.py:161} INFO - Started process (PID=5737) to work on /home/ubuntu/reddit_venv/lib/python3.10/site-packages/airflow/example_dags/example_dynamic_task_mapping.py
[2024-02-14T23:21:01.412+0000] {processor.py:830} INFO - Processing file /home/ubuntu/reddit_venv/lib/python3.10/site-packages/airflow/example_dags/example_dynamic_task_mapping.py for tasks to queue
[2024-02-14T23:21:01.413+0000] {logging_mixin.py:188} INFO - [2024-02-14T23:21:01.413+0000] {dagbag.py:538} INFO - Filling up the DagBag from /home/ubuntu/reddit_venv/lib/python3.10/site-packages/airflow/example_dags/example_dynamic_task_mapping.py
[2024-02-14T23:21:01.421+0000] {processor.py:840} INFO - DAG(s) 'example_dynamic_task_mapping' retrieved from /home/ubuntu/reddit_venv/lib/python3.10/site-packages/airflow/example_dags/example_dynamic_task_mapping.py
[2024-02-14T23:21:01.436+0000] {logging_mixin.py:188} INFO - [2024-02-14T23:21:01.435+0000] {dag.py:3036} INFO - Sync 1 DAGs
[2024-02-14T23:21:01.456+0000] {logging_mixin.py:188} INFO - [2024-02-14T23:21:01.455+0000] {dag.py:3823} INFO - Setting next_dagrun for example_dynamic_task_mapping to 2022-03-04 00:00:00+00:00, run_after=2022-03-05 00:00:00+00:00
[2024-02-14T23:21:01.477+0000] {processor.py:183} INFO - Processing /home/ubuntu/reddit_venv/lib/python3.10/site-packages/airflow/example_dags/example_dynamic_task_mapping.py took 0.069 seconds
[2024-02-14T23:22:02.771+0000] {processor.py:161} INFO - Started process (PID=5990) to work on /home/ubuntu/reddit_venv/lib/python3.10/site-packages/airflow/example_dags/example_dynamic_task_mapping.py
[2024-02-14T23:22:02.772+0000] {processor.py:830} INFO - Processing file /home/ubuntu/reddit_venv/lib/python3.10/site-packages/airflow/example_dags/example_dynamic_task_mapping.py for tasks to queue
[2024-02-14T23:22:02.773+0000] {logging_mixin.py:188} INFO - [2024-02-14T23:22:02.773+0000] {dagbag.py:538} INFO - Filling up the DagBag from /home/ubuntu/reddit_venv/lib/python3.10/site-packages/airflow/example_dags/example_dynamic_task_mapping.py
[2024-02-14T23:22:02.781+0000] {processor.py:840} INFO - DAG(s) 'example_dynamic_task_mapping' retrieved from /home/ubuntu/reddit_venv/lib/python3.10/site-packages/airflow/example_dags/example_dynamic_task_mapping.py
[2024-02-14T23:22:02.796+0000] {logging_mixin.py:188} INFO - [2024-02-14T23:22:02.795+0000] {dag.py:3036} INFO - Sync 1 DAGs
[2024-02-14T23:22:02.816+0000] {logging_mixin.py:188} INFO - [2024-02-14T23:22:02.815+0000] {dag.py:3823} INFO - Setting next_dagrun for example_dynamic_task_mapping to 2022-03-04 00:00:00+00:00, run_after=2022-03-05 00:00:00+00:00
[2024-02-14T23:22:02.837+0000] {processor.py:183} INFO - Processing /home/ubuntu/reddit_venv/lib/python3.10/site-packages/airflow/example_dags/example_dynamic_task_mapping.py took 0.070 seconds
[2024-02-14T23:23:06.321+0000] {processor.py:161} INFO - Started process (PID=6124) to work on /home/ubuntu/reddit_venv/lib/python3.10/site-packages/airflow/example_dags/example_dynamic_task_mapping.py
[2024-02-14T23:23:06.323+0000] {processor.py:830} INFO - Processing file /home/ubuntu/reddit_venv/lib/python3.10/site-packages/airflow/example_dags/example_dynamic_task_mapping.py for tasks to queue
[2024-02-14T23:23:06.324+0000] {logging_mixin.py:188} INFO - [2024-02-14T23:23:06.323+0000] {dagbag.py:538} INFO - Filling up the DagBag from /home/ubuntu/reddit_venv/lib/python3.10/site-packages/airflow/example_dags/example_dynamic_task_mapping.py
[2024-02-14T23:23:06.331+0000] {processor.py:840} INFO - DAG(s) 'example_dynamic_task_mapping' retrieved from /home/ubuntu/reddit_venv/lib/python3.10/site-packages/airflow/example_dags/example_dynamic_task_mapping.py
[2024-02-14T23:23:06.346+0000] {logging_mixin.py:188} INFO - [2024-02-14T23:23:06.346+0000] {dag.py:3036} INFO - Sync 1 DAGs
[2024-02-14T23:23:06.366+0000] {logging_mixin.py:188} INFO - [2024-02-14T23:23:06.366+0000] {dag.py:3823} INFO - Setting next_dagrun for example_dynamic_task_mapping to 2022-03-04 00:00:00+00:00, run_after=2022-03-05 00:00:00+00:00
[2024-02-14T23:23:06.388+0000] {processor.py:183} INFO - Processing /home/ubuntu/reddit_venv/lib/python3.10/site-packages/airflow/example_dags/example_dynamic_task_mapping.py took 0.070 seconds
[2024-02-14T23:23:59.352+0000] {processor.py:161} INFO - Started process (PID=6249) to work on /home/ubuntu/reddit_venv/lib/python3.10/site-packages/airflow/example_dags/example_dynamic_task_mapping.py
[2024-02-14T23:23:59.354+0000] {processor.py:830} INFO - Processing file /home/ubuntu/reddit_venv/lib/python3.10/site-packages/airflow/example_dags/example_dynamic_task_mapping.py for tasks to queue
[2024-02-14T23:23:59.354+0000] {logging_mixin.py:188} INFO - [2024-02-14T23:23:59.354+0000] {dagbag.py:538} INFO - Filling up the DagBag from /home/ubuntu/reddit_venv/lib/python3.10/site-packages/airflow/example_dags/example_dynamic_task_mapping.py
[2024-02-14T23:23:59.362+0000] {processor.py:840} INFO - DAG(s) 'example_dynamic_task_mapping' retrieved from /home/ubuntu/reddit_venv/lib/python3.10/site-packages/airflow/example_dags/example_dynamic_task_mapping.py
[2024-02-14T23:23:59.377+0000] {logging_mixin.py:188} INFO - [2024-02-14T23:23:59.376+0000] {dag.py:3036} INFO - Sync 1 DAGs
[2024-02-14T23:23:59.398+0000] {logging_mixin.py:188} INFO - [2024-02-14T23:23:59.398+0000] {dag.py:3823} INFO - Setting next_dagrun for example_dynamic_task_mapping to 2022-03-04 00:00:00+00:00, run_after=2022-03-05 00:00:00+00:00
[2024-02-14T23:23:59.420+0000] {processor.py:183} INFO - Processing /home/ubuntu/reddit_venv/lib/python3.10/site-packages/airflow/example_dags/example_dynamic_task_mapping.py took 0.071 seconds
[2024-02-14T23:24:56.415+0000] {processor.py:161} INFO - Started process (PID=6434) to work on /home/ubuntu/reddit_venv/lib/python3.10/site-packages/airflow/example_dags/example_dynamic_task_mapping.py
[2024-02-14T23:24:56.417+0000] {processor.py:830} INFO - Processing file /home/ubuntu/reddit_venv/lib/python3.10/site-packages/airflow/example_dags/example_dynamic_task_mapping.py for tasks to queue
[2024-02-14T23:24:56.417+0000] {logging_mixin.py:188} INFO - [2024-02-14T23:24:56.417+0000] {dagbag.py:538} INFO - Filling up the DagBag from /home/ubuntu/reddit_venv/lib/python3.10/site-packages/airflow/example_dags/example_dynamic_task_mapping.py
[2024-02-14T23:24:56.425+0000] {processor.py:840} INFO - DAG(s) 'example_dynamic_task_mapping' retrieved from /home/ubuntu/reddit_venv/lib/python3.10/site-packages/airflow/example_dags/example_dynamic_task_mapping.py
[2024-02-14T23:24:56.440+0000] {logging_mixin.py:188} INFO - [2024-02-14T23:24:56.439+0000] {dag.py:3036} INFO - Sync 1 DAGs
[2024-02-14T23:24:56.461+0000] {logging_mixin.py:188} INFO - [2024-02-14T23:24:56.461+0000] {dag.py:3823} INFO - Setting next_dagrun for example_dynamic_task_mapping to 2022-03-04 00:00:00+00:00, run_after=2022-03-05 00:00:00+00:00
[2024-02-14T23:24:56.483+0000] {processor.py:183} INFO - Processing /home/ubuntu/reddit_venv/lib/python3.10/site-packages/airflow/example_dags/example_dynamic_task_mapping.py took 0.071 seconds
[2024-02-14T23:25:51.421+0000] {processor.py:161} INFO - Started process (PID=6559) to work on /home/ubuntu/reddit_venv/lib/python3.10/site-packages/airflow/example_dags/example_dynamic_task_mapping.py
[2024-02-14T23:25:51.422+0000] {processor.py:830} INFO - Processing file /home/ubuntu/reddit_venv/lib/python3.10/site-packages/airflow/example_dags/example_dynamic_task_mapping.py for tasks to queue
[2024-02-14T23:25:51.423+0000] {logging_mixin.py:188} INFO - [2024-02-14T23:25:51.423+0000] {dagbag.py:538} INFO - Filling up the DagBag from /home/ubuntu/reddit_venv/lib/python3.10/site-packages/airflow/example_dags/example_dynamic_task_mapping.py
[2024-02-14T23:25:51.431+0000] {processor.py:840} INFO - DAG(s) 'example_dynamic_task_mapping' retrieved from /home/ubuntu/reddit_venv/lib/python3.10/site-packages/airflow/example_dags/example_dynamic_task_mapping.py
[2024-02-14T23:25:51.446+0000] {logging_mixin.py:188} INFO - [2024-02-14T23:25:51.445+0000] {dag.py:3036} INFO - Sync 1 DAGs
[2024-02-14T23:25:51.467+0000] {logging_mixin.py:188} INFO - [2024-02-14T23:25:51.467+0000] {dag.py:3823} INFO - Setting next_dagrun for example_dynamic_task_mapping to 2022-03-04 00:00:00+00:00, run_after=2022-03-05 00:00:00+00:00
[2024-02-14T23:25:51.488+0000] {processor.py:183} INFO - Processing /home/ubuntu/reddit_venv/lib/python3.10/site-packages/airflow/example_dags/example_dynamic_task_mapping.py took 0.071 seconds
[2024-02-14T23:27:00.170+0000] {processor.py:161} INFO - Started process (PID=6817) to work on /home/ubuntu/reddit_venv/lib/python3.10/site-packages/airflow/example_dags/example_dynamic_task_mapping.py
[2024-02-14T23:27:00.173+0000] {processor.py:830} INFO - Processing file /home/ubuntu/reddit_venv/lib/python3.10/site-packages/airflow/example_dags/example_dynamic_task_mapping.py for tasks to queue
[2024-02-14T23:27:00.174+0000] {logging_mixin.py:188} INFO - [2024-02-14T23:27:00.173+0000] {dagbag.py:538} INFO - Filling up the DagBag from /home/ubuntu/reddit_venv/lib/python3.10/site-packages/airflow/example_dags/example_dynamic_task_mapping.py
[2024-02-14T23:27:00.181+0000] {processor.py:840} INFO - DAG(s) 'example_dynamic_task_mapping' retrieved from /home/ubuntu/reddit_venv/lib/python3.10/site-packages/airflow/example_dags/example_dynamic_task_mapping.py
[2024-02-14T23:27:00.196+0000] {logging_mixin.py:188} INFO - [2024-02-14T23:27:00.196+0000] {dag.py:3036} INFO - Sync 1 DAGs
[2024-02-14T23:27:00.217+0000] {logging_mixin.py:188} INFO - [2024-02-14T23:27:00.217+0000] {dag.py:3823} INFO - Setting next_dagrun for example_dynamic_task_mapping to 2022-03-04 00:00:00+00:00, run_after=2022-03-05 00:00:00+00:00
[2024-02-14T23:27:00.241+0000] {processor.py:183} INFO - Processing /home/ubuntu/reddit_venv/lib/python3.10/site-packages/airflow/example_dags/example_dynamic_task_mapping.py took 0.075 seconds
[2024-02-14T23:28:01.693+0000] {processor.py:161} INFO - Started process (PID=6947) to work on /home/ubuntu/reddit_venv/lib/python3.10/site-packages/airflow/example_dags/example_dynamic_task_mapping.py
[2024-02-14T23:28:01.694+0000] {processor.py:830} INFO - Processing file /home/ubuntu/reddit_venv/lib/python3.10/site-packages/airflow/example_dags/example_dynamic_task_mapping.py for tasks to queue
[2024-02-14T23:28:01.695+0000] {logging_mixin.py:188} INFO - [2024-02-14T23:28:01.695+0000] {dagbag.py:538} INFO - Filling up the DagBag from /home/ubuntu/reddit_venv/lib/python3.10/site-packages/airflow/example_dags/example_dynamic_task_mapping.py
[2024-02-14T23:28:01.703+0000] {processor.py:840} INFO - DAG(s) 'example_dynamic_task_mapping' retrieved from /home/ubuntu/reddit_venv/lib/python3.10/site-packages/airflow/example_dags/example_dynamic_task_mapping.py
[2024-02-14T23:28:01.718+0000] {logging_mixin.py:188} INFO - [2024-02-14T23:28:01.718+0000] {dag.py:3036} INFO - Sync 1 DAGs
[2024-02-14T23:28:01.739+0000] {logging_mixin.py:188} INFO - [2024-02-14T23:28:01.739+0000] {dag.py:3823} INFO - Setting next_dagrun for example_dynamic_task_mapping to 2022-03-04 00:00:00+00:00, run_after=2022-03-05 00:00:00+00:00
[2024-02-14T23:28:01.761+0000] {processor.py:183} INFO - Processing /home/ubuntu/reddit_venv/lib/python3.10/site-packages/airflow/example_dags/example_dynamic_task_mapping.py took 0.072 seconds
[2024-02-14T23:29:01.202+0000] {processor.py:161} INFO - Started process (PID=7076) to work on /home/ubuntu/reddit_venv/lib/python3.10/site-packages/airflow/example_dags/example_dynamic_task_mapping.py
[2024-02-14T23:29:01.203+0000] {processor.py:830} INFO - Processing file /home/ubuntu/reddit_venv/lib/python3.10/site-packages/airflow/example_dags/example_dynamic_task_mapping.py for tasks to queue
[2024-02-14T23:29:01.204+0000] {logging_mixin.py:188} INFO - [2024-02-14T23:29:01.204+0000] {dagbag.py:538} INFO - Filling up the DagBag from /home/ubuntu/reddit_venv/lib/python3.10/site-packages/airflow/example_dags/example_dynamic_task_mapping.py
[2024-02-14T23:29:01.211+0000] {processor.py:840} INFO - DAG(s) 'example_dynamic_task_mapping' retrieved from /home/ubuntu/reddit_venv/lib/python3.10/site-packages/airflow/example_dags/example_dynamic_task_mapping.py
[2024-02-14T23:29:01.226+0000] {logging_mixin.py:188} INFO - [2024-02-14T23:29:01.226+0000] {dag.py:3036} INFO - Sync 1 DAGs
[2024-02-14T23:29:01.246+0000] {logging_mixin.py:188} INFO - [2024-02-14T23:29:01.246+0000] {dag.py:3823} INFO - Setting next_dagrun for example_dynamic_task_mapping to 2022-03-04 00:00:00+00:00, run_after=2022-03-05 00:00:00+00:00
[2024-02-14T23:29:01.268+0000] {processor.py:183} INFO - Processing /home/ubuntu/reddit_venv/lib/python3.10/site-packages/airflow/example_dags/example_dynamic_task_mapping.py took 0.070 seconds
[2024-02-14T23:29:55.747+0000] {processor.py:161} INFO - Started process (PID=7260) to work on /home/ubuntu/reddit_venv/lib/python3.10/site-packages/airflow/example_dags/example_dynamic_task_mapping.py
[2024-02-14T23:29:55.748+0000] {processor.py:830} INFO - Processing file /home/ubuntu/reddit_venv/lib/python3.10/site-packages/airflow/example_dags/example_dynamic_task_mapping.py for tasks to queue
[2024-02-14T23:29:55.749+0000] {logging_mixin.py:188} INFO - [2024-02-14T23:29:55.749+0000] {dagbag.py:538} INFO - Filling up the DagBag from /home/ubuntu/reddit_venv/lib/python3.10/site-packages/airflow/example_dags/example_dynamic_task_mapping.py
[2024-02-14T23:29:55.757+0000] {processor.py:840} INFO - DAG(s) 'example_dynamic_task_mapping' retrieved from /home/ubuntu/reddit_venv/lib/python3.10/site-packages/airflow/example_dags/example_dynamic_task_mapping.py
[2024-02-14T23:29:55.771+0000] {logging_mixin.py:188} INFO - [2024-02-14T23:29:55.771+0000] {dag.py:3036} INFO - Sync 1 DAGs
[2024-02-14T23:29:55.791+0000] {logging_mixin.py:188} INFO - [2024-02-14T23:29:55.791+0000] {dag.py:3823} INFO - Setting next_dagrun for example_dynamic_task_mapping to 2022-03-04 00:00:00+00:00, run_after=2022-03-05 00:00:00+00:00
[2024-02-14T23:29:55.813+0000] {processor.py:183} INFO - Processing /home/ubuntu/reddit_venv/lib/python3.10/site-packages/airflow/example_dags/example_dynamic_task_mapping.py took 0.070 seconds
[2024-02-14T23:30:51.688+0000] {processor.py:161} INFO - Started process (PID=7383) to work on /home/ubuntu/reddit_venv/lib/python3.10/site-packages/airflow/example_dags/example_dynamic_task_mapping.py
[2024-02-14T23:30:51.690+0000] {processor.py:830} INFO - Processing file /home/ubuntu/reddit_venv/lib/python3.10/site-packages/airflow/example_dags/example_dynamic_task_mapping.py for tasks to queue
[2024-02-14T23:30:51.690+0000] {logging_mixin.py:188} INFO - [2024-02-14T23:30:51.690+0000] {dagbag.py:538} INFO - Filling up the DagBag from /home/ubuntu/reddit_venv/lib/python3.10/site-packages/airflow/example_dags/example_dynamic_task_mapping.py
[2024-02-14T23:30:51.698+0000] {processor.py:840} INFO - DAG(s) 'example_dynamic_task_mapping' retrieved from /home/ubuntu/reddit_venv/lib/python3.10/site-packages/airflow/example_dags/example_dynamic_task_mapping.py
[2024-02-14T23:30:51.712+0000] {logging_mixin.py:188} INFO - [2024-02-14T23:30:51.712+0000] {dag.py:3036} INFO - Sync 1 DAGs
[2024-02-14T23:30:51.732+0000] {logging_mixin.py:188} INFO - [2024-02-14T23:30:51.732+0000] {dag.py:3823} INFO - Setting next_dagrun for example_dynamic_task_mapping to 2022-03-04 00:00:00+00:00, run_after=2022-03-05 00:00:00+00:00
[2024-02-14T23:30:51.754+0000] {processor.py:183} INFO - Processing /home/ubuntu/reddit_venv/lib/python3.10/site-packages/airflow/example_dags/example_dynamic_task_mapping.py took 0.069 seconds
[2024-02-14T23:31:49.428+0000] {processor.py:161} INFO - Started process (PID=7508) to work on /home/ubuntu/reddit_venv/lib/python3.10/site-packages/airflow/example_dags/example_dynamic_task_mapping.py
[2024-02-14T23:31:49.430+0000] {processor.py:830} INFO - Processing file /home/ubuntu/reddit_venv/lib/python3.10/site-packages/airflow/example_dags/example_dynamic_task_mapping.py for tasks to queue
[2024-02-14T23:31:49.431+0000] {logging_mixin.py:188} INFO - [2024-02-14T23:31:49.431+0000] {dagbag.py:538} INFO - Filling up the DagBag from /home/ubuntu/reddit_venv/lib/python3.10/site-packages/airflow/example_dags/example_dynamic_task_mapping.py
[2024-02-14T23:31:49.438+0000] {processor.py:840} INFO - DAG(s) 'example_dynamic_task_mapping' retrieved from /home/ubuntu/reddit_venv/lib/python3.10/site-packages/airflow/example_dags/example_dynamic_task_mapping.py
[2024-02-14T23:31:49.454+0000] {logging_mixin.py:188} INFO - [2024-02-14T23:31:49.453+0000] {dag.py:3036} INFO - Sync 1 DAGs
[2024-02-14T23:31:49.475+0000] {logging_mixin.py:188} INFO - [2024-02-14T23:31:49.474+0000] {dag.py:3823} INFO - Setting next_dagrun for example_dynamic_task_mapping to 2022-03-04 00:00:00+00:00, run_after=2022-03-05 00:00:00+00:00
[2024-02-14T23:31:49.520+0000] {processor.py:183} INFO - Processing /home/ubuntu/reddit_venv/lib/python3.10/site-packages/airflow/example_dags/example_dynamic_task_mapping.py took 0.095 seconds
[2024-02-14T23:32:49.246+0000] {processor.py:161} INFO - Started process (PID=7696) to work on /home/ubuntu/reddit_venv/lib/python3.10/site-packages/airflow/example_dags/example_dynamic_task_mapping.py
[2024-02-14T23:32:49.247+0000] {processor.py:830} INFO - Processing file /home/ubuntu/reddit_venv/lib/python3.10/site-packages/airflow/example_dags/example_dynamic_task_mapping.py for tasks to queue
[2024-02-14T23:32:49.248+0000] {logging_mixin.py:188} INFO - [2024-02-14T23:32:49.248+0000] {dagbag.py:538} INFO - Filling up the DagBag from /home/ubuntu/reddit_venv/lib/python3.10/site-packages/airflow/example_dags/example_dynamic_task_mapping.py
[2024-02-14T23:32:49.256+0000] {processor.py:840} INFO - DAG(s) 'example_dynamic_task_mapping' retrieved from /home/ubuntu/reddit_venv/lib/python3.10/site-packages/airflow/example_dags/example_dynamic_task_mapping.py
[2024-02-14T23:32:49.271+0000] {logging_mixin.py:188} INFO - [2024-02-14T23:32:49.271+0000] {dag.py:3036} INFO - Sync 1 DAGs
[2024-02-14T23:32:49.292+0000] {logging_mixin.py:188} INFO - [2024-02-14T23:32:49.292+0000] {dag.py:3823} INFO - Setting next_dagrun for example_dynamic_task_mapping to 2022-03-04 00:00:00+00:00, run_after=2022-03-05 00:00:00+00:00
[2024-02-14T23:32:49.315+0000] {processor.py:183} INFO - Processing /home/ubuntu/reddit_venv/lib/python3.10/site-packages/airflow/example_dags/example_dynamic_task_mapping.py took 0.072 seconds
[2024-02-14T23:33:43.963+0000] {processor.py:161} INFO - Started process (PID=7823) to work on /home/ubuntu/reddit_venv/lib/python3.10/site-packages/airflow/example_dags/example_dynamic_task_mapping.py
[2024-02-14T23:33:43.964+0000] {processor.py:830} INFO - Processing file /home/ubuntu/reddit_venv/lib/python3.10/site-packages/airflow/example_dags/example_dynamic_task_mapping.py for tasks to queue
[2024-02-14T23:33:43.965+0000] {logging_mixin.py:188} INFO - [2024-02-14T23:33:43.965+0000] {dagbag.py:538} INFO - Filling up the DagBag from /home/ubuntu/reddit_venv/lib/python3.10/site-packages/airflow/example_dags/example_dynamic_task_mapping.py
[2024-02-14T23:33:43.973+0000] {processor.py:840} INFO - DAG(s) 'example_dynamic_task_mapping' retrieved from /home/ubuntu/reddit_venv/lib/python3.10/site-packages/airflow/example_dags/example_dynamic_task_mapping.py
[2024-02-14T23:33:43.987+0000] {logging_mixin.py:188} INFO - [2024-02-14T23:33:43.987+0000] {dag.py:3036} INFO - Sync 1 DAGs
[2024-02-14T23:33:44.007+0000] {logging_mixin.py:188} INFO - [2024-02-14T23:33:44.007+0000] {dag.py:3823} INFO - Setting next_dagrun for example_dynamic_task_mapping to 2022-03-04 00:00:00+00:00, run_after=2022-03-05 00:00:00+00:00
[2024-02-14T23:33:44.030+0000] {processor.py:183} INFO - Processing /home/ubuntu/reddit_venv/lib/python3.10/site-packages/airflow/example_dags/example_dynamic_task_mapping.py took 0.070 seconds
[2024-02-14T23:34:39.466+0000] {processor.py:161} INFO - Started process (PID=7948) to work on /home/ubuntu/reddit_venv/lib/python3.10/site-packages/airflow/example_dags/example_dynamic_task_mapping.py
[2024-02-14T23:34:39.468+0000] {processor.py:830} INFO - Processing file /home/ubuntu/reddit_venv/lib/python3.10/site-packages/airflow/example_dags/example_dynamic_task_mapping.py for tasks to queue
[2024-02-14T23:34:39.469+0000] {logging_mixin.py:188} INFO - [2024-02-14T23:34:39.468+0000] {dagbag.py:538} INFO - Filling up the DagBag from /home/ubuntu/reddit_venv/lib/python3.10/site-packages/airflow/example_dags/example_dynamic_task_mapping.py
[2024-02-14T23:34:39.476+0000] {processor.py:840} INFO - DAG(s) 'example_dynamic_task_mapping' retrieved from /home/ubuntu/reddit_venv/lib/python3.10/site-packages/airflow/example_dags/example_dynamic_task_mapping.py
[2024-02-14T23:34:39.491+0000] {logging_mixin.py:188} INFO - [2024-02-14T23:34:39.491+0000] {dag.py:3036} INFO - Sync 1 DAGs
[2024-02-14T23:34:39.511+0000] {logging_mixin.py:188} INFO - [2024-02-14T23:34:39.511+0000] {dag.py:3823} INFO - Setting next_dagrun for example_dynamic_task_mapping to 2022-03-04 00:00:00+00:00, run_after=2022-03-05 00:00:00+00:00
[2024-02-14T23:34:39.533+0000] {processor.py:183} INFO - Processing /home/ubuntu/reddit_venv/lib/python3.10/site-packages/airflow/example_dags/example_dynamic_task_mapping.py took 0.070 seconds
[2024-02-14T23:35:37.310+0000] {processor.py:161} INFO - Started process (PID=8075) to work on /home/ubuntu/reddit_venv/lib/python3.10/site-packages/airflow/example_dags/example_dynamic_task_mapping.py
[2024-02-14T23:35:37.311+0000] {processor.py:830} INFO - Processing file /home/ubuntu/reddit_venv/lib/python3.10/site-packages/airflow/example_dags/example_dynamic_task_mapping.py for tasks to queue
[2024-02-14T23:35:37.312+0000] {logging_mixin.py:188} INFO - [2024-02-14T23:35:37.312+0000] {dagbag.py:538} INFO - Filling up the DagBag from /home/ubuntu/reddit_venv/lib/python3.10/site-packages/airflow/example_dags/example_dynamic_task_mapping.py
[2024-02-14T23:35:37.320+0000] {processor.py:840} INFO - DAG(s) 'example_dynamic_task_mapping' retrieved from /home/ubuntu/reddit_venv/lib/python3.10/site-packages/airflow/example_dags/example_dynamic_task_mapping.py
[2024-02-14T23:35:37.335+0000] {logging_mixin.py:188} INFO - [2024-02-14T23:35:37.334+0000] {dag.py:3036} INFO - Sync 1 DAGs
[2024-02-14T23:35:37.354+0000] {logging_mixin.py:188} INFO - [2024-02-14T23:35:37.354+0000] {dag.py:3823} INFO - Setting next_dagrun for example_dynamic_task_mapping to 2022-03-04 00:00:00+00:00, run_after=2022-03-05 00:00:00+00:00
[2024-02-14T23:35:37.375+0000] {processor.py:183} INFO - Processing /home/ubuntu/reddit_venv/lib/python3.10/site-packages/airflow/example_dags/example_dynamic_task_mapping.py took 0.069 seconds
[2024-02-14T23:36:33.797+0000] {processor.py:161} INFO - Started process (PID=8198) to work on /home/ubuntu/reddit_venv/lib/python3.10/site-packages/airflow/example_dags/example_dynamic_task_mapping.py
[2024-02-14T23:36:33.799+0000] {processor.py:830} INFO - Processing file /home/ubuntu/reddit_venv/lib/python3.10/site-packages/airflow/example_dags/example_dynamic_task_mapping.py for tasks to queue
[2024-02-14T23:36:33.799+0000] {logging_mixin.py:188} INFO - [2024-02-14T23:36:33.799+0000] {dagbag.py:538} INFO - Filling up the DagBag from /home/ubuntu/reddit_venv/lib/python3.10/site-packages/airflow/example_dags/example_dynamic_task_mapping.py
[2024-02-14T23:36:33.807+0000] {processor.py:840} INFO - DAG(s) 'example_dynamic_task_mapping' retrieved from /home/ubuntu/reddit_venv/lib/python3.10/site-packages/airflow/example_dags/example_dynamic_task_mapping.py
[2024-02-14T23:36:33.822+0000] {logging_mixin.py:188} INFO - [2024-02-14T23:36:33.822+0000] {dag.py:3036} INFO - Sync 1 DAGs
[2024-02-14T23:36:33.843+0000] {logging_mixin.py:188} INFO - [2024-02-14T23:36:33.843+0000] {dag.py:3823} INFO - Setting next_dagrun for example_dynamic_task_mapping to 2022-03-04 00:00:00+00:00, run_after=2022-03-05 00:00:00+00:00
[2024-02-14T23:36:33.864+0000] {processor.py:183} INFO - Processing /home/ubuntu/reddit_venv/lib/python3.10/site-packages/airflow/example_dags/example_dynamic_task_mapping.py took 0.071 seconds
[2024-02-14T23:37:33.649+0000] {processor.py:161} INFO - Started process (PID=8331) to work on /home/ubuntu/reddit_venv/lib/python3.10/site-packages/airflow/example_dags/example_dynamic_task_mapping.py
[2024-02-14T23:37:33.650+0000] {processor.py:830} INFO - Processing file /home/ubuntu/reddit_venv/lib/python3.10/site-packages/airflow/example_dags/example_dynamic_task_mapping.py for tasks to queue
[2024-02-14T23:37:33.651+0000] {logging_mixin.py:188} INFO - [2024-02-14T23:37:33.651+0000] {dagbag.py:538} INFO - Filling up the DagBag from /home/ubuntu/reddit_venv/lib/python3.10/site-packages/airflow/example_dags/example_dynamic_task_mapping.py
[2024-02-14T23:37:33.658+0000] {processor.py:840} INFO - DAG(s) 'example_dynamic_task_mapping' retrieved from /home/ubuntu/reddit_venv/lib/python3.10/site-packages/airflow/example_dags/example_dynamic_task_mapping.py
[2024-02-14T23:37:33.673+0000] {logging_mixin.py:188} INFO - [2024-02-14T23:37:33.672+0000] {dag.py:3036} INFO - Sync 1 DAGs
[2024-02-14T23:37:33.693+0000] {logging_mixin.py:188} INFO - [2024-02-14T23:37:33.693+0000] {dag.py:3823} INFO - Setting next_dagrun for example_dynamic_task_mapping to 2022-03-04 00:00:00+00:00, run_after=2022-03-05 00:00:00+00:00
[2024-02-14T23:37:33.715+0000] {processor.py:183} INFO - Processing /home/ubuntu/reddit_venv/lib/python3.10/site-packages/airflow/example_dags/example_dynamic_task_mapping.py took 0.069 seconds
[2024-02-14T23:38:31.604+0000] {processor.py:161} INFO - Started process (PID=8757) to work on /home/ubuntu/reddit_venv/lib/python3.10/site-packages/airflow/example_dags/example_dynamic_task_mapping.py
[2024-02-14T23:38:31.605+0000] {processor.py:830} INFO - Processing file /home/ubuntu/reddit_venv/lib/python3.10/site-packages/airflow/example_dags/example_dynamic_task_mapping.py for tasks to queue
[2024-02-14T23:38:31.606+0000] {logging_mixin.py:188} INFO - [2024-02-14T23:38:31.606+0000] {dagbag.py:538} INFO - Filling up the DagBag from /home/ubuntu/reddit_venv/lib/python3.10/site-packages/airflow/example_dags/example_dynamic_task_mapping.py
[2024-02-14T23:38:31.614+0000] {processor.py:840} INFO - DAG(s) 'example_dynamic_task_mapping' retrieved from /home/ubuntu/reddit_venv/lib/python3.10/site-packages/airflow/example_dags/example_dynamic_task_mapping.py
[2024-02-14T23:38:31.629+0000] {logging_mixin.py:188} INFO - [2024-02-14T23:38:31.628+0000] {dag.py:3036} INFO - Sync 1 DAGs
[2024-02-14T23:38:31.649+0000] {logging_mixin.py:188} INFO - [2024-02-14T23:38:31.649+0000] {dag.py:3823} INFO - Setting next_dagrun for example_dynamic_task_mapping to 2022-03-04 00:00:00+00:00, run_after=2022-03-05 00:00:00+00:00
[2024-02-14T23:38:31.671+0000] {processor.py:183} INFO - Processing /home/ubuntu/reddit_venv/lib/python3.10/site-packages/airflow/example_dags/example_dynamic_task_mapping.py took 0.071 seconds
[2024-02-14T23:39:28.066+0000] {processor.py:161} INFO - Started process (PID=9251) to work on /home/ubuntu/reddit_venv/lib/python3.10/site-packages/airflow/example_dags/example_dynamic_task_mapping.py
[2024-02-14T23:39:28.068+0000] {processor.py:830} INFO - Processing file /home/ubuntu/reddit_venv/lib/python3.10/site-packages/airflow/example_dags/example_dynamic_task_mapping.py for tasks to queue
[2024-02-14T23:39:28.069+0000] {logging_mixin.py:188} INFO - [2024-02-14T23:39:28.068+0000] {dagbag.py:538} INFO - Filling up the DagBag from /home/ubuntu/reddit_venv/lib/python3.10/site-packages/airflow/example_dags/example_dynamic_task_mapping.py
[2024-02-14T23:39:28.077+0000] {processor.py:840} INFO - DAG(s) 'example_dynamic_task_mapping' retrieved from /home/ubuntu/reddit_venv/lib/python3.10/site-packages/airflow/example_dags/example_dynamic_task_mapping.py
[2024-02-14T23:39:28.092+0000] {logging_mixin.py:188} INFO - [2024-02-14T23:39:28.092+0000] {dag.py:3036} INFO - Sync 1 DAGs
[2024-02-14T23:39:28.113+0000] {logging_mixin.py:188} INFO - [2024-02-14T23:39:28.113+0000] {dag.py:3823} INFO - Setting next_dagrun for example_dynamic_task_mapping to 2022-03-04 00:00:00+00:00, run_after=2022-03-05 00:00:00+00:00
[2024-02-14T23:39:28.136+0000] {processor.py:183} INFO - Processing /home/ubuntu/reddit_venv/lib/python3.10/site-packages/airflow/example_dags/example_dynamic_task_mapping.py took 0.073 seconds
[2024-02-14T23:40:24.252+0000] {processor.py:161} INFO - Started process (PID=9318) to work on /home/ubuntu/reddit_venv/lib/python3.10/site-packages/airflow/example_dags/example_dynamic_task_mapping.py
[2024-02-14T23:40:24.253+0000] {processor.py:830} INFO - Processing file /home/ubuntu/reddit_venv/lib/python3.10/site-packages/airflow/example_dags/example_dynamic_task_mapping.py for tasks to queue
[2024-02-14T23:40:24.254+0000] {logging_mixin.py:188} INFO - [2024-02-14T23:40:24.254+0000] {dagbag.py:538} INFO - Filling up the DagBag from /home/ubuntu/reddit_venv/lib/python3.10/site-packages/airflow/example_dags/example_dynamic_task_mapping.py
[2024-02-14T23:40:24.262+0000] {processor.py:840} INFO - DAG(s) 'example_dynamic_task_mapping' retrieved from /home/ubuntu/reddit_venv/lib/python3.10/site-packages/airflow/example_dags/example_dynamic_task_mapping.py
[2024-02-14T23:40:24.276+0000] {logging_mixin.py:188} INFO - [2024-02-14T23:40:24.276+0000] {dag.py:3036} INFO - Sync 1 DAGs
[2024-02-14T23:40:24.296+0000] {logging_mixin.py:188} INFO - [2024-02-14T23:40:24.296+0000] {dag.py:3823} INFO - Setting next_dagrun for example_dynamic_task_mapping to 2022-03-04 00:00:00+00:00, run_after=2022-03-05 00:00:00+00:00
[2024-02-14T23:40:24.318+0000] {processor.py:183} INFO - Processing /home/ubuntu/reddit_venv/lib/python3.10/site-packages/airflow/example_dags/example_dynamic_task_mapping.py took 0.069 seconds
[2024-02-14T23:41:22.046+0000] {processor.py:161} INFO - Started process (PID=9441) to work on /home/ubuntu/reddit_venv/lib/python3.10/site-packages/airflow/example_dags/example_dynamic_task_mapping.py
[2024-02-14T23:41:22.050+0000] {processor.py:830} INFO - Processing file /home/ubuntu/reddit_venv/lib/python3.10/site-packages/airflow/example_dags/example_dynamic_task_mapping.py for tasks to queue
[2024-02-14T23:41:22.051+0000] {logging_mixin.py:188} INFO - [2024-02-14T23:41:22.050+0000] {dagbag.py:538} INFO - Filling up the DagBag from /home/ubuntu/reddit_venv/lib/python3.10/site-packages/airflow/example_dags/example_dynamic_task_mapping.py
[2024-02-14T23:41:22.058+0000] {processor.py:840} INFO - DAG(s) 'example_dynamic_task_mapping' retrieved from /home/ubuntu/reddit_venv/lib/python3.10/site-packages/airflow/example_dags/example_dynamic_task_mapping.py
[2024-02-14T23:41:22.073+0000] {logging_mixin.py:188} INFO - [2024-02-14T23:41:22.073+0000] {dag.py:3036} INFO - Sync 1 DAGs
[2024-02-14T23:41:22.094+0000] {logging_mixin.py:188} INFO - [2024-02-14T23:41:22.093+0000] {dag.py:3823} INFO - Setting next_dagrun for example_dynamic_task_mapping to 2022-03-04 00:00:00+00:00, run_after=2022-03-05 00:00:00+00:00
[2024-02-14T23:41:22.116+0000] {processor.py:183} INFO - Processing /home/ubuntu/reddit_venv/lib/python3.10/site-packages/airflow/example_dags/example_dynamic_task_mapping.py took 0.073 seconds
[2024-02-14T23:42:17.185+0000] {processor.py:161} INFO - Started process (PID=9566) to work on /home/ubuntu/reddit_venv/lib/python3.10/site-packages/airflow/example_dags/example_dynamic_task_mapping.py
[2024-02-14T23:42:17.188+0000] {processor.py:830} INFO - Processing file /home/ubuntu/reddit_venv/lib/python3.10/site-packages/airflow/example_dags/example_dynamic_task_mapping.py for tasks to queue
[2024-02-14T23:42:17.189+0000] {logging_mixin.py:188} INFO - [2024-02-14T23:42:17.188+0000] {dagbag.py:538} INFO - Filling up the DagBag from /home/ubuntu/reddit_venv/lib/python3.10/site-packages/airflow/example_dags/example_dynamic_task_mapping.py
[2024-02-14T23:42:17.196+0000] {processor.py:840} INFO - DAG(s) 'example_dynamic_task_mapping' retrieved from /home/ubuntu/reddit_venv/lib/python3.10/site-packages/airflow/example_dags/example_dynamic_task_mapping.py
[2024-02-14T23:42:17.211+0000] {logging_mixin.py:188} INFO - [2024-02-14T23:42:17.210+0000] {dag.py:3036} INFO - Sync 1 DAGs
[2024-02-14T23:42:17.231+0000] {logging_mixin.py:188} INFO - [2024-02-14T23:42:17.231+0000] {dag.py:3823} INFO - Setting next_dagrun for example_dynamic_task_mapping to 2022-03-04 00:00:00+00:00, run_after=2022-03-05 00:00:00+00:00
[2024-02-14T23:42:17.254+0000] {processor.py:183} INFO - Processing /home/ubuntu/reddit_venv/lib/python3.10/site-packages/airflow/example_dags/example_dynamic_task_mapping.py took 0.072 seconds
[2024-02-14T23:43:15.032+0000] {processor.py:161} INFO - Started process (PID=9691) to work on /home/ubuntu/reddit_venv/lib/python3.10/site-packages/airflow/example_dags/example_dynamic_task_mapping.py
[2024-02-14T23:43:15.034+0000] {processor.py:830} INFO - Processing file /home/ubuntu/reddit_venv/lib/python3.10/site-packages/airflow/example_dags/example_dynamic_task_mapping.py for tasks to queue
[2024-02-14T23:43:15.035+0000] {logging_mixin.py:188} INFO - [2024-02-14T23:43:15.034+0000] {dagbag.py:538} INFO - Filling up the DagBag from /home/ubuntu/reddit_venv/lib/python3.10/site-packages/airflow/example_dags/example_dynamic_task_mapping.py
[2024-02-14T23:43:15.042+0000] {processor.py:840} INFO - DAG(s) 'example_dynamic_task_mapping' retrieved from /home/ubuntu/reddit_venv/lib/python3.10/site-packages/airflow/example_dags/example_dynamic_task_mapping.py
[2024-02-14T23:43:15.057+0000] {logging_mixin.py:188} INFO - [2024-02-14T23:43:15.057+0000] {dag.py:3036} INFO - Sync 1 DAGs
[2024-02-14T23:43:15.079+0000] {logging_mixin.py:188} INFO - [2024-02-14T23:43:15.079+0000] {dag.py:3823} INFO - Setting next_dagrun for example_dynamic_task_mapping to 2022-03-04 00:00:00+00:00, run_after=2022-03-05 00:00:00+00:00
[2024-02-14T23:43:15.101+0000] {processor.py:183} INFO - Processing /home/ubuntu/reddit_venv/lib/python3.10/site-packages/airflow/example_dags/example_dynamic_task_mapping.py took 0.072 seconds
[2024-02-14T23:44:17.119+0000] {processor.py:161} INFO - Started process (PID=9823) to work on /home/ubuntu/reddit_venv/lib/python3.10/site-packages/airflow/example_dags/example_dynamic_task_mapping.py
[2024-02-14T23:44:17.121+0000] {processor.py:830} INFO - Processing file /home/ubuntu/reddit_venv/lib/python3.10/site-packages/airflow/example_dags/example_dynamic_task_mapping.py for tasks to queue
[2024-02-14T23:44:17.122+0000] {logging_mixin.py:188} INFO - [2024-02-14T23:44:17.121+0000] {dagbag.py:538} INFO - Filling up the DagBag from /home/ubuntu/reddit_venv/lib/python3.10/site-packages/airflow/example_dags/example_dynamic_task_mapping.py
[2024-02-14T23:44:17.129+0000] {processor.py:840} INFO - DAG(s) 'example_dynamic_task_mapping' retrieved from /home/ubuntu/reddit_venv/lib/python3.10/site-packages/airflow/example_dags/example_dynamic_task_mapping.py
[2024-02-14T23:44:17.144+0000] {logging_mixin.py:188} INFO - [2024-02-14T23:44:17.144+0000] {dag.py:3036} INFO - Sync 1 DAGs
[2024-02-14T23:44:17.165+0000] {logging_mixin.py:188} INFO - [2024-02-14T23:44:17.165+0000] {dag.py:3823} INFO - Setting next_dagrun for example_dynamic_task_mapping to 2022-03-04 00:00:00+00:00, run_after=2022-03-05 00:00:00+00:00
[2024-02-14T23:44:17.187+0000] {processor.py:183} INFO - Processing /home/ubuntu/reddit_venv/lib/python3.10/site-packages/airflow/example_dags/example_dynamic_task_mapping.py took 0.071 seconds
[2024-02-14T23:45:13.610+0000] {processor.py:161} INFO - Started process (PID=10256) to work on /home/ubuntu/reddit_venv/lib/python3.10/site-packages/airflow/example_dags/example_dynamic_task_mapping.py
[2024-02-14T23:45:13.612+0000] {processor.py:830} INFO - Processing file /home/ubuntu/reddit_venv/lib/python3.10/site-packages/airflow/example_dags/example_dynamic_task_mapping.py for tasks to queue
[2024-02-14T23:45:13.612+0000] {logging_mixin.py:188} INFO - [2024-02-14T23:45:13.612+0000] {dagbag.py:538} INFO - Filling up the DagBag from /home/ubuntu/reddit_venv/lib/python3.10/site-packages/airflow/example_dags/example_dynamic_task_mapping.py
[2024-02-14T23:45:13.620+0000] {processor.py:840} INFO - DAG(s) 'example_dynamic_task_mapping' retrieved from /home/ubuntu/reddit_venv/lib/python3.10/site-packages/airflow/example_dags/example_dynamic_task_mapping.py
[2024-02-14T23:45:13.635+0000] {logging_mixin.py:188} INFO - [2024-02-14T23:45:13.635+0000] {dag.py:3036} INFO - Sync 1 DAGs
[2024-02-14T23:45:13.656+0000] {logging_mixin.py:188} INFO - [2024-02-14T23:45:13.656+0000] {dag.py:3823} INFO - Setting next_dagrun for example_dynamic_task_mapping to 2022-03-04 00:00:00+00:00, run_after=2022-03-05 00:00:00+00:00
[2024-02-14T23:45:13.680+0000] {processor.py:183} INFO - Processing /home/ubuntu/reddit_venv/lib/python3.10/site-packages/airflow/example_dags/example_dynamic_task_mapping.py took 0.074 seconds
[2024-02-14T23:46:08.355+0000] {processor.py:161} INFO - Started process (PID=10381) to work on /home/ubuntu/reddit_venv/lib/python3.10/site-packages/airflow/example_dags/example_dynamic_task_mapping.py
[2024-02-14T23:46:08.356+0000] {processor.py:830} INFO - Processing file /home/ubuntu/reddit_venv/lib/python3.10/site-packages/airflow/example_dags/example_dynamic_task_mapping.py for tasks to queue
[2024-02-14T23:46:08.357+0000] {logging_mixin.py:188} INFO - [2024-02-14T23:46:08.357+0000] {dagbag.py:538} INFO - Filling up the DagBag from /home/ubuntu/reddit_venv/lib/python3.10/site-packages/airflow/example_dags/example_dynamic_task_mapping.py
[2024-02-14T23:46:08.364+0000] {processor.py:840} INFO - DAG(s) 'example_dynamic_task_mapping' retrieved from /home/ubuntu/reddit_venv/lib/python3.10/site-packages/airflow/example_dags/example_dynamic_task_mapping.py
[2024-02-14T23:46:08.379+0000] {logging_mixin.py:188} INFO - [2024-02-14T23:46:08.379+0000] {dag.py:3036} INFO - Sync 1 DAGs
[2024-02-14T23:46:08.399+0000] {logging_mixin.py:188} INFO - [2024-02-14T23:46:08.399+0000] {dag.py:3823} INFO - Setting next_dagrun for example_dynamic_task_mapping to 2022-03-04 00:00:00+00:00, run_after=2022-03-05 00:00:00+00:00
[2024-02-14T23:46:08.419+0000] {processor.py:183} INFO - Processing /home/ubuntu/reddit_venv/lib/python3.10/site-packages/airflow/example_dags/example_dynamic_task_mapping.py took 0.068 seconds
[2024-02-14T23:47:02.457+0000] {processor.py:161} INFO - Started process (PID=10502) to work on /home/ubuntu/reddit_venv/lib/python3.10/site-packages/airflow/example_dags/example_dynamic_task_mapping.py
[2024-02-14T23:47:02.459+0000] {processor.py:830} INFO - Processing file /home/ubuntu/reddit_venv/lib/python3.10/site-packages/airflow/example_dags/example_dynamic_task_mapping.py for tasks to queue
[2024-02-14T23:47:02.460+0000] {logging_mixin.py:188} INFO - [2024-02-14T23:47:02.460+0000] {dagbag.py:538} INFO - Filling up the DagBag from /home/ubuntu/reddit_venv/lib/python3.10/site-packages/airflow/example_dags/example_dynamic_task_mapping.py
[2024-02-14T23:47:02.468+0000] {processor.py:840} INFO - DAG(s) 'example_dynamic_task_mapping' retrieved from /home/ubuntu/reddit_venv/lib/python3.10/site-packages/airflow/example_dags/example_dynamic_task_mapping.py
[2024-02-14T23:47:02.483+0000] {logging_mixin.py:188} INFO - [2024-02-14T23:47:02.482+0000] {dag.py:3036} INFO - Sync 1 DAGs
[2024-02-14T23:47:02.503+0000] {logging_mixin.py:188} INFO - [2024-02-14T23:47:02.503+0000] {dag.py:3823} INFO - Setting next_dagrun for example_dynamic_task_mapping to 2022-03-04 00:00:00+00:00, run_after=2022-03-05 00:00:00+00:00
[2024-02-14T23:47:02.538+0000] {processor.py:183} INFO - Processing /home/ubuntu/reddit_venv/lib/python3.10/site-packages/airflow/example_dags/example_dynamic_task_mapping.py took 0.084 seconds
[2024-02-14T23:48:00.972+0000] {processor.py:161} INFO - Started process (PID=10632) to work on /home/ubuntu/reddit_venv/lib/python3.10/site-packages/airflow/example_dags/example_dynamic_task_mapping.py
[2024-02-14T23:48:00.975+0000] {processor.py:830} INFO - Processing file /home/ubuntu/reddit_venv/lib/python3.10/site-packages/airflow/example_dags/example_dynamic_task_mapping.py for tasks to queue
[2024-02-14T23:48:00.976+0000] {logging_mixin.py:188} INFO - [2024-02-14T23:48:00.975+0000] {dagbag.py:538} INFO - Filling up the DagBag from /home/ubuntu/reddit_venv/lib/python3.10/site-packages/airflow/example_dags/example_dynamic_task_mapping.py
[2024-02-14T23:48:00.983+0000] {processor.py:840} INFO - DAG(s) 'example_dynamic_task_mapping' retrieved from /home/ubuntu/reddit_venv/lib/python3.10/site-packages/airflow/example_dags/example_dynamic_task_mapping.py
[2024-02-14T23:48:00.998+0000] {logging_mixin.py:188} INFO - [2024-02-14T23:48:00.998+0000] {dag.py:3036} INFO - Sync 1 DAGs
[2024-02-14T23:48:01.019+0000] {logging_mixin.py:188} INFO - [2024-02-14T23:48:01.018+0000] {dag.py:3823} INFO - Setting next_dagrun for example_dynamic_task_mapping to 2022-03-04 00:00:00+00:00, run_after=2022-03-05 00:00:00+00:00
[2024-02-14T23:48:01.041+0000] {processor.py:183} INFO - Processing /home/ubuntu/reddit_venv/lib/python3.10/site-packages/airflow/example_dags/example_dynamic_task_mapping.py took 0.072 seconds
[2024-02-14T23:48:58.540+0000] {processor.py:161} INFO - Started process (PID=10757) to work on /home/ubuntu/reddit_venv/lib/python3.10/site-packages/airflow/example_dags/example_dynamic_task_mapping.py
[2024-02-14T23:48:58.542+0000] {processor.py:830} INFO - Processing file /home/ubuntu/reddit_venv/lib/python3.10/site-packages/airflow/example_dags/example_dynamic_task_mapping.py for tasks to queue
[2024-02-14T23:48:58.543+0000] {logging_mixin.py:188} INFO - [2024-02-14T23:48:58.543+0000] {dagbag.py:538} INFO - Filling up the DagBag from /home/ubuntu/reddit_venv/lib/python3.10/site-packages/airflow/example_dags/example_dynamic_task_mapping.py
[2024-02-14T23:48:58.551+0000] {processor.py:840} INFO - DAG(s) 'example_dynamic_task_mapping' retrieved from /home/ubuntu/reddit_venv/lib/python3.10/site-packages/airflow/example_dags/example_dynamic_task_mapping.py
[2024-02-14T23:48:58.566+0000] {logging_mixin.py:188} INFO - [2024-02-14T23:48:58.566+0000] {dag.py:3036} INFO - Sync 1 DAGs
[2024-02-14T23:48:58.587+0000] {logging_mixin.py:188} INFO - [2024-02-14T23:48:58.587+0000] {dag.py:3823} INFO - Setting next_dagrun for example_dynamic_task_mapping to 2022-03-04 00:00:00+00:00, run_after=2022-03-05 00:00:00+00:00
[2024-02-14T23:48:58.617+0000] {processor.py:183} INFO - Processing /home/ubuntu/reddit_venv/lib/python3.10/site-packages/airflow/example_dags/example_dynamic_task_mapping.py took 0.080 seconds
[2024-02-14T23:49:51.326+0000] {processor.py:161} INFO - Started process (PID=10942) to work on /home/ubuntu/reddit_venv/lib/python3.10/site-packages/airflow/example_dags/example_dynamic_task_mapping.py
[2024-02-14T23:49:51.327+0000] {processor.py:830} INFO - Processing file /home/ubuntu/reddit_venv/lib/python3.10/site-packages/airflow/example_dags/example_dynamic_task_mapping.py for tasks to queue
[2024-02-14T23:49:51.328+0000] {logging_mixin.py:188} INFO - [2024-02-14T23:49:51.327+0000] {dagbag.py:538} INFO - Filling up the DagBag from /home/ubuntu/reddit_venv/lib/python3.10/site-packages/airflow/example_dags/example_dynamic_task_mapping.py
[2024-02-14T23:49:51.335+0000] {processor.py:840} INFO - DAG(s) 'example_dynamic_task_mapping' retrieved from /home/ubuntu/reddit_venv/lib/python3.10/site-packages/airflow/example_dags/example_dynamic_task_mapping.py
[2024-02-14T23:49:51.350+0000] {logging_mixin.py:188} INFO - [2024-02-14T23:49:51.350+0000] {dag.py:3036} INFO - Sync 1 DAGs
[2024-02-14T23:49:51.370+0000] {logging_mixin.py:188} INFO - [2024-02-14T23:49:51.370+0000] {dag.py:3823} INFO - Setting next_dagrun for example_dynamic_task_mapping to 2022-03-04 00:00:00+00:00, run_after=2022-03-05 00:00:00+00:00
[2024-02-14T23:49:51.409+0000] {processor.py:183} INFO - Processing /home/ubuntu/reddit_venv/lib/python3.10/site-packages/airflow/example_dags/example_dynamic_task_mapping.py took 0.087 seconds
[2024-02-14T23:50:47.835+0000] {processor.py:161} INFO - Started process (PID=11065) to work on /home/ubuntu/reddit_venv/lib/python3.10/site-packages/airflow/example_dags/example_dynamic_task_mapping.py
[2024-02-14T23:50:47.837+0000] {processor.py:830} INFO - Processing file /home/ubuntu/reddit_venv/lib/python3.10/site-packages/airflow/example_dags/example_dynamic_task_mapping.py for tasks to queue
[2024-02-14T23:50:47.838+0000] {logging_mixin.py:188} INFO - [2024-02-14T23:50:47.837+0000] {dagbag.py:538} INFO - Filling up the DagBag from /home/ubuntu/reddit_venv/lib/python3.10/site-packages/airflow/example_dags/example_dynamic_task_mapping.py
[2024-02-14T23:50:47.846+0000] {processor.py:840} INFO - DAG(s) 'example_dynamic_task_mapping' retrieved from /home/ubuntu/reddit_venv/lib/python3.10/site-packages/airflow/example_dags/example_dynamic_task_mapping.py
[2024-02-14T23:50:47.861+0000] {logging_mixin.py:188} INFO - [2024-02-14T23:50:47.860+0000] {dag.py:3036} INFO - Sync 1 DAGs
[2024-02-14T23:50:47.882+0000] {logging_mixin.py:188} INFO - [2024-02-14T23:50:47.882+0000] {dag.py:3823} INFO - Setting next_dagrun for example_dynamic_task_mapping to 2022-03-04 00:00:00+00:00, run_after=2022-03-05 00:00:00+00:00
[2024-02-14T23:50:47.911+0000] {processor.py:183} INFO - Processing /home/ubuntu/reddit_venv/lib/python3.10/site-packages/airflow/example_dags/example_dynamic_task_mapping.py took 0.080 seconds
[2024-02-14T23:51:46.611+0000] {processor.py:161} INFO - Started process (PID=11194) to work on /home/ubuntu/reddit_venv/lib/python3.10/site-packages/airflow/example_dags/example_dynamic_task_mapping.py
[2024-02-14T23:51:46.615+0000] {processor.py:830} INFO - Processing file /home/ubuntu/reddit_venv/lib/python3.10/site-packages/airflow/example_dags/example_dynamic_task_mapping.py for tasks to queue
[2024-02-14T23:51:46.616+0000] {logging_mixin.py:188} INFO - [2024-02-14T23:51:46.616+0000] {dagbag.py:538} INFO - Filling up the DagBag from /home/ubuntu/reddit_venv/lib/python3.10/site-packages/airflow/example_dags/example_dynamic_task_mapping.py
[2024-02-14T23:51:46.623+0000] {processor.py:840} INFO - DAG(s) 'example_dynamic_task_mapping' retrieved from /home/ubuntu/reddit_venv/lib/python3.10/site-packages/airflow/example_dags/example_dynamic_task_mapping.py
[2024-02-14T23:51:46.638+0000] {logging_mixin.py:188} INFO - [2024-02-14T23:51:46.638+0000] {dag.py:3036} INFO - Sync 1 DAGs
[2024-02-14T23:51:46.658+0000] {logging_mixin.py:188} INFO - [2024-02-14T23:51:46.658+0000] {dag.py:3823} INFO - Setting next_dagrun for example_dynamic_task_mapping to 2022-03-04 00:00:00+00:00, run_after=2022-03-05 00:00:00+00:00
[2024-02-14T23:51:46.680+0000] {processor.py:183} INFO - Processing /home/ubuntu/reddit_venv/lib/python3.10/site-packages/airflow/example_dags/example_dynamic_task_mapping.py took 0.072 seconds
[2024-02-14T23:52:49.471+0000] {processor.py:161} INFO - Started process (PID=11323) to work on /home/ubuntu/reddit_venv/lib/python3.10/site-packages/airflow/example_dags/example_dynamic_task_mapping.py
[2024-02-14T23:52:49.473+0000] {processor.py:830} INFO - Processing file /home/ubuntu/reddit_venv/lib/python3.10/site-packages/airflow/example_dags/example_dynamic_task_mapping.py for tasks to queue
[2024-02-14T23:52:49.474+0000] {logging_mixin.py:188} INFO - [2024-02-14T23:52:49.474+0000] {dagbag.py:538} INFO - Filling up the DagBag from /home/ubuntu/reddit_venv/lib/python3.10/site-packages/airflow/example_dags/example_dynamic_task_mapping.py
[2024-02-14T23:52:49.482+0000] {processor.py:840} INFO - DAG(s) 'example_dynamic_task_mapping' retrieved from /home/ubuntu/reddit_venv/lib/python3.10/site-packages/airflow/example_dags/example_dynamic_task_mapping.py
[2024-02-14T23:52:49.497+0000] {logging_mixin.py:188} INFO - [2024-02-14T23:52:49.497+0000] {dag.py:3036} INFO - Sync 1 DAGs
[2024-02-14T23:52:49.519+0000] {logging_mixin.py:188} INFO - [2024-02-14T23:52:49.519+0000] {dag.py:3823} INFO - Setting next_dagrun for example_dynamic_task_mapping to 2022-03-04 00:00:00+00:00, run_after=2022-03-05 00:00:00+00:00
[2024-02-14T23:52:49.543+0000] {processor.py:183} INFO - Processing /home/ubuntu/reddit_venv/lib/python3.10/site-packages/airflow/example_dags/example_dynamic_task_mapping.py took 0.075 seconds
[2024-02-14T23:53:52.194+0000] {processor.py:161} INFO - Started process (PID=11453) to work on /home/ubuntu/reddit_venv/lib/python3.10/site-packages/airflow/example_dags/example_dynamic_task_mapping.py
[2024-02-14T23:53:52.197+0000] {processor.py:830} INFO - Processing file /home/ubuntu/reddit_venv/lib/python3.10/site-packages/airflow/example_dags/example_dynamic_task_mapping.py for tasks to queue
[2024-02-14T23:53:52.198+0000] {logging_mixin.py:188} INFO - [2024-02-14T23:53:52.198+0000] {dagbag.py:538} INFO - Filling up the DagBag from /home/ubuntu/reddit_venv/lib/python3.10/site-packages/airflow/example_dags/example_dynamic_task_mapping.py
[2024-02-14T23:53:52.205+0000] {processor.py:840} INFO - DAG(s) 'example_dynamic_task_mapping' retrieved from /home/ubuntu/reddit_venv/lib/python3.10/site-packages/airflow/example_dags/example_dynamic_task_mapping.py
[2024-02-14T23:53:52.220+0000] {logging_mixin.py:188} INFO - [2024-02-14T23:53:52.220+0000] {dag.py:3036} INFO - Sync 1 DAGs
[2024-02-14T23:53:52.240+0000] {logging_mixin.py:188} INFO - [2024-02-14T23:53:52.240+0000] {dag.py:3823} INFO - Setting next_dagrun for example_dynamic_task_mapping to 2022-03-04 00:00:00+00:00, run_after=2022-03-05 00:00:00+00:00
[2024-02-14T23:53:52.262+0000] {processor.py:183} INFO - Processing /home/ubuntu/reddit_venv/lib/python3.10/site-packages/airflow/example_dags/example_dynamic_task_mapping.py took 0.071 seconds
[2024-02-14T23:54:55.840+0000] {processor.py:161} INFO - Started process (PID=11646) to work on /home/ubuntu/reddit_venv/lib/python3.10/site-packages/airflow/example_dags/example_dynamic_task_mapping.py
[2024-02-14T23:54:55.841+0000] {processor.py:830} INFO - Processing file /home/ubuntu/reddit_venv/lib/python3.10/site-packages/airflow/example_dags/example_dynamic_task_mapping.py for tasks to queue
[2024-02-14T23:54:55.842+0000] {logging_mixin.py:188} INFO - [2024-02-14T23:54:55.842+0000] {dagbag.py:538} INFO - Filling up the DagBag from /home/ubuntu/reddit_venv/lib/python3.10/site-packages/airflow/example_dags/example_dynamic_task_mapping.py
[2024-02-14T23:54:55.850+0000] {processor.py:840} INFO - DAG(s) 'example_dynamic_task_mapping' retrieved from /home/ubuntu/reddit_venv/lib/python3.10/site-packages/airflow/example_dags/example_dynamic_task_mapping.py
[2024-02-14T23:54:55.865+0000] {logging_mixin.py:188} INFO - [2024-02-14T23:54:55.865+0000] {dag.py:3036} INFO - Sync 1 DAGs
[2024-02-14T23:54:55.885+0000] {logging_mixin.py:188} INFO - [2024-02-14T23:54:55.885+0000] {dag.py:3823} INFO - Setting next_dagrun for example_dynamic_task_mapping to 2022-03-04 00:00:00+00:00, run_after=2022-03-05 00:00:00+00:00
[2024-02-14T23:54:55.906+0000] {processor.py:183} INFO - Processing /home/ubuntu/reddit_venv/lib/python3.10/site-packages/airflow/example_dags/example_dynamic_task_mapping.py took 0.070 seconds
[2024-02-14T23:55:53.546+0000] {processor.py:161} INFO - Started process (PID=11772) to work on /home/ubuntu/reddit_venv/lib/python3.10/site-packages/airflow/example_dags/example_dynamic_task_mapping.py
[2024-02-14T23:55:53.548+0000] {processor.py:830} INFO - Processing file /home/ubuntu/reddit_venv/lib/python3.10/site-packages/airflow/example_dags/example_dynamic_task_mapping.py for tasks to queue
[2024-02-14T23:55:53.549+0000] {logging_mixin.py:188} INFO - [2024-02-14T23:55:53.548+0000] {dagbag.py:538} INFO - Filling up the DagBag from /home/ubuntu/reddit_venv/lib/python3.10/site-packages/airflow/example_dags/example_dynamic_task_mapping.py
[2024-02-14T23:55:53.556+0000] {processor.py:840} INFO - DAG(s) 'example_dynamic_task_mapping' retrieved from /home/ubuntu/reddit_venv/lib/python3.10/site-packages/airflow/example_dags/example_dynamic_task_mapping.py
[2024-02-14T23:55:53.571+0000] {logging_mixin.py:188} INFO - [2024-02-14T23:55:53.571+0000] {dag.py:3036} INFO - Sync 1 DAGs
[2024-02-14T23:55:53.594+0000] {logging_mixin.py:188} INFO - [2024-02-14T23:55:53.594+0000] {dag.py:3823} INFO - Setting next_dagrun for example_dynamic_task_mapping to 2022-03-04 00:00:00+00:00, run_after=2022-03-05 00:00:00+00:00
[2024-02-14T23:55:53.616+0000] {processor.py:183} INFO - Processing /home/ubuntu/reddit_venv/lib/python3.10/site-packages/airflow/example_dags/example_dynamic_task_mapping.py took 0.074 seconds
[2024-02-14T23:56:51.382+0000] {processor.py:161} INFO - Started process (PID=12583) to work on /home/ubuntu/reddit_venv/lib/python3.10/site-packages/airflow/example_dags/example_dynamic_task_mapping.py
[2024-02-14T23:56:51.384+0000] {processor.py:830} INFO - Processing file /home/ubuntu/reddit_venv/lib/python3.10/site-packages/airflow/example_dags/example_dynamic_task_mapping.py for tasks to queue
[2024-02-14T23:56:51.385+0000] {logging_mixin.py:188} INFO - [2024-02-14T23:56:51.384+0000] {dagbag.py:538} INFO - Filling up the DagBag from /home/ubuntu/reddit_venv/lib/python3.10/site-packages/airflow/example_dags/example_dynamic_task_mapping.py
[2024-02-14T23:56:51.392+0000] {processor.py:840} INFO - DAG(s) 'example_dynamic_task_mapping' retrieved from /home/ubuntu/reddit_venv/lib/python3.10/site-packages/airflow/example_dags/example_dynamic_task_mapping.py
[2024-02-14T23:56:51.406+0000] {logging_mixin.py:188} INFO - [2024-02-14T23:56:51.406+0000] {dag.py:3036} INFO - Sync 1 DAGs
[2024-02-14T23:56:51.426+0000] {logging_mixin.py:188} INFO - [2024-02-14T23:56:51.426+0000] {dag.py:3823} INFO - Setting next_dagrun for example_dynamic_task_mapping to 2022-03-04 00:00:00+00:00, run_after=2022-03-05 00:00:00+00:00
[2024-02-14T23:56:51.448+0000] {processor.py:183} INFO - Processing /home/ubuntu/reddit_venv/lib/python3.10/site-packages/airflow/example_dags/example_dynamic_task_mapping.py took 0.069 seconds
[2024-02-14T23:57:49.675+0000] {processor.py:161} INFO - Started process (PID=20097) to work on /home/ubuntu/reddit_venv/lib/python3.10/site-packages/airflow/example_dags/example_dynamic_task_mapping.py
[2024-02-14T23:57:49.676+0000] {processor.py:830} INFO - Processing file /home/ubuntu/reddit_venv/lib/python3.10/site-packages/airflow/example_dags/example_dynamic_task_mapping.py for tasks to queue
[2024-02-14T23:57:49.678+0000] {logging_mixin.py:188} INFO - [2024-02-14T23:57:49.677+0000] {dagbag.py:538} INFO - Filling up the DagBag from /home/ubuntu/reddit_venv/lib/python3.10/site-packages/airflow/example_dags/example_dynamic_task_mapping.py
[2024-02-14T23:57:49.685+0000] {processor.py:840} INFO - DAG(s) 'example_dynamic_task_mapping' retrieved from /home/ubuntu/reddit_venv/lib/python3.10/site-packages/airflow/example_dags/example_dynamic_task_mapping.py
[2024-02-14T23:57:49.700+0000] {logging_mixin.py:188} INFO - [2024-02-14T23:57:49.699+0000] {dag.py:3036} INFO - Sync 1 DAGs
[2024-02-14T23:57:49.720+0000] {logging_mixin.py:188} INFO - [2024-02-14T23:57:49.720+0000] {dag.py:3823} INFO - Setting next_dagrun for example_dynamic_task_mapping to 2022-03-04 00:00:00+00:00, run_after=2022-03-05 00:00:00+00:00
[2024-02-14T23:57:49.744+0000] {processor.py:183} INFO - Processing /home/ubuntu/reddit_venv/lib/python3.10/site-packages/airflow/example_dags/example_dynamic_task_mapping.py took 0.072 seconds
[2024-02-14T23:58:52.625+0000] {processor.py:161} INFO - Started process (PID=22412) to work on /home/ubuntu/reddit_venv/lib/python3.10/site-packages/airflow/example_dags/example_dynamic_task_mapping.py
[2024-02-14T23:58:52.627+0000] {processor.py:830} INFO - Processing file /home/ubuntu/reddit_venv/lib/python3.10/site-packages/airflow/example_dags/example_dynamic_task_mapping.py for tasks to queue
[2024-02-14T23:58:52.628+0000] {logging_mixin.py:188} INFO - [2024-02-14T23:58:52.628+0000] {dagbag.py:538} INFO - Filling up the DagBag from /home/ubuntu/reddit_venv/lib/python3.10/site-packages/airflow/example_dags/example_dynamic_task_mapping.py
[2024-02-14T23:58:52.635+0000] {processor.py:840} INFO - DAG(s) 'example_dynamic_task_mapping' retrieved from /home/ubuntu/reddit_venv/lib/python3.10/site-packages/airflow/example_dags/example_dynamic_task_mapping.py
[2024-02-14T23:58:52.650+0000] {logging_mixin.py:188} INFO - [2024-02-14T23:58:52.650+0000] {dag.py:3036} INFO - Sync 1 DAGs
[2024-02-14T23:58:52.671+0000] {logging_mixin.py:188} INFO - [2024-02-14T23:58:52.671+0000] {dag.py:3823} INFO - Setting next_dagrun for example_dynamic_task_mapping to 2022-03-04 00:00:00+00:00, run_after=2022-03-05 00:00:00+00:00
[2024-02-14T23:58:52.693+0000] {processor.py:183} INFO - Processing /home/ubuntu/reddit_venv/lib/python3.10/site-packages/airflow/example_dags/example_dynamic_task_mapping.py took 0.071 seconds
[2024-02-14T23:59:53.196+0000] {processor.py:161} INFO - Started process (PID=22604) to work on /home/ubuntu/reddit_venv/lib/python3.10/site-packages/airflow/example_dags/example_dynamic_task_mapping.py
[2024-02-14T23:59:53.198+0000] {processor.py:830} INFO - Processing file /home/ubuntu/reddit_venv/lib/python3.10/site-packages/airflow/example_dags/example_dynamic_task_mapping.py for tasks to queue
[2024-02-14T23:59:53.199+0000] {logging_mixin.py:188} INFO - [2024-02-14T23:59:53.198+0000] {dagbag.py:538} INFO - Filling up the DagBag from /home/ubuntu/reddit_venv/lib/python3.10/site-packages/airflow/example_dags/example_dynamic_task_mapping.py
[2024-02-14T23:59:53.206+0000] {processor.py:840} INFO - DAG(s) 'example_dynamic_task_mapping' retrieved from /home/ubuntu/reddit_venv/lib/python3.10/site-packages/airflow/example_dags/example_dynamic_task_mapping.py
[2024-02-14T23:59:53.221+0000] {logging_mixin.py:188} INFO - [2024-02-14T23:59:53.221+0000] {dag.py:3036} INFO - Sync 1 DAGs
[2024-02-14T23:59:53.242+0000] {logging_mixin.py:188} INFO - [2024-02-14T23:59:53.242+0000] {dag.py:3823} INFO - Setting next_dagrun for example_dynamic_task_mapping to 2022-03-04 00:00:00+00:00, run_after=2022-03-05 00:00:00+00:00
[2024-02-14T23:59:53.265+0000] {processor.py:183} INFO - Processing /home/ubuntu/reddit_venv/lib/python3.10/site-packages/airflow/example_dags/example_dynamic_task_mapping.py took 0.072 seconds
