[2024-02-14T23:09:41.544+0000] {processor.py:161} INFO - Started process (PID=1641) to work on /home/ubuntu/reddit_venv/lib/python3.10/site-packages/airflow/example_dags/example_latest_only.py
[2024-02-14T23:09:41.545+0000] {processor.py:830} INFO - Processing file /home/ubuntu/reddit_venv/lib/python3.10/site-packages/airflow/example_dags/example_latest_only.py for tasks to queue
[2024-02-14T23:09:41.546+0000] {logging_mixin.py:188} INFO - [2024-02-14T23:09:41.546+0000] {dagbag.py:538} INFO - Filling up the DagBag from /home/ubuntu/reddit_venv/lib/python3.10/site-packages/airflow/example_dags/example_latest_only.py
[2024-02-14T23:09:41.555+0000] {processor.py:840} INFO - DAG(s) 'latest_only' retrieved from /home/ubuntu/reddit_venv/lib/python3.10/site-packages/airflow/example_dags/example_latest_only.py
[2024-02-14T23:09:41.562+0000] {logging_mixin.py:188} INFO - [2024-02-14T23:09:41.562+0000] {dag.py:3036} INFO - Sync 1 DAGs
[2024-02-14T23:09:41.583+0000] {logging_mixin.py:188} INFO - [2024-02-14T23:09:41.583+0000] {dag.py:3823} INFO - Setting next_dagrun for latest_only to 2024-02-14 16:00:00+00:00, run_after=2024-02-14 20:00:00+00:00
[2024-02-14T23:09:41.604+0000] {processor.py:183} INFO - Processing /home/ubuntu/reddit_venv/lib/python3.10/site-packages/airflow/example_dags/example_latest_only.py took 0.063 seconds
[2024-02-14T23:10:32.433+0000] {processor.py:161} INFO - Started process (PID=1756) to work on /home/ubuntu/reddit_venv/lib/python3.10/site-packages/airflow/example_dags/example_latest_only.py
[2024-02-14T23:10:32.435+0000] {processor.py:830} INFO - Processing file /home/ubuntu/reddit_venv/lib/python3.10/site-packages/airflow/example_dags/example_latest_only.py for tasks to queue
[2024-02-14T23:10:32.436+0000] {logging_mixin.py:188} INFO - [2024-02-14T23:10:32.436+0000] {dagbag.py:538} INFO - Filling up the DagBag from /home/ubuntu/reddit_venv/lib/python3.10/site-packages/airflow/example_dags/example_latest_only.py
[2024-02-14T23:10:32.442+0000] {processor.py:840} INFO - DAG(s) 'latest_only' retrieved from /home/ubuntu/reddit_venv/lib/python3.10/site-packages/airflow/example_dags/example_latest_only.py
[2024-02-14T23:10:32.538+0000] {logging_mixin.py:188} INFO - [2024-02-14T23:10:32.538+0000] {dag.py:3036} INFO - Sync 1 DAGs
[2024-02-14T23:10:32.557+0000] {logging_mixin.py:188} INFO - [2024-02-14T23:10:32.557+0000] {dag.py:3823} INFO - Setting next_dagrun for latest_only to 2024-02-14 16:00:00+00:00, run_after=2024-02-14 20:00:00+00:00
[2024-02-14T23:10:32.581+0000] {processor.py:183} INFO - Processing /home/ubuntu/reddit_venv/lib/python3.10/site-packages/airflow/example_dags/example_latest_only.py took 0.151 seconds
[2024-02-14T23:11:23.440+0000] {processor.py:161} INFO - Started process (PID=1811) to work on /home/ubuntu/reddit_venv/lib/python3.10/site-packages/airflow/example_dags/example_latest_only.py
[2024-02-14T23:11:23.442+0000] {processor.py:830} INFO - Processing file /home/ubuntu/reddit_venv/lib/python3.10/site-packages/airflow/example_dags/example_latest_only.py for tasks to queue
[2024-02-14T23:11:23.443+0000] {logging_mixin.py:188} INFO - [2024-02-14T23:11:23.442+0000] {dagbag.py:538} INFO - Filling up the DagBag from /home/ubuntu/reddit_venv/lib/python3.10/site-packages/airflow/example_dags/example_latest_only.py
[2024-02-14T23:11:23.449+0000] {processor.py:840} INFO - DAG(s) 'latest_only' retrieved from /home/ubuntu/reddit_venv/lib/python3.10/site-packages/airflow/example_dags/example_latest_only.py
[2024-02-14T23:11:23.465+0000] {logging_mixin.py:188} INFO - [2024-02-14T23:11:23.465+0000] {dag.py:3036} INFO - Sync 1 DAGs
[2024-02-14T23:11:23.487+0000] {logging_mixin.py:188} INFO - [2024-02-14T23:11:23.487+0000] {dag.py:3823} INFO - Setting next_dagrun for latest_only to 2024-02-14 16:00:00+00:00, run_after=2024-02-14 20:00:00+00:00
[2024-02-14T23:11:23.510+0000] {processor.py:183} INFO - Processing /home/ubuntu/reddit_venv/lib/python3.10/site-packages/airflow/example_dags/example_latest_only.py took 0.073 seconds
[2024-02-14T23:12:04.532+0000] {processor.py:161} INFO - Started process (PID=1919) to work on /home/ubuntu/reddit_venv/lib/python3.10/site-packages/airflow/example_dags/example_latest_only.py
[2024-02-14T23:12:04.534+0000] {processor.py:830} INFO - Processing file /home/ubuntu/reddit_venv/lib/python3.10/site-packages/airflow/example_dags/example_latest_only.py for tasks to queue
[2024-02-14T23:12:04.535+0000] {logging_mixin.py:188} INFO - [2024-02-14T23:12:04.534+0000] {dagbag.py:538} INFO - Filling up the DagBag from /home/ubuntu/reddit_venv/lib/python3.10/site-packages/airflow/example_dags/example_latest_only.py
[2024-02-14T23:12:04.540+0000] {processor.py:840} INFO - DAG(s) 'latest_only' retrieved from /home/ubuntu/reddit_venv/lib/python3.10/site-packages/airflow/example_dags/example_latest_only.py
[2024-02-14T23:12:04.555+0000] {logging_mixin.py:188} INFO - [2024-02-14T23:12:04.555+0000] {dag.py:3036} INFO - Sync 1 DAGs
[2024-02-14T23:12:04.576+0000] {logging_mixin.py:188} INFO - [2024-02-14T23:12:04.576+0000] {dag.py:3823} INFO - Setting next_dagrun for latest_only to 2024-02-14 16:00:00+00:00, run_after=2024-02-14 20:00:00+00:00
[2024-02-14T23:12:04.598+0000] {processor.py:183} INFO - Processing /home/ubuntu/reddit_venv/lib/python3.10/site-packages/airflow/example_dags/example_latest_only.py took 0.069 seconds
[2024-02-14T23:12:44.776+0000] {processor.py:161} INFO - Started process (PID=2151) to work on /home/ubuntu/reddit_venv/lib/python3.10/site-packages/airflow/example_dags/example_latest_only.py
[2024-02-14T23:12:44.778+0000] {processor.py:830} INFO - Processing file /home/ubuntu/reddit_venv/lib/python3.10/site-packages/airflow/example_dags/example_latest_only.py for tasks to queue
[2024-02-14T23:12:44.779+0000] {logging_mixin.py:188} INFO - [2024-02-14T23:12:44.778+0000] {dagbag.py:538} INFO - Filling up the DagBag from /home/ubuntu/reddit_venv/lib/python3.10/site-packages/airflow/example_dags/example_latest_only.py
[2024-02-14T23:12:44.784+0000] {processor.py:840} INFO - DAG(s) 'latest_only' retrieved from /home/ubuntu/reddit_venv/lib/python3.10/site-packages/airflow/example_dags/example_latest_only.py
[2024-02-14T23:12:44.800+0000] {logging_mixin.py:188} INFO - [2024-02-14T23:12:44.800+0000] {dag.py:3036} INFO - Sync 1 DAGs
[2024-02-14T23:12:44.821+0000] {logging_mixin.py:188} INFO - [2024-02-14T23:12:44.821+0000] {dag.py:3823} INFO - Setting next_dagrun for latest_only to 2024-02-14 16:00:00+00:00, run_after=2024-02-14 20:00:00+00:00
[2024-02-14T23:12:44.845+0000] {processor.py:183} INFO - Processing /home/ubuntu/reddit_venv/lib/python3.10/site-packages/airflow/example_dags/example_latest_only.py took 0.073 seconds
[2024-02-14T23:13:23.789+0000] {processor.py:161} INFO - Started process (PID=2380) to work on /home/ubuntu/reddit_venv/lib/python3.10/site-packages/airflow/example_dags/example_latest_only.py
[2024-02-14T23:13:23.790+0000] {processor.py:830} INFO - Processing file /home/ubuntu/reddit_venv/lib/python3.10/site-packages/airflow/example_dags/example_latest_only.py for tasks to queue
[2024-02-14T23:13:23.791+0000] {logging_mixin.py:188} INFO - [2024-02-14T23:13:23.791+0000] {dagbag.py:538} INFO - Filling up the DagBag from /home/ubuntu/reddit_venv/lib/python3.10/site-packages/airflow/example_dags/example_latest_only.py
[2024-02-14T23:13:23.797+0000] {processor.py:840} INFO - DAG(s) 'latest_only' retrieved from /home/ubuntu/reddit_venv/lib/python3.10/site-packages/airflow/example_dags/example_latest_only.py
[2024-02-14T23:13:23.812+0000] {logging_mixin.py:188} INFO - [2024-02-14T23:13:23.812+0000] {dag.py:3036} INFO - Sync 1 DAGs
[2024-02-14T23:13:23.834+0000] {logging_mixin.py:188} INFO - [2024-02-14T23:13:23.834+0000] {dag.py:3823} INFO - Setting next_dagrun for latest_only to 2024-02-14 16:00:00+00:00, run_after=2024-02-14 20:00:00+00:00
[2024-02-14T23:13:23.856+0000] {processor.py:183} INFO - Processing /home/ubuntu/reddit_venv/lib/python3.10/site-packages/airflow/example_dags/example_latest_only.py took 0.071 seconds
[2024-02-14T23:14:22.969+0000] {processor.py:161} INFO - Started process (PID=2506) to work on /home/ubuntu/reddit_venv/lib/python3.10/site-packages/airflow/example_dags/example_latest_only.py
[2024-02-14T23:14:22.971+0000] {processor.py:830} INFO - Processing file /home/ubuntu/reddit_venv/lib/python3.10/site-packages/airflow/example_dags/example_latest_only.py for tasks to queue
[2024-02-14T23:14:22.972+0000] {logging_mixin.py:188} INFO - [2024-02-14T23:14:22.972+0000] {dagbag.py:538} INFO - Filling up the DagBag from /home/ubuntu/reddit_venv/lib/python3.10/site-packages/airflow/example_dags/example_latest_only.py
[2024-02-14T23:14:22.978+0000] {processor.py:840} INFO - DAG(s) 'latest_only' retrieved from /home/ubuntu/reddit_venv/lib/python3.10/site-packages/airflow/example_dags/example_latest_only.py
[2024-02-14T23:14:23.002+0000] {logging_mixin.py:188} INFO - [2024-02-14T23:14:23.002+0000] {dag.py:3036} INFO - Sync 1 DAGs
[2024-02-14T23:14:23.023+0000] {logging_mixin.py:188} INFO - [2024-02-14T23:14:23.023+0000] {dag.py:3823} INFO - Setting next_dagrun for latest_only to 2024-02-14 16:00:00+00:00, run_after=2024-02-14 20:00:00+00:00
[2024-02-14T23:14:23.045+0000] {processor.py:183} INFO - Processing /home/ubuntu/reddit_venv/lib/python3.10/site-packages/airflow/example_dags/example_latest_only.py took 0.079 seconds
[2024-02-14T23:15:02.415+0000] {processor.py:161} INFO - Started process (PID=2852) to work on /home/ubuntu/reddit_venv/lib/python3.10/site-packages/airflow/example_dags/example_latest_only.py
[2024-02-14T23:15:02.416+0000] {processor.py:830} INFO - Processing file /home/ubuntu/reddit_venv/lib/python3.10/site-packages/airflow/example_dags/example_latest_only.py for tasks to queue
[2024-02-14T23:15:02.417+0000] {logging_mixin.py:188} INFO - [2024-02-14T23:15:02.417+0000] {dagbag.py:538} INFO - Filling up the DagBag from /home/ubuntu/reddit_venv/lib/python3.10/site-packages/airflow/example_dags/example_latest_only.py
[2024-02-14T23:15:02.423+0000] {processor.py:840} INFO - DAG(s) 'latest_only' retrieved from /home/ubuntu/reddit_venv/lib/python3.10/site-packages/airflow/example_dags/example_latest_only.py
[2024-02-14T23:15:02.438+0000] {logging_mixin.py:188} INFO - [2024-02-14T23:15:02.438+0000] {dag.py:3036} INFO - Sync 1 DAGs
[2024-02-14T23:15:02.459+0000] {logging_mixin.py:188} INFO - [2024-02-14T23:15:02.458+0000] {dag.py:3823} INFO - Setting next_dagrun for latest_only to 2024-02-14 16:00:00+00:00, run_after=2024-02-14 20:00:00+00:00
[2024-02-14T23:15:02.483+0000] {processor.py:183} INFO - Processing /home/ubuntu/reddit_venv/lib/python3.10/site-packages/airflow/example_dags/example_latest_only.py took 0.072 seconds
[2024-02-14T23:15:43.066+0000] {processor.py:161} INFO - Started process (PID=3019) to work on /home/ubuntu/reddit_venv/lib/python3.10/site-packages/airflow/example_dags/example_latest_only.py
[2024-02-14T23:15:43.068+0000] {processor.py:830} INFO - Processing file /home/ubuntu/reddit_venv/lib/python3.10/site-packages/airflow/example_dags/example_latest_only.py for tasks to queue
[2024-02-14T23:15:43.069+0000] {logging_mixin.py:188} INFO - [2024-02-14T23:15:43.068+0000] {dagbag.py:538} INFO - Filling up the DagBag from /home/ubuntu/reddit_venv/lib/python3.10/site-packages/airflow/example_dags/example_latest_only.py
[2024-02-14T23:15:43.075+0000] {processor.py:840} INFO - DAG(s) 'latest_only' retrieved from /home/ubuntu/reddit_venv/lib/python3.10/site-packages/airflow/example_dags/example_latest_only.py
[2024-02-14T23:15:43.091+0000] {logging_mixin.py:188} INFO - [2024-02-14T23:15:43.091+0000] {dag.py:3036} INFO - Sync 1 DAGs
[2024-02-14T23:15:43.112+0000] {logging_mixin.py:188} INFO - [2024-02-14T23:15:43.112+0000] {dag.py:3823} INFO - Setting next_dagrun for latest_only to 2024-02-14 16:00:00+00:00, run_after=2024-02-14 20:00:00+00:00
[2024-02-14T23:15:43.136+0000] {processor.py:183} INFO - Processing /home/ubuntu/reddit_venv/lib/python3.10/site-packages/airflow/example_dags/example_latest_only.py took 0.073 seconds
[2024-02-14T23:16:25.938+0000] {processor.py:161} INFO - Started process (PID=3248) to work on /home/ubuntu/reddit_venv/lib/python3.10/site-packages/airflow/example_dags/example_latest_only.py
[2024-02-14T23:16:25.940+0000] {processor.py:830} INFO - Processing file /home/ubuntu/reddit_venv/lib/python3.10/site-packages/airflow/example_dags/example_latest_only.py for tasks to queue
[2024-02-14T23:16:25.941+0000] {logging_mixin.py:188} INFO - [2024-02-14T23:16:25.940+0000] {dagbag.py:538} INFO - Filling up the DagBag from /home/ubuntu/reddit_venv/lib/python3.10/site-packages/airflow/example_dags/example_latest_only.py
[2024-02-14T23:16:25.947+0000] {processor.py:840} INFO - DAG(s) 'latest_only' retrieved from /home/ubuntu/reddit_venv/lib/python3.10/site-packages/airflow/example_dags/example_latest_only.py
[2024-02-14T23:16:25.962+0000] {logging_mixin.py:188} INFO - [2024-02-14T23:16:25.962+0000] {dag.py:3036} INFO - Sync 1 DAGs
[2024-02-14T23:16:25.983+0000] {logging_mixin.py:188} INFO - [2024-02-14T23:16:25.983+0000] {dag.py:3823} INFO - Setting next_dagrun for latest_only to 2024-02-14 16:00:00+00:00, run_after=2024-02-14 20:00:00+00:00
[2024-02-14T23:16:26.005+0000] {processor.py:183} INFO - Processing /home/ubuntu/reddit_venv/lib/python3.10/site-packages/airflow/example_dags/example_latest_only.py took 0.070 seconds
[2024-02-14T23:17:21.833+0000] {processor.py:161} INFO - Started process (PID=3981) to work on /home/ubuntu/reddit_venv/lib/python3.10/site-packages/airflow/example_dags/example_latest_only.py
[2024-02-14T23:17:21.834+0000] {processor.py:830} INFO - Processing file /home/ubuntu/reddit_venv/lib/python3.10/site-packages/airflow/example_dags/example_latest_only.py for tasks to queue
[2024-02-14T23:17:21.835+0000] {logging_mixin.py:188} INFO - [2024-02-14T23:17:21.835+0000] {dagbag.py:538} INFO - Filling up the DagBag from /home/ubuntu/reddit_venv/lib/python3.10/site-packages/airflow/example_dags/example_latest_only.py
[2024-02-14T23:17:21.841+0000] {processor.py:840} INFO - DAG(s) 'latest_only' retrieved from /home/ubuntu/reddit_venv/lib/python3.10/site-packages/airflow/example_dags/example_latest_only.py
[2024-02-14T23:17:21.856+0000] {logging_mixin.py:188} INFO - [2024-02-14T23:17:21.856+0000] {dag.py:3036} INFO - Sync 1 DAGs
[2024-02-14T23:17:21.877+0000] {logging_mixin.py:188} INFO - [2024-02-14T23:17:21.877+0000] {dag.py:3823} INFO - Setting next_dagrun for latest_only to 2024-02-14 16:00:00+00:00, run_after=2024-02-14 20:00:00+00:00
[2024-02-14T23:17:21.899+0000] {processor.py:183} INFO - Processing /home/ubuntu/reddit_venv/lib/python3.10/site-packages/airflow/example_dags/example_latest_only.py took 0.070 seconds
[2024-02-14T23:18:21.592+0000] {processor.py:161} INFO - Started process (PID=4771) to work on /home/ubuntu/reddit_venv/lib/python3.10/site-packages/airflow/example_dags/example_latest_only.py
[2024-02-14T23:18:21.593+0000] {processor.py:830} INFO - Processing file /home/ubuntu/reddit_venv/lib/python3.10/site-packages/airflow/example_dags/example_latest_only.py for tasks to queue
[2024-02-14T23:18:21.594+0000] {logging_mixin.py:188} INFO - [2024-02-14T23:18:21.594+0000] {dagbag.py:538} INFO - Filling up the DagBag from /home/ubuntu/reddit_venv/lib/python3.10/site-packages/airflow/example_dags/example_latest_only.py
[2024-02-14T23:18:21.600+0000] {processor.py:840} INFO - DAG(s) 'latest_only' retrieved from /home/ubuntu/reddit_venv/lib/python3.10/site-packages/airflow/example_dags/example_latest_only.py
[2024-02-14T23:18:21.616+0000] {logging_mixin.py:188} INFO - [2024-02-14T23:18:21.615+0000] {dag.py:3036} INFO - Sync 1 DAGs
[2024-02-14T23:18:21.636+0000] {logging_mixin.py:188} INFO - [2024-02-14T23:18:21.636+0000] {dag.py:3823} INFO - Setting next_dagrun for latest_only to 2024-02-14 16:00:00+00:00, run_after=2024-02-14 20:00:00+00:00
[2024-02-14T23:18:21.659+0000] {processor.py:183} INFO - Processing /home/ubuntu/reddit_venv/lib/python3.10/site-packages/airflow/example_dags/example_latest_only.py took 0.070 seconds
[2024-02-14T23:19:03.140+0000] {processor.py:161} INFO - Started process (PID=5302) to work on /home/ubuntu/reddit_venv/lib/python3.10/site-packages/airflow/example_dags/example_latest_only.py
[2024-02-14T23:19:03.141+0000] {processor.py:830} INFO - Processing file /home/ubuntu/reddit_venv/lib/python3.10/site-packages/airflow/example_dags/example_latest_only.py for tasks to queue
[2024-02-14T23:19:03.142+0000] {logging_mixin.py:188} INFO - [2024-02-14T23:19:03.142+0000] {dagbag.py:538} INFO - Filling up the DagBag from /home/ubuntu/reddit_venv/lib/python3.10/site-packages/airflow/example_dags/example_latest_only.py
[2024-02-14T23:19:03.148+0000] {processor.py:840} INFO - DAG(s) 'latest_only' retrieved from /home/ubuntu/reddit_venv/lib/python3.10/site-packages/airflow/example_dags/example_latest_only.py
[2024-02-14T23:19:03.163+0000] {logging_mixin.py:188} INFO - [2024-02-14T23:19:03.162+0000] {dag.py:3036} INFO - Sync 1 DAGs
[2024-02-14T23:19:03.183+0000] {logging_mixin.py:188} INFO - [2024-02-14T23:19:03.183+0000] {dag.py:3823} INFO - Setting next_dagrun for latest_only to 2024-02-14 16:00:00+00:00, run_after=2024-02-14 20:00:00+00:00
[2024-02-14T23:19:03.204+0000] {processor.py:183} INFO - Processing /home/ubuntu/reddit_venv/lib/python3.10/site-packages/airflow/example_dags/example_latest_only.py took 0.067 seconds
[2024-02-14T23:19:59.342+0000] {processor.py:161} INFO - Started process (PID=5608) to work on /home/ubuntu/reddit_venv/lib/python3.10/site-packages/airflow/example_dags/example_latest_only.py
[2024-02-14T23:19:59.343+0000] {processor.py:830} INFO - Processing file /home/ubuntu/reddit_venv/lib/python3.10/site-packages/airflow/example_dags/example_latest_only.py for tasks to queue
[2024-02-14T23:19:59.344+0000] {logging_mixin.py:188} INFO - [2024-02-14T23:19:59.344+0000] {dagbag.py:538} INFO - Filling up the DagBag from /home/ubuntu/reddit_venv/lib/python3.10/site-packages/airflow/example_dags/example_latest_only.py
[2024-02-14T23:19:59.351+0000] {processor.py:840} INFO - DAG(s) 'latest_only' retrieved from /home/ubuntu/reddit_venv/lib/python3.10/site-packages/airflow/example_dags/example_latest_only.py
[2024-02-14T23:19:59.366+0000] {logging_mixin.py:188} INFO - [2024-02-14T23:19:59.366+0000] {dag.py:3036} INFO - Sync 1 DAGs
[2024-02-14T23:19:59.388+0000] {logging_mixin.py:188} INFO - [2024-02-14T23:19:59.388+0000] {dag.py:3823} INFO - Setting next_dagrun for latest_only to 2024-02-14 16:00:00+00:00, run_after=2024-02-14 20:00:00+00:00
[2024-02-14T23:19:59.411+0000] {processor.py:183} INFO - Processing /home/ubuntu/reddit_venv/lib/python3.10/site-packages/airflow/example_dags/example_latest_only.py took 0.072 seconds
[2024-02-14T23:20:55.103+0000] {processor.py:161} INFO - Started process (PID=5731) to work on /home/ubuntu/reddit_venv/lib/python3.10/site-packages/airflow/example_dags/example_latest_only.py
[2024-02-14T23:20:55.104+0000] {processor.py:830} INFO - Processing file /home/ubuntu/reddit_venv/lib/python3.10/site-packages/airflow/example_dags/example_latest_only.py for tasks to queue
[2024-02-14T23:20:55.105+0000] {logging_mixin.py:188} INFO - [2024-02-14T23:20:55.105+0000] {dagbag.py:538} INFO - Filling up the DagBag from /home/ubuntu/reddit_venv/lib/python3.10/site-packages/airflow/example_dags/example_latest_only.py
[2024-02-14T23:20:55.111+0000] {processor.py:840} INFO - DAG(s) 'latest_only' retrieved from /home/ubuntu/reddit_venv/lib/python3.10/site-packages/airflow/example_dags/example_latest_only.py
[2024-02-14T23:20:55.126+0000] {logging_mixin.py:188} INFO - [2024-02-14T23:20:55.126+0000] {dag.py:3036} INFO - Sync 1 DAGs
[2024-02-14T23:20:55.146+0000] {logging_mixin.py:188} INFO - [2024-02-14T23:20:55.146+0000] {dag.py:3823} INFO - Setting next_dagrun for latest_only to 2024-02-14 16:00:00+00:00, run_after=2024-02-14 20:00:00+00:00
[2024-02-14T23:20:55.167+0000] {processor.py:183} INFO - Processing /home/ubuntu/reddit_venv/lib/python3.10/site-packages/airflow/example_dags/example_latest_only.py took 0.068 seconds
[2024-02-14T23:21:35.360+0000] {processor.py:161} INFO - Started process (PID=5838) to work on /home/ubuntu/reddit_venv/lib/python3.10/site-packages/airflow/example_dags/example_latest_only.py
[2024-02-14T23:21:35.362+0000] {processor.py:830} INFO - Processing file /home/ubuntu/reddit_venv/lib/python3.10/site-packages/airflow/example_dags/example_latest_only.py for tasks to queue
[2024-02-14T23:21:35.363+0000] {logging_mixin.py:188} INFO - [2024-02-14T23:21:35.363+0000] {dagbag.py:538} INFO - Filling up the DagBag from /home/ubuntu/reddit_venv/lib/python3.10/site-packages/airflow/example_dags/example_latest_only.py
[2024-02-14T23:21:35.369+0000] {processor.py:840} INFO - DAG(s) 'latest_only' retrieved from /home/ubuntu/reddit_venv/lib/python3.10/site-packages/airflow/example_dags/example_latest_only.py
[2024-02-14T23:21:35.385+0000] {logging_mixin.py:188} INFO - [2024-02-14T23:21:35.385+0000] {dag.py:3036} INFO - Sync 1 DAGs
[2024-02-14T23:21:35.407+0000] {logging_mixin.py:188} INFO - [2024-02-14T23:21:35.407+0000] {dag.py:3823} INFO - Setting next_dagrun for latest_only to 2024-02-14 16:00:00+00:00, run_after=2024-02-14 20:00:00+00:00
[2024-02-14T23:21:35.430+0000] {processor.py:183} INFO - Processing /home/ubuntu/reddit_venv/lib/python3.10/site-packages/airflow/example_dags/example_latest_only.py took 0.073 seconds
[2024-02-14T23:22:18.554+0000] {processor.py:161} INFO - Started process (PID=6009) to work on /home/ubuntu/reddit_venv/lib/python3.10/site-packages/airflow/example_dags/example_latest_only.py
[2024-02-14T23:22:18.556+0000] {processor.py:830} INFO - Processing file /home/ubuntu/reddit_venv/lib/python3.10/site-packages/airflow/example_dags/example_latest_only.py for tasks to queue
[2024-02-14T23:22:18.557+0000] {logging_mixin.py:188} INFO - [2024-02-14T23:22:18.556+0000] {dagbag.py:538} INFO - Filling up the DagBag from /home/ubuntu/reddit_venv/lib/python3.10/site-packages/airflow/example_dags/example_latest_only.py
[2024-02-14T23:22:18.563+0000] {processor.py:840} INFO - DAG(s) 'latest_only' retrieved from /home/ubuntu/reddit_venv/lib/python3.10/site-packages/airflow/example_dags/example_latest_only.py
[2024-02-14T23:22:18.578+0000] {logging_mixin.py:188} INFO - [2024-02-14T23:22:18.578+0000] {dag.py:3036} INFO - Sync 1 DAGs
[2024-02-14T23:22:18.600+0000] {logging_mixin.py:188} INFO - [2024-02-14T23:22:18.600+0000] {dag.py:3823} INFO - Setting next_dagrun for latest_only to 2024-02-14 16:00:00+00:00, run_after=2024-02-14 20:00:00+00:00
[2024-02-14T23:22:18.622+0000] {processor.py:183} INFO - Processing /home/ubuntu/reddit_venv/lib/python3.10/site-packages/airflow/example_dags/example_latest_only.py took 0.071 seconds
[2024-02-14T23:23:00.010+0000] {processor.py:161} INFO - Started process (PID=6118) to work on /home/ubuntu/reddit_venv/lib/python3.10/site-packages/airflow/example_dags/example_latest_only.py
[2024-02-14T23:23:00.012+0000] {processor.py:830} INFO - Processing file /home/ubuntu/reddit_venv/lib/python3.10/site-packages/airflow/example_dags/example_latest_only.py for tasks to queue
[2024-02-14T23:23:00.013+0000] {logging_mixin.py:188} INFO - [2024-02-14T23:23:00.012+0000] {dagbag.py:538} INFO - Filling up the DagBag from /home/ubuntu/reddit_venv/lib/python3.10/site-packages/airflow/example_dags/example_latest_only.py
[2024-02-14T23:23:00.018+0000] {processor.py:840} INFO - DAG(s) 'latest_only' retrieved from /home/ubuntu/reddit_venv/lib/python3.10/site-packages/airflow/example_dags/example_latest_only.py
[2024-02-14T23:23:00.034+0000] {logging_mixin.py:188} INFO - [2024-02-14T23:23:00.034+0000] {dag.py:3036} INFO - Sync 1 DAGs
[2024-02-14T23:23:00.055+0000] {logging_mixin.py:188} INFO - [2024-02-14T23:23:00.055+0000] {dag.py:3823} INFO - Setting next_dagrun for latest_only to 2024-02-14 16:00:00+00:00, run_after=2024-02-14 20:00:00+00:00
[2024-02-14T23:23:00.077+0000] {processor.py:183} INFO - Processing /home/ubuntu/reddit_venv/lib/python3.10/site-packages/airflow/example_dags/example_latest_only.py took 0.070 seconds
[2024-02-14T23:23:52.428+0000] {processor.py:161} INFO - Started process (PID=6243) to work on /home/ubuntu/reddit_venv/lib/python3.10/site-packages/airflow/example_dags/example_latest_only.py
[2024-02-14T23:23:52.432+0000] {processor.py:830} INFO - Processing file /home/ubuntu/reddit_venv/lib/python3.10/site-packages/airflow/example_dags/example_latest_only.py for tasks to queue
[2024-02-14T23:23:52.433+0000] {logging_mixin.py:188} INFO - [2024-02-14T23:23:52.432+0000] {dagbag.py:538} INFO - Filling up the DagBag from /home/ubuntu/reddit_venv/lib/python3.10/site-packages/airflow/example_dags/example_latest_only.py
[2024-02-14T23:23:52.439+0000] {processor.py:840} INFO - DAG(s) 'latest_only' retrieved from /home/ubuntu/reddit_venv/lib/python3.10/site-packages/airflow/example_dags/example_latest_only.py
[2024-02-14T23:23:52.454+0000] {logging_mixin.py:188} INFO - [2024-02-14T23:23:52.453+0000] {dag.py:3036} INFO - Sync 1 DAGs
[2024-02-14T23:23:52.474+0000] {logging_mixin.py:188} INFO - [2024-02-14T23:23:52.474+0000] {dag.py:3823} INFO - Setting next_dagrun for latest_only to 2024-02-14 16:00:00+00:00, run_after=2024-02-14 20:00:00+00:00
[2024-02-14T23:23:52.496+0000] {processor.py:183} INFO - Processing /home/ubuntu/reddit_venv/lib/python3.10/site-packages/airflow/example_dags/example_latest_only.py took 0.071 seconds
[2024-02-14T23:24:33.050+0000] {processor.py:161} INFO - Started process (PID=6410) to work on /home/ubuntu/reddit_venv/lib/python3.10/site-packages/airflow/example_dags/example_latest_only.py
[2024-02-14T23:24:33.051+0000] {processor.py:830} INFO - Processing file /home/ubuntu/reddit_venv/lib/python3.10/site-packages/airflow/example_dags/example_latest_only.py for tasks to queue
[2024-02-14T23:24:33.052+0000] {logging_mixin.py:188} INFO - [2024-02-14T23:24:33.052+0000] {dagbag.py:538} INFO - Filling up the DagBag from /home/ubuntu/reddit_venv/lib/python3.10/site-packages/airflow/example_dags/example_latest_only.py
[2024-02-14T23:24:33.058+0000] {processor.py:840} INFO - DAG(s) 'latest_only' retrieved from /home/ubuntu/reddit_venv/lib/python3.10/site-packages/airflow/example_dags/example_latest_only.py
[2024-02-14T23:24:33.073+0000] {logging_mixin.py:188} INFO - [2024-02-14T23:24:33.073+0000] {dag.py:3036} INFO - Sync 1 DAGs
[2024-02-14T23:24:33.093+0000] {logging_mixin.py:188} INFO - [2024-02-14T23:24:33.093+0000] {dag.py:3823} INFO - Setting next_dagrun for latest_only to 2024-02-14 16:00:00+00:00, run_after=2024-02-14 20:00:00+00:00
[2024-02-14T23:24:33.115+0000] {processor.py:183} INFO - Processing /home/ubuntu/reddit_venv/lib/python3.10/site-packages/airflow/example_dags/example_latest_only.py took 0.068 seconds
[2024-02-14T23:25:29.008+0000] {processor.py:161} INFO - Started process (PID=6534) to work on /home/ubuntu/reddit_venv/lib/python3.10/site-packages/airflow/example_dags/example_latest_only.py
[2024-02-14T23:25:29.009+0000] {processor.py:830} INFO - Processing file /home/ubuntu/reddit_venv/lib/python3.10/site-packages/airflow/example_dags/example_latest_only.py for tasks to queue
[2024-02-14T23:25:29.010+0000] {logging_mixin.py:188} INFO - [2024-02-14T23:25:29.010+0000] {dagbag.py:538} INFO - Filling up the DagBag from /home/ubuntu/reddit_venv/lib/python3.10/site-packages/airflow/example_dags/example_latest_only.py
[2024-02-14T23:25:29.016+0000] {processor.py:840} INFO - DAG(s) 'latest_only' retrieved from /home/ubuntu/reddit_venv/lib/python3.10/site-packages/airflow/example_dags/example_latest_only.py
[2024-02-14T23:25:29.031+0000] {logging_mixin.py:188} INFO - [2024-02-14T23:25:29.031+0000] {dag.py:3036} INFO - Sync 1 DAGs
[2024-02-14T23:25:29.051+0000] {logging_mixin.py:188} INFO - [2024-02-14T23:25:29.051+0000] {dag.py:3823} INFO - Setting next_dagrun for latest_only to 2024-02-14 16:00:00+00:00, run_after=2024-02-14 20:00:00+00:00
[2024-02-14T23:25:29.073+0000] {processor.py:183} INFO - Processing /home/ubuntu/reddit_venv/lib/python3.10/site-packages/airflow/example_dags/example_latest_only.py took 0.069 seconds
[2024-02-14T23:26:27.322+0000] {processor.py:161} INFO - Started process (PID=6659) to work on /home/ubuntu/reddit_venv/lib/python3.10/site-packages/airflow/example_dags/example_latest_only.py
[2024-02-14T23:26:27.324+0000] {processor.py:830} INFO - Processing file /home/ubuntu/reddit_venv/lib/python3.10/site-packages/airflow/example_dags/example_latest_only.py for tasks to queue
[2024-02-14T23:26:27.325+0000] {logging_mixin.py:188} INFO - [2024-02-14T23:26:27.324+0000] {dagbag.py:538} INFO - Filling up the DagBag from /home/ubuntu/reddit_venv/lib/python3.10/site-packages/airflow/example_dags/example_latest_only.py
[2024-02-14T23:26:27.330+0000] {processor.py:840} INFO - DAG(s) 'latest_only' retrieved from /home/ubuntu/reddit_venv/lib/python3.10/site-packages/airflow/example_dags/example_latest_only.py
[2024-02-14T23:26:27.347+0000] {logging_mixin.py:188} INFO - [2024-02-14T23:26:27.347+0000] {dag.py:3036} INFO - Sync 1 DAGs
[2024-02-14T23:26:27.368+0000] {logging_mixin.py:188} INFO - [2024-02-14T23:26:27.368+0000] {dag.py:3823} INFO - Setting next_dagrun for latest_only to 2024-02-14 16:00:00+00:00, run_after=2024-02-14 20:00:00+00:00
[2024-02-14T23:26:27.393+0000] {processor.py:183} INFO - Processing /home/ubuntu/reddit_venv/lib/python3.10/site-packages/airflow/example_dags/example_latest_only.py took 0.074 seconds
[2024-02-14T23:27:14.342+0000] {processor.py:161} INFO - Started process (PID=6834) to work on /home/ubuntu/reddit_venv/lib/python3.10/site-packages/airflow/example_dags/example_latest_only.py
[2024-02-14T23:27:14.344+0000] {processor.py:830} INFO - Processing file /home/ubuntu/reddit_venv/lib/python3.10/site-packages/airflow/example_dags/example_latest_only.py for tasks to queue
[2024-02-14T23:27:14.345+0000] {logging_mixin.py:188} INFO - [2024-02-14T23:27:14.344+0000] {dagbag.py:538} INFO - Filling up the DagBag from /home/ubuntu/reddit_venv/lib/python3.10/site-packages/airflow/example_dags/example_latest_only.py
[2024-02-14T23:27:14.350+0000] {processor.py:840} INFO - DAG(s) 'latest_only' retrieved from /home/ubuntu/reddit_venv/lib/python3.10/site-packages/airflow/example_dags/example_latest_only.py
[2024-02-14T23:27:14.366+0000] {logging_mixin.py:188} INFO - [2024-02-14T23:27:14.366+0000] {dag.py:3036} INFO - Sync 1 DAGs
[2024-02-14T23:27:14.386+0000] {logging_mixin.py:188} INFO - [2024-02-14T23:27:14.386+0000] {dag.py:3823} INFO - Setting next_dagrun for latest_only to 2024-02-14 16:00:00+00:00, run_after=2024-02-14 20:00:00+00:00
[2024-02-14T23:27:14.408+0000] {processor.py:183} INFO - Processing /home/ubuntu/reddit_venv/lib/python3.10/site-packages/airflow/example_dags/example_latest_only.py took 0.069 seconds
[2024-02-14T23:27:56.365+0000] {processor.py:161} INFO - Started process (PID=6942) to work on /home/ubuntu/reddit_venv/lib/python3.10/site-packages/airflow/example_dags/example_latest_only.py
[2024-02-14T23:27:56.367+0000] {processor.py:830} INFO - Processing file /home/ubuntu/reddit_venv/lib/python3.10/site-packages/airflow/example_dags/example_latest_only.py for tasks to queue
[2024-02-14T23:27:56.368+0000] {logging_mixin.py:188} INFO - [2024-02-14T23:27:56.367+0000] {dagbag.py:538} INFO - Filling up the DagBag from /home/ubuntu/reddit_venv/lib/python3.10/site-packages/airflow/example_dags/example_latest_only.py
[2024-02-14T23:27:56.374+0000] {processor.py:840} INFO - DAG(s) 'latest_only' retrieved from /home/ubuntu/reddit_venv/lib/python3.10/site-packages/airflow/example_dags/example_latest_only.py
[2024-02-14T23:27:56.390+0000] {logging_mixin.py:188} INFO - [2024-02-14T23:27:56.389+0000] {dag.py:3036} INFO - Sync 1 DAGs
[2024-02-14T23:27:56.411+0000] {logging_mixin.py:188} INFO - [2024-02-14T23:27:56.411+0000] {dag.py:3823} INFO - Setting next_dagrun for latest_only to 2024-02-14 16:00:00+00:00, run_after=2024-02-14 20:00:00+00:00
[2024-02-14T23:27:56.434+0000] {processor.py:183} INFO - Processing /home/ubuntu/reddit_venv/lib/python3.10/site-packages/airflow/example_dags/example_latest_only.py took 0.072 seconds
[2024-02-14T23:28:35.623+0000] {processor.py:161} INFO - Started process (PID=7048) to work on /home/ubuntu/reddit_venv/lib/python3.10/site-packages/airflow/example_dags/example_latest_only.py
[2024-02-14T23:28:35.625+0000] {processor.py:830} INFO - Processing file /home/ubuntu/reddit_venv/lib/python3.10/site-packages/airflow/example_dags/example_latest_only.py for tasks to queue
[2024-02-14T23:28:35.626+0000] {logging_mixin.py:188} INFO - [2024-02-14T23:28:35.626+0000] {dagbag.py:538} INFO - Filling up the DagBag from /home/ubuntu/reddit_venv/lib/python3.10/site-packages/airflow/example_dags/example_latest_only.py
[2024-02-14T23:28:35.632+0000] {processor.py:840} INFO - DAG(s) 'latest_only' retrieved from /home/ubuntu/reddit_venv/lib/python3.10/site-packages/airflow/example_dags/example_latest_only.py
[2024-02-14T23:28:35.648+0000] {logging_mixin.py:188} INFO - [2024-02-14T23:28:35.648+0000] {dag.py:3036} INFO - Sync 1 DAGs
[2024-02-14T23:28:35.669+0000] {logging_mixin.py:188} INFO - [2024-02-14T23:28:35.669+0000] {dag.py:3823} INFO - Setting next_dagrun for latest_only to 2024-02-14 16:00:00+00:00, run_after=2024-02-14 20:00:00+00:00
[2024-02-14T23:28:35.691+0000] {processor.py:183} INFO - Processing /home/ubuntu/reddit_venv/lib/python3.10/site-packages/airflow/example_dags/example_latest_only.py took 0.071 seconds
[2024-02-14T23:29:15.206+0000] {processor.py:161} INFO - Started process (PID=7093) to work on /home/ubuntu/reddit_venv/lib/python3.10/site-packages/airflow/example_dags/example_latest_only.py
[2024-02-14T23:29:15.208+0000] {processor.py:830} INFO - Processing file /home/ubuntu/reddit_venv/lib/python3.10/site-packages/airflow/example_dags/example_latest_only.py for tasks to queue
[2024-02-14T23:29:15.209+0000] {logging_mixin.py:188} INFO - [2024-02-14T23:29:15.208+0000] {dagbag.py:538} INFO - Filling up the DagBag from /home/ubuntu/reddit_venv/lib/python3.10/site-packages/airflow/example_dags/example_latest_only.py
[2024-02-14T23:29:15.215+0000] {processor.py:840} INFO - DAG(s) 'latest_only' retrieved from /home/ubuntu/reddit_venv/lib/python3.10/site-packages/airflow/example_dags/example_latest_only.py
[2024-02-14T23:29:15.230+0000] {logging_mixin.py:188} INFO - [2024-02-14T23:29:15.230+0000] {dag.py:3036} INFO - Sync 1 DAGs
[2024-02-14T23:29:15.252+0000] {logging_mixin.py:188} INFO - [2024-02-14T23:29:15.251+0000] {dag.py:3823} INFO - Setting next_dagrun for latest_only to 2024-02-14 16:00:00+00:00, run_after=2024-02-14 20:00:00+00:00
[2024-02-14T23:29:15.273+0000] {processor.py:183} INFO - Processing /home/ubuntu/reddit_venv/lib/python3.10/site-packages/airflow/example_dags/example_latest_only.py took 0.070 seconds
[2024-02-14T23:30:09.430+0000] {processor.py:161} INFO - Started process (PID=7274) to work on /home/ubuntu/reddit_venv/lib/python3.10/site-packages/airflow/example_dags/example_latest_only.py
[2024-02-14T23:30:09.431+0000] {processor.py:830} INFO - Processing file /home/ubuntu/reddit_venv/lib/python3.10/site-packages/airflow/example_dags/example_latest_only.py for tasks to queue
[2024-02-14T23:30:09.432+0000] {logging_mixin.py:188} INFO - [2024-02-14T23:30:09.432+0000] {dagbag.py:538} INFO - Filling up the DagBag from /home/ubuntu/reddit_venv/lib/python3.10/site-packages/airflow/example_dags/example_latest_only.py
[2024-02-14T23:30:09.438+0000] {processor.py:840} INFO - DAG(s) 'latest_only' retrieved from /home/ubuntu/reddit_venv/lib/python3.10/site-packages/airflow/example_dags/example_latest_only.py
[2024-02-14T23:30:09.454+0000] {logging_mixin.py:188} INFO - [2024-02-14T23:30:09.453+0000] {dag.py:3036} INFO - Sync 1 DAGs
[2024-02-14T23:30:09.475+0000] {logging_mixin.py:188} INFO - [2024-02-14T23:30:09.475+0000] {dag.py:3823} INFO - Setting next_dagrun for latest_only to 2024-02-14 16:00:00+00:00, run_after=2024-02-14 20:00:00+00:00
[2024-02-14T23:30:09.497+0000] {processor.py:183} INFO - Processing /home/ubuntu/reddit_venv/lib/python3.10/site-packages/airflow/example_dags/example_latest_only.py took 0.071 seconds
[2024-02-14T23:31:05.411+0000] {processor.py:161} INFO - Started process (PID=7399) to work on /home/ubuntu/reddit_venv/lib/python3.10/site-packages/airflow/example_dags/example_latest_only.py
[2024-02-14T23:31:05.412+0000] {processor.py:830} INFO - Processing file /home/ubuntu/reddit_venv/lib/python3.10/site-packages/airflow/example_dags/example_latest_only.py for tasks to queue
[2024-02-14T23:31:05.413+0000] {logging_mixin.py:188} INFO - [2024-02-14T23:31:05.413+0000] {dagbag.py:538} INFO - Filling up the DagBag from /home/ubuntu/reddit_venv/lib/python3.10/site-packages/airflow/example_dags/example_latest_only.py
[2024-02-14T23:31:05.419+0000] {processor.py:840} INFO - DAG(s) 'latest_only' retrieved from /home/ubuntu/reddit_venv/lib/python3.10/site-packages/airflow/example_dags/example_latest_only.py
[2024-02-14T23:31:05.434+0000] {logging_mixin.py:188} INFO - [2024-02-14T23:31:05.434+0000] {dag.py:3036} INFO - Sync 1 DAGs
[2024-02-14T23:31:05.455+0000] {logging_mixin.py:188} INFO - [2024-02-14T23:31:05.455+0000] {dag.py:3823} INFO - Setting next_dagrun for latest_only to 2024-02-14 16:00:00+00:00, run_after=2024-02-14 20:00:00+00:00
[2024-02-14T23:31:05.477+0000] {processor.py:183} INFO - Processing /home/ubuntu/reddit_venv/lib/python3.10/site-packages/airflow/example_dags/example_latest_only.py took 0.070 seconds
[2024-02-14T23:32:03.726+0000] {processor.py:161} INFO - Started process (PID=7526) to work on /home/ubuntu/reddit_venv/lib/python3.10/site-packages/airflow/example_dags/example_latest_only.py
[2024-02-14T23:32:03.728+0000] {processor.py:830} INFO - Processing file /home/ubuntu/reddit_venv/lib/python3.10/site-packages/airflow/example_dags/example_latest_only.py for tasks to queue
[2024-02-14T23:32:03.729+0000] {logging_mixin.py:188} INFO - [2024-02-14T23:32:03.728+0000] {dagbag.py:538} INFO - Filling up the DagBag from /home/ubuntu/reddit_venv/lib/python3.10/site-packages/airflow/example_dags/example_latest_only.py
[2024-02-14T23:32:03.735+0000] {processor.py:840} INFO - DAG(s) 'latest_only' retrieved from /home/ubuntu/reddit_venv/lib/python3.10/site-packages/airflow/example_dags/example_latest_only.py
[2024-02-14T23:32:03.750+0000] {logging_mixin.py:188} INFO - [2024-02-14T23:32:03.750+0000] {dag.py:3036} INFO - Sync 1 DAGs
[2024-02-14T23:32:03.771+0000] {logging_mixin.py:188} INFO - [2024-02-14T23:32:03.771+0000] {dag.py:3823} INFO - Setting next_dagrun for latest_only to 2024-02-14 16:00:00+00:00, run_after=2024-02-14 20:00:00+00:00
[2024-02-14T23:32:03.793+0000] {processor.py:183} INFO - Processing /home/ubuntu/reddit_venv/lib/python3.10/site-packages/airflow/example_dags/example_latest_only.py took 0.070 seconds
[2024-02-14T23:32:43.567+0000] {processor.py:161} INFO - Started process (PID=7691) to work on /home/ubuntu/reddit_venv/lib/python3.10/site-packages/airflow/example_dags/example_latest_only.py
[2024-02-14T23:32:43.569+0000] {processor.py:830} INFO - Processing file /home/ubuntu/reddit_venv/lib/python3.10/site-packages/airflow/example_dags/example_latest_only.py for tasks to queue
[2024-02-14T23:32:43.570+0000] {logging_mixin.py:188} INFO - [2024-02-14T23:32:43.569+0000] {dagbag.py:538} INFO - Filling up the DagBag from /home/ubuntu/reddit_venv/lib/python3.10/site-packages/airflow/example_dags/example_latest_only.py
[2024-02-14T23:32:43.575+0000] {processor.py:840} INFO - DAG(s) 'latest_only' retrieved from /home/ubuntu/reddit_venv/lib/python3.10/site-packages/airflow/example_dags/example_latest_only.py
[2024-02-14T23:32:43.591+0000] {logging_mixin.py:188} INFO - [2024-02-14T23:32:43.591+0000] {dag.py:3036} INFO - Sync 1 DAGs
[2024-02-14T23:32:43.611+0000] {logging_mixin.py:188} INFO - [2024-02-14T23:32:43.611+0000] {dag.py:3823} INFO - Setting next_dagrun for latest_only to 2024-02-14 16:00:00+00:00, run_after=2024-02-14 20:00:00+00:00
[2024-02-14T23:32:43.638+0000] {processor.py:183} INFO - Processing /home/ubuntu/reddit_venv/lib/python3.10/site-packages/airflow/example_dags/example_latest_only.py took 0.074 seconds
[2024-02-14T23:33:22.916+0000] {processor.py:161} INFO - Started process (PID=7737) to work on /home/ubuntu/reddit_venv/lib/python3.10/site-packages/airflow/example_dags/example_latest_only.py
[2024-02-14T23:33:22.917+0000] {processor.py:830} INFO - Processing file /home/ubuntu/reddit_venv/lib/python3.10/site-packages/airflow/example_dags/example_latest_only.py for tasks to queue
[2024-02-14T23:33:22.918+0000] {logging_mixin.py:188} INFO - [2024-02-14T23:33:22.918+0000] {dagbag.py:538} INFO - Filling up the DagBag from /home/ubuntu/reddit_venv/lib/python3.10/site-packages/airflow/example_dags/example_latest_only.py
[2024-02-14T23:33:22.924+0000] {processor.py:840} INFO - DAG(s) 'latest_only' retrieved from /home/ubuntu/reddit_venv/lib/python3.10/site-packages/airflow/example_dags/example_latest_only.py
[2024-02-14T23:33:22.941+0000] {logging_mixin.py:188} INFO - [2024-02-14T23:33:22.941+0000] {dag.py:3036} INFO - Sync 1 DAGs
[2024-02-14T23:33:22.962+0000] {logging_mixin.py:188} INFO - [2024-02-14T23:33:22.962+0000] {dag.py:3823} INFO - Setting next_dagrun for latest_only to 2024-02-14 16:00:00+00:00, run_after=2024-02-14 20:00:00+00:00
[2024-02-14T23:33:22.985+0000] {processor.py:183} INFO - Processing /home/ubuntu/reddit_venv/lib/python3.10/site-packages/airflow/example_dags/example_latest_only.py took 0.073 seconds
[2024-02-14T23:34:16.660+0000] {processor.py:161} INFO - Started process (PID=7862) to work on /home/ubuntu/reddit_venv/lib/python3.10/site-packages/airflow/example_dags/example_latest_only.py
[2024-02-14T23:34:16.662+0000] {processor.py:830} INFO - Processing file /home/ubuntu/reddit_venv/lib/python3.10/site-packages/airflow/example_dags/example_latest_only.py for tasks to queue
[2024-02-14T23:34:16.663+0000] {logging_mixin.py:188} INFO - [2024-02-14T23:34:16.662+0000] {dagbag.py:538} INFO - Filling up the DagBag from /home/ubuntu/reddit_venv/lib/python3.10/site-packages/airflow/example_dags/example_latest_only.py
[2024-02-14T23:34:16.668+0000] {processor.py:840} INFO - DAG(s) 'latest_only' retrieved from /home/ubuntu/reddit_venv/lib/python3.10/site-packages/airflow/example_dags/example_latest_only.py
[2024-02-14T23:34:16.684+0000] {logging_mixin.py:188} INFO - [2024-02-14T23:34:16.684+0000] {dag.py:3036} INFO - Sync 1 DAGs
[2024-02-14T23:34:16.705+0000] {logging_mixin.py:188} INFO - [2024-02-14T23:34:16.705+0000] {dag.py:3823} INFO - Setting next_dagrun for latest_only to 2024-02-14 16:00:00+00:00, run_after=2024-02-14 20:00:00+00:00
[2024-02-14T23:34:16.727+0000] {processor.py:183} INFO - Processing /home/ubuntu/reddit_venv/lib/python3.10/site-packages/airflow/example_dags/example_latest_only.py took 0.071 seconds
[2024-02-14T23:35:14.035+0000] {processor.py:161} INFO - Started process (PID=7988) to work on /home/ubuntu/reddit_venv/lib/python3.10/site-packages/airflow/example_dags/example_latest_only.py
[2024-02-14T23:35:14.037+0000] {processor.py:830} INFO - Processing file /home/ubuntu/reddit_venv/lib/python3.10/site-packages/airflow/example_dags/example_latest_only.py for tasks to queue
[2024-02-14T23:35:14.038+0000] {logging_mixin.py:188} INFO - [2024-02-14T23:35:14.038+0000] {dagbag.py:538} INFO - Filling up the DagBag from /home/ubuntu/reddit_venv/lib/python3.10/site-packages/airflow/example_dags/example_latest_only.py
[2024-02-14T23:35:14.043+0000] {processor.py:840} INFO - DAG(s) 'latest_only' retrieved from /home/ubuntu/reddit_venv/lib/python3.10/site-packages/airflow/example_dags/example_latest_only.py
[2024-02-14T23:35:14.059+0000] {logging_mixin.py:188} INFO - [2024-02-14T23:35:14.059+0000] {dag.py:3036} INFO - Sync 1 DAGs
[2024-02-14T23:35:14.079+0000] {logging_mixin.py:188} INFO - [2024-02-14T23:35:14.079+0000] {dag.py:3823} INFO - Setting next_dagrun for latest_only to 2024-02-14 16:00:00+00:00, run_after=2024-02-14 20:00:00+00:00
[2024-02-14T23:35:14.102+0000] {processor.py:183} INFO - Processing /home/ubuntu/reddit_venv/lib/python3.10/site-packages/airflow/example_dags/example_latest_only.py took 0.070 seconds
[2024-02-14T23:36:10.343+0000] {processor.py:161} INFO - Started process (PID=8114) to work on /home/ubuntu/reddit_venv/lib/python3.10/site-packages/airflow/example_dags/example_latest_only.py
[2024-02-14T23:36:10.345+0000] {processor.py:830} INFO - Processing file /home/ubuntu/reddit_venv/lib/python3.10/site-packages/airflow/example_dags/example_latest_only.py for tasks to queue
[2024-02-14T23:36:10.345+0000] {logging_mixin.py:188} INFO - [2024-02-14T23:36:10.345+0000] {dagbag.py:538} INFO - Filling up the DagBag from /home/ubuntu/reddit_venv/lib/python3.10/site-packages/airflow/example_dags/example_latest_only.py
[2024-02-14T23:36:10.352+0000] {processor.py:840} INFO - DAG(s) 'latest_only' retrieved from /home/ubuntu/reddit_venv/lib/python3.10/site-packages/airflow/example_dags/example_latest_only.py
[2024-02-14T23:36:10.367+0000] {logging_mixin.py:188} INFO - [2024-02-14T23:36:10.366+0000] {dag.py:3036} INFO - Sync 1 DAGs
[2024-02-14T23:36:10.387+0000] {logging_mixin.py:188} INFO - [2024-02-14T23:36:10.387+0000] {dag.py:3823} INFO - Setting next_dagrun for latest_only to 2024-02-14 16:00:00+00:00, run_after=2024-02-14 20:00:00+00:00
[2024-02-14T23:36:10.409+0000] {processor.py:183} INFO - Processing /home/ubuntu/reddit_venv/lib/python3.10/site-packages/airflow/example_dags/example_latest_only.py took 0.070 seconds
[2024-02-14T23:37:08.516+0000] {processor.py:161} INFO - Started process (PID=8239) to work on /home/ubuntu/reddit_venv/lib/python3.10/site-packages/airflow/example_dags/example_latest_only.py
[2024-02-14T23:37:08.517+0000] {processor.py:830} INFO - Processing file /home/ubuntu/reddit_venv/lib/python3.10/site-packages/airflow/example_dags/example_latest_only.py for tasks to queue
[2024-02-14T23:37:08.518+0000] {logging_mixin.py:188} INFO - [2024-02-14T23:37:08.517+0000] {dagbag.py:538} INFO - Filling up the DagBag from /home/ubuntu/reddit_venv/lib/python3.10/site-packages/airflow/example_dags/example_latest_only.py
[2024-02-14T23:37:08.524+0000] {processor.py:840} INFO - DAG(s) 'latest_only' retrieved from /home/ubuntu/reddit_venv/lib/python3.10/site-packages/airflow/example_dags/example_latest_only.py
[2024-02-14T23:37:08.539+0000] {logging_mixin.py:188} INFO - [2024-02-14T23:37:08.539+0000] {dag.py:3036} INFO - Sync 1 DAGs
[2024-02-14T23:37:08.559+0000] {logging_mixin.py:188} INFO - [2024-02-14T23:37:08.559+0000] {dag.py:3823} INFO - Setting next_dagrun for latest_only to 2024-02-14 16:00:00+00:00, run_after=2024-02-14 20:00:00+00:00
[2024-02-14T23:37:08.580+0000] {processor.py:183} INFO - Processing /home/ubuntu/reddit_venv/lib/python3.10/site-packages/airflow/example_dags/example_latest_only.py took 0.068 seconds
[2024-02-14T23:37:47.937+0000] {processor.py:161} INFO - Started process (PID=8405) to work on /home/ubuntu/reddit_venv/lib/python3.10/site-packages/airflow/example_dags/example_latest_only.py
[2024-02-14T23:37:47.938+0000] {processor.py:830} INFO - Processing file /home/ubuntu/reddit_venv/lib/python3.10/site-packages/airflow/example_dags/example_latest_only.py for tasks to queue
[2024-02-14T23:37:47.939+0000] {logging_mixin.py:188} INFO - [2024-02-14T23:37:47.939+0000] {dagbag.py:538} INFO - Filling up the DagBag from /home/ubuntu/reddit_venv/lib/python3.10/site-packages/airflow/example_dags/example_latest_only.py
[2024-02-14T23:37:47.946+0000] {processor.py:840} INFO - DAG(s) 'latest_only' retrieved from /home/ubuntu/reddit_venv/lib/python3.10/site-packages/airflow/example_dags/example_latest_only.py
[2024-02-14T23:37:47.961+0000] {logging_mixin.py:188} INFO - [2024-02-14T23:37:47.961+0000] {dag.py:3036} INFO - Sync 1 DAGs
[2024-02-14T23:37:47.982+0000] {logging_mixin.py:188} INFO - [2024-02-14T23:37:47.982+0000] {dag.py:3823} INFO - Setting next_dagrun for latest_only to 2024-02-14 16:00:00+00:00, run_after=2024-02-14 20:00:00+00:00
[2024-02-14T23:37:48.004+0000] {processor.py:183} INFO - Processing /home/ubuntu/reddit_venv/lib/python3.10/site-packages/airflow/example_dags/example_latest_only.py took 0.070 seconds
[2024-02-14T23:38:45.552+0000] {processor.py:161} INFO - Started process (PID=8773) to work on /home/ubuntu/reddit_venv/lib/python3.10/site-packages/airflow/example_dags/example_latest_only.py
[2024-02-14T23:38:45.554+0000] {processor.py:830} INFO - Processing file /home/ubuntu/reddit_venv/lib/python3.10/site-packages/airflow/example_dags/example_latest_only.py for tasks to queue
[2024-02-14T23:38:45.555+0000] {logging_mixin.py:188} INFO - [2024-02-14T23:38:45.554+0000] {dagbag.py:538} INFO - Filling up the DagBag from /home/ubuntu/reddit_venv/lib/python3.10/site-packages/airflow/example_dags/example_latest_only.py
[2024-02-14T23:38:45.561+0000] {processor.py:840} INFO - DAG(s) 'latest_only' retrieved from /home/ubuntu/reddit_venv/lib/python3.10/site-packages/airflow/example_dags/example_latest_only.py
[2024-02-14T23:38:45.576+0000] {logging_mixin.py:188} INFO - [2024-02-14T23:38:45.576+0000] {dag.py:3036} INFO - Sync 1 DAGs
[2024-02-14T23:38:45.597+0000] {logging_mixin.py:188} INFO - [2024-02-14T23:38:45.596+0000] {dag.py:3823} INFO - Setting next_dagrun for latest_only to 2024-02-14 16:00:00+00:00, run_after=2024-02-14 20:00:00+00:00
[2024-02-14T23:38:45.618+0000] {processor.py:183} INFO - Processing /home/ubuntu/reddit_venv/lib/python3.10/site-packages/airflow/example_dags/example_latest_only.py took 0.069 seconds
[2024-02-14T23:39:41.546+0000] {processor.py:161} INFO - Started process (PID=9267) to work on /home/ubuntu/reddit_venv/lib/python3.10/site-packages/airflow/example_dags/example_latest_only.py
[2024-02-14T23:39:41.548+0000] {processor.py:830} INFO - Processing file /home/ubuntu/reddit_venv/lib/python3.10/site-packages/airflow/example_dags/example_latest_only.py for tasks to queue
[2024-02-14T23:39:41.549+0000] {logging_mixin.py:188} INFO - [2024-02-14T23:39:41.548+0000] {dagbag.py:538} INFO - Filling up the DagBag from /home/ubuntu/reddit_venv/lib/python3.10/site-packages/airflow/example_dags/example_latest_only.py
[2024-02-14T23:39:41.555+0000] {processor.py:840} INFO - DAG(s) 'latest_only' retrieved from /home/ubuntu/reddit_venv/lib/python3.10/site-packages/airflow/example_dags/example_latest_only.py
[2024-02-14T23:39:41.569+0000] {logging_mixin.py:188} INFO - [2024-02-14T23:39:41.569+0000] {dag.py:3036} INFO - Sync 1 DAGs
[2024-02-14T23:39:41.590+0000] {logging_mixin.py:188} INFO - [2024-02-14T23:39:41.590+0000] {dag.py:3823} INFO - Setting next_dagrun for latest_only to 2024-02-14 16:00:00+00:00, run_after=2024-02-14 20:00:00+00:00
[2024-02-14T23:39:41.613+0000] {processor.py:183} INFO - Processing /home/ubuntu/reddit_venv/lib/python3.10/site-packages/airflow/example_dags/example_latest_only.py took 0.070 seconds
[2024-02-14T23:40:37.530+0000] {processor.py:161} INFO - Started process (PID=9392) to work on /home/ubuntu/reddit_venv/lib/python3.10/site-packages/airflow/example_dags/example_latest_only.py
[2024-02-14T23:40:37.531+0000] {processor.py:830} INFO - Processing file /home/ubuntu/reddit_venv/lib/python3.10/site-packages/airflow/example_dags/example_latest_only.py for tasks to queue
[2024-02-14T23:40:37.532+0000] {logging_mixin.py:188} INFO - [2024-02-14T23:40:37.531+0000] {dagbag.py:538} INFO - Filling up the DagBag from /home/ubuntu/reddit_venv/lib/python3.10/site-packages/airflow/example_dags/example_latest_only.py
[2024-02-14T23:40:37.538+0000] {processor.py:840} INFO - DAG(s) 'latest_only' retrieved from /home/ubuntu/reddit_venv/lib/python3.10/site-packages/airflow/example_dags/example_latest_only.py
[2024-02-14T23:40:37.553+0000] {logging_mixin.py:188} INFO - [2024-02-14T23:40:37.553+0000] {dag.py:3036} INFO - Sync 1 DAGs
[2024-02-14T23:40:37.573+0000] {logging_mixin.py:188} INFO - [2024-02-14T23:40:37.573+0000] {dag.py:3823} INFO - Setting next_dagrun for latest_only to 2024-02-14 16:00:00+00:00, run_after=2024-02-14 20:00:00+00:00
[2024-02-14T23:40:37.596+0000] {processor.py:183} INFO - Processing /home/ubuntu/reddit_venv/lib/python3.10/site-packages/airflow/example_dags/example_latest_only.py took 0.070 seconds
[2024-02-14T23:41:35.293+0000] {processor.py:161} INFO - Started process (PID=9518) to work on /home/ubuntu/reddit_venv/lib/python3.10/site-packages/airflow/example_dags/example_latest_only.py
[2024-02-14T23:41:35.295+0000] {processor.py:830} INFO - Processing file /home/ubuntu/reddit_venv/lib/python3.10/site-packages/airflow/example_dags/example_latest_only.py for tasks to queue
[2024-02-14T23:41:35.296+0000] {logging_mixin.py:188} INFO - [2024-02-14T23:41:35.295+0000] {dagbag.py:538} INFO - Filling up the DagBag from /home/ubuntu/reddit_venv/lib/python3.10/site-packages/airflow/example_dags/example_latest_only.py
[2024-02-14T23:41:35.302+0000] {processor.py:840} INFO - DAG(s) 'latest_only' retrieved from /home/ubuntu/reddit_venv/lib/python3.10/site-packages/airflow/example_dags/example_latest_only.py
[2024-02-14T23:41:35.318+0000] {logging_mixin.py:188} INFO - [2024-02-14T23:41:35.317+0000] {dag.py:3036} INFO - Sync 1 DAGs
[2024-02-14T23:41:35.339+0000] {logging_mixin.py:188} INFO - [2024-02-14T23:41:35.338+0000] {dag.py:3823} INFO - Setting next_dagrun for latest_only to 2024-02-14 16:00:00+00:00, run_after=2024-02-14 20:00:00+00:00
[2024-02-14T23:41:35.361+0000] {processor.py:183} INFO - Processing /home/ubuntu/reddit_venv/lib/python3.10/site-packages/airflow/example_dags/example_latest_only.py took 0.072 seconds
[2024-02-14T23:42:30.340+0000] {processor.py:161} INFO - Started process (PID=9641) to work on /home/ubuntu/reddit_venv/lib/python3.10/site-packages/airflow/example_dags/example_latest_only.py
[2024-02-14T23:42:30.342+0000] {processor.py:830} INFO - Processing file /home/ubuntu/reddit_venv/lib/python3.10/site-packages/airflow/example_dags/example_latest_only.py for tasks to queue
[2024-02-14T23:42:30.343+0000] {logging_mixin.py:188} INFO - [2024-02-14T23:42:30.342+0000] {dagbag.py:538} INFO - Filling up the DagBag from /home/ubuntu/reddit_venv/lib/python3.10/site-packages/airflow/example_dags/example_latest_only.py
[2024-02-14T23:42:30.349+0000] {processor.py:840} INFO - DAG(s) 'latest_only' retrieved from /home/ubuntu/reddit_venv/lib/python3.10/site-packages/airflow/example_dags/example_latest_only.py
[2024-02-14T23:42:30.364+0000] {logging_mixin.py:188} INFO - [2024-02-14T23:42:30.364+0000] {dag.py:3036} INFO - Sync 1 DAGs
[2024-02-14T23:42:30.385+0000] {logging_mixin.py:188} INFO - [2024-02-14T23:42:30.385+0000] {dag.py:3823} INFO - Setting next_dagrun for latest_only to 2024-02-14 16:00:00+00:00, run_after=2024-02-14 20:00:00+00:00
[2024-02-14T23:42:30.408+0000] {processor.py:183} INFO - Processing /home/ubuntu/reddit_venv/lib/python3.10/site-packages/airflow/example_dags/example_latest_only.py took 0.071 seconds
[2024-02-14T23:43:08.040+0000] {processor.py:161} INFO - Started process (PID=9685) to work on /home/ubuntu/reddit_venv/lib/python3.10/site-packages/airflow/example_dags/example_latest_only.py
[2024-02-14T23:43:08.041+0000] {processor.py:830} INFO - Processing file /home/ubuntu/reddit_venv/lib/python3.10/site-packages/airflow/example_dags/example_latest_only.py for tasks to queue
[2024-02-14T23:43:08.042+0000] {logging_mixin.py:188} INFO - [2024-02-14T23:43:08.042+0000] {dagbag.py:538} INFO - Filling up the DagBag from /home/ubuntu/reddit_venv/lib/python3.10/site-packages/airflow/example_dags/example_latest_only.py
[2024-02-14T23:43:08.048+0000] {processor.py:840} INFO - DAG(s) 'latest_only' retrieved from /home/ubuntu/reddit_venv/lib/python3.10/site-packages/airflow/example_dags/example_latest_only.py
[2024-02-14T23:43:08.063+0000] {logging_mixin.py:188} INFO - [2024-02-14T23:43:08.063+0000] {dag.py:3036} INFO - Sync 1 DAGs
[2024-02-14T23:43:08.084+0000] {logging_mixin.py:188} INFO - [2024-02-14T23:43:08.083+0000] {dag.py:3823} INFO - Setting next_dagrun for latest_only to 2024-02-14 16:00:00+00:00, run_after=2024-02-14 20:00:00+00:00
[2024-02-14T23:43:08.107+0000] {processor.py:183} INFO - Processing /home/ubuntu/reddit_venv/lib/python3.10/site-packages/airflow/example_dags/example_latest_only.py took 0.071 seconds
[2024-02-14T23:43:50.092+0000] {processor.py:161} INFO - Started process (PID=9791) to work on /home/ubuntu/reddit_venv/lib/python3.10/site-packages/airflow/example_dags/example_latest_only.py
[2024-02-14T23:43:50.094+0000] {processor.py:830} INFO - Processing file /home/ubuntu/reddit_venv/lib/python3.10/site-packages/airflow/example_dags/example_latest_only.py for tasks to queue
[2024-02-14T23:43:50.095+0000] {logging_mixin.py:188} INFO - [2024-02-14T23:43:50.095+0000] {dagbag.py:538} INFO - Filling up the DagBag from /home/ubuntu/reddit_venv/lib/python3.10/site-packages/airflow/example_dags/example_latest_only.py
[2024-02-14T23:43:50.100+0000] {processor.py:840} INFO - DAG(s) 'latest_only' retrieved from /home/ubuntu/reddit_venv/lib/python3.10/site-packages/airflow/example_dags/example_latest_only.py
[2024-02-14T23:43:50.116+0000] {logging_mixin.py:188} INFO - [2024-02-14T23:43:50.116+0000] {dag.py:3036} INFO - Sync 1 DAGs
[2024-02-14T23:43:50.136+0000] {logging_mixin.py:188} INFO - [2024-02-14T23:43:50.135+0000] {dag.py:3823} INFO - Setting next_dagrun for latest_only to 2024-02-14 16:00:00+00:00, run_after=2024-02-14 20:00:00+00:00
[2024-02-14T23:43:50.157+0000] {processor.py:183} INFO - Processing /home/ubuntu/reddit_venv/lib/python3.10/site-packages/airflow/example_dags/example_latest_only.py took 0.068 seconds
[2024-02-14T23:44:31.810+0000] {processor.py:161} INFO - Started process (PID=9927) to work on /home/ubuntu/reddit_venv/lib/python3.10/site-packages/airflow/example_dags/example_latest_only.py
[2024-02-14T23:44:31.811+0000] {processor.py:830} INFO - Processing file /home/ubuntu/reddit_venv/lib/python3.10/site-packages/airflow/example_dags/example_latest_only.py for tasks to queue
[2024-02-14T23:44:31.812+0000] {logging_mixin.py:188} INFO - [2024-02-14T23:44:31.812+0000] {dagbag.py:538} INFO - Filling up the DagBag from /home/ubuntu/reddit_venv/lib/python3.10/site-packages/airflow/example_dags/example_latest_only.py
[2024-02-14T23:44:31.818+0000] {processor.py:840} INFO - DAG(s) 'latest_only' retrieved from /home/ubuntu/reddit_venv/lib/python3.10/site-packages/airflow/example_dags/example_latest_only.py
[2024-02-14T23:44:31.834+0000] {logging_mixin.py:188} INFO - [2024-02-14T23:44:31.834+0000] {dag.py:3036} INFO - Sync 1 DAGs
[2024-02-14T23:44:31.855+0000] {logging_mixin.py:188} INFO - [2024-02-14T23:44:31.855+0000] {dag.py:3823} INFO - Setting next_dagrun for latest_only to 2024-02-14 16:00:00+00:00, run_after=2024-02-14 20:00:00+00:00
[2024-02-14T23:44:31.879+0000] {processor.py:183} INFO - Processing /home/ubuntu/reddit_venv/lib/python3.10/site-packages/airflow/example_dags/example_latest_only.py took 0.073 seconds
[2024-02-14T23:45:27.605+0000] {processor.py:161} INFO - Started process (PID=10298) to work on /home/ubuntu/reddit_venv/lib/python3.10/site-packages/airflow/example_dags/example_latest_only.py
[2024-02-14T23:45:27.607+0000] {processor.py:830} INFO - Processing file /home/ubuntu/reddit_venv/lib/python3.10/site-packages/airflow/example_dags/example_latest_only.py for tasks to queue
[2024-02-14T23:45:27.608+0000] {logging_mixin.py:188} INFO - [2024-02-14T23:45:27.608+0000] {dagbag.py:538} INFO - Filling up the DagBag from /home/ubuntu/reddit_venv/lib/python3.10/site-packages/airflow/example_dags/example_latest_only.py
[2024-02-14T23:45:27.614+0000] {processor.py:840} INFO - DAG(s) 'latest_only' retrieved from /home/ubuntu/reddit_venv/lib/python3.10/site-packages/airflow/example_dags/example_latest_only.py
[2024-02-14T23:45:27.629+0000] {logging_mixin.py:188} INFO - [2024-02-14T23:45:27.629+0000] {dag.py:3036} INFO - Sync 1 DAGs
[2024-02-14T23:45:27.650+0000] {logging_mixin.py:188} INFO - [2024-02-14T23:45:27.650+0000] {dag.py:3823} INFO - Setting next_dagrun for latest_only to 2024-02-14 16:00:00+00:00, run_after=2024-02-14 20:00:00+00:00
[2024-02-14T23:45:27.683+0000] {processor.py:183} INFO - Processing /home/ubuntu/reddit_venv/lib/python3.10/site-packages/airflow/example_dags/example_latest_only.py took 0.081 seconds
[2024-02-14T23:46:19.691+0000] {processor.py:161} INFO - Started process (PID=10393) to work on /home/ubuntu/reddit_venv/lib/python3.10/site-packages/airflow/example_dags/example_latest_only.py
[2024-02-14T23:46:19.692+0000] {processor.py:830} INFO - Processing file /home/ubuntu/reddit_venv/lib/python3.10/site-packages/airflow/example_dags/example_latest_only.py for tasks to queue
[2024-02-14T23:46:19.693+0000] {logging_mixin.py:188} INFO - [2024-02-14T23:46:19.693+0000] {dagbag.py:538} INFO - Filling up the DagBag from /home/ubuntu/reddit_venv/lib/python3.10/site-packages/airflow/example_dags/example_latest_only.py
[2024-02-14T23:46:19.699+0000] {processor.py:840} INFO - DAG(s) 'latest_only' retrieved from /home/ubuntu/reddit_venv/lib/python3.10/site-packages/airflow/example_dags/example_latest_only.py
[2024-02-14T23:46:19.715+0000] {logging_mixin.py:188} INFO - [2024-02-14T23:46:19.715+0000] {dag.py:3036} INFO - Sync 1 DAGs
[2024-02-14T23:46:19.736+0000] {logging_mixin.py:188} INFO - [2024-02-14T23:46:19.736+0000] {dag.py:3823} INFO - Setting next_dagrun for latest_only to 2024-02-14 16:00:00+00:00, run_after=2024-02-14 20:00:00+00:00
[2024-02-14T23:46:19.762+0000] {processor.py:183} INFO - Processing /home/ubuntu/reddit_venv/lib/python3.10/site-packages/airflow/example_dags/example_latest_only.py took 0.074 seconds
[2024-02-14T23:47:13.416+0000] {processor.py:161} INFO - Started process (PID=10520) to work on /home/ubuntu/reddit_venv/lib/python3.10/site-packages/airflow/example_dags/example_latest_only.py
[2024-02-14T23:47:13.418+0000] {processor.py:830} INFO - Processing file /home/ubuntu/reddit_venv/lib/python3.10/site-packages/airflow/example_dags/example_latest_only.py for tasks to queue
[2024-02-14T23:47:13.419+0000] {logging_mixin.py:188} INFO - [2024-02-14T23:47:13.419+0000] {dagbag.py:538} INFO - Filling up the DagBag from /home/ubuntu/reddit_venv/lib/python3.10/site-packages/airflow/example_dags/example_latest_only.py
[2024-02-14T23:47:13.425+0000] {processor.py:840} INFO - DAG(s) 'latest_only' retrieved from /home/ubuntu/reddit_venv/lib/python3.10/site-packages/airflow/example_dags/example_latest_only.py
[2024-02-14T23:47:13.440+0000] {logging_mixin.py:188} INFO - [2024-02-14T23:47:13.440+0000] {dag.py:3036} INFO - Sync 1 DAGs
[2024-02-14T23:47:13.461+0000] {logging_mixin.py:188} INFO - [2024-02-14T23:47:13.461+0000] {dag.py:3823} INFO - Setting next_dagrun for latest_only to 2024-02-14 16:00:00+00:00, run_after=2024-02-14 20:00:00+00:00
[2024-02-14T23:47:13.482+0000] {processor.py:183} INFO - Processing /home/ubuntu/reddit_venv/lib/python3.10/site-packages/airflow/example_dags/example_latest_only.py took 0.069 seconds
[2024-02-14T23:47:54.491+0000] {processor.py:161} INFO - Started process (PID=10625) to work on /home/ubuntu/reddit_venv/lib/python3.10/site-packages/airflow/example_dags/example_latest_only.py
[2024-02-14T23:47:54.492+0000] {processor.py:830} INFO - Processing file /home/ubuntu/reddit_venv/lib/python3.10/site-packages/airflow/example_dags/example_latest_only.py for tasks to queue
[2024-02-14T23:47:54.493+0000] {logging_mixin.py:188} INFO - [2024-02-14T23:47:54.493+0000] {dagbag.py:538} INFO - Filling up the DagBag from /home/ubuntu/reddit_venv/lib/python3.10/site-packages/airflow/example_dags/example_latest_only.py
[2024-02-14T23:47:54.499+0000] {processor.py:840} INFO - DAG(s) 'latest_only' retrieved from /home/ubuntu/reddit_venv/lib/python3.10/site-packages/airflow/example_dags/example_latest_only.py
[2024-02-14T23:47:54.515+0000] {logging_mixin.py:188} INFO - [2024-02-14T23:47:54.515+0000] {dag.py:3036} INFO - Sync 1 DAGs
[2024-02-14T23:47:54.535+0000] {logging_mixin.py:188} INFO - [2024-02-14T23:47:54.535+0000] {dag.py:3823} INFO - Setting next_dagrun for latest_only to 2024-02-14 16:00:00+00:00, run_after=2024-02-14 20:00:00+00:00
[2024-02-14T23:47:54.557+0000] {processor.py:183} INFO - Processing /home/ubuntu/reddit_venv/lib/python3.10/site-packages/airflow/example_dags/example_latest_only.py took 0.069 seconds
[2024-02-14T23:48:35.010+0000] {processor.py:161} INFO - Started process (PID=10732) to work on /home/ubuntu/reddit_venv/lib/python3.10/site-packages/airflow/example_dags/example_latest_only.py
[2024-02-14T23:48:35.011+0000] {processor.py:830} INFO - Processing file /home/ubuntu/reddit_venv/lib/python3.10/site-packages/airflow/example_dags/example_latest_only.py for tasks to queue
[2024-02-14T23:48:35.012+0000] {logging_mixin.py:188} INFO - [2024-02-14T23:48:35.012+0000] {dagbag.py:538} INFO - Filling up the DagBag from /home/ubuntu/reddit_venv/lib/python3.10/site-packages/airflow/example_dags/example_latest_only.py
[2024-02-14T23:48:35.018+0000] {processor.py:840} INFO - DAG(s) 'latest_only' retrieved from /home/ubuntu/reddit_venv/lib/python3.10/site-packages/airflow/example_dags/example_latest_only.py
[2024-02-14T23:48:35.033+0000] {logging_mixin.py:188} INFO - [2024-02-14T23:48:35.033+0000] {dag.py:3036} INFO - Sync 1 DAGs
[2024-02-14T23:48:35.053+0000] {logging_mixin.py:188} INFO - [2024-02-14T23:48:35.053+0000] {dag.py:3823} INFO - Setting next_dagrun for latest_only to 2024-02-14 16:00:00+00:00, run_after=2024-02-14 20:00:00+00:00
[2024-02-14T23:48:35.076+0000] {processor.py:183} INFO - Processing /home/ubuntu/reddit_venv/lib/python3.10/site-packages/airflow/example_dags/example_latest_only.py took 0.070 seconds
[2024-02-14T23:49:28.029+0000] {processor.py:161} INFO - Started process (PID=10855) to work on /home/ubuntu/reddit_venv/lib/python3.10/site-packages/airflow/example_dags/example_latest_only.py
[2024-02-14T23:49:28.031+0000] {processor.py:830} INFO - Processing file /home/ubuntu/reddit_venv/lib/python3.10/site-packages/airflow/example_dags/example_latest_only.py for tasks to queue
[2024-02-14T23:49:28.032+0000] {logging_mixin.py:188} INFO - [2024-02-14T23:49:28.031+0000] {dagbag.py:538} INFO - Filling up the DagBag from /home/ubuntu/reddit_venv/lib/python3.10/site-packages/airflow/example_dags/example_latest_only.py
[2024-02-14T23:49:28.037+0000] {processor.py:840} INFO - DAG(s) 'latest_only' retrieved from /home/ubuntu/reddit_venv/lib/python3.10/site-packages/airflow/example_dags/example_latest_only.py
[2024-02-14T23:49:28.053+0000] {logging_mixin.py:188} INFO - [2024-02-14T23:49:28.052+0000] {dag.py:3036} INFO - Sync 1 DAGs
[2024-02-14T23:49:28.072+0000] {logging_mixin.py:188} INFO - [2024-02-14T23:49:28.072+0000] {dag.py:3823} INFO - Setting next_dagrun for latest_only to 2024-02-14 16:00:00+00:00, run_after=2024-02-14 20:00:00+00:00
[2024-02-14T23:49:28.103+0000] {processor.py:183} INFO - Processing /home/ubuntu/reddit_venv/lib/python3.10/site-packages/airflow/example_dags/example_latest_only.py took 0.077 seconds
[2024-02-14T23:50:25.079+0000] {processor.py:161} INFO - Started process (PID=10981) to work on /home/ubuntu/reddit_venv/lib/python3.10/site-packages/airflow/example_dags/example_latest_only.py
[2024-02-14T23:50:25.081+0000] {processor.py:830} INFO - Processing file /home/ubuntu/reddit_venv/lib/python3.10/site-packages/airflow/example_dags/example_latest_only.py for tasks to queue
[2024-02-14T23:50:25.082+0000] {logging_mixin.py:188} INFO - [2024-02-14T23:50:25.082+0000] {dagbag.py:538} INFO - Filling up the DagBag from /home/ubuntu/reddit_venv/lib/python3.10/site-packages/airflow/example_dags/example_latest_only.py
[2024-02-14T23:50:25.088+0000] {processor.py:840} INFO - DAG(s) 'latest_only' retrieved from /home/ubuntu/reddit_venv/lib/python3.10/site-packages/airflow/example_dags/example_latest_only.py
[2024-02-14T23:50:25.103+0000] {logging_mixin.py:188} INFO - [2024-02-14T23:50:25.103+0000] {dag.py:3036} INFO - Sync 1 DAGs
[2024-02-14T23:50:25.123+0000] {logging_mixin.py:188} INFO - [2024-02-14T23:50:25.123+0000] {dag.py:3823} INFO - Setting next_dagrun for latest_only to 2024-02-14 16:00:00+00:00, run_after=2024-02-14 20:00:00+00:00
[2024-02-14T23:50:25.145+0000] {processor.py:183} INFO - Processing /home/ubuntu/reddit_venv/lib/python3.10/site-packages/airflow/example_dags/example_latest_only.py took 0.069 seconds
[2024-02-14T23:51:21.833+0000] {processor.py:161} INFO - Started process (PID=11104) to work on /home/ubuntu/reddit_venv/lib/python3.10/site-packages/airflow/example_dags/example_latest_only.py
[2024-02-14T23:51:21.834+0000] {processor.py:830} INFO - Processing file /home/ubuntu/reddit_venv/lib/python3.10/site-packages/airflow/example_dags/example_latest_only.py for tasks to queue
[2024-02-14T23:51:21.835+0000] {logging_mixin.py:188} INFO - [2024-02-14T23:51:21.835+0000] {dagbag.py:538} INFO - Filling up the DagBag from /home/ubuntu/reddit_venv/lib/python3.10/site-packages/airflow/example_dags/example_latest_only.py
[2024-02-14T23:51:21.841+0000] {processor.py:840} INFO - DAG(s) 'latest_only' retrieved from /home/ubuntu/reddit_venv/lib/python3.10/site-packages/airflow/example_dags/example_latest_only.py
[2024-02-14T23:51:21.857+0000] {logging_mixin.py:188} INFO - [2024-02-14T23:51:21.857+0000] {dag.py:3036} INFO - Sync 1 DAGs
[2024-02-14T23:51:21.878+0000] {logging_mixin.py:188} INFO - [2024-02-14T23:51:21.878+0000] {dag.py:3823} INFO - Setting next_dagrun for latest_only to 2024-02-14 16:00:00+00:00, run_after=2024-02-14 20:00:00+00:00
[2024-02-14T23:51:21.900+0000] {processor.py:183} INFO - Processing /home/ubuntu/reddit_venv/lib/python3.10/site-packages/airflow/example_dags/example_latest_only.py took 0.070 seconds
[2024-02-14T23:52:20.076+0000] {processor.py:161} INFO - Started process (PID=11232) to work on /home/ubuntu/reddit_venv/lib/python3.10/site-packages/airflow/example_dags/example_latest_only.py
[2024-02-14T23:52:20.078+0000] {processor.py:830} INFO - Processing file /home/ubuntu/reddit_venv/lib/python3.10/site-packages/airflow/example_dags/example_latest_only.py for tasks to queue
[2024-02-14T23:52:20.078+0000] {logging_mixin.py:188} INFO - [2024-02-14T23:52:20.078+0000] {dagbag.py:538} INFO - Filling up the DagBag from /home/ubuntu/reddit_venv/lib/python3.10/site-packages/airflow/example_dags/example_latest_only.py
[2024-02-14T23:52:20.084+0000] {processor.py:840} INFO - DAG(s) 'latest_only' retrieved from /home/ubuntu/reddit_venv/lib/python3.10/site-packages/airflow/example_dags/example_latest_only.py
[2024-02-14T23:52:20.100+0000] {logging_mixin.py:188} INFO - [2024-02-14T23:52:20.100+0000] {dag.py:3036} INFO - Sync 1 DAGs
[2024-02-14T23:52:20.120+0000] {logging_mixin.py:188} INFO - [2024-02-14T23:52:20.120+0000] {dag.py:3823} INFO - Setting next_dagrun for latest_only to 2024-02-14 16:00:00+00:00, run_after=2024-02-14 20:00:00+00:00
[2024-02-14T23:52:20.141+0000] {processor.py:183} INFO - Processing /home/ubuntu/reddit_venv/lib/python3.10/site-packages/airflow/example_dags/example_latest_only.py took 0.069 seconds
[2024-02-14T23:53:02.324+0000] {processor.py:161} INFO - Started process (PID=11338) to work on /home/ubuntu/reddit_venv/lib/python3.10/site-packages/airflow/example_dags/example_latest_only.py
[2024-02-14T23:53:02.326+0000] {processor.py:830} INFO - Processing file /home/ubuntu/reddit_venv/lib/python3.10/site-packages/airflow/example_dags/example_latest_only.py for tasks to queue
[2024-02-14T23:53:02.326+0000] {logging_mixin.py:188} INFO - [2024-02-14T23:53:02.326+0000] {dagbag.py:538} INFO - Filling up the DagBag from /home/ubuntu/reddit_venv/lib/python3.10/site-packages/airflow/example_dags/example_latest_only.py
[2024-02-14T23:53:02.332+0000] {processor.py:840} INFO - DAG(s) 'latest_only' retrieved from /home/ubuntu/reddit_venv/lib/python3.10/site-packages/airflow/example_dags/example_latest_only.py
[2024-02-14T23:53:02.348+0000] {logging_mixin.py:188} INFO - [2024-02-14T23:53:02.348+0000] {dag.py:3036} INFO - Sync 1 DAGs
[2024-02-14T23:53:02.369+0000] {logging_mixin.py:188} INFO - [2024-02-14T23:53:02.369+0000] {dag.py:3823} INFO - Setting next_dagrun for latest_only to 2024-02-14 16:00:00+00:00, run_after=2024-02-14 20:00:00+00:00
[2024-02-14T23:53:02.392+0000] {processor.py:183} INFO - Processing /home/ubuntu/reddit_venv/lib/python3.10/site-packages/airflow/example_dags/example_latest_only.py took 0.071 seconds
[2024-02-14T23:53:45.307+0000] {processor.py:161} INFO - Started process (PID=11446) to work on /home/ubuntu/reddit_venv/lib/python3.10/site-packages/airflow/example_dags/example_latest_only.py
[2024-02-14T23:53:45.308+0000] {processor.py:830} INFO - Processing file /home/ubuntu/reddit_venv/lib/python3.10/site-packages/airflow/example_dags/example_latest_only.py for tasks to queue
[2024-02-14T23:53:45.309+0000] {logging_mixin.py:188} INFO - [2024-02-14T23:53:45.309+0000] {dagbag.py:538} INFO - Filling up the DagBag from /home/ubuntu/reddit_venv/lib/python3.10/site-packages/airflow/example_dags/example_latest_only.py
[2024-02-14T23:53:45.315+0000] {processor.py:840} INFO - DAG(s) 'latest_only' retrieved from /home/ubuntu/reddit_venv/lib/python3.10/site-packages/airflow/example_dags/example_latest_only.py
[2024-02-14T23:53:45.330+0000] {logging_mixin.py:188} INFO - [2024-02-14T23:53:45.330+0000] {dag.py:3036} INFO - Sync 1 DAGs
[2024-02-14T23:53:45.350+0000] {logging_mixin.py:188} INFO - [2024-02-14T23:53:45.350+0000] {dag.py:3823} INFO - Setting next_dagrun for latest_only to 2024-02-14 16:00:00+00:00, run_after=2024-02-14 20:00:00+00:00
[2024-02-14T23:53:45.373+0000] {processor.py:183} INFO - Processing /home/ubuntu/reddit_venv/lib/python3.10/site-packages/airflow/example_dags/example_latest_only.py took 0.069 seconds
[2024-02-14T23:54:26.925+0000] {processor.py:161} INFO - Started process (PID=11492) to work on /home/ubuntu/reddit_venv/lib/python3.10/site-packages/airflow/example_dags/example_latest_only.py
[2024-02-14T23:54:26.927+0000] {processor.py:830} INFO - Processing file /home/ubuntu/reddit_venv/lib/python3.10/site-packages/airflow/example_dags/example_latest_only.py for tasks to queue
[2024-02-14T23:54:26.928+0000] {logging_mixin.py:188} INFO - [2024-02-14T23:54:26.927+0000] {dagbag.py:538} INFO - Filling up the DagBag from /home/ubuntu/reddit_venv/lib/python3.10/site-packages/airflow/example_dags/example_latest_only.py
[2024-02-14T23:54:26.933+0000] {processor.py:840} INFO - DAG(s) 'latest_only' retrieved from /home/ubuntu/reddit_venv/lib/python3.10/site-packages/airflow/example_dags/example_latest_only.py
[2024-02-14T23:54:26.949+0000] {logging_mixin.py:188} INFO - [2024-02-14T23:54:26.949+0000] {dag.py:3036} INFO - Sync 1 DAGs
[2024-02-14T23:54:26.970+0000] {logging_mixin.py:188} INFO - [2024-02-14T23:54:26.970+0000] {dag.py:3823} INFO - Setting next_dagrun for latest_only to 2024-02-14 16:00:00+00:00, run_after=2024-02-14 20:00:00+00:00
[2024-02-14T23:54:26.993+0000] {processor.py:183} INFO - Processing /home/ubuntu/reddit_venv/lib/python3.10/site-packages/airflow/example_dags/example_latest_only.py took 0.071 seconds
[2024-02-14T23:55:09.120+0000] {processor.py:161} INFO - Started process (PID=11661) to work on /home/ubuntu/reddit_venv/lib/python3.10/site-packages/airflow/example_dags/example_latest_only.py
[2024-02-14T23:55:09.121+0000] {processor.py:830} INFO - Processing file /home/ubuntu/reddit_venv/lib/python3.10/site-packages/airflow/example_dags/example_latest_only.py for tasks to queue
[2024-02-14T23:55:09.122+0000] {logging_mixin.py:188} INFO - [2024-02-14T23:55:09.122+0000] {dagbag.py:538} INFO - Filling up the DagBag from /home/ubuntu/reddit_venv/lib/python3.10/site-packages/airflow/example_dags/example_latest_only.py
[2024-02-14T23:55:09.128+0000] {processor.py:840} INFO - DAG(s) 'latest_only' retrieved from /home/ubuntu/reddit_venv/lib/python3.10/site-packages/airflow/example_dags/example_latest_only.py
[2024-02-14T23:55:09.143+0000] {logging_mixin.py:188} INFO - [2024-02-14T23:55:09.143+0000] {dag.py:3036} INFO - Sync 1 DAGs
[2024-02-14T23:55:09.164+0000] {logging_mixin.py:188} INFO - [2024-02-14T23:55:09.164+0000] {dag.py:3823} INFO - Setting next_dagrun for latest_only to 2024-02-14 16:00:00+00:00, run_after=2024-02-14 20:00:00+00:00
[2024-02-14T23:55:09.186+0000] {processor.py:183} INFO - Processing /home/ubuntu/reddit_venv/lib/python3.10/site-packages/airflow/example_dags/example_latest_only.py took 0.070 seconds
[2024-02-14T23:56:07.101+0000] {processor.py:161} INFO - Started process (PID=11789) to work on /home/ubuntu/reddit_venv/lib/python3.10/site-packages/airflow/example_dags/example_latest_only.py
[2024-02-14T23:56:07.104+0000] {processor.py:830} INFO - Processing file /home/ubuntu/reddit_venv/lib/python3.10/site-packages/airflow/example_dags/example_latest_only.py for tasks to queue
[2024-02-14T23:56:07.104+0000] {logging_mixin.py:188} INFO - [2024-02-14T23:56:07.104+0000] {dagbag.py:538} INFO - Filling up the DagBag from /home/ubuntu/reddit_venv/lib/python3.10/site-packages/airflow/example_dags/example_latest_only.py
[2024-02-14T23:56:07.110+0000] {processor.py:840} INFO - DAG(s) 'latest_only' retrieved from /home/ubuntu/reddit_venv/lib/python3.10/site-packages/airflow/example_dags/example_latest_only.py
[2024-02-14T23:56:07.126+0000] {logging_mixin.py:188} INFO - [2024-02-14T23:56:07.126+0000] {dag.py:3036} INFO - Sync 1 DAGs
[2024-02-14T23:56:07.147+0000] {logging_mixin.py:188} INFO - [2024-02-14T23:56:07.147+0000] {dag.py:3823} INFO - Setting next_dagrun for latest_only to 2024-02-14 16:00:00+00:00, run_after=2024-02-14 20:00:00+00:00
[2024-02-14T23:56:07.169+0000] {processor.py:183} INFO - Processing /home/ubuntu/reddit_venv/lib/python3.10/site-packages/airflow/example_dags/example_latest_only.py took 0.071 seconds
[2024-02-14T23:57:03.581+0000] {processor.py:161} INFO - Started process (PID=13084) to work on /home/ubuntu/reddit_venv/lib/python3.10/site-packages/airflow/example_dags/example_latest_only.py
[2024-02-14T23:57:03.583+0000] {processor.py:830} INFO - Processing file /home/ubuntu/reddit_venv/lib/python3.10/site-packages/airflow/example_dags/example_latest_only.py for tasks to queue
[2024-02-14T23:57:03.584+0000] {logging_mixin.py:188} INFO - [2024-02-14T23:57:03.584+0000] {dagbag.py:538} INFO - Filling up the DagBag from /home/ubuntu/reddit_venv/lib/python3.10/site-packages/airflow/example_dags/example_latest_only.py
[2024-02-14T23:57:03.590+0000] {processor.py:840} INFO - DAG(s) 'latest_only' retrieved from /home/ubuntu/reddit_venv/lib/python3.10/site-packages/airflow/example_dags/example_latest_only.py
[2024-02-14T23:57:03.606+0000] {logging_mixin.py:188} INFO - [2024-02-14T23:57:03.605+0000] {dag.py:3036} INFO - Sync 1 DAGs
[2024-02-14T23:57:03.625+0000] {logging_mixin.py:188} INFO - [2024-02-14T23:57:03.625+0000] {dag.py:3823} INFO - Setting next_dagrun for latest_only to 2024-02-14 16:00:00+00:00, run_after=2024-02-14 20:00:00+00:00
[2024-02-14T23:57:03.647+0000] {processor.py:183} INFO - Processing /home/ubuntu/reddit_venv/lib/python3.10/site-packages/airflow/example_dags/example_latest_only.py took 0.069 seconds
[2024-02-14T23:58:01.009+0000] {processor.py:161} INFO - Started process (PID=20621) to work on /home/ubuntu/reddit_venv/lib/python3.10/site-packages/airflow/example_dags/example_latest_only.py
[2024-02-14T23:58:01.011+0000] {processor.py:830} INFO - Processing file /home/ubuntu/reddit_venv/lib/python3.10/site-packages/airflow/example_dags/example_latest_only.py for tasks to queue
[2024-02-14T23:58:01.012+0000] {logging_mixin.py:188} INFO - [2024-02-14T23:58:01.011+0000] {dagbag.py:538} INFO - Filling up the DagBag from /home/ubuntu/reddit_venv/lib/python3.10/site-packages/airflow/example_dags/example_latest_only.py
[2024-02-14T23:58:01.018+0000] {processor.py:840} INFO - DAG(s) 'latest_only' retrieved from /home/ubuntu/reddit_venv/lib/python3.10/site-packages/airflow/example_dags/example_latest_only.py
[2024-02-14T23:58:01.034+0000] {logging_mixin.py:188} INFO - [2024-02-14T23:58:01.033+0000] {dag.py:3036} INFO - Sync 1 DAGs
[2024-02-14T23:58:01.054+0000] {logging_mixin.py:188} INFO - [2024-02-14T23:58:01.054+0000] {dag.py:3823} INFO - Setting next_dagrun for latest_only to 2024-02-14 16:00:00+00:00, run_after=2024-02-14 20:00:00+00:00
[2024-02-14T23:58:01.075+0000] {processor.py:183} INFO - Processing /home/ubuntu/reddit_venv/lib/python3.10/site-packages/airflow/example_dags/example_latest_only.py took 0.069 seconds
[2024-02-14T23:58:43.749+0000] {processor.py:161} INFO - Started process (PID=22403) to work on /home/ubuntu/reddit_venv/lib/python3.10/site-packages/airflow/example_dags/example_latest_only.py
[2024-02-14T23:58:43.751+0000] {processor.py:830} INFO - Processing file /home/ubuntu/reddit_venv/lib/python3.10/site-packages/airflow/example_dags/example_latest_only.py for tasks to queue
[2024-02-14T23:58:43.752+0000] {logging_mixin.py:188} INFO - [2024-02-14T23:58:43.752+0000] {dagbag.py:538} INFO - Filling up the DagBag from /home/ubuntu/reddit_venv/lib/python3.10/site-packages/airflow/example_dags/example_latest_only.py
[2024-02-14T23:58:43.758+0000] {processor.py:840} INFO - DAG(s) 'latest_only' retrieved from /home/ubuntu/reddit_venv/lib/python3.10/site-packages/airflow/example_dags/example_latest_only.py
[2024-02-14T23:58:43.773+0000] {logging_mixin.py:188} INFO - [2024-02-14T23:58:43.773+0000] {dag.py:3036} INFO - Sync 1 DAGs
[2024-02-14T23:58:43.794+0000] {logging_mixin.py:188} INFO - [2024-02-14T23:58:43.794+0000] {dag.py:3823} INFO - Setting next_dagrun for latest_only to 2024-02-14 16:00:00+00:00, run_after=2024-02-14 20:00:00+00:00
[2024-02-14T23:58:43.818+0000] {processor.py:183} INFO - Processing /home/ubuntu/reddit_venv/lib/python3.10/site-packages/airflow/example_dags/example_latest_only.py took 0.071 seconds
[2024-02-14T23:59:25.417+0000] {processor.py:161} INFO - Started process (PID=22450) to work on /home/ubuntu/reddit_venv/lib/python3.10/site-packages/airflow/example_dags/example_latest_only.py
[2024-02-14T23:59:25.419+0000] {processor.py:830} INFO - Processing file /home/ubuntu/reddit_venv/lib/python3.10/site-packages/airflow/example_dags/example_latest_only.py for tasks to queue
[2024-02-14T23:59:25.420+0000] {logging_mixin.py:188} INFO - [2024-02-14T23:59:25.419+0000] {dagbag.py:538} INFO - Filling up the DagBag from /home/ubuntu/reddit_venv/lib/python3.10/site-packages/airflow/example_dags/example_latest_only.py
[2024-02-14T23:59:25.426+0000] {processor.py:840} INFO - DAG(s) 'latest_only' retrieved from /home/ubuntu/reddit_venv/lib/python3.10/site-packages/airflow/example_dags/example_latest_only.py
[2024-02-14T23:59:25.441+0000] {logging_mixin.py:188} INFO - [2024-02-14T23:59:25.441+0000] {dag.py:3036} INFO - Sync 1 DAGs
[2024-02-14T23:59:25.462+0000] {logging_mixin.py:188} INFO - [2024-02-14T23:59:25.461+0000] {dag.py:3823} INFO - Setting next_dagrun for latest_only to 2024-02-14 16:00:00+00:00, run_after=2024-02-14 20:00:00+00:00
[2024-02-14T23:59:25.484+0000] {processor.py:183} INFO - Processing /home/ubuntu/reddit_venv/lib/python3.10/site-packages/airflow/example_dags/example_latest_only.py took 0.070 seconds
