[2024-02-14T23:10:01.217+0000] {processor.py:161} INFO - Started process (PID=1660) to work on /home/ubuntu/reddit_venv/lib/python3.10/site-packages/airflow/example_dags/example_branch_day_of_week_operator.py
[2024-02-14T23:10:01.218+0000] {processor.py:830} INFO - Processing file /home/ubuntu/reddit_venv/lib/python3.10/site-packages/airflow/example_dags/example_branch_day_of_week_operator.py for tasks to queue
[2024-02-14T23:10:01.219+0000] {logging_mixin.py:188} INFO - [2024-02-14T23:10:01.219+0000] {dagbag.py:538} INFO - Filling up the DagBag from /home/ubuntu/reddit_venv/lib/python3.10/site-packages/airflow/example_dags/example_branch_day_of_week_operator.py
[2024-02-14T23:10:01.228+0000] {processor.py:840} INFO - DAG(s) 'example_weekday_branch_operator' retrieved from /home/ubuntu/reddit_venv/lib/python3.10/site-packages/airflow/example_dags/example_branch_day_of_week_operator.py
[2024-02-14T23:10:01.331+0000] {logging_mixin.py:188} INFO - [2024-02-14T23:10:01.331+0000] {dag.py:3036} INFO - Sync 1 DAGs
[2024-02-14T23:10:01.351+0000] {logging_mixin.py:188} INFO - [2024-02-14T23:10:01.351+0000] {dag.py:3823} INFO - Setting next_dagrun for example_weekday_branch_operator to 2024-02-13 00:00:00+00:00, run_after=2024-02-14 00:00:00+00:00
[2024-02-14T23:10:01.373+0000] {processor.py:183} INFO - Processing /home/ubuntu/reddit_venv/lib/python3.10/site-packages/airflow/example_dags/example_branch_day_of_week_operator.py took 0.159 seconds
[2024-02-14T23:10:51.999+0000] {processor.py:161} INFO - Started process (PID=1775) to work on /home/ubuntu/reddit_venv/lib/python3.10/site-packages/airflow/example_dags/example_branch_day_of_week_operator.py
[2024-02-14T23:10:52.000+0000] {processor.py:830} INFO - Processing file /home/ubuntu/reddit_venv/lib/python3.10/site-packages/airflow/example_dags/example_branch_day_of_week_operator.py for tasks to queue
[2024-02-14T23:10:52.001+0000] {logging_mixin.py:188} INFO - [2024-02-14T23:10:52.001+0000] {dagbag.py:538} INFO - Filling up the DagBag from /home/ubuntu/reddit_venv/lib/python3.10/site-packages/airflow/example_dags/example_branch_day_of_week_operator.py
[2024-02-14T23:10:52.010+0000] {processor.py:840} INFO - DAG(s) 'example_weekday_branch_operator' retrieved from /home/ubuntu/reddit_venv/lib/python3.10/site-packages/airflow/example_dags/example_branch_day_of_week_operator.py
[2024-02-14T23:10:52.027+0000] {logging_mixin.py:188} INFO - [2024-02-14T23:10:52.027+0000] {dag.py:3036} INFO - Sync 1 DAGs
[2024-02-14T23:10:52.050+0000] {logging_mixin.py:188} INFO - [2024-02-14T23:10:52.050+0000] {dag.py:3823} INFO - Setting next_dagrun for example_weekday_branch_operator to 2024-02-13 00:00:00+00:00, run_after=2024-02-14 00:00:00+00:00
[2024-02-14T23:10:52.074+0000] {processor.py:183} INFO - Processing /home/ubuntu/reddit_venv/lib/python3.10/site-packages/airflow/example_dags/example_branch_day_of_week_operator.py took 0.078 seconds
[2024-02-14T23:11:50.512+0000] {processor.py:161} INFO - Started process (PID=1903) to work on /home/ubuntu/reddit_venv/lib/python3.10/site-packages/airflow/example_dags/example_branch_day_of_week_operator.py
[2024-02-14T23:11:50.514+0000] {processor.py:830} INFO - Processing file /home/ubuntu/reddit_venv/lib/python3.10/site-packages/airflow/example_dags/example_branch_day_of_week_operator.py for tasks to queue
[2024-02-14T23:11:50.515+0000] {logging_mixin.py:188} INFO - [2024-02-14T23:11:50.514+0000] {dagbag.py:538} INFO - Filling up the DagBag from /home/ubuntu/reddit_venv/lib/python3.10/site-packages/airflow/example_dags/example_branch_day_of_week_operator.py
[2024-02-14T23:11:50.524+0000] {processor.py:840} INFO - DAG(s) 'example_weekday_branch_operator' retrieved from /home/ubuntu/reddit_venv/lib/python3.10/site-packages/airflow/example_dags/example_branch_day_of_week_operator.py
[2024-02-14T23:11:50.541+0000] {logging_mixin.py:188} INFO - [2024-02-14T23:11:50.541+0000] {dag.py:3036} INFO - Sync 1 DAGs
[2024-02-14T23:11:50.564+0000] {logging_mixin.py:188} INFO - [2024-02-14T23:11:50.564+0000] {dag.py:3823} INFO - Setting next_dagrun for example_weekday_branch_operator to 2024-02-13 00:00:00+00:00, run_after=2024-02-14 00:00:00+00:00
[2024-02-14T23:11:50.587+0000] {processor.py:183} INFO - Processing /home/ubuntu/reddit_venv/lib/python3.10/site-packages/airflow/example_dags/example_branch_day_of_week_operator.py took 0.079 seconds
[2024-02-14T23:12:50.709+0000] {processor.py:161} INFO - Started process (PID=2183) to work on /home/ubuntu/reddit_venv/lib/python3.10/site-packages/airflow/example_dags/example_branch_day_of_week_operator.py
[2024-02-14T23:12:50.710+0000] {processor.py:830} INFO - Processing file /home/ubuntu/reddit_venv/lib/python3.10/site-packages/airflow/example_dags/example_branch_day_of_week_operator.py for tasks to queue
[2024-02-14T23:12:50.711+0000] {logging_mixin.py:188} INFO - [2024-02-14T23:12:50.711+0000] {dagbag.py:538} INFO - Filling up the DagBag from /home/ubuntu/reddit_venv/lib/python3.10/site-packages/airflow/example_dags/example_branch_day_of_week_operator.py
[2024-02-14T23:12:50.720+0000] {processor.py:840} INFO - DAG(s) 'example_weekday_branch_operator' retrieved from /home/ubuntu/reddit_venv/lib/python3.10/site-packages/airflow/example_dags/example_branch_day_of_week_operator.py
[2024-02-14T23:12:50.737+0000] {logging_mixin.py:188} INFO - [2024-02-14T23:12:50.737+0000] {dag.py:3036} INFO - Sync 1 DAGs
[2024-02-14T23:12:50.759+0000] {logging_mixin.py:188} INFO - [2024-02-14T23:12:50.759+0000] {dag.py:3823} INFO - Setting next_dagrun for example_weekday_branch_operator to 2024-02-13 00:00:00+00:00, run_after=2024-02-14 00:00:00+00:00
[2024-02-14T23:12:50.782+0000] {processor.py:183} INFO - Processing /home/ubuntu/reddit_venv/lib/python3.10/site-packages/airflow/example_dags/example_branch_day_of_week_operator.py took 0.077 seconds
[2024-02-14T23:13:48.036+0000] {processor.py:161} INFO - Started process (PID=2467) to work on /home/ubuntu/reddit_venv/lib/python3.10/site-packages/airflow/example_dags/example_branch_day_of_week_operator.py
[2024-02-14T23:13:48.038+0000] {processor.py:830} INFO - Processing file /home/ubuntu/reddit_venv/lib/python3.10/site-packages/airflow/example_dags/example_branch_day_of_week_operator.py for tasks to queue
[2024-02-14T23:13:48.039+0000] {logging_mixin.py:188} INFO - [2024-02-14T23:13:48.038+0000] {dagbag.py:538} INFO - Filling up the DagBag from /home/ubuntu/reddit_venv/lib/python3.10/site-packages/airflow/example_dags/example_branch_day_of_week_operator.py
[2024-02-14T23:13:48.047+0000] {processor.py:840} INFO - DAG(s) 'example_weekday_branch_operator' retrieved from /home/ubuntu/reddit_venv/lib/python3.10/site-packages/airflow/example_dags/example_branch_day_of_week_operator.py
[2024-02-14T23:13:48.064+0000] {logging_mixin.py:188} INFO - [2024-02-14T23:13:48.064+0000] {dag.py:3036} INFO - Sync 1 DAGs
[2024-02-14T23:13:48.086+0000] {logging_mixin.py:188} INFO - [2024-02-14T23:13:48.086+0000] {dag.py:3823} INFO - Setting next_dagrun for example_weekday_branch_operator to 2024-02-13 00:00:00+00:00, run_after=2024-02-14 00:00:00+00:00
[2024-02-14T23:13:48.111+0000] {processor.py:183} INFO - Processing /home/ubuntu/reddit_venv/lib/python3.10/site-packages/airflow/example_dags/example_branch_day_of_week_operator.py took 0.078 seconds
[2024-02-14T23:14:50.033+0000] {processor.py:161} INFO - Started process (PID=2779) to work on /home/ubuntu/reddit_venv/lib/python3.10/site-packages/airflow/example_dags/example_branch_day_of_week_operator.py
[2024-02-14T23:14:50.034+0000] {processor.py:830} INFO - Processing file /home/ubuntu/reddit_venv/lib/python3.10/site-packages/airflow/example_dags/example_branch_day_of_week_operator.py for tasks to queue
[2024-02-14T23:14:50.035+0000] {logging_mixin.py:188} INFO - [2024-02-14T23:14:50.035+0000] {dagbag.py:538} INFO - Filling up the DagBag from /home/ubuntu/reddit_venv/lib/python3.10/site-packages/airflow/example_dags/example_branch_day_of_week_operator.py
[2024-02-14T23:14:50.044+0000] {processor.py:840} INFO - DAG(s) 'example_weekday_branch_operator' retrieved from /home/ubuntu/reddit_venv/lib/python3.10/site-packages/airflow/example_dags/example_branch_day_of_week_operator.py
[2024-02-14T23:14:50.061+0000] {logging_mixin.py:188} INFO - [2024-02-14T23:14:50.061+0000] {dag.py:3036} INFO - Sync 1 DAGs
[2024-02-14T23:14:50.082+0000] {logging_mixin.py:188} INFO - [2024-02-14T23:14:50.082+0000] {dag.py:3823} INFO - Setting next_dagrun for example_weekday_branch_operator to 2024-02-13 00:00:00+00:00, run_after=2024-02-14 00:00:00+00:00
[2024-02-14T23:14:50.113+0000] {processor.py:183} INFO - Processing /home/ubuntu/reddit_venv/lib/python3.10/site-packages/airflow/example_dags/example_branch_day_of_week_operator.py took 0.084 seconds
[2024-02-14T23:15:49.757+0000] {processor.py:161} INFO - Started process (PID=3025) to work on /home/ubuntu/reddit_venv/lib/python3.10/site-packages/airflow/example_dags/example_branch_day_of_week_operator.py
[2024-02-14T23:15:49.758+0000] {processor.py:830} INFO - Processing file /home/ubuntu/reddit_venv/lib/python3.10/site-packages/airflow/example_dags/example_branch_day_of_week_operator.py for tasks to queue
[2024-02-14T23:15:49.759+0000] {logging_mixin.py:188} INFO - [2024-02-14T23:15:49.759+0000] {dagbag.py:538} INFO - Filling up the DagBag from /home/ubuntu/reddit_venv/lib/python3.10/site-packages/airflow/example_dags/example_branch_day_of_week_operator.py
[2024-02-14T23:15:49.767+0000] {processor.py:840} INFO - DAG(s) 'example_weekday_branch_operator' retrieved from /home/ubuntu/reddit_venv/lib/python3.10/site-packages/airflow/example_dags/example_branch_day_of_week_operator.py
[2024-02-14T23:15:49.784+0000] {logging_mixin.py:188} INFO - [2024-02-14T23:15:49.784+0000] {dag.py:3036} INFO - Sync 1 DAGs
[2024-02-14T23:15:49.805+0000] {logging_mixin.py:188} INFO - [2024-02-14T23:15:49.805+0000] {dag.py:3823} INFO - Setting next_dagrun for example_weekday_branch_operator to 2024-02-13 00:00:00+00:00, run_after=2024-02-14 00:00:00+00:00
[2024-02-14T23:15:49.826+0000] {processor.py:183} INFO - Processing /home/ubuntu/reddit_venv/lib/python3.10/site-packages/airflow/example_dags/example_branch_day_of_week_operator.py took 0.073 seconds
[2024-02-14T23:17:00.040+0000] {processor.py:161} INFO - Started process (PID=3676) to work on /home/ubuntu/reddit_venv/lib/python3.10/site-packages/airflow/example_dags/example_branch_day_of_week_operator.py
[2024-02-14T23:17:00.041+0000] {processor.py:830} INFO - Processing file /home/ubuntu/reddit_venv/lib/python3.10/site-packages/airflow/example_dags/example_branch_day_of_week_operator.py for tasks to queue
[2024-02-14T23:17:00.042+0000] {logging_mixin.py:188} INFO - [2024-02-14T23:17:00.042+0000] {dagbag.py:538} INFO - Filling up the DagBag from /home/ubuntu/reddit_venv/lib/python3.10/site-packages/airflow/example_dags/example_branch_day_of_week_operator.py
[2024-02-14T23:17:00.051+0000] {processor.py:840} INFO - DAG(s) 'example_weekday_branch_operator' retrieved from /home/ubuntu/reddit_venv/lib/python3.10/site-packages/airflow/example_dags/example_branch_day_of_week_operator.py
[2024-02-14T23:17:00.067+0000] {logging_mixin.py:188} INFO - [2024-02-14T23:17:00.067+0000] {dag.py:3036} INFO - Sync 1 DAGs
[2024-02-14T23:17:00.088+0000] {logging_mixin.py:188} INFO - [2024-02-14T23:17:00.088+0000] {dag.py:3823} INFO - Setting next_dagrun for example_weekday_branch_operator to 2024-02-13 00:00:00+00:00, run_after=2024-02-14 00:00:00+00:00
[2024-02-14T23:17:00.110+0000] {processor.py:183} INFO - Processing /home/ubuntu/reddit_venv/lib/python3.10/site-packages/airflow/example_dags/example_branch_day_of_week_operator.py took 0.074 seconds
[2024-02-14T23:17:49.058+0000] {processor.py:161} INFO - Started process (PID=4313) to work on /home/ubuntu/reddit_venv/lib/python3.10/site-packages/airflow/example_dags/example_branch_day_of_week_operator.py
[2024-02-14T23:17:49.060+0000] {processor.py:830} INFO - Processing file /home/ubuntu/reddit_venv/lib/python3.10/site-packages/airflow/example_dags/example_branch_day_of_week_operator.py for tasks to queue
[2024-02-14T23:17:49.061+0000] {logging_mixin.py:188} INFO - [2024-02-14T23:17:49.060+0000] {dagbag.py:538} INFO - Filling up the DagBag from /home/ubuntu/reddit_venv/lib/python3.10/site-packages/airflow/example_dags/example_branch_day_of_week_operator.py
[2024-02-14T23:17:49.069+0000] {processor.py:840} INFO - DAG(s) 'example_weekday_branch_operator' retrieved from /home/ubuntu/reddit_venv/lib/python3.10/site-packages/airflow/example_dags/example_branch_day_of_week_operator.py
[2024-02-14T23:17:49.086+0000] {logging_mixin.py:188} INFO - [2024-02-14T23:17:49.086+0000] {dag.py:3036} INFO - Sync 1 DAGs
[2024-02-14T23:17:49.107+0000] {logging_mixin.py:188} INFO - [2024-02-14T23:17:49.107+0000] {dag.py:3823} INFO - Setting next_dagrun for example_weekday_branch_operator to 2024-02-13 00:00:00+00:00, run_after=2024-02-14 00:00:00+00:00
[2024-02-14T23:17:49.129+0000] {processor.py:183} INFO - Processing /home/ubuntu/reddit_venv/lib/python3.10/site-packages/airflow/example_dags/example_branch_day_of_week_operator.py took 0.074 seconds
[2024-02-14T23:18:47.896+0000] {processor.py:161} INFO - Started process (PID=5103) to work on /home/ubuntu/reddit_venv/lib/python3.10/site-packages/airflow/example_dags/example_branch_day_of_week_operator.py
[2024-02-14T23:18:47.898+0000] {processor.py:830} INFO - Processing file /home/ubuntu/reddit_venv/lib/python3.10/site-packages/airflow/example_dags/example_branch_day_of_week_operator.py for tasks to queue
[2024-02-14T23:18:47.899+0000] {logging_mixin.py:188} INFO - [2024-02-14T23:18:47.898+0000] {dagbag.py:538} INFO - Filling up the DagBag from /home/ubuntu/reddit_venv/lib/python3.10/site-packages/airflow/example_dags/example_branch_day_of_week_operator.py
[2024-02-14T23:18:47.907+0000] {processor.py:840} INFO - DAG(s) 'example_weekday_branch_operator' retrieved from /home/ubuntu/reddit_venv/lib/python3.10/site-packages/airflow/example_dags/example_branch_day_of_week_operator.py
[2024-02-14T23:18:47.924+0000] {logging_mixin.py:188} INFO - [2024-02-14T23:18:47.924+0000] {dag.py:3036} INFO - Sync 1 DAGs
[2024-02-14T23:18:47.945+0000] {logging_mixin.py:188} INFO - [2024-02-14T23:18:47.945+0000] {dag.py:3823} INFO - Setting next_dagrun for example_weekday_branch_operator to 2024-02-13 00:00:00+00:00, run_after=2024-02-14 00:00:00+00:00
[2024-02-14T23:18:47.966+0000] {processor.py:183} INFO - Processing /home/ubuntu/reddit_venv/lib/python3.10/site-packages/airflow/example_dags/example_branch_day_of_week_operator.py took 0.073 seconds
[2024-02-14T23:19:45.745+0000] {processor.py:161} INFO - Started process (PID=5593) to work on /home/ubuntu/reddit_venv/lib/python3.10/site-packages/airflow/example_dags/example_branch_day_of_week_operator.py
[2024-02-14T23:19:45.747+0000] {processor.py:830} INFO - Processing file /home/ubuntu/reddit_venv/lib/python3.10/site-packages/airflow/example_dags/example_branch_day_of_week_operator.py for tasks to queue
[2024-02-14T23:19:45.748+0000] {logging_mixin.py:188} INFO - [2024-02-14T23:19:45.747+0000] {dagbag.py:538} INFO - Filling up the DagBag from /home/ubuntu/reddit_venv/lib/python3.10/site-packages/airflow/example_dags/example_branch_day_of_week_operator.py
[2024-02-14T23:19:45.756+0000] {processor.py:840} INFO - DAG(s) 'example_weekday_branch_operator' retrieved from /home/ubuntu/reddit_venv/lib/python3.10/site-packages/airflow/example_dags/example_branch_day_of_week_operator.py
[2024-02-14T23:19:45.774+0000] {logging_mixin.py:188} INFO - [2024-02-14T23:19:45.774+0000] {dag.py:3036} INFO - Sync 1 DAGs
[2024-02-14T23:19:45.795+0000] {logging_mixin.py:188} INFO - [2024-02-14T23:19:45.795+0000] {dag.py:3823} INFO - Setting next_dagrun for example_weekday_branch_operator to 2024-02-13 00:00:00+00:00, run_after=2024-02-14 00:00:00+00:00
[2024-02-14T23:19:45.816+0000] {processor.py:183} INFO - Processing /home/ubuntu/reddit_venv/lib/python3.10/site-packages/airflow/example_dags/example_branch_day_of_week_operator.py took 0.074 seconds
[2024-02-14T23:20:43.631+0000] {processor.py:161} INFO - Started process (PID=5719) to work on /home/ubuntu/reddit_venv/lib/python3.10/site-packages/airflow/example_dags/example_branch_day_of_week_operator.py
[2024-02-14T23:20:43.632+0000] {processor.py:830} INFO - Processing file /home/ubuntu/reddit_venv/lib/python3.10/site-packages/airflow/example_dags/example_branch_day_of_week_operator.py for tasks to queue
[2024-02-14T23:20:43.633+0000] {logging_mixin.py:188} INFO - [2024-02-14T23:20:43.633+0000] {dagbag.py:538} INFO - Filling up the DagBag from /home/ubuntu/reddit_venv/lib/python3.10/site-packages/airflow/example_dags/example_branch_day_of_week_operator.py
[2024-02-14T23:20:43.642+0000] {processor.py:840} INFO - DAG(s) 'example_weekday_branch_operator' retrieved from /home/ubuntu/reddit_venv/lib/python3.10/site-packages/airflow/example_dags/example_branch_day_of_week_operator.py
[2024-02-14T23:20:43.659+0000] {logging_mixin.py:188} INFO - [2024-02-14T23:20:43.659+0000] {dag.py:3036} INFO - Sync 1 DAGs
[2024-02-14T23:20:43.682+0000] {logging_mixin.py:188} INFO - [2024-02-14T23:20:43.682+0000] {dag.py:3823} INFO - Setting next_dagrun for example_weekday_branch_operator to 2024-02-13 00:00:00+00:00, run_after=2024-02-14 00:00:00+00:00
[2024-02-14T23:20:43.704+0000] {processor.py:183} INFO - Processing /home/ubuntu/reddit_venv/lib/python3.10/site-packages/airflow/example_dags/example_branch_day_of_week_operator.py took 0.076 seconds
[2024-02-14T23:21:43.332+0000] {processor.py:161} INFO - Started process (PID=5933) to work on /home/ubuntu/reddit_venv/lib/python3.10/site-packages/airflow/example_dags/example_branch_day_of_week_operator.py
[2024-02-14T23:21:43.334+0000] {processor.py:830} INFO - Processing file /home/ubuntu/reddit_venv/lib/python3.10/site-packages/airflow/example_dags/example_branch_day_of_week_operator.py for tasks to queue
[2024-02-14T23:21:43.335+0000] {logging_mixin.py:188} INFO - [2024-02-14T23:21:43.334+0000] {dagbag.py:538} INFO - Filling up the DagBag from /home/ubuntu/reddit_venv/lib/python3.10/site-packages/airflow/example_dags/example_branch_day_of_week_operator.py
[2024-02-14T23:21:43.343+0000] {processor.py:840} INFO - DAG(s) 'example_weekday_branch_operator' retrieved from /home/ubuntu/reddit_venv/lib/python3.10/site-packages/airflow/example_dags/example_branch_day_of_week_operator.py
[2024-02-14T23:21:43.360+0000] {logging_mixin.py:188} INFO - [2024-02-14T23:21:43.360+0000] {dag.py:3036} INFO - Sync 1 DAGs
[2024-02-14T23:21:43.381+0000] {logging_mixin.py:188} INFO - [2024-02-14T23:21:43.381+0000] {dag.py:3823} INFO - Setting next_dagrun for example_weekday_branch_operator to 2024-02-13 00:00:00+00:00, run_after=2024-02-14 00:00:00+00:00
[2024-02-14T23:21:43.403+0000] {processor.py:183} INFO - Processing /home/ubuntu/reddit_venv/lib/python3.10/site-packages/airflow/example_dags/example_branch_day_of_week_operator.py took 0.074 seconds
[2024-02-14T23:22:46.528+0000] {processor.py:161} INFO - Started process (PID=6101) to work on /home/ubuntu/reddit_venv/lib/python3.10/site-packages/airflow/example_dags/example_branch_day_of_week_operator.py
[2024-02-14T23:22:46.529+0000] {processor.py:830} INFO - Processing file /home/ubuntu/reddit_venv/lib/python3.10/site-packages/airflow/example_dags/example_branch_day_of_week_operator.py for tasks to queue
[2024-02-14T23:22:46.530+0000] {logging_mixin.py:188} INFO - [2024-02-14T23:22:46.530+0000] {dagbag.py:538} INFO - Filling up the DagBag from /home/ubuntu/reddit_venv/lib/python3.10/site-packages/airflow/example_dags/example_branch_day_of_week_operator.py
[2024-02-14T23:22:46.539+0000] {processor.py:840} INFO - DAG(s) 'example_weekday_branch_operator' retrieved from /home/ubuntu/reddit_venv/lib/python3.10/site-packages/airflow/example_dags/example_branch_day_of_week_operator.py
[2024-02-14T23:22:46.555+0000] {logging_mixin.py:188} INFO - [2024-02-14T23:22:46.555+0000] {dag.py:3036} INFO - Sync 1 DAGs
[2024-02-14T23:22:46.577+0000] {logging_mixin.py:188} INFO - [2024-02-14T23:22:46.576+0000] {dag.py:3823} INFO - Setting next_dagrun for example_weekday_branch_operator to 2024-02-13 00:00:00+00:00, run_after=2024-02-14 00:00:00+00:00
[2024-02-14T23:22:46.598+0000] {processor.py:183} INFO - Processing /home/ubuntu/reddit_venv/lib/python3.10/site-packages/airflow/example_dags/example_branch_day_of_week_operator.py took 0.074 seconds
[2024-02-14T23:23:41.956+0000] {processor.py:161} INFO - Started process (PID=6230) to work on /home/ubuntu/reddit_venv/lib/python3.10/site-packages/airflow/example_dags/example_branch_day_of_week_operator.py
[2024-02-14T23:23:41.958+0000] {processor.py:830} INFO - Processing file /home/ubuntu/reddit_venv/lib/python3.10/site-packages/airflow/example_dags/example_branch_day_of_week_operator.py for tasks to queue
[2024-02-14T23:23:41.959+0000] {logging_mixin.py:188} INFO - [2024-02-14T23:23:41.958+0000] {dagbag.py:538} INFO - Filling up the DagBag from /home/ubuntu/reddit_venv/lib/python3.10/site-packages/airflow/example_dags/example_branch_day_of_week_operator.py
[2024-02-14T23:23:41.967+0000] {processor.py:840} INFO - DAG(s) 'example_weekday_branch_operator' retrieved from /home/ubuntu/reddit_venv/lib/python3.10/site-packages/airflow/example_dags/example_branch_day_of_week_operator.py
[2024-02-14T23:23:41.985+0000] {logging_mixin.py:188} INFO - [2024-02-14T23:23:41.985+0000] {dag.py:3036} INFO - Sync 1 DAGs
[2024-02-14T23:23:42.008+0000] {logging_mixin.py:188} INFO - [2024-02-14T23:23:42.008+0000] {dag.py:3823} INFO - Setting next_dagrun for example_weekday_branch_operator to 2024-02-13 00:00:00+00:00, run_after=2024-02-14 00:00:00+00:00
[2024-02-14T23:23:42.032+0000] {processor.py:183} INFO - Processing /home/ubuntu/reddit_venv/lib/python3.10/site-packages/airflow/example_dags/example_branch_day_of_week_operator.py took 0.079 seconds
[2024-02-14T23:24:39.873+0000] {processor.py:161} INFO - Started process (PID=6416) to work on /home/ubuntu/reddit_venv/lib/python3.10/site-packages/airflow/example_dags/example_branch_day_of_week_operator.py
[2024-02-14T23:24:39.875+0000] {processor.py:830} INFO - Processing file /home/ubuntu/reddit_venv/lib/python3.10/site-packages/airflow/example_dags/example_branch_day_of_week_operator.py for tasks to queue
[2024-02-14T23:24:39.875+0000] {logging_mixin.py:188} INFO - [2024-02-14T23:24:39.875+0000] {dagbag.py:538} INFO - Filling up the DagBag from /home/ubuntu/reddit_venv/lib/python3.10/site-packages/airflow/example_dags/example_branch_day_of_week_operator.py
[2024-02-14T23:24:39.884+0000] {processor.py:840} INFO - DAG(s) 'example_weekday_branch_operator' retrieved from /home/ubuntu/reddit_venv/lib/python3.10/site-packages/airflow/example_dags/example_branch_day_of_week_operator.py
[2024-02-14T23:24:39.901+0000] {logging_mixin.py:188} INFO - [2024-02-14T23:24:39.901+0000] {dag.py:3036} INFO - Sync 1 DAGs
[2024-02-14T23:24:39.923+0000] {logging_mixin.py:188} INFO - [2024-02-14T23:24:39.923+0000] {dag.py:3823} INFO - Setting next_dagrun for example_weekday_branch_operator to 2024-02-13 00:00:00+00:00, run_after=2024-02-14 00:00:00+00:00
[2024-02-14T23:24:39.946+0000] {processor.py:183} INFO - Processing /home/ubuntu/reddit_venv/lib/python3.10/site-packages/airflow/example_dags/example_branch_day_of_week_operator.py took 0.076 seconds
[2024-02-14T23:25:35.331+0000] {processor.py:161} INFO - Started process (PID=6541) to work on /home/ubuntu/reddit_venv/lib/python3.10/site-packages/airflow/example_dags/example_branch_day_of_week_operator.py
[2024-02-14T23:25:35.332+0000] {processor.py:830} INFO - Processing file /home/ubuntu/reddit_venv/lib/python3.10/site-packages/airflow/example_dags/example_branch_day_of_week_operator.py for tasks to queue
[2024-02-14T23:25:35.333+0000] {logging_mixin.py:188} INFO - [2024-02-14T23:25:35.333+0000] {dagbag.py:538} INFO - Filling up the DagBag from /home/ubuntu/reddit_venv/lib/python3.10/site-packages/airflow/example_dags/example_branch_day_of_week_operator.py
[2024-02-14T23:25:35.342+0000] {processor.py:840} INFO - DAG(s) 'example_weekday_branch_operator' retrieved from /home/ubuntu/reddit_venv/lib/python3.10/site-packages/airflow/example_dags/example_branch_day_of_week_operator.py
[2024-02-14T23:25:35.359+0000] {logging_mixin.py:188} INFO - [2024-02-14T23:25:35.359+0000] {dag.py:3036} INFO - Sync 1 DAGs
[2024-02-14T23:25:35.381+0000] {logging_mixin.py:188} INFO - [2024-02-14T23:25:35.381+0000] {dag.py:3823} INFO - Setting next_dagrun for example_weekday_branch_operator to 2024-02-13 00:00:00+00:00, run_after=2024-02-14 00:00:00+00:00
[2024-02-14T23:25:35.405+0000] {processor.py:183} INFO - Processing /home/ubuntu/reddit_venv/lib/python3.10/site-packages/airflow/example_dags/example_branch_day_of_week_operator.py took 0.078 seconds
[2024-02-14T23:26:36.006+0000] {processor.py:161} INFO - Started process (PID=6667) to work on /home/ubuntu/reddit_venv/lib/python3.10/site-packages/airflow/example_dags/example_branch_day_of_week_operator.py
[2024-02-14T23:26:36.008+0000] {processor.py:830} INFO - Processing file /home/ubuntu/reddit_venv/lib/python3.10/site-packages/airflow/example_dags/example_branch_day_of_week_operator.py for tasks to queue
[2024-02-14T23:26:36.009+0000] {logging_mixin.py:188} INFO - [2024-02-14T23:26:36.008+0000] {dagbag.py:538} INFO - Filling up the DagBag from /home/ubuntu/reddit_venv/lib/python3.10/site-packages/airflow/example_dags/example_branch_day_of_week_operator.py
[2024-02-14T23:26:36.017+0000] {processor.py:840} INFO - DAG(s) 'example_weekday_branch_operator' retrieved from /home/ubuntu/reddit_venv/lib/python3.10/site-packages/airflow/example_dags/example_branch_day_of_week_operator.py
[2024-02-14T23:26:36.034+0000] {logging_mixin.py:188} INFO - [2024-02-14T23:26:36.034+0000] {dag.py:3036} INFO - Sync 1 DAGs
[2024-02-14T23:26:36.056+0000] {logging_mixin.py:188} INFO - [2024-02-14T23:26:36.056+0000] {dag.py:3823} INFO - Setting next_dagrun for example_weekday_branch_operator to 2024-02-13 00:00:00+00:00, run_after=2024-02-14 00:00:00+00:00
[2024-02-14T23:26:36.078+0000] {processor.py:183} INFO - Processing /home/ubuntu/reddit_venv/lib/python3.10/site-packages/airflow/example_dags/example_branch_day_of_week_operator.py took 0.075 seconds
[2024-02-14T23:27:27.711+0000] {processor.py:161} INFO - Started process (PID=6907) to work on /home/ubuntu/reddit_venv/lib/python3.10/site-packages/airflow/example_dags/example_branch_day_of_week_operator.py
[2024-02-14T23:27:27.713+0000] {processor.py:830} INFO - Processing file /home/ubuntu/reddit_venv/lib/python3.10/site-packages/airflow/example_dags/example_branch_day_of_week_operator.py for tasks to queue
[2024-02-14T23:27:27.714+0000] {logging_mixin.py:188} INFO - [2024-02-14T23:27:27.713+0000] {dagbag.py:538} INFO - Filling up the DagBag from /home/ubuntu/reddit_venv/lib/python3.10/site-packages/airflow/example_dags/example_branch_day_of_week_operator.py
[2024-02-14T23:27:27.723+0000] {processor.py:840} INFO - DAG(s) 'example_weekday_branch_operator' retrieved from /home/ubuntu/reddit_venv/lib/python3.10/site-packages/airflow/example_dags/example_branch_day_of_week_operator.py
[2024-02-14T23:27:27.740+0000] {logging_mixin.py:188} INFO - [2024-02-14T23:27:27.740+0000] {dag.py:3036} INFO - Sync 1 DAGs
[2024-02-14T23:27:27.762+0000] {logging_mixin.py:188} INFO - [2024-02-14T23:27:27.761+0000] {dag.py:3823} INFO - Setting next_dagrun for example_weekday_branch_operator to 2024-02-13 00:00:00+00:00, run_after=2024-02-14 00:00:00+00:00
[2024-02-14T23:27:27.784+0000] {processor.py:183} INFO - Processing /home/ubuntu/reddit_venv/lib/python3.10/site-packages/airflow/example_dags/example_branch_day_of_week_operator.py took 0.076 seconds
[2024-02-14T23:28:26.708+0000] {processor.py:161} INFO - Started process (PID=7001) to work on /home/ubuntu/reddit_venv/lib/python3.10/site-packages/airflow/example_dags/example_branch_day_of_week_operator.py
[2024-02-14T23:28:26.710+0000] {processor.py:830} INFO - Processing file /home/ubuntu/reddit_venv/lib/python3.10/site-packages/airflow/example_dags/example_branch_day_of_week_operator.py for tasks to queue
[2024-02-14T23:28:26.711+0000] {logging_mixin.py:188} INFO - [2024-02-14T23:28:26.711+0000] {dagbag.py:538} INFO - Filling up the DagBag from /home/ubuntu/reddit_venv/lib/python3.10/site-packages/airflow/example_dags/example_branch_day_of_week_operator.py
[2024-02-14T23:28:26.720+0000] {processor.py:840} INFO - DAG(s) 'example_weekday_branch_operator' retrieved from /home/ubuntu/reddit_venv/lib/python3.10/site-packages/airflow/example_dags/example_branch_day_of_week_operator.py
[2024-02-14T23:28:26.737+0000] {logging_mixin.py:188} INFO - [2024-02-14T23:28:26.737+0000] {dag.py:3036} INFO - Sync 1 DAGs
[2024-02-14T23:28:26.759+0000] {logging_mixin.py:188} INFO - [2024-02-14T23:28:26.759+0000] {dag.py:3823} INFO - Setting next_dagrun for example_weekday_branch_operator to 2024-02-13 00:00:00+00:00, run_after=2024-02-14 00:00:00+00:00
[2024-02-14T23:28:26.781+0000] {processor.py:183} INFO - Processing /home/ubuntu/reddit_venv/lib/python3.10/site-packages/airflow/example_dags/example_branch_day_of_week_operator.py took 0.075 seconds
[2024-02-14T23:29:24.782+0000] {processor.py:161} INFO - Started process (PID=7103) to work on /home/ubuntu/reddit_venv/lib/python3.10/site-packages/airflow/example_dags/example_branch_day_of_week_operator.py
[2024-02-14T23:29:24.784+0000] {processor.py:830} INFO - Processing file /home/ubuntu/reddit_venv/lib/python3.10/site-packages/airflow/example_dags/example_branch_day_of_week_operator.py for tasks to queue
[2024-02-14T23:29:24.785+0000] {logging_mixin.py:188} INFO - [2024-02-14T23:29:24.784+0000] {dagbag.py:538} INFO - Filling up the DagBag from /home/ubuntu/reddit_venv/lib/python3.10/site-packages/airflow/example_dags/example_branch_day_of_week_operator.py
[2024-02-14T23:29:24.793+0000] {processor.py:840} INFO - DAG(s) 'example_weekday_branch_operator' retrieved from /home/ubuntu/reddit_venv/lib/python3.10/site-packages/airflow/example_dags/example_branch_day_of_week_operator.py
[2024-02-14T23:29:24.810+0000] {logging_mixin.py:188} INFO - [2024-02-14T23:29:24.810+0000] {dag.py:3036} INFO - Sync 1 DAGs
[2024-02-14T23:29:24.832+0000] {logging_mixin.py:188} INFO - [2024-02-14T23:29:24.831+0000] {dag.py:3823} INFO - Setting next_dagrun for example_weekday_branch_operator to 2024-02-13 00:00:00+00:00, run_after=2024-02-14 00:00:00+00:00
[2024-02-14T23:29:24.854+0000] {processor.py:183} INFO - Processing /home/ubuntu/reddit_venv/lib/python3.10/site-packages/airflow/example_dags/example_branch_day_of_week_operator.py took 0.075 seconds
[2024-02-14T23:30:19.571+0000] {processor.py:161} INFO - Started process (PID=7284) to work on /home/ubuntu/reddit_venv/lib/python3.10/site-packages/airflow/example_dags/example_branch_day_of_week_operator.py
[2024-02-14T23:30:19.574+0000] {processor.py:830} INFO - Processing file /home/ubuntu/reddit_venv/lib/python3.10/site-packages/airflow/example_dags/example_branch_day_of_week_operator.py for tasks to queue
[2024-02-14T23:30:19.575+0000] {logging_mixin.py:188} INFO - [2024-02-14T23:30:19.574+0000] {dagbag.py:538} INFO - Filling up the DagBag from /home/ubuntu/reddit_venv/lib/python3.10/site-packages/airflow/example_dags/example_branch_day_of_week_operator.py
[2024-02-14T23:30:19.584+0000] {processor.py:840} INFO - DAG(s) 'example_weekday_branch_operator' retrieved from /home/ubuntu/reddit_venv/lib/python3.10/site-packages/airflow/example_dags/example_branch_day_of_week_operator.py
[2024-02-14T23:30:19.600+0000] {logging_mixin.py:188} INFO - [2024-02-14T23:30:19.600+0000] {dag.py:3036} INFO - Sync 1 DAGs
[2024-02-14T23:30:19.622+0000] {logging_mixin.py:188} INFO - [2024-02-14T23:30:19.622+0000] {dag.py:3823} INFO - Setting next_dagrun for example_weekday_branch_operator to 2024-02-13 00:00:00+00:00, run_after=2024-02-14 00:00:00+00:00
[2024-02-14T23:30:19.644+0000] {processor.py:183} INFO - Processing /home/ubuntu/reddit_venv/lib/python3.10/site-packages/airflow/example_dags/example_branch_day_of_week_operator.py took 0.077 seconds
[2024-02-14T23:31:15.104+0000] {processor.py:161} INFO - Started process (PID=7409) to work on /home/ubuntu/reddit_venv/lib/python3.10/site-packages/airflow/example_dags/example_branch_day_of_week_operator.py
[2024-02-14T23:31:15.105+0000] {processor.py:830} INFO - Processing file /home/ubuntu/reddit_venv/lib/python3.10/site-packages/airflow/example_dags/example_branch_day_of_week_operator.py for tasks to queue
[2024-02-14T23:31:15.106+0000] {logging_mixin.py:188} INFO - [2024-02-14T23:31:15.106+0000] {dagbag.py:538} INFO - Filling up the DagBag from /home/ubuntu/reddit_venv/lib/python3.10/site-packages/airflow/example_dags/example_branch_day_of_week_operator.py
[2024-02-14T23:31:15.115+0000] {processor.py:840} INFO - DAG(s) 'example_weekday_branch_operator' retrieved from /home/ubuntu/reddit_venv/lib/python3.10/site-packages/airflow/example_dags/example_branch_day_of_week_operator.py
[2024-02-14T23:31:15.133+0000] {logging_mixin.py:188} INFO - [2024-02-14T23:31:15.133+0000] {dag.py:3036} INFO - Sync 1 DAGs
[2024-02-14T23:31:15.156+0000] {logging_mixin.py:188} INFO - [2024-02-14T23:31:15.156+0000] {dag.py:3823} INFO - Setting next_dagrun for example_weekday_branch_operator to 2024-02-13 00:00:00+00:00, run_after=2024-02-14 00:00:00+00:00
[2024-02-14T23:31:15.181+0000] {processor.py:183} INFO - Processing /home/ubuntu/reddit_venv/lib/python3.10/site-packages/airflow/example_dags/example_branch_day_of_week_operator.py took 0.080 seconds
[2024-02-14T23:32:13.885+0000] {processor.py:161} INFO - Started process (PID=7536) to work on /home/ubuntu/reddit_venv/lib/python3.10/site-packages/airflow/example_dags/example_branch_day_of_week_operator.py
[2024-02-14T23:32:13.887+0000] {processor.py:830} INFO - Processing file /home/ubuntu/reddit_venv/lib/python3.10/site-packages/airflow/example_dags/example_branch_day_of_week_operator.py for tasks to queue
[2024-02-14T23:32:13.888+0000] {logging_mixin.py:188} INFO - [2024-02-14T23:32:13.887+0000] {dagbag.py:538} INFO - Filling up the DagBag from /home/ubuntu/reddit_venv/lib/python3.10/site-packages/airflow/example_dags/example_branch_day_of_week_operator.py
[2024-02-14T23:32:13.896+0000] {processor.py:840} INFO - DAG(s) 'example_weekday_branch_operator' retrieved from /home/ubuntu/reddit_venv/lib/python3.10/site-packages/airflow/example_dags/example_branch_day_of_week_operator.py
[2024-02-14T23:32:13.914+0000] {logging_mixin.py:188} INFO - [2024-02-14T23:32:13.914+0000] {dag.py:3036} INFO - Sync 1 DAGs
[2024-02-14T23:32:13.936+0000] {logging_mixin.py:188} INFO - [2024-02-14T23:32:13.936+0000] {dag.py:3823} INFO - Setting next_dagrun for example_weekday_branch_operator to 2024-02-13 00:00:00+00:00, run_after=2024-02-14 00:00:00+00:00
[2024-02-14T23:32:13.962+0000] {processor.py:183} INFO - Processing /home/ubuntu/reddit_venv/lib/python3.10/site-packages/airflow/example_dags/example_branch_day_of_week_operator.py took 0.080 seconds
[2024-02-14T23:33:13.500+0000] {processor.py:161} INFO - Started process (PID=7724) to work on /home/ubuntu/reddit_venv/lib/python3.10/site-packages/airflow/example_dags/example_branch_day_of_week_operator.py
[2024-02-14T23:33:13.501+0000] {processor.py:830} INFO - Processing file /home/ubuntu/reddit_venv/lib/python3.10/site-packages/airflow/example_dags/example_branch_day_of_week_operator.py for tasks to queue
[2024-02-14T23:33:13.502+0000] {logging_mixin.py:188} INFO - [2024-02-14T23:33:13.502+0000] {dagbag.py:538} INFO - Filling up the DagBag from /home/ubuntu/reddit_venv/lib/python3.10/site-packages/airflow/example_dags/example_branch_day_of_week_operator.py
[2024-02-14T23:33:13.511+0000] {processor.py:840} INFO - DAG(s) 'example_weekday_branch_operator' retrieved from /home/ubuntu/reddit_venv/lib/python3.10/site-packages/airflow/example_dags/example_branch_day_of_week_operator.py
[2024-02-14T23:33:13.528+0000] {logging_mixin.py:188} INFO - [2024-02-14T23:33:13.528+0000] {dag.py:3036} INFO - Sync 1 DAGs
[2024-02-14T23:33:13.550+0000] {logging_mixin.py:188} INFO - [2024-02-14T23:33:13.550+0000] {dag.py:3823} INFO - Setting next_dagrun for example_weekday_branch_operator to 2024-02-13 00:00:00+00:00, run_after=2024-02-14 00:00:00+00:00
[2024-02-14T23:33:13.572+0000] {processor.py:183} INFO - Processing /home/ubuntu/reddit_venv/lib/python3.10/site-packages/airflow/example_dags/example_branch_day_of_week_operator.py took 0.076 seconds
[2024-02-14T23:34:06.832+0000] {processor.py:161} INFO - Started process (PID=7847) to work on /home/ubuntu/reddit_venv/lib/python3.10/site-packages/airflow/example_dags/example_branch_day_of_week_operator.py
[2024-02-14T23:34:06.834+0000] {processor.py:830} INFO - Processing file /home/ubuntu/reddit_venv/lib/python3.10/site-packages/airflow/example_dags/example_branch_day_of_week_operator.py for tasks to queue
[2024-02-14T23:34:06.835+0000] {logging_mixin.py:188} INFO - [2024-02-14T23:34:06.834+0000] {dagbag.py:538} INFO - Filling up the DagBag from /home/ubuntu/reddit_venv/lib/python3.10/site-packages/airflow/example_dags/example_branch_day_of_week_operator.py
[2024-02-14T23:34:06.843+0000] {processor.py:840} INFO - DAG(s) 'example_weekday_branch_operator' retrieved from /home/ubuntu/reddit_venv/lib/python3.10/site-packages/airflow/example_dags/example_branch_day_of_week_operator.py
[2024-02-14T23:34:06.859+0000] {logging_mixin.py:188} INFO - [2024-02-14T23:34:06.859+0000] {dag.py:3036} INFO - Sync 1 DAGs
[2024-02-14T23:34:06.880+0000] {logging_mixin.py:188} INFO - [2024-02-14T23:34:06.880+0000] {dag.py:3823} INFO - Setting next_dagrun for example_weekday_branch_operator to 2024-02-13 00:00:00+00:00, run_after=2024-02-14 00:00:00+00:00
[2024-02-14T23:34:06.901+0000] {processor.py:183} INFO - Processing /home/ubuntu/reddit_venv/lib/python3.10/site-packages/airflow/example_dags/example_branch_day_of_week_operator.py took 0.072 seconds
[2024-02-14T23:35:03.225+0000] {processor.py:161} INFO - Started process (PID=7974) to work on /home/ubuntu/reddit_venv/lib/python3.10/site-packages/airflow/example_dags/example_branch_day_of_week_operator.py
[2024-02-14T23:35:03.227+0000] {processor.py:830} INFO - Processing file /home/ubuntu/reddit_venv/lib/python3.10/site-packages/airflow/example_dags/example_branch_day_of_week_operator.py for tasks to queue
[2024-02-14T23:35:03.228+0000] {logging_mixin.py:188} INFO - [2024-02-14T23:35:03.227+0000] {dagbag.py:538} INFO - Filling up the DagBag from /home/ubuntu/reddit_venv/lib/python3.10/site-packages/airflow/example_dags/example_branch_day_of_week_operator.py
[2024-02-14T23:35:03.236+0000] {processor.py:840} INFO - DAG(s) 'example_weekday_branch_operator' retrieved from /home/ubuntu/reddit_venv/lib/python3.10/site-packages/airflow/example_dags/example_branch_day_of_week_operator.py
[2024-02-14T23:35:03.254+0000] {logging_mixin.py:188} INFO - [2024-02-14T23:35:03.253+0000] {dag.py:3036} INFO - Sync 1 DAGs
[2024-02-14T23:35:03.275+0000] {logging_mixin.py:188} INFO - [2024-02-14T23:35:03.275+0000] {dag.py:3823} INFO - Setting next_dagrun for example_weekday_branch_operator to 2024-02-13 00:00:00+00:00, run_after=2024-02-14 00:00:00+00:00
[2024-02-14T23:35:03.297+0000] {processor.py:183} INFO - Processing /home/ubuntu/reddit_venv/lib/python3.10/site-packages/airflow/example_dags/example_branch_day_of_week_operator.py took 0.075 seconds
[2024-02-14T23:36:01.720+0000] {processor.py:161} INFO - Started process (PID=8102) to work on /home/ubuntu/reddit_venv/lib/python3.10/site-packages/airflow/example_dags/example_branch_day_of_week_operator.py
[2024-02-14T23:36:01.722+0000] {processor.py:830} INFO - Processing file /home/ubuntu/reddit_venv/lib/python3.10/site-packages/airflow/example_dags/example_branch_day_of_week_operator.py for tasks to queue
[2024-02-14T23:36:01.723+0000] {logging_mixin.py:188} INFO - [2024-02-14T23:36:01.722+0000] {dagbag.py:538} INFO - Filling up the DagBag from /home/ubuntu/reddit_venv/lib/python3.10/site-packages/airflow/example_dags/example_branch_day_of_week_operator.py
[2024-02-14T23:36:01.731+0000] {processor.py:840} INFO - DAG(s) 'example_weekday_branch_operator' retrieved from /home/ubuntu/reddit_venv/lib/python3.10/site-packages/airflow/example_dags/example_branch_day_of_week_operator.py
[2024-02-14T23:36:01.749+0000] {logging_mixin.py:188} INFO - [2024-02-14T23:36:01.749+0000] {dag.py:3036} INFO - Sync 1 DAGs
[2024-02-14T23:36:01.771+0000] {logging_mixin.py:188} INFO - [2024-02-14T23:36:01.771+0000] {dag.py:3823} INFO - Setting next_dagrun for example_weekday_branch_operator to 2024-02-13 00:00:00+00:00, run_after=2024-02-14 00:00:00+00:00
[2024-02-14T23:36:01.793+0000] {processor.py:183} INFO - Processing /home/ubuntu/reddit_venv/lib/python3.10/site-packages/airflow/example_dags/example_branch_day_of_week_operator.py took 0.076 seconds
[2024-02-14T23:36:59.569+0000] {processor.py:161} INFO - Started process (PID=8230) to work on /home/ubuntu/reddit_venv/lib/python3.10/site-packages/airflow/example_dags/example_branch_day_of_week_operator.py
[2024-02-14T23:36:59.571+0000] {processor.py:830} INFO - Processing file /home/ubuntu/reddit_venv/lib/python3.10/site-packages/airflow/example_dags/example_branch_day_of_week_operator.py for tasks to queue
[2024-02-14T23:36:59.572+0000] {logging_mixin.py:188} INFO - [2024-02-14T23:36:59.571+0000] {dagbag.py:538} INFO - Filling up the DagBag from /home/ubuntu/reddit_venv/lib/python3.10/site-packages/airflow/example_dags/example_branch_day_of_week_operator.py
[2024-02-14T23:36:59.580+0000] {processor.py:840} INFO - DAG(s) 'example_weekday_branch_operator' retrieved from /home/ubuntu/reddit_venv/lib/python3.10/site-packages/airflow/example_dags/example_branch_day_of_week_operator.py
[2024-02-14T23:36:59.597+0000] {logging_mixin.py:188} INFO - [2024-02-14T23:36:59.597+0000] {dag.py:3036} INFO - Sync 1 DAGs
[2024-02-14T23:36:59.618+0000] {logging_mixin.py:188} INFO - [2024-02-14T23:36:59.617+0000] {dag.py:3823} INFO - Setting next_dagrun for example_weekday_branch_operator to 2024-02-13 00:00:00+00:00, run_after=2024-02-14 00:00:00+00:00
[2024-02-14T23:36:59.639+0000] {processor.py:183} INFO - Processing /home/ubuntu/reddit_venv/lib/python3.10/site-packages/airflow/example_dags/example_branch_day_of_week_operator.py took 0.073 seconds
[2024-02-14T23:37:56.937+0000] {processor.py:161} INFO - Started process (PID=8535) to work on /home/ubuntu/reddit_venv/lib/python3.10/site-packages/airflow/example_dags/example_branch_day_of_week_operator.py
[2024-02-14T23:37:56.938+0000] {processor.py:830} INFO - Processing file /home/ubuntu/reddit_venv/lib/python3.10/site-packages/airflow/example_dags/example_branch_day_of_week_operator.py for tasks to queue
[2024-02-14T23:37:56.939+0000] {logging_mixin.py:188} INFO - [2024-02-14T23:37:56.939+0000] {dagbag.py:538} INFO - Filling up the DagBag from /home/ubuntu/reddit_venv/lib/python3.10/site-packages/airflow/example_dags/example_branch_day_of_week_operator.py
[2024-02-14T23:37:56.948+0000] {processor.py:840} INFO - DAG(s) 'example_weekday_branch_operator' retrieved from /home/ubuntu/reddit_venv/lib/python3.10/site-packages/airflow/example_dags/example_branch_day_of_week_operator.py
[2024-02-14T23:37:56.966+0000] {logging_mixin.py:188} INFO - [2024-02-14T23:37:56.966+0000] {dag.py:3036} INFO - Sync 1 DAGs
[2024-02-14T23:37:56.988+0000] {logging_mixin.py:188} INFO - [2024-02-14T23:37:56.988+0000] {dag.py:3823} INFO - Setting next_dagrun for example_weekday_branch_operator to 2024-02-13 00:00:00+00:00, run_after=2024-02-14 00:00:00+00:00
[2024-02-14T23:37:57.010+0000] {processor.py:183} INFO - Processing /home/ubuntu/reddit_venv/lib/python3.10/site-packages/airflow/example_dags/example_branch_day_of_week_operator.py took 0.077 seconds
[2024-02-14T23:39:05.762+0000] {processor.py:161} INFO - Started process (PID=8982) to work on /home/ubuntu/reddit_venv/lib/python3.10/site-packages/airflow/example_dags/example_branch_day_of_week_operator.py
[2024-02-14T23:39:05.764+0000] {processor.py:830} INFO - Processing file /home/ubuntu/reddit_venv/lib/python3.10/site-packages/airflow/example_dags/example_branch_day_of_week_operator.py for tasks to queue
[2024-02-14T23:39:05.765+0000] {logging_mixin.py:188} INFO - [2024-02-14T23:39:05.764+0000] {dagbag.py:538} INFO - Filling up the DagBag from /home/ubuntu/reddit_venv/lib/python3.10/site-packages/airflow/example_dags/example_branch_day_of_week_operator.py
[2024-02-14T23:39:05.774+0000] {processor.py:840} INFO - DAG(s) 'example_weekday_branch_operator' retrieved from /home/ubuntu/reddit_venv/lib/python3.10/site-packages/airflow/example_dags/example_branch_day_of_week_operator.py
[2024-02-14T23:39:05.791+0000] {logging_mixin.py:188} INFO - [2024-02-14T23:39:05.791+0000] {dag.py:3036} INFO - Sync 1 DAGs
[2024-02-14T23:39:05.812+0000] {logging_mixin.py:188} INFO - [2024-02-14T23:39:05.812+0000] {dag.py:3823} INFO - Setting next_dagrun for example_weekday_branch_operator to 2024-02-13 00:00:00+00:00, run_after=2024-02-14 00:00:00+00:00
[2024-02-14T23:39:05.834+0000] {processor.py:183} INFO - Processing /home/ubuntu/reddit_venv/lib/python3.10/site-packages/airflow/example_dags/example_branch_day_of_week_operator.py took 0.075 seconds
[2024-02-14T23:40:10.331+0000] {processor.py:161} INFO - Started process (PID=9301) to work on /home/ubuntu/reddit_venv/lib/python3.10/site-packages/airflow/example_dags/example_branch_day_of_week_operator.py
[2024-02-14T23:40:10.332+0000] {processor.py:830} INFO - Processing file /home/ubuntu/reddit_venv/lib/python3.10/site-packages/airflow/example_dags/example_branch_day_of_week_operator.py for tasks to queue
[2024-02-14T23:40:10.333+0000] {logging_mixin.py:188} INFO - [2024-02-14T23:40:10.333+0000] {dagbag.py:538} INFO - Filling up the DagBag from /home/ubuntu/reddit_venv/lib/python3.10/site-packages/airflow/example_dags/example_branch_day_of_week_operator.py
[2024-02-14T23:40:10.341+0000] {processor.py:840} INFO - DAG(s) 'example_weekday_branch_operator' retrieved from /home/ubuntu/reddit_venv/lib/python3.10/site-packages/airflow/example_dags/example_branch_day_of_week_operator.py
[2024-02-14T23:40:10.358+0000] {logging_mixin.py:188} INFO - [2024-02-14T23:40:10.358+0000] {dag.py:3036} INFO - Sync 1 DAGs
[2024-02-14T23:40:10.379+0000] {logging_mixin.py:188} INFO - [2024-02-14T23:40:10.379+0000] {dag.py:3823} INFO - Setting next_dagrun for example_weekday_branch_operator to 2024-02-13 00:00:00+00:00, run_after=2024-02-14 00:00:00+00:00
[2024-02-14T23:40:10.401+0000] {processor.py:183} INFO - Processing /home/ubuntu/reddit_venv/lib/python3.10/site-packages/airflow/example_dags/example_branch_day_of_week_operator.py took 0.073 seconds
[2024-02-14T23:41:06.899+0000] {processor.py:161} INFO - Started process (PID=9426) to work on /home/ubuntu/reddit_venv/lib/python3.10/site-packages/airflow/example_dags/example_branch_day_of_week_operator.py
[2024-02-14T23:41:06.901+0000] {processor.py:830} INFO - Processing file /home/ubuntu/reddit_venv/lib/python3.10/site-packages/airflow/example_dags/example_branch_day_of_week_operator.py for tasks to queue
[2024-02-14T23:41:06.902+0000] {logging_mixin.py:188} INFO - [2024-02-14T23:41:06.902+0000] {dagbag.py:538} INFO - Filling up the DagBag from /home/ubuntu/reddit_venv/lib/python3.10/site-packages/airflow/example_dags/example_branch_day_of_week_operator.py
[2024-02-14T23:41:06.911+0000] {processor.py:840} INFO - DAG(s) 'example_weekday_branch_operator' retrieved from /home/ubuntu/reddit_venv/lib/python3.10/site-packages/airflow/example_dags/example_branch_day_of_week_operator.py
[2024-02-14T23:41:06.929+0000] {logging_mixin.py:188} INFO - [2024-02-14T23:41:06.928+0000] {dag.py:3036} INFO - Sync 1 DAGs
[2024-02-14T23:41:06.951+0000] {logging_mixin.py:188} INFO - [2024-02-14T23:41:06.950+0000] {dag.py:3823} INFO - Setting next_dagrun for example_weekday_branch_operator to 2024-02-13 00:00:00+00:00, run_after=2024-02-14 00:00:00+00:00
[2024-02-14T23:41:06.974+0000] {processor.py:183} INFO - Processing /home/ubuntu/reddit_venv/lib/python3.10/site-packages/airflow/example_dags/example_branch_day_of_week_operator.py took 0.078 seconds
[2024-02-14T23:42:03.845+0000] {processor.py:161} INFO - Started process (PID=9550) to work on /home/ubuntu/reddit_venv/lib/python3.10/site-packages/airflow/example_dags/example_branch_day_of_week_operator.py
[2024-02-14T23:42:03.847+0000] {processor.py:830} INFO - Processing file /home/ubuntu/reddit_venv/lib/python3.10/site-packages/airflow/example_dags/example_branch_day_of_week_operator.py for tasks to queue
[2024-02-14T23:42:03.848+0000] {logging_mixin.py:188} INFO - [2024-02-14T23:42:03.848+0000] {dagbag.py:538} INFO - Filling up the DagBag from /home/ubuntu/reddit_venv/lib/python3.10/site-packages/airflow/example_dags/example_branch_day_of_week_operator.py
[2024-02-14T23:42:03.857+0000] {processor.py:840} INFO - DAG(s) 'example_weekday_branch_operator' retrieved from /home/ubuntu/reddit_venv/lib/python3.10/site-packages/airflow/example_dags/example_branch_day_of_week_operator.py
[2024-02-14T23:42:03.875+0000] {logging_mixin.py:188} INFO - [2024-02-14T23:42:03.874+0000] {dag.py:3036} INFO - Sync 1 DAGs
[2024-02-14T23:42:03.897+0000] {logging_mixin.py:188} INFO - [2024-02-14T23:42:03.897+0000] {dag.py:3823} INFO - Setting next_dagrun for example_weekday_branch_operator to 2024-02-13 00:00:00+00:00, run_after=2024-02-14 00:00:00+00:00
[2024-02-14T23:42:03.920+0000] {processor.py:183} INFO - Processing /home/ubuntu/reddit_venv/lib/python3.10/site-packages/airflow/example_dags/example_branch_day_of_week_operator.py took 0.078 seconds
[2024-02-14T23:42:59.578+0000] {processor.py:161} INFO - Started process (PID=9675) to work on /home/ubuntu/reddit_venv/lib/python3.10/site-packages/airflow/example_dags/example_branch_day_of_week_operator.py
[2024-02-14T23:42:59.579+0000] {processor.py:830} INFO - Processing file /home/ubuntu/reddit_venv/lib/python3.10/site-packages/airflow/example_dags/example_branch_day_of_week_operator.py for tasks to queue
[2024-02-14T23:42:59.580+0000] {logging_mixin.py:188} INFO - [2024-02-14T23:42:59.580+0000] {dagbag.py:538} INFO - Filling up the DagBag from /home/ubuntu/reddit_venv/lib/python3.10/site-packages/airflow/example_dags/example_branch_day_of_week_operator.py
[2024-02-14T23:42:59.589+0000] {processor.py:840} INFO - DAG(s) 'example_weekday_branch_operator' retrieved from /home/ubuntu/reddit_venv/lib/python3.10/site-packages/airflow/example_dags/example_branch_day_of_week_operator.py
[2024-02-14T23:42:59.607+0000] {logging_mixin.py:188} INFO - [2024-02-14T23:42:59.607+0000] {dag.py:3036} INFO - Sync 1 DAGs
[2024-02-14T23:42:59.629+0000] {logging_mixin.py:188} INFO - [2024-02-14T23:42:59.629+0000] {dag.py:3823} INFO - Setting next_dagrun for example_weekday_branch_operator to 2024-02-13 00:00:00+00:00, run_after=2024-02-14 00:00:00+00:00
[2024-02-14T23:42:59.658+0000] {processor.py:183} INFO - Processing /home/ubuntu/reddit_venv/lib/python3.10/site-packages/airflow/example_dags/example_branch_day_of_week_operator.py took 0.083 seconds
[2024-02-14T23:43:59.224+0000] {processor.py:161} INFO - Started process (PID=9800) to work on /home/ubuntu/reddit_venv/lib/python3.10/site-packages/airflow/example_dags/example_branch_day_of_week_operator.py
[2024-02-14T23:43:59.228+0000] {processor.py:830} INFO - Processing file /home/ubuntu/reddit_venv/lib/python3.10/site-packages/airflow/example_dags/example_branch_day_of_week_operator.py for tasks to queue
[2024-02-14T23:43:59.229+0000] {logging_mixin.py:188} INFO - [2024-02-14T23:43:59.229+0000] {dagbag.py:538} INFO - Filling up the DagBag from /home/ubuntu/reddit_venv/lib/python3.10/site-packages/airflow/example_dags/example_branch_day_of_week_operator.py
[2024-02-14T23:43:59.238+0000] {processor.py:840} INFO - DAG(s) 'example_weekday_branch_operator' retrieved from /home/ubuntu/reddit_venv/lib/python3.10/site-packages/airflow/example_dags/example_branch_day_of_week_operator.py
[2024-02-14T23:43:59.255+0000] {logging_mixin.py:188} INFO - [2024-02-14T23:43:59.255+0000] {dag.py:3036} INFO - Sync 1 DAGs
[2024-02-14T23:43:59.277+0000] {logging_mixin.py:188} INFO - [2024-02-14T23:43:59.276+0000] {dag.py:3823} INFO - Setting next_dagrun for example_weekday_branch_operator to 2024-02-13 00:00:00+00:00, run_after=2024-02-14 00:00:00+00:00
[2024-02-14T23:43:59.300+0000] {processor.py:183} INFO - Processing /home/ubuntu/reddit_venv/lib/python3.10/site-packages/airflow/example_dags/example_branch_day_of_week_operator.py took 0.079 seconds
[2024-02-14T23:45:08.081+0000] {processor.py:161} INFO - Started process (PID=10250) to work on /home/ubuntu/reddit_venv/lib/python3.10/site-packages/airflow/example_dags/example_branch_day_of_week_operator.py
[2024-02-14T23:45:08.084+0000] {processor.py:830} INFO - Processing file /home/ubuntu/reddit_venv/lib/python3.10/site-packages/airflow/example_dags/example_branch_day_of_week_operator.py for tasks to queue
[2024-02-14T23:45:08.085+0000] {logging_mixin.py:188} INFO - [2024-02-14T23:45:08.085+0000] {dagbag.py:538} INFO - Filling up the DagBag from /home/ubuntu/reddit_venv/lib/python3.10/site-packages/airflow/example_dags/example_branch_day_of_week_operator.py
[2024-02-14T23:45:08.094+0000] {processor.py:840} INFO - DAG(s) 'example_weekday_branch_operator' retrieved from /home/ubuntu/reddit_venv/lib/python3.10/site-packages/airflow/example_dags/example_branch_day_of_week_operator.py
[2024-02-14T23:45:08.111+0000] {logging_mixin.py:188} INFO - [2024-02-14T23:45:08.111+0000] {dag.py:3036} INFO - Sync 1 DAGs
[2024-02-14T23:45:08.132+0000] {logging_mixin.py:188} INFO - [2024-02-14T23:45:08.132+0000] {dag.py:3823} INFO - Setting next_dagrun for example_weekday_branch_operator to 2024-02-13 00:00:00+00:00, run_after=2024-02-14 00:00:00+00:00
[2024-02-14T23:45:08.155+0000] {processor.py:183} INFO - Processing /home/ubuntu/reddit_venv/lib/python3.10/site-packages/airflow/example_dags/example_branch_day_of_week_operator.py took 0.077 seconds
[2024-02-14T23:46:02.128+0000] {processor.py:161} INFO - Started process (PID=10375) to work on /home/ubuntu/reddit_venv/lib/python3.10/site-packages/airflow/example_dags/example_branch_day_of_week_operator.py
[2024-02-14T23:46:02.130+0000] {processor.py:830} INFO - Processing file /home/ubuntu/reddit_venv/lib/python3.10/site-packages/airflow/example_dags/example_branch_day_of_week_operator.py for tasks to queue
[2024-02-14T23:46:02.131+0000] {logging_mixin.py:188} INFO - [2024-02-14T23:46:02.130+0000] {dagbag.py:538} INFO - Filling up the DagBag from /home/ubuntu/reddit_venv/lib/python3.10/site-packages/airflow/example_dags/example_branch_day_of_week_operator.py
[2024-02-14T23:46:02.140+0000] {processor.py:840} INFO - DAG(s) 'example_weekday_branch_operator' retrieved from /home/ubuntu/reddit_venv/lib/python3.10/site-packages/airflow/example_dags/example_branch_day_of_week_operator.py
[2024-02-14T23:46:02.157+0000] {logging_mixin.py:188} INFO - [2024-02-14T23:46:02.157+0000] {dag.py:3036} INFO - Sync 1 DAGs
[2024-02-14T23:46:02.178+0000] {logging_mixin.py:188} INFO - [2024-02-14T23:46:02.178+0000] {dag.py:3823} INFO - Setting next_dagrun for example_weekday_branch_operator to 2024-02-13 00:00:00+00:00, run_after=2024-02-14 00:00:00+00:00
[2024-02-14T23:46:02.209+0000] {processor.py:183} INFO - Processing /home/ubuntu/reddit_venv/lib/python3.10/site-packages/airflow/example_dags/example_branch_day_of_week_operator.py took 0.084 seconds
[2024-02-14T23:46:56.453+0000] {processor.py:161} INFO - Started process (PID=10496) to work on /home/ubuntu/reddit_venv/lib/python3.10/site-packages/airflow/example_dags/example_branch_day_of_week_operator.py
[2024-02-14T23:46:56.454+0000] {processor.py:830} INFO - Processing file /home/ubuntu/reddit_venv/lib/python3.10/site-packages/airflow/example_dags/example_branch_day_of_week_operator.py for tasks to queue
[2024-02-14T23:46:56.455+0000] {logging_mixin.py:188} INFO - [2024-02-14T23:46:56.455+0000] {dagbag.py:538} INFO - Filling up the DagBag from /home/ubuntu/reddit_venv/lib/python3.10/site-packages/airflow/example_dags/example_branch_day_of_week_operator.py
[2024-02-14T23:46:56.464+0000] {processor.py:840} INFO - DAG(s) 'example_weekday_branch_operator' retrieved from /home/ubuntu/reddit_venv/lib/python3.10/site-packages/airflow/example_dags/example_branch_day_of_week_operator.py
[2024-02-14T23:46:56.481+0000] {logging_mixin.py:188} INFO - [2024-02-14T23:46:56.481+0000] {dag.py:3036} INFO - Sync 1 DAGs
[2024-02-14T23:46:56.503+0000] {logging_mixin.py:188} INFO - [2024-02-14T23:46:56.503+0000] {dag.py:3823} INFO - Setting next_dagrun for example_weekday_branch_operator to 2024-02-13 00:00:00+00:00, run_after=2024-02-14 00:00:00+00:00
[2024-02-14T23:46:56.525+0000] {processor.py:183} INFO - Processing /home/ubuntu/reddit_venv/lib/python3.10/site-packages/airflow/example_dags/example_branch_day_of_week_operator.py took 0.075 seconds
[2024-02-14T23:47:54.673+0000] {processor.py:161} INFO - Started process (PID=10626) to work on /home/ubuntu/reddit_venv/lib/python3.10/site-packages/airflow/example_dags/example_branch_day_of_week_operator.py
[2024-02-14T23:47:54.674+0000] {processor.py:830} INFO - Processing file /home/ubuntu/reddit_venv/lib/python3.10/site-packages/airflow/example_dags/example_branch_day_of_week_operator.py for tasks to queue
[2024-02-14T23:47:54.675+0000] {logging_mixin.py:188} INFO - [2024-02-14T23:47:54.675+0000] {dagbag.py:538} INFO - Filling up the DagBag from /home/ubuntu/reddit_venv/lib/python3.10/site-packages/airflow/example_dags/example_branch_day_of_week_operator.py
[2024-02-14T23:47:54.683+0000] {processor.py:840} INFO - DAG(s) 'example_weekday_branch_operator' retrieved from /home/ubuntu/reddit_venv/lib/python3.10/site-packages/airflow/example_dags/example_branch_day_of_week_operator.py
[2024-02-14T23:47:54.700+0000] {logging_mixin.py:188} INFO - [2024-02-14T23:47:54.700+0000] {dag.py:3036} INFO - Sync 1 DAGs
[2024-02-14T23:47:54.721+0000] {logging_mixin.py:188} INFO - [2024-02-14T23:47:54.721+0000] {dag.py:3823} INFO - Setting next_dagrun for example_weekday_branch_operator to 2024-02-13 00:00:00+00:00, run_after=2024-02-14 00:00:00+00:00
[2024-02-14T23:47:54.744+0000] {processor.py:183} INFO - Processing /home/ubuntu/reddit_venv/lib/python3.10/site-packages/airflow/example_dags/example_branch_day_of_week_operator.py took 0.074 seconds
[2024-02-14T23:48:43.401+0000] {processor.py:161} INFO - Started process (PID=10741) to work on /home/ubuntu/reddit_venv/lib/python3.10/site-packages/airflow/example_dags/example_branch_day_of_week_operator.py
[2024-02-14T23:48:43.402+0000] {processor.py:830} INFO - Processing file /home/ubuntu/reddit_venv/lib/python3.10/site-packages/airflow/example_dags/example_branch_day_of_week_operator.py for tasks to queue
[2024-02-14T23:48:43.403+0000] {logging_mixin.py:188} INFO - [2024-02-14T23:48:43.403+0000] {dagbag.py:538} INFO - Filling up the DagBag from /home/ubuntu/reddit_venv/lib/python3.10/site-packages/airflow/example_dags/example_branch_day_of_week_operator.py
[2024-02-14T23:48:43.412+0000] {processor.py:840} INFO - DAG(s) 'example_weekday_branch_operator' retrieved from /home/ubuntu/reddit_venv/lib/python3.10/site-packages/airflow/example_dags/example_branch_day_of_week_operator.py
[2024-02-14T23:48:43.429+0000] {logging_mixin.py:188} INFO - [2024-02-14T23:48:43.429+0000] {dag.py:3036} INFO - Sync 1 DAGs
[2024-02-14T23:48:43.451+0000] {logging_mixin.py:188} INFO - [2024-02-14T23:48:43.451+0000] {dag.py:3823} INFO - Setting next_dagrun for example_weekday_branch_operator to 2024-02-13 00:00:00+00:00, run_after=2024-02-14 00:00:00+00:00
[2024-02-14T23:48:43.473+0000] {processor.py:183} INFO - Processing /home/ubuntu/reddit_venv/lib/python3.10/site-packages/airflow/example_dags/example_branch_day_of_week_operator.py took 0.075 seconds
[2024-02-14T23:49:35.755+0000] {processor.py:161} INFO - Started process (PID=10924) to work on /home/ubuntu/reddit_venv/lib/python3.10/site-packages/airflow/example_dags/example_branch_day_of_week_operator.py
[2024-02-14T23:49:35.756+0000] {processor.py:830} INFO - Processing file /home/ubuntu/reddit_venv/lib/python3.10/site-packages/airflow/example_dags/example_branch_day_of_week_operator.py for tasks to queue
[2024-02-14T23:49:35.757+0000] {logging_mixin.py:188} INFO - [2024-02-14T23:49:35.757+0000] {dagbag.py:538} INFO - Filling up the DagBag from /home/ubuntu/reddit_venv/lib/python3.10/site-packages/airflow/example_dags/example_branch_day_of_week_operator.py
[2024-02-14T23:49:35.765+0000] {processor.py:840} INFO - DAG(s) 'example_weekday_branch_operator' retrieved from /home/ubuntu/reddit_venv/lib/python3.10/site-packages/airflow/example_dags/example_branch_day_of_week_operator.py
[2024-02-14T23:49:35.782+0000] {logging_mixin.py:188} INFO - [2024-02-14T23:49:35.782+0000] {dag.py:3036} INFO - Sync 1 DAGs
[2024-02-14T23:49:35.803+0000] {logging_mixin.py:188} INFO - [2024-02-14T23:49:35.803+0000] {dag.py:3823} INFO - Setting next_dagrun for example_weekday_branch_operator to 2024-02-13 00:00:00+00:00, run_after=2024-02-14 00:00:00+00:00
[2024-02-14T23:49:35.829+0000] {processor.py:183} INFO - Processing /home/ubuntu/reddit_venv/lib/python3.10/site-packages/airflow/example_dags/example_branch_day_of_week_operator.py took 0.078 seconds
[2024-02-14T23:50:32.168+0000] {processor.py:161} INFO - Started process (PID=11050) to work on /home/ubuntu/reddit_venv/lib/python3.10/site-packages/airflow/example_dags/example_branch_day_of_week_operator.py
[2024-02-14T23:50:32.169+0000] {processor.py:830} INFO - Processing file /home/ubuntu/reddit_venv/lib/python3.10/site-packages/airflow/example_dags/example_branch_day_of_week_operator.py for tasks to queue
[2024-02-14T23:50:32.170+0000] {logging_mixin.py:188} INFO - [2024-02-14T23:50:32.170+0000] {dagbag.py:538} INFO - Filling up the DagBag from /home/ubuntu/reddit_venv/lib/python3.10/site-packages/airflow/example_dags/example_branch_day_of_week_operator.py
[2024-02-14T23:50:32.179+0000] {processor.py:840} INFO - DAG(s) 'example_weekday_branch_operator' retrieved from /home/ubuntu/reddit_venv/lib/python3.10/site-packages/airflow/example_dags/example_branch_day_of_week_operator.py
[2024-02-14T23:50:32.195+0000] {logging_mixin.py:188} INFO - [2024-02-14T23:50:32.195+0000] {dag.py:3036} INFO - Sync 1 DAGs
[2024-02-14T23:50:32.216+0000] {logging_mixin.py:188} INFO - [2024-02-14T23:50:32.216+0000] {dag.py:3823} INFO - Setting next_dagrun for example_weekday_branch_operator to 2024-02-13 00:00:00+00:00, run_after=2024-02-14 00:00:00+00:00
[2024-02-14T23:50:32.238+0000] {processor.py:183} INFO - Processing /home/ubuntu/reddit_venv/lib/python3.10/site-packages/airflow/example_dags/example_branch_day_of_week_operator.py took 0.073 seconds
[2024-02-14T23:51:30.673+0000] {processor.py:161} INFO - Started process (PID=11175) to work on /home/ubuntu/reddit_venv/lib/python3.10/site-packages/airflow/example_dags/example_branch_day_of_week_operator.py
[2024-02-14T23:51:30.675+0000] {processor.py:830} INFO - Processing file /home/ubuntu/reddit_venv/lib/python3.10/site-packages/airflow/example_dags/example_branch_day_of_week_operator.py for tasks to queue
[2024-02-14T23:51:30.676+0000] {logging_mixin.py:188} INFO - [2024-02-14T23:51:30.676+0000] {dagbag.py:538} INFO - Filling up the DagBag from /home/ubuntu/reddit_venv/lib/python3.10/site-packages/airflow/example_dags/example_branch_day_of_week_operator.py
[2024-02-14T23:51:30.684+0000] {processor.py:840} INFO - DAG(s) 'example_weekday_branch_operator' retrieved from /home/ubuntu/reddit_venv/lib/python3.10/site-packages/airflow/example_dags/example_branch_day_of_week_operator.py
[2024-02-14T23:51:30.702+0000] {logging_mixin.py:188} INFO - [2024-02-14T23:51:30.702+0000] {dag.py:3036} INFO - Sync 1 DAGs
[2024-02-14T23:51:30.724+0000] {logging_mixin.py:188} INFO - [2024-02-14T23:51:30.724+0000] {dag.py:3823} INFO - Setting next_dagrun for example_weekday_branch_operator to 2024-02-13 00:00:00+00:00, run_after=2024-02-14 00:00:00+00:00
[2024-02-14T23:51:30.746+0000] {processor.py:183} INFO - Processing /home/ubuntu/reddit_venv/lib/python3.10/site-packages/airflow/example_dags/example_branch_day_of_week_operator.py took 0.076 seconds
[2024-02-14T23:52:30.375+0000] {processor.py:161} INFO - Started process (PID=11302) to work on /home/ubuntu/reddit_venv/lib/python3.10/site-packages/airflow/example_dags/example_branch_day_of_week_operator.py
[2024-02-14T23:52:30.377+0000] {processor.py:830} INFO - Processing file /home/ubuntu/reddit_venv/lib/python3.10/site-packages/airflow/example_dags/example_branch_day_of_week_operator.py for tasks to queue
[2024-02-14T23:52:30.378+0000] {logging_mixin.py:188} INFO - [2024-02-14T23:52:30.377+0000] {dagbag.py:538} INFO - Filling up the DagBag from /home/ubuntu/reddit_venv/lib/python3.10/site-packages/airflow/example_dags/example_branch_day_of_week_operator.py
[2024-02-14T23:52:30.386+0000] {processor.py:840} INFO - DAG(s) 'example_weekday_branch_operator' retrieved from /home/ubuntu/reddit_venv/lib/python3.10/site-packages/airflow/example_dags/example_branch_day_of_week_operator.py
[2024-02-14T23:52:30.403+0000] {logging_mixin.py:188} INFO - [2024-02-14T23:52:30.403+0000] {dag.py:3036} INFO - Sync 1 DAGs
[2024-02-14T23:52:30.425+0000] {logging_mixin.py:188} INFO - [2024-02-14T23:52:30.425+0000] {dag.py:3823} INFO - Setting next_dagrun for example_weekday_branch_operator to 2024-02-13 00:00:00+00:00, run_after=2024-02-14 00:00:00+00:00
[2024-02-14T23:52:30.447+0000] {processor.py:183} INFO - Processing /home/ubuntu/reddit_venv/lib/python3.10/site-packages/airflow/example_dags/example_branch_day_of_week_operator.py took 0.075 seconds
[2024-02-14T23:53:32.610+0000] {processor.py:161} INFO - Started process (PID=11432) to work on /home/ubuntu/reddit_venv/lib/python3.10/site-packages/airflow/example_dags/example_branch_day_of_week_operator.py
[2024-02-14T23:53:32.612+0000] {processor.py:830} INFO - Processing file /home/ubuntu/reddit_venv/lib/python3.10/site-packages/airflow/example_dags/example_branch_day_of_week_operator.py for tasks to queue
[2024-02-14T23:53:32.612+0000] {logging_mixin.py:188} INFO - [2024-02-14T23:53:32.612+0000] {dagbag.py:538} INFO - Filling up the DagBag from /home/ubuntu/reddit_venv/lib/python3.10/site-packages/airflow/example_dags/example_branch_day_of_week_operator.py
[2024-02-14T23:53:32.621+0000] {processor.py:840} INFO - DAG(s) 'example_weekday_branch_operator' retrieved from /home/ubuntu/reddit_venv/lib/python3.10/site-packages/airflow/example_dags/example_branch_day_of_week_operator.py
[2024-02-14T23:53:32.639+0000] {logging_mixin.py:188} INFO - [2024-02-14T23:53:32.639+0000] {dag.py:3036} INFO - Sync 1 DAGs
[2024-02-14T23:53:32.662+0000] {logging_mixin.py:188} INFO - [2024-02-14T23:53:32.661+0000] {dag.py:3823} INFO - Setting next_dagrun for example_weekday_branch_operator to 2024-02-13 00:00:00+00:00, run_after=2024-02-14 00:00:00+00:00
[2024-02-14T23:53:32.685+0000] {processor.py:183} INFO - Processing /home/ubuntu/reddit_venv/lib/python3.10/site-packages/airflow/example_dags/example_branch_day_of_week_operator.py took 0.078 seconds
[2024-02-14T23:54:36.383+0000] {processor.py:161} INFO - Started process (PID=11624) to work on /home/ubuntu/reddit_venv/lib/python3.10/site-packages/airflow/example_dags/example_branch_day_of_week_operator.py
[2024-02-14T23:54:36.385+0000] {processor.py:830} INFO - Processing file /home/ubuntu/reddit_venv/lib/python3.10/site-packages/airflow/example_dags/example_branch_day_of_week_operator.py for tasks to queue
[2024-02-14T23:54:36.386+0000] {logging_mixin.py:188} INFO - [2024-02-14T23:54:36.385+0000] {dagbag.py:538} INFO - Filling up the DagBag from /home/ubuntu/reddit_venv/lib/python3.10/site-packages/airflow/example_dags/example_branch_day_of_week_operator.py
[2024-02-14T23:54:36.394+0000] {processor.py:840} INFO - DAG(s) 'example_weekday_branch_operator' retrieved from /home/ubuntu/reddit_venv/lib/python3.10/site-packages/airflow/example_dags/example_branch_day_of_week_operator.py
[2024-02-14T23:54:36.411+0000] {logging_mixin.py:188} INFO - [2024-02-14T23:54:36.411+0000] {dag.py:3036} INFO - Sync 1 DAGs
[2024-02-14T23:54:36.432+0000] {logging_mixin.py:188} INFO - [2024-02-14T23:54:36.432+0000] {dag.py:3823} INFO - Setting next_dagrun for example_weekday_branch_operator to 2024-02-13 00:00:00+00:00, run_after=2024-02-14 00:00:00+00:00
[2024-02-14T23:54:36.454+0000] {processor.py:183} INFO - Processing /home/ubuntu/reddit_venv/lib/python3.10/site-packages/airflow/example_dags/example_branch_day_of_week_operator.py took 0.074 seconds
[2024-02-14T23:55:35.276+0000] {processor.py:161} INFO - Started process (PID=11752) to work on /home/ubuntu/reddit_venv/lib/python3.10/site-packages/airflow/example_dags/example_branch_day_of_week_operator.py
[2024-02-14T23:55:35.278+0000] {processor.py:830} INFO - Processing file /home/ubuntu/reddit_venv/lib/python3.10/site-packages/airflow/example_dags/example_branch_day_of_week_operator.py for tasks to queue
[2024-02-14T23:55:35.279+0000] {logging_mixin.py:188} INFO - [2024-02-14T23:55:35.279+0000] {dagbag.py:538} INFO - Filling up the DagBag from /home/ubuntu/reddit_venv/lib/python3.10/site-packages/airflow/example_dags/example_branch_day_of_week_operator.py
[2024-02-14T23:55:35.288+0000] {processor.py:840} INFO - DAG(s) 'example_weekday_branch_operator' retrieved from /home/ubuntu/reddit_venv/lib/python3.10/site-packages/airflow/example_dags/example_branch_day_of_week_operator.py
[2024-02-14T23:55:35.305+0000] {logging_mixin.py:188} INFO - [2024-02-14T23:55:35.305+0000] {dag.py:3036} INFO - Sync 1 DAGs
[2024-02-14T23:55:35.328+0000] {logging_mixin.py:188} INFO - [2024-02-14T23:55:35.327+0000] {dag.py:3823} INFO - Setting next_dagrun for example_weekday_branch_operator to 2024-02-13 00:00:00+00:00, run_after=2024-02-14 00:00:00+00:00
[2024-02-14T23:55:35.351+0000] {processor.py:183} INFO - Processing /home/ubuntu/reddit_venv/lib/python3.10/site-packages/airflow/example_dags/example_branch_day_of_week_operator.py took 0.078 seconds
[2024-02-14T23:56:33.709+0000] {processor.py:161} INFO - Started process (PID=11936) to work on /home/ubuntu/reddit_venv/lib/python3.10/site-packages/airflow/example_dags/example_branch_day_of_week_operator.py
[2024-02-14T23:56:33.711+0000] {processor.py:830} INFO - Processing file /home/ubuntu/reddit_venv/lib/python3.10/site-packages/airflow/example_dags/example_branch_day_of_week_operator.py for tasks to queue
[2024-02-14T23:56:33.712+0000] {logging_mixin.py:188} INFO - [2024-02-14T23:56:33.712+0000] {dagbag.py:538} INFO - Filling up the DagBag from /home/ubuntu/reddit_venv/lib/python3.10/site-packages/airflow/example_dags/example_branch_day_of_week_operator.py
[2024-02-14T23:56:33.723+0000] {processor.py:840} INFO - DAG(s) 'example_weekday_branch_operator' retrieved from /home/ubuntu/reddit_venv/lib/python3.10/site-packages/airflow/example_dags/example_branch_day_of_week_operator.py
[2024-02-14T23:56:33.752+0000] {logging_mixin.py:188} INFO - [2024-02-14T23:56:33.751+0000] {dag.py:3036} INFO - Sync 1 DAGs
[2024-02-14T23:56:33.783+0000] {logging_mixin.py:188} INFO - [2024-02-14T23:56:33.782+0000] {dag.py:3823} INFO - Setting next_dagrun for example_weekday_branch_operator to 2024-02-13 00:00:00+00:00, run_after=2024-02-14 00:00:00+00:00
[2024-02-14T23:56:33.827+0000] {processor.py:183} INFO - Processing /home/ubuntu/reddit_venv/lib/python3.10/site-packages/airflow/example_dags/example_branch_day_of_week_operator.py took 0.124 seconds
[2024-02-14T23:57:30.806+0000] {processor.py:161} INFO - Started process (PID=14654) to work on /home/ubuntu/reddit_venv/lib/python3.10/site-packages/airflow/example_dags/example_branch_day_of_week_operator.py
[2024-02-14T23:57:30.807+0000] {processor.py:830} INFO - Processing file /home/ubuntu/reddit_venv/lib/python3.10/site-packages/airflow/example_dags/example_branch_day_of_week_operator.py for tasks to queue
[2024-02-14T23:57:30.808+0000] {logging_mixin.py:188} INFO - [2024-02-14T23:57:30.808+0000] {dagbag.py:538} INFO - Filling up the DagBag from /home/ubuntu/reddit_venv/lib/python3.10/site-packages/airflow/example_dags/example_branch_day_of_week_operator.py
[2024-02-14T23:57:30.816+0000] {processor.py:840} INFO - DAG(s) 'example_weekday_branch_operator' retrieved from /home/ubuntu/reddit_venv/lib/python3.10/site-packages/airflow/example_dags/example_branch_day_of_week_operator.py
[2024-02-14T23:57:30.834+0000] {logging_mixin.py:188} INFO - [2024-02-14T23:57:30.833+0000] {dag.py:3036} INFO - Sync 1 DAGs
[2024-02-14T23:57:30.854+0000] {logging_mixin.py:188} INFO - [2024-02-14T23:57:30.854+0000] {dag.py:3823} INFO - Setting next_dagrun for example_weekday_branch_operator to 2024-02-13 00:00:00+00:00, run_after=2024-02-14 00:00:00+00:00
[2024-02-14T23:57:30.906+0000] {processor.py:183} INFO - Processing /home/ubuntu/reddit_venv/lib/python3.10/site-packages/airflow/example_dags/example_branch_day_of_week_operator.py took 0.104 seconds
[2024-02-14T23:58:33.445+0000] {processor.py:161} INFO - Started process (PID=22034) to work on /home/ubuntu/reddit_venv/lib/python3.10/site-packages/airflow/example_dags/example_branch_day_of_week_operator.py
[2024-02-14T23:58:33.448+0000] {processor.py:830} INFO - Processing file /home/ubuntu/reddit_venv/lib/python3.10/site-packages/airflow/example_dags/example_branch_day_of_week_operator.py for tasks to queue
[2024-02-14T23:58:33.449+0000] {logging_mixin.py:188} INFO - [2024-02-14T23:58:33.449+0000] {dagbag.py:538} INFO - Filling up the DagBag from /home/ubuntu/reddit_venv/lib/python3.10/site-packages/airflow/example_dags/example_branch_day_of_week_operator.py
[2024-02-14T23:58:33.458+0000] {processor.py:840} INFO - DAG(s) 'example_weekday_branch_operator' retrieved from /home/ubuntu/reddit_venv/lib/python3.10/site-packages/airflow/example_dags/example_branch_day_of_week_operator.py
[2024-02-14T23:58:33.475+0000] {logging_mixin.py:188} INFO - [2024-02-14T23:58:33.475+0000] {dag.py:3036} INFO - Sync 1 DAGs
[2024-02-14T23:58:33.496+0000] {logging_mixin.py:188} INFO - [2024-02-14T23:58:33.496+0000] {dag.py:3823} INFO - Setting next_dagrun for example_weekday_branch_operator to 2024-02-13 00:00:00+00:00, run_after=2024-02-14 00:00:00+00:00
[2024-02-14T23:58:33.519+0000] {processor.py:183} INFO - Processing /home/ubuntu/reddit_venv/lib/python3.10/site-packages/airflow/example_dags/example_branch_day_of_week_operator.py took 0.076 seconds
[2024-02-14T23:59:35.715+0000] {processor.py:161} INFO - Started process (PID=22581) to work on /home/ubuntu/reddit_venv/lib/python3.10/site-packages/airflow/example_dags/example_branch_day_of_week_operator.py
[2024-02-14T23:59:35.716+0000] {processor.py:830} INFO - Processing file /home/ubuntu/reddit_venv/lib/python3.10/site-packages/airflow/example_dags/example_branch_day_of_week_operator.py for tasks to queue
[2024-02-14T23:59:35.717+0000] {logging_mixin.py:188} INFO - [2024-02-14T23:59:35.717+0000] {dagbag.py:538} INFO - Filling up the DagBag from /home/ubuntu/reddit_venv/lib/python3.10/site-packages/airflow/example_dags/example_branch_day_of_week_operator.py
[2024-02-14T23:59:35.726+0000] {processor.py:840} INFO - DAG(s) 'example_weekday_branch_operator' retrieved from /home/ubuntu/reddit_venv/lib/python3.10/site-packages/airflow/example_dags/example_branch_day_of_week_operator.py
[2024-02-14T23:59:35.743+0000] {logging_mixin.py:188} INFO - [2024-02-14T23:59:35.743+0000] {dag.py:3036} INFO - Sync 1 DAGs
[2024-02-14T23:59:35.765+0000] {logging_mixin.py:188} INFO - [2024-02-14T23:59:35.764+0000] {dag.py:3823} INFO - Setting next_dagrun for example_weekday_branch_operator to 2024-02-13 00:00:00+00:00, run_after=2024-02-14 00:00:00+00:00
[2024-02-14T23:59:35.786+0000] {processor.py:183} INFO - Processing /home/ubuntu/reddit_venv/lib/python3.10/site-packages/airflow/example_dags/example_branch_day_of_week_operator.py took 0.075 seconds
