[2024-02-14T23:09:47.834+0000] {processor.py:161} INFO - Started process (PID=1647) to work on /home/ubuntu/reddit_venv/lib/python3.10/site-packages/airflow/example_dags/example_local_kubernetes_executor.py
[2024-02-14T23:09:47.835+0000] {processor.py:830} INFO - Processing file /home/ubuntu/reddit_venv/lib/python3.10/site-packages/airflow/example_dags/example_local_kubernetes_executor.py for tasks to queue
[2024-02-14T23:09:47.836+0000] {logging_mixin.py:188} INFO - [2024-02-14T23:09:47.836+0000] {dagbag.py:538} INFO - Filling up the DagBag from /home/ubuntu/reddit_venv/lib/python3.10/site-packages/airflow/example_dags/example_local_kubernetes_executor.py
[2024-02-14T23:09:47.840+0000] {logging_mixin.py:188} INFO - [2024-02-14T23:09:47.839+0000] {example_local_kubernetes_executor.py:39} WARNING - Could not import DAGs in example_local_kubernetes_executor.py
Traceback (most recent call last):
  File "/home/ubuntu/reddit_venv/lib/python3.10/site-packages/airflow/example_dags/example_local_kubernetes_executor.py", line 37, in <module>
    from kubernetes.client import models as k8s
ModuleNotFoundError: No module named 'kubernetes'
[2024-02-14T23:09:47.840+0000] {logging_mixin.py:188} INFO - [2024-02-14T23:09:47.840+0000] {example_local_kubernetes_executor.py:40} WARNING - Install Kubernetes dependencies with: pip install apache-airflow[cncf.kubernetes]
[2024-02-14T23:09:47.840+0000] {processor.py:842} WARNING - No viable dags retrieved from /home/ubuntu/reddit_venv/lib/python3.10/site-packages/airflow/example_dags/example_local_kubernetes_executor.py
[2024-02-14T23:09:47.851+0000] {processor.py:183} INFO - Processing /home/ubuntu/reddit_venv/lib/python3.10/site-packages/airflow/example_dags/example_local_kubernetes_executor.py took 0.020 seconds
[2024-02-14T23:10:38.923+0000] {processor.py:161} INFO - Started process (PID=1762) to work on /home/ubuntu/reddit_venv/lib/python3.10/site-packages/airflow/example_dags/example_local_kubernetes_executor.py
[2024-02-14T23:10:38.924+0000] {processor.py:830} INFO - Processing file /home/ubuntu/reddit_venv/lib/python3.10/site-packages/airflow/example_dags/example_local_kubernetes_executor.py for tasks to queue
[2024-02-14T23:10:38.925+0000] {logging_mixin.py:188} INFO - [2024-02-14T23:10:38.925+0000] {dagbag.py:538} INFO - Filling up the DagBag from /home/ubuntu/reddit_venv/lib/python3.10/site-packages/airflow/example_dags/example_local_kubernetes_executor.py
[2024-02-14T23:10:38.928+0000] {logging_mixin.py:188} INFO - [2024-02-14T23:10:38.928+0000] {example_local_kubernetes_executor.py:39} WARNING - Could not import DAGs in example_local_kubernetes_executor.py
Traceback (most recent call last):
  File "/home/ubuntu/reddit_venv/lib/python3.10/site-packages/airflow/example_dags/example_local_kubernetes_executor.py", line 37, in <module>
    from kubernetes.client import models as k8s
ModuleNotFoundError: No module named 'kubernetes'
[2024-02-14T23:10:38.929+0000] {logging_mixin.py:188} INFO - [2024-02-14T23:10:38.929+0000] {example_local_kubernetes_executor.py:40} WARNING - Install Kubernetes dependencies with: pip install apache-airflow[cncf.kubernetes]
[2024-02-14T23:10:38.929+0000] {processor.py:842} WARNING - No viable dags retrieved from /home/ubuntu/reddit_venv/lib/python3.10/site-packages/airflow/example_dags/example_local_kubernetes_executor.py
[2024-02-14T23:10:38.939+0000] {processor.py:183} INFO - Processing /home/ubuntu/reddit_venv/lib/python3.10/site-packages/airflow/example_dags/example_local_kubernetes_executor.py took 0.019 seconds
[2024-02-14T23:11:27.423+0000] {processor.py:161} INFO - Started process (PID=1877) to work on /home/ubuntu/reddit_venv/lib/python3.10/site-packages/airflow/example_dags/example_local_kubernetes_executor.py
[2024-02-14T23:11:27.424+0000] {processor.py:830} INFO - Processing file /home/ubuntu/reddit_venv/lib/python3.10/site-packages/airflow/example_dags/example_local_kubernetes_executor.py for tasks to queue
[2024-02-14T23:11:27.425+0000] {logging_mixin.py:188} INFO - [2024-02-14T23:11:27.425+0000] {dagbag.py:538} INFO - Filling up the DagBag from /home/ubuntu/reddit_venv/lib/python3.10/site-packages/airflow/example_dags/example_local_kubernetes_executor.py
[2024-02-14T23:11:27.428+0000] {logging_mixin.py:188} INFO - [2024-02-14T23:11:27.428+0000] {example_local_kubernetes_executor.py:39} WARNING - Could not import DAGs in example_local_kubernetes_executor.py
Traceback (most recent call last):
  File "/home/ubuntu/reddit_venv/lib/python3.10/site-packages/airflow/example_dags/example_local_kubernetes_executor.py", line 37, in <module>
    from kubernetes.client import models as k8s
ModuleNotFoundError: No module named 'kubernetes'
[2024-02-14T23:11:27.429+0000] {logging_mixin.py:188} INFO - [2024-02-14T23:11:27.429+0000] {example_local_kubernetes_executor.py:40} WARNING - Install Kubernetes dependencies with: pip install apache-airflow[cncf.kubernetes]
[2024-02-14T23:11:27.429+0000] {processor.py:842} WARNING - No viable dags retrieved from /home/ubuntu/reddit_venv/lib/python3.10/site-packages/airflow/example_dags/example_local_kubernetes_executor.py
[2024-02-14T23:11:27.439+0000] {processor.py:183} INFO - Processing /home/ubuntu/reddit_venv/lib/python3.10/site-packages/airflow/example_dags/example_local_kubernetes_executor.py took 0.019 seconds
[2024-02-14T23:12:25.916+0000] {processor.py:161} INFO - Started process (PID=1969) to work on /home/ubuntu/reddit_venv/lib/python3.10/site-packages/airflow/example_dags/example_local_kubernetes_executor.py
[2024-02-14T23:12:25.918+0000] {processor.py:830} INFO - Processing file /home/ubuntu/reddit_venv/lib/python3.10/site-packages/airflow/example_dags/example_local_kubernetes_executor.py for tasks to queue
[2024-02-14T23:12:25.919+0000] {logging_mixin.py:188} INFO - [2024-02-14T23:12:25.919+0000] {dagbag.py:538} INFO - Filling up the DagBag from /home/ubuntu/reddit_venv/lib/python3.10/site-packages/airflow/example_dags/example_local_kubernetes_executor.py
[2024-02-14T23:12:25.922+0000] {logging_mixin.py:188} INFO - [2024-02-14T23:12:25.922+0000] {example_local_kubernetes_executor.py:39} WARNING - Could not import DAGs in example_local_kubernetes_executor.py
Traceback (most recent call last):
  File "/home/ubuntu/reddit_venv/lib/python3.10/site-packages/airflow/example_dags/example_local_kubernetes_executor.py", line 37, in <module>
    from kubernetes.client import models as k8s
ModuleNotFoundError: No module named 'kubernetes'
[2024-02-14T23:12:25.923+0000] {logging_mixin.py:188} INFO - [2024-02-14T23:12:25.923+0000] {example_local_kubernetes_executor.py:40} WARNING - Install Kubernetes dependencies with: pip install apache-airflow[cncf.kubernetes]
[2024-02-14T23:12:25.923+0000] {processor.py:842} WARNING - No viable dags retrieved from /home/ubuntu/reddit_venv/lib/python3.10/site-packages/airflow/example_dags/example_local_kubernetes_executor.py
[2024-02-14T23:12:25.933+0000] {processor.py:183} INFO - Processing /home/ubuntu/reddit_venv/lib/python3.10/site-packages/airflow/example_dags/example_local_kubernetes_executor.py took 0.020 seconds
[2024-02-14T23:13:24.166+0000] {processor.py:161} INFO - Started process (PID=2381) to work on /home/ubuntu/reddit_venv/lib/python3.10/site-packages/airflow/example_dags/example_local_kubernetes_executor.py
[2024-02-14T23:13:24.168+0000] {processor.py:830} INFO - Processing file /home/ubuntu/reddit_venv/lib/python3.10/site-packages/airflow/example_dags/example_local_kubernetes_executor.py for tasks to queue
[2024-02-14T23:13:24.169+0000] {logging_mixin.py:188} INFO - [2024-02-14T23:13:24.169+0000] {dagbag.py:538} INFO - Filling up the DagBag from /home/ubuntu/reddit_venv/lib/python3.10/site-packages/airflow/example_dags/example_local_kubernetes_executor.py
[2024-02-14T23:13:24.173+0000] {logging_mixin.py:188} INFO - [2024-02-14T23:13:24.172+0000] {example_local_kubernetes_executor.py:39} WARNING - Could not import DAGs in example_local_kubernetes_executor.py
Traceback (most recent call last):
  File "/home/ubuntu/reddit_venv/lib/python3.10/site-packages/airflow/example_dags/example_local_kubernetes_executor.py", line 37, in <module>
    from kubernetes.client import models as k8s
ModuleNotFoundError: No module named 'kubernetes'
[2024-02-14T23:13:24.173+0000] {logging_mixin.py:188} INFO - [2024-02-14T23:13:24.173+0000] {example_local_kubernetes_executor.py:40} WARNING - Install Kubernetes dependencies with: pip install apache-airflow[cncf.kubernetes]
[2024-02-14T23:13:24.173+0000] {processor.py:842} WARNING - No viable dags retrieved from /home/ubuntu/reddit_venv/lib/python3.10/site-packages/airflow/example_dags/example_local_kubernetes_executor.py
[2024-02-14T23:13:24.183+0000] {processor.py:183} INFO - Processing /home/ubuntu/reddit_venv/lib/python3.10/site-packages/airflow/example_dags/example_local_kubernetes_executor.py took 0.020 seconds
[2024-02-14T23:14:24.692+0000] {processor.py:161} INFO - Started process (PID=2569) to work on /home/ubuntu/reddit_venv/lib/python3.10/site-packages/airflow/example_dags/example_local_kubernetes_executor.py
[2024-02-14T23:14:24.693+0000] {processor.py:830} INFO - Processing file /home/ubuntu/reddit_venv/lib/python3.10/site-packages/airflow/example_dags/example_local_kubernetes_executor.py for tasks to queue
[2024-02-14T23:14:24.694+0000] {logging_mixin.py:188} INFO - [2024-02-14T23:14:24.694+0000] {dagbag.py:538} INFO - Filling up the DagBag from /home/ubuntu/reddit_venv/lib/python3.10/site-packages/airflow/example_dags/example_local_kubernetes_executor.py
[2024-02-14T23:14:24.698+0000] {logging_mixin.py:188} INFO - [2024-02-14T23:14:24.697+0000] {example_local_kubernetes_executor.py:39} WARNING - Could not import DAGs in example_local_kubernetes_executor.py
Traceback (most recent call last):
  File "/home/ubuntu/reddit_venv/lib/python3.10/site-packages/airflow/example_dags/example_local_kubernetes_executor.py", line 37, in <module>
    from kubernetes.client import models as k8s
ModuleNotFoundError: No module named 'kubernetes'
[2024-02-14T23:14:24.698+0000] {logging_mixin.py:188} INFO - [2024-02-14T23:14:24.698+0000] {example_local_kubernetes_executor.py:40} WARNING - Install Kubernetes dependencies with: pip install apache-airflow[cncf.kubernetes]
[2024-02-14T23:14:24.698+0000] {processor.py:842} WARNING - No viable dags retrieved from /home/ubuntu/reddit_venv/lib/python3.10/site-packages/airflow/example_dags/example_local_kubernetes_executor.py
[2024-02-14T23:14:24.708+0000] {processor.py:183} INFO - Processing /home/ubuntu/reddit_venv/lib/python3.10/site-packages/airflow/example_dags/example_local_kubernetes_executor.py took 0.020 seconds
[2024-02-14T23:15:07.563+0000] {processor.py:161} INFO - Started process (PID=2917) to work on /home/ubuntu/reddit_venv/lib/python3.10/site-packages/airflow/example_dags/example_local_kubernetes_executor.py
[2024-02-14T23:15:07.565+0000] {processor.py:830} INFO - Processing file /home/ubuntu/reddit_venv/lib/python3.10/site-packages/airflow/example_dags/example_local_kubernetes_executor.py for tasks to queue
[2024-02-14T23:15:07.566+0000] {logging_mixin.py:188} INFO - [2024-02-14T23:15:07.565+0000] {dagbag.py:538} INFO - Filling up the DagBag from /home/ubuntu/reddit_venv/lib/python3.10/site-packages/airflow/example_dags/example_local_kubernetes_executor.py
[2024-02-14T23:15:07.569+0000] {logging_mixin.py:188} INFO - [2024-02-14T23:15:07.569+0000] {example_local_kubernetes_executor.py:39} WARNING - Could not import DAGs in example_local_kubernetes_executor.py
Traceback (most recent call last):
  File "/home/ubuntu/reddit_venv/lib/python3.10/site-packages/airflow/example_dags/example_local_kubernetes_executor.py", line 37, in <module>
    from kubernetes.client import models as k8s
ModuleNotFoundError: No module named 'kubernetes'
[2024-02-14T23:15:07.570+0000] {logging_mixin.py:188} INFO - [2024-02-14T23:15:07.570+0000] {example_local_kubernetes_executor.py:40} WARNING - Install Kubernetes dependencies with: pip install apache-airflow[cncf.kubernetes]
[2024-02-14T23:15:07.570+0000] {processor.py:842} WARNING - No viable dags retrieved from /home/ubuntu/reddit_venv/lib/python3.10/site-packages/airflow/example_dags/example_local_kubernetes_executor.py
[2024-02-14T23:15:07.580+0000] {processor.py:183} INFO - Processing /home/ubuntu/reddit_venv/lib/python3.10/site-packages/airflow/example_dags/example_local_kubernetes_executor.py took 0.020 seconds
[2024-02-14T23:16:08.036+0000] {processor.py:161} INFO - Started process (PID=3168) to work on /home/ubuntu/reddit_venv/lib/python3.10/site-packages/airflow/example_dags/example_local_kubernetes_executor.py
[2024-02-14T23:16:08.037+0000] {processor.py:830} INFO - Processing file /home/ubuntu/reddit_venv/lib/python3.10/site-packages/airflow/example_dags/example_local_kubernetes_executor.py for tasks to queue
[2024-02-14T23:16:08.038+0000] {logging_mixin.py:188} INFO - [2024-02-14T23:16:08.038+0000] {dagbag.py:538} INFO - Filling up the DagBag from /home/ubuntu/reddit_venv/lib/python3.10/site-packages/airflow/example_dags/example_local_kubernetes_executor.py
[2024-02-14T23:16:08.042+0000] {logging_mixin.py:188} INFO - [2024-02-14T23:16:08.041+0000] {example_local_kubernetes_executor.py:39} WARNING - Could not import DAGs in example_local_kubernetes_executor.py
Traceback (most recent call last):
  File "/home/ubuntu/reddit_venv/lib/python3.10/site-packages/airflow/example_dags/example_local_kubernetes_executor.py", line 37, in <module>
    from kubernetes.client import models as k8s
ModuleNotFoundError: No module named 'kubernetes'
[2024-02-14T23:16:08.042+0000] {logging_mixin.py:188} INFO - [2024-02-14T23:16:08.042+0000] {example_local_kubernetes_executor.py:40} WARNING - Install Kubernetes dependencies with: pip install apache-airflow[cncf.kubernetes]
[2024-02-14T23:16:08.042+0000] {processor.py:842} WARNING - No viable dags retrieved from /home/ubuntu/reddit_venv/lib/python3.10/site-packages/airflow/example_dags/example_local_kubernetes_executor.py
[2024-02-14T23:16:08.053+0000] {processor.py:183} INFO - Processing /home/ubuntu/reddit_venv/lib/python3.10/site-packages/airflow/example_dags/example_local_kubernetes_executor.py took 0.020 seconds
[2024-02-14T23:16:56.032+0000] {processor.py:161} INFO - Started process (PID=3647) to work on /home/ubuntu/reddit_venv/lib/python3.10/site-packages/airflow/example_dags/example_local_kubernetes_executor.py
[2024-02-14T23:16:56.034+0000] {processor.py:830} INFO - Processing file /home/ubuntu/reddit_venv/lib/python3.10/site-packages/airflow/example_dags/example_local_kubernetes_executor.py for tasks to queue
[2024-02-14T23:16:56.034+0000] {logging_mixin.py:188} INFO - [2024-02-14T23:16:56.034+0000] {dagbag.py:538} INFO - Filling up the DagBag from /home/ubuntu/reddit_venv/lib/python3.10/site-packages/airflow/example_dags/example_local_kubernetes_executor.py
[2024-02-14T23:16:56.038+0000] {logging_mixin.py:188} INFO - [2024-02-14T23:16:56.037+0000] {example_local_kubernetes_executor.py:39} WARNING - Could not import DAGs in example_local_kubernetes_executor.py
Traceback (most recent call last):
  File "/home/ubuntu/reddit_venv/lib/python3.10/site-packages/airflow/example_dags/example_local_kubernetes_executor.py", line 37, in <module>
    from kubernetes.client import models as k8s
ModuleNotFoundError: No module named 'kubernetes'
[2024-02-14T23:16:56.038+0000] {logging_mixin.py:188} INFO - [2024-02-14T23:16:56.038+0000] {example_local_kubernetes_executor.py:40} WARNING - Install Kubernetes dependencies with: pip install apache-airflow[cncf.kubernetes]
[2024-02-14T23:16:56.038+0000] {processor.py:842} WARNING - No viable dags retrieved from /home/ubuntu/reddit_venv/lib/python3.10/site-packages/airflow/example_dags/example_local_kubernetes_executor.py
[2024-02-14T23:16:56.049+0000] {processor.py:183} INFO - Processing /home/ubuntu/reddit_venv/lib/python3.10/site-packages/airflow/example_dags/example_local_kubernetes_executor.py took 0.020 seconds
[2024-02-14T23:17:42.392+0000] {processor.py:161} INFO - Started process (PID=4246) to work on /home/ubuntu/reddit_venv/lib/python3.10/site-packages/airflow/example_dags/example_local_kubernetes_executor.py
[2024-02-14T23:17:42.394+0000] {processor.py:830} INFO - Processing file /home/ubuntu/reddit_venv/lib/python3.10/site-packages/airflow/example_dags/example_local_kubernetes_executor.py for tasks to queue
[2024-02-14T23:17:42.395+0000] {logging_mixin.py:188} INFO - [2024-02-14T23:17:42.394+0000] {dagbag.py:538} INFO - Filling up the DagBag from /home/ubuntu/reddit_venv/lib/python3.10/site-packages/airflow/example_dags/example_local_kubernetes_executor.py
[2024-02-14T23:17:42.398+0000] {logging_mixin.py:188} INFO - [2024-02-14T23:17:42.398+0000] {example_local_kubernetes_executor.py:39} WARNING - Could not import DAGs in example_local_kubernetes_executor.py
Traceback (most recent call last):
  File "/home/ubuntu/reddit_venv/lib/python3.10/site-packages/airflow/example_dags/example_local_kubernetes_executor.py", line 37, in <module>
    from kubernetes.client import models as k8s
ModuleNotFoundError: No module named 'kubernetes'
[2024-02-14T23:17:42.399+0000] {logging_mixin.py:188} INFO - [2024-02-14T23:17:42.398+0000] {example_local_kubernetes_executor.py:40} WARNING - Install Kubernetes dependencies with: pip install apache-airflow[cncf.kubernetes]
[2024-02-14T23:17:42.399+0000] {processor.py:842} WARNING - No viable dags retrieved from /home/ubuntu/reddit_venv/lib/python3.10/site-packages/airflow/example_dags/example_local_kubernetes_executor.py
[2024-02-14T23:17:42.409+0000] {processor.py:183} INFO - Processing /home/ubuntu/reddit_venv/lib/python3.10/site-packages/airflow/example_dags/example_local_kubernetes_executor.py took 0.021 seconds
[2024-02-14T23:18:41.039+0000] {processor.py:161} INFO - Started process (PID=5036) to work on /home/ubuntu/reddit_venv/lib/python3.10/site-packages/airflow/example_dags/example_local_kubernetes_executor.py
[2024-02-14T23:18:41.040+0000] {processor.py:830} INFO - Processing file /home/ubuntu/reddit_venv/lib/python3.10/site-packages/airflow/example_dags/example_local_kubernetes_executor.py for tasks to queue
[2024-02-14T23:18:41.041+0000] {logging_mixin.py:188} INFO - [2024-02-14T23:18:41.041+0000] {dagbag.py:538} INFO - Filling up the DagBag from /home/ubuntu/reddit_venv/lib/python3.10/site-packages/airflow/example_dags/example_local_kubernetes_executor.py
[2024-02-14T23:18:41.045+0000] {logging_mixin.py:188} INFO - [2024-02-14T23:18:41.044+0000] {example_local_kubernetes_executor.py:39} WARNING - Could not import DAGs in example_local_kubernetes_executor.py
Traceback (most recent call last):
  File "/home/ubuntu/reddit_venv/lib/python3.10/site-packages/airflow/example_dags/example_local_kubernetes_executor.py", line 37, in <module>
    from kubernetes.client import models as k8s
ModuleNotFoundError: No module named 'kubernetes'
[2024-02-14T23:18:41.045+0000] {logging_mixin.py:188} INFO - [2024-02-14T23:18:41.045+0000] {example_local_kubernetes_executor.py:40} WARNING - Install Kubernetes dependencies with: pip install apache-airflow[cncf.kubernetes]
[2024-02-14T23:18:41.045+0000] {processor.py:842} WARNING - No viable dags retrieved from /home/ubuntu/reddit_venv/lib/python3.10/site-packages/airflow/example_dags/example_local_kubernetes_executor.py
[2024-02-14T23:18:41.056+0000] {processor.py:183} INFO - Processing /home/ubuntu/reddit_venv/lib/python3.10/site-packages/airflow/example_dags/example_local_kubernetes_executor.py took 0.020 seconds
[2024-02-14T23:19:24.080+0000] {processor.py:161} INFO - Started process (PID=5447) to work on /home/ubuntu/reddit_venv/lib/python3.10/site-packages/airflow/example_dags/example_local_kubernetes_executor.py
[2024-02-14T23:19:24.081+0000] {processor.py:830} INFO - Processing file /home/ubuntu/reddit_venv/lib/python3.10/site-packages/airflow/example_dags/example_local_kubernetes_executor.py for tasks to queue
[2024-02-14T23:19:24.082+0000] {logging_mixin.py:188} INFO - [2024-02-14T23:19:24.082+0000] {dagbag.py:538} INFO - Filling up the DagBag from /home/ubuntu/reddit_venv/lib/python3.10/site-packages/airflow/example_dags/example_local_kubernetes_executor.py
[2024-02-14T23:19:24.085+0000] {logging_mixin.py:188} INFO - [2024-02-14T23:19:24.085+0000] {example_local_kubernetes_executor.py:39} WARNING - Could not import DAGs in example_local_kubernetes_executor.py
Traceback (most recent call last):
  File "/home/ubuntu/reddit_venv/lib/python3.10/site-packages/airflow/example_dags/example_local_kubernetes_executor.py", line 37, in <module>
    from kubernetes.client import models as k8s
ModuleNotFoundError: No module named 'kubernetes'
[2024-02-14T23:19:24.086+0000] {logging_mixin.py:188} INFO - [2024-02-14T23:19:24.086+0000] {example_local_kubernetes_executor.py:40} WARNING - Install Kubernetes dependencies with: pip install apache-airflow[cncf.kubernetes]
[2024-02-14T23:19:24.086+0000] {processor.py:842} WARNING - No viable dags retrieved from /home/ubuntu/reddit_venv/lib/python3.10/site-packages/airflow/example_dags/example_local_kubernetes_executor.py
[2024-02-14T23:19:24.096+0000] {processor.py:183} INFO - Processing /home/ubuntu/reddit_venv/lib/python3.10/site-packages/airflow/example_dags/example_local_kubernetes_executor.py took 0.019 seconds
[2024-02-14T23:20:20.979+0000] {processor.py:161} INFO - Started process (PID=5630) to work on /home/ubuntu/reddit_venv/lib/python3.10/site-packages/airflow/example_dags/example_local_kubernetes_executor.py
[2024-02-14T23:20:20.981+0000] {processor.py:830} INFO - Processing file /home/ubuntu/reddit_venv/lib/python3.10/site-packages/airflow/example_dags/example_local_kubernetes_executor.py for tasks to queue
[2024-02-14T23:20:20.982+0000] {logging_mixin.py:188} INFO - [2024-02-14T23:20:20.981+0000] {dagbag.py:538} INFO - Filling up the DagBag from /home/ubuntu/reddit_venv/lib/python3.10/site-packages/airflow/example_dags/example_local_kubernetes_executor.py
[2024-02-14T23:20:20.985+0000] {logging_mixin.py:188} INFO - [2024-02-14T23:20:20.985+0000] {example_local_kubernetes_executor.py:39} WARNING - Could not import DAGs in example_local_kubernetes_executor.py
Traceback (most recent call last):
  File "/home/ubuntu/reddit_venv/lib/python3.10/site-packages/airflow/example_dags/example_local_kubernetes_executor.py", line 37, in <module>
    from kubernetes.client import models as k8s
ModuleNotFoundError: No module named 'kubernetes'
[2024-02-14T23:20:20.986+0000] {logging_mixin.py:188} INFO - [2024-02-14T23:20:20.985+0000] {example_local_kubernetes_executor.py:40} WARNING - Install Kubernetes dependencies with: pip install apache-airflow[cncf.kubernetes]
[2024-02-14T23:20:20.986+0000] {processor.py:842} WARNING - No viable dags retrieved from /home/ubuntu/reddit_venv/lib/python3.10/site-packages/airflow/example_dags/example_local_kubernetes_executor.py
[2024-02-14T23:20:20.996+0000] {processor.py:183} INFO - Processing /home/ubuntu/reddit_venv/lib/python3.10/site-packages/airflow/example_dags/example_local_kubernetes_executor.py took 0.020 seconds
[2024-02-14T23:21:17.921+0000] {processor.py:161} INFO - Started process (PID=5756) to work on /home/ubuntu/reddit_venv/lib/python3.10/site-packages/airflow/example_dags/example_local_kubernetes_executor.py
[2024-02-14T23:21:17.923+0000] {processor.py:830} INFO - Processing file /home/ubuntu/reddit_venv/lib/python3.10/site-packages/airflow/example_dags/example_local_kubernetes_executor.py for tasks to queue
[2024-02-14T23:21:17.924+0000] {logging_mixin.py:188} INFO - [2024-02-14T23:21:17.923+0000] {dagbag.py:538} INFO - Filling up the DagBag from /home/ubuntu/reddit_venv/lib/python3.10/site-packages/airflow/example_dags/example_local_kubernetes_executor.py
[2024-02-14T23:21:17.927+0000] {logging_mixin.py:188} INFO - [2024-02-14T23:21:17.927+0000] {example_local_kubernetes_executor.py:39} WARNING - Could not import DAGs in example_local_kubernetes_executor.py
Traceback (most recent call last):
  File "/home/ubuntu/reddit_venv/lib/python3.10/site-packages/airflow/example_dags/example_local_kubernetes_executor.py", line 37, in <module>
    from kubernetes.client import models as k8s
ModuleNotFoundError: No module named 'kubernetes'
[2024-02-14T23:21:17.928+0000] {logging_mixin.py:188} INFO - [2024-02-14T23:21:17.927+0000] {example_local_kubernetes_executor.py:40} WARNING - Install Kubernetes dependencies with: pip install apache-airflow[cncf.kubernetes]
[2024-02-14T23:21:17.928+0000] {processor.py:842} WARNING - No viable dags retrieved from /home/ubuntu/reddit_venv/lib/python3.10/site-packages/airflow/example_dags/example_local_kubernetes_executor.py
[2024-02-14T23:21:17.938+0000] {processor.py:183} INFO - Processing /home/ubuntu/reddit_venv/lib/python3.10/site-packages/airflow/example_dags/example_local_kubernetes_executor.py took 0.020 seconds
[2024-02-14T23:22:19.705+0000] {processor.py:161} INFO - Started process (PID=6010) to work on /home/ubuntu/reddit_venv/lib/python3.10/site-packages/airflow/example_dags/example_local_kubernetes_executor.py
[2024-02-14T23:22:19.707+0000] {processor.py:830} INFO - Processing file /home/ubuntu/reddit_venv/lib/python3.10/site-packages/airflow/example_dags/example_local_kubernetes_executor.py for tasks to queue
[2024-02-14T23:22:19.708+0000] {logging_mixin.py:188} INFO - [2024-02-14T23:22:19.708+0000] {dagbag.py:538} INFO - Filling up the DagBag from /home/ubuntu/reddit_venv/lib/python3.10/site-packages/airflow/example_dags/example_local_kubernetes_executor.py
[2024-02-14T23:22:19.711+0000] {logging_mixin.py:188} INFO - [2024-02-14T23:22:19.711+0000] {example_local_kubernetes_executor.py:39} WARNING - Could not import DAGs in example_local_kubernetes_executor.py
Traceback (most recent call last):
  File "/home/ubuntu/reddit_venv/lib/python3.10/site-packages/airflow/example_dags/example_local_kubernetes_executor.py", line 37, in <module>
    from kubernetes.client import models as k8s
ModuleNotFoundError: No module named 'kubernetes'
[2024-02-14T23:22:19.712+0000] {logging_mixin.py:188} INFO - [2024-02-14T23:22:19.712+0000] {example_local_kubernetes_executor.py:40} WARNING - Install Kubernetes dependencies with: pip install apache-airflow[cncf.kubernetes]
[2024-02-14T23:22:19.712+0000] {processor.py:842} WARNING - No viable dags retrieved from /home/ubuntu/reddit_venv/lib/python3.10/site-packages/airflow/example_dags/example_local_kubernetes_executor.py
[2024-02-14T23:22:19.722+0000] {processor.py:183} INFO - Processing /home/ubuntu/reddit_venv/lib/python3.10/site-packages/airflow/example_dags/example_local_kubernetes_executor.py took 0.020 seconds
[2024-02-14T23:23:02.215+0000] {processor.py:161} INFO - Started process (PID=6120) to work on /home/ubuntu/reddit_venv/lib/python3.10/site-packages/airflow/example_dags/example_local_kubernetes_executor.py
[2024-02-14T23:23:02.217+0000] {processor.py:830} INFO - Processing file /home/ubuntu/reddit_venv/lib/python3.10/site-packages/airflow/example_dags/example_local_kubernetes_executor.py for tasks to queue
[2024-02-14T23:23:02.218+0000] {logging_mixin.py:188} INFO - [2024-02-14T23:23:02.218+0000] {dagbag.py:538} INFO - Filling up the DagBag from /home/ubuntu/reddit_venv/lib/python3.10/site-packages/airflow/example_dags/example_local_kubernetes_executor.py
[2024-02-14T23:23:02.221+0000] {logging_mixin.py:188} INFO - [2024-02-14T23:23:02.221+0000] {example_local_kubernetes_executor.py:39} WARNING - Could not import DAGs in example_local_kubernetes_executor.py
Traceback (most recent call last):
  File "/home/ubuntu/reddit_venv/lib/python3.10/site-packages/airflow/example_dags/example_local_kubernetes_executor.py", line 37, in <module>
    from kubernetes.client import models as k8s
ModuleNotFoundError: No module named 'kubernetes'
[2024-02-14T23:23:02.222+0000] {logging_mixin.py:188} INFO - [2024-02-14T23:23:02.222+0000] {example_local_kubernetes_executor.py:40} WARNING - Install Kubernetes dependencies with: pip install apache-airflow[cncf.kubernetes]
[2024-02-14T23:23:02.222+0000] {processor.py:842} WARNING - No viable dags retrieved from /home/ubuntu/reddit_venv/lib/python3.10/site-packages/airflow/example_dags/example_local_kubernetes_executor.py
[2024-02-14T23:23:02.233+0000] {processor.py:183} INFO - Processing /home/ubuntu/reddit_venv/lib/python3.10/site-packages/airflow/example_dags/example_local_kubernetes_executor.py took 0.021 seconds
[2024-02-14T23:23:54.734+0000] {processor.py:161} INFO - Started process (PID=6245) to work on /home/ubuntu/reddit_venv/lib/python3.10/site-packages/airflow/example_dags/example_local_kubernetes_executor.py
[2024-02-14T23:23:54.735+0000] {processor.py:830} INFO - Processing file /home/ubuntu/reddit_venv/lib/python3.10/site-packages/airflow/example_dags/example_local_kubernetes_executor.py for tasks to queue
[2024-02-14T23:23:54.736+0000] {logging_mixin.py:188} INFO - [2024-02-14T23:23:54.736+0000] {dagbag.py:538} INFO - Filling up the DagBag from /home/ubuntu/reddit_venv/lib/python3.10/site-packages/airflow/example_dags/example_local_kubernetes_executor.py
[2024-02-14T23:23:54.739+0000] {logging_mixin.py:188} INFO - [2024-02-14T23:23:54.739+0000] {example_local_kubernetes_executor.py:39} WARNING - Could not import DAGs in example_local_kubernetes_executor.py
Traceback (most recent call last):
  File "/home/ubuntu/reddit_venv/lib/python3.10/site-packages/airflow/example_dags/example_local_kubernetes_executor.py", line 37, in <module>
    from kubernetes.client import models as k8s
ModuleNotFoundError: No module named 'kubernetes'
[2024-02-14T23:23:54.740+0000] {logging_mixin.py:188} INFO - [2024-02-14T23:23:54.740+0000] {example_local_kubernetes_executor.py:40} WARNING - Install Kubernetes dependencies with: pip install apache-airflow[cncf.kubernetes]
[2024-02-14T23:23:54.740+0000] {processor.py:842} WARNING - No viable dags retrieved from /home/ubuntu/reddit_venv/lib/python3.10/site-packages/airflow/example_dags/example_local_kubernetes_executor.py
[2024-02-14T23:23:54.750+0000] {processor.py:183} INFO - Processing /home/ubuntu/reddit_venv/lib/python3.10/site-packages/airflow/example_dags/example_local_kubernetes_executor.py took 0.020 seconds
[2024-02-14T23:24:52.099+0000] {processor.py:161} INFO - Started process (PID=6430) to work on /home/ubuntu/reddit_venv/lib/python3.10/site-packages/airflow/example_dags/example_local_kubernetes_executor.py
[2024-02-14T23:24:52.101+0000] {processor.py:830} INFO - Processing file /home/ubuntu/reddit_venv/lib/python3.10/site-packages/airflow/example_dags/example_local_kubernetes_executor.py for tasks to queue
[2024-02-14T23:24:52.102+0000] {logging_mixin.py:188} INFO - [2024-02-14T23:24:52.101+0000] {dagbag.py:538} INFO - Filling up the DagBag from /home/ubuntu/reddit_venv/lib/python3.10/site-packages/airflow/example_dags/example_local_kubernetes_executor.py
[2024-02-14T23:24:52.105+0000] {logging_mixin.py:188} INFO - [2024-02-14T23:24:52.104+0000] {example_local_kubernetes_executor.py:39} WARNING - Could not import DAGs in example_local_kubernetes_executor.py
Traceback (most recent call last):
  File "/home/ubuntu/reddit_venv/lib/python3.10/site-packages/airflow/example_dags/example_local_kubernetes_executor.py", line 37, in <module>
    from kubernetes.client import models as k8s
ModuleNotFoundError: No module named 'kubernetes'
[2024-02-14T23:24:52.105+0000] {logging_mixin.py:188} INFO - [2024-02-14T23:24:52.105+0000] {example_local_kubernetes_executor.py:40} WARNING - Install Kubernetes dependencies with: pip install apache-airflow[cncf.kubernetes]
[2024-02-14T23:24:52.106+0000] {processor.py:842} WARNING - No viable dags retrieved from /home/ubuntu/reddit_venv/lib/python3.10/site-packages/airflow/example_dags/example_local_kubernetes_executor.py
[2024-02-14T23:24:52.116+0000] {processor.py:183} INFO - Processing /home/ubuntu/reddit_venv/lib/python3.10/site-packages/airflow/example_dags/example_local_kubernetes_executor.py took 0.020 seconds
[2024-02-14T23:25:47.409+0000] {processor.py:161} INFO - Started process (PID=6555) to work on /home/ubuntu/reddit_venv/lib/python3.10/site-packages/airflow/example_dags/example_local_kubernetes_executor.py
[2024-02-14T23:25:47.411+0000] {processor.py:830} INFO - Processing file /home/ubuntu/reddit_venv/lib/python3.10/site-packages/airflow/example_dags/example_local_kubernetes_executor.py for tasks to queue
[2024-02-14T23:25:47.412+0000] {logging_mixin.py:188} INFO - [2024-02-14T23:25:47.412+0000] {dagbag.py:538} INFO - Filling up the DagBag from /home/ubuntu/reddit_venv/lib/python3.10/site-packages/airflow/example_dags/example_local_kubernetes_executor.py
[2024-02-14T23:25:47.415+0000] {logging_mixin.py:188} INFO - [2024-02-14T23:25:47.415+0000] {example_local_kubernetes_executor.py:39} WARNING - Could not import DAGs in example_local_kubernetes_executor.py
Traceback (most recent call last):
  File "/home/ubuntu/reddit_venv/lib/python3.10/site-packages/airflow/example_dags/example_local_kubernetes_executor.py", line 37, in <module>
    from kubernetes.client import models as k8s
ModuleNotFoundError: No module named 'kubernetes'
[2024-02-14T23:25:47.416+0000] {logging_mixin.py:188} INFO - [2024-02-14T23:25:47.416+0000] {example_local_kubernetes_executor.py:40} WARNING - Install Kubernetes dependencies with: pip install apache-airflow[cncf.kubernetes]
[2024-02-14T23:25:47.416+0000] {processor.py:842} WARNING - No viable dags retrieved from /home/ubuntu/reddit_venv/lib/python3.10/site-packages/airflow/example_dags/example_local_kubernetes_executor.py
[2024-02-14T23:25:47.426+0000] {processor.py:183} INFO - Processing /home/ubuntu/reddit_venv/lib/python3.10/site-packages/airflow/example_dags/example_local_kubernetes_executor.py took 0.020 seconds
[2024-02-14T23:26:31.566+0000] {processor.py:161} INFO - Started process (PID=6663) to work on /home/ubuntu/reddit_venv/lib/python3.10/site-packages/airflow/example_dags/example_local_kubernetes_executor.py
[2024-02-14T23:26:31.567+0000] {processor.py:830} INFO - Processing file /home/ubuntu/reddit_venv/lib/python3.10/site-packages/airflow/example_dags/example_local_kubernetes_executor.py for tasks to queue
[2024-02-14T23:26:31.568+0000] {logging_mixin.py:188} INFO - [2024-02-14T23:26:31.568+0000] {dagbag.py:538} INFO - Filling up the DagBag from /home/ubuntu/reddit_venv/lib/python3.10/site-packages/airflow/example_dags/example_local_kubernetes_executor.py
[2024-02-14T23:26:31.571+0000] {logging_mixin.py:188} INFO - [2024-02-14T23:26:31.571+0000] {example_local_kubernetes_executor.py:39} WARNING - Could not import DAGs in example_local_kubernetes_executor.py
Traceback (most recent call last):
  File "/home/ubuntu/reddit_venv/lib/python3.10/site-packages/airflow/example_dags/example_local_kubernetes_executor.py", line 37, in <module>
    from kubernetes.client import models as k8s
ModuleNotFoundError: No module named 'kubernetes'
[2024-02-14T23:26:31.572+0000] {logging_mixin.py:188} INFO - [2024-02-14T23:26:31.572+0000] {example_local_kubernetes_executor.py:40} WARNING - Install Kubernetes dependencies with: pip install apache-airflow[cncf.kubernetes]
[2024-02-14T23:26:31.572+0000] {processor.py:842} WARNING - No viable dags retrieved from /home/ubuntu/reddit_venv/lib/python3.10/site-packages/airflow/example_dags/example_local_kubernetes_executor.py
[2024-02-14T23:26:31.583+0000] {processor.py:183} INFO - Processing /home/ubuntu/reddit_venv/lib/python3.10/site-packages/airflow/example_dags/example_local_kubernetes_executor.py took 0.020 seconds
[2024-02-14T23:27:18.342+0000] {processor.py:161} INFO - Started process (PID=6838) to work on /home/ubuntu/reddit_venv/lib/python3.10/site-packages/airflow/example_dags/example_local_kubernetes_executor.py
[2024-02-14T23:27:18.344+0000] {processor.py:830} INFO - Processing file /home/ubuntu/reddit_venv/lib/python3.10/site-packages/airflow/example_dags/example_local_kubernetes_executor.py for tasks to queue
[2024-02-14T23:27:18.345+0000] {logging_mixin.py:188} INFO - [2024-02-14T23:27:18.344+0000] {dagbag.py:538} INFO - Filling up the DagBag from /home/ubuntu/reddit_venv/lib/python3.10/site-packages/airflow/example_dags/example_local_kubernetes_executor.py
[2024-02-14T23:27:18.348+0000] {logging_mixin.py:188} INFO - [2024-02-14T23:27:18.348+0000] {example_local_kubernetes_executor.py:39} WARNING - Could not import DAGs in example_local_kubernetes_executor.py
Traceback (most recent call last):
  File "/home/ubuntu/reddit_venv/lib/python3.10/site-packages/airflow/example_dags/example_local_kubernetes_executor.py", line 37, in <module>
    from kubernetes.client import models as k8s
ModuleNotFoundError: No module named 'kubernetes'
[2024-02-14T23:27:18.349+0000] {logging_mixin.py:188} INFO - [2024-02-14T23:27:18.348+0000] {example_local_kubernetes_executor.py:40} WARNING - Install Kubernetes dependencies with: pip install apache-airflow[cncf.kubernetes]
[2024-02-14T23:27:18.349+0000] {processor.py:842} WARNING - No viable dags retrieved from /home/ubuntu/reddit_venv/lib/python3.10/site-packages/airflow/example_dags/example_local_kubernetes_executor.py
[2024-02-14T23:27:18.359+0000] {processor.py:183} INFO - Processing /home/ubuntu/reddit_venv/lib/python3.10/site-packages/airflow/example_dags/example_local_kubernetes_executor.py took 0.020 seconds
[2024-02-14T23:28:17.789+0000] {processor.py:161} INFO - Started process (PID=6967) to work on /home/ubuntu/reddit_venv/lib/python3.10/site-packages/airflow/example_dags/example_local_kubernetes_executor.py
[2024-02-14T23:28:17.791+0000] {processor.py:830} INFO - Processing file /home/ubuntu/reddit_venv/lib/python3.10/site-packages/airflow/example_dags/example_local_kubernetes_executor.py for tasks to queue
[2024-02-14T23:28:17.791+0000] {logging_mixin.py:188} INFO - [2024-02-14T23:28:17.791+0000] {dagbag.py:538} INFO - Filling up the DagBag from /home/ubuntu/reddit_venv/lib/python3.10/site-packages/airflow/example_dags/example_local_kubernetes_executor.py
[2024-02-14T23:28:17.795+0000] {logging_mixin.py:188} INFO - [2024-02-14T23:28:17.794+0000] {example_local_kubernetes_executor.py:39} WARNING - Could not import DAGs in example_local_kubernetes_executor.py
Traceback (most recent call last):
  File "/home/ubuntu/reddit_venv/lib/python3.10/site-packages/airflow/example_dags/example_local_kubernetes_executor.py", line 37, in <module>
    from kubernetes.client import models as k8s
ModuleNotFoundError: No module named 'kubernetes'
[2024-02-14T23:28:17.795+0000] {logging_mixin.py:188} INFO - [2024-02-14T23:28:17.795+0000] {example_local_kubernetes_executor.py:40} WARNING - Install Kubernetes dependencies with: pip install apache-airflow[cncf.kubernetes]
[2024-02-14T23:28:17.796+0000] {processor.py:842} WARNING - No viable dags retrieved from /home/ubuntu/reddit_venv/lib/python3.10/site-packages/airflow/example_dags/example_local_kubernetes_executor.py
[2024-02-14T23:28:17.806+0000] {processor.py:183} INFO - Processing /home/ubuntu/reddit_venv/lib/python3.10/site-packages/airflow/example_dags/example_local_kubernetes_executor.py took 0.020 seconds
[2024-02-14T23:29:16.345+0000] {processor.py:161} INFO - Started process (PID=7094) to work on /home/ubuntu/reddit_venv/lib/python3.10/site-packages/airflow/example_dags/example_local_kubernetes_executor.py
[2024-02-14T23:29:16.349+0000] {processor.py:830} INFO - Processing file /home/ubuntu/reddit_venv/lib/python3.10/site-packages/airflow/example_dags/example_local_kubernetes_executor.py for tasks to queue
[2024-02-14T23:29:16.350+0000] {logging_mixin.py:188} INFO - [2024-02-14T23:29:16.349+0000] {dagbag.py:538} INFO - Filling up the DagBag from /home/ubuntu/reddit_venv/lib/python3.10/site-packages/airflow/example_dags/example_local_kubernetes_executor.py
[2024-02-14T23:29:16.353+0000] {logging_mixin.py:188} INFO - [2024-02-14T23:29:16.353+0000] {example_local_kubernetes_executor.py:39} WARNING - Could not import DAGs in example_local_kubernetes_executor.py
Traceback (most recent call last):
  File "/home/ubuntu/reddit_venv/lib/python3.10/site-packages/airflow/example_dags/example_local_kubernetes_executor.py", line 37, in <module>
    from kubernetes.client import models as k8s
ModuleNotFoundError: No module named 'kubernetes'
[2024-02-14T23:29:16.354+0000] {logging_mixin.py:188} INFO - [2024-02-14T23:29:16.353+0000] {example_local_kubernetes_executor.py:40} WARNING - Install Kubernetes dependencies with: pip install apache-airflow[cncf.kubernetes]
[2024-02-14T23:29:16.354+0000] {processor.py:842} WARNING - No viable dags retrieved from /home/ubuntu/reddit_venv/lib/python3.10/site-packages/airflow/example_dags/example_local_kubernetes_executor.py
[2024-02-14T23:29:16.364+0000] {processor.py:183} INFO - Processing /home/ubuntu/reddit_venv/lib/python3.10/site-packages/airflow/example_dags/example_local_kubernetes_executor.py took 0.022 seconds
[2024-02-14T23:30:10.043+0000] {processor.py:161} INFO - Started process (PID=7275) to work on /home/ubuntu/reddit_venv/lib/python3.10/site-packages/airflow/example_dags/example_local_kubernetes_executor.py
[2024-02-14T23:30:10.045+0000] {processor.py:830} INFO - Processing file /home/ubuntu/reddit_venv/lib/python3.10/site-packages/airflow/example_dags/example_local_kubernetes_executor.py for tasks to queue
[2024-02-14T23:30:10.045+0000] {logging_mixin.py:188} INFO - [2024-02-14T23:30:10.045+0000] {dagbag.py:538} INFO - Filling up the DagBag from /home/ubuntu/reddit_venv/lib/python3.10/site-packages/airflow/example_dags/example_local_kubernetes_executor.py
[2024-02-14T23:30:10.049+0000] {logging_mixin.py:188} INFO - [2024-02-14T23:30:10.048+0000] {example_local_kubernetes_executor.py:39} WARNING - Could not import DAGs in example_local_kubernetes_executor.py
Traceback (most recent call last):
  File "/home/ubuntu/reddit_venv/lib/python3.10/site-packages/airflow/example_dags/example_local_kubernetes_executor.py", line 37, in <module>
    from kubernetes.client import models as k8s
ModuleNotFoundError: No module named 'kubernetes'
[2024-02-14T23:30:10.049+0000] {logging_mixin.py:188} INFO - [2024-02-14T23:30:10.049+0000] {example_local_kubernetes_executor.py:40} WARNING - Install Kubernetes dependencies with: pip install apache-airflow[cncf.kubernetes]
[2024-02-14T23:30:10.050+0000] {processor.py:842} WARNING - No viable dags retrieved from /home/ubuntu/reddit_venv/lib/python3.10/site-packages/airflow/example_dags/example_local_kubernetes_executor.py
[2024-02-14T23:30:10.060+0000] {processor.py:183} INFO - Processing /home/ubuntu/reddit_venv/lib/python3.10/site-packages/airflow/example_dags/example_local_kubernetes_executor.py took 0.020 seconds
[2024-02-14T23:31:06.549+0000] {processor.py:161} INFO - Started process (PID=7400) to work on /home/ubuntu/reddit_venv/lib/python3.10/site-packages/airflow/example_dags/example_local_kubernetes_executor.py
[2024-02-14T23:31:06.551+0000] {processor.py:830} INFO - Processing file /home/ubuntu/reddit_venv/lib/python3.10/site-packages/airflow/example_dags/example_local_kubernetes_executor.py for tasks to queue
[2024-02-14T23:31:06.552+0000] {logging_mixin.py:188} INFO - [2024-02-14T23:31:06.551+0000] {dagbag.py:538} INFO - Filling up the DagBag from /home/ubuntu/reddit_venv/lib/python3.10/site-packages/airflow/example_dags/example_local_kubernetes_executor.py
[2024-02-14T23:31:06.555+0000] {logging_mixin.py:188} INFO - [2024-02-14T23:31:06.555+0000] {example_local_kubernetes_executor.py:39} WARNING - Could not import DAGs in example_local_kubernetes_executor.py
Traceback (most recent call last):
  File "/home/ubuntu/reddit_venv/lib/python3.10/site-packages/airflow/example_dags/example_local_kubernetes_executor.py", line 37, in <module>
    from kubernetes.client import models as k8s
ModuleNotFoundError: No module named 'kubernetes'
[2024-02-14T23:31:06.556+0000] {logging_mixin.py:188} INFO - [2024-02-14T23:31:06.555+0000] {example_local_kubernetes_executor.py:40} WARNING - Install Kubernetes dependencies with: pip install apache-airflow[cncf.kubernetes]
[2024-02-14T23:31:06.556+0000] {processor.py:842} WARNING - No viable dags retrieved from /home/ubuntu/reddit_venv/lib/python3.10/site-packages/airflow/example_dags/example_local_kubernetes_executor.py
[2024-02-14T23:31:06.566+0000] {processor.py:183} INFO - Processing /home/ubuntu/reddit_venv/lib/python3.10/site-packages/airflow/example_dags/example_local_kubernetes_executor.py took 0.020 seconds
[2024-02-14T23:32:04.875+0000] {processor.py:161} INFO - Started process (PID=7527) to work on /home/ubuntu/reddit_venv/lib/python3.10/site-packages/airflow/example_dags/example_local_kubernetes_executor.py
[2024-02-14T23:32:04.876+0000] {processor.py:830} INFO - Processing file /home/ubuntu/reddit_venv/lib/python3.10/site-packages/airflow/example_dags/example_local_kubernetes_executor.py for tasks to queue
[2024-02-14T23:32:04.877+0000] {logging_mixin.py:188} INFO - [2024-02-14T23:32:04.877+0000] {dagbag.py:538} INFO - Filling up the DagBag from /home/ubuntu/reddit_venv/lib/python3.10/site-packages/airflow/example_dags/example_local_kubernetes_executor.py
[2024-02-14T23:32:04.881+0000] {logging_mixin.py:188} INFO - [2024-02-14T23:32:04.880+0000] {example_local_kubernetes_executor.py:39} WARNING - Could not import DAGs in example_local_kubernetes_executor.py
Traceback (most recent call last):
  File "/home/ubuntu/reddit_venv/lib/python3.10/site-packages/airflow/example_dags/example_local_kubernetes_executor.py", line 37, in <module>
    from kubernetes.client import models as k8s
ModuleNotFoundError: No module named 'kubernetes'
[2024-02-14T23:32:04.881+0000] {logging_mixin.py:188} INFO - [2024-02-14T23:32:04.881+0000] {example_local_kubernetes_executor.py:40} WARNING - Install Kubernetes dependencies with: pip install apache-airflow[cncf.kubernetes]
[2024-02-14T23:32:04.881+0000] {processor.py:842} WARNING - No viable dags retrieved from /home/ubuntu/reddit_venv/lib/python3.10/site-packages/airflow/example_dags/example_local_kubernetes_executor.py
[2024-02-14T23:32:04.891+0000] {processor.py:183} INFO - Processing /home/ubuntu/reddit_venv/lib/python3.10/site-packages/airflow/example_dags/example_local_kubernetes_executor.py took 0.020 seconds
[2024-02-14T23:33:04.589+0000] {processor.py:161} INFO - Started process (PID=7715) to work on /home/ubuntu/reddit_venv/lib/python3.10/site-packages/airflow/example_dags/example_local_kubernetes_executor.py
[2024-02-14T23:33:04.591+0000] {processor.py:830} INFO - Processing file /home/ubuntu/reddit_venv/lib/python3.10/site-packages/airflow/example_dags/example_local_kubernetes_executor.py for tasks to queue
[2024-02-14T23:33:04.592+0000] {logging_mixin.py:188} INFO - [2024-02-14T23:33:04.591+0000] {dagbag.py:538} INFO - Filling up the DagBag from /home/ubuntu/reddit_venv/lib/python3.10/site-packages/airflow/example_dags/example_local_kubernetes_executor.py
[2024-02-14T23:33:04.595+0000] {logging_mixin.py:188} INFO - [2024-02-14T23:33:04.595+0000] {example_local_kubernetes_executor.py:39} WARNING - Could not import DAGs in example_local_kubernetes_executor.py
Traceback (most recent call last):
  File "/home/ubuntu/reddit_venv/lib/python3.10/site-packages/airflow/example_dags/example_local_kubernetes_executor.py", line 37, in <module>
    from kubernetes.client import models as k8s
ModuleNotFoundError: No module named 'kubernetes'
[2024-02-14T23:33:04.596+0000] {logging_mixin.py:188} INFO - [2024-02-14T23:33:04.595+0000] {example_local_kubernetes_executor.py:40} WARNING - Install Kubernetes dependencies with: pip install apache-airflow[cncf.kubernetes]
[2024-02-14T23:33:04.596+0000] {processor.py:842} WARNING - No viable dags retrieved from /home/ubuntu/reddit_venv/lib/python3.10/site-packages/airflow/example_dags/example_local_kubernetes_executor.py
[2024-02-14T23:33:04.606+0000] {processor.py:183} INFO - Processing /home/ubuntu/reddit_venv/lib/python3.10/site-packages/airflow/example_dags/example_local_kubernetes_executor.py took 0.021 seconds
[2024-02-14T23:33:58.260+0000] {processor.py:161} INFO - Started process (PID=7838) to work on /home/ubuntu/reddit_venv/lib/python3.10/site-packages/airflow/example_dags/example_local_kubernetes_executor.py
[2024-02-14T23:33:58.261+0000] {processor.py:830} INFO - Processing file /home/ubuntu/reddit_venv/lib/python3.10/site-packages/airflow/example_dags/example_local_kubernetes_executor.py for tasks to queue
[2024-02-14T23:33:58.262+0000] {logging_mixin.py:188} INFO - [2024-02-14T23:33:58.262+0000] {dagbag.py:538} INFO - Filling up the DagBag from /home/ubuntu/reddit_venv/lib/python3.10/site-packages/airflow/example_dags/example_local_kubernetes_executor.py
[2024-02-14T23:33:58.266+0000] {logging_mixin.py:188} INFO - [2024-02-14T23:33:58.265+0000] {example_local_kubernetes_executor.py:39} WARNING - Could not import DAGs in example_local_kubernetes_executor.py
Traceback (most recent call last):
  File "/home/ubuntu/reddit_venv/lib/python3.10/site-packages/airflow/example_dags/example_local_kubernetes_executor.py", line 37, in <module>
    from kubernetes.client import models as k8s
ModuleNotFoundError: No module named 'kubernetes'
[2024-02-14T23:33:58.266+0000] {logging_mixin.py:188} INFO - [2024-02-14T23:33:58.266+0000] {example_local_kubernetes_executor.py:40} WARNING - Install Kubernetes dependencies with: pip install apache-airflow[cncf.kubernetes]
[2024-02-14T23:33:58.266+0000] {processor.py:842} WARNING - No viable dags retrieved from /home/ubuntu/reddit_venv/lib/python3.10/site-packages/airflow/example_dags/example_local_kubernetes_executor.py
[2024-02-14T23:33:58.276+0000] {processor.py:183} INFO - Processing /home/ubuntu/reddit_venv/lib/python3.10/site-packages/airflow/example_dags/example_local_kubernetes_executor.py took 0.019 seconds
[2024-02-14T23:34:53.755+0000] {processor.py:161} INFO - Started process (PID=7965) to work on /home/ubuntu/reddit_venv/lib/python3.10/site-packages/airflow/example_dags/example_local_kubernetes_executor.py
[2024-02-14T23:34:53.757+0000] {processor.py:830} INFO - Processing file /home/ubuntu/reddit_venv/lib/python3.10/site-packages/airflow/example_dags/example_local_kubernetes_executor.py for tasks to queue
[2024-02-14T23:34:53.758+0000] {logging_mixin.py:188} INFO - [2024-02-14T23:34:53.757+0000] {dagbag.py:538} INFO - Filling up the DagBag from /home/ubuntu/reddit_venv/lib/python3.10/site-packages/airflow/example_dags/example_local_kubernetes_executor.py
[2024-02-14T23:34:53.761+0000] {logging_mixin.py:188} INFO - [2024-02-14T23:34:53.760+0000] {example_local_kubernetes_executor.py:39} WARNING - Could not import DAGs in example_local_kubernetes_executor.py
Traceback (most recent call last):
  File "/home/ubuntu/reddit_venv/lib/python3.10/site-packages/airflow/example_dags/example_local_kubernetes_executor.py", line 37, in <module>
    from kubernetes.client import models as k8s
ModuleNotFoundError: No module named 'kubernetes'
[2024-02-14T23:34:53.761+0000] {logging_mixin.py:188} INFO - [2024-02-14T23:34:53.761+0000] {example_local_kubernetes_executor.py:40} WARNING - Install Kubernetes dependencies with: pip install apache-airflow[cncf.kubernetes]
[2024-02-14T23:34:53.762+0000] {processor.py:842} WARNING - No viable dags retrieved from /home/ubuntu/reddit_venv/lib/python3.10/site-packages/airflow/example_dags/example_local_kubernetes_executor.py
[2024-02-14T23:34:53.771+0000] {processor.py:183} INFO - Processing /home/ubuntu/reddit_venv/lib/python3.10/site-packages/airflow/example_dags/example_local_kubernetes_executor.py took 0.019 seconds
[2024-02-14T23:35:34.651+0000] {processor.py:161} INFO - Started process (PID=8072) to work on /home/ubuntu/reddit_venv/lib/python3.10/site-packages/airflow/example_dags/example_local_kubernetes_executor.py
[2024-02-14T23:35:34.653+0000] {processor.py:830} INFO - Processing file /home/ubuntu/reddit_venv/lib/python3.10/site-packages/airflow/example_dags/example_local_kubernetes_executor.py for tasks to queue
[2024-02-14T23:35:34.654+0000] {logging_mixin.py:188} INFO - [2024-02-14T23:35:34.654+0000] {dagbag.py:538} INFO - Filling up the DagBag from /home/ubuntu/reddit_venv/lib/python3.10/site-packages/airflow/example_dags/example_local_kubernetes_executor.py
[2024-02-14T23:35:34.658+0000] {logging_mixin.py:188} INFO - [2024-02-14T23:35:34.657+0000] {example_local_kubernetes_executor.py:39} WARNING - Could not import DAGs in example_local_kubernetes_executor.py
Traceback (most recent call last):
  File "/home/ubuntu/reddit_venv/lib/python3.10/site-packages/airflow/example_dags/example_local_kubernetes_executor.py", line 37, in <module>
    from kubernetes.client import models as k8s
ModuleNotFoundError: No module named 'kubernetes'
[2024-02-14T23:35:34.658+0000] {logging_mixin.py:188} INFO - [2024-02-14T23:35:34.658+0000] {example_local_kubernetes_executor.py:40} WARNING - Install Kubernetes dependencies with: pip install apache-airflow[cncf.kubernetes]
[2024-02-14T23:35:34.658+0000] {processor.py:842} WARNING - No viable dags retrieved from /home/ubuntu/reddit_venv/lib/python3.10/site-packages/airflow/example_dags/example_local_kubernetes_executor.py
[2024-02-14T23:35:34.668+0000] {processor.py:183} INFO - Processing /home/ubuntu/reddit_venv/lib/python3.10/site-packages/airflow/example_dags/example_local_kubernetes_executor.py took 0.020 seconds
[2024-02-14T23:36:30.937+0000] {processor.py:161} INFO - Started process (PID=8195) to work on /home/ubuntu/reddit_venv/lib/python3.10/site-packages/airflow/example_dags/example_local_kubernetes_executor.py
[2024-02-14T23:36:30.939+0000] {processor.py:830} INFO - Processing file /home/ubuntu/reddit_venv/lib/python3.10/site-packages/airflow/example_dags/example_local_kubernetes_executor.py for tasks to queue
[2024-02-14T23:36:30.940+0000] {logging_mixin.py:188} INFO - [2024-02-14T23:36:30.939+0000] {dagbag.py:538} INFO - Filling up the DagBag from /home/ubuntu/reddit_venv/lib/python3.10/site-packages/airflow/example_dags/example_local_kubernetes_executor.py
[2024-02-14T23:36:30.943+0000] {logging_mixin.py:188} INFO - [2024-02-14T23:36:30.942+0000] {example_local_kubernetes_executor.py:39} WARNING - Could not import DAGs in example_local_kubernetes_executor.py
Traceback (most recent call last):
  File "/home/ubuntu/reddit_venv/lib/python3.10/site-packages/airflow/example_dags/example_local_kubernetes_executor.py", line 37, in <module>
    from kubernetes.client import models as k8s
ModuleNotFoundError: No module named 'kubernetes'
[2024-02-14T23:36:30.943+0000] {logging_mixin.py:188} INFO - [2024-02-14T23:36:30.943+0000] {example_local_kubernetes_executor.py:40} WARNING - Install Kubernetes dependencies with: pip install apache-airflow[cncf.kubernetes]
[2024-02-14T23:36:30.944+0000] {processor.py:842} WARNING - No viable dags retrieved from /home/ubuntu/reddit_venv/lib/python3.10/site-packages/airflow/example_dags/example_local_kubernetes_executor.py
[2024-02-14T23:36:30.954+0000] {processor.py:183} INFO - Processing /home/ubuntu/reddit_venv/lib/python3.10/site-packages/airflow/example_dags/example_local_kubernetes_executor.py took 0.021 seconds
[2024-02-14T23:37:31.029+0000] {processor.py:161} INFO - Started process (PID=8328) to work on /home/ubuntu/reddit_venv/lib/python3.10/site-packages/airflow/example_dags/example_local_kubernetes_executor.py
[2024-02-14T23:37:31.031+0000] {processor.py:830} INFO - Processing file /home/ubuntu/reddit_venv/lib/python3.10/site-packages/airflow/example_dags/example_local_kubernetes_executor.py for tasks to queue
[2024-02-14T23:37:31.032+0000] {logging_mixin.py:188} INFO - [2024-02-14T23:37:31.031+0000] {dagbag.py:538} INFO - Filling up the DagBag from /home/ubuntu/reddit_venv/lib/python3.10/site-packages/airflow/example_dags/example_local_kubernetes_executor.py
[2024-02-14T23:37:31.035+0000] {logging_mixin.py:188} INFO - [2024-02-14T23:37:31.034+0000] {example_local_kubernetes_executor.py:39} WARNING - Could not import DAGs in example_local_kubernetes_executor.py
Traceback (most recent call last):
  File "/home/ubuntu/reddit_venv/lib/python3.10/site-packages/airflow/example_dags/example_local_kubernetes_executor.py", line 37, in <module>
    from kubernetes.client import models as k8s
ModuleNotFoundError: No module named 'kubernetes'
[2024-02-14T23:37:31.035+0000] {logging_mixin.py:188} INFO - [2024-02-14T23:37:31.035+0000] {example_local_kubernetes_executor.py:40} WARNING - Install Kubernetes dependencies with: pip install apache-airflow[cncf.kubernetes]
[2024-02-14T23:37:31.036+0000] {processor.py:842} WARNING - No viable dags retrieved from /home/ubuntu/reddit_venv/lib/python3.10/site-packages/airflow/example_dags/example_local_kubernetes_executor.py
[2024-02-14T23:37:31.046+0000] {processor.py:183} INFO - Processing /home/ubuntu/reddit_venv/lib/python3.10/site-packages/airflow/example_dags/example_local_kubernetes_executor.py took 0.020 seconds
[2024-02-14T23:38:28.185+0000] {processor.py:161} INFO - Started process (PID=8754) to work on /home/ubuntu/reddit_venv/lib/python3.10/site-packages/airflow/example_dags/example_local_kubernetes_executor.py
[2024-02-14T23:38:28.187+0000] {processor.py:830} INFO - Processing file /home/ubuntu/reddit_venv/lib/python3.10/site-packages/airflow/example_dags/example_local_kubernetes_executor.py for tasks to queue
[2024-02-14T23:38:28.188+0000] {logging_mixin.py:188} INFO - [2024-02-14T23:38:28.188+0000] {dagbag.py:538} INFO - Filling up the DagBag from /home/ubuntu/reddit_venv/lib/python3.10/site-packages/airflow/example_dags/example_local_kubernetes_executor.py
[2024-02-14T23:38:28.191+0000] {logging_mixin.py:188} INFO - [2024-02-14T23:38:28.191+0000] {example_local_kubernetes_executor.py:39} WARNING - Could not import DAGs in example_local_kubernetes_executor.py
Traceback (most recent call last):
  File "/home/ubuntu/reddit_venv/lib/python3.10/site-packages/airflow/example_dags/example_local_kubernetes_executor.py", line 37, in <module>
    from kubernetes.client import models as k8s
ModuleNotFoundError: No module named 'kubernetes'
[2024-02-14T23:38:28.192+0000] {logging_mixin.py:188} INFO - [2024-02-14T23:38:28.192+0000] {example_local_kubernetes_executor.py:40} WARNING - Install Kubernetes dependencies with: pip install apache-airflow[cncf.kubernetes]
[2024-02-14T23:38:28.192+0000] {processor.py:842} WARNING - No viable dags retrieved from /home/ubuntu/reddit_venv/lib/python3.10/site-packages/airflow/example_dags/example_local_kubernetes_executor.py
[2024-02-14T23:38:28.202+0000] {processor.py:183} INFO - Processing /home/ubuntu/reddit_venv/lib/python3.10/site-packages/airflow/example_dags/example_local_kubernetes_executor.py took 0.020 seconds
[2024-02-14T23:39:18.772+0000] {processor.py:161} INFO - Started process (PID=9181) to work on /home/ubuntu/reddit_venv/lib/python3.10/site-packages/airflow/example_dags/example_local_kubernetes_executor.py
[2024-02-14T23:39:18.774+0000] {processor.py:830} INFO - Processing file /home/ubuntu/reddit_venv/lib/python3.10/site-packages/airflow/example_dags/example_local_kubernetes_executor.py for tasks to queue
[2024-02-14T23:39:18.775+0000] {logging_mixin.py:188} INFO - [2024-02-14T23:39:18.774+0000] {dagbag.py:538} INFO - Filling up the DagBag from /home/ubuntu/reddit_venv/lib/python3.10/site-packages/airflow/example_dags/example_local_kubernetes_executor.py
[2024-02-14T23:39:18.778+0000] {logging_mixin.py:188} INFO - [2024-02-14T23:39:18.777+0000] {example_local_kubernetes_executor.py:39} WARNING - Could not import DAGs in example_local_kubernetes_executor.py
Traceback (most recent call last):
  File "/home/ubuntu/reddit_venv/lib/python3.10/site-packages/airflow/example_dags/example_local_kubernetes_executor.py", line 37, in <module>
    from kubernetes.client import models as k8s
ModuleNotFoundError: No module named 'kubernetes'
[2024-02-14T23:39:18.778+0000] {logging_mixin.py:188} INFO - [2024-02-14T23:39:18.778+0000] {example_local_kubernetes_executor.py:40} WARNING - Install Kubernetes dependencies with: pip install apache-airflow[cncf.kubernetes]
[2024-02-14T23:39:18.779+0000] {processor.py:842} WARNING - No viable dags retrieved from /home/ubuntu/reddit_venv/lib/python3.10/site-packages/airflow/example_dags/example_local_kubernetes_executor.py
[2024-02-14T23:39:18.789+0000] {processor.py:183} INFO - Processing /home/ubuntu/reddit_venv/lib/python3.10/site-packages/airflow/example_dags/example_local_kubernetes_executor.py took 0.020 seconds
[2024-02-14T23:40:05.182+0000] {processor.py:161} INFO - Started process (PID=9296) to work on /home/ubuntu/reddit_venv/lib/python3.10/site-packages/airflow/example_dags/example_local_kubernetes_executor.py
[2024-02-14T23:40:05.183+0000] {processor.py:830} INFO - Processing file /home/ubuntu/reddit_venv/lib/python3.10/site-packages/airflow/example_dags/example_local_kubernetes_executor.py for tasks to queue
[2024-02-14T23:40:05.184+0000] {logging_mixin.py:188} INFO - [2024-02-14T23:40:05.184+0000] {dagbag.py:538} INFO - Filling up the DagBag from /home/ubuntu/reddit_venv/lib/python3.10/site-packages/airflow/example_dags/example_local_kubernetes_executor.py
[2024-02-14T23:40:05.188+0000] {logging_mixin.py:188} INFO - [2024-02-14T23:40:05.187+0000] {example_local_kubernetes_executor.py:39} WARNING - Could not import DAGs in example_local_kubernetes_executor.py
Traceback (most recent call last):
  File "/home/ubuntu/reddit_venv/lib/python3.10/site-packages/airflow/example_dags/example_local_kubernetes_executor.py", line 37, in <module>
    from kubernetes.client import models as k8s
ModuleNotFoundError: No module named 'kubernetes'
[2024-02-14T23:40:05.188+0000] {logging_mixin.py:188} INFO - [2024-02-14T23:40:05.188+0000] {example_local_kubernetes_executor.py:40} WARNING - Install Kubernetes dependencies with: pip install apache-airflow[cncf.kubernetes]
[2024-02-14T23:40:05.188+0000] {processor.py:842} WARNING - No viable dags retrieved from /home/ubuntu/reddit_venv/lib/python3.10/site-packages/airflow/example_dags/example_local_kubernetes_executor.py
[2024-02-14T23:40:05.199+0000] {processor.py:183} INFO - Processing /home/ubuntu/reddit_venv/lib/python3.10/site-packages/airflow/example_dags/example_local_kubernetes_executor.py took 0.020 seconds
[2024-02-14T23:41:02.054+0000] {processor.py:161} INFO - Started process (PID=9421) to work on /home/ubuntu/reddit_venv/lib/python3.10/site-packages/airflow/example_dags/example_local_kubernetes_executor.py
[2024-02-14T23:41:02.055+0000] {processor.py:830} INFO - Processing file /home/ubuntu/reddit_venv/lib/python3.10/site-packages/airflow/example_dags/example_local_kubernetes_executor.py for tasks to queue
[2024-02-14T23:41:02.056+0000] {logging_mixin.py:188} INFO - [2024-02-14T23:41:02.056+0000] {dagbag.py:538} INFO - Filling up the DagBag from /home/ubuntu/reddit_venv/lib/python3.10/site-packages/airflow/example_dags/example_local_kubernetes_executor.py
[2024-02-14T23:41:02.060+0000] {logging_mixin.py:188} INFO - [2024-02-14T23:41:02.059+0000] {example_local_kubernetes_executor.py:39} WARNING - Could not import DAGs in example_local_kubernetes_executor.py
Traceback (most recent call last):
  File "/home/ubuntu/reddit_venv/lib/python3.10/site-packages/airflow/example_dags/example_local_kubernetes_executor.py", line 37, in <module>
    from kubernetes.client import models as k8s
ModuleNotFoundError: No module named 'kubernetes'
[2024-02-14T23:41:02.060+0000] {logging_mixin.py:188} INFO - [2024-02-14T23:41:02.060+0000] {example_local_kubernetes_executor.py:40} WARNING - Install Kubernetes dependencies with: pip install apache-airflow[cncf.kubernetes]
[2024-02-14T23:41:02.060+0000] {processor.py:842} WARNING - No viable dags retrieved from /home/ubuntu/reddit_venv/lib/python3.10/site-packages/airflow/example_dags/example_local_kubernetes_executor.py
[2024-02-14T23:41:02.070+0000] {processor.py:183} INFO - Processing /home/ubuntu/reddit_venv/lib/python3.10/site-packages/airflow/example_dags/example_local_kubernetes_executor.py took 0.020 seconds
[2024-02-14T23:41:58.266+0000] {processor.py:161} INFO - Started process (PID=9544) to work on /home/ubuntu/reddit_venv/lib/python3.10/site-packages/airflow/example_dags/example_local_kubernetes_executor.py
[2024-02-14T23:41:58.267+0000] {processor.py:830} INFO - Processing file /home/ubuntu/reddit_venv/lib/python3.10/site-packages/airflow/example_dags/example_local_kubernetes_executor.py for tasks to queue
[2024-02-14T23:41:58.268+0000] {logging_mixin.py:188} INFO - [2024-02-14T23:41:58.268+0000] {dagbag.py:538} INFO - Filling up the DagBag from /home/ubuntu/reddit_venv/lib/python3.10/site-packages/airflow/example_dags/example_local_kubernetes_executor.py
[2024-02-14T23:41:58.272+0000] {logging_mixin.py:188} INFO - [2024-02-14T23:41:58.271+0000] {example_local_kubernetes_executor.py:39} WARNING - Could not import DAGs in example_local_kubernetes_executor.py
Traceback (most recent call last):
  File "/home/ubuntu/reddit_venv/lib/python3.10/site-packages/airflow/example_dags/example_local_kubernetes_executor.py", line 37, in <module>
    from kubernetes.client import models as k8s
ModuleNotFoundError: No module named 'kubernetes'
[2024-02-14T23:41:58.272+0000] {logging_mixin.py:188} INFO - [2024-02-14T23:41:58.272+0000] {example_local_kubernetes_executor.py:40} WARNING - Install Kubernetes dependencies with: pip install apache-airflow[cncf.kubernetes]
[2024-02-14T23:41:58.272+0000] {processor.py:842} WARNING - No viable dags retrieved from /home/ubuntu/reddit_venv/lib/python3.10/site-packages/airflow/example_dags/example_local_kubernetes_executor.py
[2024-02-14T23:41:58.283+0000] {processor.py:183} INFO - Processing /home/ubuntu/reddit_venv/lib/python3.10/site-packages/airflow/example_dags/example_local_kubernetes_executor.py took 0.021 seconds
[2024-02-14T23:42:54.038+0000] {processor.py:161} INFO - Started process (PID=9669) to work on /home/ubuntu/reddit_venv/lib/python3.10/site-packages/airflow/example_dags/example_local_kubernetes_executor.py
[2024-02-14T23:42:54.040+0000] {processor.py:830} INFO - Processing file /home/ubuntu/reddit_venv/lib/python3.10/site-packages/airflow/example_dags/example_local_kubernetes_executor.py for tasks to queue
[2024-02-14T23:42:54.040+0000] {logging_mixin.py:188} INFO - [2024-02-14T23:42:54.040+0000] {dagbag.py:538} INFO - Filling up the DagBag from /home/ubuntu/reddit_venv/lib/python3.10/site-packages/airflow/example_dags/example_local_kubernetes_executor.py
[2024-02-14T23:42:54.044+0000] {logging_mixin.py:188} INFO - [2024-02-14T23:42:54.043+0000] {example_local_kubernetes_executor.py:39} WARNING - Could not import DAGs in example_local_kubernetes_executor.py
Traceback (most recent call last):
  File "/home/ubuntu/reddit_venv/lib/python3.10/site-packages/airflow/example_dags/example_local_kubernetes_executor.py", line 37, in <module>
    from kubernetes.client import models as k8s
ModuleNotFoundError: No module named 'kubernetes'
[2024-02-14T23:42:54.044+0000] {logging_mixin.py:188} INFO - [2024-02-14T23:42:54.044+0000] {example_local_kubernetes_executor.py:40} WARNING - Install Kubernetes dependencies with: pip install apache-airflow[cncf.kubernetes]
[2024-02-14T23:42:54.044+0000] {processor.py:842} WARNING - No viable dags retrieved from /home/ubuntu/reddit_venv/lib/python3.10/site-packages/airflow/example_dags/example_local_kubernetes_executor.py
[2024-02-14T23:42:54.055+0000] {processor.py:183} INFO - Processing /home/ubuntu/reddit_venv/lib/python3.10/site-packages/airflow/example_dags/example_local_kubernetes_executor.py took 0.020 seconds
[2024-02-14T23:43:52.953+0000] {processor.py:161} INFO - Started process (PID=9794) to work on /home/ubuntu/reddit_venv/lib/python3.10/site-packages/airflow/example_dags/example_local_kubernetes_executor.py
[2024-02-14T23:43:52.955+0000] {processor.py:830} INFO - Processing file /home/ubuntu/reddit_venv/lib/python3.10/site-packages/airflow/example_dags/example_local_kubernetes_executor.py for tasks to queue
[2024-02-14T23:43:52.956+0000] {logging_mixin.py:188} INFO - [2024-02-14T23:43:52.955+0000] {dagbag.py:538} INFO - Filling up the DagBag from /home/ubuntu/reddit_venv/lib/python3.10/site-packages/airflow/example_dags/example_local_kubernetes_executor.py
[2024-02-14T23:43:52.959+0000] {logging_mixin.py:188} INFO - [2024-02-14T23:43:52.959+0000] {example_local_kubernetes_executor.py:39} WARNING - Could not import DAGs in example_local_kubernetes_executor.py
Traceback (most recent call last):
  File "/home/ubuntu/reddit_venv/lib/python3.10/site-packages/airflow/example_dags/example_local_kubernetes_executor.py", line 37, in <module>
    from kubernetes.client import models as k8s
ModuleNotFoundError: No module named 'kubernetes'
[2024-02-14T23:43:52.960+0000] {logging_mixin.py:188} INFO - [2024-02-14T23:43:52.959+0000] {example_local_kubernetes_executor.py:40} WARNING - Install Kubernetes dependencies with: pip install apache-airflow[cncf.kubernetes]
[2024-02-14T23:43:52.960+0000] {processor.py:842} WARNING - No viable dags retrieved from /home/ubuntu/reddit_venv/lib/python3.10/site-packages/airflow/example_dags/example_local_kubernetes_executor.py
[2024-02-14T23:43:52.970+0000] {processor.py:183} INFO - Processing /home/ubuntu/reddit_venv/lib/python3.10/site-packages/airflow/example_dags/example_local_kubernetes_executor.py took 0.020 seconds
[2024-02-14T23:45:01.323+0000] {processor.py:161} INFO - Started process (PID=10244) to work on /home/ubuntu/reddit_venv/lib/python3.10/site-packages/airflow/example_dags/example_local_kubernetes_executor.py
[2024-02-14T23:45:01.324+0000] {processor.py:830} INFO - Processing file /home/ubuntu/reddit_venv/lib/python3.10/site-packages/airflow/example_dags/example_local_kubernetes_executor.py for tasks to queue
[2024-02-14T23:45:01.325+0000] {logging_mixin.py:188} INFO - [2024-02-14T23:45:01.325+0000] {dagbag.py:538} INFO - Filling up the DagBag from /home/ubuntu/reddit_venv/lib/python3.10/site-packages/airflow/example_dags/example_local_kubernetes_executor.py
[2024-02-14T23:45:01.329+0000] {logging_mixin.py:188} INFO - [2024-02-14T23:45:01.328+0000] {example_local_kubernetes_executor.py:39} WARNING - Could not import DAGs in example_local_kubernetes_executor.py
Traceback (most recent call last):
  File "/home/ubuntu/reddit_venv/lib/python3.10/site-packages/airflow/example_dags/example_local_kubernetes_executor.py", line 37, in <module>
    from kubernetes.client import models as k8s
ModuleNotFoundError: No module named 'kubernetes'
[2024-02-14T23:45:01.329+0000] {logging_mixin.py:188} INFO - [2024-02-14T23:45:01.329+0000] {example_local_kubernetes_executor.py:40} WARNING - Install Kubernetes dependencies with: pip install apache-airflow[cncf.kubernetes]
[2024-02-14T23:45:01.329+0000] {processor.py:842} WARNING - No viable dags retrieved from /home/ubuntu/reddit_venv/lib/python3.10/site-packages/airflow/example_dags/example_local_kubernetes_executor.py
[2024-02-14T23:45:01.340+0000] {processor.py:183} INFO - Processing /home/ubuntu/reddit_venv/lib/python3.10/site-packages/airflow/example_dags/example_local_kubernetes_executor.py took 0.021 seconds
[2024-02-14T23:45:47.024+0000] {processor.py:161} INFO - Started process (PID=10357) to work on /home/ubuntu/reddit_venv/lib/python3.10/site-packages/airflow/example_dags/example_local_kubernetes_executor.py
[2024-02-14T23:45:47.028+0000] {processor.py:830} INFO - Processing file /home/ubuntu/reddit_venv/lib/python3.10/site-packages/airflow/example_dags/example_local_kubernetes_executor.py for tasks to queue
[2024-02-14T23:45:47.029+0000] {logging_mixin.py:188} INFO - [2024-02-14T23:45:47.029+0000] {dagbag.py:538} INFO - Filling up the DagBag from /home/ubuntu/reddit_venv/lib/python3.10/site-packages/airflow/example_dags/example_local_kubernetes_executor.py
[2024-02-14T23:45:47.033+0000] {logging_mixin.py:188} INFO - [2024-02-14T23:45:47.032+0000] {example_local_kubernetes_executor.py:39} WARNING - Could not import DAGs in example_local_kubernetes_executor.py
Traceback (most recent call last):
  File "/home/ubuntu/reddit_venv/lib/python3.10/site-packages/airflow/example_dags/example_local_kubernetes_executor.py", line 37, in <module>
    from kubernetes.client import models as k8s
ModuleNotFoundError: No module named 'kubernetes'
[2024-02-14T23:45:47.033+0000] {logging_mixin.py:188} INFO - [2024-02-14T23:45:47.033+0000] {example_local_kubernetes_executor.py:40} WARNING - Install Kubernetes dependencies with: pip install apache-airflow[cncf.kubernetes]
[2024-02-14T23:45:47.033+0000] {processor.py:842} WARNING - No viable dags retrieved from /home/ubuntu/reddit_venv/lib/python3.10/site-packages/airflow/example_dags/example_local_kubernetes_executor.py
[2024-02-14T23:45:47.043+0000] {processor.py:183} INFO - Processing /home/ubuntu/reddit_venv/lib/python3.10/site-packages/airflow/example_dags/example_local_kubernetes_executor.py took 0.022 seconds
[2024-02-14T23:46:40.183+0000] {processor.py:161} INFO - Started process (PID=10479) to work on /home/ubuntu/reddit_venv/lib/python3.10/site-packages/airflow/example_dags/example_local_kubernetes_executor.py
[2024-02-14T23:46:40.184+0000] {processor.py:830} INFO - Processing file /home/ubuntu/reddit_venv/lib/python3.10/site-packages/airflow/example_dags/example_local_kubernetes_executor.py for tasks to queue
[2024-02-14T23:46:40.185+0000] {logging_mixin.py:188} INFO - [2024-02-14T23:46:40.185+0000] {dagbag.py:538} INFO - Filling up the DagBag from /home/ubuntu/reddit_venv/lib/python3.10/site-packages/airflow/example_dags/example_local_kubernetes_executor.py
[2024-02-14T23:46:40.189+0000] {logging_mixin.py:188} INFO - [2024-02-14T23:46:40.188+0000] {example_local_kubernetes_executor.py:39} WARNING - Could not import DAGs in example_local_kubernetes_executor.py
Traceback (most recent call last):
  File "/home/ubuntu/reddit_venv/lib/python3.10/site-packages/airflow/example_dags/example_local_kubernetes_executor.py", line 37, in <module>
    from kubernetes.client import models as k8s
ModuleNotFoundError: No module named 'kubernetes'
[2024-02-14T23:46:40.189+0000] {logging_mixin.py:188} INFO - [2024-02-14T23:46:40.189+0000] {example_local_kubernetes_executor.py:40} WARNING - Install Kubernetes dependencies with: pip install apache-airflow[cncf.kubernetes]
[2024-02-14T23:46:40.189+0000] {processor.py:842} WARNING - No viable dags retrieved from /home/ubuntu/reddit_venv/lib/python3.10/site-packages/airflow/example_dags/example_local_kubernetes_executor.py
[2024-02-14T23:46:40.200+0000] {processor.py:183} INFO - Processing /home/ubuntu/reddit_venv/lib/python3.10/site-packages/airflow/example_dags/example_local_kubernetes_executor.py took 0.020 seconds
[2024-02-14T23:47:36.002+0000] {processor.py:161} INFO - Started process (PID=10602) to work on /home/ubuntu/reddit_venv/lib/python3.10/site-packages/airflow/example_dags/example_local_kubernetes_executor.py
[2024-02-14T23:47:36.004+0000] {processor.py:830} INFO - Processing file /home/ubuntu/reddit_venv/lib/python3.10/site-packages/airflow/example_dags/example_local_kubernetes_executor.py for tasks to queue
[2024-02-14T23:47:36.005+0000] {logging_mixin.py:188} INFO - [2024-02-14T23:47:36.004+0000] {dagbag.py:538} INFO - Filling up the DagBag from /home/ubuntu/reddit_venv/lib/python3.10/site-packages/airflow/example_dags/example_local_kubernetes_executor.py
[2024-02-14T23:47:36.008+0000] {logging_mixin.py:188} INFO - [2024-02-14T23:47:36.008+0000] {example_local_kubernetes_executor.py:39} WARNING - Could not import DAGs in example_local_kubernetes_executor.py
Traceback (most recent call last):
  File "/home/ubuntu/reddit_venv/lib/python3.10/site-packages/airflow/example_dags/example_local_kubernetes_executor.py", line 37, in <module>
    from kubernetes.client import models as k8s
ModuleNotFoundError: No module named 'kubernetes'
[2024-02-14T23:47:36.009+0000] {logging_mixin.py:188} INFO - [2024-02-14T23:47:36.008+0000] {example_local_kubernetes_executor.py:40} WARNING - Install Kubernetes dependencies with: pip install apache-airflow[cncf.kubernetes]
[2024-02-14T23:47:36.009+0000] {processor.py:842} WARNING - No viable dags retrieved from /home/ubuntu/reddit_venv/lib/python3.10/site-packages/airflow/example_dags/example_local_kubernetes_executor.py
[2024-02-14T23:47:36.019+0000] {processor.py:183} INFO - Processing /home/ubuntu/reddit_venv/lib/python3.10/site-packages/airflow/example_dags/example_local_kubernetes_executor.py took 0.020 seconds
[2024-02-14T23:48:36.151+0000] {processor.py:161} INFO - Started process (PID=10733) to work on /home/ubuntu/reddit_venv/lib/python3.10/site-packages/airflow/example_dags/example_local_kubernetes_executor.py
[2024-02-14T23:48:36.152+0000] {processor.py:830} INFO - Processing file /home/ubuntu/reddit_venv/lib/python3.10/site-packages/airflow/example_dags/example_local_kubernetes_executor.py for tasks to queue
[2024-02-14T23:48:36.153+0000] {logging_mixin.py:188} INFO - [2024-02-14T23:48:36.153+0000] {dagbag.py:538} INFO - Filling up the DagBag from /home/ubuntu/reddit_venv/lib/python3.10/site-packages/airflow/example_dags/example_local_kubernetes_executor.py
[2024-02-14T23:48:36.156+0000] {logging_mixin.py:188} INFO - [2024-02-14T23:48:36.156+0000] {example_local_kubernetes_executor.py:39} WARNING - Could not import DAGs in example_local_kubernetes_executor.py
Traceback (most recent call last):
  File "/home/ubuntu/reddit_venv/lib/python3.10/site-packages/airflow/example_dags/example_local_kubernetes_executor.py", line 37, in <module>
    from kubernetes.client import models as k8s
ModuleNotFoundError: No module named 'kubernetes'
[2024-02-14T23:48:36.157+0000] {logging_mixin.py:188} INFO - [2024-02-14T23:48:36.157+0000] {example_local_kubernetes_executor.py:40} WARNING - Install Kubernetes dependencies with: pip install apache-airflow[cncf.kubernetes]
[2024-02-14T23:48:36.157+0000] {processor.py:842} WARNING - No viable dags retrieved from /home/ubuntu/reddit_venv/lib/python3.10/site-packages/airflow/example_dags/example_local_kubernetes_executor.py
[2024-02-14T23:48:36.167+0000] {processor.py:183} INFO - Processing /home/ubuntu/reddit_venv/lib/python3.10/site-packages/airflow/example_dags/example_local_kubernetes_executor.py took 0.019 seconds
[2024-02-14T23:49:28.561+0000] {processor.py:161} INFO - Started process (PID=10856) to work on /home/ubuntu/reddit_venv/lib/python3.10/site-packages/airflow/example_dags/example_local_kubernetes_executor.py
[2024-02-14T23:49:28.563+0000] {processor.py:830} INFO - Processing file /home/ubuntu/reddit_venv/lib/python3.10/site-packages/airflow/example_dags/example_local_kubernetes_executor.py for tasks to queue
[2024-02-14T23:49:28.564+0000] {logging_mixin.py:188} INFO - [2024-02-14T23:49:28.564+0000] {dagbag.py:538} INFO - Filling up the DagBag from /home/ubuntu/reddit_venv/lib/python3.10/site-packages/airflow/example_dags/example_local_kubernetes_executor.py
[2024-02-14T23:49:28.567+0000] {logging_mixin.py:188} INFO - [2024-02-14T23:49:28.567+0000] {example_local_kubernetes_executor.py:39} WARNING - Could not import DAGs in example_local_kubernetes_executor.py
Traceback (most recent call last):
  File "/home/ubuntu/reddit_venv/lib/python3.10/site-packages/airflow/example_dags/example_local_kubernetes_executor.py", line 37, in <module>
    from kubernetes.client import models as k8s
ModuleNotFoundError: No module named 'kubernetes'
[2024-02-14T23:49:28.568+0000] {logging_mixin.py:188} INFO - [2024-02-14T23:49:28.567+0000] {example_local_kubernetes_executor.py:40} WARNING - Install Kubernetes dependencies with: pip install apache-airflow[cncf.kubernetes]
[2024-02-14T23:49:28.568+0000] {processor.py:842} WARNING - No viable dags retrieved from /home/ubuntu/reddit_venv/lib/python3.10/site-packages/airflow/example_dags/example_local_kubernetes_executor.py
[2024-02-14T23:49:28.578+0000] {processor.py:183} INFO - Processing /home/ubuntu/reddit_venv/lib/python3.10/site-packages/airflow/example_dags/example_local_kubernetes_executor.py took 0.020 seconds
[2024-02-14T23:50:25.260+0000] {processor.py:161} INFO - Started process (PID=10982) to work on /home/ubuntu/reddit_venv/lib/python3.10/site-packages/airflow/example_dags/example_local_kubernetes_executor.py
[2024-02-14T23:50:25.262+0000] {processor.py:830} INFO - Processing file /home/ubuntu/reddit_venv/lib/python3.10/site-packages/airflow/example_dags/example_local_kubernetes_executor.py for tasks to queue
[2024-02-14T23:50:25.263+0000] {logging_mixin.py:188} INFO - [2024-02-14T23:50:25.262+0000] {dagbag.py:538} INFO - Filling up the DagBag from /home/ubuntu/reddit_venv/lib/python3.10/site-packages/airflow/example_dags/example_local_kubernetes_executor.py
[2024-02-14T23:50:25.266+0000] {logging_mixin.py:188} INFO - [2024-02-14T23:50:25.265+0000] {example_local_kubernetes_executor.py:39} WARNING - Could not import DAGs in example_local_kubernetes_executor.py
Traceback (most recent call last):
  File "/home/ubuntu/reddit_venv/lib/python3.10/site-packages/airflow/example_dags/example_local_kubernetes_executor.py", line 37, in <module>
    from kubernetes.client import models as k8s
ModuleNotFoundError: No module named 'kubernetes'
[2024-02-14T23:50:25.266+0000] {logging_mixin.py:188} INFO - [2024-02-14T23:50:25.266+0000] {example_local_kubernetes_executor.py:40} WARNING - Install Kubernetes dependencies with: pip install apache-airflow[cncf.kubernetes]
[2024-02-14T23:50:25.267+0000] {processor.py:842} WARNING - No viable dags retrieved from /home/ubuntu/reddit_venv/lib/python3.10/site-packages/airflow/example_dags/example_local_kubernetes_executor.py
[2024-02-14T23:50:25.277+0000] {processor.py:183} INFO - Processing /home/ubuntu/reddit_venv/lib/python3.10/site-packages/airflow/example_dags/example_local_kubernetes_executor.py took 0.020 seconds
[2024-02-14T23:51:22.982+0000] {processor.py:161} INFO - Started process (PID=11105) to work on /home/ubuntu/reddit_venv/lib/python3.10/site-packages/airflow/example_dags/example_local_kubernetes_executor.py
[2024-02-14T23:51:22.984+0000] {processor.py:830} INFO - Processing file /home/ubuntu/reddit_venv/lib/python3.10/site-packages/airflow/example_dags/example_local_kubernetes_executor.py for tasks to queue
[2024-02-14T23:51:22.984+0000] {logging_mixin.py:188} INFO - [2024-02-14T23:51:22.984+0000] {dagbag.py:538} INFO - Filling up the DagBag from /home/ubuntu/reddit_venv/lib/python3.10/site-packages/airflow/example_dags/example_local_kubernetes_executor.py
[2024-02-14T23:51:22.988+0000] {logging_mixin.py:188} INFO - [2024-02-14T23:51:22.987+0000] {example_local_kubernetes_executor.py:39} WARNING - Could not import DAGs in example_local_kubernetes_executor.py
Traceback (most recent call last):
  File "/home/ubuntu/reddit_venv/lib/python3.10/site-packages/airflow/example_dags/example_local_kubernetes_executor.py", line 37, in <module>
    from kubernetes.client import models as k8s
ModuleNotFoundError: No module named 'kubernetes'
[2024-02-14T23:51:22.988+0000] {logging_mixin.py:188} INFO - [2024-02-14T23:51:22.988+0000] {example_local_kubernetes_executor.py:40} WARNING - Install Kubernetes dependencies with: pip install apache-airflow[cncf.kubernetes]
[2024-02-14T23:51:22.988+0000] {processor.py:842} WARNING - No viable dags retrieved from /home/ubuntu/reddit_venv/lib/python3.10/site-packages/airflow/example_dags/example_local_kubernetes_executor.py
[2024-02-14T23:51:22.998+0000] {processor.py:183} INFO - Processing /home/ubuntu/reddit_venv/lib/python3.10/site-packages/airflow/example_dags/example_local_kubernetes_executor.py took 0.020 seconds
[2024-02-14T23:52:22.354+0000] {processor.py:161} INFO - Started process (PID=11234) to work on /home/ubuntu/reddit_venv/lib/python3.10/site-packages/airflow/example_dags/example_local_kubernetes_executor.py
[2024-02-14T23:52:22.355+0000] {processor.py:830} INFO - Processing file /home/ubuntu/reddit_venv/lib/python3.10/site-packages/airflow/example_dags/example_local_kubernetes_executor.py for tasks to queue
[2024-02-14T23:52:22.356+0000] {logging_mixin.py:188} INFO - [2024-02-14T23:52:22.356+0000] {dagbag.py:538} INFO - Filling up the DagBag from /home/ubuntu/reddit_venv/lib/python3.10/site-packages/airflow/example_dags/example_local_kubernetes_executor.py
[2024-02-14T23:52:22.360+0000] {logging_mixin.py:188} INFO - [2024-02-14T23:52:22.359+0000] {example_local_kubernetes_executor.py:39} WARNING - Could not import DAGs in example_local_kubernetes_executor.py
Traceback (most recent call last):
  File "/home/ubuntu/reddit_venv/lib/python3.10/site-packages/airflow/example_dags/example_local_kubernetes_executor.py", line 37, in <module>
    from kubernetes.client import models as k8s
ModuleNotFoundError: No module named 'kubernetes'
[2024-02-14T23:52:22.360+0000] {logging_mixin.py:188} INFO - [2024-02-14T23:52:22.360+0000] {example_local_kubernetes_executor.py:40} WARNING - Install Kubernetes dependencies with: pip install apache-airflow[cncf.kubernetes]
[2024-02-14T23:52:22.361+0000] {processor.py:842} WARNING - No viable dags retrieved from /home/ubuntu/reddit_venv/lib/python3.10/site-packages/airflow/example_dags/example_local_kubernetes_executor.py
[2024-02-14T23:52:22.371+0000] {processor.py:183} INFO - Processing /home/ubuntu/reddit_venv/lib/python3.10/site-packages/airflow/example_dags/example_local_kubernetes_executor.py took 0.020 seconds
[2024-02-14T23:53:06.854+0000] {processor.py:161} INFO - Started process (PID=11342) to work on /home/ubuntu/reddit_venv/lib/python3.10/site-packages/airflow/example_dags/example_local_kubernetes_executor.py
[2024-02-14T23:53:06.856+0000] {processor.py:830} INFO - Processing file /home/ubuntu/reddit_venv/lib/python3.10/site-packages/airflow/example_dags/example_local_kubernetes_executor.py for tasks to queue
[2024-02-14T23:53:06.857+0000] {logging_mixin.py:188} INFO - [2024-02-14T23:53:06.856+0000] {dagbag.py:538} INFO - Filling up the DagBag from /home/ubuntu/reddit_venv/lib/python3.10/site-packages/airflow/example_dags/example_local_kubernetes_executor.py
[2024-02-14T23:53:06.860+0000] {logging_mixin.py:188} INFO - [2024-02-14T23:53:06.860+0000] {example_local_kubernetes_executor.py:39} WARNING - Could not import DAGs in example_local_kubernetes_executor.py
Traceback (most recent call last):
  File "/home/ubuntu/reddit_venv/lib/python3.10/site-packages/airflow/example_dags/example_local_kubernetes_executor.py", line 37, in <module>
    from kubernetes.client import models as k8s
ModuleNotFoundError: No module named 'kubernetes'
[2024-02-14T23:53:06.861+0000] {logging_mixin.py:188} INFO - [2024-02-14T23:53:06.861+0000] {example_local_kubernetes_executor.py:40} WARNING - Install Kubernetes dependencies with: pip install apache-airflow[cncf.kubernetes]
[2024-02-14T23:53:06.861+0000] {processor.py:842} WARNING - No viable dags retrieved from /home/ubuntu/reddit_venv/lib/python3.10/site-packages/airflow/example_dags/example_local_kubernetes_executor.py
[2024-02-14T23:53:06.872+0000] {processor.py:183} INFO - Processing /home/ubuntu/reddit_venv/lib/python3.10/site-packages/airflow/example_dags/example_local_kubernetes_executor.py took 0.021 seconds
[2024-02-14T23:54:08.791+0000] {processor.py:161} INFO - Started process (PID=11472) to work on /home/ubuntu/reddit_venv/lib/python3.10/site-packages/airflow/example_dags/example_local_kubernetes_executor.py
[2024-02-14T23:54:08.793+0000] {processor.py:830} INFO - Processing file /home/ubuntu/reddit_venv/lib/python3.10/site-packages/airflow/example_dags/example_local_kubernetes_executor.py for tasks to queue
[2024-02-14T23:54:08.794+0000] {logging_mixin.py:188} INFO - [2024-02-14T23:54:08.794+0000] {dagbag.py:538} INFO - Filling up the DagBag from /home/ubuntu/reddit_venv/lib/python3.10/site-packages/airflow/example_dags/example_local_kubernetes_executor.py
[2024-02-14T23:54:08.797+0000] {logging_mixin.py:188} INFO - [2024-02-14T23:54:08.797+0000] {example_local_kubernetes_executor.py:39} WARNING - Could not import DAGs in example_local_kubernetes_executor.py
Traceback (most recent call last):
  File "/home/ubuntu/reddit_venv/lib/python3.10/site-packages/airflow/example_dags/example_local_kubernetes_executor.py", line 37, in <module>
    from kubernetes.client import models as k8s
ModuleNotFoundError: No module named 'kubernetes'
[2024-02-14T23:54:08.798+0000] {logging_mixin.py:188} INFO - [2024-02-14T23:54:08.797+0000] {example_local_kubernetes_executor.py:40} WARNING - Install Kubernetes dependencies with: pip install apache-airflow[cncf.kubernetes]
[2024-02-14T23:54:08.798+0000] {processor.py:842} WARNING - No viable dags retrieved from /home/ubuntu/reddit_venv/lib/python3.10/site-packages/airflow/example_dags/example_local_kubernetes_executor.py
[2024-02-14T23:54:08.808+0000] {processor.py:183} INFO - Processing /home/ubuntu/reddit_venv/lib/python3.10/site-packages/airflow/example_dags/example_local_kubernetes_executor.py took 0.020 seconds
[2024-02-14T23:54:51.181+0000] {processor.py:161} INFO - Started process (PID=11642) to work on /home/ubuntu/reddit_venv/lib/python3.10/site-packages/airflow/example_dags/example_local_kubernetes_executor.py
[2024-02-14T23:54:51.183+0000] {processor.py:830} INFO - Processing file /home/ubuntu/reddit_venv/lib/python3.10/site-packages/airflow/example_dags/example_local_kubernetes_executor.py for tasks to queue
[2024-02-14T23:54:51.184+0000] {logging_mixin.py:188} INFO - [2024-02-14T23:54:51.184+0000] {dagbag.py:538} INFO - Filling up the DagBag from /home/ubuntu/reddit_venv/lib/python3.10/site-packages/airflow/example_dags/example_local_kubernetes_executor.py
[2024-02-14T23:54:51.187+0000] {logging_mixin.py:188} INFO - [2024-02-14T23:54:51.187+0000] {example_local_kubernetes_executor.py:39} WARNING - Could not import DAGs in example_local_kubernetes_executor.py
Traceback (most recent call last):
  File "/home/ubuntu/reddit_venv/lib/python3.10/site-packages/airflow/example_dags/example_local_kubernetes_executor.py", line 37, in <module>
    from kubernetes.client import models as k8s
ModuleNotFoundError: No module named 'kubernetes'
[2024-02-14T23:54:51.188+0000] {logging_mixin.py:188} INFO - [2024-02-14T23:54:51.187+0000] {example_local_kubernetes_executor.py:40} WARNING - Install Kubernetes dependencies with: pip install apache-airflow[cncf.kubernetes]
[2024-02-14T23:54:51.188+0000] {processor.py:842} WARNING - No viable dags retrieved from /home/ubuntu/reddit_venv/lib/python3.10/site-packages/airflow/example_dags/example_local_kubernetes_executor.py
[2024-02-14T23:54:51.198+0000] {processor.py:183} INFO - Processing /home/ubuntu/reddit_venv/lib/python3.10/site-packages/airflow/example_dags/example_local_kubernetes_executor.py took 0.020 seconds
[2024-02-14T23:55:49.276+0000] {processor.py:161} INFO - Started process (PID=11768) to work on /home/ubuntu/reddit_venv/lib/python3.10/site-packages/airflow/example_dags/example_local_kubernetes_executor.py
[2024-02-14T23:55:49.277+0000] {processor.py:830} INFO - Processing file /home/ubuntu/reddit_venv/lib/python3.10/site-packages/airflow/example_dags/example_local_kubernetes_executor.py for tasks to queue
[2024-02-14T23:55:49.278+0000] {logging_mixin.py:188} INFO - [2024-02-14T23:55:49.278+0000] {dagbag.py:538} INFO - Filling up the DagBag from /home/ubuntu/reddit_venv/lib/python3.10/site-packages/airflow/example_dags/example_local_kubernetes_executor.py
[2024-02-14T23:55:49.281+0000] {logging_mixin.py:188} INFO - [2024-02-14T23:55:49.281+0000] {example_local_kubernetes_executor.py:39} WARNING - Could not import DAGs in example_local_kubernetes_executor.py
Traceback (most recent call last):
  File "/home/ubuntu/reddit_venv/lib/python3.10/site-packages/airflow/example_dags/example_local_kubernetes_executor.py", line 37, in <module>
    from kubernetes.client import models as k8s
ModuleNotFoundError: No module named 'kubernetes'
[2024-02-14T23:55:49.282+0000] {logging_mixin.py:188} INFO - [2024-02-14T23:55:49.282+0000] {example_local_kubernetes_executor.py:40} WARNING - Install Kubernetes dependencies with: pip install apache-airflow[cncf.kubernetes]
[2024-02-14T23:55:49.282+0000] {processor.py:842} WARNING - No viable dags retrieved from /home/ubuntu/reddit_venv/lib/python3.10/site-packages/airflow/example_dags/example_local_kubernetes_executor.py
[2024-02-14T23:55:49.292+0000] {processor.py:183} INFO - Processing /home/ubuntu/reddit_venv/lib/python3.10/site-packages/airflow/example_dags/example_local_kubernetes_executor.py took 0.020 seconds
[2024-02-14T23:56:47.936+0000] {processor.py:161} INFO - Started process (PID=12466) to work on /home/ubuntu/reddit_venv/lib/python3.10/site-packages/airflow/example_dags/example_local_kubernetes_executor.py
[2024-02-14T23:56:47.938+0000] {processor.py:830} INFO - Processing file /home/ubuntu/reddit_venv/lib/python3.10/site-packages/airflow/example_dags/example_local_kubernetes_executor.py for tasks to queue
[2024-02-14T23:56:47.939+0000] {logging_mixin.py:188} INFO - [2024-02-14T23:56:47.938+0000] {dagbag.py:538} INFO - Filling up the DagBag from /home/ubuntu/reddit_venv/lib/python3.10/site-packages/airflow/example_dags/example_local_kubernetes_executor.py
[2024-02-14T23:56:47.942+0000] {logging_mixin.py:188} INFO - [2024-02-14T23:56:47.942+0000] {example_local_kubernetes_executor.py:39} WARNING - Could not import DAGs in example_local_kubernetes_executor.py
Traceback (most recent call last):
  File "/home/ubuntu/reddit_venv/lib/python3.10/site-packages/airflow/example_dags/example_local_kubernetes_executor.py", line 37, in <module>
    from kubernetes.client import models as k8s
ModuleNotFoundError: No module named 'kubernetes'
[2024-02-14T23:56:47.943+0000] {logging_mixin.py:188} INFO - [2024-02-14T23:56:47.942+0000] {example_local_kubernetes_executor.py:40} WARNING - Install Kubernetes dependencies with: pip install apache-airflow[cncf.kubernetes]
[2024-02-14T23:56:47.943+0000] {processor.py:842} WARNING - No viable dags retrieved from /home/ubuntu/reddit_venv/lib/python3.10/site-packages/airflow/example_dags/example_local_kubernetes_executor.py
[2024-02-14T23:56:47.953+0000] {processor.py:183} INFO - Processing /home/ubuntu/reddit_venv/lib/python3.10/site-packages/airflow/example_dags/example_local_kubernetes_executor.py took 0.020 seconds
[2024-02-14T23:57:44.845+0000] {processor.py:161} INFO - Started process (PID=19727) to work on /home/ubuntu/reddit_venv/lib/python3.10/site-packages/airflow/example_dags/example_local_kubernetes_executor.py
[2024-02-14T23:57:44.847+0000] {processor.py:830} INFO - Processing file /home/ubuntu/reddit_venv/lib/python3.10/site-packages/airflow/example_dags/example_local_kubernetes_executor.py for tasks to queue
[2024-02-14T23:57:44.848+0000] {logging_mixin.py:188} INFO - [2024-02-14T23:57:44.847+0000] {dagbag.py:538} INFO - Filling up the DagBag from /home/ubuntu/reddit_venv/lib/python3.10/site-packages/airflow/example_dags/example_local_kubernetes_executor.py
[2024-02-14T23:57:44.851+0000] {logging_mixin.py:188} INFO - [2024-02-14T23:57:44.850+0000] {example_local_kubernetes_executor.py:39} WARNING - Could not import DAGs in example_local_kubernetes_executor.py
Traceback (most recent call last):
  File "/home/ubuntu/reddit_venv/lib/python3.10/site-packages/airflow/example_dags/example_local_kubernetes_executor.py", line 37, in <module>
    from kubernetes.client import models as k8s
ModuleNotFoundError: No module named 'kubernetes'
[2024-02-14T23:57:44.851+0000] {logging_mixin.py:188} INFO - [2024-02-14T23:57:44.851+0000] {example_local_kubernetes_executor.py:40} WARNING - Install Kubernetes dependencies with: pip install apache-airflow[cncf.kubernetes]
[2024-02-14T23:57:44.852+0000] {processor.py:842} WARNING - No viable dags retrieved from /home/ubuntu/reddit_venv/lib/python3.10/site-packages/airflow/example_dags/example_local_kubernetes_executor.py
[2024-02-14T23:57:44.862+0000] {processor.py:183} INFO - Processing /home/ubuntu/reddit_venv/lib/python3.10/site-packages/airflow/example_dags/example_local_kubernetes_executor.py took 0.020 seconds
[2024-02-14T23:58:47.928+0000] {processor.py:161} INFO - Started process (PID=22408) to work on /home/ubuntu/reddit_venv/lib/python3.10/site-packages/airflow/example_dags/example_local_kubernetes_executor.py
[2024-02-14T23:58:47.932+0000] {processor.py:830} INFO - Processing file /home/ubuntu/reddit_venv/lib/python3.10/site-packages/airflow/example_dags/example_local_kubernetes_executor.py for tasks to queue
[2024-02-14T23:58:47.933+0000] {logging_mixin.py:188} INFO - [2024-02-14T23:58:47.932+0000] {dagbag.py:538} INFO - Filling up the DagBag from /home/ubuntu/reddit_venv/lib/python3.10/site-packages/airflow/example_dags/example_local_kubernetes_executor.py
[2024-02-14T23:58:47.936+0000] {logging_mixin.py:188} INFO - [2024-02-14T23:58:47.936+0000] {example_local_kubernetes_executor.py:39} WARNING - Could not import DAGs in example_local_kubernetes_executor.py
Traceback (most recent call last):
  File "/home/ubuntu/reddit_venv/lib/python3.10/site-packages/airflow/example_dags/example_local_kubernetes_executor.py", line 37, in <module>
    from kubernetes.client import models as k8s
ModuleNotFoundError: No module named 'kubernetes'
[2024-02-14T23:58:47.937+0000] {logging_mixin.py:188} INFO - [2024-02-14T23:58:47.936+0000] {example_local_kubernetes_executor.py:40} WARNING - Install Kubernetes dependencies with: pip install apache-airflow[cncf.kubernetes]
[2024-02-14T23:58:47.937+0000] {processor.py:842} WARNING - No viable dags retrieved from /home/ubuntu/reddit_venv/lib/python3.10/site-packages/airflow/example_dags/example_local_kubernetes_executor.py
[2024-02-14T23:58:47.947+0000] {processor.py:183} INFO - Processing /home/ubuntu/reddit_venv/lib/python3.10/site-packages/airflow/example_dags/example_local_kubernetes_executor.py took 0.022 seconds
[2024-02-14T23:59:29.807+0000] {processor.py:161} INFO - Started process (PID=22515) to work on /home/ubuntu/reddit_venv/lib/python3.10/site-packages/airflow/example_dags/example_local_kubernetes_executor.py
[2024-02-14T23:59:29.808+0000] {processor.py:830} INFO - Processing file /home/ubuntu/reddit_venv/lib/python3.10/site-packages/airflow/example_dags/example_local_kubernetes_executor.py for tasks to queue
[2024-02-14T23:59:29.809+0000] {logging_mixin.py:188} INFO - [2024-02-14T23:59:29.809+0000] {dagbag.py:538} INFO - Filling up the DagBag from /home/ubuntu/reddit_venv/lib/python3.10/site-packages/airflow/example_dags/example_local_kubernetes_executor.py
[2024-02-14T23:59:29.813+0000] {logging_mixin.py:188} INFO - [2024-02-14T23:59:29.812+0000] {example_local_kubernetes_executor.py:39} WARNING - Could not import DAGs in example_local_kubernetes_executor.py
Traceback (most recent call last):
  File "/home/ubuntu/reddit_venv/lib/python3.10/site-packages/airflow/example_dags/example_local_kubernetes_executor.py", line 37, in <module>
    from kubernetes.client import models as k8s
ModuleNotFoundError: No module named 'kubernetes'
[2024-02-14T23:59:29.813+0000] {logging_mixin.py:188} INFO - [2024-02-14T23:59:29.813+0000] {example_local_kubernetes_executor.py:40} WARNING - Install Kubernetes dependencies with: pip install apache-airflow[cncf.kubernetes]
[2024-02-14T23:59:29.813+0000] {processor.py:842} WARNING - No viable dags retrieved from /home/ubuntu/reddit_venv/lib/python3.10/site-packages/airflow/example_dags/example_local_kubernetes_executor.py
[2024-02-14T23:59:29.824+0000] {processor.py:183} INFO - Processing /home/ubuntu/reddit_venv/lib/python3.10/site-packages/airflow/example_dags/example_local_kubernetes_executor.py took 0.020 seconds
