[2024-02-14T23:09:45.556+0000] {processor.py:161} INFO - Started process (PID=1645) to work on /home/ubuntu/reddit_venv/lib/python3.10/site-packages/airflow/example_dags/example_skip_dag.py
[2024-02-14T23:09:45.557+0000] {processor.py:830} INFO - Processing file /home/ubuntu/reddit_venv/lib/python3.10/site-packages/airflow/example_dags/example_skip_dag.py for tasks to queue
[2024-02-14T23:09:45.558+0000] {logging_mixin.py:188} INFO - [2024-02-14T23:09:45.557+0000] {dagbag.py:538} INFO - Filling up the DagBag from /home/ubuntu/reddit_venv/lib/python3.10/site-packages/airflow/example_dags/example_skip_dag.py
[2024-02-14T23:09:45.568+0000] {processor.py:840} INFO - DAG(s) 'example_skip_dag' retrieved from /home/ubuntu/reddit_venv/lib/python3.10/site-packages/airflow/example_dags/example_skip_dag.py
[2024-02-14T23:09:45.575+0000] {logging_mixin.py:188} INFO - [2024-02-14T23:09:45.575+0000] {dag.py:3036} INFO - Sync 1 DAGs
[2024-02-14T23:09:45.598+0000] {logging_mixin.py:188} INFO - [2024-02-14T23:09:45.597+0000] {dag.py:3823} INFO - Setting next_dagrun for example_skip_dag to 2024-02-13 00:00:00+00:00, run_after=2024-02-14 00:00:00+00:00
[2024-02-14T23:09:45.622+0000] {processor.py:183} INFO - Processing /home/ubuntu/reddit_venv/lib/python3.10/site-packages/airflow/example_dags/example_skip_dag.py took 0.069 seconds
[2024-02-14T23:10:36.433+0000] {processor.py:161} INFO - Started process (PID=1760) to work on /home/ubuntu/reddit_venv/lib/python3.10/site-packages/airflow/example_dags/example_skip_dag.py
[2024-02-14T23:10:36.435+0000] {processor.py:830} INFO - Processing file /home/ubuntu/reddit_venv/lib/python3.10/site-packages/airflow/example_dags/example_skip_dag.py for tasks to queue
[2024-02-14T23:10:36.436+0000] {logging_mixin.py:188} INFO - [2024-02-14T23:10:36.435+0000] {dagbag.py:538} INFO - Filling up the DagBag from /home/ubuntu/reddit_venv/lib/python3.10/site-packages/airflow/example_dags/example_skip_dag.py
[2024-02-14T23:10:36.444+0000] {processor.py:840} INFO - DAG(s) 'example_skip_dag' retrieved from /home/ubuntu/reddit_venv/lib/python3.10/site-packages/airflow/example_dags/example_skip_dag.py
[2024-02-14T23:10:36.545+0000] {logging_mixin.py:188} INFO - [2024-02-14T23:10:36.545+0000] {dag.py:3036} INFO - Sync 1 DAGs
[2024-02-14T23:10:36.565+0000] {logging_mixin.py:188} INFO - [2024-02-14T23:10:36.565+0000] {dag.py:3823} INFO - Setting next_dagrun for example_skip_dag to 2024-02-13 00:00:00+00:00, run_after=2024-02-14 00:00:00+00:00
[2024-02-14T23:10:36.588+0000] {processor.py:183} INFO - Processing /home/ubuntu/reddit_venv/lib/python3.10/site-packages/airflow/example_dags/example_skip_dag.py took 0.158 seconds
[2024-02-14T23:11:25.254+0000] {processor.py:161} INFO - Started process (PID=1840) to work on /home/ubuntu/reddit_venv/lib/python3.10/site-packages/airflow/example_dags/example_skip_dag.py
[2024-02-14T23:11:25.255+0000] {processor.py:830} INFO - Processing file /home/ubuntu/reddit_venv/lib/python3.10/site-packages/airflow/example_dags/example_skip_dag.py for tasks to queue
[2024-02-14T23:11:25.256+0000] {logging_mixin.py:188} INFO - [2024-02-14T23:11:25.256+0000] {dagbag.py:538} INFO - Filling up the DagBag from /home/ubuntu/reddit_venv/lib/python3.10/site-packages/airflow/example_dags/example_skip_dag.py
[2024-02-14T23:11:25.264+0000] {processor.py:840} INFO - DAG(s) 'example_skip_dag' retrieved from /home/ubuntu/reddit_venv/lib/python3.10/site-packages/airflow/example_dags/example_skip_dag.py
[2024-02-14T23:11:25.280+0000] {logging_mixin.py:188} INFO - [2024-02-14T23:11:25.280+0000] {dag.py:3036} INFO - Sync 1 DAGs
[2024-02-14T23:11:25.300+0000] {logging_mixin.py:188} INFO - [2024-02-14T23:11:25.300+0000] {dag.py:3823} INFO - Setting next_dagrun for example_skip_dag to 2024-02-13 00:00:00+00:00, run_after=2024-02-14 00:00:00+00:00
[2024-02-14T23:11:25.322+0000] {processor.py:183} INFO - Processing /home/ubuntu/reddit_venv/lib/python3.10/site-packages/airflow/example_dags/example_skip_dag.py took 0.071 seconds
[2024-02-14T23:12:07.928+0000] {processor.py:161} INFO - Started process (PID=1923) to work on /home/ubuntu/reddit_venv/lib/python3.10/site-packages/airflow/example_dags/example_skip_dag.py
[2024-02-14T23:12:07.930+0000] {processor.py:830} INFO - Processing file /home/ubuntu/reddit_venv/lib/python3.10/site-packages/airflow/example_dags/example_skip_dag.py for tasks to queue
[2024-02-14T23:12:07.931+0000] {logging_mixin.py:188} INFO - [2024-02-14T23:12:07.930+0000] {dagbag.py:538} INFO - Filling up the DagBag from /home/ubuntu/reddit_venv/lib/python3.10/site-packages/airflow/example_dags/example_skip_dag.py
[2024-02-14T23:12:07.939+0000] {processor.py:840} INFO - DAG(s) 'example_skip_dag' retrieved from /home/ubuntu/reddit_venv/lib/python3.10/site-packages/airflow/example_dags/example_skip_dag.py
[2024-02-14T23:12:07.957+0000] {logging_mixin.py:188} INFO - [2024-02-14T23:12:07.957+0000] {dag.py:3036} INFO - Sync 1 DAGs
[2024-02-14T23:12:07.979+0000] {logging_mixin.py:188} INFO - [2024-02-14T23:12:07.979+0000] {dag.py:3823} INFO - Setting next_dagrun for example_skip_dag to 2024-02-13 00:00:00+00:00, run_after=2024-02-14 00:00:00+00:00
[2024-02-14T23:12:08.003+0000] {processor.py:183} INFO - Processing /home/ubuntu/reddit_venv/lib/python3.10/site-packages/airflow/example_dags/example_skip_dag.py took 0.078 seconds
[2024-02-14T23:13:06.731+0000] {processor.py:161} INFO - Started process (PID=2359) to work on /home/ubuntu/reddit_venv/lib/python3.10/site-packages/airflow/example_dags/example_skip_dag.py
[2024-02-14T23:13:06.732+0000] {processor.py:830} INFO - Processing file /home/ubuntu/reddit_venv/lib/python3.10/site-packages/airflow/example_dags/example_skip_dag.py for tasks to queue
[2024-02-14T23:13:06.733+0000] {logging_mixin.py:188} INFO - [2024-02-14T23:13:06.733+0000] {dagbag.py:538} INFO - Filling up the DagBag from /home/ubuntu/reddit_venv/lib/python3.10/site-packages/airflow/example_dags/example_skip_dag.py
[2024-02-14T23:13:06.741+0000] {processor.py:840} INFO - DAG(s) 'example_skip_dag' retrieved from /home/ubuntu/reddit_venv/lib/python3.10/site-packages/airflow/example_dags/example_skip_dag.py
[2024-02-14T23:13:06.759+0000] {logging_mixin.py:188} INFO - [2024-02-14T23:13:06.758+0000] {dag.py:3036} INFO - Sync 1 DAGs
[2024-02-14T23:13:06.780+0000] {logging_mixin.py:188} INFO - [2024-02-14T23:13:06.780+0000] {dag.py:3823} INFO - Setting next_dagrun for example_skip_dag to 2024-02-13 00:00:00+00:00, run_after=2024-02-14 00:00:00+00:00
[2024-02-14T23:13:06.802+0000] {processor.py:183} INFO - Processing /home/ubuntu/reddit_venv/lib/python3.10/site-packages/airflow/example_dags/example_skip_dag.py took 0.075 seconds
[2024-02-14T23:14:05.128+0000] {processor.py:161} INFO - Started process (PID=2489) to work on /home/ubuntu/reddit_venv/lib/python3.10/site-packages/airflow/example_dags/example_skip_dag.py
[2024-02-14T23:14:05.130+0000] {processor.py:830} INFO - Processing file /home/ubuntu/reddit_venv/lib/python3.10/site-packages/airflow/example_dags/example_skip_dag.py for tasks to queue
[2024-02-14T23:14:05.131+0000] {logging_mixin.py:188} INFO - [2024-02-14T23:14:05.130+0000] {dagbag.py:538} INFO - Filling up the DagBag from /home/ubuntu/reddit_venv/lib/python3.10/site-packages/airflow/example_dags/example_skip_dag.py
[2024-02-14T23:14:05.138+0000] {processor.py:840} INFO - DAG(s) 'example_skip_dag' retrieved from /home/ubuntu/reddit_venv/lib/python3.10/site-packages/airflow/example_dags/example_skip_dag.py
[2024-02-14T23:14:05.155+0000] {logging_mixin.py:188} INFO - [2024-02-14T23:14:05.155+0000] {dag.py:3036} INFO - Sync 1 DAGs
[2024-02-14T23:14:05.176+0000] {logging_mixin.py:188} INFO - [2024-02-14T23:14:05.176+0000] {dag.py:3823} INFO - Setting next_dagrun for example_skip_dag to 2024-02-13 00:00:00+00:00, run_after=2024-02-14 00:00:00+00:00
[2024-02-14T23:14:05.197+0000] {processor.py:183} INFO - Processing /home/ubuntu/reddit_venv/lib/python3.10/site-packages/airflow/example_dags/example_skip_dag.py took 0.073 seconds
[2024-02-14T23:15:05.831+0000] {processor.py:161} INFO - Started process (PID=2880) to work on /home/ubuntu/reddit_venv/lib/python3.10/site-packages/airflow/example_dags/example_skip_dag.py
[2024-02-14T23:15:05.832+0000] {processor.py:830} INFO - Processing file /home/ubuntu/reddit_venv/lib/python3.10/site-packages/airflow/example_dags/example_skip_dag.py for tasks to queue
[2024-02-14T23:15:05.833+0000] {logging_mixin.py:188} INFO - [2024-02-14T23:15:05.833+0000] {dagbag.py:538} INFO - Filling up the DagBag from /home/ubuntu/reddit_venv/lib/python3.10/site-packages/airflow/example_dags/example_skip_dag.py
[2024-02-14T23:15:05.841+0000] {processor.py:840} INFO - DAG(s) 'example_skip_dag' retrieved from /home/ubuntu/reddit_venv/lib/python3.10/site-packages/airflow/example_dags/example_skip_dag.py
[2024-02-14T23:15:05.859+0000] {logging_mixin.py:188} INFO - [2024-02-14T23:15:05.859+0000] {dag.py:3036} INFO - Sync 1 DAGs
[2024-02-14T23:15:05.881+0000] {logging_mixin.py:188} INFO - [2024-02-14T23:15:05.881+0000] {dag.py:3823} INFO - Setting next_dagrun for example_skip_dag to 2024-02-13 00:00:00+00:00, run_after=2024-02-14 00:00:00+00:00
[2024-02-14T23:15:05.905+0000] {processor.py:183} INFO - Processing /home/ubuntu/reddit_venv/lib/python3.10/site-packages/airflow/example_dags/example_skip_dag.py took 0.078 seconds
[2024-02-14T23:16:05.758+0000] {processor.py:161} INFO - Started process (PID=3106) to work on /home/ubuntu/reddit_venv/lib/python3.10/site-packages/airflow/example_dags/example_skip_dag.py
[2024-02-14T23:16:05.760+0000] {processor.py:830} INFO - Processing file /home/ubuntu/reddit_venv/lib/python3.10/site-packages/airflow/example_dags/example_skip_dag.py for tasks to queue
[2024-02-14T23:16:05.761+0000] {logging_mixin.py:188} INFO - [2024-02-14T23:16:05.760+0000] {dagbag.py:538} INFO - Filling up the DagBag from /home/ubuntu/reddit_venv/lib/python3.10/site-packages/airflow/example_dags/example_skip_dag.py
[2024-02-14T23:16:05.769+0000] {processor.py:840} INFO - DAG(s) 'example_skip_dag' retrieved from /home/ubuntu/reddit_venv/lib/python3.10/site-packages/airflow/example_dags/example_skip_dag.py
[2024-02-14T23:16:05.786+0000] {logging_mixin.py:188} INFO - [2024-02-14T23:16:05.786+0000] {dag.py:3036} INFO - Sync 1 DAGs
[2024-02-14T23:16:05.808+0000] {logging_mixin.py:188} INFO - [2024-02-14T23:16:05.807+0000] {dag.py:3823} INFO - Setting next_dagrun for example_skip_dag to 2024-02-13 00:00:00+00:00, run_after=2024-02-14 00:00:00+00:00
[2024-02-14T23:16:05.831+0000] {processor.py:183} INFO - Processing /home/ubuntu/reddit_venv/lib/python3.10/site-packages/airflow/example_dags/example_skip_dag.py took 0.076 seconds
[2024-02-14T23:16:53.720+0000] {processor.py:161} INFO - Started process (PID=3585) to work on /home/ubuntu/reddit_venv/lib/python3.10/site-packages/airflow/example_dags/example_skip_dag.py
[2024-02-14T23:16:53.721+0000] {processor.py:830} INFO - Processing file /home/ubuntu/reddit_venv/lib/python3.10/site-packages/airflow/example_dags/example_skip_dag.py for tasks to queue
[2024-02-14T23:16:53.722+0000] {logging_mixin.py:188} INFO - [2024-02-14T23:16:53.722+0000] {dagbag.py:538} INFO - Filling up the DagBag from /home/ubuntu/reddit_venv/lib/python3.10/site-packages/airflow/example_dags/example_skip_dag.py
[2024-02-14T23:16:53.730+0000] {processor.py:840} INFO - DAG(s) 'example_skip_dag' retrieved from /home/ubuntu/reddit_venv/lib/python3.10/site-packages/airflow/example_dags/example_skip_dag.py
[2024-02-14T23:16:53.747+0000] {logging_mixin.py:188} INFO - [2024-02-14T23:16:53.747+0000] {dag.py:3036} INFO - Sync 1 DAGs
[2024-02-14T23:16:53.767+0000] {logging_mixin.py:188} INFO - [2024-02-14T23:16:53.767+0000] {dag.py:3823} INFO - Setting next_dagrun for example_skip_dag to 2024-02-13 00:00:00+00:00, run_after=2024-02-14 00:00:00+00:00
[2024-02-14T23:16:53.789+0000] {processor.py:183} INFO - Processing /home/ubuntu/reddit_venv/lib/python3.10/site-packages/airflow/example_dags/example_skip_dag.py took 0.073 seconds
[2024-02-14T23:17:40.078+0000] {processor.py:161} INFO - Started process (PID=4209) to work on /home/ubuntu/reddit_venv/lib/python3.10/site-packages/airflow/example_dags/example_skip_dag.py
[2024-02-14T23:17:40.080+0000] {processor.py:830} INFO - Processing file /home/ubuntu/reddit_venv/lib/python3.10/site-packages/airflow/example_dags/example_skip_dag.py for tasks to queue
[2024-02-14T23:17:40.081+0000] {logging_mixin.py:188} INFO - [2024-02-14T23:17:40.080+0000] {dagbag.py:538} INFO - Filling up the DagBag from /home/ubuntu/reddit_venv/lib/python3.10/site-packages/airflow/example_dags/example_skip_dag.py
[2024-02-14T23:17:40.089+0000] {processor.py:840} INFO - DAG(s) 'example_skip_dag' retrieved from /home/ubuntu/reddit_venv/lib/python3.10/site-packages/airflow/example_dags/example_skip_dag.py
[2024-02-14T23:17:40.106+0000] {logging_mixin.py:188} INFO - [2024-02-14T23:17:40.106+0000] {dag.py:3036} INFO - Sync 1 DAGs
[2024-02-14T23:17:40.127+0000] {logging_mixin.py:188} INFO - [2024-02-14T23:17:40.127+0000] {dag.py:3823} INFO - Setting next_dagrun for example_skip_dag to 2024-02-13 00:00:00+00:00, run_after=2024-02-14 00:00:00+00:00
[2024-02-14T23:17:40.149+0000] {processor.py:183} INFO - Processing /home/ubuntu/reddit_venv/lib/python3.10/site-packages/airflow/example_dags/example_skip_dag.py took 0.074 seconds
[2024-02-14T23:18:24.523+0000] {processor.py:161} INFO - Started process (PID=4800) to work on /home/ubuntu/reddit_venv/lib/python3.10/site-packages/airflow/example_dags/example_skip_dag.py
[2024-02-14T23:18:24.524+0000] {processor.py:830} INFO - Processing file /home/ubuntu/reddit_venv/lib/python3.10/site-packages/airflow/example_dags/example_skip_dag.py for tasks to queue
[2024-02-14T23:18:24.525+0000] {logging_mixin.py:188} INFO - [2024-02-14T23:18:24.525+0000] {dagbag.py:538} INFO - Filling up the DagBag from /home/ubuntu/reddit_venv/lib/python3.10/site-packages/airflow/example_dags/example_skip_dag.py
[2024-02-14T23:18:24.534+0000] {processor.py:840} INFO - DAG(s) 'example_skip_dag' retrieved from /home/ubuntu/reddit_venv/lib/python3.10/site-packages/airflow/example_dags/example_skip_dag.py
[2024-02-14T23:18:24.551+0000] {logging_mixin.py:188} INFO - [2024-02-14T23:18:24.551+0000] {dag.py:3036} INFO - Sync 1 DAGs
[2024-02-14T23:18:24.573+0000] {logging_mixin.py:188} INFO - [2024-02-14T23:18:24.572+0000] {dag.py:3823} INFO - Setting next_dagrun for example_skip_dag to 2024-02-13 00:00:00+00:00, run_after=2024-02-14 00:00:00+00:00
[2024-02-14T23:18:24.596+0000] {processor.py:183} INFO - Processing /home/ubuntu/reddit_venv/lib/python3.10/site-packages/airflow/example_dags/example_skip_dag.py took 0.076 seconds
[2024-02-14T23:19:23.260+0000] {processor.py:161} INFO - Started process (PID=5445) to work on /home/ubuntu/reddit_venv/lib/python3.10/site-packages/airflow/example_dags/example_skip_dag.py
[2024-02-14T23:19:23.262+0000] {processor.py:830} INFO - Processing file /home/ubuntu/reddit_venv/lib/python3.10/site-packages/airflow/example_dags/example_skip_dag.py for tasks to queue
[2024-02-14T23:19:23.263+0000] {logging_mixin.py:188} INFO - [2024-02-14T23:19:23.262+0000] {dagbag.py:538} INFO - Filling up the DagBag from /home/ubuntu/reddit_venv/lib/python3.10/site-packages/airflow/example_dags/example_skip_dag.py
[2024-02-14T23:19:23.271+0000] {processor.py:840} INFO - DAG(s) 'example_skip_dag' retrieved from /home/ubuntu/reddit_venv/lib/python3.10/site-packages/airflow/example_dags/example_skip_dag.py
[2024-02-14T23:19:23.288+0000] {logging_mixin.py:188} INFO - [2024-02-14T23:19:23.287+0000] {dag.py:3036} INFO - Sync 1 DAGs
[2024-02-14T23:19:23.308+0000] {logging_mixin.py:188} INFO - [2024-02-14T23:19:23.307+0000] {dag.py:3823} INFO - Setting next_dagrun for example_skip_dag to 2024-02-13 00:00:00+00:00, run_after=2024-02-14 00:00:00+00:00
[2024-02-14T23:19:23.330+0000] {processor.py:183} INFO - Processing /home/ubuntu/reddit_venv/lib/python3.10/site-packages/airflow/example_dags/example_skip_dag.py took 0.073 seconds
[2024-02-14T23:20:18.676+0000] {processor.py:161} INFO - Started process (PID=5628) to work on /home/ubuntu/reddit_venv/lib/python3.10/site-packages/airflow/example_dags/example_skip_dag.py
[2024-02-14T23:20:18.677+0000] {processor.py:830} INFO - Processing file /home/ubuntu/reddit_venv/lib/python3.10/site-packages/airflow/example_dags/example_skip_dag.py for tasks to queue
[2024-02-14T23:20:18.678+0000] {logging_mixin.py:188} INFO - [2024-02-14T23:20:18.678+0000] {dagbag.py:538} INFO - Filling up the DagBag from /home/ubuntu/reddit_venv/lib/python3.10/site-packages/airflow/example_dags/example_skip_dag.py
[2024-02-14T23:20:18.686+0000] {processor.py:840} INFO - DAG(s) 'example_skip_dag' retrieved from /home/ubuntu/reddit_venv/lib/python3.10/site-packages/airflow/example_dags/example_skip_dag.py
[2024-02-14T23:20:18.703+0000] {logging_mixin.py:188} INFO - [2024-02-14T23:20:18.702+0000] {dag.py:3036} INFO - Sync 1 DAGs
[2024-02-14T23:20:18.722+0000] {logging_mixin.py:188} INFO - [2024-02-14T23:20:18.722+0000] {dag.py:3823} INFO - Setting next_dagrun for example_skip_dag to 2024-02-13 00:00:00+00:00, run_after=2024-02-14 00:00:00+00:00
[2024-02-14T23:20:18.743+0000] {processor.py:183} INFO - Processing /home/ubuntu/reddit_venv/lib/python3.10/site-packages/airflow/example_dags/example_skip_dag.py took 0.071 seconds
[2024-02-14T23:21:15.756+0000] {processor.py:161} INFO - Started process (PID=5754) to work on /home/ubuntu/reddit_venv/lib/python3.10/site-packages/airflow/example_dags/example_skip_dag.py
[2024-02-14T23:21:15.757+0000] {processor.py:830} INFO - Processing file /home/ubuntu/reddit_venv/lib/python3.10/site-packages/airflow/example_dags/example_skip_dag.py for tasks to queue
[2024-02-14T23:21:15.758+0000] {logging_mixin.py:188} INFO - [2024-02-14T23:21:15.758+0000] {dagbag.py:538} INFO - Filling up the DagBag from /home/ubuntu/reddit_venv/lib/python3.10/site-packages/airflow/example_dags/example_skip_dag.py
[2024-02-14T23:21:15.767+0000] {processor.py:840} INFO - DAG(s) 'example_skip_dag' retrieved from /home/ubuntu/reddit_venv/lib/python3.10/site-packages/airflow/example_dags/example_skip_dag.py
[2024-02-14T23:21:15.784+0000] {logging_mixin.py:188} INFO - [2024-02-14T23:21:15.784+0000] {dag.py:3036} INFO - Sync 1 DAGs
[2024-02-14T23:21:15.805+0000] {logging_mixin.py:188} INFO - [2024-02-14T23:21:15.805+0000] {dag.py:3823} INFO - Setting next_dagrun for example_skip_dag to 2024-02-13 00:00:00+00:00, run_after=2024-02-14 00:00:00+00:00
[2024-02-14T23:21:15.828+0000] {processor.py:183} INFO - Processing /home/ubuntu/reddit_venv/lib/python3.10/site-packages/airflow/example_dags/example_skip_dag.py took 0.076 seconds
[2024-02-14T23:21:58.764+0000] {processor.py:161} INFO - Started process (PID=5986) to work on /home/ubuntu/reddit_venv/lib/python3.10/site-packages/airflow/example_dags/example_skip_dag.py
[2024-02-14T23:21:58.765+0000] {processor.py:830} INFO - Processing file /home/ubuntu/reddit_venv/lib/python3.10/site-packages/airflow/example_dags/example_skip_dag.py for tasks to queue
[2024-02-14T23:21:58.766+0000] {logging_mixin.py:188} INFO - [2024-02-14T23:21:58.766+0000] {dagbag.py:538} INFO - Filling up the DagBag from /home/ubuntu/reddit_venv/lib/python3.10/site-packages/airflow/example_dags/example_skip_dag.py
[2024-02-14T23:21:58.774+0000] {processor.py:840} INFO - DAG(s) 'example_skip_dag' retrieved from /home/ubuntu/reddit_venv/lib/python3.10/site-packages/airflow/example_dags/example_skip_dag.py
[2024-02-14T23:21:58.791+0000] {logging_mixin.py:188} INFO - [2024-02-14T23:21:58.791+0000] {dag.py:3036} INFO - Sync 1 DAGs
[2024-02-14T23:21:58.811+0000] {logging_mixin.py:188} INFO - [2024-02-14T23:21:58.811+0000] {dag.py:3823} INFO - Setting next_dagrun for example_skip_dag to 2024-02-13 00:00:00+00:00, run_after=2024-02-14 00:00:00+00:00
[2024-02-14T23:21:58.833+0000] {processor.py:183} INFO - Processing /home/ubuntu/reddit_venv/lib/python3.10/site-packages/airflow/example_dags/example_skip_dag.py took 0.072 seconds
[2024-02-14T23:22:41.912+0000] {processor.py:161} INFO - Started process (PID=6097) to work on /home/ubuntu/reddit_venv/lib/python3.10/site-packages/airflow/example_dags/example_skip_dag.py
[2024-02-14T23:22:41.914+0000] {processor.py:830} INFO - Processing file /home/ubuntu/reddit_venv/lib/python3.10/site-packages/airflow/example_dags/example_skip_dag.py for tasks to queue
[2024-02-14T23:22:41.915+0000] {logging_mixin.py:188} INFO - [2024-02-14T23:22:41.914+0000] {dagbag.py:538} INFO - Filling up the DagBag from /home/ubuntu/reddit_venv/lib/python3.10/site-packages/airflow/example_dags/example_skip_dag.py
[2024-02-14T23:22:41.923+0000] {processor.py:840} INFO - DAG(s) 'example_skip_dag' retrieved from /home/ubuntu/reddit_venv/lib/python3.10/site-packages/airflow/example_dags/example_skip_dag.py
[2024-02-14T23:22:41.941+0000] {logging_mixin.py:188} INFO - [2024-02-14T23:22:41.940+0000] {dag.py:3036} INFO - Sync 1 DAGs
[2024-02-14T23:22:41.962+0000] {logging_mixin.py:188} INFO - [2024-02-14T23:22:41.961+0000] {dag.py:3823} INFO - Setting next_dagrun for example_skip_dag to 2024-02-13 00:00:00+00:00, run_after=2024-02-14 00:00:00+00:00
[2024-02-14T23:22:41.985+0000] {processor.py:183} INFO - Processing /home/ubuntu/reddit_venv/lib/python3.10/site-packages/airflow/example_dags/example_skip_dag.py took 0.076 seconds
[2024-02-14T23:23:38.846+0000] {processor.py:161} INFO - Started process (PID=6226) to work on /home/ubuntu/reddit_venv/lib/python3.10/site-packages/airflow/example_dags/example_skip_dag.py
[2024-02-14T23:23:38.848+0000] {processor.py:830} INFO - Processing file /home/ubuntu/reddit_venv/lib/python3.10/site-packages/airflow/example_dags/example_skip_dag.py for tasks to queue
[2024-02-14T23:23:38.849+0000] {logging_mixin.py:188} INFO - [2024-02-14T23:23:38.848+0000] {dagbag.py:538} INFO - Filling up the DagBag from /home/ubuntu/reddit_venv/lib/python3.10/site-packages/airflow/example_dags/example_skip_dag.py
[2024-02-14T23:23:38.857+0000] {processor.py:840} INFO - DAG(s) 'example_skip_dag' retrieved from /home/ubuntu/reddit_venv/lib/python3.10/site-packages/airflow/example_dags/example_skip_dag.py
[2024-02-14T23:23:38.875+0000] {logging_mixin.py:188} INFO - [2024-02-14T23:23:38.875+0000] {dag.py:3036} INFO - Sync 1 DAGs
[2024-02-14T23:23:38.896+0000] {logging_mixin.py:188} INFO - [2024-02-14T23:23:38.896+0000] {dag.py:3823} INFO - Setting next_dagrun for example_skip_dag to 2024-02-13 00:00:00+00:00, run_after=2024-02-14 00:00:00+00:00
[2024-02-14T23:23:38.919+0000] {processor.py:183} INFO - Processing /home/ubuntu/reddit_venv/lib/python3.10/site-packages/airflow/example_dags/example_skip_dag.py took 0.077 seconds
[2024-02-14T23:24:34.203+0000] {processor.py:161} INFO - Started process (PID=6411) to work on /home/ubuntu/reddit_venv/lib/python3.10/site-packages/airflow/example_dags/example_skip_dag.py
[2024-02-14T23:24:34.204+0000] {processor.py:830} INFO - Processing file /home/ubuntu/reddit_venv/lib/python3.10/site-packages/airflow/example_dags/example_skip_dag.py for tasks to queue
[2024-02-14T23:24:34.205+0000] {logging_mixin.py:188} INFO - [2024-02-14T23:24:34.205+0000] {dagbag.py:538} INFO - Filling up the DagBag from /home/ubuntu/reddit_venv/lib/python3.10/site-packages/airflow/example_dags/example_skip_dag.py
[2024-02-14T23:24:34.213+0000] {processor.py:840} INFO - DAG(s) 'example_skip_dag' retrieved from /home/ubuntu/reddit_venv/lib/python3.10/site-packages/airflow/example_dags/example_skip_dag.py
[2024-02-14T23:24:34.230+0000] {logging_mixin.py:188} INFO - [2024-02-14T23:24:34.229+0000] {dag.py:3036} INFO - Sync 1 DAGs
[2024-02-14T23:24:34.250+0000] {logging_mixin.py:188} INFO - [2024-02-14T23:24:34.250+0000] {dag.py:3823} INFO - Setting next_dagrun for example_skip_dag to 2024-02-13 00:00:00+00:00, run_after=2024-02-14 00:00:00+00:00
[2024-02-14T23:24:34.272+0000] {processor.py:183} INFO - Processing /home/ubuntu/reddit_venv/lib/python3.10/site-packages/airflow/example_dags/example_skip_dag.py took 0.073 seconds
[2024-02-14T23:25:31.324+0000] {processor.py:161} INFO - Started process (PID=6536) to work on /home/ubuntu/reddit_venv/lib/python3.10/site-packages/airflow/example_dags/example_skip_dag.py
[2024-02-14T23:25:31.325+0000] {processor.py:830} INFO - Processing file /home/ubuntu/reddit_venv/lib/python3.10/site-packages/airflow/example_dags/example_skip_dag.py for tasks to queue
[2024-02-14T23:25:31.326+0000] {logging_mixin.py:188} INFO - [2024-02-14T23:25:31.326+0000] {dagbag.py:538} INFO - Filling up the DagBag from /home/ubuntu/reddit_venv/lib/python3.10/site-packages/airflow/example_dags/example_skip_dag.py
[2024-02-14T23:25:31.334+0000] {processor.py:840} INFO - DAG(s) 'example_skip_dag' retrieved from /home/ubuntu/reddit_venv/lib/python3.10/site-packages/airflow/example_dags/example_skip_dag.py
[2024-02-14T23:25:31.351+0000] {logging_mixin.py:188} INFO - [2024-02-14T23:25:31.350+0000] {dag.py:3036} INFO - Sync 1 DAGs
[2024-02-14T23:25:31.371+0000] {logging_mixin.py:188} INFO - [2024-02-14T23:25:31.371+0000] {dag.py:3823} INFO - Setting next_dagrun for example_skip_dag to 2024-02-13 00:00:00+00:00, run_after=2024-02-14 00:00:00+00:00
[2024-02-14T23:25:31.395+0000] {processor.py:183} INFO - Processing /home/ubuntu/reddit_venv/lib/python3.10/site-packages/airflow/example_dags/example_skip_dag.py took 0.074 seconds
[2024-02-14T23:26:29.630+0000] {processor.py:161} INFO - Started process (PID=6661) to work on /home/ubuntu/reddit_venv/lib/python3.10/site-packages/airflow/example_dags/example_skip_dag.py
[2024-02-14T23:26:29.632+0000] {processor.py:830} INFO - Processing file /home/ubuntu/reddit_venv/lib/python3.10/site-packages/airflow/example_dags/example_skip_dag.py for tasks to queue
[2024-02-14T23:26:29.633+0000] {logging_mixin.py:188} INFO - [2024-02-14T23:26:29.633+0000] {dagbag.py:538} INFO - Filling up the DagBag from /home/ubuntu/reddit_venv/lib/python3.10/site-packages/airflow/example_dags/example_skip_dag.py
[2024-02-14T23:26:29.641+0000] {processor.py:840} INFO - DAG(s) 'example_skip_dag' retrieved from /home/ubuntu/reddit_venv/lib/python3.10/site-packages/airflow/example_dags/example_skip_dag.py
[2024-02-14T23:26:29.658+0000] {logging_mixin.py:188} INFO - [2024-02-14T23:26:29.658+0000] {dag.py:3036} INFO - Sync 1 DAGs
[2024-02-14T23:26:29.679+0000] {logging_mixin.py:188} INFO - [2024-02-14T23:26:29.678+0000] {dag.py:3823} INFO - Setting next_dagrun for example_skip_dag to 2024-02-13 00:00:00+00:00, run_after=2024-02-14 00:00:00+00:00
[2024-02-14T23:26:29.701+0000] {processor.py:183} INFO - Processing /home/ubuntu/reddit_venv/lib/python3.10/site-packages/airflow/example_dags/example_skip_dag.py took 0.074 seconds
[2024-02-14T23:27:16.443+0000] {processor.py:161} INFO - Started process (PID=6836) to work on /home/ubuntu/reddit_venv/lib/python3.10/site-packages/airflow/example_dags/example_skip_dag.py
[2024-02-14T23:27:16.445+0000] {processor.py:830} INFO - Processing file /home/ubuntu/reddit_venv/lib/python3.10/site-packages/airflow/example_dags/example_skip_dag.py for tasks to queue
[2024-02-14T23:27:16.446+0000] {logging_mixin.py:188} INFO - [2024-02-14T23:27:16.445+0000] {dagbag.py:538} INFO - Filling up the DagBag from /home/ubuntu/reddit_venv/lib/python3.10/site-packages/airflow/example_dags/example_skip_dag.py
[2024-02-14T23:27:16.454+0000] {processor.py:840} INFO - DAG(s) 'example_skip_dag' retrieved from /home/ubuntu/reddit_venv/lib/python3.10/site-packages/airflow/example_dags/example_skip_dag.py
[2024-02-14T23:27:16.471+0000] {logging_mixin.py:188} INFO - [2024-02-14T23:27:16.471+0000] {dag.py:3036} INFO - Sync 1 DAGs
[2024-02-14T23:27:16.492+0000] {logging_mixin.py:188} INFO - [2024-02-14T23:27:16.492+0000] {dag.py:3823} INFO - Setting next_dagrun for example_skip_dag to 2024-02-13 00:00:00+00:00, run_after=2024-02-14 00:00:00+00:00
[2024-02-14T23:27:16.514+0000] {processor.py:183} INFO - Processing /home/ubuntu/reddit_venv/lib/python3.10/site-packages/airflow/example_dags/example_skip_dag.py took 0.074 seconds
[2024-02-14T23:27:58.353+0000] {processor.py:161} INFO - Started process (PID=6944) to work on /home/ubuntu/reddit_venv/lib/python3.10/site-packages/airflow/example_dags/example_skip_dag.py
[2024-02-14T23:27:58.355+0000] {processor.py:830} INFO - Processing file /home/ubuntu/reddit_venv/lib/python3.10/site-packages/airflow/example_dags/example_skip_dag.py for tasks to queue
[2024-02-14T23:27:58.356+0000] {logging_mixin.py:188} INFO - [2024-02-14T23:27:58.355+0000] {dagbag.py:538} INFO - Filling up the DagBag from /home/ubuntu/reddit_venv/lib/python3.10/site-packages/airflow/example_dags/example_skip_dag.py
[2024-02-14T23:27:58.364+0000] {processor.py:840} INFO - DAG(s) 'example_skip_dag' retrieved from /home/ubuntu/reddit_venv/lib/python3.10/site-packages/airflow/example_dags/example_skip_dag.py
[2024-02-14T23:27:58.381+0000] {logging_mixin.py:188} INFO - [2024-02-14T23:27:58.381+0000] {dag.py:3036} INFO - Sync 1 DAGs
[2024-02-14T23:27:58.402+0000] {logging_mixin.py:188} INFO - [2024-02-14T23:27:58.402+0000] {dag.py:3823} INFO - Setting next_dagrun for example_skip_dag to 2024-02-13 00:00:00+00:00, run_after=2024-02-14 00:00:00+00:00
[2024-02-14T23:27:58.426+0000] {processor.py:183} INFO - Processing /home/ubuntu/reddit_venv/lib/python3.10/site-packages/airflow/example_dags/example_skip_dag.py took 0.076 seconds
[2024-02-14T23:28:57.054+0000] {processor.py:161} INFO - Started process (PID=7072) to work on /home/ubuntu/reddit_venv/lib/python3.10/site-packages/airflow/example_dags/example_skip_dag.py
[2024-02-14T23:28:57.056+0000] {processor.py:830} INFO - Processing file /home/ubuntu/reddit_venv/lib/python3.10/site-packages/airflow/example_dags/example_skip_dag.py for tasks to queue
[2024-02-14T23:28:57.057+0000] {logging_mixin.py:188} INFO - [2024-02-14T23:28:57.057+0000] {dagbag.py:538} INFO - Filling up the DagBag from /home/ubuntu/reddit_venv/lib/python3.10/site-packages/airflow/example_dags/example_skip_dag.py
[2024-02-14T23:28:57.065+0000] {processor.py:840} INFO - DAG(s) 'example_skip_dag' retrieved from /home/ubuntu/reddit_venv/lib/python3.10/site-packages/airflow/example_dags/example_skip_dag.py
[2024-02-14T23:28:57.082+0000] {logging_mixin.py:188} INFO - [2024-02-14T23:28:57.082+0000] {dag.py:3036} INFO - Sync 1 DAGs
[2024-02-14T23:28:57.102+0000] {logging_mixin.py:188} INFO - [2024-02-14T23:28:57.101+0000] {dag.py:3823} INFO - Setting next_dagrun for example_skip_dag to 2024-02-13 00:00:00+00:00, run_after=2024-02-14 00:00:00+00:00
[2024-02-14T23:28:57.124+0000] {processor.py:183} INFO - Processing /home/ubuntu/reddit_venv/lib/python3.10/site-packages/airflow/example_dags/example_skip_dag.py took 0.073 seconds
[2024-02-14T23:29:51.737+0000] {processor.py:161} INFO - Started process (PID=7256) to work on /home/ubuntu/reddit_venv/lib/python3.10/site-packages/airflow/example_dags/example_skip_dag.py
[2024-02-14T23:29:51.739+0000] {processor.py:830} INFO - Processing file /home/ubuntu/reddit_venv/lib/python3.10/site-packages/airflow/example_dags/example_skip_dag.py for tasks to queue
[2024-02-14T23:29:51.739+0000] {logging_mixin.py:188} INFO - [2024-02-14T23:29:51.739+0000] {dagbag.py:538} INFO - Filling up the DagBag from /home/ubuntu/reddit_venv/lib/python3.10/site-packages/airflow/example_dags/example_skip_dag.py
[2024-02-14T23:29:51.747+0000] {processor.py:840} INFO - DAG(s) 'example_skip_dag' retrieved from /home/ubuntu/reddit_venv/lib/python3.10/site-packages/airflow/example_dags/example_skip_dag.py
[2024-02-14T23:29:51.764+0000] {logging_mixin.py:188} INFO - [2024-02-14T23:29:51.764+0000] {dag.py:3036} INFO - Sync 1 DAGs
[2024-02-14T23:29:51.783+0000] {logging_mixin.py:188} INFO - [2024-02-14T23:29:51.783+0000] {dag.py:3823} INFO - Setting next_dagrun for example_skip_dag to 2024-02-13 00:00:00+00:00, run_after=2024-02-14 00:00:00+00:00
[2024-02-14T23:29:51.808+0000] {processor.py:183} INFO - Processing /home/ubuntu/reddit_venv/lib/python3.10/site-packages/airflow/example_dags/example_skip_dag.py took 0.075 seconds
[2024-02-14T23:30:48.830+0000] {processor.py:161} INFO - Started process (PID=7379) to work on /home/ubuntu/reddit_venv/lib/python3.10/site-packages/airflow/example_dags/example_skip_dag.py
[2024-02-14T23:30:48.832+0000] {processor.py:830} INFO - Processing file /home/ubuntu/reddit_venv/lib/python3.10/site-packages/airflow/example_dags/example_skip_dag.py for tasks to queue
[2024-02-14T23:30:48.833+0000] {logging_mixin.py:188} INFO - [2024-02-14T23:30:48.833+0000] {dagbag.py:538} INFO - Filling up the DagBag from /home/ubuntu/reddit_venv/lib/python3.10/site-packages/airflow/example_dags/example_skip_dag.py
[2024-02-14T23:30:48.841+0000] {processor.py:840} INFO - DAG(s) 'example_skip_dag' retrieved from /home/ubuntu/reddit_venv/lib/python3.10/site-packages/airflow/example_dags/example_skip_dag.py
[2024-02-14T23:30:48.859+0000] {logging_mixin.py:188} INFO - [2024-02-14T23:30:48.859+0000] {dag.py:3036} INFO - Sync 1 DAGs
[2024-02-14T23:30:48.881+0000] {logging_mixin.py:188} INFO - [2024-02-14T23:30:48.880+0000] {dag.py:3823} INFO - Setting next_dagrun for example_skip_dag to 2024-02-13 00:00:00+00:00, run_after=2024-02-14 00:00:00+00:00
[2024-02-14T23:30:48.903+0000] {processor.py:183} INFO - Processing /home/ubuntu/reddit_venv/lib/python3.10/site-packages/airflow/example_dags/example_skip_dag.py took 0.076 seconds
[2024-02-14T23:31:45.389+0000] {processor.py:161} INFO - Started process (PID=7504) to work on /home/ubuntu/reddit_venv/lib/python3.10/site-packages/airflow/example_dags/example_skip_dag.py
[2024-02-14T23:31:45.390+0000] {processor.py:830} INFO - Processing file /home/ubuntu/reddit_venv/lib/python3.10/site-packages/airflow/example_dags/example_skip_dag.py for tasks to queue
[2024-02-14T23:31:45.391+0000] {logging_mixin.py:188} INFO - [2024-02-14T23:31:45.391+0000] {dagbag.py:538} INFO - Filling up the DagBag from /home/ubuntu/reddit_venv/lib/python3.10/site-packages/airflow/example_dags/example_skip_dag.py
[2024-02-14T23:31:45.399+0000] {processor.py:840} INFO - DAG(s) 'example_skip_dag' retrieved from /home/ubuntu/reddit_venv/lib/python3.10/site-packages/airflow/example_dags/example_skip_dag.py
[2024-02-14T23:31:45.415+0000] {logging_mixin.py:188} INFO - [2024-02-14T23:31:45.415+0000] {dag.py:3036} INFO - Sync 1 DAGs
[2024-02-14T23:31:45.435+0000] {logging_mixin.py:188} INFO - [2024-02-14T23:31:45.435+0000] {dag.py:3823} INFO - Setting next_dagrun for example_skip_dag to 2024-02-13 00:00:00+00:00, run_after=2024-02-14 00:00:00+00:00
[2024-02-14T23:31:45.456+0000] {processor.py:183} INFO - Processing /home/ubuntu/reddit_venv/lib/python3.10/site-packages/airflow/example_dags/example_skip_dag.py took 0.071 seconds
[2024-02-14T23:32:44.669+0000] {processor.py:161} INFO - Started process (PID=7692) to work on /home/ubuntu/reddit_venv/lib/python3.10/site-packages/airflow/example_dags/example_skip_dag.py
[2024-02-14T23:32:44.671+0000] {processor.py:830} INFO - Processing file /home/ubuntu/reddit_venv/lib/python3.10/site-packages/airflow/example_dags/example_skip_dag.py for tasks to queue
[2024-02-14T23:32:44.672+0000] {logging_mixin.py:188} INFO - [2024-02-14T23:32:44.671+0000] {dagbag.py:538} INFO - Filling up the DagBag from /home/ubuntu/reddit_venv/lib/python3.10/site-packages/airflow/example_dags/example_skip_dag.py
[2024-02-14T23:32:44.680+0000] {processor.py:840} INFO - DAG(s) 'example_skip_dag' retrieved from /home/ubuntu/reddit_venv/lib/python3.10/site-packages/airflow/example_dags/example_skip_dag.py
[2024-02-14T23:32:44.697+0000] {logging_mixin.py:188} INFO - [2024-02-14T23:32:44.697+0000] {dag.py:3036} INFO - Sync 1 DAGs
[2024-02-14T23:32:44.717+0000] {logging_mixin.py:188} INFO - [2024-02-14T23:32:44.717+0000] {dag.py:3823} INFO - Setting next_dagrun for example_skip_dag to 2024-02-13 00:00:00+00:00, run_after=2024-02-14 00:00:00+00:00
[2024-02-14T23:32:44.738+0000] {processor.py:183} INFO - Processing /home/ubuntu/reddit_venv/lib/python3.10/site-packages/airflow/example_dags/example_skip_dag.py took 0.073 seconds
[2024-02-14T23:33:41.094+0000] {processor.py:161} INFO - Started process (PID=7819) to work on /home/ubuntu/reddit_venv/lib/python3.10/site-packages/airflow/example_dags/example_skip_dag.py
[2024-02-14T23:33:41.096+0000] {processor.py:830} INFO - Processing file /home/ubuntu/reddit_venv/lib/python3.10/site-packages/airflow/example_dags/example_skip_dag.py for tasks to queue
[2024-02-14T23:33:41.097+0000] {logging_mixin.py:188} INFO - [2024-02-14T23:33:41.096+0000] {dagbag.py:538} INFO - Filling up the DagBag from /home/ubuntu/reddit_venv/lib/python3.10/site-packages/airflow/example_dags/example_skip_dag.py
[2024-02-14T23:33:41.105+0000] {processor.py:840} INFO - DAG(s) 'example_skip_dag' retrieved from /home/ubuntu/reddit_venv/lib/python3.10/site-packages/airflow/example_dags/example_skip_dag.py
[2024-02-14T23:33:41.122+0000] {logging_mixin.py:188} INFO - [2024-02-14T23:33:41.122+0000] {dag.py:3036} INFO - Sync 1 DAGs
[2024-02-14T23:33:41.142+0000] {logging_mixin.py:188} INFO - [2024-02-14T23:33:41.142+0000] {dag.py:3823} INFO - Setting next_dagrun for example_skip_dag to 2024-02-13 00:00:00+00:00, run_after=2024-02-14 00:00:00+00:00
[2024-02-14T23:33:41.164+0000] {processor.py:183} INFO - Processing /home/ubuntu/reddit_venv/lib/python3.10/site-packages/airflow/example_dags/example_skip_dag.py took 0.073 seconds
[2024-02-14T23:34:35.467+0000] {processor.py:161} INFO - Started process (PID=7944) to work on /home/ubuntu/reddit_venv/lib/python3.10/site-packages/airflow/example_dags/example_skip_dag.py
[2024-02-14T23:34:35.470+0000] {processor.py:830} INFO - Processing file /home/ubuntu/reddit_venv/lib/python3.10/site-packages/airflow/example_dags/example_skip_dag.py for tasks to queue
[2024-02-14T23:34:35.471+0000] {logging_mixin.py:188} INFO - [2024-02-14T23:34:35.471+0000] {dagbag.py:538} INFO - Filling up the DagBag from /home/ubuntu/reddit_venv/lib/python3.10/site-packages/airflow/example_dags/example_skip_dag.py
[2024-02-14T23:34:35.479+0000] {processor.py:840} INFO - DAG(s) 'example_skip_dag' retrieved from /home/ubuntu/reddit_venv/lib/python3.10/site-packages/airflow/example_dags/example_skip_dag.py
[2024-02-14T23:34:35.496+0000] {logging_mixin.py:188} INFO - [2024-02-14T23:34:35.496+0000] {dag.py:3036} INFO - Sync 1 DAGs
[2024-02-14T23:34:35.516+0000] {logging_mixin.py:188} INFO - [2024-02-14T23:34:35.516+0000] {dag.py:3823} INFO - Setting next_dagrun for example_skip_dag to 2024-02-13 00:00:00+00:00, run_after=2024-02-14 00:00:00+00:00
[2024-02-14T23:34:35.538+0000] {processor.py:183} INFO - Processing /home/ubuntu/reddit_venv/lib/python3.10/site-packages/airflow/example_dags/example_skip_dag.py took 0.074 seconds
[2024-02-14T23:35:32.371+0000] {processor.py:161} INFO - Started process (PID=8070) to work on /home/ubuntu/reddit_venv/lib/python3.10/site-packages/airflow/example_dags/example_skip_dag.py
[2024-02-14T23:35:32.372+0000] {processor.py:830} INFO - Processing file /home/ubuntu/reddit_venv/lib/python3.10/site-packages/airflow/example_dags/example_skip_dag.py for tasks to queue
[2024-02-14T23:35:32.373+0000] {logging_mixin.py:188} INFO - [2024-02-14T23:35:32.373+0000] {dagbag.py:538} INFO - Filling up the DagBag from /home/ubuntu/reddit_venv/lib/python3.10/site-packages/airflow/example_dags/example_skip_dag.py
[2024-02-14T23:35:32.381+0000] {processor.py:840} INFO - DAG(s) 'example_skip_dag' retrieved from /home/ubuntu/reddit_venv/lib/python3.10/site-packages/airflow/example_dags/example_skip_dag.py
[2024-02-14T23:35:32.399+0000] {logging_mixin.py:188} INFO - [2024-02-14T23:35:32.399+0000] {dag.py:3036} INFO - Sync 1 DAGs
[2024-02-14T23:35:32.420+0000] {logging_mixin.py:188} INFO - [2024-02-14T23:35:32.420+0000] {dag.py:3823} INFO - Setting next_dagrun for example_skip_dag to 2024-02-13 00:00:00+00:00, run_after=2024-02-14 00:00:00+00:00
[2024-02-14T23:35:32.442+0000] {processor.py:183} INFO - Processing /home/ubuntu/reddit_venv/lib/python3.10/site-packages/airflow/example_dags/example_skip_dag.py took 0.075 seconds
[2024-02-14T23:36:28.649+0000] {processor.py:161} INFO - Started process (PID=8193) to work on /home/ubuntu/reddit_venv/lib/python3.10/site-packages/airflow/example_dags/example_skip_dag.py
[2024-02-14T23:36:28.651+0000] {processor.py:830} INFO - Processing file /home/ubuntu/reddit_venv/lib/python3.10/site-packages/airflow/example_dags/example_skip_dag.py for tasks to queue
[2024-02-14T23:36:28.652+0000] {logging_mixin.py:188} INFO - [2024-02-14T23:36:28.651+0000] {dagbag.py:538} INFO - Filling up the DagBag from /home/ubuntu/reddit_venv/lib/python3.10/site-packages/airflow/example_dags/example_skip_dag.py
[2024-02-14T23:36:28.660+0000] {processor.py:840} INFO - DAG(s) 'example_skip_dag' retrieved from /home/ubuntu/reddit_venv/lib/python3.10/site-packages/airflow/example_dags/example_skip_dag.py
[2024-02-14T23:36:28.677+0000] {logging_mixin.py:188} INFO - [2024-02-14T23:36:28.677+0000] {dag.py:3036} INFO - Sync 1 DAGs
[2024-02-14T23:36:28.698+0000] {logging_mixin.py:188} INFO - [2024-02-14T23:36:28.698+0000] {dag.py:3823} INFO - Setting next_dagrun for example_skip_dag to 2024-02-13 00:00:00+00:00, run_after=2024-02-14 00:00:00+00:00
[2024-02-14T23:36:28.720+0000] {processor.py:183} INFO - Processing /home/ubuntu/reddit_venv/lib/python3.10/site-packages/airflow/example_dags/example_skip_dag.py took 0.075 seconds
[2024-02-14T23:37:12.524+0000] {processor.py:161} INFO - Started process (PID=8243) to work on /home/ubuntu/reddit_venv/lib/python3.10/site-packages/airflow/example_dags/example_skip_dag.py
[2024-02-14T23:37:12.526+0000] {processor.py:830} INFO - Processing file /home/ubuntu/reddit_venv/lib/python3.10/site-packages/airflow/example_dags/example_skip_dag.py for tasks to queue
[2024-02-14T23:37:12.527+0000] {logging_mixin.py:188} INFO - [2024-02-14T23:37:12.526+0000] {dagbag.py:538} INFO - Filling up the DagBag from /home/ubuntu/reddit_venv/lib/python3.10/site-packages/airflow/example_dags/example_skip_dag.py
[2024-02-14T23:37:12.534+0000] {processor.py:840} INFO - DAG(s) 'example_skip_dag' retrieved from /home/ubuntu/reddit_venv/lib/python3.10/site-packages/airflow/example_dags/example_skip_dag.py
[2024-02-14T23:37:12.552+0000] {logging_mixin.py:188} INFO - [2024-02-14T23:37:12.552+0000] {dag.py:3036} INFO - Sync 1 DAGs
[2024-02-14T23:37:12.573+0000] {logging_mixin.py:188} INFO - [2024-02-14T23:37:12.573+0000] {dag.py:3823} INFO - Setting next_dagrun for example_skip_dag to 2024-02-13 00:00:00+00:00, run_after=2024-02-14 00:00:00+00:00
[2024-02-14T23:37:12.595+0000] {processor.py:183} INFO - Processing /home/ubuntu/reddit_venv/lib/python3.10/site-packages/airflow/example_dags/example_skip_dag.py took 0.075 seconds
[2024-02-14T23:38:08.109+0000] {processor.py:161} INFO - Started process (PID=8670) to work on /home/ubuntu/reddit_venv/lib/python3.10/site-packages/airflow/example_dags/example_skip_dag.py
[2024-02-14T23:38:08.111+0000] {processor.py:830} INFO - Processing file /home/ubuntu/reddit_venv/lib/python3.10/site-packages/airflow/example_dags/example_skip_dag.py for tasks to queue
[2024-02-14T23:38:08.112+0000] {logging_mixin.py:188} INFO - [2024-02-14T23:38:08.111+0000] {dagbag.py:538} INFO - Filling up the DagBag from /home/ubuntu/reddit_venv/lib/python3.10/site-packages/airflow/example_dags/example_skip_dag.py
[2024-02-14T23:38:08.120+0000] {processor.py:840} INFO - DAG(s) 'example_skip_dag' retrieved from /home/ubuntu/reddit_venv/lib/python3.10/site-packages/airflow/example_dags/example_skip_dag.py
[2024-02-14T23:38:08.137+0000] {logging_mixin.py:188} INFO - [2024-02-14T23:38:08.137+0000] {dag.py:3036} INFO - Sync 1 DAGs
[2024-02-14T23:38:08.157+0000] {logging_mixin.py:188} INFO - [2024-02-14T23:38:08.157+0000] {dag.py:3823} INFO - Setting next_dagrun for example_skip_dag to 2024-02-13 00:00:00+00:00, run_after=2024-02-14 00:00:00+00:00
[2024-02-14T23:38:08.179+0000] {processor.py:183} INFO - Processing /home/ubuntu/reddit_venv/lib/python3.10/site-packages/airflow/example_dags/example_skip_dag.py took 0.074 seconds
[2024-02-14T23:39:17.452+0000] {processor.py:161} INFO - Started process (PID=9179) to work on /home/ubuntu/reddit_venv/lib/python3.10/site-packages/airflow/example_dags/example_skip_dag.py
[2024-02-14T23:39:17.455+0000] {processor.py:830} INFO - Processing file /home/ubuntu/reddit_venv/lib/python3.10/site-packages/airflow/example_dags/example_skip_dag.py for tasks to queue
[2024-02-14T23:39:17.456+0000] {logging_mixin.py:188} INFO - [2024-02-14T23:39:17.455+0000] {dagbag.py:538} INFO - Filling up the DagBag from /home/ubuntu/reddit_venv/lib/python3.10/site-packages/airflow/example_dags/example_skip_dag.py
[2024-02-14T23:39:17.463+0000] {processor.py:840} INFO - DAG(s) 'example_skip_dag' retrieved from /home/ubuntu/reddit_venv/lib/python3.10/site-packages/airflow/example_dags/example_skip_dag.py
[2024-02-14T23:39:17.481+0000] {logging_mixin.py:188} INFO - [2024-02-14T23:39:17.480+0000] {dag.py:3036} INFO - Sync 1 DAGs
[2024-02-14T23:39:17.501+0000] {logging_mixin.py:188} INFO - [2024-02-14T23:39:17.501+0000] {dag.py:3823} INFO - Setting next_dagrun for example_skip_dag to 2024-02-13 00:00:00+00:00, run_after=2024-02-14 00:00:00+00:00
[2024-02-14T23:39:17.523+0000] {processor.py:183} INFO - Processing /home/ubuntu/reddit_venv/lib/python3.10/site-packages/airflow/example_dags/example_skip_dag.py took 0.075 seconds
[2024-02-14T23:40:03.366+0000] {processor.py:161} INFO - Started process (PID=9294) to work on /home/ubuntu/reddit_venv/lib/python3.10/site-packages/airflow/example_dags/example_skip_dag.py
[2024-02-14T23:40:03.368+0000] {processor.py:830} INFO - Processing file /home/ubuntu/reddit_venv/lib/python3.10/site-packages/airflow/example_dags/example_skip_dag.py for tasks to queue
[2024-02-14T23:40:03.369+0000] {logging_mixin.py:188} INFO - [2024-02-14T23:40:03.368+0000] {dagbag.py:538} INFO - Filling up the DagBag from /home/ubuntu/reddit_venv/lib/python3.10/site-packages/airflow/example_dags/example_skip_dag.py
[2024-02-14T23:40:03.377+0000] {processor.py:840} INFO - DAG(s) 'example_skip_dag' retrieved from /home/ubuntu/reddit_venv/lib/python3.10/site-packages/airflow/example_dags/example_skip_dag.py
[2024-02-14T23:40:03.394+0000] {logging_mixin.py:188} INFO - [2024-02-14T23:40:03.394+0000] {dag.py:3036} INFO - Sync 1 DAGs
[2024-02-14T23:40:03.414+0000] {logging_mixin.py:188} INFO - [2024-02-14T23:40:03.413+0000] {dag.py:3823} INFO - Setting next_dagrun for example_skip_dag to 2024-02-13 00:00:00+00:00, run_after=2024-02-14 00:00:00+00:00
[2024-02-14T23:40:03.435+0000] {processor.py:183} INFO - Processing /home/ubuntu/reddit_venv/lib/python3.10/site-packages/airflow/example_dags/example_skip_dag.py took 0.072 seconds
[2024-02-14T23:41:00.734+0000] {processor.py:161} INFO - Started process (PID=9419) to work on /home/ubuntu/reddit_venv/lib/python3.10/site-packages/airflow/example_dags/example_skip_dag.py
[2024-02-14T23:41:00.736+0000] {processor.py:830} INFO - Processing file /home/ubuntu/reddit_venv/lib/python3.10/site-packages/airflow/example_dags/example_skip_dag.py for tasks to queue
[2024-02-14T23:41:00.736+0000] {logging_mixin.py:188} INFO - [2024-02-14T23:41:00.736+0000] {dagbag.py:538} INFO - Filling up the DagBag from /home/ubuntu/reddit_venv/lib/python3.10/site-packages/airflow/example_dags/example_skip_dag.py
[2024-02-14T23:41:00.744+0000] {processor.py:840} INFO - DAG(s) 'example_skip_dag' retrieved from /home/ubuntu/reddit_venv/lib/python3.10/site-packages/airflow/example_dags/example_skip_dag.py
[2024-02-14T23:41:00.761+0000] {logging_mixin.py:188} INFO - [2024-02-14T23:41:00.761+0000] {dag.py:3036} INFO - Sync 1 DAGs
[2024-02-14T23:41:00.781+0000] {logging_mixin.py:188} INFO - [2024-02-14T23:41:00.781+0000] {dag.py:3823} INFO - Setting next_dagrun for example_skip_dag to 2024-02-13 00:00:00+00:00, run_after=2024-02-14 00:00:00+00:00
[2024-02-14T23:41:00.802+0000] {processor.py:183} INFO - Processing /home/ubuntu/reddit_venv/lib/python3.10/site-packages/airflow/example_dags/example_skip_dag.py took 0.071 seconds
[2024-02-14T23:41:55.987+0000] {processor.py:161} INFO - Started process (PID=9542) to work on /home/ubuntu/reddit_venv/lib/python3.10/site-packages/airflow/example_dags/example_skip_dag.py
[2024-02-14T23:41:55.988+0000] {processor.py:830} INFO - Processing file /home/ubuntu/reddit_venv/lib/python3.10/site-packages/airflow/example_dags/example_skip_dag.py for tasks to queue
[2024-02-14T23:41:55.989+0000] {logging_mixin.py:188} INFO - [2024-02-14T23:41:55.989+0000] {dagbag.py:538} INFO - Filling up the DagBag from /home/ubuntu/reddit_venv/lib/python3.10/site-packages/airflow/example_dags/example_skip_dag.py
[2024-02-14T23:41:55.997+0000] {processor.py:840} INFO - DAG(s) 'example_skip_dag' retrieved from /home/ubuntu/reddit_venv/lib/python3.10/site-packages/airflow/example_dags/example_skip_dag.py
[2024-02-14T23:41:56.014+0000] {logging_mixin.py:188} INFO - [2024-02-14T23:41:56.014+0000] {dag.py:3036} INFO - Sync 1 DAGs
[2024-02-14T23:41:56.034+0000] {logging_mixin.py:188} INFO - [2024-02-14T23:41:56.034+0000] {dag.py:3823} INFO - Setting next_dagrun for example_skip_dag to 2024-02-13 00:00:00+00:00, run_after=2024-02-14 00:00:00+00:00
[2024-02-14T23:41:56.057+0000] {processor.py:183} INFO - Processing /home/ubuntu/reddit_venv/lib/python3.10/site-packages/airflow/example_dags/example_skip_dag.py took 0.074 seconds
[2024-02-14T23:42:51.754+0000] {processor.py:161} INFO - Started process (PID=9667) to work on /home/ubuntu/reddit_venv/lib/python3.10/site-packages/airflow/example_dags/example_skip_dag.py
[2024-02-14T23:42:51.756+0000] {processor.py:830} INFO - Processing file /home/ubuntu/reddit_venv/lib/python3.10/site-packages/airflow/example_dags/example_skip_dag.py for tasks to queue
[2024-02-14T23:42:51.757+0000] {logging_mixin.py:188} INFO - [2024-02-14T23:42:51.757+0000] {dagbag.py:538} INFO - Filling up the DagBag from /home/ubuntu/reddit_venv/lib/python3.10/site-packages/airflow/example_dags/example_skip_dag.py
[2024-02-14T23:42:51.765+0000] {processor.py:840} INFO - DAG(s) 'example_skip_dag' retrieved from /home/ubuntu/reddit_venv/lib/python3.10/site-packages/airflow/example_dags/example_skip_dag.py
[2024-02-14T23:42:51.783+0000] {logging_mixin.py:188} INFO - [2024-02-14T23:42:51.782+0000] {dag.py:3036} INFO - Sync 1 DAGs
[2024-02-14T23:42:51.804+0000] {logging_mixin.py:188} INFO - [2024-02-14T23:42:51.803+0000] {dag.py:3823} INFO - Setting next_dagrun for example_skip_dag to 2024-02-13 00:00:00+00:00, run_after=2024-02-14 00:00:00+00:00
[2024-02-14T23:42:51.826+0000] {processor.py:183} INFO - Processing /home/ubuntu/reddit_venv/lib/python3.10/site-packages/airflow/example_dags/example_skip_dag.py took 0.074 seconds
[2024-02-14T23:43:51.231+0000] {processor.py:161} INFO - Started process (PID=9792) to work on /home/ubuntu/reddit_venv/lib/python3.10/site-packages/airflow/example_dags/example_skip_dag.py
[2024-02-14T23:43:51.233+0000] {processor.py:830} INFO - Processing file /home/ubuntu/reddit_venv/lib/python3.10/site-packages/airflow/example_dags/example_skip_dag.py for tasks to queue
[2024-02-14T23:43:51.234+0000] {logging_mixin.py:188} INFO - [2024-02-14T23:43:51.233+0000] {dagbag.py:538} INFO - Filling up the DagBag from /home/ubuntu/reddit_venv/lib/python3.10/site-packages/airflow/example_dags/example_skip_dag.py
[2024-02-14T23:43:51.242+0000] {processor.py:840} INFO - DAG(s) 'example_skip_dag' retrieved from /home/ubuntu/reddit_venv/lib/python3.10/site-packages/airflow/example_dags/example_skip_dag.py
[2024-02-14T23:43:51.258+0000] {logging_mixin.py:188} INFO - [2024-02-14T23:43:51.258+0000] {dag.py:3036} INFO - Sync 1 DAGs
[2024-02-14T23:43:51.278+0000] {logging_mixin.py:188} INFO - [2024-02-14T23:43:51.278+0000] {dag.py:3823} INFO - Setting next_dagrun for example_skip_dag to 2024-02-13 00:00:00+00:00, run_after=2024-02-14 00:00:00+00:00
[2024-02-14T23:43:51.300+0000] {processor.py:183} INFO - Processing /home/ubuntu/reddit_venv/lib/python3.10/site-packages/airflow/example_dags/example_skip_dag.py took 0.073 seconds
[2024-02-14T23:44:34.088+0000] {processor.py:161} INFO - Started process (PID=9964) to work on /home/ubuntu/reddit_venv/lib/python3.10/site-packages/airflow/example_dags/example_skip_dag.py
[2024-02-14T23:44:34.089+0000] {processor.py:830} INFO - Processing file /home/ubuntu/reddit_venv/lib/python3.10/site-packages/airflow/example_dags/example_skip_dag.py for tasks to queue
[2024-02-14T23:44:34.090+0000] {logging_mixin.py:188} INFO - [2024-02-14T23:44:34.090+0000] {dagbag.py:538} INFO - Filling up the DagBag from /home/ubuntu/reddit_venv/lib/python3.10/site-packages/airflow/example_dags/example_skip_dag.py
[2024-02-14T23:44:34.098+0000] {processor.py:840} INFO - DAG(s) 'example_skip_dag' retrieved from /home/ubuntu/reddit_venv/lib/python3.10/site-packages/airflow/example_dags/example_skip_dag.py
[2024-02-14T23:44:34.115+0000] {logging_mixin.py:188} INFO - [2024-02-14T23:44:34.115+0000] {dag.py:3036} INFO - Sync 1 DAGs
[2024-02-14T23:44:34.135+0000] {logging_mixin.py:188} INFO - [2024-02-14T23:44:34.135+0000] {dag.py:3823} INFO - Setting next_dagrun for example_skip_dag to 2024-02-13 00:00:00+00:00, run_after=2024-02-14 00:00:00+00:00
[2024-02-14T23:44:34.158+0000] {processor.py:183} INFO - Processing /home/ubuntu/reddit_venv/lib/python3.10/site-packages/airflow/example_dags/example_skip_dag.py took 0.074 seconds
[2024-02-14T23:45:29.278+0000] {processor.py:161} INFO - Started process (PID=10335) to work on /home/ubuntu/reddit_venv/lib/python3.10/site-packages/airflow/example_dags/example_skip_dag.py
[2024-02-14T23:45:29.279+0000] {processor.py:830} INFO - Processing file /home/ubuntu/reddit_venv/lib/python3.10/site-packages/airflow/example_dags/example_skip_dag.py for tasks to queue
[2024-02-14T23:45:29.280+0000] {logging_mixin.py:188} INFO - [2024-02-14T23:45:29.280+0000] {dagbag.py:538} INFO - Filling up the DagBag from /home/ubuntu/reddit_venv/lib/python3.10/site-packages/airflow/example_dags/example_skip_dag.py
[2024-02-14T23:45:29.288+0000] {processor.py:840} INFO - DAG(s) 'example_skip_dag' retrieved from /home/ubuntu/reddit_venv/lib/python3.10/site-packages/airflow/example_dags/example_skip_dag.py
[2024-02-14T23:45:29.305+0000] {logging_mixin.py:188} INFO - [2024-02-14T23:45:29.305+0000] {dag.py:3036} INFO - Sync 1 DAGs
[2024-02-14T23:45:29.325+0000] {logging_mixin.py:188} INFO - [2024-02-14T23:45:29.325+0000] {dag.py:3823} INFO - Setting next_dagrun for example_skip_dag to 2024-02-13 00:00:00+00:00, run_after=2024-02-14 00:00:00+00:00
[2024-02-14T23:45:29.347+0000] {processor.py:183} INFO - Processing /home/ubuntu/reddit_venv/lib/python3.10/site-packages/airflow/example_dags/example_skip_dag.py took 0.073 seconds
[2024-02-14T23:46:21.412+0000] {processor.py:161} INFO - Started process (PID=10395) to work on /home/ubuntu/reddit_venv/lib/python3.10/site-packages/airflow/example_dags/example_skip_dag.py
[2024-02-14T23:46:21.414+0000] {processor.py:830} INFO - Processing file /home/ubuntu/reddit_venv/lib/python3.10/site-packages/airflow/example_dags/example_skip_dag.py for tasks to queue
[2024-02-14T23:46:21.415+0000] {logging_mixin.py:188} INFO - [2024-02-14T23:46:21.415+0000] {dagbag.py:538} INFO - Filling up the DagBag from /home/ubuntu/reddit_venv/lib/python3.10/site-packages/airflow/example_dags/example_skip_dag.py
[2024-02-14T23:46:21.423+0000] {processor.py:840} INFO - DAG(s) 'example_skip_dag' retrieved from /home/ubuntu/reddit_venv/lib/python3.10/site-packages/airflow/example_dags/example_skip_dag.py
[2024-02-14T23:46:21.439+0000] {logging_mixin.py:188} INFO - [2024-02-14T23:46:21.439+0000] {dag.py:3036} INFO - Sync 1 DAGs
[2024-02-14T23:46:21.459+0000] {logging_mixin.py:188} INFO - [2024-02-14T23:46:21.459+0000] {dag.py:3823} INFO - Setting next_dagrun for example_skip_dag to 2024-02-13 00:00:00+00:00, run_after=2024-02-14 00:00:00+00:00
[2024-02-14T23:46:21.482+0000] {processor.py:183} INFO - Processing /home/ubuntu/reddit_venv/lib/python3.10/site-packages/airflow/example_dags/example_skip_dag.py took 0.073 seconds
[2024-02-14T23:47:15.696+0000] {processor.py:161} INFO - Started process (PID=10522) to work on /home/ubuntu/reddit_venv/lib/python3.10/site-packages/airflow/example_dags/example_skip_dag.py
[2024-02-14T23:47:15.697+0000] {processor.py:830} INFO - Processing file /home/ubuntu/reddit_venv/lib/python3.10/site-packages/airflow/example_dags/example_skip_dag.py for tasks to queue
[2024-02-14T23:47:15.698+0000] {logging_mixin.py:188} INFO - [2024-02-14T23:47:15.698+0000] {dagbag.py:538} INFO - Filling up the DagBag from /home/ubuntu/reddit_venv/lib/python3.10/site-packages/airflow/example_dags/example_skip_dag.py
[2024-02-14T23:47:15.706+0000] {processor.py:840} INFO - DAG(s) 'example_skip_dag' retrieved from /home/ubuntu/reddit_venv/lib/python3.10/site-packages/airflow/example_dags/example_skip_dag.py
[2024-02-14T23:47:15.723+0000] {logging_mixin.py:188} INFO - [2024-02-14T23:47:15.723+0000] {dag.py:3036} INFO - Sync 1 DAGs
[2024-02-14T23:47:15.743+0000] {logging_mixin.py:188} INFO - [2024-02-14T23:47:15.742+0000] {dag.py:3823} INFO - Setting next_dagrun for example_skip_dag to 2024-02-13 00:00:00+00:00, run_after=2024-02-14 00:00:00+00:00
[2024-02-14T23:47:15.764+0000] {processor.py:183} INFO - Processing /home/ubuntu/reddit_venv/lib/python3.10/site-packages/airflow/example_dags/example_skip_dag.py took 0.071 seconds
[2024-02-14T23:48:16.420+0000] {processor.py:161} INFO - Started process (PID=10648) to work on /home/ubuntu/reddit_venv/lib/python3.10/site-packages/airflow/example_dags/example_skip_dag.py
[2024-02-14T23:48:16.421+0000] {processor.py:830} INFO - Processing file /home/ubuntu/reddit_venv/lib/python3.10/site-packages/airflow/example_dags/example_skip_dag.py for tasks to queue
[2024-02-14T23:48:16.422+0000] {logging_mixin.py:188} INFO - [2024-02-14T23:48:16.422+0000] {dagbag.py:538} INFO - Filling up the DagBag from /home/ubuntu/reddit_venv/lib/python3.10/site-packages/airflow/example_dags/example_skip_dag.py
[2024-02-14T23:48:16.430+0000] {processor.py:840} INFO - DAG(s) 'example_skip_dag' retrieved from /home/ubuntu/reddit_venv/lib/python3.10/site-packages/airflow/example_dags/example_skip_dag.py
[2024-02-14T23:48:16.447+0000] {logging_mixin.py:188} INFO - [2024-02-14T23:48:16.447+0000] {dag.py:3036} INFO - Sync 1 DAGs
[2024-02-14T23:48:16.467+0000] {logging_mixin.py:188} INFO - [2024-02-14T23:48:16.467+0000] {dag.py:3823} INFO - Setting next_dagrun for example_skip_dag to 2024-02-13 00:00:00+00:00, run_after=2024-02-14 00:00:00+00:00
[2024-02-14T23:48:16.489+0000] {processor.py:183} INFO - Processing /home/ubuntu/reddit_venv/lib/python3.10/site-packages/airflow/example_dags/example_skip_dag.py took 0.072 seconds
[2024-02-14T23:49:11.396+0000] {processor.py:161} INFO - Started process (PID=10773) to work on /home/ubuntu/reddit_venv/lib/python3.10/site-packages/airflow/example_dags/example_skip_dag.py
[2024-02-14T23:49:11.397+0000] {processor.py:830} INFO - Processing file /home/ubuntu/reddit_venv/lib/python3.10/site-packages/airflow/example_dags/example_skip_dag.py for tasks to queue
[2024-02-14T23:49:11.398+0000] {logging_mixin.py:188} INFO - [2024-02-14T23:49:11.398+0000] {dagbag.py:538} INFO - Filling up the DagBag from /home/ubuntu/reddit_venv/lib/python3.10/site-packages/airflow/example_dags/example_skip_dag.py
[2024-02-14T23:49:11.406+0000] {processor.py:840} INFO - DAG(s) 'example_skip_dag' retrieved from /home/ubuntu/reddit_venv/lib/python3.10/site-packages/airflow/example_dags/example_skip_dag.py
[2024-02-14T23:49:11.423+0000] {logging_mixin.py:188} INFO - [2024-02-14T23:49:11.423+0000] {dag.py:3036} INFO - Sync 1 DAGs
[2024-02-14T23:49:11.443+0000] {logging_mixin.py:188} INFO - [2024-02-14T23:49:11.443+0000] {dag.py:3823} INFO - Setting next_dagrun for example_skip_dag to 2024-02-13 00:00:00+00:00, run_after=2024-02-14 00:00:00+00:00
[2024-02-14T23:49:11.464+0000] {processor.py:183} INFO - Processing /home/ubuntu/reddit_venv/lib/python3.10/site-packages/airflow/example_dags/example_skip_dag.py took 0.072 seconds
[2024-02-14T23:50:05.511+0000] {processor.py:161} INFO - Started process (PID=10956) to work on /home/ubuntu/reddit_venv/lib/python3.10/site-packages/airflow/example_dags/example_skip_dag.py
[2024-02-14T23:50:05.513+0000] {processor.py:830} INFO - Processing file /home/ubuntu/reddit_venv/lib/python3.10/site-packages/airflow/example_dags/example_skip_dag.py for tasks to queue
[2024-02-14T23:50:05.514+0000] {logging_mixin.py:188} INFO - [2024-02-14T23:50:05.514+0000] {dagbag.py:538} INFO - Filling up the DagBag from /home/ubuntu/reddit_venv/lib/python3.10/site-packages/airflow/example_dags/example_skip_dag.py
[2024-02-14T23:50:05.522+0000] {processor.py:840} INFO - DAG(s) 'example_skip_dag' retrieved from /home/ubuntu/reddit_venv/lib/python3.10/site-packages/airflow/example_dags/example_skip_dag.py
[2024-02-14T23:50:05.540+0000] {logging_mixin.py:188} INFO - [2024-02-14T23:50:05.539+0000] {dag.py:3036} INFO - Sync 1 DAGs
[2024-02-14T23:50:05.560+0000] {logging_mixin.py:188} INFO - [2024-02-14T23:50:05.560+0000] {dag.py:3823} INFO - Setting next_dagrun for example_skip_dag to 2024-02-13 00:00:00+00:00, run_after=2024-02-14 00:00:00+00:00
[2024-02-14T23:50:05.582+0000] {processor.py:183} INFO - Processing /home/ubuntu/reddit_venv/lib/python3.10/site-packages/airflow/example_dags/example_skip_dag.py took 0.074 seconds
[2024-02-14T23:51:02.454+0000] {processor.py:161} INFO - Started process (PID=11082) to work on /home/ubuntu/reddit_venv/lib/python3.10/site-packages/airflow/example_dags/example_skip_dag.py
[2024-02-14T23:51:02.456+0000] {processor.py:830} INFO - Processing file /home/ubuntu/reddit_venv/lib/python3.10/site-packages/airflow/example_dags/example_skip_dag.py for tasks to queue
[2024-02-14T23:51:02.457+0000] {logging_mixin.py:188} INFO - [2024-02-14T23:51:02.457+0000] {dagbag.py:538} INFO - Filling up the DagBag from /home/ubuntu/reddit_venv/lib/python3.10/site-packages/airflow/example_dags/example_skip_dag.py
[2024-02-14T23:51:02.464+0000] {processor.py:840} INFO - DAG(s) 'example_skip_dag' retrieved from /home/ubuntu/reddit_venv/lib/python3.10/site-packages/airflow/example_dags/example_skip_dag.py
[2024-02-14T23:51:02.481+0000] {logging_mixin.py:188} INFO - [2024-02-14T23:51:02.481+0000] {dag.py:3036} INFO - Sync 1 DAGs
[2024-02-14T23:51:02.501+0000] {logging_mixin.py:188} INFO - [2024-02-14T23:51:02.501+0000] {dag.py:3823} INFO - Setting next_dagrun for example_skip_dag to 2024-02-13 00:00:00+00:00, run_after=2024-02-14 00:00:00+00:00
[2024-02-14T23:51:02.523+0000] {processor.py:183} INFO - Processing /home/ubuntu/reddit_venv/lib/python3.10/site-packages/airflow/example_dags/example_skip_dag.py took 0.072 seconds
[2024-02-14T23:52:01.752+0000] {processor.py:161} INFO - Started process (PID=11212) to work on /home/ubuntu/reddit_venv/lib/python3.10/site-packages/airflow/example_dags/example_skip_dag.py
[2024-02-14T23:52:01.754+0000] {processor.py:830} INFO - Processing file /home/ubuntu/reddit_venv/lib/python3.10/site-packages/airflow/example_dags/example_skip_dag.py for tasks to queue
[2024-02-14T23:52:01.754+0000] {logging_mixin.py:188} INFO - [2024-02-14T23:52:01.754+0000] {dagbag.py:538} INFO - Filling up the DagBag from /home/ubuntu/reddit_venv/lib/python3.10/site-packages/airflow/example_dags/example_skip_dag.py
[2024-02-14T23:52:01.762+0000] {processor.py:840} INFO - DAG(s) 'example_skip_dag' retrieved from /home/ubuntu/reddit_venv/lib/python3.10/site-packages/airflow/example_dags/example_skip_dag.py
[2024-02-14T23:52:01.779+0000] {logging_mixin.py:188} INFO - [2024-02-14T23:52:01.779+0000] {dag.py:3036} INFO - Sync 1 DAGs
[2024-02-14T23:52:01.800+0000] {logging_mixin.py:188} INFO - [2024-02-14T23:52:01.800+0000] {dag.py:3823} INFO - Setting next_dagrun for example_skip_dag to 2024-02-13 00:00:00+00:00, run_after=2024-02-14 00:00:00+00:00
[2024-02-14T23:52:01.823+0000] {processor.py:183} INFO - Processing /home/ubuntu/reddit_venv/lib/python3.10/site-packages/airflow/example_dags/example_skip_dag.py took 0.075 seconds
[2024-02-14T23:53:04.610+0000] {processor.py:161} INFO - Started process (PID=11340) to work on /home/ubuntu/reddit_venv/lib/python3.10/site-packages/airflow/example_dags/example_skip_dag.py
[2024-02-14T23:53:04.611+0000] {processor.py:830} INFO - Processing file /home/ubuntu/reddit_venv/lib/python3.10/site-packages/airflow/example_dags/example_skip_dag.py for tasks to queue
[2024-02-14T23:53:04.612+0000] {logging_mixin.py:188} INFO - [2024-02-14T23:53:04.612+0000] {dagbag.py:538} INFO - Filling up the DagBag from /home/ubuntu/reddit_venv/lib/python3.10/site-packages/airflow/example_dags/example_skip_dag.py
[2024-02-14T23:53:04.620+0000] {processor.py:840} INFO - DAG(s) 'example_skip_dag' retrieved from /home/ubuntu/reddit_venv/lib/python3.10/site-packages/airflow/example_dags/example_skip_dag.py
[2024-02-14T23:53:04.637+0000] {logging_mixin.py:188} INFO - [2024-02-14T23:53:04.637+0000] {dag.py:3036} INFO - Sync 1 DAGs
[2024-02-14T23:53:04.659+0000] {logging_mixin.py:188} INFO - [2024-02-14T23:53:04.659+0000] {dag.py:3823} INFO - Setting next_dagrun for example_skip_dag to 2024-02-13 00:00:00+00:00, run_after=2024-02-14 00:00:00+00:00
[2024-02-14T23:53:04.681+0000] {processor.py:183} INFO - Processing /home/ubuntu/reddit_venv/lib/python3.10/site-packages/airflow/example_dags/example_skip_dag.py took 0.075 seconds
[2024-02-14T23:53:47.029+0000] {processor.py:161} INFO - Started process (PID=11448) to work on /home/ubuntu/reddit_venv/lib/python3.10/site-packages/airflow/example_dags/example_skip_dag.py
[2024-02-14T23:53:47.030+0000] {processor.py:830} INFO - Processing file /home/ubuntu/reddit_venv/lib/python3.10/site-packages/airflow/example_dags/example_skip_dag.py for tasks to queue
[2024-02-14T23:53:47.031+0000] {logging_mixin.py:188} INFO - [2024-02-14T23:53:47.031+0000] {dagbag.py:538} INFO - Filling up the DagBag from /home/ubuntu/reddit_venv/lib/python3.10/site-packages/airflow/example_dags/example_skip_dag.py
[2024-02-14T23:53:47.039+0000] {processor.py:840} INFO - DAG(s) 'example_skip_dag' retrieved from /home/ubuntu/reddit_venv/lib/python3.10/site-packages/airflow/example_dags/example_skip_dag.py
[2024-02-14T23:53:47.055+0000] {logging_mixin.py:188} INFO - [2024-02-14T23:53:47.055+0000] {dag.py:3036} INFO - Sync 1 DAGs
[2024-02-14T23:53:47.076+0000] {logging_mixin.py:188} INFO - [2024-02-14T23:53:47.075+0000] {dag.py:3823} INFO - Setting next_dagrun for example_skip_dag to 2024-02-13 00:00:00+00:00, run_after=2024-02-14 00:00:00+00:00
[2024-02-14T23:53:47.098+0000] {processor.py:183} INFO - Processing /home/ubuntu/reddit_venv/lib/python3.10/site-packages/airflow/example_dags/example_skip_dag.py took 0.072 seconds
[2024-02-14T23:54:28.943+0000] {processor.py:161} INFO - Started process (PID=11556) to work on /home/ubuntu/reddit_venv/lib/python3.10/site-packages/airflow/example_dags/example_skip_dag.py
[2024-02-14T23:54:28.944+0000] {processor.py:830} INFO - Processing file /home/ubuntu/reddit_venv/lib/python3.10/site-packages/airflow/example_dags/example_skip_dag.py for tasks to queue
[2024-02-14T23:54:28.945+0000] {logging_mixin.py:188} INFO - [2024-02-14T23:54:28.945+0000] {dagbag.py:538} INFO - Filling up the DagBag from /home/ubuntu/reddit_venv/lib/python3.10/site-packages/airflow/example_dags/example_skip_dag.py
[2024-02-14T23:54:28.953+0000] {processor.py:840} INFO - DAG(s) 'example_skip_dag' retrieved from /home/ubuntu/reddit_venv/lib/python3.10/site-packages/airflow/example_dags/example_skip_dag.py
[2024-02-14T23:54:28.970+0000] {logging_mixin.py:188} INFO - [2024-02-14T23:54:28.969+0000] {dag.py:3036} INFO - Sync 1 DAGs
[2024-02-14T23:54:28.989+0000] {logging_mixin.py:188} INFO - [2024-02-14T23:54:28.989+0000] {dag.py:3823} INFO - Setting next_dagrun for example_skip_dag to 2024-02-13 00:00:00+00:00, run_after=2024-02-14 00:00:00+00:00
[2024-02-14T23:54:29.011+0000] {processor.py:183} INFO - Processing /home/ubuntu/reddit_venv/lib/python3.10/site-packages/airflow/example_dags/example_skip_dag.py took 0.072 seconds
[2024-02-14T23:55:10.694+0000] {processor.py:161} INFO - Started process (PID=11663) to work on /home/ubuntu/reddit_venv/lib/python3.10/site-packages/airflow/example_dags/example_skip_dag.py
[2024-02-14T23:55:10.696+0000] {processor.py:830} INFO - Processing file /home/ubuntu/reddit_venv/lib/python3.10/site-packages/airflow/example_dags/example_skip_dag.py for tasks to queue
[2024-02-14T23:55:10.696+0000] {logging_mixin.py:188} INFO - [2024-02-14T23:55:10.696+0000] {dagbag.py:538} INFO - Filling up the DagBag from /home/ubuntu/reddit_venv/lib/python3.10/site-packages/airflow/example_dags/example_skip_dag.py
[2024-02-14T23:55:10.704+0000] {processor.py:840} INFO - DAG(s) 'example_skip_dag' retrieved from /home/ubuntu/reddit_venv/lib/python3.10/site-packages/airflow/example_dags/example_skip_dag.py
[2024-02-14T23:55:10.721+0000] {logging_mixin.py:188} INFO - [2024-02-14T23:55:10.721+0000] {dag.py:3036} INFO - Sync 1 DAGs
[2024-02-14T23:55:10.742+0000] {logging_mixin.py:188} INFO - [2024-02-14T23:55:10.741+0000] {dag.py:3823} INFO - Setting next_dagrun for example_skip_dag to 2024-02-13 00:00:00+00:00, run_after=2024-02-14 00:00:00+00:00
[2024-02-14T23:55:10.763+0000] {processor.py:183} INFO - Processing /home/ubuntu/reddit_venv/lib/python3.10/site-packages/airflow/example_dags/example_skip_dag.py took 0.073 seconds
[2024-02-14T23:56:08.993+0000] {processor.py:161} INFO - Started process (PID=11791) to work on /home/ubuntu/reddit_venv/lib/python3.10/site-packages/airflow/example_dags/example_skip_dag.py
[2024-02-14T23:56:08.995+0000] {processor.py:830} INFO - Processing file /home/ubuntu/reddit_venv/lib/python3.10/site-packages/airflow/example_dags/example_skip_dag.py for tasks to queue
[2024-02-14T23:56:08.996+0000] {logging_mixin.py:188} INFO - [2024-02-14T23:56:08.996+0000] {dagbag.py:538} INFO - Filling up the DagBag from /home/ubuntu/reddit_venv/lib/python3.10/site-packages/airflow/example_dags/example_skip_dag.py
[2024-02-14T23:56:09.004+0000] {processor.py:840} INFO - DAG(s) 'example_skip_dag' retrieved from /home/ubuntu/reddit_venv/lib/python3.10/site-packages/airflow/example_dags/example_skip_dag.py
[2024-02-14T23:56:09.021+0000] {logging_mixin.py:188} INFO - [2024-02-14T23:56:09.020+0000] {dag.py:3036} INFO - Sync 1 DAGs
[2024-02-14T23:56:09.041+0000] {logging_mixin.py:188} INFO - [2024-02-14T23:56:09.041+0000] {dag.py:3823} INFO - Setting next_dagrun for example_skip_dag to 2024-02-13 00:00:00+00:00, run_after=2024-02-14 00:00:00+00:00
[2024-02-14T23:56:09.062+0000] {processor.py:183} INFO - Processing /home/ubuntu/reddit_venv/lib/python3.10/site-packages/airflow/example_dags/example_skip_dag.py took 0.073 seconds
[2024-02-14T23:57:05.381+0000] {processor.py:161} INFO - Started process (PID=13138) to work on /home/ubuntu/reddit_venv/lib/python3.10/site-packages/airflow/example_dags/example_skip_dag.py
[2024-02-14T23:57:05.384+0000] {processor.py:830} INFO - Processing file /home/ubuntu/reddit_venv/lib/python3.10/site-packages/airflow/example_dags/example_skip_dag.py for tasks to queue
[2024-02-14T23:57:05.385+0000] {logging_mixin.py:188} INFO - [2024-02-14T23:57:05.385+0000] {dagbag.py:538} INFO - Filling up the DagBag from /home/ubuntu/reddit_venv/lib/python3.10/site-packages/airflow/example_dags/example_skip_dag.py
[2024-02-14T23:57:05.393+0000] {processor.py:840} INFO - DAG(s) 'example_skip_dag' retrieved from /home/ubuntu/reddit_venv/lib/python3.10/site-packages/airflow/example_dags/example_skip_dag.py
[2024-02-14T23:57:05.410+0000] {logging_mixin.py:188} INFO - [2024-02-14T23:57:05.409+0000] {dag.py:3036} INFO - Sync 1 DAGs
[2024-02-14T23:57:05.429+0000] {logging_mixin.py:188} INFO - [2024-02-14T23:57:05.429+0000] {dag.py:3823} INFO - Setting next_dagrun for example_skip_dag to 2024-02-13 00:00:00+00:00, run_after=2024-02-14 00:00:00+00:00
[2024-02-14T23:57:05.451+0000] {processor.py:183} INFO - Processing /home/ubuntu/reddit_venv/lib/python3.10/site-packages/airflow/example_dags/example_skip_dag.py took 0.073 seconds
[2024-02-14T23:58:03.883+0000] {processor.py:161} INFO - Started process (PID=20709) to work on /home/ubuntu/reddit_venv/lib/python3.10/site-packages/airflow/example_dags/example_skip_dag.py
[2024-02-14T23:58:03.885+0000] {processor.py:830} INFO - Processing file /home/ubuntu/reddit_venv/lib/python3.10/site-packages/airflow/example_dags/example_skip_dag.py for tasks to queue
[2024-02-14T23:58:03.886+0000] {logging_mixin.py:188} INFO - [2024-02-14T23:58:03.885+0000] {dagbag.py:538} INFO - Filling up the DagBag from /home/ubuntu/reddit_venv/lib/python3.10/site-packages/airflow/example_dags/example_skip_dag.py
[2024-02-14T23:58:03.893+0000] {processor.py:840} INFO - DAG(s) 'example_skip_dag' retrieved from /home/ubuntu/reddit_venv/lib/python3.10/site-packages/airflow/example_dags/example_skip_dag.py
[2024-02-14T23:58:03.911+0000] {logging_mixin.py:188} INFO - [2024-02-14T23:58:03.911+0000] {dag.py:3036} INFO - Sync 1 DAGs
[2024-02-14T23:58:03.931+0000] {logging_mixin.py:188} INFO - [2024-02-14T23:58:03.931+0000] {dag.py:3823} INFO - Setting next_dagrun for example_skip_dag to 2024-02-13 00:00:00+00:00, run_after=2024-02-14 00:00:00+00:00
[2024-02-14T23:58:03.957+0000] {processor.py:183} INFO - Processing /home/ubuntu/reddit_venv/lib/python3.10/site-packages/airflow/example_dags/example_skip_dag.py took 0.077 seconds
[2024-02-14T23:58:45.646+0000] {processor.py:161} INFO - Started process (PID=22406) to work on /home/ubuntu/reddit_venv/lib/python3.10/site-packages/airflow/example_dags/example_skip_dag.py
[2024-02-14T23:58:45.650+0000] {processor.py:830} INFO - Processing file /home/ubuntu/reddit_venv/lib/python3.10/site-packages/airflow/example_dags/example_skip_dag.py for tasks to queue
[2024-02-14T23:58:45.651+0000] {logging_mixin.py:188} INFO - [2024-02-14T23:58:45.650+0000] {dagbag.py:538} INFO - Filling up the DagBag from /home/ubuntu/reddit_venv/lib/python3.10/site-packages/airflow/example_dags/example_skip_dag.py
[2024-02-14T23:58:45.659+0000] {processor.py:840} INFO - DAG(s) 'example_skip_dag' retrieved from /home/ubuntu/reddit_venv/lib/python3.10/site-packages/airflow/example_dags/example_skip_dag.py
[2024-02-14T23:58:45.675+0000] {logging_mixin.py:188} INFO - [2024-02-14T23:58:45.675+0000] {dag.py:3036} INFO - Sync 1 DAGs
[2024-02-14T23:58:45.696+0000] {logging_mixin.py:188} INFO - [2024-02-14T23:58:45.695+0000] {dag.py:3823} INFO - Setting next_dagrun for example_skip_dag to 2024-02-13 00:00:00+00:00, run_after=2024-02-14 00:00:00+00:00
[2024-02-14T23:58:45.717+0000] {processor.py:183} INFO - Processing /home/ubuntu/reddit_venv/lib/python3.10/site-packages/airflow/example_dags/example_skip_dag.py took 0.075 seconds
[2024-02-14T23:59:27.529+0000] {processor.py:161} INFO - Started process (PID=22478) to work on /home/ubuntu/reddit_venv/lib/python3.10/site-packages/airflow/example_dags/example_skip_dag.py
[2024-02-14T23:59:27.530+0000] {processor.py:830} INFO - Processing file /home/ubuntu/reddit_venv/lib/python3.10/site-packages/airflow/example_dags/example_skip_dag.py for tasks to queue
[2024-02-14T23:59:27.531+0000] {logging_mixin.py:188} INFO - [2024-02-14T23:59:27.531+0000] {dagbag.py:538} INFO - Filling up the DagBag from /home/ubuntu/reddit_venv/lib/python3.10/site-packages/airflow/example_dags/example_skip_dag.py
[2024-02-14T23:59:27.539+0000] {processor.py:840} INFO - DAG(s) 'example_skip_dag' retrieved from /home/ubuntu/reddit_venv/lib/python3.10/site-packages/airflow/example_dags/example_skip_dag.py
[2024-02-14T23:59:27.556+0000] {logging_mixin.py:188} INFO - [2024-02-14T23:59:27.556+0000] {dag.py:3036} INFO - Sync 1 DAGs
[2024-02-14T23:59:27.576+0000] {logging_mixin.py:188} INFO - [2024-02-14T23:59:27.576+0000] {dag.py:3823} INFO - Setting next_dagrun for example_skip_dag to 2024-02-13 00:00:00+00:00, run_after=2024-02-14 00:00:00+00:00
[2024-02-14T23:59:27.599+0000] {processor.py:183} INFO - Processing /home/ubuntu/reddit_venv/lib/python3.10/site-packages/airflow/example_dags/example_skip_dag.py took 0.073 seconds
