[2024-02-14T23:09:59.687+0000] {processor.py:161} INFO - Started process (PID=1658) to work on /home/ubuntu/reddit_venv/lib/python3.10/site-packages/airflow/example_dags/example_nested_branch_dag.py
[2024-02-14T23:09:59.688+0000] {processor.py:830} INFO - Processing file /home/ubuntu/reddit_venv/lib/python3.10/site-packages/airflow/example_dags/example_nested_branch_dag.py for tasks to queue
[2024-02-14T23:09:59.689+0000] {logging_mixin.py:188} INFO - [2024-02-14T23:09:59.689+0000] {dagbag.py:538} INFO - Filling up the DagBag from /home/ubuntu/reddit_venv/lib/python3.10/site-packages/airflow/example_dags/example_nested_branch_dag.py
[2024-02-14T23:09:59.700+0000] {processor.py:840} INFO - DAG(s) 'example_nested_branch_dag' retrieved from /home/ubuntu/reddit_venv/lib/python3.10/site-packages/airflow/example_dags/example_nested_branch_dag.py
[2024-02-14T23:09:59.803+0000] {logging_mixin.py:188} INFO - [2024-02-14T23:09:59.803+0000] {dag.py:3036} INFO - Sync 1 DAGs
[2024-02-14T23:09:59.823+0000] {logging_mixin.py:188} INFO - [2024-02-14T23:09:59.823+0000] {dag.py:3823} INFO - Setting next_dagrun for example_nested_branch_dag to 2024-02-13 00:00:00+00:00, run_after=2024-02-14 00:00:00+00:00
[2024-02-14T23:09:59.845+0000] {processor.py:183} INFO - Processing /home/ubuntu/reddit_venv/lib/python3.10/site-packages/airflow/example_dags/example_nested_branch_dag.py took 0.161 seconds
[2024-02-14T23:10:50.279+0000] {processor.py:161} INFO - Started process (PID=1773) to work on /home/ubuntu/reddit_venv/lib/python3.10/site-packages/airflow/example_dags/example_nested_branch_dag.py
[2024-02-14T23:10:50.281+0000] {processor.py:830} INFO - Processing file /home/ubuntu/reddit_venv/lib/python3.10/site-packages/airflow/example_dags/example_nested_branch_dag.py for tasks to queue
[2024-02-14T23:10:50.282+0000] {logging_mixin.py:188} INFO - [2024-02-14T23:10:50.281+0000] {dagbag.py:538} INFO - Filling up the DagBag from /home/ubuntu/reddit_venv/lib/python3.10/site-packages/airflow/example_dags/example_nested_branch_dag.py
[2024-02-14T23:10:50.293+0000] {processor.py:840} INFO - DAG(s) 'example_nested_branch_dag' retrieved from /home/ubuntu/reddit_venv/lib/python3.10/site-packages/airflow/example_dags/example_nested_branch_dag.py
[2024-02-14T23:10:50.311+0000] {logging_mixin.py:188} INFO - [2024-02-14T23:10:50.311+0000] {dag.py:3036} INFO - Sync 1 DAGs
[2024-02-14T23:10:50.333+0000] {logging_mixin.py:188} INFO - [2024-02-14T23:10:50.333+0000] {dag.py:3823} INFO - Setting next_dagrun for example_nested_branch_dag to 2024-02-13 00:00:00+00:00, run_after=2024-02-14 00:00:00+00:00
[2024-02-14T23:10:50.355+0000] {processor.py:183} INFO - Processing /home/ubuntu/reddit_venv/lib/python3.10/site-packages/airflow/example_dags/example_nested_branch_dag.py took 0.080 seconds
[2024-02-14T23:11:48.779+0000] {processor.py:161} INFO - Started process (PID=1901) to work on /home/ubuntu/reddit_venv/lib/python3.10/site-packages/airflow/example_dags/example_nested_branch_dag.py
[2024-02-14T23:11:48.781+0000] {processor.py:830} INFO - Processing file /home/ubuntu/reddit_venv/lib/python3.10/site-packages/airflow/example_dags/example_nested_branch_dag.py for tasks to queue
[2024-02-14T23:11:48.782+0000] {logging_mixin.py:188} INFO - [2024-02-14T23:11:48.782+0000] {dagbag.py:538} INFO - Filling up the DagBag from /home/ubuntu/reddit_venv/lib/python3.10/site-packages/airflow/example_dags/example_nested_branch_dag.py
[2024-02-14T23:11:48.793+0000] {processor.py:840} INFO - DAG(s) 'example_nested_branch_dag' retrieved from /home/ubuntu/reddit_venv/lib/python3.10/site-packages/airflow/example_dags/example_nested_branch_dag.py
[2024-02-14T23:11:48.811+0000] {logging_mixin.py:188} INFO - [2024-02-14T23:11:48.811+0000] {dag.py:3036} INFO - Sync 1 DAGs
[2024-02-14T23:11:48.833+0000] {logging_mixin.py:188} INFO - [2024-02-14T23:11:48.833+0000] {dag.py:3823} INFO - Setting next_dagrun for example_nested_branch_dag to 2024-02-13 00:00:00+00:00, run_after=2024-02-14 00:00:00+00:00
[2024-02-14T23:11:48.856+0000] {processor.py:183} INFO - Processing /home/ubuntu/reddit_venv/lib/python3.10/site-packages/airflow/example_dags/example_nested_branch_dag.py took 0.080 seconds
[2024-02-14T23:12:48.429+0000] {processor.py:161} INFO - Started process (PID=2155) to work on /home/ubuntu/reddit_venv/lib/python3.10/site-packages/airflow/example_dags/example_nested_branch_dag.py
[2024-02-14T23:12:48.430+0000] {processor.py:830} INFO - Processing file /home/ubuntu/reddit_venv/lib/python3.10/site-packages/airflow/example_dags/example_nested_branch_dag.py for tasks to queue
[2024-02-14T23:12:48.432+0000] {logging_mixin.py:188} INFO - [2024-02-14T23:12:48.431+0000] {dagbag.py:538} INFO - Filling up the DagBag from /home/ubuntu/reddit_venv/lib/python3.10/site-packages/airflow/example_dags/example_nested_branch_dag.py
[2024-02-14T23:12:48.443+0000] {processor.py:840} INFO - DAG(s) 'example_nested_branch_dag' retrieved from /home/ubuntu/reddit_venv/lib/python3.10/site-packages/airflow/example_dags/example_nested_branch_dag.py
[2024-02-14T23:12:48.461+0000] {logging_mixin.py:188} INFO - [2024-02-14T23:12:48.460+0000] {dag.py:3036} INFO - Sync 1 DAGs
[2024-02-14T23:12:48.483+0000] {logging_mixin.py:188} INFO - [2024-02-14T23:12:48.482+0000] {dag.py:3823} INFO - Setting next_dagrun for example_nested_branch_dag to 2024-02-13 00:00:00+00:00, run_after=2024-02-14 00:00:00+00:00
[2024-02-14T23:12:48.505+0000] {processor.py:183} INFO - Processing /home/ubuntu/reddit_venv/lib/python3.10/site-packages/airflow/example_dags/example_nested_branch_dag.py took 0.080 seconds
[2024-02-14T23:13:46.467+0000] {processor.py:161} INFO - Started process (PID=2465) to work on /home/ubuntu/reddit_venv/lib/python3.10/site-packages/airflow/example_dags/example_nested_branch_dag.py
[2024-02-14T23:13:46.469+0000] {processor.py:830} INFO - Processing file /home/ubuntu/reddit_venv/lib/python3.10/site-packages/airflow/example_dags/example_nested_branch_dag.py for tasks to queue
[2024-02-14T23:13:46.469+0000] {logging_mixin.py:188} INFO - [2024-02-14T23:13:46.469+0000] {dagbag.py:538} INFO - Filling up the DagBag from /home/ubuntu/reddit_venv/lib/python3.10/site-packages/airflow/example_dags/example_nested_branch_dag.py
[2024-02-14T23:13:46.480+0000] {processor.py:840} INFO - DAG(s) 'example_nested_branch_dag' retrieved from /home/ubuntu/reddit_venv/lib/python3.10/site-packages/airflow/example_dags/example_nested_branch_dag.py
[2024-02-14T23:13:46.498+0000] {logging_mixin.py:188} INFO - [2024-02-14T23:13:46.498+0000] {dag.py:3036} INFO - Sync 1 DAGs
[2024-02-14T23:13:46.519+0000] {logging_mixin.py:188} INFO - [2024-02-14T23:13:46.519+0000] {dag.py:3823} INFO - Setting next_dagrun for example_nested_branch_dag to 2024-02-13 00:00:00+00:00, run_after=2024-02-14 00:00:00+00:00
[2024-02-14T23:13:46.541+0000] {processor.py:183} INFO - Processing /home/ubuntu/reddit_venv/lib/python3.10/site-packages/airflow/example_dags/example_nested_branch_dag.py took 0.078 seconds
[2024-02-14T23:14:48.095+0000] {processor.py:161} INFO - Started process (PID=2777) to work on /home/ubuntu/reddit_venv/lib/python3.10/site-packages/airflow/example_dags/example_nested_branch_dag.py
[2024-02-14T23:14:48.096+0000] {processor.py:830} INFO - Processing file /home/ubuntu/reddit_venv/lib/python3.10/site-packages/airflow/example_dags/example_nested_branch_dag.py for tasks to queue
[2024-02-14T23:14:48.097+0000] {logging_mixin.py:188} INFO - [2024-02-14T23:14:48.097+0000] {dagbag.py:538} INFO - Filling up the DagBag from /home/ubuntu/reddit_venv/lib/python3.10/site-packages/airflow/example_dags/example_nested_branch_dag.py
[2024-02-14T23:14:48.109+0000] {processor.py:840} INFO - DAG(s) 'example_nested_branch_dag' retrieved from /home/ubuntu/reddit_venv/lib/python3.10/site-packages/airflow/example_dags/example_nested_branch_dag.py
[2024-02-14T23:14:48.126+0000] {logging_mixin.py:188} INFO - [2024-02-14T23:14:48.126+0000] {dag.py:3036} INFO - Sync 1 DAGs
[2024-02-14T23:14:48.148+0000] {logging_mixin.py:188} INFO - [2024-02-14T23:14:48.148+0000] {dag.py:3823} INFO - Setting next_dagrun for example_nested_branch_dag to 2024-02-13 00:00:00+00:00, run_after=2024-02-14 00:00:00+00:00
[2024-02-14T23:14:48.171+0000] {processor.py:183} INFO - Processing /home/ubuntu/reddit_venv/lib/python3.10/site-packages/airflow/example_dags/example_nested_branch_dag.py took 0.080 seconds
[2024-02-14T23:15:47.623+0000] {processor.py:161} INFO - Started process (PID=3023) to work on /home/ubuntu/reddit_venv/lib/python3.10/site-packages/airflow/example_dags/example_nested_branch_dag.py
[2024-02-14T23:15:47.625+0000] {processor.py:830} INFO - Processing file /home/ubuntu/reddit_venv/lib/python3.10/site-packages/airflow/example_dags/example_nested_branch_dag.py for tasks to queue
[2024-02-14T23:15:47.626+0000] {logging_mixin.py:188} INFO - [2024-02-14T23:15:47.625+0000] {dagbag.py:538} INFO - Filling up the DagBag from /home/ubuntu/reddit_venv/lib/python3.10/site-packages/airflow/example_dags/example_nested_branch_dag.py
[2024-02-14T23:15:47.636+0000] {processor.py:840} INFO - DAG(s) 'example_nested_branch_dag' retrieved from /home/ubuntu/reddit_venv/lib/python3.10/site-packages/airflow/example_dags/example_nested_branch_dag.py
[2024-02-14T23:15:47.654+0000] {logging_mixin.py:188} INFO - [2024-02-14T23:15:47.654+0000] {dag.py:3036} INFO - Sync 1 DAGs
[2024-02-14T23:15:47.675+0000] {logging_mixin.py:188} INFO - [2024-02-14T23:15:47.675+0000] {dag.py:3823} INFO - Setting next_dagrun for example_nested_branch_dag to 2024-02-13 00:00:00+00:00, run_after=2024-02-14 00:00:00+00:00
[2024-02-14T23:15:47.697+0000] {processor.py:183} INFO - Processing /home/ubuntu/reddit_venv/lib/python3.10/site-packages/airflow/example_dags/example_nested_branch_dag.py took 0.077 seconds
[2024-02-14T23:16:58.334+0000] {processor.py:161} INFO - Started process (PID=3649) to work on /home/ubuntu/reddit_venv/lib/python3.10/site-packages/airflow/example_dags/example_nested_branch_dag.py
[2024-02-14T23:16:58.335+0000] {processor.py:830} INFO - Processing file /home/ubuntu/reddit_venv/lib/python3.10/site-packages/airflow/example_dags/example_nested_branch_dag.py for tasks to queue
[2024-02-14T23:16:58.336+0000] {logging_mixin.py:188} INFO - [2024-02-14T23:16:58.336+0000] {dagbag.py:538} INFO - Filling up the DagBag from /home/ubuntu/reddit_venv/lib/python3.10/site-packages/airflow/example_dags/example_nested_branch_dag.py
[2024-02-14T23:16:58.347+0000] {processor.py:840} INFO - DAG(s) 'example_nested_branch_dag' retrieved from /home/ubuntu/reddit_venv/lib/python3.10/site-packages/airflow/example_dags/example_nested_branch_dag.py
[2024-02-14T23:16:58.365+0000] {logging_mixin.py:188} INFO - [2024-02-14T23:16:58.364+0000] {dag.py:3036} INFO - Sync 1 DAGs
[2024-02-14T23:16:58.386+0000] {logging_mixin.py:188} INFO - [2024-02-14T23:16:58.386+0000] {dag.py:3823} INFO - Setting next_dagrun for example_nested_branch_dag to 2024-02-13 00:00:00+00:00, run_after=2024-02-14 00:00:00+00:00
[2024-02-14T23:16:58.407+0000] {processor.py:183} INFO - Processing /home/ubuntu/reddit_venv/lib/python3.10/site-packages/airflow/example_dags/example_nested_branch_dag.py took 0.077 seconds
[2024-02-14T23:17:47.532+0000] {processor.py:161} INFO - Started process (PID=4311) to work on /home/ubuntu/reddit_venv/lib/python3.10/site-packages/airflow/example_dags/example_nested_branch_dag.py
[2024-02-14T23:17:47.534+0000] {processor.py:830} INFO - Processing file /home/ubuntu/reddit_venv/lib/python3.10/site-packages/airflow/example_dags/example_nested_branch_dag.py for tasks to queue
[2024-02-14T23:17:47.535+0000] {logging_mixin.py:188} INFO - [2024-02-14T23:17:47.534+0000] {dagbag.py:538} INFO - Filling up the DagBag from /home/ubuntu/reddit_venv/lib/python3.10/site-packages/airflow/example_dags/example_nested_branch_dag.py
[2024-02-14T23:17:47.546+0000] {processor.py:840} INFO - DAG(s) 'example_nested_branch_dag' retrieved from /home/ubuntu/reddit_venv/lib/python3.10/site-packages/airflow/example_dags/example_nested_branch_dag.py
[2024-02-14T23:17:47.563+0000] {logging_mixin.py:188} INFO - [2024-02-14T23:17:47.563+0000] {dag.py:3036} INFO - Sync 1 DAGs
[2024-02-14T23:17:47.585+0000] {logging_mixin.py:188} INFO - [2024-02-14T23:17:47.585+0000] {dag.py:3823} INFO - Setting next_dagrun for example_nested_branch_dag to 2024-02-13 00:00:00+00:00, run_after=2024-02-14 00:00:00+00:00
[2024-02-14T23:17:47.607+0000] {processor.py:183} INFO - Processing /home/ubuntu/reddit_venv/lib/python3.10/site-packages/airflow/example_dags/example_nested_branch_dag.py took 0.078 seconds
[2024-02-14T23:18:45.981+0000] {processor.py:161} INFO - Started process (PID=5101) to work on /home/ubuntu/reddit_venv/lib/python3.10/site-packages/airflow/example_dags/example_nested_branch_dag.py
[2024-02-14T23:18:45.982+0000] {processor.py:830} INFO - Processing file /home/ubuntu/reddit_venv/lib/python3.10/site-packages/airflow/example_dags/example_nested_branch_dag.py for tasks to queue
[2024-02-14T23:18:45.983+0000] {logging_mixin.py:188} INFO - [2024-02-14T23:18:45.983+0000] {dagbag.py:538} INFO - Filling up the DagBag from /home/ubuntu/reddit_venv/lib/python3.10/site-packages/airflow/example_dags/example_nested_branch_dag.py
[2024-02-14T23:18:45.994+0000] {processor.py:840} INFO - DAG(s) 'example_nested_branch_dag' retrieved from /home/ubuntu/reddit_venv/lib/python3.10/site-packages/airflow/example_dags/example_nested_branch_dag.py
[2024-02-14T23:18:46.012+0000] {logging_mixin.py:188} INFO - [2024-02-14T23:18:46.012+0000] {dag.py:3036} INFO - Sync 1 DAGs
[2024-02-14T23:18:46.034+0000] {logging_mixin.py:188} INFO - [2024-02-14T23:18:46.034+0000] {dag.py:3823} INFO - Setting next_dagrun for example_nested_branch_dag to 2024-02-13 00:00:00+00:00, run_after=2024-02-14 00:00:00+00:00
[2024-02-14T23:18:46.057+0000] {processor.py:183} INFO - Processing /home/ubuntu/reddit_venv/lib/python3.10/site-packages/airflow/example_dags/example_nested_branch_dag.py took 0.080 seconds
[2024-02-14T23:19:44.581+0000] {processor.py:161} INFO - Started process (PID=5591) to work on /home/ubuntu/reddit_venv/lib/python3.10/site-packages/airflow/example_dags/example_nested_branch_dag.py
[2024-02-14T23:19:44.582+0000] {processor.py:830} INFO - Processing file /home/ubuntu/reddit_venv/lib/python3.10/site-packages/airflow/example_dags/example_nested_branch_dag.py for tasks to queue
[2024-02-14T23:19:44.583+0000] {logging_mixin.py:188} INFO - [2024-02-14T23:19:44.583+0000] {dagbag.py:538} INFO - Filling up the DagBag from /home/ubuntu/reddit_venv/lib/python3.10/site-packages/airflow/example_dags/example_nested_branch_dag.py
[2024-02-14T23:19:44.594+0000] {processor.py:840} INFO - DAG(s) 'example_nested_branch_dag' retrieved from /home/ubuntu/reddit_venv/lib/python3.10/site-packages/airflow/example_dags/example_nested_branch_dag.py
[2024-02-14T23:19:44.612+0000] {logging_mixin.py:188} INFO - [2024-02-14T23:19:44.612+0000] {dag.py:3036} INFO - Sync 1 DAGs
[2024-02-14T23:19:44.633+0000] {logging_mixin.py:188} INFO - [2024-02-14T23:19:44.633+0000] {dag.py:3823} INFO - Setting next_dagrun for example_nested_branch_dag to 2024-02-13 00:00:00+00:00, run_after=2024-02-14 00:00:00+00:00
[2024-02-14T23:19:44.654+0000] {processor.py:183} INFO - Processing /home/ubuntu/reddit_venv/lib/python3.10/site-packages/airflow/example_dags/example_nested_branch_dag.py took 0.076 seconds
[2024-02-14T23:20:41.920+0000] {processor.py:161} INFO - Started process (PID=5717) to work on /home/ubuntu/reddit_venv/lib/python3.10/site-packages/airflow/example_dags/example_nested_branch_dag.py
[2024-02-14T23:20:41.921+0000] {processor.py:830} INFO - Processing file /home/ubuntu/reddit_venv/lib/python3.10/site-packages/airflow/example_dags/example_nested_branch_dag.py for tasks to queue
[2024-02-14T23:20:41.922+0000] {logging_mixin.py:188} INFO - [2024-02-14T23:20:41.922+0000] {dagbag.py:538} INFO - Filling up the DagBag from /home/ubuntu/reddit_venv/lib/python3.10/site-packages/airflow/example_dags/example_nested_branch_dag.py
[2024-02-14T23:20:41.933+0000] {processor.py:840} INFO - DAG(s) 'example_nested_branch_dag' retrieved from /home/ubuntu/reddit_venv/lib/python3.10/site-packages/airflow/example_dags/example_nested_branch_dag.py
[2024-02-14T23:20:41.951+0000] {logging_mixin.py:188} INFO - [2024-02-14T23:20:41.951+0000] {dag.py:3036} INFO - Sync 1 DAGs
[2024-02-14T23:20:41.973+0000] {logging_mixin.py:188} INFO - [2024-02-14T23:20:41.972+0000] {dag.py:3823} INFO - Setting next_dagrun for example_nested_branch_dag to 2024-02-13 00:00:00+00:00, run_after=2024-02-14 00:00:00+00:00
[2024-02-14T23:20:41.996+0000] {processor.py:183} INFO - Processing /home/ubuntu/reddit_venv/lib/python3.10/site-packages/airflow/example_dags/example_nested_branch_dag.py took 0.079 seconds
[2024-02-14T23:21:41.030+0000] {processor.py:161} INFO - Started process (PID=5906) to work on /home/ubuntu/reddit_venv/lib/python3.10/site-packages/airflow/example_dags/example_nested_branch_dag.py
[2024-02-14T23:21:41.032+0000] {processor.py:830} INFO - Processing file /home/ubuntu/reddit_venv/lib/python3.10/site-packages/airflow/example_dags/example_nested_branch_dag.py for tasks to queue
[2024-02-14T23:21:41.032+0000] {logging_mixin.py:188} INFO - [2024-02-14T23:21:41.032+0000] {dagbag.py:538} INFO - Filling up the DagBag from /home/ubuntu/reddit_venv/lib/python3.10/site-packages/airflow/example_dags/example_nested_branch_dag.py
[2024-02-14T23:21:41.044+0000] {processor.py:840} INFO - DAG(s) 'example_nested_branch_dag' retrieved from /home/ubuntu/reddit_venv/lib/python3.10/site-packages/airflow/example_dags/example_nested_branch_dag.py
[2024-02-14T23:21:41.061+0000] {logging_mixin.py:188} INFO - [2024-02-14T23:21:41.061+0000] {dag.py:3036} INFO - Sync 1 DAGs
[2024-02-14T23:21:41.084+0000] {logging_mixin.py:188} INFO - [2024-02-14T23:21:41.083+0000] {dag.py:3823} INFO - Setting next_dagrun for example_nested_branch_dag to 2024-02-13 00:00:00+00:00, run_after=2024-02-14 00:00:00+00:00
[2024-02-14T23:21:41.106+0000] {processor.py:183} INFO - Processing /home/ubuntu/reddit_venv/lib/python3.10/site-packages/airflow/example_dags/example_nested_branch_dag.py took 0.079 seconds
[2024-02-14T23:22:44.226+0000] {processor.py:161} INFO - Started process (PID=6099) to work on /home/ubuntu/reddit_venv/lib/python3.10/site-packages/airflow/example_dags/example_nested_branch_dag.py
[2024-02-14T23:22:44.228+0000] {processor.py:830} INFO - Processing file /home/ubuntu/reddit_venv/lib/python3.10/site-packages/airflow/example_dags/example_nested_branch_dag.py for tasks to queue
[2024-02-14T23:22:44.228+0000] {logging_mixin.py:188} INFO - [2024-02-14T23:22:44.228+0000] {dagbag.py:538} INFO - Filling up the DagBag from /home/ubuntu/reddit_venv/lib/python3.10/site-packages/airflow/example_dags/example_nested_branch_dag.py
[2024-02-14T23:22:44.240+0000] {processor.py:840} INFO - DAG(s) 'example_nested_branch_dag' retrieved from /home/ubuntu/reddit_venv/lib/python3.10/site-packages/airflow/example_dags/example_nested_branch_dag.py
[2024-02-14T23:22:44.257+0000] {logging_mixin.py:188} INFO - [2024-02-14T23:22:44.257+0000] {dag.py:3036} INFO - Sync 1 DAGs
[2024-02-14T23:22:44.279+0000] {logging_mixin.py:188} INFO - [2024-02-14T23:22:44.279+0000] {dag.py:3823} INFO - Setting next_dagrun for example_nested_branch_dag to 2024-02-13 00:00:00+00:00, run_after=2024-02-14 00:00:00+00:00
[2024-02-14T23:22:44.301+0000] {processor.py:183} INFO - Processing /home/ubuntu/reddit_venv/lib/python3.10/site-packages/airflow/example_dags/example_nested_branch_dag.py took 0.078 seconds
[2024-02-14T23:23:40.252+0000] {processor.py:161} INFO - Started process (PID=6228) to work on /home/ubuntu/reddit_venv/lib/python3.10/site-packages/airflow/example_dags/example_nested_branch_dag.py
[2024-02-14T23:23:40.254+0000] {processor.py:830} INFO - Processing file /home/ubuntu/reddit_venv/lib/python3.10/site-packages/airflow/example_dags/example_nested_branch_dag.py for tasks to queue
[2024-02-14T23:23:40.255+0000] {logging_mixin.py:188} INFO - [2024-02-14T23:23:40.254+0000] {dagbag.py:538} INFO - Filling up the DagBag from /home/ubuntu/reddit_venv/lib/python3.10/site-packages/airflow/example_dags/example_nested_branch_dag.py
[2024-02-14T23:23:40.265+0000] {processor.py:840} INFO - DAG(s) 'example_nested_branch_dag' retrieved from /home/ubuntu/reddit_venv/lib/python3.10/site-packages/airflow/example_dags/example_nested_branch_dag.py
[2024-02-14T23:23:40.283+0000] {logging_mixin.py:188} INFO - [2024-02-14T23:23:40.282+0000] {dag.py:3036} INFO - Sync 1 DAGs
[2024-02-14T23:23:40.304+0000] {logging_mixin.py:188} INFO - [2024-02-14T23:23:40.304+0000] {dag.py:3823} INFO - Setting next_dagrun for example_nested_branch_dag to 2024-02-13 00:00:00+00:00, run_after=2024-02-14 00:00:00+00:00
[2024-02-14T23:23:40.327+0000] {processor.py:183} INFO - Processing /home/ubuntu/reddit_venv/lib/python3.10/site-packages/airflow/example_dags/example_nested_branch_dag.py took 0.078 seconds
[2024-02-14T23:24:37.567+0000] {processor.py:161} INFO - Started process (PID=6414) to work on /home/ubuntu/reddit_venv/lib/python3.10/site-packages/airflow/example_dags/example_nested_branch_dag.py
[2024-02-14T23:24:37.569+0000] {processor.py:830} INFO - Processing file /home/ubuntu/reddit_venv/lib/python3.10/site-packages/airflow/example_dags/example_nested_branch_dag.py for tasks to queue
[2024-02-14T23:24:37.570+0000] {logging_mixin.py:188} INFO - [2024-02-14T23:24:37.569+0000] {dagbag.py:538} INFO - Filling up the DagBag from /home/ubuntu/reddit_venv/lib/python3.10/site-packages/airflow/example_dags/example_nested_branch_dag.py
[2024-02-14T23:24:37.581+0000] {processor.py:840} INFO - DAG(s) 'example_nested_branch_dag' retrieved from /home/ubuntu/reddit_venv/lib/python3.10/site-packages/airflow/example_dags/example_nested_branch_dag.py
[2024-02-14T23:24:37.598+0000] {logging_mixin.py:188} INFO - [2024-02-14T23:24:37.598+0000] {dag.py:3036} INFO - Sync 1 DAGs
[2024-02-14T23:24:37.619+0000] {logging_mixin.py:188} INFO - [2024-02-14T23:24:37.619+0000] {dag.py:3823} INFO - Setting next_dagrun for example_nested_branch_dag to 2024-02-13 00:00:00+00:00, run_after=2024-02-14 00:00:00+00:00
[2024-02-14T23:24:37.642+0000] {processor.py:183} INFO - Processing /home/ubuntu/reddit_venv/lib/python3.10/site-packages/airflow/example_dags/example_nested_branch_dag.py took 0.078 seconds
[2024-02-14T23:25:33.834+0000] {processor.py:161} INFO - Started process (PID=6539) to work on /home/ubuntu/reddit_venv/lib/python3.10/site-packages/airflow/example_dags/example_nested_branch_dag.py
[2024-02-14T23:25:33.836+0000] {processor.py:830} INFO - Processing file /home/ubuntu/reddit_venv/lib/python3.10/site-packages/airflow/example_dags/example_nested_branch_dag.py for tasks to queue
[2024-02-14T23:25:33.837+0000] {logging_mixin.py:188} INFO - [2024-02-14T23:25:33.836+0000] {dagbag.py:538} INFO - Filling up the DagBag from /home/ubuntu/reddit_venv/lib/python3.10/site-packages/airflow/example_dags/example_nested_branch_dag.py
[2024-02-14T23:25:33.848+0000] {processor.py:840} INFO - DAG(s) 'example_nested_branch_dag' retrieved from /home/ubuntu/reddit_venv/lib/python3.10/site-packages/airflow/example_dags/example_nested_branch_dag.py
[2024-02-14T23:25:33.865+0000] {logging_mixin.py:188} INFO - [2024-02-14T23:25:33.865+0000] {dag.py:3036} INFO - Sync 1 DAGs
[2024-02-14T23:25:33.887+0000] {logging_mixin.py:188} INFO - [2024-02-14T23:25:33.887+0000] {dag.py:3823} INFO - Setting next_dagrun for example_nested_branch_dag to 2024-02-13 00:00:00+00:00, run_after=2024-02-14 00:00:00+00:00
[2024-02-14T23:25:33.909+0000] {processor.py:183} INFO - Processing /home/ubuntu/reddit_venv/lib/python3.10/site-packages/airflow/example_dags/example_nested_branch_dag.py took 0.078 seconds
[2024-02-14T23:26:33.879+0000] {processor.py:161} INFO - Started process (PID=6665) to work on /home/ubuntu/reddit_venv/lib/python3.10/site-packages/airflow/example_dags/example_nested_branch_dag.py
[2024-02-14T23:26:33.880+0000] {processor.py:830} INFO - Processing file /home/ubuntu/reddit_venv/lib/python3.10/site-packages/airflow/example_dags/example_nested_branch_dag.py for tasks to queue
[2024-02-14T23:26:33.881+0000] {logging_mixin.py:188} INFO - [2024-02-14T23:26:33.881+0000] {dagbag.py:538} INFO - Filling up the DagBag from /home/ubuntu/reddit_venv/lib/python3.10/site-packages/airflow/example_dags/example_nested_branch_dag.py
[2024-02-14T23:26:33.892+0000] {processor.py:840} INFO - DAG(s) 'example_nested_branch_dag' retrieved from /home/ubuntu/reddit_venv/lib/python3.10/site-packages/airflow/example_dags/example_nested_branch_dag.py
[2024-02-14T23:26:33.909+0000] {logging_mixin.py:188} INFO - [2024-02-14T23:26:33.909+0000] {dag.py:3036} INFO - Sync 1 DAGs
[2024-02-14T23:26:33.930+0000] {logging_mixin.py:188} INFO - [2024-02-14T23:26:33.930+0000] {dag.py:3823} INFO - Setting next_dagrun for example_nested_branch_dag to 2024-02-13 00:00:00+00:00, run_after=2024-02-14 00:00:00+00:00
[2024-02-14T23:26:33.952+0000] {processor.py:183} INFO - Processing /home/ubuntu/reddit_venv/lib/python3.10/site-packages/airflow/example_dags/example_nested_branch_dag.py took 0.076 seconds
[2024-02-14T23:27:25.442+0000] {processor.py:161} INFO - Started process (PID=6845) to work on /home/ubuntu/reddit_venv/lib/python3.10/site-packages/airflow/example_dags/example_nested_branch_dag.py
[2024-02-14T23:27:25.444+0000] {processor.py:830} INFO - Processing file /home/ubuntu/reddit_venv/lib/python3.10/site-packages/airflow/example_dags/example_nested_branch_dag.py for tasks to queue
[2024-02-14T23:27:25.445+0000] {logging_mixin.py:188} INFO - [2024-02-14T23:27:25.444+0000] {dagbag.py:538} INFO - Filling up the DagBag from /home/ubuntu/reddit_venv/lib/python3.10/site-packages/airflow/example_dags/example_nested_branch_dag.py
[2024-02-14T23:27:25.455+0000] {processor.py:840} INFO - DAG(s) 'example_nested_branch_dag' retrieved from /home/ubuntu/reddit_venv/lib/python3.10/site-packages/airflow/example_dags/example_nested_branch_dag.py
[2024-02-14T23:27:25.473+0000] {logging_mixin.py:188} INFO - [2024-02-14T23:27:25.473+0000] {dag.py:3036} INFO - Sync 1 DAGs
[2024-02-14T23:27:25.494+0000] {logging_mixin.py:188} INFO - [2024-02-14T23:27:25.494+0000] {dag.py:3823} INFO - Setting next_dagrun for example_nested_branch_dag to 2024-02-13 00:00:00+00:00, run_after=2024-02-14 00:00:00+00:00
[2024-02-14T23:27:25.517+0000] {processor.py:183} INFO - Processing /home/ubuntu/reddit_venv/lib/python3.10/site-packages/airflow/example_dags/example_nested_branch_dag.py took 0.078 seconds
[2024-02-14T23:28:25.324+0000] {processor.py:161} INFO - Started process (PID=6974) to work on /home/ubuntu/reddit_venv/lib/python3.10/site-packages/airflow/example_dags/example_nested_branch_dag.py
[2024-02-14T23:28:25.326+0000] {processor.py:830} INFO - Processing file /home/ubuntu/reddit_venv/lib/python3.10/site-packages/airflow/example_dags/example_nested_branch_dag.py for tasks to queue
[2024-02-14T23:28:25.327+0000] {logging_mixin.py:188} INFO - [2024-02-14T23:28:25.326+0000] {dagbag.py:538} INFO - Filling up the DagBag from /home/ubuntu/reddit_venv/lib/python3.10/site-packages/airflow/example_dags/example_nested_branch_dag.py
[2024-02-14T23:28:25.338+0000] {processor.py:840} INFO - DAG(s) 'example_nested_branch_dag' retrieved from /home/ubuntu/reddit_venv/lib/python3.10/site-packages/airflow/example_dags/example_nested_branch_dag.py
[2024-02-14T23:28:25.356+0000] {logging_mixin.py:188} INFO - [2024-02-14T23:28:25.356+0000] {dag.py:3036} INFO - Sync 1 DAGs
[2024-02-14T23:28:25.378+0000] {logging_mixin.py:188} INFO - [2024-02-14T23:28:25.377+0000] {dag.py:3823} INFO - Setting next_dagrun for example_nested_branch_dag to 2024-02-13 00:00:00+00:00, run_after=2024-02-14 00:00:00+00:00
[2024-02-14T23:28:25.399+0000] {processor.py:183} INFO - Processing /home/ubuntu/reddit_venv/lib/python3.10/site-packages/airflow/example_dags/example_nested_branch_dag.py took 0.078 seconds
[2024-02-14T23:29:22.967+0000] {processor.py:161} INFO - Started process (PID=7101) to work on /home/ubuntu/reddit_venv/lib/python3.10/site-packages/airflow/example_dags/example_nested_branch_dag.py
[2024-02-14T23:29:22.968+0000] {processor.py:830} INFO - Processing file /home/ubuntu/reddit_venv/lib/python3.10/site-packages/airflow/example_dags/example_nested_branch_dag.py for tasks to queue
[2024-02-14T23:29:22.969+0000] {logging_mixin.py:188} INFO - [2024-02-14T23:29:22.969+0000] {dagbag.py:538} INFO - Filling up the DagBag from /home/ubuntu/reddit_venv/lib/python3.10/site-packages/airflow/example_dags/example_nested_branch_dag.py
[2024-02-14T23:29:22.980+0000] {processor.py:840} INFO - DAG(s) 'example_nested_branch_dag' retrieved from /home/ubuntu/reddit_venv/lib/python3.10/site-packages/airflow/example_dags/example_nested_branch_dag.py
[2024-02-14T23:29:22.999+0000] {logging_mixin.py:188} INFO - [2024-02-14T23:29:22.998+0000] {dag.py:3036} INFO - Sync 1 DAGs
[2024-02-14T23:29:23.021+0000] {logging_mixin.py:188} INFO - [2024-02-14T23:29:23.021+0000] {dag.py:3823} INFO - Setting next_dagrun for example_nested_branch_dag to 2024-02-13 00:00:00+00:00, run_after=2024-02-14 00:00:00+00:00
[2024-02-14T23:29:23.044+0000] {processor.py:183} INFO - Processing /home/ubuntu/reddit_venv/lib/python3.10/site-packages/airflow/example_dags/example_nested_branch_dag.py took 0.081 seconds
[2024-02-14T23:30:17.478+0000] {processor.py:161} INFO - Started process (PID=7282) to work on /home/ubuntu/reddit_venv/lib/python3.10/site-packages/airflow/example_dags/example_nested_branch_dag.py
[2024-02-14T23:30:17.481+0000] {processor.py:830} INFO - Processing file /home/ubuntu/reddit_venv/lib/python3.10/site-packages/airflow/example_dags/example_nested_branch_dag.py for tasks to queue
[2024-02-14T23:30:17.482+0000] {logging_mixin.py:188} INFO - [2024-02-14T23:30:17.481+0000] {dagbag.py:538} INFO - Filling up the DagBag from /home/ubuntu/reddit_venv/lib/python3.10/site-packages/airflow/example_dags/example_nested_branch_dag.py
[2024-02-14T23:30:17.492+0000] {processor.py:840} INFO - DAG(s) 'example_nested_branch_dag' retrieved from /home/ubuntu/reddit_venv/lib/python3.10/site-packages/airflow/example_dags/example_nested_branch_dag.py
[2024-02-14T23:30:17.510+0000] {logging_mixin.py:188} INFO - [2024-02-14T23:30:17.510+0000] {dag.py:3036} INFO - Sync 1 DAGs
[2024-02-14T23:30:17.532+0000] {logging_mixin.py:188} INFO - [2024-02-14T23:30:17.531+0000] {dag.py:3823} INFO - Setting next_dagrun for example_nested_branch_dag to 2024-02-13 00:00:00+00:00, run_after=2024-02-14 00:00:00+00:00
[2024-02-14T23:30:17.553+0000] {processor.py:183} INFO - Processing /home/ubuntu/reddit_venv/lib/python3.10/site-packages/airflow/example_dags/example_nested_branch_dag.py took 0.079 seconds
[2024-02-14T23:31:13.433+0000] {processor.py:161} INFO - Started process (PID=7407) to work on /home/ubuntu/reddit_venv/lib/python3.10/site-packages/airflow/example_dags/example_nested_branch_dag.py
[2024-02-14T23:31:13.434+0000] {processor.py:830} INFO - Processing file /home/ubuntu/reddit_venv/lib/python3.10/site-packages/airflow/example_dags/example_nested_branch_dag.py for tasks to queue
[2024-02-14T23:31:13.435+0000] {logging_mixin.py:188} INFO - [2024-02-14T23:31:13.435+0000] {dagbag.py:538} INFO - Filling up the DagBag from /home/ubuntu/reddit_venv/lib/python3.10/site-packages/airflow/example_dags/example_nested_branch_dag.py
[2024-02-14T23:31:13.446+0000] {processor.py:840} INFO - DAG(s) 'example_nested_branch_dag' retrieved from /home/ubuntu/reddit_venv/lib/python3.10/site-packages/airflow/example_dags/example_nested_branch_dag.py
[2024-02-14T23:31:13.463+0000] {logging_mixin.py:188} INFO - [2024-02-14T23:31:13.463+0000] {dag.py:3036} INFO - Sync 1 DAGs
[2024-02-14T23:31:13.485+0000] {logging_mixin.py:188} INFO - [2024-02-14T23:31:13.485+0000] {dag.py:3823} INFO - Setting next_dagrun for example_nested_branch_dag to 2024-02-13 00:00:00+00:00, run_after=2024-02-14 00:00:00+00:00
[2024-02-14T23:31:13.506+0000] {processor.py:183} INFO - Processing /home/ubuntu/reddit_venv/lib/python3.10/site-packages/airflow/example_dags/example_nested_branch_dag.py took 0.077 seconds
[2024-02-14T23:32:11.608+0000] {processor.py:161} INFO - Started process (PID=7534) to work on /home/ubuntu/reddit_venv/lib/python3.10/site-packages/airflow/example_dags/example_nested_branch_dag.py
[2024-02-14T23:32:11.610+0000] {processor.py:830} INFO - Processing file /home/ubuntu/reddit_venv/lib/python3.10/site-packages/airflow/example_dags/example_nested_branch_dag.py for tasks to queue
[2024-02-14T23:32:11.611+0000] {logging_mixin.py:188} INFO - [2024-02-14T23:32:11.610+0000] {dagbag.py:538} INFO - Filling up the DagBag from /home/ubuntu/reddit_venv/lib/python3.10/site-packages/airflow/example_dags/example_nested_branch_dag.py
[2024-02-14T23:32:11.622+0000] {processor.py:840} INFO - DAG(s) 'example_nested_branch_dag' retrieved from /home/ubuntu/reddit_venv/lib/python3.10/site-packages/airflow/example_dags/example_nested_branch_dag.py
[2024-02-14T23:32:11.639+0000] {logging_mixin.py:188} INFO - [2024-02-14T23:32:11.639+0000] {dag.py:3036} INFO - Sync 1 DAGs
[2024-02-14T23:32:11.660+0000] {logging_mixin.py:188} INFO - [2024-02-14T23:32:11.660+0000] {dag.py:3823} INFO - Setting next_dagrun for example_nested_branch_dag to 2024-02-13 00:00:00+00:00, run_after=2024-02-14 00:00:00+00:00
[2024-02-14T23:32:11.683+0000] {processor.py:183} INFO - Processing /home/ubuntu/reddit_venv/lib/python3.10/site-packages/airflow/example_dags/example_nested_branch_dag.py took 0.078 seconds
[2024-02-14T23:33:11.212+0000] {processor.py:161} INFO - Started process (PID=7722) to work on /home/ubuntu/reddit_venv/lib/python3.10/site-packages/airflow/example_dags/example_nested_branch_dag.py
[2024-02-14T23:33:11.213+0000] {processor.py:830} INFO - Processing file /home/ubuntu/reddit_venv/lib/python3.10/site-packages/airflow/example_dags/example_nested_branch_dag.py for tasks to queue
[2024-02-14T23:33:11.214+0000] {logging_mixin.py:188} INFO - [2024-02-14T23:33:11.214+0000] {dagbag.py:538} INFO - Filling up the DagBag from /home/ubuntu/reddit_venv/lib/python3.10/site-packages/airflow/example_dags/example_nested_branch_dag.py
[2024-02-14T23:33:11.225+0000] {processor.py:840} INFO - DAG(s) 'example_nested_branch_dag' retrieved from /home/ubuntu/reddit_venv/lib/python3.10/site-packages/airflow/example_dags/example_nested_branch_dag.py
[2024-02-14T23:33:11.243+0000] {logging_mixin.py:188} INFO - [2024-02-14T23:33:11.243+0000] {dag.py:3036} INFO - Sync 1 DAGs
[2024-02-14T23:33:11.264+0000] {logging_mixin.py:188} INFO - [2024-02-14T23:33:11.264+0000] {dag.py:3823} INFO - Setting next_dagrun for example_nested_branch_dag to 2024-02-13 00:00:00+00:00, run_after=2024-02-14 00:00:00+00:00
[2024-02-14T23:33:11.287+0000] {processor.py:183} INFO - Processing /home/ubuntu/reddit_venv/lib/python3.10/site-packages/airflow/example_dags/example_nested_branch_dag.py took 0.079 seconds
[2024-02-14T23:34:04.556+0000] {processor.py:161} INFO - Started process (PID=7845) to work on /home/ubuntu/reddit_venv/lib/python3.10/site-packages/airflow/example_dags/example_nested_branch_dag.py
[2024-02-14T23:34:04.558+0000] {processor.py:830} INFO - Processing file /home/ubuntu/reddit_venv/lib/python3.10/site-packages/airflow/example_dags/example_nested_branch_dag.py for tasks to queue
[2024-02-14T23:34:04.559+0000] {logging_mixin.py:188} INFO - [2024-02-14T23:34:04.558+0000] {dagbag.py:538} INFO - Filling up the DagBag from /home/ubuntu/reddit_venv/lib/python3.10/site-packages/airflow/example_dags/example_nested_branch_dag.py
[2024-02-14T23:34:04.570+0000] {processor.py:840} INFO - DAG(s) 'example_nested_branch_dag' retrieved from /home/ubuntu/reddit_venv/lib/python3.10/site-packages/airflow/example_dags/example_nested_branch_dag.py
[2024-02-14T23:34:04.587+0000] {logging_mixin.py:188} INFO - [2024-02-14T23:34:04.587+0000] {dag.py:3036} INFO - Sync 1 DAGs
[2024-02-14T23:34:04.609+0000] {logging_mixin.py:188} INFO - [2024-02-14T23:34:04.609+0000] {dag.py:3823} INFO - Setting next_dagrun for example_nested_branch_dag to 2024-02-13 00:00:00+00:00, run_after=2024-02-14 00:00:00+00:00
[2024-02-14T23:34:04.632+0000] {processor.py:183} INFO - Processing /home/ubuntu/reddit_venv/lib/python3.10/site-packages/airflow/example_dags/example_nested_branch_dag.py took 0.079 seconds
[2024-02-14T23:35:01.195+0000] {processor.py:161} INFO - Started process (PID=7972) to work on /home/ubuntu/reddit_venv/lib/python3.10/site-packages/airflow/example_dags/example_nested_branch_dag.py
[2024-02-14T23:35:01.196+0000] {processor.py:830} INFO - Processing file /home/ubuntu/reddit_venv/lib/python3.10/site-packages/airflow/example_dags/example_nested_branch_dag.py for tasks to queue
[2024-02-14T23:35:01.197+0000] {logging_mixin.py:188} INFO - [2024-02-14T23:35:01.197+0000] {dagbag.py:538} INFO - Filling up the DagBag from /home/ubuntu/reddit_venv/lib/python3.10/site-packages/airflow/example_dags/example_nested_branch_dag.py
[2024-02-14T23:35:01.208+0000] {processor.py:840} INFO - DAG(s) 'example_nested_branch_dag' retrieved from /home/ubuntu/reddit_venv/lib/python3.10/site-packages/airflow/example_dags/example_nested_branch_dag.py
[2024-02-14T23:35:01.226+0000] {logging_mixin.py:188} INFO - [2024-02-14T23:35:01.226+0000] {dag.py:3036} INFO - Sync 1 DAGs
[2024-02-14T23:35:01.247+0000] {logging_mixin.py:188} INFO - [2024-02-14T23:35:01.247+0000] {dag.py:3823} INFO - Setting next_dagrun for example_nested_branch_dag to 2024-02-13 00:00:00+00:00, run_after=2024-02-14 00:00:00+00:00
[2024-02-14T23:35:01.269+0000] {processor.py:183} INFO - Processing /home/ubuntu/reddit_venv/lib/python3.10/site-packages/airflow/example_dags/example_nested_branch_dag.py took 0.077 seconds
[2024-02-14T23:35:59.444+0000] {processor.py:161} INFO - Started process (PID=8100) to work on /home/ubuntu/reddit_venv/lib/python3.10/site-packages/airflow/example_dags/example_nested_branch_dag.py
[2024-02-14T23:35:59.447+0000] {processor.py:830} INFO - Processing file /home/ubuntu/reddit_venv/lib/python3.10/site-packages/airflow/example_dags/example_nested_branch_dag.py for tasks to queue
[2024-02-14T23:35:59.448+0000] {logging_mixin.py:188} INFO - [2024-02-14T23:35:59.448+0000] {dagbag.py:538} INFO - Filling up the DagBag from /home/ubuntu/reddit_venv/lib/python3.10/site-packages/airflow/example_dags/example_nested_branch_dag.py
[2024-02-14T23:35:59.459+0000] {processor.py:840} INFO - DAG(s) 'example_nested_branch_dag' retrieved from /home/ubuntu/reddit_venv/lib/python3.10/site-packages/airflow/example_dags/example_nested_branch_dag.py
[2024-02-14T23:35:59.477+0000] {logging_mixin.py:188} INFO - [2024-02-14T23:35:59.477+0000] {dag.py:3036} INFO - Sync 1 DAGs
[2024-02-14T23:35:59.498+0000] {logging_mixin.py:188} INFO - [2024-02-14T23:35:59.498+0000] {dag.py:3823} INFO - Setting next_dagrun for example_nested_branch_dag to 2024-02-13 00:00:00+00:00, run_after=2024-02-14 00:00:00+00:00
[2024-02-14T23:35:59.521+0000] {processor.py:183} INFO - Processing /home/ubuntu/reddit_venv/lib/python3.10/site-packages/airflow/example_dags/example_nested_branch_dag.py took 0.081 seconds
[2024-02-14T23:36:57.285+0000] {processor.py:161} INFO - Started process (PID=8226) to work on /home/ubuntu/reddit_venv/lib/python3.10/site-packages/airflow/example_dags/example_nested_branch_dag.py
[2024-02-14T23:36:57.286+0000] {processor.py:830} INFO - Processing file /home/ubuntu/reddit_venv/lib/python3.10/site-packages/airflow/example_dags/example_nested_branch_dag.py for tasks to queue
[2024-02-14T23:36:57.287+0000] {logging_mixin.py:188} INFO - [2024-02-14T23:36:57.286+0000] {dagbag.py:538} INFO - Filling up the DagBag from /home/ubuntu/reddit_venv/lib/python3.10/site-packages/airflow/example_dags/example_nested_branch_dag.py
[2024-02-14T23:36:57.298+0000] {processor.py:840} INFO - DAG(s) 'example_nested_branch_dag' retrieved from /home/ubuntu/reddit_venv/lib/python3.10/site-packages/airflow/example_dags/example_nested_branch_dag.py
[2024-02-14T23:36:57.315+0000] {logging_mixin.py:188} INFO - [2024-02-14T23:36:57.315+0000] {dag.py:3036} INFO - Sync 1 DAGs
[2024-02-14T23:36:57.337+0000] {logging_mixin.py:188} INFO - [2024-02-14T23:36:57.337+0000] {dag.py:3823} INFO - Setting next_dagrun for example_nested_branch_dag to 2024-02-13 00:00:00+00:00, run_after=2024-02-14 00:00:00+00:00
[2024-02-14T23:36:57.362+0000] {processor.py:183} INFO - Processing /home/ubuntu/reddit_venv/lib/python3.10/site-packages/airflow/example_dags/example_nested_branch_dag.py took 0.081 seconds
[2024-02-14T23:37:56.123+0000] {processor.py:161} INFO - Started process (PID=8533) to work on /home/ubuntu/reddit_venv/lib/python3.10/site-packages/airflow/example_dags/example_nested_branch_dag.py
[2024-02-14T23:37:56.125+0000] {processor.py:830} INFO - Processing file /home/ubuntu/reddit_venv/lib/python3.10/site-packages/airflow/example_dags/example_nested_branch_dag.py for tasks to queue
[2024-02-14T23:37:56.126+0000] {logging_mixin.py:188} INFO - [2024-02-14T23:37:56.125+0000] {dagbag.py:538} INFO - Filling up the DagBag from /home/ubuntu/reddit_venv/lib/python3.10/site-packages/airflow/example_dags/example_nested_branch_dag.py
[2024-02-14T23:37:56.136+0000] {processor.py:840} INFO - DAG(s) 'example_nested_branch_dag' retrieved from /home/ubuntu/reddit_venv/lib/python3.10/site-packages/airflow/example_dags/example_nested_branch_dag.py
[2024-02-14T23:37:56.154+0000] {logging_mixin.py:188} INFO - [2024-02-14T23:37:56.154+0000] {dag.py:3036} INFO - Sync 1 DAGs
[2024-02-14T23:37:56.177+0000] {logging_mixin.py:188} INFO - [2024-02-14T23:37:56.176+0000] {dag.py:3823} INFO - Setting next_dagrun for example_nested_branch_dag to 2024-02-13 00:00:00+00:00, run_after=2024-02-14 00:00:00+00:00
[2024-02-14T23:37:56.199+0000] {processor.py:183} INFO - Processing /home/ubuntu/reddit_venv/lib/python3.10/site-packages/airflow/example_dags/example_nested_branch_dag.py took 0.080 seconds
[2024-02-14T23:39:03.474+0000] {processor.py:161} INFO - Started process (PID=8980) to work on /home/ubuntu/reddit_venv/lib/python3.10/site-packages/airflow/example_dags/example_nested_branch_dag.py
[2024-02-14T23:39:03.475+0000] {processor.py:830} INFO - Processing file /home/ubuntu/reddit_venv/lib/python3.10/site-packages/airflow/example_dags/example_nested_branch_dag.py for tasks to queue
[2024-02-14T23:39:03.476+0000] {logging_mixin.py:188} INFO - [2024-02-14T23:39:03.476+0000] {dagbag.py:538} INFO - Filling up the DagBag from /home/ubuntu/reddit_venv/lib/python3.10/site-packages/airflow/example_dags/example_nested_branch_dag.py
[2024-02-14T23:39:03.487+0000] {processor.py:840} INFO - DAG(s) 'example_nested_branch_dag' retrieved from /home/ubuntu/reddit_venv/lib/python3.10/site-packages/airflow/example_dags/example_nested_branch_dag.py
[2024-02-14T23:39:03.505+0000] {logging_mixin.py:188} INFO - [2024-02-14T23:39:03.504+0000] {dag.py:3036} INFO - Sync 1 DAGs
[2024-02-14T23:39:03.525+0000] {logging_mixin.py:188} INFO - [2024-02-14T23:39:03.525+0000] {dag.py:3823} INFO - Setting next_dagrun for example_nested_branch_dag to 2024-02-13 00:00:00+00:00, run_after=2024-02-14 00:00:00+00:00
[2024-02-14T23:39:03.547+0000] {processor.py:183} INFO - Processing /home/ubuntu/reddit_venv/lib/python3.10/site-packages/airflow/example_dags/example_nested_branch_dag.py took 0.076 seconds
[2024-02-14T23:39:50.545+0000] {processor.py:161} INFO - Started process (PID=9277) to work on /home/ubuntu/reddit_venv/lib/python3.10/site-packages/airflow/example_dags/example_nested_branch_dag.py
[2024-02-14T23:39:50.547+0000] {processor.py:830} INFO - Processing file /home/ubuntu/reddit_venv/lib/python3.10/site-packages/airflow/example_dags/example_nested_branch_dag.py for tasks to queue
[2024-02-14T23:39:50.548+0000] {logging_mixin.py:188} INFO - [2024-02-14T23:39:50.547+0000] {dagbag.py:538} INFO - Filling up the DagBag from /home/ubuntu/reddit_venv/lib/python3.10/site-packages/airflow/example_dags/example_nested_branch_dag.py
[2024-02-14T23:39:50.558+0000] {processor.py:840} INFO - DAG(s) 'example_nested_branch_dag' retrieved from /home/ubuntu/reddit_venv/lib/python3.10/site-packages/airflow/example_dags/example_nested_branch_dag.py
[2024-02-14T23:39:50.576+0000] {logging_mixin.py:188} INFO - [2024-02-14T23:39:50.575+0000] {dag.py:3036} INFO - Sync 1 DAGs
[2024-02-14T23:39:50.597+0000] {logging_mixin.py:188} INFO - [2024-02-14T23:39:50.597+0000] {dag.py:3823} INFO - Setting next_dagrun for example_nested_branch_dag to 2024-02-13 00:00:00+00:00, run_after=2024-02-14 00:00:00+00:00
[2024-02-14T23:39:50.619+0000] {processor.py:183} INFO - Processing /home/ubuntu/reddit_venv/lib/python3.10/site-packages/airflow/example_dags/example_nested_branch_dag.py took 0.077 seconds
[2024-02-14T23:40:47.821+0000] {processor.py:161} INFO - Started process (PID=9402) to work on /home/ubuntu/reddit_venv/lib/python3.10/site-packages/airflow/example_dags/example_nested_branch_dag.py
[2024-02-14T23:40:47.822+0000] {processor.py:830} INFO - Processing file /home/ubuntu/reddit_venv/lib/python3.10/site-packages/airflow/example_dags/example_nested_branch_dag.py for tasks to queue
[2024-02-14T23:40:47.823+0000] {logging_mixin.py:188} INFO - [2024-02-14T23:40:47.823+0000] {dagbag.py:538} INFO - Filling up the DagBag from /home/ubuntu/reddit_venv/lib/python3.10/site-packages/airflow/example_dags/example_nested_branch_dag.py
[2024-02-14T23:40:47.834+0000] {processor.py:840} INFO - DAG(s) 'example_nested_branch_dag' retrieved from /home/ubuntu/reddit_venv/lib/python3.10/site-packages/airflow/example_dags/example_nested_branch_dag.py
[2024-02-14T23:40:47.851+0000] {logging_mixin.py:188} INFO - [2024-02-14T23:40:47.851+0000] {dag.py:3036} INFO - Sync 1 DAGs
[2024-02-14T23:40:47.873+0000] {logging_mixin.py:188} INFO - [2024-02-14T23:40:47.873+0000] {dag.py:3823} INFO - Setting next_dagrun for example_nested_branch_dag to 2024-02-13 00:00:00+00:00, run_after=2024-02-14 00:00:00+00:00
[2024-02-14T23:40:47.895+0000] {processor.py:183} INFO - Processing /home/ubuntu/reddit_venv/lib/python3.10/site-packages/airflow/example_dags/example_nested_branch_dag.py took 0.078 seconds
[2024-02-14T23:41:44.450+0000] {processor.py:161} INFO - Started process (PID=9528) to work on /home/ubuntu/reddit_venv/lib/python3.10/site-packages/airflow/example_dags/example_nested_branch_dag.py
[2024-02-14T23:41:44.452+0000] {processor.py:830} INFO - Processing file /home/ubuntu/reddit_venv/lib/python3.10/site-packages/airflow/example_dags/example_nested_branch_dag.py for tasks to queue
[2024-02-14T23:41:44.453+0000] {logging_mixin.py:188} INFO - [2024-02-14T23:41:44.453+0000] {dagbag.py:538} INFO - Filling up the DagBag from /home/ubuntu/reddit_venv/lib/python3.10/site-packages/airflow/example_dags/example_nested_branch_dag.py
[2024-02-14T23:41:44.464+0000] {processor.py:840} INFO - DAG(s) 'example_nested_branch_dag' retrieved from /home/ubuntu/reddit_venv/lib/python3.10/site-packages/airflow/example_dags/example_nested_branch_dag.py
[2024-02-14T23:41:44.482+0000] {logging_mixin.py:188} INFO - [2024-02-14T23:41:44.482+0000] {dag.py:3036} INFO - Sync 1 DAGs
[2024-02-14T23:41:44.504+0000] {logging_mixin.py:188} INFO - [2024-02-14T23:41:44.503+0000] {dag.py:3823} INFO - Setting next_dagrun for example_nested_branch_dag to 2024-02-13 00:00:00+00:00, run_after=2024-02-14 00:00:00+00:00
[2024-02-14T23:41:44.526+0000] {processor.py:183} INFO - Processing /home/ubuntu/reddit_venv/lib/python3.10/site-packages/airflow/example_dags/example_nested_branch_dag.py took 0.079 seconds
[2024-02-14T23:42:40.739+0000] {processor.py:161} INFO - Started process (PID=9651) to work on /home/ubuntu/reddit_venv/lib/python3.10/site-packages/airflow/example_dags/example_nested_branch_dag.py
[2024-02-14T23:42:40.740+0000] {processor.py:830} INFO - Processing file /home/ubuntu/reddit_venv/lib/python3.10/site-packages/airflow/example_dags/example_nested_branch_dag.py for tasks to queue
[2024-02-14T23:42:40.741+0000] {logging_mixin.py:188} INFO - [2024-02-14T23:42:40.741+0000] {dagbag.py:538} INFO - Filling up the DagBag from /home/ubuntu/reddit_venv/lib/python3.10/site-packages/airflow/example_dags/example_nested_branch_dag.py
[2024-02-14T23:42:40.753+0000] {processor.py:840} INFO - DAG(s) 'example_nested_branch_dag' retrieved from /home/ubuntu/reddit_venv/lib/python3.10/site-packages/airflow/example_dags/example_nested_branch_dag.py
[2024-02-14T23:42:40.771+0000] {logging_mixin.py:188} INFO - [2024-02-14T23:42:40.771+0000] {dag.py:3036} INFO - Sync 1 DAGs
[2024-02-14T23:42:40.793+0000] {logging_mixin.py:188} INFO - [2024-02-14T23:42:40.793+0000] {dag.py:3823} INFO - Setting next_dagrun for example_nested_branch_dag to 2024-02-13 00:00:00+00:00, run_after=2024-02-14 00:00:00+00:00
[2024-02-14T23:42:40.816+0000] {processor.py:183} INFO - Processing /home/ubuntu/reddit_venv/lib/python3.10/site-packages/airflow/example_dags/example_nested_branch_dag.py took 0.081 seconds
[2024-02-14T23:43:39.797+0000] {processor.py:161} INFO - Started process (PID=9781) to work on /home/ubuntu/reddit_venv/lib/python3.10/site-packages/airflow/example_dags/example_nested_branch_dag.py
[2024-02-14T23:43:39.798+0000] {processor.py:830} INFO - Processing file /home/ubuntu/reddit_venv/lib/python3.10/site-packages/airflow/example_dags/example_nested_branch_dag.py for tasks to queue
[2024-02-14T23:43:39.799+0000] {logging_mixin.py:188} INFO - [2024-02-14T23:43:39.799+0000] {dagbag.py:538} INFO - Filling up the DagBag from /home/ubuntu/reddit_venv/lib/python3.10/site-packages/airflow/example_dags/example_nested_branch_dag.py
[2024-02-14T23:43:39.810+0000] {processor.py:840} INFO - DAG(s) 'example_nested_branch_dag' retrieved from /home/ubuntu/reddit_venv/lib/python3.10/site-packages/airflow/example_dags/example_nested_branch_dag.py
[2024-02-14T23:43:39.828+0000] {logging_mixin.py:188} INFO - [2024-02-14T23:43:39.828+0000] {dag.py:3036} INFO - Sync 1 DAGs
[2024-02-14T23:43:39.849+0000] {logging_mixin.py:188} INFO - [2024-02-14T23:43:39.849+0000] {dag.py:3823} INFO - Setting next_dagrun for example_nested_branch_dag to 2024-02-13 00:00:00+00:00, run_after=2024-02-14 00:00:00+00:00
[2024-02-14T23:43:39.871+0000] {processor.py:183} INFO - Processing /home/ubuntu/reddit_venv/lib/python3.10/site-packages/airflow/example_dags/example_nested_branch_dag.py took 0.078 seconds
[2024-02-14T23:44:50.402+0000] {processor.py:161} INFO - Started process (PID=10170) to work on /home/ubuntu/reddit_venv/lib/python3.10/site-packages/airflow/example_dags/example_nested_branch_dag.py
[2024-02-14T23:44:50.403+0000] {processor.py:830} INFO - Processing file /home/ubuntu/reddit_venv/lib/python3.10/site-packages/airflow/example_dags/example_nested_branch_dag.py for tasks to queue
[2024-02-14T23:44:50.404+0000] {logging_mixin.py:188} INFO - [2024-02-14T23:44:50.404+0000] {dagbag.py:538} INFO - Filling up the DagBag from /home/ubuntu/reddit_venv/lib/python3.10/site-packages/airflow/example_dags/example_nested_branch_dag.py
[2024-02-14T23:44:50.415+0000] {processor.py:840} INFO - DAG(s) 'example_nested_branch_dag' retrieved from /home/ubuntu/reddit_venv/lib/python3.10/site-packages/airflow/example_dags/example_nested_branch_dag.py
[2024-02-14T23:44:50.433+0000] {logging_mixin.py:188} INFO - [2024-02-14T23:44:50.432+0000] {dag.py:3036} INFO - Sync 1 DAGs
[2024-02-14T23:44:50.453+0000] {logging_mixin.py:188} INFO - [2024-02-14T23:44:50.453+0000] {dag.py:3823} INFO - Setting next_dagrun for example_nested_branch_dag to 2024-02-13 00:00:00+00:00, run_after=2024-02-14 00:00:00+00:00
[2024-02-14T23:44:50.476+0000] {processor.py:183} INFO - Processing /home/ubuntu/reddit_venv/lib/python3.10/site-packages/airflow/example_dags/example_nested_branch_dag.py took 0.077 seconds
[2024-02-14T23:45:53.130+0000] {processor.py:161} INFO - Started process (PID=10363) to work on /home/ubuntu/reddit_venv/lib/python3.10/site-packages/airflow/example_dags/example_nested_branch_dag.py
[2024-02-14T23:45:53.131+0000] {processor.py:830} INFO - Processing file /home/ubuntu/reddit_venv/lib/python3.10/site-packages/airflow/example_dags/example_nested_branch_dag.py for tasks to queue
[2024-02-14T23:45:53.132+0000] {logging_mixin.py:188} INFO - [2024-02-14T23:45:53.132+0000] {dagbag.py:538} INFO - Filling up the DagBag from /home/ubuntu/reddit_venv/lib/python3.10/site-packages/airflow/example_dags/example_nested_branch_dag.py
[2024-02-14T23:45:53.143+0000] {processor.py:840} INFO - DAG(s) 'example_nested_branch_dag' retrieved from /home/ubuntu/reddit_venv/lib/python3.10/site-packages/airflow/example_dags/example_nested_branch_dag.py
[2024-02-14T23:45:53.161+0000] {logging_mixin.py:188} INFO - [2024-02-14T23:45:53.161+0000] {dag.py:3036} INFO - Sync 1 DAGs
[2024-02-14T23:45:53.183+0000] {logging_mixin.py:188} INFO - [2024-02-14T23:45:53.183+0000] {dag.py:3823} INFO - Setting next_dagrun for example_nested_branch_dag to 2024-02-13 00:00:00+00:00, run_after=2024-02-14 00:00:00+00:00
[2024-02-14T23:45:53.205+0000] {processor.py:183} INFO - Processing /home/ubuntu/reddit_venv/lib/python3.10/site-packages/airflow/example_dags/example_nested_branch_dag.py took 0.078 seconds
[2024-02-14T23:46:45.172+0000] {processor.py:161} INFO - Started process (PID=10485) to work on /home/ubuntu/reddit_venv/lib/python3.10/site-packages/airflow/example_dags/example_nested_branch_dag.py
[2024-02-14T23:46:45.173+0000] {processor.py:830} INFO - Processing file /home/ubuntu/reddit_venv/lib/python3.10/site-packages/airflow/example_dags/example_nested_branch_dag.py for tasks to queue
[2024-02-14T23:46:45.174+0000] {logging_mixin.py:188} INFO - [2024-02-14T23:46:45.174+0000] {dagbag.py:538} INFO - Filling up the DagBag from /home/ubuntu/reddit_venv/lib/python3.10/site-packages/airflow/example_dags/example_nested_branch_dag.py
[2024-02-14T23:46:45.185+0000] {processor.py:840} INFO - DAG(s) 'example_nested_branch_dag' retrieved from /home/ubuntu/reddit_venv/lib/python3.10/site-packages/airflow/example_dags/example_nested_branch_dag.py
[2024-02-14T23:46:45.202+0000] {logging_mixin.py:188} INFO - [2024-02-14T23:46:45.202+0000] {dag.py:3036} INFO - Sync 1 DAGs
[2024-02-14T23:46:45.223+0000] {logging_mixin.py:188} INFO - [2024-02-14T23:46:45.223+0000] {dag.py:3823} INFO - Setting next_dagrun for example_nested_branch_dag to 2024-02-13 00:00:00+00:00, run_after=2024-02-14 00:00:00+00:00
[2024-02-14T23:46:45.245+0000] {processor.py:183} INFO - Processing /home/ubuntu/reddit_venv/lib/python3.10/site-packages/airflow/example_dags/example_nested_branch_dag.py took 0.076 seconds
[2024-02-14T23:47:42.396+0000] {processor.py:161} INFO - Started process (PID=10608) to work on /home/ubuntu/reddit_venv/lib/python3.10/site-packages/airflow/example_dags/example_nested_branch_dag.py
[2024-02-14T23:47:42.397+0000] {processor.py:830} INFO - Processing file /home/ubuntu/reddit_venv/lib/python3.10/site-packages/airflow/example_dags/example_nested_branch_dag.py for tasks to queue
[2024-02-14T23:47:42.398+0000] {logging_mixin.py:188} INFO - [2024-02-14T23:47:42.398+0000] {dagbag.py:538} INFO - Filling up the DagBag from /home/ubuntu/reddit_venv/lib/python3.10/site-packages/airflow/example_dags/example_nested_branch_dag.py
[2024-02-14T23:47:42.409+0000] {processor.py:840} INFO - DAG(s) 'example_nested_branch_dag' retrieved from /home/ubuntu/reddit_venv/lib/python3.10/site-packages/airflow/example_dags/example_nested_branch_dag.py
[2024-02-14T23:47:42.427+0000] {logging_mixin.py:188} INFO - [2024-02-14T23:47:42.427+0000] {dag.py:3036} INFO - Sync 1 DAGs
[2024-02-14T23:47:42.449+0000] {logging_mixin.py:188} INFO - [2024-02-14T23:47:42.449+0000] {dag.py:3823} INFO - Setting next_dagrun for example_nested_branch_dag to 2024-02-13 00:00:00+00:00, run_after=2024-02-14 00:00:00+00:00
[2024-02-14T23:47:42.472+0000] {processor.py:183} INFO - Processing /home/ubuntu/reddit_venv/lib/python3.10/site-packages/airflow/example_dags/example_nested_branch_dag.py took 0.079 seconds
[2024-02-14T23:48:41.613+0000] {processor.py:161} INFO - Started process (PID=10739) to work on /home/ubuntu/reddit_venv/lib/python3.10/site-packages/airflow/example_dags/example_nested_branch_dag.py
[2024-02-14T23:48:41.615+0000] {processor.py:830} INFO - Processing file /home/ubuntu/reddit_venv/lib/python3.10/site-packages/airflow/example_dags/example_nested_branch_dag.py for tasks to queue
[2024-02-14T23:48:41.616+0000] {logging_mixin.py:188} INFO - [2024-02-14T23:48:41.615+0000] {dagbag.py:538} INFO - Filling up the DagBag from /home/ubuntu/reddit_venv/lib/python3.10/site-packages/airflow/example_dags/example_nested_branch_dag.py
[2024-02-14T23:48:41.627+0000] {processor.py:840} INFO - DAG(s) 'example_nested_branch_dag' retrieved from /home/ubuntu/reddit_venv/lib/python3.10/site-packages/airflow/example_dags/example_nested_branch_dag.py
[2024-02-14T23:48:41.644+0000] {logging_mixin.py:188} INFO - [2024-02-14T23:48:41.644+0000] {dag.py:3036} INFO - Sync 1 DAGs
[2024-02-14T23:48:41.665+0000] {logging_mixin.py:188} INFO - [2024-02-14T23:48:41.665+0000] {dag.py:3823} INFO - Setting next_dagrun for example_nested_branch_dag to 2024-02-13 00:00:00+00:00, run_after=2024-02-14 00:00:00+00:00
[2024-02-14T23:48:41.687+0000] {processor.py:183} INFO - Processing /home/ubuntu/reddit_venv/lib/python3.10/site-packages/airflow/example_dags/example_nested_branch_dag.py took 0.077 seconds
[2024-02-14T23:49:33.714+0000] {processor.py:161} INFO - Started process (PID=10922) to work on /home/ubuntu/reddit_venv/lib/python3.10/site-packages/airflow/example_dags/example_nested_branch_dag.py
[2024-02-14T23:49:33.716+0000] {processor.py:830} INFO - Processing file /home/ubuntu/reddit_venv/lib/python3.10/site-packages/airflow/example_dags/example_nested_branch_dag.py for tasks to queue
[2024-02-14T23:49:33.717+0000] {logging_mixin.py:188} INFO - [2024-02-14T23:49:33.716+0000] {dagbag.py:538} INFO - Filling up the DagBag from /home/ubuntu/reddit_venv/lib/python3.10/site-packages/airflow/example_dags/example_nested_branch_dag.py
[2024-02-14T23:49:33.728+0000] {processor.py:840} INFO - DAG(s) 'example_nested_branch_dag' retrieved from /home/ubuntu/reddit_venv/lib/python3.10/site-packages/airflow/example_dags/example_nested_branch_dag.py
[2024-02-14T23:49:33.745+0000] {logging_mixin.py:188} INFO - [2024-02-14T23:49:33.745+0000] {dag.py:3036} INFO - Sync 1 DAGs
[2024-02-14T23:49:33.768+0000] {logging_mixin.py:188} INFO - [2024-02-14T23:49:33.768+0000] {dag.py:3823} INFO - Setting next_dagrun for example_nested_branch_dag to 2024-02-13 00:00:00+00:00, run_after=2024-02-14 00:00:00+00:00
[2024-02-14T23:49:33.790+0000] {processor.py:183} INFO - Processing /home/ubuntu/reddit_venv/lib/python3.10/site-packages/airflow/example_dags/example_nested_branch_dag.py took 0.079 seconds
[2024-02-14T23:50:30.409+0000] {processor.py:161} INFO - Started process (PID=11048) to work on /home/ubuntu/reddit_venv/lib/python3.10/site-packages/airflow/example_dags/example_nested_branch_dag.py
[2024-02-14T23:50:30.410+0000] {processor.py:830} INFO - Processing file /home/ubuntu/reddit_venv/lib/python3.10/site-packages/airflow/example_dags/example_nested_branch_dag.py for tasks to queue
[2024-02-14T23:50:30.411+0000] {logging_mixin.py:188} INFO - [2024-02-14T23:50:30.411+0000] {dagbag.py:538} INFO - Filling up the DagBag from /home/ubuntu/reddit_venv/lib/python3.10/site-packages/airflow/example_dags/example_nested_branch_dag.py
[2024-02-14T23:50:30.422+0000] {processor.py:840} INFO - DAG(s) 'example_nested_branch_dag' retrieved from /home/ubuntu/reddit_venv/lib/python3.10/site-packages/airflow/example_dags/example_nested_branch_dag.py
[2024-02-14T23:50:30.440+0000] {logging_mixin.py:188} INFO - [2024-02-14T23:50:30.440+0000] {dag.py:3036} INFO - Sync 1 DAGs
[2024-02-14T23:50:30.461+0000] {logging_mixin.py:188} INFO - [2024-02-14T23:50:30.461+0000] {dag.py:3823} INFO - Setting next_dagrun for example_nested_branch_dag to 2024-02-13 00:00:00+00:00, run_after=2024-02-14 00:00:00+00:00
[2024-02-14T23:50:30.484+0000] {processor.py:183} INFO - Processing /home/ubuntu/reddit_venv/lib/python3.10/site-packages/airflow/example_dags/example_nested_branch_dag.py took 0.079 seconds
[2024-02-14T23:51:28.396+0000] {processor.py:161} INFO - Started process (PID=11173) to work on /home/ubuntu/reddit_venv/lib/python3.10/site-packages/airflow/example_dags/example_nested_branch_dag.py
[2024-02-14T23:51:28.397+0000] {processor.py:830} INFO - Processing file /home/ubuntu/reddit_venv/lib/python3.10/site-packages/airflow/example_dags/example_nested_branch_dag.py for tasks to queue
[2024-02-14T23:51:28.398+0000] {logging_mixin.py:188} INFO - [2024-02-14T23:51:28.398+0000] {dagbag.py:538} INFO - Filling up the DagBag from /home/ubuntu/reddit_venv/lib/python3.10/site-packages/airflow/example_dags/example_nested_branch_dag.py
[2024-02-14T23:51:28.410+0000] {processor.py:840} INFO - DAG(s) 'example_nested_branch_dag' retrieved from /home/ubuntu/reddit_venv/lib/python3.10/site-packages/airflow/example_dags/example_nested_branch_dag.py
[2024-02-14T23:51:28.427+0000] {logging_mixin.py:188} INFO - [2024-02-14T23:51:28.427+0000] {dag.py:3036} INFO - Sync 1 DAGs
[2024-02-14T23:51:28.449+0000] {logging_mixin.py:188} INFO - [2024-02-14T23:51:28.449+0000] {dag.py:3823} INFO - Setting next_dagrun for example_nested_branch_dag to 2024-02-13 00:00:00+00:00, run_after=2024-02-14 00:00:00+00:00
[2024-02-14T23:51:28.472+0000] {processor.py:183} INFO - Processing /home/ubuntu/reddit_venv/lib/python3.10/site-packages/airflow/example_dags/example_nested_branch_dag.py took 0.080 seconds
[2024-02-14T23:52:28.178+0000] {processor.py:161} INFO - Started process (PID=11265) to work on /home/ubuntu/reddit_venv/lib/python3.10/site-packages/airflow/example_dags/example_nested_branch_dag.py
[2024-02-14T23:52:28.179+0000] {processor.py:830} INFO - Processing file /home/ubuntu/reddit_venv/lib/python3.10/site-packages/airflow/example_dags/example_nested_branch_dag.py for tasks to queue
[2024-02-14T23:52:28.180+0000] {logging_mixin.py:188} INFO - [2024-02-14T23:52:28.180+0000] {dagbag.py:538} INFO - Filling up the DagBag from /home/ubuntu/reddit_venv/lib/python3.10/site-packages/airflow/example_dags/example_nested_branch_dag.py
[2024-02-14T23:52:28.191+0000] {processor.py:840} INFO - DAG(s) 'example_nested_branch_dag' retrieved from /home/ubuntu/reddit_venv/lib/python3.10/site-packages/airflow/example_dags/example_nested_branch_dag.py
[2024-02-14T23:52:28.208+0000] {logging_mixin.py:188} INFO - [2024-02-14T23:52:28.208+0000] {dag.py:3036} INFO - Sync 1 DAGs
[2024-02-14T23:52:28.229+0000] {logging_mixin.py:188} INFO - [2024-02-14T23:52:28.229+0000] {dag.py:3823} INFO - Setting next_dagrun for example_nested_branch_dag to 2024-02-13 00:00:00+00:00, run_after=2024-02-14 00:00:00+00:00
[2024-02-14T23:52:28.251+0000] {processor.py:183} INFO - Processing /home/ubuntu/reddit_venv/lib/python3.10/site-packages/airflow/example_dags/example_nested_branch_dag.py took 0.076 seconds
[2024-02-14T23:53:31.275+0000] {processor.py:161} INFO - Started process (PID=11430) to work on /home/ubuntu/reddit_venv/lib/python3.10/site-packages/airflow/example_dags/example_nested_branch_dag.py
[2024-02-14T23:53:31.276+0000] {processor.py:830} INFO - Processing file /home/ubuntu/reddit_venv/lib/python3.10/site-packages/airflow/example_dags/example_nested_branch_dag.py for tasks to queue
[2024-02-14T23:53:31.277+0000] {logging_mixin.py:188} INFO - [2024-02-14T23:53:31.277+0000] {dagbag.py:538} INFO - Filling up the DagBag from /home/ubuntu/reddit_venv/lib/python3.10/site-packages/airflow/example_dags/example_nested_branch_dag.py
[2024-02-14T23:53:31.288+0000] {processor.py:840} INFO - DAG(s) 'example_nested_branch_dag' retrieved from /home/ubuntu/reddit_venv/lib/python3.10/site-packages/airflow/example_dags/example_nested_branch_dag.py
[2024-02-14T23:53:31.306+0000] {logging_mixin.py:188} INFO - [2024-02-14T23:53:31.306+0000] {dag.py:3036} INFO - Sync 1 DAGs
[2024-02-14T23:53:31.328+0000] {logging_mixin.py:188} INFO - [2024-02-14T23:53:31.327+0000] {dag.py:3823} INFO - Setting next_dagrun for example_nested_branch_dag to 2024-02-13 00:00:00+00:00, run_after=2024-02-14 00:00:00+00:00
[2024-02-14T23:53:31.349+0000] {processor.py:183} INFO - Processing /home/ubuntu/reddit_venv/lib/python3.10/site-packages/airflow/example_dags/example_nested_branch_dag.py took 0.078 seconds
[2024-02-14T23:54:34.092+0000] {processor.py:161} INFO - Started process (PID=11622) to work on /home/ubuntu/reddit_venv/lib/python3.10/site-packages/airflow/example_dags/example_nested_branch_dag.py
[2024-02-14T23:54:34.094+0000] {processor.py:830} INFO - Processing file /home/ubuntu/reddit_venv/lib/python3.10/site-packages/airflow/example_dags/example_nested_branch_dag.py for tasks to queue
[2024-02-14T23:54:34.095+0000] {logging_mixin.py:188} INFO - [2024-02-14T23:54:34.094+0000] {dagbag.py:538} INFO - Filling up the DagBag from /home/ubuntu/reddit_venv/lib/python3.10/site-packages/airflow/example_dags/example_nested_branch_dag.py
[2024-02-14T23:54:34.106+0000] {processor.py:840} INFO - DAG(s) 'example_nested_branch_dag' retrieved from /home/ubuntu/reddit_venv/lib/python3.10/site-packages/airflow/example_dags/example_nested_branch_dag.py
[2024-02-14T23:54:34.123+0000] {logging_mixin.py:188} INFO - [2024-02-14T23:54:34.123+0000] {dag.py:3036} INFO - Sync 1 DAGs
[2024-02-14T23:54:34.145+0000] {logging_mixin.py:188} INFO - [2024-02-14T23:54:34.144+0000] {dag.py:3823} INFO - Setting next_dagrun for example_nested_branch_dag to 2024-02-13 00:00:00+00:00, run_after=2024-02-14 00:00:00+00:00
[2024-02-14T23:54:34.179+0000] {processor.py:183} INFO - Processing /home/ubuntu/reddit_venv/lib/python3.10/site-packages/airflow/example_dags/example_nested_branch_dag.py took 0.091 seconds
[2024-02-14T23:55:32.992+0000] {processor.py:161} INFO - Started process (PID=11750) to work on /home/ubuntu/reddit_venv/lib/python3.10/site-packages/airflow/example_dags/example_nested_branch_dag.py
[2024-02-14T23:55:32.993+0000] {processor.py:830} INFO - Processing file /home/ubuntu/reddit_venv/lib/python3.10/site-packages/airflow/example_dags/example_nested_branch_dag.py for tasks to queue
[2024-02-14T23:55:32.994+0000] {logging_mixin.py:188} INFO - [2024-02-14T23:55:32.994+0000] {dagbag.py:538} INFO - Filling up the DagBag from /home/ubuntu/reddit_venv/lib/python3.10/site-packages/airflow/example_dags/example_nested_branch_dag.py
[2024-02-14T23:55:33.005+0000] {processor.py:840} INFO - DAG(s) 'example_nested_branch_dag' retrieved from /home/ubuntu/reddit_venv/lib/python3.10/site-packages/airflow/example_dags/example_nested_branch_dag.py
[2024-02-14T23:55:33.023+0000] {logging_mixin.py:188} INFO - [2024-02-14T23:55:33.023+0000] {dag.py:3036} INFO - Sync 1 DAGs
[2024-02-14T23:55:33.046+0000] {logging_mixin.py:188} INFO - [2024-02-14T23:55:33.045+0000] {dag.py:3823} INFO - Setting next_dagrun for example_nested_branch_dag to 2024-02-13 00:00:00+00:00, run_after=2024-02-14 00:00:00+00:00
[2024-02-14T23:55:33.068+0000] {processor.py:183} INFO - Processing /home/ubuntu/reddit_venv/lib/python3.10/site-packages/airflow/example_dags/example_nested_branch_dag.py took 0.080 seconds
[2024-02-14T23:56:31.920+0000] {processor.py:161} INFO - Started process (PID=11931) to work on /home/ubuntu/reddit_venv/lib/python3.10/site-packages/airflow/example_dags/example_nested_branch_dag.py
[2024-02-14T23:56:31.923+0000] {processor.py:830} INFO - Processing file /home/ubuntu/reddit_venv/lib/python3.10/site-packages/airflow/example_dags/example_nested_branch_dag.py for tasks to queue
[2024-02-14T23:56:31.924+0000] {logging_mixin.py:188} INFO - [2024-02-14T23:56:31.924+0000] {dagbag.py:538} INFO - Filling up the DagBag from /home/ubuntu/reddit_venv/lib/python3.10/site-packages/airflow/example_dags/example_nested_branch_dag.py
[2024-02-14T23:56:31.936+0000] {processor.py:840} INFO - DAG(s) 'example_nested_branch_dag' retrieved from /home/ubuntu/reddit_venv/lib/python3.10/site-packages/airflow/example_dags/example_nested_branch_dag.py
[2024-02-14T23:56:31.954+0000] {logging_mixin.py:188} INFO - [2024-02-14T23:56:31.954+0000] {dag.py:3036} INFO - Sync 1 DAGs
[2024-02-14T23:56:31.976+0000] {logging_mixin.py:188} INFO - [2024-02-14T23:56:31.975+0000] {dag.py:3823} INFO - Setting next_dagrun for example_nested_branch_dag to 2024-02-13 00:00:00+00:00, run_after=2024-02-14 00:00:00+00:00
[2024-02-14T23:56:32.003+0000] {processor.py:183} INFO - Processing /home/ubuntu/reddit_venv/lib/python3.10/site-packages/airflow/example_dags/example_nested_branch_dag.py took 0.087 seconds
[2024-02-14T23:57:28.530+0000] {processor.py:161} INFO - Started process (PID=14592) to work on /home/ubuntu/reddit_venv/lib/python3.10/site-packages/airflow/example_dags/example_nested_branch_dag.py
[2024-02-14T23:57:28.532+0000] {processor.py:830} INFO - Processing file /home/ubuntu/reddit_venv/lib/python3.10/site-packages/airflow/example_dags/example_nested_branch_dag.py for tasks to queue
[2024-02-14T23:57:28.533+0000] {logging_mixin.py:188} INFO - [2024-02-14T23:57:28.532+0000] {dagbag.py:538} INFO - Filling up the DagBag from /home/ubuntu/reddit_venv/lib/python3.10/site-packages/airflow/example_dags/example_nested_branch_dag.py
[2024-02-14T23:57:28.544+0000] {processor.py:840} INFO - DAG(s) 'example_nested_branch_dag' retrieved from /home/ubuntu/reddit_venv/lib/python3.10/site-packages/airflow/example_dags/example_nested_branch_dag.py
[2024-02-14T23:57:28.561+0000] {logging_mixin.py:188} INFO - [2024-02-14T23:57:28.561+0000] {dag.py:3036} INFO - Sync 1 DAGs
[2024-02-14T23:57:28.583+0000] {logging_mixin.py:188} INFO - [2024-02-14T23:57:28.582+0000] {dag.py:3823} INFO - Setting next_dagrun for example_nested_branch_dag to 2024-02-13 00:00:00+00:00, run_after=2024-02-14 00:00:00+00:00
[2024-02-14T23:57:28.612+0000] {processor.py:183} INFO - Processing /home/ubuntu/reddit_venv/lib/python3.10/site-packages/airflow/example_dags/example_nested_branch_dag.py took 0.085 seconds
[2024-02-14T23:58:31.175+0000] {processor.py:161} INFO - Started process (PID=21909) to work on /home/ubuntu/reddit_venv/lib/python3.10/site-packages/airflow/example_dags/example_nested_branch_dag.py
[2024-02-14T23:58:31.177+0000] {processor.py:830} INFO - Processing file /home/ubuntu/reddit_venv/lib/python3.10/site-packages/airflow/example_dags/example_nested_branch_dag.py for tasks to queue
[2024-02-14T23:58:31.178+0000] {logging_mixin.py:188} INFO - [2024-02-14T23:58:31.177+0000] {dagbag.py:538} INFO - Filling up the DagBag from /home/ubuntu/reddit_venv/lib/python3.10/site-packages/airflow/example_dags/example_nested_branch_dag.py
[2024-02-14T23:58:31.189+0000] {processor.py:840} INFO - DAG(s) 'example_nested_branch_dag' retrieved from /home/ubuntu/reddit_venv/lib/python3.10/site-packages/airflow/example_dags/example_nested_branch_dag.py
[2024-02-14T23:58:31.206+0000] {logging_mixin.py:188} INFO - [2024-02-14T23:58:31.206+0000] {dag.py:3036} INFO - Sync 1 DAGs
[2024-02-14T23:58:31.227+0000] {logging_mixin.py:188} INFO - [2024-02-14T23:58:31.227+0000] {dag.py:3823} INFO - Setting next_dagrun for example_nested_branch_dag to 2024-02-13 00:00:00+00:00, run_after=2024-02-14 00:00:00+00:00
[2024-02-14T23:58:31.249+0000] {processor.py:183} INFO - Processing /home/ubuntu/reddit_venv/lib/python3.10/site-packages/airflow/example_dags/example_nested_branch_dag.py took 0.078 seconds
[2024-02-14T23:59:33.586+0000] {processor.py:161} INFO - Started process (PID=22579) to work on /home/ubuntu/reddit_venv/lib/python3.10/site-packages/airflow/example_dags/example_nested_branch_dag.py
[2024-02-14T23:59:33.588+0000] {processor.py:830} INFO - Processing file /home/ubuntu/reddit_venv/lib/python3.10/site-packages/airflow/example_dags/example_nested_branch_dag.py for tasks to queue
[2024-02-14T23:59:33.589+0000] {logging_mixin.py:188} INFO - [2024-02-14T23:59:33.588+0000] {dagbag.py:538} INFO - Filling up the DagBag from /home/ubuntu/reddit_venv/lib/python3.10/site-packages/airflow/example_dags/example_nested_branch_dag.py
[2024-02-14T23:59:33.600+0000] {processor.py:840} INFO - DAG(s) 'example_nested_branch_dag' retrieved from /home/ubuntu/reddit_venv/lib/python3.10/site-packages/airflow/example_dags/example_nested_branch_dag.py
[2024-02-14T23:59:33.617+0000] {logging_mixin.py:188} INFO - [2024-02-14T23:59:33.617+0000] {dag.py:3036} INFO - Sync 1 DAGs
[2024-02-14T23:59:33.639+0000] {logging_mixin.py:188} INFO - [2024-02-14T23:59:33.638+0000] {dag.py:3823} INFO - Setting next_dagrun for example_nested_branch_dag to 2024-02-13 00:00:00+00:00, run_after=2024-02-14 00:00:00+00:00
[2024-02-14T23:59:33.662+0000] {processor.py:183} INFO - Processing /home/ubuntu/reddit_venv/lib/python3.10/site-packages/airflow/example_dags/example_nested_branch_dag.py took 0.079 seconds
