[2024-02-14T23:10:12.779+0000] {processor.py:161} INFO - Started process (PID=1670) to work on /home/ubuntu/reddit_venv/lib/python3.10/site-packages/airflow/example_dags/example_branch_python_dop_operator_3.py
[2024-02-14T23:10:12.780+0000] {processor.py:830} INFO - Processing file /home/ubuntu/reddit_venv/lib/python3.10/site-packages/airflow/example_dags/example_branch_python_dop_operator_3.py for tasks to queue
[2024-02-14T23:10:12.781+0000] {logging_mixin.py:188} INFO - [2024-02-14T23:10:12.781+0000] {dagbag.py:538} INFO - Filling up the DagBag from /home/ubuntu/reddit_venv/lib/python3.10/site-packages/airflow/example_dags/example_branch_python_dop_operator_3.py
[2024-02-14T23:10:12.791+0000] {processor.py:840} INFO - DAG(s) 'example_branch_dop_operator_v3' retrieved from /home/ubuntu/reddit_venv/lib/python3.10/site-packages/airflow/example_dags/example_branch_python_dop_operator_3.py
[2024-02-14T23:10:12.887+0000] {logging_mixin.py:188} INFO - [2024-02-14T23:10:12.887+0000] {dag.py:3036} INFO - Sync 1 DAGs
[2024-02-14T23:10:12.910+0000] {logging_mixin.py:188} INFO - [2024-02-14T23:10:12.909+0000] {dag.py:3823} INFO - Setting next_dagrun for example_branch_dop_operator_v3 to 2024-02-14 23:09:00+00:00, run_after=2024-02-14 23:10:00+00:00
[2024-02-14T23:10:12.931+0000] {processor.py:183} INFO - Processing /home/ubuntu/reddit_venv/lib/python3.10/site-packages/airflow/example_dags/example_branch_python_dop_operator_3.py took 0.155 seconds
[2024-02-14T23:11:16.137+0000] {processor.py:161} INFO - Started process (PID=1801) to work on /home/ubuntu/reddit_venv/lib/python3.10/site-packages/airflow/example_dags/example_branch_python_dop_operator_3.py
[2024-02-14T23:11:16.139+0000] {processor.py:830} INFO - Processing file /home/ubuntu/reddit_venv/lib/python3.10/site-packages/airflow/example_dags/example_branch_python_dop_operator_3.py for tasks to queue
[2024-02-14T23:11:16.140+0000] {logging_mixin.py:188} INFO - [2024-02-14T23:11:16.140+0000] {dagbag.py:538} INFO - Filling up the DagBag from /home/ubuntu/reddit_venv/lib/python3.10/site-packages/airflow/example_dags/example_branch_python_dop_operator_3.py
[2024-02-14T23:11:16.150+0000] {processor.py:840} INFO - DAG(s) 'example_branch_dop_operator_v3' retrieved from /home/ubuntu/reddit_venv/lib/python3.10/site-packages/airflow/example_dags/example_branch_python_dop_operator_3.py
[2024-02-14T23:11:16.166+0000] {logging_mixin.py:188} INFO - [2024-02-14T23:11:16.165+0000] {dag.py:3036} INFO - Sync 1 DAGs
[2024-02-14T23:11:16.190+0000] {logging_mixin.py:188} INFO - [2024-02-14T23:11:16.189+0000] {dag.py:3823} INFO - Setting next_dagrun for example_branch_dop_operator_v3 to 2024-02-14 23:10:00+00:00, run_after=2024-02-14 23:11:00+00:00
[2024-02-14T23:11:16.211+0000] {processor.py:183} INFO - Processing /home/ubuntu/reddit_venv/lib/python3.10/site-packages/airflow/example_dags/example_branch_python_dop_operator_3.py took 0.077 seconds
[2024-02-14T23:12:14.296+0000] {processor.py:161} INFO - Started process (PID=1929) to work on /home/ubuntu/reddit_venv/lib/python3.10/site-packages/airflow/example_dags/example_branch_python_dop_operator_3.py
[2024-02-14T23:12:14.299+0000] {processor.py:830} INFO - Processing file /home/ubuntu/reddit_venv/lib/python3.10/site-packages/airflow/example_dags/example_branch_python_dop_operator_3.py for tasks to queue
[2024-02-14T23:12:14.300+0000] {logging_mixin.py:188} INFO - [2024-02-14T23:12:14.300+0000] {dagbag.py:538} INFO - Filling up the DagBag from /home/ubuntu/reddit_venv/lib/python3.10/site-packages/airflow/example_dags/example_branch_python_dop_operator_3.py
[2024-02-14T23:12:14.310+0000] {processor.py:840} INFO - DAG(s) 'example_branch_dop_operator_v3' retrieved from /home/ubuntu/reddit_venv/lib/python3.10/site-packages/airflow/example_dags/example_branch_python_dop_operator_3.py
[2024-02-14T23:12:14.326+0000] {logging_mixin.py:188} INFO - [2024-02-14T23:12:14.326+0000] {dag.py:3036} INFO - Sync 1 DAGs
[2024-02-14T23:12:14.351+0000] {logging_mixin.py:188} INFO - [2024-02-14T23:12:14.351+0000] {dag.py:3823} INFO - Setting next_dagrun for example_branch_dop_operator_v3 to 2024-02-14 23:11:00+00:00, run_after=2024-02-14 23:12:00+00:00
[2024-02-14T23:12:14.374+0000] {processor.py:183} INFO - Processing /home/ubuntu/reddit_venv/lib/python3.10/site-packages/airflow/example_dags/example_branch_python_dop_operator_3.py took 0.081 seconds
[2024-02-14T23:13:13.032+0000] {processor.py:161} INFO - Started process (PID=2366) to work on /home/ubuntu/reddit_venv/lib/python3.10/site-packages/airflow/example_dags/example_branch_python_dop_operator_3.py
[2024-02-14T23:13:13.034+0000] {processor.py:830} INFO - Processing file /home/ubuntu/reddit_venv/lib/python3.10/site-packages/airflow/example_dags/example_branch_python_dop_operator_3.py for tasks to queue
[2024-02-14T23:13:13.035+0000] {logging_mixin.py:188} INFO - [2024-02-14T23:13:13.034+0000] {dagbag.py:538} INFO - Filling up the DagBag from /home/ubuntu/reddit_venv/lib/python3.10/site-packages/airflow/example_dags/example_branch_python_dop_operator_3.py
[2024-02-14T23:13:13.044+0000] {processor.py:840} INFO - DAG(s) 'example_branch_dop_operator_v3' retrieved from /home/ubuntu/reddit_venv/lib/python3.10/site-packages/airflow/example_dags/example_branch_python_dop_operator_3.py
[2024-02-14T23:13:13.060+0000] {logging_mixin.py:188} INFO - [2024-02-14T23:13:13.060+0000] {dag.py:3036} INFO - Sync 1 DAGs
[2024-02-14T23:13:13.085+0000] {logging_mixin.py:188} INFO - [2024-02-14T23:13:13.084+0000] {dag.py:3823} INFO - Setting next_dagrun for example_branch_dop_operator_v3 to 2024-02-14 23:12:00+00:00, run_after=2024-02-14 23:13:00+00:00
[2024-02-14T23:13:13.108+0000] {processor.py:183} INFO - Processing /home/ubuntu/reddit_venv/lib/python3.10/site-packages/airflow/example_dags/example_branch_python_dop_operator_3.py took 0.079 seconds
[2024-02-14T23:14:12.225+0000] {processor.py:161} INFO - Started process (PID=2496) to work on /home/ubuntu/reddit_venv/lib/python3.10/site-packages/airflow/example_dags/example_branch_python_dop_operator_3.py
[2024-02-14T23:14:12.227+0000] {processor.py:830} INFO - Processing file /home/ubuntu/reddit_venv/lib/python3.10/site-packages/airflow/example_dags/example_branch_python_dop_operator_3.py for tasks to queue
[2024-02-14T23:14:12.228+0000] {logging_mixin.py:188} INFO - [2024-02-14T23:14:12.228+0000] {dagbag.py:538} INFO - Filling up the DagBag from /home/ubuntu/reddit_venv/lib/python3.10/site-packages/airflow/example_dags/example_branch_python_dop_operator_3.py
[2024-02-14T23:14:12.238+0000] {processor.py:840} INFO - DAG(s) 'example_branch_dop_operator_v3' retrieved from /home/ubuntu/reddit_venv/lib/python3.10/site-packages/airflow/example_dags/example_branch_python_dop_operator_3.py
[2024-02-14T23:14:12.254+0000] {logging_mixin.py:188} INFO - [2024-02-14T23:14:12.253+0000] {dag.py:3036} INFO - Sync 1 DAGs
[2024-02-14T23:14:12.278+0000] {logging_mixin.py:188} INFO - [2024-02-14T23:14:12.278+0000] {dag.py:3823} INFO - Setting next_dagrun for example_branch_dop_operator_v3 to 2024-02-14 23:13:00+00:00, run_after=2024-02-14 23:14:00+00:00
[2024-02-14T23:14:12.300+0000] {processor.py:183} INFO - Processing /home/ubuntu/reddit_venv/lib/python3.10/site-packages/airflow/example_dags/example_branch_python_dop_operator_3.py took 0.078 seconds
[2024-02-14T23:15:13.926+0000] {processor.py:161} INFO - Started process (PID=2923) to work on /home/ubuntu/reddit_venv/lib/python3.10/site-packages/airflow/example_dags/example_branch_python_dop_operator_3.py
[2024-02-14T23:15:13.927+0000] {processor.py:830} INFO - Processing file /home/ubuntu/reddit_venv/lib/python3.10/site-packages/airflow/example_dags/example_branch_python_dop_operator_3.py for tasks to queue
[2024-02-14T23:15:13.928+0000] {logging_mixin.py:188} INFO - [2024-02-14T23:15:13.928+0000] {dagbag.py:538} INFO - Filling up the DagBag from /home/ubuntu/reddit_venv/lib/python3.10/site-packages/airflow/example_dags/example_branch_python_dop_operator_3.py
[2024-02-14T23:15:13.938+0000] {processor.py:840} INFO - DAG(s) 'example_branch_dop_operator_v3' retrieved from /home/ubuntu/reddit_venv/lib/python3.10/site-packages/airflow/example_dags/example_branch_python_dop_operator_3.py
[2024-02-14T23:15:13.954+0000] {logging_mixin.py:188} INFO - [2024-02-14T23:15:13.954+0000] {dag.py:3036} INFO - Sync 1 DAGs
[2024-02-14T23:15:13.980+0000] {logging_mixin.py:188} INFO - [2024-02-14T23:15:13.980+0000] {dag.py:3823} INFO - Setting next_dagrun for example_branch_dop_operator_v3 to 2024-02-14 23:14:00+00:00, run_after=2024-02-14 23:15:00+00:00
[2024-02-14T23:15:14.003+0000] {processor.py:183} INFO - Processing /home/ubuntu/reddit_venv/lib/python3.10/site-packages/airflow/example_dags/example_branch_python_dop_operator_3.py took 0.080 seconds
[2024-02-14T23:16:13.346+0000] {processor.py:161} INFO - Started process (PID=3174) to work on /home/ubuntu/reddit_venv/lib/python3.10/site-packages/airflow/example_dags/example_branch_python_dop_operator_3.py
[2024-02-14T23:16:13.348+0000] {processor.py:830} INFO - Processing file /home/ubuntu/reddit_venv/lib/python3.10/site-packages/airflow/example_dags/example_branch_python_dop_operator_3.py for tasks to queue
[2024-02-14T23:16:13.349+0000] {logging_mixin.py:188} INFO - [2024-02-14T23:16:13.348+0000] {dagbag.py:538} INFO - Filling up the DagBag from /home/ubuntu/reddit_venv/lib/python3.10/site-packages/airflow/example_dags/example_branch_python_dop_operator_3.py
[2024-02-14T23:16:13.359+0000] {processor.py:840} INFO - DAG(s) 'example_branch_dop_operator_v3' retrieved from /home/ubuntu/reddit_venv/lib/python3.10/site-packages/airflow/example_dags/example_branch_python_dop_operator_3.py
[2024-02-14T23:16:13.374+0000] {logging_mixin.py:188} INFO - [2024-02-14T23:16:13.374+0000] {dag.py:3036} INFO - Sync 1 DAGs
[2024-02-14T23:16:13.400+0000] {logging_mixin.py:188} INFO - [2024-02-14T23:16:13.400+0000] {dag.py:3823} INFO - Setting next_dagrun for example_branch_dop_operator_v3 to 2024-02-14 23:15:00+00:00, run_after=2024-02-14 23:16:00+00:00
[2024-02-14T23:16:13.422+0000] {processor.py:183} INFO - Processing /home/ubuntu/reddit_venv/lib/python3.10/site-packages/airflow/example_dags/example_branch_python_dop_operator_3.py took 0.079 seconds
[2024-02-14T23:17:10.361+0000] {processor.py:161} INFO - Started process (PID=3810) to work on /home/ubuntu/reddit_venv/lib/python3.10/site-packages/airflow/example_dags/example_branch_python_dop_operator_3.py
[2024-02-14T23:17:10.363+0000] {processor.py:830} INFO - Processing file /home/ubuntu/reddit_venv/lib/python3.10/site-packages/airflow/example_dags/example_branch_python_dop_operator_3.py for tasks to queue
[2024-02-14T23:17:10.364+0000] {logging_mixin.py:188} INFO - [2024-02-14T23:17:10.364+0000] {dagbag.py:538} INFO - Filling up the DagBag from /home/ubuntu/reddit_venv/lib/python3.10/site-packages/airflow/example_dags/example_branch_python_dop_operator_3.py
[2024-02-14T23:17:10.374+0000] {processor.py:840} INFO - DAG(s) 'example_branch_dop_operator_v3' retrieved from /home/ubuntu/reddit_venv/lib/python3.10/site-packages/airflow/example_dags/example_branch_python_dop_operator_3.py
[2024-02-14T23:17:10.390+0000] {logging_mixin.py:188} INFO - [2024-02-14T23:17:10.390+0000] {dag.py:3036} INFO - Sync 1 DAGs
[2024-02-14T23:17:10.414+0000] {logging_mixin.py:188} INFO - [2024-02-14T23:17:10.414+0000] {dag.py:3823} INFO - Setting next_dagrun for example_branch_dop_operator_v3 to 2024-02-14 23:16:00+00:00, run_after=2024-02-14 23:17:00+00:00
[2024-02-14T23:17:10.444+0000] {processor.py:183} INFO - Processing /home/ubuntu/reddit_venv/lib/python3.10/site-packages/airflow/example_dags/example_branch_python_dop_operator_3.py took 0.086 seconds
[2024-02-14T23:18:08.811+0000] {processor.py:161} INFO - Started process (PID=4574) to work on /home/ubuntu/reddit_venv/lib/python3.10/site-packages/airflow/example_dags/example_branch_python_dop_operator_3.py
[2024-02-14T23:18:08.813+0000] {processor.py:830} INFO - Processing file /home/ubuntu/reddit_venv/lib/python3.10/site-packages/airflow/example_dags/example_branch_python_dop_operator_3.py for tasks to queue
[2024-02-14T23:18:08.814+0000] {logging_mixin.py:188} INFO - [2024-02-14T23:18:08.813+0000] {dagbag.py:538} INFO - Filling up the DagBag from /home/ubuntu/reddit_venv/lib/python3.10/site-packages/airflow/example_dags/example_branch_python_dop_operator_3.py
[2024-02-14T23:18:08.824+0000] {processor.py:840} INFO - DAG(s) 'example_branch_dop_operator_v3' retrieved from /home/ubuntu/reddit_venv/lib/python3.10/site-packages/airflow/example_dags/example_branch_python_dop_operator_3.py
[2024-02-14T23:18:08.839+0000] {logging_mixin.py:188} INFO - [2024-02-14T23:18:08.839+0000] {dag.py:3036} INFO - Sync 1 DAGs
[2024-02-14T23:18:08.863+0000] {logging_mixin.py:188} INFO - [2024-02-14T23:18:08.863+0000] {dag.py:3823} INFO - Setting next_dagrun for example_branch_dop_operator_v3 to 2024-02-14 23:17:00+00:00, run_after=2024-02-14 23:18:00+00:00
[2024-02-14T23:18:08.885+0000] {processor.py:183} INFO - Processing /home/ubuntu/reddit_venv/lib/python3.10/site-packages/airflow/example_dags/example_branch_python_dop_operator_3.py took 0.077 seconds
[2024-02-14T23:19:10.858+0000] {processor.py:161} INFO - Started process (PID=5430) to work on /home/ubuntu/reddit_venv/lib/python3.10/site-packages/airflow/example_dags/example_branch_python_dop_operator_3.py
[2024-02-14T23:19:10.859+0000] {processor.py:830} INFO - Processing file /home/ubuntu/reddit_venv/lib/python3.10/site-packages/airflow/example_dags/example_branch_python_dop_operator_3.py for tasks to queue
[2024-02-14T23:19:10.860+0000] {logging_mixin.py:188} INFO - [2024-02-14T23:19:10.860+0000] {dagbag.py:538} INFO - Filling up the DagBag from /home/ubuntu/reddit_venv/lib/python3.10/site-packages/airflow/example_dags/example_branch_python_dop_operator_3.py
[2024-02-14T23:19:10.870+0000] {processor.py:840} INFO - DAG(s) 'example_branch_dop_operator_v3' retrieved from /home/ubuntu/reddit_venv/lib/python3.10/site-packages/airflow/example_dags/example_branch_python_dop_operator_3.py
[2024-02-14T23:19:10.886+0000] {logging_mixin.py:188} INFO - [2024-02-14T23:19:10.886+0000] {dag.py:3036} INFO - Sync 1 DAGs
[2024-02-14T23:19:10.910+0000] {logging_mixin.py:188} INFO - [2024-02-14T23:19:10.910+0000] {dag.py:3823} INFO - Setting next_dagrun for example_branch_dop_operator_v3 to 2024-02-14 23:18:00+00:00, run_after=2024-02-14 23:19:00+00:00
[2024-02-14T23:19:10.933+0000] {processor.py:183} INFO - Processing /home/ubuntu/reddit_venv/lib/python3.10/site-packages/airflow/example_dags/example_branch_python_dop_operator_3.py took 0.078 seconds
[2024-02-14T23:20:07.203+0000] {processor.py:161} INFO - Started process (PID=5616) to work on /home/ubuntu/reddit_venv/lib/python3.10/site-packages/airflow/example_dags/example_branch_python_dop_operator_3.py
[2024-02-14T23:20:07.204+0000] {processor.py:830} INFO - Processing file /home/ubuntu/reddit_venv/lib/python3.10/site-packages/airflow/example_dags/example_branch_python_dop_operator_3.py for tasks to queue
[2024-02-14T23:20:07.205+0000] {logging_mixin.py:188} INFO - [2024-02-14T23:20:07.205+0000] {dagbag.py:538} INFO - Filling up the DagBag from /home/ubuntu/reddit_venv/lib/python3.10/site-packages/airflow/example_dags/example_branch_python_dop_operator_3.py
[2024-02-14T23:20:07.215+0000] {processor.py:840} INFO - DAG(s) 'example_branch_dop_operator_v3' retrieved from /home/ubuntu/reddit_venv/lib/python3.10/site-packages/airflow/example_dags/example_branch_python_dop_operator_3.py
[2024-02-14T23:20:07.231+0000] {logging_mixin.py:188} INFO - [2024-02-14T23:20:07.231+0000] {dag.py:3036} INFO - Sync 1 DAGs
[2024-02-14T23:20:07.255+0000] {logging_mixin.py:188} INFO - [2024-02-14T23:20:07.255+0000] {dag.py:3823} INFO - Setting next_dagrun for example_branch_dop_operator_v3 to 2024-02-14 23:19:00+00:00, run_after=2024-02-14 23:20:00+00:00
[2024-02-14T23:20:07.278+0000] {processor.py:183} INFO - Processing /home/ubuntu/reddit_venv/lib/python3.10/site-packages/airflow/example_dags/example_branch_python_dop_operator_3.py took 0.078 seconds
[2024-02-14T23:21:05.435+0000] {processor.py:161} INFO - Started process (PID=5741) to work on /home/ubuntu/reddit_venv/lib/python3.10/site-packages/airflow/example_dags/example_branch_python_dop_operator_3.py
[2024-02-14T23:21:05.437+0000] {processor.py:830} INFO - Processing file /home/ubuntu/reddit_venv/lib/python3.10/site-packages/airflow/example_dags/example_branch_python_dop_operator_3.py for tasks to queue
[2024-02-14T23:21:05.438+0000] {logging_mixin.py:188} INFO - [2024-02-14T23:21:05.437+0000] {dagbag.py:538} INFO - Filling up the DagBag from /home/ubuntu/reddit_venv/lib/python3.10/site-packages/airflow/example_dags/example_branch_python_dop_operator_3.py
[2024-02-14T23:21:05.447+0000] {processor.py:840} INFO - DAG(s) 'example_branch_dop_operator_v3' retrieved from /home/ubuntu/reddit_venv/lib/python3.10/site-packages/airflow/example_dags/example_branch_python_dop_operator_3.py
[2024-02-14T23:21:05.463+0000] {logging_mixin.py:188} INFO - [2024-02-14T23:21:05.463+0000] {dag.py:3036} INFO - Sync 1 DAGs
[2024-02-14T23:21:05.488+0000] {logging_mixin.py:188} INFO - [2024-02-14T23:21:05.487+0000] {dag.py:3823} INFO - Setting next_dagrun for example_branch_dop_operator_v3 to 2024-02-14 23:20:00+00:00, run_after=2024-02-14 23:21:00+00:00
[2024-02-14T23:21:05.509+0000] {processor.py:183} INFO - Processing /home/ubuntu/reddit_venv/lib/python3.10/site-packages/airflow/example_dags/example_branch_python_dop_operator_3.py took 0.078 seconds
[2024-02-14T23:22:06.780+0000] {processor.py:161} INFO - Started process (PID=5994) to work on /home/ubuntu/reddit_venv/lib/python3.10/site-packages/airflow/example_dags/example_branch_python_dop_operator_3.py
[2024-02-14T23:22:06.782+0000] {processor.py:830} INFO - Processing file /home/ubuntu/reddit_venv/lib/python3.10/site-packages/airflow/example_dags/example_branch_python_dop_operator_3.py for tasks to queue
[2024-02-14T23:22:06.783+0000] {logging_mixin.py:188} INFO - [2024-02-14T23:22:06.782+0000] {dagbag.py:538} INFO - Filling up the DagBag from /home/ubuntu/reddit_venv/lib/python3.10/site-packages/airflow/example_dags/example_branch_python_dop_operator_3.py
[2024-02-14T23:22:06.792+0000] {processor.py:840} INFO - DAG(s) 'example_branch_dop_operator_v3' retrieved from /home/ubuntu/reddit_venv/lib/python3.10/site-packages/airflow/example_dags/example_branch_python_dop_operator_3.py
[2024-02-14T23:22:06.808+0000] {logging_mixin.py:188} INFO - [2024-02-14T23:22:06.808+0000] {dag.py:3036} INFO - Sync 1 DAGs
[2024-02-14T23:22:06.832+0000] {logging_mixin.py:188} INFO - [2024-02-14T23:22:06.832+0000] {dag.py:3823} INFO - Setting next_dagrun for example_branch_dop_operator_v3 to 2024-02-14 23:21:00+00:00, run_after=2024-02-14 23:22:00+00:00
[2024-02-14T23:22:06.854+0000] {processor.py:183} INFO - Processing /home/ubuntu/reddit_venv/lib/python3.10/site-packages/airflow/example_dags/example_branch_python_dop_operator_3.py took 0.077 seconds
[2024-02-14T23:23:10.333+0000] {processor.py:161} INFO - Started process (PID=6128) to work on /home/ubuntu/reddit_venv/lib/python3.10/site-packages/airflow/example_dags/example_branch_python_dop_operator_3.py
[2024-02-14T23:23:10.335+0000] {processor.py:830} INFO - Processing file /home/ubuntu/reddit_venv/lib/python3.10/site-packages/airflow/example_dags/example_branch_python_dop_operator_3.py for tasks to queue
[2024-02-14T23:23:10.336+0000] {logging_mixin.py:188} INFO - [2024-02-14T23:23:10.335+0000] {dagbag.py:538} INFO - Filling up the DagBag from /home/ubuntu/reddit_venv/lib/python3.10/site-packages/airflow/example_dags/example_branch_python_dop_operator_3.py
[2024-02-14T23:23:10.346+0000] {processor.py:840} INFO - DAG(s) 'example_branch_dop_operator_v3' retrieved from /home/ubuntu/reddit_venv/lib/python3.10/site-packages/airflow/example_dags/example_branch_python_dop_operator_3.py
[2024-02-14T23:23:10.362+0000] {logging_mixin.py:188} INFO - [2024-02-14T23:23:10.362+0000] {dag.py:3036} INFO - Sync 1 DAGs
[2024-02-14T23:23:10.387+0000] {logging_mixin.py:188} INFO - [2024-02-14T23:23:10.387+0000] {dag.py:3823} INFO - Setting next_dagrun for example_branch_dop_operator_v3 to 2024-02-14 23:22:00+00:00, run_after=2024-02-14 23:23:00+00:00
[2024-02-14T23:23:10.409+0000] {processor.py:183} INFO - Processing /home/ubuntu/reddit_venv/lib/python3.10/site-packages/airflow/example_dags/example_branch_python_dop_operator_3.py took 0.080 seconds
[2024-02-14T23:24:02.582+0000] {processor.py:161} INFO - Started process (PID=6253) to work on /home/ubuntu/reddit_venv/lib/python3.10/site-packages/airflow/example_dags/example_branch_python_dop_operator_3.py
[2024-02-14T23:24:02.583+0000] {processor.py:830} INFO - Processing file /home/ubuntu/reddit_venv/lib/python3.10/site-packages/airflow/example_dags/example_branch_python_dop_operator_3.py for tasks to queue
[2024-02-14T23:24:02.584+0000] {logging_mixin.py:188} INFO - [2024-02-14T23:24:02.584+0000] {dagbag.py:538} INFO - Filling up the DagBag from /home/ubuntu/reddit_venv/lib/python3.10/site-packages/airflow/example_dags/example_branch_python_dop_operator_3.py
[2024-02-14T23:24:02.594+0000] {processor.py:840} INFO - DAG(s) 'example_branch_dop_operator_v3' retrieved from /home/ubuntu/reddit_venv/lib/python3.10/site-packages/airflow/example_dags/example_branch_python_dop_operator_3.py
[2024-02-14T23:24:02.610+0000] {logging_mixin.py:188} INFO - [2024-02-14T23:24:02.609+0000] {dag.py:3036} INFO - Sync 1 DAGs
[2024-02-14T23:24:02.635+0000] {logging_mixin.py:188} INFO - [2024-02-14T23:24:02.634+0000] {dag.py:3823} INFO - Setting next_dagrun for example_branch_dop_operator_v3 to 2024-02-14 23:23:00+00:00, run_after=2024-02-14 23:24:00+00:00
[2024-02-14T23:24:02.659+0000] {processor.py:183} INFO - Processing /home/ubuntu/reddit_venv/lib/python3.10/site-packages/airflow/example_dags/example_branch_python_dop_operator_3.py took 0.080 seconds
[2024-02-14T23:25:00.832+0000] {processor.py:161} INFO - Started process (PID=6438) to work on /home/ubuntu/reddit_venv/lib/python3.10/site-packages/airflow/example_dags/example_branch_python_dop_operator_3.py
[2024-02-14T23:25:00.834+0000] {processor.py:830} INFO - Processing file /home/ubuntu/reddit_venv/lib/python3.10/site-packages/airflow/example_dags/example_branch_python_dop_operator_3.py for tasks to queue
[2024-02-14T23:25:00.835+0000] {logging_mixin.py:188} INFO - [2024-02-14T23:25:00.834+0000] {dagbag.py:538} INFO - Filling up the DagBag from /home/ubuntu/reddit_venv/lib/python3.10/site-packages/airflow/example_dags/example_branch_python_dop_operator_3.py
[2024-02-14T23:25:00.844+0000] {processor.py:840} INFO - DAG(s) 'example_branch_dop_operator_v3' retrieved from /home/ubuntu/reddit_venv/lib/python3.10/site-packages/airflow/example_dags/example_branch_python_dop_operator_3.py
[2024-02-14T23:25:00.860+0000] {logging_mixin.py:188} INFO - [2024-02-14T23:25:00.860+0000] {dag.py:3036} INFO - Sync 1 DAGs
[2024-02-14T23:25:00.885+0000] {logging_mixin.py:188} INFO - [2024-02-14T23:25:00.884+0000] {dag.py:3823} INFO - Setting next_dagrun for example_branch_dop_operator_v3 to 2024-02-14 23:24:00+00:00, run_after=2024-02-14 23:25:00+00:00
[2024-02-14T23:25:00.908+0000] {processor.py:183} INFO - Processing /home/ubuntu/reddit_venv/lib/python3.10/site-packages/airflow/example_dags/example_branch_python_dop_operator_3.py took 0.078 seconds
[2024-02-14T23:25:55.292+0000] {processor.py:161} INFO - Started process (PID=6563) to work on /home/ubuntu/reddit_venv/lib/python3.10/site-packages/airflow/example_dags/example_branch_python_dop_operator_3.py
[2024-02-14T23:25:55.294+0000] {processor.py:830} INFO - Processing file /home/ubuntu/reddit_venv/lib/python3.10/site-packages/airflow/example_dags/example_branch_python_dop_operator_3.py for tasks to queue
[2024-02-14T23:25:55.295+0000] {logging_mixin.py:188} INFO - [2024-02-14T23:25:55.294+0000] {dagbag.py:538} INFO - Filling up the DagBag from /home/ubuntu/reddit_venv/lib/python3.10/site-packages/airflow/example_dags/example_branch_python_dop_operator_3.py
[2024-02-14T23:25:55.304+0000] {processor.py:840} INFO - DAG(s) 'example_branch_dop_operator_v3' retrieved from /home/ubuntu/reddit_venv/lib/python3.10/site-packages/airflow/example_dags/example_branch_python_dop_operator_3.py
[2024-02-14T23:25:55.320+0000] {logging_mixin.py:188} INFO - [2024-02-14T23:25:55.319+0000] {dag.py:3036} INFO - Sync 1 DAGs
[2024-02-14T23:25:55.344+0000] {logging_mixin.py:188} INFO - [2024-02-14T23:25:55.344+0000] {dag.py:3823} INFO - Setting next_dagrun for example_branch_dop_operator_v3 to 2024-02-14 23:24:00+00:00, run_after=2024-02-14 23:25:00+00:00
[2024-02-14T23:25:55.367+0000] {processor.py:183} INFO - Processing /home/ubuntu/reddit_venv/lib/python3.10/site-packages/airflow/example_dags/example_branch_python_dop_operator_3.py took 0.078 seconds
[2024-02-14T23:27:04.178+0000] {processor.py:161} INFO - Started process (PID=6821) to work on /home/ubuntu/reddit_venv/lib/python3.10/site-packages/airflow/example_dags/example_branch_python_dop_operator_3.py
[2024-02-14T23:27:04.181+0000] {processor.py:830} INFO - Processing file /home/ubuntu/reddit_venv/lib/python3.10/site-packages/airflow/example_dags/example_branch_python_dop_operator_3.py for tasks to queue
[2024-02-14T23:27:04.182+0000] {logging_mixin.py:188} INFO - [2024-02-14T23:27:04.182+0000] {dagbag.py:538} INFO - Filling up the DagBag from /home/ubuntu/reddit_venv/lib/python3.10/site-packages/airflow/example_dags/example_branch_python_dop_operator_3.py
[2024-02-14T23:27:04.192+0000] {processor.py:840} INFO - DAG(s) 'example_branch_dop_operator_v3' retrieved from /home/ubuntu/reddit_venv/lib/python3.10/site-packages/airflow/example_dags/example_branch_python_dop_operator_3.py
[2024-02-14T23:27:04.208+0000] {logging_mixin.py:188} INFO - [2024-02-14T23:27:04.207+0000] {dag.py:3036} INFO - Sync 1 DAGs
[2024-02-14T23:27:04.233+0000] {logging_mixin.py:188} INFO - [2024-02-14T23:27:04.233+0000] {dag.py:3823} INFO - Setting next_dagrun for example_branch_dop_operator_v3 to 2024-02-14 23:26:00+00:00, run_after=2024-02-14 23:27:00+00:00
[2024-02-14T23:27:04.257+0000] {processor.py:183} INFO - Processing /home/ubuntu/reddit_venv/lib/python3.10/site-packages/airflow/example_dags/example_branch_python_dop_operator_3.py took 0.081 seconds
[2024-02-14T23:28:05.701+0000] {processor.py:161} INFO - Started process (PID=6951) to work on /home/ubuntu/reddit_venv/lib/python3.10/site-packages/airflow/example_dags/example_branch_python_dop_operator_3.py
[2024-02-14T23:28:05.703+0000] {processor.py:830} INFO - Processing file /home/ubuntu/reddit_venv/lib/python3.10/site-packages/airflow/example_dags/example_branch_python_dop_operator_3.py for tasks to queue
[2024-02-14T23:28:05.704+0000] {logging_mixin.py:188} INFO - [2024-02-14T23:28:05.704+0000] {dagbag.py:538} INFO - Filling up the DagBag from /home/ubuntu/reddit_venv/lib/python3.10/site-packages/airflow/example_dags/example_branch_python_dop_operator_3.py
[2024-02-14T23:28:05.714+0000] {processor.py:840} INFO - DAG(s) 'example_branch_dop_operator_v3' retrieved from /home/ubuntu/reddit_venv/lib/python3.10/site-packages/airflow/example_dags/example_branch_python_dop_operator_3.py
[2024-02-14T23:28:05.730+0000] {logging_mixin.py:188} INFO - [2024-02-14T23:28:05.730+0000] {dag.py:3036} INFO - Sync 1 DAGs
[2024-02-14T23:28:05.756+0000] {logging_mixin.py:188} INFO - [2024-02-14T23:28:05.755+0000] {dag.py:3823} INFO - Setting next_dagrun for example_branch_dop_operator_v3 to 2024-02-14 23:27:00+00:00, run_after=2024-02-14 23:28:00+00:00
[2024-02-14T23:28:05.779+0000] {processor.py:183} INFO - Processing /home/ubuntu/reddit_venv/lib/python3.10/site-packages/airflow/example_dags/example_branch_python_dop_operator_3.py took 0.081 seconds
[2024-02-14T23:29:05.097+0000] {processor.py:161} INFO - Started process (PID=7080) to work on /home/ubuntu/reddit_venv/lib/python3.10/site-packages/airflow/example_dags/example_branch_python_dop_operator_3.py
[2024-02-14T23:29:05.099+0000] {processor.py:830} INFO - Processing file /home/ubuntu/reddit_venv/lib/python3.10/site-packages/airflow/example_dags/example_branch_python_dop_operator_3.py for tasks to queue
[2024-02-14T23:29:05.100+0000] {logging_mixin.py:188} INFO - [2024-02-14T23:29:05.099+0000] {dagbag.py:538} INFO - Filling up the DagBag from /home/ubuntu/reddit_venv/lib/python3.10/site-packages/airflow/example_dags/example_branch_python_dop_operator_3.py
[2024-02-14T23:29:05.110+0000] {processor.py:840} INFO - DAG(s) 'example_branch_dop_operator_v3' retrieved from /home/ubuntu/reddit_venv/lib/python3.10/site-packages/airflow/example_dags/example_branch_python_dop_operator_3.py
[2024-02-14T23:29:05.125+0000] {logging_mixin.py:188} INFO - [2024-02-14T23:29:05.125+0000] {dag.py:3036} INFO - Sync 1 DAGs
[2024-02-14T23:29:05.149+0000] {logging_mixin.py:188} INFO - [2024-02-14T23:29:05.149+0000] {dag.py:3823} INFO - Setting next_dagrun for example_branch_dop_operator_v3 to 2024-02-14 23:28:00+00:00, run_after=2024-02-14 23:29:00+00:00
[2024-02-14T23:29:05.171+0000] {processor.py:183} INFO - Processing /home/ubuntu/reddit_venv/lib/python3.10/site-packages/airflow/example_dags/example_branch_python_dop_operator_3.py took 0.077 seconds
[2024-02-14T23:29:59.485+0000] {processor.py:161} INFO - Started process (PID=7264) to work on /home/ubuntu/reddit_venv/lib/python3.10/site-packages/airflow/example_dags/example_branch_python_dop_operator_3.py
[2024-02-14T23:29:59.487+0000] {processor.py:830} INFO - Processing file /home/ubuntu/reddit_venv/lib/python3.10/site-packages/airflow/example_dags/example_branch_python_dop_operator_3.py for tasks to queue
[2024-02-14T23:29:59.487+0000] {logging_mixin.py:188} INFO - [2024-02-14T23:29:59.487+0000] {dagbag.py:538} INFO - Filling up the DagBag from /home/ubuntu/reddit_venv/lib/python3.10/site-packages/airflow/example_dags/example_branch_python_dop_operator_3.py
[2024-02-14T23:29:59.497+0000] {processor.py:840} INFO - DAG(s) 'example_branch_dop_operator_v3' retrieved from /home/ubuntu/reddit_venv/lib/python3.10/site-packages/airflow/example_dags/example_branch_python_dop_operator_3.py
[2024-02-14T23:29:59.514+0000] {logging_mixin.py:188} INFO - [2024-02-14T23:29:59.513+0000] {dag.py:3036} INFO - Sync 1 DAGs
[2024-02-14T23:29:59.539+0000] {logging_mixin.py:188} INFO - [2024-02-14T23:29:59.539+0000] {dag.py:3823} INFO - Setting next_dagrun for example_branch_dop_operator_v3 to 2024-02-14 23:28:00+00:00, run_after=2024-02-14 23:29:00+00:00
[2024-02-14T23:29:59.562+0000] {processor.py:183} INFO - Processing /home/ubuntu/reddit_venv/lib/python3.10/site-packages/airflow/example_dags/example_branch_python_dop_operator_3.py took 0.080 seconds
[2024-02-14T23:30:56.453+0000] {processor.py:161} INFO - Started process (PID=7387) to work on /home/ubuntu/reddit_venv/lib/python3.10/site-packages/airflow/example_dags/example_branch_python_dop_operator_3.py
[2024-02-14T23:30:56.455+0000] {processor.py:830} INFO - Processing file /home/ubuntu/reddit_venv/lib/python3.10/site-packages/airflow/example_dags/example_branch_python_dop_operator_3.py for tasks to queue
[2024-02-14T23:30:56.456+0000] {logging_mixin.py:188} INFO - [2024-02-14T23:30:56.455+0000] {dagbag.py:538} INFO - Filling up the DagBag from /home/ubuntu/reddit_venv/lib/python3.10/site-packages/airflow/example_dags/example_branch_python_dop_operator_3.py
[2024-02-14T23:30:56.465+0000] {processor.py:840} INFO - DAG(s) 'example_branch_dop_operator_v3' retrieved from /home/ubuntu/reddit_venv/lib/python3.10/site-packages/airflow/example_dags/example_branch_python_dop_operator_3.py
[2024-02-14T23:30:56.481+0000] {logging_mixin.py:188} INFO - [2024-02-14T23:30:56.481+0000] {dag.py:3036} INFO - Sync 1 DAGs
[2024-02-14T23:30:56.505+0000] {logging_mixin.py:188} INFO - [2024-02-14T23:30:56.504+0000] {dag.py:3823} INFO - Setting next_dagrun for example_branch_dop_operator_v3 to 2024-02-14 23:29:00+00:00, run_after=2024-02-14 23:30:00+00:00
[2024-02-14T23:30:56.526+0000] {processor.py:183} INFO - Processing /home/ubuntu/reddit_venv/lib/python3.10/site-packages/airflow/example_dags/example_branch_python_dop_operator_3.py took 0.076 seconds
[2024-02-14T23:31:53.428+0000] {processor.py:161} INFO - Started process (PID=7512) to work on /home/ubuntu/reddit_venv/lib/python3.10/site-packages/airflow/example_dags/example_branch_python_dop_operator_3.py
[2024-02-14T23:31:53.430+0000] {processor.py:830} INFO - Processing file /home/ubuntu/reddit_venv/lib/python3.10/site-packages/airflow/example_dags/example_branch_python_dop_operator_3.py for tasks to queue
[2024-02-14T23:31:53.431+0000] {logging_mixin.py:188} INFO - [2024-02-14T23:31:53.430+0000] {dagbag.py:538} INFO - Filling up the DagBag from /home/ubuntu/reddit_venv/lib/python3.10/site-packages/airflow/example_dags/example_branch_python_dop_operator_3.py
[2024-02-14T23:31:53.441+0000] {processor.py:840} INFO - DAG(s) 'example_branch_dop_operator_v3' retrieved from /home/ubuntu/reddit_venv/lib/python3.10/site-packages/airflow/example_dags/example_branch_python_dop_operator_3.py
[2024-02-14T23:31:53.457+0000] {logging_mixin.py:188} INFO - [2024-02-14T23:31:53.457+0000] {dag.py:3036} INFO - Sync 1 DAGs
[2024-02-14T23:31:53.480+0000] {logging_mixin.py:188} INFO - [2024-02-14T23:31:53.480+0000] {dag.py:3823} INFO - Setting next_dagrun for example_branch_dop_operator_v3 to 2024-02-14 23:30:00+00:00, run_after=2024-02-14 23:31:00+00:00
[2024-02-14T23:31:53.503+0000] {processor.py:183} INFO - Processing /home/ubuntu/reddit_venv/lib/python3.10/site-packages/airflow/example_dags/example_branch_python_dop_operator_3.py took 0.078 seconds
[2024-02-14T23:32:53.311+0000] {processor.py:161} INFO - Started process (PID=7700) to work on /home/ubuntu/reddit_venv/lib/python3.10/site-packages/airflow/example_dags/example_branch_python_dop_operator_3.py
[2024-02-14T23:32:53.312+0000] {processor.py:830} INFO - Processing file /home/ubuntu/reddit_venv/lib/python3.10/site-packages/airflow/example_dags/example_branch_python_dop_operator_3.py for tasks to queue
[2024-02-14T23:32:53.313+0000] {logging_mixin.py:188} INFO - [2024-02-14T23:32:53.313+0000] {dagbag.py:538} INFO - Filling up the DagBag from /home/ubuntu/reddit_venv/lib/python3.10/site-packages/airflow/example_dags/example_branch_python_dop_operator_3.py
[2024-02-14T23:32:53.323+0000] {processor.py:840} INFO - DAG(s) 'example_branch_dop_operator_v3' retrieved from /home/ubuntu/reddit_venv/lib/python3.10/site-packages/airflow/example_dags/example_branch_python_dop_operator_3.py
[2024-02-14T23:32:53.339+0000] {logging_mixin.py:188} INFO - [2024-02-14T23:32:53.339+0000] {dag.py:3036} INFO - Sync 1 DAGs
[2024-02-14T23:32:53.364+0000] {logging_mixin.py:188} INFO - [2024-02-14T23:32:53.364+0000] {dag.py:3823} INFO - Setting next_dagrun for example_branch_dop_operator_v3 to 2024-02-14 23:31:00+00:00, run_after=2024-02-14 23:32:00+00:00
[2024-02-14T23:32:53.391+0000] {processor.py:183} INFO - Processing /home/ubuntu/reddit_venv/lib/python3.10/site-packages/airflow/example_dags/example_branch_python_dop_operator_3.py took 0.083 seconds
[2024-02-14T23:33:47.963+0000] {processor.py:161} INFO - Started process (PID=7827) to work on /home/ubuntu/reddit_venv/lib/python3.10/site-packages/airflow/example_dags/example_branch_python_dop_operator_3.py
[2024-02-14T23:33:47.964+0000] {processor.py:830} INFO - Processing file /home/ubuntu/reddit_venv/lib/python3.10/site-packages/airflow/example_dags/example_branch_python_dop_operator_3.py for tasks to queue
[2024-02-14T23:33:47.965+0000] {logging_mixin.py:188} INFO - [2024-02-14T23:33:47.965+0000] {dagbag.py:538} INFO - Filling up the DagBag from /home/ubuntu/reddit_venv/lib/python3.10/site-packages/airflow/example_dags/example_branch_python_dop_operator_3.py
[2024-02-14T23:33:47.975+0000] {processor.py:840} INFO - DAG(s) 'example_branch_dop_operator_v3' retrieved from /home/ubuntu/reddit_venv/lib/python3.10/site-packages/airflow/example_dags/example_branch_python_dop_operator_3.py
[2024-02-14T23:33:47.991+0000] {logging_mixin.py:188} INFO - [2024-02-14T23:33:47.991+0000] {dag.py:3036} INFO - Sync 1 DAGs
[2024-02-14T23:33:48.017+0000] {logging_mixin.py:188} INFO - [2024-02-14T23:33:48.016+0000] {dag.py:3823} INFO - Setting next_dagrun for example_branch_dop_operator_v3 to 2024-02-14 23:32:00+00:00, run_after=2024-02-14 23:33:00+00:00
[2024-02-14T23:33:48.038+0000] {processor.py:183} INFO - Processing /home/ubuntu/reddit_venv/lib/python3.10/site-packages/airflow/example_dags/example_branch_python_dop_operator_3.py took 0.079 seconds
[2024-02-14T23:34:43.615+0000] {processor.py:161} INFO - Started process (PID=7952) to work on /home/ubuntu/reddit_venv/lib/python3.10/site-packages/airflow/example_dags/example_branch_python_dop_operator_3.py
[2024-02-14T23:34:43.617+0000] {processor.py:830} INFO - Processing file /home/ubuntu/reddit_venv/lib/python3.10/site-packages/airflow/example_dags/example_branch_python_dop_operator_3.py for tasks to queue
[2024-02-14T23:34:43.618+0000] {logging_mixin.py:188} INFO - [2024-02-14T23:34:43.617+0000] {dagbag.py:538} INFO - Filling up the DagBag from /home/ubuntu/reddit_venv/lib/python3.10/site-packages/airflow/example_dags/example_branch_python_dop_operator_3.py
[2024-02-14T23:34:43.627+0000] {processor.py:840} INFO - DAG(s) 'example_branch_dop_operator_v3' retrieved from /home/ubuntu/reddit_venv/lib/python3.10/site-packages/airflow/example_dags/example_branch_python_dop_operator_3.py
[2024-02-14T23:34:43.644+0000] {logging_mixin.py:188} INFO - [2024-02-14T23:34:43.644+0000] {dag.py:3036} INFO - Sync 1 DAGs
[2024-02-14T23:34:43.668+0000] {logging_mixin.py:188} INFO - [2024-02-14T23:34:43.668+0000] {dag.py:3823} INFO - Setting next_dagrun for example_branch_dop_operator_v3 to 2024-02-14 23:33:00+00:00, run_after=2024-02-14 23:34:00+00:00
[2024-02-14T23:34:43.690+0000] {processor.py:183} INFO - Processing /home/ubuntu/reddit_venv/lib/python3.10/site-packages/airflow/example_dags/example_branch_python_dop_operator_3.py took 0.078 seconds
[2024-02-14T23:35:41.309+0000] {processor.py:161} INFO - Started process (PID=8079) to work on /home/ubuntu/reddit_venv/lib/python3.10/site-packages/airflow/example_dags/example_branch_python_dop_operator_3.py
[2024-02-14T23:35:41.311+0000] {processor.py:830} INFO - Processing file /home/ubuntu/reddit_venv/lib/python3.10/site-packages/airflow/example_dags/example_branch_python_dop_operator_3.py for tasks to queue
[2024-02-14T23:35:41.312+0000] {logging_mixin.py:188} INFO - [2024-02-14T23:35:41.312+0000] {dagbag.py:538} INFO - Filling up the DagBag from /home/ubuntu/reddit_venv/lib/python3.10/site-packages/airflow/example_dags/example_branch_python_dop_operator_3.py
[2024-02-14T23:35:41.322+0000] {processor.py:840} INFO - DAG(s) 'example_branch_dop_operator_v3' retrieved from /home/ubuntu/reddit_venv/lib/python3.10/site-packages/airflow/example_dags/example_branch_python_dop_operator_3.py
[2024-02-14T23:35:41.338+0000] {logging_mixin.py:188} INFO - [2024-02-14T23:35:41.338+0000] {dag.py:3036} INFO - Sync 1 DAGs
[2024-02-14T23:35:41.362+0000] {logging_mixin.py:188} INFO - [2024-02-14T23:35:41.362+0000] {dag.py:3823} INFO - Setting next_dagrun for example_branch_dop_operator_v3 to 2024-02-14 23:34:00+00:00, run_after=2024-02-14 23:35:00+00:00
[2024-02-14T23:35:41.388+0000] {processor.py:183} INFO - Processing /home/ubuntu/reddit_venv/lib/python3.10/site-packages/airflow/example_dags/example_branch_python_dop_operator_3.py took 0.082 seconds
[2024-02-14T23:36:38.145+0000] {processor.py:161} INFO - Started process (PID=8202) to work on /home/ubuntu/reddit_venv/lib/python3.10/site-packages/airflow/example_dags/example_branch_python_dop_operator_3.py
[2024-02-14T23:36:38.147+0000] {processor.py:830} INFO - Processing file /home/ubuntu/reddit_venv/lib/python3.10/site-packages/airflow/example_dags/example_branch_python_dop_operator_3.py for tasks to queue
[2024-02-14T23:36:38.148+0000] {logging_mixin.py:188} INFO - [2024-02-14T23:36:38.147+0000] {dagbag.py:538} INFO - Filling up the DagBag from /home/ubuntu/reddit_venv/lib/python3.10/site-packages/airflow/example_dags/example_branch_python_dop_operator_3.py
[2024-02-14T23:36:38.157+0000] {processor.py:840} INFO - DAG(s) 'example_branch_dop_operator_v3' retrieved from /home/ubuntu/reddit_venv/lib/python3.10/site-packages/airflow/example_dags/example_branch_python_dop_operator_3.py
[2024-02-14T23:36:38.174+0000] {logging_mixin.py:188} INFO - [2024-02-14T23:36:38.173+0000] {dag.py:3036} INFO - Sync 1 DAGs
[2024-02-14T23:36:38.198+0000] {logging_mixin.py:188} INFO - [2024-02-14T23:36:38.198+0000] {dag.py:3823} INFO - Setting next_dagrun for example_branch_dop_operator_v3 to 2024-02-14 23:35:00+00:00, run_after=2024-02-14 23:36:00+00:00
[2024-02-14T23:36:38.220+0000] {processor.py:183} INFO - Processing /home/ubuntu/reddit_venv/lib/python3.10/site-packages/airflow/example_dags/example_branch_python_dop_operator_3.py took 0.078 seconds
[2024-02-14T23:37:37.798+0000] {processor.py:161} INFO - Started process (PID=8335) to work on /home/ubuntu/reddit_venv/lib/python3.10/site-packages/airflow/example_dags/example_branch_python_dop_operator_3.py
[2024-02-14T23:37:37.799+0000] {processor.py:830} INFO - Processing file /home/ubuntu/reddit_venv/lib/python3.10/site-packages/airflow/example_dags/example_branch_python_dop_operator_3.py for tasks to queue
[2024-02-14T23:37:37.800+0000] {logging_mixin.py:188} INFO - [2024-02-14T23:37:37.800+0000] {dagbag.py:538} INFO - Filling up the DagBag from /home/ubuntu/reddit_venv/lib/python3.10/site-packages/airflow/example_dags/example_branch_python_dop_operator_3.py
[2024-02-14T23:37:37.810+0000] {processor.py:840} INFO - DAG(s) 'example_branch_dop_operator_v3' retrieved from /home/ubuntu/reddit_venv/lib/python3.10/site-packages/airflow/example_dags/example_branch_python_dop_operator_3.py
[2024-02-14T23:37:37.826+0000] {logging_mixin.py:188} INFO - [2024-02-14T23:37:37.825+0000] {dag.py:3036} INFO - Sync 1 DAGs
[2024-02-14T23:37:37.851+0000] {logging_mixin.py:188} INFO - [2024-02-14T23:37:37.851+0000] {dag.py:3823} INFO - Setting next_dagrun for example_branch_dop_operator_v3 to 2024-02-14 23:36:00+00:00, run_after=2024-02-14 23:37:00+00:00
[2024-02-14T23:37:37.873+0000] {processor.py:183} INFO - Processing /home/ubuntu/reddit_venv/lib/python3.10/site-packages/airflow/example_dags/example_branch_python_dop_operator_3.py took 0.079 seconds
[2024-02-14T23:38:35.374+0000] {processor.py:161} INFO - Started process (PID=8761) to work on /home/ubuntu/reddit_venv/lib/python3.10/site-packages/airflow/example_dags/example_branch_python_dop_operator_3.py
[2024-02-14T23:38:35.376+0000] {processor.py:830} INFO - Processing file /home/ubuntu/reddit_venv/lib/python3.10/site-packages/airflow/example_dags/example_branch_python_dop_operator_3.py for tasks to queue
[2024-02-14T23:38:35.377+0000] {logging_mixin.py:188} INFO - [2024-02-14T23:38:35.376+0000] {dagbag.py:538} INFO - Filling up the DagBag from /home/ubuntu/reddit_venv/lib/python3.10/site-packages/airflow/example_dags/example_branch_python_dop_operator_3.py
[2024-02-14T23:38:35.386+0000] {processor.py:840} INFO - DAG(s) 'example_branch_dop_operator_v3' retrieved from /home/ubuntu/reddit_venv/lib/python3.10/site-packages/airflow/example_dags/example_branch_python_dop_operator_3.py
[2024-02-14T23:38:35.402+0000] {logging_mixin.py:188} INFO - [2024-02-14T23:38:35.402+0000] {dag.py:3036} INFO - Sync 1 DAGs
[2024-02-14T23:38:35.425+0000] {logging_mixin.py:188} INFO - [2024-02-14T23:38:35.425+0000] {dag.py:3823} INFO - Setting next_dagrun for example_branch_dop_operator_v3 to 2024-02-14 23:37:00+00:00, run_after=2024-02-14 23:38:00+00:00
[2024-02-14T23:38:35.447+0000] {processor.py:183} INFO - Processing /home/ubuntu/reddit_venv/lib/python3.10/site-packages/airflow/example_dags/example_branch_python_dop_operator_3.py took 0.075 seconds
[2024-02-14T23:39:31.406+0000] {processor.py:161} INFO - Started process (PID=9255) to work on /home/ubuntu/reddit_venv/lib/python3.10/site-packages/airflow/example_dags/example_branch_python_dop_operator_3.py
[2024-02-14T23:39:31.407+0000] {processor.py:830} INFO - Processing file /home/ubuntu/reddit_venv/lib/python3.10/site-packages/airflow/example_dags/example_branch_python_dop_operator_3.py for tasks to queue
[2024-02-14T23:39:31.408+0000] {logging_mixin.py:188} INFO - [2024-02-14T23:39:31.408+0000] {dagbag.py:538} INFO - Filling up the DagBag from /home/ubuntu/reddit_venv/lib/python3.10/site-packages/airflow/example_dags/example_branch_python_dop_operator_3.py
[2024-02-14T23:39:31.418+0000] {processor.py:840} INFO - DAG(s) 'example_branch_dop_operator_v3' retrieved from /home/ubuntu/reddit_venv/lib/python3.10/site-packages/airflow/example_dags/example_branch_python_dop_operator_3.py
[2024-02-14T23:39:31.434+0000] {logging_mixin.py:188} INFO - [2024-02-14T23:39:31.434+0000] {dag.py:3036} INFO - Sync 1 DAGs
[2024-02-14T23:39:31.458+0000] {logging_mixin.py:188} INFO - [2024-02-14T23:39:31.458+0000] {dag.py:3823} INFO - Setting next_dagrun for example_branch_dop_operator_v3 to 2024-02-14 23:38:00+00:00, run_after=2024-02-14 23:39:00+00:00
[2024-02-14T23:39:31.481+0000] {processor.py:183} INFO - Processing /home/ubuntu/reddit_venv/lib/python3.10/site-packages/airflow/example_dags/example_branch_python_dop_operator_3.py took 0.079 seconds
[2024-02-14T23:40:28.367+0000] {processor.py:161} INFO - Started process (PID=9382) to work on /home/ubuntu/reddit_venv/lib/python3.10/site-packages/airflow/example_dags/example_branch_python_dop_operator_3.py
[2024-02-14T23:40:28.368+0000] {processor.py:830} INFO - Processing file /home/ubuntu/reddit_venv/lib/python3.10/site-packages/airflow/example_dags/example_branch_python_dop_operator_3.py for tasks to queue
[2024-02-14T23:40:28.370+0000] {logging_mixin.py:188} INFO - [2024-02-14T23:40:28.369+0000] {dagbag.py:538} INFO - Filling up the DagBag from /home/ubuntu/reddit_venv/lib/python3.10/site-packages/airflow/example_dags/example_branch_python_dop_operator_3.py
[2024-02-14T23:40:28.379+0000] {processor.py:840} INFO - DAG(s) 'example_branch_dop_operator_v3' retrieved from /home/ubuntu/reddit_venv/lib/python3.10/site-packages/airflow/example_dags/example_branch_python_dop_operator_3.py
[2024-02-14T23:40:28.395+0000] {logging_mixin.py:188} INFO - [2024-02-14T23:40:28.395+0000] {dag.py:3036} INFO - Sync 1 DAGs
[2024-02-14T23:40:28.419+0000] {logging_mixin.py:188} INFO - [2024-02-14T23:40:28.419+0000] {dag.py:3823} INFO - Setting next_dagrun for example_branch_dop_operator_v3 to 2024-02-14 23:39:00+00:00, run_after=2024-02-14 23:40:00+00:00
[2024-02-14T23:40:28.441+0000] {processor.py:183} INFO - Processing /home/ubuntu/reddit_venv/lib/python3.10/site-packages/airflow/example_dags/example_branch_python_dop_operator_3.py took 0.078 seconds
[2024-02-14T23:41:25.200+0000] {processor.py:161} INFO - Started process (PID=9445) to work on /home/ubuntu/reddit_venv/lib/python3.10/site-packages/airflow/example_dags/example_branch_python_dop_operator_3.py
[2024-02-14T23:41:25.202+0000] {processor.py:830} INFO - Processing file /home/ubuntu/reddit_venv/lib/python3.10/site-packages/airflow/example_dags/example_branch_python_dop_operator_3.py for tasks to queue
[2024-02-14T23:41:25.203+0000] {logging_mixin.py:188} INFO - [2024-02-14T23:41:25.203+0000] {dagbag.py:538} INFO - Filling up the DagBag from /home/ubuntu/reddit_venv/lib/python3.10/site-packages/airflow/example_dags/example_branch_python_dop_operator_3.py
[2024-02-14T23:41:25.213+0000] {processor.py:840} INFO - DAG(s) 'example_branch_dop_operator_v3' retrieved from /home/ubuntu/reddit_venv/lib/python3.10/site-packages/airflow/example_dags/example_branch_python_dop_operator_3.py
[2024-02-14T23:41:25.229+0000] {logging_mixin.py:188} INFO - [2024-02-14T23:41:25.229+0000] {dag.py:3036} INFO - Sync 1 DAGs
[2024-02-14T23:41:25.253+0000] {logging_mixin.py:188} INFO - [2024-02-14T23:41:25.253+0000] {dag.py:3823} INFO - Setting next_dagrun for example_branch_dop_operator_v3 to 2024-02-14 23:40:00+00:00, run_after=2024-02-14 23:41:00+00:00
[2024-02-14T23:41:25.275+0000] {processor.py:183} INFO - Processing /home/ubuntu/reddit_venv/lib/python3.10/site-packages/airflow/example_dags/example_branch_python_dop_operator_3.py took 0.078 seconds
[2024-02-14T23:42:21.193+0000] {processor.py:161} INFO - Started process (PID=9570) to work on /home/ubuntu/reddit_venv/lib/python3.10/site-packages/airflow/example_dags/example_branch_python_dop_operator_3.py
[2024-02-14T23:42:21.194+0000] {processor.py:830} INFO - Processing file /home/ubuntu/reddit_venv/lib/python3.10/site-packages/airflow/example_dags/example_branch_python_dop_operator_3.py for tasks to queue
[2024-02-14T23:42:21.195+0000] {logging_mixin.py:188} INFO - [2024-02-14T23:42:21.195+0000] {dagbag.py:538} INFO - Filling up the DagBag from /home/ubuntu/reddit_venv/lib/python3.10/site-packages/airflow/example_dags/example_branch_python_dop_operator_3.py
[2024-02-14T23:42:21.205+0000] {processor.py:840} INFO - DAG(s) 'example_branch_dop_operator_v3' retrieved from /home/ubuntu/reddit_venv/lib/python3.10/site-packages/airflow/example_dags/example_branch_python_dop_operator_3.py
[2024-02-14T23:42:21.222+0000] {logging_mixin.py:188} INFO - [2024-02-14T23:42:21.222+0000] {dag.py:3036} INFO - Sync 1 DAGs
[2024-02-14T23:42:21.246+0000] {logging_mixin.py:188} INFO - [2024-02-14T23:42:21.246+0000] {dag.py:3823} INFO - Setting next_dagrun for example_branch_dop_operator_v3 to 2024-02-14 23:41:00+00:00, run_after=2024-02-14 23:42:00+00:00
[2024-02-14T23:42:21.283+0000] {processor.py:183} INFO - Processing /home/ubuntu/reddit_venv/lib/python3.10/site-packages/airflow/example_dags/example_branch_python_dop_operator_3.py took 0.093 seconds
[2024-02-14T23:43:19.099+0000] {processor.py:161} INFO - Started process (PID=9695) to work on /home/ubuntu/reddit_venv/lib/python3.10/site-packages/airflow/example_dags/example_branch_python_dop_operator_3.py
[2024-02-14T23:43:19.101+0000] {processor.py:830} INFO - Processing file /home/ubuntu/reddit_venv/lib/python3.10/site-packages/airflow/example_dags/example_branch_python_dop_operator_3.py for tasks to queue
[2024-02-14T23:43:19.102+0000] {logging_mixin.py:188} INFO - [2024-02-14T23:43:19.102+0000] {dagbag.py:538} INFO - Filling up the DagBag from /home/ubuntu/reddit_venv/lib/python3.10/site-packages/airflow/example_dags/example_branch_python_dop_operator_3.py
[2024-02-14T23:43:19.112+0000] {processor.py:840} INFO - DAG(s) 'example_branch_dop_operator_v3' retrieved from /home/ubuntu/reddit_venv/lib/python3.10/site-packages/airflow/example_dags/example_branch_python_dop_operator_3.py
[2024-02-14T23:43:19.128+0000] {logging_mixin.py:188} INFO - [2024-02-14T23:43:19.128+0000] {dag.py:3036} INFO - Sync 1 DAGs
[2024-02-14T23:43:19.154+0000] {logging_mixin.py:188} INFO - [2024-02-14T23:43:19.153+0000] {dag.py:3823} INFO - Setting next_dagrun for example_branch_dop_operator_v3 to 2024-02-14 23:42:00+00:00, run_after=2024-02-14 23:43:00+00:00
[2024-02-14T23:43:19.178+0000] {processor.py:183} INFO - Processing /home/ubuntu/reddit_venv/lib/python3.10/site-packages/airflow/example_dags/example_branch_python_dop_operator_3.py took 0.082 seconds
[2024-02-14T23:44:21.185+0000] {processor.py:161} INFO - Started process (PID=9827) to work on /home/ubuntu/reddit_venv/lib/python3.10/site-packages/airflow/example_dags/example_branch_python_dop_operator_3.py
[2024-02-14T23:44:21.187+0000] {processor.py:830} INFO - Processing file /home/ubuntu/reddit_venv/lib/python3.10/site-packages/airflow/example_dags/example_branch_python_dop_operator_3.py for tasks to queue
[2024-02-14T23:44:21.188+0000] {logging_mixin.py:188} INFO - [2024-02-14T23:44:21.187+0000] {dagbag.py:538} INFO - Filling up the DagBag from /home/ubuntu/reddit_venv/lib/python3.10/site-packages/airflow/example_dags/example_branch_python_dop_operator_3.py
[2024-02-14T23:44:21.198+0000] {processor.py:840} INFO - DAG(s) 'example_branch_dop_operator_v3' retrieved from /home/ubuntu/reddit_venv/lib/python3.10/site-packages/airflow/example_dags/example_branch_python_dop_operator_3.py
[2024-02-14T23:44:21.214+0000] {logging_mixin.py:188} INFO - [2024-02-14T23:44:21.213+0000] {dag.py:3036} INFO - Sync 1 DAGs
[2024-02-14T23:44:21.239+0000] {logging_mixin.py:188} INFO - [2024-02-14T23:44:21.239+0000] {dag.py:3823} INFO - Setting next_dagrun for example_branch_dop_operator_v3 to 2024-02-14 23:43:00+00:00, run_after=2024-02-14 23:44:00+00:00
[2024-02-14T23:44:21.262+0000] {processor.py:183} INFO - Processing /home/ubuntu/reddit_venv/lib/python3.10/site-packages/airflow/example_dags/example_branch_python_dop_operator_3.py took 0.080 seconds
[2024-02-14T23:45:35.579+0000] {processor.py:161} INFO - Started process (PID=10342) to work on /home/ubuntu/reddit_venv/lib/python3.10/site-packages/airflow/example_dags/example_branch_python_dop_operator_3.py
[2024-02-14T23:45:35.581+0000] {processor.py:830} INFO - Processing file /home/ubuntu/reddit_venv/lib/python3.10/site-packages/airflow/example_dags/example_branch_python_dop_operator_3.py for tasks to queue
[2024-02-14T23:45:35.582+0000] {logging_mixin.py:188} INFO - [2024-02-14T23:45:35.581+0000] {dagbag.py:538} INFO - Filling up the DagBag from /home/ubuntu/reddit_venv/lib/python3.10/site-packages/airflow/example_dags/example_branch_python_dop_operator_3.py
[2024-02-14T23:45:35.592+0000] {processor.py:840} INFO - DAG(s) 'example_branch_dop_operator_v3' retrieved from /home/ubuntu/reddit_venv/lib/python3.10/site-packages/airflow/example_dags/example_branch_python_dop_operator_3.py
[2024-02-14T23:45:35.608+0000] {logging_mixin.py:188} INFO - [2024-02-14T23:45:35.608+0000] {dag.py:3036} INFO - Sync 1 DAGs
[2024-02-14T23:45:35.634+0000] {logging_mixin.py:188} INFO - [2024-02-14T23:45:35.634+0000] {dag.py:3823} INFO - Setting next_dagrun for example_branch_dop_operator_v3 to 2024-02-14 23:44:00+00:00, run_after=2024-02-14 23:45:00+00:00
[2024-02-14T23:45:35.658+0000] {processor.py:183} INFO - Processing /home/ubuntu/reddit_venv/lib/python3.10/site-packages/airflow/example_dags/example_branch_python_dop_operator_3.py took 0.082 seconds
[2024-02-14T23:46:28.168+0000] {processor.py:161} INFO - Started process (PID=10462) to work on /home/ubuntu/reddit_venv/lib/python3.10/site-packages/airflow/example_dags/example_branch_python_dop_operator_3.py
[2024-02-14T23:46:28.170+0000] {processor.py:830} INFO - Processing file /home/ubuntu/reddit_venv/lib/python3.10/site-packages/airflow/example_dags/example_branch_python_dop_operator_3.py for tasks to queue
[2024-02-14T23:46:28.171+0000] {logging_mixin.py:188} INFO - [2024-02-14T23:46:28.170+0000] {dagbag.py:538} INFO - Filling up the DagBag from /home/ubuntu/reddit_venv/lib/python3.10/site-packages/airflow/example_dags/example_branch_python_dop_operator_3.py
[2024-02-14T23:46:28.181+0000] {processor.py:840} INFO - DAG(s) 'example_branch_dop_operator_v3' retrieved from /home/ubuntu/reddit_venv/lib/python3.10/site-packages/airflow/example_dags/example_branch_python_dop_operator_3.py
[2024-02-14T23:46:28.197+0000] {logging_mixin.py:188} INFO - [2024-02-14T23:46:28.197+0000] {dag.py:3036} INFO - Sync 1 DAGs
[2024-02-14T23:46:28.222+0000] {logging_mixin.py:188} INFO - [2024-02-14T23:46:28.222+0000] {dag.py:3823} INFO - Setting next_dagrun for example_branch_dop_operator_v3 to 2024-02-14 23:45:00+00:00, run_after=2024-02-14 23:46:00+00:00
[2024-02-14T23:46:28.246+0000] {processor.py:183} INFO - Processing /home/ubuntu/reddit_venv/lib/python3.10/site-packages/airflow/example_dags/example_branch_python_dop_operator_3.py took 0.081 seconds
[2024-02-14T23:47:22.970+0000] {processor.py:161} INFO - Started process (PID=10529) to work on /home/ubuntu/reddit_venv/lib/python3.10/site-packages/airflow/example_dags/example_branch_python_dop_operator_3.py
[2024-02-14T23:47:22.972+0000] {processor.py:830} INFO - Processing file /home/ubuntu/reddit_venv/lib/python3.10/site-packages/airflow/example_dags/example_branch_python_dop_operator_3.py for tasks to queue
[2024-02-14T23:47:22.973+0000] {logging_mixin.py:188} INFO - [2024-02-14T23:47:22.972+0000] {dagbag.py:538} INFO - Filling up the DagBag from /home/ubuntu/reddit_venv/lib/python3.10/site-packages/airflow/example_dags/example_branch_python_dop_operator_3.py
[2024-02-14T23:47:22.982+0000] {processor.py:840} INFO - DAG(s) 'example_branch_dop_operator_v3' retrieved from /home/ubuntu/reddit_venv/lib/python3.10/site-packages/airflow/example_dags/example_branch_python_dop_operator_3.py
[2024-02-14T23:47:22.998+0000] {logging_mixin.py:188} INFO - [2024-02-14T23:47:22.998+0000] {dag.py:3036} INFO - Sync 1 DAGs
[2024-02-14T23:47:23.023+0000] {logging_mixin.py:188} INFO - [2024-02-14T23:47:23.023+0000] {dag.py:3823} INFO - Setting next_dagrun for example_branch_dop_operator_v3 to 2024-02-14 23:46:00+00:00, run_after=2024-02-14 23:47:00+00:00
[2024-02-14T23:47:23.047+0000] {processor.py:183} INFO - Processing /home/ubuntu/reddit_venv/lib/python3.10/site-packages/airflow/example_dags/example_branch_python_dop_operator_3.py took 0.080 seconds
[2024-02-14T23:48:23.848+0000] {processor.py:161} INFO - Started process (PID=10655) to work on /home/ubuntu/reddit_venv/lib/python3.10/site-packages/airflow/example_dags/example_branch_python_dop_operator_3.py
[2024-02-14T23:48:23.849+0000] {processor.py:830} INFO - Processing file /home/ubuntu/reddit_venv/lib/python3.10/site-packages/airflow/example_dags/example_branch_python_dop_operator_3.py for tasks to queue
[2024-02-14T23:48:23.850+0000] {logging_mixin.py:188} INFO - [2024-02-14T23:48:23.850+0000] {dagbag.py:538} INFO - Filling up the DagBag from /home/ubuntu/reddit_venv/lib/python3.10/site-packages/airflow/example_dags/example_branch_python_dop_operator_3.py
[2024-02-14T23:48:23.860+0000] {processor.py:840} INFO - DAG(s) 'example_branch_dop_operator_v3' retrieved from /home/ubuntu/reddit_venv/lib/python3.10/site-packages/airflow/example_dags/example_branch_python_dop_operator_3.py
[2024-02-14T23:48:23.876+0000] {logging_mixin.py:188} INFO - [2024-02-14T23:48:23.876+0000] {dag.py:3036} INFO - Sync 1 DAGs
[2024-02-14T23:48:23.901+0000] {logging_mixin.py:188} INFO - [2024-02-14T23:48:23.900+0000] {dag.py:3823} INFO - Setting next_dagrun for example_branch_dop_operator_v3 to 2024-02-14 23:47:00+00:00, run_after=2024-02-14 23:48:00+00:00
[2024-02-14T23:48:23.923+0000] {processor.py:183} INFO - Processing /home/ubuntu/reddit_venv/lib/python3.10/site-packages/airflow/example_dags/example_branch_python_dop_operator_3.py took 0.079 seconds
[2024-02-14T23:49:17.853+0000] {processor.py:161} INFO - Started process (PID=10780) to work on /home/ubuntu/reddit_venv/lib/python3.10/site-packages/airflow/example_dags/example_branch_python_dop_operator_3.py
[2024-02-14T23:49:17.854+0000] {processor.py:830} INFO - Processing file /home/ubuntu/reddit_venv/lib/python3.10/site-packages/airflow/example_dags/example_branch_python_dop_operator_3.py for tasks to queue
[2024-02-14T23:49:17.855+0000] {logging_mixin.py:188} INFO - [2024-02-14T23:49:17.855+0000] {dagbag.py:538} INFO - Filling up the DagBag from /home/ubuntu/reddit_venv/lib/python3.10/site-packages/airflow/example_dags/example_branch_python_dop_operator_3.py
[2024-02-14T23:49:17.865+0000] {processor.py:840} INFO - DAG(s) 'example_branch_dop_operator_v3' retrieved from /home/ubuntu/reddit_venv/lib/python3.10/site-packages/airflow/example_dags/example_branch_python_dop_operator_3.py
[2024-02-14T23:49:17.880+0000] {logging_mixin.py:188} INFO - [2024-02-14T23:49:17.880+0000] {dag.py:3036} INFO - Sync 1 DAGs
[2024-02-14T23:49:17.904+0000] {logging_mixin.py:188} INFO - [2024-02-14T23:49:17.904+0000] {dag.py:3823} INFO - Setting next_dagrun for example_branch_dop_operator_v3 to 2024-02-14 23:48:00+00:00, run_after=2024-02-14 23:49:00+00:00
[2024-02-14T23:49:17.927+0000] {processor.py:183} INFO - Processing /home/ubuntu/reddit_venv/lib/python3.10/site-packages/airflow/example_dags/example_branch_python_dop_operator_3.py took 0.078 seconds
[2024-02-14T23:50:12.937+0000] {processor.py:161} INFO - Started process (PID=10963) to work on /home/ubuntu/reddit_venv/lib/python3.10/site-packages/airflow/example_dags/example_branch_python_dop_operator_3.py
[2024-02-14T23:50:12.939+0000] {processor.py:830} INFO - Processing file /home/ubuntu/reddit_venv/lib/python3.10/site-packages/airflow/example_dags/example_branch_python_dop_operator_3.py for tasks to queue
[2024-02-14T23:50:12.940+0000] {logging_mixin.py:188} INFO - [2024-02-14T23:50:12.939+0000] {dagbag.py:538} INFO - Filling up the DagBag from /home/ubuntu/reddit_venv/lib/python3.10/site-packages/airflow/example_dags/example_branch_python_dop_operator_3.py
[2024-02-14T23:50:12.949+0000] {processor.py:840} INFO - DAG(s) 'example_branch_dop_operator_v3' retrieved from /home/ubuntu/reddit_venv/lib/python3.10/site-packages/airflow/example_dags/example_branch_python_dop_operator_3.py
[2024-02-14T23:50:12.964+0000] {logging_mixin.py:188} INFO - [2024-02-14T23:50:12.964+0000] {dag.py:3036} INFO - Sync 1 DAGs
[2024-02-14T23:50:12.988+0000] {logging_mixin.py:188} INFO - [2024-02-14T23:50:12.988+0000] {dag.py:3823} INFO - Setting next_dagrun for example_branch_dop_operator_v3 to 2024-02-14 23:49:00+00:00, run_after=2024-02-14 23:50:00+00:00
[2024-02-14T23:50:13.009+0000] {processor.py:183} INFO - Processing /home/ubuntu/reddit_venv/lib/python3.10/site-packages/airflow/example_dags/example_branch_python_dop_operator_3.py took 0.076 seconds
[2024-02-14T23:51:09.256+0000] {processor.py:161} INFO - Started process (PID=11089) to work on /home/ubuntu/reddit_venv/lib/python3.10/site-packages/airflow/example_dags/example_branch_python_dop_operator_3.py
[2024-02-14T23:51:09.258+0000] {processor.py:830} INFO - Processing file /home/ubuntu/reddit_venv/lib/python3.10/site-packages/airflow/example_dags/example_branch_python_dop_operator_3.py for tasks to queue
[2024-02-14T23:51:09.259+0000] {logging_mixin.py:188} INFO - [2024-02-14T23:51:09.258+0000] {dagbag.py:538} INFO - Filling up the DagBag from /home/ubuntu/reddit_venv/lib/python3.10/site-packages/airflow/example_dags/example_branch_python_dop_operator_3.py
[2024-02-14T23:51:09.269+0000] {processor.py:840} INFO - DAG(s) 'example_branch_dop_operator_v3' retrieved from /home/ubuntu/reddit_venv/lib/python3.10/site-packages/airflow/example_dags/example_branch_python_dop_operator_3.py
[2024-02-14T23:51:09.286+0000] {logging_mixin.py:188} INFO - [2024-02-14T23:51:09.285+0000] {dag.py:3036} INFO - Sync 1 DAGs
[2024-02-14T23:51:09.310+0000] {logging_mixin.py:188} INFO - [2024-02-14T23:51:09.310+0000] {dag.py:3823} INFO - Setting next_dagrun for example_branch_dop_operator_v3 to 2024-02-14 23:50:00+00:00, run_after=2024-02-14 23:51:00+00:00
[2024-02-14T23:51:09.333+0000] {processor.py:183} INFO - Processing /home/ubuntu/reddit_venv/lib/python3.10/site-packages/airflow/example_dags/example_branch_python_dop_operator_3.py took 0.080 seconds
[2024-02-14T23:52:08.629+0000] {processor.py:161} INFO - Started process (PID=11219) to work on /home/ubuntu/reddit_venv/lib/python3.10/site-packages/airflow/example_dags/example_branch_python_dop_operator_3.py
[2024-02-14T23:52:08.631+0000] {processor.py:830} INFO - Processing file /home/ubuntu/reddit_venv/lib/python3.10/site-packages/airflow/example_dags/example_branch_python_dop_operator_3.py for tasks to queue
[2024-02-14T23:52:08.631+0000] {logging_mixin.py:188} INFO - [2024-02-14T23:52:08.631+0000] {dagbag.py:538} INFO - Filling up the DagBag from /home/ubuntu/reddit_venv/lib/python3.10/site-packages/airflow/example_dags/example_branch_python_dop_operator_3.py
[2024-02-14T23:52:08.641+0000] {processor.py:840} INFO - DAG(s) 'example_branch_dop_operator_v3' retrieved from /home/ubuntu/reddit_venv/lib/python3.10/site-packages/airflow/example_dags/example_branch_python_dop_operator_3.py
[2024-02-14T23:52:08.657+0000] {logging_mixin.py:188} INFO - [2024-02-14T23:52:08.657+0000] {dag.py:3036} INFO - Sync 1 DAGs
[2024-02-14T23:52:08.681+0000] {logging_mixin.py:188} INFO - [2024-02-14T23:52:08.681+0000] {dag.py:3823} INFO - Setting next_dagrun for example_branch_dop_operator_v3 to 2024-02-14 23:51:00+00:00, run_after=2024-02-14 23:52:00+00:00
[2024-02-14T23:52:08.703+0000] {processor.py:183} INFO - Processing /home/ubuntu/reddit_venv/lib/python3.10/site-packages/airflow/example_dags/example_branch_python_dop_operator_3.py took 0.077 seconds
[2024-02-14T23:53:14.279+0000] {processor.py:161} INFO - Started process (PID=11349) to work on /home/ubuntu/reddit_venv/lib/python3.10/site-packages/airflow/example_dags/example_branch_python_dop_operator_3.py
[2024-02-14T23:53:14.281+0000] {processor.py:830} INFO - Processing file /home/ubuntu/reddit_venv/lib/python3.10/site-packages/airflow/example_dags/example_branch_python_dop_operator_3.py for tasks to queue
[2024-02-14T23:53:14.282+0000] {logging_mixin.py:188} INFO - [2024-02-14T23:53:14.282+0000] {dagbag.py:538} INFO - Filling up the DagBag from /home/ubuntu/reddit_venv/lib/python3.10/site-packages/airflow/example_dags/example_branch_python_dop_operator_3.py
[2024-02-14T23:53:14.292+0000] {processor.py:840} INFO - DAG(s) 'example_branch_dop_operator_v3' retrieved from /home/ubuntu/reddit_venv/lib/python3.10/site-packages/airflow/example_dags/example_branch_python_dop_operator_3.py
[2024-02-14T23:53:14.308+0000] {logging_mixin.py:188} INFO - [2024-02-14T23:53:14.308+0000] {dag.py:3036} INFO - Sync 1 DAGs
[2024-02-14T23:53:14.333+0000] {logging_mixin.py:188} INFO - [2024-02-14T23:53:14.333+0000] {dag.py:3823} INFO - Setting next_dagrun for example_branch_dop_operator_v3 to 2024-02-14 23:52:00+00:00, run_after=2024-02-14 23:53:00+00:00
[2024-02-14T23:53:14.356+0000] {processor.py:183} INFO - Processing /home/ubuntu/reddit_venv/lib/python3.10/site-packages/airflow/example_dags/example_branch_python_dop_operator_3.py took 0.080 seconds
[2024-02-14T23:54:16.216+0000] {processor.py:161} INFO - Started process (PID=11479) to work on /home/ubuntu/reddit_venv/lib/python3.10/site-packages/airflow/example_dags/example_branch_python_dop_operator_3.py
[2024-02-14T23:54:16.218+0000] {processor.py:830} INFO - Processing file /home/ubuntu/reddit_venv/lib/python3.10/site-packages/airflow/example_dags/example_branch_python_dop_operator_3.py for tasks to queue
[2024-02-14T23:54:16.219+0000] {logging_mixin.py:188} INFO - [2024-02-14T23:54:16.218+0000] {dagbag.py:538} INFO - Filling up the DagBag from /home/ubuntu/reddit_venv/lib/python3.10/site-packages/airflow/example_dags/example_branch_python_dop_operator_3.py
[2024-02-14T23:54:16.228+0000] {processor.py:840} INFO - DAG(s) 'example_branch_dop_operator_v3' retrieved from /home/ubuntu/reddit_venv/lib/python3.10/site-packages/airflow/example_dags/example_branch_python_dop_operator_3.py
[2024-02-14T23:54:16.244+0000] {logging_mixin.py:188} INFO - [2024-02-14T23:54:16.244+0000] {dag.py:3036} INFO - Sync 1 DAGs
[2024-02-14T23:54:16.268+0000] {logging_mixin.py:188} INFO - [2024-02-14T23:54:16.268+0000] {dag.py:3823} INFO - Setting next_dagrun for example_branch_dop_operator_v3 to 2024-02-14 23:53:00+00:00, run_after=2024-02-14 23:54:00+00:00
[2024-02-14T23:54:16.291+0000] {processor.py:183} INFO - Processing /home/ubuntu/reddit_venv/lib/python3.10/site-packages/airflow/example_dags/example_branch_python_dop_operator_3.py took 0.078 seconds
[2024-02-14T23:55:17.142+0000] {processor.py:161} INFO - Started process (PID=11670) to work on /home/ubuntu/reddit_venv/lib/python3.10/site-packages/airflow/example_dags/example_branch_python_dop_operator_3.py
[2024-02-14T23:55:17.144+0000] {processor.py:830} INFO - Processing file /home/ubuntu/reddit_venv/lib/python3.10/site-packages/airflow/example_dags/example_branch_python_dop_operator_3.py for tasks to queue
[2024-02-14T23:55:17.145+0000] {logging_mixin.py:188} INFO - [2024-02-14T23:55:17.144+0000] {dagbag.py:538} INFO - Filling up the DagBag from /home/ubuntu/reddit_venv/lib/python3.10/site-packages/airflow/example_dags/example_branch_python_dop_operator_3.py
[2024-02-14T23:55:17.154+0000] {processor.py:840} INFO - DAG(s) 'example_branch_dop_operator_v3' retrieved from /home/ubuntu/reddit_venv/lib/python3.10/site-packages/airflow/example_dags/example_branch_python_dop_operator_3.py
[2024-02-14T23:55:17.170+0000] {logging_mixin.py:188} INFO - [2024-02-14T23:55:17.170+0000] {dag.py:3036} INFO - Sync 1 DAGs
[2024-02-14T23:55:17.194+0000] {logging_mixin.py:188} INFO - [2024-02-14T23:55:17.194+0000] {dag.py:3823} INFO - Setting next_dagrun for example_branch_dop_operator_v3 to 2024-02-14 23:54:00+00:00, run_after=2024-02-14 23:55:00+00:00
[2024-02-14T23:55:17.218+0000] {processor.py:183} INFO - Processing /home/ubuntu/reddit_venv/lib/python3.10/site-packages/airflow/example_dags/example_branch_python_dop_operator_3.py took 0.079 seconds
[2024-02-14T23:56:15.280+0000] {processor.py:161} INFO - Started process (PID=11798) to work on /home/ubuntu/reddit_venv/lib/python3.10/site-packages/airflow/example_dags/example_branch_python_dop_operator_3.py
[2024-02-14T23:56:15.281+0000] {processor.py:830} INFO - Processing file /home/ubuntu/reddit_venv/lib/python3.10/site-packages/airflow/example_dags/example_branch_python_dop_operator_3.py for tasks to queue
[2024-02-14T23:56:15.282+0000] {logging_mixin.py:188} INFO - [2024-02-14T23:56:15.281+0000] {dagbag.py:538} INFO - Filling up the DagBag from /home/ubuntu/reddit_venv/lib/python3.10/site-packages/airflow/example_dags/example_branch_python_dop_operator_3.py
[2024-02-14T23:56:15.292+0000] {processor.py:840} INFO - DAG(s) 'example_branch_dop_operator_v3' retrieved from /home/ubuntu/reddit_venv/lib/python3.10/site-packages/airflow/example_dags/example_branch_python_dop_operator_3.py
[2024-02-14T23:56:15.308+0000] {logging_mixin.py:188} INFO - [2024-02-14T23:56:15.308+0000] {dag.py:3036} INFO - Sync 1 DAGs
[2024-02-14T23:56:15.333+0000] {logging_mixin.py:188} INFO - [2024-02-14T23:56:15.333+0000] {dag.py:3823} INFO - Setting next_dagrun for example_branch_dop_operator_v3 to 2024-02-14 23:55:00+00:00, run_after=2024-02-14 23:56:00+00:00
[2024-02-14T23:56:15.356+0000] {processor.py:183} INFO - Processing /home/ubuntu/reddit_venv/lib/python3.10/site-packages/airflow/example_dags/example_branch_python_dop_operator_3.py took 0.080 seconds
[2024-02-14T23:57:12.109+0000] {processor.py:161} INFO - Started process (PID=13408) to work on /home/ubuntu/reddit_venv/lib/python3.10/site-packages/airflow/example_dags/example_branch_python_dop_operator_3.py
[2024-02-14T23:57:12.111+0000] {processor.py:830} INFO - Processing file /home/ubuntu/reddit_venv/lib/python3.10/site-packages/airflow/example_dags/example_branch_python_dop_operator_3.py for tasks to queue
[2024-02-14T23:57:12.112+0000] {logging_mixin.py:188} INFO - [2024-02-14T23:57:12.111+0000] {dagbag.py:538} INFO - Filling up the DagBag from /home/ubuntu/reddit_venv/lib/python3.10/site-packages/airflow/example_dags/example_branch_python_dop_operator_3.py
[2024-02-14T23:57:12.122+0000] {processor.py:840} INFO - DAG(s) 'example_branch_dop_operator_v3' retrieved from /home/ubuntu/reddit_venv/lib/python3.10/site-packages/airflow/example_dags/example_branch_python_dop_operator_3.py
[2024-02-14T23:57:12.138+0000] {logging_mixin.py:188} INFO - [2024-02-14T23:57:12.138+0000] {dag.py:3036} INFO - Sync 1 DAGs
[2024-02-14T23:57:12.163+0000] {logging_mixin.py:188} INFO - [2024-02-14T23:57:12.163+0000] {dag.py:3823} INFO - Setting next_dagrun for example_branch_dop_operator_v3 to 2024-02-14 23:56:00+00:00, run_after=2024-02-14 23:57:00+00:00
[2024-02-14T23:57:12.191+0000] {processor.py:183} INFO - Processing /home/ubuntu/reddit_venv/lib/python3.10/site-packages/airflow/example_dags/example_branch_python_dop_operator_3.py took 0.085 seconds
[2024-02-14T23:58:12.553+0000] {processor.py:161} INFO - Started process (PID=21087) to work on /home/ubuntu/reddit_venv/lib/python3.10/site-packages/airflow/example_dags/example_branch_python_dop_operator_3.py
[2024-02-14T23:58:12.554+0000] {processor.py:830} INFO - Processing file /home/ubuntu/reddit_venv/lib/python3.10/site-packages/airflow/example_dags/example_branch_python_dop_operator_3.py for tasks to queue
[2024-02-14T23:58:12.555+0000] {logging_mixin.py:188} INFO - [2024-02-14T23:58:12.555+0000] {dagbag.py:538} INFO - Filling up the DagBag from /home/ubuntu/reddit_venv/lib/python3.10/site-packages/airflow/example_dags/example_branch_python_dop_operator_3.py
[2024-02-14T23:58:12.565+0000] {processor.py:840} INFO - DAG(s) 'example_branch_dop_operator_v3' retrieved from /home/ubuntu/reddit_venv/lib/python3.10/site-packages/airflow/example_dags/example_branch_python_dop_operator_3.py
[2024-02-14T23:58:12.581+0000] {logging_mixin.py:188} INFO - [2024-02-14T23:58:12.581+0000] {dag.py:3036} INFO - Sync 1 DAGs
[2024-02-14T23:58:12.606+0000] {logging_mixin.py:188} INFO - [2024-02-14T23:58:12.606+0000] {dag.py:3823} INFO - Setting next_dagrun for example_branch_dop_operator_v3 to 2024-02-14 23:57:00+00:00, run_after=2024-02-14 23:58:00+00:00
[2024-02-14T23:58:12.629+0000] {processor.py:183} INFO - Processing /home/ubuntu/reddit_venv/lib/python3.10/site-packages/airflow/example_dags/example_branch_python_dop_operator_3.py took 0.079 seconds
[2024-02-14T23:59:16.269+0000] {processor.py:161} INFO - Started process (PID=22440) to work on /home/ubuntu/reddit_venv/lib/python3.10/site-packages/airflow/example_dags/example_branch_python_dop_operator_3.py
[2024-02-14T23:59:16.271+0000] {processor.py:830} INFO - Processing file /home/ubuntu/reddit_venv/lib/python3.10/site-packages/airflow/example_dags/example_branch_python_dop_operator_3.py for tasks to queue
[2024-02-14T23:59:16.272+0000] {logging_mixin.py:188} INFO - [2024-02-14T23:59:16.272+0000] {dagbag.py:538} INFO - Filling up the DagBag from /home/ubuntu/reddit_venv/lib/python3.10/site-packages/airflow/example_dags/example_branch_python_dop_operator_3.py
[2024-02-14T23:59:16.282+0000] {processor.py:840} INFO - DAG(s) 'example_branch_dop_operator_v3' retrieved from /home/ubuntu/reddit_venv/lib/python3.10/site-packages/airflow/example_dags/example_branch_python_dop_operator_3.py
[2024-02-14T23:59:16.299+0000] {logging_mixin.py:188} INFO - [2024-02-14T23:59:16.298+0000] {dag.py:3036} INFO - Sync 1 DAGs
[2024-02-14T23:59:16.324+0000] {logging_mixin.py:188} INFO - [2024-02-14T23:59:16.324+0000] {dag.py:3823} INFO - Setting next_dagrun for example_branch_dop_operator_v3 to 2024-02-14 23:58:00+00:00, run_after=2024-02-14 23:59:00+00:00
[2024-02-14T23:59:16.347+0000] {processor.py:183} INFO - Processing /home/ubuntu/reddit_venv/lib/python3.10/site-packages/airflow/example_dags/example_branch_python_dop_operator_3.py took 0.081 seconds
