[2024-02-14T23:10:14.019+0000] {processor.py:161} INFO - Started process (PID=1671) to work on /home/ubuntu/reddit_venv/lib/python3.10/site-packages/airflow/example_dags/example_complex.py
[2024-02-14T23:10:14.020+0000] {processor.py:830} INFO - Processing file /home/ubuntu/reddit_venv/lib/python3.10/site-packages/airflow/example_dags/example_complex.py for tasks to queue
[2024-02-14T23:10:14.021+0000] {logging_mixin.py:188} INFO - [2024-02-14T23:10:14.020+0000] {dagbag.py:538} INFO - Filling up the DagBag from /home/ubuntu/reddit_venv/lib/python3.10/site-packages/airflow/example_dags/example_complex.py
[2024-02-14T23:10:14.032+0000] {processor.py:840} INFO - DAG(s) 'example_complex' retrieved from /home/ubuntu/reddit_venv/lib/python3.10/site-packages/airflow/example_dags/example_complex.py
[2024-02-14T23:10:14.138+0000] {logging_mixin.py:188} INFO - [2024-02-14T23:10:14.138+0000] {dag.py:3036} INFO - Sync 1 DAGs
[2024-02-14T23:10:14.148+0000] {logging_mixin.py:188} INFO - [2024-02-14T23:10:14.148+0000] {dag.py:3823} INFO - Setting next_dagrun for example_complex to None, run_after=None
[2024-02-14T23:10:14.172+0000] {processor.py:183} INFO - Processing /home/ubuntu/reddit_venv/lib/python3.10/site-packages/airflow/example_dags/example_complex.py took 0.157 seconds
[2024-02-14T23:11:17.279+0000] {processor.py:161} INFO - Started process (PID=1802) to work on /home/ubuntu/reddit_venv/lib/python3.10/site-packages/airflow/example_dags/example_complex.py
[2024-02-14T23:11:17.283+0000] {processor.py:830} INFO - Processing file /home/ubuntu/reddit_venv/lib/python3.10/site-packages/airflow/example_dags/example_complex.py for tasks to queue
[2024-02-14T23:11:17.284+0000] {logging_mixin.py:188} INFO - [2024-02-14T23:11:17.283+0000] {dagbag.py:538} INFO - Filling up the DagBag from /home/ubuntu/reddit_venv/lib/python3.10/site-packages/airflow/example_dags/example_complex.py
[2024-02-14T23:11:17.296+0000] {processor.py:840} INFO - DAG(s) 'example_complex' retrieved from /home/ubuntu/reddit_venv/lib/python3.10/site-packages/airflow/example_dags/example_complex.py
[2024-02-14T23:11:17.323+0000] {logging_mixin.py:188} INFO - [2024-02-14T23:11:17.323+0000] {dag.py:3036} INFO - Sync 1 DAGs
[2024-02-14T23:11:17.335+0000] {logging_mixin.py:188} INFO - [2024-02-14T23:11:17.335+0000] {dag.py:3823} INFO - Setting next_dagrun for example_complex to None, run_after=None
[2024-02-14T23:11:17.359+0000] {processor.py:183} INFO - Processing /home/ubuntu/reddit_venv/lib/python3.10/site-packages/airflow/example_dags/example_complex.py took 0.084 seconds
[2024-02-14T23:12:15.109+0000] {processor.py:161} INFO - Started process (PID=1930) to work on /home/ubuntu/reddit_venv/lib/python3.10/site-packages/airflow/example_dags/example_complex.py
[2024-02-14T23:12:15.111+0000] {processor.py:830} INFO - Processing file /home/ubuntu/reddit_venv/lib/python3.10/site-packages/airflow/example_dags/example_complex.py for tasks to queue
[2024-02-14T23:12:15.112+0000] {logging_mixin.py:188} INFO - [2024-02-14T23:12:15.112+0000] {dagbag.py:538} INFO - Filling up the DagBag from /home/ubuntu/reddit_venv/lib/python3.10/site-packages/airflow/example_dags/example_complex.py
[2024-02-14T23:12:15.124+0000] {processor.py:840} INFO - DAG(s) 'example_complex' retrieved from /home/ubuntu/reddit_venv/lib/python3.10/site-packages/airflow/example_dags/example_complex.py
[2024-02-14T23:12:15.150+0000] {logging_mixin.py:188} INFO - [2024-02-14T23:12:15.150+0000] {dag.py:3036} INFO - Sync 1 DAGs
[2024-02-14T23:12:15.162+0000] {logging_mixin.py:188} INFO - [2024-02-14T23:12:15.162+0000] {dag.py:3823} INFO - Setting next_dagrun for example_complex to None, run_after=None
[2024-02-14T23:12:15.184+0000] {processor.py:183} INFO - Processing /home/ubuntu/reddit_venv/lib/python3.10/site-packages/airflow/example_dags/example_complex.py took 0.078 seconds
[2024-02-14T23:13:14.171+0000] {processor.py:161} INFO - Started process (PID=2367) to work on /home/ubuntu/reddit_venv/lib/python3.10/site-packages/airflow/example_dags/example_complex.py
[2024-02-14T23:13:14.173+0000] {processor.py:830} INFO - Processing file /home/ubuntu/reddit_venv/lib/python3.10/site-packages/airflow/example_dags/example_complex.py for tasks to queue
[2024-02-14T23:13:14.174+0000] {logging_mixin.py:188} INFO - [2024-02-14T23:13:14.174+0000] {dagbag.py:538} INFO - Filling up the DagBag from /home/ubuntu/reddit_venv/lib/python3.10/site-packages/airflow/example_dags/example_complex.py
[2024-02-14T23:13:14.186+0000] {processor.py:840} INFO - DAG(s) 'example_complex' retrieved from /home/ubuntu/reddit_venv/lib/python3.10/site-packages/airflow/example_dags/example_complex.py
[2024-02-14T23:13:14.212+0000] {logging_mixin.py:188} INFO - [2024-02-14T23:13:14.212+0000] {dag.py:3036} INFO - Sync 1 DAGs
[2024-02-14T23:13:14.224+0000] {logging_mixin.py:188} INFO - [2024-02-14T23:13:14.224+0000] {dag.py:3823} INFO - Setting next_dagrun for example_complex to None, run_after=None
[2024-02-14T23:13:14.245+0000] {processor.py:183} INFO - Processing /home/ubuntu/reddit_venv/lib/python3.10/site-packages/airflow/example_dags/example_complex.py took 0.077 seconds
[2024-02-14T23:14:13.366+0000] {processor.py:161} INFO - Started process (PID=2497) to work on /home/ubuntu/reddit_venv/lib/python3.10/site-packages/airflow/example_dags/example_complex.py
[2024-02-14T23:14:13.367+0000] {processor.py:830} INFO - Processing file /home/ubuntu/reddit_venv/lib/python3.10/site-packages/airflow/example_dags/example_complex.py for tasks to queue
[2024-02-14T23:14:13.368+0000] {logging_mixin.py:188} INFO - [2024-02-14T23:14:13.368+0000] {dagbag.py:538} INFO - Filling up the DagBag from /home/ubuntu/reddit_venv/lib/python3.10/site-packages/airflow/example_dags/example_complex.py
[2024-02-14T23:14:13.380+0000] {processor.py:840} INFO - DAG(s) 'example_complex' retrieved from /home/ubuntu/reddit_venv/lib/python3.10/site-packages/airflow/example_dags/example_complex.py
[2024-02-14T23:14:13.408+0000] {logging_mixin.py:188} INFO - [2024-02-14T23:14:13.407+0000] {dag.py:3036} INFO - Sync 1 DAGs
[2024-02-14T23:14:13.419+0000] {logging_mixin.py:188} INFO - [2024-02-14T23:14:13.419+0000] {dag.py:3823} INFO - Setting next_dagrun for example_complex to None, run_after=None
[2024-02-14T23:14:13.442+0000] {processor.py:183} INFO - Processing /home/ubuntu/reddit_venv/lib/python3.10/site-packages/airflow/example_dags/example_complex.py took 0.079 seconds
[2024-02-14T23:15:15.068+0000] {processor.py:161} INFO - Started process (PID=2924) to work on /home/ubuntu/reddit_venv/lib/python3.10/site-packages/airflow/example_dags/example_complex.py
[2024-02-14T23:15:15.070+0000] {processor.py:830} INFO - Processing file /home/ubuntu/reddit_venv/lib/python3.10/site-packages/airflow/example_dags/example_complex.py for tasks to queue
[2024-02-14T23:15:15.071+0000] {logging_mixin.py:188} INFO - [2024-02-14T23:15:15.070+0000] {dagbag.py:538} INFO - Filling up the DagBag from /home/ubuntu/reddit_venv/lib/python3.10/site-packages/airflow/example_dags/example_complex.py
[2024-02-14T23:15:15.083+0000] {processor.py:840} INFO - DAG(s) 'example_complex' retrieved from /home/ubuntu/reddit_venv/lib/python3.10/site-packages/airflow/example_dags/example_complex.py
[2024-02-14T23:15:15.111+0000] {logging_mixin.py:188} INFO - [2024-02-14T23:15:15.111+0000] {dag.py:3036} INFO - Sync 1 DAGs
[2024-02-14T23:15:15.124+0000] {logging_mixin.py:188} INFO - [2024-02-14T23:15:15.124+0000] {dag.py:3823} INFO - Setting next_dagrun for example_complex to None, run_after=None
[2024-02-14T23:15:15.146+0000] {processor.py:183} INFO - Processing /home/ubuntu/reddit_venv/lib/python3.10/site-packages/airflow/example_dags/example_complex.py took 0.082 seconds
[2024-02-14T23:16:14.498+0000] {processor.py:161} INFO - Started process (PID=3175) to work on /home/ubuntu/reddit_venv/lib/python3.10/site-packages/airflow/example_dags/example_complex.py
[2024-02-14T23:16:14.500+0000] {processor.py:830} INFO - Processing file /home/ubuntu/reddit_venv/lib/python3.10/site-packages/airflow/example_dags/example_complex.py for tasks to queue
[2024-02-14T23:16:14.500+0000] {logging_mixin.py:188} INFO - [2024-02-14T23:16:14.500+0000] {dagbag.py:538} INFO - Filling up the DagBag from /home/ubuntu/reddit_venv/lib/python3.10/site-packages/airflow/example_dags/example_complex.py
[2024-02-14T23:16:14.512+0000] {processor.py:840} INFO - DAG(s) 'example_complex' retrieved from /home/ubuntu/reddit_venv/lib/python3.10/site-packages/airflow/example_dags/example_complex.py
[2024-02-14T23:16:14.539+0000] {logging_mixin.py:188} INFO - [2024-02-14T23:16:14.539+0000] {dag.py:3036} INFO - Sync 1 DAGs
[2024-02-14T23:16:14.551+0000] {logging_mixin.py:188} INFO - [2024-02-14T23:16:14.551+0000] {dag.py:3823} INFO - Setting next_dagrun for example_complex to None, run_after=None
[2024-02-14T23:16:14.574+0000] {processor.py:183} INFO - Processing /home/ubuntu/reddit_venv/lib/python3.10/site-packages/airflow/example_dags/example_complex.py took 0.079 seconds
[2024-02-14T23:17:11.513+0000] {processor.py:161} INFO - Started process (PID=3846) to work on /home/ubuntu/reddit_venv/lib/python3.10/site-packages/airflow/example_dags/example_complex.py
[2024-02-14T23:17:11.515+0000] {processor.py:830} INFO - Processing file /home/ubuntu/reddit_venv/lib/python3.10/site-packages/airflow/example_dags/example_complex.py for tasks to queue
[2024-02-14T23:17:11.516+0000] {logging_mixin.py:188} INFO - [2024-02-14T23:17:11.515+0000] {dagbag.py:538} INFO - Filling up the DagBag from /home/ubuntu/reddit_venv/lib/python3.10/site-packages/airflow/example_dags/example_complex.py
[2024-02-14T23:17:11.528+0000] {processor.py:840} INFO - DAG(s) 'example_complex' retrieved from /home/ubuntu/reddit_venv/lib/python3.10/site-packages/airflow/example_dags/example_complex.py
[2024-02-14T23:17:11.555+0000] {logging_mixin.py:188} INFO - [2024-02-14T23:17:11.554+0000] {dag.py:3036} INFO - Sync 1 DAGs
[2024-02-14T23:17:11.566+0000] {logging_mixin.py:188} INFO - [2024-02-14T23:17:11.566+0000] {dag.py:3823} INFO - Setting next_dagrun for example_complex to None, run_after=None
[2024-02-14T23:17:11.589+0000] {processor.py:183} INFO - Processing /home/ubuntu/reddit_venv/lib/python3.10/site-packages/airflow/example_dags/example_complex.py took 0.079 seconds
[2024-02-14T23:18:09.964+0000] {processor.py:161} INFO - Started process (PID=4600) to work on /home/ubuntu/reddit_venv/lib/python3.10/site-packages/airflow/example_dags/example_complex.py
[2024-02-14T23:18:09.965+0000] {processor.py:830} INFO - Processing file /home/ubuntu/reddit_venv/lib/python3.10/site-packages/airflow/example_dags/example_complex.py for tasks to queue
[2024-02-14T23:18:09.966+0000] {logging_mixin.py:188} INFO - [2024-02-14T23:18:09.966+0000] {dagbag.py:538} INFO - Filling up the DagBag from /home/ubuntu/reddit_venv/lib/python3.10/site-packages/airflow/example_dags/example_complex.py
[2024-02-14T23:18:09.978+0000] {processor.py:840} INFO - DAG(s) 'example_complex' retrieved from /home/ubuntu/reddit_venv/lib/python3.10/site-packages/airflow/example_dags/example_complex.py
[2024-02-14T23:18:10.005+0000] {logging_mixin.py:188} INFO - [2024-02-14T23:18:10.005+0000] {dag.py:3036} INFO - Sync 1 DAGs
[2024-02-14T23:18:10.017+0000] {logging_mixin.py:188} INFO - [2024-02-14T23:18:10.017+0000] {dag.py:3823} INFO - Setting next_dagrun for example_complex to None, run_after=None
[2024-02-14T23:18:10.040+0000] {processor.py:183} INFO - Processing /home/ubuntu/reddit_venv/lib/python3.10/site-packages/airflow/example_dags/example_complex.py took 0.080 seconds
[2024-02-14T23:19:12.010+0000] {processor.py:161} INFO - Started process (PID=5431) to work on /home/ubuntu/reddit_venv/lib/python3.10/site-packages/airflow/example_dags/example_complex.py
[2024-02-14T23:19:12.011+0000] {processor.py:830} INFO - Processing file /home/ubuntu/reddit_venv/lib/python3.10/site-packages/airflow/example_dags/example_complex.py for tasks to queue
[2024-02-14T23:19:12.012+0000] {logging_mixin.py:188} INFO - [2024-02-14T23:19:12.012+0000] {dagbag.py:538} INFO - Filling up the DagBag from /home/ubuntu/reddit_venv/lib/python3.10/site-packages/airflow/example_dags/example_complex.py
[2024-02-14T23:19:12.024+0000] {processor.py:840} INFO - DAG(s) 'example_complex' retrieved from /home/ubuntu/reddit_venv/lib/python3.10/site-packages/airflow/example_dags/example_complex.py
[2024-02-14T23:19:12.050+0000] {logging_mixin.py:188} INFO - [2024-02-14T23:19:12.050+0000] {dag.py:3036} INFO - Sync 1 DAGs
[2024-02-14T23:19:12.062+0000] {logging_mixin.py:188} INFO - [2024-02-14T23:19:12.061+0000] {dag.py:3823} INFO - Setting next_dagrun for example_complex to None, run_after=None
[2024-02-14T23:19:12.083+0000] {processor.py:183} INFO - Processing /home/ubuntu/reddit_venv/lib/python3.10/site-packages/airflow/example_dags/example_complex.py took 0.077 seconds
[2024-02-14T23:20:08.356+0000] {processor.py:161} INFO - Started process (PID=5617) to work on /home/ubuntu/reddit_venv/lib/python3.10/site-packages/airflow/example_dags/example_complex.py
[2024-02-14T23:20:08.358+0000] {processor.py:830} INFO - Processing file /home/ubuntu/reddit_venv/lib/python3.10/site-packages/airflow/example_dags/example_complex.py for tasks to queue
[2024-02-14T23:20:08.359+0000] {logging_mixin.py:188} INFO - [2024-02-14T23:20:08.358+0000] {dagbag.py:538} INFO - Filling up the DagBag from /home/ubuntu/reddit_venv/lib/python3.10/site-packages/airflow/example_dags/example_complex.py
[2024-02-14T23:20:08.370+0000] {processor.py:840} INFO - DAG(s) 'example_complex' retrieved from /home/ubuntu/reddit_venv/lib/python3.10/site-packages/airflow/example_dags/example_complex.py
[2024-02-14T23:20:08.398+0000] {logging_mixin.py:188} INFO - [2024-02-14T23:20:08.398+0000] {dag.py:3036} INFO - Sync 1 DAGs
[2024-02-14T23:20:08.410+0000] {logging_mixin.py:188} INFO - [2024-02-14T23:20:08.409+0000] {dag.py:3823} INFO - Setting next_dagrun for example_complex to None, run_after=None
[2024-02-14T23:20:08.432+0000] {processor.py:183} INFO - Processing /home/ubuntu/reddit_venv/lib/python3.10/site-packages/airflow/example_dags/example_complex.py took 0.079 seconds
[2024-02-14T23:21:06.444+0000] {processor.py:161} INFO - Started process (PID=5742) to work on /home/ubuntu/reddit_venv/lib/python3.10/site-packages/airflow/example_dags/example_complex.py
[2024-02-14T23:21:06.446+0000] {processor.py:830} INFO - Processing file /home/ubuntu/reddit_venv/lib/python3.10/site-packages/airflow/example_dags/example_complex.py for tasks to queue
[2024-02-14T23:21:06.446+0000] {logging_mixin.py:188} INFO - [2024-02-14T23:21:06.446+0000] {dagbag.py:538} INFO - Filling up the DagBag from /home/ubuntu/reddit_venv/lib/python3.10/site-packages/airflow/example_dags/example_complex.py
[2024-02-14T23:21:06.459+0000] {processor.py:840} INFO - DAG(s) 'example_complex' retrieved from /home/ubuntu/reddit_venv/lib/python3.10/site-packages/airflow/example_dags/example_complex.py
[2024-02-14T23:21:06.485+0000] {logging_mixin.py:188} INFO - [2024-02-14T23:21:06.485+0000] {dag.py:3036} INFO - Sync 1 DAGs
[2024-02-14T23:21:06.497+0000] {logging_mixin.py:188} INFO - [2024-02-14T23:21:06.497+0000] {dag.py:3823} INFO - Setting next_dagrun for example_complex to None, run_after=None
[2024-02-14T23:21:06.519+0000] {processor.py:183} INFO - Processing /home/ubuntu/reddit_venv/lib/python3.10/site-packages/airflow/example_dags/example_complex.py took 0.078 seconds
[2024-02-14T23:22:07.935+0000] {processor.py:161} INFO - Started process (PID=5995) to work on /home/ubuntu/reddit_venv/lib/python3.10/site-packages/airflow/example_dags/example_complex.py
[2024-02-14T23:22:07.936+0000] {processor.py:830} INFO - Processing file /home/ubuntu/reddit_venv/lib/python3.10/site-packages/airflow/example_dags/example_complex.py for tasks to queue
[2024-02-14T23:22:07.937+0000] {logging_mixin.py:188} INFO - [2024-02-14T23:22:07.937+0000] {dagbag.py:538} INFO - Filling up the DagBag from /home/ubuntu/reddit_venv/lib/python3.10/site-packages/airflow/example_dags/example_complex.py
[2024-02-14T23:22:07.949+0000] {processor.py:840} INFO - DAG(s) 'example_complex' retrieved from /home/ubuntu/reddit_venv/lib/python3.10/site-packages/airflow/example_dags/example_complex.py
[2024-02-14T23:22:07.976+0000] {logging_mixin.py:188} INFO - [2024-02-14T23:22:07.976+0000] {dag.py:3036} INFO - Sync 1 DAGs
[2024-02-14T23:22:07.988+0000] {logging_mixin.py:188} INFO - [2024-02-14T23:22:07.988+0000] {dag.py:3823} INFO - Setting next_dagrun for example_complex to None, run_after=None
[2024-02-14T23:22:08.010+0000] {processor.py:183} INFO - Processing /home/ubuntu/reddit_venv/lib/python3.10/site-packages/airflow/example_dags/example_complex.py took 0.079 seconds
[2024-02-14T23:23:10.497+0000] {processor.py:161} INFO - Started process (PID=6129) to work on /home/ubuntu/reddit_venv/lib/python3.10/site-packages/airflow/example_dags/example_complex.py
[2024-02-14T23:23:10.498+0000] {processor.py:830} INFO - Processing file /home/ubuntu/reddit_venv/lib/python3.10/site-packages/airflow/example_dags/example_complex.py for tasks to queue
[2024-02-14T23:23:10.499+0000] {logging_mixin.py:188} INFO - [2024-02-14T23:23:10.499+0000] {dagbag.py:538} INFO - Filling up the DagBag from /home/ubuntu/reddit_venv/lib/python3.10/site-packages/airflow/example_dags/example_complex.py
[2024-02-14T23:23:10.511+0000] {processor.py:840} INFO - DAG(s) 'example_complex' retrieved from /home/ubuntu/reddit_venv/lib/python3.10/site-packages/airflow/example_dags/example_complex.py
[2024-02-14T23:23:10.537+0000] {logging_mixin.py:188} INFO - [2024-02-14T23:23:10.537+0000] {dag.py:3036} INFO - Sync 1 DAGs
[2024-02-14T23:23:10.549+0000] {logging_mixin.py:188} INFO - [2024-02-14T23:23:10.549+0000] {dag.py:3823} INFO - Setting next_dagrun for example_complex to None, run_after=None
[2024-02-14T23:23:10.571+0000] {processor.py:183} INFO - Processing /home/ubuntu/reddit_venv/lib/python3.10/site-packages/airflow/example_dags/example_complex.py took 0.077 seconds
[2024-02-14T23:24:03.736+0000] {processor.py:161} INFO - Started process (PID=6254) to work on /home/ubuntu/reddit_venv/lib/python3.10/site-packages/airflow/example_dags/example_complex.py
[2024-02-14T23:24:03.737+0000] {processor.py:830} INFO - Processing file /home/ubuntu/reddit_venv/lib/python3.10/site-packages/airflow/example_dags/example_complex.py for tasks to queue
[2024-02-14T23:24:03.738+0000] {logging_mixin.py:188} INFO - [2024-02-14T23:24:03.738+0000] {dagbag.py:538} INFO - Filling up the DagBag from /home/ubuntu/reddit_venv/lib/python3.10/site-packages/airflow/example_dags/example_complex.py
[2024-02-14T23:24:03.750+0000] {processor.py:840} INFO - DAG(s) 'example_complex' retrieved from /home/ubuntu/reddit_venv/lib/python3.10/site-packages/airflow/example_dags/example_complex.py
[2024-02-14T23:24:03.777+0000] {logging_mixin.py:188} INFO - [2024-02-14T23:24:03.777+0000] {dag.py:3036} INFO - Sync 1 DAGs
[2024-02-14T23:24:03.789+0000] {logging_mixin.py:188} INFO - [2024-02-14T23:24:03.788+0000] {dag.py:3823} INFO - Setting next_dagrun for example_complex to None, run_after=None
[2024-02-14T23:24:03.812+0000] {processor.py:183} INFO - Processing /home/ubuntu/reddit_venv/lib/python3.10/site-packages/airflow/example_dags/example_complex.py took 0.080 seconds
[2024-02-14T23:25:01.985+0000] {processor.py:161} INFO - Started process (PID=6439) to work on /home/ubuntu/reddit_venv/lib/python3.10/site-packages/airflow/example_dags/example_complex.py
[2024-02-14T23:25:01.986+0000] {processor.py:830} INFO - Processing file /home/ubuntu/reddit_venv/lib/python3.10/site-packages/airflow/example_dags/example_complex.py for tasks to queue
[2024-02-14T23:25:01.987+0000] {logging_mixin.py:188} INFO - [2024-02-14T23:25:01.987+0000] {dagbag.py:538} INFO - Filling up the DagBag from /home/ubuntu/reddit_venv/lib/python3.10/site-packages/airflow/example_dags/example_complex.py
[2024-02-14T23:25:01.999+0000] {processor.py:840} INFO - DAG(s) 'example_complex' retrieved from /home/ubuntu/reddit_venv/lib/python3.10/site-packages/airflow/example_dags/example_complex.py
[2024-02-14T23:25:02.026+0000] {logging_mixin.py:188} INFO - [2024-02-14T23:25:02.025+0000] {dag.py:3036} INFO - Sync 1 DAGs
[2024-02-14T23:25:02.038+0000] {logging_mixin.py:188} INFO - [2024-02-14T23:25:02.037+0000] {dag.py:3823} INFO - Setting next_dagrun for example_complex to None, run_after=None
[2024-02-14T23:25:02.059+0000] {processor.py:183} INFO - Processing /home/ubuntu/reddit_venv/lib/python3.10/site-packages/airflow/example_dags/example_complex.py took 0.078 seconds
[2024-02-14T23:25:56.457+0000] {processor.py:161} INFO - Started process (PID=6564) to work on /home/ubuntu/reddit_venv/lib/python3.10/site-packages/airflow/example_dags/example_complex.py
[2024-02-14T23:25:56.459+0000] {processor.py:830} INFO - Processing file /home/ubuntu/reddit_venv/lib/python3.10/site-packages/airflow/example_dags/example_complex.py for tasks to queue
[2024-02-14T23:25:56.460+0000] {logging_mixin.py:188} INFO - [2024-02-14T23:25:56.459+0000] {dagbag.py:538} INFO - Filling up the DagBag from /home/ubuntu/reddit_venv/lib/python3.10/site-packages/airflow/example_dags/example_complex.py
[2024-02-14T23:25:56.471+0000] {processor.py:840} INFO - DAG(s) 'example_complex' retrieved from /home/ubuntu/reddit_venv/lib/python3.10/site-packages/airflow/example_dags/example_complex.py
[2024-02-14T23:25:56.498+0000] {logging_mixin.py:188} INFO - [2024-02-14T23:25:56.497+0000] {dag.py:3036} INFO - Sync 1 DAGs
[2024-02-14T23:25:56.510+0000] {logging_mixin.py:188} INFO - [2024-02-14T23:25:56.510+0000] {dag.py:3823} INFO - Setting next_dagrun for example_complex to None, run_after=None
[2024-02-14T23:25:56.533+0000] {processor.py:183} INFO - Processing /home/ubuntu/reddit_venv/lib/python3.10/site-packages/airflow/example_dags/example_complex.py took 0.079 seconds
[2024-02-14T23:27:05.161+0000] {processor.py:161} INFO - Started process (PID=6822) to work on /home/ubuntu/reddit_venv/lib/python3.10/site-packages/airflow/example_dags/example_complex.py
[2024-02-14T23:27:05.162+0000] {processor.py:830} INFO - Processing file /home/ubuntu/reddit_venv/lib/python3.10/site-packages/airflow/example_dags/example_complex.py for tasks to queue
[2024-02-14T23:27:05.163+0000] {logging_mixin.py:188} INFO - [2024-02-14T23:27:05.163+0000] {dagbag.py:538} INFO - Filling up the DagBag from /home/ubuntu/reddit_venv/lib/python3.10/site-packages/airflow/example_dags/example_complex.py
[2024-02-14T23:27:05.175+0000] {processor.py:840} INFO - DAG(s) 'example_complex' retrieved from /home/ubuntu/reddit_venv/lib/python3.10/site-packages/airflow/example_dags/example_complex.py
[2024-02-14T23:27:05.202+0000] {logging_mixin.py:188} INFO - [2024-02-14T23:27:05.202+0000] {dag.py:3036} INFO - Sync 1 DAGs
[2024-02-14T23:27:05.214+0000] {logging_mixin.py:188} INFO - [2024-02-14T23:27:05.214+0000] {dag.py:3823} INFO - Setting next_dagrun for example_complex to None, run_after=None
[2024-02-14T23:27:05.235+0000] {processor.py:183} INFO - Processing /home/ubuntu/reddit_venv/lib/python3.10/site-packages/airflow/example_dags/example_complex.py took 0.078 seconds
[2024-02-14T23:28:06.508+0000] {processor.py:161} INFO - Started process (PID=6952) to work on /home/ubuntu/reddit_venv/lib/python3.10/site-packages/airflow/example_dags/example_complex.py
[2024-02-14T23:28:06.510+0000] {processor.py:830} INFO - Processing file /home/ubuntu/reddit_venv/lib/python3.10/site-packages/airflow/example_dags/example_complex.py for tasks to queue
[2024-02-14T23:28:06.511+0000] {logging_mixin.py:188} INFO - [2024-02-14T23:28:06.510+0000] {dagbag.py:538} INFO - Filling up the DagBag from /home/ubuntu/reddit_venv/lib/python3.10/site-packages/airflow/example_dags/example_complex.py
[2024-02-14T23:28:06.523+0000] {processor.py:840} INFO - DAG(s) 'example_complex' retrieved from /home/ubuntu/reddit_venv/lib/python3.10/site-packages/airflow/example_dags/example_complex.py
[2024-02-14T23:28:06.551+0000] {logging_mixin.py:188} INFO - [2024-02-14T23:28:06.551+0000] {dag.py:3036} INFO - Sync 1 DAGs
[2024-02-14T23:28:06.564+0000] {logging_mixin.py:188} INFO - [2024-02-14T23:28:06.564+0000] {dag.py:3823} INFO - Setting next_dagrun for example_complex to None, run_after=None
[2024-02-14T23:28:06.587+0000] {processor.py:183} INFO - Processing /home/ubuntu/reddit_venv/lib/python3.10/site-packages/airflow/example_dags/example_complex.py took 0.082 seconds
[2024-02-14T23:29:06.237+0000] {processor.py:161} INFO - Started process (PID=7081) to work on /home/ubuntu/reddit_venv/lib/python3.10/site-packages/airflow/example_dags/example_complex.py
[2024-02-14T23:29:06.239+0000] {processor.py:830} INFO - Processing file /home/ubuntu/reddit_venv/lib/python3.10/site-packages/airflow/example_dags/example_complex.py for tasks to queue
[2024-02-14T23:29:06.240+0000] {logging_mixin.py:188} INFO - [2024-02-14T23:29:06.239+0000] {dagbag.py:538} INFO - Filling up the DagBag from /home/ubuntu/reddit_venv/lib/python3.10/site-packages/airflow/example_dags/example_complex.py
[2024-02-14T23:29:06.252+0000] {processor.py:840} INFO - DAG(s) 'example_complex' retrieved from /home/ubuntu/reddit_venv/lib/python3.10/site-packages/airflow/example_dags/example_complex.py
[2024-02-14T23:29:06.279+0000] {logging_mixin.py:188} INFO - [2024-02-14T23:29:06.279+0000] {dag.py:3036} INFO - Sync 1 DAGs
[2024-02-14T23:29:06.291+0000] {logging_mixin.py:188} INFO - [2024-02-14T23:29:06.291+0000] {dag.py:3823} INFO - Setting next_dagrun for example_complex to None, run_after=None
[2024-02-14T23:29:06.315+0000] {processor.py:183} INFO - Processing /home/ubuntu/reddit_venv/lib/python3.10/site-packages/airflow/example_dags/example_complex.py took 0.081 seconds
[2024-02-14T23:29:59.747+0000] {processor.py:161} INFO - Started process (PID=7265) to work on /home/ubuntu/reddit_venv/lib/python3.10/site-packages/airflow/example_dags/example_complex.py
[2024-02-14T23:29:59.748+0000] {processor.py:830} INFO - Processing file /home/ubuntu/reddit_venv/lib/python3.10/site-packages/airflow/example_dags/example_complex.py for tasks to queue
[2024-02-14T23:29:59.749+0000] {logging_mixin.py:188} INFO - [2024-02-14T23:29:59.749+0000] {dagbag.py:538} INFO - Filling up the DagBag from /home/ubuntu/reddit_venv/lib/python3.10/site-packages/airflow/example_dags/example_complex.py
[2024-02-14T23:29:59.761+0000] {processor.py:840} INFO - DAG(s) 'example_complex' retrieved from /home/ubuntu/reddit_venv/lib/python3.10/site-packages/airflow/example_dags/example_complex.py
[2024-02-14T23:29:59.788+0000] {logging_mixin.py:188} INFO - [2024-02-14T23:29:59.788+0000] {dag.py:3036} INFO - Sync 1 DAGs
[2024-02-14T23:29:59.800+0000] {logging_mixin.py:188} INFO - [2024-02-14T23:29:59.800+0000] {dag.py:3823} INFO - Setting next_dagrun for example_complex to None, run_after=None
[2024-02-14T23:29:59.823+0000] {processor.py:183} INFO - Processing /home/ubuntu/reddit_venv/lib/python3.10/site-packages/airflow/example_dags/example_complex.py took 0.080 seconds
[2024-02-14T23:30:56.837+0000] {processor.py:161} INFO - Started process (PID=7388) to work on /home/ubuntu/reddit_venv/lib/python3.10/site-packages/airflow/example_dags/example_complex.py
[2024-02-14T23:30:56.839+0000] {processor.py:830} INFO - Processing file /home/ubuntu/reddit_venv/lib/python3.10/site-packages/airflow/example_dags/example_complex.py for tasks to queue
[2024-02-14T23:30:56.840+0000] {logging_mixin.py:188} INFO - [2024-02-14T23:30:56.840+0000] {dagbag.py:538} INFO - Filling up the DagBag from /home/ubuntu/reddit_venv/lib/python3.10/site-packages/airflow/example_dags/example_complex.py
[2024-02-14T23:30:56.852+0000] {processor.py:840} INFO - DAG(s) 'example_complex' retrieved from /home/ubuntu/reddit_venv/lib/python3.10/site-packages/airflow/example_dags/example_complex.py
[2024-02-14T23:30:56.879+0000] {logging_mixin.py:188} INFO - [2024-02-14T23:30:56.879+0000] {dag.py:3036} INFO - Sync 1 DAGs
[2024-02-14T23:30:56.891+0000] {logging_mixin.py:188} INFO - [2024-02-14T23:30:56.891+0000] {dag.py:3823} INFO - Setting next_dagrun for example_complex to None, run_after=None
[2024-02-14T23:30:56.912+0000] {processor.py:183} INFO - Processing /home/ubuntu/reddit_venv/lib/python3.10/site-packages/airflow/example_dags/example_complex.py took 0.078 seconds
[2024-02-14T23:31:54.577+0000] {processor.py:161} INFO - Started process (PID=7513) to work on /home/ubuntu/reddit_venv/lib/python3.10/site-packages/airflow/example_dags/example_complex.py
[2024-02-14T23:31:54.579+0000] {processor.py:830} INFO - Processing file /home/ubuntu/reddit_venv/lib/python3.10/site-packages/airflow/example_dags/example_complex.py for tasks to queue
[2024-02-14T23:31:54.580+0000] {logging_mixin.py:188} INFO - [2024-02-14T23:31:54.579+0000] {dagbag.py:538} INFO - Filling up the DagBag from /home/ubuntu/reddit_venv/lib/python3.10/site-packages/airflow/example_dags/example_complex.py
[2024-02-14T23:31:54.591+0000] {processor.py:840} INFO - DAG(s) 'example_complex' retrieved from /home/ubuntu/reddit_venv/lib/python3.10/site-packages/airflow/example_dags/example_complex.py
[2024-02-14T23:31:54.618+0000] {logging_mixin.py:188} INFO - [2024-02-14T23:31:54.618+0000] {dag.py:3036} INFO - Sync 1 DAGs
[2024-02-14T23:31:54.629+0000] {logging_mixin.py:188} INFO - [2024-02-14T23:31:54.629+0000] {dag.py:3823} INFO - Setting next_dagrun for example_complex to None, run_after=None
[2024-02-14T23:31:54.653+0000] {processor.py:183} INFO - Processing /home/ubuntu/reddit_venv/lib/python3.10/site-packages/airflow/example_dags/example_complex.py took 0.079 seconds
[2024-02-14T23:32:54.450+0000] {processor.py:161} INFO - Started process (PID=7701) to work on /home/ubuntu/reddit_venv/lib/python3.10/site-packages/airflow/example_dags/example_complex.py
[2024-02-14T23:32:54.451+0000] {processor.py:830} INFO - Processing file /home/ubuntu/reddit_venv/lib/python3.10/site-packages/airflow/example_dags/example_complex.py for tasks to queue
[2024-02-14T23:32:54.452+0000] {logging_mixin.py:188} INFO - [2024-02-14T23:32:54.452+0000] {dagbag.py:538} INFO - Filling up the DagBag from /home/ubuntu/reddit_venv/lib/python3.10/site-packages/airflow/example_dags/example_complex.py
[2024-02-14T23:32:54.464+0000] {processor.py:840} INFO - DAG(s) 'example_complex' retrieved from /home/ubuntu/reddit_venv/lib/python3.10/site-packages/airflow/example_dags/example_complex.py
[2024-02-14T23:32:54.492+0000] {logging_mixin.py:188} INFO - [2024-02-14T23:32:54.492+0000] {dag.py:3036} INFO - Sync 1 DAGs
[2024-02-14T23:32:54.504+0000] {logging_mixin.py:188} INFO - [2024-02-14T23:32:54.503+0000] {dag.py:3823} INFO - Setting next_dagrun for example_complex to None, run_after=None
[2024-02-14T23:32:54.526+0000] {processor.py:183} INFO - Processing /home/ubuntu/reddit_venv/lib/python3.10/site-packages/airflow/example_dags/example_complex.py took 0.080 seconds
[2024-02-14T23:33:49.114+0000] {processor.py:161} INFO - Started process (PID=7828) to work on /home/ubuntu/reddit_venv/lib/python3.10/site-packages/airflow/example_dags/example_complex.py
[2024-02-14T23:33:49.115+0000] {processor.py:830} INFO - Processing file /home/ubuntu/reddit_venv/lib/python3.10/site-packages/airflow/example_dags/example_complex.py for tasks to queue
[2024-02-14T23:33:49.116+0000] {logging_mixin.py:188} INFO - [2024-02-14T23:33:49.116+0000] {dagbag.py:538} INFO - Filling up the DagBag from /home/ubuntu/reddit_venv/lib/python3.10/site-packages/airflow/example_dags/example_complex.py
[2024-02-14T23:33:49.128+0000] {processor.py:840} INFO - DAG(s) 'example_complex' retrieved from /home/ubuntu/reddit_venv/lib/python3.10/site-packages/airflow/example_dags/example_complex.py
[2024-02-14T23:33:49.156+0000] {logging_mixin.py:188} INFO - [2024-02-14T23:33:49.156+0000] {dag.py:3036} INFO - Sync 1 DAGs
[2024-02-14T23:33:49.167+0000] {logging_mixin.py:188} INFO - [2024-02-14T23:33:49.167+0000] {dag.py:3823} INFO - Setting next_dagrun for example_complex to None, run_after=None
[2024-02-14T23:33:49.190+0000] {processor.py:183} INFO - Processing /home/ubuntu/reddit_venv/lib/python3.10/site-packages/airflow/example_dags/example_complex.py took 0.080 seconds
[2024-02-14T23:34:44.616+0000] {processor.py:161} INFO - Started process (PID=7953) to work on /home/ubuntu/reddit_venv/lib/python3.10/site-packages/airflow/example_dags/example_complex.py
[2024-02-14T23:34:44.618+0000] {processor.py:830} INFO - Processing file /home/ubuntu/reddit_venv/lib/python3.10/site-packages/airflow/example_dags/example_complex.py for tasks to queue
[2024-02-14T23:34:44.619+0000] {logging_mixin.py:188} INFO - [2024-02-14T23:34:44.619+0000] {dagbag.py:538} INFO - Filling up the DagBag from /home/ubuntu/reddit_venv/lib/python3.10/site-packages/airflow/example_dags/example_complex.py
[2024-02-14T23:34:44.631+0000] {processor.py:840} INFO - DAG(s) 'example_complex' retrieved from /home/ubuntu/reddit_venv/lib/python3.10/site-packages/airflow/example_dags/example_complex.py
[2024-02-14T23:34:44.658+0000] {logging_mixin.py:188} INFO - [2024-02-14T23:34:44.658+0000] {dag.py:3036} INFO - Sync 1 DAGs
[2024-02-14T23:34:44.670+0000] {logging_mixin.py:188} INFO - [2024-02-14T23:34:44.669+0000] {dag.py:3823} INFO - Setting next_dagrun for example_complex to None, run_after=None
[2024-02-14T23:34:44.691+0000] {processor.py:183} INFO - Processing /home/ubuntu/reddit_venv/lib/python3.10/site-packages/airflow/example_dags/example_complex.py took 0.078 seconds
[2024-02-14T23:35:42.459+0000] {processor.py:161} INFO - Started process (PID=8080) to work on /home/ubuntu/reddit_venv/lib/python3.10/site-packages/airflow/example_dags/example_complex.py
[2024-02-14T23:35:42.461+0000] {processor.py:830} INFO - Processing file /home/ubuntu/reddit_venv/lib/python3.10/site-packages/airflow/example_dags/example_complex.py for tasks to queue
[2024-02-14T23:35:42.462+0000] {logging_mixin.py:188} INFO - [2024-02-14T23:35:42.462+0000] {dagbag.py:538} INFO - Filling up the DagBag from /home/ubuntu/reddit_venv/lib/python3.10/site-packages/airflow/example_dags/example_complex.py
[2024-02-14T23:35:42.474+0000] {processor.py:840} INFO - DAG(s) 'example_complex' retrieved from /home/ubuntu/reddit_venv/lib/python3.10/site-packages/airflow/example_dags/example_complex.py
[2024-02-14T23:35:42.501+0000] {logging_mixin.py:188} INFO - [2024-02-14T23:35:42.501+0000] {dag.py:3036} INFO - Sync 1 DAGs
[2024-02-14T23:35:42.513+0000] {logging_mixin.py:188} INFO - [2024-02-14T23:35:42.513+0000] {dag.py:3823} INFO - Setting next_dagrun for example_complex to None, run_after=None
[2024-02-14T23:35:42.535+0000] {processor.py:183} INFO - Processing /home/ubuntu/reddit_venv/lib/python3.10/site-packages/airflow/example_dags/example_complex.py took 0.080 seconds
[2024-02-14T23:36:38.946+0000] {processor.py:161} INFO - Started process (PID=8203) to work on /home/ubuntu/reddit_venv/lib/python3.10/site-packages/airflow/example_dags/example_complex.py
[2024-02-14T23:36:38.948+0000] {processor.py:830} INFO - Processing file /home/ubuntu/reddit_venv/lib/python3.10/site-packages/airflow/example_dags/example_complex.py for tasks to queue
[2024-02-14T23:36:38.949+0000] {logging_mixin.py:188} INFO - [2024-02-14T23:36:38.948+0000] {dagbag.py:538} INFO - Filling up the DagBag from /home/ubuntu/reddit_venv/lib/python3.10/site-packages/airflow/example_dags/example_complex.py
[2024-02-14T23:36:38.960+0000] {processor.py:840} INFO - DAG(s) 'example_complex' retrieved from /home/ubuntu/reddit_venv/lib/python3.10/site-packages/airflow/example_dags/example_complex.py
[2024-02-14T23:36:38.987+0000] {logging_mixin.py:188} INFO - [2024-02-14T23:36:38.987+0000] {dag.py:3036} INFO - Sync 1 DAGs
[2024-02-14T23:36:38.999+0000] {logging_mixin.py:188} INFO - [2024-02-14T23:36:38.999+0000] {dag.py:3823} INFO - Setting next_dagrun for example_complex to None, run_after=None
[2024-02-14T23:36:39.020+0000] {processor.py:183} INFO - Processing /home/ubuntu/reddit_venv/lib/python3.10/site-packages/airflow/example_dags/example_complex.py took 0.077 seconds
[2024-02-14T23:37:38.937+0000] {processor.py:161} INFO - Started process (PID=8336) to work on /home/ubuntu/reddit_venv/lib/python3.10/site-packages/airflow/example_dags/example_complex.py
[2024-02-14T23:37:38.939+0000] {processor.py:830} INFO - Processing file /home/ubuntu/reddit_venv/lib/python3.10/site-packages/airflow/example_dags/example_complex.py for tasks to queue
[2024-02-14T23:37:38.940+0000] {logging_mixin.py:188} INFO - [2024-02-14T23:37:38.939+0000] {dagbag.py:538} INFO - Filling up the DagBag from /home/ubuntu/reddit_venv/lib/python3.10/site-packages/airflow/example_dags/example_complex.py
[2024-02-14T23:37:38.951+0000] {processor.py:840} INFO - DAG(s) 'example_complex' retrieved from /home/ubuntu/reddit_venv/lib/python3.10/site-packages/airflow/example_dags/example_complex.py
[2024-02-14T23:37:38.978+0000] {logging_mixin.py:188} INFO - [2024-02-14T23:37:38.978+0000] {dag.py:3036} INFO - Sync 1 DAGs
[2024-02-14T23:37:38.990+0000] {logging_mixin.py:188} INFO - [2024-02-14T23:37:38.989+0000] {dag.py:3823} INFO - Setting next_dagrun for example_complex to None, run_after=None
[2024-02-14T23:37:39.011+0000] {processor.py:183} INFO - Processing /home/ubuntu/reddit_venv/lib/python3.10/site-packages/airflow/example_dags/example_complex.py took 0.077 seconds
[2024-02-14T23:38:36.516+0000] {processor.py:161} INFO - Started process (PID=8762) to work on /home/ubuntu/reddit_venv/lib/python3.10/site-packages/airflow/example_dags/example_complex.py
[2024-02-14T23:38:36.518+0000] {processor.py:830} INFO - Processing file /home/ubuntu/reddit_venv/lib/python3.10/site-packages/airflow/example_dags/example_complex.py for tasks to queue
[2024-02-14T23:38:36.519+0000] {logging_mixin.py:188} INFO - [2024-02-14T23:38:36.518+0000] {dagbag.py:538} INFO - Filling up the DagBag from /home/ubuntu/reddit_venv/lib/python3.10/site-packages/airflow/example_dags/example_complex.py
[2024-02-14T23:38:36.531+0000] {processor.py:840} INFO - DAG(s) 'example_complex' retrieved from /home/ubuntu/reddit_venv/lib/python3.10/site-packages/airflow/example_dags/example_complex.py
[2024-02-14T23:38:36.557+0000] {logging_mixin.py:188} INFO - [2024-02-14T23:38:36.557+0000] {dag.py:3036} INFO - Sync 1 DAGs
[2024-02-14T23:38:36.570+0000] {logging_mixin.py:188} INFO - [2024-02-14T23:38:36.570+0000] {dag.py:3823} INFO - Setting next_dagrun for example_complex to None, run_after=None
[2024-02-14T23:38:36.592+0000] {processor.py:183} INFO - Processing /home/ubuntu/reddit_venv/lib/python3.10/site-packages/airflow/example_dags/example_complex.py took 0.079 seconds
[2024-02-14T23:39:32.546+0000] {processor.py:161} INFO - Started process (PID=9256) to work on /home/ubuntu/reddit_venv/lib/python3.10/site-packages/airflow/example_dags/example_complex.py
[2024-02-14T23:39:32.548+0000] {processor.py:830} INFO - Processing file /home/ubuntu/reddit_venv/lib/python3.10/site-packages/airflow/example_dags/example_complex.py for tasks to queue
[2024-02-14T23:39:32.549+0000] {logging_mixin.py:188} INFO - [2024-02-14T23:39:32.549+0000] {dagbag.py:538} INFO - Filling up the DagBag from /home/ubuntu/reddit_venv/lib/python3.10/site-packages/airflow/example_dags/example_complex.py
[2024-02-14T23:39:32.561+0000] {processor.py:840} INFO - DAG(s) 'example_complex' retrieved from /home/ubuntu/reddit_venv/lib/python3.10/site-packages/airflow/example_dags/example_complex.py
[2024-02-14T23:39:32.589+0000] {logging_mixin.py:188} INFO - [2024-02-14T23:39:32.589+0000] {dag.py:3036} INFO - Sync 1 DAGs
[2024-02-14T23:39:32.601+0000] {logging_mixin.py:188} INFO - [2024-02-14T23:39:32.601+0000] {dag.py:3823} INFO - Setting next_dagrun for example_complex to None, run_after=None
[2024-02-14T23:39:32.625+0000] {processor.py:183} INFO - Processing /home/ubuntu/reddit_venv/lib/python3.10/site-packages/airflow/example_dags/example_complex.py took 0.082 seconds
[2024-02-14T23:40:28.566+0000] {processor.py:161} INFO - Started process (PID=9383) to work on /home/ubuntu/reddit_venv/lib/python3.10/site-packages/airflow/example_dags/example_complex.py
[2024-02-14T23:40:28.567+0000] {processor.py:830} INFO - Processing file /home/ubuntu/reddit_venv/lib/python3.10/site-packages/airflow/example_dags/example_complex.py for tasks to queue
[2024-02-14T23:40:28.568+0000] {logging_mixin.py:188} INFO - [2024-02-14T23:40:28.568+0000] {dagbag.py:538} INFO - Filling up the DagBag from /home/ubuntu/reddit_venv/lib/python3.10/site-packages/airflow/example_dags/example_complex.py
[2024-02-14T23:40:28.580+0000] {processor.py:840} INFO - DAG(s) 'example_complex' retrieved from /home/ubuntu/reddit_venv/lib/python3.10/site-packages/airflow/example_dags/example_complex.py
[2024-02-14T23:40:28.607+0000] {logging_mixin.py:188} INFO - [2024-02-14T23:40:28.607+0000] {dag.py:3036} INFO - Sync 1 DAGs
[2024-02-14T23:40:28.619+0000] {logging_mixin.py:188} INFO - [2024-02-14T23:40:28.619+0000] {dag.py:3823} INFO - Setting next_dagrun for example_complex to None, run_after=None
[2024-02-14T23:40:28.640+0000] {processor.py:183} INFO - Processing /home/ubuntu/reddit_venv/lib/python3.10/site-packages/airflow/example_dags/example_complex.py took 0.078 seconds
[2024-02-14T23:41:25.927+0000] {processor.py:161} INFO - Started process (PID=9446) to work on /home/ubuntu/reddit_venv/lib/python3.10/site-packages/airflow/example_dags/example_complex.py
[2024-02-14T23:41:25.929+0000] {processor.py:830} INFO - Processing file /home/ubuntu/reddit_venv/lib/python3.10/site-packages/airflow/example_dags/example_complex.py for tasks to queue
[2024-02-14T23:41:25.930+0000] {logging_mixin.py:188} INFO - [2024-02-14T23:41:25.929+0000] {dagbag.py:538} INFO - Filling up the DagBag from /home/ubuntu/reddit_venv/lib/python3.10/site-packages/airflow/example_dags/example_complex.py
[2024-02-14T23:41:25.942+0000] {processor.py:840} INFO - DAG(s) 'example_complex' retrieved from /home/ubuntu/reddit_venv/lib/python3.10/site-packages/airflow/example_dags/example_complex.py
[2024-02-14T23:41:25.969+0000] {logging_mixin.py:188} INFO - [2024-02-14T23:41:25.969+0000] {dag.py:3036} INFO - Sync 1 DAGs
[2024-02-14T23:41:25.981+0000] {logging_mixin.py:188} INFO - [2024-02-14T23:41:25.981+0000] {dag.py:3823} INFO - Setting next_dagrun for example_complex to None, run_after=None
[2024-02-14T23:41:26.003+0000] {processor.py:183} INFO - Processing /home/ubuntu/reddit_venv/lib/python3.10/site-packages/airflow/example_dags/example_complex.py took 0.079 seconds
[2024-02-14T23:42:21.473+0000] {processor.py:161} INFO - Started process (PID=9571) to work on /home/ubuntu/reddit_venv/lib/python3.10/site-packages/airflow/example_dags/example_complex.py
[2024-02-14T23:42:21.477+0000] {processor.py:830} INFO - Processing file /home/ubuntu/reddit_venv/lib/python3.10/site-packages/airflow/example_dags/example_complex.py for tasks to queue
[2024-02-14T23:42:21.478+0000] {logging_mixin.py:188} INFO - [2024-02-14T23:42:21.478+0000] {dagbag.py:538} INFO - Filling up the DagBag from /home/ubuntu/reddit_venv/lib/python3.10/site-packages/airflow/example_dags/example_complex.py
[2024-02-14T23:42:21.490+0000] {processor.py:840} INFO - DAG(s) 'example_complex' retrieved from /home/ubuntu/reddit_venv/lib/python3.10/site-packages/airflow/example_dags/example_complex.py
[2024-02-14T23:42:21.517+0000] {logging_mixin.py:188} INFO - [2024-02-14T23:42:21.516+0000] {dag.py:3036} INFO - Sync 1 DAGs
[2024-02-14T23:42:21.528+0000] {logging_mixin.py:188} INFO - [2024-02-14T23:42:21.528+0000] {dag.py:3823} INFO - Setting next_dagrun for example_complex to None, run_after=None
[2024-02-14T23:42:21.549+0000] {processor.py:183} INFO - Processing /home/ubuntu/reddit_venv/lib/python3.10/site-packages/airflow/example_dags/example_complex.py took 0.080 seconds
[2024-02-14T23:43:20.238+0000] {processor.py:161} INFO - Started process (PID=9696) to work on /home/ubuntu/reddit_venv/lib/python3.10/site-packages/airflow/example_dags/example_complex.py
[2024-02-14T23:43:20.239+0000] {processor.py:830} INFO - Processing file /home/ubuntu/reddit_venv/lib/python3.10/site-packages/airflow/example_dags/example_complex.py for tasks to queue
[2024-02-14T23:43:20.240+0000] {logging_mixin.py:188} INFO - [2024-02-14T23:43:20.240+0000] {dagbag.py:538} INFO - Filling up the DagBag from /home/ubuntu/reddit_venv/lib/python3.10/site-packages/airflow/example_dags/example_complex.py
[2024-02-14T23:43:20.252+0000] {processor.py:840} INFO - DAG(s) 'example_complex' retrieved from /home/ubuntu/reddit_venv/lib/python3.10/site-packages/airflow/example_dags/example_complex.py
[2024-02-14T23:43:20.279+0000] {logging_mixin.py:188} INFO - [2024-02-14T23:43:20.278+0000] {dag.py:3036} INFO - Sync 1 DAGs
[2024-02-14T23:43:20.290+0000] {logging_mixin.py:188} INFO - [2024-02-14T23:43:20.290+0000] {dag.py:3823} INFO - Setting next_dagrun for example_complex to None, run_after=None
[2024-02-14T23:43:20.313+0000] {processor.py:183} INFO - Processing /home/ubuntu/reddit_venv/lib/python3.10/site-packages/airflow/example_dags/example_complex.py took 0.078 seconds
[2024-02-14T23:44:22.324+0000] {processor.py:161} INFO - Started process (PID=9828) to work on /home/ubuntu/reddit_venv/lib/python3.10/site-packages/airflow/example_dags/example_complex.py
[2024-02-14T23:44:22.326+0000] {processor.py:830} INFO - Processing file /home/ubuntu/reddit_venv/lib/python3.10/site-packages/airflow/example_dags/example_complex.py for tasks to queue
[2024-02-14T23:44:22.327+0000] {logging_mixin.py:188} INFO - [2024-02-14T23:44:22.327+0000] {dagbag.py:538} INFO - Filling up the DagBag from /home/ubuntu/reddit_venv/lib/python3.10/site-packages/airflow/example_dags/example_complex.py
[2024-02-14T23:44:22.339+0000] {processor.py:840} INFO - DAG(s) 'example_complex' retrieved from /home/ubuntu/reddit_venv/lib/python3.10/site-packages/airflow/example_dags/example_complex.py
[2024-02-14T23:44:22.366+0000] {logging_mixin.py:188} INFO - [2024-02-14T23:44:22.366+0000] {dag.py:3036} INFO - Sync 1 DAGs
[2024-02-14T23:44:22.378+0000] {logging_mixin.py:188} INFO - [2024-02-14T23:44:22.378+0000] {dag.py:3823} INFO - Setting next_dagrun for example_complex to None, run_after=None
[2024-02-14T23:44:22.401+0000] {processor.py:183} INFO - Processing /home/ubuntu/reddit_venv/lib/python3.10/site-packages/airflow/example_dags/example_complex.py took 0.081 seconds
[2024-02-14T23:45:36.718+0000] {processor.py:161} INFO - Started process (PID=10343) to work on /home/ubuntu/reddit_venv/lib/python3.10/site-packages/airflow/example_dags/example_complex.py
[2024-02-14T23:45:36.720+0000] {processor.py:830} INFO - Processing file /home/ubuntu/reddit_venv/lib/python3.10/site-packages/airflow/example_dags/example_complex.py for tasks to queue
[2024-02-14T23:45:36.721+0000] {logging_mixin.py:188} INFO - [2024-02-14T23:45:36.720+0000] {dagbag.py:538} INFO - Filling up the DagBag from /home/ubuntu/reddit_venv/lib/python3.10/site-packages/airflow/example_dags/example_complex.py
[2024-02-14T23:45:36.733+0000] {processor.py:840} INFO - DAG(s) 'example_complex' retrieved from /home/ubuntu/reddit_venv/lib/python3.10/site-packages/airflow/example_dags/example_complex.py
[2024-02-14T23:45:36.760+0000] {logging_mixin.py:188} INFO - [2024-02-14T23:45:36.760+0000] {dag.py:3036} INFO - Sync 1 DAGs
[2024-02-14T23:45:36.773+0000] {logging_mixin.py:188} INFO - [2024-02-14T23:45:36.773+0000] {dag.py:3823} INFO - Setting next_dagrun for example_complex to None, run_after=None
[2024-02-14T23:45:36.795+0000] {processor.py:183} INFO - Processing /home/ubuntu/reddit_venv/lib/python3.10/site-packages/airflow/example_dags/example_complex.py took 0.080 seconds
[2024-02-14T23:46:29.308+0000] {processor.py:161} INFO - Started process (PID=10463) to work on /home/ubuntu/reddit_venv/lib/python3.10/site-packages/airflow/example_dags/example_complex.py
[2024-02-14T23:46:29.310+0000] {processor.py:830} INFO - Processing file /home/ubuntu/reddit_venv/lib/python3.10/site-packages/airflow/example_dags/example_complex.py for tasks to queue
[2024-02-14T23:46:29.311+0000] {logging_mixin.py:188} INFO - [2024-02-14T23:46:29.310+0000] {dagbag.py:538} INFO - Filling up the DagBag from /home/ubuntu/reddit_venv/lib/python3.10/site-packages/airflow/example_dags/example_complex.py
[2024-02-14T23:46:29.322+0000] {processor.py:840} INFO - DAG(s) 'example_complex' retrieved from /home/ubuntu/reddit_venv/lib/python3.10/site-packages/airflow/example_dags/example_complex.py
[2024-02-14T23:46:29.349+0000] {logging_mixin.py:188} INFO - [2024-02-14T23:46:29.349+0000] {dag.py:3036} INFO - Sync 1 DAGs
[2024-02-14T23:46:29.361+0000] {logging_mixin.py:188} INFO - [2024-02-14T23:46:29.361+0000] {dag.py:3823} INFO - Setting next_dagrun for example_complex to None, run_after=None
[2024-02-14T23:46:29.386+0000] {processor.py:183} INFO - Processing /home/ubuntu/reddit_venv/lib/python3.10/site-packages/airflow/example_dags/example_complex.py took 0.081 seconds
[2024-02-14T23:47:23.554+0000] {processor.py:161} INFO - Started process (PID=10530) to work on /home/ubuntu/reddit_venv/lib/python3.10/site-packages/airflow/example_dags/example_complex.py
[2024-02-14T23:47:23.555+0000] {processor.py:830} INFO - Processing file /home/ubuntu/reddit_venv/lib/python3.10/site-packages/airflow/example_dags/example_complex.py for tasks to queue
[2024-02-14T23:47:23.556+0000] {logging_mixin.py:188} INFO - [2024-02-14T23:47:23.556+0000] {dagbag.py:538} INFO - Filling up the DagBag from /home/ubuntu/reddit_venv/lib/python3.10/site-packages/airflow/example_dags/example_complex.py
[2024-02-14T23:47:23.569+0000] {processor.py:840} INFO - DAG(s) 'example_complex' retrieved from /home/ubuntu/reddit_venv/lib/python3.10/site-packages/airflow/example_dags/example_complex.py
[2024-02-14T23:47:23.596+0000] {logging_mixin.py:188} INFO - [2024-02-14T23:47:23.596+0000] {dag.py:3036} INFO - Sync 1 DAGs
[2024-02-14T23:47:23.608+0000] {logging_mixin.py:188} INFO - [2024-02-14T23:47:23.608+0000] {dag.py:3823} INFO - Setting next_dagrun for example_complex to None, run_after=None
[2024-02-14T23:47:23.632+0000] {processor.py:183} INFO - Processing /home/ubuntu/reddit_venv/lib/python3.10/site-packages/airflow/example_dags/example_complex.py took 0.082 seconds
[2024-02-14T23:48:24.869+0000] {processor.py:161} INFO - Started process (PID=10656) to work on /home/ubuntu/reddit_venv/lib/python3.10/site-packages/airflow/example_dags/example_complex.py
[2024-02-14T23:48:24.872+0000] {processor.py:830} INFO - Processing file /home/ubuntu/reddit_venv/lib/python3.10/site-packages/airflow/example_dags/example_complex.py for tasks to queue
[2024-02-14T23:48:24.873+0000] {logging_mixin.py:188} INFO - [2024-02-14T23:48:24.873+0000] {dagbag.py:538} INFO - Filling up the DagBag from /home/ubuntu/reddit_venv/lib/python3.10/site-packages/airflow/example_dags/example_complex.py
[2024-02-14T23:48:24.885+0000] {processor.py:840} INFO - DAG(s) 'example_complex' retrieved from /home/ubuntu/reddit_venv/lib/python3.10/site-packages/airflow/example_dags/example_complex.py
[2024-02-14T23:48:24.913+0000] {logging_mixin.py:188} INFO - [2024-02-14T23:48:24.913+0000] {dag.py:3036} INFO - Sync 1 DAGs
[2024-02-14T23:48:24.925+0000] {logging_mixin.py:188} INFO - [2024-02-14T23:48:24.925+0000] {dag.py:3823} INFO - Setting next_dagrun for example_complex to None, run_after=None
[2024-02-14T23:48:24.948+0000] {processor.py:183} INFO - Processing /home/ubuntu/reddit_venv/lib/python3.10/site-packages/airflow/example_dags/example_complex.py took 0.082 seconds
[2024-02-14T23:49:18.264+0000] {processor.py:161} INFO - Started process (PID=10781) to work on /home/ubuntu/reddit_venv/lib/python3.10/site-packages/airflow/example_dags/example_complex.py
[2024-02-14T23:49:18.266+0000] {processor.py:830} INFO - Processing file /home/ubuntu/reddit_venv/lib/python3.10/site-packages/airflow/example_dags/example_complex.py for tasks to queue
[2024-02-14T23:49:18.267+0000] {logging_mixin.py:188} INFO - [2024-02-14T23:49:18.266+0000] {dagbag.py:538} INFO - Filling up the DagBag from /home/ubuntu/reddit_venv/lib/python3.10/site-packages/airflow/example_dags/example_complex.py
[2024-02-14T23:49:18.279+0000] {processor.py:840} INFO - DAG(s) 'example_complex' retrieved from /home/ubuntu/reddit_venv/lib/python3.10/site-packages/airflow/example_dags/example_complex.py
[2024-02-14T23:49:18.307+0000] {logging_mixin.py:188} INFO - [2024-02-14T23:49:18.307+0000] {dag.py:3036} INFO - Sync 1 DAGs
[2024-02-14T23:49:18.319+0000] {logging_mixin.py:188} INFO - [2024-02-14T23:49:18.319+0000] {dag.py:3823} INFO - Setting next_dagrun for example_complex to None, run_after=None
[2024-02-14T23:49:18.341+0000] {processor.py:183} INFO - Processing /home/ubuntu/reddit_venv/lib/python3.10/site-packages/airflow/example_dags/example_complex.py took 0.080 seconds
[2024-02-14T23:50:14.077+0000] {processor.py:161} INFO - Started process (PID=10964) to work on /home/ubuntu/reddit_venv/lib/python3.10/site-packages/airflow/example_dags/example_complex.py
[2024-02-14T23:50:14.079+0000] {processor.py:830} INFO - Processing file /home/ubuntu/reddit_venv/lib/python3.10/site-packages/airflow/example_dags/example_complex.py for tasks to queue
[2024-02-14T23:50:14.080+0000] {logging_mixin.py:188} INFO - [2024-02-14T23:50:14.079+0000] {dagbag.py:538} INFO - Filling up the DagBag from /home/ubuntu/reddit_venv/lib/python3.10/site-packages/airflow/example_dags/example_complex.py
[2024-02-14T23:50:14.092+0000] {processor.py:840} INFO - DAG(s) 'example_complex' retrieved from /home/ubuntu/reddit_venv/lib/python3.10/site-packages/airflow/example_dags/example_complex.py
[2024-02-14T23:50:14.120+0000] {logging_mixin.py:188} INFO - [2024-02-14T23:50:14.120+0000] {dag.py:3036} INFO - Sync 1 DAGs
[2024-02-14T23:50:14.133+0000] {logging_mixin.py:188} INFO - [2024-02-14T23:50:14.132+0000] {dag.py:3823} INFO - Setting next_dagrun for example_complex to None, run_after=None
[2024-02-14T23:50:14.156+0000] {processor.py:183} INFO - Processing /home/ubuntu/reddit_venv/lib/python3.10/site-packages/airflow/example_dags/example_complex.py took 0.082 seconds
[2024-02-14T23:51:10.396+0000] {processor.py:161} INFO - Started process (PID=11090) to work on /home/ubuntu/reddit_venv/lib/python3.10/site-packages/airflow/example_dags/example_complex.py
[2024-02-14T23:51:10.397+0000] {processor.py:830} INFO - Processing file /home/ubuntu/reddit_venv/lib/python3.10/site-packages/airflow/example_dags/example_complex.py for tasks to queue
[2024-02-14T23:51:10.398+0000] {logging_mixin.py:188} INFO - [2024-02-14T23:51:10.398+0000] {dagbag.py:538} INFO - Filling up the DagBag from /home/ubuntu/reddit_venv/lib/python3.10/site-packages/airflow/example_dags/example_complex.py
[2024-02-14T23:51:10.410+0000] {processor.py:840} INFO - DAG(s) 'example_complex' retrieved from /home/ubuntu/reddit_venv/lib/python3.10/site-packages/airflow/example_dags/example_complex.py
[2024-02-14T23:51:10.437+0000] {logging_mixin.py:188} INFO - [2024-02-14T23:51:10.437+0000] {dag.py:3036} INFO - Sync 1 DAGs
[2024-02-14T23:51:10.449+0000] {logging_mixin.py:188} INFO - [2024-02-14T23:51:10.448+0000] {dag.py:3823} INFO - Setting next_dagrun for example_complex to None, run_after=None
[2024-02-14T23:51:10.470+0000] {processor.py:183} INFO - Processing /home/ubuntu/reddit_venv/lib/python3.10/site-packages/airflow/example_dags/example_complex.py took 0.078 seconds
[2024-02-14T23:52:09.778+0000] {processor.py:161} INFO - Started process (PID=11220) to work on /home/ubuntu/reddit_venv/lib/python3.10/site-packages/airflow/example_dags/example_complex.py
[2024-02-14T23:52:09.780+0000] {processor.py:830} INFO - Processing file /home/ubuntu/reddit_venv/lib/python3.10/site-packages/airflow/example_dags/example_complex.py for tasks to queue
[2024-02-14T23:52:09.781+0000] {logging_mixin.py:188} INFO - [2024-02-14T23:52:09.780+0000] {dagbag.py:538} INFO - Filling up the DagBag from /home/ubuntu/reddit_venv/lib/python3.10/site-packages/airflow/example_dags/example_complex.py
[2024-02-14T23:52:09.792+0000] {processor.py:840} INFO - DAG(s) 'example_complex' retrieved from /home/ubuntu/reddit_venv/lib/python3.10/site-packages/airflow/example_dags/example_complex.py
[2024-02-14T23:52:09.819+0000] {logging_mixin.py:188} INFO - [2024-02-14T23:52:09.819+0000] {dag.py:3036} INFO - Sync 1 DAGs
[2024-02-14T23:52:09.831+0000] {logging_mixin.py:188} INFO - [2024-02-14T23:52:09.831+0000] {dag.py:3823} INFO - Setting next_dagrun for example_complex to None, run_after=None
[2024-02-14T23:52:09.853+0000] {processor.py:183} INFO - Processing /home/ubuntu/reddit_venv/lib/python3.10/site-packages/airflow/example_dags/example_complex.py took 0.078 seconds
[2024-02-14T23:53:15.418+0000] {processor.py:161} INFO - Started process (PID=11350) to work on /home/ubuntu/reddit_venv/lib/python3.10/site-packages/airflow/example_dags/example_complex.py
[2024-02-14T23:53:15.420+0000] {processor.py:830} INFO - Processing file /home/ubuntu/reddit_venv/lib/python3.10/site-packages/airflow/example_dags/example_complex.py for tasks to queue
[2024-02-14T23:53:15.421+0000] {logging_mixin.py:188} INFO - [2024-02-14T23:53:15.421+0000] {dagbag.py:538} INFO - Filling up the DagBag from /home/ubuntu/reddit_venv/lib/python3.10/site-packages/airflow/example_dags/example_complex.py
[2024-02-14T23:53:15.433+0000] {processor.py:840} INFO - DAG(s) 'example_complex' retrieved from /home/ubuntu/reddit_venv/lib/python3.10/site-packages/airflow/example_dags/example_complex.py
[2024-02-14T23:53:15.461+0000] {logging_mixin.py:188} INFO - [2024-02-14T23:53:15.461+0000] {dag.py:3036} INFO - Sync 1 DAGs
[2024-02-14T23:53:15.473+0000] {logging_mixin.py:188} INFO - [2024-02-14T23:53:15.472+0000] {dag.py:3823} INFO - Setting next_dagrun for example_complex to None, run_after=None
[2024-02-14T23:53:15.495+0000] {processor.py:183} INFO - Processing /home/ubuntu/reddit_venv/lib/python3.10/site-packages/airflow/example_dags/example_complex.py took 0.080 seconds
[2024-02-14T23:54:17.355+0000] {processor.py:161} INFO - Started process (PID=11480) to work on /home/ubuntu/reddit_venv/lib/python3.10/site-packages/airflow/example_dags/example_complex.py
[2024-02-14T23:54:17.357+0000] {processor.py:830} INFO - Processing file /home/ubuntu/reddit_venv/lib/python3.10/site-packages/airflow/example_dags/example_complex.py for tasks to queue
[2024-02-14T23:54:17.357+0000] {logging_mixin.py:188} INFO - [2024-02-14T23:54:17.357+0000] {dagbag.py:538} INFO - Filling up the DagBag from /home/ubuntu/reddit_venv/lib/python3.10/site-packages/airflow/example_dags/example_complex.py
[2024-02-14T23:54:17.369+0000] {processor.py:840} INFO - DAG(s) 'example_complex' retrieved from /home/ubuntu/reddit_venv/lib/python3.10/site-packages/airflow/example_dags/example_complex.py
[2024-02-14T23:54:17.395+0000] {logging_mixin.py:188} INFO - [2024-02-14T23:54:17.395+0000] {dag.py:3036} INFO - Sync 1 DAGs
[2024-02-14T23:54:17.407+0000] {logging_mixin.py:188} INFO - [2024-02-14T23:54:17.407+0000] {dag.py:3823} INFO - Setting next_dagrun for example_complex to None, run_after=None
[2024-02-14T23:54:17.432+0000] {processor.py:183} INFO - Processing /home/ubuntu/reddit_venv/lib/python3.10/site-packages/airflow/example_dags/example_complex.py took 0.080 seconds
[2024-02-14T23:55:18.282+0000] {processor.py:161} INFO - Started process (PID=11671) to work on /home/ubuntu/reddit_venv/lib/python3.10/site-packages/airflow/example_dags/example_complex.py
[2024-02-14T23:55:18.284+0000] {processor.py:830} INFO - Processing file /home/ubuntu/reddit_venv/lib/python3.10/site-packages/airflow/example_dags/example_complex.py for tasks to queue
[2024-02-14T23:55:18.285+0000] {logging_mixin.py:188} INFO - [2024-02-14T23:55:18.284+0000] {dagbag.py:538} INFO - Filling up the DagBag from /home/ubuntu/reddit_venv/lib/python3.10/site-packages/airflow/example_dags/example_complex.py
[2024-02-14T23:55:18.297+0000] {processor.py:840} INFO - DAG(s) 'example_complex' retrieved from /home/ubuntu/reddit_venv/lib/python3.10/site-packages/airflow/example_dags/example_complex.py
[2024-02-14T23:55:18.325+0000] {logging_mixin.py:188} INFO - [2024-02-14T23:55:18.324+0000] {dag.py:3036} INFO - Sync 1 DAGs
[2024-02-14T23:55:18.337+0000] {logging_mixin.py:188} INFO - [2024-02-14T23:55:18.337+0000] {dag.py:3823} INFO - Setting next_dagrun for example_complex to None, run_after=None
[2024-02-14T23:55:18.361+0000] {processor.py:183} INFO - Processing /home/ubuntu/reddit_venv/lib/python3.10/site-packages/airflow/example_dags/example_complex.py took 0.082 seconds
[2024-02-14T23:56:16.420+0000] {processor.py:161} INFO - Started process (PID=11799) to work on /home/ubuntu/reddit_venv/lib/python3.10/site-packages/airflow/example_dags/example_complex.py
[2024-02-14T23:56:16.422+0000] {processor.py:830} INFO - Processing file /home/ubuntu/reddit_venv/lib/python3.10/site-packages/airflow/example_dags/example_complex.py for tasks to queue
[2024-02-14T23:56:16.423+0000] {logging_mixin.py:188} INFO - [2024-02-14T23:56:16.422+0000] {dagbag.py:538} INFO - Filling up the DagBag from /home/ubuntu/reddit_venv/lib/python3.10/site-packages/airflow/example_dags/example_complex.py
[2024-02-14T23:56:16.435+0000] {processor.py:840} INFO - DAG(s) 'example_complex' retrieved from /home/ubuntu/reddit_venv/lib/python3.10/site-packages/airflow/example_dags/example_complex.py
[2024-02-14T23:56:16.461+0000] {logging_mixin.py:188} INFO - [2024-02-14T23:56:16.461+0000] {dag.py:3036} INFO - Sync 1 DAGs
[2024-02-14T23:56:16.473+0000] {logging_mixin.py:188} INFO - [2024-02-14T23:56:16.473+0000] {dag.py:3823} INFO - Setting next_dagrun for example_complex to None, run_after=None
[2024-02-14T23:56:16.494+0000] {processor.py:183} INFO - Processing /home/ubuntu/reddit_venv/lib/python3.10/site-packages/airflow/example_dags/example_complex.py took 0.078 seconds
[2024-02-14T23:57:12.582+0000] {processor.py:161} INFO - Started process (PID=13428) to work on /home/ubuntu/reddit_venv/lib/python3.10/site-packages/airflow/example_dags/example_complex.py
[2024-02-14T23:57:12.583+0000] {processor.py:830} INFO - Processing file /home/ubuntu/reddit_venv/lib/python3.10/site-packages/airflow/example_dags/example_complex.py for tasks to queue
[2024-02-14T23:57:12.584+0000] {logging_mixin.py:188} INFO - [2024-02-14T23:57:12.584+0000] {dagbag.py:538} INFO - Filling up the DagBag from /home/ubuntu/reddit_venv/lib/python3.10/site-packages/airflow/example_dags/example_complex.py
[2024-02-14T23:57:12.596+0000] {processor.py:840} INFO - DAG(s) 'example_complex' retrieved from /home/ubuntu/reddit_venv/lib/python3.10/site-packages/airflow/example_dags/example_complex.py
[2024-02-14T23:57:12.622+0000] {logging_mixin.py:188} INFO - [2024-02-14T23:57:12.622+0000] {dag.py:3036} INFO - Sync 1 DAGs
[2024-02-14T23:57:12.633+0000] {logging_mixin.py:188} INFO - [2024-02-14T23:57:12.633+0000] {dag.py:3823} INFO - Setting next_dagrun for example_complex to None, run_after=None
[2024-02-14T23:57:12.655+0000] {processor.py:183} INFO - Processing /home/ubuntu/reddit_venv/lib/python3.10/site-packages/airflow/example_dags/example_complex.py took 0.076 seconds
[2024-02-14T23:58:13.139+0000] {processor.py:161} INFO - Started process (PID=21122) to work on /home/ubuntu/reddit_venv/lib/python3.10/site-packages/airflow/example_dags/example_complex.py
[2024-02-14T23:58:13.140+0000] {processor.py:830} INFO - Processing file /home/ubuntu/reddit_venv/lib/python3.10/site-packages/airflow/example_dags/example_complex.py for tasks to queue
[2024-02-14T23:58:13.141+0000] {logging_mixin.py:188} INFO - [2024-02-14T23:58:13.141+0000] {dagbag.py:538} INFO - Filling up the DagBag from /home/ubuntu/reddit_venv/lib/python3.10/site-packages/airflow/example_dags/example_complex.py
[2024-02-14T23:58:13.153+0000] {processor.py:840} INFO - DAG(s) 'example_complex' retrieved from /home/ubuntu/reddit_venv/lib/python3.10/site-packages/airflow/example_dags/example_complex.py
[2024-02-14T23:58:13.181+0000] {logging_mixin.py:188} INFO - [2024-02-14T23:58:13.181+0000] {dag.py:3036} INFO - Sync 1 DAGs
[2024-02-14T23:58:13.193+0000] {logging_mixin.py:188} INFO - [2024-02-14T23:58:13.192+0000] {dag.py:3823} INFO - Setting next_dagrun for example_complex to None, run_after=None
[2024-02-14T23:58:13.217+0000] {processor.py:183} INFO - Processing /home/ubuntu/reddit_venv/lib/python3.10/site-packages/airflow/example_dags/example_complex.py took 0.082 seconds
[2024-02-14T23:59:17.412+0000] {processor.py:161} INFO - Started process (PID=22441) to work on /home/ubuntu/reddit_venv/lib/python3.10/site-packages/airflow/example_dags/example_complex.py
[2024-02-14T23:59:17.413+0000] {processor.py:830} INFO - Processing file /home/ubuntu/reddit_venv/lib/python3.10/site-packages/airflow/example_dags/example_complex.py for tasks to queue
[2024-02-14T23:59:17.414+0000] {logging_mixin.py:188} INFO - [2024-02-14T23:59:17.414+0000] {dagbag.py:538} INFO - Filling up the DagBag from /home/ubuntu/reddit_venv/lib/python3.10/site-packages/airflow/example_dags/example_complex.py
[2024-02-14T23:59:17.426+0000] {processor.py:840} INFO - DAG(s) 'example_complex' retrieved from /home/ubuntu/reddit_venv/lib/python3.10/site-packages/airflow/example_dags/example_complex.py
[2024-02-14T23:59:17.453+0000] {logging_mixin.py:188} INFO - [2024-02-14T23:59:17.453+0000] {dag.py:3036} INFO - Sync 1 DAGs
[2024-02-14T23:59:17.465+0000] {logging_mixin.py:188} INFO - [2024-02-14T23:59:17.464+0000] {dag.py:3823} INFO - Setting next_dagrun for example_complex to None, run_after=None
[2024-02-14T23:59:17.486+0000] {processor.py:183} INFO - Processing /home/ubuntu/reddit_venv/lib/python3.10/site-packages/airflow/example_dags/example_complex.py took 0.077 seconds
