[2024-02-22T00:00:30.863+0000] {processor.py:161} INFO - Started process (PID=4209) to work on /home/ubuntu/reddit_venv/lib/python3.10/site-packages/airflow/example_dags/subdags/subdag.py
[2024-02-22T00:00:30.864+0000] {processor.py:830} INFO - Processing file /home/ubuntu/reddit_venv/lib/python3.10/site-packages/airflow/example_dags/subdags/subdag.py for tasks to queue
[2024-02-22T00:00:30.865+0000] {logging_mixin.py:188} INFO - [2024-02-22T00:00:30.865+0000] {dagbag.py:538} INFO - Filling up the DagBag from /home/ubuntu/reddit_venv/lib/python3.10/site-packages/airflow/example_dags/subdags/subdag.py
[2024-02-22T00:00:30.868+0000] {processor.py:842} WARNING - No viable dags retrieved from /home/ubuntu/reddit_venv/lib/python3.10/site-packages/airflow/example_dags/subdags/subdag.py
[2024-02-22T00:00:30.878+0000] {processor.py:183} INFO - Processing /home/ubuntu/reddit_venv/lib/python3.10/site-packages/airflow/example_dags/subdags/subdag.py took 0.018 seconds
[2024-02-22T00:01:18.168+0000] {processor.py:161} INFO - Started process (PID=4659) to work on /home/ubuntu/reddit_venv/lib/python3.10/site-packages/airflow/example_dags/subdags/subdag.py
[2024-02-22T00:01:18.170+0000] {processor.py:830} INFO - Processing file /home/ubuntu/reddit_venv/lib/python3.10/site-packages/airflow/example_dags/subdags/subdag.py for tasks to queue
[2024-02-22T00:01:18.171+0000] {logging_mixin.py:188} INFO - [2024-02-22T00:01:18.170+0000] {dagbag.py:538} INFO - Filling up the DagBag from /home/ubuntu/reddit_venv/lib/python3.10/site-packages/airflow/example_dags/subdags/subdag.py
[2024-02-22T00:01:18.173+0000] {processor.py:842} WARNING - No viable dags retrieved from /home/ubuntu/reddit_venv/lib/python3.10/site-packages/airflow/example_dags/subdags/subdag.py
[2024-02-22T00:01:18.184+0000] {processor.py:183} INFO - Processing /home/ubuntu/reddit_venv/lib/python3.10/site-packages/airflow/example_dags/subdags/subdag.py took 0.019 seconds
[2024-02-22T00:03:05.950+0000] {processor.py:161} INFO - Started process (PID=5997) to work on /home/ubuntu/reddit_venv/lib/python3.10/site-packages/airflow/example_dags/subdags/subdag.py
[2024-02-22T00:03:05.952+0000] {processor.py:830} INFO - Processing file /home/ubuntu/reddit_venv/lib/python3.10/site-packages/airflow/example_dags/subdags/subdag.py for tasks to queue
[2024-02-22T00:03:05.953+0000] {logging_mixin.py:188} INFO - [2024-02-22T00:03:05.953+0000] {dagbag.py:538} INFO - Filling up the DagBag from /home/ubuntu/reddit_venv/lib/python3.10/site-packages/airflow/example_dags/subdags/subdag.py
[2024-02-22T00:03:05.956+0000] {processor.py:842} WARNING - No viable dags retrieved from /home/ubuntu/reddit_venv/lib/python3.10/site-packages/airflow/example_dags/subdags/subdag.py
[2024-02-22T00:03:05.966+0000] {processor.py:183} INFO - Processing /home/ubuntu/reddit_venv/lib/python3.10/site-packages/airflow/example_dags/subdags/subdag.py took 0.019 seconds
[2024-02-22T00:04:09.215+0000] {processor.py:161} INFO - Started process (PID=6396) to work on /home/ubuntu/reddit_venv/lib/python3.10/site-packages/airflow/example_dags/subdags/subdag.py
[2024-02-22T00:04:09.217+0000] {processor.py:830} INFO - Processing file /home/ubuntu/reddit_venv/lib/python3.10/site-packages/airflow/example_dags/subdags/subdag.py for tasks to queue
[2024-02-22T00:04:09.218+0000] {logging_mixin.py:188} INFO - [2024-02-22T00:04:09.217+0000] {dagbag.py:538} INFO - Filling up the DagBag from /home/ubuntu/reddit_venv/lib/python3.10/site-packages/airflow/example_dags/subdags/subdag.py
[2024-02-22T00:04:09.220+0000] {processor.py:842} WARNING - No viable dags retrieved from /home/ubuntu/reddit_venv/lib/python3.10/site-packages/airflow/example_dags/subdags/subdag.py
[2024-02-22T00:04:09.230+0000] {processor.py:183} INFO - Processing /home/ubuntu/reddit_venv/lib/python3.10/site-packages/airflow/example_dags/subdags/subdag.py took 0.019 seconds
[2024-02-22T00:04:45.672+0000] {processor.py:161} INFO - Started process (PID=6740) to work on /home/ubuntu/reddit_venv/lib/python3.10/site-packages/airflow/example_dags/subdags/subdag.py
[2024-02-22T00:04:45.674+0000] {processor.py:830} INFO - Processing file /home/ubuntu/reddit_venv/lib/python3.10/site-packages/airflow/example_dags/subdags/subdag.py for tasks to queue
[2024-02-22T00:04:45.675+0000] {logging_mixin.py:188} INFO - [2024-02-22T00:04:45.674+0000] {dagbag.py:538} INFO - Filling up the DagBag from /home/ubuntu/reddit_venv/lib/python3.10/site-packages/airflow/example_dags/subdags/subdag.py
[2024-02-22T00:04:45.677+0000] {processor.py:842} WARNING - No viable dags retrieved from /home/ubuntu/reddit_venv/lib/python3.10/site-packages/airflow/example_dags/subdags/subdag.py
[2024-02-22T00:04:45.687+0000] {processor.py:183} INFO - Processing /home/ubuntu/reddit_venv/lib/python3.10/site-packages/airflow/example_dags/subdags/subdag.py took 0.019 seconds
[2024-02-22T00:05:49.364+0000] {processor.py:161} INFO - Started process (PID=7413) to work on /home/ubuntu/reddit_venv/lib/python3.10/site-packages/airflow/example_dags/subdags/subdag.py
[2024-02-22T00:05:49.365+0000] {processor.py:830} INFO - Processing file /home/ubuntu/reddit_venv/lib/python3.10/site-packages/airflow/example_dags/subdags/subdag.py for tasks to queue
[2024-02-22T00:05:49.366+0000] {logging_mixin.py:188} INFO - [2024-02-22T00:05:49.366+0000] {dagbag.py:538} INFO - Filling up the DagBag from /home/ubuntu/reddit_venv/lib/python3.10/site-packages/airflow/example_dags/subdags/subdag.py
[2024-02-22T00:05:49.368+0000] {processor.py:842} WARNING - No viable dags retrieved from /home/ubuntu/reddit_venv/lib/python3.10/site-packages/airflow/example_dags/subdags/subdag.py
[2024-02-22T00:05:49.379+0000] {processor.py:183} INFO - Processing /home/ubuntu/reddit_venv/lib/python3.10/site-packages/airflow/example_dags/subdags/subdag.py took 0.018 seconds
[2024-02-22T00:06:28.853+0000] {processor.py:161} INFO - Started process (PID=7541) to work on /home/ubuntu/reddit_venv/lib/python3.10/site-packages/airflow/example_dags/subdags/subdag.py
[2024-02-22T00:06:28.854+0000] {processor.py:830} INFO - Processing file /home/ubuntu/reddit_venv/lib/python3.10/site-packages/airflow/example_dags/subdags/subdag.py for tasks to queue
[2024-02-22T00:06:28.855+0000] {logging_mixin.py:188} INFO - [2024-02-22T00:06:28.855+0000] {dagbag.py:538} INFO - Filling up the DagBag from /home/ubuntu/reddit_venv/lib/python3.10/site-packages/airflow/example_dags/subdags/subdag.py
[2024-02-22T00:06:28.857+0000] {processor.py:842} WARNING - No viable dags retrieved from /home/ubuntu/reddit_venv/lib/python3.10/site-packages/airflow/example_dags/subdags/subdag.py
[2024-02-22T00:06:28.868+0000] {processor.py:183} INFO - Processing /home/ubuntu/reddit_venv/lib/python3.10/site-packages/airflow/example_dags/subdags/subdag.py took 0.019 seconds
[2024-02-22T00:07:11.513+0000] {processor.py:161} INFO - Started process (PID=7745) to work on /home/ubuntu/reddit_venv/lib/python3.10/site-packages/airflow/example_dags/subdags/subdag.py
[2024-02-22T00:07:11.515+0000] {processor.py:830} INFO - Processing file /home/ubuntu/reddit_venv/lib/python3.10/site-packages/airflow/example_dags/subdags/subdag.py for tasks to queue
[2024-02-22T00:07:11.516+0000] {logging_mixin.py:188} INFO - [2024-02-22T00:07:11.515+0000] {dagbag.py:538} INFO - Filling up the DagBag from /home/ubuntu/reddit_venv/lib/python3.10/site-packages/airflow/example_dags/subdags/subdag.py
[2024-02-22T00:07:11.518+0000] {processor.py:842} WARNING - No viable dags retrieved from /home/ubuntu/reddit_venv/lib/python3.10/site-packages/airflow/example_dags/subdags/subdag.py
[2024-02-22T00:07:11.528+0000] {processor.py:183} INFO - Processing /home/ubuntu/reddit_venv/lib/python3.10/site-packages/airflow/example_dags/subdags/subdag.py took 0.019 seconds
[2024-02-22T00:07:51.409+0000] {processor.py:161} INFO - Started process (PID=7790) to work on /home/ubuntu/reddit_venv/lib/python3.10/site-packages/airflow/example_dags/subdags/subdag.py
[2024-02-22T00:07:51.411+0000] {processor.py:830} INFO - Processing file /home/ubuntu/reddit_venv/lib/python3.10/site-packages/airflow/example_dags/subdags/subdag.py for tasks to queue
[2024-02-22T00:07:51.412+0000] {logging_mixin.py:188} INFO - [2024-02-22T00:07:51.411+0000] {dagbag.py:538} INFO - Filling up the DagBag from /home/ubuntu/reddit_venv/lib/python3.10/site-packages/airflow/example_dags/subdags/subdag.py
[2024-02-22T00:07:51.414+0000] {processor.py:842} WARNING - No viable dags retrieved from /home/ubuntu/reddit_venv/lib/python3.10/site-packages/airflow/example_dags/subdags/subdag.py
[2024-02-22T00:07:51.425+0000] {processor.py:183} INFO - Processing /home/ubuntu/reddit_venv/lib/python3.10/site-packages/airflow/example_dags/subdags/subdag.py took 0.019 seconds
[2024-02-22T00:08:31.682+0000] {processor.py:161} INFO - Started process (PID=7895) to work on /home/ubuntu/reddit_venv/lib/python3.10/site-packages/airflow/example_dags/subdags/subdag.py
[2024-02-22T00:08:31.683+0000] {processor.py:830} INFO - Processing file /home/ubuntu/reddit_venv/lib/python3.10/site-packages/airflow/example_dags/subdags/subdag.py for tasks to queue
[2024-02-22T00:08:31.684+0000] {logging_mixin.py:188} INFO - [2024-02-22T00:08:31.684+0000] {dagbag.py:538} INFO - Filling up the DagBag from /home/ubuntu/reddit_venv/lib/python3.10/site-packages/airflow/example_dags/subdags/subdag.py
[2024-02-22T00:08:31.687+0000] {processor.py:842} WARNING - No viable dags retrieved from /home/ubuntu/reddit_venv/lib/python3.10/site-packages/airflow/example_dags/subdags/subdag.py
[2024-02-22T00:08:31.697+0000] {processor.py:183} INFO - Processing /home/ubuntu/reddit_venv/lib/python3.10/site-packages/airflow/example_dags/subdags/subdag.py took 0.019 seconds
[2024-02-22T00:09:08.930+0000] {processor.py:161} INFO - Started process (PID=7999) to work on /home/ubuntu/reddit_venv/lib/python3.10/site-packages/airflow/example_dags/subdags/subdag.py
[2024-02-22T00:09:08.931+0000] {processor.py:830} INFO - Processing file /home/ubuntu/reddit_venv/lib/python3.10/site-packages/airflow/example_dags/subdags/subdag.py for tasks to queue
[2024-02-22T00:09:08.932+0000] {logging_mixin.py:188} INFO - [2024-02-22T00:09:08.932+0000] {dagbag.py:538} INFO - Filling up the DagBag from /home/ubuntu/reddit_venv/lib/python3.10/site-packages/airflow/example_dags/subdags/subdag.py
[2024-02-22T00:09:08.935+0000] {processor.py:842} WARNING - No viable dags retrieved from /home/ubuntu/reddit_venv/lib/python3.10/site-packages/airflow/example_dags/subdags/subdag.py
[2024-02-22T00:09:08.945+0000] {processor.py:183} INFO - Processing /home/ubuntu/reddit_venv/lib/python3.10/site-packages/airflow/example_dags/subdags/subdag.py took 0.019 seconds
[2024-02-22T00:09:48.709+0000] {processor.py:161} INFO - Started process (PID=8040) to work on /home/ubuntu/reddit_venv/lib/python3.10/site-packages/airflow/example_dags/subdags/subdag.py
[2024-02-22T00:09:48.710+0000] {processor.py:830} INFO - Processing file /home/ubuntu/reddit_venv/lib/python3.10/site-packages/airflow/example_dags/subdags/subdag.py for tasks to queue
[2024-02-22T00:09:48.711+0000] {logging_mixin.py:188} INFO - [2024-02-22T00:09:48.711+0000] {dagbag.py:538} INFO - Filling up the DagBag from /home/ubuntu/reddit_venv/lib/python3.10/site-packages/airflow/example_dags/subdags/subdag.py
[2024-02-22T00:09:48.713+0000] {processor.py:842} WARNING - No viable dags retrieved from /home/ubuntu/reddit_venv/lib/python3.10/site-packages/airflow/example_dags/subdags/subdag.py
[2024-02-22T00:09:48.724+0000] {processor.py:183} INFO - Processing /home/ubuntu/reddit_venv/lib/python3.10/site-packages/airflow/example_dags/subdags/subdag.py took 0.018 seconds
[2024-02-22T00:10:30.588+0000] {processor.py:161} INFO - Started process (PID=8147) to work on /home/ubuntu/reddit_venv/lib/python3.10/site-packages/airflow/example_dags/subdags/subdag.py
[2024-02-22T00:10:30.589+0000] {processor.py:830} INFO - Processing file /home/ubuntu/reddit_venv/lib/python3.10/site-packages/airflow/example_dags/subdags/subdag.py for tasks to queue
[2024-02-22T00:10:30.590+0000] {logging_mixin.py:188} INFO - [2024-02-22T00:10:30.590+0000] {dagbag.py:538} INFO - Filling up the DagBag from /home/ubuntu/reddit_venv/lib/python3.10/site-packages/airflow/example_dags/subdags/subdag.py
[2024-02-22T00:10:30.593+0000] {processor.py:842} WARNING - No viable dags retrieved from /home/ubuntu/reddit_venv/lib/python3.10/site-packages/airflow/example_dags/subdags/subdag.py
[2024-02-22T00:10:30.603+0000] {processor.py:183} INFO - Processing /home/ubuntu/reddit_venv/lib/python3.10/site-packages/airflow/example_dags/subdags/subdag.py took 0.019 seconds
[2024-02-22T00:11:10.781+0000] {processor.py:161} INFO - Started process (PID=8253) to work on /home/ubuntu/reddit_venv/lib/python3.10/site-packages/airflow/example_dags/subdags/subdag.py
[2024-02-22T00:11:10.782+0000] {processor.py:830} INFO - Processing file /home/ubuntu/reddit_venv/lib/python3.10/site-packages/airflow/example_dags/subdags/subdag.py for tasks to queue
[2024-02-22T00:11:10.783+0000] {logging_mixin.py:188} INFO - [2024-02-22T00:11:10.783+0000] {dagbag.py:538} INFO - Filling up the DagBag from /home/ubuntu/reddit_venv/lib/python3.10/site-packages/airflow/example_dags/subdags/subdag.py
[2024-02-22T00:11:10.785+0000] {processor.py:842} WARNING - No viable dags retrieved from /home/ubuntu/reddit_venv/lib/python3.10/site-packages/airflow/example_dags/subdags/subdag.py
[2024-02-22T00:11:10.795+0000] {processor.py:183} INFO - Processing /home/ubuntu/reddit_venv/lib/python3.10/site-packages/airflow/example_dags/subdags/subdag.py took 0.018 seconds
[2024-02-22T00:11:52.331+0000] {processor.py:161} INFO - Started process (PID=8299) to work on /home/ubuntu/reddit_venv/lib/python3.10/site-packages/airflow/example_dags/subdags/subdag.py
[2024-02-22T00:11:52.333+0000] {processor.py:830} INFO - Processing file /home/ubuntu/reddit_venv/lib/python3.10/site-packages/airflow/example_dags/subdags/subdag.py for tasks to queue
[2024-02-22T00:11:52.334+0000] {logging_mixin.py:188} INFO - [2024-02-22T00:11:52.333+0000] {dagbag.py:538} INFO - Filling up the DagBag from /home/ubuntu/reddit_venv/lib/python3.10/site-packages/airflow/example_dags/subdags/subdag.py
[2024-02-22T00:11:52.336+0000] {processor.py:842} WARNING - No viable dags retrieved from /home/ubuntu/reddit_venv/lib/python3.10/site-packages/airflow/example_dags/subdags/subdag.py
[2024-02-22T00:11:52.346+0000] {processor.py:183} INFO - Processing /home/ubuntu/reddit_venv/lib/python3.10/site-packages/airflow/example_dags/subdags/subdag.py took 0.018 seconds
[2024-02-22T00:12:33.547+0000] {processor.py:161} INFO - Started process (PID=8466) to work on /home/ubuntu/reddit_venv/lib/python3.10/site-packages/airflow/example_dags/subdags/subdag.py
[2024-02-22T00:12:33.548+0000] {processor.py:830} INFO - Processing file /home/ubuntu/reddit_venv/lib/python3.10/site-packages/airflow/example_dags/subdags/subdag.py for tasks to queue
[2024-02-22T00:12:33.549+0000] {logging_mixin.py:188} INFO - [2024-02-22T00:12:33.549+0000] {dagbag.py:538} INFO - Filling up the DagBag from /home/ubuntu/reddit_venv/lib/python3.10/site-packages/airflow/example_dags/subdags/subdag.py
[2024-02-22T00:12:33.552+0000] {processor.py:842} WARNING - No viable dags retrieved from /home/ubuntu/reddit_venv/lib/python3.10/site-packages/airflow/example_dags/subdags/subdag.py
[2024-02-22T00:12:33.562+0000] {processor.py:183} INFO - Processing /home/ubuntu/reddit_venv/lib/python3.10/site-packages/airflow/example_dags/subdags/subdag.py took 0.019 seconds
[2024-02-22T00:13:14.482+0000] {processor.py:161} INFO - Started process (PID=8572) to work on /home/ubuntu/reddit_venv/lib/python3.10/site-packages/airflow/example_dags/subdags/subdag.py
[2024-02-22T00:13:14.483+0000] {processor.py:830} INFO - Processing file /home/ubuntu/reddit_venv/lib/python3.10/site-packages/airflow/example_dags/subdags/subdag.py for tasks to queue
[2024-02-22T00:13:14.484+0000] {logging_mixin.py:188} INFO - [2024-02-22T00:13:14.484+0000] {dagbag.py:538} INFO - Filling up the DagBag from /home/ubuntu/reddit_venv/lib/python3.10/site-packages/airflow/example_dags/subdags/subdag.py
[2024-02-22T00:13:14.487+0000] {processor.py:842} WARNING - No viable dags retrieved from /home/ubuntu/reddit_venv/lib/python3.10/site-packages/airflow/example_dags/subdags/subdag.py
[2024-02-22T00:13:14.497+0000] {processor.py:183} INFO - Processing /home/ubuntu/reddit_venv/lib/python3.10/site-packages/airflow/example_dags/subdags/subdag.py took 0.019 seconds
