[2024-02-15T00:00:27.635+0000] {processor.py:161} INFO - Started process (PID=22971) to work on /home/ubuntu/reddit_venv/lib/python3.10/site-packages/airflow/example_dags/example_task_group_decorator.py
[2024-02-15T00:00:27.636+0000] {processor.py:830} INFO - Processing file /home/ubuntu/reddit_venv/lib/python3.10/site-packages/airflow/example_dags/example_task_group_decorator.py for tasks to queue
[2024-02-15T00:00:27.637+0000] {logging_mixin.py:188} INFO - [2024-02-15T00:00:27.636+0000] {dagbag.py:538} INFO - Filling up the DagBag from /home/ubuntu/reddit_venv/lib/python3.10/site-packages/airflow/example_dags/example_task_group_decorator.py
[2024-02-15T00:00:27.653+0000] {processor.py:840} INFO - DAG(s) 'example_task_group_decorator' retrieved from /home/ubuntu/reddit_venv/lib/python3.10/site-packages/airflow/example_dags/example_task_group_decorator.py
[2024-02-15T00:00:27.673+0000] {logging_mixin.py:188} INFO - [2024-02-15T00:00:27.673+0000] {dag.py:3036} INFO - Sync 1 DAGs
[2024-02-15T00:00:27.693+0000] {logging_mixin.py:188} INFO - [2024-02-15T00:00:27.692+0000] {dag.py:3823} INFO - Setting next_dagrun for example_task_group_decorator to 2024-02-14 00:00:00+00:00, run_after=2024-02-15 00:00:00+00:00
[2024-02-15T00:00:27.715+0000] {processor.py:183} INFO - Processing /home/ubuntu/reddit_venv/lib/python3.10/site-packages/airflow/example_dags/example_task_group_decorator.py took 0.083 seconds
[2024-02-15T00:01:13.465+0000] {processor.py:161} INFO - Started process (PID=23058) to work on /home/ubuntu/reddit_venv/lib/python3.10/site-packages/airflow/example_dags/example_task_group_decorator.py
[2024-02-15T00:01:13.467+0000] {processor.py:830} INFO - Processing file /home/ubuntu/reddit_venv/lib/python3.10/site-packages/airflow/example_dags/example_task_group_decorator.py for tasks to queue
[2024-02-15T00:01:13.468+0000] {logging_mixin.py:188} INFO - [2024-02-15T00:01:13.467+0000] {dagbag.py:538} INFO - Filling up the DagBag from /home/ubuntu/reddit_venv/lib/python3.10/site-packages/airflow/example_dags/example_task_group_decorator.py
[2024-02-15T00:01:13.485+0000] {processor.py:840} INFO - DAG(s) 'example_task_group_decorator' retrieved from /home/ubuntu/reddit_venv/lib/python3.10/site-packages/airflow/example_dags/example_task_group_decorator.py
[2024-02-15T00:01:13.505+0000] {logging_mixin.py:188} INFO - [2024-02-15T00:01:13.505+0000] {dag.py:3036} INFO - Sync 1 DAGs
[2024-02-15T00:01:13.526+0000] {logging_mixin.py:188} INFO - [2024-02-15T00:01:13.525+0000] {dag.py:3823} INFO - Setting next_dagrun for example_task_group_decorator to 2024-02-14 00:00:00+00:00, run_after=2024-02-15 00:00:00+00:00
[2024-02-15T00:01:13.550+0000] {processor.py:183} INFO - Processing /home/ubuntu/reddit_venv/lib/python3.10/site-packages/airflow/example_dags/example_task_group_decorator.py took 0.088 seconds
[2024-02-15T00:01:49.943+0000] {processor.py:161} INFO - Started process (PID=23164) to work on /home/ubuntu/reddit_venv/lib/python3.10/site-packages/airflow/example_dags/example_task_group_decorator.py
[2024-02-15T00:01:49.945+0000] {processor.py:830} INFO - Processing file /home/ubuntu/reddit_venv/lib/python3.10/site-packages/airflow/example_dags/example_task_group_decorator.py for tasks to queue
[2024-02-15T00:01:49.946+0000] {logging_mixin.py:188} INFO - [2024-02-15T00:01:49.946+0000] {dagbag.py:538} INFO - Filling up the DagBag from /home/ubuntu/reddit_venv/lib/python3.10/site-packages/airflow/example_dags/example_task_group_decorator.py
[2024-02-15T00:01:49.963+0000] {processor.py:840} INFO - DAG(s) 'example_task_group_decorator' retrieved from /home/ubuntu/reddit_venv/lib/python3.10/site-packages/airflow/example_dags/example_task_group_decorator.py
[2024-02-15T00:01:49.984+0000] {logging_mixin.py:188} INFO - [2024-02-15T00:01:49.983+0000] {dag.py:3036} INFO - Sync 1 DAGs
[2024-02-15T00:01:50.004+0000] {logging_mixin.py:188} INFO - [2024-02-15T00:01:50.003+0000] {dag.py:3823} INFO - Setting next_dagrun for example_task_group_decorator to 2024-02-14 00:00:00+00:00, run_after=2024-02-15 00:00:00+00:00
[2024-02-15T00:01:50.026+0000] {processor.py:183} INFO - Processing /home/ubuntu/reddit_venv/lib/python3.10/site-packages/airflow/example_dags/example_task_group_decorator.py took 0.086 seconds
[2024-02-15T00:02:30.100+0000] {processor.py:161} INFO - Started process (PID=23271) to work on /home/ubuntu/reddit_venv/lib/python3.10/site-packages/airflow/example_dags/example_task_group_decorator.py
[2024-02-15T00:02:30.102+0000] {processor.py:830} INFO - Processing file /home/ubuntu/reddit_venv/lib/python3.10/site-packages/airflow/example_dags/example_task_group_decorator.py for tasks to queue
[2024-02-15T00:02:30.103+0000] {logging_mixin.py:188} INFO - [2024-02-15T00:02:30.103+0000] {dagbag.py:538} INFO - Filling up the DagBag from /home/ubuntu/reddit_venv/lib/python3.10/site-packages/airflow/example_dags/example_task_group_decorator.py
[2024-02-15T00:02:30.120+0000] {processor.py:840} INFO - DAG(s) 'example_task_group_decorator' retrieved from /home/ubuntu/reddit_venv/lib/python3.10/site-packages/airflow/example_dags/example_task_group_decorator.py
[2024-02-15T00:02:30.140+0000] {logging_mixin.py:188} INFO - [2024-02-15T00:02:30.139+0000] {dag.py:3036} INFO - Sync 1 DAGs
[2024-02-15T00:02:30.159+0000] {logging_mixin.py:188} INFO - [2024-02-15T00:02:30.159+0000] {dag.py:3823} INFO - Setting next_dagrun for example_task_group_decorator to 2024-02-14 00:00:00+00:00, run_after=2024-02-15 00:00:00+00:00
[2024-02-15T00:02:30.181+0000] {processor.py:183} INFO - Processing /home/ubuntu/reddit_venv/lib/python3.10/site-packages/airflow/example_dags/example_task_group_decorator.py took 0.084 seconds
