[2024-02-15T00:00:16.626+0000] {processor.py:161} INFO - Started process (PID=22871) to work on /home/ubuntu/reddit_venv/lib/python3.10/site-packages/airflow/example_dags/example_short_circuit_operator.py
[2024-02-15T00:00:16.627+0000] {processor.py:830} INFO - Processing file /home/ubuntu/reddit_venv/lib/python3.10/site-packages/airflow/example_dags/example_short_circuit_operator.py for tasks to queue
[2024-02-15T00:00:16.628+0000] {logging_mixin.py:188} INFO - [2024-02-15T00:00:16.627+0000] {dagbag.py:538} INFO - Filling up the DagBag from /home/ubuntu/reddit_venv/lib/python3.10/site-packages/airflow/example_dags/example_short_circuit_operator.py
[2024-02-15T00:00:16.636+0000] {processor.py:840} INFO - DAG(s) 'example_short_circuit_operator' retrieved from /home/ubuntu/reddit_venv/lib/python3.10/site-packages/airflow/example_dags/example_short_circuit_operator.py
[2024-02-15T00:00:16.656+0000] {logging_mixin.py:188} INFO - [2024-02-15T00:00:16.656+0000] {dag.py:3036} INFO - Sync 1 DAGs
[2024-02-15T00:00:16.677+0000] {logging_mixin.py:188} INFO - [2024-02-15T00:00:16.677+0000] {dag.py:3823} INFO - Setting next_dagrun for example_short_circuit_operator to 2024-02-14 00:00:00+00:00, run_after=2024-02-15 00:00:00+00:00
[2024-02-15T00:00:16.700+0000] {processor.py:183} INFO - Processing /home/ubuntu/reddit_venv/lib/python3.10/site-packages/airflow/example_dags/example_short_circuit_operator.py took 0.077 seconds
[2024-02-15T00:01:01.477+0000] {processor.py:161} INFO - Started process (PID=23044) to work on /home/ubuntu/reddit_venv/lib/python3.10/site-packages/airflow/example_dags/example_short_circuit_operator.py
[2024-02-15T00:01:01.479+0000] {processor.py:830} INFO - Processing file /home/ubuntu/reddit_venv/lib/python3.10/site-packages/airflow/example_dags/example_short_circuit_operator.py for tasks to queue
[2024-02-15T00:01:01.480+0000] {logging_mixin.py:188} INFO - [2024-02-15T00:01:01.479+0000] {dagbag.py:538} INFO - Filling up the DagBag from /home/ubuntu/reddit_venv/lib/python3.10/site-packages/airflow/example_dags/example_short_circuit_operator.py
[2024-02-15T00:01:01.489+0000] {processor.py:840} INFO - DAG(s) 'example_short_circuit_operator' retrieved from /home/ubuntu/reddit_venv/lib/python3.10/site-packages/airflow/example_dags/example_short_circuit_operator.py
[2024-02-15T00:01:01.509+0000] {logging_mixin.py:188} INFO - [2024-02-15T00:01:01.509+0000] {dag.py:3036} INFO - Sync 1 DAGs
[2024-02-15T00:01:01.530+0000] {logging_mixin.py:188} INFO - [2024-02-15T00:01:01.529+0000] {dag.py:3823} INFO - Setting next_dagrun for example_short_circuit_operator to 2024-02-14 00:00:00+00:00, run_after=2024-02-15 00:00:00+00:00
[2024-02-15T00:01:01.554+0000] {processor.py:183} INFO - Processing /home/ubuntu/reddit_venv/lib/python3.10/site-packages/airflow/example_dags/example_short_circuit_operator.py took 0.080 seconds
[2024-02-15T00:01:56.914+0000] {processor.py:161} INFO - Started process (PID=23171) to work on /home/ubuntu/reddit_venv/lib/python3.10/site-packages/airflow/example_dags/example_short_circuit_operator.py
[2024-02-15T00:01:56.916+0000] {processor.py:830} INFO - Processing file /home/ubuntu/reddit_venv/lib/python3.10/site-packages/airflow/example_dags/example_short_circuit_operator.py for tasks to queue
[2024-02-15T00:01:56.917+0000] {logging_mixin.py:188} INFO - [2024-02-15T00:01:56.916+0000] {dagbag.py:538} INFO - Filling up the DagBag from /home/ubuntu/reddit_venv/lib/python3.10/site-packages/airflow/example_dags/example_short_circuit_operator.py
[2024-02-15T00:01:56.926+0000] {processor.py:840} INFO - DAG(s) 'example_short_circuit_operator' retrieved from /home/ubuntu/reddit_venv/lib/python3.10/site-packages/airflow/example_dags/example_short_circuit_operator.py
[2024-02-15T00:01:56.944+0000] {logging_mixin.py:188} INFO - [2024-02-15T00:01:56.944+0000] {dag.py:3036} INFO - Sync 1 DAGs
[2024-02-15T00:01:56.964+0000] {logging_mixin.py:188} INFO - [2024-02-15T00:01:56.964+0000] {dag.py:3823} INFO - Setting next_dagrun for example_short_circuit_operator to 2024-02-14 00:00:00+00:00, run_after=2024-02-15 00:00:00+00:00
[2024-02-15T00:01:56.986+0000] {processor.py:183} INFO - Processing /home/ubuntu/reddit_venv/lib/python3.10/site-packages/airflow/example_dags/example_short_circuit_operator.py took 0.074 seconds
[2024-02-15T00:02:36.686+0000] {processor.py:161} INFO - Started process (PID=23278) to work on /home/ubuntu/reddit_venv/lib/python3.10/site-packages/airflow/example_dags/example_short_circuit_operator.py
[2024-02-15T00:02:36.688+0000] {processor.py:830} INFO - Processing file /home/ubuntu/reddit_venv/lib/python3.10/site-packages/airflow/example_dags/example_short_circuit_operator.py for tasks to queue
[2024-02-15T00:02:36.689+0000] {logging_mixin.py:188} INFO - [2024-02-15T00:02:36.689+0000] {dagbag.py:538} INFO - Filling up the DagBag from /home/ubuntu/reddit_venv/lib/python3.10/site-packages/airflow/example_dags/example_short_circuit_operator.py
[2024-02-15T00:02:36.698+0000] {processor.py:840} INFO - DAG(s) 'example_short_circuit_operator' retrieved from /home/ubuntu/reddit_venv/lib/python3.10/site-packages/airflow/example_dags/example_short_circuit_operator.py
[2024-02-15T00:02:36.717+0000] {logging_mixin.py:188} INFO - [2024-02-15T00:02:36.717+0000] {dag.py:3036} INFO - Sync 1 DAGs
[2024-02-15T00:02:36.738+0000] {logging_mixin.py:188} INFO - [2024-02-15T00:02:36.737+0000] {dag.py:3823} INFO - Setting next_dagrun for example_short_circuit_operator to 2024-02-14 00:00:00+00:00, run_after=2024-02-15 00:00:00+00:00
[2024-02-15T00:02:36.760+0000] {processor.py:183} INFO - Processing /home/ubuntu/reddit_venv/lib/python3.10/site-packages/airflow/example_dags/example_short_circuit_operator.py took 0.076 seconds
