[2024-02-15T00:00:42.776+0000] {processor.py:161} INFO - Started process (PID=23025) to work on /home/ubuntu/reddit_venv/lib/python3.10/site-packages/airflow/example_dags/example_dynamic_task_mapping_with_no_taskflow_operators.py
[2024-02-15T00:00:42.777+0000] {processor.py:830} INFO - Processing file /home/ubuntu/reddit_venv/lib/python3.10/site-packages/airflow/example_dags/example_dynamic_task_mapping_with_no_taskflow_operators.py for tasks to queue
[2024-02-15T00:00:42.778+0000] {logging_mixin.py:188} INFO - [2024-02-15T00:00:42.778+0000] {dagbag.py:538} INFO - Filling up the DagBag from /home/ubuntu/reddit_venv/lib/python3.10/site-packages/airflow/example_dags/example_dynamic_task_mapping_with_no_taskflow_operators.py
[2024-02-15T00:00:42.785+0000] {processor.py:840} INFO - DAG(s) 'example_dynamic_task_mapping_with_no_taskflow_operators' retrieved from /home/ubuntu/reddit_venv/lib/python3.10/site-packages/airflow/example_dags/example_dynamic_task_mapping_with_no_taskflow_operators.py
[2024-02-15T00:00:42.800+0000] {logging_mixin.py:188} INFO - [2024-02-15T00:00:42.800+0000] {dag.py:3036} INFO - Sync 1 DAGs
[2024-02-15T00:00:42.820+0000] {logging_mixin.py:188} INFO - [2024-02-15T00:00:42.820+0000] {dag.py:3823} INFO - Setting next_dagrun for example_dynamic_task_mapping_with_no_taskflow_operators to 2024-02-14 00:00:00+00:00, run_after=2024-02-15 00:00:00+00:00
[2024-02-15T00:00:42.842+0000] {processor.py:183} INFO - Processing /home/ubuntu/reddit_venv/lib/python3.10/site-packages/airflow/example_dags/example_dynamic_task_mapping_with_no_taskflow_operators.py took 0.069 seconds
[2024-02-15T00:01:37.700+0000] {processor.py:161} INFO - Started process (PID=23150) to work on /home/ubuntu/reddit_venv/lib/python3.10/site-packages/airflow/example_dags/example_dynamic_task_mapping_with_no_taskflow_operators.py
[2024-02-15T00:01:37.702+0000] {processor.py:830} INFO - Processing file /home/ubuntu/reddit_venv/lib/python3.10/site-packages/airflow/example_dags/example_dynamic_task_mapping_with_no_taskflow_operators.py for tasks to queue
[2024-02-15T00:01:37.703+0000] {logging_mixin.py:188} INFO - [2024-02-15T00:01:37.702+0000] {dagbag.py:538} INFO - Filling up the DagBag from /home/ubuntu/reddit_venv/lib/python3.10/site-packages/airflow/example_dags/example_dynamic_task_mapping_with_no_taskflow_operators.py
[2024-02-15T00:01:37.710+0000] {processor.py:840} INFO - DAG(s) 'example_dynamic_task_mapping_with_no_taskflow_operators' retrieved from /home/ubuntu/reddit_venv/lib/python3.10/site-packages/airflow/example_dags/example_dynamic_task_mapping_with_no_taskflow_operators.py
[2024-02-15T00:01:37.725+0000] {logging_mixin.py:188} INFO - [2024-02-15T00:01:37.725+0000] {dag.py:3036} INFO - Sync 1 DAGs
[2024-02-15T00:01:37.745+0000] {logging_mixin.py:188} INFO - [2024-02-15T00:01:37.745+0000] {dag.py:3823} INFO - Setting next_dagrun for example_dynamic_task_mapping_with_no_taskflow_operators to 2024-02-14 00:00:00+00:00, run_after=2024-02-15 00:00:00+00:00
[2024-02-15T00:01:37.768+0000] {processor.py:183} INFO - Processing /home/ubuntu/reddit_venv/lib/python3.10/site-packages/airflow/example_dags/example_dynamic_task_mapping_with_no_taskflow_operators.py took 0.071 seconds
[2024-02-15T00:02:38.106+0000] {processor.py:161} INFO - Started process (PID=23280) to work on /home/ubuntu/reddit_venv/lib/python3.10/site-packages/airflow/example_dags/example_dynamic_task_mapping_with_no_taskflow_operators.py
[2024-02-15T00:02:38.108+0000] {processor.py:830} INFO - Processing file /home/ubuntu/reddit_venv/lib/python3.10/site-packages/airflow/example_dags/example_dynamic_task_mapping_with_no_taskflow_operators.py for tasks to queue
[2024-02-15T00:02:38.109+0000] {logging_mixin.py:188} INFO - [2024-02-15T00:02:38.108+0000] {dagbag.py:538} INFO - Filling up the DagBag from /home/ubuntu/reddit_venv/lib/python3.10/site-packages/airflow/example_dags/example_dynamic_task_mapping_with_no_taskflow_operators.py
[2024-02-15T00:02:38.116+0000] {processor.py:840} INFO - DAG(s) 'example_dynamic_task_mapping_with_no_taskflow_operators' retrieved from /home/ubuntu/reddit_venv/lib/python3.10/site-packages/airflow/example_dags/example_dynamic_task_mapping_with_no_taskflow_operators.py
[2024-02-15T00:02:38.131+0000] {logging_mixin.py:188} INFO - [2024-02-15T00:02:38.131+0000] {dag.py:3036} INFO - Sync 1 DAGs
[2024-02-15T00:02:38.151+0000] {logging_mixin.py:188} INFO - [2024-02-15T00:02:38.151+0000] {dag.py:3823} INFO - Setting next_dagrun for example_dynamic_task_mapping_with_no_taskflow_operators to 2024-02-14 00:00:00+00:00, run_after=2024-02-15 00:00:00+00:00
[2024-02-15T00:02:38.173+0000] {processor.py:183} INFO - Processing /home/ubuntu/reddit_venv/lib/python3.10/site-packages/airflow/example_dags/example_dynamic_task_mapping_with_no_taskflow_operators.py took 0.070 seconds
