[2024-02-15T00:00:39.949+0000] {processor.py:161} INFO - Started process (PID=23022) to work on /home/ubuntu/reddit_venv/lib/python3.10/site-packages/airflow/example_dags/example_params_trigger_ui.py
[2024-02-15T00:00:39.950+0000] {processor.py:830} INFO - Processing file /home/ubuntu/reddit_venv/lib/python3.10/site-packages/airflow/example_dags/example_params_trigger_ui.py for tasks to queue
[2024-02-15T00:00:39.951+0000] {logging_mixin.py:188} INFO - [2024-02-15T00:00:39.950+0000] {dagbag.py:538} INFO - Filling up the DagBag from /home/ubuntu/reddit_venv/lib/python3.10/site-packages/airflow/example_dags/example_params_trigger_ui.py
[2024-02-15T00:00:39.967+0000] {processor.py:840} INFO - DAG(s) 'example_params_trigger_ui' retrieved from /home/ubuntu/reddit_venv/lib/python3.10/site-packages/airflow/example_dags/example_params_trigger_ui.py
[2024-02-15T00:00:40.016+0000] {logging_mixin.py:188} INFO - [2024-02-15T00:00:40.016+0000] {dag.py:3036} INFO - Sync 1 DAGs
[2024-02-15T00:00:40.028+0000] {logging_mixin.py:188} INFO - [2024-02-15T00:00:40.028+0000] {dag.py:3823} INFO - Setting next_dagrun for example_params_trigger_ui to None, run_after=None
[2024-02-15T00:00:40.050+0000] {processor.py:183} INFO - Processing /home/ubuntu/reddit_venv/lib/python3.10/site-packages/airflow/example_dags/example_params_trigger_ui.py took 0.105 seconds
[2024-02-15T00:01:25.106+0000] {processor.py:161} INFO - Started process (PID=23075) to work on /home/ubuntu/reddit_venv/lib/python3.10/site-packages/airflow/example_dags/example_params_trigger_ui.py
[2024-02-15T00:01:25.108+0000] {processor.py:830} INFO - Processing file /home/ubuntu/reddit_venv/lib/python3.10/site-packages/airflow/example_dags/example_params_trigger_ui.py for tasks to queue
[2024-02-15T00:01:25.109+0000] {logging_mixin.py:188} INFO - [2024-02-15T00:01:25.108+0000] {dagbag.py:538} INFO - Filling up the DagBag from /home/ubuntu/reddit_venv/lib/python3.10/site-packages/airflow/example_dags/example_params_trigger_ui.py
[2024-02-15T00:01:25.124+0000] {processor.py:840} INFO - DAG(s) 'example_params_trigger_ui' retrieved from /home/ubuntu/reddit_venv/lib/python3.10/site-packages/airflow/example_dags/example_params_trigger_ui.py
[2024-02-15T00:01:25.170+0000] {logging_mixin.py:188} INFO - [2024-02-15T00:01:25.169+0000] {dag.py:3036} INFO - Sync 1 DAGs
[2024-02-15T00:01:25.181+0000] {logging_mixin.py:188} INFO - [2024-02-15T00:01:25.180+0000] {dag.py:3823} INFO - Setting next_dagrun for example_params_trigger_ui to None, run_after=None
[2024-02-15T00:01:25.203+0000] {processor.py:183} INFO - Processing /home/ubuntu/reddit_venv/lib/python3.10/site-packages/airflow/example_dags/example_params_trigger_ui.py took 0.100 seconds
[2024-02-15T00:02:22.202+0000] {processor.py:161} INFO - Started process (PID=23199) to work on /home/ubuntu/reddit_venv/lib/python3.10/site-packages/airflow/example_dags/example_params_trigger_ui.py
[2024-02-15T00:02:22.206+0000] {processor.py:830} INFO - Processing file /home/ubuntu/reddit_venv/lib/python3.10/site-packages/airflow/example_dags/example_params_trigger_ui.py for tasks to queue
[2024-02-15T00:02:22.207+0000] {logging_mixin.py:188} INFO - [2024-02-15T00:02:22.207+0000] {dagbag.py:538} INFO - Filling up the DagBag from /home/ubuntu/reddit_venv/lib/python3.10/site-packages/airflow/example_dags/example_params_trigger_ui.py
[2024-02-15T00:02:22.222+0000] {processor.py:840} INFO - DAG(s) 'example_params_trigger_ui' retrieved from /home/ubuntu/reddit_venv/lib/python3.10/site-packages/airflow/example_dags/example_params_trigger_ui.py
[2024-02-15T00:02:22.269+0000] {logging_mixin.py:188} INFO - [2024-02-15T00:02:22.269+0000] {dag.py:3036} INFO - Sync 1 DAGs
[2024-02-15T00:02:22.280+0000] {logging_mixin.py:188} INFO - [2024-02-15T00:02:22.280+0000] {dag.py:3823} INFO - Setting next_dagrun for example_params_trigger_ui to None, run_after=None
[2024-02-15T00:02:22.302+0000] {processor.py:183} INFO - Processing /home/ubuntu/reddit_venv/lib/python3.10/site-packages/airflow/example_dags/example_params_trigger_ui.py took 0.104 seconds
