[2024-02-15T00:00:23.342+0000] {processor.py:161} INFO - Started process (PID=22939) to work on /home/ubuntu/reddit_venv/lib/python3.10/site-packages/airflow/example_dags/example_branch_python_dop_operator_3.py
[2024-02-15T00:00:23.343+0000] {processor.py:830} INFO - Processing file /home/ubuntu/reddit_venv/lib/python3.10/site-packages/airflow/example_dags/example_branch_python_dop_operator_3.py for tasks to queue
[2024-02-15T00:00:23.344+0000] {logging_mixin.py:188} INFO - [2024-02-15T00:00:23.344+0000] {dagbag.py:538} INFO - Filling up the DagBag from /home/ubuntu/reddit_venv/lib/python3.10/site-packages/airflow/example_dags/example_branch_python_dop_operator_3.py
[2024-02-15T00:00:23.354+0000] {processor.py:840} INFO - DAG(s) 'example_branch_dop_operator_v3' retrieved from /home/ubuntu/reddit_venv/lib/python3.10/site-packages/airflow/example_dags/example_branch_python_dop_operator_3.py
[2024-02-15T00:00:23.370+0000] {logging_mixin.py:188} INFO - [2024-02-15T00:00:23.370+0000] {dag.py:3036} INFO - Sync 1 DAGs
[2024-02-15T00:00:23.395+0000] {logging_mixin.py:188} INFO - [2024-02-15T00:00:23.395+0000] {dag.py:3823} INFO - Setting next_dagrun for example_branch_dop_operator_v3 to 2024-02-14 23:59:00+00:00, run_after=2024-02-15 00:00:00+00:00
[2024-02-15T00:00:23.419+0000] {processor.py:183} INFO - Processing /home/ubuntu/reddit_venv/lib/python3.10/site-packages/airflow/example_dags/example_branch_python_dop_operator_3.py took 0.080 seconds
[2024-02-15T00:01:27.469+0000] {processor.py:161} INFO - Started process (PID=23077) to work on /home/ubuntu/reddit_venv/lib/python3.10/site-packages/airflow/example_dags/example_branch_python_dop_operator_3.py
[2024-02-15T00:01:27.471+0000] {processor.py:830} INFO - Processing file /home/ubuntu/reddit_venv/lib/python3.10/site-packages/airflow/example_dags/example_branch_python_dop_operator_3.py for tasks to queue
[2024-02-15T00:01:27.472+0000] {logging_mixin.py:188} INFO - [2024-02-15T00:01:27.471+0000] {dagbag.py:538} INFO - Filling up the DagBag from /home/ubuntu/reddit_venv/lib/python3.10/site-packages/airflow/example_dags/example_branch_python_dop_operator_3.py
[2024-02-15T00:01:27.482+0000] {processor.py:840} INFO - DAG(s) 'example_branch_dop_operator_v3' retrieved from /home/ubuntu/reddit_venv/lib/python3.10/site-packages/airflow/example_dags/example_branch_python_dop_operator_3.py
[2024-02-15T00:01:27.498+0000] {logging_mixin.py:188} INFO - [2024-02-15T00:01:27.498+0000] {dag.py:3036} INFO - Sync 1 DAGs
[2024-02-15T00:01:27.524+0000] {logging_mixin.py:188} INFO - [2024-02-15T00:01:27.523+0000] {dag.py:3823} INFO - Setting next_dagrun for example_branch_dop_operator_v3 to 2024-02-15 00:00:00+00:00, run_after=2024-02-15 00:01:00+00:00
[2024-02-15T00:01:27.548+0000] {processor.py:183} INFO - Processing /home/ubuntu/reddit_venv/lib/python3.10/site-packages/airflow/example_dags/example_branch_python_dop_operator_3.py took 0.083 seconds
[2024-02-15T00:02:25.721+0000] {processor.py:161} INFO - Started process (PID=23202) to work on /home/ubuntu/reddit_venv/lib/python3.10/site-packages/airflow/example_dags/example_branch_python_dop_operator_3.py
[2024-02-15T00:02:25.722+0000] {processor.py:830} INFO - Processing file /home/ubuntu/reddit_venv/lib/python3.10/site-packages/airflow/example_dags/example_branch_python_dop_operator_3.py for tasks to queue
[2024-02-15T00:02:25.723+0000] {logging_mixin.py:188} INFO - [2024-02-15T00:02:25.723+0000] {dagbag.py:538} INFO - Filling up the DagBag from /home/ubuntu/reddit_venv/lib/python3.10/site-packages/airflow/example_dags/example_branch_python_dop_operator_3.py
[2024-02-15T00:02:25.733+0000] {processor.py:840} INFO - DAG(s) 'example_branch_dop_operator_v3' retrieved from /home/ubuntu/reddit_venv/lib/python3.10/site-packages/airflow/example_dags/example_branch_python_dop_operator_3.py
[2024-02-15T00:02:25.749+0000] {logging_mixin.py:188} INFO - [2024-02-15T00:02:25.748+0000] {dag.py:3036} INFO - Sync 1 DAGs
[2024-02-15T00:02:25.773+0000] {logging_mixin.py:188} INFO - [2024-02-15T00:02:25.773+0000] {dag.py:3823} INFO - Setting next_dagrun for example_branch_dop_operator_v3 to 2024-02-15 00:01:00+00:00, run_after=2024-02-15 00:02:00+00:00
[2024-02-15T00:02:25.795+0000] {processor.py:183} INFO - Processing /home/ubuntu/reddit_venv/lib/python3.10/site-packages/airflow/example_dags/example_branch_python_dop_operator_3.py took 0.077 seconds
