[2024-02-15T00:00:37.076+0000] {processor.py:161} INFO - Started process (PID=23019) to work on /home/ubuntu/reddit_venv/lib/python3.10/site-packages/airflow/example_dags/example_setup_teardown.py
[2024-02-15T00:00:37.077+0000] {processor.py:830} INFO - Processing file /home/ubuntu/reddit_venv/lib/python3.10/site-packages/airflow/example_dags/example_setup_teardown.py for tasks to queue
[2024-02-15T00:00:37.078+0000] {logging_mixin.py:188} INFO - [2024-02-15T00:00:37.078+0000] {dagbag.py:538} INFO - Filling up the DagBag from /home/ubuntu/reddit_venv/lib/python3.10/site-packages/airflow/example_dags/example_setup_teardown.py
[2024-02-15T00:00:37.086+0000] {processor.py:840} INFO - DAG(s) 'example_setup_teardown' retrieved from /home/ubuntu/reddit_venv/lib/python3.10/site-packages/airflow/example_dags/example_setup_teardown.py
[2024-02-15T00:00:37.103+0000] {logging_mixin.py:188} INFO - [2024-02-15T00:00:37.103+0000] {dag.py:3036} INFO - Sync 1 DAGs
[2024-02-15T00:00:37.122+0000] {logging_mixin.py:188} INFO - [2024-02-15T00:00:37.122+0000] {dag.py:3823} INFO - Setting next_dagrun for example_setup_teardown to 2024-02-14 00:00:00+00:00, run_after=2024-02-15 00:00:00+00:00
[2024-02-15T00:00:37.146+0000] {processor.py:183} INFO - Processing /home/ubuntu/reddit_venv/lib/python3.10/site-packages/airflow/example_dags/example_setup_teardown.py took 0.073 seconds
[2024-02-15T00:01:22.464+0000] {processor.py:161} INFO - Started process (PID=23071) to work on /home/ubuntu/reddit_venv/lib/python3.10/site-packages/airflow/example_dags/example_setup_teardown.py
[2024-02-15T00:01:22.465+0000] {processor.py:830} INFO - Processing file /home/ubuntu/reddit_venv/lib/python3.10/site-packages/airflow/example_dags/example_setup_teardown.py for tasks to queue
[2024-02-15T00:01:22.466+0000] {logging_mixin.py:188} INFO - [2024-02-15T00:01:22.466+0000] {dagbag.py:538} INFO - Filling up the DagBag from /home/ubuntu/reddit_venv/lib/python3.10/site-packages/airflow/example_dags/example_setup_teardown.py
[2024-02-15T00:01:22.474+0000] {processor.py:840} INFO - DAG(s) 'example_setup_teardown' retrieved from /home/ubuntu/reddit_venv/lib/python3.10/site-packages/airflow/example_dags/example_setup_teardown.py
[2024-02-15T00:01:22.490+0000] {logging_mixin.py:188} INFO - [2024-02-15T00:01:22.490+0000] {dag.py:3036} INFO - Sync 1 DAGs
[2024-02-15T00:01:22.510+0000] {logging_mixin.py:188} INFO - [2024-02-15T00:01:22.510+0000] {dag.py:3823} INFO - Setting next_dagrun for example_setup_teardown to 2024-02-14 00:00:00+00:00, run_after=2024-02-15 00:00:00+00:00
[2024-02-15T00:01:22.532+0000] {processor.py:183} INFO - Processing /home/ubuntu/reddit_venv/lib/python3.10/site-packages/airflow/example_dags/example_setup_teardown.py took 0.071 seconds
[2024-02-15T00:02:20.237+0000] {processor.py:161} INFO - Started process (PID=23196) to work on /home/ubuntu/reddit_venv/lib/python3.10/site-packages/airflow/example_dags/example_setup_teardown.py
[2024-02-15T00:02:20.239+0000] {processor.py:830} INFO - Processing file /home/ubuntu/reddit_venv/lib/python3.10/site-packages/airflow/example_dags/example_setup_teardown.py for tasks to queue
[2024-02-15T00:02:20.240+0000] {logging_mixin.py:188} INFO - [2024-02-15T00:02:20.239+0000] {dagbag.py:538} INFO - Filling up the DagBag from /home/ubuntu/reddit_venv/lib/python3.10/site-packages/airflow/example_dags/example_setup_teardown.py
[2024-02-15T00:02:20.248+0000] {processor.py:840} INFO - DAG(s) 'example_setup_teardown' retrieved from /home/ubuntu/reddit_venv/lib/python3.10/site-packages/airflow/example_dags/example_setup_teardown.py
[2024-02-15T00:02:20.264+0000] {logging_mixin.py:188} INFO - [2024-02-15T00:02:20.263+0000] {dag.py:3036} INFO - Sync 1 DAGs
[2024-02-15T00:02:20.284+0000] {logging_mixin.py:188} INFO - [2024-02-15T00:02:20.284+0000] {dag.py:3823} INFO - Setting next_dagrun for example_setup_teardown to 2024-02-14 00:00:00+00:00, run_after=2024-02-15 00:00:00+00:00
[2024-02-15T00:02:20.313+0000] {processor.py:183} INFO - Processing /home/ubuntu/reddit_venv/lib/python3.10/site-packages/airflow/example_dags/example_setup_teardown.py took 0.079 seconds
