[2024-02-15T00:00:22.036+0000] {processor.py:161} INFO - Started process (PID=22937) to work on /home/ubuntu/reddit_venv/lib/python3.10/site-packages/airflow/example_dags/example_latest_only_with_trigger.py
[2024-02-15T00:00:22.037+0000] {processor.py:830} INFO - Processing file /home/ubuntu/reddit_venv/lib/python3.10/site-packages/airflow/example_dags/example_latest_only_with_trigger.py for tasks to queue
[2024-02-15T00:00:22.038+0000] {logging_mixin.py:188} INFO - [2024-02-15T00:00:22.038+0000] {dagbag.py:538} INFO - Filling up the DagBag from /home/ubuntu/reddit_venv/lib/python3.10/site-packages/airflow/example_dags/example_latest_only_with_trigger.py
[2024-02-15T00:00:22.044+0000] {processor.py:840} INFO - DAG(s) 'latest_only_with_trigger' retrieved from /home/ubuntu/reddit_venv/lib/python3.10/site-packages/airflow/example_dags/example_latest_only_with_trigger.py
[2024-02-15T00:00:22.061+0000] {logging_mixin.py:188} INFO - [2024-02-15T00:00:22.061+0000] {dag.py:3036} INFO - Sync 1 DAGs
[2024-02-15T00:00:22.081+0000] {logging_mixin.py:188} INFO - [2024-02-15T00:00:22.081+0000] {dag.py:3823} INFO - Setting next_dagrun for latest_only_with_trigger to 2024-02-14 20:00:00+00:00, run_after=2024-02-15 00:00:00+00:00
[2024-02-15T00:00:22.105+0000] {processor.py:183} INFO - Processing /home/ubuntu/reddit_venv/lib/python3.10/site-packages/airflow/example_dags/example_latest_only_with_trigger.py took 0.072 seconds
[2024-02-15T00:01:08.037+0000] {processor.py:161} INFO - Started process (PID=23050) to work on /home/ubuntu/reddit_venv/lib/python3.10/site-packages/airflow/example_dags/example_latest_only_with_trigger.py
[2024-02-15T00:01:08.039+0000] {processor.py:830} INFO - Processing file /home/ubuntu/reddit_venv/lib/python3.10/site-packages/airflow/example_dags/example_latest_only_with_trigger.py for tasks to queue
[2024-02-15T00:01:08.040+0000] {logging_mixin.py:188} INFO - [2024-02-15T00:01:08.039+0000] {dagbag.py:538} INFO - Filling up the DagBag from /home/ubuntu/reddit_venv/lib/python3.10/site-packages/airflow/example_dags/example_latest_only_with_trigger.py
[2024-02-15T00:01:08.046+0000] {processor.py:840} INFO - DAG(s) 'latest_only_with_trigger' retrieved from /home/ubuntu/reddit_venv/lib/python3.10/site-packages/airflow/example_dags/example_latest_only_with_trigger.py
[2024-02-15T00:01:08.071+0000] {logging_mixin.py:188} INFO - [2024-02-15T00:01:08.071+0000] {dag.py:3036} INFO - Sync 1 DAGs
[2024-02-15T00:01:08.092+0000] {logging_mixin.py:188} INFO - [2024-02-15T00:01:08.091+0000] {dag.py:3823} INFO - Setting next_dagrun for latest_only_with_trigger to 2024-02-14 20:00:00+00:00, run_after=2024-02-15 00:00:00+00:00
[2024-02-15T00:01:08.113+0000] {processor.py:183} INFO - Processing /home/ubuntu/reddit_venv/lib/python3.10/site-packages/airflow/example_dags/example_latest_only_with_trigger.py took 0.079 seconds
[2024-02-15T00:02:03.199+0000] {processor.py:161} INFO - Started process (PID=23177) to work on /home/ubuntu/reddit_venv/lib/python3.10/site-packages/airflow/example_dags/example_latest_only_with_trigger.py
[2024-02-15T00:02:03.200+0000] {processor.py:830} INFO - Processing file /home/ubuntu/reddit_venv/lib/python3.10/site-packages/airflow/example_dags/example_latest_only_with_trigger.py for tasks to queue
[2024-02-15T00:02:03.201+0000] {logging_mixin.py:188} INFO - [2024-02-15T00:02:03.201+0000] {dagbag.py:538} INFO - Filling up the DagBag from /home/ubuntu/reddit_venv/lib/python3.10/site-packages/airflow/example_dags/example_latest_only_with_trigger.py
[2024-02-15T00:02:03.208+0000] {processor.py:840} INFO - DAG(s) 'latest_only_with_trigger' retrieved from /home/ubuntu/reddit_venv/lib/python3.10/site-packages/airflow/example_dags/example_latest_only_with_trigger.py
[2024-02-15T00:02:03.224+0000] {logging_mixin.py:188} INFO - [2024-02-15T00:02:03.224+0000] {dag.py:3036} INFO - Sync 1 DAGs
[2024-02-15T00:02:03.245+0000] {logging_mixin.py:188} INFO - [2024-02-15T00:02:03.244+0000] {dag.py:3823} INFO - Setting next_dagrun for latest_only_with_trigger to 2024-02-14 20:00:00+00:00, run_after=2024-02-15 00:00:00+00:00
[2024-02-15T00:02:03.267+0000] {processor.py:183} INFO - Processing /home/ubuntu/reddit_venv/lib/python3.10/site-packages/airflow/example_dags/example_latest_only_with_trigger.py took 0.072 seconds
