[2024-02-15T00:00:20.897+0000] {processor.py:161} INFO - Started process (PID=22936) to work on /home/ubuntu/reddit_venv/lib/python3.10/site-packages/airflow/example_dags/example_sensor_decorator.py
[2024-02-15T00:00:20.898+0000] {processor.py:830} INFO - Processing file /home/ubuntu/reddit_venv/lib/python3.10/site-packages/airflow/example_dags/example_sensor_decorator.py for tasks to queue
[2024-02-15T00:00:20.899+0000] {logging_mixin.py:188} INFO - [2024-02-15T00:00:20.899+0000] {dagbag.py:538} INFO - Filling up the DagBag from /home/ubuntu/reddit_venv/lib/python3.10/site-packages/airflow/example_dags/example_sensor_decorator.py
[2024-02-15T00:00:20.906+0000] {processor.py:840} INFO - DAG(s) 'example_sensor_decorator' retrieved from /home/ubuntu/reddit_venv/lib/python3.10/site-packages/airflow/example_dags/example_sensor_decorator.py
[2024-02-15T00:00:20.922+0000] {logging_mixin.py:188} INFO - [2024-02-15T00:00:20.922+0000] {dag.py:3036} INFO - Sync 1 DAGs
[2024-02-15T00:00:20.934+0000] {logging_mixin.py:188} INFO - [2024-02-15T00:00:20.934+0000] {dag.py:3823} INFO - Setting next_dagrun for example_sensor_decorator to None, run_after=None
[2024-02-15T00:00:20.957+0000] {processor.py:183} INFO - Processing /home/ubuntu/reddit_venv/lib/python3.10/site-packages/airflow/example_dags/example_sensor_decorator.py took 0.063 seconds
[2024-02-15T00:01:06.899+0000] {processor.py:161} INFO - Started process (PID=23049) to work on /home/ubuntu/reddit_venv/lib/python3.10/site-packages/airflow/example_dags/example_sensor_decorator.py
[2024-02-15T00:01:06.900+0000] {processor.py:830} INFO - Processing file /home/ubuntu/reddit_venv/lib/python3.10/site-packages/airflow/example_dags/example_sensor_decorator.py for tasks to queue
[2024-02-15T00:01:06.901+0000] {logging_mixin.py:188} INFO - [2024-02-15T00:01:06.900+0000] {dagbag.py:538} INFO - Filling up the DagBag from /home/ubuntu/reddit_venv/lib/python3.10/site-packages/airflow/example_dags/example_sensor_decorator.py
[2024-02-15T00:01:06.908+0000] {processor.py:840} INFO - DAG(s) 'example_sensor_decorator' retrieved from /home/ubuntu/reddit_venv/lib/python3.10/site-packages/airflow/example_dags/example_sensor_decorator.py
[2024-02-15T00:01:06.923+0000] {logging_mixin.py:188} INFO - [2024-02-15T00:01:06.923+0000] {dag.py:3036} INFO - Sync 1 DAGs
[2024-02-15T00:01:06.935+0000] {logging_mixin.py:188} INFO - [2024-02-15T00:01:06.935+0000] {dag.py:3823} INFO - Setting next_dagrun for example_sensor_decorator to None, run_after=None
[2024-02-15T00:01:06.958+0000] {processor.py:183} INFO - Processing /home/ubuntu/reddit_venv/lib/python3.10/site-packages/airflow/example_dags/example_sensor_decorator.py took 0.062 seconds
[2024-02-15T00:02:02.058+0000] {processor.py:161} INFO - Started process (PID=23176) to work on /home/ubuntu/reddit_venv/lib/python3.10/site-packages/airflow/example_dags/example_sensor_decorator.py
[2024-02-15T00:02:02.059+0000] {processor.py:830} INFO - Processing file /home/ubuntu/reddit_venv/lib/python3.10/site-packages/airflow/example_dags/example_sensor_decorator.py for tasks to queue
[2024-02-15T00:02:02.060+0000] {logging_mixin.py:188} INFO - [2024-02-15T00:02:02.060+0000] {dagbag.py:538} INFO - Filling up the DagBag from /home/ubuntu/reddit_venv/lib/python3.10/site-packages/airflow/example_dags/example_sensor_decorator.py
[2024-02-15T00:02:02.067+0000] {processor.py:840} INFO - DAG(s) 'example_sensor_decorator' retrieved from /home/ubuntu/reddit_venv/lib/python3.10/site-packages/airflow/example_dags/example_sensor_decorator.py
[2024-02-15T00:02:02.083+0000] {logging_mixin.py:188} INFO - [2024-02-15T00:02:02.082+0000] {dag.py:3036} INFO - Sync 1 DAGs
[2024-02-15T00:02:02.094+0000] {logging_mixin.py:188} INFO - [2024-02-15T00:02:02.094+0000] {dag.py:3823} INFO - Setting next_dagrun for example_sensor_decorator to None, run_after=None
[2024-02-15T00:02:02.118+0000] {processor.py:183} INFO - Processing /home/ubuntu/reddit_venv/lib/python3.10/site-packages/airflow/example_dags/example_sensor_decorator.py took 0.064 seconds
