[2024-02-15T00:00:24.496+0000] {processor.py:161} INFO - Started process (PID=22940) to work on /home/ubuntu/reddit_venv/lib/python3.10/site-packages/airflow/example_dags/example_complex.py
[2024-02-15T00:00:24.497+0000] {processor.py:830} INFO - Processing file /home/ubuntu/reddit_venv/lib/python3.10/site-packages/airflow/example_dags/example_complex.py for tasks to queue
[2024-02-15T00:00:24.498+0000] {logging_mixin.py:188} INFO - [2024-02-15T00:00:24.498+0000] {dagbag.py:538} INFO - Filling up the DagBag from /home/ubuntu/reddit_venv/lib/python3.10/site-packages/airflow/example_dags/example_complex.py
[2024-02-15T00:00:24.510+0000] {processor.py:840} INFO - DAG(s) 'example_complex' retrieved from /home/ubuntu/reddit_venv/lib/python3.10/site-packages/airflow/example_dags/example_complex.py
[2024-02-15T00:00:24.537+0000] {logging_mixin.py:188} INFO - [2024-02-15T00:00:24.537+0000] {dag.py:3036} INFO - Sync 1 DAGs
[2024-02-15T00:00:24.549+0000] {logging_mixin.py:188} INFO - [2024-02-15T00:00:24.549+0000] {dag.py:3823} INFO - Setting next_dagrun for example_complex to None, run_after=None
[2024-02-15T00:00:24.578+0000] {processor.py:183} INFO - Processing /home/ubuntu/reddit_venv/lib/python3.10/site-packages/airflow/example_dags/example_complex.py took 0.085 seconds
[2024-02-15T00:01:27.668+0000] {processor.py:161} INFO - Started process (PID=23078) to work on /home/ubuntu/reddit_venv/lib/python3.10/site-packages/airflow/example_dags/example_complex.py
[2024-02-15T00:01:27.670+0000] {processor.py:830} INFO - Processing file /home/ubuntu/reddit_venv/lib/python3.10/site-packages/airflow/example_dags/example_complex.py for tasks to queue
[2024-02-15T00:01:27.671+0000] {logging_mixin.py:188} INFO - [2024-02-15T00:01:27.670+0000] {dagbag.py:538} INFO - Filling up the DagBag from /home/ubuntu/reddit_venv/lib/python3.10/site-packages/airflow/example_dags/example_complex.py
[2024-02-15T00:01:27.683+0000] {processor.py:840} INFO - DAG(s) 'example_complex' retrieved from /home/ubuntu/reddit_venv/lib/python3.10/site-packages/airflow/example_dags/example_complex.py
[2024-02-15T00:01:27.710+0000] {logging_mixin.py:188} INFO - [2024-02-15T00:01:27.710+0000] {dag.py:3036} INFO - Sync 1 DAGs
[2024-02-15T00:01:27.722+0000] {logging_mixin.py:188} INFO - [2024-02-15T00:01:27.722+0000] {dag.py:3823} INFO - Setting next_dagrun for example_complex to None, run_after=None
[2024-02-15T00:01:27.747+0000] {processor.py:183} INFO - Processing /home/ubuntu/reddit_venv/lib/python3.10/site-packages/airflow/example_dags/example_complex.py took 0.082 seconds
[2024-02-15T00:02:26.861+0000] {processor.py:161} INFO - Started process (PID=23203) to work on /home/ubuntu/reddit_venv/lib/python3.10/site-packages/airflow/example_dags/example_complex.py
[2024-02-15T00:02:26.863+0000] {processor.py:830} INFO - Processing file /home/ubuntu/reddit_venv/lib/python3.10/site-packages/airflow/example_dags/example_complex.py for tasks to queue
[2024-02-15T00:02:26.864+0000] {logging_mixin.py:188} INFO - [2024-02-15T00:02:26.864+0000] {dagbag.py:538} INFO - Filling up the DagBag from /home/ubuntu/reddit_venv/lib/python3.10/site-packages/airflow/example_dags/example_complex.py
[2024-02-15T00:02:26.876+0000] {processor.py:840} INFO - DAG(s) 'example_complex' retrieved from /home/ubuntu/reddit_venv/lib/python3.10/site-packages/airflow/example_dags/example_complex.py
[2024-02-15T00:02:26.902+0000] {logging_mixin.py:188} INFO - [2024-02-15T00:02:26.902+0000] {dag.py:3036} INFO - Sync 1 DAGs
[2024-02-15T00:02:26.914+0000] {logging_mixin.py:188} INFO - [2024-02-15T00:02:26.914+0000] {dag.py:3823} INFO - Setting next_dagrun for example_complex to None, run_after=None
[2024-02-15T00:02:26.935+0000] {processor.py:183} INFO - Processing /home/ubuntu/reddit_venv/lib/python3.10/site-packages/airflow/example_dags/example_complex.py took 0.078 seconds
