[2024-02-15T00:00:28.496+0000] {processor.py:161} INFO - Started process (PID=22972) to work on /home/ubuntu/reddit_venv/lib/python3.10/site-packages/airflow/example_dags/example_xcomargs.py
[2024-02-15T00:00:28.497+0000] {processor.py:830} INFO - Processing file /home/ubuntu/reddit_venv/lib/python3.10/site-packages/airflow/example_dags/example_xcomargs.py for tasks to queue
[2024-02-15T00:00:28.498+0000] {logging_mixin.py:188} INFO - [2024-02-15T00:00:28.497+0000] {dagbag.py:538} INFO - Filling up the DagBag from /home/ubuntu/reddit_venv/lib/python3.10/site-packages/airflow/example_dags/example_xcomargs.py
[2024-02-15T00:00:28.507+0000] {processor.py:840} INFO - DAG(s) 'example_xcom_args_with_operators', 'example_xcom_args' retrieved from /home/ubuntu/reddit_venv/lib/python3.10/site-packages/airflow/example_dags/example_xcomargs.py
[2024-02-15T00:00:28.526+0000] {logging_mixin.py:188} INFO - [2024-02-15T00:00:28.526+0000] {dag.py:3036} INFO - Sync 2 DAGs
[2024-02-15T00:00:28.538+0000] {logging_mixin.py:188} INFO - [2024-02-15T00:00:28.538+0000] {dag.py:3823} INFO - Setting next_dagrun for example_xcom_args to None, run_after=None
[2024-02-15T00:00:28.542+0000] {logging_mixin.py:188} INFO - [2024-02-15T00:00:28.542+0000] {dag.py:3823} INFO - Setting next_dagrun for example_xcom_args_with_operators to None, run_after=None
[2024-02-15T00:00:28.562+0000] {processor.py:183} INFO - Processing /home/ubuntu/reddit_venv/lib/python3.10/site-packages/airflow/example_dags/example_xcomargs.py took 0.069 seconds
[2024-02-15T00:01:14.604+0000] {processor.py:161} INFO - Started process (PID=23059) to work on /home/ubuntu/reddit_venv/lib/python3.10/site-packages/airflow/example_dags/example_xcomargs.py
[2024-02-15T00:01:14.606+0000] {processor.py:830} INFO - Processing file /home/ubuntu/reddit_venv/lib/python3.10/site-packages/airflow/example_dags/example_xcomargs.py for tasks to queue
[2024-02-15T00:01:14.607+0000] {logging_mixin.py:188} INFO - [2024-02-15T00:01:14.606+0000] {dagbag.py:538} INFO - Filling up the DagBag from /home/ubuntu/reddit_venv/lib/python3.10/site-packages/airflow/example_dags/example_xcomargs.py
[2024-02-15T00:01:14.616+0000] {processor.py:840} INFO - DAG(s) 'example_xcom_args_with_operators', 'example_xcom_args' retrieved from /home/ubuntu/reddit_venv/lib/python3.10/site-packages/airflow/example_dags/example_xcomargs.py
[2024-02-15T00:01:14.635+0000] {logging_mixin.py:188} INFO - [2024-02-15T00:01:14.634+0000] {dag.py:3036} INFO - Sync 2 DAGs
[2024-02-15T00:01:14.647+0000] {logging_mixin.py:188} INFO - [2024-02-15T00:01:14.647+0000] {dag.py:3823} INFO - Setting next_dagrun for example_xcom_args to None, run_after=None
[2024-02-15T00:01:14.650+0000] {logging_mixin.py:188} INFO - [2024-02-15T00:01:14.650+0000] {dag.py:3823} INFO - Setting next_dagrun for example_xcom_args_with_operators to None, run_after=None
[2024-02-15T00:01:14.670+0000] {processor.py:183} INFO - Processing /home/ubuntu/reddit_venv/lib/python3.10/site-packages/airflow/example_dags/example_xcomargs.py took 0.070 seconds
[2024-02-15T00:01:50.960+0000] {processor.py:161} INFO - Started process (PID=23165) to work on /home/ubuntu/reddit_venv/lib/python3.10/site-packages/airflow/example_dags/example_xcomargs.py
[2024-02-15T00:01:50.962+0000] {processor.py:830} INFO - Processing file /home/ubuntu/reddit_venv/lib/python3.10/site-packages/airflow/example_dags/example_xcomargs.py for tasks to queue
[2024-02-15T00:01:50.963+0000] {logging_mixin.py:188} INFO - [2024-02-15T00:01:50.962+0000] {dagbag.py:538} INFO - Filling up the DagBag from /home/ubuntu/reddit_venv/lib/python3.10/site-packages/airflow/example_dags/example_xcomargs.py
[2024-02-15T00:01:50.972+0000] {processor.py:840} INFO - DAG(s) 'example_xcom_args_with_operators', 'example_xcom_args' retrieved from /home/ubuntu/reddit_venv/lib/python3.10/site-packages/airflow/example_dags/example_xcomargs.py
[2024-02-15T00:01:50.991+0000] {logging_mixin.py:188} INFO - [2024-02-15T00:01:50.991+0000] {dag.py:3036} INFO - Sync 2 DAGs
[2024-02-15T00:01:51.003+0000] {logging_mixin.py:188} INFO - [2024-02-15T00:01:51.003+0000] {dag.py:3823} INFO - Setting next_dagrun for example_xcom_args to None, run_after=None
[2024-02-15T00:01:51.006+0000] {logging_mixin.py:188} INFO - [2024-02-15T00:01:51.006+0000] {dag.py:3823} INFO - Setting next_dagrun for example_xcom_args_with_operators to None, run_after=None
[2024-02-15T00:01:51.026+0000] {processor.py:183} INFO - Processing /home/ubuntu/reddit_venv/lib/python3.10/site-packages/airflow/example_dags/example_xcomargs.py took 0.069 seconds
[2024-02-15T00:02:31.239+0000] {processor.py:161} INFO - Started process (PID=23272) to work on /home/ubuntu/reddit_venv/lib/python3.10/site-packages/airflow/example_dags/example_xcomargs.py
[2024-02-15T00:02:31.241+0000] {processor.py:830} INFO - Processing file /home/ubuntu/reddit_venv/lib/python3.10/site-packages/airflow/example_dags/example_xcomargs.py for tasks to queue
[2024-02-15T00:02:31.242+0000] {logging_mixin.py:188} INFO - [2024-02-15T00:02:31.241+0000] {dagbag.py:538} INFO - Filling up the DagBag from /home/ubuntu/reddit_venv/lib/python3.10/site-packages/airflow/example_dags/example_xcomargs.py
[2024-02-15T00:02:31.251+0000] {processor.py:840} INFO - DAG(s) 'example_xcom_args', 'example_xcom_args_with_operators' retrieved from /home/ubuntu/reddit_venv/lib/python3.10/site-packages/airflow/example_dags/example_xcomargs.py
[2024-02-15T00:02:31.270+0000] {logging_mixin.py:188} INFO - [2024-02-15T00:02:31.270+0000] {dag.py:3036} INFO - Sync 2 DAGs
[2024-02-15T00:02:31.282+0000] {logging_mixin.py:188} INFO - [2024-02-15T00:02:31.281+0000] {dag.py:3823} INFO - Setting next_dagrun for example_xcom_args to None, run_after=None
[2024-02-15T00:02:31.285+0000] {logging_mixin.py:188} INFO - [2024-02-15T00:02:31.285+0000] {dag.py:3823} INFO - Setting next_dagrun for example_xcom_args_with_operators to None, run_after=None
[2024-02-15T00:02:31.305+0000] {processor.py:183} INFO - Processing /home/ubuntu/reddit_venv/lib/python3.10/site-packages/airflow/example_dags/example_xcomargs.py took 0.069 seconds
