[2024-02-15T00:00:54.213+0000] {processor.py:161} INFO - Started process (PID=23036) to work on /home/ubuntu/reddit_venv/lib/python3.10/site-packages/airflow/example_dags/tutorial_taskflow_api.py
[2024-02-15T00:00:54.214+0000] {processor.py:830} INFO - Processing file /home/ubuntu/reddit_venv/lib/python3.10/site-packages/airflow/example_dags/tutorial_taskflow_api.py for tasks to queue
[2024-02-15T00:00:54.215+0000] {logging_mixin.py:188} INFO - [2024-02-15T00:00:54.214+0000] {dagbag.py:538} INFO - Filling up the DagBag from /home/ubuntu/reddit_venv/lib/python3.10/site-packages/airflow/example_dags/tutorial_taskflow_api.py
[2024-02-15T00:00:54.222+0000] {processor.py:840} INFO - DAG(s) 'tutorial_taskflow_api' retrieved from /home/ubuntu/reddit_venv/lib/python3.10/site-packages/airflow/example_dags/tutorial_taskflow_api.py
[2024-02-15T00:00:54.237+0000] {logging_mixin.py:188} INFO - [2024-02-15T00:00:54.237+0000] {dag.py:3036} INFO - Sync 1 DAGs
[2024-02-15T00:00:54.249+0000] {logging_mixin.py:188} INFO - [2024-02-15T00:00:54.249+0000] {dag.py:3823} INFO - Setting next_dagrun for tutorial_taskflow_api to None, run_after=None
[2024-02-15T00:00:54.275+0000] {processor.py:183} INFO - Processing /home/ubuntu/reddit_venv/lib/python3.10/site-packages/airflow/example_dags/tutorial_taskflow_api.py took 0.065 seconds
[2024-02-15T00:01:30.354+0000] {processor.py:161} INFO - Started process (PID=23143) to work on /home/ubuntu/reddit_venv/lib/python3.10/site-packages/airflow/example_dags/tutorial_taskflow_api.py
[2024-02-15T00:01:30.356+0000] {processor.py:830} INFO - Processing file /home/ubuntu/reddit_venv/lib/python3.10/site-packages/airflow/example_dags/tutorial_taskflow_api.py for tasks to queue
[2024-02-15T00:01:30.357+0000] {logging_mixin.py:188} INFO - [2024-02-15T00:01:30.356+0000] {dagbag.py:538} INFO - Filling up the DagBag from /home/ubuntu/reddit_venv/lib/python3.10/site-packages/airflow/example_dags/tutorial_taskflow_api.py
[2024-02-15T00:01:30.364+0000] {processor.py:840} INFO - DAG(s) 'tutorial_taskflow_api' retrieved from /home/ubuntu/reddit_venv/lib/python3.10/site-packages/airflow/example_dags/tutorial_taskflow_api.py
[2024-02-15T00:01:30.379+0000] {logging_mixin.py:188} INFO - [2024-02-15T00:01:30.379+0000] {dag.py:3036} INFO - Sync 1 DAGs
[2024-02-15T00:01:30.391+0000] {logging_mixin.py:188} INFO - [2024-02-15T00:01:30.391+0000] {dag.py:3823} INFO - Setting next_dagrun for tutorial_taskflow_api to None, run_after=None
[2024-02-15T00:01:30.413+0000] {processor.py:183} INFO - Processing /home/ubuntu/reddit_venv/lib/python3.10/site-packages/airflow/example_dags/tutorial_taskflow_api.py took 0.062 seconds
[2024-02-15T00:02:08.799+0000] {processor.py:161} INFO - Started process (PID=23182) to work on /home/ubuntu/reddit_venv/lib/python3.10/site-packages/airflow/example_dags/tutorial_taskflow_api.py
[2024-02-15T00:02:08.801+0000] {processor.py:830} INFO - Processing file /home/ubuntu/reddit_venv/lib/python3.10/site-packages/airflow/example_dags/tutorial_taskflow_api.py for tasks to queue
[2024-02-15T00:02:08.802+0000] {logging_mixin.py:188} INFO - [2024-02-15T00:02:08.801+0000] {dagbag.py:538} INFO - Filling up the DagBag from /home/ubuntu/reddit_venv/lib/python3.10/site-packages/airflow/example_dags/tutorial_taskflow_api.py
[2024-02-15T00:02:08.809+0000] {processor.py:840} INFO - DAG(s) 'tutorial_taskflow_api' retrieved from /home/ubuntu/reddit_venv/lib/python3.10/site-packages/airflow/example_dags/tutorial_taskflow_api.py
[2024-02-15T00:02:08.824+0000] {logging_mixin.py:188} INFO - [2024-02-15T00:02:08.824+0000] {dag.py:3036} INFO - Sync 1 DAGs
[2024-02-15T00:02:08.836+0000] {logging_mixin.py:188} INFO - [2024-02-15T00:02:08.836+0000] {dag.py:3823} INFO - Setting next_dagrun for tutorial_taskflow_api to None, run_after=None
[2024-02-15T00:02:08.858+0000] {processor.py:183} INFO - Processing /home/ubuntu/reddit_venv/lib/python3.10/site-packages/airflow/example_dags/tutorial_taskflow_api.py took 0.062 seconds
