[2024-02-15T00:00:29.645+0000] {processor.py:161} INFO - Started process (PID=23008) to work on /home/ubuntu/reddit_venv/lib/python3.10/site-packages/airflow/example_dags/tutorial_dag.py
[2024-02-15T00:00:29.646+0000] {processor.py:830} INFO - Processing file /home/ubuntu/reddit_venv/lib/python3.10/site-packages/airflow/example_dags/tutorial_dag.py for tasks to queue
[2024-02-15T00:00:29.647+0000] {logging_mixin.py:188} INFO - [2024-02-15T00:00:29.646+0000] {dagbag.py:538} INFO - Filling up the DagBag from /home/ubuntu/reddit_venv/lib/python3.10/site-packages/airflow/example_dags/tutorial_dag.py
[2024-02-15T00:00:29.653+0000] {processor.py:840} INFO - DAG(s) 'tutorial_dag' retrieved from /home/ubuntu/reddit_venv/lib/python3.10/site-packages/airflow/example_dags/tutorial_dag.py
[2024-02-15T00:00:29.670+0000] {logging_mixin.py:188} INFO - [2024-02-15T00:00:29.669+0000] {dag.py:3036} INFO - Sync 1 DAGs
[2024-02-15T00:00:29.682+0000] {logging_mixin.py:188} INFO - [2024-02-15T00:00:29.682+0000] {dag.py:3823} INFO - Setting next_dagrun for tutorial_dag to None, run_after=None
[2024-02-15T00:00:29.705+0000] {processor.py:183} INFO - Processing /home/ubuntu/reddit_venv/lib/python3.10/site-packages/airflow/example_dags/tutorial_dag.py took 0.064 seconds
[2024-02-15T00:01:14.807+0000] {processor.py:161} INFO - Started process (PID=23060) to work on /home/ubuntu/reddit_venv/lib/python3.10/site-packages/airflow/example_dags/tutorial_dag.py
[2024-02-15T00:01:14.809+0000] {processor.py:830} INFO - Processing file /home/ubuntu/reddit_venv/lib/python3.10/site-packages/airflow/example_dags/tutorial_dag.py for tasks to queue
[2024-02-15T00:01:14.810+0000] {logging_mixin.py:188} INFO - [2024-02-15T00:01:14.809+0000] {dagbag.py:538} INFO - Filling up the DagBag from /home/ubuntu/reddit_venv/lib/python3.10/site-packages/airflow/example_dags/tutorial_dag.py
[2024-02-15T00:01:14.815+0000] {processor.py:840} INFO - DAG(s) 'tutorial_dag' retrieved from /home/ubuntu/reddit_venv/lib/python3.10/site-packages/airflow/example_dags/tutorial_dag.py
[2024-02-15T00:01:14.832+0000] {logging_mixin.py:188} INFO - [2024-02-15T00:01:14.831+0000] {dag.py:3036} INFO - Sync 1 DAGs
[2024-02-15T00:01:14.844+0000] {logging_mixin.py:188} INFO - [2024-02-15T00:01:14.844+0000] {dag.py:3823} INFO - Setting next_dagrun for tutorial_dag to None, run_after=None
[2024-02-15T00:01:14.867+0000] {processor.py:183} INFO - Processing /home/ubuntu/reddit_venv/lib/python3.10/site-packages/airflow/example_dags/tutorial_dag.py took 0.063 seconds
[2024-02-15T00:01:51.917+0000] {processor.py:161} INFO - Started process (PID=23166) to work on /home/ubuntu/reddit_venv/lib/python3.10/site-packages/airflow/example_dags/tutorial_dag.py
[2024-02-15T00:01:51.918+0000] {processor.py:830} INFO - Processing file /home/ubuntu/reddit_venv/lib/python3.10/site-packages/airflow/example_dags/tutorial_dag.py for tasks to queue
[2024-02-15T00:01:51.919+0000] {logging_mixin.py:188} INFO - [2024-02-15T00:01:51.919+0000] {dagbag.py:538} INFO - Filling up the DagBag from /home/ubuntu/reddit_venv/lib/python3.10/site-packages/airflow/example_dags/tutorial_dag.py
[2024-02-15T00:01:51.925+0000] {processor.py:840} INFO - DAG(s) 'tutorial_dag' retrieved from /home/ubuntu/reddit_venv/lib/python3.10/site-packages/airflow/example_dags/tutorial_dag.py
[2024-02-15T00:01:51.942+0000] {logging_mixin.py:188} INFO - [2024-02-15T00:01:51.942+0000] {dag.py:3036} INFO - Sync 1 DAGs
[2024-02-15T00:01:51.954+0000] {logging_mixin.py:188} INFO - [2024-02-15T00:01:51.954+0000] {dag.py:3823} INFO - Setting next_dagrun for tutorial_dag to None, run_after=None
[2024-02-15T00:01:51.977+0000] {processor.py:183} INFO - Processing /home/ubuntu/reddit_venv/lib/python3.10/site-packages/airflow/example_dags/tutorial_dag.py took 0.063 seconds
[2024-02-15T00:02:32.378+0000] {processor.py:161} INFO - Started process (PID=23273) to work on /home/ubuntu/reddit_venv/lib/python3.10/site-packages/airflow/example_dags/tutorial_dag.py
[2024-02-15T00:02:32.380+0000] {processor.py:830} INFO - Processing file /home/ubuntu/reddit_venv/lib/python3.10/site-packages/airflow/example_dags/tutorial_dag.py for tasks to queue
[2024-02-15T00:02:32.381+0000] {logging_mixin.py:188} INFO - [2024-02-15T00:02:32.381+0000] {dagbag.py:538} INFO - Filling up the DagBag from /home/ubuntu/reddit_venv/lib/python3.10/site-packages/airflow/example_dags/tutorial_dag.py
[2024-02-15T00:02:32.387+0000] {processor.py:840} INFO - DAG(s) 'tutorial_dag' retrieved from /home/ubuntu/reddit_venv/lib/python3.10/site-packages/airflow/example_dags/tutorial_dag.py
[2024-02-15T00:02:32.405+0000] {logging_mixin.py:188} INFO - [2024-02-15T00:02:32.404+0000] {dag.py:3036} INFO - Sync 1 DAGs
[2024-02-15T00:02:32.417+0000] {logging_mixin.py:188} INFO - [2024-02-15T00:02:32.417+0000] {dag.py:3823} INFO - Setting next_dagrun for tutorial_dag to None, run_after=None
[2024-02-15T00:02:32.440+0000] {processor.py:183} INFO - Processing /home/ubuntu/reddit_venv/lib/python3.10/site-packages/airflow/example_dags/tutorial_dag.py took 0.065 seconds
