[2024-02-15T00:00:26.496+0000] {processor.py:161} INFO - Started process (PID=22945) to work on /home/ubuntu/reddit_venv/lib/python3.10/site-packages/airflow/example_dags/tutorial.py
[2024-02-15T00:00:26.497+0000] {processor.py:830} INFO - Processing file /home/ubuntu/reddit_venv/lib/python3.10/site-packages/airflow/example_dags/tutorial.py for tasks to queue
[2024-02-15T00:00:26.498+0000] {logging_mixin.py:188} INFO - [2024-02-15T00:00:26.498+0000] {dagbag.py:538} INFO - Filling up the DagBag from /home/ubuntu/reddit_venv/lib/python3.10/site-packages/airflow/example_dags/tutorial.py
[2024-02-15T00:00:26.505+0000] {processor.py:840} INFO - DAG(s) 'tutorial' retrieved from /home/ubuntu/reddit_venv/lib/python3.10/site-packages/airflow/example_dags/tutorial.py
[2024-02-15T00:00:26.520+0000] {logging_mixin.py:188} INFO - [2024-02-15T00:00:26.520+0000] {dag.py:3036} INFO - Sync 1 DAGs
[2024-02-15T00:00:26.539+0000] {logging_mixin.py:188} INFO - [2024-02-15T00:00:26.539+0000] {dag.py:3823} INFO - Setting next_dagrun for tutorial to 2024-02-14 00:00:00+00:00, run_after=2024-02-15 00:00:00+00:00
[2024-02-15T00:00:26.563+0000] {processor.py:183} INFO - Processing /home/ubuntu/reddit_venv/lib/python3.10/site-packages/airflow/example_dags/tutorial.py took 0.070 seconds
[2024-02-15T00:01:12.326+0000] {processor.py:161} INFO - Started process (PID=23057) to work on /home/ubuntu/reddit_venv/lib/python3.10/site-packages/airflow/example_dags/tutorial.py
[2024-02-15T00:01:12.327+0000] {processor.py:830} INFO - Processing file /home/ubuntu/reddit_venv/lib/python3.10/site-packages/airflow/example_dags/tutorial.py for tasks to queue
[2024-02-15T00:01:12.328+0000] {logging_mixin.py:188} INFO - [2024-02-15T00:01:12.328+0000] {dagbag.py:538} INFO - Filling up the DagBag from /home/ubuntu/reddit_venv/lib/python3.10/site-packages/airflow/example_dags/tutorial.py
[2024-02-15T00:01:12.335+0000] {processor.py:840} INFO - DAG(s) 'tutorial' retrieved from /home/ubuntu/reddit_venv/lib/python3.10/site-packages/airflow/example_dags/tutorial.py
[2024-02-15T00:01:12.351+0000] {logging_mixin.py:188} INFO - [2024-02-15T00:01:12.350+0000] {dag.py:3036} INFO - Sync 1 DAGs
[2024-02-15T00:01:12.371+0000] {logging_mixin.py:188} INFO - [2024-02-15T00:01:12.370+0000] {dag.py:3823} INFO - Setting next_dagrun for tutorial to 2024-02-14 00:00:00+00:00, run_after=2024-02-15 00:00:00+00:00
[2024-02-15T00:01:12.392+0000] {processor.py:183} INFO - Processing /home/ubuntu/reddit_venv/lib/python3.10/site-packages/airflow/example_dags/tutorial.py took 0.069 seconds
[2024-02-15T00:01:48.804+0000] {processor.py:161} INFO - Started process (PID=23163) to work on /home/ubuntu/reddit_venv/lib/python3.10/site-packages/airflow/example_dags/tutorial.py
[2024-02-15T00:01:48.806+0000] {processor.py:830} INFO - Processing file /home/ubuntu/reddit_venv/lib/python3.10/site-packages/airflow/example_dags/tutorial.py for tasks to queue
[2024-02-15T00:01:48.807+0000] {logging_mixin.py:188} INFO - [2024-02-15T00:01:48.806+0000] {dagbag.py:538} INFO - Filling up the DagBag from /home/ubuntu/reddit_venv/lib/python3.10/site-packages/airflow/example_dags/tutorial.py
[2024-02-15T00:01:48.813+0000] {processor.py:840} INFO - DAG(s) 'tutorial' retrieved from /home/ubuntu/reddit_venv/lib/python3.10/site-packages/airflow/example_dags/tutorial.py
[2024-02-15T00:01:48.829+0000] {logging_mixin.py:188} INFO - [2024-02-15T00:01:48.828+0000] {dag.py:3036} INFO - Sync 1 DAGs
[2024-02-15T00:01:48.848+0000] {logging_mixin.py:188} INFO - [2024-02-15T00:01:48.848+0000] {dag.py:3823} INFO - Setting next_dagrun for tutorial to 2024-02-14 00:00:00+00:00, run_after=2024-02-15 00:00:00+00:00
[2024-02-15T00:01:48.870+0000] {processor.py:183} INFO - Processing /home/ubuntu/reddit_venv/lib/python3.10/site-packages/airflow/example_dags/tutorial.py took 0.069 seconds
[2024-02-15T00:02:28.961+0000] {processor.py:161} INFO - Started process (PID=23270) to work on /home/ubuntu/reddit_venv/lib/python3.10/site-packages/airflow/example_dags/tutorial.py
[2024-02-15T00:02:28.963+0000] {processor.py:830} INFO - Processing file /home/ubuntu/reddit_venv/lib/python3.10/site-packages/airflow/example_dags/tutorial.py for tasks to queue
[2024-02-15T00:02:28.964+0000] {logging_mixin.py:188} INFO - [2024-02-15T00:02:28.964+0000] {dagbag.py:538} INFO - Filling up the DagBag from /home/ubuntu/reddit_venv/lib/python3.10/site-packages/airflow/example_dags/tutorial.py
[2024-02-15T00:02:28.971+0000] {processor.py:840} INFO - DAG(s) 'tutorial' retrieved from /home/ubuntu/reddit_venv/lib/python3.10/site-packages/airflow/example_dags/tutorial.py
[2024-02-15T00:02:28.987+0000] {logging_mixin.py:188} INFO - [2024-02-15T00:02:28.987+0000] {dag.py:3036} INFO - Sync 1 DAGs
[2024-02-15T00:02:29.007+0000] {logging_mixin.py:188} INFO - [2024-02-15T00:02:29.007+0000] {dag.py:3823} INFO - Setting next_dagrun for tutorial to 2024-02-14 00:00:00+00:00, run_after=2024-02-15 00:00:00+00:00
[2024-02-15T00:02:29.029+0000] {processor.py:183} INFO - Processing /home/ubuntu/reddit_venv/lib/python3.10/site-packages/airflow/example_dags/tutorial.py took 0.071 seconds
