[2024-02-13T05:21:05.356+0000] {processor.py:161} INFO - Started process (PID=2640) to work on /home/ubuntu/reddit_venv/lib/python3.10/site-packages/airflow/example_dags/example_kubernetes_executor.py
[2024-02-13T05:21:05.358+0000] {processor.py:830} INFO - Processing file /home/ubuntu/reddit_venv/lib/python3.10/site-packages/airflow/example_dags/example_kubernetes_executor.py for tasks to queue
[2024-02-13T05:21:05.358+0000] {logging_mixin.py:188} INFO - [2024-02-13T05:21:05.358+0000] {dagbag.py:538} INFO - Filling up the DagBag from /home/ubuntu/reddit_venv/lib/python3.10/site-packages/airflow/example_dags/example_kubernetes_executor.py
[2024-02-13T05:21:05.362+0000] {logging_mixin.py:188} INFO - [2024-02-13T05:21:05.361+0000] {example_kubernetes_executor.py:38} WARNING - The example_kubernetes_executor example DAG requires the kubernetes provider. Please install it with: pip install apache-airflow[cncf.kubernetes]
[2024-02-13T05:21:05.362+0000] {processor.py:842} WARNING - No viable dags retrieved from /home/ubuntu/reddit_venv/lib/python3.10/site-packages/airflow/example_dags/example_kubernetes_executor.py
[2024-02-13T05:21:05.372+0000] {processor.py:183} INFO - Processing /home/ubuntu/reddit_venv/lib/python3.10/site-packages/airflow/example_dags/example_kubernetes_executor.py took 0.018 seconds
[2024-02-13T05:21:55.360+0000] {processor.py:161} INFO - Started process (PID=2872) to work on /home/ubuntu/reddit_venv/lib/python3.10/site-packages/airflow/example_dags/example_kubernetes_executor.py
[2024-02-13T05:21:55.361+0000] {processor.py:830} INFO - Processing file /home/ubuntu/reddit_venv/lib/python3.10/site-packages/airflow/example_dags/example_kubernetes_executor.py for tasks to queue
[2024-02-13T05:21:55.362+0000] {logging_mixin.py:188} INFO - [2024-02-13T05:21:55.362+0000] {dagbag.py:538} INFO - Filling up the DagBag from /home/ubuntu/reddit_venv/lib/python3.10/site-packages/airflow/example_dags/example_kubernetes_executor.py
[2024-02-13T05:21:55.365+0000] {logging_mixin.py:188} INFO - [2024-02-13T05:21:55.365+0000] {example_kubernetes_executor.py:38} WARNING - The example_kubernetes_executor example DAG requires the kubernetes provider. Please install it with: pip install apache-airflow[cncf.kubernetes]
[2024-02-13T05:21:55.365+0000] {processor.py:842} WARNING - No viable dags retrieved from /home/ubuntu/reddit_venv/lib/python3.10/site-packages/airflow/example_dags/example_kubernetes_executor.py
[2024-02-13T05:21:55.375+0000] {processor.py:183} INFO - Processing /home/ubuntu/reddit_venv/lib/python3.10/site-packages/airflow/example_dags/example_kubernetes_executor.py took 0.019 seconds
[2024-02-13T05:22:41.912+0000] {processor.py:161} INFO - Started process (PID=3163) to work on /home/ubuntu/reddit_venv/lib/python3.10/site-packages/airflow/example_dags/example_kubernetes_executor.py
[2024-02-13T05:22:41.914+0000] {processor.py:830} INFO - Processing file /home/ubuntu/reddit_venv/lib/python3.10/site-packages/airflow/example_dags/example_kubernetes_executor.py for tasks to queue
[2024-02-13T05:22:41.915+0000] {logging_mixin.py:188} INFO - [2024-02-13T05:22:41.914+0000] {dagbag.py:538} INFO - Filling up the DagBag from /home/ubuntu/reddit_venv/lib/python3.10/site-packages/airflow/example_dags/example_kubernetes_executor.py
[2024-02-13T05:22:41.918+0000] {logging_mixin.py:188} INFO - [2024-02-13T05:22:41.918+0000] {example_kubernetes_executor.py:38} WARNING - The example_kubernetes_executor example DAG requires the kubernetes provider. Please install it with: pip install apache-airflow[cncf.kubernetes]
[2024-02-13T05:22:41.919+0000] {processor.py:842} WARNING - No viable dags retrieved from /home/ubuntu/reddit_venv/lib/python3.10/site-packages/airflow/example_dags/example_kubernetes_executor.py
[2024-02-13T05:22:41.929+0000] {processor.py:183} INFO - Processing /home/ubuntu/reddit_venv/lib/python3.10/site-packages/airflow/example_dags/example_kubernetes_executor.py took 0.020 seconds
[2024-02-13T05:23:30.759+0000] {processor.py:161} INFO - Started process (PID=3279) to work on /home/ubuntu/reddit_venv/lib/python3.10/site-packages/airflow/example_dags/example_kubernetes_executor.py
[2024-02-13T05:23:30.760+0000] {processor.py:830} INFO - Processing file /home/ubuntu/reddit_venv/lib/python3.10/site-packages/airflow/example_dags/example_kubernetes_executor.py for tasks to queue
[2024-02-13T05:23:30.761+0000] {logging_mixin.py:188} INFO - [2024-02-13T05:23:30.761+0000] {dagbag.py:538} INFO - Filling up the DagBag from /home/ubuntu/reddit_venv/lib/python3.10/site-packages/airflow/example_dags/example_kubernetes_executor.py
[2024-02-13T05:23:30.765+0000] {logging_mixin.py:188} INFO - [2024-02-13T05:23:30.765+0000] {example_kubernetes_executor.py:38} WARNING - The example_kubernetes_executor example DAG requires the kubernetes provider. Please install it with: pip install apache-airflow[cncf.kubernetes]
[2024-02-13T05:23:30.765+0000] {processor.py:842} WARNING - No viable dags retrieved from /home/ubuntu/reddit_venv/lib/python3.10/site-packages/airflow/example_dags/example_kubernetes_executor.py
[2024-02-13T05:23:30.775+0000] {processor.py:183} INFO - Processing /home/ubuntu/reddit_venv/lib/python3.10/site-packages/airflow/example_dags/example_kubernetes_executor.py took 0.019 seconds
[2024-02-13T05:24:19.810+0000] {processor.py:161} INFO - Started process (PID=3395) to work on /home/ubuntu/reddit_venv/lib/python3.10/site-packages/airflow/example_dags/example_kubernetes_executor.py
[2024-02-13T05:24:19.811+0000] {processor.py:830} INFO - Processing file /home/ubuntu/reddit_venv/lib/python3.10/site-packages/airflow/example_dags/example_kubernetes_executor.py for tasks to queue
[2024-02-13T05:24:19.812+0000] {logging_mixin.py:188} INFO - [2024-02-13T05:24:19.812+0000] {dagbag.py:538} INFO - Filling up the DagBag from /home/ubuntu/reddit_venv/lib/python3.10/site-packages/airflow/example_dags/example_kubernetes_executor.py
[2024-02-13T05:24:19.816+0000] {logging_mixin.py:188} INFO - [2024-02-13T05:24:19.815+0000] {example_kubernetes_executor.py:38} WARNING - The example_kubernetes_executor example DAG requires the kubernetes provider. Please install it with: pip install apache-airflow[cncf.kubernetes]
[2024-02-13T05:24:19.816+0000] {processor.py:842} WARNING - No viable dags retrieved from /home/ubuntu/reddit_venv/lib/python3.10/site-packages/airflow/example_dags/example_kubernetes_executor.py
[2024-02-13T05:24:19.826+0000] {processor.py:183} INFO - Processing /home/ubuntu/reddit_venv/lib/python3.10/site-packages/airflow/example_dags/example_kubernetes_executor.py took 0.019 seconds
[2024-02-13T05:25:10.087+0000] {processor.py:161} INFO - Started process (PID=3510) to work on /home/ubuntu/reddit_venv/lib/python3.10/site-packages/airflow/example_dags/example_kubernetes_executor.py
[2024-02-13T05:25:10.088+0000] {processor.py:830} INFO - Processing file /home/ubuntu/reddit_venv/lib/python3.10/site-packages/airflow/example_dags/example_kubernetes_executor.py for tasks to queue
[2024-02-13T05:25:10.089+0000] {logging_mixin.py:188} INFO - [2024-02-13T05:25:10.089+0000] {dagbag.py:538} INFO - Filling up the DagBag from /home/ubuntu/reddit_venv/lib/python3.10/site-packages/airflow/example_dags/example_kubernetes_executor.py
[2024-02-13T05:25:10.093+0000] {logging_mixin.py:188} INFO - [2024-02-13T05:25:10.092+0000] {example_kubernetes_executor.py:38} WARNING - The example_kubernetes_executor example DAG requires the kubernetes provider. Please install it with: pip install apache-airflow[cncf.kubernetes]
[2024-02-13T05:25:10.093+0000] {processor.py:842} WARNING - No viable dags retrieved from /home/ubuntu/reddit_venv/lib/python3.10/site-packages/airflow/example_dags/example_kubernetes_executor.py
[2024-02-13T05:25:10.103+0000] {processor.py:183} INFO - Processing /home/ubuntu/reddit_venv/lib/python3.10/site-packages/airflow/example_dags/example_kubernetes_executor.py took 0.019 seconds
[2024-02-13T05:26:06.599+0000] {processor.py:161} INFO - Started process (PID=3692) to work on /home/ubuntu/reddit_venv/lib/python3.10/site-packages/airflow/example_dags/example_kubernetes_executor.py
[2024-02-13T05:26:06.600+0000] {processor.py:830} INFO - Processing file /home/ubuntu/reddit_venv/lib/python3.10/site-packages/airflow/example_dags/example_kubernetes_executor.py for tasks to queue
[2024-02-13T05:26:06.601+0000] {logging_mixin.py:188} INFO - [2024-02-13T05:26:06.601+0000] {dagbag.py:538} INFO - Filling up the DagBag from /home/ubuntu/reddit_venv/lib/python3.10/site-packages/airflow/example_dags/example_kubernetes_executor.py
[2024-02-13T05:26:06.604+0000] {logging_mixin.py:188} INFO - [2024-02-13T05:26:06.604+0000] {example_kubernetes_executor.py:38} WARNING - The example_kubernetes_executor example DAG requires the kubernetes provider. Please install it with: pip install apache-airflow[cncf.kubernetes]
[2024-02-13T05:26:06.605+0000] {processor.py:842} WARNING - No viable dags retrieved from /home/ubuntu/reddit_venv/lib/python3.10/site-packages/airflow/example_dags/example_kubernetes_executor.py
[2024-02-13T05:26:06.615+0000] {processor.py:183} INFO - Processing /home/ubuntu/reddit_venv/lib/python3.10/site-packages/airflow/example_dags/example_kubernetes_executor.py took 0.019 seconds
[2024-02-13T05:27:05.432+0000] {processor.py:161} INFO - Started process (PID=3941) to work on /home/ubuntu/reddit_venv/lib/python3.10/site-packages/airflow/example_dags/example_kubernetes_executor.py
[2024-02-13T05:27:05.433+0000] {processor.py:830} INFO - Processing file /home/ubuntu/reddit_venv/lib/python3.10/site-packages/airflow/example_dags/example_kubernetes_executor.py for tasks to queue
[2024-02-13T05:27:05.434+0000] {logging_mixin.py:188} INFO - [2024-02-13T05:27:05.434+0000] {dagbag.py:538} INFO - Filling up the DagBag from /home/ubuntu/reddit_venv/lib/python3.10/site-packages/airflow/example_dags/example_kubernetes_executor.py
[2024-02-13T05:27:05.437+0000] {logging_mixin.py:188} INFO - [2024-02-13T05:27:05.437+0000] {example_kubernetes_executor.py:38} WARNING - The example_kubernetes_executor example DAG requires the kubernetes provider. Please install it with: pip install apache-airflow[cncf.kubernetes]
[2024-02-13T05:27:05.438+0000] {processor.py:842} WARNING - No viable dags retrieved from /home/ubuntu/reddit_venv/lib/python3.10/site-packages/airflow/example_dags/example_kubernetes_executor.py
[2024-02-13T05:27:05.448+0000] {processor.py:183} INFO - Processing /home/ubuntu/reddit_venv/lib/python3.10/site-packages/airflow/example_dags/example_kubernetes_executor.py took 0.019 seconds
[2024-02-13T05:28:08.507+0000] {processor.py:161} INFO - Started process (PID=4546) to work on /home/ubuntu/reddit_venv/lib/python3.10/site-packages/airflow/example_dags/example_kubernetes_executor.py
[2024-02-13T05:28:08.510+0000] {processor.py:830} INFO - Processing file /home/ubuntu/reddit_venv/lib/python3.10/site-packages/airflow/example_dags/example_kubernetes_executor.py for tasks to queue
[2024-02-13T05:28:08.511+0000] {logging_mixin.py:188} INFO - [2024-02-13T05:28:08.510+0000] {dagbag.py:538} INFO - Filling up the DagBag from /home/ubuntu/reddit_venv/lib/python3.10/site-packages/airflow/example_dags/example_kubernetes_executor.py
[2024-02-13T05:28:08.514+0000] {logging_mixin.py:188} INFO - [2024-02-13T05:28:08.514+0000] {example_kubernetes_executor.py:38} WARNING - The example_kubernetes_executor example DAG requires the kubernetes provider. Please install it with: pip install apache-airflow[cncf.kubernetes]
[2024-02-13T05:28:08.514+0000] {processor.py:842} WARNING - No viable dags retrieved from /home/ubuntu/reddit_venv/lib/python3.10/site-packages/airflow/example_dags/example_kubernetes_executor.py
[2024-02-13T05:28:08.525+0000] {processor.py:183} INFO - Processing /home/ubuntu/reddit_venv/lib/python3.10/site-packages/airflow/example_dags/example_kubernetes_executor.py took 0.020 seconds
[2024-02-13T05:29:07.337+0000] {processor.py:161} INFO - Started process (PID=4675) to work on /home/ubuntu/reddit_venv/lib/python3.10/site-packages/airflow/example_dags/example_kubernetes_executor.py
[2024-02-13T05:29:07.339+0000] {processor.py:830} INFO - Processing file /home/ubuntu/reddit_venv/lib/python3.10/site-packages/airflow/example_dags/example_kubernetes_executor.py for tasks to queue
[2024-02-13T05:29:07.340+0000] {logging_mixin.py:188} INFO - [2024-02-13T05:29:07.340+0000] {dagbag.py:538} INFO - Filling up the DagBag from /home/ubuntu/reddit_venv/lib/python3.10/site-packages/airflow/example_dags/example_kubernetes_executor.py
[2024-02-13T05:29:07.344+0000] {logging_mixin.py:188} INFO - [2024-02-13T05:29:07.343+0000] {example_kubernetes_executor.py:38} WARNING - The example_kubernetes_executor example DAG requires the kubernetes provider. Please install it with: pip install apache-airflow[cncf.kubernetes]
[2024-02-13T05:29:07.344+0000] {processor.py:842} WARNING - No viable dags retrieved from /home/ubuntu/reddit_venv/lib/python3.10/site-packages/airflow/example_dags/example_kubernetes_executor.py
[2024-02-13T05:29:07.354+0000] {processor.py:183} INFO - Processing /home/ubuntu/reddit_venv/lib/python3.10/site-packages/airflow/example_dags/example_kubernetes_executor.py took 0.020 seconds
[2024-02-13T05:30:06.264+0000] {processor.py:161} INFO - Started process (PID=4802) to work on /home/ubuntu/reddit_venv/lib/python3.10/site-packages/airflow/example_dags/example_kubernetes_executor.py
[2024-02-13T05:30:06.265+0000] {processor.py:830} INFO - Processing file /home/ubuntu/reddit_venv/lib/python3.10/site-packages/airflow/example_dags/example_kubernetes_executor.py for tasks to queue
[2024-02-13T05:30:06.266+0000] {logging_mixin.py:188} INFO - [2024-02-13T05:30:06.266+0000] {dagbag.py:538} INFO - Filling up the DagBag from /home/ubuntu/reddit_venv/lib/python3.10/site-packages/airflow/example_dags/example_kubernetes_executor.py
[2024-02-13T05:30:06.270+0000] {logging_mixin.py:188} INFO - [2024-02-13T05:30:06.270+0000] {example_kubernetes_executor.py:38} WARNING - The example_kubernetes_executor example DAG requires the kubernetes provider. Please install it with: pip install apache-airflow[cncf.kubernetes]
[2024-02-13T05:30:06.270+0000] {processor.py:842} WARNING - No viable dags retrieved from /home/ubuntu/reddit_venv/lib/python3.10/site-packages/airflow/example_dags/example_kubernetes_executor.py
[2024-02-13T05:30:06.280+0000] {processor.py:183} INFO - Processing /home/ubuntu/reddit_venv/lib/python3.10/site-packages/airflow/example_dags/example_kubernetes_executor.py took 0.020 seconds
