[2024-02-13T05:21:00.791+0000] {processor.py:161} INFO - Started process (PID=2600) to work on /home/ubuntu/reddit_venv/lib/python3.10/site-packages/airflow/example_dags/example_skip_dag.py
[2024-02-13T05:21:00.792+0000] {processor.py:830} INFO - Processing file /home/ubuntu/reddit_venv/lib/python3.10/site-packages/airflow/example_dags/example_skip_dag.py for tasks to queue
[2024-02-13T05:21:00.793+0000] {logging_mixin.py:188} INFO - [2024-02-13T05:21:00.792+0000] {dagbag.py:538} INFO - Filling up the DagBag from /home/ubuntu/reddit_venv/lib/python3.10/site-packages/airflow/example_dags/example_skip_dag.py
[2024-02-13T05:21:00.802+0000] {processor.py:840} INFO - DAG(s) 'example_skip_dag' retrieved from /home/ubuntu/reddit_venv/lib/python3.10/site-packages/airflow/example_dags/example_skip_dag.py
[2024-02-13T05:21:00.810+0000] {logging_mixin.py:188} INFO - [2024-02-13T05:21:00.810+0000] {dag.py:3036} INFO - Sync 1 DAGs
[2024-02-13T05:21:00.831+0000] {logging_mixin.py:188} INFO - [2024-02-13T05:21:00.831+0000] {dag.py:3823} INFO - Setting next_dagrun for example_skip_dag to 2024-02-12 00:00:00+00:00, run_after=2024-02-13 00:00:00+00:00
[2024-02-13T05:21:00.854+0000] {processor.py:183} INFO - Processing /home/ubuntu/reddit_venv/lib/python3.10/site-packages/airflow/example_dags/example_skip_dag.py took 0.066 seconds
[2024-02-13T05:21:51.380+0000] {processor.py:161} INFO - Started process (PID=2868) to work on /home/ubuntu/reddit_venv/lib/python3.10/site-packages/airflow/example_dags/example_skip_dag.py
[2024-02-13T05:21:51.381+0000] {processor.py:830} INFO - Processing file /home/ubuntu/reddit_venv/lib/python3.10/site-packages/airflow/example_dags/example_skip_dag.py for tasks to queue
[2024-02-13T05:21:51.382+0000] {logging_mixin.py:188} INFO - [2024-02-13T05:21:51.382+0000] {dagbag.py:538} INFO - Filling up the DagBag from /home/ubuntu/reddit_venv/lib/python3.10/site-packages/airflow/example_dags/example_skip_dag.py
[2024-02-13T05:21:51.390+0000] {processor.py:840} INFO - DAG(s) 'example_skip_dag' retrieved from /home/ubuntu/reddit_venv/lib/python3.10/site-packages/airflow/example_dags/example_skip_dag.py
[2024-02-13T05:21:51.490+0000] {logging_mixin.py:188} INFO - [2024-02-13T05:21:51.490+0000] {dag.py:3036} INFO - Sync 1 DAGs
[2024-02-13T05:21:51.510+0000] {logging_mixin.py:188} INFO - [2024-02-13T05:21:51.510+0000] {dag.py:3823} INFO - Setting next_dagrun for example_skip_dag to 2024-02-12 00:00:00+00:00, run_after=2024-02-13 00:00:00+00:00
[2024-02-13T05:21:51.532+0000] {processor.py:183} INFO - Processing /home/ubuntu/reddit_venv/lib/python3.10/site-packages/airflow/example_dags/example_skip_dag.py took 0.156 seconds
[2024-02-13T05:22:39.507+0000] {processor.py:161} INFO - Started process (PID=3099) to work on /home/ubuntu/reddit_venv/lib/python3.10/site-packages/airflow/example_dags/example_skip_dag.py
[2024-02-13T05:22:39.509+0000] {processor.py:830} INFO - Processing file /home/ubuntu/reddit_venv/lib/python3.10/site-packages/airflow/example_dags/example_skip_dag.py for tasks to queue
[2024-02-13T05:22:39.510+0000] {logging_mixin.py:188} INFO - [2024-02-13T05:22:39.509+0000] {dagbag.py:538} INFO - Filling up the DagBag from /home/ubuntu/reddit_venv/lib/python3.10/site-packages/airflow/example_dags/example_skip_dag.py
[2024-02-13T05:22:39.517+0000] {processor.py:840} INFO - DAG(s) 'example_skip_dag' retrieved from /home/ubuntu/reddit_venv/lib/python3.10/site-packages/airflow/example_dags/example_skip_dag.py
[2024-02-13T05:22:39.534+0000] {logging_mixin.py:188} INFO - [2024-02-13T05:22:39.534+0000] {dag.py:3036} INFO - Sync 1 DAGs
[2024-02-13T05:22:39.556+0000] {logging_mixin.py:188} INFO - [2024-02-13T05:22:39.555+0000] {dag.py:3823} INFO - Setting next_dagrun for example_skip_dag to 2024-02-12 00:00:00+00:00, run_after=2024-02-13 00:00:00+00:00
[2024-02-13T05:22:39.578+0000] {processor.py:183} INFO - Processing /home/ubuntu/reddit_venv/lib/python3.10/site-packages/airflow/example_dags/example_skip_dag.py took 0.074 seconds
[2024-02-13T05:23:27.192+0000] {processor.py:161} INFO - Started process (PID=3275) to work on /home/ubuntu/reddit_venv/lib/python3.10/site-packages/airflow/example_dags/example_skip_dag.py
[2024-02-13T05:23:27.194+0000] {processor.py:830} INFO - Processing file /home/ubuntu/reddit_venv/lib/python3.10/site-packages/airflow/example_dags/example_skip_dag.py for tasks to queue
[2024-02-13T05:23:27.195+0000] {logging_mixin.py:188} INFO - [2024-02-13T05:23:27.194+0000] {dagbag.py:538} INFO - Filling up the DagBag from /home/ubuntu/reddit_venv/lib/python3.10/site-packages/airflow/example_dags/example_skip_dag.py
[2024-02-13T05:23:27.202+0000] {processor.py:840} INFO - DAG(s) 'example_skip_dag' retrieved from /home/ubuntu/reddit_venv/lib/python3.10/site-packages/airflow/example_dags/example_skip_dag.py
[2024-02-13T05:23:27.220+0000] {logging_mixin.py:188} INFO - [2024-02-13T05:23:27.220+0000] {dag.py:3036} INFO - Sync 1 DAGs
[2024-02-13T05:23:27.241+0000] {logging_mixin.py:188} INFO - [2024-02-13T05:23:27.240+0000] {dag.py:3823} INFO - Setting next_dagrun for example_skip_dag to 2024-02-12 00:00:00+00:00, run_after=2024-02-13 00:00:00+00:00
[2024-02-13T05:23:27.264+0000] {processor.py:183} INFO - Processing /home/ubuntu/reddit_venv/lib/python3.10/site-packages/airflow/example_dags/example_skip_dag.py took 0.075 seconds
[2024-02-13T05:24:15.491+0000] {processor.py:161} INFO - Started process (PID=3391) to work on /home/ubuntu/reddit_venv/lib/python3.10/site-packages/airflow/example_dags/example_skip_dag.py
[2024-02-13T05:24:15.492+0000] {processor.py:830} INFO - Processing file /home/ubuntu/reddit_venv/lib/python3.10/site-packages/airflow/example_dags/example_skip_dag.py for tasks to queue
[2024-02-13T05:24:15.493+0000] {logging_mixin.py:188} INFO - [2024-02-13T05:24:15.493+0000] {dagbag.py:538} INFO - Filling up the DagBag from /home/ubuntu/reddit_venv/lib/python3.10/site-packages/airflow/example_dags/example_skip_dag.py
[2024-02-13T05:24:15.501+0000] {processor.py:840} INFO - DAG(s) 'example_skip_dag' retrieved from /home/ubuntu/reddit_venv/lib/python3.10/site-packages/airflow/example_dags/example_skip_dag.py
[2024-02-13T05:24:15.517+0000] {logging_mixin.py:188} INFO - [2024-02-13T05:24:15.517+0000] {dag.py:3036} INFO - Sync 1 DAGs
[2024-02-13T05:24:15.538+0000] {logging_mixin.py:188} INFO - [2024-02-13T05:24:15.538+0000] {dag.py:3823} INFO - Setting next_dagrun for example_skip_dag to 2024-02-12 00:00:00+00:00, run_after=2024-02-13 00:00:00+00:00
[2024-02-13T05:24:15.560+0000] {processor.py:183} INFO - Processing /home/ubuntu/reddit_venv/lib/python3.10/site-packages/airflow/example_dags/example_skip_dag.py took 0.073 seconds
[2024-02-13T05:25:06.077+0000] {processor.py:161} INFO - Started process (PID=3506) to work on /home/ubuntu/reddit_venv/lib/python3.10/site-packages/airflow/example_dags/example_skip_dag.py
[2024-02-13T05:25:06.079+0000] {processor.py:830} INFO - Processing file /home/ubuntu/reddit_venv/lib/python3.10/site-packages/airflow/example_dags/example_skip_dag.py for tasks to queue
[2024-02-13T05:25:06.080+0000] {logging_mixin.py:188} INFO - [2024-02-13T05:25:06.080+0000] {dagbag.py:538} INFO - Filling up the DagBag from /home/ubuntu/reddit_venv/lib/python3.10/site-packages/airflow/example_dags/example_skip_dag.py
[2024-02-13T05:25:06.088+0000] {processor.py:840} INFO - DAG(s) 'example_skip_dag' retrieved from /home/ubuntu/reddit_venv/lib/python3.10/site-packages/airflow/example_dags/example_skip_dag.py
[2024-02-13T05:25:06.105+0000] {logging_mixin.py:188} INFO - [2024-02-13T05:25:06.105+0000] {dag.py:3036} INFO - Sync 1 DAGs
[2024-02-13T05:25:06.126+0000] {logging_mixin.py:188} INFO - [2024-02-13T05:25:06.126+0000] {dag.py:3823} INFO - Setting next_dagrun for example_skip_dag to 2024-02-12 00:00:00+00:00, run_after=2024-02-13 00:00:00+00:00
[2024-02-13T05:25:06.147+0000] {processor.py:183} INFO - Processing /home/ubuntu/reddit_venv/lib/python3.10/site-packages/airflow/example_dags/example_skip_dag.py took 0.073 seconds
[2024-02-13T05:26:02.587+0000] {processor.py:161} INFO - Started process (PID=3688) to work on /home/ubuntu/reddit_venv/lib/python3.10/site-packages/airflow/example_dags/example_skip_dag.py
[2024-02-13T05:26:02.588+0000] {processor.py:830} INFO - Processing file /home/ubuntu/reddit_venv/lib/python3.10/site-packages/airflow/example_dags/example_skip_dag.py for tasks to queue
[2024-02-13T05:26:02.589+0000] {logging_mixin.py:188} INFO - [2024-02-13T05:26:02.589+0000] {dagbag.py:538} INFO - Filling up the DagBag from /home/ubuntu/reddit_venv/lib/python3.10/site-packages/airflow/example_dags/example_skip_dag.py
[2024-02-13T05:26:02.597+0000] {processor.py:840} INFO - DAG(s) 'example_skip_dag' retrieved from /home/ubuntu/reddit_venv/lib/python3.10/site-packages/airflow/example_dags/example_skip_dag.py
[2024-02-13T05:26:02.613+0000] {logging_mixin.py:188} INFO - [2024-02-13T05:26:02.613+0000] {dag.py:3036} INFO - Sync 1 DAGs
[2024-02-13T05:26:02.634+0000] {logging_mixin.py:188} INFO - [2024-02-13T05:26:02.634+0000] {dag.py:3823} INFO - Setting next_dagrun for example_skip_dag to 2024-02-12 00:00:00+00:00, run_after=2024-02-13 00:00:00+00:00
[2024-02-13T05:26:02.656+0000] {processor.py:183} INFO - Processing /home/ubuntu/reddit_venv/lib/python3.10/site-packages/airflow/example_dags/example_skip_dag.py took 0.072 seconds
[2024-02-13T05:27:01.729+0000] {processor.py:161} INFO - Started process (PID=3937) to work on /home/ubuntu/reddit_venv/lib/python3.10/site-packages/airflow/example_dags/example_skip_dag.py
[2024-02-13T05:27:01.731+0000] {processor.py:830} INFO - Processing file /home/ubuntu/reddit_venv/lib/python3.10/site-packages/airflow/example_dags/example_skip_dag.py for tasks to queue
[2024-02-13T05:27:01.732+0000] {logging_mixin.py:188} INFO - [2024-02-13T05:27:01.731+0000] {dagbag.py:538} INFO - Filling up the DagBag from /home/ubuntu/reddit_venv/lib/python3.10/site-packages/airflow/example_dags/example_skip_dag.py
[2024-02-13T05:27:01.739+0000] {processor.py:840} INFO - DAG(s) 'example_skip_dag' retrieved from /home/ubuntu/reddit_venv/lib/python3.10/site-packages/airflow/example_dags/example_skip_dag.py
[2024-02-13T05:27:01.756+0000] {logging_mixin.py:188} INFO - [2024-02-13T05:27:01.756+0000] {dag.py:3036} INFO - Sync 1 DAGs
[2024-02-13T05:27:01.776+0000] {logging_mixin.py:188} INFO - [2024-02-13T05:27:01.776+0000] {dag.py:3823} INFO - Setting next_dagrun for example_skip_dag to 2024-02-12 00:00:00+00:00, run_after=2024-02-13 00:00:00+00:00
[2024-02-13T05:27:01.797+0000] {processor.py:183} INFO - Processing /home/ubuntu/reddit_venv/lib/python3.10/site-packages/airflow/example_dags/example_skip_dag.py took 0.071 seconds
[2024-02-13T05:27:43.969+0000] {processor.py:161} INFO - Started process (PID=4337) to work on /home/ubuntu/reddit_venv/lib/python3.10/site-packages/airflow/example_dags/example_skip_dag.py
[2024-02-13T05:27:43.970+0000] {processor.py:830} INFO - Processing file /home/ubuntu/reddit_venv/lib/python3.10/site-packages/airflow/example_dags/example_skip_dag.py for tasks to queue
[2024-02-13T05:27:43.971+0000] {logging_mixin.py:188} INFO - [2024-02-13T05:27:43.971+0000] {dagbag.py:538} INFO - Filling up the DagBag from /home/ubuntu/reddit_venv/lib/python3.10/site-packages/airflow/example_dags/example_skip_dag.py
[2024-02-13T05:27:43.979+0000] {processor.py:840} INFO - DAG(s) 'example_skip_dag' retrieved from /home/ubuntu/reddit_venv/lib/python3.10/site-packages/airflow/example_dags/example_skip_dag.py
[2024-02-13T05:27:43.996+0000] {logging_mixin.py:188} INFO - [2024-02-13T05:27:43.996+0000] {dag.py:3036} INFO - Sync 1 DAGs
[2024-02-13T05:27:44.018+0000] {logging_mixin.py:188} INFO - [2024-02-13T05:27:44.017+0000] {dag.py:3823} INFO - Setting next_dagrun for example_skip_dag to 2024-02-12 00:00:00+00:00, run_after=2024-02-13 00:00:00+00:00
[2024-02-13T05:27:44.040+0000] {processor.py:183} INFO - Processing /home/ubuntu/reddit_venv/lib/python3.10/site-packages/airflow/example_dags/example_skip_dag.py took 0.074 seconds
[2024-02-13T05:28:25.686+0000] {processor.py:161} INFO - Started process (PID=4566) to work on /home/ubuntu/reddit_venv/lib/python3.10/site-packages/airflow/example_dags/example_skip_dag.py
[2024-02-13T05:28:25.687+0000] {processor.py:830} INFO - Processing file /home/ubuntu/reddit_venv/lib/python3.10/site-packages/airflow/example_dags/example_skip_dag.py for tasks to queue
[2024-02-13T05:28:25.688+0000] {logging_mixin.py:188} INFO - [2024-02-13T05:28:25.688+0000] {dagbag.py:538} INFO - Filling up the DagBag from /home/ubuntu/reddit_venv/lib/python3.10/site-packages/airflow/example_dags/example_skip_dag.py
[2024-02-13T05:28:25.696+0000] {processor.py:840} INFO - DAG(s) 'example_skip_dag' retrieved from /home/ubuntu/reddit_venv/lib/python3.10/site-packages/airflow/example_dags/example_skip_dag.py
[2024-02-13T05:28:25.713+0000] {logging_mixin.py:188} INFO - [2024-02-13T05:28:25.713+0000] {dag.py:3036} INFO - Sync 1 DAGs
[2024-02-13T05:28:25.734+0000] {logging_mixin.py:188} INFO - [2024-02-13T05:28:25.734+0000] {dag.py:3823} INFO - Setting next_dagrun for example_skip_dag to 2024-02-12 00:00:00+00:00, run_after=2024-02-13 00:00:00+00:00
[2024-02-13T05:28:25.756+0000] {processor.py:183} INFO - Processing /home/ubuntu/reddit_venv/lib/python3.10/site-packages/airflow/example_dags/example_skip_dag.py took 0.073 seconds
[2024-02-13T05:29:22.199+0000] {processor.py:161} INFO - Started process (PID=4693) to work on /home/ubuntu/reddit_venv/lib/python3.10/site-packages/airflow/example_dags/example_skip_dag.py
[2024-02-13T05:29:22.201+0000] {processor.py:830} INFO - Processing file /home/ubuntu/reddit_venv/lib/python3.10/site-packages/airflow/example_dags/example_skip_dag.py for tasks to queue
[2024-02-13T05:29:22.202+0000] {logging_mixin.py:188} INFO - [2024-02-13T05:29:22.202+0000] {dagbag.py:538} INFO - Filling up the DagBag from /home/ubuntu/reddit_venv/lib/python3.10/site-packages/airflow/example_dags/example_skip_dag.py
[2024-02-13T05:29:22.210+0000] {processor.py:840} INFO - DAG(s) 'example_skip_dag' retrieved from /home/ubuntu/reddit_venv/lib/python3.10/site-packages/airflow/example_dags/example_skip_dag.py
[2024-02-13T05:29:22.226+0000] {logging_mixin.py:188} INFO - [2024-02-13T05:29:22.226+0000] {dag.py:3036} INFO - Sync 1 DAGs
[2024-02-13T05:29:22.247+0000] {logging_mixin.py:188} INFO - [2024-02-13T05:29:22.246+0000] {dag.py:3823} INFO - Setting next_dagrun for example_skip_dag to 2024-02-12 00:00:00+00:00, run_after=2024-02-13 00:00:00+00:00
[2024-02-13T05:29:22.268+0000] {processor.py:183} INFO - Processing /home/ubuntu/reddit_venv/lib/python3.10/site-packages/airflow/example_dags/example_skip_dag.py took 0.072 seconds
