[2024-02-13T05:21:08.313+0000] {processor.py:161} INFO - Started process (PID=2704) to work on /home/ubuntu/reddit_venv/lib/python3.10/site-packages/airflow/example_dags/example_subdag_operator.py
[2024-02-13T05:21:08.314+0000] {processor.py:830} INFO - Processing file /home/ubuntu/reddit_venv/lib/python3.10/site-packages/airflow/example_dags/example_subdag_operator.py for tasks to queue
[2024-02-13T05:21:08.314+0000] {logging_mixin.py:188} INFO - [2024-02-13T05:21:08.314+0000] {dagbag.py:538} INFO - Filling up the DagBag from /home/ubuntu/reddit_venv/lib/python3.10/site-packages/airflow/example_dags/example_subdag_operator.py
[2024-02-13T05:21:08.334+0000] {processor.py:840} INFO - DAG(s) 'example_subdag_operator.section-1', 'example_subdag_operator.section-2', 'example_subdag_operator' retrieved from /home/ubuntu/reddit_venv/lib/python3.10/site-packages/airflow/example_dags/example_subdag_operator.py
[2024-02-13T05:21:08.435+0000] {logging_mixin.py:188} INFO - [2024-02-13T05:21:08.434+0000] {dag.py:3036} INFO - Sync 3 DAGs
[2024-02-13T05:21:08.452+0000] {logging_mixin.py:188} INFO - [2024-02-13T05:21:08.452+0000] {dag.py:3823} INFO - Setting next_dagrun for example_subdag_operator to 2022-01-01 00:00:00+00:00, run_after=2022-01-01 00:00:00+00:00
[2024-02-13T05:21:08.455+0000] {logging_mixin.py:188} INFO - [2024-02-13T05:21:08.455+0000] {dag.py:3823} INFO - Setting next_dagrun for example_subdag_operator.section-1 to None, run_after=None
[2024-02-13T05:21:08.456+0000] {logging_mixin.py:188} INFO - [2024-02-13T05:21:08.456+0000] {dag.py:3823} INFO - Setting next_dagrun for example_subdag_operator.section-2 to None, run_after=None
[2024-02-13T05:21:08.463+0000] {logging_mixin.py:188} INFO - [2024-02-13T05:21:08.463+0000] {dag.py:3036} INFO - Sync 2 DAGs
[2024-02-13T05:21:08.467+0000] {logging_mixin.py:188} INFO - [2024-02-13T05:21:08.467+0000] {dag.py:3823} INFO - Setting next_dagrun for example_subdag_operator.section-1 to None, run_after=None
[2024-02-13T05:21:08.468+0000] {logging_mixin.py:188} INFO - [2024-02-13T05:21:08.468+0000] {dag.py:3823} INFO - Setting next_dagrun for example_subdag_operator.section-2 to None, run_after=None
[2024-02-13T05:21:08.483+0000] {processor.py:183} INFO - Processing /home/ubuntu/reddit_venv/lib/python3.10/site-packages/airflow/example_dags/example_subdag_operator.py took 0.174 seconds
[2024-02-13T05:21:58.119+0000] {processor.py:161} INFO - Started process (PID=2875) to work on /home/ubuntu/reddit_venv/lib/python3.10/site-packages/airflow/example_dags/example_subdag_operator.py
[2024-02-13T05:21:58.120+0000] {processor.py:830} INFO - Processing file /home/ubuntu/reddit_venv/lib/python3.10/site-packages/airflow/example_dags/example_subdag_operator.py for tasks to queue
[2024-02-13T05:21:58.121+0000] {logging_mixin.py:188} INFO - [2024-02-13T05:21:58.121+0000] {dagbag.py:538} INFO - Filling up the DagBag from /home/ubuntu/reddit_venv/lib/python3.10/site-packages/airflow/example_dags/example_subdag_operator.py
[2024-02-13T05:21:58.141+0000] {processor.py:840} INFO - DAG(s) 'example_subdag_operator.section-1', 'example_subdag_operator.section-2', 'example_subdag_operator' retrieved from /home/ubuntu/reddit_venv/lib/python3.10/site-packages/airflow/example_dags/example_subdag_operator.py
[2024-02-13T05:21:58.156+0000] {logging_mixin.py:188} INFO - [2024-02-13T05:21:58.156+0000] {dag.py:3036} INFO - Sync 3 DAGs
[2024-02-13T05:21:58.176+0000] {logging_mixin.py:188} INFO - [2024-02-13T05:21:58.176+0000] {dag.py:3823} INFO - Setting next_dagrun for example_subdag_operator to 2022-01-01 00:00:00+00:00, run_after=2022-01-01 00:00:00+00:00
[2024-02-13T05:21:58.180+0000] {logging_mixin.py:188} INFO - [2024-02-13T05:21:58.179+0000] {dag.py:3823} INFO - Setting next_dagrun for example_subdag_operator.section-1 to None, run_after=None
[2024-02-13T05:21:58.181+0000] {logging_mixin.py:188} INFO - [2024-02-13T05:21:58.180+0000] {dag.py:3823} INFO - Setting next_dagrun for example_subdag_operator.section-2 to None, run_after=None
[2024-02-13T05:21:58.186+0000] {logging_mixin.py:188} INFO - [2024-02-13T05:21:58.186+0000] {dag.py:3036} INFO - Sync 2 DAGs
[2024-02-13T05:21:58.190+0000] {logging_mixin.py:188} INFO - [2024-02-13T05:21:58.190+0000] {dag.py:3823} INFO - Setting next_dagrun for example_subdag_operator.section-1 to None, run_after=None
[2024-02-13T05:21:58.191+0000] {logging_mixin.py:188} INFO - [2024-02-13T05:21:58.191+0000] {dag.py:3823} INFO - Setting next_dagrun for example_subdag_operator.section-2 to None, run_after=None
[2024-02-13T05:21:58.206+0000] {processor.py:183} INFO - Processing /home/ubuntu/reddit_venv/lib/python3.10/site-packages/airflow/example_dags/example_subdag_operator.py took 0.091 seconds
[2024-02-13T05:22:49.801+0000] {processor.py:161} INFO - Started process (PID=3234) to work on /home/ubuntu/reddit_venv/lib/python3.10/site-packages/airflow/example_dags/example_subdag_operator.py
[2024-02-13T05:22:49.802+0000] {processor.py:830} INFO - Processing file /home/ubuntu/reddit_venv/lib/python3.10/site-packages/airflow/example_dags/example_subdag_operator.py for tasks to queue
[2024-02-13T05:22:49.803+0000] {logging_mixin.py:188} INFO - [2024-02-13T05:22:49.803+0000] {dagbag.py:538} INFO - Filling up the DagBag from /home/ubuntu/reddit_venv/lib/python3.10/site-packages/airflow/example_dags/example_subdag_operator.py
[2024-02-13T05:22:49.823+0000] {processor.py:840} INFO - DAG(s) 'example_subdag_operator.section-1', 'example_subdag_operator.section-2', 'example_subdag_operator' retrieved from /home/ubuntu/reddit_venv/lib/python3.10/site-packages/airflow/example_dags/example_subdag_operator.py
[2024-02-13T05:22:49.839+0000] {logging_mixin.py:188} INFO - [2024-02-13T05:22:49.838+0000] {dag.py:3036} INFO - Sync 3 DAGs
[2024-02-13T05:22:49.859+0000] {logging_mixin.py:188} INFO - [2024-02-13T05:22:49.859+0000] {dag.py:3823} INFO - Setting next_dagrun for example_subdag_operator to 2022-01-01 00:00:00+00:00, run_after=2022-01-01 00:00:00+00:00
[2024-02-13T05:22:49.862+0000] {logging_mixin.py:188} INFO - [2024-02-13T05:22:49.862+0000] {dag.py:3823} INFO - Setting next_dagrun for example_subdag_operator.section-1 to None, run_after=None
[2024-02-13T05:22:49.863+0000] {logging_mixin.py:188} INFO - [2024-02-13T05:22:49.863+0000] {dag.py:3823} INFO - Setting next_dagrun for example_subdag_operator.section-2 to None, run_after=None
[2024-02-13T05:22:49.870+0000] {logging_mixin.py:188} INFO - [2024-02-13T05:22:49.870+0000] {dag.py:3036} INFO - Sync 2 DAGs
[2024-02-13T05:22:49.874+0000] {logging_mixin.py:188} INFO - [2024-02-13T05:22:49.874+0000] {dag.py:3823} INFO - Setting next_dagrun for example_subdag_operator.section-1 to None, run_after=None
[2024-02-13T05:22:49.875+0000] {logging_mixin.py:188} INFO - [2024-02-13T05:22:49.875+0000] {dag.py:3823} INFO - Setting next_dagrun for example_subdag_operator.section-2 to None, run_after=None
[2024-02-13T05:22:49.890+0000] {processor.py:183} INFO - Processing /home/ubuntu/reddit_venv/lib/python3.10/site-packages/airflow/example_dags/example_subdag_operator.py took 0.092 seconds
[2024-02-13T05:23:39.765+0000] {processor.py:161} INFO - Started process (PID=3289) to work on /home/ubuntu/reddit_venv/lib/python3.10/site-packages/airflow/example_dags/example_subdag_operator.py
[2024-02-13T05:23:39.766+0000] {processor.py:830} INFO - Processing file /home/ubuntu/reddit_venv/lib/python3.10/site-packages/airflow/example_dags/example_subdag_operator.py for tasks to queue
[2024-02-13T05:23:39.767+0000] {logging_mixin.py:188} INFO - [2024-02-13T05:23:39.767+0000] {dagbag.py:538} INFO - Filling up the DagBag from /home/ubuntu/reddit_venv/lib/python3.10/site-packages/airflow/example_dags/example_subdag_operator.py
[2024-02-13T05:23:39.787+0000] {processor.py:840} INFO - DAG(s) 'example_subdag_operator.section-1', 'example_subdag_operator.section-2', 'example_subdag_operator' retrieved from /home/ubuntu/reddit_venv/lib/python3.10/site-packages/airflow/example_dags/example_subdag_operator.py
[2024-02-13T05:23:39.803+0000] {logging_mixin.py:188} INFO - [2024-02-13T05:23:39.803+0000] {dag.py:3036} INFO - Sync 3 DAGs
[2024-02-13T05:23:39.823+0000] {logging_mixin.py:188} INFO - [2024-02-13T05:23:39.823+0000] {dag.py:3823} INFO - Setting next_dagrun for example_subdag_operator to 2022-01-01 00:00:00+00:00, run_after=2022-01-01 00:00:00+00:00
[2024-02-13T05:23:39.827+0000] {logging_mixin.py:188} INFO - [2024-02-13T05:23:39.826+0000] {dag.py:3823} INFO - Setting next_dagrun for example_subdag_operator.section-1 to None, run_after=None
[2024-02-13T05:23:39.828+0000] {logging_mixin.py:188} INFO - [2024-02-13T05:23:39.827+0000] {dag.py:3823} INFO - Setting next_dagrun for example_subdag_operator.section-2 to None, run_after=None
[2024-02-13T05:23:39.833+0000] {logging_mixin.py:188} INFO - [2024-02-13T05:23:39.833+0000] {dag.py:3036} INFO - Sync 2 DAGs
[2024-02-13T05:23:39.838+0000] {logging_mixin.py:188} INFO - [2024-02-13T05:23:39.837+0000] {dag.py:3823} INFO - Setting next_dagrun for example_subdag_operator.section-1 to None, run_after=None
[2024-02-13T05:23:39.838+0000] {logging_mixin.py:188} INFO - [2024-02-13T05:23:39.838+0000] {dag.py:3823} INFO - Setting next_dagrun for example_subdag_operator.section-2 to None, run_after=None
[2024-02-13T05:23:39.853+0000] {processor.py:183} INFO - Processing /home/ubuntu/reddit_venv/lib/python3.10/site-packages/airflow/example_dags/example_subdag_operator.py took 0.092 seconds
[2024-02-13T05:24:31.248+0000] {processor.py:161} INFO - Started process (PID=3406) to work on /home/ubuntu/reddit_venv/lib/python3.10/site-packages/airflow/example_dags/example_subdag_operator.py
[2024-02-13T05:24:31.249+0000] {processor.py:830} INFO - Processing file /home/ubuntu/reddit_venv/lib/python3.10/site-packages/airflow/example_dags/example_subdag_operator.py for tasks to queue
[2024-02-13T05:24:31.250+0000] {logging_mixin.py:188} INFO - [2024-02-13T05:24:31.250+0000] {dagbag.py:538} INFO - Filling up the DagBag from /home/ubuntu/reddit_venv/lib/python3.10/site-packages/airflow/example_dags/example_subdag_operator.py
[2024-02-13T05:24:31.270+0000] {processor.py:840} INFO - DAG(s) 'example_subdag_operator.section-1', 'example_subdag_operator.section-2', 'example_subdag_operator' retrieved from /home/ubuntu/reddit_venv/lib/python3.10/site-packages/airflow/example_dags/example_subdag_operator.py
[2024-02-13T05:24:31.286+0000] {logging_mixin.py:188} INFO - [2024-02-13T05:24:31.286+0000] {dag.py:3036} INFO - Sync 3 DAGs
[2024-02-13T05:24:31.306+0000] {logging_mixin.py:188} INFO - [2024-02-13T05:24:31.306+0000] {dag.py:3823} INFO - Setting next_dagrun for example_subdag_operator to 2022-01-01 00:00:00+00:00, run_after=2022-01-01 00:00:00+00:00
[2024-02-13T05:24:31.309+0000] {logging_mixin.py:188} INFO - [2024-02-13T05:24:31.309+0000] {dag.py:3823} INFO - Setting next_dagrun for example_subdag_operator.section-1 to None, run_after=None
[2024-02-13T05:24:31.310+0000] {logging_mixin.py:188} INFO - [2024-02-13T05:24:31.310+0000] {dag.py:3823} INFO - Setting next_dagrun for example_subdag_operator.section-2 to None, run_after=None
[2024-02-13T05:24:31.316+0000] {logging_mixin.py:188} INFO - [2024-02-13T05:24:31.316+0000] {dag.py:3036} INFO - Sync 2 DAGs
[2024-02-13T05:24:31.320+0000] {logging_mixin.py:188} INFO - [2024-02-13T05:24:31.320+0000] {dag.py:3823} INFO - Setting next_dagrun for example_subdag_operator.section-1 to None, run_after=None
[2024-02-13T05:24:31.320+0000] {logging_mixin.py:188} INFO - [2024-02-13T05:24:31.320+0000] {dag.py:3823} INFO - Setting next_dagrun for example_subdag_operator.section-2 to None, run_after=None
[2024-02-13T05:24:31.336+0000] {processor.py:183} INFO - Processing /home/ubuntu/reddit_venv/lib/python3.10/site-packages/airflow/example_dags/example_subdag_operator.py took 0.091 seconds
[2024-02-13T05:25:21.377+0000] {processor.py:161} INFO - Started process (PID=3521) to work on /home/ubuntu/reddit_venv/lib/python3.10/site-packages/airflow/example_dags/example_subdag_operator.py
[2024-02-13T05:25:21.379+0000] {processor.py:830} INFO - Processing file /home/ubuntu/reddit_venv/lib/python3.10/site-packages/airflow/example_dags/example_subdag_operator.py for tasks to queue
[2024-02-13T05:25:21.380+0000] {logging_mixin.py:188} INFO - [2024-02-13T05:25:21.379+0000] {dagbag.py:538} INFO - Filling up the DagBag from /home/ubuntu/reddit_venv/lib/python3.10/site-packages/airflow/example_dags/example_subdag_operator.py
[2024-02-13T05:25:21.400+0000] {processor.py:840} INFO - DAG(s) 'example_subdag_operator.section-1', 'example_subdag_operator.section-2', 'example_subdag_operator' retrieved from /home/ubuntu/reddit_venv/lib/python3.10/site-packages/airflow/example_dags/example_subdag_operator.py
[2024-02-13T05:25:21.415+0000] {logging_mixin.py:188} INFO - [2024-02-13T05:25:21.415+0000] {dag.py:3036} INFO - Sync 3 DAGs
[2024-02-13T05:25:21.436+0000] {logging_mixin.py:188} INFO - [2024-02-13T05:25:21.436+0000] {dag.py:3823} INFO - Setting next_dagrun for example_subdag_operator to 2022-01-01 00:00:00+00:00, run_after=2022-01-01 00:00:00+00:00
[2024-02-13T05:25:21.439+0000] {logging_mixin.py:188} INFO - [2024-02-13T05:25:21.439+0000] {dag.py:3823} INFO - Setting next_dagrun for example_subdag_operator.section-1 to None, run_after=None
[2024-02-13T05:25:21.440+0000] {logging_mixin.py:188} INFO - [2024-02-13T05:25:21.440+0000] {dag.py:3823} INFO - Setting next_dagrun for example_subdag_operator.section-2 to None, run_after=None
[2024-02-13T05:25:21.446+0000] {logging_mixin.py:188} INFO - [2024-02-13T05:25:21.446+0000] {dag.py:3036} INFO - Sync 2 DAGs
[2024-02-13T05:25:21.450+0000] {logging_mixin.py:188} INFO - [2024-02-13T05:25:21.450+0000] {dag.py:3823} INFO - Setting next_dagrun for example_subdag_operator.section-1 to None, run_after=None
[2024-02-13T05:25:21.450+0000] {logging_mixin.py:188} INFO - [2024-02-13T05:25:21.450+0000] {dag.py:3823} INFO - Setting next_dagrun for example_subdag_operator.section-2 to None, run_after=None
[2024-02-13T05:25:21.466+0000] {processor.py:183} INFO - Processing /home/ubuntu/reddit_venv/lib/python3.10/site-packages/airflow/example_dags/example_subdag_operator.py took 0.092 seconds
[2024-02-13T05:26:19.471+0000] {processor.py:161} INFO - Started process (PID=3827) to work on /home/ubuntu/reddit_venv/lib/python3.10/site-packages/airflow/example_dags/example_subdag_operator.py
[2024-02-13T05:26:19.473+0000] {processor.py:830} INFO - Processing file /home/ubuntu/reddit_venv/lib/python3.10/site-packages/airflow/example_dags/example_subdag_operator.py for tasks to queue
[2024-02-13T05:26:19.474+0000] {logging_mixin.py:188} INFO - [2024-02-13T05:26:19.473+0000] {dagbag.py:538} INFO - Filling up the DagBag from /home/ubuntu/reddit_venv/lib/python3.10/site-packages/airflow/example_dags/example_subdag_operator.py
[2024-02-13T05:26:19.494+0000] {processor.py:840} INFO - DAG(s) 'example_subdag_operator.section-1', 'example_subdag_operator.section-2', 'example_subdag_operator' retrieved from /home/ubuntu/reddit_venv/lib/python3.10/site-packages/airflow/example_dags/example_subdag_operator.py
[2024-02-13T05:26:19.510+0000] {logging_mixin.py:188} INFO - [2024-02-13T05:26:19.509+0000] {dag.py:3036} INFO - Sync 3 DAGs
[2024-02-13T05:26:19.529+0000] {logging_mixin.py:188} INFO - [2024-02-13T05:26:19.528+0000] {dag.py:3823} INFO - Setting next_dagrun for example_subdag_operator to 2022-01-01 00:00:00+00:00, run_after=2022-01-01 00:00:00+00:00
[2024-02-13T05:26:19.533+0000] {logging_mixin.py:188} INFO - [2024-02-13T05:26:19.533+0000] {dag.py:3823} INFO - Setting next_dagrun for example_subdag_operator.section-1 to None, run_after=None
[2024-02-13T05:26:19.534+0000] {logging_mixin.py:188} INFO - [2024-02-13T05:26:19.534+0000] {dag.py:3823} INFO - Setting next_dagrun for example_subdag_operator.section-2 to None, run_after=None
[2024-02-13T05:26:19.540+0000] {logging_mixin.py:188} INFO - [2024-02-13T05:26:19.540+0000] {dag.py:3036} INFO - Sync 2 DAGs
[2024-02-13T05:26:19.544+0000] {logging_mixin.py:188} INFO - [2024-02-13T05:26:19.544+0000] {dag.py:3823} INFO - Setting next_dagrun for example_subdag_operator.section-1 to None, run_after=None
[2024-02-13T05:26:19.544+0000] {logging_mixin.py:188} INFO - [2024-02-13T05:26:19.544+0000] {dag.py:3823} INFO - Setting next_dagrun for example_subdag_operator.section-2 to None, run_after=None
[2024-02-13T05:26:19.560+0000] {processor.py:183} INFO - Processing /home/ubuntu/reddit_venv/lib/python3.10/site-packages/airflow/example_dags/example_subdag_operator.py took 0.092 seconds
[2024-02-13T05:27:08.961+0000] {processor.py:161} INFO - Started process (PID=3997) to work on /home/ubuntu/reddit_venv/lib/python3.10/site-packages/airflow/example_dags/example_subdag_operator.py
[2024-02-13T05:27:08.962+0000] {processor.py:830} INFO - Processing file /home/ubuntu/reddit_venv/lib/python3.10/site-packages/airflow/example_dags/example_subdag_operator.py for tasks to queue
[2024-02-13T05:27:08.963+0000] {logging_mixin.py:188} INFO - [2024-02-13T05:27:08.963+0000] {dagbag.py:538} INFO - Filling up the DagBag from /home/ubuntu/reddit_venv/lib/python3.10/site-packages/airflow/example_dags/example_subdag_operator.py
[2024-02-13T05:27:08.984+0000] {processor.py:840} INFO - DAG(s) 'example_subdag_operator.section-1', 'example_subdag_operator.section-2', 'example_subdag_operator' retrieved from /home/ubuntu/reddit_venv/lib/python3.10/site-packages/airflow/example_dags/example_subdag_operator.py
[2024-02-13T05:27:09.000+0000] {logging_mixin.py:188} INFO - [2024-02-13T05:27:09.000+0000] {dag.py:3036} INFO - Sync 3 DAGs
[2024-02-13T05:27:09.020+0000] {logging_mixin.py:188} INFO - [2024-02-13T05:27:09.019+0000] {dag.py:3823} INFO - Setting next_dagrun for example_subdag_operator to 2022-01-01 00:00:00+00:00, run_after=2022-01-01 00:00:00+00:00
[2024-02-13T05:27:09.023+0000] {logging_mixin.py:188} INFO - [2024-02-13T05:27:09.023+0000] {dag.py:3823} INFO - Setting next_dagrun for example_subdag_operator.section-1 to None, run_after=None
[2024-02-13T05:27:09.024+0000] {logging_mixin.py:188} INFO - [2024-02-13T05:27:09.024+0000] {dag.py:3823} INFO - Setting next_dagrun for example_subdag_operator.section-2 to None, run_after=None
[2024-02-13T05:27:09.030+0000] {logging_mixin.py:188} INFO - [2024-02-13T05:27:09.030+0000] {dag.py:3036} INFO - Sync 2 DAGs
[2024-02-13T05:27:09.034+0000] {logging_mixin.py:188} INFO - [2024-02-13T05:27:09.034+0000] {dag.py:3823} INFO - Setting next_dagrun for example_subdag_operator.section-1 to None, run_after=None
[2024-02-13T05:27:09.034+0000] {logging_mixin.py:188} INFO - [2024-02-13T05:27:09.034+0000] {dag.py:3823} INFO - Setting next_dagrun for example_subdag_operator.section-2 to None, run_after=None
[2024-02-13T05:27:09.050+0000] {processor.py:183} INFO - Processing /home/ubuntu/reddit_venv/lib/python3.10/site-packages/airflow/example_dags/example_subdag_operator.py took 0.092 seconds
[2024-02-13T05:28:11.672+0000] {processor.py:161} INFO - Started process (PID=4549) to work on /home/ubuntu/reddit_venv/lib/python3.10/site-packages/airflow/example_dags/example_subdag_operator.py
[2024-02-13T05:28:11.673+0000] {processor.py:830} INFO - Processing file /home/ubuntu/reddit_venv/lib/python3.10/site-packages/airflow/example_dags/example_subdag_operator.py for tasks to queue
[2024-02-13T05:28:11.674+0000] {logging_mixin.py:188} INFO - [2024-02-13T05:28:11.674+0000] {dagbag.py:538} INFO - Filling up the DagBag from /home/ubuntu/reddit_venv/lib/python3.10/site-packages/airflow/example_dags/example_subdag_operator.py
[2024-02-13T05:28:11.694+0000] {processor.py:840} INFO - DAG(s) 'example_subdag_operator.section-1', 'example_subdag_operator.section-2', 'example_subdag_operator' retrieved from /home/ubuntu/reddit_venv/lib/python3.10/site-packages/airflow/example_dags/example_subdag_operator.py
[2024-02-13T05:28:11.710+0000] {logging_mixin.py:188} INFO - [2024-02-13T05:28:11.709+0000] {dag.py:3036} INFO - Sync 3 DAGs
[2024-02-13T05:28:11.729+0000] {logging_mixin.py:188} INFO - [2024-02-13T05:28:11.729+0000] {dag.py:3823} INFO - Setting next_dagrun for example_subdag_operator to 2022-01-01 00:00:00+00:00, run_after=2022-01-01 00:00:00+00:00
[2024-02-13T05:28:11.732+0000] {logging_mixin.py:188} INFO - [2024-02-13T05:28:11.732+0000] {dag.py:3823} INFO - Setting next_dagrun for example_subdag_operator.section-1 to None, run_after=None
[2024-02-13T05:28:11.733+0000] {logging_mixin.py:188} INFO - [2024-02-13T05:28:11.733+0000] {dag.py:3823} INFO - Setting next_dagrun for example_subdag_operator.section-2 to None, run_after=None
[2024-02-13T05:28:11.739+0000] {logging_mixin.py:188} INFO - [2024-02-13T05:28:11.739+0000] {dag.py:3036} INFO - Sync 2 DAGs
[2024-02-13T05:28:11.743+0000] {logging_mixin.py:188} INFO - [2024-02-13T05:28:11.743+0000] {dag.py:3823} INFO - Setting next_dagrun for example_subdag_operator.section-1 to None, run_after=None
[2024-02-13T05:28:11.744+0000] {logging_mixin.py:188} INFO - [2024-02-13T05:28:11.743+0000] {dag.py:3823} INFO - Setting next_dagrun for example_subdag_operator.section-2 to None, run_after=None
[2024-02-13T05:28:11.759+0000] {processor.py:183} INFO - Processing /home/ubuntu/reddit_venv/lib/python3.10/site-packages/airflow/example_dags/example_subdag_operator.py took 0.091 seconds
[2024-02-13T05:29:10.867+0000] {processor.py:161} INFO - Started process (PID=4678) to work on /home/ubuntu/reddit_venv/lib/python3.10/site-packages/airflow/example_dags/example_subdag_operator.py
[2024-02-13T05:29:10.868+0000] {processor.py:830} INFO - Processing file /home/ubuntu/reddit_venv/lib/python3.10/site-packages/airflow/example_dags/example_subdag_operator.py for tasks to queue
[2024-02-13T05:29:10.869+0000] {logging_mixin.py:188} INFO - [2024-02-13T05:29:10.869+0000] {dagbag.py:538} INFO - Filling up the DagBag from /home/ubuntu/reddit_venv/lib/python3.10/site-packages/airflow/example_dags/example_subdag_operator.py
[2024-02-13T05:29:10.889+0000] {processor.py:840} INFO - DAG(s) 'example_subdag_operator.section-1', 'example_subdag_operator.section-2', 'example_subdag_operator' retrieved from /home/ubuntu/reddit_venv/lib/python3.10/site-packages/airflow/example_dags/example_subdag_operator.py
[2024-02-13T05:29:10.905+0000] {logging_mixin.py:188} INFO - [2024-02-13T05:29:10.905+0000] {dag.py:3036} INFO - Sync 3 DAGs
[2024-02-13T05:29:10.925+0000] {logging_mixin.py:188} INFO - [2024-02-13T05:29:10.925+0000] {dag.py:3823} INFO - Setting next_dagrun for example_subdag_operator to 2022-01-01 00:00:00+00:00, run_after=2022-01-01 00:00:00+00:00
[2024-02-13T05:29:10.929+0000] {logging_mixin.py:188} INFO - [2024-02-13T05:29:10.928+0000] {dag.py:3823} INFO - Setting next_dagrun for example_subdag_operator.section-1 to None, run_after=None
[2024-02-13T05:29:10.930+0000] {logging_mixin.py:188} INFO - [2024-02-13T05:29:10.930+0000] {dag.py:3823} INFO - Setting next_dagrun for example_subdag_operator.section-2 to None, run_after=None
[2024-02-13T05:29:10.935+0000] {logging_mixin.py:188} INFO - [2024-02-13T05:29:10.935+0000] {dag.py:3036} INFO - Sync 2 DAGs
[2024-02-13T05:29:10.940+0000] {logging_mixin.py:188} INFO - [2024-02-13T05:29:10.939+0000] {dag.py:3823} INFO - Setting next_dagrun for example_subdag_operator.section-1 to None, run_after=None
[2024-02-13T05:29:10.940+0000] {logging_mixin.py:188} INFO - [2024-02-13T05:29:10.940+0000] {dag.py:3823} INFO - Setting next_dagrun for example_subdag_operator.section-2 to None, run_after=None
[2024-02-13T05:29:10.956+0000] {processor.py:183} INFO - Processing /home/ubuntu/reddit_venv/lib/python3.10/site-packages/airflow/example_dags/example_subdag_operator.py took 0.093 seconds
[2024-02-13T05:30:09.123+0000] {processor.py:161} INFO - Started process (PID=4805) to work on /home/ubuntu/reddit_venv/lib/python3.10/site-packages/airflow/example_dags/example_subdag_operator.py
[2024-02-13T05:30:09.125+0000] {processor.py:830} INFO - Processing file /home/ubuntu/reddit_venv/lib/python3.10/site-packages/airflow/example_dags/example_subdag_operator.py for tasks to queue
[2024-02-13T05:30:09.126+0000] {logging_mixin.py:188} INFO - [2024-02-13T05:30:09.125+0000] {dagbag.py:538} INFO - Filling up the DagBag from /home/ubuntu/reddit_venv/lib/python3.10/site-packages/airflow/example_dags/example_subdag_operator.py
[2024-02-13T05:30:09.146+0000] {processor.py:840} INFO - DAG(s) 'example_subdag_operator.section-1', 'example_subdag_operator.section-2', 'example_subdag_operator' retrieved from /home/ubuntu/reddit_venv/lib/python3.10/site-packages/airflow/example_dags/example_subdag_operator.py
[2024-02-13T05:30:09.162+0000] {logging_mixin.py:188} INFO - [2024-02-13T05:30:09.161+0000] {dag.py:3036} INFO - Sync 3 DAGs
[2024-02-13T05:30:09.182+0000] {logging_mixin.py:188} INFO - [2024-02-13T05:30:09.182+0000] {dag.py:3823} INFO - Setting next_dagrun for example_subdag_operator to 2022-01-01 00:00:00+00:00, run_after=2022-01-01 00:00:00+00:00
[2024-02-13T05:30:09.185+0000] {logging_mixin.py:188} INFO - [2024-02-13T05:30:09.185+0000] {dag.py:3823} INFO - Setting next_dagrun for example_subdag_operator.section-1 to None, run_after=None
[2024-02-13T05:30:09.186+0000] {logging_mixin.py:188} INFO - [2024-02-13T05:30:09.186+0000] {dag.py:3823} INFO - Setting next_dagrun for example_subdag_operator.section-2 to None, run_after=None
[2024-02-13T05:30:09.192+0000] {logging_mixin.py:188} INFO - [2024-02-13T05:30:09.192+0000] {dag.py:3036} INFO - Sync 2 DAGs
[2024-02-13T05:30:09.196+0000] {logging_mixin.py:188} INFO - [2024-02-13T05:30:09.196+0000] {dag.py:3823} INFO - Setting next_dagrun for example_subdag_operator.section-1 to None, run_after=None
[2024-02-13T05:30:09.197+0000] {logging_mixin.py:188} INFO - [2024-02-13T05:30:09.196+0000] {dag.py:3823} INFO - Setting next_dagrun for example_subdag_operator.section-2 to None, run_after=None
[2024-02-13T05:30:09.212+0000] {processor.py:183} INFO - Processing /home/ubuntu/reddit_venv/lib/python3.10/site-packages/airflow/example_dags/example_subdag_operator.py took 0.092 seconds
