[2024-02-13T05:21:04.217+0000] {processor.py:161} INFO - Started process (PID=2638) to work on /home/ubuntu/reddit_venv/lib/python3.10/site-packages/airflow/example_dags/example_setup_teardown_taskflow.py
[2024-02-13T05:21:04.218+0000] {processor.py:830} INFO - Processing file /home/ubuntu/reddit_venv/lib/python3.10/site-packages/airflow/example_dags/example_setup_teardown_taskflow.py for tasks to queue
[2024-02-13T05:21:04.219+0000] {logging_mixin.py:188} INFO - [2024-02-13T05:21:04.218+0000] {dagbag.py:538} INFO - Filling up the DagBag from /home/ubuntu/reddit_venv/lib/python3.10/site-packages/airflow/example_dags/example_setup_teardown_taskflow.py
[2024-02-13T05:21:04.232+0000] {processor.py:840} INFO - DAG(s) 'example_setup_teardown_taskflow' retrieved from /home/ubuntu/reddit_venv/lib/python3.10/site-packages/airflow/example_dags/example_setup_teardown_taskflow.py
[2024-02-13T05:21:04.240+0000] {logging_mixin.py:188} INFO - [2024-02-13T05:21:04.240+0000] {dag.py:3036} INFO - Sync 1 DAGs
[2024-02-13T05:21:04.263+0000] {logging_mixin.py:188} INFO - [2024-02-13T05:21:04.263+0000] {dag.py:3823} INFO - Setting next_dagrun for example_setup_teardown_taskflow to 2024-02-12 00:00:00+00:00, run_after=2024-02-13 00:00:00+00:00
[2024-02-13T05:21:04.286+0000] {processor.py:183} INFO - Processing /home/ubuntu/reddit_venv/lib/python3.10/site-packages/airflow/example_dags/example_setup_teardown_taskflow.py took 0.072 seconds
[2024-02-13T05:21:54.120+0000] {processor.py:161} INFO - Started process (PID=2871) to work on /home/ubuntu/reddit_venv/lib/python3.10/site-packages/airflow/example_dags/example_setup_teardown_taskflow.py
[2024-02-13T05:21:54.121+0000] {processor.py:830} INFO - Processing file /home/ubuntu/reddit_venv/lib/python3.10/site-packages/airflow/example_dags/example_setup_teardown_taskflow.py for tasks to queue
[2024-02-13T05:21:54.122+0000] {logging_mixin.py:188} INFO - [2024-02-13T05:21:54.122+0000] {dagbag.py:538} INFO - Filling up the DagBag from /home/ubuntu/reddit_venv/lib/python3.10/site-packages/airflow/example_dags/example_setup_teardown_taskflow.py
[2024-02-13T05:21:54.133+0000] {processor.py:840} INFO - DAG(s) 'example_setup_teardown_taskflow' retrieved from /home/ubuntu/reddit_venv/lib/python3.10/site-packages/airflow/example_dags/example_setup_teardown_taskflow.py
[2024-02-13T05:21:54.232+0000] {logging_mixin.py:188} INFO - [2024-02-13T05:21:54.232+0000] {dag.py:3036} INFO - Sync 1 DAGs
[2024-02-13T05:21:54.251+0000] {logging_mixin.py:188} INFO - [2024-02-13T05:21:54.251+0000] {dag.py:3823} INFO - Setting next_dagrun for example_setup_teardown_taskflow to 2024-02-12 00:00:00+00:00, run_after=2024-02-13 00:00:00+00:00
[2024-02-13T05:21:54.274+0000] {processor.py:183} INFO - Processing /home/ubuntu/reddit_venv/lib/python3.10/site-packages/airflow/example_dags/example_setup_teardown_taskflow.py took 0.157 seconds
[2024-02-13T05:22:41.727+0000] {processor.py:161} INFO - Started process (PID=3162) to work on /home/ubuntu/reddit_venv/lib/python3.10/site-packages/airflow/example_dags/example_setup_teardown_taskflow.py
[2024-02-13T05:22:41.729+0000] {processor.py:830} INFO - Processing file /home/ubuntu/reddit_venv/lib/python3.10/site-packages/airflow/example_dags/example_setup_teardown_taskflow.py for tasks to queue
[2024-02-13T05:22:41.730+0000] {logging_mixin.py:188} INFO - [2024-02-13T05:22:41.729+0000] {dagbag.py:538} INFO - Filling up the DagBag from /home/ubuntu/reddit_venv/lib/python3.10/site-packages/airflow/example_dags/example_setup_teardown_taskflow.py
[2024-02-13T05:22:41.741+0000] {processor.py:840} INFO - DAG(s) 'example_setup_teardown_taskflow' retrieved from /home/ubuntu/reddit_venv/lib/python3.10/site-packages/airflow/example_dags/example_setup_teardown_taskflow.py
[2024-02-13T05:22:41.758+0000] {logging_mixin.py:188} INFO - [2024-02-13T05:22:41.758+0000] {dag.py:3036} INFO - Sync 1 DAGs
[2024-02-13T05:22:41.778+0000] {logging_mixin.py:188} INFO - [2024-02-13T05:22:41.778+0000] {dag.py:3823} INFO - Setting next_dagrun for example_setup_teardown_taskflow to 2024-02-12 00:00:00+00:00, run_after=2024-02-13 00:00:00+00:00
[2024-02-13T05:22:41.800+0000] {processor.py:183} INFO - Processing /home/ubuntu/reddit_venv/lib/python3.10/site-packages/airflow/example_dags/example_setup_teardown_taskflow.py took 0.076 seconds
[2024-02-13T05:23:29.620+0000] {processor.py:161} INFO - Started process (PID=3278) to work on /home/ubuntu/reddit_venv/lib/python3.10/site-packages/airflow/example_dags/example_setup_teardown_taskflow.py
[2024-02-13T05:23:29.621+0000] {processor.py:830} INFO - Processing file /home/ubuntu/reddit_venv/lib/python3.10/site-packages/airflow/example_dags/example_setup_teardown_taskflow.py for tasks to queue
[2024-02-13T05:23:29.622+0000] {logging_mixin.py:188} INFO - [2024-02-13T05:23:29.622+0000] {dagbag.py:538} INFO - Filling up the DagBag from /home/ubuntu/reddit_venv/lib/python3.10/site-packages/airflow/example_dags/example_setup_teardown_taskflow.py
[2024-02-13T05:23:29.634+0000] {processor.py:840} INFO - DAG(s) 'example_setup_teardown_taskflow' retrieved from /home/ubuntu/reddit_venv/lib/python3.10/site-packages/airflow/example_dags/example_setup_teardown_taskflow.py
[2024-02-13T05:23:29.650+0000] {logging_mixin.py:188} INFO - [2024-02-13T05:23:29.650+0000] {dag.py:3036} INFO - Sync 1 DAGs
[2024-02-13T05:23:29.671+0000] {logging_mixin.py:188} INFO - [2024-02-13T05:23:29.671+0000] {dag.py:3823} INFO - Setting next_dagrun for example_setup_teardown_taskflow to 2024-02-12 00:00:00+00:00, run_after=2024-02-13 00:00:00+00:00
[2024-02-13T05:23:29.694+0000] {processor.py:183} INFO - Processing /home/ubuntu/reddit_venv/lib/python3.10/site-packages/airflow/example_dags/example_setup_teardown_taskflow.py took 0.077 seconds
[2024-02-13T05:24:18.670+0000] {processor.py:161} INFO - Started process (PID=3394) to work on /home/ubuntu/reddit_venv/lib/python3.10/site-packages/airflow/example_dags/example_setup_teardown_taskflow.py
[2024-02-13T05:24:18.671+0000] {processor.py:830} INFO - Processing file /home/ubuntu/reddit_venv/lib/python3.10/site-packages/airflow/example_dags/example_setup_teardown_taskflow.py for tasks to queue
[2024-02-13T05:24:18.672+0000] {logging_mixin.py:188} INFO - [2024-02-13T05:24:18.672+0000] {dagbag.py:538} INFO - Filling up the DagBag from /home/ubuntu/reddit_venv/lib/python3.10/site-packages/airflow/example_dags/example_setup_teardown_taskflow.py
[2024-02-13T05:24:18.683+0000] {processor.py:840} INFO - DAG(s) 'example_setup_teardown_taskflow' retrieved from /home/ubuntu/reddit_venv/lib/python3.10/site-packages/airflow/example_dags/example_setup_teardown_taskflow.py
[2024-02-13T05:24:18.700+0000] {logging_mixin.py:188} INFO - [2024-02-13T05:24:18.700+0000] {dag.py:3036} INFO - Sync 1 DAGs
[2024-02-13T05:24:18.721+0000] {logging_mixin.py:188} INFO - [2024-02-13T05:24:18.721+0000] {dag.py:3823} INFO - Setting next_dagrun for example_setup_teardown_taskflow to 2024-02-12 00:00:00+00:00, run_after=2024-02-13 00:00:00+00:00
[2024-02-13T05:24:18.744+0000] {processor.py:183} INFO - Processing /home/ubuntu/reddit_venv/lib/python3.10/site-packages/airflow/example_dags/example_setup_teardown_taskflow.py took 0.077 seconds
[2024-02-13T05:25:08.936+0000] {processor.py:161} INFO - Started process (PID=3509) to work on /home/ubuntu/reddit_venv/lib/python3.10/site-packages/airflow/example_dags/example_setup_teardown_taskflow.py
[2024-02-13T05:25:08.937+0000] {processor.py:830} INFO - Processing file /home/ubuntu/reddit_venv/lib/python3.10/site-packages/airflow/example_dags/example_setup_teardown_taskflow.py for tasks to queue
[2024-02-13T05:25:08.938+0000] {logging_mixin.py:188} INFO - [2024-02-13T05:25:08.938+0000] {dagbag.py:538} INFO - Filling up the DagBag from /home/ubuntu/reddit_venv/lib/python3.10/site-packages/airflow/example_dags/example_setup_teardown_taskflow.py
[2024-02-13T05:25:08.949+0000] {processor.py:840} INFO - DAG(s) 'example_setup_teardown_taskflow' retrieved from /home/ubuntu/reddit_venv/lib/python3.10/site-packages/airflow/example_dags/example_setup_teardown_taskflow.py
[2024-02-13T05:25:08.966+0000] {logging_mixin.py:188} INFO - [2024-02-13T05:25:08.966+0000] {dag.py:3036} INFO - Sync 1 DAGs
[2024-02-13T05:25:08.986+0000] {logging_mixin.py:188} INFO - [2024-02-13T05:25:08.986+0000] {dag.py:3823} INFO - Setting next_dagrun for example_setup_teardown_taskflow to 2024-02-12 00:00:00+00:00, run_after=2024-02-13 00:00:00+00:00
[2024-02-13T05:25:09.008+0000] {processor.py:183} INFO - Processing /home/ubuntu/reddit_venv/lib/python3.10/site-packages/airflow/example_dags/example_setup_teardown_taskflow.py took 0.075 seconds
[2024-02-13T05:26:05.448+0000] {processor.py:161} INFO - Started process (PID=3691) to work on /home/ubuntu/reddit_venv/lib/python3.10/site-packages/airflow/example_dags/example_setup_teardown_taskflow.py
[2024-02-13T05:26:05.450+0000] {processor.py:830} INFO - Processing file /home/ubuntu/reddit_venv/lib/python3.10/site-packages/airflow/example_dags/example_setup_teardown_taskflow.py for tasks to queue
[2024-02-13T05:26:05.451+0000] {logging_mixin.py:188} INFO - [2024-02-13T05:26:05.451+0000] {dagbag.py:538} INFO - Filling up the DagBag from /home/ubuntu/reddit_venv/lib/python3.10/site-packages/airflow/example_dags/example_setup_teardown_taskflow.py
[2024-02-13T05:26:05.462+0000] {processor.py:840} INFO - DAG(s) 'example_setup_teardown_taskflow' retrieved from /home/ubuntu/reddit_venv/lib/python3.10/site-packages/airflow/example_dags/example_setup_teardown_taskflow.py
[2024-02-13T05:26:05.480+0000] {logging_mixin.py:188} INFO - [2024-02-13T05:26:05.479+0000] {dag.py:3036} INFO - Sync 1 DAGs
[2024-02-13T05:26:05.500+0000] {logging_mixin.py:188} INFO - [2024-02-13T05:26:05.500+0000] {dag.py:3823} INFO - Setting next_dagrun for example_setup_teardown_taskflow to 2024-02-12 00:00:00+00:00, run_after=2024-02-13 00:00:00+00:00
[2024-02-13T05:26:05.522+0000] {processor.py:183} INFO - Processing /home/ubuntu/reddit_venv/lib/python3.10/site-packages/airflow/example_dags/example_setup_teardown_taskflow.py took 0.077 seconds
[2024-02-13T05:27:05.006+0000] {processor.py:161} INFO - Started process (PID=3940) to work on /home/ubuntu/reddit_venv/lib/python3.10/site-packages/airflow/example_dags/example_setup_teardown_taskflow.py
[2024-02-13T05:27:05.008+0000] {processor.py:830} INFO - Processing file /home/ubuntu/reddit_venv/lib/python3.10/site-packages/airflow/example_dags/example_setup_teardown_taskflow.py for tasks to queue
[2024-02-13T05:27:05.009+0000] {logging_mixin.py:188} INFO - [2024-02-13T05:27:05.008+0000] {dagbag.py:538} INFO - Filling up the DagBag from /home/ubuntu/reddit_venv/lib/python3.10/site-packages/airflow/example_dags/example_setup_teardown_taskflow.py
[2024-02-13T05:27:05.020+0000] {processor.py:840} INFO - DAG(s) 'example_setup_teardown_taskflow' retrieved from /home/ubuntu/reddit_venv/lib/python3.10/site-packages/airflow/example_dags/example_setup_teardown_taskflow.py
[2024-02-13T05:27:05.036+0000] {logging_mixin.py:188} INFO - [2024-02-13T05:27:05.036+0000] {dag.py:3036} INFO - Sync 1 DAGs
[2024-02-13T05:27:05.056+0000] {logging_mixin.py:188} INFO - [2024-02-13T05:27:05.056+0000] {dag.py:3823} INFO - Setting next_dagrun for example_setup_teardown_taskflow to 2024-02-12 00:00:00+00:00, run_after=2024-02-13 00:00:00+00:00
[2024-02-13T05:27:05.079+0000] {processor.py:183} INFO - Processing /home/ubuntu/reddit_venv/lib/python3.10/site-packages/airflow/example_dags/example_setup_teardown_taskflow.py took 0.077 seconds
[2024-02-13T05:28:07.367+0000] {processor.py:161} INFO - Started process (PID=4545) to work on /home/ubuntu/reddit_venv/lib/python3.10/site-packages/airflow/example_dags/example_setup_teardown_taskflow.py
[2024-02-13T05:28:07.370+0000] {processor.py:830} INFO - Processing file /home/ubuntu/reddit_venv/lib/python3.10/site-packages/airflow/example_dags/example_setup_teardown_taskflow.py for tasks to queue
[2024-02-13T05:28:07.371+0000] {logging_mixin.py:188} INFO - [2024-02-13T05:28:07.371+0000] {dagbag.py:538} INFO - Filling up the DagBag from /home/ubuntu/reddit_venv/lib/python3.10/site-packages/airflow/example_dags/example_setup_teardown_taskflow.py
[2024-02-13T05:28:07.382+0000] {processor.py:840} INFO - DAG(s) 'example_setup_teardown_taskflow' retrieved from /home/ubuntu/reddit_venv/lib/python3.10/site-packages/airflow/example_dags/example_setup_teardown_taskflow.py
[2024-02-13T05:28:07.399+0000] {logging_mixin.py:188} INFO - [2024-02-13T05:28:07.399+0000] {dag.py:3036} INFO - Sync 1 DAGs
[2024-02-13T05:28:07.419+0000] {logging_mixin.py:188} INFO - [2024-02-13T05:28:07.419+0000] {dag.py:3823} INFO - Setting next_dagrun for example_setup_teardown_taskflow to 2024-02-12 00:00:00+00:00, run_after=2024-02-13 00:00:00+00:00
[2024-02-13T05:28:07.441+0000] {processor.py:183} INFO - Processing /home/ubuntu/reddit_venv/lib/python3.10/site-packages/airflow/example_dags/example_setup_teardown_taskflow.py took 0.076 seconds
[2024-02-13T05:29:07.055+0000] {processor.py:161} INFO - Started process (PID=4674) to work on /home/ubuntu/reddit_venv/lib/python3.10/site-packages/airflow/example_dags/example_setup_teardown_taskflow.py
[2024-02-13T05:29:07.057+0000] {processor.py:830} INFO - Processing file /home/ubuntu/reddit_venv/lib/python3.10/site-packages/airflow/example_dags/example_setup_teardown_taskflow.py for tasks to queue
[2024-02-13T05:29:07.058+0000] {logging_mixin.py:188} INFO - [2024-02-13T05:29:07.058+0000] {dagbag.py:538} INFO - Filling up the DagBag from /home/ubuntu/reddit_venv/lib/python3.10/site-packages/airflow/example_dags/example_setup_teardown_taskflow.py
[2024-02-13T05:29:07.069+0000] {processor.py:840} INFO - DAG(s) 'example_setup_teardown_taskflow' retrieved from /home/ubuntu/reddit_venv/lib/python3.10/site-packages/airflow/example_dags/example_setup_teardown_taskflow.py
[2024-02-13T05:29:07.085+0000] {logging_mixin.py:188} INFO - [2024-02-13T05:29:07.085+0000] {dag.py:3036} INFO - Sync 1 DAGs
[2024-02-13T05:29:07.105+0000] {logging_mixin.py:188} INFO - [2024-02-13T05:29:07.105+0000] {dag.py:3823} INFO - Setting next_dagrun for example_setup_teardown_taskflow to 2024-02-12 00:00:00+00:00, run_after=2024-02-13 00:00:00+00:00
[2024-02-13T05:29:07.128+0000] {processor.py:183} INFO - Processing /home/ubuntu/reddit_venv/lib/python3.10/site-packages/airflow/example_dags/example_setup_teardown_taskflow.py took 0.077 seconds
[2024-02-13T05:30:05.124+0000] {processor.py:161} INFO - Started process (PID=4801) to work on /home/ubuntu/reddit_venv/lib/python3.10/site-packages/airflow/example_dags/example_setup_teardown_taskflow.py
[2024-02-13T05:30:05.126+0000] {processor.py:830} INFO - Processing file /home/ubuntu/reddit_venv/lib/python3.10/site-packages/airflow/example_dags/example_setup_teardown_taskflow.py for tasks to queue
[2024-02-13T05:30:05.126+0000] {logging_mixin.py:188} INFO - [2024-02-13T05:30:05.126+0000] {dagbag.py:538} INFO - Filling up the DagBag from /home/ubuntu/reddit_venv/lib/python3.10/site-packages/airflow/example_dags/example_setup_teardown_taskflow.py
[2024-02-13T05:30:05.137+0000] {processor.py:840} INFO - DAG(s) 'example_setup_teardown_taskflow' retrieved from /home/ubuntu/reddit_venv/lib/python3.10/site-packages/airflow/example_dags/example_setup_teardown_taskflow.py
[2024-02-13T05:30:05.154+0000] {logging_mixin.py:188} INFO - [2024-02-13T05:30:05.154+0000] {dag.py:3036} INFO - Sync 1 DAGs
[2024-02-13T05:30:05.174+0000] {logging_mixin.py:188} INFO - [2024-02-13T05:30:05.174+0000] {dag.py:3823} INFO - Setting next_dagrun for example_setup_teardown_taskflow to 2024-02-12 00:00:00+00:00, run_after=2024-02-13 00:00:00+00:00
[2024-02-13T05:30:05.196+0000] {processor.py:183} INFO - Processing /home/ubuntu/reddit_venv/lib/python3.10/site-packages/airflow/example_dags/example_setup_teardown_taskflow.py took 0.075 seconds
