[2024-02-13T05:21:22.915+0000] {processor.py:161} INFO - Started process (PID=2778) to work on /home/ubuntu/reddit_venv/lib/python3.10/site-packages/airflow/example_dags/example_dynamic_task_mapping.py
[2024-02-13T05:21:22.916+0000] {processor.py:830} INFO - Processing file /home/ubuntu/reddit_venv/lib/python3.10/site-packages/airflow/example_dags/example_dynamic_task_mapping.py for tasks to queue
[2024-02-13T05:21:22.917+0000] {logging_mixin.py:188} INFO - [2024-02-13T05:21:22.917+0000] {dagbag.py:538} INFO - Filling up the DagBag from /home/ubuntu/reddit_venv/lib/python3.10/site-packages/airflow/example_dags/example_dynamic_task_mapping.py
[2024-02-13T05:21:22.926+0000] {processor.py:840} INFO - DAG(s) 'example_dynamic_task_mapping' retrieved from /home/ubuntu/reddit_venv/lib/python3.10/site-packages/airflow/example_dags/example_dynamic_task_mapping.py
[2024-02-13T05:21:23.022+0000] {logging_mixin.py:188} INFO - [2024-02-13T05:21:23.022+0000] {dag.py:3036} INFO - Sync 1 DAGs
[2024-02-13T05:21:23.039+0000] {logging_mixin.py:188} INFO - [2024-02-13T05:21:23.039+0000] {dag.py:3823} INFO - Setting next_dagrun for example_dynamic_task_mapping to 2022-03-04 00:00:00+00:00, run_after=2022-03-05 00:00:00+00:00
[2024-02-13T05:21:23.060+0000] {processor.py:183} INFO - Processing /home/ubuntu/reddit_venv/lib/python3.10/site-packages/airflow/example_dags/example_dynamic_task_mapping.py took 0.149 seconds
[2024-02-13T05:22:21.774+0000] {processor.py:161} INFO - Started process (PID=3018) to work on /home/ubuntu/reddit_venv/lib/python3.10/site-packages/airflow/example_dags/example_dynamic_task_mapping.py
[2024-02-13T05:22:21.775+0000] {processor.py:830} INFO - Processing file /home/ubuntu/reddit_venv/lib/python3.10/site-packages/airflow/example_dags/example_dynamic_task_mapping.py for tasks to queue
[2024-02-13T05:22:21.776+0000] {logging_mixin.py:188} INFO - [2024-02-13T05:22:21.776+0000] {dagbag.py:538} INFO - Filling up the DagBag from /home/ubuntu/reddit_venv/lib/python3.10/site-packages/airflow/example_dags/example_dynamic_task_mapping.py
[2024-02-13T05:22:21.784+0000] {processor.py:840} INFO - DAG(s) 'example_dynamic_task_mapping' retrieved from /home/ubuntu/reddit_venv/lib/python3.10/site-packages/airflow/example_dags/example_dynamic_task_mapping.py
[2024-02-13T05:22:21.799+0000] {logging_mixin.py:188} INFO - [2024-02-13T05:22:21.799+0000] {dag.py:3036} INFO - Sync 1 DAGs
[2024-02-13T05:22:21.820+0000] {logging_mixin.py:188} INFO - [2024-02-13T05:22:21.820+0000] {dag.py:3823} INFO - Setting next_dagrun for example_dynamic_task_mapping to 2022-03-04 00:00:00+00:00, run_after=2022-03-05 00:00:00+00:00
[2024-02-13T05:22:21.841+0000] {processor.py:183} INFO - Processing /home/ubuntu/reddit_venv/lib/python3.10/site-packages/airflow/example_dags/example_dynamic_task_mapping.py took 0.070 seconds
[2024-02-13T05:23:10.394+0000] {processor.py:161} INFO - Started process (PID=3255) to work on /home/ubuntu/reddit_venv/lib/python3.10/site-packages/airflow/example_dags/example_dynamic_task_mapping.py
[2024-02-13T05:23:10.396+0000] {processor.py:830} INFO - Processing file /home/ubuntu/reddit_venv/lib/python3.10/site-packages/airflow/example_dags/example_dynamic_task_mapping.py for tasks to queue
[2024-02-13T05:23:10.396+0000] {logging_mixin.py:188} INFO - [2024-02-13T05:23:10.396+0000] {dagbag.py:538} INFO - Filling up the DagBag from /home/ubuntu/reddit_venv/lib/python3.10/site-packages/airflow/example_dags/example_dynamic_task_mapping.py
[2024-02-13T05:23:10.404+0000] {processor.py:840} INFO - DAG(s) 'example_dynamic_task_mapping' retrieved from /home/ubuntu/reddit_venv/lib/python3.10/site-packages/airflow/example_dags/example_dynamic_task_mapping.py
[2024-02-13T05:23:10.418+0000] {logging_mixin.py:188} INFO - [2024-02-13T05:23:10.418+0000] {dag.py:3036} INFO - Sync 1 DAGs
[2024-02-13T05:23:10.440+0000] {logging_mixin.py:188} INFO - [2024-02-13T05:23:10.440+0000] {dag.py:3823} INFO - Setting next_dagrun for example_dynamic_task_mapping to 2022-03-04 00:00:00+00:00, run_after=2022-03-05 00:00:00+00:00
[2024-02-13T05:23:10.461+0000] {processor.py:183} INFO - Processing /home/ubuntu/reddit_venv/lib/python3.10/site-packages/airflow/example_dags/example_dynamic_task_mapping.py took 0.070 seconds
[2024-02-13T05:23:58.768+0000] {processor.py:161} INFO - Started process (PID=3371) to work on /home/ubuntu/reddit_venv/lib/python3.10/site-packages/airflow/example_dags/example_dynamic_task_mapping.py
[2024-02-13T05:23:58.770+0000] {processor.py:830} INFO - Processing file /home/ubuntu/reddit_venv/lib/python3.10/site-packages/airflow/example_dags/example_dynamic_task_mapping.py for tasks to queue
[2024-02-13T05:23:58.771+0000] {logging_mixin.py:188} INFO - [2024-02-13T05:23:58.770+0000] {dagbag.py:538} INFO - Filling up the DagBag from /home/ubuntu/reddit_venv/lib/python3.10/site-packages/airflow/example_dags/example_dynamic_task_mapping.py
[2024-02-13T05:23:58.778+0000] {processor.py:840} INFO - DAG(s) 'example_dynamic_task_mapping' retrieved from /home/ubuntu/reddit_venv/lib/python3.10/site-packages/airflow/example_dags/example_dynamic_task_mapping.py
[2024-02-13T05:23:58.793+0000] {logging_mixin.py:188} INFO - [2024-02-13T05:23:58.793+0000] {dag.py:3036} INFO - Sync 1 DAGs
[2024-02-13T05:23:58.814+0000] {logging_mixin.py:188} INFO - [2024-02-13T05:23:58.814+0000] {dag.py:3823} INFO - Setting next_dagrun for example_dynamic_task_mapping to 2022-03-04 00:00:00+00:00, run_after=2022-03-05 00:00:00+00:00
[2024-02-13T05:23:58.836+0000] {processor.py:183} INFO - Processing /home/ubuntu/reddit_venv/lib/python3.10/site-packages/airflow/example_dags/example_dynamic_task_mapping.py took 0.072 seconds
[2024-02-13T05:24:50.632+0000] {processor.py:161} INFO - Started process (PID=3487) to work on /home/ubuntu/reddit_venv/lib/python3.10/site-packages/airflow/example_dags/example_dynamic_task_mapping.py
[2024-02-13T05:24:50.634+0000] {processor.py:830} INFO - Processing file /home/ubuntu/reddit_venv/lib/python3.10/site-packages/airflow/example_dags/example_dynamic_task_mapping.py for tasks to queue
[2024-02-13T05:24:50.635+0000] {logging_mixin.py:188} INFO - [2024-02-13T05:24:50.634+0000] {dagbag.py:538} INFO - Filling up the DagBag from /home/ubuntu/reddit_venv/lib/python3.10/site-packages/airflow/example_dags/example_dynamic_task_mapping.py
[2024-02-13T05:24:50.642+0000] {processor.py:840} INFO - DAG(s) 'example_dynamic_task_mapping' retrieved from /home/ubuntu/reddit_venv/lib/python3.10/site-packages/airflow/example_dags/example_dynamic_task_mapping.py
[2024-02-13T05:24:50.656+0000] {logging_mixin.py:188} INFO - [2024-02-13T05:24:50.656+0000] {dag.py:3036} INFO - Sync 1 DAGs
[2024-02-13T05:24:50.676+0000] {logging_mixin.py:188} INFO - [2024-02-13T05:24:50.676+0000] {dag.py:3823} INFO - Setting next_dagrun for example_dynamic_task_mapping to 2022-03-04 00:00:00+00:00, run_after=2022-03-05 00:00:00+00:00
[2024-02-13T05:24:50.699+0000] {processor.py:183} INFO - Processing /home/ubuntu/reddit_venv/lib/python3.10/site-packages/airflow/example_dags/example_dynamic_task_mapping.py took 0.069 seconds
[2024-02-13T05:25:44.366+0000] {processor.py:161} INFO - Started process (PID=3610) to work on /home/ubuntu/reddit_venv/lib/python3.10/site-packages/airflow/example_dags/example_dynamic_task_mapping.py
[2024-02-13T05:25:44.367+0000] {processor.py:830} INFO - Processing file /home/ubuntu/reddit_venv/lib/python3.10/site-packages/airflow/example_dags/example_dynamic_task_mapping.py for tasks to queue
[2024-02-13T05:25:44.368+0000] {logging_mixin.py:188} INFO - [2024-02-13T05:25:44.368+0000] {dagbag.py:538} INFO - Filling up the DagBag from /home/ubuntu/reddit_venv/lib/python3.10/site-packages/airflow/example_dags/example_dynamic_task_mapping.py
[2024-02-13T05:25:44.375+0000] {processor.py:840} INFO - DAG(s) 'example_dynamic_task_mapping' retrieved from /home/ubuntu/reddit_venv/lib/python3.10/site-packages/airflow/example_dags/example_dynamic_task_mapping.py
[2024-02-13T05:25:44.390+0000] {logging_mixin.py:188} INFO - [2024-02-13T05:25:44.390+0000] {dag.py:3036} INFO - Sync 1 DAGs
[2024-02-13T05:25:44.410+0000] {logging_mixin.py:188} INFO - [2024-02-13T05:25:44.410+0000] {dag.py:3823} INFO - Setting next_dagrun for example_dynamic_task_mapping to 2022-03-04 00:00:00+00:00, run_after=2022-03-05 00:00:00+00:00
[2024-02-13T05:25:44.431+0000] {processor.py:183} INFO - Processing /home/ubuntu/reddit_venv/lib/python3.10/site-packages/airflow/example_dags/example_dynamic_task_mapping.py took 0.068 seconds
[2024-02-13T05:26:45.150+0000] {processor.py:161} INFO - Started process (PID=3916) to work on /home/ubuntu/reddit_venv/lib/python3.10/site-packages/airflow/example_dags/example_dynamic_task_mapping.py
[2024-02-13T05:26:45.151+0000] {processor.py:830} INFO - Processing file /home/ubuntu/reddit_venv/lib/python3.10/site-packages/airflow/example_dags/example_dynamic_task_mapping.py for tasks to queue
[2024-02-13T05:26:45.152+0000] {logging_mixin.py:188} INFO - [2024-02-13T05:26:45.152+0000] {dagbag.py:538} INFO - Filling up the DagBag from /home/ubuntu/reddit_venv/lib/python3.10/site-packages/airflow/example_dags/example_dynamic_task_mapping.py
[2024-02-13T05:26:45.160+0000] {processor.py:840} INFO - DAG(s) 'example_dynamic_task_mapping' retrieved from /home/ubuntu/reddit_venv/lib/python3.10/site-packages/airflow/example_dags/example_dynamic_task_mapping.py
[2024-02-13T05:26:45.174+0000] {logging_mixin.py:188} INFO - [2024-02-13T05:26:45.174+0000] {dag.py:3036} INFO - Sync 1 DAGs
[2024-02-13T05:26:45.195+0000] {logging_mixin.py:188} INFO - [2024-02-13T05:26:45.194+0000] {dag.py:3823} INFO - Setting next_dagrun for example_dynamic_task_mapping to 2022-03-04 00:00:00+00:00, run_after=2022-03-05 00:00:00+00:00
[2024-02-13T05:26:45.216+0000] {processor.py:183} INFO - Processing /home/ubuntu/reddit_venv/lib/python3.10/site-packages/airflow/example_dags/example_dynamic_task_mapping.py took 0.070 seconds
[2024-02-13T05:27:48.232+0000] {processor.py:161} INFO - Started process (PID=4366) to work on /home/ubuntu/reddit_venv/lib/python3.10/site-packages/airflow/example_dags/example_dynamic_task_mapping.py
[2024-02-13T05:27:48.234+0000] {processor.py:830} INFO - Processing file /home/ubuntu/reddit_venv/lib/python3.10/site-packages/airflow/example_dags/example_dynamic_task_mapping.py for tasks to queue
[2024-02-13T05:27:48.235+0000] {logging_mixin.py:188} INFO - [2024-02-13T05:27:48.235+0000] {dagbag.py:538} INFO - Filling up the DagBag from /home/ubuntu/reddit_venv/lib/python3.10/site-packages/airflow/example_dags/example_dynamic_task_mapping.py
[2024-02-13T05:27:48.242+0000] {processor.py:840} INFO - DAG(s) 'example_dynamic_task_mapping' retrieved from /home/ubuntu/reddit_venv/lib/python3.10/site-packages/airflow/example_dags/example_dynamic_task_mapping.py
[2024-02-13T05:27:48.257+0000] {logging_mixin.py:188} INFO - [2024-02-13T05:27:48.257+0000] {dag.py:3036} INFO - Sync 1 DAGs
[2024-02-13T05:27:48.278+0000] {logging_mixin.py:188} INFO - [2024-02-13T05:27:48.278+0000] {dag.py:3823} INFO - Setting next_dagrun for example_dynamic_task_mapping to 2022-03-04 00:00:00+00:00, run_after=2022-03-05 00:00:00+00:00
[2024-02-13T05:27:48.306+0000] {processor.py:183} INFO - Processing /home/ubuntu/reddit_venv/lib/python3.10/site-packages/airflow/example_dags/example_dynamic_task_mapping.py took 0.078 seconds
[2024-02-13T05:28:49.074+0000] {processor.py:161} INFO - Started process (PID=4654) to work on /home/ubuntu/reddit_venv/lib/python3.10/site-packages/airflow/example_dags/example_dynamic_task_mapping.py
[2024-02-13T05:28:49.075+0000] {processor.py:830} INFO - Processing file /home/ubuntu/reddit_venv/lib/python3.10/site-packages/airflow/example_dags/example_dynamic_task_mapping.py for tasks to queue
[2024-02-13T05:28:49.076+0000] {logging_mixin.py:188} INFO - [2024-02-13T05:28:49.076+0000] {dagbag.py:538} INFO - Filling up the DagBag from /home/ubuntu/reddit_venv/lib/python3.10/site-packages/airflow/example_dags/example_dynamic_task_mapping.py
[2024-02-13T05:28:49.084+0000] {processor.py:840} INFO - DAG(s) 'example_dynamic_task_mapping' retrieved from /home/ubuntu/reddit_venv/lib/python3.10/site-packages/airflow/example_dags/example_dynamic_task_mapping.py
[2024-02-13T05:28:49.098+0000] {logging_mixin.py:188} INFO - [2024-02-13T05:28:49.098+0000] {dag.py:3036} INFO - Sync 1 DAGs
[2024-02-13T05:28:49.120+0000] {logging_mixin.py:188} INFO - [2024-02-13T05:28:49.120+0000] {dag.py:3823} INFO - Setting next_dagrun for example_dynamic_task_mapping to 2022-03-04 00:00:00+00:00, run_after=2022-03-05 00:00:00+00:00
[2024-02-13T05:28:49.145+0000] {processor.py:183} INFO - Processing /home/ubuntu/reddit_venv/lib/python3.10/site-packages/airflow/example_dags/example_dynamic_task_mapping.py took 0.075 seconds
[2024-02-13T05:29:45.883+0000] {processor.py:161} INFO - Started process (PID=4777) to work on /home/ubuntu/reddit_venv/lib/python3.10/site-packages/airflow/example_dags/example_dynamic_task_mapping.py
[2024-02-13T05:29:45.884+0000] {processor.py:830} INFO - Processing file /home/ubuntu/reddit_venv/lib/python3.10/site-packages/airflow/example_dags/example_dynamic_task_mapping.py for tasks to queue
[2024-02-13T05:29:45.885+0000] {logging_mixin.py:188} INFO - [2024-02-13T05:29:45.885+0000] {dagbag.py:538} INFO - Filling up the DagBag from /home/ubuntu/reddit_venv/lib/python3.10/site-packages/airflow/example_dags/example_dynamic_task_mapping.py
[2024-02-13T05:29:45.893+0000] {processor.py:840} INFO - DAG(s) 'example_dynamic_task_mapping' retrieved from /home/ubuntu/reddit_venv/lib/python3.10/site-packages/airflow/example_dags/example_dynamic_task_mapping.py
[2024-02-13T05:29:45.907+0000] {logging_mixin.py:188} INFO - [2024-02-13T05:29:45.907+0000] {dag.py:3036} INFO - Sync 1 DAGs
[2024-02-13T05:29:45.929+0000] {logging_mixin.py:188} INFO - [2024-02-13T05:29:45.928+0000] {dag.py:3823} INFO - Setting next_dagrun for example_dynamic_task_mapping to 2022-03-04 00:00:00+00:00, run_after=2022-03-05 00:00:00+00:00
[2024-02-13T05:29:45.950+0000] {processor.py:183} INFO - Processing /home/ubuntu/reddit_venv/lib/python3.10/site-packages/airflow/example_dags/example_dynamic_task_mapping.py took 0.071 seconds
