[2024-02-13T05:21:18.906+0000] {processor.py:161} INFO - Started process (PID=2774) to work on /home/ubuntu/reddit_venv/lib/python3.10/site-packages/airflow/example_dags/example_branch_datetime_operator.py
[2024-02-13T05:21:18.907+0000] {processor.py:830} INFO - Processing file /home/ubuntu/reddit_venv/lib/python3.10/site-packages/airflow/example_dags/example_branch_datetime_operator.py for tasks to queue
[2024-02-13T05:21:18.908+0000] {logging_mixin.py:188} INFO - [2024-02-13T05:21:18.907+0000] {dagbag.py:538} INFO - Filling up the DagBag from /home/ubuntu/reddit_venv/lib/python3.10/site-packages/airflow/example_dags/example_branch_datetime_operator.py
[2024-02-13T05:21:18.919+0000] {processor.py:840} INFO - DAG(s) 'example_branch_datetime_operator_2', 'example_branch_datetime_operator_3', 'example_branch_datetime_operator' retrieved from /home/ubuntu/reddit_venv/lib/python3.10/site-packages/airflow/example_dags/example_branch_datetime_operator.py
[2024-02-13T05:21:19.040+0000] {logging_mixin.py:188} INFO - [2024-02-13T05:21:19.040+0000] {dag.py:3036} INFO - Sync 3 DAGs
[2024-02-13T05:21:19.060+0000] {logging_mixin.py:188} INFO - [2024-02-13T05:21:19.060+0000] {dag.py:3823} INFO - Setting next_dagrun for example_branch_datetime_operator to 2024-02-12 00:00:00+00:00, run_after=2024-02-13 00:00:00+00:00
[2024-02-13T05:21:19.064+0000] {logging_mixin.py:188} INFO - [2024-02-13T05:21:19.064+0000] {dag.py:3823} INFO - Setting next_dagrun for example_branch_datetime_operator_2 to 2024-02-12 00:00:00+00:00, run_after=2024-02-13 00:00:00+00:00
[2024-02-13T05:21:19.067+0000] {logging_mixin.py:188} INFO - [2024-02-13T05:21:19.067+0000] {dag.py:3823} INFO - Setting next_dagrun for example_branch_datetime_operator_3 to 2024-02-12 00:00:00+00:00, run_after=2024-02-13 00:00:00+00:00
[2024-02-13T05:21:19.088+0000] {processor.py:183} INFO - Processing /home/ubuntu/reddit_venv/lib/python3.10/site-packages/airflow/example_dags/example_branch_datetime_operator.py took 0.186 seconds
[2024-02-13T05:22:18.128+0000] {processor.py:161} INFO - Started process (PID=3014) to work on /home/ubuntu/reddit_venv/lib/python3.10/site-packages/airflow/example_dags/example_branch_datetime_operator.py
[2024-02-13T05:22:18.129+0000] {processor.py:830} INFO - Processing file /home/ubuntu/reddit_venv/lib/python3.10/site-packages/airflow/example_dags/example_branch_datetime_operator.py for tasks to queue
[2024-02-13T05:22:18.130+0000] {logging_mixin.py:188} INFO - [2024-02-13T05:22:18.130+0000] {dagbag.py:538} INFO - Filling up the DagBag from /home/ubuntu/reddit_venv/lib/python3.10/site-packages/airflow/example_dags/example_branch_datetime_operator.py
[2024-02-13T05:22:18.142+0000] {processor.py:840} INFO - DAG(s) 'example_branch_datetime_operator_2', 'example_branch_datetime_operator', 'example_branch_datetime_operator_3' retrieved from /home/ubuntu/reddit_venv/lib/python3.10/site-packages/airflow/example_dags/example_branch_datetime_operator.py
[2024-02-13T05:22:18.164+0000] {logging_mixin.py:188} INFO - [2024-02-13T05:22:18.164+0000] {dag.py:3036} INFO - Sync 3 DAGs
[2024-02-13T05:22:18.186+0000] {logging_mixin.py:188} INFO - [2024-02-13T05:22:18.186+0000] {dag.py:3823} INFO - Setting next_dagrun for example_branch_datetime_operator to 2024-02-12 00:00:00+00:00, run_after=2024-02-13 00:00:00+00:00
[2024-02-13T05:22:18.191+0000] {logging_mixin.py:188} INFO - [2024-02-13T05:22:18.191+0000] {dag.py:3823} INFO - Setting next_dagrun for example_branch_datetime_operator_2 to 2024-02-12 00:00:00+00:00, run_after=2024-02-13 00:00:00+00:00
[2024-02-13T05:22:18.194+0000] {logging_mixin.py:188} INFO - [2024-02-13T05:22:18.193+0000] {dag.py:3823} INFO - Setting next_dagrun for example_branch_datetime_operator_3 to 2024-02-12 00:00:00+00:00, run_after=2024-02-13 00:00:00+00:00
[2024-02-13T05:22:18.213+0000] {processor.py:183} INFO - Processing /home/ubuntu/reddit_venv/lib/python3.10/site-packages/airflow/example_dags/example_branch_datetime_operator.py took 0.088 seconds
[2024-02-13T05:23:06.395+0000] {processor.py:161} INFO - Started process (PID=3251) to work on /home/ubuntu/reddit_venv/lib/python3.10/site-packages/airflow/example_dags/example_branch_datetime_operator.py
[2024-02-13T05:23:06.397+0000] {processor.py:830} INFO - Processing file /home/ubuntu/reddit_venv/lib/python3.10/site-packages/airflow/example_dags/example_branch_datetime_operator.py for tasks to queue
[2024-02-13T05:23:06.398+0000] {logging_mixin.py:188} INFO - [2024-02-13T05:23:06.397+0000] {dagbag.py:538} INFO - Filling up the DagBag from /home/ubuntu/reddit_venv/lib/python3.10/site-packages/airflow/example_dags/example_branch_datetime_operator.py
[2024-02-13T05:23:06.408+0000] {processor.py:840} INFO - DAG(s) 'example_branch_datetime_operator_3', 'example_branch_datetime_operator', 'example_branch_datetime_operator_2' retrieved from /home/ubuntu/reddit_venv/lib/python3.10/site-packages/airflow/example_dags/example_branch_datetime_operator.py
[2024-02-13T05:23:06.431+0000] {logging_mixin.py:188} INFO - [2024-02-13T05:23:06.431+0000] {dag.py:3036} INFO - Sync 3 DAGs
[2024-02-13T05:23:06.454+0000] {logging_mixin.py:188} INFO - [2024-02-13T05:23:06.453+0000] {dag.py:3823} INFO - Setting next_dagrun for example_branch_datetime_operator to 2024-02-12 00:00:00+00:00, run_after=2024-02-13 00:00:00+00:00
[2024-02-13T05:23:06.458+0000] {logging_mixin.py:188} INFO - [2024-02-13T05:23:06.458+0000] {dag.py:3823} INFO - Setting next_dagrun for example_branch_datetime_operator_2 to 2024-02-12 00:00:00+00:00, run_after=2024-02-13 00:00:00+00:00
[2024-02-13T05:23:06.461+0000] {logging_mixin.py:188} INFO - [2024-02-13T05:23:06.460+0000] {dag.py:3823} INFO - Setting next_dagrun for example_branch_datetime_operator_3 to 2024-02-12 00:00:00+00:00, run_after=2024-02-13 00:00:00+00:00
[2024-02-13T05:23:06.482+0000] {processor.py:183} INFO - Processing /home/ubuntu/reddit_venv/lib/python3.10/site-packages/airflow/example_dags/example_branch_datetime_operator.py took 0.090 seconds
[2024-02-13T05:23:55.210+0000] {processor.py:161} INFO - Started process (PID=3367) to work on /home/ubuntu/reddit_venv/lib/python3.10/site-packages/airflow/example_dags/example_branch_datetime_operator.py
[2024-02-13T05:23:55.211+0000] {processor.py:830} INFO - Processing file /home/ubuntu/reddit_venv/lib/python3.10/site-packages/airflow/example_dags/example_branch_datetime_operator.py for tasks to queue
[2024-02-13T05:23:55.212+0000] {logging_mixin.py:188} INFO - [2024-02-13T05:23:55.212+0000] {dagbag.py:538} INFO - Filling up the DagBag from /home/ubuntu/reddit_venv/lib/python3.10/site-packages/airflow/example_dags/example_branch_datetime_operator.py
[2024-02-13T05:23:55.224+0000] {processor.py:840} INFO - DAG(s) 'example_branch_datetime_operator', 'example_branch_datetime_operator_2', 'example_branch_datetime_operator_3' retrieved from /home/ubuntu/reddit_venv/lib/python3.10/site-packages/airflow/example_dags/example_branch_datetime_operator.py
[2024-02-13T05:23:55.246+0000] {logging_mixin.py:188} INFO - [2024-02-13T05:23:55.245+0000] {dag.py:3036} INFO - Sync 3 DAGs
[2024-02-13T05:23:55.268+0000] {logging_mixin.py:188} INFO - [2024-02-13T05:23:55.268+0000] {dag.py:3823} INFO - Setting next_dagrun for example_branch_datetime_operator to 2024-02-12 00:00:00+00:00, run_after=2024-02-13 00:00:00+00:00
[2024-02-13T05:23:55.273+0000] {logging_mixin.py:188} INFO - [2024-02-13T05:23:55.273+0000] {dag.py:3823} INFO - Setting next_dagrun for example_branch_datetime_operator_2 to 2024-02-12 00:00:00+00:00, run_after=2024-02-13 00:00:00+00:00
[2024-02-13T05:23:55.276+0000] {logging_mixin.py:188} INFO - [2024-02-13T05:23:55.276+0000] {dag.py:3823} INFO - Setting next_dagrun for example_branch_datetime_operator_3 to 2024-02-12 00:00:00+00:00, run_after=2024-02-13 00:00:00+00:00
[2024-02-13T05:23:55.296+0000] {processor.py:183} INFO - Processing /home/ubuntu/reddit_venv/lib/python3.10/site-packages/airflow/example_dags/example_branch_datetime_operator.py took 0.090 seconds
[2024-02-13T05:24:45.911+0000] {processor.py:161} INFO - Started process (PID=3483) to work on /home/ubuntu/reddit_venv/lib/python3.10/site-packages/airflow/example_dags/example_branch_datetime_operator.py
[2024-02-13T05:24:45.913+0000] {processor.py:830} INFO - Processing file /home/ubuntu/reddit_venv/lib/python3.10/site-packages/airflow/example_dags/example_branch_datetime_operator.py for tasks to queue
[2024-02-13T05:24:45.914+0000] {logging_mixin.py:188} INFO - [2024-02-13T05:24:45.913+0000] {dagbag.py:538} INFO - Filling up the DagBag from /home/ubuntu/reddit_venv/lib/python3.10/site-packages/airflow/example_dags/example_branch_datetime_operator.py
[2024-02-13T05:24:45.924+0000] {processor.py:840} INFO - DAG(s) 'example_branch_datetime_operator', 'example_branch_datetime_operator_3', 'example_branch_datetime_operator_2' retrieved from /home/ubuntu/reddit_venv/lib/python3.10/site-packages/airflow/example_dags/example_branch_datetime_operator.py
[2024-02-13T05:24:45.947+0000] {logging_mixin.py:188} INFO - [2024-02-13T05:24:45.947+0000] {dag.py:3036} INFO - Sync 3 DAGs
[2024-02-13T05:24:45.969+0000] {logging_mixin.py:188} INFO - [2024-02-13T05:24:45.969+0000] {dag.py:3823} INFO - Setting next_dagrun for example_branch_datetime_operator to 2024-02-12 00:00:00+00:00, run_after=2024-02-13 00:00:00+00:00
[2024-02-13T05:24:45.974+0000] {logging_mixin.py:188} INFO - [2024-02-13T05:24:45.974+0000] {dag.py:3823} INFO - Setting next_dagrun for example_branch_datetime_operator_2 to 2024-02-12 00:00:00+00:00, run_after=2024-02-13 00:00:00+00:00
[2024-02-13T05:24:45.976+0000] {logging_mixin.py:188} INFO - [2024-02-13T05:24:45.976+0000] {dag.py:3823} INFO - Setting next_dagrun for example_branch_datetime_operator_3 to 2024-02-12 00:00:00+00:00, run_after=2024-02-13 00:00:00+00:00
[2024-02-13T05:24:46.005+0000] {processor.py:183} INFO - Processing /home/ubuntu/reddit_venv/lib/python3.10/site-packages/airflow/example_dags/example_branch_datetime_operator.py took 0.097 seconds
[2024-02-13T05:25:38.266+0000] {processor.py:161} INFO - Started process (PID=3542) to work on /home/ubuntu/reddit_venv/lib/python3.10/site-packages/airflow/example_dags/example_branch_datetime_operator.py
[2024-02-13T05:25:38.268+0000] {processor.py:830} INFO - Processing file /home/ubuntu/reddit_venv/lib/python3.10/site-packages/airflow/example_dags/example_branch_datetime_operator.py for tasks to queue
[2024-02-13T05:25:38.269+0000] {logging_mixin.py:188} INFO - [2024-02-13T05:25:38.268+0000] {dagbag.py:538} INFO - Filling up the DagBag from /home/ubuntu/reddit_venv/lib/python3.10/site-packages/airflow/example_dags/example_branch_datetime_operator.py
[2024-02-13T05:25:38.280+0000] {processor.py:840} INFO - DAG(s) 'example_branch_datetime_operator_2', 'example_branch_datetime_operator_3', 'example_branch_datetime_operator' retrieved from /home/ubuntu/reddit_venv/lib/python3.10/site-packages/airflow/example_dags/example_branch_datetime_operator.py
[2024-02-13T05:25:38.302+0000] {logging_mixin.py:188} INFO - [2024-02-13T05:25:38.301+0000] {dag.py:3036} INFO - Sync 3 DAGs
[2024-02-13T05:25:38.324+0000] {logging_mixin.py:188} INFO - [2024-02-13T05:25:38.324+0000] {dag.py:3823} INFO - Setting next_dagrun for example_branch_datetime_operator to 2024-02-12 00:00:00+00:00, run_after=2024-02-13 00:00:00+00:00
[2024-02-13T05:25:38.329+0000] {logging_mixin.py:188} INFO - [2024-02-13T05:25:38.328+0000] {dag.py:3823} INFO - Setting next_dagrun for example_branch_datetime_operator_2 to 2024-02-12 00:00:00+00:00, run_after=2024-02-13 00:00:00+00:00
[2024-02-13T05:25:38.331+0000] {logging_mixin.py:188} INFO - [2024-02-13T05:25:38.331+0000] {dag.py:3823} INFO - Setting next_dagrun for example_branch_datetime_operator_3 to 2024-02-12 00:00:00+00:00, run_after=2024-02-13 00:00:00+00:00
[2024-02-13T05:25:38.350+0000] {processor.py:183} INFO - Processing /home/ubuntu/reddit_venv/lib/python3.10/site-packages/airflow/example_dags/example_branch_datetime_operator.py took 0.087 seconds
[2024-02-13T05:26:28.862+0000] {processor.py:161} INFO - Started process (PID=3837) to work on /home/ubuntu/reddit_venv/lib/python3.10/site-packages/airflow/example_dags/example_branch_datetime_operator.py
[2024-02-13T05:26:28.863+0000] {processor.py:830} INFO - Processing file /home/ubuntu/reddit_venv/lib/python3.10/site-packages/airflow/example_dags/example_branch_datetime_operator.py for tasks to queue
[2024-02-13T05:26:28.864+0000] {logging_mixin.py:188} INFO - [2024-02-13T05:26:28.864+0000] {dagbag.py:538} INFO - Filling up the DagBag from /home/ubuntu/reddit_venv/lib/python3.10/site-packages/airflow/example_dags/example_branch_datetime_operator.py
[2024-02-13T05:26:28.875+0000] {processor.py:840} INFO - DAG(s) 'example_branch_datetime_operator', 'example_branch_datetime_operator_2', 'example_branch_datetime_operator_3' retrieved from /home/ubuntu/reddit_venv/lib/python3.10/site-packages/airflow/example_dags/example_branch_datetime_operator.py
[2024-02-13T05:26:28.897+0000] {logging_mixin.py:188} INFO - [2024-02-13T05:26:28.897+0000] {dag.py:3036} INFO - Sync 3 DAGs
[2024-02-13T05:26:28.920+0000] {logging_mixin.py:188} INFO - [2024-02-13T05:26:28.919+0000] {dag.py:3823} INFO - Setting next_dagrun for example_branch_datetime_operator to 2024-02-12 00:00:00+00:00, run_after=2024-02-13 00:00:00+00:00
[2024-02-13T05:26:28.924+0000] {logging_mixin.py:188} INFO - [2024-02-13T05:26:28.924+0000] {dag.py:3823} INFO - Setting next_dagrun for example_branch_datetime_operator_2 to 2024-02-12 00:00:00+00:00, run_after=2024-02-13 00:00:00+00:00
[2024-02-13T05:26:28.927+0000] {logging_mixin.py:188} INFO - [2024-02-13T05:26:28.927+0000] {dag.py:3823} INFO - Setting next_dagrun for example_branch_datetime_operator_3 to 2024-02-12 00:00:00+00:00, run_after=2024-02-13 00:00:00+00:00
[2024-02-13T05:26:28.947+0000] {processor.py:183} INFO - Processing /home/ubuntu/reddit_venv/lib/python3.10/site-packages/airflow/example_dags/example_branch_datetime_operator.py took 0.088 seconds
[2024-02-13T05:27:31.951+0000] {processor.py:161} INFO - Started process (PID=4260) to work on /home/ubuntu/reddit_venv/lib/python3.10/site-packages/airflow/example_dags/example_branch_datetime_operator.py
[2024-02-13T05:27:31.953+0000] {processor.py:830} INFO - Processing file /home/ubuntu/reddit_venv/lib/python3.10/site-packages/airflow/example_dags/example_branch_datetime_operator.py for tasks to queue
[2024-02-13T05:27:31.954+0000] {logging_mixin.py:188} INFO - [2024-02-13T05:27:31.953+0000] {dagbag.py:538} INFO - Filling up the DagBag from /home/ubuntu/reddit_venv/lib/python3.10/site-packages/airflow/example_dags/example_branch_datetime_operator.py
[2024-02-13T05:27:31.965+0000] {processor.py:840} INFO - DAG(s) 'example_branch_datetime_operator_2', 'example_branch_datetime_operator_3', 'example_branch_datetime_operator' retrieved from /home/ubuntu/reddit_venv/lib/python3.10/site-packages/airflow/example_dags/example_branch_datetime_operator.py
[2024-02-13T05:27:31.987+0000] {logging_mixin.py:188} INFO - [2024-02-13T05:27:31.986+0000] {dag.py:3036} INFO - Sync 3 DAGs
[2024-02-13T05:27:32.009+0000] {logging_mixin.py:188} INFO - [2024-02-13T05:27:32.009+0000] {dag.py:3823} INFO - Setting next_dagrun for example_branch_datetime_operator to 2024-02-12 00:00:00+00:00, run_after=2024-02-13 00:00:00+00:00
[2024-02-13T05:27:32.013+0000] {logging_mixin.py:188} INFO - [2024-02-13T05:27:32.013+0000] {dag.py:3823} INFO - Setting next_dagrun for example_branch_datetime_operator_2 to 2024-02-12 00:00:00+00:00, run_after=2024-02-13 00:00:00+00:00
[2024-02-13T05:27:32.016+0000] {logging_mixin.py:188} INFO - [2024-02-13T05:27:32.016+0000] {dag.py:3823} INFO - Setting next_dagrun for example_branch_datetime_operator_3 to 2024-02-12 00:00:00+00:00, run_after=2024-02-13 00:00:00+00:00
[2024-02-13T05:27:32.038+0000] {processor.py:183} INFO - Processing /home/ubuntu/reddit_venv/lib/python3.10/site-packages/airflow/example_dags/example_branch_datetime_operator.py took 0.089 seconds
[2024-02-13T05:28:33.402+0000] {processor.py:161} INFO - Started process (PID=4575) to work on /home/ubuntu/reddit_venv/lib/python3.10/site-packages/airflow/example_dags/example_branch_datetime_operator.py
[2024-02-13T05:28:33.404+0000] {processor.py:830} INFO - Processing file /home/ubuntu/reddit_venv/lib/python3.10/site-packages/airflow/example_dags/example_branch_datetime_operator.py for tasks to queue
[2024-02-13T05:28:33.405+0000] {logging_mixin.py:188} INFO - [2024-02-13T05:28:33.404+0000] {dagbag.py:538} INFO - Filling up the DagBag from /home/ubuntu/reddit_venv/lib/python3.10/site-packages/airflow/example_dags/example_branch_datetime_operator.py
[2024-02-13T05:28:33.416+0000] {processor.py:840} INFO - DAG(s) 'example_branch_datetime_operator_2', 'example_branch_datetime_operator', 'example_branch_datetime_operator_3' retrieved from /home/ubuntu/reddit_venv/lib/python3.10/site-packages/airflow/example_dags/example_branch_datetime_operator.py
[2024-02-13T05:28:33.438+0000] {logging_mixin.py:188} INFO - [2024-02-13T05:28:33.438+0000] {dag.py:3036} INFO - Sync 3 DAGs
[2024-02-13T05:28:33.461+0000] {logging_mixin.py:188} INFO - [2024-02-13T05:28:33.460+0000] {dag.py:3823} INFO - Setting next_dagrun for example_branch_datetime_operator to 2024-02-12 00:00:00+00:00, run_after=2024-02-13 00:00:00+00:00
[2024-02-13T05:28:33.465+0000] {logging_mixin.py:188} INFO - [2024-02-13T05:28:33.465+0000] {dag.py:3823} INFO - Setting next_dagrun for example_branch_datetime_operator_2 to 2024-02-12 00:00:00+00:00, run_after=2024-02-13 00:00:00+00:00
[2024-02-13T05:28:33.468+0000] {logging_mixin.py:188} INFO - [2024-02-13T05:28:33.468+0000] {dag.py:3823} INFO - Setting next_dagrun for example_branch_datetime_operator_3 to 2024-02-12 00:00:00+00:00, run_after=2024-02-13 00:00:00+00:00
[2024-02-13T05:28:33.489+0000] {processor.py:183} INFO - Processing /home/ubuntu/reddit_venv/lib/python3.10/site-packages/airflow/example_dags/example_branch_datetime_operator.py took 0.091 seconds
[2024-02-13T05:29:30.745+0000] {processor.py:161} INFO - Started process (PID=4702) to work on /home/ubuntu/reddit_venv/lib/python3.10/site-packages/airflow/example_dags/example_branch_datetime_operator.py
[2024-02-13T05:29:30.746+0000] {processor.py:830} INFO - Processing file /home/ubuntu/reddit_venv/lib/python3.10/site-packages/airflow/example_dags/example_branch_datetime_operator.py for tasks to queue
[2024-02-13T05:29:30.747+0000] {logging_mixin.py:188} INFO - [2024-02-13T05:29:30.747+0000] {dagbag.py:538} INFO - Filling up the DagBag from /home/ubuntu/reddit_venv/lib/python3.10/site-packages/airflow/example_dags/example_branch_datetime_operator.py
[2024-02-13T05:29:30.758+0000] {processor.py:840} INFO - DAG(s) 'example_branch_datetime_operator_2', 'example_branch_datetime_operator_3', 'example_branch_datetime_operator' retrieved from /home/ubuntu/reddit_venv/lib/python3.10/site-packages/airflow/example_dags/example_branch_datetime_operator.py
[2024-02-13T05:29:30.780+0000] {logging_mixin.py:188} INFO - [2024-02-13T05:29:30.779+0000] {dag.py:3036} INFO - Sync 3 DAGs
[2024-02-13T05:29:30.802+0000] {logging_mixin.py:188} INFO - [2024-02-13T05:29:30.801+0000] {dag.py:3823} INFO - Setting next_dagrun for example_branch_datetime_operator to 2024-02-12 00:00:00+00:00, run_after=2024-02-13 00:00:00+00:00
[2024-02-13T05:29:30.806+0000] {logging_mixin.py:188} INFO - [2024-02-13T05:29:30.806+0000] {dag.py:3823} INFO - Setting next_dagrun for example_branch_datetime_operator_2 to 2024-02-12 00:00:00+00:00, run_after=2024-02-13 00:00:00+00:00
[2024-02-13T05:29:30.809+0000] {logging_mixin.py:188} INFO - [2024-02-13T05:29:30.809+0000] {dag.py:3823} INFO - Setting next_dagrun for example_branch_datetime_operator_3 to 2024-02-12 00:00:00+00:00, run_after=2024-02-13 00:00:00+00:00
[2024-02-13T05:29:30.828+0000] {processor.py:183} INFO - Processing /home/ubuntu/reddit_venv/lib/python3.10/site-packages/airflow/example_dags/example_branch_datetime_operator.py took 0.087 seconds
