[2024-02-13T05:21:26.915+0000] {processor.py:161} INFO - Started process (PID=2782) to work on /home/ubuntu/reddit_venv/lib/python3.10/site-packages/airflow/example_dags/example_branch_python_dop_operator_3.py
[2024-02-13T05:21:26.916+0000] {processor.py:830} INFO - Processing file /home/ubuntu/reddit_venv/lib/python3.10/site-packages/airflow/example_dags/example_branch_python_dop_operator_3.py for tasks to queue
[2024-02-13T05:21:26.917+0000] {logging_mixin.py:188} INFO - [2024-02-13T05:21:26.916+0000] {dagbag.py:538} INFO - Filling up the DagBag from /home/ubuntu/reddit_venv/lib/python3.10/site-packages/airflow/example_dags/example_branch_python_dop_operator_3.py
[2024-02-13T05:21:26.927+0000] {processor.py:840} INFO - DAG(s) 'example_branch_dop_operator_v3' retrieved from /home/ubuntu/reddit_venv/lib/python3.10/site-packages/airflow/example_dags/example_branch_python_dop_operator_3.py
[2024-02-13T05:21:27.024+0000] {logging_mixin.py:188} INFO - [2024-02-13T05:21:27.024+0000] {dag.py:3036} INFO - Sync 1 DAGs
[2024-02-13T05:21:27.047+0000] {logging_mixin.py:188} INFO - [2024-02-13T05:21:27.047+0000] {dag.py:3823} INFO - Setting next_dagrun for example_branch_dop_operator_v3 to 2024-02-13 05:20:00+00:00, run_after=2024-02-13 05:21:00+00:00
[2024-02-13T05:21:27.069+0000] {processor.py:183} INFO - Processing /home/ubuntu/reddit_venv/lib/python3.10/site-packages/airflow/example_dags/example_branch_python_dop_operator_3.py took 0.158 seconds
[2024-02-13T05:22:26.351+0000] {processor.py:161} INFO - Started process (PID=3022) to work on /home/ubuntu/reddit_venv/lib/python3.10/site-packages/airflow/example_dags/example_branch_python_dop_operator_3.py
[2024-02-13T05:22:26.353+0000] {processor.py:830} INFO - Processing file /home/ubuntu/reddit_venv/lib/python3.10/site-packages/airflow/example_dags/example_branch_python_dop_operator_3.py for tasks to queue
[2024-02-13T05:22:26.354+0000] {logging_mixin.py:188} INFO - [2024-02-13T05:22:26.353+0000] {dagbag.py:538} INFO - Filling up the DagBag from /home/ubuntu/reddit_venv/lib/python3.10/site-packages/airflow/example_dags/example_branch_python_dop_operator_3.py
[2024-02-13T05:22:26.364+0000] {processor.py:840} INFO - DAG(s) 'example_branch_dop_operator_v3' retrieved from /home/ubuntu/reddit_venv/lib/python3.10/site-packages/airflow/example_dags/example_branch_python_dop_operator_3.py
[2024-02-13T05:22:26.380+0000] {logging_mixin.py:188} INFO - [2024-02-13T05:22:26.380+0000] {dag.py:3036} INFO - Sync 1 DAGs
[2024-02-13T05:22:26.406+0000] {logging_mixin.py:188} INFO - [2024-02-13T05:22:26.405+0000] {dag.py:3823} INFO - Setting next_dagrun for example_branch_dop_operator_v3 to 2024-02-13 05:21:00+00:00, run_after=2024-02-13 05:22:00+00:00
[2024-02-13T05:22:26.428+0000] {processor.py:183} INFO - Processing /home/ubuntu/reddit_venv/lib/python3.10/site-packages/airflow/example_dags/example_branch_python_dop_operator_3.py took 0.080 seconds
[2024-02-13T05:23:13.625+0000] {processor.py:161} INFO - Started process (PID=3259) to work on /home/ubuntu/reddit_venv/lib/python3.10/site-packages/airflow/example_dags/example_branch_python_dop_operator_3.py
[2024-02-13T05:23:13.627+0000] {processor.py:830} INFO - Processing file /home/ubuntu/reddit_venv/lib/python3.10/site-packages/airflow/example_dags/example_branch_python_dop_operator_3.py for tasks to queue
[2024-02-13T05:23:13.628+0000] {logging_mixin.py:188} INFO - [2024-02-13T05:23:13.627+0000] {dagbag.py:538} INFO - Filling up the DagBag from /home/ubuntu/reddit_venv/lib/python3.10/site-packages/airflow/example_dags/example_branch_python_dop_operator_3.py
[2024-02-13T05:23:13.638+0000] {processor.py:840} INFO - DAG(s) 'example_branch_dop_operator_v3' retrieved from /home/ubuntu/reddit_venv/lib/python3.10/site-packages/airflow/example_dags/example_branch_python_dop_operator_3.py
[2024-02-13T05:23:13.653+0000] {logging_mixin.py:188} INFO - [2024-02-13T05:23:13.653+0000] {dag.py:3036} INFO - Sync 1 DAGs
[2024-02-13T05:23:13.678+0000] {logging_mixin.py:188} INFO - [2024-02-13T05:23:13.678+0000] {dag.py:3823} INFO - Setting next_dagrun for example_branch_dop_operator_v3 to 2024-02-13 05:22:00+00:00, run_after=2024-02-13 05:23:00+00:00
[2024-02-13T05:23:13.706+0000] {processor.py:183} INFO - Processing /home/ubuntu/reddit_venv/lib/python3.10/site-packages/airflow/example_dags/example_branch_python_dop_operator_3.py took 0.084 seconds
[2024-02-13T05:24:03.071+0000] {processor.py:161} INFO - Started process (PID=3375) to work on /home/ubuntu/reddit_venv/lib/python3.10/site-packages/airflow/example_dags/example_branch_python_dop_operator_3.py
[2024-02-13T05:24:03.072+0000] {processor.py:830} INFO - Processing file /home/ubuntu/reddit_venv/lib/python3.10/site-packages/airflow/example_dags/example_branch_python_dop_operator_3.py for tasks to queue
[2024-02-13T05:24:03.073+0000] {logging_mixin.py:188} INFO - [2024-02-13T05:24:03.073+0000] {dagbag.py:538} INFO - Filling up the DagBag from /home/ubuntu/reddit_venv/lib/python3.10/site-packages/airflow/example_dags/example_branch_python_dop_operator_3.py
[2024-02-13T05:24:03.083+0000] {processor.py:840} INFO - DAG(s) 'example_branch_dop_operator_v3' retrieved from /home/ubuntu/reddit_venv/lib/python3.10/site-packages/airflow/example_dags/example_branch_python_dop_operator_3.py
[2024-02-13T05:24:03.099+0000] {logging_mixin.py:188} INFO - [2024-02-13T05:24:03.099+0000] {dag.py:3036} INFO - Sync 1 DAGs
[2024-02-13T05:24:03.125+0000] {logging_mixin.py:188} INFO - [2024-02-13T05:24:03.124+0000] {dag.py:3823} INFO - Setting next_dagrun for example_branch_dop_operator_v3 to 2024-02-13 05:23:00+00:00, run_after=2024-02-13 05:24:00+00:00
[2024-02-13T05:24:03.148+0000] {processor.py:183} INFO - Processing /home/ubuntu/reddit_venv/lib/python3.10/site-packages/airflow/example_dags/example_branch_python_dop_operator_3.py took 0.081 seconds
[2024-02-13T05:24:53.771+0000] {processor.py:161} INFO - Started process (PID=3491) to work on /home/ubuntu/reddit_venv/lib/python3.10/site-packages/airflow/example_dags/example_branch_python_dop_operator_3.py
[2024-02-13T05:24:53.773+0000] {processor.py:830} INFO - Processing file /home/ubuntu/reddit_venv/lib/python3.10/site-packages/airflow/example_dags/example_branch_python_dop_operator_3.py for tasks to queue
[2024-02-13T05:24:53.774+0000] {logging_mixin.py:188} INFO - [2024-02-13T05:24:53.773+0000] {dagbag.py:538} INFO - Filling up the DagBag from /home/ubuntu/reddit_venv/lib/python3.10/site-packages/airflow/example_dags/example_branch_python_dop_operator_3.py
[2024-02-13T05:24:53.783+0000] {processor.py:840} INFO - DAG(s) 'example_branch_dop_operator_v3' retrieved from /home/ubuntu/reddit_venv/lib/python3.10/site-packages/airflow/example_dags/example_branch_python_dop_operator_3.py
[2024-02-13T05:24:53.799+0000] {logging_mixin.py:188} INFO - [2024-02-13T05:24:53.799+0000] {dag.py:3036} INFO - Sync 1 DAGs
[2024-02-13T05:24:53.824+0000] {logging_mixin.py:188} INFO - [2024-02-13T05:24:53.824+0000] {dag.py:3823} INFO - Setting next_dagrun for example_branch_dop_operator_v3 to 2024-02-13 05:23:00+00:00, run_after=2024-02-13 05:24:00+00:00
[2024-02-13T05:24:53.847+0000] {processor.py:183} INFO - Processing /home/ubuntu/reddit_venv/lib/python3.10/site-packages/airflow/example_dags/example_branch_python_dop_operator_3.py took 0.079 seconds
[2024-02-13T05:25:48.281+0000] {processor.py:161} INFO - Started process (PID=3674) to work on /home/ubuntu/reddit_venv/lib/python3.10/site-packages/airflow/example_dags/example_branch_python_dop_operator_3.py
[2024-02-13T05:25:48.283+0000] {processor.py:830} INFO - Processing file /home/ubuntu/reddit_venv/lib/python3.10/site-packages/airflow/example_dags/example_branch_python_dop_operator_3.py for tasks to queue
[2024-02-13T05:25:48.284+0000] {logging_mixin.py:188} INFO - [2024-02-13T05:25:48.283+0000] {dagbag.py:538} INFO - Filling up the DagBag from /home/ubuntu/reddit_venv/lib/python3.10/site-packages/airflow/example_dags/example_branch_python_dop_operator_3.py
[2024-02-13T05:25:48.294+0000] {processor.py:840} INFO - DAG(s) 'example_branch_dop_operator_v3' retrieved from /home/ubuntu/reddit_venv/lib/python3.10/site-packages/airflow/example_dags/example_branch_python_dop_operator_3.py
[2024-02-13T05:25:48.309+0000] {logging_mixin.py:188} INFO - [2024-02-13T05:25:48.309+0000] {dag.py:3036} INFO - Sync 1 DAGs
[2024-02-13T05:25:48.333+0000] {logging_mixin.py:188} INFO - [2024-02-13T05:25:48.333+0000] {dag.py:3823} INFO - Setting next_dagrun for example_branch_dop_operator_v3 to 2024-02-13 05:24:00+00:00, run_after=2024-02-13 05:25:00+00:00
[2024-02-13T05:25:48.355+0000] {processor.py:183} INFO - Processing /home/ubuntu/reddit_venv/lib/python3.10/site-packages/airflow/example_dags/example_branch_python_dop_operator_3.py took 0.077 seconds
[2024-02-13T05:26:49.625+0000] {processor.py:161} INFO - Started process (PID=3920) to work on /home/ubuntu/reddit_venv/lib/python3.10/site-packages/airflow/example_dags/example_branch_python_dop_operator_3.py
[2024-02-13T05:26:49.626+0000] {processor.py:830} INFO - Processing file /home/ubuntu/reddit_venv/lib/python3.10/site-packages/airflow/example_dags/example_branch_python_dop_operator_3.py for tasks to queue
[2024-02-13T05:26:49.627+0000] {logging_mixin.py:188} INFO - [2024-02-13T05:26:49.627+0000] {dagbag.py:538} INFO - Filling up the DagBag from /home/ubuntu/reddit_venv/lib/python3.10/site-packages/airflow/example_dags/example_branch_python_dop_operator_3.py
[2024-02-13T05:26:49.637+0000] {processor.py:840} INFO - DAG(s) 'example_branch_dop_operator_v3' retrieved from /home/ubuntu/reddit_venv/lib/python3.10/site-packages/airflow/example_dags/example_branch_python_dop_operator_3.py
[2024-02-13T05:26:49.654+0000] {logging_mixin.py:188} INFO - [2024-02-13T05:26:49.654+0000] {dag.py:3036} INFO - Sync 1 DAGs
[2024-02-13T05:26:49.679+0000] {logging_mixin.py:188} INFO - [2024-02-13T05:26:49.679+0000] {dag.py:3823} INFO - Setting next_dagrun for example_branch_dop_operator_v3 to 2024-02-13 05:25:00+00:00, run_after=2024-02-13 05:26:00+00:00
[2024-02-13T05:26:49.701+0000] {processor.py:183} INFO - Processing /home/ubuntu/reddit_venv/lib/python3.10/site-packages/airflow/example_dags/example_branch_python_dop_operator_3.py took 0.080 seconds
[2024-02-13T05:27:52.743+0000] {processor.py:161} INFO - Started process (PID=4430) to work on /home/ubuntu/reddit_venv/lib/python3.10/site-packages/airflow/example_dags/example_branch_python_dop_operator_3.py
[2024-02-13T05:27:52.744+0000] {processor.py:830} INFO - Processing file /home/ubuntu/reddit_venv/lib/python3.10/site-packages/airflow/example_dags/example_branch_python_dop_operator_3.py for tasks to queue
[2024-02-13T05:27:52.745+0000] {logging_mixin.py:188} INFO - [2024-02-13T05:27:52.745+0000] {dagbag.py:538} INFO - Filling up the DagBag from /home/ubuntu/reddit_venv/lib/python3.10/site-packages/airflow/example_dags/example_branch_python_dop_operator_3.py
[2024-02-13T05:27:52.755+0000] {processor.py:840} INFO - DAG(s) 'example_branch_dop_operator_v3' retrieved from /home/ubuntu/reddit_venv/lib/python3.10/site-packages/airflow/example_dags/example_branch_python_dop_operator_3.py
[2024-02-13T05:27:52.771+0000] {logging_mixin.py:188} INFO - [2024-02-13T05:27:52.771+0000] {dag.py:3036} INFO - Sync 1 DAGs
[2024-02-13T05:27:52.797+0000] {logging_mixin.py:188} INFO - [2024-02-13T05:27:52.797+0000] {dag.py:3823} INFO - Setting next_dagrun for example_branch_dop_operator_v3 to 2024-02-13 05:26:00+00:00, run_after=2024-02-13 05:27:00+00:00
[2024-02-13T05:27:52.819+0000] {processor.py:183} INFO - Processing /home/ubuntu/reddit_venv/lib/python3.10/site-packages/airflow/example_dags/example_branch_python_dop_operator_3.py took 0.080 seconds
[2024-02-13T05:28:53.080+0000] {processor.py:161} INFO - Started process (PID=4658) to work on /home/ubuntu/reddit_venv/lib/python3.10/site-packages/airflow/example_dags/example_branch_python_dop_operator_3.py
[2024-02-13T05:28:53.081+0000] {processor.py:830} INFO - Processing file /home/ubuntu/reddit_venv/lib/python3.10/site-packages/airflow/example_dags/example_branch_python_dop_operator_3.py for tasks to queue
[2024-02-13T05:28:53.082+0000] {logging_mixin.py:188} INFO - [2024-02-13T05:28:53.082+0000] {dagbag.py:538} INFO - Filling up the DagBag from /home/ubuntu/reddit_venv/lib/python3.10/site-packages/airflow/example_dags/example_branch_python_dop_operator_3.py
[2024-02-13T05:28:53.092+0000] {processor.py:840} INFO - DAG(s) 'example_branch_dop_operator_v3' retrieved from /home/ubuntu/reddit_venv/lib/python3.10/site-packages/airflow/example_dags/example_branch_python_dop_operator_3.py
[2024-02-13T05:28:53.107+0000] {logging_mixin.py:188} INFO - [2024-02-13T05:28:53.107+0000] {dag.py:3036} INFO - Sync 1 DAGs
[2024-02-13T05:28:53.132+0000] {logging_mixin.py:188} INFO - [2024-02-13T05:28:53.132+0000] {dag.py:3823} INFO - Setting next_dagrun for example_branch_dop_operator_v3 to 2024-02-13 05:27:00+00:00, run_after=2024-02-13 05:28:00+00:00
[2024-02-13T05:28:53.154+0000] {processor.py:183} INFO - Processing /home/ubuntu/reddit_venv/lib/python3.10/site-packages/airflow/example_dags/example_branch_python_dop_operator_3.py took 0.077 seconds
[2024-02-13T05:29:49.679+0000] {processor.py:161} INFO - Started process (PID=4781) to work on /home/ubuntu/reddit_venv/lib/python3.10/site-packages/airflow/example_dags/example_branch_python_dop_operator_3.py
[2024-02-13T05:29:49.681+0000] {processor.py:830} INFO - Processing file /home/ubuntu/reddit_venv/lib/python3.10/site-packages/airflow/example_dags/example_branch_python_dop_operator_3.py for tasks to queue
[2024-02-13T05:29:49.682+0000] {logging_mixin.py:188} INFO - [2024-02-13T05:29:49.681+0000] {dagbag.py:538} INFO - Filling up the DagBag from /home/ubuntu/reddit_venv/lib/python3.10/site-packages/airflow/example_dags/example_branch_python_dop_operator_3.py
[2024-02-13T05:29:49.692+0000] {processor.py:840} INFO - DAG(s) 'example_branch_dop_operator_v3' retrieved from /home/ubuntu/reddit_venv/lib/python3.10/site-packages/airflow/example_dags/example_branch_python_dop_operator_3.py
[2024-02-13T05:29:49.707+0000] {logging_mixin.py:188} INFO - [2024-02-13T05:29:49.707+0000] {dag.py:3036} INFO - Sync 1 DAGs
[2024-02-13T05:29:49.733+0000] {logging_mixin.py:188} INFO - [2024-02-13T05:29:49.733+0000] {dag.py:3823} INFO - Setting next_dagrun for example_branch_dop_operator_v3 to 2024-02-13 05:28:00+00:00, run_after=2024-02-13 05:29:00+00:00
[2024-02-13T05:29:49.755+0000] {processor.py:183} INFO - Processing /home/ubuntu/reddit_venv/lib/python3.10/site-packages/airflow/example_dags/example_branch_python_dop_operator_3.py took 0.080 seconds
