[2024-02-13T05:21:12.419+0000] {processor.py:161} INFO - Started process (PID=2768) to work on /home/ubuntu/reddit_venv/lib/python3.10/site-packages/airflow/example_dags/example_python_operator.py
[2024-02-13T05:21:12.420+0000] {processor.py:830} INFO - Processing file /home/ubuntu/reddit_venv/lib/python3.10/site-packages/airflow/example_dags/example_python_operator.py for tasks to queue
[2024-02-13T05:21:12.421+0000] {logging_mixin.py:188} INFO - [2024-02-13T05:21:12.420+0000] {dagbag.py:538} INFO - Filling up the DagBag from /home/ubuntu/reddit_venv/lib/python3.10/site-packages/airflow/example_dags/example_python_operator.py
[2024-02-13T05:21:12.432+0000] {processor.py:840} INFO - DAG(s) 'example_python_operator' retrieved from /home/ubuntu/reddit_venv/lib/python3.10/site-packages/airflow/example_dags/example_python_operator.py
[2024-02-13T05:21:12.535+0000] {logging_mixin.py:188} INFO - [2024-02-13T05:21:12.535+0000] {dag.py:3036} INFO - Sync 1 DAGs
[2024-02-13T05:21:12.545+0000] {logging_mixin.py:188} INFO - [2024-02-13T05:21:12.545+0000] {dag.py:3823} INFO - Setting next_dagrun for example_python_operator to None, run_after=None
[2024-02-13T05:21:12.568+0000] {processor.py:183} INFO - Processing /home/ubuntu/reddit_venv/lib/python3.10/site-packages/airflow/example_dags/example_python_operator.py took 0.153 seconds
[2024-02-13T05:22:02.762+0000] {processor.py:161} INFO - Started process (PID=2879) to work on /home/ubuntu/reddit_venv/lib/python3.10/site-packages/airflow/example_dags/example_python_operator.py
[2024-02-13T05:22:02.763+0000] {processor.py:830} INFO - Processing file /home/ubuntu/reddit_venv/lib/python3.10/site-packages/airflow/example_dags/example_python_operator.py for tasks to queue
[2024-02-13T05:22:02.764+0000] {logging_mixin.py:188} INFO - [2024-02-13T05:22:02.764+0000] {dagbag.py:538} INFO - Filling up the DagBag from /home/ubuntu/reddit_venv/lib/python3.10/site-packages/airflow/example_dags/example_python_operator.py
[2024-02-13T05:22:02.776+0000] {processor.py:840} INFO - DAG(s) 'example_python_operator' retrieved from /home/ubuntu/reddit_venv/lib/python3.10/site-packages/airflow/example_dags/example_python_operator.py
[2024-02-13T05:22:02.794+0000] {logging_mixin.py:188} INFO - [2024-02-13T05:22:02.793+0000] {dag.py:3036} INFO - Sync 1 DAGs
[2024-02-13T05:22:02.806+0000] {logging_mixin.py:188} INFO - [2024-02-13T05:22:02.806+0000] {dag.py:3823} INFO - Setting next_dagrun for example_python_operator to None, run_after=None
[2024-02-13T05:22:02.827+0000] {processor.py:183} INFO - Processing /home/ubuntu/reddit_venv/lib/python3.10/site-packages/airflow/example_dags/example_python_operator.py took 0.069 seconds
[2024-02-13T05:22:54.476+0000] {processor.py:161} INFO - Started process (PID=3238) to work on /home/ubuntu/reddit_venv/lib/python3.10/site-packages/airflow/example_dags/example_python_operator.py
[2024-02-13T05:22:54.477+0000] {processor.py:830} INFO - Processing file /home/ubuntu/reddit_venv/lib/python3.10/site-packages/airflow/example_dags/example_python_operator.py for tasks to queue
[2024-02-13T05:22:54.478+0000] {logging_mixin.py:188} INFO - [2024-02-13T05:22:54.478+0000] {dagbag.py:538} INFO - Filling up the DagBag from /home/ubuntu/reddit_venv/lib/python3.10/site-packages/airflow/example_dags/example_python_operator.py
[2024-02-13T05:22:54.490+0000] {processor.py:840} INFO - DAG(s) 'example_python_operator' retrieved from /home/ubuntu/reddit_venv/lib/python3.10/site-packages/airflow/example_dags/example_python_operator.py
[2024-02-13T05:22:54.508+0000] {logging_mixin.py:188} INFO - [2024-02-13T05:22:54.507+0000] {dag.py:3036} INFO - Sync 1 DAGs
[2024-02-13T05:22:54.520+0000] {logging_mixin.py:188} INFO - [2024-02-13T05:22:54.520+0000] {dag.py:3823} INFO - Setting next_dagrun for example_python_operator to None, run_after=None
[2024-02-13T05:22:54.543+0000] {processor.py:183} INFO - Processing /home/ubuntu/reddit_venv/lib/python3.10/site-packages/airflow/example_dags/example_python_operator.py took 0.070 seconds
[2024-02-13T05:23:42.906+0000] {processor.py:161} INFO - Started process (PID=3355) to work on /home/ubuntu/reddit_venv/lib/python3.10/site-packages/airflow/example_dags/example_python_operator.py
[2024-02-13T05:23:42.907+0000] {processor.py:830} INFO - Processing file /home/ubuntu/reddit_venv/lib/python3.10/site-packages/airflow/example_dags/example_python_operator.py for tasks to queue
[2024-02-13T05:23:42.908+0000] {logging_mixin.py:188} INFO - [2024-02-13T05:23:42.908+0000] {dagbag.py:538} INFO - Filling up the DagBag from /home/ubuntu/reddit_venv/lib/python3.10/site-packages/airflow/example_dags/example_python_operator.py
[2024-02-13T05:23:42.920+0000] {processor.py:840} INFO - DAG(s) 'example_python_operator' retrieved from /home/ubuntu/reddit_venv/lib/python3.10/site-packages/airflow/example_dags/example_python_operator.py
[2024-02-13T05:23:42.937+0000] {logging_mixin.py:188} INFO - [2024-02-13T05:23:42.937+0000] {dag.py:3036} INFO - Sync 1 DAGs
[2024-02-13T05:23:42.949+0000] {logging_mixin.py:188} INFO - [2024-02-13T05:23:42.949+0000] {dag.py:3823} INFO - Setting next_dagrun for example_python_operator to None, run_after=None
[2024-02-13T05:23:42.971+0000] {processor.py:183} INFO - Processing /home/ubuntu/reddit_venv/lib/python3.10/site-packages/airflow/example_dags/example_python_operator.py took 0.068 seconds
[2024-02-13T05:24:34.633+0000] {processor.py:161} INFO - Started process (PID=3410) to work on /home/ubuntu/reddit_venv/lib/python3.10/site-packages/airflow/example_dags/example_python_operator.py
[2024-02-13T05:24:34.636+0000] {processor.py:830} INFO - Processing file /home/ubuntu/reddit_venv/lib/python3.10/site-packages/airflow/example_dags/example_python_operator.py for tasks to queue
[2024-02-13T05:24:34.637+0000] {logging_mixin.py:188} INFO - [2024-02-13T05:24:34.636+0000] {dagbag.py:538} INFO - Filling up the DagBag from /home/ubuntu/reddit_venv/lib/python3.10/site-packages/airflow/example_dags/example_python_operator.py
[2024-02-13T05:24:34.649+0000] {processor.py:840} INFO - DAG(s) 'example_python_operator' retrieved from /home/ubuntu/reddit_venv/lib/python3.10/site-packages/airflow/example_dags/example_python_operator.py
[2024-02-13T05:24:34.667+0000] {logging_mixin.py:188} INFO - [2024-02-13T05:24:34.667+0000] {dag.py:3036} INFO - Sync 1 DAGs
[2024-02-13T05:24:34.679+0000] {logging_mixin.py:188} INFO - [2024-02-13T05:24:34.679+0000] {dag.py:3823} INFO - Setting next_dagrun for example_python_operator to None, run_after=None
[2024-02-13T05:24:34.704+0000] {processor.py:183} INFO - Processing /home/ubuntu/reddit_venv/lib/python3.10/site-packages/airflow/example_dags/example_python_operator.py took 0.074 seconds
[2024-02-13T05:25:24.236+0000] {processor.py:161} INFO - Started process (PID=3525) to work on /home/ubuntu/reddit_venv/lib/python3.10/site-packages/airflow/example_dags/example_python_operator.py
[2024-02-13T05:25:24.237+0000] {processor.py:830} INFO - Processing file /home/ubuntu/reddit_venv/lib/python3.10/site-packages/airflow/example_dags/example_python_operator.py for tasks to queue
[2024-02-13T05:25:24.238+0000] {logging_mixin.py:188} INFO - [2024-02-13T05:25:24.238+0000] {dagbag.py:538} INFO - Filling up the DagBag from /home/ubuntu/reddit_venv/lib/python3.10/site-packages/airflow/example_dags/example_python_operator.py
[2024-02-13T05:25:24.250+0000] {processor.py:840} INFO - DAG(s) 'example_python_operator' retrieved from /home/ubuntu/reddit_venv/lib/python3.10/site-packages/airflow/example_dags/example_python_operator.py
[2024-02-13T05:25:24.267+0000] {logging_mixin.py:188} INFO - [2024-02-13T05:25:24.267+0000] {dag.py:3036} INFO - Sync 1 DAGs
[2024-02-13T05:25:24.280+0000] {logging_mixin.py:188} INFO - [2024-02-13T05:25:24.279+0000] {dag.py:3823} INFO - Setting next_dagrun for example_python_operator to None, run_after=None
[2024-02-13T05:25:24.302+0000] {processor.py:183} INFO - Processing /home/ubuntu/reddit_venv/lib/python3.10/site-packages/airflow/example_dags/example_python_operator.py took 0.070 seconds
[2024-02-13T05:26:23.180+0000] {processor.py:161} INFO - Started process (PID=3831) to work on /home/ubuntu/reddit_venv/lib/python3.10/site-packages/airflow/example_dags/example_python_operator.py
[2024-02-13T05:26:23.182+0000] {processor.py:830} INFO - Processing file /home/ubuntu/reddit_venv/lib/python3.10/site-packages/airflow/example_dags/example_python_operator.py for tasks to queue
[2024-02-13T05:26:23.183+0000] {logging_mixin.py:188} INFO - [2024-02-13T05:26:23.182+0000] {dagbag.py:538} INFO - Filling up the DagBag from /home/ubuntu/reddit_venv/lib/python3.10/site-packages/airflow/example_dags/example_python_operator.py
[2024-02-13T05:26:23.194+0000] {processor.py:840} INFO - DAG(s) 'example_python_operator' retrieved from /home/ubuntu/reddit_venv/lib/python3.10/site-packages/airflow/example_dags/example_python_operator.py
[2024-02-13T05:26:23.212+0000] {logging_mixin.py:188} INFO - [2024-02-13T05:26:23.211+0000] {dag.py:3036} INFO - Sync 1 DAGs
[2024-02-13T05:26:23.223+0000] {logging_mixin.py:188} INFO - [2024-02-13T05:26:23.223+0000] {dag.py:3823} INFO - Setting next_dagrun for example_python_operator to None, run_after=None
[2024-02-13T05:26:23.250+0000] {processor.py:183} INFO - Processing /home/ubuntu/reddit_venv/lib/python3.10/site-packages/airflow/example_dags/example_python_operator.py took 0.073 seconds
[2024-02-13T05:27:25.663+0000] {processor.py:161} INFO - Started process (PID=4254) to work on /home/ubuntu/reddit_venv/lib/python3.10/site-packages/airflow/example_dags/example_python_operator.py
[2024-02-13T05:27:25.665+0000] {processor.py:830} INFO - Processing file /home/ubuntu/reddit_venv/lib/python3.10/site-packages/airflow/example_dags/example_python_operator.py for tasks to queue
[2024-02-13T05:27:25.666+0000] {logging_mixin.py:188} INFO - [2024-02-13T05:27:25.666+0000] {dagbag.py:538} INFO - Filling up the DagBag from /home/ubuntu/reddit_venv/lib/python3.10/site-packages/airflow/example_dags/example_python_operator.py
[2024-02-13T05:27:25.678+0000] {processor.py:840} INFO - DAG(s) 'example_python_operator' retrieved from /home/ubuntu/reddit_venv/lib/python3.10/site-packages/airflow/example_dags/example_python_operator.py
[2024-02-13T05:27:25.695+0000] {logging_mixin.py:188} INFO - [2024-02-13T05:27:25.695+0000] {dag.py:3036} INFO - Sync 1 DAGs
[2024-02-13T05:27:25.707+0000] {logging_mixin.py:188} INFO - [2024-02-13T05:27:25.707+0000] {dag.py:3823} INFO - Setting next_dagrun for example_python_operator to None, run_after=None
[2024-02-13T05:27:25.729+0000] {processor.py:183} INFO - Processing /home/ubuntu/reddit_venv/lib/python3.10/site-packages/airflow/example_dags/example_python_operator.py took 0.069 seconds
[2024-02-13T05:28:27.648+0000] {processor.py:161} INFO - Started process (PID=4569) to work on /home/ubuntu/reddit_venv/lib/python3.10/site-packages/airflow/example_dags/example_python_operator.py
[2024-02-13T05:28:27.650+0000] {processor.py:830} INFO - Processing file /home/ubuntu/reddit_venv/lib/python3.10/site-packages/airflow/example_dags/example_python_operator.py for tasks to queue
[2024-02-13T05:28:27.651+0000] {logging_mixin.py:188} INFO - [2024-02-13T05:28:27.650+0000] {dagbag.py:538} INFO - Filling up the DagBag from /home/ubuntu/reddit_venv/lib/python3.10/site-packages/airflow/example_dags/example_python_operator.py
[2024-02-13T05:28:27.662+0000] {processor.py:840} INFO - DAG(s) 'example_python_operator' retrieved from /home/ubuntu/reddit_venv/lib/python3.10/site-packages/airflow/example_dags/example_python_operator.py
[2024-02-13T05:28:27.680+0000] {logging_mixin.py:188} INFO - [2024-02-13T05:28:27.679+0000] {dag.py:3036} INFO - Sync 1 DAGs
[2024-02-13T05:28:27.691+0000] {logging_mixin.py:188} INFO - [2024-02-13T05:28:27.691+0000] {dag.py:3823} INFO - Setting next_dagrun for example_python_operator to None, run_after=None
[2024-02-13T05:28:27.714+0000] {processor.py:183} INFO - Processing /home/ubuntu/reddit_venv/lib/python3.10/site-packages/airflow/example_dags/example_python_operator.py took 0.069 seconds
[2024-02-13T05:29:25.072+0000] {processor.py:161} INFO - Started process (PID=4696) to work on /home/ubuntu/reddit_venv/lib/python3.10/site-packages/airflow/example_dags/example_python_operator.py
[2024-02-13T05:29:25.074+0000] {processor.py:830} INFO - Processing file /home/ubuntu/reddit_venv/lib/python3.10/site-packages/airflow/example_dags/example_python_operator.py for tasks to queue
[2024-02-13T05:29:25.075+0000] {logging_mixin.py:188} INFO - [2024-02-13T05:29:25.075+0000] {dagbag.py:538} INFO - Filling up the DagBag from /home/ubuntu/reddit_venv/lib/python3.10/site-packages/airflow/example_dags/example_python_operator.py
[2024-02-13T05:29:25.086+0000] {processor.py:840} INFO - DAG(s) 'example_python_operator' retrieved from /home/ubuntu/reddit_venv/lib/python3.10/site-packages/airflow/example_dags/example_python_operator.py
[2024-02-13T05:29:25.105+0000] {logging_mixin.py:188} INFO - [2024-02-13T05:29:25.104+0000] {dag.py:3036} INFO - Sync 1 DAGs
[2024-02-13T05:29:25.116+0000] {logging_mixin.py:188} INFO - [2024-02-13T05:29:25.116+0000] {dag.py:3823} INFO - Setting next_dagrun for example_python_operator to None, run_after=None
[2024-02-13T05:29:25.138+0000] {processor.py:183} INFO - Processing /home/ubuntu/reddit_venv/lib/python3.10/site-packages/airflow/example_dags/example_python_operator.py took 0.069 seconds
