[2024-02-13T05:21:17.666+0000] {processor.py:161} INFO - Started process (PID=2773) to work on /home/ubuntu/reddit_venv/lib/python3.10/site-packages/airflow/example_dags/example_branch_labels.py
[2024-02-13T05:21:17.667+0000] {processor.py:830} INFO - Processing file /home/ubuntu/reddit_venv/lib/python3.10/site-packages/airflow/example_dags/example_branch_labels.py for tasks to queue
[2024-02-13T05:21:17.668+0000] {logging_mixin.py:188} INFO - [2024-02-13T05:21:17.667+0000] {dagbag.py:538} INFO - Filling up the DagBag from /home/ubuntu/reddit_venv/lib/python3.10/site-packages/airflow/example_dags/example_branch_labels.py
[2024-02-13T05:21:17.677+0000] {processor.py:840} INFO - DAG(s) 'example_branch_labels' retrieved from /home/ubuntu/reddit_venv/lib/python3.10/site-packages/airflow/example_dags/example_branch_labels.py
[2024-02-13T05:21:17.780+0000] {logging_mixin.py:188} INFO - [2024-02-13T05:21:17.779+0000] {dag.py:3036} INFO - Sync 1 DAGs
[2024-02-13T05:21:17.799+0000] {logging_mixin.py:188} INFO - [2024-02-13T05:21:17.799+0000] {dag.py:3823} INFO - Setting next_dagrun for example_branch_labels to 2024-02-12 00:00:00+00:00, run_after=2024-02-13 00:00:00+00:00
[2024-02-13T05:21:17.821+0000] {processor.py:183} INFO - Processing /home/ubuntu/reddit_venv/lib/python3.10/site-packages/airflow/example_dags/example_branch_labels.py took 0.158 seconds
[2024-02-13T05:22:07.832+0000] {processor.py:161} INFO - Started process (PID=2944) to work on /home/ubuntu/reddit_venv/lib/python3.10/site-packages/airflow/example_dags/example_branch_labels.py
[2024-02-13T05:22:07.833+0000] {processor.py:830} INFO - Processing file /home/ubuntu/reddit_venv/lib/python3.10/site-packages/airflow/example_dags/example_branch_labels.py for tasks to queue
[2024-02-13T05:22:07.834+0000] {logging_mixin.py:188} INFO - [2024-02-13T05:22:07.834+0000] {dagbag.py:538} INFO - Filling up the DagBag from /home/ubuntu/reddit_venv/lib/python3.10/site-packages/airflow/example_dags/example_branch_labels.py
[2024-02-13T05:22:07.843+0000] {processor.py:840} INFO - DAG(s) 'example_branch_labels' retrieved from /home/ubuntu/reddit_venv/lib/python3.10/site-packages/airflow/example_dags/example_branch_labels.py
[2024-02-13T05:22:07.860+0000] {logging_mixin.py:188} INFO - [2024-02-13T05:22:07.859+0000] {dag.py:3036} INFO - Sync 1 DAGs
[2024-02-13T05:22:07.882+0000] {logging_mixin.py:188} INFO - [2024-02-13T05:22:07.881+0000] {dag.py:3823} INFO - Setting next_dagrun for example_branch_labels to 2024-02-12 00:00:00+00:00, run_after=2024-02-13 00:00:00+00:00
[2024-02-13T05:22:07.902+0000] {processor.py:183} INFO - Processing /home/ubuntu/reddit_venv/lib/python3.10/site-packages/airflow/example_dags/example_branch_labels.py took 0.074 seconds
[2024-02-13T05:22:59.333+0000] {processor.py:161} INFO - Started process (PID=3243) to work on /home/ubuntu/reddit_venv/lib/python3.10/site-packages/airflow/example_dags/example_branch_labels.py
[2024-02-13T05:22:59.334+0000] {processor.py:830} INFO - Processing file /home/ubuntu/reddit_venv/lib/python3.10/site-packages/airflow/example_dags/example_branch_labels.py for tasks to queue
[2024-02-13T05:22:59.335+0000] {logging_mixin.py:188} INFO - [2024-02-13T05:22:59.335+0000] {dagbag.py:538} INFO - Filling up the DagBag from /home/ubuntu/reddit_venv/lib/python3.10/site-packages/airflow/example_dags/example_branch_labels.py
[2024-02-13T05:22:59.344+0000] {processor.py:840} INFO - DAG(s) 'example_branch_labels' retrieved from /home/ubuntu/reddit_venv/lib/python3.10/site-packages/airflow/example_dags/example_branch_labels.py
[2024-02-13T05:22:59.361+0000] {logging_mixin.py:188} INFO - [2024-02-13T05:22:59.361+0000] {dag.py:3036} INFO - Sync 1 DAGs
[2024-02-13T05:22:59.383+0000] {logging_mixin.py:188} INFO - [2024-02-13T05:22:59.383+0000] {dag.py:3823} INFO - Setting next_dagrun for example_branch_labels to 2024-02-12 00:00:00+00:00, run_after=2024-02-13 00:00:00+00:00
[2024-02-13T05:22:59.405+0000] {processor.py:183} INFO - Processing /home/ubuntu/reddit_venv/lib/python3.10/site-packages/airflow/example_dags/example_branch_labels.py took 0.076 seconds
[2024-02-13T05:23:47.782+0000] {processor.py:161} INFO - Started process (PID=3360) to work on /home/ubuntu/reddit_venv/lib/python3.10/site-packages/airflow/example_dags/example_branch_labels.py
[2024-02-13T05:23:47.783+0000] {processor.py:830} INFO - Processing file /home/ubuntu/reddit_venv/lib/python3.10/site-packages/airflow/example_dags/example_branch_labels.py for tasks to queue
[2024-02-13T05:23:47.784+0000] {logging_mixin.py:188} INFO - [2024-02-13T05:23:47.784+0000] {dagbag.py:538} INFO - Filling up the DagBag from /home/ubuntu/reddit_venv/lib/python3.10/site-packages/airflow/example_dags/example_branch_labels.py
[2024-02-13T05:23:47.793+0000] {processor.py:840} INFO - DAG(s) 'example_branch_labels' retrieved from /home/ubuntu/reddit_venv/lib/python3.10/site-packages/airflow/example_dags/example_branch_labels.py
[2024-02-13T05:23:47.809+0000] {logging_mixin.py:188} INFO - [2024-02-13T05:23:47.809+0000] {dag.py:3036} INFO - Sync 1 DAGs
[2024-02-13T05:23:47.831+0000] {logging_mixin.py:188} INFO - [2024-02-13T05:23:47.830+0000] {dag.py:3823} INFO - Setting next_dagrun for example_branch_labels to 2024-02-12 00:00:00+00:00, run_after=2024-02-13 00:00:00+00:00
[2024-02-13T05:23:47.852+0000] {processor.py:183} INFO - Processing /home/ubuntu/reddit_venv/lib/python3.10/site-packages/airflow/example_dags/example_branch_labels.py took 0.073 seconds
[2024-02-13T05:24:40.335+0000] {processor.py:161} INFO - Started process (PID=3415) to work on /home/ubuntu/reddit_venv/lib/python3.10/site-packages/airflow/example_dags/example_branch_labels.py
[2024-02-13T05:24:40.337+0000] {processor.py:830} INFO - Processing file /home/ubuntu/reddit_venv/lib/python3.10/site-packages/airflow/example_dags/example_branch_labels.py for tasks to queue
[2024-02-13T05:24:40.338+0000] {logging_mixin.py:188} INFO - [2024-02-13T05:24:40.337+0000] {dagbag.py:538} INFO - Filling up the DagBag from /home/ubuntu/reddit_venv/lib/python3.10/site-packages/airflow/example_dags/example_branch_labels.py
[2024-02-13T05:24:40.347+0000] {processor.py:840} INFO - DAG(s) 'example_branch_labels' retrieved from /home/ubuntu/reddit_venv/lib/python3.10/site-packages/airflow/example_dags/example_branch_labels.py
[2024-02-13T05:24:40.364+0000] {logging_mixin.py:188} INFO - [2024-02-13T05:24:40.363+0000] {dag.py:3036} INFO - Sync 1 DAGs
[2024-02-13T05:24:40.386+0000] {logging_mixin.py:188} INFO - [2024-02-13T05:24:40.385+0000] {dag.py:3823} INFO - Setting next_dagrun for example_branch_labels to 2024-02-12 00:00:00+00:00, run_after=2024-02-13 00:00:00+00:00
[2024-02-13T05:24:40.408+0000] {processor.py:183} INFO - Processing /home/ubuntu/reddit_venv/lib/python3.10/site-packages/airflow/example_dags/example_branch_labels.py took 0.076 seconds
[2024-02-13T05:25:29.384+0000] {processor.py:161} INFO - Started process (PID=3530) to work on /home/ubuntu/reddit_venv/lib/python3.10/site-packages/airflow/example_dags/example_branch_labels.py
[2024-02-13T05:25:29.385+0000] {processor.py:830} INFO - Processing file /home/ubuntu/reddit_venv/lib/python3.10/site-packages/airflow/example_dags/example_branch_labels.py for tasks to queue
[2024-02-13T05:25:29.386+0000] {logging_mixin.py:188} INFO - [2024-02-13T05:25:29.386+0000] {dagbag.py:538} INFO - Filling up the DagBag from /home/ubuntu/reddit_venv/lib/python3.10/site-packages/airflow/example_dags/example_branch_labels.py
[2024-02-13T05:25:29.395+0000] {processor.py:840} INFO - DAG(s) 'example_branch_labels' retrieved from /home/ubuntu/reddit_venv/lib/python3.10/site-packages/airflow/example_dags/example_branch_labels.py
[2024-02-13T05:25:29.412+0000] {logging_mixin.py:188} INFO - [2024-02-13T05:25:29.412+0000] {dag.py:3036} INFO - Sync 1 DAGs
[2024-02-13T05:25:29.435+0000] {logging_mixin.py:188} INFO - [2024-02-13T05:25:29.434+0000] {dag.py:3823} INFO - Setting next_dagrun for example_branch_labels to 2024-02-12 00:00:00+00:00, run_after=2024-02-13 00:00:00+00:00
[2024-02-13T05:25:29.456+0000] {processor.py:183} INFO - Processing /home/ubuntu/reddit_venv/lib/python3.10/site-packages/airflow/example_dags/example_branch_labels.py took 0.075 seconds
[2024-02-13T05:26:28.327+0000] {processor.py:161} INFO - Started process (PID=3836) to work on /home/ubuntu/reddit_venv/lib/python3.10/site-packages/airflow/example_dags/example_branch_labels.py
[2024-02-13T05:26:28.329+0000] {processor.py:830} INFO - Processing file /home/ubuntu/reddit_venv/lib/python3.10/site-packages/airflow/example_dags/example_branch_labels.py for tasks to queue
[2024-02-13T05:26:28.330+0000] {logging_mixin.py:188} INFO - [2024-02-13T05:26:28.329+0000] {dagbag.py:538} INFO - Filling up the DagBag from /home/ubuntu/reddit_venv/lib/python3.10/site-packages/airflow/example_dags/example_branch_labels.py
[2024-02-13T05:26:28.339+0000] {processor.py:840} INFO - DAG(s) 'example_branch_labels' retrieved from /home/ubuntu/reddit_venv/lib/python3.10/site-packages/airflow/example_dags/example_branch_labels.py
[2024-02-13T05:26:28.356+0000] {logging_mixin.py:188} INFO - [2024-02-13T05:26:28.356+0000] {dag.py:3036} INFO - Sync 1 DAGs
[2024-02-13T05:26:28.378+0000] {logging_mixin.py:188} INFO - [2024-02-13T05:26:28.378+0000] {dag.py:3823} INFO - Setting next_dagrun for example_branch_labels to 2024-02-12 00:00:00+00:00, run_after=2024-02-13 00:00:00+00:00
[2024-02-13T05:26:28.400+0000] {processor.py:183} INFO - Processing /home/ubuntu/reddit_venv/lib/python3.10/site-packages/airflow/example_dags/example_branch_labels.py took 0.076 seconds
[2024-02-13T05:27:30.813+0000] {processor.py:161} INFO - Started process (PID=4259) to work on /home/ubuntu/reddit_venv/lib/python3.10/site-packages/airflow/example_dags/example_branch_labels.py
[2024-02-13T05:27:30.815+0000] {processor.py:830} INFO - Processing file /home/ubuntu/reddit_venv/lib/python3.10/site-packages/airflow/example_dags/example_branch_labels.py for tasks to queue
[2024-02-13T05:27:30.816+0000] {logging_mixin.py:188} INFO - [2024-02-13T05:27:30.816+0000] {dagbag.py:538} INFO - Filling up the DagBag from /home/ubuntu/reddit_venv/lib/python3.10/site-packages/airflow/example_dags/example_branch_labels.py
[2024-02-13T05:27:30.825+0000] {processor.py:840} INFO - DAG(s) 'example_branch_labels' retrieved from /home/ubuntu/reddit_venv/lib/python3.10/site-packages/airflow/example_dags/example_branch_labels.py
[2024-02-13T05:27:30.842+0000] {logging_mixin.py:188} INFO - [2024-02-13T05:27:30.842+0000] {dag.py:3036} INFO - Sync 1 DAGs
[2024-02-13T05:27:30.864+0000] {logging_mixin.py:188} INFO - [2024-02-13T05:27:30.864+0000] {dag.py:3823} INFO - Setting next_dagrun for example_branch_labels to 2024-02-12 00:00:00+00:00, run_after=2024-02-13 00:00:00+00:00
[2024-02-13T05:27:30.888+0000] {processor.py:183} INFO - Processing /home/ubuntu/reddit_venv/lib/python3.10/site-packages/airflow/example_dags/example_branch_labels.py took 0.078 seconds
[2024-02-13T05:28:32.263+0000] {processor.py:161} INFO - Started process (PID=4574) to work on /home/ubuntu/reddit_venv/lib/python3.10/site-packages/airflow/example_dags/example_branch_labels.py
[2024-02-13T05:28:32.266+0000] {processor.py:830} INFO - Processing file /home/ubuntu/reddit_venv/lib/python3.10/site-packages/airflow/example_dags/example_branch_labels.py for tasks to queue
[2024-02-13T05:28:32.267+0000] {logging_mixin.py:188} INFO - [2024-02-13T05:28:32.267+0000] {dagbag.py:538} INFO - Filling up the DagBag from /home/ubuntu/reddit_venv/lib/python3.10/site-packages/airflow/example_dags/example_branch_labels.py
[2024-02-13T05:28:32.275+0000] {processor.py:840} INFO - DAG(s) 'example_branch_labels' retrieved from /home/ubuntu/reddit_venv/lib/python3.10/site-packages/airflow/example_dags/example_branch_labels.py
[2024-02-13T05:28:32.292+0000] {logging_mixin.py:188} INFO - [2024-02-13T05:28:32.292+0000] {dag.py:3036} INFO - Sync 1 DAGs
[2024-02-13T05:28:32.313+0000] {logging_mixin.py:188} INFO - [2024-02-13T05:28:32.313+0000] {dag.py:3823} INFO - Setting next_dagrun for example_branch_labels to 2024-02-12 00:00:00+00:00, run_after=2024-02-13 00:00:00+00:00
[2024-02-13T05:28:32.338+0000] {processor.py:183} INFO - Processing /home/ubuntu/reddit_venv/lib/python3.10/site-packages/airflow/example_dags/example_branch_labels.py took 0.078 seconds
[2024-02-13T05:29:30.221+0000] {processor.py:161} INFO - Started process (PID=4701) to work on /home/ubuntu/reddit_venv/lib/python3.10/site-packages/airflow/example_dags/example_branch_labels.py
[2024-02-13T05:29:30.224+0000] {processor.py:830} INFO - Processing file /home/ubuntu/reddit_venv/lib/python3.10/site-packages/airflow/example_dags/example_branch_labels.py for tasks to queue
[2024-02-13T05:29:30.225+0000] {logging_mixin.py:188} INFO - [2024-02-13T05:29:30.224+0000] {dagbag.py:538} INFO - Filling up the DagBag from /home/ubuntu/reddit_venv/lib/python3.10/site-packages/airflow/example_dags/example_branch_labels.py
[2024-02-13T05:29:30.233+0000] {processor.py:840} INFO - DAG(s) 'example_branch_labels' retrieved from /home/ubuntu/reddit_venv/lib/python3.10/site-packages/airflow/example_dags/example_branch_labels.py
[2024-02-13T05:29:30.250+0000] {logging_mixin.py:188} INFO - [2024-02-13T05:29:30.250+0000] {dag.py:3036} INFO - Sync 1 DAGs
[2024-02-13T05:29:30.272+0000] {logging_mixin.py:188} INFO - [2024-02-13T05:29:30.272+0000] {dag.py:3823} INFO - Setting next_dagrun for example_branch_labels to 2024-02-12 00:00:00+00:00, run_after=2024-02-13 00:00:00+00:00
[2024-02-13T05:29:30.294+0000] {processor.py:183} INFO - Processing /home/ubuntu/reddit_venv/lib/python3.10/site-packages/airflow/example_dags/example_branch_labels.py took 0.076 seconds
