[2024-02-13T05:21:14.896+0000] {processor.py:161} INFO - Started process (PID=2770) to work on /home/ubuntu/reddit_venv/lib/python3.10/site-packages/airflow/example_dags/example_nested_branch_dag.py
[2024-02-13T05:21:14.897+0000] {processor.py:830} INFO - Processing file /home/ubuntu/reddit_venv/lib/python3.10/site-packages/airflow/example_dags/example_nested_branch_dag.py for tasks to queue
[2024-02-13T05:21:14.897+0000] {logging_mixin.py:188} INFO - [2024-02-13T05:21:14.897+0000] {dagbag.py:538} INFO - Filling up the DagBag from /home/ubuntu/reddit_venv/lib/python3.10/site-packages/airflow/example_dags/example_nested_branch_dag.py
[2024-02-13T05:21:14.908+0000] {processor.py:840} INFO - DAG(s) 'example_nested_branch_dag' retrieved from /home/ubuntu/reddit_venv/lib/python3.10/site-packages/airflow/example_dags/example_nested_branch_dag.py
[2024-02-13T05:21:15.008+0000] {logging_mixin.py:188} INFO - [2024-02-13T05:21:15.008+0000] {dag.py:3036} INFO - Sync 1 DAGs
[2024-02-13T05:21:15.027+0000] {logging_mixin.py:188} INFO - [2024-02-13T05:21:15.027+0000] {dag.py:3823} INFO - Setting next_dagrun for example_nested_branch_dag to 2024-02-12 00:00:00+00:00, run_after=2024-02-13 00:00:00+00:00
[2024-02-13T05:21:15.049+0000] {processor.py:183} INFO - Processing /home/ubuntu/reddit_venv/lib/python3.10/site-packages/airflow/example_dags/example_nested_branch_dag.py took 0.156 seconds
[2024-02-13T05:22:04.416+0000] {processor.py:161} INFO - Started process (PID=2881) to work on /home/ubuntu/reddit_venv/lib/python3.10/site-packages/airflow/example_dags/example_nested_branch_dag.py
[2024-02-13T05:22:04.417+0000] {processor.py:830} INFO - Processing file /home/ubuntu/reddit_venv/lib/python3.10/site-packages/airflow/example_dags/example_nested_branch_dag.py for tasks to queue
[2024-02-13T05:22:04.418+0000] {logging_mixin.py:188} INFO - [2024-02-13T05:22:04.418+0000] {dagbag.py:538} INFO - Filling up the DagBag from /home/ubuntu/reddit_venv/lib/python3.10/site-packages/airflow/example_dags/example_nested_branch_dag.py
[2024-02-13T05:22:04.430+0000] {processor.py:840} INFO - DAG(s) 'example_nested_branch_dag' retrieved from /home/ubuntu/reddit_venv/lib/python3.10/site-packages/airflow/example_dags/example_nested_branch_dag.py
[2024-02-13T05:22:04.446+0000] {logging_mixin.py:188} INFO - [2024-02-13T05:22:04.446+0000] {dag.py:3036} INFO - Sync 1 DAGs
[2024-02-13T05:22:04.468+0000] {logging_mixin.py:188} INFO - [2024-02-13T05:22:04.468+0000] {dag.py:3823} INFO - Setting next_dagrun for example_nested_branch_dag to 2024-02-12 00:00:00+00:00, run_after=2024-02-13 00:00:00+00:00
[2024-02-13T05:22:04.489+0000] {processor.py:183} INFO - Processing /home/ubuntu/reddit_venv/lib/python3.10/site-packages/airflow/example_dags/example_nested_branch_dag.py took 0.077 seconds
[2024-02-13T05:22:56.097+0000] {processor.py:161} INFO - Started process (PID=3240) to work on /home/ubuntu/reddit_venv/lib/python3.10/site-packages/airflow/example_dags/example_nested_branch_dag.py
[2024-02-13T05:22:56.099+0000] {processor.py:830} INFO - Processing file /home/ubuntu/reddit_venv/lib/python3.10/site-packages/airflow/example_dags/example_nested_branch_dag.py for tasks to queue
[2024-02-13T05:22:56.100+0000] {logging_mixin.py:188} INFO - [2024-02-13T05:22:56.099+0000] {dagbag.py:538} INFO - Filling up the DagBag from /home/ubuntu/reddit_venv/lib/python3.10/site-packages/airflow/example_dags/example_nested_branch_dag.py
[2024-02-13T05:22:56.111+0000] {processor.py:840} INFO - DAG(s) 'example_nested_branch_dag' retrieved from /home/ubuntu/reddit_venv/lib/python3.10/site-packages/airflow/example_dags/example_nested_branch_dag.py
[2024-02-13T05:22:56.129+0000] {logging_mixin.py:188} INFO - [2024-02-13T05:22:56.128+0000] {dag.py:3036} INFO - Sync 1 DAGs
[2024-02-13T05:22:56.151+0000] {logging_mixin.py:188} INFO - [2024-02-13T05:22:56.151+0000] {dag.py:3823} INFO - Setting next_dagrun for example_nested_branch_dag to 2024-02-12 00:00:00+00:00, run_after=2024-02-13 00:00:00+00:00
[2024-02-13T05:22:56.186+0000] {processor.py:183} INFO - Processing /home/ubuntu/reddit_venv/lib/python3.10/site-packages/airflow/example_dags/example_nested_branch_dag.py took 0.092 seconds
[2024-02-13T05:23:45.185+0000] {processor.py:161} INFO - Started process (PID=3357) to work on /home/ubuntu/reddit_venv/lib/python3.10/site-packages/airflow/example_dags/example_nested_branch_dag.py
[2024-02-13T05:23:45.186+0000] {processor.py:830} INFO - Processing file /home/ubuntu/reddit_venv/lib/python3.10/site-packages/airflow/example_dags/example_nested_branch_dag.py for tasks to queue
[2024-02-13T05:23:45.187+0000] {logging_mixin.py:188} INFO - [2024-02-13T05:23:45.187+0000] {dagbag.py:538} INFO - Filling up the DagBag from /home/ubuntu/reddit_venv/lib/python3.10/site-packages/airflow/example_dags/example_nested_branch_dag.py
[2024-02-13T05:23:45.198+0000] {processor.py:840} INFO - DAG(s) 'example_nested_branch_dag' retrieved from /home/ubuntu/reddit_venv/lib/python3.10/site-packages/airflow/example_dags/example_nested_branch_dag.py
[2024-02-13T05:23:45.215+0000] {logging_mixin.py:188} INFO - [2024-02-13T05:23:45.215+0000] {dag.py:3036} INFO - Sync 1 DAGs
[2024-02-13T05:23:45.237+0000] {logging_mixin.py:188} INFO - [2024-02-13T05:23:45.237+0000] {dag.py:3823} INFO - Setting next_dagrun for example_nested_branch_dag to 2024-02-12 00:00:00+00:00, run_after=2024-02-13 00:00:00+00:00
[2024-02-13T05:23:45.259+0000] {processor.py:183} INFO - Processing /home/ubuntu/reddit_venv/lib/python3.10/site-packages/airflow/example_dags/example_nested_branch_dag.py took 0.077 seconds
[2024-02-13T05:24:36.910+0000] {processor.py:161} INFO - Started process (PID=3412) to work on /home/ubuntu/reddit_venv/lib/python3.10/site-packages/airflow/example_dags/example_nested_branch_dag.py
[2024-02-13T05:24:36.912+0000] {processor.py:830} INFO - Processing file /home/ubuntu/reddit_venv/lib/python3.10/site-packages/airflow/example_dags/example_nested_branch_dag.py for tasks to queue
[2024-02-13T05:24:36.913+0000] {logging_mixin.py:188} INFO - [2024-02-13T05:24:36.912+0000] {dagbag.py:538} INFO - Filling up the DagBag from /home/ubuntu/reddit_venv/lib/python3.10/site-packages/airflow/example_dags/example_nested_branch_dag.py
[2024-02-13T05:24:36.924+0000] {processor.py:840} INFO - DAG(s) 'example_nested_branch_dag' retrieved from /home/ubuntu/reddit_venv/lib/python3.10/site-packages/airflow/example_dags/example_nested_branch_dag.py
[2024-02-13T05:24:36.941+0000] {logging_mixin.py:188} INFO - [2024-02-13T05:24:36.941+0000] {dag.py:3036} INFO - Sync 1 DAGs
[2024-02-13T05:24:36.963+0000] {logging_mixin.py:188} INFO - [2024-02-13T05:24:36.963+0000] {dag.py:3823} INFO - Setting next_dagrun for example_nested_branch_dag to 2024-02-12 00:00:00+00:00, run_after=2024-02-13 00:00:00+00:00
[2024-02-13T05:24:36.991+0000] {processor.py:183} INFO - Processing /home/ubuntu/reddit_venv/lib/python3.10/site-packages/airflow/example_dags/example_nested_branch_dag.py took 0.083 seconds
[2024-02-13T05:25:26.523+0000] {processor.py:161} INFO - Started process (PID=3527) to work on /home/ubuntu/reddit_venv/lib/python3.10/site-packages/airflow/example_dags/example_nested_branch_dag.py
[2024-02-13T05:25:26.525+0000] {processor.py:830} INFO - Processing file /home/ubuntu/reddit_venv/lib/python3.10/site-packages/airflow/example_dags/example_nested_branch_dag.py for tasks to queue
[2024-02-13T05:25:26.526+0000] {logging_mixin.py:188} INFO - [2024-02-13T05:25:26.525+0000] {dagbag.py:538} INFO - Filling up the DagBag from /home/ubuntu/reddit_venv/lib/python3.10/site-packages/airflow/example_dags/example_nested_branch_dag.py
[2024-02-13T05:25:26.537+0000] {processor.py:840} INFO - DAG(s) 'example_nested_branch_dag' retrieved from /home/ubuntu/reddit_venv/lib/python3.10/site-packages/airflow/example_dags/example_nested_branch_dag.py
[2024-02-13T05:25:26.554+0000] {logging_mixin.py:188} INFO - [2024-02-13T05:25:26.553+0000] {dag.py:3036} INFO - Sync 1 DAGs
[2024-02-13T05:25:26.576+0000] {logging_mixin.py:188} INFO - [2024-02-13T05:25:26.576+0000] {dag.py:3823} INFO - Setting next_dagrun for example_nested_branch_dag to 2024-02-12 00:00:00+00:00, run_after=2024-02-13 00:00:00+00:00
[2024-02-13T05:25:26.599+0000] {processor.py:183} INFO - Processing /home/ubuntu/reddit_venv/lib/python3.10/site-packages/airflow/example_dags/example_nested_branch_dag.py took 0.079 seconds
[2024-02-13T05:26:24.928+0000] {processor.py:161} INFO - Started process (PID=3833) to work on /home/ubuntu/reddit_venv/lib/python3.10/site-packages/airflow/example_dags/example_nested_branch_dag.py
[2024-02-13T05:26:24.930+0000] {processor.py:830} INFO - Processing file /home/ubuntu/reddit_venv/lib/python3.10/site-packages/airflow/example_dags/example_nested_branch_dag.py for tasks to queue
[2024-02-13T05:26:24.931+0000] {logging_mixin.py:188} INFO - [2024-02-13T05:26:24.930+0000] {dagbag.py:538} INFO - Filling up the DagBag from /home/ubuntu/reddit_venv/lib/python3.10/site-packages/airflow/example_dags/example_nested_branch_dag.py
[2024-02-13T05:26:24.941+0000] {processor.py:840} INFO - DAG(s) 'example_nested_branch_dag' retrieved from /home/ubuntu/reddit_venv/lib/python3.10/site-packages/airflow/example_dags/example_nested_branch_dag.py
[2024-02-13T05:26:24.958+0000] {logging_mixin.py:188} INFO - [2024-02-13T05:26:24.958+0000] {dag.py:3036} INFO - Sync 1 DAGs
[2024-02-13T05:26:24.981+0000] {logging_mixin.py:188} INFO - [2024-02-13T05:26:24.981+0000] {dag.py:3823} INFO - Setting next_dagrun for example_nested_branch_dag to 2024-02-12 00:00:00+00:00, run_after=2024-02-13 00:00:00+00:00
[2024-02-13T05:26:25.002+0000] {processor.py:183} INFO - Processing /home/ubuntu/reddit_venv/lib/python3.10/site-packages/airflow/example_dags/example_nested_branch_dag.py took 0.077 seconds
[2024-02-13T05:27:27.943+0000] {processor.py:161} INFO - Started process (PID=4256) to work on /home/ubuntu/reddit_venv/lib/python3.10/site-packages/airflow/example_dags/example_nested_branch_dag.py
[2024-02-13T05:27:27.944+0000] {processor.py:830} INFO - Processing file /home/ubuntu/reddit_venv/lib/python3.10/site-packages/airflow/example_dags/example_nested_branch_dag.py for tasks to queue
[2024-02-13T05:27:27.945+0000] {logging_mixin.py:188} INFO - [2024-02-13T05:27:27.945+0000] {dagbag.py:538} INFO - Filling up the DagBag from /home/ubuntu/reddit_venv/lib/python3.10/site-packages/airflow/example_dags/example_nested_branch_dag.py
[2024-02-13T05:27:27.956+0000] {processor.py:840} INFO - DAG(s) 'example_nested_branch_dag' retrieved from /home/ubuntu/reddit_venv/lib/python3.10/site-packages/airflow/example_dags/example_nested_branch_dag.py
[2024-02-13T05:27:27.973+0000] {logging_mixin.py:188} INFO - [2024-02-13T05:27:27.973+0000] {dag.py:3036} INFO - Sync 1 DAGs
[2024-02-13T05:27:27.994+0000] {logging_mixin.py:188} INFO - [2024-02-13T05:27:27.994+0000] {dag.py:3823} INFO - Setting next_dagrun for example_nested_branch_dag to 2024-02-12 00:00:00+00:00, run_after=2024-02-13 00:00:00+00:00
[2024-02-13T05:27:28.017+0000] {processor.py:183} INFO - Processing /home/ubuntu/reddit_venv/lib/python3.10/site-packages/airflow/example_dags/example_nested_branch_dag.py took 0.077 seconds
[2024-02-13T05:28:29.925+0000] {processor.py:161} INFO - Started process (PID=4571) to work on /home/ubuntu/reddit_venv/lib/python3.10/site-packages/airflow/example_dags/example_nested_branch_dag.py
[2024-02-13T05:28:29.927+0000] {processor.py:830} INFO - Processing file /home/ubuntu/reddit_venv/lib/python3.10/site-packages/airflow/example_dags/example_nested_branch_dag.py for tasks to queue
[2024-02-13T05:28:29.928+0000] {logging_mixin.py:188} INFO - [2024-02-13T05:28:29.927+0000] {dagbag.py:538} INFO - Filling up the DagBag from /home/ubuntu/reddit_venv/lib/python3.10/site-packages/airflow/example_dags/example_nested_branch_dag.py
[2024-02-13T05:28:29.939+0000] {processor.py:840} INFO - DAG(s) 'example_nested_branch_dag' retrieved from /home/ubuntu/reddit_venv/lib/python3.10/site-packages/airflow/example_dags/example_nested_branch_dag.py
[2024-02-13T05:28:29.956+0000] {logging_mixin.py:188} INFO - [2024-02-13T05:28:29.956+0000] {dag.py:3036} INFO - Sync 1 DAGs
[2024-02-13T05:28:29.978+0000] {logging_mixin.py:188} INFO - [2024-02-13T05:28:29.978+0000] {dag.py:3823} INFO - Setting next_dagrun for example_nested_branch_dag to 2024-02-12 00:00:00+00:00, run_after=2024-02-13 00:00:00+00:00
[2024-02-13T05:28:30.003+0000] {processor.py:183} INFO - Processing /home/ubuntu/reddit_venv/lib/python3.10/site-packages/airflow/example_dags/example_nested_branch_dag.py took 0.081 seconds
[2024-02-13T05:29:27.349+0000] {processor.py:161} INFO - Started process (PID=4698) to work on /home/ubuntu/reddit_venv/lib/python3.10/site-packages/airflow/example_dags/example_nested_branch_dag.py
[2024-02-13T05:29:27.351+0000] {processor.py:830} INFO - Processing file /home/ubuntu/reddit_venv/lib/python3.10/site-packages/airflow/example_dags/example_nested_branch_dag.py for tasks to queue
[2024-02-13T05:29:27.352+0000] {logging_mixin.py:188} INFO - [2024-02-13T05:29:27.352+0000] {dagbag.py:538} INFO - Filling up the DagBag from /home/ubuntu/reddit_venv/lib/python3.10/site-packages/airflow/example_dags/example_nested_branch_dag.py
[2024-02-13T05:29:27.363+0000] {processor.py:840} INFO - DAG(s) 'example_nested_branch_dag' retrieved from /home/ubuntu/reddit_venv/lib/python3.10/site-packages/airflow/example_dags/example_nested_branch_dag.py
[2024-02-13T05:29:27.381+0000] {logging_mixin.py:188} INFO - [2024-02-13T05:29:27.380+0000] {dag.py:3036} INFO - Sync 1 DAGs
[2024-02-13T05:29:27.403+0000] {logging_mixin.py:188} INFO - [2024-02-13T05:29:27.403+0000] {dag.py:3823} INFO - Setting next_dagrun for example_nested_branch_dag to 2024-02-12 00:00:00+00:00, run_after=2024-02-13 00:00:00+00:00
[2024-02-13T05:29:27.427+0000] {processor.py:183} INFO - Processing /home/ubuntu/reddit_venv/lib/python3.10/site-packages/airflow/example_dags/example_nested_branch_dag.py took 0.081 seconds
