[2024-02-13T05:21:09.552+0000] {processor.py:161} INFO - Started process (PID=2705) to work on /home/ubuntu/reddit_venv/lib/python3.10/site-packages/airflow/example_dags/example_params_ui_tutorial.py
[2024-02-13T05:21:09.553+0000] {processor.py:830} INFO - Processing file /home/ubuntu/reddit_venv/lib/python3.10/site-packages/airflow/example_dags/example_params_ui_tutorial.py for tasks to queue
[2024-02-13T05:21:09.554+0000] {logging_mixin.py:188} INFO - [2024-02-13T05:21:09.554+0000] {dagbag.py:538} INFO - Filling up the DagBag from /home/ubuntu/reddit_venv/lib/python3.10/site-packages/airflow/example_dags/example_params_ui_tutorial.py
[2024-02-13T05:21:09.567+0000] {processor.py:840} INFO - DAG(s) 'example_params_ui_tutorial' retrieved from /home/ubuntu/reddit_venv/lib/python3.10/site-packages/airflow/example_dags/example_params_ui_tutorial.py
[2024-02-13T05:21:09.699+0000] {logging_mixin.py:188} INFO - [2024-02-13T05:21:09.698+0000] {dag.py:3036} INFO - Sync 1 DAGs
[2024-02-13T05:21:09.708+0000] {logging_mixin.py:188} INFO - [2024-02-13T05:21:09.708+0000] {dag.py:3823} INFO - Setting next_dagrun for example_params_ui_tutorial to None, run_after=None
[2024-02-13T05:21:09.731+0000] {processor.py:183} INFO - Processing /home/ubuntu/reddit_venv/lib/python3.10/site-packages/airflow/example_dags/example_params_ui_tutorial.py took 0.182 seconds
[2024-02-13T05:21:59.269+0000] {processor.py:161} INFO - Started process (PID=2876) to work on /home/ubuntu/reddit_venv/lib/python3.10/site-packages/airflow/example_dags/example_params_ui_tutorial.py
[2024-02-13T05:21:59.271+0000] {processor.py:830} INFO - Processing file /home/ubuntu/reddit_venv/lib/python3.10/site-packages/airflow/example_dags/example_params_ui_tutorial.py for tasks to queue
[2024-02-13T05:21:59.272+0000] {logging_mixin.py:188} INFO - [2024-02-13T05:21:59.271+0000] {dagbag.py:538} INFO - Filling up the DagBag from /home/ubuntu/reddit_venv/lib/python3.10/site-packages/airflow/example_dags/example_params_ui_tutorial.py
[2024-02-13T05:21:59.284+0000] {processor.py:840} INFO - DAG(s) 'example_params_ui_tutorial' retrieved from /home/ubuntu/reddit_venv/lib/python3.10/site-packages/airflow/example_dags/example_params_ui_tutorial.py
[2024-02-13T05:21:59.334+0000] {logging_mixin.py:188} INFO - [2024-02-13T05:21:59.334+0000] {dag.py:3036} INFO - Sync 1 DAGs
[2024-02-13T05:21:59.346+0000] {logging_mixin.py:188} INFO - [2024-02-13T05:21:59.346+0000] {dag.py:3823} INFO - Setting next_dagrun for example_params_ui_tutorial to None, run_after=None
[2024-02-13T05:21:59.367+0000] {processor.py:183} INFO - Processing /home/ubuntu/reddit_venv/lib/python3.10/site-packages/airflow/example_dags/example_params_ui_tutorial.py took 0.102 seconds
[2024-02-13T05:22:50.950+0000] {processor.py:161} INFO - Started process (PID=3235) to work on /home/ubuntu/reddit_venv/lib/python3.10/site-packages/airflow/example_dags/example_params_ui_tutorial.py
[2024-02-13T05:22:50.951+0000] {processor.py:830} INFO - Processing file /home/ubuntu/reddit_venv/lib/python3.10/site-packages/airflow/example_dags/example_params_ui_tutorial.py for tasks to queue
[2024-02-13T05:22:50.952+0000] {logging_mixin.py:188} INFO - [2024-02-13T05:22:50.952+0000] {dagbag.py:538} INFO - Filling up the DagBag from /home/ubuntu/reddit_venv/lib/python3.10/site-packages/airflow/example_dags/example_params_ui_tutorial.py
[2024-02-13T05:22:50.965+0000] {processor.py:840} INFO - DAG(s) 'example_params_ui_tutorial' retrieved from /home/ubuntu/reddit_venv/lib/python3.10/site-packages/airflow/example_dags/example_params_ui_tutorial.py
[2024-02-13T05:22:51.016+0000] {logging_mixin.py:188} INFO - [2024-02-13T05:22:51.016+0000] {dag.py:3036} INFO - Sync 1 DAGs
[2024-02-13T05:22:51.028+0000] {logging_mixin.py:188} INFO - [2024-02-13T05:22:51.028+0000] {dag.py:3823} INFO - Setting next_dagrun for example_params_ui_tutorial to None, run_after=None
[2024-02-13T05:22:51.051+0000] {processor.py:183} INFO - Processing /home/ubuntu/reddit_venv/lib/python3.10/site-packages/airflow/example_dags/example_params_ui_tutorial.py took 0.104 seconds
[2024-02-13T05:23:40.725+0000] {processor.py:161} INFO - Started process (PID=3290) to work on /home/ubuntu/reddit_venv/lib/python3.10/site-packages/airflow/example_dags/example_params_ui_tutorial.py
[2024-02-13T05:23:40.726+0000] {processor.py:830} INFO - Processing file /home/ubuntu/reddit_venv/lib/python3.10/site-packages/airflow/example_dags/example_params_ui_tutorial.py for tasks to queue
[2024-02-13T05:23:40.727+0000] {logging_mixin.py:188} INFO - [2024-02-13T05:23:40.727+0000] {dagbag.py:538} INFO - Filling up the DagBag from /home/ubuntu/reddit_venv/lib/python3.10/site-packages/airflow/example_dags/example_params_ui_tutorial.py
[2024-02-13T05:23:40.740+0000] {processor.py:840} INFO - DAG(s) 'example_params_ui_tutorial' retrieved from /home/ubuntu/reddit_venv/lib/python3.10/site-packages/airflow/example_dags/example_params_ui_tutorial.py
[2024-02-13T05:23:40.791+0000] {logging_mixin.py:188} INFO - [2024-02-13T05:23:40.791+0000] {dag.py:3036} INFO - Sync 1 DAGs
[2024-02-13T05:23:40.802+0000] {logging_mixin.py:188} INFO - [2024-02-13T05:23:40.802+0000] {dag.py:3823} INFO - Setting next_dagrun for example_params_ui_tutorial to None, run_after=None
[2024-02-13T05:23:40.824+0000] {processor.py:183} INFO - Processing /home/ubuntu/reddit_venv/lib/python3.10/site-packages/airflow/example_dags/example_params_ui_tutorial.py took 0.103 seconds
[2024-02-13T05:24:32.386+0000] {processor.py:161} INFO - Started process (PID=3407) to work on /home/ubuntu/reddit_venv/lib/python3.10/site-packages/airflow/example_dags/example_params_ui_tutorial.py
[2024-02-13T05:24:32.388+0000] {processor.py:830} INFO - Processing file /home/ubuntu/reddit_venv/lib/python3.10/site-packages/airflow/example_dags/example_params_ui_tutorial.py for tasks to queue
[2024-02-13T05:24:32.389+0000] {logging_mixin.py:188} INFO - [2024-02-13T05:24:32.388+0000] {dagbag.py:538} INFO - Filling up the DagBag from /home/ubuntu/reddit_venv/lib/python3.10/site-packages/airflow/example_dags/example_params_ui_tutorial.py
[2024-02-13T05:24:32.402+0000] {processor.py:840} INFO - DAG(s) 'example_params_ui_tutorial' retrieved from /home/ubuntu/reddit_venv/lib/python3.10/site-packages/airflow/example_dags/example_params_ui_tutorial.py
[2024-02-13T05:24:32.453+0000] {logging_mixin.py:188} INFO - [2024-02-13T05:24:32.453+0000] {dag.py:3036} INFO - Sync 1 DAGs
[2024-02-13T05:24:32.465+0000] {logging_mixin.py:188} INFO - [2024-02-13T05:24:32.465+0000] {dag.py:3823} INFO - Setting next_dagrun for example_params_ui_tutorial to None, run_after=None
[2024-02-13T05:24:32.488+0000] {processor.py:183} INFO - Processing /home/ubuntu/reddit_venv/lib/python3.10/site-packages/airflow/example_dags/example_params_ui_tutorial.py took 0.104 seconds
[2024-02-13T05:25:22.517+0000] {processor.py:161} INFO - Started process (PID=3522) to work on /home/ubuntu/reddit_venv/lib/python3.10/site-packages/airflow/example_dags/example_params_ui_tutorial.py
[2024-02-13T05:25:22.518+0000] {processor.py:830} INFO - Processing file /home/ubuntu/reddit_venv/lib/python3.10/site-packages/airflow/example_dags/example_params_ui_tutorial.py for tasks to queue
[2024-02-13T05:25:22.519+0000] {logging_mixin.py:188} INFO - [2024-02-13T05:25:22.519+0000] {dagbag.py:538} INFO - Filling up the DagBag from /home/ubuntu/reddit_venv/lib/python3.10/site-packages/airflow/example_dags/example_params_ui_tutorial.py
[2024-02-13T05:25:22.532+0000] {processor.py:840} INFO - DAG(s) 'example_params_ui_tutorial' retrieved from /home/ubuntu/reddit_venv/lib/python3.10/site-packages/airflow/example_dags/example_params_ui_tutorial.py
[2024-02-13T05:25:22.582+0000] {logging_mixin.py:188} INFO - [2024-02-13T05:25:22.581+0000] {dag.py:3036} INFO - Sync 1 DAGs
[2024-02-13T05:25:22.593+0000] {logging_mixin.py:188} INFO - [2024-02-13T05:25:22.593+0000] {dag.py:3823} INFO - Setting next_dagrun for example_params_ui_tutorial to None, run_after=None
[2024-02-13T05:25:22.615+0000] {processor.py:183} INFO - Processing /home/ubuntu/reddit_venv/lib/python3.10/site-packages/airflow/example_dags/example_params_ui_tutorial.py took 0.102 seconds
[2024-02-13T05:26:20.611+0000] {processor.py:161} INFO - Started process (PID=3828) to work on /home/ubuntu/reddit_venv/lib/python3.10/site-packages/airflow/example_dags/example_params_ui_tutorial.py
[2024-02-13T05:26:20.613+0000] {processor.py:830} INFO - Processing file /home/ubuntu/reddit_venv/lib/python3.10/site-packages/airflow/example_dags/example_params_ui_tutorial.py for tasks to queue
[2024-02-13T05:26:20.614+0000] {logging_mixin.py:188} INFO - [2024-02-13T05:26:20.613+0000] {dagbag.py:538} INFO - Filling up the DagBag from /home/ubuntu/reddit_venv/lib/python3.10/site-packages/airflow/example_dags/example_params_ui_tutorial.py
[2024-02-13T05:26:20.626+0000] {processor.py:840} INFO - DAG(s) 'example_params_ui_tutorial' retrieved from /home/ubuntu/reddit_venv/lib/python3.10/site-packages/airflow/example_dags/example_params_ui_tutorial.py
[2024-02-13T05:26:20.676+0000] {logging_mixin.py:188} INFO - [2024-02-13T05:26:20.676+0000] {dag.py:3036} INFO - Sync 1 DAGs
[2024-02-13T05:26:20.688+0000] {logging_mixin.py:188} INFO - [2024-02-13T05:26:20.687+0000] {dag.py:3823} INFO - Setting next_dagrun for example_params_ui_tutorial to None, run_after=None
[2024-02-13T05:26:20.710+0000] {processor.py:183} INFO - Processing /home/ubuntu/reddit_venv/lib/python3.10/site-packages/airflow/example_dags/example_params_ui_tutorial.py took 0.102 seconds
[2024-02-13T05:27:10.101+0000] {processor.py:161} INFO - Started process (PID=4056) to work on /home/ubuntu/reddit_venv/lib/python3.10/site-packages/airflow/example_dags/example_params_ui_tutorial.py
[2024-02-13T05:27:10.103+0000] {processor.py:830} INFO - Processing file /home/ubuntu/reddit_venv/lib/python3.10/site-packages/airflow/example_dags/example_params_ui_tutorial.py for tasks to queue
[2024-02-13T05:27:10.103+0000] {logging_mixin.py:188} INFO - [2024-02-13T05:27:10.103+0000] {dagbag.py:538} INFO - Filling up the DagBag from /home/ubuntu/reddit_venv/lib/python3.10/site-packages/airflow/example_dags/example_params_ui_tutorial.py
[2024-02-13T05:27:10.116+0000] {processor.py:840} INFO - DAG(s) 'example_params_ui_tutorial' retrieved from /home/ubuntu/reddit_venv/lib/python3.10/site-packages/airflow/example_dags/example_params_ui_tutorial.py
[2024-02-13T05:27:10.168+0000] {logging_mixin.py:188} INFO - [2024-02-13T05:27:10.167+0000] {dag.py:3036} INFO - Sync 1 DAGs
[2024-02-13T05:27:10.180+0000] {logging_mixin.py:188} INFO - [2024-02-13T05:27:10.179+0000] {dag.py:3823} INFO - Setting next_dagrun for example_params_ui_tutorial to None, run_after=None
[2024-02-13T05:27:10.203+0000] {processor.py:183} INFO - Processing /home/ubuntu/reddit_venv/lib/python3.10/site-packages/airflow/example_dags/example_params_ui_tutorial.py took 0.105 seconds
[2024-02-13T05:28:12.813+0000] {processor.py:161} INFO - Started process (PID=4550) to work on /home/ubuntu/reddit_venv/lib/python3.10/site-packages/airflow/example_dags/example_params_ui_tutorial.py
[2024-02-13T05:28:12.814+0000] {processor.py:830} INFO - Processing file /home/ubuntu/reddit_venv/lib/python3.10/site-packages/airflow/example_dags/example_params_ui_tutorial.py for tasks to queue
[2024-02-13T05:28:12.815+0000] {logging_mixin.py:188} INFO - [2024-02-13T05:28:12.815+0000] {dagbag.py:538} INFO - Filling up the DagBag from /home/ubuntu/reddit_venv/lib/python3.10/site-packages/airflow/example_dags/example_params_ui_tutorial.py
[2024-02-13T05:28:12.828+0000] {processor.py:840} INFO - DAG(s) 'example_params_ui_tutorial' retrieved from /home/ubuntu/reddit_venv/lib/python3.10/site-packages/airflow/example_dags/example_params_ui_tutorial.py
[2024-02-13T05:28:12.879+0000] {logging_mixin.py:188} INFO - [2024-02-13T05:28:12.879+0000] {dag.py:3036} INFO - Sync 1 DAGs
[2024-02-13T05:28:12.891+0000] {logging_mixin.py:188} INFO - [2024-02-13T05:28:12.890+0000] {dag.py:3823} INFO - Setting next_dagrun for example_params_ui_tutorial to None, run_after=None
[2024-02-13T05:28:12.915+0000] {processor.py:183} INFO - Processing /home/ubuntu/reddit_venv/lib/python3.10/site-packages/airflow/example_dags/example_params_ui_tutorial.py took 0.106 seconds
[2024-02-13T05:29:12.005+0000] {processor.py:161} INFO - Started process (PID=4679) to work on /home/ubuntu/reddit_venv/lib/python3.10/site-packages/airflow/example_dags/example_params_ui_tutorial.py
[2024-02-13T05:29:12.007+0000] {processor.py:830} INFO - Processing file /home/ubuntu/reddit_venv/lib/python3.10/site-packages/airflow/example_dags/example_params_ui_tutorial.py for tasks to queue
[2024-02-13T05:29:12.008+0000] {logging_mixin.py:188} INFO - [2024-02-13T05:29:12.007+0000] {dagbag.py:538} INFO - Filling up the DagBag from /home/ubuntu/reddit_venv/lib/python3.10/site-packages/airflow/example_dags/example_params_ui_tutorial.py
[2024-02-13T05:29:12.021+0000] {processor.py:840} INFO - DAG(s) 'example_params_ui_tutorial' retrieved from /home/ubuntu/reddit_venv/lib/python3.10/site-packages/airflow/example_dags/example_params_ui_tutorial.py
[2024-02-13T05:29:12.072+0000] {logging_mixin.py:188} INFO - [2024-02-13T05:29:12.072+0000] {dag.py:3036} INFO - Sync 1 DAGs
[2024-02-13T05:29:12.083+0000] {logging_mixin.py:188} INFO - [2024-02-13T05:29:12.083+0000] {dag.py:3823} INFO - Setting next_dagrun for example_params_ui_tutorial to None, run_after=None
[2024-02-13T05:29:12.105+0000] {processor.py:183} INFO - Processing /home/ubuntu/reddit_venv/lib/python3.10/site-packages/airflow/example_dags/example_params_ui_tutorial.py took 0.103 seconds
