[2024-02-13T05:20:49.999+0000] {processor.py:161} INFO - Started process (PID=2525) to work on /home/ubuntu/reddit_venv/lib/python3.10/site-packages/airflow/example_dags/tutorial_dag.py
[2024-02-13T05:20:50.000+0000] {processor.py:830} INFO - Processing file /home/ubuntu/reddit_venv/lib/python3.10/site-packages/airflow/example_dags/tutorial_dag.py for tasks to queue
[2024-02-13T05:20:50.001+0000] {logging_mixin.py:188} INFO - [2024-02-13T05:20:50.000+0000] {dagbag.py:538} INFO - Filling up the DagBag from /home/ubuntu/reddit_venv/lib/python3.10/site-packages/airflow/example_dags/tutorial_dag.py
[2024-02-13T05:20:50.009+0000] {processor.py:840} INFO - DAG(s) 'tutorial_dag' retrieved from /home/ubuntu/reddit_venv/lib/python3.10/site-packages/airflow/example_dags/tutorial_dag.py
[2024-02-13T05:20:50.017+0000] {logging_mixin.py:188} INFO - [2024-02-13T05:20:50.016+0000] {dag.py:3036} INFO - Sync 1 DAGs
[2024-02-13T05:20:50.030+0000] {logging_mixin.py:188} INFO - [2024-02-13T05:20:50.030+0000] {dag.py:3823} INFO - Setting next_dagrun for tutorial_dag to None, run_after=None
[2024-02-13T05:20:50.052+0000] {processor.py:183} INFO - Processing /home/ubuntu/reddit_venv/lib/python3.10/site-packages/airflow/example_dags/tutorial_dag.py took 0.057 seconds
[2024-02-13T05:21:38.661+0000] {processor.py:161} INFO - Started process (PID=2793) to work on /home/ubuntu/reddit_venv/lib/python3.10/site-packages/airflow/example_dags/tutorial_dag.py
[2024-02-13T05:21:38.663+0000] {processor.py:830} INFO - Processing file /home/ubuntu/reddit_venv/lib/python3.10/site-packages/airflow/example_dags/tutorial_dag.py for tasks to queue
[2024-02-13T05:21:38.664+0000] {logging_mixin.py:188} INFO - [2024-02-13T05:21:38.664+0000] {dagbag.py:538} INFO - Filling up the DagBag from /home/ubuntu/reddit_venv/lib/python3.10/site-packages/airflow/example_dags/tutorial_dag.py
[2024-02-13T05:21:38.670+0000] {processor.py:840} INFO - DAG(s) 'tutorial_dag' retrieved from /home/ubuntu/reddit_venv/lib/python3.10/site-packages/airflow/example_dags/tutorial_dag.py
[2024-02-13T05:21:38.768+0000] {logging_mixin.py:188} INFO - [2024-02-13T05:21:38.767+0000] {dag.py:3036} INFO - Sync 1 DAGs
[2024-02-13T05:21:38.777+0000] {logging_mixin.py:188} INFO - [2024-02-13T05:21:38.777+0000] {dag.py:3823} INFO - Setting next_dagrun for tutorial_dag to None, run_after=None
[2024-02-13T05:21:38.799+0000] {processor.py:183} INFO - Processing /home/ubuntu/reddit_venv/lib/python3.10/site-packages/airflow/example_dags/tutorial_dag.py took 0.140 seconds
[2024-02-13T05:22:27.914+0000] {processor.py:161} INFO - Started process (PID=3024) to work on /home/ubuntu/reddit_venv/lib/python3.10/site-packages/airflow/example_dags/tutorial_dag.py
[2024-02-13T05:22:27.915+0000] {processor.py:830} INFO - Processing file /home/ubuntu/reddit_venv/lib/python3.10/site-packages/airflow/example_dags/tutorial_dag.py for tasks to queue
[2024-02-13T05:22:27.916+0000] {logging_mixin.py:188} INFO - [2024-02-13T05:22:27.915+0000] {dagbag.py:538} INFO - Filling up the DagBag from /home/ubuntu/reddit_venv/lib/python3.10/site-packages/airflow/example_dags/tutorial_dag.py
[2024-02-13T05:22:27.922+0000] {processor.py:840} INFO - DAG(s) 'tutorial_dag' retrieved from /home/ubuntu/reddit_venv/lib/python3.10/site-packages/airflow/example_dags/tutorial_dag.py
[2024-02-13T05:22:27.938+0000] {logging_mixin.py:188} INFO - [2024-02-13T05:22:27.938+0000] {dag.py:3036} INFO - Sync 1 DAGs
[2024-02-13T05:22:27.950+0000] {logging_mixin.py:188} INFO - [2024-02-13T05:22:27.950+0000] {dag.py:3823} INFO - Setting next_dagrun for tutorial_dag to None, run_after=None
[2024-02-13T05:22:27.972+0000] {processor.py:183} INFO - Processing /home/ubuntu/reddit_venv/lib/python3.10/site-packages/airflow/example_dags/tutorial_dag.py took 0.062 seconds
[2024-02-13T05:23:03.479+0000] {processor.py:161} INFO - Started process (PID=3247) to work on /home/ubuntu/reddit_venv/lib/python3.10/site-packages/airflow/example_dags/tutorial_dag.py
[2024-02-13T05:23:03.480+0000] {processor.py:830} INFO - Processing file /home/ubuntu/reddit_venv/lib/python3.10/site-packages/airflow/example_dags/tutorial_dag.py for tasks to queue
[2024-02-13T05:23:03.481+0000] {logging_mixin.py:188} INFO - [2024-02-13T05:23:03.481+0000] {dagbag.py:538} INFO - Filling up the DagBag from /home/ubuntu/reddit_venv/lib/python3.10/site-packages/airflow/example_dags/tutorial_dag.py
[2024-02-13T05:23:03.487+0000] {processor.py:840} INFO - DAG(s) 'tutorial_dag' retrieved from /home/ubuntu/reddit_venv/lib/python3.10/site-packages/airflow/example_dags/tutorial_dag.py
[2024-02-13T05:23:03.503+0000] {logging_mixin.py:188} INFO - [2024-02-13T05:23:03.503+0000] {dag.py:3036} INFO - Sync 1 DAGs
[2024-02-13T05:23:03.515+0000] {logging_mixin.py:188} INFO - [2024-02-13T05:23:03.515+0000] {dag.py:3823} INFO - Setting next_dagrun for tutorial_dag to None, run_after=None
[2024-02-13T05:23:03.538+0000] {processor.py:183} INFO - Processing /home/ubuntu/reddit_venv/lib/python3.10/site-packages/airflow/example_dags/tutorial_dag.py took 0.063 seconds
[2024-02-13T05:23:51.198+0000] {processor.py:161} INFO - Started process (PID=3363) to work on /home/ubuntu/reddit_venv/lib/python3.10/site-packages/airflow/example_dags/tutorial_dag.py
[2024-02-13T05:23:51.200+0000] {processor.py:830} INFO - Processing file /home/ubuntu/reddit_venv/lib/python3.10/site-packages/airflow/example_dags/tutorial_dag.py for tasks to queue
[2024-02-13T05:23:51.201+0000] {logging_mixin.py:188} INFO - [2024-02-13T05:23:51.200+0000] {dagbag.py:538} INFO - Filling up the DagBag from /home/ubuntu/reddit_venv/lib/python3.10/site-packages/airflow/example_dags/tutorial_dag.py
[2024-02-13T05:23:51.206+0000] {processor.py:840} INFO - DAG(s) 'tutorial_dag' retrieved from /home/ubuntu/reddit_venv/lib/python3.10/site-packages/airflow/example_dags/tutorial_dag.py
[2024-02-13T05:23:51.222+0000] {logging_mixin.py:188} INFO - [2024-02-13T05:23:51.222+0000] {dag.py:3036} INFO - Sync 1 DAGs
[2024-02-13T05:23:51.234+0000] {logging_mixin.py:188} INFO - [2024-02-13T05:23:51.234+0000] {dag.py:3823} INFO - Setting next_dagrun for tutorial_dag to None, run_after=None
[2024-02-13T05:23:51.256+0000] {processor.py:183} INFO - Processing /home/ubuntu/reddit_venv/lib/python3.10/site-packages/airflow/example_dags/tutorial_dag.py took 0.061 seconds
[2024-02-13T05:24:28.971+0000] {processor.py:161} INFO - Started process (PID=3404) to work on /home/ubuntu/reddit_venv/lib/python3.10/site-packages/airflow/example_dags/tutorial_dag.py
[2024-02-13T05:24:28.973+0000] {processor.py:830} INFO - Processing file /home/ubuntu/reddit_venv/lib/python3.10/site-packages/airflow/example_dags/tutorial_dag.py for tasks to queue
[2024-02-13T05:24:28.974+0000] {logging_mixin.py:188} INFO - [2024-02-13T05:24:28.973+0000] {dagbag.py:538} INFO - Filling up the DagBag from /home/ubuntu/reddit_venv/lib/python3.10/site-packages/airflow/example_dags/tutorial_dag.py
[2024-02-13T05:24:28.980+0000] {processor.py:840} INFO - DAG(s) 'tutorial_dag' retrieved from /home/ubuntu/reddit_venv/lib/python3.10/site-packages/airflow/example_dags/tutorial_dag.py
[2024-02-13T05:24:28.995+0000] {logging_mixin.py:188} INFO - [2024-02-13T05:24:28.995+0000] {dag.py:3036} INFO - Sync 1 DAGs
[2024-02-13T05:24:29.007+0000] {logging_mixin.py:188} INFO - [2024-02-13T05:24:29.007+0000] {dag.py:3823} INFO - Setting next_dagrun for tutorial_dag to None, run_after=None
[2024-02-13T05:24:29.029+0000] {processor.py:183} INFO - Processing /home/ubuntu/reddit_venv/lib/python3.10/site-packages/airflow/example_dags/tutorial_dag.py took 0.061 seconds
[2024-02-13T05:25:18.504+0000] {processor.py:161} INFO - Started process (PID=3518) to work on /home/ubuntu/reddit_venv/lib/python3.10/site-packages/airflow/example_dags/tutorial_dag.py
[2024-02-13T05:25:18.505+0000] {processor.py:830} INFO - Processing file /home/ubuntu/reddit_venv/lib/python3.10/site-packages/airflow/example_dags/tutorial_dag.py for tasks to queue
[2024-02-13T05:25:18.506+0000] {logging_mixin.py:188} INFO - [2024-02-13T05:25:18.506+0000] {dagbag.py:538} INFO - Filling up the DagBag from /home/ubuntu/reddit_venv/lib/python3.10/site-packages/airflow/example_dags/tutorial_dag.py
[2024-02-13T05:25:18.513+0000] {processor.py:840} INFO - DAG(s) 'tutorial_dag' retrieved from /home/ubuntu/reddit_venv/lib/python3.10/site-packages/airflow/example_dags/tutorial_dag.py
[2024-02-13T05:25:18.528+0000] {logging_mixin.py:188} INFO - [2024-02-13T05:25:18.528+0000] {dag.py:3036} INFO - Sync 1 DAGs
[2024-02-13T05:25:18.540+0000] {logging_mixin.py:188} INFO - [2024-02-13T05:25:18.540+0000] {dag.py:3823} INFO - Setting next_dagrun for tutorial_dag to None, run_after=None
[2024-02-13T05:25:18.564+0000] {processor.py:183} INFO - Processing /home/ubuntu/reddit_venv/lib/python3.10/site-packages/airflow/example_dags/tutorial_dag.py took 0.063 seconds
[2024-02-13T05:25:55.151+0000] {processor.py:161} INFO - Started process (PID=3681) to work on /home/ubuntu/reddit_venv/lib/python3.10/site-packages/airflow/example_dags/tutorial_dag.py
[2024-02-13T05:25:55.153+0000] {processor.py:830} INFO - Processing file /home/ubuntu/reddit_venv/lib/python3.10/site-packages/airflow/example_dags/tutorial_dag.py for tasks to queue
[2024-02-13T05:25:55.154+0000] {logging_mixin.py:188} INFO - [2024-02-13T05:25:55.153+0000] {dagbag.py:538} INFO - Filling up the DagBag from /home/ubuntu/reddit_venv/lib/python3.10/site-packages/airflow/example_dags/tutorial_dag.py
[2024-02-13T05:25:55.159+0000] {processor.py:840} INFO - DAG(s) 'tutorial_dag' retrieved from /home/ubuntu/reddit_venv/lib/python3.10/site-packages/airflow/example_dags/tutorial_dag.py
[2024-02-13T05:25:55.175+0000] {logging_mixin.py:188} INFO - [2024-02-13T05:25:55.174+0000] {dag.py:3036} INFO - Sync 1 DAGs
[2024-02-13T05:25:55.186+0000] {logging_mixin.py:188} INFO - [2024-02-13T05:25:55.186+0000] {dag.py:3823} INFO - Setting next_dagrun for tutorial_dag to None, run_after=None
[2024-02-13T05:25:55.208+0000] {processor.py:183} INFO - Processing /home/ubuntu/reddit_venv/lib/python3.10/site-packages/airflow/example_dags/tutorial_dag.py took 0.060 seconds
[2024-02-13T05:26:38.087+0000] {processor.py:161} INFO - Started process (PID=3848) to work on /home/ubuntu/reddit_venv/lib/python3.10/site-packages/airflow/example_dags/tutorial_dag.py
[2024-02-13T05:26:38.089+0000] {processor.py:830} INFO - Processing file /home/ubuntu/reddit_venv/lib/python3.10/site-packages/airflow/example_dags/tutorial_dag.py for tasks to queue
[2024-02-13T05:26:38.090+0000] {logging_mixin.py:188} INFO - [2024-02-13T05:26:38.089+0000] {dagbag.py:538} INFO - Filling up the DagBag from /home/ubuntu/reddit_venv/lib/python3.10/site-packages/airflow/example_dags/tutorial_dag.py
[2024-02-13T05:26:38.096+0000] {processor.py:840} INFO - DAG(s) 'tutorial_dag' retrieved from /home/ubuntu/reddit_venv/lib/python3.10/site-packages/airflow/example_dags/tutorial_dag.py
[2024-02-13T05:26:38.111+0000] {logging_mixin.py:188} INFO - [2024-02-13T05:26:38.111+0000] {dag.py:3036} INFO - Sync 1 DAGs
[2024-02-13T05:26:38.123+0000] {logging_mixin.py:188} INFO - [2024-02-13T05:26:38.123+0000] {dag.py:3823} INFO - Setting next_dagrun for tutorial_dag to None, run_after=None
[2024-02-13T05:26:38.146+0000] {processor.py:183} INFO - Processing /home/ubuntu/reddit_venv/lib/python3.10/site-packages/airflow/example_dags/tutorial_dag.py took 0.062 seconds
[2024-02-13T05:27:18.228+0000] {processor.py:161} INFO - Started process (PID=4127) to work on /home/ubuntu/reddit_venv/lib/python3.10/site-packages/airflow/example_dags/tutorial_dag.py
[2024-02-13T05:27:18.229+0000] {processor.py:830} INFO - Processing file /home/ubuntu/reddit_venv/lib/python3.10/site-packages/airflow/example_dags/tutorial_dag.py for tasks to queue
[2024-02-13T05:27:18.230+0000] {logging_mixin.py:188} INFO - [2024-02-13T05:27:18.230+0000] {dagbag.py:538} INFO - Filling up the DagBag from /home/ubuntu/reddit_venv/lib/python3.10/site-packages/airflow/example_dags/tutorial_dag.py
[2024-02-13T05:27:18.237+0000] {processor.py:840} INFO - DAG(s) 'tutorial_dag' retrieved from /home/ubuntu/reddit_venv/lib/python3.10/site-packages/airflow/example_dags/tutorial_dag.py
[2024-02-13T05:27:18.252+0000] {logging_mixin.py:188} INFO - [2024-02-13T05:27:18.252+0000] {dag.py:3036} INFO - Sync 1 DAGs
[2024-02-13T05:27:18.265+0000] {logging_mixin.py:188} INFO - [2024-02-13T05:27:18.265+0000] {dag.py:3823} INFO - Setting next_dagrun for tutorial_dag to None, run_after=None
[2024-02-13T05:27:18.296+0000] {processor.py:183} INFO - Processing /home/ubuntu/reddit_venv/lib/python3.10/site-packages/airflow/example_dags/tutorial_dag.py took 0.071 seconds
[2024-02-13T05:28:00.113+0000] {processor.py:161} INFO - Started process (PID=4538) to work on /home/ubuntu/reddit_venv/lib/python3.10/site-packages/airflow/example_dags/tutorial_dag.py
[2024-02-13T05:28:00.115+0000] {processor.py:830} INFO - Processing file /home/ubuntu/reddit_venv/lib/python3.10/site-packages/airflow/example_dags/tutorial_dag.py for tasks to queue
[2024-02-13T05:28:00.116+0000] {logging_mixin.py:188} INFO - [2024-02-13T05:28:00.115+0000] {dagbag.py:538} INFO - Filling up the DagBag from /home/ubuntu/reddit_venv/lib/python3.10/site-packages/airflow/example_dags/tutorial_dag.py
[2024-02-13T05:28:00.122+0000] {processor.py:840} INFO - DAG(s) 'tutorial_dag' retrieved from /home/ubuntu/reddit_venv/lib/python3.10/site-packages/airflow/example_dags/tutorial_dag.py
[2024-02-13T05:28:00.138+0000] {logging_mixin.py:188} INFO - [2024-02-13T05:28:00.137+0000] {dag.py:3036} INFO - Sync 1 DAGs
[2024-02-13T05:28:00.150+0000] {logging_mixin.py:188} INFO - [2024-02-13T05:28:00.150+0000] {dag.py:3823} INFO - Setting next_dagrun for tutorial_dag to None, run_after=None
[2024-02-13T05:28:00.172+0000] {processor.py:183} INFO - Processing /home/ubuntu/reddit_venv/lib/python3.10/site-packages/airflow/example_dags/tutorial_dag.py took 0.062 seconds
[2024-02-13T05:28:41.631+0000] {processor.py:161} INFO - Started process (PID=4586) to work on /home/ubuntu/reddit_venv/lib/python3.10/site-packages/airflow/example_dags/tutorial_dag.py
[2024-02-13T05:28:41.633+0000] {processor.py:830} INFO - Processing file /home/ubuntu/reddit_venv/lib/python3.10/site-packages/airflow/example_dags/tutorial_dag.py for tasks to queue
[2024-02-13T05:28:41.634+0000] {logging_mixin.py:188} INFO - [2024-02-13T05:28:41.634+0000] {dagbag.py:538} INFO - Filling up the DagBag from /home/ubuntu/reddit_venv/lib/python3.10/site-packages/airflow/example_dags/tutorial_dag.py
[2024-02-13T05:28:41.640+0000] {processor.py:840} INFO - DAG(s) 'tutorial_dag' retrieved from /home/ubuntu/reddit_venv/lib/python3.10/site-packages/airflow/example_dags/tutorial_dag.py
[2024-02-13T05:28:41.656+0000] {logging_mixin.py:188} INFO - [2024-02-13T05:28:41.656+0000] {dag.py:3036} INFO - Sync 1 DAGs
[2024-02-13T05:28:41.668+0000] {logging_mixin.py:188} INFO - [2024-02-13T05:28:41.668+0000] {dag.py:3823} INFO - Setting next_dagrun for tutorial_dag to None, run_after=None
[2024-02-13T05:28:41.691+0000] {processor.py:183} INFO - Processing /home/ubuntu/reddit_venv/lib/python3.10/site-packages/airflow/example_dags/tutorial_dag.py took 0.063 seconds
[2024-02-13T05:29:18.784+0000] {processor.py:161} INFO - Started process (PID=4690) to work on /home/ubuntu/reddit_venv/lib/python3.10/site-packages/airflow/example_dags/tutorial_dag.py
[2024-02-13T05:29:18.786+0000] {processor.py:830} INFO - Processing file /home/ubuntu/reddit_venv/lib/python3.10/site-packages/airflow/example_dags/tutorial_dag.py for tasks to queue
[2024-02-13T05:29:18.787+0000] {logging_mixin.py:188} INFO - [2024-02-13T05:29:18.786+0000] {dagbag.py:538} INFO - Filling up the DagBag from /home/ubuntu/reddit_venv/lib/python3.10/site-packages/airflow/example_dags/tutorial_dag.py
[2024-02-13T05:29:18.793+0000] {processor.py:840} INFO - DAG(s) 'tutorial_dag' retrieved from /home/ubuntu/reddit_venv/lib/python3.10/site-packages/airflow/example_dags/tutorial_dag.py
[2024-02-13T05:29:18.810+0000] {logging_mixin.py:188} INFO - [2024-02-13T05:29:18.809+0000] {dag.py:3036} INFO - Sync 1 DAGs
[2024-02-13T05:29:18.821+0000] {logging_mixin.py:188} INFO - [2024-02-13T05:29:18.821+0000] {dag.py:3823} INFO - Setting next_dagrun for tutorial_dag to None, run_after=None
[2024-02-13T05:29:18.843+0000] {processor.py:183} INFO - Processing /home/ubuntu/reddit_venv/lib/python3.10/site-packages/airflow/example_dags/tutorial_dag.py took 0.062 seconds
[2024-02-13T05:29:58.828+0000] {processor.py:161} INFO - Started process (PID=4792) to work on /home/ubuntu/reddit_venv/lib/python3.10/site-packages/airflow/example_dags/tutorial_dag.py
[2024-02-13T05:29:58.829+0000] {processor.py:830} INFO - Processing file /home/ubuntu/reddit_venv/lib/python3.10/site-packages/airflow/example_dags/tutorial_dag.py for tasks to queue
[2024-02-13T05:29:58.830+0000] {logging_mixin.py:188} INFO - [2024-02-13T05:29:58.829+0000] {dagbag.py:538} INFO - Filling up the DagBag from /home/ubuntu/reddit_venv/lib/python3.10/site-packages/airflow/example_dags/tutorial_dag.py
[2024-02-13T05:29:58.836+0000] {processor.py:840} INFO - DAG(s) 'tutorial_dag' retrieved from /home/ubuntu/reddit_venv/lib/python3.10/site-packages/airflow/example_dags/tutorial_dag.py
[2024-02-13T05:29:58.851+0000] {logging_mixin.py:188} INFO - [2024-02-13T05:29:58.851+0000] {dag.py:3036} INFO - Sync 1 DAGs
[2024-02-13T05:29:58.863+0000] {logging_mixin.py:188} INFO - [2024-02-13T05:29:58.863+0000] {dag.py:3823} INFO - Setting next_dagrun for tutorial_dag to None, run_after=None
[2024-02-13T05:29:58.886+0000] {processor.py:183} INFO - Processing /home/ubuntu/reddit_venv/lib/python3.10/site-packages/airflow/example_dags/tutorial_dag.py took 0.061 seconds
