[2024-02-13T05:20:42.845+0000] {processor.py:161} INFO - Started process (PID=2429) to work on /home/ubuntu/reddit_venv/lib/python3.10/site-packages/airflow/example_dags/tutorial_taskflow_api.py
[2024-02-13T05:20:42.846+0000] {processor.py:830} INFO - Processing file /home/ubuntu/reddit_venv/lib/python3.10/site-packages/airflow/example_dags/tutorial_taskflow_api.py for tasks to queue
[2024-02-13T05:20:42.846+0000] {logging_mixin.py:188} INFO - [2024-02-13T05:20:42.846+0000] {dagbag.py:538} INFO - Filling up the DagBag from /home/ubuntu/reddit_venv/lib/python3.10/site-packages/airflow/example_dags/tutorial_taskflow_api.py
[2024-02-13T05:20:42.856+0000] {processor.py:840} INFO - DAG(s) 'tutorial_taskflow_api' retrieved from /home/ubuntu/reddit_venv/lib/python3.10/site-packages/airflow/example_dags/tutorial_taskflow_api.py
[2024-02-13T05:20:42.863+0000] {logging_mixin.py:188} INFO - [2024-02-13T05:20:42.863+0000] {dag.py:3036} INFO - Sync 1 DAGs
[2024-02-13T05:20:42.876+0000] {logging_mixin.py:188} INFO - [2024-02-13T05:20:42.876+0000] {dag.py:3823} INFO - Setting next_dagrun for tutorial_taskflow_api to None, run_after=None
[2024-02-13T05:20:42.898+0000] {processor.py:183} INFO - Processing /home/ubuntu/reddit_venv/lib/python3.10/site-packages/airflow/example_dags/tutorial_taskflow_api.py took 0.056 seconds
[2024-02-13T05:21:31.122+0000] {processor.py:161} INFO - Started process (PID=2786) to work on /home/ubuntu/reddit_venv/lib/python3.10/site-packages/airflow/example_dags/tutorial_taskflow_api.py
[2024-02-13T05:21:31.123+0000] {processor.py:830} INFO - Processing file /home/ubuntu/reddit_venv/lib/python3.10/site-packages/airflow/example_dags/tutorial_taskflow_api.py for tasks to queue
[2024-02-13T05:21:31.124+0000] {logging_mixin.py:188} INFO - [2024-02-13T05:21:31.124+0000] {dagbag.py:538} INFO - Filling up the DagBag from /home/ubuntu/reddit_venv/lib/python3.10/site-packages/airflow/example_dags/tutorial_taskflow_api.py
[2024-02-13T05:21:31.131+0000] {processor.py:840} INFO - DAG(s) 'tutorial_taskflow_api' retrieved from /home/ubuntu/reddit_venv/lib/python3.10/site-packages/airflow/example_dags/tutorial_taskflow_api.py
[2024-02-13T05:21:31.236+0000] {logging_mixin.py:188} INFO - [2024-02-13T05:21:31.236+0000] {dag.py:3036} INFO - Sync 1 DAGs
[2024-02-13T05:21:31.246+0000] {logging_mixin.py:188} INFO - [2024-02-13T05:21:31.245+0000] {dag.py:3823} INFO - Setting next_dagrun for tutorial_taskflow_api to None, run_after=None
[2024-02-13T05:21:31.268+0000] {processor.py:183} INFO - Processing /home/ubuntu/reddit_venv/lib/python3.10/site-packages/airflow/example_dags/tutorial_taskflow_api.py took 0.149 seconds
[2024-02-13T05:22:10.703+0000] {processor.py:161} INFO - Started process (PID=2972) to work on /home/ubuntu/reddit_venv/lib/python3.10/site-packages/airflow/example_dags/tutorial_taskflow_api.py
[2024-02-13T05:22:10.704+0000] {processor.py:830} INFO - Processing file /home/ubuntu/reddit_venv/lib/python3.10/site-packages/airflow/example_dags/tutorial_taskflow_api.py for tasks to queue
[2024-02-13T05:22:10.705+0000] {logging_mixin.py:188} INFO - [2024-02-13T05:22:10.705+0000] {dagbag.py:538} INFO - Filling up the DagBag from /home/ubuntu/reddit_venv/lib/python3.10/site-packages/airflow/example_dags/tutorial_taskflow_api.py
[2024-02-13T05:22:10.712+0000] {processor.py:840} INFO - DAG(s) 'tutorial_taskflow_api' retrieved from /home/ubuntu/reddit_venv/lib/python3.10/site-packages/airflow/example_dags/tutorial_taskflow_api.py
[2024-02-13T05:22:10.728+0000] {logging_mixin.py:188} INFO - [2024-02-13T05:22:10.728+0000] {dag.py:3036} INFO - Sync 1 DAGs
[2024-02-13T05:22:10.740+0000] {logging_mixin.py:188} INFO - [2024-02-13T05:22:10.740+0000] {dag.py:3823} INFO - Setting next_dagrun for tutorial_taskflow_api to None, run_after=None
[2024-02-13T05:22:10.762+0000] {processor.py:183} INFO - Processing /home/ubuntu/reddit_venv/lib/python3.10/site-packages/airflow/example_dags/tutorial_taskflow_api.py took 0.062 seconds
[2024-02-13T05:22:45.801+0000] {processor.py:161} INFO - Started process (PID=3193) to work on /home/ubuntu/reddit_venv/lib/python3.10/site-packages/airflow/example_dags/tutorial_taskflow_api.py
[2024-02-13T05:22:45.803+0000] {processor.py:830} INFO - Processing file /home/ubuntu/reddit_venv/lib/python3.10/site-packages/airflow/example_dags/tutorial_taskflow_api.py for tasks to queue
[2024-02-13T05:22:45.804+0000] {logging_mixin.py:188} INFO - [2024-02-13T05:22:45.803+0000] {dagbag.py:538} INFO - Filling up the DagBag from /home/ubuntu/reddit_venv/lib/python3.10/site-packages/airflow/example_dags/tutorial_taskflow_api.py
[2024-02-13T05:22:45.811+0000] {processor.py:840} INFO - DAG(s) 'tutorial_taskflow_api' retrieved from /home/ubuntu/reddit_venv/lib/python3.10/site-packages/airflow/example_dags/tutorial_taskflow_api.py
[2024-02-13T05:22:45.826+0000] {logging_mixin.py:188} INFO - [2024-02-13T05:22:45.826+0000] {dag.py:3036} INFO - Sync 1 DAGs
[2024-02-13T05:22:45.838+0000] {logging_mixin.py:188} INFO - [2024-02-13T05:22:45.838+0000] {dag.py:3823} INFO - Setting next_dagrun for tutorial_taskflow_api to None, run_after=None
[2024-02-13T05:22:45.875+0000] {processor.py:183} INFO - Processing /home/ubuntu/reddit_venv/lib/python3.10/site-packages/airflow/example_dags/tutorial_taskflow_api.py took 0.077 seconds
[2024-02-13T05:23:32.766+0000] {processor.py:161} INFO - Started process (PID=3282) to work on /home/ubuntu/reddit_venv/lib/python3.10/site-packages/airflow/example_dags/tutorial_taskflow_api.py
[2024-02-13T05:23:32.768+0000] {processor.py:830} INFO - Processing file /home/ubuntu/reddit_venv/lib/python3.10/site-packages/airflow/example_dags/tutorial_taskflow_api.py for tasks to queue
[2024-02-13T05:23:32.769+0000] {logging_mixin.py:188} INFO - [2024-02-13T05:23:32.768+0000] {dagbag.py:538} INFO - Filling up the DagBag from /home/ubuntu/reddit_venv/lib/python3.10/site-packages/airflow/example_dags/tutorial_taskflow_api.py
[2024-02-13T05:23:32.776+0000] {processor.py:840} INFO - DAG(s) 'tutorial_taskflow_api' retrieved from /home/ubuntu/reddit_venv/lib/python3.10/site-packages/airflow/example_dags/tutorial_taskflow_api.py
[2024-02-13T05:23:32.792+0000] {logging_mixin.py:188} INFO - [2024-02-13T05:23:32.792+0000] {dag.py:3036} INFO - Sync 1 DAGs
[2024-02-13T05:23:32.804+0000] {logging_mixin.py:188} INFO - [2024-02-13T05:23:32.804+0000] {dag.py:3823} INFO - Setting next_dagrun for tutorial_taskflow_api to None, run_after=None
[2024-02-13T05:23:32.827+0000] {processor.py:183} INFO - Processing /home/ubuntu/reddit_venv/lib/python3.10/site-packages/airflow/example_dags/tutorial_taskflow_api.py took 0.064 seconds
[2024-02-13T05:24:05.352+0000] {processor.py:161} INFO - Started process (PID=3377) to work on /home/ubuntu/reddit_venv/lib/python3.10/site-packages/airflow/example_dags/tutorial_taskflow_api.py
[2024-02-13T05:24:05.353+0000] {processor.py:830} INFO - Processing file /home/ubuntu/reddit_venv/lib/python3.10/site-packages/airflow/example_dags/tutorial_taskflow_api.py for tasks to queue
[2024-02-13T05:24:05.354+0000] {logging_mixin.py:188} INFO - [2024-02-13T05:24:05.354+0000] {dagbag.py:538} INFO - Filling up the DagBag from /home/ubuntu/reddit_venv/lib/python3.10/site-packages/airflow/example_dags/tutorial_taskflow_api.py
[2024-02-13T05:24:05.361+0000] {processor.py:840} INFO - DAG(s) 'tutorial_taskflow_api' retrieved from /home/ubuntu/reddit_venv/lib/python3.10/site-packages/airflow/example_dags/tutorial_taskflow_api.py
[2024-02-13T05:24:05.377+0000] {logging_mixin.py:188} INFO - [2024-02-13T05:24:05.376+0000] {dag.py:3036} INFO - Sync 1 DAGs
[2024-02-13T05:24:05.388+0000] {logging_mixin.py:188} INFO - [2024-02-13T05:24:05.388+0000] {dag.py:3823} INFO - Setting next_dagrun for tutorial_taskflow_api to None, run_after=None
[2024-02-13T05:24:05.411+0000] {processor.py:183} INFO - Processing /home/ubuntu/reddit_venv/lib/python3.10/site-packages/airflow/example_dags/tutorial_taskflow_api.py took 0.063 seconds
[2024-02-13T05:24:40.481+0000] {processor.py:161} INFO - Started process (PID=3416) to work on /home/ubuntu/reddit_venv/lib/python3.10/site-packages/airflow/example_dags/tutorial_taskflow_api.py
[2024-02-13T05:24:40.483+0000] {processor.py:830} INFO - Processing file /home/ubuntu/reddit_venv/lib/python3.10/site-packages/airflow/example_dags/tutorial_taskflow_api.py for tasks to queue
[2024-02-13T05:24:40.484+0000] {logging_mixin.py:188} INFO - [2024-02-13T05:24:40.484+0000] {dagbag.py:538} INFO - Filling up the DagBag from /home/ubuntu/reddit_venv/lib/python3.10/site-packages/airflow/example_dags/tutorial_taskflow_api.py
[2024-02-13T05:24:40.491+0000] {processor.py:840} INFO - DAG(s) 'tutorial_taskflow_api' retrieved from /home/ubuntu/reddit_venv/lib/python3.10/site-packages/airflow/example_dags/tutorial_taskflow_api.py
[2024-02-13T05:24:40.507+0000] {logging_mixin.py:188} INFO - [2024-02-13T05:24:40.507+0000] {dag.py:3036} INFO - Sync 1 DAGs
[2024-02-13T05:24:40.519+0000] {logging_mixin.py:188} INFO - [2024-02-13T05:24:40.518+0000] {dag.py:3823} INFO - Setting next_dagrun for tutorial_taskflow_api to None, run_after=None
[2024-02-13T05:24:40.541+0000] {processor.py:183} INFO - Processing /home/ubuntu/reddit_venv/lib/python3.10/site-packages/airflow/example_dags/tutorial_taskflow_api.py took 0.063 seconds
[2024-02-13T05:25:13.259+0000] {processor.py:161} INFO - Started process (PID=3513) to work on /home/ubuntu/reddit_venv/lib/python3.10/site-packages/airflow/example_dags/tutorial_taskflow_api.py
[2024-02-13T05:25:13.260+0000] {processor.py:830} INFO - Processing file /home/ubuntu/reddit_venv/lib/python3.10/site-packages/airflow/example_dags/tutorial_taskflow_api.py for tasks to queue
[2024-02-13T05:25:13.261+0000] {logging_mixin.py:188} INFO - [2024-02-13T05:25:13.260+0000] {dagbag.py:538} INFO - Filling up the DagBag from /home/ubuntu/reddit_venv/lib/python3.10/site-packages/airflow/example_dags/tutorial_taskflow_api.py
[2024-02-13T05:25:13.268+0000] {processor.py:840} INFO - DAG(s) 'tutorial_taskflow_api' retrieved from /home/ubuntu/reddit_venv/lib/python3.10/site-packages/airflow/example_dags/tutorial_taskflow_api.py
[2024-02-13T05:25:13.283+0000] {logging_mixin.py:188} INFO - [2024-02-13T05:25:13.283+0000] {dag.py:3036} INFO - Sync 1 DAGs
[2024-02-13T05:25:13.295+0000] {logging_mixin.py:188} INFO - [2024-02-13T05:25:13.295+0000] {dag.py:3823} INFO - Setting next_dagrun for tutorial_taskflow_api to None, run_after=None
[2024-02-13T05:25:13.318+0000] {processor.py:183} INFO - Processing /home/ubuntu/reddit_venv/lib/python3.10/site-packages/airflow/example_dags/tutorial_taskflow_api.py took 0.062 seconds
[2024-02-13T05:25:50.003+0000] {processor.py:161} INFO - Started process (PID=3676) to work on /home/ubuntu/reddit_venv/lib/python3.10/site-packages/airflow/example_dags/tutorial_taskflow_api.py
[2024-02-13T05:25:50.005+0000] {processor.py:830} INFO - Processing file /home/ubuntu/reddit_venv/lib/python3.10/site-packages/airflow/example_dags/tutorial_taskflow_api.py for tasks to queue
[2024-02-13T05:25:50.006+0000] {logging_mixin.py:188} INFO - [2024-02-13T05:25:50.006+0000] {dagbag.py:538} INFO - Filling up the DagBag from /home/ubuntu/reddit_venv/lib/python3.10/site-packages/airflow/example_dags/tutorial_taskflow_api.py
[2024-02-13T05:25:50.013+0000] {processor.py:840} INFO - DAG(s) 'tutorial_taskflow_api' retrieved from /home/ubuntu/reddit_venv/lib/python3.10/site-packages/airflow/example_dags/tutorial_taskflow_api.py
[2024-02-13T05:25:50.029+0000] {logging_mixin.py:188} INFO - [2024-02-13T05:25:50.028+0000] {dag.py:3036} INFO - Sync 1 DAGs
[2024-02-13T05:25:50.040+0000] {logging_mixin.py:188} INFO - [2024-02-13T05:25:50.040+0000] {dag.py:3823} INFO - Setting next_dagrun for tutorial_taskflow_api to None, run_after=None
[2024-02-13T05:25:50.068+0000] {processor.py:183} INFO - Processing /home/ubuntu/reddit_venv/lib/python3.10/site-packages/airflow/example_dags/tutorial_taskflow_api.py took 0.069 seconds
[2024-02-13T05:26:32.940+0000] {processor.py:161} INFO - Started process (PID=3843) to work on /home/ubuntu/reddit_venv/lib/python3.10/site-packages/airflow/example_dags/tutorial_taskflow_api.py
[2024-02-13T05:26:32.942+0000] {processor.py:830} INFO - Processing file /home/ubuntu/reddit_venv/lib/python3.10/site-packages/airflow/example_dags/tutorial_taskflow_api.py for tasks to queue
[2024-02-13T05:26:32.943+0000] {logging_mixin.py:188} INFO - [2024-02-13T05:26:32.942+0000] {dagbag.py:538} INFO - Filling up the DagBag from /home/ubuntu/reddit_venv/lib/python3.10/site-packages/airflow/example_dags/tutorial_taskflow_api.py
[2024-02-13T05:26:32.950+0000] {processor.py:840} INFO - DAG(s) 'tutorial_taskflow_api' retrieved from /home/ubuntu/reddit_venv/lib/python3.10/site-packages/airflow/example_dags/tutorial_taskflow_api.py
[2024-02-13T05:26:32.965+0000] {logging_mixin.py:188} INFO - [2024-02-13T05:26:32.965+0000] {dag.py:3036} INFO - Sync 1 DAGs
[2024-02-13T05:26:32.977+0000] {logging_mixin.py:188} INFO - [2024-02-13T05:26:32.977+0000] {dag.py:3823} INFO - Setting next_dagrun for tutorial_taskflow_api to None, run_after=None
[2024-02-13T05:26:32.999+0000] {processor.py:183} INFO - Processing /home/ubuntu/reddit_venv/lib/python3.10/site-packages/airflow/example_dags/tutorial_taskflow_api.py took 0.063 seconds
[2024-02-13T05:27:14.228+0000] {processor.py:161} INFO - Started process (PID=4087) to work on /home/ubuntu/reddit_venv/lib/python3.10/site-packages/airflow/example_dags/tutorial_taskflow_api.py
[2024-02-13T05:27:14.230+0000] {processor.py:830} INFO - Processing file /home/ubuntu/reddit_venv/lib/python3.10/site-packages/airflow/example_dags/tutorial_taskflow_api.py for tasks to queue
[2024-02-13T05:27:14.231+0000] {logging_mixin.py:188} INFO - [2024-02-13T05:27:14.230+0000] {dagbag.py:538} INFO - Filling up the DagBag from /home/ubuntu/reddit_venv/lib/python3.10/site-packages/airflow/example_dags/tutorial_taskflow_api.py
[2024-02-13T05:27:14.238+0000] {processor.py:840} INFO - DAG(s) 'tutorial_taskflow_api' retrieved from /home/ubuntu/reddit_venv/lib/python3.10/site-packages/airflow/example_dags/tutorial_taskflow_api.py
[2024-02-13T05:27:14.253+0000] {logging_mixin.py:188} INFO - [2024-02-13T05:27:14.253+0000] {dag.py:3036} INFO - Sync 1 DAGs
[2024-02-13T05:27:14.265+0000] {logging_mixin.py:188} INFO - [2024-02-13T05:27:14.265+0000] {dag.py:3823} INFO - Setting next_dagrun for tutorial_taskflow_api to None, run_after=None
[2024-02-13T05:27:14.287+0000] {processor.py:183} INFO - Processing /home/ubuntu/reddit_venv/lib/python3.10/site-packages/airflow/example_dags/tutorial_taskflow_api.py took 0.062 seconds
[2024-02-13T05:27:56.085+0000] {processor.py:161} INFO - Started process (PID=4473) to work on /home/ubuntu/reddit_venv/lib/python3.10/site-packages/airflow/example_dags/tutorial_taskflow_api.py
[2024-02-13T05:27:56.087+0000] {processor.py:830} INFO - Processing file /home/ubuntu/reddit_venv/lib/python3.10/site-packages/airflow/example_dags/tutorial_taskflow_api.py for tasks to queue
[2024-02-13T05:27:56.088+0000] {logging_mixin.py:188} INFO - [2024-02-13T05:27:56.087+0000] {dagbag.py:538} INFO - Filling up the DagBag from /home/ubuntu/reddit_venv/lib/python3.10/site-packages/airflow/example_dags/tutorial_taskflow_api.py
[2024-02-13T05:27:56.095+0000] {processor.py:840} INFO - DAG(s) 'tutorial_taskflow_api' retrieved from /home/ubuntu/reddit_venv/lib/python3.10/site-packages/airflow/example_dags/tutorial_taskflow_api.py
[2024-02-13T05:27:56.111+0000] {logging_mixin.py:188} INFO - [2024-02-13T05:27:56.111+0000] {dag.py:3036} INFO - Sync 1 DAGs
[2024-02-13T05:27:56.123+0000] {logging_mixin.py:188} INFO - [2024-02-13T05:27:56.123+0000] {dag.py:3823} INFO - Setting next_dagrun for tutorial_taskflow_api to None, run_after=None
[2024-02-13T05:27:56.146+0000] {processor.py:183} INFO - Processing /home/ubuntu/reddit_venv/lib/python3.10/site-packages/airflow/example_dags/tutorial_taskflow_api.py took 0.064 seconds
[2024-02-13T05:28:36.646+0000] {processor.py:161} INFO - Started process (PID=4581) to work on /home/ubuntu/reddit_venv/lib/python3.10/site-packages/airflow/example_dags/tutorial_taskflow_api.py
[2024-02-13T05:28:36.648+0000] {processor.py:830} INFO - Processing file /home/ubuntu/reddit_venv/lib/python3.10/site-packages/airflow/example_dags/tutorial_taskflow_api.py for tasks to queue
[2024-02-13T05:28:36.649+0000] {logging_mixin.py:188} INFO - [2024-02-13T05:28:36.648+0000] {dagbag.py:538} INFO - Filling up the DagBag from /home/ubuntu/reddit_venv/lib/python3.10/site-packages/airflow/example_dags/tutorial_taskflow_api.py
[2024-02-13T05:28:36.656+0000] {processor.py:840} INFO - DAG(s) 'tutorial_taskflow_api' retrieved from /home/ubuntu/reddit_venv/lib/python3.10/site-packages/airflow/example_dags/tutorial_taskflow_api.py
[2024-02-13T05:28:36.672+0000] {logging_mixin.py:188} INFO - [2024-02-13T05:28:36.672+0000] {dag.py:3036} INFO - Sync 1 DAGs
[2024-02-13T05:28:36.684+0000] {logging_mixin.py:188} INFO - [2024-02-13T05:28:36.684+0000] {dag.py:3823} INFO - Setting next_dagrun for tutorial_taskflow_api to None, run_after=None
[2024-02-13T05:28:36.708+0000] {processor.py:183} INFO - Processing /home/ubuntu/reddit_venv/lib/python3.10/site-packages/airflow/example_dags/tutorial_taskflow_api.py took 0.065 seconds
[2024-02-13T05:29:15.377+0000] {processor.py:161} INFO - Started process (PID=4685) to work on /home/ubuntu/reddit_venv/lib/python3.10/site-packages/airflow/example_dags/tutorial_taskflow_api.py
[2024-02-13T05:29:15.379+0000] {processor.py:830} INFO - Processing file /home/ubuntu/reddit_venv/lib/python3.10/site-packages/airflow/example_dags/tutorial_taskflow_api.py for tasks to queue
[2024-02-13T05:29:15.380+0000] {logging_mixin.py:188} INFO - [2024-02-13T05:29:15.380+0000] {dagbag.py:538} INFO - Filling up the DagBag from /home/ubuntu/reddit_venv/lib/python3.10/site-packages/airflow/example_dags/tutorial_taskflow_api.py
[2024-02-13T05:29:15.387+0000] {processor.py:840} INFO - DAG(s) 'tutorial_taskflow_api' retrieved from /home/ubuntu/reddit_venv/lib/python3.10/site-packages/airflow/example_dags/tutorial_taskflow_api.py
[2024-02-13T05:29:15.402+0000] {logging_mixin.py:188} INFO - [2024-02-13T05:29:15.402+0000] {dag.py:3036} INFO - Sync 1 DAGs
[2024-02-13T05:29:15.414+0000] {logging_mixin.py:188} INFO - [2024-02-13T05:29:15.414+0000] {dag.py:3823} INFO - Setting next_dagrun for tutorial_taskflow_api to None, run_after=None
[2024-02-13T05:29:15.436+0000] {processor.py:183} INFO - Processing /home/ubuntu/reddit_venv/lib/python3.10/site-packages/airflow/example_dags/tutorial_taskflow_api.py took 0.061 seconds
[2024-02-13T05:29:53.679+0000] {processor.py:161} INFO - Started process (PID=4787) to work on /home/ubuntu/reddit_venv/lib/python3.10/site-packages/airflow/example_dags/tutorial_taskflow_api.py
[2024-02-13T05:29:53.681+0000] {processor.py:830} INFO - Processing file /home/ubuntu/reddit_venv/lib/python3.10/site-packages/airflow/example_dags/tutorial_taskflow_api.py for tasks to queue
[2024-02-13T05:29:53.682+0000] {logging_mixin.py:188} INFO - [2024-02-13T05:29:53.681+0000] {dagbag.py:538} INFO - Filling up the DagBag from /home/ubuntu/reddit_venv/lib/python3.10/site-packages/airflow/example_dags/tutorial_taskflow_api.py
[2024-02-13T05:29:53.689+0000] {processor.py:840} INFO - DAG(s) 'tutorial_taskflow_api' retrieved from /home/ubuntu/reddit_venv/lib/python3.10/site-packages/airflow/example_dags/tutorial_taskflow_api.py
[2024-02-13T05:29:53.704+0000] {logging_mixin.py:188} INFO - [2024-02-13T05:29:53.704+0000] {dag.py:3036} INFO - Sync 1 DAGs
[2024-02-13T05:29:53.716+0000] {logging_mixin.py:188} INFO - [2024-02-13T05:29:53.716+0000] {dag.py:3823} INFO - Setting next_dagrun for tutorial_taskflow_api to None, run_after=None
[2024-02-13T05:29:53.738+0000] {processor.py:183} INFO - Processing /home/ubuntu/reddit_venv/lib/python3.10/site-packages/airflow/example_dags/tutorial_taskflow_api.py took 0.063 seconds
