[2024-02-22T00:00:44.706+0000] {processor.py:161} INFO - Started process (PID=4381) to work on /home/ubuntu/reddit_venv/lib/python3.10/site-packages/airflow/example_dags/plugins/event_listener.py
[2024-02-22T00:00:44.707+0000] {processor.py:830} INFO - Processing file /home/ubuntu/reddit_venv/lib/python3.10/site-packages/airflow/example_dags/plugins/event_listener.py for tasks to queue
[2024-02-22T00:00:44.708+0000] {logging_mixin.py:188} INFO - [2024-02-22T00:00:44.708+0000] {dagbag.py:538} INFO - Filling up the DagBag from /home/ubuntu/reddit_venv/lib/python3.10/site-packages/airflow/example_dags/plugins/event_listener.py
[2024-02-22T00:00:44.711+0000] {processor.py:842} WARNING - No viable dags retrieved from /home/ubuntu/reddit_venv/lib/python3.10/site-packages/airflow/example_dags/plugins/event_listener.py
[2024-02-22T00:00:44.721+0000] {processor.py:183} INFO - Processing /home/ubuntu/reddit_venv/lib/python3.10/site-packages/airflow/example_dags/plugins/event_listener.py took 0.018 seconds
[2024-02-22T00:01:32.151+0000] {processor.py:161} INFO - Started process (PID=4793) to work on /home/ubuntu/reddit_venv/lib/python3.10/site-packages/airflow/example_dags/plugins/event_listener.py
[2024-02-22T00:01:32.153+0000] {processor.py:830} INFO - Processing file /home/ubuntu/reddit_venv/lib/python3.10/site-packages/airflow/example_dags/plugins/event_listener.py for tasks to queue
[2024-02-22T00:01:32.154+0000] {logging_mixin.py:188} INFO - [2024-02-22T00:01:32.153+0000] {dagbag.py:538} INFO - Filling up the DagBag from /home/ubuntu/reddit_venv/lib/python3.10/site-packages/airflow/example_dags/plugins/event_listener.py
[2024-02-22T00:01:32.156+0000] {processor.py:842} WARNING - No viable dags retrieved from /home/ubuntu/reddit_venv/lib/python3.10/site-packages/airflow/example_dags/plugins/event_listener.py
[2024-02-22T00:01:32.166+0000] {processor.py:183} INFO - Processing /home/ubuntu/reddit_venv/lib/python3.10/site-packages/airflow/example_dags/plugins/event_listener.py took 0.019 seconds
[2024-02-22T00:03:19.836+0000] {processor.py:161} INFO - Started process (PID=6106) to work on /home/ubuntu/reddit_venv/lib/python3.10/site-packages/airflow/example_dags/plugins/event_listener.py
[2024-02-22T00:03:19.840+0000] {processor.py:830} INFO - Processing file /home/ubuntu/reddit_venv/lib/python3.10/site-packages/airflow/example_dags/plugins/event_listener.py for tasks to queue
[2024-02-22T00:03:19.841+0000] {logging_mixin.py:188} INFO - [2024-02-22T00:03:19.840+0000] {dagbag.py:538} INFO - Filling up the DagBag from /home/ubuntu/reddit_venv/lib/python3.10/site-packages/airflow/example_dags/plugins/event_listener.py
[2024-02-22T00:03:19.843+0000] {processor.py:842} WARNING - No viable dags retrieved from /home/ubuntu/reddit_venv/lib/python3.10/site-packages/airflow/example_dags/plugins/event_listener.py
[2024-02-22T00:03:19.854+0000] {processor.py:183} INFO - Processing /home/ubuntu/reddit_venv/lib/python3.10/site-packages/airflow/example_dags/plugins/event_listener.py took 0.021 seconds
[2024-02-22T00:04:39.055+0000] {processor.py:161} INFO - Started process (PID=6729) to work on /home/ubuntu/reddit_venv/lib/python3.10/site-packages/airflow/example_dags/plugins/event_listener.py
[2024-02-22T00:04:39.057+0000] {processor.py:830} INFO - Processing file /home/ubuntu/reddit_venv/lib/python3.10/site-packages/airflow/example_dags/plugins/event_listener.py for tasks to queue
[2024-02-22T00:04:39.058+0000] {logging_mixin.py:188} INFO - [2024-02-22T00:04:39.058+0000] {dagbag.py:538} INFO - Filling up the DagBag from /home/ubuntu/reddit_venv/lib/python3.10/site-packages/airflow/example_dags/plugins/event_listener.py
[2024-02-22T00:04:39.061+0000] {processor.py:842} WARNING - No viable dags retrieved from /home/ubuntu/reddit_venv/lib/python3.10/site-packages/airflow/example_dags/plugins/event_listener.py
[2024-02-22T00:04:39.071+0000] {processor.py:183} INFO - Processing /home/ubuntu/reddit_venv/lib/python3.10/site-packages/airflow/example_dags/plugins/event_listener.py took 0.019 seconds
[2024-02-22T00:06:04.039+0000] {processor.py:161} INFO - Started process (PID=7487) to work on /home/ubuntu/reddit_venv/lib/python3.10/site-packages/airflow/example_dags/plugins/event_listener.py
[2024-02-22T00:06:04.041+0000] {processor.py:830} INFO - Processing file /home/ubuntu/reddit_venv/lib/python3.10/site-packages/airflow/example_dags/plugins/event_listener.py for tasks to queue
[2024-02-22T00:06:04.042+0000] {logging_mixin.py:188} INFO - [2024-02-22T00:06:04.042+0000] {dagbag.py:538} INFO - Filling up the DagBag from /home/ubuntu/reddit_venv/lib/python3.10/site-packages/airflow/example_dags/plugins/event_listener.py
[2024-02-22T00:06:04.045+0000] {processor.py:842} WARNING - No viable dags retrieved from /home/ubuntu/reddit_venv/lib/python3.10/site-packages/airflow/example_dags/plugins/event_listener.py
[2024-02-22T00:06:04.056+0000] {processor.py:183} INFO - Processing /home/ubuntu/reddit_venv/lib/python3.10/site-packages/airflow/example_dags/plugins/event_listener.py took 0.020 seconds
[2024-02-22T00:06:54.078+0000] {processor.py:161} INFO - Started process (PID=7602) to work on /home/ubuntu/reddit_venv/lib/python3.10/site-packages/airflow/example_dags/plugins/event_listener.py
[2024-02-22T00:06:54.079+0000] {processor.py:830} INFO - Processing file /home/ubuntu/reddit_venv/lib/python3.10/site-packages/airflow/example_dags/plugins/event_listener.py for tasks to queue
[2024-02-22T00:06:54.080+0000] {logging_mixin.py:188} INFO - [2024-02-22T00:06:54.080+0000] {dagbag.py:538} INFO - Filling up the DagBag from /home/ubuntu/reddit_venv/lib/python3.10/site-packages/airflow/example_dags/plugins/event_listener.py
[2024-02-22T00:06:54.083+0000] {processor.py:842} WARNING - No viable dags retrieved from /home/ubuntu/reddit_venv/lib/python3.10/site-packages/airflow/example_dags/plugins/event_listener.py
[2024-02-22T00:06:54.093+0000] {processor.py:183} INFO - Processing /home/ubuntu/reddit_venv/lib/python3.10/site-packages/airflow/example_dags/plugins/event_listener.py took 0.018 seconds
[2024-02-22T00:07:35.452+0000] {processor.py:161} INFO - Started process (PID=7770) to work on /home/ubuntu/reddit_venv/lib/python3.10/site-packages/airflow/example_dags/plugins/event_listener.py
[2024-02-22T00:07:35.453+0000] {processor.py:830} INFO - Processing file /home/ubuntu/reddit_venv/lib/python3.10/site-packages/airflow/example_dags/plugins/event_listener.py for tasks to queue
[2024-02-22T00:07:35.454+0000] {logging_mixin.py:188} INFO - [2024-02-22T00:07:35.454+0000] {dagbag.py:538} INFO - Filling up the DagBag from /home/ubuntu/reddit_venv/lib/python3.10/site-packages/airflow/example_dags/plugins/event_listener.py
[2024-02-22T00:07:35.457+0000] {processor.py:842} WARNING - No viable dags retrieved from /home/ubuntu/reddit_venv/lib/python3.10/site-packages/airflow/example_dags/plugins/event_listener.py
[2024-02-22T00:07:35.467+0000] {processor.py:183} INFO - Processing /home/ubuntu/reddit_venv/lib/python3.10/site-packages/airflow/example_dags/plugins/event_listener.py took 0.019 seconds
[2024-02-22T00:08:16.594+0000] {processor.py:161} INFO - Started process (PID=7875) to work on /home/ubuntu/reddit_venv/lib/python3.10/site-packages/airflow/example_dags/plugins/event_listener.py
[2024-02-22T00:08:16.595+0000] {processor.py:830} INFO - Processing file /home/ubuntu/reddit_venv/lib/python3.10/site-packages/airflow/example_dags/plugins/event_listener.py for tasks to queue
[2024-02-22T00:08:16.596+0000] {logging_mixin.py:188} INFO - [2024-02-22T00:08:16.596+0000] {dagbag.py:538} INFO - Filling up the DagBag from /home/ubuntu/reddit_venv/lib/python3.10/site-packages/airflow/example_dags/plugins/event_listener.py
[2024-02-22T00:08:16.599+0000] {processor.py:842} WARNING - No viable dags retrieved from /home/ubuntu/reddit_venv/lib/python3.10/site-packages/airflow/example_dags/plugins/event_listener.py
[2024-02-22T00:08:16.610+0000] {processor.py:183} INFO - Processing /home/ubuntu/reddit_venv/lib/python3.10/site-packages/airflow/example_dags/plugins/event_listener.py took 0.019 seconds
[2024-02-22T00:08:54.530+0000] {processor.py:161} INFO - Started process (PID=7920) to work on /home/ubuntu/reddit_venv/lib/python3.10/site-packages/airflow/example_dags/plugins/event_listener.py
[2024-02-22T00:08:54.531+0000] {processor.py:830} INFO - Processing file /home/ubuntu/reddit_venv/lib/python3.10/site-packages/airflow/example_dags/plugins/event_listener.py for tasks to queue
[2024-02-22T00:08:54.532+0000] {logging_mixin.py:188} INFO - [2024-02-22T00:08:54.532+0000] {dagbag.py:538} INFO - Filling up the DagBag from /home/ubuntu/reddit_venv/lib/python3.10/site-packages/airflow/example_dags/plugins/event_listener.py
[2024-02-22T00:08:54.534+0000] {processor.py:842} WARNING - No viable dags retrieved from /home/ubuntu/reddit_venv/lib/python3.10/site-packages/airflow/example_dags/plugins/event_listener.py
[2024-02-22T00:08:54.545+0000] {processor.py:183} INFO - Processing /home/ubuntu/reddit_venv/lib/python3.10/site-packages/airflow/example_dags/plugins/event_listener.py took 0.018 seconds
[2024-02-22T00:09:52.710+0000] {processor.py:161} INFO - Started process (PID=8044) to work on /home/ubuntu/reddit_venv/lib/python3.10/site-packages/airflow/example_dags/plugins/event_listener.py
[2024-02-22T00:09:52.711+0000] {processor.py:830} INFO - Processing file /home/ubuntu/reddit_venv/lib/python3.10/site-packages/airflow/example_dags/plugins/event_listener.py for tasks to queue
[2024-02-22T00:09:52.712+0000] {logging_mixin.py:188} INFO - [2024-02-22T00:09:52.712+0000] {dagbag.py:538} INFO - Filling up the DagBag from /home/ubuntu/reddit_venv/lib/python3.10/site-packages/airflow/example_dags/plugins/event_listener.py
[2024-02-22T00:09:52.715+0000] {processor.py:842} WARNING - No viable dags retrieved from /home/ubuntu/reddit_venv/lib/python3.10/site-packages/airflow/example_dags/plugins/event_listener.py
[2024-02-22T00:09:52.725+0000] {processor.py:183} INFO - Processing /home/ubuntu/reddit_venv/lib/python3.10/site-packages/airflow/example_dags/plugins/event_listener.py took 0.019 seconds
[2024-02-22T00:10:34.429+0000] {processor.py:161} INFO - Started process (PID=8151) to work on /home/ubuntu/reddit_venv/lib/python3.10/site-packages/airflow/example_dags/plugins/event_listener.py
[2024-02-22T00:10:34.430+0000] {processor.py:830} INFO - Processing file /home/ubuntu/reddit_venv/lib/python3.10/site-packages/airflow/example_dags/plugins/event_listener.py for tasks to queue
[2024-02-22T00:10:34.431+0000] {logging_mixin.py:188} INFO - [2024-02-22T00:10:34.430+0000] {dagbag.py:538} INFO - Filling up the DagBag from /home/ubuntu/reddit_venv/lib/python3.10/site-packages/airflow/example_dags/plugins/event_listener.py
[2024-02-22T00:10:34.433+0000] {processor.py:842} WARNING - No viable dags retrieved from /home/ubuntu/reddit_venv/lib/python3.10/site-packages/airflow/example_dags/plugins/event_listener.py
[2024-02-22T00:10:34.444+0000] {processor.py:183} INFO - Processing /home/ubuntu/reddit_venv/lib/python3.10/site-packages/airflow/example_dags/plugins/event_listener.py took 0.018 seconds
[2024-02-22T00:11:13.952+0000] {processor.py:161} INFO - Started process (PID=8257) to work on /home/ubuntu/reddit_venv/lib/python3.10/site-packages/airflow/example_dags/plugins/event_listener.py
[2024-02-22T00:11:13.953+0000] {processor.py:830} INFO - Processing file /home/ubuntu/reddit_venv/lib/python3.10/site-packages/airflow/example_dags/plugins/event_listener.py for tasks to queue
[2024-02-22T00:11:13.954+0000] {logging_mixin.py:188} INFO - [2024-02-22T00:11:13.953+0000] {dagbag.py:538} INFO - Filling up the DagBag from /home/ubuntu/reddit_venv/lib/python3.10/site-packages/airflow/example_dags/plugins/event_listener.py
[2024-02-22T00:11:13.956+0000] {processor.py:842} WARNING - No viable dags retrieved from /home/ubuntu/reddit_venv/lib/python3.10/site-packages/airflow/example_dags/plugins/event_listener.py
[2024-02-22T00:11:13.966+0000] {processor.py:183} INFO - Processing /home/ubuntu/reddit_venv/lib/python3.10/site-packages/airflow/example_dags/plugins/event_listener.py took 0.018 seconds
[2024-02-22T00:11:55.064+0000] {processor.py:161} INFO - Started process (PID=8303) to work on /home/ubuntu/reddit_venv/lib/python3.10/site-packages/airflow/example_dags/plugins/event_listener.py
[2024-02-22T00:11:55.066+0000] {processor.py:830} INFO - Processing file /home/ubuntu/reddit_venv/lib/python3.10/site-packages/airflow/example_dags/plugins/event_listener.py for tasks to queue
[2024-02-22T00:11:55.067+0000] {logging_mixin.py:188} INFO - [2024-02-22T00:11:55.066+0000] {dagbag.py:538} INFO - Filling up the DagBag from /home/ubuntu/reddit_venv/lib/python3.10/site-packages/airflow/example_dags/plugins/event_listener.py
[2024-02-22T00:11:55.069+0000] {processor.py:842} WARNING - No viable dags retrieved from /home/ubuntu/reddit_venv/lib/python3.10/site-packages/airflow/example_dags/plugins/event_listener.py
[2024-02-22T00:11:55.079+0000] {processor.py:183} INFO - Processing /home/ubuntu/reddit_venv/lib/python3.10/site-packages/airflow/example_dags/plugins/event_listener.py took 0.019 seconds
[2024-02-22T00:12:37.245+0000] {processor.py:161} INFO - Started process (PID=8470) to work on /home/ubuntu/reddit_venv/lib/python3.10/site-packages/airflow/example_dags/plugins/event_listener.py
[2024-02-22T00:12:37.247+0000] {processor.py:830} INFO - Processing file /home/ubuntu/reddit_venv/lib/python3.10/site-packages/airflow/example_dags/plugins/event_listener.py for tasks to queue
[2024-02-22T00:12:37.248+0000] {logging_mixin.py:188} INFO - [2024-02-22T00:12:37.247+0000] {dagbag.py:538} INFO - Filling up the DagBag from /home/ubuntu/reddit_venv/lib/python3.10/site-packages/airflow/example_dags/plugins/event_listener.py
[2024-02-22T00:12:37.250+0000] {processor.py:842} WARNING - No viable dags retrieved from /home/ubuntu/reddit_venv/lib/python3.10/site-packages/airflow/example_dags/plugins/event_listener.py
[2024-02-22T00:12:37.260+0000] {processor.py:183} INFO - Processing /home/ubuntu/reddit_venv/lib/python3.10/site-packages/airflow/example_dags/plugins/event_listener.py took 0.019 seconds
[2024-02-22T00:13:17.686+0000] {processor.py:161} INFO - Started process (PID=8576) to work on /home/ubuntu/reddit_venv/lib/python3.10/site-packages/airflow/example_dags/plugins/event_listener.py
[2024-02-22T00:13:17.688+0000] {processor.py:830} INFO - Processing file /home/ubuntu/reddit_venv/lib/python3.10/site-packages/airflow/example_dags/plugins/event_listener.py for tasks to queue
[2024-02-22T00:13:17.689+0000] {logging_mixin.py:188} INFO - [2024-02-22T00:13:17.688+0000] {dagbag.py:538} INFO - Filling up the DagBag from /home/ubuntu/reddit_venv/lib/python3.10/site-packages/airflow/example_dags/plugins/event_listener.py
[2024-02-22T00:13:17.691+0000] {processor.py:842} WARNING - No viable dags retrieved from /home/ubuntu/reddit_venv/lib/python3.10/site-packages/airflow/example_dags/plugins/event_listener.py
[2024-02-22T00:13:17.702+0000] {processor.py:183} INFO - Processing /home/ubuntu/reddit_venv/lib/python3.10/site-packages/airflow/example_dags/plugins/event_listener.py took 0.019 seconds
