[2024-02-13T05:20:53.771+0000] {processor.py:161} INFO - Started process (PID=2564) to work on /home/ubuntu/reddit_venv/lib/python3.10/site-packages/airflow/example_dags/plugins/listener_plugin.py
[2024-02-13T05:20:53.772+0000] {processor.py:830} INFO - Processing file /home/ubuntu/reddit_venv/lib/python3.10/site-packages/airflow/example_dags/plugins/listener_plugin.py for tasks to queue
[2024-02-13T05:20:53.773+0000] {logging_mixin.py:188} INFO - [2024-02-13T05:20:53.772+0000] {dagbag.py:538} INFO - Filling up the DagBag from /home/ubuntu/reddit_venv/lib/python3.10/site-packages/airflow/example_dags/plugins/listener_plugin.py
[2024-02-13T05:20:53.776+0000] {processor.py:842} WARNING - No viable dags retrieved from /home/ubuntu/reddit_venv/lib/python3.10/site-packages/airflow/example_dags/plugins/listener_plugin.py
[2024-02-13T05:20:53.786+0000] {processor.py:183} INFO - Processing /home/ubuntu/reddit_venv/lib/python3.10/site-packages/airflow/example_dags/plugins/listener_plugin.py took 0.018 seconds
[2024-02-13T05:21:42.379+0000] {processor.py:161} INFO - Started process (PID=2822) to work on /home/ubuntu/reddit_venv/lib/python3.10/site-packages/airflow/example_dags/plugins/listener_plugin.py
[2024-02-13T05:21:42.381+0000] {processor.py:830} INFO - Processing file /home/ubuntu/reddit_venv/lib/python3.10/site-packages/airflow/example_dags/plugins/listener_plugin.py for tasks to queue
[2024-02-13T05:21:42.382+0000] {logging_mixin.py:188} INFO - [2024-02-13T05:21:42.381+0000] {dagbag.py:538} INFO - Filling up the DagBag from /home/ubuntu/reddit_venv/lib/python3.10/site-packages/airflow/example_dags/plugins/listener_plugin.py
[2024-02-13T05:21:42.385+0000] {processor.py:842} WARNING - No viable dags retrieved from /home/ubuntu/reddit_venv/lib/python3.10/site-packages/airflow/example_dags/plugins/listener_plugin.py
[2024-02-13T05:21:42.395+0000] {processor.py:183} INFO - Processing /home/ubuntu/reddit_venv/lib/python3.10/site-packages/airflow/example_dags/plugins/listener_plugin.py took 0.019 seconds
[2024-02-13T05:22:31.498+0000] {processor.py:161} INFO - Started process (PID=3028) to work on /home/ubuntu/reddit_venv/lib/python3.10/site-packages/airflow/example_dags/plugins/listener_plugin.py
[2024-02-13T05:22:31.500+0000] {processor.py:830} INFO - Processing file /home/ubuntu/reddit_venv/lib/python3.10/site-packages/airflow/example_dags/plugins/listener_plugin.py for tasks to queue
[2024-02-13T05:22:31.501+0000] {logging_mixin.py:188} INFO - [2024-02-13T05:22:31.500+0000] {dagbag.py:538} INFO - Filling up the DagBag from /home/ubuntu/reddit_venv/lib/python3.10/site-packages/airflow/example_dags/plugins/listener_plugin.py
[2024-02-13T05:22:31.504+0000] {processor.py:842} WARNING - No viable dags retrieved from /home/ubuntu/reddit_venv/lib/python3.10/site-packages/airflow/example_dags/plugins/listener_plugin.py
[2024-02-13T05:22:31.514+0000] {processor.py:183} INFO - Processing /home/ubuntu/reddit_venv/lib/python3.10/site-packages/airflow/example_dags/plugins/listener_plugin.py took 0.019 seconds
[2024-02-13T05:23:18.968+0000] {processor.py:161} INFO - Started process (PID=3264) to work on /home/ubuntu/reddit_venv/lib/python3.10/site-packages/airflow/example_dags/plugins/listener_plugin.py
[2024-02-13T05:23:18.970+0000] {processor.py:830} INFO - Processing file /home/ubuntu/reddit_venv/lib/python3.10/site-packages/airflow/example_dags/plugins/listener_plugin.py for tasks to queue
[2024-02-13T05:23:18.971+0000] {logging_mixin.py:188} INFO - [2024-02-13T05:23:18.970+0000] {dagbag.py:538} INFO - Filling up the DagBag from /home/ubuntu/reddit_venv/lib/python3.10/site-packages/airflow/example_dags/plugins/listener_plugin.py
[2024-02-13T05:23:18.974+0000] {processor.py:842} WARNING - No viable dags retrieved from /home/ubuntu/reddit_venv/lib/python3.10/site-packages/airflow/example_dags/plugins/listener_plugin.py
[2024-02-13T05:23:18.984+0000] {processor.py:183} INFO - Processing /home/ubuntu/reddit_venv/lib/python3.10/site-packages/airflow/example_dags/plugins/listener_plugin.py took 0.019 seconds
[2024-02-13T05:24:08.374+0000] {processor.py:161} INFO - Started process (PID=3380) to work on /home/ubuntu/reddit_venv/lib/python3.10/site-packages/airflow/example_dags/plugins/listener_plugin.py
[2024-02-13T05:24:08.375+0000] {processor.py:830} INFO - Processing file /home/ubuntu/reddit_venv/lib/python3.10/site-packages/airflow/example_dags/plugins/listener_plugin.py for tasks to queue
[2024-02-13T05:24:08.376+0000] {logging_mixin.py:188} INFO - [2024-02-13T05:24:08.376+0000] {dagbag.py:538} INFO - Filling up the DagBag from /home/ubuntu/reddit_venv/lib/python3.10/site-packages/airflow/example_dags/plugins/listener_plugin.py
[2024-02-13T05:24:08.379+0000] {processor.py:842} WARNING - No viable dags retrieved from /home/ubuntu/reddit_venv/lib/python3.10/site-packages/airflow/example_dags/plugins/listener_plugin.py
[2024-02-13T05:24:08.389+0000] {processor.py:183} INFO - Processing /home/ubuntu/reddit_venv/lib/python3.10/site-packages/airflow/example_dags/plugins/listener_plugin.py took 0.019 seconds
[2024-02-13T05:24:43.632+0000] {processor.py:161} INFO - Started process (PID=3481) to work on /home/ubuntu/reddit_venv/lib/python3.10/site-packages/airflow/example_dags/plugins/listener_plugin.py
[2024-02-13T05:24:43.633+0000] {processor.py:830} INFO - Processing file /home/ubuntu/reddit_venv/lib/python3.10/site-packages/airflow/example_dags/plugins/listener_plugin.py for tasks to queue
[2024-02-13T05:24:43.634+0000] {logging_mixin.py:188} INFO - [2024-02-13T05:24:43.634+0000] {dagbag.py:538} INFO - Filling up the DagBag from /home/ubuntu/reddit_venv/lib/python3.10/site-packages/airflow/example_dags/plugins/listener_plugin.py
[2024-02-13T05:24:43.637+0000] {processor.py:842} WARNING - No viable dags retrieved from /home/ubuntu/reddit_venv/lib/python3.10/site-packages/airflow/example_dags/plugins/listener_plugin.py
[2024-02-13T05:24:43.648+0000] {processor.py:183} INFO - Processing /home/ubuntu/reddit_venv/lib/python3.10/site-packages/airflow/example_dags/plugins/listener_plugin.py took 0.019 seconds
[2024-02-13T05:25:34.539+0000] {processor.py:161} INFO - Started process (PID=3536) to work on /home/ubuntu/reddit_venv/lib/python3.10/site-packages/airflow/example_dags/plugins/listener_plugin.py
[2024-02-13T05:25:34.540+0000] {processor.py:830} INFO - Processing file /home/ubuntu/reddit_venv/lib/python3.10/site-packages/airflow/example_dags/plugins/listener_plugin.py for tasks to queue
[2024-02-13T05:25:34.541+0000] {logging_mixin.py:188} INFO - [2024-02-13T05:25:34.541+0000] {dagbag.py:538} INFO - Filling up the DagBag from /home/ubuntu/reddit_venv/lib/python3.10/site-packages/airflow/example_dags/plugins/listener_plugin.py
[2024-02-13T05:25:34.544+0000] {processor.py:842} WARNING - No viable dags retrieved from /home/ubuntu/reddit_venv/lib/python3.10/site-packages/airflow/example_dags/plugins/listener_plugin.py
[2024-02-13T05:25:34.555+0000] {processor.py:183} INFO - Processing /home/ubuntu/reddit_venv/lib/python3.10/site-packages/airflow/example_dags/plugins/listener_plugin.py took 0.020 seconds
[2024-02-13T05:26:15.744+0000] {processor.py:161} INFO - Started process (PID=3761) to work on /home/ubuntu/reddit_venv/lib/python3.10/site-packages/airflow/example_dags/plugins/listener_plugin.py
[2024-02-13T05:26:15.746+0000] {processor.py:830} INFO - Processing file /home/ubuntu/reddit_venv/lib/python3.10/site-packages/airflow/example_dags/plugins/listener_plugin.py for tasks to queue
[2024-02-13T05:26:15.746+0000] {logging_mixin.py:188} INFO - [2024-02-13T05:26:15.746+0000] {dagbag.py:538} INFO - Filling up the DagBag from /home/ubuntu/reddit_venv/lib/python3.10/site-packages/airflow/example_dags/plugins/listener_plugin.py
[2024-02-13T05:26:15.749+0000] {processor.py:842} WARNING - No viable dags retrieved from /home/ubuntu/reddit_venv/lib/python3.10/site-packages/airflow/example_dags/plugins/listener_plugin.py
[2024-02-13T05:26:15.759+0000] {processor.py:183} INFO - Processing /home/ubuntu/reddit_venv/lib/python3.10/site-packages/airflow/example_dags/plugins/listener_plugin.py took 0.018 seconds
[2024-02-13T05:26:57.569+0000] {processor.py:161} INFO - Started process (PID=3928) to work on /home/ubuntu/reddit_venv/lib/python3.10/site-packages/airflow/example_dags/plugins/listener_plugin.py
[2024-02-13T05:26:57.571+0000] {processor.py:830} INFO - Processing file /home/ubuntu/reddit_venv/lib/python3.10/site-packages/airflow/example_dags/plugins/listener_plugin.py for tasks to queue
[2024-02-13T05:26:57.572+0000] {logging_mixin.py:188} INFO - [2024-02-13T05:26:57.571+0000] {dagbag.py:538} INFO - Filling up the DagBag from /home/ubuntu/reddit_venv/lib/python3.10/site-packages/airflow/example_dags/plugins/listener_plugin.py
[2024-02-13T05:26:57.575+0000] {processor.py:842} WARNING - No viable dags retrieved from /home/ubuntu/reddit_venv/lib/python3.10/site-packages/airflow/example_dags/plugins/listener_plugin.py
[2024-02-13T05:26:57.585+0000] {processor.py:183} INFO - Processing /home/ubuntu/reddit_venv/lib/python3.10/site-packages/airflow/example_dags/plugins/listener_plugin.py took 0.019 seconds
[2024-02-13T05:27:39.969+0000] {processor.py:161} INFO - Started process (PID=4268) to work on /home/ubuntu/reddit_venv/lib/python3.10/site-packages/airflow/example_dags/plugins/listener_plugin.py
[2024-02-13T05:27:39.970+0000] {processor.py:830} INFO - Processing file /home/ubuntu/reddit_venv/lib/python3.10/site-packages/airflow/example_dags/plugins/listener_plugin.py for tasks to queue
[2024-02-13T05:27:39.971+0000] {logging_mixin.py:188} INFO - [2024-02-13T05:27:39.971+0000] {dagbag.py:538} INFO - Filling up the DagBag from /home/ubuntu/reddit_venv/lib/python3.10/site-packages/airflow/example_dags/plugins/listener_plugin.py
[2024-02-13T05:27:39.974+0000] {processor.py:842} WARNING - No viable dags retrieved from /home/ubuntu/reddit_venv/lib/python3.10/site-packages/airflow/example_dags/plugins/listener_plugin.py
[2024-02-13T05:27:39.985+0000] {processor.py:183} INFO - Processing /home/ubuntu/reddit_venv/lib/python3.10/site-packages/airflow/example_dags/plugins/listener_plugin.py took 0.019 seconds
[2024-02-13T05:28:20.818+0000] {processor.py:161} INFO - Started process (PID=4558) to work on /home/ubuntu/reddit_venv/lib/python3.10/site-packages/airflow/example_dags/plugins/listener_plugin.py
[2024-02-13T05:28:20.820+0000] {processor.py:830} INFO - Processing file /home/ubuntu/reddit_venv/lib/python3.10/site-packages/airflow/example_dags/plugins/listener_plugin.py for tasks to queue
[2024-02-13T05:28:20.821+0000] {logging_mixin.py:188} INFO - [2024-02-13T05:28:20.820+0000] {dagbag.py:538} INFO - Filling up the DagBag from /home/ubuntu/reddit_venv/lib/python3.10/site-packages/airflow/example_dags/plugins/listener_plugin.py
[2024-02-13T05:28:20.824+0000] {processor.py:842} WARNING - No viable dags retrieved from /home/ubuntu/reddit_venv/lib/python3.10/site-packages/airflow/example_dags/plugins/listener_plugin.py
[2024-02-13T05:28:20.834+0000] {processor.py:183} INFO - Processing /home/ubuntu/reddit_venv/lib/python3.10/site-packages/airflow/example_dags/plugins/listener_plugin.py took 0.019 seconds
[2024-02-13T05:29:01.601+0000] {processor.py:161} INFO - Started process (PID=4666) to work on /home/ubuntu/reddit_venv/lib/python3.10/site-packages/airflow/example_dags/plugins/listener_plugin.py
[2024-02-13T05:29:01.603+0000] {processor.py:830} INFO - Processing file /home/ubuntu/reddit_venv/lib/python3.10/site-packages/airflow/example_dags/plugins/listener_plugin.py for tasks to queue
[2024-02-13T05:29:01.604+0000] {logging_mixin.py:188} INFO - [2024-02-13T05:29:01.603+0000] {dagbag.py:538} INFO - Filling up the DagBag from /home/ubuntu/reddit_venv/lib/python3.10/site-packages/airflow/example_dags/plugins/listener_plugin.py
[2024-02-13T05:29:01.607+0000] {processor.py:842} WARNING - No viable dags retrieved from /home/ubuntu/reddit_venv/lib/python3.10/site-packages/airflow/example_dags/plugins/listener_plugin.py
[2024-02-13T05:29:01.617+0000] {processor.py:183} INFO - Processing /home/ubuntu/reddit_venv/lib/python3.10/site-packages/airflow/example_dags/plugins/listener_plugin.py took 0.019 seconds
[2024-02-13T05:29:39.378+0000] {processor.py:161} INFO - Started process (PID=4710) to work on /home/ubuntu/reddit_venv/lib/python3.10/site-packages/airflow/example_dags/plugins/listener_plugin.py
[2024-02-13T05:29:39.380+0000] {processor.py:830} INFO - Processing file /home/ubuntu/reddit_venv/lib/python3.10/site-packages/airflow/example_dags/plugins/listener_plugin.py for tasks to queue
[2024-02-13T05:29:39.381+0000] {logging_mixin.py:188} INFO - [2024-02-13T05:29:39.380+0000] {dagbag.py:538} INFO - Filling up the DagBag from /home/ubuntu/reddit_venv/lib/python3.10/site-packages/airflow/example_dags/plugins/listener_plugin.py
[2024-02-13T05:29:39.384+0000] {processor.py:842} WARNING - No viable dags retrieved from /home/ubuntu/reddit_venv/lib/python3.10/site-packages/airflow/example_dags/plugins/listener_plugin.py
[2024-02-13T05:29:39.394+0000] {processor.py:183} INFO - Processing /home/ubuntu/reddit_venv/lib/python3.10/site-packages/airflow/example_dags/plugins/listener_plugin.py took 0.019 seconds
