[2024-02-21T23:57:39.262+0000] {processor.py:161} INFO - Started process (PID=2131) to work on /home/ubuntu/reddit_venv/lib/python3.10/site-packages/airflow/example_dags/example_branch_day_of_week_operator.py
[2024-02-21T23:57:39.263+0000] {processor.py:830} INFO - Processing file /home/ubuntu/reddit_venv/lib/python3.10/site-packages/airflow/example_dags/example_branch_day_of_week_operator.py for tasks to queue
[2024-02-21T23:57:39.264+0000] {logging_mixin.py:188} INFO - [2024-02-21T23:57:39.264+0000] {dagbag.py:538} INFO - Filling up the DagBag from /home/ubuntu/reddit_venv/lib/python3.10/site-packages/airflow/example_dags/example_branch_day_of_week_operator.py
[2024-02-21T23:57:39.273+0000] {processor.py:840} INFO - DAG(s) 'example_weekday_branch_operator' retrieved from /home/ubuntu/reddit_venv/lib/python3.10/site-packages/airflow/example_dags/example_branch_day_of_week_operator.py
[2024-02-21T23:57:39.372+0000] {logging_mixin.py:188} INFO - [2024-02-21T23:57:39.372+0000] {dag.py:3036} INFO - Sync 1 DAGs
[2024-02-21T23:57:39.391+0000] {logging_mixin.py:188} INFO - [2024-02-21T23:57:39.391+0000] {dag.py:3823} INFO - Setting next_dagrun for example_weekday_branch_operator to 2024-02-20 00:00:00+00:00, run_after=2024-02-21 00:00:00+00:00
[2024-02-21T23:57:39.413+0000] {processor.py:183} INFO - Processing /home/ubuntu/reddit_venv/lib/python3.10/site-packages/airflow/example_dags/example_branch_day_of_week_operator.py took 0.154 seconds
[2024-02-21T23:58:32.962+0000] {processor.py:161} INFO - Started process (PID=2671) to work on /home/ubuntu/reddit_venv/lib/python3.10/site-packages/airflow/example_dags/example_branch_day_of_week_operator.py
[2024-02-21T23:58:32.963+0000] {processor.py:830} INFO - Processing file /home/ubuntu/reddit_venv/lib/python3.10/site-packages/airflow/example_dags/example_branch_day_of_week_operator.py for tasks to queue
[2024-02-21T23:58:32.964+0000] {logging_mixin.py:188} INFO - [2024-02-21T23:58:32.964+0000] {dagbag.py:538} INFO - Filling up the DagBag from /home/ubuntu/reddit_venv/lib/python3.10/site-packages/airflow/example_dags/example_branch_day_of_week_operator.py
[2024-02-21T23:58:32.973+0000] {processor.py:840} INFO - DAG(s) 'example_weekday_branch_operator' retrieved from /home/ubuntu/reddit_venv/lib/python3.10/site-packages/airflow/example_dags/example_branch_day_of_week_operator.py
[2024-02-21T23:58:32.990+0000] {logging_mixin.py:188} INFO - [2024-02-21T23:58:32.990+0000] {dag.py:3036} INFO - Sync 1 DAGs
[2024-02-21T23:58:33.012+0000] {logging_mixin.py:188} INFO - [2024-02-21T23:58:33.012+0000] {dag.py:3823} INFO - Setting next_dagrun for example_weekday_branch_operator to 2024-02-20 00:00:00+00:00, run_after=2024-02-21 00:00:00+00:00
[2024-02-21T23:58:33.034+0000] {processor.py:183} INFO - Processing /home/ubuntu/reddit_venv/lib/python3.10/site-packages/airflow/example_dags/example_branch_day_of_week_operator.py took 0.075 seconds
[2024-02-21T23:59:24.350+0000] {processor.py:161} INFO - Started process (PID=3328) to work on /home/ubuntu/reddit_venv/lib/python3.10/site-packages/airflow/example_dags/example_branch_day_of_week_operator.py
[2024-02-21T23:59:24.352+0000] {processor.py:830} INFO - Processing file /home/ubuntu/reddit_venv/lib/python3.10/site-packages/airflow/example_dags/example_branch_day_of_week_operator.py for tasks to queue
[2024-02-21T23:59:24.353+0000] {logging_mixin.py:188} INFO - [2024-02-21T23:59:24.352+0000] {dagbag.py:538} INFO - Filling up the DagBag from /home/ubuntu/reddit_venv/lib/python3.10/site-packages/airflow/example_dags/example_branch_day_of_week_operator.py
[2024-02-21T23:59:24.361+0000] {processor.py:840} INFO - DAG(s) 'example_weekday_branch_operator' retrieved from /home/ubuntu/reddit_venv/lib/python3.10/site-packages/airflow/example_dags/example_branch_day_of_week_operator.py
[2024-02-21T23:59:24.378+0000] {logging_mixin.py:188} INFO - [2024-02-21T23:59:24.378+0000] {dag.py:3036} INFO - Sync 1 DAGs
[2024-02-21T23:59:24.401+0000] {logging_mixin.py:188} INFO - [2024-02-21T23:59:24.401+0000] {dag.py:3823} INFO - Setting next_dagrun for example_weekday_branch_operator to 2024-02-20 00:00:00+00:00, run_after=2024-02-21 00:00:00+00:00
[2024-02-21T23:59:24.423+0000] {processor.py:183} INFO - Processing /home/ubuntu/reddit_venv/lib/python3.10/site-packages/airflow/example_dags/example_branch_day_of_week_operator.py took 0.077 seconds
