[2024-02-21T23:57:06.017+0000] {processor.py:161} INFO - Started process (PID=1973) to work on /home/ubuntu/reddit_venv/lib/python3.10/site-packages/airflow/example_dags/example_task_group.py
[2024-02-21T23:57:06.018+0000] {processor.py:830} INFO - Processing file /home/ubuntu/reddit_venv/lib/python3.10/site-packages/airflow/example_dags/example_task_group.py for tasks to queue
[2024-02-21T23:57:06.019+0000] {logging_mixin.py:188} INFO - [2024-02-21T23:57:06.019+0000] {dagbag.py:538} INFO - Filling up the DagBag from /home/ubuntu/reddit_venv/lib/python3.10/site-packages/airflow/example_dags/example_task_group.py
[2024-02-21T23:57:06.031+0000] {processor.py:840} INFO - DAG(s) 'example_task_group' retrieved from /home/ubuntu/reddit_venv/lib/python3.10/site-packages/airflow/example_dags/example_task_group.py
[2024-02-21T23:57:06.039+0000] {logging_mixin.py:188} INFO - [2024-02-21T23:57:06.038+0000] {dag.py:3036} INFO - Sync 1 DAGs
[2024-02-21T23:57:06.061+0000] {logging_mixin.py:188} INFO - [2024-02-21T23:57:06.061+0000] {dag.py:3823} INFO - Setting next_dagrun for example_task_group to 2024-02-20 00:00:00+00:00, run_after=2024-02-21 00:00:00+00:00
[2024-02-21T23:57:06.084+0000] {processor.py:183} INFO - Processing /home/ubuntu/reddit_venv/lib/python3.10/site-packages/airflow/example_dags/example_task_group.py took 0.070 seconds
[2024-02-21T23:58:00.183+0000] {processor.py:161} INFO - Started process (PID=2235) to work on /home/ubuntu/reddit_venv/lib/python3.10/site-packages/airflow/example_dags/example_task_group.py
[2024-02-21T23:58:00.184+0000] {processor.py:830} INFO - Processing file /home/ubuntu/reddit_venv/lib/python3.10/site-packages/airflow/example_dags/example_task_group.py for tasks to queue
[2024-02-21T23:58:00.185+0000] {logging_mixin.py:188} INFO - [2024-02-21T23:58:00.185+0000] {dagbag.py:538} INFO - Filling up the DagBag from /home/ubuntu/reddit_venv/lib/python3.10/site-packages/airflow/example_dags/example_task_group.py
[2024-02-21T23:58:00.194+0000] {processor.py:840} INFO - DAG(s) 'example_task_group' retrieved from /home/ubuntu/reddit_venv/lib/python3.10/site-packages/airflow/example_dags/example_task_group.py
[2024-02-21T23:58:00.295+0000] {logging_mixin.py:188} INFO - [2024-02-21T23:58:00.295+0000] {dag.py:3036} INFO - Sync 1 DAGs
[2024-02-21T23:58:00.315+0000] {logging_mixin.py:188} INFO - [2024-02-21T23:58:00.315+0000] {dag.py:3823} INFO - Setting next_dagrun for example_task_group to 2024-02-20 00:00:00+00:00, run_after=2024-02-21 00:00:00+00:00
[2024-02-21T23:58:00.338+0000] {processor.py:183} INFO - Processing /home/ubuntu/reddit_venv/lib/python3.10/site-packages/airflow/example_dags/example_task_group.py took 0.159 seconds
[2024-02-21T23:58:48.996+0000] {processor.py:161} INFO - Started process (PID=2867) to work on /home/ubuntu/reddit_venv/lib/python3.10/site-packages/airflow/example_dags/example_task_group.py
[2024-02-21T23:58:48.998+0000] {processor.py:830} INFO - Processing file /home/ubuntu/reddit_venv/lib/python3.10/site-packages/airflow/example_dags/example_task_group.py for tasks to queue
[2024-02-21T23:58:48.999+0000] {logging_mixin.py:188} INFO - [2024-02-21T23:58:48.999+0000] {dagbag.py:538} INFO - Filling up the DagBag from /home/ubuntu/reddit_venv/lib/python3.10/site-packages/airflow/example_dags/example_task_group.py
[2024-02-21T23:58:49.008+0000] {processor.py:840} INFO - DAG(s) 'example_task_group' retrieved from /home/ubuntu/reddit_venv/lib/python3.10/site-packages/airflow/example_dags/example_task_group.py
[2024-02-21T23:58:49.025+0000] {logging_mixin.py:188} INFO - [2024-02-21T23:58:49.025+0000] {dag.py:3036} INFO - Sync 1 DAGs
[2024-02-21T23:58:49.045+0000] {logging_mixin.py:188} INFO - [2024-02-21T23:58:49.045+0000] {dag.py:3823} INFO - Setting next_dagrun for example_task_group to 2024-02-20 00:00:00+00:00, run_after=2024-02-21 00:00:00+00:00
[2024-02-21T23:58:49.067+0000] {processor.py:183} INFO - Processing /home/ubuntu/reddit_venv/lib/python3.10/site-packages/airflow/example_dags/example_task_group.py took 0.074 seconds
[2024-02-21T23:59:32.738+0000] {processor.py:161} INFO - Started process (PID=3456) to work on /home/ubuntu/reddit_venv/lib/python3.10/site-packages/airflow/example_dags/example_task_group.py
[2024-02-21T23:59:32.740+0000] {processor.py:830} INFO - Processing file /home/ubuntu/reddit_venv/lib/python3.10/site-packages/airflow/example_dags/example_task_group.py for tasks to queue
[2024-02-21T23:59:32.741+0000] {logging_mixin.py:188} INFO - [2024-02-21T23:59:32.740+0000] {dagbag.py:538} INFO - Filling up the DagBag from /home/ubuntu/reddit_venv/lib/python3.10/site-packages/airflow/example_dags/example_task_group.py
[2024-02-21T23:59:32.749+0000] {processor.py:840} INFO - DAG(s) 'example_task_group' retrieved from /home/ubuntu/reddit_venv/lib/python3.10/site-packages/airflow/example_dags/example_task_group.py
[2024-02-21T23:59:32.767+0000] {logging_mixin.py:188} INFO - [2024-02-21T23:59:32.766+0000] {dag.py:3036} INFO - Sync 1 DAGs
[2024-02-21T23:59:32.788+0000] {logging_mixin.py:188} INFO - [2024-02-21T23:59:32.788+0000] {dag.py:3823} INFO - Setting next_dagrun for example_task_group to 2024-02-20 00:00:00+00:00, run_after=2024-02-21 00:00:00+00:00
[2024-02-21T23:59:32.811+0000] {processor.py:183} INFO - Processing /home/ubuntu/reddit_venv/lib/python3.10/site-packages/airflow/example_dags/example_task_group.py took 0.077 seconds
