[2024-02-21T23:57:25.265+0000] {processor.py:161} INFO - Started process (PID=2118) to work on /home/ubuntu/reddit_venv/lib/python3.10/site-packages/airflow/example_dags/example_local_kubernetes_executor.py
[2024-02-21T23:57:25.266+0000] {processor.py:830} INFO - Processing file /home/ubuntu/reddit_venv/lib/python3.10/site-packages/airflow/example_dags/example_local_kubernetes_executor.py for tasks to queue
[2024-02-21T23:57:25.266+0000] {logging_mixin.py:188} INFO - [2024-02-21T23:57:25.266+0000] {dagbag.py:538} INFO - Filling up the DagBag from /home/ubuntu/reddit_venv/lib/python3.10/site-packages/airflow/example_dags/example_local_kubernetes_executor.py
[2024-02-21T23:57:25.270+0000] {logging_mixin.py:188} INFO - [2024-02-21T23:57:25.269+0000] {example_local_kubernetes_executor.py:39} WARNING - Could not import DAGs in example_local_kubernetes_executor.py
Traceback (most recent call last):
  File "/home/ubuntu/reddit_venv/lib/python3.10/site-packages/airflow/example_dags/example_local_kubernetes_executor.py", line 37, in <module>
    from kubernetes.client import models as k8s
ModuleNotFoundError: No module named 'kubernetes'
[2024-02-21T23:57:25.270+0000] {logging_mixin.py:188} INFO - [2024-02-21T23:57:25.270+0000] {example_local_kubernetes_executor.py:40} WARNING - Install Kubernetes dependencies with: pip install apache-airflow[cncf.kubernetes]
[2024-02-21T23:57:25.270+0000] {processor.py:842} WARNING - No viable dags retrieved from /home/ubuntu/reddit_venv/lib/python3.10/site-packages/airflow/example_dags/example_local_kubernetes_executor.py
[2024-02-21T23:57:25.281+0000] {processor.py:183} INFO - Processing /home/ubuntu/reddit_venv/lib/python3.10/site-packages/airflow/example_dags/example_local_kubernetes_executor.py took 0.019 seconds
[2024-02-21T23:58:20.934+0000] {processor.py:161} INFO - Started process (PID=2501) to work on /home/ubuntu/reddit_venv/lib/python3.10/site-packages/airflow/example_dags/example_local_kubernetes_executor.py
[2024-02-21T23:58:20.935+0000] {processor.py:830} INFO - Processing file /home/ubuntu/reddit_venv/lib/python3.10/site-packages/airflow/example_dags/example_local_kubernetes_executor.py for tasks to queue
[2024-02-21T23:58:20.936+0000] {logging_mixin.py:188} INFO - [2024-02-21T23:58:20.936+0000] {dagbag.py:538} INFO - Filling up the DagBag from /home/ubuntu/reddit_venv/lib/python3.10/site-packages/airflow/example_dags/example_local_kubernetes_executor.py
[2024-02-21T23:58:20.940+0000] {logging_mixin.py:188} INFO - [2024-02-21T23:58:20.939+0000] {example_local_kubernetes_executor.py:39} WARNING - Could not import DAGs in example_local_kubernetes_executor.py
Traceback (most recent call last):
  File "/home/ubuntu/reddit_venv/lib/python3.10/site-packages/airflow/example_dags/example_local_kubernetes_executor.py", line 37, in <module>
    from kubernetes.client import models as k8s
ModuleNotFoundError: No module named 'kubernetes'
[2024-02-21T23:58:20.940+0000] {logging_mixin.py:188} INFO - [2024-02-21T23:58:20.940+0000] {example_local_kubernetes_executor.py:40} WARNING - Install Kubernetes dependencies with: pip install apache-airflow[cncf.kubernetes]
[2024-02-21T23:58:20.940+0000] {processor.py:842} WARNING - No viable dags retrieved from /home/ubuntu/reddit_venv/lib/python3.10/site-packages/airflow/example_dags/example_local_kubernetes_executor.py
[2024-02-21T23:58:20.951+0000] {processor.py:183} INFO - Processing /home/ubuntu/reddit_venv/lib/python3.10/site-packages/airflow/example_dags/example_local_kubernetes_executor.py took 0.020 seconds
[2024-02-21T23:59:11.232+0000] {processor.py:161} INFO - Started process (PID=3195) to work on /home/ubuntu/reddit_venv/lib/python3.10/site-packages/airflow/example_dags/example_local_kubernetes_executor.py
[2024-02-21T23:59:11.234+0000] {processor.py:830} INFO - Processing file /home/ubuntu/reddit_venv/lib/python3.10/site-packages/airflow/example_dags/example_local_kubernetes_executor.py for tasks to queue
[2024-02-21T23:59:11.235+0000] {logging_mixin.py:188} INFO - [2024-02-21T23:59:11.234+0000] {dagbag.py:538} INFO - Filling up the DagBag from /home/ubuntu/reddit_venv/lib/python3.10/site-packages/airflow/example_dags/example_local_kubernetes_executor.py
[2024-02-21T23:59:11.238+0000] {logging_mixin.py:188} INFO - [2024-02-21T23:59:11.238+0000] {example_local_kubernetes_executor.py:39} WARNING - Could not import DAGs in example_local_kubernetes_executor.py
Traceback (most recent call last):
  File "/home/ubuntu/reddit_venv/lib/python3.10/site-packages/airflow/example_dags/example_local_kubernetes_executor.py", line 37, in <module>
    from kubernetes.client import models as k8s
ModuleNotFoundError: No module named 'kubernetes'
[2024-02-21T23:59:11.239+0000] {logging_mixin.py:188} INFO - [2024-02-21T23:59:11.239+0000] {example_local_kubernetes_executor.py:40} WARNING - Install Kubernetes dependencies with: pip install apache-airflow[cncf.kubernetes]
[2024-02-21T23:59:11.239+0000] {processor.py:842} WARNING - No viable dags retrieved from /home/ubuntu/reddit_venv/lib/python3.10/site-packages/airflow/example_dags/example_local_kubernetes_executor.py
[2024-02-21T23:59:11.249+0000] {processor.py:183} INFO - Processing /home/ubuntu/reddit_venv/lib/python3.10/site-packages/airflow/example_dags/example_local_kubernetes_executor.py took 0.021 seconds
