[2024-02-21T23:57:33.071+0000] {processor.py:161} INFO - Started process (PID=2125) to work on /home/ubuntu/reddit_venv/lib/python3.10/site-packages/airflow/example_dags/example_sensor_decorator.py
[2024-02-21T23:57:33.073+0000] {processor.py:830} INFO - Processing file /home/ubuntu/reddit_venv/lib/python3.10/site-packages/airflow/example_dags/example_sensor_decorator.py for tasks to queue
[2024-02-21T23:57:33.073+0000] {logging_mixin.py:188} INFO - [2024-02-21T23:57:33.073+0000] {dagbag.py:538} INFO - Filling up the DagBag from /home/ubuntu/reddit_venv/lib/python3.10/site-packages/airflow/example_dags/example_sensor_decorator.py
[2024-02-21T23:57:33.080+0000] {processor.py:840} INFO - DAG(s) 'example_sensor_decorator' retrieved from /home/ubuntu/reddit_venv/lib/python3.10/site-packages/airflow/example_dags/example_sensor_decorator.py
[2024-02-21T23:57:33.182+0000] {logging_mixin.py:188} INFO - [2024-02-21T23:57:33.181+0000] {dag.py:3036} INFO - Sync 1 DAGs
[2024-02-21T23:57:33.192+0000] {logging_mixin.py:188} INFO - [2024-02-21T23:57:33.191+0000] {dag.py:3823} INFO - Setting next_dagrun for example_sensor_decorator to None, run_after=None
[2024-02-21T23:57:33.216+0000] {processor.py:183} INFO - Processing /home/ubuntu/reddit_venv/lib/python3.10/site-packages/airflow/example_dags/example_sensor_decorator.py took 0.148 seconds
[2024-02-21T23:58:26.640+0000] {processor.py:161} INFO - Started process (PID=2605) to work on /home/ubuntu/reddit_venv/lib/python3.10/site-packages/airflow/example_dags/example_sensor_decorator.py
[2024-02-21T23:58:26.641+0000] {processor.py:830} INFO - Processing file /home/ubuntu/reddit_venv/lib/python3.10/site-packages/airflow/example_dags/example_sensor_decorator.py for tasks to queue
[2024-02-21T23:58:26.642+0000] {logging_mixin.py:188} INFO - [2024-02-21T23:58:26.642+0000] {dagbag.py:538} INFO - Filling up the DagBag from /home/ubuntu/reddit_venv/lib/python3.10/site-packages/airflow/example_dags/example_sensor_decorator.py
[2024-02-21T23:58:26.649+0000] {processor.py:840} INFO - DAG(s) 'example_sensor_decorator' retrieved from /home/ubuntu/reddit_venv/lib/python3.10/site-packages/airflow/example_dags/example_sensor_decorator.py
[2024-02-21T23:58:26.665+0000] {logging_mixin.py:188} INFO - [2024-02-21T23:58:26.665+0000] {dag.py:3036} INFO - Sync 1 DAGs
[2024-02-21T23:58:26.677+0000] {logging_mixin.py:188} INFO - [2024-02-21T23:58:26.677+0000] {dag.py:3823} INFO - Setting next_dagrun for example_sensor_decorator to None, run_after=None
[2024-02-21T23:58:26.700+0000] {processor.py:183} INFO - Processing /home/ubuntu/reddit_venv/lib/python3.10/site-packages/airflow/example_dags/example_sensor_decorator.py took 0.064 seconds
[2024-02-21T23:59:18.410+0000] {processor.py:161} INFO - Started process (PID=3262) to work on /home/ubuntu/reddit_venv/lib/python3.10/site-packages/airflow/example_dags/example_sensor_decorator.py
[2024-02-21T23:59:18.412+0000] {processor.py:830} INFO - Processing file /home/ubuntu/reddit_venv/lib/python3.10/site-packages/airflow/example_dags/example_sensor_decorator.py for tasks to queue
[2024-02-21T23:59:18.413+0000] {logging_mixin.py:188} INFO - [2024-02-21T23:59:18.412+0000] {dagbag.py:538} INFO - Filling up the DagBag from /home/ubuntu/reddit_venv/lib/python3.10/site-packages/airflow/example_dags/example_sensor_decorator.py
[2024-02-21T23:59:18.420+0000] {processor.py:840} INFO - DAG(s) 'example_sensor_decorator' retrieved from /home/ubuntu/reddit_venv/lib/python3.10/site-packages/airflow/example_dags/example_sensor_decorator.py
[2024-02-21T23:59:18.437+0000] {logging_mixin.py:188} INFO - [2024-02-21T23:59:18.437+0000] {dag.py:3036} INFO - Sync 1 DAGs
[2024-02-21T23:59:18.449+0000] {logging_mixin.py:188} INFO - [2024-02-21T23:59:18.449+0000] {dag.py:3823} INFO - Setting next_dagrun for example_sensor_decorator to None, run_after=None
[2024-02-21T23:59:18.474+0000] {processor.py:183} INFO - Processing /home/ubuntu/reddit_venv/lib/python3.10/site-packages/airflow/example_dags/example_sensor_decorator.py took 0.067 seconds
