[2024-02-21T23:57:29.312+0000] {processor.py:161} INFO - Started process (PID=2122) to work on /home/ubuntu/reddit_venv/lib/python3.10/site-packages/airflow/example_dags/example_params_trigger_ui.py
[2024-02-21T23:57:29.313+0000] {processor.py:830} INFO - Processing file /home/ubuntu/reddit_venv/lib/python3.10/site-packages/airflow/example_dags/example_params_trigger_ui.py for tasks to queue
[2024-02-21T23:57:29.314+0000] {logging_mixin.py:188} INFO - [2024-02-21T23:57:29.314+0000] {dagbag.py:538} INFO - Filling up the DagBag from /home/ubuntu/reddit_venv/lib/python3.10/site-packages/airflow/example_dags/example_params_trigger_ui.py
[2024-02-21T23:57:29.331+0000] {processor.py:840} INFO - DAG(s) 'example_params_trigger_ui' retrieved from /home/ubuntu/reddit_venv/lib/python3.10/site-packages/airflow/example_dags/example_params_trigger_ui.py
[2024-02-21T23:57:29.458+0000] {logging_mixin.py:188} INFO - [2024-02-21T23:57:29.458+0000] {dag.py:3036} INFO - Sync 1 DAGs
[2024-02-21T23:57:29.468+0000] {logging_mixin.py:188} INFO - [2024-02-21T23:57:29.468+0000] {dag.py:3823} INFO - Setting next_dagrun for example_params_trigger_ui to None, run_after=None
[2024-02-21T23:57:29.492+0000] {processor.py:183} INFO - Processing /home/ubuntu/reddit_venv/lib/python3.10/site-packages/airflow/example_dags/example_params_trigger_ui.py took 0.182 seconds
[2024-02-21T23:58:24.946+0000] {processor.py:161} INFO - Started process (PID=2540) to work on /home/ubuntu/reddit_venv/lib/python3.10/site-packages/airflow/example_dags/example_params_trigger_ui.py
[2024-02-21T23:58:24.948+0000] {processor.py:830} INFO - Processing file /home/ubuntu/reddit_venv/lib/python3.10/site-packages/airflow/example_dags/example_params_trigger_ui.py for tasks to queue
[2024-02-21T23:58:24.949+0000] {logging_mixin.py:188} INFO - [2024-02-21T23:58:24.948+0000] {dagbag.py:538} INFO - Filling up the DagBag from /home/ubuntu/reddit_venv/lib/python3.10/site-packages/airflow/example_dags/example_params_trigger_ui.py
[2024-02-21T23:58:24.965+0000] {processor.py:840} INFO - DAG(s) 'example_params_trigger_ui' retrieved from /home/ubuntu/reddit_venv/lib/python3.10/site-packages/airflow/example_dags/example_params_trigger_ui.py
[2024-02-21T23:58:25.011+0000] {logging_mixin.py:188} INFO - [2024-02-21T23:58:25.010+0000] {dag.py:3036} INFO - Sync 1 DAGs
[2024-02-21T23:58:25.023+0000] {logging_mixin.py:188} INFO - [2024-02-21T23:58:25.023+0000] {dag.py:3823} INFO - Setting next_dagrun for example_params_trigger_ui to None, run_after=None
[2024-02-21T23:58:25.046+0000] {processor.py:183} INFO - Processing /home/ubuntu/reddit_venv/lib/python3.10/site-packages/airflow/example_dags/example_params_trigger_ui.py took 0.103 seconds
[2024-02-21T23:59:15.623+0000] {processor.py:161} INFO - Started process (PID=3224) to work on /home/ubuntu/reddit_venv/lib/python3.10/site-packages/airflow/example_dags/example_params_trigger_ui.py
[2024-02-21T23:59:15.624+0000] {processor.py:830} INFO - Processing file /home/ubuntu/reddit_venv/lib/python3.10/site-packages/airflow/example_dags/example_params_trigger_ui.py for tasks to queue
[2024-02-21T23:59:15.625+0000] {logging_mixin.py:188} INFO - [2024-02-21T23:59:15.625+0000] {dagbag.py:538} INFO - Filling up the DagBag from /home/ubuntu/reddit_venv/lib/python3.10/site-packages/airflow/example_dags/example_params_trigger_ui.py
[2024-02-21T23:59:15.641+0000] {processor.py:840} INFO - DAG(s) 'example_params_trigger_ui' retrieved from /home/ubuntu/reddit_venv/lib/python3.10/site-packages/airflow/example_dags/example_params_trigger_ui.py
[2024-02-21T23:59:15.688+0000] {logging_mixin.py:188} INFO - [2024-02-21T23:59:15.687+0000] {dag.py:3036} INFO - Sync 1 DAGs
[2024-02-21T23:59:15.700+0000] {logging_mixin.py:188} INFO - [2024-02-21T23:59:15.699+0000] {dag.py:3823} INFO - Setting next_dagrun for example_params_trigger_ui to None, run_after=None
[2024-02-21T23:59:15.723+0000] {processor.py:183} INFO - Processing /home/ubuntu/reddit_venv/lib/python3.10/site-packages/airflow/example_dags/example_params_trigger_ui.py took 0.104 seconds
