[2024-02-21T23:57:08.845+0000] {processor.py:161} INFO - Started process (PID=2037) to work on /home/ubuntu/reddit_venv/lib/python3.10/site-packages/airflow/example_dags/example_xcom.py
[2024-02-21T23:57:08.846+0000] {processor.py:830} INFO - Processing file /home/ubuntu/reddit_venv/lib/python3.10/site-packages/airflow/example_dags/example_xcom.py for tasks to queue
[2024-02-21T23:57:08.847+0000] {logging_mixin.py:188} INFO - [2024-02-21T23:57:08.846+0000] {dagbag.py:538} INFO - Filling up the DagBag from /home/ubuntu/reddit_venv/lib/python3.10/site-packages/airflow/example_dags/example_xcom.py
[2024-02-21T23:57:08.858+0000] {processor.py:840} INFO - DAG(s) 'example_xcom' retrieved from /home/ubuntu/reddit_venv/lib/python3.10/site-packages/airflow/example_dags/example_xcom.py
[2024-02-21T23:57:08.865+0000] {logging_mixin.py:188} INFO - [2024-02-21T23:57:08.865+0000] {dag.py:3036} INFO - Sync 1 DAGs
[2024-02-21T23:57:08.887+0000] {logging_mixin.py:188} INFO - [2024-02-21T23:57:08.887+0000] {dag.py:3823} INFO - Setting next_dagrun for example_xcom to 2021-01-01 00:00:00+00:00, run_after=2021-01-01 00:00:00+00:00
[2024-02-21T23:57:08.912+0000] {processor.py:183} INFO - Processing /home/ubuntu/reddit_venv/lib/python3.10/site-packages/airflow/example_dags/example_xcom.py took 0.070 seconds
[2024-02-21T23:58:04.292+0000] {processor.py:161} INFO - Started process (PID=2274) to work on /home/ubuntu/reddit_venv/lib/python3.10/site-packages/airflow/example_dags/example_xcom.py
[2024-02-21T23:58:04.294+0000] {processor.py:830} INFO - Processing file /home/ubuntu/reddit_venv/lib/python3.10/site-packages/airflow/example_dags/example_xcom.py for tasks to queue
[2024-02-21T23:58:04.294+0000] {logging_mixin.py:188} INFO - [2024-02-21T23:58:04.294+0000] {dagbag.py:538} INFO - Filling up the DagBag from /home/ubuntu/reddit_venv/lib/python3.10/site-packages/airflow/example_dags/example_xcom.py
[2024-02-21T23:58:04.303+0000] {processor.py:840} INFO - DAG(s) 'example_xcom' retrieved from /home/ubuntu/reddit_venv/lib/python3.10/site-packages/airflow/example_dags/example_xcom.py
[2024-02-21T23:58:04.400+0000] {logging_mixin.py:188} INFO - [2024-02-21T23:58:04.399+0000] {dag.py:3036} INFO - Sync 1 DAGs
[2024-02-21T23:58:04.418+0000] {logging_mixin.py:188} INFO - [2024-02-21T23:58:04.418+0000] {dag.py:3823} INFO - Setting next_dagrun for example_xcom to 2021-01-01 00:00:00+00:00, run_after=2021-01-01 00:00:00+00:00
[2024-02-21T23:58:04.441+0000] {processor.py:183} INFO - Processing /home/ubuntu/reddit_venv/lib/python3.10/site-packages/airflow/example_dags/example_xcom.py took 0.152 seconds
[2024-02-21T23:58:53.316+0000] {processor.py:161} INFO - Started process (PID=2931) to work on /home/ubuntu/reddit_venv/lib/python3.10/site-packages/airflow/example_dags/example_xcom.py
[2024-02-21T23:58:53.318+0000] {processor.py:830} INFO - Processing file /home/ubuntu/reddit_venv/lib/python3.10/site-packages/airflow/example_dags/example_xcom.py for tasks to queue
[2024-02-21T23:58:53.319+0000] {logging_mixin.py:188} INFO - [2024-02-21T23:58:53.318+0000] {dagbag.py:538} INFO - Filling up the DagBag from /home/ubuntu/reddit_venv/lib/python3.10/site-packages/airflow/example_dags/example_xcom.py
[2024-02-21T23:58:53.327+0000] {processor.py:840} INFO - DAG(s) 'example_xcom' retrieved from /home/ubuntu/reddit_venv/lib/python3.10/site-packages/airflow/example_dags/example_xcom.py
[2024-02-21T23:58:53.344+0000] {logging_mixin.py:188} INFO - [2024-02-21T23:58:53.344+0000] {dag.py:3036} INFO - Sync 1 DAGs
[2024-02-21T23:58:53.365+0000] {logging_mixin.py:188} INFO - [2024-02-21T23:58:53.364+0000] {dag.py:3823} INFO - Setting next_dagrun for example_xcom to 2021-01-01 00:00:00+00:00, run_after=2021-01-01 00:00:00+00:00
[2024-02-21T23:58:53.386+0000] {processor.py:183} INFO - Processing /home/ubuntu/reddit_venv/lib/python3.10/site-packages/airflow/example_dags/example_xcom.py took 0.074 seconds
[2024-02-21T23:59:36.750+0000] {processor.py:161} INFO - Started process (PID=3520) to work on /home/ubuntu/reddit_venv/lib/python3.10/site-packages/airflow/example_dags/example_xcom.py
[2024-02-21T23:59:36.752+0000] {processor.py:830} INFO - Processing file /home/ubuntu/reddit_venv/lib/python3.10/site-packages/airflow/example_dags/example_xcom.py for tasks to queue
[2024-02-21T23:59:36.753+0000] {logging_mixin.py:188} INFO - [2024-02-21T23:59:36.753+0000] {dagbag.py:538} INFO - Filling up the DagBag from /home/ubuntu/reddit_venv/lib/python3.10/site-packages/airflow/example_dags/example_xcom.py
[2024-02-21T23:59:36.762+0000] {processor.py:840} INFO - DAG(s) 'example_xcom' retrieved from /home/ubuntu/reddit_venv/lib/python3.10/site-packages/airflow/example_dags/example_xcom.py
[2024-02-21T23:59:36.778+0000] {logging_mixin.py:188} INFO - [2024-02-21T23:59:36.778+0000] {dag.py:3036} INFO - Sync 1 DAGs
[2024-02-21T23:59:36.799+0000] {logging_mixin.py:188} INFO - [2024-02-21T23:59:36.799+0000] {dag.py:3823} INFO - Setting next_dagrun for example_xcom to 2021-01-01 00:00:00+00:00, run_after=2021-01-01 00:00:00+00:00
[2024-02-21T23:59:36.821+0000] {processor.py:183} INFO - Processing /home/ubuntu/reddit_venv/lib/python3.10/site-packages/airflow/example_dags/example_xcom.py took 0.074 seconds
