[2024-02-21T23:57:07.390+0000] {processor.py:161} INFO - Started process (PID=2000) to work on /home/ubuntu/reddit_venv/lib/python3.10/site-packages/airflow/example_dags/example_task_group_decorator.py
[2024-02-21T23:57:07.391+0000] {processor.py:830} INFO - Processing file /home/ubuntu/reddit_venv/lib/python3.10/site-packages/airflow/example_dags/example_task_group_decorator.py for tasks to queue
[2024-02-21T23:57:07.392+0000] {logging_mixin.py:188} INFO - [2024-02-21T23:57:07.391+0000] {dagbag.py:538} INFO - Filling up the DagBag from /home/ubuntu/reddit_venv/lib/python3.10/site-packages/airflow/example_dags/example_task_group_decorator.py
[2024-02-21T23:57:07.411+0000] {processor.py:840} INFO - DAG(s) 'example_task_group_decorator' retrieved from /home/ubuntu/reddit_venv/lib/python3.10/site-packages/airflow/example_dags/example_task_group_decorator.py
[2024-02-21T23:57:07.419+0000] {logging_mixin.py:188} INFO - [2024-02-21T23:57:07.419+0000] {dag.py:3036} INFO - Sync 1 DAGs
[2024-02-21T23:57:07.441+0000] {logging_mixin.py:188} INFO - [2024-02-21T23:57:07.440+0000] {dag.py:3823} INFO - Setting next_dagrun for example_task_group_decorator to 2024-02-20 00:00:00+00:00, run_after=2024-02-21 00:00:00+00:00
[2024-02-21T23:57:07.463+0000] {processor.py:183} INFO - Processing /home/ubuntu/reddit_venv/lib/python3.10/site-packages/airflow/example_dags/example_task_group_decorator.py took 0.076 seconds
[2024-02-21T23:58:01.788+0000] {processor.py:161} INFO - Started process (PID=2272) to work on /home/ubuntu/reddit_venv/lib/python3.10/site-packages/airflow/example_dags/example_task_group_decorator.py
[2024-02-21T23:58:01.790+0000] {processor.py:830} INFO - Processing file /home/ubuntu/reddit_venv/lib/python3.10/site-packages/airflow/example_dags/example_task_group_decorator.py for tasks to queue
[2024-02-21T23:58:01.791+0000] {logging_mixin.py:188} INFO - [2024-02-21T23:58:01.790+0000] {dagbag.py:538} INFO - Filling up the DagBag from /home/ubuntu/reddit_venv/lib/python3.10/site-packages/airflow/example_dags/example_task_group_decorator.py
[2024-02-21T23:58:01.808+0000] {processor.py:840} INFO - DAG(s) 'example_task_group_decorator' retrieved from /home/ubuntu/reddit_venv/lib/python3.10/site-packages/airflow/example_dags/example_task_group_decorator.py
[2024-02-21T23:58:01.910+0000] {logging_mixin.py:188} INFO - [2024-02-21T23:58:01.910+0000] {dag.py:3036} INFO - Sync 1 DAGs
[2024-02-21T23:58:01.930+0000] {logging_mixin.py:188} INFO - [2024-02-21T23:58:01.930+0000] {dag.py:3823} INFO - Setting next_dagrun for example_task_group_decorator to 2024-02-20 00:00:00+00:00, run_after=2024-02-21 00:00:00+00:00
[2024-02-21T23:58:01.955+0000] {processor.py:183} INFO - Processing /home/ubuntu/reddit_venv/lib/python3.10/site-packages/airflow/example_dags/example_task_group_decorator.py took 0.170 seconds
[2024-02-21T23:58:51.013+0000] {processor.py:161} INFO - Started process (PID=2894) to work on /home/ubuntu/reddit_venv/lib/python3.10/site-packages/airflow/example_dags/example_task_group_decorator.py
[2024-02-21T23:58:51.014+0000] {processor.py:830} INFO - Processing file /home/ubuntu/reddit_venv/lib/python3.10/site-packages/airflow/example_dags/example_task_group_decorator.py for tasks to queue
[2024-02-21T23:58:51.015+0000] {logging_mixin.py:188} INFO - [2024-02-21T23:58:51.015+0000] {dagbag.py:538} INFO - Filling up the DagBag from /home/ubuntu/reddit_venv/lib/python3.10/site-packages/airflow/example_dags/example_task_group_decorator.py
[2024-02-21T23:58:51.032+0000] {processor.py:840} INFO - DAG(s) 'example_task_group_decorator' retrieved from /home/ubuntu/reddit_venv/lib/python3.10/site-packages/airflow/example_dags/example_task_group_decorator.py
[2024-02-21T23:58:51.052+0000] {logging_mixin.py:188} INFO - [2024-02-21T23:58:51.052+0000] {dag.py:3036} INFO - Sync 1 DAGs
[2024-02-21T23:58:51.072+0000] {logging_mixin.py:188} INFO - [2024-02-21T23:58:51.072+0000] {dag.py:3823} INFO - Setting next_dagrun for example_task_group_decorator to 2024-02-20 00:00:00+00:00, run_after=2024-02-21 00:00:00+00:00
[2024-02-21T23:58:51.094+0000] {processor.py:183} INFO - Processing /home/ubuntu/reddit_venv/lib/python3.10/site-packages/airflow/example_dags/example_task_group_decorator.py took 0.085 seconds
[2024-02-21T23:59:34.446+0000] {processor.py:161} INFO - Started process (PID=3458) to work on /home/ubuntu/reddit_venv/lib/python3.10/site-packages/airflow/example_dags/example_task_group_decorator.py
[2024-02-21T23:59:34.447+0000] {processor.py:830} INFO - Processing file /home/ubuntu/reddit_venv/lib/python3.10/site-packages/airflow/example_dags/example_task_group_decorator.py for tasks to queue
[2024-02-21T23:59:34.448+0000] {logging_mixin.py:188} INFO - [2024-02-21T23:59:34.448+0000] {dagbag.py:538} INFO - Filling up the DagBag from /home/ubuntu/reddit_venv/lib/python3.10/site-packages/airflow/example_dags/example_task_group_decorator.py
[2024-02-21T23:59:34.466+0000] {processor.py:840} INFO - DAG(s) 'example_task_group_decorator' retrieved from /home/ubuntu/reddit_venv/lib/python3.10/site-packages/airflow/example_dags/example_task_group_decorator.py
[2024-02-21T23:59:34.486+0000] {logging_mixin.py:188} INFO - [2024-02-21T23:59:34.486+0000] {dag.py:3036} INFO - Sync 1 DAGs
[2024-02-21T23:59:34.507+0000] {logging_mixin.py:188} INFO - [2024-02-21T23:59:34.507+0000] {dag.py:3823} INFO - Setting next_dagrun for example_task_group_decorator to 2024-02-20 00:00:00+00:00, run_after=2024-02-21 00:00:00+00:00
[2024-02-21T23:59:34.530+0000] {processor.py:183} INFO - Processing /home/ubuntu/reddit_venv/lib/python3.10/site-packages/airflow/example_dags/example_task_group_decorator.py took 0.088 seconds
