[2024-02-21T23:57:10.005+0000] {processor.py:161} INFO - Started process (PID=2038) to work on /home/ubuntu/reddit_venv/lib/python3.10/site-packages/airflow/example_dags/example_trigger_controller_dag.py
[2024-02-21T23:57:10.006+0000] {processor.py:830} INFO - Processing file /home/ubuntu/reddit_venv/lib/python3.10/site-packages/airflow/example_dags/example_trigger_controller_dag.py for tasks to queue
[2024-02-21T23:57:10.008+0000] {logging_mixin.py:188} INFO - [2024-02-21T23:57:10.006+0000] {dagbag.py:538} INFO - Filling up the DagBag from /home/ubuntu/reddit_venv/lib/python3.10/site-packages/airflow/example_dags/example_trigger_controller_dag.py
[2024-02-21T23:57:10.015+0000] {processor.py:840} INFO - DAG(s) 'example_trigger_controller_dag' retrieved from /home/ubuntu/reddit_venv/lib/python3.10/site-packages/airflow/example_dags/example_trigger_controller_dag.py
[2024-02-21T23:57:10.022+0000] {logging_mixin.py:188} INFO - [2024-02-21T23:57:10.022+0000] {dag.py:3036} INFO - Sync 1 DAGs
[2024-02-21T23:57:10.044+0000] {logging_mixin.py:188} INFO - [2024-02-21T23:57:10.044+0000] {dag.py:3823} INFO - Setting next_dagrun for example_trigger_controller_dag to 2021-01-01 00:00:00+00:00, run_after=2021-01-01 00:00:00+00:00
[2024-02-21T23:57:10.067+0000] {processor.py:183} INFO - Processing /home/ubuntu/reddit_venv/lib/python3.10/site-packages/airflow/example_dags/example_trigger_controller_dag.py took 0.066 seconds
[2024-02-21T23:58:05.520+0000] {processor.py:161} INFO - Started process (PID=2300) to work on /home/ubuntu/reddit_venv/lib/python3.10/site-packages/airflow/example_dags/example_trigger_controller_dag.py
[2024-02-21T23:58:05.521+0000] {processor.py:830} INFO - Processing file /home/ubuntu/reddit_venv/lib/python3.10/site-packages/airflow/example_dags/example_trigger_controller_dag.py for tasks to queue
[2024-02-21T23:58:05.522+0000] {logging_mixin.py:188} INFO - [2024-02-21T23:58:05.522+0000] {dagbag.py:538} INFO - Filling up the DagBag from /home/ubuntu/reddit_venv/lib/python3.10/site-packages/airflow/example_dags/example_trigger_controller_dag.py
[2024-02-21T23:58:05.528+0000] {processor.py:840} INFO - DAG(s) 'example_trigger_controller_dag' retrieved from /home/ubuntu/reddit_venv/lib/python3.10/site-packages/airflow/example_dags/example_trigger_controller_dag.py
[2024-02-21T23:58:05.623+0000] {logging_mixin.py:188} INFO - [2024-02-21T23:58:05.623+0000] {dag.py:3036} INFO - Sync 1 DAGs
[2024-02-21T23:58:05.642+0000] {logging_mixin.py:188} INFO - [2024-02-21T23:58:05.641+0000] {dag.py:3823} INFO - Setting next_dagrun for example_trigger_controller_dag to 2021-01-01 00:00:00+00:00, run_after=2021-01-01 00:00:00+00:00
[2024-02-21T23:58:05.665+0000] {processor.py:183} INFO - Processing /home/ubuntu/reddit_venv/lib/python3.10/site-packages/airflow/example_dags/example_trigger_controller_dag.py took 0.149 seconds
[2024-02-21T23:58:53.844+0000] {processor.py:161} INFO - Started process (PID=2932) to work on /home/ubuntu/reddit_venv/lib/python3.10/site-packages/airflow/example_dags/example_trigger_controller_dag.py
[2024-02-21T23:58:53.846+0000] {processor.py:830} INFO - Processing file /home/ubuntu/reddit_venv/lib/python3.10/site-packages/airflow/example_dags/example_trigger_controller_dag.py for tasks to queue
[2024-02-21T23:58:53.846+0000] {logging_mixin.py:188} INFO - [2024-02-21T23:58:53.846+0000] {dagbag.py:538} INFO - Filling up the DagBag from /home/ubuntu/reddit_venv/lib/python3.10/site-packages/airflow/example_dags/example_trigger_controller_dag.py
[2024-02-21T23:58:53.852+0000] {processor.py:840} INFO - DAG(s) 'example_trigger_controller_dag' retrieved from /home/ubuntu/reddit_venv/lib/python3.10/site-packages/airflow/example_dags/example_trigger_controller_dag.py
[2024-02-21T23:58:53.867+0000] {logging_mixin.py:188} INFO - [2024-02-21T23:58:53.867+0000] {dag.py:3036} INFO - Sync 1 DAGs
[2024-02-21T23:58:53.887+0000] {logging_mixin.py:188} INFO - [2024-02-21T23:58:53.887+0000] {dag.py:3823} INFO - Setting next_dagrun for example_trigger_controller_dag to 2021-01-01 00:00:00+00:00, run_after=2021-01-01 00:00:00+00:00
[2024-02-21T23:58:53.909+0000] {processor.py:183} INFO - Processing /home/ubuntu/reddit_venv/lib/python3.10/site-packages/airflow/example_dags/example_trigger_controller_dag.py took 0.068 seconds
[2024-02-21T23:59:37.901+0000] {processor.py:161} INFO - Started process (PID=3521) to work on /home/ubuntu/reddit_venv/lib/python3.10/site-packages/airflow/example_dags/example_trigger_controller_dag.py
[2024-02-21T23:59:37.903+0000] {processor.py:830} INFO - Processing file /home/ubuntu/reddit_venv/lib/python3.10/site-packages/airflow/example_dags/example_trigger_controller_dag.py for tasks to queue
[2024-02-21T23:59:37.904+0000] {logging_mixin.py:188} INFO - [2024-02-21T23:59:37.903+0000] {dagbag.py:538} INFO - Filling up the DagBag from /home/ubuntu/reddit_venv/lib/python3.10/site-packages/airflow/example_dags/example_trigger_controller_dag.py
[2024-02-21T23:59:37.910+0000] {processor.py:840} INFO - DAG(s) 'example_trigger_controller_dag' retrieved from /home/ubuntu/reddit_venv/lib/python3.10/site-packages/airflow/example_dags/example_trigger_controller_dag.py
[2024-02-21T23:59:37.926+0000] {logging_mixin.py:188} INFO - [2024-02-21T23:59:37.926+0000] {dag.py:3036} INFO - Sync 1 DAGs
[2024-02-21T23:59:37.947+0000] {logging_mixin.py:188} INFO - [2024-02-21T23:59:37.947+0000] {dag.py:3823} INFO - Setting next_dagrun for example_trigger_controller_dag to 2021-01-01 00:00:00+00:00, run_after=2021-01-01 00:00:00+00:00
[2024-02-21T23:59:37.972+0000] {processor.py:183} INFO - Processing /home/ubuntu/reddit_venv/lib/python3.10/site-packages/airflow/example_dags/example_trigger_controller_dag.py took 0.074 seconds
