[2024-02-21T23:57:13.712+0000] {processor.py:161} INFO - Started process (PID=2042) to work on /home/ubuntu/reddit_venv/lib/python3.10/site-packages/airflow/example_dags/example_time_delta_sensor_async.py
[2024-02-21T23:57:13.713+0000] {processor.py:830} INFO - Processing file /home/ubuntu/reddit_venv/lib/python3.10/site-packages/airflow/example_dags/example_time_delta_sensor_async.py for tasks to queue
[2024-02-21T23:57:13.714+0000] {logging_mixin.py:188} INFO - [2024-02-21T23:57:13.713+0000] {dagbag.py:538} INFO - Filling up the DagBag from /home/ubuntu/reddit_venv/lib/python3.10/site-packages/airflow/example_dags/example_time_delta_sensor_async.py
[2024-02-21T23:57:13.721+0000] {processor.py:840} INFO - DAG(s) 'example_time_delta_sensor_async' retrieved from /home/ubuntu/reddit_venv/lib/python3.10/site-packages/airflow/example_dags/example_time_delta_sensor_async.py
[2024-02-21T23:57:13.729+0000] {logging_mixin.py:188} INFO - [2024-02-21T23:57:13.729+0000] {dag.py:3036} INFO - Sync 1 DAGs
[2024-02-21T23:57:13.743+0000] {logging_mixin.py:188} INFO - [2024-02-21T23:57:13.742+0000] {dag.py:3823} INFO - Setting next_dagrun for example_time_delta_sensor_async to None, run_after=None
[2024-02-21T23:57:13.765+0000] {processor.py:183} INFO - Processing /home/ubuntu/reddit_venv/lib/python3.10/site-packages/airflow/example_dags/example_time_delta_sensor_async.py took 0.057 seconds
[2024-02-21T23:58:09.552+0000] {processor.py:161} INFO - Started process (PID=2340) to work on /home/ubuntu/reddit_venv/lib/python3.10/site-packages/airflow/example_dags/example_time_delta_sensor_async.py
[2024-02-21T23:58:09.553+0000] {processor.py:830} INFO - Processing file /home/ubuntu/reddit_venv/lib/python3.10/site-packages/airflow/example_dags/example_time_delta_sensor_async.py for tasks to queue
[2024-02-21T23:58:09.554+0000] {logging_mixin.py:188} INFO - [2024-02-21T23:58:09.554+0000] {dagbag.py:538} INFO - Filling up the DagBag from /home/ubuntu/reddit_venv/lib/python3.10/site-packages/airflow/example_dags/example_time_delta_sensor_async.py
[2024-02-21T23:58:09.559+0000] {processor.py:840} INFO - DAG(s) 'example_time_delta_sensor_async' retrieved from /home/ubuntu/reddit_venv/lib/python3.10/site-packages/airflow/example_dags/example_time_delta_sensor_async.py
[2024-02-21T23:58:09.657+0000] {logging_mixin.py:188} INFO - [2024-02-21T23:58:09.656+0000] {dag.py:3036} INFO - Sync 1 DAGs
[2024-02-21T23:58:09.666+0000] {logging_mixin.py:188} INFO - [2024-02-21T23:58:09.666+0000] {dag.py:3823} INFO - Setting next_dagrun for example_time_delta_sensor_async to None, run_after=None
[2024-02-21T23:58:09.753+0000] {processor.py:183} INFO - Processing /home/ubuntu/reddit_venv/lib/python3.10/site-packages/airflow/example_dags/example_time_delta_sensor_async.py took 0.205 seconds
[2024-02-21T23:58:56.847+0000] {processor.py:161} INFO - Started process (PID=2998) to work on /home/ubuntu/reddit_venv/lib/python3.10/site-packages/airflow/example_dags/example_time_delta_sensor_async.py
[2024-02-21T23:58:56.848+0000] {processor.py:830} INFO - Processing file /home/ubuntu/reddit_venv/lib/python3.10/site-packages/airflow/example_dags/example_time_delta_sensor_async.py for tasks to queue
[2024-02-21T23:58:56.849+0000] {logging_mixin.py:188} INFO - [2024-02-21T23:58:56.849+0000] {dagbag.py:538} INFO - Filling up the DagBag from /home/ubuntu/reddit_venv/lib/python3.10/site-packages/airflow/example_dags/example_time_delta_sensor_async.py
[2024-02-21T23:58:56.855+0000] {processor.py:840} INFO - DAG(s) 'example_time_delta_sensor_async' retrieved from /home/ubuntu/reddit_venv/lib/python3.10/site-packages/airflow/example_dags/example_time_delta_sensor_async.py
[2024-02-21T23:58:56.871+0000] {logging_mixin.py:188} INFO - [2024-02-21T23:58:56.871+0000] {dag.py:3036} INFO - Sync 1 DAGs
[2024-02-21T23:58:56.883+0000] {logging_mixin.py:188} INFO - [2024-02-21T23:58:56.883+0000] {dag.py:3823} INFO - Setting next_dagrun for example_time_delta_sensor_async to None, run_after=None
[2024-02-21T23:58:56.906+0000] {processor.py:183} INFO - Processing /home/ubuntu/reddit_venv/lib/python3.10/site-packages/airflow/example_dags/example_time_delta_sensor_async.py took 0.062 seconds
