[2024-02-21T23:57:12.309+0000] {processor.py:161} INFO - Started process (PID=2040) to work on /home/ubuntu/reddit_venv/lib/python3.10/site-packages/airflow/example_dags/tutorial_taskflow_api_virtualenv.py
[2024-02-21T23:57:12.311+0000] {processor.py:830} INFO - Processing file /home/ubuntu/reddit_venv/lib/python3.10/site-packages/airflow/example_dags/tutorial_taskflow_api_virtualenv.py for tasks to queue
[2024-02-21T23:57:12.311+0000] {logging_mixin.py:188} INFO - [2024-02-21T23:57:12.311+0000] {dagbag.py:538} INFO - Filling up the DagBag from /home/ubuntu/reddit_venv/lib/python3.10/site-packages/airflow/example_dags/tutorial_taskflow_api_virtualenv.py
[2024-02-21T23:57:12.325+0000] {processor.py:840} INFO - DAG(s) 'tutorial_taskflow_api_virtualenv' retrieved from /home/ubuntu/reddit_venv/lib/python3.10/site-packages/airflow/example_dags/tutorial_taskflow_api_virtualenv.py
[2024-02-21T23:57:12.332+0000] {logging_mixin.py:188} INFO - [2024-02-21T23:57:12.332+0000] {dag.py:3036} INFO - Sync 1 DAGs
[2024-02-21T23:57:12.346+0000] {logging_mixin.py:188} INFO - [2024-02-21T23:57:12.346+0000] {dag.py:3823} INFO - Setting next_dagrun for tutorial_taskflow_api_virtualenv to None, run_after=None
[2024-02-21T23:57:12.370+0000] {processor.py:183} INFO - Processing /home/ubuntu/reddit_venv/lib/python3.10/site-packages/airflow/example_dags/tutorial_taskflow_api_virtualenv.py took 0.064 seconds
[2024-02-21T23:58:07.049+0000] {processor.py:161} INFO - Started process (PID=2337) to work on /home/ubuntu/reddit_venv/lib/python3.10/site-packages/airflow/example_dags/tutorial_taskflow_api_virtualenv.py
[2024-02-21T23:58:07.050+0000] {processor.py:830} INFO - Processing file /home/ubuntu/reddit_venv/lib/python3.10/site-packages/airflow/example_dags/tutorial_taskflow_api_virtualenv.py for tasks to queue
[2024-02-21T23:58:07.051+0000] {logging_mixin.py:188} INFO - [2024-02-21T23:58:07.051+0000] {dagbag.py:538} INFO - Filling up the DagBag from /home/ubuntu/reddit_venv/lib/python3.10/site-packages/airflow/example_dags/tutorial_taskflow_api_virtualenv.py
[2024-02-21T23:58:07.062+0000] {processor.py:840} INFO - DAG(s) 'tutorial_taskflow_api_virtualenv' retrieved from /home/ubuntu/reddit_venv/lib/python3.10/site-packages/airflow/example_dags/tutorial_taskflow_api_virtualenv.py
[2024-02-21T23:58:07.158+0000] {logging_mixin.py:188} INFO - [2024-02-21T23:58:07.158+0000] {dag.py:3036} INFO - Sync 1 DAGs
[2024-02-21T23:58:07.168+0000] {logging_mixin.py:188} INFO - [2024-02-21T23:58:07.168+0000] {dag.py:3823} INFO - Setting next_dagrun for tutorial_taskflow_api_virtualenv to None, run_after=None
[2024-02-21T23:58:07.192+0000] {processor.py:183} INFO - Processing /home/ubuntu/reddit_venv/lib/python3.10/site-packages/airflow/example_dags/tutorial_taskflow_api_virtualenv.py took 0.147 seconds
[2024-02-21T23:58:55.509+0000] {processor.py:161} INFO - Started process (PID=2960) to work on /home/ubuntu/reddit_venv/lib/python3.10/site-packages/airflow/example_dags/tutorial_taskflow_api_virtualenv.py
[2024-02-21T23:58:55.510+0000] {processor.py:830} INFO - Processing file /home/ubuntu/reddit_venv/lib/python3.10/site-packages/airflow/example_dags/tutorial_taskflow_api_virtualenv.py for tasks to queue
[2024-02-21T23:58:55.511+0000] {logging_mixin.py:188} INFO - [2024-02-21T23:58:55.511+0000] {dagbag.py:538} INFO - Filling up the DagBag from /home/ubuntu/reddit_venv/lib/python3.10/site-packages/airflow/example_dags/tutorial_taskflow_api_virtualenv.py
[2024-02-21T23:58:55.523+0000] {processor.py:840} INFO - DAG(s) 'tutorial_taskflow_api_virtualenv' retrieved from /home/ubuntu/reddit_venv/lib/python3.10/site-packages/airflow/example_dags/tutorial_taskflow_api_virtualenv.py
[2024-02-21T23:58:55.539+0000] {logging_mixin.py:188} INFO - [2024-02-21T23:58:55.539+0000] {dag.py:3036} INFO - Sync 1 DAGs
[2024-02-21T23:58:55.551+0000] {logging_mixin.py:188} INFO - [2024-02-21T23:58:55.550+0000] {dag.py:3823} INFO - Setting next_dagrun for tutorial_taskflow_api_virtualenv to None, run_after=None
[2024-02-21T23:58:55.572+0000] {processor.py:183} INFO - Processing /home/ubuntu/reddit_venv/lib/python3.10/site-packages/airflow/example_dags/tutorial_taskflow_api_virtualenv.py took 0.067 seconds
