[2024-02-14T23:09:38.646+0000] {processor.py:161} INFO - Started process (PID=1635) to work on /home/ubuntu/reddit_venv/lib/python3.10/site-packages/airflow/example_dags/plugins/event_listener.py
[2024-02-14T23:09:38.647+0000] {processor.py:830} INFO - Processing file /home/ubuntu/reddit_venv/lib/python3.10/site-packages/airflow/example_dags/plugins/event_listener.py for tasks to queue
[2024-02-14T23:09:38.648+0000] {logging_mixin.py:188} INFO - [2024-02-14T23:09:38.647+0000] {dagbag.py:538} INFO - Filling up the DagBag from /home/ubuntu/reddit_venv/lib/python3.10/site-packages/airflow/example_dags/plugins/event_listener.py
[2024-02-14T23:09:38.650+0000] {processor.py:842} WARNING - No viable dags retrieved from /home/ubuntu/reddit_venv/lib/python3.10/site-packages/airflow/example_dags/plugins/event_listener.py
[2024-02-14T23:09:38.660+0000] {processor.py:183} INFO - Processing /home/ubuntu/reddit_venv/lib/python3.10/site-packages/airflow/example_dags/plugins/event_listener.py took 0.018 seconds
[2024-02-14T23:10:29.558+0000] {processor.py:161} INFO - Started process (PID=1750) to work on /home/ubuntu/reddit_venv/lib/python3.10/site-packages/airflow/example_dags/plugins/event_listener.py
[2024-02-14T23:10:29.562+0000] {processor.py:830} INFO - Processing file /home/ubuntu/reddit_venv/lib/python3.10/site-packages/airflow/example_dags/plugins/event_listener.py for tasks to queue
[2024-02-14T23:10:29.563+0000] {logging_mixin.py:188} INFO - [2024-02-14T23:10:29.562+0000] {dagbag.py:538} INFO - Filling up the DagBag from /home/ubuntu/reddit_venv/lib/python3.10/site-packages/airflow/example_dags/plugins/event_listener.py
[2024-02-14T23:10:29.565+0000] {processor.py:842} WARNING - No viable dags retrieved from /home/ubuntu/reddit_venv/lib/python3.10/site-packages/airflow/example_dags/plugins/event_listener.py
[2024-02-14T23:10:29.576+0000] {processor.py:183} INFO - Processing /home/ubuntu/reddit_venv/lib/python3.10/site-packages/airflow/example_dags/plugins/event_listener.py took 0.021 seconds
[2024-02-14T23:11:20.581+0000] {processor.py:161} INFO - Started process (PID=1805) to work on /home/ubuntu/reddit_venv/lib/python3.10/site-packages/airflow/example_dags/plugins/event_listener.py
[2024-02-14T23:11:20.583+0000] {processor.py:830} INFO - Processing file /home/ubuntu/reddit_venv/lib/python3.10/site-packages/airflow/example_dags/plugins/event_listener.py for tasks to queue
[2024-02-14T23:11:20.584+0000] {logging_mixin.py:188} INFO - [2024-02-14T23:11:20.583+0000] {dagbag.py:538} INFO - Filling up the DagBag from /home/ubuntu/reddit_venv/lib/python3.10/site-packages/airflow/example_dags/plugins/event_listener.py
[2024-02-14T23:11:20.586+0000] {processor.py:842} WARNING - No viable dags retrieved from /home/ubuntu/reddit_venv/lib/python3.10/site-packages/airflow/example_dags/plugins/event_listener.py
[2024-02-14T23:11:20.596+0000] {processor.py:183} INFO - Processing /home/ubuntu/reddit_venv/lib/python3.10/site-packages/airflow/example_dags/plugins/event_listener.py took 0.018 seconds
[2024-02-14T23:12:00.814+0000] {processor.py:161} INFO - Started process (PID=1913) to work on /home/ubuntu/reddit_venv/lib/python3.10/site-packages/airflow/example_dags/plugins/event_listener.py
[2024-02-14T23:12:00.816+0000] {processor.py:830} INFO - Processing file /home/ubuntu/reddit_venv/lib/python3.10/site-packages/airflow/example_dags/plugins/event_listener.py for tasks to queue
[2024-02-14T23:12:00.817+0000] {logging_mixin.py:188} INFO - [2024-02-14T23:12:00.816+0000] {dagbag.py:538} INFO - Filling up the DagBag from /home/ubuntu/reddit_venv/lib/python3.10/site-packages/airflow/example_dags/plugins/event_listener.py
[2024-02-14T23:12:00.819+0000] {processor.py:842} WARNING - No viable dags retrieved from /home/ubuntu/reddit_venv/lib/python3.10/site-packages/airflow/example_dags/plugins/event_listener.py
[2024-02-14T23:12:00.829+0000] {processor.py:183} INFO - Processing /home/ubuntu/reddit_venv/lib/python3.10/site-packages/airflow/example_dags/plugins/event_listener.py took 0.018 seconds
[2024-02-14T23:12:41.056+0000] {processor.py:161} INFO - Started process (PID=2085) to work on /home/ubuntu/reddit_venv/lib/python3.10/site-packages/airflow/example_dags/plugins/event_listener.py
[2024-02-14T23:12:41.058+0000] {processor.py:830} INFO - Processing file /home/ubuntu/reddit_venv/lib/python3.10/site-packages/airflow/example_dags/plugins/event_listener.py for tasks to queue
[2024-02-14T23:12:41.059+0000] {logging_mixin.py:188} INFO - [2024-02-14T23:12:41.058+0000] {dagbag.py:538} INFO - Filling up the DagBag from /home/ubuntu/reddit_venv/lib/python3.10/site-packages/airflow/example_dags/plugins/event_listener.py
[2024-02-14T23:12:41.061+0000] {processor.py:842} WARNING - No viable dags retrieved from /home/ubuntu/reddit_venv/lib/python3.10/site-packages/airflow/example_dags/plugins/event_listener.py
[2024-02-14T23:12:41.071+0000] {processor.py:183} INFO - Processing /home/ubuntu/reddit_venv/lib/python3.10/site-packages/airflow/example_dags/plugins/event_listener.py took 0.018 seconds
[2024-02-14T23:13:21.131+0000] {processor.py:161} INFO - Started process (PID=2374) to work on /home/ubuntu/reddit_venv/lib/python3.10/site-packages/airflow/example_dags/plugins/event_listener.py
[2024-02-14T23:13:21.133+0000] {processor.py:830} INFO - Processing file /home/ubuntu/reddit_venv/lib/python3.10/site-packages/airflow/example_dags/plugins/event_listener.py for tasks to queue
[2024-02-14T23:13:21.134+0000] {logging_mixin.py:188} INFO - [2024-02-14T23:13:21.133+0000] {dagbag.py:538} INFO - Filling up the DagBag from /home/ubuntu/reddit_venv/lib/python3.10/site-packages/airflow/example_dags/plugins/event_listener.py
[2024-02-14T23:13:21.136+0000] {processor.py:842} WARNING - No viable dags retrieved from /home/ubuntu/reddit_venv/lib/python3.10/site-packages/airflow/example_dags/plugins/event_listener.py
[2024-02-14T23:13:21.146+0000] {processor.py:183} INFO - Processing /home/ubuntu/reddit_venv/lib/python3.10/site-packages/airflow/example_dags/plugins/event_listener.py took 0.018 seconds
[2024-02-14T23:14:02.254+0000] {processor.py:161} INFO - Started process (PID=2483) to work on /home/ubuntu/reddit_venv/lib/python3.10/site-packages/airflow/example_dags/plugins/event_listener.py
[2024-02-14T23:14:02.256+0000] {processor.py:830} INFO - Processing file /home/ubuntu/reddit_venv/lib/python3.10/site-packages/airflow/example_dags/plugins/event_listener.py for tasks to queue
[2024-02-14T23:14:02.257+0000] {logging_mixin.py:188} INFO - [2024-02-14T23:14:02.257+0000] {dagbag.py:538} INFO - Filling up the DagBag from /home/ubuntu/reddit_venv/lib/python3.10/site-packages/airflow/example_dags/plugins/event_listener.py
[2024-02-14T23:14:02.259+0000] {processor.py:842} WARNING - No viable dags retrieved from /home/ubuntu/reddit_venv/lib/python3.10/site-packages/airflow/example_dags/plugins/event_listener.py
[2024-02-14T23:14:02.269+0000] {processor.py:183} INFO - Processing /home/ubuntu/reddit_venv/lib/python3.10/site-packages/airflow/example_dags/plugins/event_listener.py took 0.018 seconds
[2024-02-14T23:14:43.646+0000] {processor.py:161} INFO - Started process (PID=2770) to work on /home/ubuntu/reddit_venv/lib/python3.10/site-packages/airflow/example_dags/plugins/event_listener.py
[2024-02-14T23:14:43.648+0000] {processor.py:830} INFO - Processing file /home/ubuntu/reddit_venv/lib/python3.10/site-packages/airflow/example_dags/plugins/event_listener.py for tasks to queue
[2024-02-14T23:14:43.648+0000] {logging_mixin.py:188} INFO - [2024-02-14T23:14:43.648+0000] {dagbag.py:538} INFO - Filling up the DagBag from /home/ubuntu/reddit_venv/lib/python3.10/site-packages/airflow/example_dags/plugins/event_listener.py
[2024-02-14T23:14:43.651+0000] {processor.py:842} WARNING - No viable dags retrieved from /home/ubuntu/reddit_venv/lib/python3.10/site-packages/airflow/example_dags/plugins/event_listener.py
[2024-02-14T23:14:43.661+0000] {processor.py:183} INFO - Processing /home/ubuntu/reddit_venv/lib/python3.10/site-packages/airflow/example_dags/plugins/event_listener.py took 0.018 seconds
[2024-02-14T23:15:23.929+0000] {processor.py:161} INFO - Started process (PID=2936) to work on /home/ubuntu/reddit_venv/lib/python3.10/site-packages/airflow/example_dags/plugins/event_listener.py
[2024-02-14T23:15:23.931+0000] {processor.py:830} INFO - Processing file /home/ubuntu/reddit_venv/lib/python3.10/site-packages/airflow/example_dags/plugins/event_listener.py for tasks to queue
[2024-02-14T23:15:23.932+0000] {logging_mixin.py:188} INFO - [2024-02-14T23:15:23.931+0000] {dagbag.py:538} INFO - Filling up the DagBag from /home/ubuntu/reddit_venv/lib/python3.10/site-packages/airflow/example_dags/plugins/event_listener.py
[2024-02-14T23:15:23.934+0000] {processor.py:842} WARNING - No viable dags retrieved from /home/ubuntu/reddit_venv/lib/python3.10/site-packages/airflow/example_dags/plugins/event_listener.py
[2024-02-14T23:15:23.944+0000] {processor.py:183} INFO - Processing /home/ubuntu/reddit_venv/lib/python3.10/site-packages/airflow/example_dags/plugins/event_listener.py took 0.018 seconds
[2024-02-14T23:16:03.167+0000] {processor.py:161} INFO - Started process (PID=3101) to work on /home/ubuntu/reddit_venv/lib/python3.10/site-packages/airflow/example_dags/plugins/event_listener.py
[2024-02-14T23:16:03.169+0000] {processor.py:830} INFO - Processing file /home/ubuntu/reddit_venv/lib/python3.10/site-packages/airflow/example_dags/plugins/event_listener.py for tasks to queue
[2024-02-14T23:16:03.170+0000] {logging_mixin.py:188} INFO - [2024-02-14T23:16:03.170+0000] {dagbag.py:538} INFO - Filling up the DagBag from /home/ubuntu/reddit_venv/lib/python3.10/site-packages/airflow/example_dags/plugins/event_listener.py
[2024-02-14T23:16:03.173+0000] {processor.py:842} WARNING - No viable dags retrieved from /home/ubuntu/reddit_venv/lib/python3.10/site-packages/airflow/example_dags/plugins/event_listener.py
[2024-02-14T23:16:03.183+0000] {processor.py:183} INFO - Processing /home/ubuntu/reddit_venv/lib/python3.10/site-packages/airflow/example_dags/plugins/event_listener.py took 0.019 seconds
[2024-02-14T23:16:52.024+0000] {processor.py:161} INFO - Started process (PID=3580) to work on /home/ubuntu/reddit_venv/lib/python3.10/site-packages/airflow/example_dags/plugins/event_listener.py
[2024-02-14T23:16:52.026+0000] {processor.py:830} INFO - Processing file /home/ubuntu/reddit_venv/lib/python3.10/site-packages/airflow/example_dags/plugins/event_listener.py for tasks to queue
[2024-02-14T23:16:52.027+0000] {logging_mixin.py:188} INFO - [2024-02-14T23:16:52.027+0000] {dagbag.py:538} INFO - Filling up the DagBag from /home/ubuntu/reddit_venv/lib/python3.10/site-packages/airflow/example_dags/plugins/event_listener.py
[2024-02-14T23:16:52.030+0000] {processor.py:842} WARNING - No viable dags retrieved from /home/ubuntu/reddit_venv/lib/python3.10/site-packages/airflow/example_dags/plugins/event_listener.py
[2024-02-14T23:16:52.040+0000] {processor.py:183} INFO - Processing /home/ubuntu/reddit_venv/lib/python3.10/site-packages/airflow/example_dags/plugins/event_listener.py took 0.019 seconds
[2024-02-14T23:17:38.383+0000] {processor.py:161} INFO - Started process (PID=4179) to work on /home/ubuntu/reddit_venv/lib/python3.10/site-packages/airflow/example_dags/plugins/event_listener.py
[2024-02-14T23:17:38.385+0000] {processor.py:830} INFO - Processing file /home/ubuntu/reddit_venv/lib/python3.10/site-packages/airflow/example_dags/plugins/event_listener.py for tasks to queue
[2024-02-14T23:17:38.386+0000] {logging_mixin.py:188} INFO - [2024-02-14T23:17:38.386+0000] {dagbag.py:538} INFO - Filling up the DagBag from /home/ubuntu/reddit_venv/lib/python3.10/site-packages/airflow/example_dags/plugins/event_listener.py
[2024-02-14T23:17:38.389+0000] {processor.py:842} WARNING - No viable dags retrieved from /home/ubuntu/reddit_venv/lib/python3.10/site-packages/airflow/example_dags/plugins/event_listener.py
[2024-02-14T23:17:38.399+0000] {processor.py:183} INFO - Processing /home/ubuntu/reddit_venv/lib/python3.10/site-packages/airflow/example_dags/plugins/event_listener.py took 0.019 seconds
[2024-02-14T23:18:17.835+0000] {processor.py:161} INFO - Started process (PID=4705) to work on /home/ubuntu/reddit_venv/lib/python3.10/site-packages/airflow/example_dags/plugins/event_listener.py
[2024-02-14T23:18:17.836+0000] {processor.py:830} INFO - Processing file /home/ubuntu/reddit_venv/lib/python3.10/site-packages/airflow/example_dags/plugins/event_listener.py for tasks to queue
[2024-02-14T23:18:17.837+0000] {logging_mixin.py:188} INFO - [2024-02-14T23:18:17.837+0000] {dagbag.py:538} INFO - Filling up the DagBag from /home/ubuntu/reddit_venv/lib/python3.10/site-packages/airflow/example_dags/plugins/event_listener.py
[2024-02-14T23:18:17.839+0000] {processor.py:842} WARNING - No viable dags retrieved from /home/ubuntu/reddit_venv/lib/python3.10/site-packages/airflow/example_dags/plugins/event_listener.py
[2024-02-14T23:18:17.849+0000] {processor.py:183} INFO - Processing /home/ubuntu/reddit_venv/lib/python3.10/site-packages/airflow/example_dags/plugins/event_listener.py took 0.018 seconds
[2024-02-14T23:18:59.384+0000] {processor.py:161} INFO - Started process (PID=5234) to work on /home/ubuntu/reddit_venv/lib/python3.10/site-packages/airflow/example_dags/plugins/event_listener.py
[2024-02-14T23:18:59.385+0000] {processor.py:830} INFO - Processing file /home/ubuntu/reddit_venv/lib/python3.10/site-packages/airflow/example_dags/plugins/event_listener.py for tasks to queue
[2024-02-14T23:18:59.386+0000] {logging_mixin.py:188} INFO - [2024-02-14T23:18:59.386+0000] {dagbag.py:538} INFO - Filling up the DagBag from /home/ubuntu/reddit_venv/lib/python3.10/site-packages/airflow/example_dags/plugins/event_listener.py
[2024-02-14T23:18:59.388+0000] {processor.py:842} WARNING - No viable dags retrieved from /home/ubuntu/reddit_venv/lib/python3.10/site-packages/airflow/example_dags/plugins/event_listener.py
[2024-02-14T23:18:59.398+0000] {processor.py:183} INFO - Processing /home/ubuntu/reddit_venv/lib/python3.10/site-packages/airflow/example_dags/plugins/event_listener.py took 0.018 seconds
[2024-02-14T23:19:39.048+0000] {processor.py:161} INFO - Started process (PID=5583) to work on /home/ubuntu/reddit_venv/lib/python3.10/site-packages/airflow/example_dags/plugins/event_listener.py
[2024-02-14T23:19:39.049+0000] {processor.py:830} INFO - Processing file /home/ubuntu/reddit_venv/lib/python3.10/site-packages/airflow/example_dags/plugins/event_listener.py for tasks to queue
[2024-02-14T23:19:39.050+0000] {logging_mixin.py:188} INFO - [2024-02-14T23:19:39.050+0000] {dagbag.py:538} INFO - Filling up the DagBag from /home/ubuntu/reddit_venv/lib/python3.10/site-packages/airflow/example_dags/plugins/event_listener.py
[2024-02-14T23:19:39.053+0000] {processor.py:842} WARNING - No viable dags retrieved from /home/ubuntu/reddit_venv/lib/python3.10/site-packages/airflow/example_dags/plugins/event_listener.py
[2024-02-14T23:19:39.063+0000] {processor.py:183} INFO - Processing /home/ubuntu/reddit_venv/lib/python3.10/site-packages/airflow/example_dags/plugins/event_listener.py took 0.018 seconds
[2024-02-14T23:20:16.201+0000] {processor.py:161} INFO - Started process (PID=5625) to work on /home/ubuntu/reddit_venv/lib/python3.10/site-packages/airflow/example_dags/plugins/event_listener.py
[2024-02-14T23:20:16.202+0000] {processor.py:830} INFO - Processing file /home/ubuntu/reddit_venv/lib/python3.10/site-packages/airflow/example_dags/plugins/event_listener.py for tasks to queue
[2024-02-14T23:20:16.203+0000] {logging_mixin.py:188} INFO - [2024-02-14T23:20:16.203+0000] {dagbag.py:538} INFO - Filling up the DagBag from /home/ubuntu/reddit_venv/lib/python3.10/site-packages/airflow/example_dags/plugins/event_listener.py
[2024-02-14T23:20:16.206+0000] {processor.py:842} WARNING - No viable dags retrieved from /home/ubuntu/reddit_venv/lib/python3.10/site-packages/airflow/example_dags/plugins/event_listener.py
[2024-02-14T23:20:16.215+0000] {processor.py:183} INFO - Processing /home/ubuntu/reddit_venv/lib/python3.10/site-packages/airflow/example_dags/plugins/event_listener.py took 0.018 seconds
[2024-02-14T23:20:53.951+0000] {processor.py:161} INFO - Started process (PID=5730) to work on /home/ubuntu/reddit_venv/lib/python3.10/site-packages/airflow/example_dags/plugins/event_listener.py
[2024-02-14T23:20:53.952+0000] {processor.py:830} INFO - Processing file /home/ubuntu/reddit_venv/lib/python3.10/site-packages/airflow/example_dags/plugins/event_listener.py for tasks to queue
[2024-02-14T23:20:53.953+0000] {logging_mixin.py:188} INFO - [2024-02-14T23:20:53.953+0000] {dagbag.py:538} INFO - Filling up the DagBag from /home/ubuntu/reddit_venv/lib/python3.10/site-packages/airflow/example_dags/plugins/event_listener.py
[2024-02-14T23:20:53.956+0000] {processor.py:842} WARNING - No viable dags retrieved from /home/ubuntu/reddit_venv/lib/python3.10/site-packages/airflow/example_dags/plugins/event_listener.py
[2024-02-14T23:20:53.966+0000] {processor.py:183} INFO - Processing /home/ubuntu/reddit_venv/lib/python3.10/site-packages/airflow/example_dags/plugins/event_listener.py took 0.018 seconds
[2024-02-14T23:21:32.490+0000] {processor.py:161} INFO - Started process (PID=5832) to work on /home/ubuntu/reddit_venv/lib/python3.10/site-packages/airflow/example_dags/plugins/event_listener.py
[2024-02-14T23:21:32.492+0000] {processor.py:830} INFO - Processing file /home/ubuntu/reddit_venv/lib/python3.10/site-packages/airflow/example_dags/plugins/event_listener.py for tasks to queue
[2024-02-14T23:21:32.493+0000] {logging_mixin.py:188} INFO - [2024-02-14T23:21:32.492+0000] {dagbag.py:538} INFO - Filling up the DagBag from /home/ubuntu/reddit_venv/lib/python3.10/site-packages/airflow/example_dags/plugins/event_listener.py
[2024-02-14T23:21:32.495+0000] {processor.py:842} WARNING - No viable dags retrieved from /home/ubuntu/reddit_venv/lib/python3.10/site-packages/airflow/example_dags/plugins/event_listener.py
[2024-02-14T23:21:32.505+0000] {processor.py:183} INFO - Processing /home/ubuntu/reddit_venv/lib/python3.10/site-packages/airflow/example_dags/plugins/event_listener.py took 0.018 seconds
[2024-02-14T23:22:15.403+0000] {processor.py:161} INFO - Started process (PID=6003) to work on /home/ubuntu/reddit_venv/lib/python3.10/site-packages/airflow/example_dags/plugins/event_listener.py
[2024-02-14T23:22:15.404+0000] {processor.py:830} INFO - Processing file /home/ubuntu/reddit_venv/lib/python3.10/site-packages/airflow/example_dags/plugins/event_listener.py for tasks to queue
[2024-02-14T23:22:15.405+0000] {logging_mixin.py:188} INFO - [2024-02-14T23:22:15.405+0000] {dagbag.py:538} INFO - Filling up the DagBag from /home/ubuntu/reddit_venv/lib/python3.10/site-packages/airflow/example_dags/plugins/event_listener.py
[2024-02-14T23:22:15.408+0000] {processor.py:842} WARNING - No viable dags retrieved from /home/ubuntu/reddit_venv/lib/python3.10/site-packages/airflow/example_dags/plugins/event_listener.py
[2024-02-14T23:22:15.418+0000] {processor.py:183} INFO - Processing /home/ubuntu/reddit_venv/lib/python3.10/site-packages/airflow/example_dags/plugins/event_listener.py took 0.019 seconds
[2024-02-14T23:22:56.498+0000] {processor.py:161} INFO - Started process (PID=6112) to work on /home/ubuntu/reddit_venv/lib/python3.10/site-packages/airflow/example_dags/plugins/event_listener.py
[2024-02-14T23:22:56.500+0000] {processor.py:830} INFO - Processing file /home/ubuntu/reddit_venv/lib/python3.10/site-packages/airflow/example_dags/plugins/event_listener.py for tasks to queue
[2024-02-14T23:22:56.501+0000] {logging_mixin.py:188} INFO - [2024-02-14T23:22:56.500+0000] {dagbag.py:538} INFO - Filling up the DagBag from /home/ubuntu/reddit_venv/lib/python3.10/site-packages/airflow/example_dags/plugins/event_listener.py
[2024-02-14T23:22:56.503+0000] {processor.py:842} WARNING - No viable dags retrieved from /home/ubuntu/reddit_venv/lib/python3.10/site-packages/airflow/example_dags/plugins/event_listener.py
[2024-02-14T23:22:56.513+0000] {processor.py:183} INFO - Processing /home/ubuntu/reddit_venv/lib/python3.10/site-packages/airflow/example_dags/plugins/event_listener.py took 0.018 seconds
[2024-02-14T23:23:36.238+0000] {processor.py:161} INFO - Started process (PID=6221) to work on /home/ubuntu/reddit_venv/lib/python3.10/site-packages/airflow/example_dags/plugins/event_listener.py
[2024-02-14T23:23:36.240+0000] {processor.py:830} INFO - Processing file /home/ubuntu/reddit_venv/lib/python3.10/site-packages/airflow/example_dags/plugins/event_listener.py for tasks to queue
[2024-02-14T23:23:36.241+0000] {logging_mixin.py:188} INFO - [2024-02-14T23:23:36.240+0000] {dagbag.py:538} INFO - Filling up the DagBag from /home/ubuntu/reddit_venv/lib/python3.10/site-packages/airflow/example_dags/plugins/event_listener.py
[2024-02-14T23:23:36.243+0000] {processor.py:842} WARNING - No viable dags retrieved from /home/ubuntu/reddit_venv/lib/python3.10/site-packages/airflow/example_dags/plugins/event_listener.py
[2024-02-14T23:23:36.253+0000] {processor.py:183} INFO - Processing /home/ubuntu/reddit_venv/lib/python3.10/site-packages/airflow/example_dags/plugins/event_listener.py took 0.018 seconds
[2024-02-14T23:24:30.720+0000] {processor.py:161} INFO - Started process (PID=6369) to work on /home/ubuntu/reddit_venv/lib/python3.10/site-packages/airflow/example_dags/plugins/event_listener.py
[2024-02-14T23:24:30.721+0000] {processor.py:830} INFO - Processing file /home/ubuntu/reddit_venv/lib/python3.10/site-packages/airflow/example_dags/plugins/event_listener.py for tasks to queue
[2024-02-14T23:24:30.722+0000] {logging_mixin.py:188} INFO - [2024-02-14T23:24:30.722+0000] {dagbag.py:538} INFO - Filling up the DagBag from /home/ubuntu/reddit_venv/lib/python3.10/site-packages/airflow/example_dags/plugins/event_listener.py
[2024-02-14T23:24:30.725+0000] {processor.py:842} WARNING - No viable dags retrieved from /home/ubuntu/reddit_venv/lib/python3.10/site-packages/airflow/example_dags/plugins/event_listener.py
[2024-02-14T23:24:30.735+0000] {processor.py:183} INFO - Processing /home/ubuntu/reddit_venv/lib/python3.10/site-packages/airflow/example_dags/plugins/event_listener.py took 0.018 seconds
[2024-02-14T23:25:08.290+0000] {processor.py:161} INFO - Started process (PID=6449) to work on /home/ubuntu/reddit_venv/lib/python3.10/site-packages/airflow/example_dags/plugins/event_listener.py
[2024-02-14T23:25:08.292+0000] {processor.py:830} INFO - Processing file /home/ubuntu/reddit_venv/lib/python3.10/site-packages/airflow/example_dags/plugins/event_listener.py for tasks to queue
[2024-02-14T23:25:08.293+0000] {logging_mixin.py:188} INFO - [2024-02-14T23:25:08.292+0000] {dagbag.py:538} INFO - Filling up the DagBag from /home/ubuntu/reddit_venv/lib/python3.10/site-packages/airflow/example_dags/plugins/event_listener.py
[2024-02-14T23:25:08.295+0000] {processor.py:842} WARNING - No viable dags retrieved from /home/ubuntu/reddit_venv/lib/python3.10/site-packages/airflow/example_dags/plugins/event_listener.py
[2024-02-14T23:25:08.305+0000] {processor.py:183} INFO - Processing /home/ubuntu/reddit_venv/lib/python3.10/site-packages/airflow/example_dags/plugins/event_listener.py took 0.018 seconds
[2024-02-14T23:25:46.257+0000] {processor.py:161} INFO - Started process (PID=6554) to work on /home/ubuntu/reddit_venv/lib/python3.10/site-packages/airflow/example_dags/plugins/event_listener.py
[2024-02-14T23:25:46.259+0000] {processor.py:830} INFO - Processing file /home/ubuntu/reddit_venv/lib/python3.10/site-packages/airflow/example_dags/plugins/event_listener.py for tasks to queue
[2024-02-14T23:25:46.260+0000] {logging_mixin.py:188} INFO - [2024-02-14T23:25:46.259+0000] {dagbag.py:538} INFO - Filling up the DagBag from /home/ubuntu/reddit_venv/lib/python3.10/site-packages/airflow/example_dags/plugins/event_listener.py
[2024-02-14T23:25:46.262+0000] {processor.py:842} WARNING - No viable dags retrieved from /home/ubuntu/reddit_venv/lib/python3.10/site-packages/airflow/example_dags/plugins/event_listener.py
[2024-02-14T23:25:46.272+0000] {processor.py:183} INFO - Processing /home/ubuntu/reddit_venv/lib/python3.10/site-packages/airflow/example_dags/plugins/event_listener.py took 0.018 seconds
[2024-02-14T23:26:26.396+0000] {processor.py:161} INFO - Started process (PID=6623) to work on /home/ubuntu/reddit_venv/lib/python3.10/site-packages/airflow/example_dags/plugins/event_listener.py
[2024-02-14T23:26:26.398+0000] {processor.py:830} INFO - Processing file /home/ubuntu/reddit_venv/lib/python3.10/site-packages/airflow/example_dags/plugins/event_listener.py for tasks to queue
[2024-02-14T23:26:26.399+0000] {logging_mixin.py:188} INFO - [2024-02-14T23:26:26.398+0000] {dagbag.py:538} INFO - Filling up the DagBag from /home/ubuntu/reddit_venv/lib/python3.10/site-packages/airflow/example_dags/plugins/event_listener.py
[2024-02-14T23:26:26.401+0000] {processor.py:842} WARNING - No viable dags retrieved from /home/ubuntu/reddit_venv/lib/python3.10/site-packages/airflow/example_dags/plugins/event_listener.py
[2024-02-14T23:26:26.411+0000] {processor.py:183} INFO - Processing /home/ubuntu/reddit_venv/lib/python3.10/site-packages/airflow/example_dags/plugins/event_listener.py took 0.018 seconds
[2024-02-14T23:27:13.194+0000] {processor.py:161} INFO - Started process (PID=6833) to work on /home/ubuntu/reddit_venv/lib/python3.10/site-packages/airflow/example_dags/plugins/event_listener.py
[2024-02-14T23:27:13.195+0000] {processor.py:830} INFO - Processing file /home/ubuntu/reddit_venv/lib/python3.10/site-packages/airflow/example_dags/plugins/event_listener.py for tasks to queue
[2024-02-14T23:27:13.196+0000] {logging_mixin.py:188} INFO - [2024-02-14T23:27:13.196+0000] {dagbag.py:538} INFO - Filling up the DagBag from /home/ubuntu/reddit_venv/lib/python3.10/site-packages/airflow/example_dags/plugins/event_listener.py
[2024-02-14T23:27:13.199+0000] {processor.py:842} WARNING - No viable dags retrieved from /home/ubuntu/reddit_venv/lib/python3.10/site-packages/airflow/example_dags/plugins/event_listener.py
[2024-02-14T23:27:13.209+0000] {processor.py:183} INFO - Processing /home/ubuntu/reddit_venv/lib/python3.10/site-packages/airflow/example_dags/plugins/event_listener.py took 0.019 seconds
[2024-02-14T23:27:55.405+0000] {processor.py:161} INFO - Started process (PID=6941) to work on /home/ubuntu/reddit_venv/lib/python3.10/site-packages/airflow/example_dags/plugins/event_listener.py
[2024-02-14T23:27:55.407+0000] {processor.py:830} INFO - Processing file /home/ubuntu/reddit_venv/lib/python3.10/site-packages/airflow/example_dags/plugins/event_listener.py for tasks to queue
[2024-02-14T23:27:55.407+0000] {logging_mixin.py:188} INFO - [2024-02-14T23:27:55.407+0000] {dagbag.py:538} INFO - Filling up the DagBag from /home/ubuntu/reddit_venv/lib/python3.10/site-packages/airflow/example_dags/plugins/event_listener.py
[2024-02-14T23:27:55.410+0000] {processor.py:842} WARNING - No viable dags retrieved from /home/ubuntu/reddit_venv/lib/python3.10/site-packages/airflow/example_dags/plugins/event_listener.py
[2024-02-14T23:27:55.420+0000] {processor.py:183} INFO - Processing /home/ubuntu/reddit_venv/lib/python3.10/site-packages/airflow/example_dags/plugins/event_listener.py took 0.019 seconds
[2024-02-14T23:28:35.041+0000] {processor.py:161} INFO - Started process (PID=7047) to work on /home/ubuntu/reddit_venv/lib/python3.10/site-packages/airflow/example_dags/plugins/event_listener.py
[2024-02-14T23:28:35.043+0000] {processor.py:830} INFO - Processing file /home/ubuntu/reddit_venv/lib/python3.10/site-packages/airflow/example_dags/plugins/event_listener.py for tasks to queue
[2024-02-14T23:28:35.044+0000] {logging_mixin.py:188} INFO - [2024-02-14T23:28:35.043+0000] {dagbag.py:538} INFO - Filling up the DagBag from /home/ubuntu/reddit_venv/lib/python3.10/site-packages/airflow/example_dags/plugins/event_listener.py
[2024-02-14T23:28:35.046+0000] {processor.py:842} WARNING - No viable dags retrieved from /home/ubuntu/reddit_venv/lib/python3.10/site-packages/airflow/example_dags/plugins/event_listener.py
[2024-02-14T23:28:35.056+0000] {processor.py:183} INFO - Processing /home/ubuntu/reddit_venv/lib/python3.10/site-packages/airflow/example_dags/plugins/event_listener.py took 0.018 seconds
[2024-02-14T23:29:14.063+0000] {processor.py:161} INFO - Started process (PID=7092) to work on /home/ubuntu/reddit_venv/lib/python3.10/site-packages/airflow/example_dags/plugins/event_listener.py
[2024-02-14T23:29:14.064+0000] {processor.py:830} INFO - Processing file /home/ubuntu/reddit_venv/lib/python3.10/site-packages/airflow/example_dags/plugins/event_listener.py for tasks to queue
[2024-02-14T23:29:14.065+0000] {logging_mixin.py:188} INFO - [2024-02-14T23:29:14.065+0000] {dagbag.py:538} INFO - Filling up the DagBag from /home/ubuntu/reddit_venv/lib/python3.10/site-packages/airflow/example_dags/plugins/event_listener.py
[2024-02-14T23:29:14.067+0000] {processor.py:842} WARNING - No viable dags retrieved from /home/ubuntu/reddit_venv/lib/python3.10/site-packages/airflow/example_dags/plugins/event_listener.py
[2024-02-14T23:29:14.077+0000] {processor.py:183} INFO - Processing /home/ubuntu/reddit_venv/lib/python3.10/site-packages/airflow/example_dags/plugins/event_listener.py took 0.018 seconds
[2024-02-14T23:30:08.290+0000] {processor.py:161} INFO - Started process (PID=7273) to work on /home/ubuntu/reddit_venv/lib/python3.10/site-packages/airflow/example_dags/plugins/event_listener.py
[2024-02-14T23:30:08.291+0000] {processor.py:830} INFO - Processing file /home/ubuntu/reddit_venv/lib/python3.10/site-packages/airflow/example_dags/plugins/event_listener.py for tasks to queue
[2024-02-14T23:30:08.292+0000] {logging_mixin.py:188} INFO - [2024-02-14T23:30:08.292+0000] {dagbag.py:538} INFO - Filling up the DagBag from /home/ubuntu/reddit_venv/lib/python3.10/site-packages/airflow/example_dags/plugins/event_listener.py
[2024-02-14T23:30:08.295+0000] {processor.py:842} WARNING - No viable dags retrieved from /home/ubuntu/reddit_venv/lib/python3.10/site-packages/airflow/example_dags/plugins/event_listener.py
[2024-02-14T23:30:08.305+0000] {processor.py:183} INFO - Processing /home/ubuntu/reddit_venv/lib/python3.10/site-packages/airflow/example_dags/plugins/event_listener.py took 0.019 seconds
[2024-02-14T23:30:46.541+0000] {processor.py:161} INFO - Started process (PID=7377) to work on /home/ubuntu/reddit_venv/lib/python3.10/site-packages/airflow/example_dags/plugins/event_listener.py
[2024-02-14T23:30:46.543+0000] {processor.py:830} INFO - Processing file /home/ubuntu/reddit_venv/lib/python3.10/site-packages/airflow/example_dags/plugins/event_listener.py for tasks to queue
[2024-02-14T23:30:46.544+0000] {logging_mixin.py:188} INFO - [2024-02-14T23:30:46.543+0000] {dagbag.py:538} INFO - Filling up the DagBag from /home/ubuntu/reddit_venv/lib/python3.10/site-packages/airflow/example_dags/plugins/event_listener.py
[2024-02-14T23:30:46.546+0000] {processor.py:842} WARNING - No viable dags retrieved from /home/ubuntu/reddit_venv/lib/python3.10/site-packages/airflow/example_dags/plugins/event_listener.py
[2024-02-14T23:30:46.557+0000] {processor.py:183} INFO - Processing /home/ubuntu/reddit_venv/lib/python3.10/site-packages/airflow/example_dags/plugins/event_listener.py took 0.019 seconds
[2024-02-14T23:31:43.130+0000] {processor.py:161} INFO - Started process (PID=7502) to work on /home/ubuntu/reddit_venv/lib/python3.10/site-packages/airflow/example_dags/plugins/event_listener.py
[2024-02-14T23:31:43.131+0000] {processor.py:830} INFO - Processing file /home/ubuntu/reddit_venv/lib/python3.10/site-packages/airflow/example_dags/plugins/event_listener.py for tasks to queue
[2024-02-14T23:31:43.132+0000] {logging_mixin.py:188} INFO - [2024-02-14T23:31:43.132+0000] {dagbag.py:538} INFO - Filling up the DagBag from /home/ubuntu/reddit_venv/lib/python3.10/site-packages/airflow/example_dags/plugins/event_listener.py
[2024-02-14T23:31:43.135+0000] {processor.py:842} WARNING - No viable dags retrieved from /home/ubuntu/reddit_venv/lib/python3.10/site-packages/airflow/example_dags/plugins/event_listener.py
[2024-02-14T23:31:43.145+0000] {processor.py:183} INFO - Processing /home/ubuntu/reddit_venv/lib/python3.10/site-packages/airflow/example_dags/plugins/event_listener.py took 0.018 seconds
[2024-02-14T23:32:22.889+0000] {processor.py:161} INFO - Started process (PID=7547) to work on /home/ubuntu/reddit_venv/lib/python3.10/site-packages/airflow/example_dags/plugins/event_listener.py
[2024-02-14T23:32:22.890+0000] {processor.py:830} INFO - Processing file /home/ubuntu/reddit_venv/lib/python3.10/site-packages/airflow/example_dags/plugins/event_listener.py for tasks to queue
[2024-02-14T23:32:22.891+0000] {logging_mixin.py:188} INFO - [2024-02-14T23:32:22.891+0000] {dagbag.py:538} INFO - Filling up the DagBag from /home/ubuntu/reddit_venv/lib/python3.10/site-packages/airflow/example_dags/plugins/event_listener.py
[2024-02-14T23:32:22.894+0000] {processor.py:842} WARNING - No viable dags retrieved from /home/ubuntu/reddit_venv/lib/python3.10/site-packages/airflow/example_dags/plugins/event_listener.py
[2024-02-14T23:32:22.904+0000] {processor.py:183} INFO - Processing /home/ubuntu/reddit_venv/lib/python3.10/site-packages/airflow/example_dags/plugins/event_listener.py took 0.019 seconds
[2024-02-14T23:33:01.172+0000] {processor.py:161} INFO - Started process (PID=7712) to work on /home/ubuntu/reddit_venv/lib/python3.10/site-packages/airflow/example_dags/plugins/event_listener.py
[2024-02-14T23:33:01.173+0000] {processor.py:830} INFO - Processing file /home/ubuntu/reddit_venv/lib/python3.10/site-packages/airflow/example_dags/plugins/event_listener.py for tasks to queue
[2024-02-14T23:33:01.174+0000] {logging_mixin.py:188} INFO - [2024-02-14T23:33:01.174+0000] {dagbag.py:538} INFO - Filling up the DagBag from /home/ubuntu/reddit_venv/lib/python3.10/site-packages/airflow/example_dags/plugins/event_listener.py
[2024-02-14T23:33:01.177+0000] {processor.py:842} WARNING - No viable dags retrieved from /home/ubuntu/reddit_venv/lib/python3.10/site-packages/airflow/example_dags/plugins/event_listener.py
[2024-02-14T23:33:01.187+0000] {processor.py:183} INFO - Processing /home/ubuntu/reddit_venv/lib/python3.10/site-packages/airflow/example_dags/plugins/event_listener.py took 0.018 seconds
[2024-02-14T23:33:39.956+0000] {processor.py:161} INFO - Started process (PID=7818) to work on /home/ubuntu/reddit_venv/lib/python3.10/site-packages/airflow/example_dags/plugins/event_listener.py
[2024-02-14T23:33:39.957+0000] {processor.py:830} INFO - Processing file /home/ubuntu/reddit_venv/lib/python3.10/site-packages/airflow/example_dags/plugins/event_listener.py for tasks to queue
[2024-02-14T23:33:39.958+0000] {logging_mixin.py:188} INFO - [2024-02-14T23:33:39.958+0000] {dagbag.py:538} INFO - Filling up the DagBag from /home/ubuntu/reddit_venv/lib/python3.10/site-packages/airflow/example_dags/plugins/event_listener.py
[2024-02-14T23:33:39.960+0000] {processor.py:842} WARNING - No viable dags retrieved from /home/ubuntu/reddit_venv/lib/python3.10/site-packages/airflow/example_dags/plugins/event_listener.py
[2024-02-14T23:33:39.970+0000] {processor.py:183} INFO - Processing /home/ubuntu/reddit_venv/lib/python3.10/site-packages/airflow/example_dags/plugins/event_listener.py took 0.018 seconds
[2024-02-14T23:34:33.476+0000] {processor.py:161} INFO - Started process (PID=7942) to work on /home/ubuntu/reddit_venv/lib/python3.10/site-packages/airflow/example_dags/plugins/event_listener.py
[2024-02-14T23:34:33.478+0000] {processor.py:830} INFO - Processing file /home/ubuntu/reddit_venv/lib/python3.10/site-packages/airflow/example_dags/plugins/event_listener.py for tasks to queue
[2024-02-14T23:34:33.478+0000] {logging_mixin.py:188} INFO - [2024-02-14T23:34:33.478+0000] {dagbag.py:538} INFO - Filling up the DagBag from /home/ubuntu/reddit_venv/lib/python3.10/site-packages/airflow/example_dags/plugins/event_listener.py
[2024-02-14T23:34:33.481+0000] {processor.py:842} WARNING - No viable dags retrieved from /home/ubuntu/reddit_venv/lib/python3.10/site-packages/airflow/example_dags/plugins/event_listener.py
[2024-02-14T23:34:33.491+0000] {processor.py:183} INFO - Processing /home/ubuntu/reddit_venv/lib/python3.10/site-packages/airflow/example_dags/plugins/event_listener.py took 0.019 seconds
[2024-02-14T23:35:11.493+0000] {processor.py:161} INFO - Started process (PID=7983) to work on /home/ubuntu/reddit_venv/lib/python3.10/site-packages/airflow/example_dags/plugins/event_listener.py
[2024-02-14T23:35:11.494+0000] {processor.py:830} INFO - Processing file /home/ubuntu/reddit_venv/lib/python3.10/site-packages/airflow/example_dags/plugins/event_listener.py for tasks to queue
[2024-02-14T23:35:11.495+0000] {logging_mixin.py:188} INFO - [2024-02-14T23:35:11.495+0000] {dagbag.py:538} INFO - Filling up the DagBag from /home/ubuntu/reddit_venv/lib/python3.10/site-packages/airflow/example_dags/plugins/event_listener.py
[2024-02-14T23:35:11.498+0000] {processor.py:842} WARNING - No viable dags retrieved from /home/ubuntu/reddit_venv/lib/python3.10/site-packages/airflow/example_dags/plugins/event_listener.py
[2024-02-14T23:35:11.508+0000] {processor.py:183} INFO - Processing /home/ubuntu/reddit_venv/lib/python3.10/site-packages/airflow/example_dags/plugins/event_listener.py took 0.019 seconds
[2024-02-14T23:35:50.932+0000] {processor.py:161} INFO - Started process (PID=8089) to work on /home/ubuntu/reddit_venv/lib/python3.10/site-packages/airflow/example_dags/plugins/event_listener.py
[2024-02-14T23:35:50.934+0000] {processor.py:830} INFO - Processing file /home/ubuntu/reddit_venv/lib/python3.10/site-packages/airflow/example_dags/plugins/event_listener.py for tasks to queue
[2024-02-14T23:35:50.935+0000] {logging_mixin.py:188} INFO - [2024-02-14T23:35:50.935+0000] {dagbag.py:538} INFO - Filling up the DagBag from /home/ubuntu/reddit_venv/lib/python3.10/site-packages/airflow/example_dags/plugins/event_listener.py
[2024-02-14T23:35:50.937+0000] {processor.py:842} WARNING - No viable dags retrieved from /home/ubuntu/reddit_venv/lib/python3.10/site-packages/airflow/example_dags/plugins/event_listener.py
[2024-02-14T23:35:50.948+0000] {processor.py:183} INFO - Processing /home/ubuntu/reddit_venv/lib/python3.10/site-packages/airflow/example_dags/plugins/event_listener.py took 0.018 seconds
[2024-02-14T23:36:48.288+0000] {processor.py:161} INFO - Started process (PID=8214) to work on /home/ubuntu/reddit_venv/lib/python3.10/site-packages/airflow/example_dags/plugins/event_listener.py
[2024-02-14T23:36:48.289+0000] {processor.py:830} INFO - Processing file /home/ubuntu/reddit_venv/lib/python3.10/site-packages/airflow/example_dags/plugins/event_listener.py for tasks to queue
[2024-02-14T23:36:48.290+0000] {logging_mixin.py:188} INFO - [2024-02-14T23:36:48.289+0000] {dagbag.py:538} INFO - Filling up the DagBag from /home/ubuntu/reddit_venv/lib/python3.10/site-packages/airflow/example_dags/plugins/event_listener.py
[2024-02-14T23:36:48.292+0000] {processor.py:842} WARNING - No viable dags retrieved from /home/ubuntu/reddit_venv/lib/python3.10/site-packages/airflow/example_dags/plugins/event_listener.py
[2024-02-14T23:36:48.302+0000] {processor.py:183} INFO - Processing /home/ubuntu/reddit_venv/lib/python3.10/site-packages/airflow/example_dags/plugins/event_listener.py took 0.018 seconds
[2024-02-14T23:37:28.044+0000] {processor.py:161} INFO - Started process (PID=8322) to work on /home/ubuntu/reddit_venv/lib/python3.10/site-packages/airflow/example_dags/plugins/event_listener.py
[2024-02-14T23:37:28.046+0000] {processor.py:830} INFO - Processing file /home/ubuntu/reddit_venv/lib/python3.10/site-packages/airflow/example_dags/plugins/event_listener.py for tasks to queue
[2024-02-14T23:37:28.047+0000] {logging_mixin.py:188} INFO - [2024-02-14T23:37:28.046+0000] {dagbag.py:538} INFO - Filling up the DagBag from /home/ubuntu/reddit_venv/lib/python3.10/site-packages/airflow/example_dags/plugins/event_listener.py
[2024-02-14T23:37:28.049+0000] {processor.py:842} WARNING - No viable dags retrieved from /home/ubuntu/reddit_venv/lib/python3.10/site-packages/airflow/example_dags/plugins/event_listener.py
[2024-02-14T23:37:28.059+0000] {processor.py:183} INFO - Processing /home/ubuntu/reddit_venv/lib/python3.10/site-packages/airflow/example_dags/plugins/event_listener.py took 0.018 seconds
[2024-02-14T23:38:25.832+0000] {processor.py:161} INFO - Started process (PID=8688) to work on /home/ubuntu/reddit_venv/lib/python3.10/site-packages/airflow/example_dags/plugins/event_listener.py
[2024-02-14T23:38:25.833+0000] {processor.py:830} INFO - Processing file /home/ubuntu/reddit_venv/lib/python3.10/site-packages/airflow/example_dags/plugins/event_listener.py for tasks to queue
[2024-02-14T23:38:25.834+0000] {logging_mixin.py:188} INFO - [2024-02-14T23:38:25.834+0000] {dagbag.py:538} INFO - Filling up the DagBag from /home/ubuntu/reddit_venv/lib/python3.10/site-packages/airflow/example_dags/plugins/event_listener.py
[2024-02-14T23:38:25.836+0000] {processor.py:842} WARNING - No viable dags retrieved from /home/ubuntu/reddit_venv/lib/python3.10/site-packages/airflow/example_dags/plugins/event_listener.py
[2024-02-14T23:38:25.847+0000] {processor.py:183} INFO - Processing /home/ubuntu/reddit_venv/lib/python3.10/site-packages/airflow/example_dags/plugins/event_listener.py took 0.019 seconds
[2024-02-14T23:39:13.625+0000] {processor.py:161} INFO - Started process (PID=9113) to work on /home/ubuntu/reddit_venv/lib/python3.10/site-packages/airflow/example_dags/plugins/event_listener.py
[2024-02-14T23:39:13.626+0000] {processor.py:830} INFO - Processing file /home/ubuntu/reddit_venv/lib/python3.10/site-packages/airflow/example_dags/plugins/event_listener.py for tasks to queue
[2024-02-14T23:39:13.627+0000] {logging_mixin.py:188} INFO - [2024-02-14T23:39:13.627+0000] {dagbag.py:538} INFO - Filling up the DagBag from /home/ubuntu/reddit_venv/lib/python3.10/site-packages/airflow/example_dags/plugins/event_listener.py
[2024-02-14T23:39:13.630+0000] {processor.py:842} WARNING - No viable dags retrieved from /home/ubuntu/reddit_venv/lib/python3.10/site-packages/airflow/example_dags/plugins/event_listener.py
[2024-02-14T23:39:13.640+0000] {processor.py:183} INFO - Processing /home/ubuntu/reddit_venv/lib/python3.10/site-packages/airflow/example_dags/plugins/event_listener.py took 0.018 seconds
[2024-02-14T23:40:00.033+0000] {processor.py:161} INFO - Started process (PID=9288) to work on /home/ubuntu/reddit_venv/lib/python3.10/site-packages/airflow/example_dags/plugins/event_listener.py
[2024-02-14T23:40:00.035+0000] {processor.py:830} INFO - Processing file /home/ubuntu/reddit_venv/lib/python3.10/site-packages/airflow/example_dags/plugins/event_listener.py for tasks to queue
[2024-02-14T23:40:00.035+0000] {logging_mixin.py:188} INFO - [2024-02-14T23:40:00.035+0000] {dagbag.py:538} INFO - Filling up the DagBag from /home/ubuntu/reddit_venv/lib/python3.10/site-packages/airflow/example_dags/plugins/event_listener.py
[2024-02-14T23:40:00.038+0000] {processor.py:842} WARNING - No viable dags retrieved from /home/ubuntu/reddit_venv/lib/python3.10/site-packages/airflow/example_dags/plugins/event_listener.py
[2024-02-14T23:40:00.048+0000] {processor.py:183} INFO - Processing /home/ubuntu/reddit_venv/lib/python3.10/site-packages/airflow/example_dags/plugins/event_listener.py took 0.018 seconds
[2024-02-14T23:40:56.907+0000] {processor.py:161} INFO - Started process (PID=9413) to work on /home/ubuntu/reddit_venv/lib/python3.10/site-packages/airflow/example_dags/plugins/event_listener.py
[2024-02-14T23:40:56.908+0000] {processor.py:830} INFO - Processing file /home/ubuntu/reddit_venv/lib/python3.10/site-packages/airflow/example_dags/plugins/event_listener.py for tasks to queue
[2024-02-14T23:40:56.909+0000] {logging_mixin.py:188} INFO - [2024-02-14T23:40:56.909+0000] {dagbag.py:538} INFO - Filling up the DagBag from /home/ubuntu/reddit_venv/lib/python3.10/site-packages/airflow/example_dags/plugins/event_listener.py
[2024-02-14T23:40:56.912+0000] {processor.py:842} WARNING - No viable dags retrieved from /home/ubuntu/reddit_venv/lib/python3.10/site-packages/airflow/example_dags/plugins/event_listener.py
[2024-02-14T23:40:56.922+0000] {processor.py:183} INFO - Processing /home/ubuntu/reddit_venv/lib/python3.10/site-packages/airflow/example_dags/plugins/event_listener.py took 0.019 seconds
[2024-02-14T23:41:34.155+0000] {processor.py:161} INFO - Started process (PID=9517) to work on /home/ubuntu/reddit_venv/lib/python3.10/site-packages/airflow/example_dags/plugins/event_listener.py
[2024-02-14T23:41:34.156+0000] {processor.py:830} INFO - Processing file /home/ubuntu/reddit_venv/lib/python3.10/site-packages/airflow/example_dags/plugins/event_listener.py for tasks to queue
[2024-02-14T23:41:34.157+0000] {logging_mixin.py:188} INFO - [2024-02-14T23:41:34.157+0000] {dagbag.py:538} INFO - Filling up the DagBag from /home/ubuntu/reddit_venv/lib/python3.10/site-packages/airflow/example_dags/plugins/event_listener.py
[2024-02-14T23:41:34.159+0000] {processor.py:842} WARNING - No viable dags retrieved from /home/ubuntu/reddit_venv/lib/python3.10/site-packages/airflow/example_dags/plugins/event_listener.py
[2024-02-14T23:41:34.170+0000] {processor.py:183} INFO - Processing /home/ubuntu/reddit_venv/lib/python3.10/site-packages/airflow/example_dags/plugins/event_listener.py took 0.018 seconds
[2024-02-14T23:42:29.989+0000] {processor.py:161} INFO - Started process (PID=9640) to work on /home/ubuntu/reddit_venv/lib/python3.10/site-packages/airflow/example_dags/plugins/event_listener.py
[2024-02-14T23:42:29.991+0000] {processor.py:830} INFO - Processing file /home/ubuntu/reddit_venv/lib/python3.10/site-packages/airflow/example_dags/plugins/event_listener.py for tasks to queue
[2024-02-14T23:42:29.992+0000] {logging_mixin.py:188} INFO - [2024-02-14T23:42:29.991+0000] {dagbag.py:538} INFO - Filling up the DagBag from /home/ubuntu/reddit_venv/lib/python3.10/site-packages/airflow/example_dags/plugins/event_listener.py
[2024-02-14T23:42:29.994+0000] {processor.py:842} WARNING - No viable dags retrieved from /home/ubuntu/reddit_venv/lib/python3.10/site-packages/airflow/example_dags/plugins/event_listener.py
[2024-02-14T23:42:30.004+0000] {processor.py:183} INFO - Processing /home/ubuntu/reddit_venv/lib/python3.10/site-packages/airflow/example_dags/plugins/event_listener.py took 0.018 seconds
[2024-02-14T23:43:06.900+0000] {processor.py:161} INFO - Started process (PID=9684) to work on /home/ubuntu/reddit_venv/lib/python3.10/site-packages/airflow/example_dags/plugins/event_listener.py
[2024-02-14T23:43:06.902+0000] {processor.py:830} INFO - Processing file /home/ubuntu/reddit_venv/lib/python3.10/site-packages/airflow/example_dags/plugins/event_listener.py for tasks to queue
[2024-02-14T23:43:06.903+0000] {logging_mixin.py:188} INFO - [2024-02-14T23:43:06.902+0000] {dagbag.py:538} INFO - Filling up the DagBag from /home/ubuntu/reddit_venv/lib/python3.10/site-packages/airflow/example_dags/plugins/event_listener.py
[2024-02-14T23:43:06.905+0000] {processor.py:842} WARNING - No viable dags retrieved from /home/ubuntu/reddit_venv/lib/python3.10/site-packages/airflow/example_dags/plugins/event_listener.py
[2024-02-14T23:43:06.916+0000] {processor.py:183} INFO - Processing /home/ubuntu/reddit_venv/lib/python3.10/site-packages/airflow/example_dags/plugins/event_listener.py took 0.019 seconds
[2024-02-14T23:43:48.955+0000] {processor.py:161} INFO - Started process (PID=9790) to work on /home/ubuntu/reddit_venv/lib/python3.10/site-packages/airflow/example_dags/plugins/event_listener.py
[2024-02-14T23:43:48.956+0000] {processor.py:830} INFO - Processing file /home/ubuntu/reddit_venv/lib/python3.10/site-packages/airflow/example_dags/plugins/event_listener.py for tasks to queue
[2024-02-14T23:43:48.957+0000] {logging_mixin.py:188} INFO - [2024-02-14T23:43:48.956+0000] {dagbag.py:538} INFO - Filling up the DagBag from /home/ubuntu/reddit_venv/lib/python3.10/site-packages/airflow/example_dags/plugins/event_listener.py
[2024-02-14T23:43:48.959+0000] {processor.py:842} WARNING - No viable dags retrieved from /home/ubuntu/reddit_venv/lib/python3.10/site-packages/airflow/example_dags/plugins/event_listener.py
[2024-02-14T23:43:48.970+0000] {processor.py:183} INFO - Processing /home/ubuntu/reddit_venv/lib/python3.10/site-packages/airflow/example_dags/plugins/event_listener.py took 0.018 seconds
[2024-02-14T23:44:30.671+0000] {processor.py:161} INFO - Started process (PID=9901) to work on /home/ubuntu/reddit_venv/lib/python3.10/site-packages/airflow/example_dags/plugins/event_listener.py
[2024-02-14T23:44:30.673+0000] {processor.py:830} INFO - Processing file /home/ubuntu/reddit_venv/lib/python3.10/site-packages/airflow/example_dags/plugins/event_listener.py for tasks to queue
[2024-02-14T23:44:30.674+0000] {logging_mixin.py:188} INFO - [2024-02-14T23:44:30.673+0000] {dagbag.py:538} INFO - Filling up the DagBag from /home/ubuntu/reddit_venv/lib/python3.10/site-packages/airflow/example_dags/plugins/event_listener.py
[2024-02-14T23:44:30.676+0000] {processor.py:842} WARNING - No viable dags retrieved from /home/ubuntu/reddit_venv/lib/python3.10/site-packages/airflow/example_dags/plugins/event_listener.py
[2024-02-14T23:44:30.686+0000] {processor.py:183} INFO - Processing /home/ubuntu/reddit_venv/lib/python3.10/site-packages/airflow/example_dags/plugins/event_listener.py took 0.018 seconds
[2024-02-14T23:45:26.464+0000] {processor.py:161} INFO - Started process (PID=10272) to work on /home/ubuntu/reddit_venv/lib/python3.10/site-packages/airflow/example_dags/plugins/event_listener.py
[2024-02-14T23:45:26.465+0000] {processor.py:830} INFO - Processing file /home/ubuntu/reddit_venv/lib/python3.10/site-packages/airflow/example_dags/plugins/event_listener.py for tasks to queue
[2024-02-14T23:45:26.466+0000] {logging_mixin.py:188} INFO - [2024-02-14T23:45:26.466+0000] {dagbag.py:538} INFO - Filling up the DagBag from /home/ubuntu/reddit_venv/lib/python3.10/site-packages/airflow/example_dags/plugins/event_listener.py
[2024-02-14T23:45:26.469+0000] {processor.py:842} WARNING - No viable dags retrieved from /home/ubuntu/reddit_venv/lib/python3.10/site-packages/airflow/example_dags/plugins/event_listener.py
[2024-02-14T23:45:26.479+0000] {processor.py:183} INFO - Processing /home/ubuntu/reddit_venv/lib/python3.10/site-packages/airflow/example_dags/plugins/event_listener.py took 0.018 seconds
[2024-02-14T23:46:18.552+0000] {processor.py:161} INFO - Started process (PID=10392) to work on /home/ubuntu/reddit_venv/lib/python3.10/site-packages/airflow/example_dags/plugins/event_listener.py
[2024-02-14T23:46:18.554+0000] {processor.py:830} INFO - Processing file /home/ubuntu/reddit_venv/lib/python3.10/site-packages/airflow/example_dags/plugins/event_listener.py for tasks to queue
[2024-02-14T23:46:18.555+0000] {logging_mixin.py:188} INFO - [2024-02-14T23:46:18.554+0000] {dagbag.py:538} INFO - Filling up the DagBag from /home/ubuntu/reddit_venv/lib/python3.10/site-packages/airflow/example_dags/plugins/event_listener.py
[2024-02-14T23:46:18.557+0000] {processor.py:842} WARNING - No viable dags retrieved from /home/ubuntu/reddit_venv/lib/python3.10/site-packages/airflow/example_dags/plugins/event_listener.py
[2024-02-14T23:46:18.567+0000] {processor.py:183} INFO - Processing /home/ubuntu/reddit_venv/lib/python3.10/site-packages/airflow/example_dags/plugins/event_listener.py took 0.019 seconds
[2024-02-14T23:47:12.456+0000] {processor.py:161} INFO - Started process (PID=10515) to work on /home/ubuntu/reddit_venv/lib/python3.10/site-packages/airflow/example_dags/plugins/event_listener.py
[2024-02-14T23:47:12.457+0000] {processor.py:830} INFO - Processing file /home/ubuntu/reddit_venv/lib/python3.10/site-packages/airflow/example_dags/plugins/event_listener.py for tasks to queue
[2024-02-14T23:47:12.458+0000] {logging_mixin.py:188} INFO - [2024-02-14T23:47:12.457+0000] {dagbag.py:538} INFO - Filling up the DagBag from /home/ubuntu/reddit_venv/lib/python3.10/site-packages/airflow/example_dags/plugins/event_listener.py
[2024-02-14T23:47:12.460+0000] {processor.py:842} WARNING - No viable dags retrieved from /home/ubuntu/reddit_venv/lib/python3.10/site-packages/airflow/example_dags/plugins/event_listener.py
[2024-02-14T23:47:12.470+0000] {processor.py:183} INFO - Processing /home/ubuntu/reddit_venv/lib/python3.10/site-packages/airflow/example_dags/plugins/event_listener.py took 0.018 seconds
[2024-02-14T23:47:51.813+0000] {processor.py:161} INFO - Started process (PID=10620) to work on /home/ubuntu/reddit_venv/lib/python3.10/site-packages/airflow/example_dags/plugins/event_listener.py
[2024-02-14T23:47:51.814+0000] {processor.py:830} INFO - Processing file /home/ubuntu/reddit_venv/lib/python3.10/site-packages/airflow/example_dags/plugins/event_listener.py for tasks to queue
[2024-02-14T23:47:51.815+0000] {logging_mixin.py:188} INFO - [2024-02-14T23:47:51.815+0000] {dagbag.py:538} INFO - Filling up the DagBag from /home/ubuntu/reddit_venv/lib/python3.10/site-packages/airflow/example_dags/plugins/event_listener.py
[2024-02-14T23:47:51.817+0000] {processor.py:842} WARNING - No viable dags retrieved from /home/ubuntu/reddit_venv/lib/python3.10/site-packages/airflow/example_dags/plugins/event_listener.py
[2024-02-14T23:47:51.827+0000] {processor.py:183} INFO - Processing /home/ubuntu/reddit_venv/lib/python3.10/site-packages/airflow/example_dags/plugins/event_listener.py took 0.018 seconds
[2024-02-14T23:48:32.468+0000] {processor.py:161} INFO - Started process (PID=10727) to work on /home/ubuntu/reddit_venv/lib/python3.10/site-packages/airflow/example_dags/plugins/event_listener.py
[2024-02-14T23:48:32.469+0000] {processor.py:830} INFO - Processing file /home/ubuntu/reddit_venv/lib/python3.10/site-packages/airflow/example_dags/plugins/event_listener.py for tasks to queue
[2024-02-14T23:48:32.470+0000] {logging_mixin.py:188} INFO - [2024-02-14T23:48:32.470+0000] {dagbag.py:538} INFO - Filling up the DagBag from /home/ubuntu/reddit_venv/lib/python3.10/site-packages/airflow/example_dags/plugins/event_listener.py
[2024-02-14T23:48:32.473+0000] {processor.py:842} WARNING - No viable dags retrieved from /home/ubuntu/reddit_venv/lib/python3.10/site-packages/airflow/example_dags/plugins/event_listener.py
[2024-02-14T23:48:32.483+0000] {processor.py:183} INFO - Processing /home/ubuntu/reddit_venv/lib/python3.10/site-packages/airflow/example_dags/plugins/event_listener.py took 0.018 seconds
[2024-02-14T23:49:25.611+0000] {processor.py:161} INFO - Started process (PID=10788) to work on /home/ubuntu/reddit_venv/lib/python3.10/site-packages/airflow/example_dags/plugins/event_listener.py
[2024-02-14T23:49:25.613+0000] {processor.py:830} INFO - Processing file /home/ubuntu/reddit_venv/lib/python3.10/site-packages/airflow/example_dags/plugins/event_listener.py for tasks to queue
[2024-02-14T23:49:25.614+0000] {logging_mixin.py:188} INFO - [2024-02-14T23:49:25.613+0000] {dagbag.py:538} INFO - Filling up the DagBag from /home/ubuntu/reddit_venv/lib/python3.10/site-packages/airflow/example_dags/plugins/event_listener.py
[2024-02-14T23:49:25.616+0000] {processor.py:842} WARNING - No viable dags retrieved from /home/ubuntu/reddit_venv/lib/python3.10/site-packages/airflow/example_dags/plugins/event_listener.py
[2024-02-14T23:49:25.626+0000] {processor.py:183} INFO - Processing /home/ubuntu/reddit_venv/lib/python3.10/site-packages/airflow/example_dags/plugins/event_listener.py took 0.018 seconds
[2024-02-14T23:50:21.263+0000] {processor.py:161} INFO - Started process (PID=10975) to work on /home/ubuntu/reddit_venv/lib/python3.10/site-packages/airflow/example_dags/plugins/event_listener.py
[2024-02-14T23:50:21.265+0000] {processor.py:830} INFO - Processing file /home/ubuntu/reddit_venv/lib/python3.10/site-packages/airflow/example_dags/plugins/event_listener.py for tasks to queue
[2024-02-14T23:50:21.266+0000] {logging_mixin.py:188} INFO - [2024-02-14T23:50:21.266+0000] {dagbag.py:538} INFO - Filling up the DagBag from /home/ubuntu/reddit_venv/lib/python3.10/site-packages/airflow/example_dags/plugins/event_listener.py
[2024-02-14T23:50:21.268+0000] {processor.py:842} WARNING - No viable dags retrieved from /home/ubuntu/reddit_venv/lib/python3.10/site-packages/airflow/example_dags/plugins/event_listener.py
[2024-02-14T23:50:21.279+0000] {processor.py:183} INFO - Processing /home/ubuntu/reddit_venv/lib/python3.10/site-packages/airflow/example_dags/plugins/event_listener.py took 0.019 seconds
[2024-02-14T23:51:00.256+0000] {processor.py:161} INFO - Started process (PID=11079) to work on /home/ubuntu/reddit_venv/lib/python3.10/site-packages/airflow/example_dags/plugins/event_listener.py
[2024-02-14T23:51:00.258+0000] {processor.py:830} INFO - Processing file /home/ubuntu/reddit_venv/lib/python3.10/site-packages/airflow/example_dags/plugins/event_listener.py for tasks to queue
[2024-02-14T23:51:00.259+0000] {logging_mixin.py:188} INFO - [2024-02-14T23:51:00.258+0000] {dagbag.py:538} INFO - Filling up the DagBag from /home/ubuntu/reddit_venv/lib/python3.10/site-packages/airflow/example_dags/plugins/event_listener.py
[2024-02-14T23:51:00.261+0000] {processor.py:842} WARNING - No viable dags retrieved from /home/ubuntu/reddit_venv/lib/python3.10/site-packages/airflow/example_dags/plugins/event_listener.py
[2024-02-14T23:51:00.271+0000] {processor.py:183} INFO - Processing /home/ubuntu/reddit_venv/lib/python3.10/site-packages/airflow/example_dags/plugins/event_listener.py took 0.018 seconds
[2024-02-14T23:51:38.535+0000] {processor.py:161} INFO - Started process (PID=11186) to work on /home/ubuntu/reddit_venv/lib/python3.10/site-packages/airflow/example_dags/plugins/event_listener.py
[2024-02-14T23:51:38.537+0000] {processor.py:830} INFO - Processing file /home/ubuntu/reddit_venv/lib/python3.10/site-packages/airflow/example_dags/plugins/event_listener.py for tasks to queue
[2024-02-14T23:51:38.538+0000] {logging_mixin.py:188} INFO - [2024-02-14T23:51:38.537+0000] {dagbag.py:538} INFO - Filling up the DagBag from /home/ubuntu/reddit_venv/lib/python3.10/site-packages/airflow/example_dags/plugins/event_listener.py
[2024-02-14T23:51:38.540+0000] {processor.py:842} WARNING - No viable dags retrieved from /home/ubuntu/reddit_venv/lib/python3.10/site-packages/airflow/example_dags/plugins/event_listener.py
[2024-02-14T23:51:38.550+0000] {processor.py:183} INFO - Processing /home/ubuntu/reddit_venv/lib/python3.10/site-packages/airflow/example_dags/plugins/event_listener.py took 0.018 seconds
[2024-02-14T23:52:18.927+0000] {processor.py:161} INFO - Started process (PID=11231) to work on /home/ubuntu/reddit_venv/lib/python3.10/site-packages/airflow/example_dags/plugins/event_listener.py
[2024-02-14T23:52:18.929+0000] {processor.py:830} INFO - Processing file /home/ubuntu/reddit_venv/lib/python3.10/site-packages/airflow/example_dags/plugins/event_listener.py for tasks to queue
[2024-02-14T23:52:18.930+0000] {logging_mixin.py:188} INFO - [2024-02-14T23:52:18.929+0000] {dagbag.py:538} INFO - Filling up the DagBag from /home/ubuntu/reddit_venv/lib/python3.10/site-packages/airflow/example_dags/plugins/event_listener.py
[2024-02-14T23:52:18.932+0000] {processor.py:842} WARNING - No viable dags retrieved from /home/ubuntu/reddit_venv/lib/python3.10/site-packages/airflow/example_dags/plugins/event_listener.py
[2024-02-14T23:52:18.942+0000] {processor.py:183} INFO - Processing /home/ubuntu/reddit_venv/lib/python3.10/site-packages/airflow/example_dags/plugins/event_listener.py took 0.019 seconds
[2024-02-14T23:53:01.705+0000] {processor.py:161} INFO - Started process (PID=11337) to work on /home/ubuntu/reddit_venv/lib/python3.10/site-packages/airflow/example_dags/plugins/event_listener.py
[2024-02-14T23:53:01.707+0000] {processor.py:830} INFO - Processing file /home/ubuntu/reddit_venv/lib/python3.10/site-packages/airflow/example_dags/plugins/event_listener.py for tasks to queue
[2024-02-14T23:53:01.708+0000] {logging_mixin.py:188} INFO - [2024-02-14T23:53:01.707+0000] {dagbag.py:538} INFO - Filling up the DagBag from /home/ubuntu/reddit_venv/lib/python3.10/site-packages/airflow/example_dags/plugins/event_listener.py
[2024-02-14T23:53:01.710+0000] {processor.py:842} WARNING - No viable dags retrieved from /home/ubuntu/reddit_venv/lib/python3.10/site-packages/airflow/example_dags/plugins/event_listener.py
[2024-02-14T23:53:01.720+0000] {processor.py:183} INFO - Processing /home/ubuntu/reddit_venv/lib/python3.10/site-packages/airflow/example_dags/plugins/event_listener.py took 0.018 seconds
[2024-02-14T23:53:44.168+0000] {processor.py:161} INFO - Started process (PID=11445) to work on /home/ubuntu/reddit_venv/lib/python3.10/site-packages/airflow/example_dags/plugins/event_listener.py
[2024-02-14T23:53:44.170+0000] {processor.py:830} INFO - Processing file /home/ubuntu/reddit_venv/lib/python3.10/site-packages/airflow/example_dags/plugins/event_listener.py for tasks to queue
[2024-02-14T23:53:44.171+0000] {logging_mixin.py:188} INFO - [2024-02-14T23:53:44.170+0000] {dagbag.py:538} INFO - Filling up the DagBag from /home/ubuntu/reddit_venv/lib/python3.10/site-packages/airflow/example_dags/plugins/event_listener.py
[2024-02-14T23:53:44.173+0000] {processor.py:842} WARNING - No viable dags retrieved from /home/ubuntu/reddit_venv/lib/python3.10/site-packages/airflow/example_dags/plugins/event_listener.py
[2024-02-14T23:53:44.183+0000] {processor.py:183} INFO - Processing /home/ubuntu/reddit_venv/lib/python3.10/site-packages/airflow/example_dags/plugins/event_listener.py took 0.018 seconds
[2024-02-14T23:54:25.782+0000] {processor.py:161} INFO - Started process (PID=11491) to work on /home/ubuntu/reddit_venv/lib/python3.10/site-packages/airflow/example_dags/plugins/event_listener.py
[2024-02-14T23:54:25.784+0000] {processor.py:830} INFO - Processing file /home/ubuntu/reddit_venv/lib/python3.10/site-packages/airflow/example_dags/plugins/event_listener.py for tasks to queue
[2024-02-14T23:54:25.785+0000] {logging_mixin.py:188} INFO - [2024-02-14T23:54:25.784+0000] {dagbag.py:538} INFO - Filling up the DagBag from /home/ubuntu/reddit_venv/lib/python3.10/site-packages/airflow/example_dags/plugins/event_listener.py
[2024-02-14T23:54:25.787+0000] {processor.py:842} WARNING - No viable dags retrieved from /home/ubuntu/reddit_venv/lib/python3.10/site-packages/airflow/example_dags/plugins/event_listener.py
[2024-02-14T23:54:25.797+0000] {processor.py:183} INFO - Processing /home/ubuntu/reddit_venv/lib/python3.10/site-packages/airflow/example_dags/plugins/event_listener.py took 0.018 seconds
[2024-02-14T23:55:07.982+0000] {processor.py:161} INFO - Started process (PID=11660) to work on /home/ubuntu/reddit_venv/lib/python3.10/site-packages/airflow/example_dags/plugins/event_listener.py
[2024-02-14T23:55:07.983+0000] {processor.py:830} INFO - Processing file /home/ubuntu/reddit_venv/lib/python3.10/site-packages/airflow/example_dags/plugins/event_listener.py for tasks to queue
[2024-02-14T23:55:07.984+0000] {logging_mixin.py:188} INFO - [2024-02-14T23:55:07.984+0000] {dagbag.py:538} INFO - Filling up the DagBag from /home/ubuntu/reddit_venv/lib/python3.10/site-packages/airflow/example_dags/plugins/event_listener.py
[2024-02-14T23:55:07.987+0000] {processor.py:842} WARNING - No viable dags retrieved from /home/ubuntu/reddit_venv/lib/python3.10/site-packages/airflow/example_dags/plugins/event_listener.py
[2024-02-14T23:55:07.996+0000] {processor.py:183} INFO - Processing /home/ubuntu/reddit_venv/lib/python3.10/site-packages/airflow/example_dags/plugins/event_listener.py took 0.018 seconds
[2024-02-14T23:55:46.704+0000] {processor.py:161} INFO - Started process (PID=11765) to work on /home/ubuntu/reddit_venv/lib/python3.10/site-packages/airflow/example_dags/plugins/event_listener.py
[2024-02-14T23:55:46.705+0000] {processor.py:830} INFO - Processing file /home/ubuntu/reddit_venv/lib/python3.10/site-packages/airflow/example_dags/plugins/event_listener.py for tasks to queue
[2024-02-14T23:55:46.706+0000] {logging_mixin.py:188} INFO - [2024-02-14T23:55:46.706+0000] {dagbag.py:538} INFO - Filling up the DagBag from /home/ubuntu/reddit_venv/lib/python3.10/site-packages/airflow/example_dags/plugins/event_listener.py
[2024-02-14T23:55:46.709+0000] {processor.py:842} WARNING - No viable dags retrieved from /home/ubuntu/reddit_venv/lib/python3.10/site-packages/airflow/example_dags/plugins/event_listener.py
[2024-02-14T23:55:46.719+0000] {processor.py:183} INFO - Processing /home/ubuntu/reddit_venv/lib/python3.10/site-packages/airflow/example_dags/plugins/event_listener.py took 0.018 seconds
[2024-02-14T23:56:24.558+0000] {processor.py:161} INFO - Started process (PID=11864) to work on /home/ubuntu/reddit_venv/lib/python3.10/site-packages/airflow/example_dags/plugins/event_listener.py
[2024-02-14T23:56:24.560+0000] {processor.py:830} INFO - Processing file /home/ubuntu/reddit_venv/lib/python3.10/site-packages/airflow/example_dags/plugins/event_listener.py for tasks to queue
[2024-02-14T23:56:24.561+0000] {logging_mixin.py:188} INFO - [2024-02-14T23:56:24.560+0000] {dagbag.py:538} INFO - Filling up the DagBag from /home/ubuntu/reddit_venv/lib/python3.10/site-packages/airflow/example_dags/plugins/event_listener.py
[2024-02-14T23:56:24.563+0000] {processor.py:842} WARNING - No viable dags retrieved from /home/ubuntu/reddit_venv/lib/python3.10/site-packages/airflow/example_dags/plugins/event_listener.py
[2024-02-14T23:56:24.573+0000] {processor.py:183} INFO - Processing /home/ubuntu/reddit_venv/lib/python3.10/site-packages/airflow/example_dags/plugins/event_listener.py took 0.018 seconds
[2024-02-14T23:57:02.442+0000] {processor.py:161} INFO - Started process (PID=13034) to work on /home/ubuntu/reddit_venv/lib/python3.10/site-packages/airflow/example_dags/plugins/event_listener.py
[2024-02-14T23:57:02.444+0000] {processor.py:830} INFO - Processing file /home/ubuntu/reddit_venv/lib/python3.10/site-packages/airflow/example_dags/plugins/event_listener.py for tasks to queue
[2024-02-14T23:57:02.444+0000] {logging_mixin.py:188} INFO - [2024-02-14T23:57:02.444+0000] {dagbag.py:538} INFO - Filling up the DagBag from /home/ubuntu/reddit_venv/lib/python3.10/site-packages/airflow/example_dags/plugins/event_listener.py
[2024-02-14T23:57:02.447+0000] {processor.py:842} WARNING - No viable dags retrieved from /home/ubuntu/reddit_venv/lib/python3.10/site-packages/airflow/example_dags/plugins/event_listener.py
[2024-02-14T23:57:02.458+0000] {processor.py:183} INFO - Processing /home/ubuntu/reddit_venv/lib/python3.10/site-packages/airflow/example_dags/plugins/event_listener.py took 0.019 seconds
[2024-02-14T23:57:41.116+0000] {processor.py:161} INFO - Started process (PID=18826) to work on /home/ubuntu/reddit_venv/lib/python3.10/site-packages/airflow/example_dags/plugins/event_listener.py
[2024-02-14T23:57:41.117+0000] {processor.py:830} INFO - Processing file /home/ubuntu/reddit_venv/lib/python3.10/site-packages/airflow/example_dags/plugins/event_listener.py for tasks to queue
[2024-02-14T23:57:41.118+0000] {logging_mixin.py:188} INFO - [2024-02-14T23:57:41.118+0000] {dagbag.py:538} INFO - Filling up the DagBag from /home/ubuntu/reddit_venv/lib/python3.10/site-packages/airflow/example_dags/plugins/event_listener.py
[2024-02-14T23:57:41.120+0000] {processor.py:842} WARNING - No viable dags retrieved from /home/ubuntu/reddit_venv/lib/python3.10/site-packages/airflow/example_dags/plugins/event_listener.py
[2024-02-14T23:57:41.130+0000] {processor.py:183} INFO - Processing /home/ubuntu/reddit_venv/lib/python3.10/site-packages/airflow/example_dags/plugins/event_listener.py took 0.018 seconds
[2024-02-14T23:58:22.340+0000] {processor.py:161} INFO - Started process (PID=21425) to work on /home/ubuntu/reddit_venv/lib/python3.10/site-packages/airflow/example_dags/plugins/event_listener.py
[2024-02-14T23:58:22.342+0000] {processor.py:830} INFO - Processing file /home/ubuntu/reddit_venv/lib/python3.10/site-packages/airflow/example_dags/plugins/event_listener.py for tasks to queue
[2024-02-14T23:58:22.343+0000] {logging_mixin.py:188} INFO - [2024-02-14T23:58:22.342+0000] {dagbag.py:538} INFO - Filling up the DagBag from /home/ubuntu/reddit_venv/lib/python3.10/site-packages/airflow/example_dags/plugins/event_listener.py
[2024-02-14T23:58:22.345+0000] {processor.py:842} WARNING - No viable dags retrieved from /home/ubuntu/reddit_venv/lib/python3.10/site-packages/airflow/example_dags/plugins/event_listener.py
[2024-02-14T23:58:22.356+0000] {processor.py:183} INFO - Processing /home/ubuntu/reddit_venv/lib/python3.10/site-packages/airflow/example_dags/plugins/event_listener.py took 0.019 seconds
[2024-02-14T23:59:04.819+0000] {processor.py:161} INFO - Started process (PID=22426) to work on /home/ubuntu/reddit_venv/lib/python3.10/site-packages/airflow/example_dags/plugins/event_listener.py
[2024-02-14T23:59:04.821+0000] {processor.py:830} INFO - Processing file /home/ubuntu/reddit_venv/lib/python3.10/site-packages/airflow/example_dags/plugins/event_listener.py for tasks to queue
[2024-02-14T23:59:04.822+0000] {logging_mixin.py:188} INFO - [2024-02-14T23:59:04.821+0000] {dagbag.py:538} INFO - Filling up the DagBag from /home/ubuntu/reddit_venv/lib/python3.10/site-packages/airflow/example_dags/plugins/event_listener.py
[2024-02-14T23:59:04.824+0000] {processor.py:842} WARNING - No viable dags retrieved from /home/ubuntu/reddit_venv/lib/python3.10/site-packages/airflow/example_dags/plugins/event_listener.py
[2024-02-14T23:59:04.834+0000] {processor.py:183} INFO - Processing /home/ubuntu/reddit_venv/lib/python3.10/site-packages/airflow/example_dags/plugins/event_listener.py took 0.018 seconds
[2024-02-14T23:59:46.012+0000] {processor.py:161} INFO - Started process (PID=22594) to work on /home/ubuntu/reddit_venv/lib/python3.10/site-packages/airflow/example_dags/plugins/event_listener.py
[2024-02-14T23:59:46.014+0000] {processor.py:830} INFO - Processing file /home/ubuntu/reddit_venv/lib/python3.10/site-packages/airflow/example_dags/plugins/event_listener.py for tasks to queue
[2024-02-14T23:59:46.015+0000] {logging_mixin.py:188} INFO - [2024-02-14T23:59:46.014+0000] {dagbag.py:538} INFO - Filling up the DagBag from /home/ubuntu/reddit_venv/lib/python3.10/site-packages/airflow/example_dags/plugins/event_listener.py
[2024-02-14T23:59:46.017+0000] {processor.py:842} WARNING - No viable dags retrieved from /home/ubuntu/reddit_venv/lib/python3.10/site-packages/airflow/example_dags/plugins/event_listener.py
[2024-02-14T23:59:46.027+0000] {processor.py:183} INFO - Processing /home/ubuntu/reddit_venv/lib/python3.10/site-packages/airflow/example_dags/plugins/event_listener.py took 0.018 seconds
