[2024-02-14T23:09:38.371+0000] {processor.py:161} INFO - Started process (PID=1634) to work on /home/ubuntu/reddit_venv/lib/python3.10/site-packages/airflow/example_dags/plugins/listener_plugin.py
[2024-02-14T23:09:38.372+0000] {processor.py:830} INFO - Processing file /home/ubuntu/reddit_venv/lib/python3.10/site-packages/airflow/example_dags/plugins/listener_plugin.py for tasks to queue
[2024-02-14T23:09:38.373+0000] {logging_mixin.py:188} INFO - [2024-02-14T23:09:38.373+0000] {dagbag.py:538} INFO - Filling up the DagBag from /home/ubuntu/reddit_venv/lib/python3.10/site-packages/airflow/example_dags/plugins/listener_plugin.py
[2024-02-14T23:09:38.376+0000] {processor.py:842} WARNING - No viable dags retrieved from /home/ubuntu/reddit_venv/lib/python3.10/site-packages/airflow/example_dags/plugins/listener_plugin.py
[2024-02-14T23:09:38.387+0000] {processor.py:183} INFO - Processing /home/ubuntu/reddit_venv/lib/python3.10/site-packages/airflow/example_dags/plugins/listener_plugin.py took 0.019 seconds
[2024-02-14T23:10:28.419+0000] {processor.py:161} INFO - Started process (PID=1749) to work on /home/ubuntu/reddit_venv/lib/python3.10/site-packages/airflow/example_dags/plugins/listener_plugin.py
[2024-02-14T23:10:28.421+0000] {processor.py:830} INFO - Processing file /home/ubuntu/reddit_venv/lib/python3.10/site-packages/airflow/example_dags/plugins/listener_plugin.py for tasks to queue
[2024-02-14T23:10:28.422+0000] {logging_mixin.py:188} INFO - [2024-02-14T23:10:28.421+0000] {dagbag.py:538} INFO - Filling up the DagBag from /home/ubuntu/reddit_venv/lib/python3.10/site-packages/airflow/example_dags/plugins/listener_plugin.py
[2024-02-14T23:10:28.425+0000] {processor.py:842} WARNING - No viable dags retrieved from /home/ubuntu/reddit_venv/lib/python3.10/site-packages/airflow/example_dags/plugins/listener_plugin.py
[2024-02-14T23:10:28.435+0000] {processor.py:183} INFO - Processing /home/ubuntu/reddit_venv/lib/python3.10/site-packages/airflow/example_dags/plugins/listener_plugin.py took 0.019 seconds
[2024-02-14T23:11:19.441+0000] {processor.py:161} INFO - Started process (PID=1804) to work on /home/ubuntu/reddit_venv/lib/python3.10/site-packages/airflow/example_dags/plugins/listener_plugin.py
[2024-02-14T23:11:19.443+0000] {processor.py:830} INFO - Processing file /home/ubuntu/reddit_venv/lib/python3.10/site-packages/airflow/example_dags/plugins/listener_plugin.py for tasks to queue
[2024-02-14T23:11:19.444+0000] {logging_mixin.py:188} INFO - [2024-02-14T23:11:19.444+0000] {dagbag.py:538} INFO - Filling up the DagBag from /home/ubuntu/reddit_venv/lib/python3.10/site-packages/airflow/example_dags/plugins/listener_plugin.py
[2024-02-14T23:11:19.447+0000] {processor.py:842} WARNING - No viable dags retrieved from /home/ubuntu/reddit_venv/lib/python3.10/site-packages/airflow/example_dags/plugins/listener_plugin.py
[2024-02-14T23:11:19.462+0000] {processor.py:183} INFO - Processing /home/ubuntu/reddit_venv/lib/python3.10/site-packages/airflow/example_dags/plugins/listener_plugin.py took 0.024 seconds
[2024-02-14T23:11:59.663+0000] {processor.py:161} INFO - Started process (PID=1912) to work on /home/ubuntu/reddit_venv/lib/python3.10/site-packages/airflow/example_dags/plugins/listener_plugin.py
[2024-02-14T23:11:59.665+0000] {processor.py:830} INFO - Processing file /home/ubuntu/reddit_venv/lib/python3.10/site-packages/airflow/example_dags/plugins/listener_plugin.py for tasks to queue
[2024-02-14T23:11:59.666+0000] {logging_mixin.py:188} INFO - [2024-02-14T23:11:59.665+0000] {dagbag.py:538} INFO - Filling up the DagBag from /home/ubuntu/reddit_venv/lib/python3.10/site-packages/airflow/example_dags/plugins/listener_plugin.py
[2024-02-14T23:11:59.669+0000] {processor.py:842} WARNING - No viable dags retrieved from /home/ubuntu/reddit_venv/lib/python3.10/site-packages/airflow/example_dags/plugins/listener_plugin.py
[2024-02-14T23:11:59.679+0000] {processor.py:183} INFO - Processing /home/ubuntu/reddit_venv/lib/python3.10/site-packages/airflow/example_dags/plugins/listener_plugin.py took 0.020 seconds
[2024-02-14T23:12:40.824+0000] {processor.py:161} INFO - Started process (PID=2084) to work on /home/ubuntu/reddit_venv/lib/python3.10/site-packages/airflow/example_dags/plugins/listener_plugin.py
[2024-02-14T23:12:40.826+0000] {processor.py:830} INFO - Processing file /home/ubuntu/reddit_venv/lib/python3.10/site-packages/airflow/example_dags/plugins/listener_plugin.py for tasks to queue
[2024-02-14T23:12:40.827+0000] {logging_mixin.py:188} INFO - [2024-02-14T23:12:40.826+0000] {dagbag.py:538} INFO - Filling up the DagBag from /home/ubuntu/reddit_venv/lib/python3.10/site-packages/airflow/example_dags/plugins/listener_plugin.py
[2024-02-14T23:12:40.829+0000] {processor.py:842} WARNING - No viable dags retrieved from /home/ubuntu/reddit_venv/lib/python3.10/site-packages/airflow/example_dags/plugins/listener_plugin.py
[2024-02-14T23:12:40.840+0000] {processor.py:183} INFO - Processing /home/ubuntu/reddit_venv/lib/python3.10/site-packages/airflow/example_dags/plugins/listener_plugin.py took 0.019 seconds
[2024-02-14T23:13:19.992+0000] {processor.py:161} INFO - Started process (PID=2373) to work on /home/ubuntu/reddit_venv/lib/python3.10/site-packages/airflow/example_dags/plugins/listener_plugin.py
[2024-02-14T23:13:19.993+0000] {processor.py:830} INFO - Processing file /home/ubuntu/reddit_venv/lib/python3.10/site-packages/airflow/example_dags/plugins/listener_plugin.py for tasks to queue
[2024-02-14T23:13:19.994+0000] {logging_mixin.py:188} INFO - [2024-02-14T23:13:19.994+0000] {dagbag.py:538} INFO - Filling up the DagBag from /home/ubuntu/reddit_venv/lib/python3.10/site-packages/airflow/example_dags/plugins/listener_plugin.py
[2024-02-14T23:13:19.997+0000] {processor.py:842} WARNING - No viable dags retrieved from /home/ubuntu/reddit_venv/lib/python3.10/site-packages/airflow/example_dags/plugins/listener_plugin.py
[2024-02-14T23:13:20.007+0000] {processor.py:183} INFO - Processing /home/ubuntu/reddit_venv/lib/python3.10/site-packages/airflow/example_dags/plugins/listener_plugin.py took 0.019 seconds
[2024-02-14T23:14:01.116+0000] {processor.py:161} INFO - Started process (PID=2482) to work on /home/ubuntu/reddit_venv/lib/python3.10/site-packages/airflow/example_dags/plugins/listener_plugin.py
[2024-02-14T23:14:01.118+0000] {processor.py:830} INFO - Processing file /home/ubuntu/reddit_venv/lib/python3.10/site-packages/airflow/example_dags/plugins/listener_plugin.py for tasks to queue
[2024-02-14T23:14:01.119+0000] {logging_mixin.py:188} INFO - [2024-02-14T23:14:01.118+0000] {dagbag.py:538} INFO - Filling up the DagBag from /home/ubuntu/reddit_venv/lib/python3.10/site-packages/airflow/example_dags/plugins/listener_plugin.py
[2024-02-14T23:14:01.122+0000] {processor.py:842} WARNING - No viable dags retrieved from /home/ubuntu/reddit_venv/lib/python3.10/site-packages/airflow/example_dags/plugins/listener_plugin.py
[2024-02-14T23:14:01.132+0000] {processor.py:183} INFO - Processing /home/ubuntu/reddit_venv/lib/python3.10/site-packages/airflow/example_dags/plugins/listener_plugin.py took 0.020 seconds
[2024-02-14T23:14:42.505+0000] {processor.py:161} INFO - Started process (PID=2769) to work on /home/ubuntu/reddit_venv/lib/python3.10/site-packages/airflow/example_dags/plugins/listener_plugin.py
[2024-02-14T23:14:42.506+0000] {processor.py:830} INFO - Processing file /home/ubuntu/reddit_venv/lib/python3.10/site-packages/airflow/example_dags/plugins/listener_plugin.py for tasks to queue
[2024-02-14T23:14:42.507+0000] {logging_mixin.py:188} INFO - [2024-02-14T23:14:42.507+0000] {dagbag.py:538} INFO - Filling up the DagBag from /home/ubuntu/reddit_venv/lib/python3.10/site-packages/airflow/example_dags/plugins/listener_plugin.py
[2024-02-14T23:14:42.510+0000] {processor.py:842} WARNING - No viable dags retrieved from /home/ubuntu/reddit_venv/lib/python3.10/site-packages/airflow/example_dags/plugins/listener_plugin.py
[2024-02-14T23:14:42.520+0000] {processor.py:183} INFO - Processing /home/ubuntu/reddit_venv/lib/python3.10/site-packages/airflow/example_dags/plugins/listener_plugin.py took 0.019 seconds
[2024-02-14T23:15:23.105+0000] {processor.py:161} INFO - Started process (PID=2935) to work on /home/ubuntu/reddit_venv/lib/python3.10/site-packages/airflow/example_dags/plugins/listener_plugin.py
[2024-02-14T23:15:23.106+0000] {processor.py:830} INFO - Processing file /home/ubuntu/reddit_venv/lib/python3.10/site-packages/airflow/example_dags/plugins/listener_plugin.py for tasks to queue
[2024-02-14T23:15:23.107+0000] {logging_mixin.py:188} INFO - [2024-02-14T23:15:23.107+0000] {dagbag.py:538} INFO - Filling up the DagBag from /home/ubuntu/reddit_venv/lib/python3.10/site-packages/airflow/example_dags/plugins/listener_plugin.py
[2024-02-14T23:15:23.110+0000] {processor.py:842} WARNING - No viable dags retrieved from /home/ubuntu/reddit_venv/lib/python3.10/site-packages/airflow/example_dags/plugins/listener_plugin.py
[2024-02-14T23:15:23.120+0000] {processor.py:183} INFO - Processing /home/ubuntu/reddit_venv/lib/python3.10/site-packages/airflow/example_dags/plugins/listener_plugin.py took 0.018 seconds
[2024-02-14T23:16:02.178+0000] {processor.py:161} INFO - Started process (PID=3065) to work on /home/ubuntu/reddit_venv/lib/python3.10/site-packages/airflow/example_dags/plugins/listener_plugin.py
[2024-02-14T23:16:02.179+0000] {processor.py:830} INFO - Processing file /home/ubuntu/reddit_venv/lib/python3.10/site-packages/airflow/example_dags/plugins/listener_plugin.py for tasks to queue
[2024-02-14T23:16:02.180+0000] {logging_mixin.py:188} INFO - [2024-02-14T23:16:02.180+0000] {dagbag.py:538} INFO - Filling up the DagBag from /home/ubuntu/reddit_venv/lib/python3.10/site-packages/airflow/example_dags/plugins/listener_plugin.py
[2024-02-14T23:16:02.183+0000] {processor.py:842} WARNING - No viable dags retrieved from /home/ubuntu/reddit_venv/lib/python3.10/site-packages/airflow/example_dags/plugins/listener_plugin.py
[2024-02-14T23:16:02.194+0000] {processor.py:183} INFO - Processing /home/ubuntu/reddit_venv/lib/python3.10/site-packages/airflow/example_dags/plugins/listener_plugin.py took 0.019 seconds
[2024-02-14T23:16:50.873+0000] {processor.py:161} INFO - Started process (PID=3579) to work on /home/ubuntu/reddit_venv/lib/python3.10/site-packages/airflow/example_dags/plugins/listener_plugin.py
[2024-02-14T23:16:50.874+0000] {processor.py:830} INFO - Processing file /home/ubuntu/reddit_venv/lib/python3.10/site-packages/airflow/example_dags/plugins/listener_plugin.py for tasks to queue
[2024-02-14T23:16:50.875+0000] {logging_mixin.py:188} INFO - [2024-02-14T23:16:50.874+0000] {dagbag.py:538} INFO - Filling up the DagBag from /home/ubuntu/reddit_venv/lib/python3.10/site-packages/airflow/example_dags/plugins/listener_plugin.py
[2024-02-14T23:16:50.878+0000] {processor.py:842} WARNING - No viable dags retrieved from /home/ubuntu/reddit_venv/lib/python3.10/site-packages/airflow/example_dags/plugins/listener_plugin.py
[2024-02-14T23:16:50.888+0000] {processor.py:183} INFO - Processing /home/ubuntu/reddit_venv/lib/python3.10/site-packages/airflow/example_dags/plugins/listener_plugin.py took 0.019 seconds
[2024-02-14T23:17:37.230+0000] {processor.py:161} INFO - Started process (PID=4178) to work on /home/ubuntu/reddit_venv/lib/python3.10/site-packages/airflow/example_dags/plugins/listener_plugin.py
[2024-02-14T23:17:37.232+0000] {processor.py:830} INFO - Processing file /home/ubuntu/reddit_venv/lib/python3.10/site-packages/airflow/example_dags/plugins/listener_plugin.py for tasks to queue
[2024-02-14T23:17:37.232+0000] {logging_mixin.py:188} INFO - [2024-02-14T23:17:37.232+0000] {dagbag.py:538} INFO - Filling up the DagBag from /home/ubuntu/reddit_venv/lib/python3.10/site-packages/airflow/example_dags/plugins/listener_plugin.py
[2024-02-14T23:17:37.235+0000] {processor.py:842} WARNING - No viable dags retrieved from /home/ubuntu/reddit_venv/lib/python3.10/site-packages/airflow/example_dags/plugins/listener_plugin.py
[2024-02-14T23:17:37.246+0000] {processor.py:183} INFO - Processing /home/ubuntu/reddit_venv/lib/python3.10/site-packages/airflow/example_dags/plugins/listener_plugin.py took 0.019 seconds
[2024-02-14T23:18:16.673+0000] {processor.py:161} INFO - Started process (PID=4704) to work on /home/ubuntu/reddit_venv/lib/python3.10/site-packages/airflow/example_dags/plugins/listener_plugin.py
[2024-02-14T23:18:16.674+0000] {processor.py:830} INFO - Processing file /home/ubuntu/reddit_venv/lib/python3.10/site-packages/airflow/example_dags/plugins/listener_plugin.py for tasks to queue
[2024-02-14T23:18:16.675+0000] {logging_mixin.py:188} INFO - [2024-02-14T23:18:16.675+0000] {dagbag.py:538} INFO - Filling up the DagBag from /home/ubuntu/reddit_venv/lib/python3.10/site-packages/airflow/example_dags/plugins/listener_plugin.py
[2024-02-14T23:18:16.678+0000] {processor.py:842} WARNING - No viable dags retrieved from /home/ubuntu/reddit_venv/lib/python3.10/site-packages/airflow/example_dags/plugins/listener_plugin.py
[2024-02-14T23:18:16.688+0000] {processor.py:183} INFO - Processing /home/ubuntu/reddit_venv/lib/python3.10/site-packages/airflow/example_dags/plugins/listener_plugin.py took 0.019 seconds
[2024-02-14T23:18:58.222+0000] {processor.py:161} INFO - Started process (PID=5233) to work on /home/ubuntu/reddit_venv/lib/python3.10/site-packages/airflow/example_dags/plugins/listener_plugin.py
[2024-02-14T23:18:58.223+0000] {processor.py:830} INFO - Processing file /home/ubuntu/reddit_venv/lib/python3.10/site-packages/airflow/example_dags/plugins/listener_plugin.py for tasks to queue
[2024-02-14T23:18:58.224+0000] {logging_mixin.py:188} INFO - [2024-02-14T23:18:58.224+0000] {dagbag.py:538} INFO - Filling up the DagBag from /home/ubuntu/reddit_venv/lib/python3.10/site-packages/airflow/example_dags/plugins/listener_plugin.py
[2024-02-14T23:18:58.227+0000] {processor.py:842} WARNING - No viable dags retrieved from /home/ubuntu/reddit_venv/lib/python3.10/site-packages/airflow/example_dags/plugins/listener_plugin.py
[2024-02-14T23:18:58.238+0000] {processor.py:183} INFO - Processing /home/ubuntu/reddit_venv/lib/python3.10/site-packages/airflow/example_dags/plugins/listener_plugin.py took 0.019 seconds
[2024-02-14T23:19:37.896+0000] {processor.py:161} INFO - Started process (PID=5582) to work on /home/ubuntu/reddit_venv/lib/python3.10/site-packages/airflow/example_dags/plugins/listener_plugin.py
[2024-02-14T23:19:37.897+0000] {processor.py:830} INFO - Processing file /home/ubuntu/reddit_venv/lib/python3.10/site-packages/airflow/example_dags/plugins/listener_plugin.py for tasks to queue
[2024-02-14T23:19:37.898+0000] {logging_mixin.py:188} INFO - [2024-02-14T23:19:37.898+0000] {dagbag.py:538} INFO - Filling up the DagBag from /home/ubuntu/reddit_venv/lib/python3.10/site-packages/airflow/example_dags/plugins/listener_plugin.py
[2024-02-14T23:19:37.901+0000] {processor.py:842} WARNING - No viable dags retrieved from /home/ubuntu/reddit_venv/lib/python3.10/site-packages/airflow/example_dags/plugins/listener_plugin.py
[2024-02-14T23:19:37.911+0000] {processor.py:183} INFO - Processing /home/ubuntu/reddit_venv/lib/python3.10/site-packages/airflow/example_dags/plugins/listener_plugin.py took 0.019 seconds
[2024-02-14T23:20:15.815+0000] {processor.py:161} INFO - Started process (PID=5624) to work on /home/ubuntu/reddit_venv/lib/python3.10/site-packages/airflow/example_dags/plugins/listener_plugin.py
[2024-02-14T23:20:15.817+0000] {processor.py:830} INFO - Processing file /home/ubuntu/reddit_venv/lib/python3.10/site-packages/airflow/example_dags/plugins/listener_plugin.py for tasks to queue
[2024-02-14T23:20:15.818+0000] {logging_mixin.py:188} INFO - [2024-02-14T23:20:15.818+0000] {dagbag.py:538} INFO - Filling up the DagBag from /home/ubuntu/reddit_venv/lib/python3.10/site-packages/airflow/example_dags/plugins/listener_plugin.py
[2024-02-14T23:20:15.821+0000] {processor.py:842} WARNING - No viable dags retrieved from /home/ubuntu/reddit_venv/lib/python3.10/site-packages/airflow/example_dags/plugins/listener_plugin.py
[2024-02-14T23:20:15.831+0000] {processor.py:183} INFO - Processing /home/ubuntu/reddit_venv/lib/python3.10/site-packages/airflow/example_dags/plugins/listener_plugin.py took 0.019 seconds
[2024-02-14T23:20:52.790+0000] {processor.py:161} INFO - Started process (PID=5729) to work on /home/ubuntu/reddit_venv/lib/python3.10/site-packages/airflow/example_dags/plugins/listener_plugin.py
[2024-02-14T23:20:52.792+0000] {processor.py:830} INFO - Processing file /home/ubuntu/reddit_venv/lib/python3.10/site-packages/airflow/example_dags/plugins/listener_plugin.py for tasks to queue
[2024-02-14T23:20:52.793+0000] {logging_mixin.py:188} INFO - [2024-02-14T23:20:52.792+0000] {dagbag.py:538} INFO - Filling up the DagBag from /home/ubuntu/reddit_venv/lib/python3.10/site-packages/airflow/example_dags/plugins/listener_plugin.py
[2024-02-14T23:20:52.796+0000] {processor.py:842} WARNING - No viable dags retrieved from /home/ubuntu/reddit_venv/lib/python3.10/site-packages/airflow/example_dags/plugins/listener_plugin.py
[2024-02-14T23:20:52.806+0000] {processor.py:183} INFO - Processing /home/ubuntu/reddit_venv/lib/python3.10/site-packages/airflow/example_dags/plugins/listener_plugin.py took 0.019 seconds
[2024-02-14T23:21:31.340+0000] {processor.py:161} INFO - Started process (PID=5831) to work on /home/ubuntu/reddit_venv/lib/python3.10/site-packages/airflow/example_dags/plugins/listener_plugin.py
[2024-02-14T23:21:31.342+0000] {processor.py:830} INFO - Processing file /home/ubuntu/reddit_venv/lib/python3.10/site-packages/airflow/example_dags/plugins/listener_plugin.py for tasks to queue
[2024-02-14T23:21:31.343+0000] {logging_mixin.py:188} INFO - [2024-02-14T23:21:31.342+0000] {dagbag.py:538} INFO - Filling up the DagBag from /home/ubuntu/reddit_venv/lib/python3.10/site-packages/airflow/example_dags/plugins/listener_plugin.py
[2024-02-14T23:21:31.346+0000] {processor.py:842} WARNING - No viable dags retrieved from /home/ubuntu/reddit_venv/lib/python3.10/site-packages/airflow/example_dags/plugins/listener_plugin.py
[2024-02-14T23:21:31.356+0000] {processor.py:183} INFO - Processing /home/ubuntu/reddit_venv/lib/python3.10/site-packages/airflow/example_dags/plugins/listener_plugin.py took 0.019 seconds
[2024-02-14T23:22:14.244+0000] {processor.py:161} INFO - Started process (PID=6002) to work on /home/ubuntu/reddit_venv/lib/python3.10/site-packages/airflow/example_dags/plugins/listener_plugin.py
[2024-02-14T23:22:14.246+0000] {processor.py:830} INFO - Processing file /home/ubuntu/reddit_venv/lib/python3.10/site-packages/airflow/example_dags/plugins/listener_plugin.py for tasks to queue
[2024-02-14T23:22:14.247+0000] {logging_mixin.py:188} INFO - [2024-02-14T23:22:14.246+0000] {dagbag.py:538} INFO - Filling up the DagBag from /home/ubuntu/reddit_venv/lib/python3.10/site-packages/airflow/example_dags/plugins/listener_plugin.py
[2024-02-14T23:22:14.250+0000] {processor.py:842} WARNING - No viable dags retrieved from /home/ubuntu/reddit_venv/lib/python3.10/site-packages/airflow/example_dags/plugins/listener_plugin.py
[2024-02-14T23:22:14.260+0000] {processor.py:183} INFO - Processing /home/ubuntu/reddit_venv/lib/python3.10/site-packages/airflow/example_dags/plugins/listener_plugin.py took 0.019 seconds
[2024-02-14T23:22:55.341+0000] {processor.py:161} INFO - Started process (PID=6111) to work on /home/ubuntu/reddit_venv/lib/python3.10/site-packages/airflow/example_dags/plugins/listener_plugin.py
[2024-02-14T23:22:55.342+0000] {processor.py:830} INFO - Processing file /home/ubuntu/reddit_venv/lib/python3.10/site-packages/airflow/example_dags/plugins/listener_plugin.py for tasks to queue
[2024-02-14T23:22:55.343+0000] {logging_mixin.py:188} INFO - [2024-02-14T23:22:55.343+0000] {dagbag.py:538} INFO - Filling up the DagBag from /home/ubuntu/reddit_venv/lib/python3.10/site-packages/airflow/example_dags/plugins/listener_plugin.py
[2024-02-14T23:22:55.346+0000] {processor.py:842} WARNING - No viable dags retrieved from /home/ubuntu/reddit_venv/lib/python3.10/site-packages/airflow/example_dags/plugins/listener_plugin.py
[2024-02-14T23:22:55.356+0000] {processor.py:183} INFO - Processing /home/ubuntu/reddit_venv/lib/python3.10/site-packages/airflow/example_dags/plugins/listener_plugin.py took 0.019 seconds
[2024-02-14T23:23:35.085+0000] {processor.py:161} INFO - Started process (PID=6220) to work on /home/ubuntu/reddit_venv/lib/python3.10/site-packages/airflow/example_dags/plugins/listener_plugin.py
[2024-02-14T23:23:35.087+0000] {processor.py:830} INFO - Processing file /home/ubuntu/reddit_venv/lib/python3.10/site-packages/airflow/example_dags/plugins/listener_plugin.py for tasks to queue
[2024-02-14T23:23:35.088+0000] {logging_mixin.py:188} INFO - [2024-02-14T23:23:35.088+0000] {dagbag.py:538} INFO - Filling up the DagBag from /home/ubuntu/reddit_venv/lib/python3.10/site-packages/airflow/example_dags/plugins/listener_plugin.py
[2024-02-14T23:23:35.091+0000] {processor.py:842} WARNING - No viable dags retrieved from /home/ubuntu/reddit_venv/lib/python3.10/site-packages/airflow/example_dags/plugins/listener_plugin.py
[2024-02-14T23:23:35.102+0000] {processor.py:183} INFO - Processing /home/ubuntu/reddit_venv/lib/python3.10/site-packages/airflow/example_dags/plugins/listener_plugin.py took 0.020 seconds
[2024-02-14T23:24:29.568+0000] {processor.py:161} INFO - Started process (PID=6343) to work on /home/ubuntu/reddit_venv/lib/python3.10/site-packages/airflow/example_dags/plugins/listener_plugin.py
[2024-02-14T23:24:29.570+0000] {processor.py:830} INFO - Processing file /home/ubuntu/reddit_venv/lib/python3.10/site-packages/airflow/example_dags/plugins/listener_plugin.py for tasks to queue
[2024-02-14T23:24:29.571+0000] {logging_mixin.py:188} INFO - [2024-02-14T23:24:29.570+0000] {dagbag.py:538} INFO - Filling up the DagBag from /home/ubuntu/reddit_venv/lib/python3.10/site-packages/airflow/example_dags/plugins/listener_plugin.py
[2024-02-14T23:24:29.573+0000] {processor.py:842} WARNING - No viable dags retrieved from /home/ubuntu/reddit_venv/lib/python3.10/site-packages/airflow/example_dags/plugins/listener_plugin.py
[2024-02-14T23:24:29.584+0000] {processor.py:183} INFO - Processing /home/ubuntu/reddit_venv/lib/python3.10/site-packages/airflow/example_dags/plugins/listener_plugin.py took 0.019 seconds
[2024-02-14T23:25:08.030+0000] {processor.py:161} INFO - Started process (PID=6448) to work on /home/ubuntu/reddit_venv/lib/python3.10/site-packages/airflow/example_dags/plugins/listener_plugin.py
[2024-02-14T23:25:08.032+0000] {processor.py:830} INFO - Processing file /home/ubuntu/reddit_venv/lib/python3.10/site-packages/airflow/example_dags/plugins/listener_plugin.py for tasks to queue
[2024-02-14T23:25:08.033+0000] {logging_mixin.py:188} INFO - [2024-02-14T23:25:08.032+0000] {dagbag.py:538} INFO - Filling up the DagBag from /home/ubuntu/reddit_venv/lib/python3.10/site-packages/airflow/example_dags/plugins/listener_plugin.py
[2024-02-14T23:25:08.036+0000] {processor.py:842} WARNING - No viable dags retrieved from /home/ubuntu/reddit_venv/lib/python3.10/site-packages/airflow/example_dags/plugins/listener_plugin.py
[2024-02-14T23:25:08.047+0000] {processor.py:183} INFO - Processing /home/ubuntu/reddit_venv/lib/python3.10/site-packages/airflow/example_dags/plugins/listener_plugin.py took 0.020 seconds
[2024-02-14T23:25:45.096+0000] {processor.py:161} INFO - Started process (PID=6553) to work on /home/ubuntu/reddit_venv/lib/python3.10/site-packages/airflow/example_dags/plugins/listener_plugin.py
[2024-02-14T23:25:45.098+0000] {processor.py:830} INFO - Processing file /home/ubuntu/reddit_venv/lib/python3.10/site-packages/airflow/example_dags/plugins/listener_plugin.py for tasks to queue
[2024-02-14T23:25:45.099+0000] {logging_mixin.py:188} INFO - [2024-02-14T23:25:45.098+0000] {dagbag.py:538} INFO - Filling up the DagBag from /home/ubuntu/reddit_venv/lib/python3.10/site-packages/airflow/example_dags/plugins/listener_plugin.py
[2024-02-14T23:25:45.102+0000] {processor.py:842} WARNING - No viable dags retrieved from /home/ubuntu/reddit_venv/lib/python3.10/site-packages/airflow/example_dags/plugins/listener_plugin.py
[2024-02-14T23:25:45.112+0000] {processor.py:183} INFO - Processing /home/ubuntu/reddit_venv/lib/python3.10/site-packages/airflow/example_dags/plugins/listener_plugin.py took 0.019 seconds
[2024-02-14T23:26:25.853+0000] {processor.py:161} INFO - Started process (PID=6622) to work on /home/ubuntu/reddit_venv/lib/python3.10/site-packages/airflow/example_dags/plugins/listener_plugin.py
[2024-02-14T23:26:25.854+0000] {processor.py:830} INFO - Processing file /home/ubuntu/reddit_venv/lib/python3.10/site-packages/airflow/example_dags/plugins/listener_plugin.py for tasks to queue
[2024-02-14T23:26:25.855+0000] {logging_mixin.py:188} INFO - [2024-02-14T23:26:25.855+0000] {dagbag.py:538} INFO - Filling up the DagBag from /home/ubuntu/reddit_venv/lib/python3.10/site-packages/airflow/example_dags/plugins/listener_plugin.py
[2024-02-14T23:26:25.858+0000] {processor.py:842} WARNING - No viable dags retrieved from /home/ubuntu/reddit_venv/lib/python3.10/site-packages/airflow/example_dags/plugins/listener_plugin.py
[2024-02-14T23:26:25.870+0000] {processor.py:183} INFO - Processing /home/ubuntu/reddit_venv/lib/python3.10/site-packages/airflow/example_dags/plugins/listener_plugin.py took 0.020 seconds
[2024-02-14T23:27:12.826+0000] {processor.py:161} INFO - Started process (PID=6832) to work on /home/ubuntu/reddit_venv/lib/python3.10/site-packages/airflow/example_dags/plugins/listener_plugin.py
[2024-02-14T23:27:12.828+0000] {processor.py:830} INFO - Processing file /home/ubuntu/reddit_venv/lib/python3.10/site-packages/airflow/example_dags/plugins/listener_plugin.py for tasks to queue
[2024-02-14T23:27:12.829+0000] {logging_mixin.py:188} INFO - [2024-02-14T23:27:12.828+0000] {dagbag.py:538} INFO - Filling up the DagBag from /home/ubuntu/reddit_venv/lib/python3.10/site-packages/airflow/example_dags/plugins/listener_plugin.py
[2024-02-14T23:27:12.831+0000] {processor.py:842} WARNING - No viable dags retrieved from /home/ubuntu/reddit_venv/lib/python3.10/site-packages/airflow/example_dags/plugins/listener_plugin.py
[2024-02-14T23:27:12.842+0000] {processor.py:183} INFO - Processing /home/ubuntu/reddit_venv/lib/python3.10/site-packages/airflow/example_dags/plugins/listener_plugin.py took 0.019 seconds
[2024-02-14T23:27:54.256+0000] {processor.py:161} INFO - Started process (PID=6940) to work on /home/ubuntu/reddit_venv/lib/python3.10/site-packages/airflow/example_dags/plugins/listener_plugin.py
[2024-02-14T23:27:54.257+0000] {processor.py:830} INFO - Processing file /home/ubuntu/reddit_venv/lib/python3.10/site-packages/airflow/example_dags/plugins/listener_plugin.py for tasks to queue
[2024-02-14T23:27:54.258+0000] {logging_mixin.py:188} INFO - [2024-02-14T23:27:54.258+0000] {dagbag.py:538} INFO - Filling up the DagBag from /home/ubuntu/reddit_venv/lib/python3.10/site-packages/airflow/example_dags/plugins/listener_plugin.py
[2024-02-14T23:27:54.261+0000] {processor.py:842} WARNING - No viable dags retrieved from /home/ubuntu/reddit_venv/lib/python3.10/site-packages/airflow/example_dags/plugins/listener_plugin.py
[2024-02-14T23:27:54.271+0000] {processor.py:183} INFO - Processing /home/ubuntu/reddit_venv/lib/python3.10/site-packages/airflow/example_dags/plugins/listener_plugin.py took 0.019 seconds
[2024-02-14T23:28:33.902+0000] {processor.py:161} INFO - Started process (PID=7046) to work on /home/ubuntu/reddit_venv/lib/python3.10/site-packages/airflow/example_dags/plugins/listener_plugin.py
[2024-02-14T23:28:33.904+0000] {processor.py:830} INFO - Processing file /home/ubuntu/reddit_venv/lib/python3.10/site-packages/airflow/example_dags/plugins/listener_plugin.py for tasks to queue
[2024-02-14T23:28:33.905+0000] {logging_mixin.py:188} INFO - [2024-02-14T23:28:33.904+0000] {dagbag.py:538} INFO - Filling up the DagBag from /home/ubuntu/reddit_venv/lib/python3.10/site-packages/airflow/example_dags/plugins/listener_plugin.py
[2024-02-14T23:28:33.908+0000] {processor.py:842} WARNING - No viable dags retrieved from /home/ubuntu/reddit_venv/lib/python3.10/site-packages/airflow/example_dags/plugins/listener_plugin.py
[2024-02-14T23:28:33.918+0000] {processor.py:183} INFO - Processing /home/ubuntu/reddit_venv/lib/python3.10/site-packages/airflow/example_dags/plugins/listener_plugin.py took 0.020 seconds
[2024-02-14T23:29:13.716+0000] {processor.py:161} INFO - Started process (PID=7091) to work on /home/ubuntu/reddit_venv/lib/python3.10/site-packages/airflow/example_dags/plugins/listener_plugin.py
[2024-02-14T23:29:13.718+0000] {processor.py:830} INFO - Processing file /home/ubuntu/reddit_venv/lib/python3.10/site-packages/airflow/example_dags/plugins/listener_plugin.py for tasks to queue
[2024-02-14T23:29:13.719+0000] {logging_mixin.py:188} INFO - [2024-02-14T23:29:13.718+0000] {dagbag.py:538} INFO - Filling up the DagBag from /home/ubuntu/reddit_venv/lib/python3.10/site-packages/airflow/example_dags/plugins/listener_plugin.py
[2024-02-14T23:29:13.722+0000] {processor.py:842} WARNING - No viable dags retrieved from /home/ubuntu/reddit_venv/lib/python3.10/site-packages/airflow/example_dags/plugins/listener_plugin.py
[2024-02-14T23:29:13.733+0000] {processor.py:183} INFO - Processing /home/ubuntu/reddit_venv/lib/python3.10/site-packages/airflow/example_dags/plugins/listener_plugin.py took 0.020 seconds
[2024-02-14T23:30:07.182+0000] {processor.py:161} INFO - Started process (PID=7272) to work on /home/ubuntu/reddit_venv/lib/python3.10/site-packages/airflow/example_dags/plugins/listener_plugin.py
[2024-02-14T23:30:07.184+0000] {processor.py:830} INFO - Processing file /home/ubuntu/reddit_venv/lib/python3.10/site-packages/airflow/example_dags/plugins/listener_plugin.py for tasks to queue
[2024-02-14T23:30:07.185+0000] {logging_mixin.py:188} INFO - [2024-02-14T23:30:07.184+0000] {dagbag.py:538} INFO - Filling up the DagBag from /home/ubuntu/reddit_venv/lib/python3.10/site-packages/airflow/example_dags/plugins/listener_plugin.py
[2024-02-14T23:30:07.188+0000] {processor.py:842} WARNING - No viable dags retrieved from /home/ubuntu/reddit_venv/lib/python3.10/site-packages/airflow/example_dags/plugins/listener_plugin.py
[2024-02-14T23:30:07.198+0000] {processor.py:183} INFO - Processing /home/ubuntu/reddit_venv/lib/python3.10/site-packages/airflow/example_dags/plugins/listener_plugin.py took 0.020 seconds
[2024-02-14T23:30:45.963+0000] {processor.py:161} INFO - Started process (PID=7376) to work on /home/ubuntu/reddit_venv/lib/python3.10/site-packages/airflow/example_dags/plugins/listener_plugin.py
[2024-02-14T23:30:45.967+0000] {processor.py:830} INFO - Processing file /home/ubuntu/reddit_venv/lib/python3.10/site-packages/airflow/example_dags/plugins/listener_plugin.py for tasks to queue
[2024-02-14T23:30:45.968+0000] {logging_mixin.py:188} INFO - [2024-02-14T23:30:45.967+0000] {dagbag.py:538} INFO - Filling up the DagBag from /home/ubuntu/reddit_venv/lib/python3.10/site-packages/airflow/example_dags/plugins/listener_plugin.py
[2024-02-14T23:30:45.971+0000] {processor.py:842} WARNING - No viable dags retrieved from /home/ubuntu/reddit_venv/lib/python3.10/site-packages/airflow/example_dags/plugins/listener_plugin.py
[2024-02-14T23:30:45.981+0000] {processor.py:183} INFO - Processing /home/ubuntu/reddit_venv/lib/python3.10/site-packages/airflow/example_dags/plugins/listener_plugin.py took 0.021 seconds
[2024-02-14T23:31:23.684+0000] {processor.py:161} INFO - Started process (PID=7417) to work on /home/ubuntu/reddit_venv/lib/python3.10/site-packages/airflow/example_dags/plugins/listener_plugin.py
[2024-02-14T23:31:23.686+0000] {processor.py:830} INFO - Processing file /home/ubuntu/reddit_venv/lib/python3.10/site-packages/airflow/example_dags/plugins/listener_plugin.py for tasks to queue
[2024-02-14T23:31:23.687+0000] {logging_mixin.py:188} INFO - [2024-02-14T23:31:23.687+0000] {dagbag.py:538} INFO - Filling up the DagBag from /home/ubuntu/reddit_venv/lib/python3.10/site-packages/airflow/example_dags/plugins/listener_plugin.py
[2024-02-14T23:31:23.690+0000] {processor.py:842} WARNING - No viable dags retrieved from /home/ubuntu/reddit_venv/lib/python3.10/site-packages/airflow/example_dags/plugins/listener_plugin.py
[2024-02-14T23:31:23.700+0000] {processor.py:183} INFO - Processing /home/ubuntu/reddit_venv/lib/python3.10/site-packages/airflow/example_dags/plugins/listener_plugin.py took 0.019 seconds
[2024-02-14T23:32:01.672+0000] {processor.py:161} INFO - Started process (PID=7521) to work on /home/ubuntu/reddit_venv/lib/python3.10/site-packages/airflow/example_dags/plugins/listener_plugin.py
[2024-02-14T23:32:01.674+0000] {processor.py:830} INFO - Processing file /home/ubuntu/reddit_venv/lib/python3.10/site-packages/airflow/example_dags/plugins/listener_plugin.py for tasks to queue
[2024-02-14T23:32:01.675+0000] {logging_mixin.py:188} INFO - [2024-02-14T23:32:01.674+0000] {dagbag.py:538} INFO - Filling up the DagBag from /home/ubuntu/reddit_venv/lib/python3.10/site-packages/airflow/example_dags/plugins/listener_plugin.py
[2024-02-14T23:32:01.678+0000] {processor.py:842} WARNING - No viable dags retrieved from /home/ubuntu/reddit_venv/lib/python3.10/site-packages/airflow/example_dags/plugins/listener_plugin.py
[2024-02-14T23:32:01.688+0000] {processor.py:183} INFO - Processing /home/ubuntu/reddit_venv/lib/python3.10/site-packages/airflow/example_dags/plugins/listener_plugin.py took 0.019 seconds
[2024-02-14T23:32:40.887+0000] {processor.py:161} INFO - Started process (PID=7686) to work on /home/ubuntu/reddit_venv/lib/python3.10/site-packages/airflow/example_dags/plugins/listener_plugin.py
[2024-02-14T23:32:40.889+0000] {processor.py:830} INFO - Processing file /home/ubuntu/reddit_venv/lib/python3.10/site-packages/airflow/example_dags/plugins/listener_plugin.py for tasks to queue
[2024-02-14T23:32:40.890+0000] {logging_mixin.py:188} INFO - [2024-02-14T23:32:40.889+0000] {dagbag.py:538} INFO - Filling up the DagBag from /home/ubuntu/reddit_venv/lib/python3.10/site-packages/airflow/example_dags/plugins/listener_plugin.py
[2024-02-14T23:32:40.893+0000] {processor.py:842} WARNING - No viable dags retrieved from /home/ubuntu/reddit_venv/lib/python3.10/site-packages/airflow/example_dags/plugins/listener_plugin.py
[2024-02-14T23:32:40.903+0000] {processor.py:183} INFO - Processing /home/ubuntu/reddit_venv/lib/python3.10/site-packages/airflow/example_dags/plugins/listener_plugin.py took 0.020 seconds
[2024-02-14T23:33:20.922+0000] {processor.py:161} INFO - Started process (PID=7732) to work on /home/ubuntu/reddit_venv/lib/python3.10/site-packages/airflow/example_dags/plugins/listener_plugin.py
[2024-02-14T23:33:20.924+0000] {processor.py:830} INFO - Processing file /home/ubuntu/reddit_venv/lib/python3.10/site-packages/airflow/example_dags/plugins/listener_plugin.py for tasks to queue
[2024-02-14T23:33:20.925+0000] {logging_mixin.py:188} INFO - [2024-02-14T23:33:20.924+0000] {dagbag.py:538} INFO - Filling up the DagBag from /home/ubuntu/reddit_venv/lib/python3.10/site-packages/airflow/example_dags/plugins/listener_plugin.py
[2024-02-14T23:33:20.928+0000] {processor.py:842} WARNING - No viable dags retrieved from /home/ubuntu/reddit_venv/lib/python3.10/site-packages/airflow/example_dags/plugins/listener_plugin.py
[2024-02-14T23:33:20.938+0000] {processor.py:183} INFO - Processing /home/ubuntu/reddit_venv/lib/python3.10/site-packages/airflow/example_dags/plugins/listener_plugin.py took 0.019 seconds
[2024-02-14T23:34:14.873+0000] {processor.py:161} INFO - Started process (PID=7857) to work on /home/ubuntu/reddit_venv/lib/python3.10/site-packages/airflow/example_dags/plugins/listener_plugin.py
[2024-02-14T23:34:14.875+0000] {processor.py:830} INFO - Processing file /home/ubuntu/reddit_venv/lib/python3.10/site-packages/airflow/example_dags/plugins/listener_plugin.py for tasks to queue
[2024-02-14T23:34:14.875+0000] {logging_mixin.py:188} INFO - [2024-02-14T23:34:14.875+0000] {dagbag.py:538} INFO - Filling up the DagBag from /home/ubuntu/reddit_venv/lib/python3.10/site-packages/airflow/example_dags/plugins/listener_plugin.py
[2024-02-14T23:34:14.878+0000] {processor.py:842} WARNING - No viable dags retrieved from /home/ubuntu/reddit_venv/lib/python3.10/site-packages/airflow/example_dags/plugins/listener_plugin.py
[2024-02-14T23:34:14.889+0000] {processor.py:183} INFO - Processing /home/ubuntu/reddit_venv/lib/python3.10/site-packages/airflow/example_dags/plugins/listener_plugin.py took 0.019 seconds
[2024-02-14T23:34:52.051+0000] {processor.py:161} INFO - Started process (PID=7963) to work on /home/ubuntu/reddit_venv/lib/python3.10/site-packages/airflow/example_dags/plugins/listener_plugin.py
[2024-02-14T23:34:52.053+0000] {processor.py:830} INFO - Processing file /home/ubuntu/reddit_venv/lib/python3.10/site-packages/airflow/example_dags/plugins/listener_plugin.py for tasks to queue
[2024-02-14T23:34:52.054+0000] {logging_mixin.py:188} INFO - [2024-02-14T23:34:52.053+0000] {dagbag.py:538} INFO - Filling up the DagBag from /home/ubuntu/reddit_venv/lib/python3.10/site-packages/airflow/example_dags/plugins/listener_plugin.py
[2024-02-14T23:34:52.057+0000] {processor.py:842} WARNING - No viable dags retrieved from /home/ubuntu/reddit_venv/lib/python3.10/site-packages/airflow/example_dags/plugins/listener_plugin.py
[2024-02-14T23:34:52.067+0000] {processor.py:183} INFO - Processing /home/ubuntu/reddit_venv/lib/python3.10/site-packages/airflow/example_dags/plugins/listener_plugin.py took 0.019 seconds
[2024-02-14T23:35:30.076+0000] {processor.py:161} INFO - Started process (PID=8067) to work on /home/ubuntu/reddit_venv/lib/python3.10/site-packages/airflow/example_dags/plugins/listener_plugin.py
[2024-02-14T23:35:30.078+0000] {processor.py:830} INFO - Processing file /home/ubuntu/reddit_venv/lib/python3.10/site-packages/airflow/example_dags/plugins/listener_plugin.py for tasks to queue
[2024-02-14T23:35:30.079+0000] {logging_mixin.py:188} INFO - [2024-02-14T23:35:30.079+0000] {dagbag.py:538} INFO - Filling up the DagBag from /home/ubuntu/reddit_venv/lib/python3.10/site-packages/airflow/example_dags/plugins/listener_plugin.py
[2024-02-14T23:35:30.082+0000] {processor.py:842} WARNING - No viable dags retrieved from /home/ubuntu/reddit_venv/lib/python3.10/site-packages/airflow/example_dags/plugins/listener_plugin.py
[2024-02-14T23:35:30.093+0000] {processor.py:183} INFO - Processing /home/ubuntu/reddit_venv/lib/python3.10/site-packages/airflow/example_dags/plugins/listener_plugin.py took 0.019 seconds
[2024-02-14T23:36:08.054+0000] {processor.py:161} INFO - Started process (PID=8112) to work on /home/ubuntu/reddit_venv/lib/python3.10/site-packages/airflow/example_dags/plugins/listener_plugin.py
[2024-02-14T23:36:08.056+0000] {processor.py:830} INFO - Processing file /home/ubuntu/reddit_venv/lib/python3.10/site-packages/airflow/example_dags/plugins/listener_plugin.py for tasks to queue
[2024-02-14T23:36:08.057+0000] {logging_mixin.py:188} INFO - [2024-02-14T23:36:08.056+0000] {dagbag.py:538} INFO - Filling up the DagBag from /home/ubuntu/reddit_venv/lib/python3.10/site-packages/airflow/example_dags/plugins/listener_plugin.py
[2024-02-14T23:36:08.060+0000] {processor.py:842} WARNING - No viable dags retrieved from /home/ubuntu/reddit_venv/lib/python3.10/site-packages/airflow/example_dags/plugins/listener_plugin.py
[2024-02-14T23:36:08.070+0000] {processor.py:183} INFO - Processing /home/ubuntu/reddit_venv/lib/python3.10/site-packages/airflow/example_dags/plugins/listener_plugin.py took 0.019 seconds
[2024-02-14T23:36:47.146+0000] {processor.py:161} INFO - Started process (PID=8213) to work on /home/ubuntu/reddit_venv/lib/python3.10/site-packages/airflow/example_dags/plugins/listener_plugin.py
[2024-02-14T23:36:47.147+0000] {processor.py:830} INFO - Processing file /home/ubuntu/reddit_venv/lib/python3.10/site-packages/airflow/example_dags/plugins/listener_plugin.py for tasks to queue
[2024-02-14T23:36:47.148+0000] {logging_mixin.py:188} INFO - [2024-02-14T23:36:47.148+0000] {dagbag.py:538} INFO - Filling up the DagBag from /home/ubuntu/reddit_venv/lib/python3.10/site-packages/airflow/example_dags/plugins/listener_plugin.py
[2024-02-14T23:36:47.151+0000] {processor.py:842} WARNING - No viable dags retrieved from /home/ubuntu/reddit_venv/lib/python3.10/site-packages/airflow/example_dags/plugins/listener_plugin.py
[2024-02-14T23:36:47.162+0000] {processor.py:183} INFO - Processing /home/ubuntu/reddit_venv/lib/python3.10/site-packages/airflow/example_dags/plugins/listener_plugin.py took 0.020 seconds
[2024-02-14T23:37:27.657+0000] {processor.py:161} INFO - Started process (PID=8321) to work on /home/ubuntu/reddit_venv/lib/python3.10/site-packages/airflow/example_dags/plugins/listener_plugin.py
[2024-02-14T23:37:27.658+0000] {processor.py:830} INFO - Processing file /home/ubuntu/reddit_venv/lib/python3.10/site-packages/airflow/example_dags/plugins/listener_plugin.py for tasks to queue
[2024-02-14T23:37:27.659+0000] {logging_mixin.py:188} INFO - [2024-02-14T23:37:27.659+0000] {dagbag.py:538} INFO - Filling up the DagBag from /home/ubuntu/reddit_venv/lib/python3.10/site-packages/airflow/example_dags/plugins/listener_plugin.py
[2024-02-14T23:37:27.662+0000] {processor.py:842} WARNING - No viable dags retrieved from /home/ubuntu/reddit_venv/lib/python3.10/site-packages/airflow/example_dags/plugins/listener_plugin.py
[2024-02-14T23:37:27.672+0000] {processor.py:183} INFO - Processing /home/ubuntu/reddit_venv/lib/python3.10/site-packages/airflow/example_dags/plugins/listener_plugin.py took 0.018 seconds
[2024-02-14T23:38:05.091+0000] {processor.py:161} INFO - Started process (PID=8667) to work on /home/ubuntu/reddit_venv/lib/python3.10/site-packages/airflow/example_dags/plugins/listener_plugin.py
[2024-02-14T23:38:05.092+0000] {processor.py:830} INFO - Processing file /home/ubuntu/reddit_venv/lib/python3.10/site-packages/airflow/example_dags/plugins/listener_plugin.py for tasks to queue
[2024-02-14T23:38:05.093+0000] {logging_mixin.py:188} INFO - [2024-02-14T23:38:05.093+0000] {dagbag.py:538} INFO - Filling up the DagBag from /home/ubuntu/reddit_venv/lib/python3.10/site-packages/airflow/example_dags/plugins/listener_plugin.py
[2024-02-14T23:38:05.096+0000] {processor.py:842} WARNING - No viable dags retrieved from /home/ubuntu/reddit_venv/lib/python3.10/site-packages/airflow/example_dags/plugins/listener_plugin.py
[2024-02-14T23:38:05.106+0000] {processor.py:183} INFO - Processing /home/ubuntu/reddit_venv/lib/python3.10/site-packages/airflow/example_dags/plugins/listener_plugin.py took 0.019 seconds
[2024-02-14T23:38:44.415+0000] {processor.py:161} INFO - Started process (PID=8772) to work on /home/ubuntu/reddit_venv/lib/python3.10/site-packages/airflow/example_dags/plugins/listener_plugin.py
[2024-02-14T23:38:44.416+0000] {processor.py:830} INFO - Processing file /home/ubuntu/reddit_venv/lib/python3.10/site-packages/airflow/example_dags/plugins/listener_plugin.py for tasks to queue
[2024-02-14T23:38:44.417+0000] {logging_mixin.py:188} INFO - [2024-02-14T23:38:44.417+0000] {dagbag.py:538} INFO - Filling up the DagBag from /home/ubuntu/reddit_venv/lib/python3.10/site-packages/airflow/example_dags/plugins/listener_plugin.py
[2024-02-14T23:38:44.420+0000] {processor.py:842} WARNING - No viable dags retrieved from /home/ubuntu/reddit_venv/lib/python3.10/site-packages/airflow/example_dags/plugins/listener_plugin.py
[2024-02-14T23:38:44.430+0000] {processor.py:183} INFO - Processing /home/ubuntu/reddit_venv/lib/python3.10/site-packages/airflow/example_dags/plugins/listener_plugin.py took 0.019 seconds
[2024-02-14T23:39:40.406+0000] {processor.py:161} INFO - Started process (PID=9266) to work on /home/ubuntu/reddit_venv/lib/python3.10/site-packages/airflow/example_dags/plugins/listener_plugin.py
[2024-02-14T23:39:40.407+0000] {processor.py:830} INFO - Processing file /home/ubuntu/reddit_venv/lib/python3.10/site-packages/airflow/example_dags/plugins/listener_plugin.py for tasks to queue
[2024-02-14T23:39:40.408+0000] {logging_mixin.py:188} INFO - [2024-02-14T23:39:40.408+0000] {dagbag.py:538} INFO - Filling up the DagBag from /home/ubuntu/reddit_venv/lib/python3.10/site-packages/airflow/example_dags/plugins/listener_plugin.py
[2024-02-14T23:39:40.411+0000] {processor.py:842} WARNING - No viable dags retrieved from /home/ubuntu/reddit_venv/lib/python3.10/site-packages/airflow/example_dags/plugins/listener_plugin.py
[2024-02-14T23:39:40.422+0000] {processor.py:183} INFO - Processing /home/ubuntu/reddit_venv/lib/python3.10/site-packages/airflow/example_dags/plugins/listener_plugin.py took 0.019 seconds
[2024-02-14T23:40:17.765+0000] {processor.py:161} INFO - Started process (PID=9311) to work on /home/ubuntu/reddit_venv/lib/python3.10/site-packages/airflow/example_dags/plugins/listener_plugin.py
[2024-02-14T23:40:17.767+0000] {processor.py:830} INFO - Processing file /home/ubuntu/reddit_venv/lib/python3.10/site-packages/airflow/example_dags/plugins/listener_plugin.py for tasks to queue
[2024-02-14T23:40:17.768+0000] {logging_mixin.py:188} INFO - [2024-02-14T23:40:17.767+0000] {dagbag.py:538} INFO - Filling up the DagBag from /home/ubuntu/reddit_venv/lib/python3.10/site-packages/airflow/example_dags/plugins/listener_plugin.py
[2024-02-14T23:40:17.771+0000] {processor.py:842} WARNING - No viable dags retrieved from /home/ubuntu/reddit_venv/lib/python3.10/site-packages/airflow/example_dags/plugins/listener_plugin.py
[2024-02-14T23:40:17.781+0000] {processor.py:183} INFO - Processing /home/ubuntu/reddit_venv/lib/python3.10/site-packages/airflow/example_dags/plugins/listener_plugin.py took 0.019 seconds
[2024-02-14T23:40:55.915+0000] {processor.py:161} INFO - Started process (PID=9412) to work on /home/ubuntu/reddit_venv/lib/python3.10/site-packages/airflow/example_dags/plugins/listener_plugin.py
[2024-02-14T23:40:55.917+0000] {processor.py:830} INFO - Processing file /home/ubuntu/reddit_venv/lib/python3.10/site-packages/airflow/example_dags/plugins/listener_plugin.py for tasks to queue
[2024-02-14T23:40:55.918+0000] {logging_mixin.py:188} INFO - [2024-02-14T23:40:55.917+0000] {dagbag.py:538} INFO - Filling up the DagBag from /home/ubuntu/reddit_venv/lib/python3.10/site-packages/airflow/example_dags/plugins/listener_plugin.py
[2024-02-14T23:40:55.921+0000] {processor.py:842} WARNING - No viable dags retrieved from /home/ubuntu/reddit_venv/lib/python3.10/site-packages/airflow/example_dags/plugins/listener_plugin.py
[2024-02-14T23:40:55.932+0000] {processor.py:183} INFO - Processing /home/ubuntu/reddit_venv/lib/python3.10/site-packages/airflow/example_dags/plugins/listener_plugin.py took 0.020 seconds
[2024-02-14T23:41:33.001+0000] {processor.py:161} INFO - Started process (PID=9516) to work on /home/ubuntu/reddit_venv/lib/python3.10/site-packages/airflow/example_dags/plugins/listener_plugin.py
[2024-02-14T23:41:33.002+0000] {processor.py:830} INFO - Processing file /home/ubuntu/reddit_venv/lib/python3.10/site-packages/airflow/example_dags/plugins/listener_plugin.py for tasks to queue
[2024-02-14T23:41:33.003+0000] {logging_mixin.py:188} INFO - [2024-02-14T23:41:33.003+0000] {dagbag.py:538} INFO - Filling up the DagBag from /home/ubuntu/reddit_venv/lib/python3.10/site-packages/airflow/example_dags/plugins/listener_plugin.py
[2024-02-14T23:41:33.006+0000] {processor.py:842} WARNING - No viable dags retrieved from /home/ubuntu/reddit_venv/lib/python3.10/site-packages/airflow/example_dags/plugins/listener_plugin.py
[2024-02-14T23:41:33.016+0000] {processor.py:183} INFO - Processing /home/ubuntu/reddit_venv/lib/python3.10/site-packages/airflow/example_dags/plugins/listener_plugin.py took 0.019 seconds
[2024-02-14T23:42:10.897+0000] {processor.py:161} INFO - Started process (PID=9560) to work on /home/ubuntu/reddit_venv/lib/python3.10/site-packages/airflow/example_dags/plugins/listener_plugin.py
[2024-02-14T23:42:10.898+0000] {processor.py:830} INFO - Processing file /home/ubuntu/reddit_venv/lib/python3.10/site-packages/airflow/example_dags/plugins/listener_plugin.py for tasks to queue
[2024-02-14T23:42:10.899+0000] {logging_mixin.py:188} INFO - [2024-02-14T23:42:10.899+0000] {dagbag.py:538} INFO - Filling up the DagBag from /home/ubuntu/reddit_venv/lib/python3.10/site-packages/airflow/example_dags/plugins/listener_plugin.py
[2024-02-14T23:42:10.902+0000] {processor.py:842} WARNING - No viable dags retrieved from /home/ubuntu/reddit_venv/lib/python3.10/site-packages/airflow/example_dags/plugins/listener_plugin.py
[2024-02-14T23:42:10.913+0000] {processor.py:183} INFO - Processing /home/ubuntu/reddit_venv/lib/python3.10/site-packages/airflow/example_dags/plugins/listener_plugin.py took 0.019 seconds
[2024-02-14T23:42:49.177+0000] {processor.py:161} INFO - Started process (PID=9661) to work on /home/ubuntu/reddit_venv/lib/python3.10/site-packages/airflow/example_dags/plugins/listener_plugin.py
[2024-02-14T23:42:49.179+0000] {processor.py:830} INFO - Processing file /home/ubuntu/reddit_venv/lib/python3.10/site-packages/airflow/example_dags/plugins/listener_plugin.py for tasks to queue
[2024-02-14T23:42:49.180+0000] {logging_mixin.py:188} INFO - [2024-02-14T23:42:49.179+0000] {dagbag.py:538} INFO - Filling up the DagBag from /home/ubuntu/reddit_venv/lib/python3.10/site-packages/airflow/example_dags/plugins/listener_plugin.py
[2024-02-14T23:42:49.183+0000] {processor.py:842} WARNING - No viable dags retrieved from /home/ubuntu/reddit_venv/lib/python3.10/site-packages/airflow/example_dags/plugins/listener_plugin.py
[2024-02-14T23:42:49.193+0000] {processor.py:183} INFO - Processing /home/ubuntu/reddit_venv/lib/python3.10/site-packages/airflow/example_dags/plugins/listener_plugin.py took 0.019 seconds
[2024-02-14T23:43:28.356+0000] {processor.py:161} INFO - Started process (PID=9766) to work on /home/ubuntu/reddit_venv/lib/python3.10/site-packages/airflow/example_dags/plugins/listener_plugin.py
[2024-02-14T23:43:28.358+0000] {processor.py:830} INFO - Processing file /home/ubuntu/reddit_venv/lib/python3.10/site-packages/airflow/example_dags/plugins/listener_plugin.py for tasks to queue
[2024-02-14T23:43:28.359+0000] {logging_mixin.py:188} INFO - [2024-02-14T23:43:28.358+0000] {dagbag.py:538} INFO - Filling up the DagBag from /home/ubuntu/reddit_venv/lib/python3.10/site-packages/airflow/example_dags/plugins/listener_plugin.py
[2024-02-14T23:43:28.362+0000] {processor.py:842} WARNING - No viable dags retrieved from /home/ubuntu/reddit_venv/lib/python3.10/site-packages/airflow/example_dags/plugins/listener_plugin.py
[2024-02-14T23:43:28.372+0000] {processor.py:183} INFO - Processing /home/ubuntu/reddit_venv/lib/python3.10/site-packages/airflow/example_dags/plugins/listener_plugin.py took 0.019 seconds
[2024-02-14T23:44:08.391+0000] {processor.py:161} INFO - Started process (PID=9812) to work on /home/ubuntu/reddit_venv/lib/python3.10/site-packages/airflow/example_dags/plugins/listener_plugin.py
[2024-02-14T23:44:08.392+0000] {processor.py:830} INFO - Processing file /home/ubuntu/reddit_venv/lib/python3.10/site-packages/airflow/example_dags/plugins/listener_plugin.py for tasks to queue
[2024-02-14T23:44:08.393+0000] {logging_mixin.py:188} INFO - [2024-02-14T23:44:08.393+0000] {dagbag.py:538} INFO - Filling up the DagBag from /home/ubuntu/reddit_venv/lib/python3.10/site-packages/airflow/example_dags/plugins/listener_plugin.py
[2024-02-14T23:44:08.396+0000] {processor.py:842} WARNING - No viable dags retrieved from /home/ubuntu/reddit_venv/lib/python3.10/site-packages/airflow/example_dags/plugins/listener_plugin.py
[2024-02-14T23:44:08.407+0000] {processor.py:183} INFO - Processing /home/ubuntu/reddit_venv/lib/python3.10/site-packages/airflow/example_dags/plugins/listener_plugin.py took 0.019 seconds
[2024-02-14T23:44:56.182+0000] {processor.py:161} INFO - Started process (PID=10236) to work on /home/ubuntu/reddit_venv/lib/python3.10/site-packages/airflow/example_dags/plugins/listener_plugin.py
[2024-02-14T23:44:56.184+0000] {processor.py:830} INFO - Processing file /home/ubuntu/reddit_venv/lib/python3.10/site-packages/airflow/example_dags/plugins/listener_plugin.py for tasks to queue
[2024-02-14T23:44:56.185+0000] {logging_mixin.py:188} INFO - [2024-02-14T23:44:56.184+0000] {dagbag.py:538} INFO - Filling up the DagBag from /home/ubuntu/reddit_venv/lib/python3.10/site-packages/airflow/example_dags/plugins/listener_plugin.py
[2024-02-14T23:44:56.187+0000] {processor.py:842} WARNING - No viable dags retrieved from /home/ubuntu/reddit_venv/lib/python3.10/site-packages/airflow/example_dags/plugins/listener_plugin.py
[2024-02-14T23:44:56.198+0000] {processor.py:183} INFO - Processing /home/ubuntu/reddit_venv/lib/python3.10/site-packages/airflow/example_dags/plugins/listener_plugin.py took 0.019 seconds
[2024-02-14T23:45:41.847+0000] {processor.py:161} INFO - Started process (PID=10349) to work on /home/ubuntu/reddit_venv/lib/python3.10/site-packages/airflow/example_dags/plugins/listener_plugin.py
[2024-02-14T23:45:41.856+0000] {processor.py:830} INFO - Processing file /home/ubuntu/reddit_venv/lib/python3.10/site-packages/airflow/example_dags/plugins/listener_plugin.py for tasks to queue
[2024-02-14T23:45:41.857+0000] {logging_mixin.py:188} INFO - [2024-02-14T23:45:41.857+0000] {dagbag.py:538} INFO - Filling up the DagBag from /home/ubuntu/reddit_venv/lib/python3.10/site-packages/airflow/example_dags/plugins/listener_plugin.py
[2024-02-14T23:45:41.860+0000] {processor.py:842} WARNING - No viable dags retrieved from /home/ubuntu/reddit_venv/lib/python3.10/site-packages/airflow/example_dags/plugins/listener_plugin.py
[2024-02-14T23:45:41.871+0000] {processor.py:183} INFO - Processing /home/ubuntu/reddit_venv/lib/python3.10/site-packages/airflow/example_dags/plugins/listener_plugin.py took 0.028 seconds
[2024-02-14T23:46:34.929+0000] {processor.py:161} INFO - Started process (PID=10471) to work on /home/ubuntu/reddit_venv/lib/python3.10/site-packages/airflow/example_dags/plugins/listener_plugin.py
[2024-02-14T23:46:34.931+0000] {processor.py:830} INFO - Processing file /home/ubuntu/reddit_venv/lib/python3.10/site-packages/airflow/example_dags/plugins/listener_plugin.py for tasks to queue
[2024-02-14T23:46:34.932+0000] {logging_mixin.py:188} INFO - [2024-02-14T23:46:34.932+0000] {dagbag.py:538} INFO - Filling up the DagBag from /home/ubuntu/reddit_venv/lib/python3.10/site-packages/airflow/example_dags/plugins/listener_plugin.py
[2024-02-14T23:46:34.935+0000] {processor.py:842} WARNING - No viable dags retrieved from /home/ubuntu/reddit_venv/lib/python3.10/site-packages/airflow/example_dags/plugins/listener_plugin.py
[2024-02-14T23:46:34.946+0000] {processor.py:183} INFO - Processing /home/ubuntu/reddit_venv/lib/python3.10/site-packages/airflow/example_dags/plugins/listener_plugin.py took 0.020 seconds
[2024-02-14T23:47:12.169+0000] {processor.py:161} INFO - Started process (PID=10514) to work on /home/ubuntu/reddit_venv/lib/python3.10/site-packages/airflow/example_dags/plugins/listener_plugin.py
[2024-02-14T23:47:12.171+0000] {processor.py:830} INFO - Processing file /home/ubuntu/reddit_venv/lib/python3.10/site-packages/airflow/example_dags/plugins/listener_plugin.py for tasks to queue
[2024-02-14T23:47:12.172+0000] {logging_mixin.py:188} INFO - [2024-02-14T23:47:12.171+0000] {dagbag.py:538} INFO - Filling up the DagBag from /home/ubuntu/reddit_venv/lib/python3.10/site-packages/airflow/example_dags/plugins/listener_plugin.py
[2024-02-14T23:47:12.175+0000] {processor.py:842} WARNING - No viable dags retrieved from /home/ubuntu/reddit_venv/lib/python3.10/site-packages/airflow/example_dags/plugins/listener_plugin.py
[2024-02-14T23:47:12.186+0000] {processor.py:183} INFO - Processing /home/ubuntu/reddit_venv/lib/python3.10/site-packages/airflow/example_dags/plugins/listener_plugin.py took 0.019 seconds
[2024-02-14T23:47:50.674+0000] {processor.py:161} INFO - Started process (PID=10619) to work on /home/ubuntu/reddit_venv/lib/python3.10/site-packages/airflow/example_dags/plugins/listener_plugin.py
[2024-02-14T23:47:50.675+0000] {processor.py:830} INFO - Processing file /home/ubuntu/reddit_venv/lib/python3.10/site-packages/airflow/example_dags/plugins/listener_plugin.py for tasks to queue
[2024-02-14T23:47:50.676+0000] {logging_mixin.py:188} INFO - [2024-02-14T23:47:50.676+0000] {dagbag.py:538} INFO - Filling up the DagBag from /home/ubuntu/reddit_venv/lib/python3.10/site-packages/airflow/example_dags/plugins/listener_plugin.py
[2024-02-14T23:47:50.679+0000] {processor.py:842} WARNING - No viable dags retrieved from /home/ubuntu/reddit_venv/lib/python3.10/site-packages/airflow/example_dags/plugins/listener_plugin.py
[2024-02-14T23:47:50.689+0000] {processor.py:183} INFO - Processing /home/ubuntu/reddit_venv/lib/python3.10/site-packages/airflow/example_dags/plugins/listener_plugin.py took 0.019 seconds
[2024-02-14T23:48:31.319+0000] {processor.py:161} INFO - Started process (PID=10726) to work on /home/ubuntu/reddit_venv/lib/python3.10/site-packages/airflow/example_dags/plugins/listener_plugin.py
[2024-02-14T23:48:31.320+0000] {processor.py:830} INFO - Processing file /home/ubuntu/reddit_venv/lib/python3.10/site-packages/airflow/example_dags/plugins/listener_plugin.py for tasks to queue
[2024-02-14T23:48:31.321+0000] {logging_mixin.py:188} INFO - [2024-02-14T23:48:31.321+0000] {dagbag.py:538} INFO - Filling up the DagBag from /home/ubuntu/reddit_venv/lib/python3.10/site-packages/airflow/example_dags/plugins/listener_plugin.py
[2024-02-14T23:48:31.324+0000] {processor.py:842} WARNING - No viable dags retrieved from /home/ubuntu/reddit_venv/lib/python3.10/site-packages/airflow/example_dags/plugins/listener_plugin.py
[2024-02-14T23:48:31.334+0000] {processor.py:183} INFO - Processing /home/ubuntu/reddit_venv/lib/python3.10/site-packages/airflow/example_dags/plugins/listener_plugin.py took 0.019 seconds
[2024-02-14T23:49:07.968+0000] {processor.py:161} INFO - Started process (PID=10770) to work on /home/ubuntu/reddit_venv/lib/python3.10/site-packages/airflow/example_dags/plugins/listener_plugin.py
[2024-02-14T23:49:07.969+0000] {processor.py:830} INFO - Processing file /home/ubuntu/reddit_venv/lib/python3.10/site-packages/airflow/example_dags/plugins/listener_plugin.py for tasks to queue
[2024-02-14T23:49:07.970+0000] {logging_mixin.py:188} INFO - [2024-02-14T23:49:07.970+0000] {dagbag.py:538} INFO - Filling up the DagBag from /home/ubuntu/reddit_venv/lib/python3.10/site-packages/airflow/example_dags/plugins/listener_plugin.py
[2024-02-14T23:49:07.973+0000] {processor.py:842} WARNING - No viable dags retrieved from /home/ubuntu/reddit_venv/lib/python3.10/site-packages/airflow/example_dags/plugins/listener_plugin.py
[2024-02-14T23:49:07.984+0000] {processor.py:183} INFO - Processing /home/ubuntu/reddit_venv/lib/python3.10/site-packages/airflow/example_dags/plugins/listener_plugin.py took 0.020 seconds
[2024-02-14T23:50:02.636+0000] {processor.py:161} INFO - Started process (PID=10953) to work on /home/ubuntu/reddit_venv/lib/python3.10/site-packages/airflow/example_dags/plugins/listener_plugin.py
[2024-02-14T23:50:02.638+0000] {processor.py:830} INFO - Processing file /home/ubuntu/reddit_venv/lib/python3.10/site-packages/airflow/example_dags/plugins/listener_plugin.py for tasks to queue
[2024-02-14T23:50:02.639+0000] {logging_mixin.py:188} INFO - [2024-02-14T23:50:02.638+0000] {dagbag.py:538} INFO - Filling up the DagBag from /home/ubuntu/reddit_venv/lib/python3.10/site-packages/airflow/example_dags/plugins/listener_plugin.py
[2024-02-14T23:50:02.642+0000] {processor.py:842} WARNING - No viable dags retrieved from /home/ubuntu/reddit_venv/lib/python3.10/site-packages/airflow/example_dags/plugins/listener_plugin.py
[2024-02-14T23:50:02.652+0000] {processor.py:183} INFO - Processing /home/ubuntu/reddit_venv/lib/python3.10/site-packages/airflow/example_dags/plugins/listener_plugin.py took 0.020 seconds
[2024-02-14T23:50:40.706+0000] {processor.py:161} INFO - Started process (PID=11058) to work on /home/ubuntu/reddit_venv/lib/python3.10/site-packages/airflow/example_dags/plugins/listener_plugin.py
[2024-02-14T23:50:40.707+0000] {processor.py:830} INFO - Processing file /home/ubuntu/reddit_venv/lib/python3.10/site-packages/airflow/example_dags/plugins/listener_plugin.py for tasks to queue
[2024-02-14T23:50:40.708+0000] {logging_mixin.py:188} INFO - [2024-02-14T23:50:40.708+0000] {dagbag.py:538} INFO - Filling up the DagBag from /home/ubuntu/reddit_venv/lib/python3.10/site-packages/airflow/example_dags/plugins/listener_plugin.py
[2024-02-14T23:50:40.711+0000] {processor.py:842} WARNING - No viable dags retrieved from /home/ubuntu/reddit_venv/lib/python3.10/site-packages/airflow/example_dags/plugins/listener_plugin.py
[2024-02-14T23:50:40.722+0000] {processor.py:183} INFO - Processing /home/ubuntu/reddit_venv/lib/python3.10/site-packages/airflow/example_dags/plugins/listener_plugin.py took 0.019 seconds
[2024-02-14T23:51:18.256+0000] {processor.py:161} INFO - Started process (PID=11098) to work on /home/ubuntu/reddit_venv/lib/python3.10/site-packages/airflow/example_dags/plugins/listener_plugin.py
[2024-02-14T23:51:18.258+0000] {processor.py:830} INFO - Processing file /home/ubuntu/reddit_venv/lib/python3.10/site-packages/airflow/example_dags/plugins/listener_plugin.py for tasks to queue
[2024-02-14T23:51:18.259+0000] {logging_mixin.py:188} INFO - [2024-02-14T23:51:18.258+0000] {dagbag.py:538} INFO - Filling up the DagBag from /home/ubuntu/reddit_venv/lib/python3.10/site-packages/airflow/example_dags/plugins/listener_plugin.py
[2024-02-14T23:51:18.262+0000] {processor.py:842} WARNING - No viable dags retrieved from /home/ubuntu/reddit_venv/lib/python3.10/site-packages/airflow/example_dags/plugins/listener_plugin.py
[2024-02-14T23:51:18.272+0000] {processor.py:183} INFO - Processing /home/ubuntu/reddit_venv/lib/python3.10/site-packages/airflow/example_dags/plugins/listener_plugin.py took 0.019 seconds
[2024-02-14T23:51:57.783+0000] {processor.py:161} INFO - Started process (PID=11205) to work on /home/ubuntu/reddit_venv/lib/python3.10/site-packages/airflow/example_dags/plugins/listener_plugin.py
[2024-02-14T23:51:57.785+0000] {processor.py:830} INFO - Processing file /home/ubuntu/reddit_venv/lib/python3.10/site-packages/airflow/example_dags/plugins/listener_plugin.py for tasks to queue
[2024-02-14T23:51:57.786+0000] {logging_mixin.py:188} INFO - [2024-02-14T23:51:57.785+0000] {dagbag.py:538} INFO - Filling up the DagBag from /home/ubuntu/reddit_venv/lib/python3.10/site-packages/airflow/example_dags/plugins/listener_plugin.py
[2024-02-14T23:51:57.789+0000] {processor.py:842} WARNING - No viable dags retrieved from /home/ubuntu/reddit_venv/lib/python3.10/site-packages/airflow/example_dags/plugins/listener_plugin.py
[2024-02-14T23:51:57.799+0000] {processor.py:183} INFO - Processing /home/ubuntu/reddit_venv/lib/python3.10/site-packages/airflow/example_dags/plugins/listener_plugin.py took 0.019 seconds
[2024-02-14T23:52:38.318+0000] {processor.py:161} INFO - Started process (PID=11310) to work on /home/ubuntu/reddit_venv/lib/python3.10/site-packages/airflow/example_dags/plugins/listener_plugin.py
[2024-02-14T23:52:38.320+0000] {processor.py:830} INFO - Processing file /home/ubuntu/reddit_venv/lib/python3.10/site-packages/airflow/example_dags/plugins/listener_plugin.py for tasks to queue
[2024-02-14T23:52:38.321+0000] {logging_mixin.py:188} INFO - [2024-02-14T23:52:38.321+0000] {dagbag.py:538} INFO - Filling up the DagBag from /home/ubuntu/reddit_venv/lib/python3.10/site-packages/airflow/example_dags/plugins/listener_plugin.py
[2024-02-14T23:52:38.324+0000] {processor.py:842} WARNING - No viable dags retrieved from /home/ubuntu/reddit_venv/lib/python3.10/site-packages/airflow/example_dags/plugins/listener_plugin.py
[2024-02-14T23:52:38.335+0000] {processor.py:183} INFO - Processing /home/ubuntu/reddit_venv/lib/python3.10/site-packages/airflow/example_dags/plugins/listener_plugin.py took 0.020 seconds
[2024-02-14T23:53:22.181+0000] {processor.py:161} INFO - Started process (PID=11358) to work on /home/ubuntu/reddit_venv/lib/python3.10/site-packages/airflow/example_dags/plugins/listener_plugin.py
[2024-02-14T23:53:22.182+0000] {processor.py:830} INFO - Processing file /home/ubuntu/reddit_venv/lib/python3.10/site-packages/airflow/example_dags/plugins/listener_plugin.py for tasks to queue
[2024-02-14T23:53:22.183+0000] {logging_mixin.py:188} INFO - [2024-02-14T23:53:22.183+0000] {dagbag.py:538} INFO - Filling up the DagBag from /home/ubuntu/reddit_venv/lib/python3.10/site-packages/airflow/example_dags/plugins/listener_plugin.py
[2024-02-14T23:53:22.186+0000] {processor.py:842} WARNING - No viable dags retrieved from /home/ubuntu/reddit_venv/lib/python3.10/site-packages/airflow/example_dags/plugins/listener_plugin.py
[2024-02-14T23:53:22.197+0000] {processor.py:183} INFO - Processing /home/ubuntu/reddit_venv/lib/python3.10/site-packages/airflow/example_dags/plugins/listener_plugin.py took 0.020 seconds
[2024-02-14T23:54:02.894+0000] {processor.py:161} INFO - Started process (PID=11464) to work on /home/ubuntu/reddit_venv/lib/python3.10/site-packages/airflow/example_dags/plugins/listener_plugin.py
[2024-02-14T23:54:02.896+0000] {processor.py:830} INFO - Processing file /home/ubuntu/reddit_venv/lib/python3.10/site-packages/airflow/example_dags/plugins/listener_plugin.py for tasks to queue
[2024-02-14T23:54:02.897+0000] {logging_mixin.py:188} INFO - [2024-02-14T23:54:02.896+0000] {dagbag.py:538} INFO - Filling up the DagBag from /home/ubuntu/reddit_venv/lib/python3.10/site-packages/airflow/example_dags/plugins/listener_plugin.py
[2024-02-14T23:54:02.900+0000] {processor.py:842} WARNING - No viable dags retrieved from /home/ubuntu/reddit_venv/lib/python3.10/site-packages/airflow/example_dags/plugins/listener_plugin.py
[2024-02-14T23:54:02.910+0000] {processor.py:183} INFO - Processing /home/ubuntu/reddit_venv/lib/python3.10/site-packages/airflow/example_dags/plugins/listener_plugin.py took 0.019 seconds
[2024-02-14T23:54:46.680+0000] {processor.py:161} INFO - Started process (PID=11634) to work on /home/ubuntu/reddit_venv/lib/python3.10/site-packages/airflow/example_dags/plugins/listener_plugin.py
[2024-02-14T23:54:46.682+0000] {processor.py:830} INFO - Processing file /home/ubuntu/reddit_venv/lib/python3.10/site-packages/airflow/example_dags/plugins/listener_plugin.py for tasks to queue
[2024-02-14T23:54:46.683+0000] {logging_mixin.py:188} INFO - [2024-02-14T23:54:46.682+0000] {dagbag.py:538} INFO - Filling up the DagBag from /home/ubuntu/reddit_venv/lib/python3.10/site-packages/airflow/example_dags/plugins/listener_plugin.py
[2024-02-14T23:54:46.686+0000] {processor.py:842} WARNING - No viable dags retrieved from /home/ubuntu/reddit_venv/lib/python3.10/site-packages/airflow/example_dags/plugins/listener_plugin.py
[2024-02-14T23:54:46.696+0000] {processor.py:183} INFO - Processing /home/ubuntu/reddit_venv/lib/python3.10/site-packages/airflow/example_dags/plugins/listener_plugin.py took 0.019 seconds
[2024-02-14T23:55:25.706+0000] {processor.py:161} INFO - Started process (PID=11679) to work on /home/ubuntu/reddit_venv/lib/python3.10/site-packages/airflow/example_dags/plugins/listener_plugin.py
[2024-02-14T23:55:25.708+0000] {processor.py:830} INFO - Processing file /home/ubuntu/reddit_venv/lib/python3.10/site-packages/airflow/example_dags/plugins/listener_plugin.py for tasks to queue
[2024-02-14T23:55:25.709+0000] {logging_mixin.py:188} INFO - [2024-02-14T23:55:25.708+0000] {dagbag.py:538} INFO - Filling up the DagBag from /home/ubuntu/reddit_venv/lib/python3.10/site-packages/airflow/example_dags/plugins/listener_plugin.py
[2024-02-14T23:55:25.712+0000] {processor.py:842} WARNING - No viable dags retrieved from /home/ubuntu/reddit_venv/lib/python3.10/site-packages/airflow/example_dags/plugins/listener_plugin.py
[2024-02-14T23:55:25.723+0000] {processor.py:183} INFO - Processing /home/ubuntu/reddit_venv/lib/python3.10/site-packages/airflow/example_dags/plugins/listener_plugin.py took 0.020 seconds
[2024-02-14T23:56:03.843+0000] {processor.py:161} INFO - Started process (PID=11783) to work on /home/ubuntu/reddit_venv/lib/python3.10/site-packages/airflow/example_dags/plugins/listener_plugin.py
[2024-02-14T23:56:03.844+0000] {processor.py:830} INFO - Processing file /home/ubuntu/reddit_venv/lib/python3.10/site-packages/airflow/example_dags/plugins/listener_plugin.py for tasks to queue
[2024-02-14T23:56:03.845+0000] {logging_mixin.py:188} INFO - [2024-02-14T23:56:03.845+0000] {dagbag.py:538} INFO - Filling up the DagBag from /home/ubuntu/reddit_venv/lib/python3.10/site-packages/airflow/example_dags/plugins/listener_plugin.py
[2024-02-14T23:56:03.848+0000] {processor.py:842} WARNING - No viable dags retrieved from /home/ubuntu/reddit_venv/lib/python3.10/site-packages/airflow/example_dags/plugins/listener_plugin.py
[2024-02-14T23:56:03.858+0000] {processor.py:183} INFO - Processing /home/ubuntu/reddit_venv/lib/python3.10/site-packages/airflow/example_dags/plugins/listener_plugin.py took 0.019 seconds
[2024-02-14T23:56:43.200+0000] {processor.py:161} INFO - Started process (PID=12280) to work on /home/ubuntu/reddit_venv/lib/python3.10/site-packages/airflow/example_dags/plugins/listener_plugin.py
[2024-02-14T23:56:43.201+0000] {processor.py:830} INFO - Processing file /home/ubuntu/reddit_venv/lib/python3.10/site-packages/airflow/example_dags/plugins/listener_plugin.py for tasks to queue
[2024-02-14T23:56:43.202+0000] {logging_mixin.py:188} INFO - [2024-02-14T23:56:43.202+0000] {dagbag.py:538} INFO - Filling up the DagBag from /home/ubuntu/reddit_venv/lib/python3.10/site-packages/airflow/example_dags/plugins/listener_plugin.py
[2024-02-14T23:56:43.205+0000] {processor.py:842} WARNING - No viable dags retrieved from /home/ubuntu/reddit_venv/lib/python3.10/site-packages/airflow/example_dags/plugins/listener_plugin.py
[2024-02-14T23:56:43.215+0000] {processor.py:183} INFO - Processing /home/ubuntu/reddit_venv/lib/python3.10/site-packages/airflow/example_dags/plugins/listener_plugin.py took 0.019 seconds
[2024-02-14T23:57:21.148+0000] {processor.py:161} INFO - Started process (PID=14272) to work on /home/ubuntu/reddit_venv/lib/python3.10/site-packages/airflow/example_dags/plugins/listener_plugin.py
[2024-02-14T23:57:21.149+0000] {processor.py:830} INFO - Processing file /home/ubuntu/reddit_venv/lib/python3.10/site-packages/airflow/example_dags/plugins/listener_plugin.py for tasks to queue
[2024-02-14T23:57:21.150+0000] {logging_mixin.py:188} INFO - [2024-02-14T23:57:21.150+0000] {dagbag.py:538} INFO - Filling up the DagBag from /home/ubuntu/reddit_venv/lib/python3.10/site-packages/airflow/example_dags/plugins/listener_plugin.py
[2024-02-14T23:57:21.153+0000] {processor.py:842} WARNING - No viable dags retrieved from /home/ubuntu/reddit_venv/lib/python3.10/site-packages/airflow/example_dags/plugins/listener_plugin.py
[2024-02-14T23:57:21.163+0000] {processor.py:183} INFO - Processing /home/ubuntu/reddit_venv/lib/python3.10/site-packages/airflow/example_dags/plugins/listener_plugin.py took 0.019 seconds
[2024-02-14T23:57:59.872+0000] {processor.py:161} INFO - Started process (PID=20576) to work on /home/ubuntu/reddit_venv/lib/python3.10/site-packages/airflow/example_dags/plugins/listener_plugin.py
[2024-02-14T23:57:59.874+0000] {processor.py:830} INFO - Processing file /home/ubuntu/reddit_venv/lib/python3.10/site-packages/airflow/example_dags/plugins/listener_plugin.py for tasks to queue
[2024-02-14T23:57:59.875+0000] {logging_mixin.py:188} INFO - [2024-02-14T23:57:59.874+0000] {dagbag.py:538} INFO - Filling up the DagBag from /home/ubuntu/reddit_venv/lib/python3.10/site-packages/airflow/example_dags/plugins/listener_plugin.py
[2024-02-14T23:57:59.879+0000] {processor.py:842} WARNING - No viable dags retrieved from /home/ubuntu/reddit_venv/lib/python3.10/site-packages/airflow/example_dags/plugins/listener_plugin.py
[2024-02-14T23:57:59.890+0000] {processor.py:183} INFO - Processing /home/ubuntu/reddit_venv/lib/python3.10/site-packages/airflow/example_dags/plugins/listener_plugin.py took 0.022 seconds
[2024-02-14T23:58:42.612+0000] {processor.py:161} INFO - Started process (PID=22402) to work on /home/ubuntu/reddit_venv/lib/python3.10/site-packages/airflow/example_dags/plugins/listener_plugin.py
[2024-02-14T23:58:42.613+0000] {processor.py:830} INFO - Processing file /home/ubuntu/reddit_venv/lib/python3.10/site-packages/airflow/example_dags/plugins/listener_plugin.py for tasks to queue
[2024-02-14T23:58:42.614+0000] {logging_mixin.py:188} INFO - [2024-02-14T23:58:42.614+0000] {dagbag.py:538} INFO - Filling up the DagBag from /home/ubuntu/reddit_venv/lib/python3.10/site-packages/airflow/example_dags/plugins/listener_plugin.py
[2024-02-14T23:58:42.617+0000] {processor.py:842} WARNING - No viable dags retrieved from /home/ubuntu/reddit_venv/lib/python3.10/site-packages/airflow/example_dags/plugins/listener_plugin.py
[2024-02-14T23:58:42.627+0000] {processor.py:183} INFO - Processing /home/ubuntu/reddit_venv/lib/python3.10/site-packages/airflow/example_dags/plugins/listener_plugin.py took 0.018 seconds
[2024-02-14T23:59:25.186+0000] {processor.py:161} INFO - Started process (PID=22449) to work on /home/ubuntu/reddit_venv/lib/python3.10/site-packages/airflow/example_dags/plugins/listener_plugin.py
[2024-02-14T23:59:25.187+0000] {processor.py:830} INFO - Processing file /home/ubuntu/reddit_venv/lib/python3.10/site-packages/airflow/example_dags/plugins/listener_plugin.py for tasks to queue
[2024-02-14T23:59:25.188+0000] {logging_mixin.py:188} INFO - [2024-02-14T23:59:25.188+0000] {dagbag.py:538} INFO - Filling up the DagBag from /home/ubuntu/reddit_venv/lib/python3.10/site-packages/airflow/example_dags/plugins/listener_plugin.py
[2024-02-14T23:59:25.191+0000] {processor.py:842} WARNING - No viable dags retrieved from /home/ubuntu/reddit_venv/lib/python3.10/site-packages/airflow/example_dags/plugins/listener_plugin.py
[2024-02-14T23:59:25.202+0000] {processor.py:183} INFO - Processing /home/ubuntu/reddit_venv/lib/python3.10/site-packages/airflow/example_dags/plugins/listener_plugin.py took 0.019 seconds
