[2024-02-14T23:09:38.955+0000] {processor.py:161} INFO - Started process (PID=1636) to work on /home/ubuntu/reddit_venv/lib/python3.10/site-packages/airflow/example_dags/plugins/workday.py
[2024-02-14T23:09:38.956+0000] {processor.py:830} INFO - Processing file /home/ubuntu/reddit_venv/lib/python3.10/site-packages/airflow/example_dags/plugins/workday.py for tasks to queue
[2024-02-14T23:09:38.957+0000] {logging_mixin.py:188} INFO - [2024-02-14T23:09:38.957+0000] {dagbag.py:538} INFO - Filling up the DagBag from /home/ubuntu/reddit_venv/lib/python3.10/site-packages/airflow/example_dags/plugins/workday.py
[2024-02-14T23:09:39.260+0000] {processor.py:842} WARNING - No viable dags retrieved from /home/ubuntu/reddit_venv/lib/python3.10/site-packages/airflow/example_dags/plugins/workday.py
[2024-02-14T23:09:39.269+0000] {processor.py:183} INFO - Processing /home/ubuntu/reddit_venv/lib/python3.10/site-packages/airflow/example_dags/plugins/workday.py took 0.317 seconds
[2024-02-14T23:10:30.698+0000] {processor.py:161} INFO - Started process (PID=1751) to work on /home/ubuntu/reddit_venv/lib/python3.10/site-packages/airflow/example_dags/plugins/workday.py
[2024-02-14T23:10:30.700+0000] {processor.py:830} INFO - Processing file /home/ubuntu/reddit_venv/lib/python3.10/site-packages/airflow/example_dags/plugins/workday.py for tasks to queue
[2024-02-14T23:10:30.701+0000] {logging_mixin.py:188} INFO - [2024-02-14T23:10:30.700+0000] {dagbag.py:538} INFO - Filling up the DagBag from /home/ubuntu/reddit_venv/lib/python3.10/site-packages/airflow/example_dags/plugins/workday.py
[2024-02-14T23:10:31.000+0000] {processor.py:842} WARNING - No viable dags retrieved from /home/ubuntu/reddit_venv/lib/python3.10/site-packages/airflow/example_dags/plugins/workday.py
[2024-02-14T23:10:31.010+0000] {processor.py:183} INFO - Processing /home/ubuntu/reddit_venv/lib/python3.10/site-packages/airflow/example_dags/plugins/workday.py took 0.315 seconds
[2024-02-14T23:11:21.720+0000] {processor.py:161} INFO - Started process (PID=1806) to work on /home/ubuntu/reddit_venv/lib/python3.10/site-packages/airflow/example_dags/plugins/workday.py
[2024-02-14T23:11:21.721+0000] {processor.py:830} INFO - Processing file /home/ubuntu/reddit_venv/lib/python3.10/site-packages/airflow/example_dags/plugins/workday.py for tasks to queue
[2024-02-14T23:11:21.722+0000] {logging_mixin.py:188} INFO - [2024-02-14T23:11:21.722+0000] {dagbag.py:538} INFO - Filling up the DagBag from /home/ubuntu/reddit_venv/lib/python3.10/site-packages/airflow/example_dags/plugins/workday.py
[2024-02-14T23:11:22.023+0000] {processor.py:842} WARNING - No viable dags retrieved from /home/ubuntu/reddit_venv/lib/python3.10/site-packages/airflow/example_dags/plugins/workday.py
[2024-02-14T23:11:22.032+0000] {processor.py:183} INFO - Processing /home/ubuntu/reddit_venv/lib/python3.10/site-packages/airflow/example_dags/plugins/workday.py took 0.316 seconds
[2024-02-14T23:12:01.953+0000] {processor.py:161} INFO - Started process (PID=1914) to work on /home/ubuntu/reddit_venv/lib/python3.10/site-packages/airflow/example_dags/plugins/workday.py
[2024-02-14T23:12:01.955+0000] {processor.py:830} INFO - Processing file /home/ubuntu/reddit_venv/lib/python3.10/site-packages/airflow/example_dags/plugins/workday.py for tasks to queue
[2024-02-14T23:12:01.956+0000] {logging_mixin.py:188} INFO - [2024-02-14T23:12:01.956+0000] {dagbag.py:538} INFO - Filling up the DagBag from /home/ubuntu/reddit_venv/lib/python3.10/site-packages/airflow/example_dags/plugins/workday.py
[2024-02-14T23:12:02.257+0000] {processor.py:842} WARNING - No viable dags retrieved from /home/ubuntu/reddit_venv/lib/python3.10/site-packages/airflow/example_dags/plugins/workday.py
[2024-02-14T23:12:02.266+0000] {processor.py:183} INFO - Processing /home/ubuntu/reddit_venv/lib/python3.10/site-packages/airflow/example_dags/plugins/workday.py took 0.316 seconds
[2024-02-14T23:12:42.198+0000] {processor.py:161} INFO - Started process (PID=2111) to work on /home/ubuntu/reddit_venv/lib/python3.10/site-packages/airflow/example_dags/plugins/workday.py
[2024-02-14T23:12:42.199+0000] {processor.py:830} INFO - Processing file /home/ubuntu/reddit_venv/lib/python3.10/site-packages/airflow/example_dags/plugins/workday.py for tasks to queue
[2024-02-14T23:12:42.200+0000] {logging_mixin.py:188} INFO - [2024-02-14T23:12:42.200+0000] {dagbag.py:538} INFO - Filling up the DagBag from /home/ubuntu/reddit_venv/lib/python3.10/site-packages/airflow/example_dags/plugins/workday.py
[2024-02-14T23:12:42.499+0000] {processor.py:842} WARNING - No viable dags retrieved from /home/ubuntu/reddit_venv/lib/python3.10/site-packages/airflow/example_dags/plugins/workday.py
[2024-02-14T23:12:42.508+0000] {processor.py:183} INFO - Processing /home/ubuntu/reddit_venv/lib/python3.10/site-packages/airflow/example_dags/plugins/workday.py took 0.313 seconds
[2024-02-14T23:13:22.183+0000] {processor.py:161} INFO - Started process (PID=2375) to work on /home/ubuntu/reddit_venv/lib/python3.10/site-packages/airflow/example_dags/plugins/workday.py
[2024-02-14T23:13:22.184+0000] {processor.py:830} INFO - Processing file /home/ubuntu/reddit_venv/lib/python3.10/site-packages/airflow/example_dags/plugins/workday.py for tasks to queue
[2024-02-14T23:13:22.185+0000] {logging_mixin.py:188} INFO - [2024-02-14T23:13:22.185+0000] {dagbag.py:538} INFO - Filling up the DagBag from /home/ubuntu/reddit_venv/lib/python3.10/site-packages/airflow/example_dags/plugins/workday.py
[2024-02-14T23:13:22.511+0000] {processor.py:842} WARNING - No viable dags retrieved from /home/ubuntu/reddit_venv/lib/python3.10/site-packages/airflow/example_dags/plugins/workday.py
[2024-02-14T23:13:22.521+0000] {processor.py:183} INFO - Processing /home/ubuntu/reddit_venv/lib/python3.10/site-packages/airflow/example_dags/plugins/workday.py took 0.341 seconds
[2024-02-14T23:14:03.393+0000] {processor.py:161} INFO - Started process (PID=2484) to work on /home/ubuntu/reddit_venv/lib/python3.10/site-packages/airflow/example_dags/plugins/workday.py
[2024-02-14T23:14:03.395+0000] {processor.py:830} INFO - Processing file /home/ubuntu/reddit_venv/lib/python3.10/site-packages/airflow/example_dags/plugins/workday.py for tasks to queue
[2024-02-14T23:14:03.396+0000] {logging_mixin.py:188} INFO - [2024-02-14T23:14:03.395+0000] {dagbag.py:538} INFO - Filling up the DagBag from /home/ubuntu/reddit_venv/lib/python3.10/site-packages/airflow/example_dags/plugins/workday.py
[2024-02-14T23:14:03.698+0000] {processor.py:842} WARNING - No viable dags retrieved from /home/ubuntu/reddit_venv/lib/python3.10/site-packages/airflow/example_dags/plugins/workday.py
[2024-02-14T23:14:03.708+0000] {processor.py:183} INFO - Processing /home/ubuntu/reddit_venv/lib/python3.10/site-packages/airflow/example_dags/plugins/workday.py took 0.318 seconds
[2024-02-14T23:14:44.784+0000] {processor.py:161} INFO - Started process (PID=2771) to work on /home/ubuntu/reddit_venv/lib/python3.10/site-packages/airflow/example_dags/plugins/workday.py
[2024-02-14T23:14:44.786+0000] {processor.py:830} INFO - Processing file /home/ubuntu/reddit_venv/lib/python3.10/site-packages/airflow/example_dags/plugins/workday.py for tasks to queue
[2024-02-14T23:14:44.787+0000] {logging_mixin.py:188} INFO - [2024-02-14T23:14:44.786+0000] {dagbag.py:538} INFO - Filling up the DagBag from /home/ubuntu/reddit_venv/lib/python3.10/site-packages/airflow/example_dags/plugins/workday.py
[2024-02-14T23:14:45.092+0000] {processor.py:842} WARNING - No viable dags retrieved from /home/ubuntu/reddit_venv/lib/python3.10/site-packages/airflow/example_dags/plugins/workday.py
[2024-02-14T23:14:45.102+0000] {processor.py:183} INFO - Processing /home/ubuntu/reddit_venv/lib/python3.10/site-packages/airflow/example_dags/plugins/workday.py took 0.321 seconds
[2024-02-14T23:15:24.449+0000] {processor.py:161} INFO - Started process (PID=2937) to work on /home/ubuntu/reddit_venv/lib/python3.10/site-packages/airflow/example_dags/plugins/workday.py
[2024-02-14T23:15:24.450+0000] {processor.py:830} INFO - Processing file /home/ubuntu/reddit_venv/lib/python3.10/site-packages/airflow/example_dags/plugins/workday.py for tasks to queue
[2024-02-14T23:15:24.451+0000] {logging_mixin.py:188} INFO - [2024-02-14T23:15:24.451+0000] {dagbag.py:538} INFO - Filling up the DagBag from /home/ubuntu/reddit_venv/lib/python3.10/site-packages/airflow/example_dags/plugins/workday.py
[2024-02-14T23:15:24.757+0000] {processor.py:842} WARNING - No viable dags retrieved from /home/ubuntu/reddit_venv/lib/python3.10/site-packages/airflow/example_dags/plugins/workday.py
[2024-02-14T23:15:24.766+0000] {processor.py:183} INFO - Processing /home/ubuntu/reddit_venv/lib/python3.10/site-packages/airflow/example_dags/plugins/workday.py took 0.321 seconds
[2024-02-14T23:16:04.317+0000] {processor.py:161} INFO - Started process (PID=3102) to work on /home/ubuntu/reddit_venv/lib/python3.10/site-packages/airflow/example_dags/plugins/workday.py
[2024-02-14T23:16:04.319+0000] {processor.py:830} INFO - Processing file /home/ubuntu/reddit_venv/lib/python3.10/site-packages/airflow/example_dags/plugins/workday.py for tasks to queue
[2024-02-14T23:16:04.320+0000] {logging_mixin.py:188} INFO - [2024-02-14T23:16:04.319+0000] {dagbag.py:538} INFO - Filling up the DagBag from /home/ubuntu/reddit_venv/lib/python3.10/site-packages/airflow/example_dags/plugins/workday.py
[2024-02-14T23:16:04.626+0000] {processor.py:842} WARNING - No viable dags retrieved from /home/ubuntu/reddit_venv/lib/python3.10/site-packages/airflow/example_dags/plugins/workday.py
[2024-02-14T23:16:04.636+0000] {processor.py:183} INFO - Processing /home/ubuntu/reddit_venv/lib/python3.10/site-packages/airflow/example_dags/plugins/workday.py took 0.322 seconds
[2024-02-14T23:16:53.176+0000] {processor.py:161} INFO - Started process (PID=3581) to work on /home/ubuntu/reddit_venv/lib/python3.10/site-packages/airflow/example_dags/plugins/workday.py
[2024-02-14T23:16:53.177+0000] {processor.py:830} INFO - Processing file /home/ubuntu/reddit_venv/lib/python3.10/site-packages/airflow/example_dags/plugins/workday.py for tasks to queue
[2024-02-14T23:16:53.178+0000] {logging_mixin.py:188} INFO - [2024-02-14T23:16:53.178+0000] {dagbag.py:538} INFO - Filling up the DagBag from /home/ubuntu/reddit_venv/lib/python3.10/site-packages/airflow/example_dags/plugins/workday.py
[2024-02-14T23:16:53.482+0000] {processor.py:842} WARNING - No viable dags retrieved from /home/ubuntu/reddit_venv/lib/python3.10/site-packages/airflow/example_dags/plugins/workday.py
[2024-02-14T23:16:53.491+0000] {processor.py:183} INFO - Processing /home/ubuntu/reddit_venv/lib/python3.10/site-packages/airflow/example_dags/plugins/workday.py took 0.318 seconds
[2024-02-14T23:17:39.536+0000] {processor.py:161} INFO - Started process (PID=4205) to work on /home/ubuntu/reddit_venv/lib/python3.10/site-packages/airflow/example_dags/plugins/workday.py
[2024-02-14T23:17:39.538+0000] {processor.py:830} INFO - Processing file /home/ubuntu/reddit_venv/lib/python3.10/site-packages/airflow/example_dags/plugins/workday.py for tasks to queue
[2024-02-14T23:17:39.539+0000] {logging_mixin.py:188} INFO - [2024-02-14T23:17:39.538+0000] {dagbag.py:538} INFO - Filling up the DagBag from /home/ubuntu/reddit_venv/lib/python3.10/site-packages/airflow/example_dags/plugins/workday.py
[2024-02-14T23:17:39.854+0000] {processor.py:842} WARNING - No viable dags retrieved from /home/ubuntu/reddit_venv/lib/python3.10/site-packages/airflow/example_dags/plugins/workday.py
[2024-02-14T23:17:39.864+0000] {processor.py:183} INFO - Processing /home/ubuntu/reddit_venv/lib/python3.10/site-packages/airflow/example_dags/plugins/workday.py took 0.331 seconds
[2024-02-14T23:18:18.987+0000] {processor.py:161} INFO - Started process (PID=4706) to work on /home/ubuntu/reddit_venv/lib/python3.10/site-packages/airflow/example_dags/plugins/workday.py
[2024-02-14T23:18:18.989+0000] {processor.py:830} INFO - Processing file /home/ubuntu/reddit_venv/lib/python3.10/site-packages/airflow/example_dags/plugins/workday.py for tasks to queue
[2024-02-14T23:18:18.990+0000] {logging_mixin.py:188} INFO - [2024-02-14T23:18:18.990+0000] {dagbag.py:538} INFO - Filling up the DagBag from /home/ubuntu/reddit_venv/lib/python3.10/site-packages/airflow/example_dags/plugins/workday.py
[2024-02-14T23:18:19.303+0000] {processor.py:842} WARNING - No viable dags retrieved from /home/ubuntu/reddit_venv/lib/python3.10/site-packages/airflow/example_dags/plugins/workday.py
[2024-02-14T23:18:19.313+0000] {processor.py:183} INFO - Processing /home/ubuntu/reddit_venv/lib/python3.10/site-packages/airflow/example_dags/plugins/workday.py took 0.329 seconds
[2024-02-14T23:19:00.534+0000] {processor.py:161} INFO - Started process (PID=5297) to work on /home/ubuntu/reddit_venv/lib/python3.10/site-packages/airflow/example_dags/plugins/workday.py
[2024-02-14T23:19:00.536+0000] {processor.py:830} INFO - Processing file /home/ubuntu/reddit_venv/lib/python3.10/site-packages/airflow/example_dags/plugins/workday.py for tasks to queue
[2024-02-14T23:19:00.537+0000] {logging_mixin.py:188} INFO - [2024-02-14T23:19:00.537+0000] {dagbag.py:538} INFO - Filling up the DagBag from /home/ubuntu/reddit_venv/lib/python3.10/site-packages/airflow/example_dags/plugins/workday.py
[2024-02-14T23:19:00.842+0000] {processor.py:842} WARNING - No viable dags retrieved from /home/ubuntu/reddit_venv/lib/python3.10/site-packages/airflow/example_dags/plugins/workday.py
[2024-02-14T23:19:00.851+0000] {processor.py:183} INFO - Processing /home/ubuntu/reddit_venv/lib/python3.10/site-packages/airflow/example_dags/plugins/workday.py took 0.320 seconds
[2024-02-14T23:19:39.660+0000] {processor.py:161} INFO - Started process (PID=5584) to work on /home/ubuntu/reddit_venv/lib/python3.10/site-packages/airflow/example_dags/plugins/workday.py
[2024-02-14T23:19:39.661+0000] {processor.py:830} INFO - Processing file /home/ubuntu/reddit_venv/lib/python3.10/site-packages/airflow/example_dags/plugins/workday.py for tasks to queue
[2024-02-14T23:19:39.662+0000] {logging_mixin.py:188} INFO - [2024-02-14T23:19:39.662+0000] {dagbag.py:538} INFO - Filling up the DagBag from /home/ubuntu/reddit_venv/lib/python3.10/site-packages/airflow/example_dags/plugins/workday.py
[2024-02-14T23:19:39.968+0000] {processor.py:842} WARNING - No viable dags retrieved from /home/ubuntu/reddit_venv/lib/python3.10/site-packages/airflow/example_dags/plugins/workday.py
[2024-02-14T23:19:39.977+0000] {processor.py:183} INFO - Processing /home/ubuntu/reddit_venv/lib/python3.10/site-packages/airflow/example_dags/plugins/workday.py took 0.321 seconds
[2024-02-14T23:20:37.008+0000] {processor.py:161} INFO - Started process (PID=5710) to work on /home/ubuntu/reddit_venv/lib/python3.10/site-packages/airflow/example_dags/plugins/workday.py
[2024-02-14T23:20:37.010+0000] {processor.py:830} INFO - Processing file /home/ubuntu/reddit_venv/lib/python3.10/site-packages/airflow/example_dags/plugins/workday.py for tasks to queue
[2024-02-14T23:20:37.011+0000] {logging_mixin.py:188} INFO - [2024-02-14T23:20:37.010+0000] {dagbag.py:538} INFO - Filling up the DagBag from /home/ubuntu/reddit_venv/lib/python3.10/site-packages/airflow/example_dags/plugins/workday.py
[2024-02-14T23:20:37.314+0000] {processor.py:842} WARNING - No viable dags retrieved from /home/ubuntu/reddit_venv/lib/python3.10/site-packages/airflow/example_dags/plugins/workday.py
[2024-02-14T23:20:37.324+0000] {processor.py:183} INFO - Processing /home/ubuntu/reddit_venv/lib/python3.10/site-packages/airflow/example_dags/plugins/workday.py took 0.319 seconds
[2024-02-14T23:21:33.641+0000] {processor.py:161} INFO - Started process (PID=5833) to work on /home/ubuntu/reddit_venv/lib/python3.10/site-packages/airflow/example_dags/plugins/workday.py
[2024-02-14T23:21:33.643+0000] {processor.py:830} INFO - Processing file /home/ubuntu/reddit_venv/lib/python3.10/site-packages/airflow/example_dags/plugins/workday.py for tasks to queue
[2024-02-14T23:21:33.644+0000] {logging_mixin.py:188} INFO - [2024-02-14T23:21:33.643+0000] {dagbag.py:538} INFO - Filling up the DagBag from /home/ubuntu/reddit_venv/lib/python3.10/site-packages/airflow/example_dags/plugins/workday.py
[2024-02-14T23:21:33.953+0000] {processor.py:842} WARNING - No viable dags retrieved from /home/ubuntu/reddit_venv/lib/python3.10/site-packages/airflow/example_dags/plugins/workday.py
[2024-02-14T23:21:33.963+0000] {processor.py:183} INFO - Processing /home/ubuntu/reddit_venv/lib/python3.10/site-packages/airflow/example_dags/plugins/workday.py took 0.325 seconds
[2024-02-14T23:22:15.942+0000] {processor.py:161} INFO - Started process (PID=6004) to work on /home/ubuntu/reddit_venv/lib/python3.10/site-packages/airflow/example_dags/plugins/workday.py
[2024-02-14T23:22:15.944+0000] {processor.py:830} INFO - Processing file /home/ubuntu/reddit_venv/lib/python3.10/site-packages/airflow/example_dags/plugins/workday.py for tasks to queue
[2024-02-14T23:22:15.945+0000] {logging_mixin.py:188} INFO - [2024-02-14T23:22:15.944+0000] {dagbag.py:538} INFO - Filling up the DagBag from /home/ubuntu/reddit_venv/lib/python3.10/site-packages/airflow/example_dags/plugins/workday.py
[2024-02-14T23:22:16.254+0000] {processor.py:842} WARNING - No viable dags retrieved from /home/ubuntu/reddit_venv/lib/python3.10/site-packages/airflow/example_dags/plugins/workday.py
[2024-02-14T23:22:16.264+0000] {processor.py:183} INFO - Processing /home/ubuntu/reddit_venv/lib/python3.10/site-packages/airflow/example_dags/plugins/workday.py took 0.325 seconds
[2024-02-14T23:22:57.394+0000] {processor.py:161} INFO - Started process (PID=6113) to work on /home/ubuntu/reddit_venv/lib/python3.10/site-packages/airflow/example_dags/plugins/workday.py
[2024-02-14T23:22:57.396+0000] {processor.py:830} INFO - Processing file /home/ubuntu/reddit_venv/lib/python3.10/site-packages/airflow/example_dags/plugins/workday.py for tasks to queue
[2024-02-14T23:22:57.397+0000] {logging_mixin.py:188} INFO - [2024-02-14T23:22:57.396+0000] {dagbag.py:538} INFO - Filling up the DagBag from /home/ubuntu/reddit_venv/lib/python3.10/site-packages/airflow/example_dags/plugins/workday.py
[2024-02-14T23:22:57.707+0000] {processor.py:842} WARNING - No viable dags retrieved from /home/ubuntu/reddit_venv/lib/python3.10/site-packages/airflow/example_dags/plugins/workday.py
[2024-02-14T23:22:57.717+0000] {processor.py:183} INFO - Processing /home/ubuntu/reddit_venv/lib/python3.10/site-packages/airflow/example_dags/plugins/workday.py took 0.326 seconds
[2024-02-14T23:23:37.390+0000] {processor.py:161} INFO - Started process (PID=6222) to work on /home/ubuntu/reddit_venv/lib/python3.10/site-packages/airflow/example_dags/plugins/workday.py
[2024-02-14T23:23:37.392+0000] {processor.py:830} INFO - Processing file /home/ubuntu/reddit_venv/lib/python3.10/site-packages/airflow/example_dags/plugins/workday.py for tasks to queue
[2024-02-14T23:23:37.393+0000] {logging_mixin.py:188} INFO - [2024-02-14T23:23:37.392+0000] {dagbag.py:538} INFO - Filling up the DagBag from /home/ubuntu/reddit_venv/lib/python3.10/site-packages/airflow/example_dags/plugins/workday.py
[2024-02-14T23:23:37.696+0000] {processor.py:842} WARNING - No viable dags retrieved from /home/ubuntu/reddit_venv/lib/python3.10/site-packages/airflow/example_dags/plugins/workday.py
[2024-02-14T23:23:37.706+0000] {processor.py:183} INFO - Processing /home/ubuntu/reddit_venv/lib/python3.10/site-packages/airflow/example_dags/plugins/workday.py took 0.319 seconds
[2024-02-14T23:24:30.946+0000] {processor.py:161} INFO - Started process (PID=6370) to work on /home/ubuntu/reddit_venv/lib/python3.10/site-packages/airflow/example_dags/plugins/workday.py
[2024-02-14T23:24:30.947+0000] {processor.py:830} INFO - Processing file /home/ubuntu/reddit_venv/lib/python3.10/site-packages/airflow/example_dags/plugins/workday.py for tasks to queue
[2024-02-14T23:24:30.948+0000] {logging_mixin.py:188} INFO - [2024-02-14T23:24:30.948+0000] {dagbag.py:538} INFO - Filling up the DagBag from /home/ubuntu/reddit_venv/lib/python3.10/site-packages/airflow/example_dags/plugins/workday.py
[2024-02-14T23:24:31.257+0000] {processor.py:842} WARNING - No viable dags retrieved from /home/ubuntu/reddit_venv/lib/python3.10/site-packages/airflow/example_dags/plugins/workday.py
[2024-02-14T23:24:31.267+0000] {processor.py:183} INFO - Processing /home/ubuntu/reddit_venv/lib/python3.10/site-packages/airflow/example_dags/plugins/workday.py took 0.324 seconds
[2024-02-14T23:25:09.518+0000] {processor.py:161} INFO - Started process (PID=6450) to work on /home/ubuntu/reddit_venv/lib/python3.10/site-packages/airflow/example_dags/plugins/workday.py
[2024-02-14T23:25:09.520+0000] {processor.py:830} INFO - Processing file /home/ubuntu/reddit_venv/lib/python3.10/site-packages/airflow/example_dags/plugins/workday.py for tasks to queue
[2024-02-14T23:25:09.520+0000] {logging_mixin.py:188} INFO - [2024-02-14T23:25:09.520+0000] {dagbag.py:538} INFO - Filling up the DagBag from /home/ubuntu/reddit_venv/lib/python3.10/site-packages/airflow/example_dags/plugins/workday.py
[2024-02-14T23:25:09.834+0000] {processor.py:842} WARNING - No viable dags retrieved from /home/ubuntu/reddit_venv/lib/python3.10/site-packages/airflow/example_dags/plugins/workday.py
[2024-02-14T23:25:09.843+0000] {processor.py:183} INFO - Processing /home/ubuntu/reddit_venv/lib/python3.10/site-packages/airflow/example_dags/plugins/workday.py took 0.329 seconds
[2024-02-14T23:26:05.448+0000] {processor.py:161} INFO - Started process (PID=6573) to work on /home/ubuntu/reddit_venv/lib/python3.10/site-packages/airflow/example_dags/plugins/workday.py
[2024-02-14T23:26:05.449+0000] {processor.py:830} INFO - Processing file /home/ubuntu/reddit_venv/lib/python3.10/site-packages/airflow/example_dags/plugins/workday.py for tasks to queue
[2024-02-14T23:26:05.450+0000] {logging_mixin.py:188} INFO - [2024-02-14T23:26:05.450+0000] {dagbag.py:538} INFO - Filling up the DagBag from /home/ubuntu/reddit_venv/lib/python3.10/site-packages/airflow/example_dags/plugins/workday.py
[2024-02-14T23:26:05.755+0000] {processor.py:842} WARNING - No viable dags retrieved from /home/ubuntu/reddit_venv/lib/python3.10/site-packages/airflow/example_dags/plugins/workday.py
[2024-02-14T23:26:05.764+0000] {processor.py:183} INFO - Processing /home/ubuntu/reddit_venv/lib/python3.10/site-packages/airflow/example_dags/plugins/workday.py took 0.320 seconds
[2024-02-14T23:26:51.012+0000] {processor.py:161} INFO - Started process (PID=6804) to work on /home/ubuntu/reddit_venv/lib/python3.10/site-packages/airflow/example_dags/plugins/workday.py
[2024-02-14T23:26:51.014+0000] {processor.py:830} INFO - Processing file /home/ubuntu/reddit_venv/lib/python3.10/site-packages/airflow/example_dags/plugins/workday.py for tasks to queue
[2024-02-14T23:26:51.014+0000] {logging_mixin.py:188} INFO - [2024-02-14T23:26:51.014+0000] {dagbag.py:538} INFO - Filling up the DagBag from /home/ubuntu/reddit_venv/lib/python3.10/site-packages/airflow/example_dags/plugins/workday.py
[2024-02-14T23:26:51.313+0000] {processor.py:842} WARNING - No viable dags retrieved from /home/ubuntu/reddit_venv/lib/python3.10/site-packages/airflow/example_dags/plugins/workday.py
[2024-02-14T23:26:51.323+0000] {processor.py:183} INFO - Processing /home/ubuntu/reddit_venv/lib/python3.10/site-packages/airflow/example_dags/plugins/workday.py took 0.314 seconds
[2024-02-14T23:27:35.584+0000] {processor.py:161} INFO - Started process (PID=6917) to work on /home/ubuntu/reddit_venv/lib/python3.10/site-packages/airflow/example_dags/plugins/workday.py
[2024-02-14T23:27:35.586+0000] {processor.py:830} INFO - Processing file /home/ubuntu/reddit_venv/lib/python3.10/site-packages/airflow/example_dags/plugins/workday.py for tasks to queue
[2024-02-14T23:27:35.587+0000] {logging_mixin.py:188} INFO - [2024-02-14T23:27:35.586+0000] {dagbag.py:538} INFO - Filling up the DagBag from /home/ubuntu/reddit_venv/lib/python3.10/site-packages/airflow/example_dags/plugins/workday.py
[2024-02-14T23:27:35.886+0000] {processor.py:842} WARNING - No viable dags retrieved from /home/ubuntu/reddit_venv/lib/python3.10/site-packages/airflow/example_dags/plugins/workday.py
[2024-02-14T23:27:35.895+0000] {processor.py:183} INFO - Processing /home/ubuntu/reddit_venv/lib/python3.10/site-packages/airflow/example_dags/plugins/workday.py took 0.314 seconds
[2024-02-14T23:28:14.851+0000] {processor.py:161} INFO - Started process (PID=6961) to work on /home/ubuntu/reddit_venv/lib/python3.10/site-packages/airflow/example_dags/plugins/workday.py
[2024-02-14T23:28:14.852+0000] {processor.py:830} INFO - Processing file /home/ubuntu/reddit_venv/lib/python3.10/site-packages/airflow/example_dags/plugins/workday.py for tasks to queue
[2024-02-14T23:28:14.853+0000] {logging_mixin.py:188} INFO - [2024-02-14T23:28:14.853+0000] {dagbag.py:538} INFO - Filling up the DagBag from /home/ubuntu/reddit_venv/lib/python3.10/site-packages/airflow/example_dags/plugins/workday.py
[2024-02-14T23:28:15.157+0000] {processor.py:842} WARNING - No viable dags retrieved from /home/ubuntu/reddit_venv/lib/python3.10/site-packages/airflow/example_dags/plugins/workday.py
[2024-02-14T23:28:15.166+0000] {processor.py:183} INFO - Processing /home/ubuntu/reddit_venv/lib/python3.10/site-packages/airflow/example_dags/plugins/workday.py took 0.319 seconds
[2024-02-14T23:28:55.835+0000] {processor.py:161} INFO - Started process (PID=7067) to work on /home/ubuntu/reddit_venv/lib/python3.10/site-packages/airflow/example_dags/plugins/workday.py
[2024-02-14T23:28:55.836+0000] {processor.py:830} INFO - Processing file /home/ubuntu/reddit_venv/lib/python3.10/site-packages/airflow/example_dags/plugins/workday.py for tasks to queue
[2024-02-14T23:28:55.837+0000] {logging_mixin.py:188} INFO - [2024-02-14T23:28:55.837+0000] {dagbag.py:538} INFO - Filling up the DagBag from /home/ubuntu/reddit_venv/lib/python3.10/site-packages/airflow/example_dags/plugins/workday.py
[2024-02-14T23:28:56.140+0000] {processor.py:842} WARNING - No viable dags retrieved from /home/ubuntu/reddit_venv/lib/python3.10/site-packages/airflow/example_dags/plugins/workday.py
[2024-02-14T23:28:56.150+0000] {processor.py:183} INFO - Processing /home/ubuntu/reddit_venv/lib/python3.10/site-packages/airflow/example_dags/plugins/workday.py took 0.318 seconds
[2024-02-14T23:29:49.048+0000] {processor.py:161} INFO - Started process (PID=7251) to work on /home/ubuntu/reddit_venv/lib/python3.10/site-packages/airflow/example_dags/plugins/workday.py
[2024-02-14T23:29:49.050+0000] {processor.py:830} INFO - Processing file /home/ubuntu/reddit_venv/lib/python3.10/site-packages/airflow/example_dags/plugins/workday.py for tasks to queue
[2024-02-14T23:29:49.051+0000] {logging_mixin.py:188} INFO - [2024-02-14T23:29:49.051+0000] {dagbag.py:538} INFO - Filling up the DagBag from /home/ubuntu/reddit_venv/lib/python3.10/site-packages/airflow/example_dags/plugins/workday.py
[2024-02-14T23:29:49.465+0000] {processor.py:842} WARNING - No viable dags retrieved from /home/ubuntu/reddit_venv/lib/python3.10/site-packages/airflow/example_dags/plugins/workday.py
[2024-02-14T23:29:49.472+0000] {processor.py:183} INFO - Processing /home/ubuntu/reddit_venv/lib/python3.10/site-packages/airflow/example_dags/plugins/workday.py took 0.427 seconds
[2024-02-14T23:30:28.571+0000] {processor.py:161} INFO - Started process (PID=7356) to work on /home/ubuntu/reddit_venv/lib/python3.10/site-packages/airflow/example_dags/plugins/workday.py
[2024-02-14T23:30:28.572+0000] {processor.py:830} INFO - Processing file /home/ubuntu/reddit_venv/lib/python3.10/site-packages/airflow/example_dags/plugins/workday.py for tasks to queue
[2024-02-14T23:30:28.573+0000] {logging_mixin.py:188} INFO - [2024-02-14T23:30:28.573+0000] {dagbag.py:538} INFO - Filling up the DagBag from /home/ubuntu/reddit_venv/lib/python3.10/site-packages/airflow/example_dags/plugins/workday.py
[2024-02-14T23:30:28.987+0000] {processor.py:842} WARNING - No viable dags retrieved from /home/ubuntu/reddit_venv/lib/python3.10/site-packages/airflow/example_dags/plugins/workday.py
[2024-02-14T23:30:28.994+0000] {processor.py:183} INFO - Processing /home/ubuntu/reddit_venv/lib/python3.10/site-packages/airflow/example_dags/plugins/workday.py took 0.426 seconds
[2024-02-14T23:31:24.823+0000] {processor.py:161} INFO - Started process (PID=7418) to work on /home/ubuntu/reddit_venv/lib/python3.10/site-packages/airflow/example_dags/plugins/workday.py
[2024-02-14T23:31:24.825+0000] {processor.py:830} INFO - Processing file /home/ubuntu/reddit_venv/lib/python3.10/site-packages/airflow/example_dags/plugins/workday.py for tasks to queue
[2024-02-14T23:31:24.825+0000] {logging_mixin.py:188} INFO - [2024-02-14T23:31:24.825+0000] {dagbag.py:538} INFO - Filling up the DagBag from /home/ubuntu/reddit_venv/lib/python3.10/site-packages/airflow/example_dags/plugins/workday.py
[2024-02-14T23:31:25.234+0000] {processor.py:842} WARNING - No viable dags retrieved from /home/ubuntu/reddit_venv/lib/python3.10/site-packages/airflow/example_dags/plugins/workday.py
[2024-02-14T23:31:25.241+0000] {processor.py:183} INFO - Processing /home/ubuntu/reddit_venv/lib/python3.10/site-packages/airflow/example_dags/plugins/workday.py took 0.421 seconds
[2024-02-14T23:32:02.812+0000] {processor.py:161} INFO - Started process (PID=7522) to work on /home/ubuntu/reddit_venv/lib/python3.10/site-packages/airflow/example_dags/plugins/workday.py
[2024-02-14T23:32:02.813+0000] {processor.py:830} INFO - Processing file /home/ubuntu/reddit_venv/lib/python3.10/site-packages/airflow/example_dags/plugins/workday.py for tasks to queue
[2024-02-14T23:32:02.814+0000] {logging_mixin.py:188} INFO - [2024-02-14T23:32:02.814+0000] {dagbag.py:538} INFO - Filling up the DagBag from /home/ubuntu/reddit_venv/lib/python3.10/site-packages/airflow/example_dags/plugins/workday.py
[2024-02-14T23:32:03.229+0000] {processor.py:842} WARNING - No viable dags retrieved from /home/ubuntu/reddit_venv/lib/python3.10/site-packages/airflow/example_dags/plugins/workday.py
[2024-02-14T23:32:03.236+0000] {processor.py:183} INFO - Processing /home/ubuntu/reddit_venv/lib/python3.10/site-packages/airflow/example_dags/plugins/workday.py took 0.428 seconds
[2024-02-14T23:32:42.028+0000] {processor.py:161} INFO - Started process (PID=7687) to work on /home/ubuntu/reddit_venv/lib/python3.10/site-packages/airflow/example_dags/plugins/workday.py
[2024-02-14T23:32:42.030+0000] {processor.py:830} INFO - Processing file /home/ubuntu/reddit_venv/lib/python3.10/site-packages/airflow/example_dags/plugins/workday.py for tasks to queue
[2024-02-14T23:32:42.031+0000] {logging_mixin.py:188} INFO - [2024-02-14T23:32:42.030+0000] {dagbag.py:538} INFO - Filling up the DagBag from /home/ubuntu/reddit_venv/lib/python3.10/site-packages/airflow/example_dags/plugins/workday.py
[2024-02-14T23:32:42.446+0000] {processor.py:842} WARNING - No viable dags retrieved from /home/ubuntu/reddit_venv/lib/python3.10/site-packages/airflow/example_dags/plugins/workday.py
[2024-02-14T23:32:42.454+0000] {processor.py:183} INFO - Processing /home/ubuntu/reddit_venv/lib/python3.10/site-packages/airflow/example_dags/plugins/workday.py took 0.429 seconds
[2024-02-14T23:33:21.361+0000] {processor.py:161} INFO - Started process (PID=7733) to work on /home/ubuntu/reddit_venv/lib/python3.10/site-packages/airflow/example_dags/plugins/workday.py
[2024-02-14T23:33:21.363+0000] {processor.py:830} INFO - Processing file /home/ubuntu/reddit_venv/lib/python3.10/site-packages/airflow/example_dags/plugins/workday.py for tasks to queue
[2024-02-14T23:33:21.364+0000] {logging_mixin.py:188} INFO - [2024-02-14T23:33:21.363+0000] {dagbag.py:538} INFO - Filling up the DagBag from /home/ubuntu/reddit_venv/lib/python3.10/site-packages/airflow/example_dags/plugins/workday.py
[2024-02-14T23:33:21.771+0000] {processor.py:842} WARNING - No viable dags retrieved from /home/ubuntu/reddit_venv/lib/python3.10/site-packages/airflow/example_dags/plugins/workday.py
[2024-02-14T23:33:21.778+0000] {processor.py:183} INFO - Processing /home/ubuntu/reddit_venv/lib/python3.10/site-packages/airflow/example_dags/plugins/workday.py took 0.420 seconds
[2024-02-14T23:34:16.013+0000] {processor.py:161} INFO - Started process (PID=7858) to work on /home/ubuntu/reddit_venv/lib/python3.10/site-packages/airflow/example_dags/plugins/workday.py
[2024-02-14T23:34:16.014+0000] {processor.py:830} INFO - Processing file /home/ubuntu/reddit_venv/lib/python3.10/site-packages/airflow/example_dags/plugins/workday.py for tasks to queue
[2024-02-14T23:34:16.015+0000] {logging_mixin.py:188} INFO - [2024-02-14T23:34:16.015+0000] {dagbag.py:538} INFO - Filling up the DagBag from /home/ubuntu/reddit_venv/lib/python3.10/site-packages/airflow/example_dags/plugins/workday.py
[2024-02-14T23:34:16.429+0000] {processor.py:842} WARNING - No viable dags retrieved from /home/ubuntu/reddit_venv/lib/python3.10/site-packages/airflow/example_dags/plugins/workday.py
[2024-02-14T23:34:16.436+0000] {processor.py:183} INFO - Processing /home/ubuntu/reddit_venv/lib/python3.10/site-packages/airflow/example_dags/plugins/workday.py took 0.426 seconds
[2024-02-14T23:35:12.632+0000] {processor.py:161} INFO - Started process (PID=7984) to work on /home/ubuntu/reddit_venv/lib/python3.10/site-packages/airflow/example_dags/plugins/workday.py
[2024-02-14T23:35:12.634+0000] {processor.py:830} INFO - Processing file /home/ubuntu/reddit_venv/lib/python3.10/site-packages/airflow/example_dags/plugins/workday.py for tasks to queue
[2024-02-14T23:35:12.635+0000] {logging_mixin.py:188} INFO - [2024-02-14T23:35:12.635+0000] {dagbag.py:538} INFO - Filling up the DagBag from /home/ubuntu/reddit_venv/lib/python3.10/site-packages/airflow/example_dags/plugins/workday.py
[2024-02-14T23:35:13.055+0000] {processor.py:842} WARNING - No viable dags retrieved from /home/ubuntu/reddit_venv/lib/python3.10/site-packages/airflow/example_dags/plugins/workday.py
[2024-02-14T23:35:13.062+0000] {processor.py:183} INFO - Processing /home/ubuntu/reddit_venv/lib/python3.10/site-packages/airflow/example_dags/plugins/workday.py took 0.433 seconds
[2024-02-14T23:35:51.605+0000] {processor.py:161} INFO - Started process (PID=8090) to work on /home/ubuntu/reddit_venv/lib/python3.10/site-packages/airflow/example_dags/plugins/workday.py
[2024-02-14T23:35:51.607+0000] {processor.py:830} INFO - Processing file /home/ubuntu/reddit_venv/lib/python3.10/site-packages/airflow/example_dags/plugins/workday.py for tasks to queue
[2024-02-14T23:35:51.608+0000] {logging_mixin.py:188} INFO - [2024-02-14T23:35:51.608+0000] {dagbag.py:538} INFO - Filling up the DagBag from /home/ubuntu/reddit_venv/lib/python3.10/site-packages/airflow/example_dags/plugins/workday.py
[2024-02-14T23:35:52.021+0000] {processor.py:842} WARNING - No viable dags retrieved from /home/ubuntu/reddit_venv/lib/python3.10/site-packages/airflow/example_dags/plugins/workday.py
[2024-02-14T23:35:52.028+0000] {processor.py:183} INFO - Processing /home/ubuntu/reddit_venv/lib/python3.10/site-packages/airflow/example_dags/plugins/workday.py took 0.426 seconds
[2024-02-14T23:36:49.243+0000] {processor.py:161} INFO - Started process (PID=8215) to work on /home/ubuntu/reddit_venv/lib/python3.10/site-packages/airflow/example_dags/plugins/workday.py
[2024-02-14T23:36:49.244+0000] {processor.py:830} INFO - Processing file /home/ubuntu/reddit_venv/lib/python3.10/site-packages/airflow/example_dags/plugins/workday.py for tasks to queue
[2024-02-14T23:36:49.245+0000] {logging_mixin.py:188} INFO - [2024-02-14T23:36:49.244+0000] {dagbag.py:538} INFO - Filling up the DagBag from /home/ubuntu/reddit_venv/lib/python3.10/site-packages/airflow/example_dags/plugins/workday.py
[2024-02-14T23:36:49.657+0000] {processor.py:842} WARNING - No viable dags retrieved from /home/ubuntu/reddit_venv/lib/python3.10/site-packages/airflow/example_dags/plugins/workday.py
[2024-02-14T23:36:49.664+0000] {processor.py:183} INFO - Processing /home/ubuntu/reddit_venv/lib/python3.10/site-packages/airflow/example_dags/plugins/workday.py took 0.425 seconds
[2024-02-14T23:37:29.188+0000] {processor.py:161} INFO - Started process (PID=8323) to work on /home/ubuntu/reddit_venv/lib/python3.10/site-packages/airflow/example_dags/plugins/workday.py
[2024-02-14T23:37:29.189+0000] {processor.py:830} INFO - Processing file /home/ubuntu/reddit_venv/lib/python3.10/site-packages/airflow/example_dags/plugins/workday.py for tasks to queue
[2024-02-14T23:37:29.190+0000] {logging_mixin.py:188} INFO - [2024-02-14T23:37:29.190+0000] {dagbag.py:538} INFO - Filling up the DagBag from /home/ubuntu/reddit_venv/lib/python3.10/site-packages/airflow/example_dags/plugins/workday.py
[2024-02-14T23:37:29.611+0000] {processor.py:842} WARNING - No viable dags retrieved from /home/ubuntu/reddit_venv/lib/python3.10/site-packages/airflow/example_dags/plugins/workday.py
[2024-02-14T23:37:29.618+0000] {processor.py:183} INFO - Processing /home/ubuntu/reddit_venv/lib/python3.10/site-packages/airflow/example_dags/plugins/workday.py took 0.434 seconds
[2024-02-14T23:38:26.971+0000] {processor.py:161} INFO - Started process (PID=8714) to work on /home/ubuntu/reddit_venv/lib/python3.10/site-packages/airflow/example_dags/plugins/workday.py
[2024-02-14T23:38:26.972+0000] {processor.py:830} INFO - Processing file /home/ubuntu/reddit_venv/lib/python3.10/site-packages/airflow/example_dags/plugins/workday.py for tasks to queue
[2024-02-14T23:38:26.973+0000] {logging_mixin.py:188} INFO - [2024-02-14T23:38:26.973+0000] {dagbag.py:538} INFO - Filling up the DagBag from /home/ubuntu/reddit_venv/lib/python3.10/site-packages/airflow/example_dags/plugins/workday.py
[2024-02-14T23:38:27.386+0000] {processor.py:842} WARNING - No viable dags retrieved from /home/ubuntu/reddit_venv/lib/python3.10/site-packages/airflow/example_dags/plugins/workday.py
[2024-02-14T23:38:27.393+0000] {processor.py:183} INFO - Processing /home/ubuntu/reddit_venv/lib/python3.10/site-packages/airflow/example_dags/plugins/workday.py took 0.426 seconds
[2024-02-14T23:39:14.773+0000] {processor.py:161} INFO - Started process (PID=9114) to work on /home/ubuntu/reddit_venv/lib/python3.10/site-packages/airflow/example_dags/plugins/workday.py
[2024-02-14T23:39:14.775+0000] {processor.py:830} INFO - Processing file /home/ubuntu/reddit_venv/lib/python3.10/site-packages/airflow/example_dags/plugins/workday.py for tasks to queue
[2024-02-14T23:39:14.776+0000] {logging_mixin.py:188} INFO - [2024-02-14T23:39:14.775+0000] {dagbag.py:538} INFO - Filling up the DagBag from /home/ubuntu/reddit_venv/lib/python3.10/site-packages/airflow/example_dags/plugins/workday.py
[2024-02-14T23:39:15.185+0000] {processor.py:842} WARNING - No viable dags retrieved from /home/ubuntu/reddit_venv/lib/python3.10/site-packages/airflow/example_dags/plugins/workday.py
[2024-02-14T23:39:15.192+0000] {processor.py:183} INFO - Processing /home/ubuntu/reddit_venv/lib/python3.10/site-packages/airflow/example_dags/plugins/workday.py took 0.422 seconds
[2024-02-14T23:40:00.686+0000] {processor.py:161} INFO - Started process (PID=9289) to work on /home/ubuntu/reddit_venv/lib/python3.10/site-packages/airflow/example_dags/plugins/workday.py
[2024-02-14T23:40:00.688+0000] {processor.py:830} INFO - Processing file /home/ubuntu/reddit_venv/lib/python3.10/site-packages/airflow/example_dags/plugins/workday.py for tasks to queue
[2024-02-14T23:40:00.689+0000] {logging_mixin.py:188} INFO - [2024-02-14T23:40:00.688+0000] {dagbag.py:538} INFO - Filling up the DagBag from /home/ubuntu/reddit_venv/lib/python3.10/site-packages/airflow/example_dags/plugins/workday.py
[2024-02-14T23:40:01.105+0000] {processor.py:842} WARNING - No viable dags retrieved from /home/ubuntu/reddit_venv/lib/python3.10/site-packages/airflow/example_dags/plugins/workday.py
[2024-02-14T23:40:01.112+0000] {processor.py:183} INFO - Processing /home/ubuntu/reddit_venv/lib/python3.10/site-packages/airflow/example_dags/plugins/workday.py took 0.429 seconds
[2024-02-14T23:40:58.055+0000] {processor.py:161} INFO - Started process (PID=9414) to work on /home/ubuntu/reddit_venv/lib/python3.10/site-packages/airflow/example_dags/plugins/workday.py
[2024-02-14T23:40:58.057+0000] {processor.py:830} INFO - Processing file /home/ubuntu/reddit_venv/lib/python3.10/site-packages/airflow/example_dags/plugins/workday.py for tasks to queue
[2024-02-14T23:40:58.058+0000] {logging_mixin.py:188} INFO - [2024-02-14T23:40:58.057+0000] {dagbag.py:538} INFO - Filling up the DagBag from /home/ubuntu/reddit_venv/lib/python3.10/site-packages/airflow/example_dags/plugins/workday.py
[2024-02-14T23:40:58.465+0000] {processor.py:842} WARNING - No viable dags retrieved from /home/ubuntu/reddit_venv/lib/python3.10/site-packages/airflow/example_dags/plugins/workday.py
[2024-02-14T23:40:58.471+0000] {processor.py:183} INFO - Processing /home/ubuntu/reddit_venv/lib/python3.10/site-packages/airflow/example_dags/plugins/workday.py took 0.419 seconds
[2024-02-14T23:41:53.295+0000] {processor.py:161} INFO - Started process (PID=9537) to work on /home/ubuntu/reddit_venv/lib/python3.10/site-packages/airflow/example_dags/plugins/workday.py
[2024-02-14T23:41:53.296+0000] {processor.py:830} INFO - Processing file /home/ubuntu/reddit_venv/lib/python3.10/site-packages/airflow/example_dags/plugins/workday.py for tasks to queue
[2024-02-14T23:41:53.297+0000] {logging_mixin.py:188} INFO - [2024-02-14T23:41:53.297+0000] {dagbag.py:538} INFO - Filling up the DagBag from /home/ubuntu/reddit_venv/lib/python3.10/site-packages/airflow/example_dags/plugins/workday.py
[2024-02-14T23:41:53.705+0000] {processor.py:842} WARNING - No viable dags retrieved from /home/ubuntu/reddit_venv/lib/python3.10/site-packages/airflow/example_dags/plugins/workday.py
[2024-02-14T23:41:53.712+0000] {processor.py:183} INFO - Processing /home/ubuntu/reddit_venv/lib/python3.10/site-packages/airflow/example_dags/plugins/workday.py took 0.421 seconds
[2024-02-14T23:42:50.317+0000] {processor.py:161} INFO - Started process (PID=9662) to work on /home/ubuntu/reddit_venv/lib/python3.10/site-packages/airflow/example_dags/plugins/workday.py
[2024-02-14T23:42:50.318+0000] {processor.py:830} INFO - Processing file /home/ubuntu/reddit_venv/lib/python3.10/site-packages/airflow/example_dags/plugins/workday.py for tasks to queue
[2024-02-14T23:42:50.319+0000] {logging_mixin.py:188} INFO - [2024-02-14T23:42:50.319+0000] {dagbag.py:538} INFO - Filling up the DagBag from /home/ubuntu/reddit_venv/lib/python3.10/site-packages/airflow/example_dags/plugins/workday.py
[2024-02-14T23:42:50.731+0000] {processor.py:842} WARNING - No viable dags retrieved from /home/ubuntu/reddit_venv/lib/python3.10/site-packages/airflow/example_dags/plugins/workday.py
[2024-02-14T23:42:50.738+0000] {processor.py:183} INFO - Processing /home/ubuntu/reddit_venv/lib/python3.10/site-packages/airflow/example_dags/plugins/workday.py took 0.425 seconds
[2024-02-14T23:43:28.988+0000] {processor.py:161} INFO - Started process (PID=9767) to work on /home/ubuntu/reddit_venv/lib/python3.10/site-packages/airflow/example_dags/plugins/workday.py
[2024-02-14T23:43:28.989+0000] {processor.py:830} INFO - Processing file /home/ubuntu/reddit_venv/lib/python3.10/site-packages/airflow/example_dags/plugins/workday.py for tasks to queue
[2024-02-14T23:43:28.990+0000] {logging_mixin.py:188} INFO - [2024-02-14T23:43:28.990+0000] {dagbag.py:538} INFO - Filling up the DagBag from /home/ubuntu/reddit_venv/lib/python3.10/site-packages/airflow/example_dags/plugins/workday.py
[2024-02-14T23:43:29.397+0000] {processor.py:842} WARNING - No viable dags retrieved from /home/ubuntu/reddit_venv/lib/python3.10/site-packages/airflow/example_dags/plugins/workday.py
[2024-02-14T23:43:29.404+0000] {processor.py:183} INFO - Processing /home/ubuntu/reddit_venv/lib/python3.10/site-packages/airflow/example_dags/plugins/workday.py took 0.420 seconds
[2024-02-14T23:44:09.549+0000] {processor.py:161} INFO - Started process (PID=9813) to work on /home/ubuntu/reddit_venv/lib/python3.10/site-packages/airflow/example_dags/plugins/workday.py
[2024-02-14T23:44:09.551+0000] {processor.py:830} INFO - Processing file /home/ubuntu/reddit_venv/lib/python3.10/site-packages/airflow/example_dags/plugins/workday.py for tasks to queue
[2024-02-14T23:44:09.552+0000] {logging_mixin.py:188} INFO - [2024-02-14T23:44:09.552+0000] {dagbag.py:538} INFO - Filling up the DagBag from /home/ubuntu/reddit_venv/lib/python3.10/site-packages/airflow/example_dags/plugins/workday.py
[2024-02-14T23:44:09.947+0000] {processor.py:842} WARNING - No viable dags retrieved from /home/ubuntu/reddit_venv/lib/python3.10/site-packages/airflow/example_dags/plugins/workday.py
[2024-02-14T23:44:09.954+0000] {processor.py:183} INFO - Processing /home/ubuntu/reddit_venv/lib/python3.10/site-packages/airflow/example_dags/plugins/workday.py took 0.408 seconds
[2024-02-14T23:44:57.324+0000] {processor.py:161} INFO - Started process (PID=10237) to work on /home/ubuntu/reddit_venv/lib/python3.10/site-packages/airflow/example_dags/plugins/workday.py
[2024-02-14T23:44:57.326+0000] {processor.py:830} INFO - Processing file /home/ubuntu/reddit_venv/lib/python3.10/site-packages/airflow/example_dags/plugins/workday.py for tasks to queue
[2024-02-14T23:44:57.327+0000] {logging_mixin.py:188} INFO - [2024-02-14T23:44:57.327+0000] {dagbag.py:538} INFO - Filling up the DagBag from /home/ubuntu/reddit_venv/lib/python3.10/site-packages/airflow/example_dags/plugins/workday.py
[2024-02-14T23:44:57.730+0000] {processor.py:842} WARNING - No viable dags retrieved from /home/ubuntu/reddit_venv/lib/python3.10/site-packages/airflow/example_dags/plugins/workday.py
[2024-02-14T23:44:57.737+0000] {processor.py:183} INFO - Processing /home/ubuntu/reddit_venv/lib/python3.10/site-packages/airflow/example_dags/plugins/workday.py took 0.416 seconds
[2024-02-14T23:45:42.989+0000] {processor.py:161} INFO - Started process (PID=10350) to work on /home/ubuntu/reddit_venv/lib/python3.10/site-packages/airflow/example_dags/plugins/workday.py
[2024-02-14T23:45:42.991+0000] {processor.py:830} INFO - Processing file /home/ubuntu/reddit_venv/lib/python3.10/site-packages/airflow/example_dags/plugins/workday.py for tasks to queue
[2024-02-14T23:45:42.992+0000] {logging_mixin.py:188} INFO - [2024-02-14T23:45:42.991+0000] {dagbag.py:538} INFO - Filling up the DagBag from /home/ubuntu/reddit_venv/lib/python3.10/site-packages/airflow/example_dags/plugins/workday.py
[2024-02-14T23:45:43.395+0000] {processor.py:842} WARNING - No viable dags retrieved from /home/ubuntu/reddit_venv/lib/python3.10/site-packages/airflow/example_dags/plugins/workday.py
[2024-02-14T23:45:43.401+0000] {processor.py:183} INFO - Processing /home/ubuntu/reddit_venv/lib/python3.10/site-packages/airflow/example_dags/plugins/workday.py took 0.416 seconds
[2024-02-14T23:46:36.069+0000] {processor.py:161} INFO - Started process (PID=10472) to work on /home/ubuntu/reddit_venv/lib/python3.10/site-packages/airflow/example_dags/plugins/workday.py
[2024-02-14T23:46:36.071+0000] {processor.py:830} INFO - Processing file /home/ubuntu/reddit_venv/lib/python3.10/site-packages/airflow/example_dags/plugins/workday.py for tasks to queue
[2024-02-14T23:46:36.072+0000] {logging_mixin.py:188} INFO - [2024-02-14T23:46:36.071+0000] {dagbag.py:538} INFO - Filling up the DagBag from /home/ubuntu/reddit_venv/lib/python3.10/site-packages/airflow/example_dags/plugins/workday.py
[2024-02-14T23:46:36.470+0000] {processor.py:842} WARNING - No viable dags retrieved from /home/ubuntu/reddit_venv/lib/python3.10/site-packages/airflow/example_dags/plugins/workday.py
[2024-02-14T23:46:36.478+0000] {processor.py:183} INFO - Processing /home/ubuntu/reddit_venv/lib/python3.10/site-packages/airflow/example_dags/plugins/workday.py took 0.412 seconds
[2024-02-14T23:47:12.754+0000] {processor.py:161} INFO - Started process (PID=10516) to work on /home/ubuntu/reddit_venv/lib/python3.10/site-packages/airflow/example_dags/plugins/workday.py
[2024-02-14T23:47:12.756+0000] {processor.py:830} INFO - Processing file /home/ubuntu/reddit_venv/lib/python3.10/site-packages/airflow/example_dags/plugins/workday.py for tasks to queue
[2024-02-14T23:47:12.757+0000] {logging_mixin.py:188} INFO - [2024-02-14T23:47:12.756+0000] {dagbag.py:538} INFO - Filling up the DagBag from /home/ubuntu/reddit_venv/lib/python3.10/site-packages/airflow/example_dags/plugins/workday.py
[2024-02-14T23:47:13.163+0000] {processor.py:842} WARNING - No viable dags retrieved from /home/ubuntu/reddit_venv/lib/python3.10/site-packages/airflow/example_dags/plugins/workday.py
[2024-02-14T23:47:13.170+0000] {processor.py:183} INFO - Processing /home/ubuntu/reddit_venv/lib/python3.10/site-packages/airflow/example_dags/plugins/workday.py took 0.419 seconds
[2024-02-14T23:47:52.952+0000] {processor.py:161} INFO - Started process (PID=10621) to work on /home/ubuntu/reddit_venv/lib/python3.10/site-packages/airflow/example_dags/plugins/workday.py
[2024-02-14T23:47:52.954+0000] {processor.py:830} INFO - Processing file /home/ubuntu/reddit_venv/lib/python3.10/site-packages/airflow/example_dags/plugins/workday.py for tasks to queue
[2024-02-14T23:47:52.955+0000] {logging_mixin.py:188} INFO - [2024-02-14T23:47:52.955+0000] {dagbag.py:538} INFO - Filling up the DagBag from /home/ubuntu/reddit_venv/lib/python3.10/site-packages/airflow/example_dags/plugins/workday.py
[2024-02-14T23:47:53.346+0000] {processor.py:842} WARNING - No viable dags retrieved from /home/ubuntu/reddit_venv/lib/python3.10/site-packages/airflow/example_dags/plugins/workday.py
[2024-02-14T23:47:53.353+0000] {processor.py:183} INFO - Processing /home/ubuntu/reddit_venv/lib/python3.10/site-packages/airflow/example_dags/plugins/workday.py took 0.404 seconds
[2024-02-14T23:48:33.607+0000] {processor.py:161} INFO - Started process (PID=10728) to work on /home/ubuntu/reddit_venv/lib/python3.10/site-packages/airflow/example_dags/plugins/workday.py
[2024-02-14T23:48:33.609+0000] {processor.py:830} INFO - Processing file /home/ubuntu/reddit_venv/lib/python3.10/site-packages/airflow/example_dags/plugins/workday.py for tasks to queue
[2024-02-14T23:48:33.610+0000] {logging_mixin.py:188} INFO - [2024-02-14T23:48:33.609+0000] {dagbag.py:538} INFO - Filling up the DagBag from /home/ubuntu/reddit_venv/lib/python3.10/site-packages/airflow/example_dags/plugins/workday.py
[2024-02-14T23:48:34.016+0000] {processor.py:842} WARNING - No viable dags retrieved from /home/ubuntu/reddit_venv/lib/python3.10/site-packages/airflow/example_dags/plugins/workday.py
[2024-02-14T23:48:34.023+0000] {processor.py:183} INFO - Processing /home/ubuntu/reddit_venv/lib/python3.10/site-packages/airflow/example_dags/plugins/workday.py took 0.420 seconds
[2024-02-14T23:49:26.488+0000] {processor.py:161} INFO - Started process (PID=10789) to work on /home/ubuntu/reddit_venv/lib/python3.10/site-packages/airflow/example_dags/plugins/workday.py
[2024-02-14T23:49:26.489+0000] {processor.py:830} INFO - Processing file /home/ubuntu/reddit_venv/lib/python3.10/site-packages/airflow/example_dags/plugins/workday.py for tasks to queue
[2024-02-14T23:49:26.490+0000] {logging_mixin.py:188} INFO - [2024-02-14T23:49:26.490+0000] {dagbag.py:538} INFO - Filling up the DagBag from /home/ubuntu/reddit_venv/lib/python3.10/site-packages/airflow/example_dags/plugins/workday.py
[2024-02-14T23:49:26.890+0000] {processor.py:842} WARNING - No viable dags retrieved from /home/ubuntu/reddit_venv/lib/python3.10/site-packages/airflow/example_dags/plugins/workday.py
[2024-02-14T23:49:26.897+0000] {processor.py:183} INFO - Processing /home/ubuntu/reddit_venv/lib/python3.10/site-packages/airflow/example_dags/plugins/workday.py took 0.413 seconds
[2024-02-14T23:50:22.401+0000] {processor.py:161} INFO - Started process (PID=10976) to work on /home/ubuntu/reddit_venv/lib/python3.10/site-packages/airflow/example_dags/plugins/workday.py
[2024-02-14T23:50:22.404+0000] {processor.py:830} INFO - Processing file /home/ubuntu/reddit_venv/lib/python3.10/site-packages/airflow/example_dags/plugins/workday.py for tasks to queue
[2024-02-14T23:50:22.405+0000] {logging_mixin.py:188} INFO - [2024-02-14T23:50:22.405+0000] {dagbag.py:538} INFO - Filling up the DagBag from /home/ubuntu/reddit_venv/lib/python3.10/site-packages/airflow/example_dags/plugins/workday.py
[2024-02-14T23:50:22.812+0000] {processor.py:842} WARNING - No viable dags retrieved from /home/ubuntu/reddit_venv/lib/python3.10/site-packages/airflow/example_dags/plugins/workday.py
[2024-02-14T23:50:22.820+0000] {processor.py:183} INFO - Processing /home/ubuntu/reddit_venv/lib/python3.10/site-packages/airflow/example_dags/plugins/workday.py took 0.422 seconds
[2024-02-14T23:51:19.396+0000] {processor.py:161} INFO - Started process (PID=11099) to work on /home/ubuntu/reddit_venv/lib/python3.10/site-packages/airflow/example_dags/plugins/workday.py
[2024-02-14T23:51:19.399+0000] {processor.py:830} INFO - Processing file /home/ubuntu/reddit_venv/lib/python3.10/site-packages/airflow/example_dags/plugins/workday.py for tasks to queue
[2024-02-14T23:51:19.400+0000] {logging_mixin.py:188} INFO - [2024-02-14T23:51:19.399+0000] {dagbag.py:538} INFO - Filling up the DagBag from /home/ubuntu/reddit_venv/lib/python3.10/site-packages/airflow/example_dags/plugins/workday.py
[2024-02-14T23:51:19.804+0000] {processor.py:842} WARNING - No viable dags retrieved from /home/ubuntu/reddit_venv/lib/python3.10/site-packages/airflow/example_dags/plugins/workday.py
[2024-02-14T23:51:19.812+0000] {processor.py:183} INFO - Processing /home/ubuntu/reddit_venv/lib/python3.10/site-packages/airflow/example_dags/plugins/workday.py took 0.419 seconds
[2024-02-14T23:51:57.931+0000] {processor.py:161} INFO - Started process (PID=11206) to work on /home/ubuntu/reddit_venv/lib/python3.10/site-packages/airflow/example_dags/plugins/workday.py
[2024-02-14T23:51:57.933+0000] {processor.py:830} INFO - Processing file /home/ubuntu/reddit_venv/lib/python3.10/site-packages/airflow/example_dags/plugins/workday.py for tasks to queue
[2024-02-14T23:51:57.934+0000] {logging_mixin.py:188} INFO - [2024-02-14T23:51:57.934+0000] {dagbag.py:538} INFO - Filling up the DagBag from /home/ubuntu/reddit_venv/lib/python3.10/site-packages/airflow/example_dags/plugins/workday.py
[2024-02-14T23:51:58.331+0000] {processor.py:842} WARNING - No viable dags retrieved from /home/ubuntu/reddit_venv/lib/python3.10/site-packages/airflow/example_dags/plugins/workday.py
[2024-02-14T23:51:58.338+0000] {processor.py:183} INFO - Processing /home/ubuntu/reddit_venv/lib/python3.10/site-packages/airflow/example_dags/plugins/workday.py took 0.410 seconds
[2024-02-14T23:52:39.460+0000] {processor.py:161} INFO - Started process (PID=11311) to work on /home/ubuntu/reddit_venv/lib/python3.10/site-packages/airflow/example_dags/plugins/workday.py
[2024-02-14T23:52:39.462+0000] {processor.py:830} INFO - Processing file /home/ubuntu/reddit_venv/lib/python3.10/site-packages/airflow/example_dags/plugins/workday.py for tasks to queue
[2024-02-14T23:52:39.463+0000] {logging_mixin.py:188} INFO - [2024-02-14T23:52:39.463+0000] {dagbag.py:538} INFO - Filling up the DagBag from /home/ubuntu/reddit_venv/lib/python3.10/site-packages/airflow/example_dags/plugins/workday.py
[2024-02-14T23:52:39.869+0000] {processor.py:842} WARNING - No viable dags retrieved from /home/ubuntu/reddit_venv/lib/python3.10/site-packages/airflow/example_dags/plugins/workday.py
[2024-02-14T23:52:39.876+0000] {processor.py:183} INFO - Processing /home/ubuntu/reddit_venv/lib/python3.10/site-packages/airflow/example_dags/plugins/workday.py took 0.419 seconds
[2024-02-14T23:53:23.320+0000] {processor.py:161} INFO - Started process (PID=11359) to work on /home/ubuntu/reddit_venv/lib/python3.10/site-packages/airflow/example_dags/plugins/workday.py
[2024-02-14T23:53:23.322+0000] {processor.py:830} INFO - Processing file /home/ubuntu/reddit_venv/lib/python3.10/site-packages/airflow/example_dags/plugins/workday.py for tasks to queue
[2024-02-14T23:53:23.323+0000] {logging_mixin.py:188} INFO - [2024-02-14T23:53:23.323+0000] {dagbag.py:538} INFO - Filling up the DagBag from /home/ubuntu/reddit_venv/lib/python3.10/site-packages/airflow/example_dags/plugins/workday.py
[2024-02-14T23:53:23.731+0000] {processor.py:842} WARNING - No viable dags retrieved from /home/ubuntu/reddit_venv/lib/python3.10/site-packages/airflow/example_dags/plugins/workday.py
[2024-02-14T23:53:23.739+0000] {processor.py:183} INFO - Processing /home/ubuntu/reddit_venv/lib/python3.10/site-packages/airflow/example_dags/plugins/workday.py took 0.422 seconds
[2024-02-14T23:54:04.040+0000] {processor.py:161} INFO - Started process (PID=11465) to work on /home/ubuntu/reddit_venv/lib/python3.10/site-packages/airflow/example_dags/plugins/workday.py
[2024-02-14T23:54:04.041+0000] {processor.py:830} INFO - Processing file /home/ubuntu/reddit_venv/lib/python3.10/site-packages/airflow/example_dags/plugins/workday.py for tasks to queue
[2024-02-14T23:54:04.042+0000] {logging_mixin.py:188} INFO - [2024-02-14T23:54:04.042+0000] {dagbag.py:538} INFO - Filling up the DagBag from /home/ubuntu/reddit_venv/lib/python3.10/site-packages/airflow/example_dags/plugins/workday.py
[2024-02-14T23:54:04.447+0000] {processor.py:842} WARNING - No viable dags retrieved from /home/ubuntu/reddit_venv/lib/python3.10/site-packages/airflow/example_dags/plugins/workday.py
[2024-02-14T23:54:04.454+0000] {processor.py:183} INFO - Processing /home/ubuntu/reddit_venv/lib/python3.10/site-packages/airflow/example_dags/plugins/workday.py took 0.418 seconds
[2024-02-14T23:54:47.819+0000] {processor.py:161} INFO - Started process (PID=11635) to work on /home/ubuntu/reddit_venv/lib/python3.10/site-packages/airflow/example_dags/plugins/workday.py
[2024-02-14T23:54:47.821+0000] {processor.py:830} INFO - Processing file /home/ubuntu/reddit_venv/lib/python3.10/site-packages/airflow/example_dags/plugins/workday.py for tasks to queue
[2024-02-14T23:54:47.822+0000] {logging_mixin.py:188} INFO - [2024-02-14T23:54:47.822+0000] {dagbag.py:538} INFO - Filling up the DagBag from /home/ubuntu/reddit_venv/lib/python3.10/site-packages/airflow/example_dags/plugins/workday.py
[2024-02-14T23:54:48.223+0000] {processor.py:842} WARNING - No viable dags retrieved from /home/ubuntu/reddit_venv/lib/python3.10/site-packages/airflow/example_dags/plugins/workday.py
[2024-02-14T23:54:48.230+0000] {processor.py:183} INFO - Processing /home/ubuntu/reddit_venv/lib/python3.10/site-packages/airflow/example_dags/plugins/workday.py took 0.414 seconds
[2024-02-14T23:55:26.290+0000] {processor.py:161} INFO - Started process (PID=11680) to work on /home/ubuntu/reddit_venv/lib/python3.10/site-packages/airflow/example_dags/plugins/workday.py
[2024-02-14T23:55:26.291+0000] {processor.py:830} INFO - Processing file /home/ubuntu/reddit_venv/lib/python3.10/site-packages/airflow/example_dags/plugins/workday.py for tasks to queue
[2024-02-14T23:55:26.292+0000] {logging_mixin.py:188} INFO - [2024-02-14T23:55:26.292+0000] {dagbag.py:538} INFO - Filling up the DagBag from /home/ubuntu/reddit_venv/lib/python3.10/site-packages/airflow/example_dags/plugins/workday.py
[2024-02-14T23:55:26.695+0000] {processor.py:842} WARNING - No viable dags retrieved from /home/ubuntu/reddit_venv/lib/python3.10/site-packages/airflow/example_dags/plugins/workday.py
[2024-02-14T23:55:26.702+0000] {processor.py:183} INFO - Processing /home/ubuntu/reddit_venv/lib/python3.10/site-packages/airflow/example_dags/plugins/workday.py took 0.416 seconds
[2024-02-14T23:56:04.417+0000] {processor.py:161} INFO - Started process (PID=11784) to work on /home/ubuntu/reddit_venv/lib/python3.10/site-packages/airflow/example_dags/plugins/workday.py
[2024-02-14T23:56:04.418+0000] {processor.py:830} INFO - Processing file /home/ubuntu/reddit_venv/lib/python3.10/site-packages/airflow/example_dags/plugins/workday.py for tasks to queue
[2024-02-14T23:56:04.419+0000] {logging_mixin.py:188} INFO - [2024-02-14T23:56:04.419+0000] {dagbag.py:538} INFO - Filling up the DagBag from /home/ubuntu/reddit_venv/lib/python3.10/site-packages/airflow/example_dags/plugins/workday.py
[2024-02-14T23:56:04.823+0000] {processor.py:842} WARNING - No viable dags retrieved from /home/ubuntu/reddit_venv/lib/python3.10/site-packages/airflow/example_dags/plugins/workday.py
[2024-02-14T23:56:04.831+0000] {processor.py:183} INFO - Processing /home/ubuntu/reddit_venv/lib/python3.10/site-packages/airflow/example_dags/plugins/workday.py took 0.417 seconds
[2024-02-14T23:56:44.104+0000] {processor.py:161} INFO - Started process (PID=12323) to work on /home/ubuntu/reddit_venv/lib/python3.10/site-packages/airflow/example_dags/plugins/workday.py
[2024-02-14T23:56:44.105+0000] {processor.py:830} INFO - Processing file /home/ubuntu/reddit_venv/lib/python3.10/site-packages/airflow/example_dags/plugins/workday.py for tasks to queue
[2024-02-14T23:56:44.106+0000] {logging_mixin.py:188} INFO - [2024-02-14T23:56:44.106+0000] {dagbag.py:538} INFO - Filling up the DagBag from /home/ubuntu/reddit_venv/lib/python3.10/site-packages/airflow/example_dags/plugins/workday.py
[2024-02-14T23:56:44.539+0000] {processor.py:842} WARNING - No viable dags retrieved from /home/ubuntu/reddit_venv/lib/python3.10/site-packages/airflow/example_dags/plugins/workday.py
[2024-02-14T23:56:44.546+0000] {processor.py:183} INFO - Processing /home/ubuntu/reddit_venv/lib/python3.10/site-packages/airflow/example_dags/plugins/workday.py took 0.445 seconds
[2024-02-14T23:57:41.696+0000] {processor.py:161} INFO - Started process (PID=19058) to work on /home/ubuntu/reddit_venv/lib/python3.10/site-packages/airflow/example_dags/plugins/workday.py
[2024-02-14T23:57:41.698+0000] {processor.py:830} INFO - Processing file /home/ubuntu/reddit_venv/lib/python3.10/site-packages/airflow/example_dags/plugins/workday.py for tasks to queue
[2024-02-14T23:57:41.699+0000] {logging_mixin.py:188} INFO - [2024-02-14T23:57:41.698+0000] {dagbag.py:538} INFO - Filling up the DagBag from /home/ubuntu/reddit_venv/lib/python3.10/site-packages/airflow/example_dags/plugins/workday.py
[2024-02-14T23:57:42.132+0000] {processor.py:842} WARNING - No viable dags retrieved from /home/ubuntu/reddit_venv/lib/python3.10/site-packages/airflow/example_dags/plugins/workday.py
[2024-02-14T23:57:42.139+0000] {processor.py:183} INFO - Processing /home/ubuntu/reddit_venv/lib/python3.10/site-packages/airflow/example_dags/plugins/workday.py took 0.446 seconds
[2024-02-14T23:58:23.436+0000] {processor.py:161} INFO - Started process (PID=21500) to work on /home/ubuntu/reddit_venv/lib/python3.10/site-packages/airflow/example_dags/plugins/workday.py
[2024-02-14T23:58:23.438+0000] {processor.py:830} INFO - Processing file /home/ubuntu/reddit_venv/lib/python3.10/site-packages/airflow/example_dags/plugins/workday.py for tasks to queue
[2024-02-14T23:58:23.439+0000] {logging_mixin.py:188} INFO - [2024-02-14T23:58:23.438+0000] {dagbag.py:538} INFO - Filling up the DagBag from /home/ubuntu/reddit_venv/lib/python3.10/site-packages/airflow/example_dags/plugins/workday.py
[2024-02-14T23:58:23.839+0000] {processor.py:842} WARNING - No viable dags retrieved from /home/ubuntu/reddit_venv/lib/python3.10/site-packages/airflow/example_dags/plugins/workday.py
[2024-02-14T23:58:23.846+0000] {processor.py:183} INFO - Processing /home/ubuntu/reddit_venv/lib/python3.10/site-packages/airflow/example_dags/plugins/workday.py took 0.413 seconds
[2024-02-14T23:59:05.810+0000] {processor.py:161} INFO - Started process (PID=22427) to work on /home/ubuntu/reddit_venv/lib/python3.10/site-packages/airflow/example_dags/plugins/workday.py
[2024-02-14T23:59:05.812+0000] {processor.py:830} INFO - Processing file /home/ubuntu/reddit_venv/lib/python3.10/site-packages/airflow/example_dags/plugins/workday.py for tasks to queue
[2024-02-14T23:59:05.813+0000] {logging_mixin.py:188} INFO - [2024-02-14T23:59:05.812+0000] {dagbag.py:538} INFO - Filling up the DagBag from /home/ubuntu/reddit_venv/lib/python3.10/site-packages/airflow/example_dags/plugins/workday.py
[2024-02-14T23:59:06.214+0000] {processor.py:842} WARNING - No viable dags retrieved from /home/ubuntu/reddit_venv/lib/python3.10/site-packages/airflow/example_dags/plugins/workday.py
[2024-02-14T23:59:06.221+0000] {processor.py:183} INFO - Processing /home/ubuntu/reddit_venv/lib/python3.10/site-packages/airflow/example_dags/plugins/workday.py took 0.415 seconds
[2024-02-14T23:59:46.692+0000] {processor.py:161} INFO - Started process (PID=22595) to work on /home/ubuntu/reddit_venv/lib/python3.10/site-packages/airflow/example_dags/plugins/workday.py
[2024-02-14T23:59:46.694+0000] {processor.py:830} INFO - Processing file /home/ubuntu/reddit_venv/lib/python3.10/site-packages/airflow/example_dags/plugins/workday.py for tasks to queue
[2024-02-14T23:59:46.695+0000] {logging_mixin.py:188} INFO - [2024-02-14T23:59:46.694+0000] {dagbag.py:538} INFO - Filling up the DagBag from /home/ubuntu/reddit_venv/lib/python3.10/site-packages/airflow/example_dags/plugins/workday.py
[2024-02-14T23:59:47.097+0000] {processor.py:842} WARNING - No viable dags retrieved from /home/ubuntu/reddit_venv/lib/python3.10/site-packages/airflow/example_dags/plugins/workday.py
[2024-02-14T23:59:47.104+0000] {processor.py:183} INFO - Processing /home/ubuntu/reddit_venv/lib/python3.10/site-packages/airflow/example_dags/plugins/workday.py took 0.415 seconds
