[2024-02-21T23:57:02.390+0000] {processor.py:161} INFO - Started process (PID=1933) to work on /home/ubuntu/reddit_venv/lib/python3.10/site-packages/airflow/example_dags/subdags/subdag.py
[2024-02-21T23:57:02.391+0000] {processor.py:830} INFO - Processing file /home/ubuntu/reddit_venv/lib/python3.10/site-packages/airflow/example_dags/subdags/subdag.py for tasks to queue
[2024-02-21T23:57:02.392+0000] {logging_mixin.py:188} INFO - [2024-02-21T23:57:02.391+0000] {dagbag.py:538} INFO - Filling up the DagBag from /home/ubuntu/reddit_venv/lib/python3.10/site-packages/airflow/example_dags/subdags/subdag.py
[2024-02-21T23:57:02.394+0000] {processor.py:842} WARNING - No viable dags retrieved from /home/ubuntu/reddit_venv/lib/python3.10/site-packages/airflow/example_dags/subdags/subdag.py
[2024-02-21T23:57:02.404+0000] {processor.py:183} INFO - Processing /home/ubuntu/reddit_venv/lib/python3.10/site-packages/airflow/example_dags/subdags/subdag.py took 0.018 seconds
[2024-02-21T23:57:56.523+0000] {processor.py:161} INFO - Started process (PID=2207) to work on /home/ubuntu/reddit_venv/lib/python3.10/site-packages/airflow/example_dags/subdags/subdag.py
[2024-02-21T23:57:56.525+0000] {processor.py:830} INFO - Processing file /home/ubuntu/reddit_venv/lib/python3.10/site-packages/airflow/example_dags/subdags/subdag.py for tasks to queue
[2024-02-21T23:57:56.526+0000] {logging_mixin.py:188} INFO - [2024-02-21T23:57:56.525+0000] {dagbag.py:538} INFO - Filling up the DagBag from /home/ubuntu/reddit_venv/lib/python3.10/site-packages/airflow/example_dags/subdags/subdag.py
[2024-02-21T23:57:56.528+0000] {processor.py:842} WARNING - No viable dags retrieved from /home/ubuntu/reddit_venv/lib/python3.10/site-packages/airflow/example_dags/subdags/subdag.py
[2024-02-21T23:57:56.539+0000] {processor.py:183} INFO - Processing /home/ubuntu/reddit_venv/lib/python3.10/site-packages/airflow/example_dags/subdags/subdag.py took 0.019 seconds
[2024-02-21T23:58:45.851+0000] {processor.py:161} INFO - Started process (PID=2829) to work on /home/ubuntu/reddit_venv/lib/python3.10/site-packages/airflow/example_dags/subdags/subdag.py
[2024-02-21T23:58:45.853+0000] {processor.py:830} INFO - Processing file /home/ubuntu/reddit_venv/lib/python3.10/site-packages/airflow/example_dags/subdags/subdag.py for tasks to queue
[2024-02-21T23:58:45.854+0000] {logging_mixin.py:188} INFO - [2024-02-21T23:58:45.853+0000] {dagbag.py:538} INFO - Filling up the DagBag from /home/ubuntu/reddit_venv/lib/python3.10/site-packages/airflow/example_dags/subdags/subdag.py
[2024-02-21T23:58:45.856+0000] {processor.py:842} WARNING - No viable dags retrieved from /home/ubuntu/reddit_venv/lib/python3.10/site-packages/airflow/example_dags/subdags/subdag.py
[2024-02-21T23:58:45.866+0000] {processor.py:183} INFO - Processing /home/ubuntu/reddit_venv/lib/python3.10/site-packages/airflow/example_dags/subdags/subdag.py took 0.019 seconds
[2024-02-21T23:59:29.283+0000] {processor.py:161} INFO - Started process (PID=3393) to work on /home/ubuntu/reddit_venv/lib/python3.10/site-packages/airflow/example_dags/subdags/subdag.py
[2024-02-21T23:59:29.285+0000] {processor.py:830} INFO - Processing file /home/ubuntu/reddit_venv/lib/python3.10/site-packages/airflow/example_dags/subdags/subdag.py for tasks to queue
[2024-02-21T23:59:29.286+0000] {logging_mixin.py:188} INFO - [2024-02-21T23:59:29.285+0000] {dagbag.py:538} INFO - Filling up the DagBag from /home/ubuntu/reddit_venv/lib/python3.10/site-packages/airflow/example_dags/subdags/subdag.py
[2024-02-21T23:59:29.288+0000] {processor.py:842} WARNING - No viable dags retrieved from /home/ubuntu/reddit_venv/lib/python3.10/site-packages/airflow/example_dags/subdags/subdag.py
[2024-02-21T23:59:29.299+0000] {processor.py:183} INFO - Processing /home/ubuntu/reddit_venv/lib/python3.10/site-packages/airflow/example_dags/subdags/subdag.py took 0.019 seconds
