[2024-02-20T18:06:31.087+0000] {processor.py:161} INFO - Started process (PID=1749) to work on /home/ubuntu/reddit_venv/lib/python3.10/site-packages/airflow/example_dags/subdags/subdag.py
[2024-02-20T18:06:31.088+0000] {processor.py:830} INFO - Processing file /home/ubuntu/reddit_venv/lib/python3.10/site-packages/airflow/example_dags/subdags/subdag.py for tasks to queue
[2024-02-20T18:06:31.089+0000] {logging_mixin.py:188} INFO - [2024-02-20T18:06:31.088+0000] {dagbag.py:538} INFO - Filling up the DagBag from /home/ubuntu/reddit_venv/lib/python3.10/site-packages/airflow/example_dags/subdags/subdag.py
[2024-02-20T18:06:31.091+0000] {processor.py:842} WARNING - No viable dags retrieved from /home/ubuntu/reddit_venv/lib/python3.10/site-packages/airflow/example_dags/subdags/subdag.py
[2024-02-20T18:06:31.101+0000] {processor.py:183} INFO - Processing /home/ubuntu/reddit_venv/lib/python3.10/site-packages/airflow/example_dags/subdags/subdag.py took 0.017 seconds
[2024-02-20T18:07:27.545+0000] {processor.py:161} INFO - Started process (PID=2119) to work on /home/ubuntu/reddit_venv/lib/python3.10/site-packages/airflow/example_dags/subdags/subdag.py
[2024-02-20T18:07:27.547+0000] {processor.py:830} INFO - Processing file /home/ubuntu/reddit_venv/lib/python3.10/site-packages/airflow/example_dags/subdags/subdag.py for tasks to queue
[2024-02-20T18:07:27.548+0000] {logging_mixin.py:188} INFO - [2024-02-20T18:07:27.548+0000] {dagbag.py:538} INFO - Filling up the DagBag from /home/ubuntu/reddit_venv/lib/python3.10/site-packages/airflow/example_dags/subdags/subdag.py
[2024-02-20T18:07:27.551+0000] {processor.py:842} WARNING - No viable dags retrieved from /home/ubuntu/reddit_venv/lib/python3.10/site-packages/airflow/example_dags/subdags/subdag.py
[2024-02-20T18:07:27.561+0000] {processor.py:183} INFO - Processing /home/ubuntu/reddit_venv/lib/python3.10/site-packages/airflow/example_dags/subdags/subdag.py took 0.019 seconds
[2024-02-20T18:08:10.166+0000] {processor.py:161} INFO - Started process (PID=2355) to work on /home/ubuntu/reddit_venv/lib/python3.10/site-packages/airflow/example_dags/subdags/subdag.py
[2024-02-20T18:08:10.167+0000] {processor.py:830} INFO - Processing file /home/ubuntu/reddit_venv/lib/python3.10/site-packages/airflow/example_dags/subdags/subdag.py for tasks to queue
[2024-02-20T18:08:10.168+0000] {logging_mixin.py:188} INFO - [2024-02-20T18:08:10.168+0000] {dagbag.py:538} INFO - Filling up the DagBag from /home/ubuntu/reddit_venv/lib/python3.10/site-packages/airflow/example_dags/subdags/subdag.py
[2024-02-20T18:08:10.171+0000] {processor.py:842} WARNING - No viable dags retrieved from /home/ubuntu/reddit_venv/lib/python3.10/site-packages/airflow/example_dags/subdags/subdag.py
[2024-02-20T18:08:10.189+0000] {processor.py:183} INFO - Processing /home/ubuntu/reddit_venv/lib/python3.10/site-packages/airflow/example_dags/subdags/subdag.py took 0.027 seconds
[2024-02-20T18:08:47.978+0000] {processor.py:161} INFO - Started process (PID=2641) to work on /home/ubuntu/reddit_venv/lib/python3.10/site-packages/airflow/example_dags/subdags/subdag.py
[2024-02-20T18:08:47.979+0000] {processor.py:830} INFO - Processing file /home/ubuntu/reddit_venv/lib/python3.10/site-packages/airflow/example_dags/subdags/subdag.py for tasks to queue
[2024-02-20T18:08:47.980+0000] {logging_mixin.py:188} INFO - [2024-02-20T18:08:47.980+0000] {dagbag.py:538} INFO - Filling up the DagBag from /home/ubuntu/reddit_venv/lib/python3.10/site-packages/airflow/example_dags/subdags/subdag.py
[2024-02-20T18:08:47.983+0000] {processor.py:842} WARNING - No viable dags retrieved from /home/ubuntu/reddit_venv/lib/python3.10/site-packages/airflow/example_dags/subdags/subdag.py
[2024-02-20T18:08:47.993+0000] {processor.py:183} INFO - Processing /home/ubuntu/reddit_venv/lib/python3.10/site-packages/airflow/example_dags/subdags/subdag.py took 0.018 seconds
[2024-02-20T18:09:38.022+0000] {processor.py:161} INFO - Started process (PID=3031) to work on /home/ubuntu/reddit_venv/lib/python3.10/site-packages/airflow/example_dags/subdags/subdag.py
[2024-02-20T18:09:38.023+0000] {processor.py:830} INFO - Processing file /home/ubuntu/reddit_venv/lib/python3.10/site-packages/airflow/example_dags/subdags/subdag.py for tasks to queue
[2024-02-20T18:09:38.024+0000] {logging_mixin.py:188} INFO - [2024-02-20T18:09:38.024+0000] {dagbag.py:538} INFO - Filling up the DagBag from /home/ubuntu/reddit_venv/lib/python3.10/site-packages/airflow/example_dags/subdags/subdag.py
[2024-02-20T18:09:38.027+0000] {processor.py:842} WARNING - No viable dags retrieved from /home/ubuntu/reddit_venv/lib/python3.10/site-packages/airflow/example_dags/subdags/subdag.py
[2024-02-20T18:09:38.046+0000] {processor.py:183} INFO - Processing /home/ubuntu/reddit_venv/lib/python3.10/site-packages/airflow/example_dags/subdags/subdag.py took 0.027 seconds
[2024-02-20T18:10:26.607+0000] {processor.py:161} INFO - Started process (PID=3146) to work on /home/ubuntu/reddit_venv/lib/python3.10/site-packages/airflow/example_dags/subdags/subdag.py
[2024-02-20T18:10:26.608+0000] {processor.py:830} INFO - Processing file /home/ubuntu/reddit_venv/lib/python3.10/site-packages/airflow/example_dags/subdags/subdag.py for tasks to queue
[2024-02-20T18:10:26.609+0000] {logging_mixin.py:188} INFO - [2024-02-20T18:10:26.609+0000] {dagbag.py:538} INFO - Filling up the DagBag from /home/ubuntu/reddit_venv/lib/python3.10/site-packages/airflow/example_dags/subdags/subdag.py
[2024-02-20T18:10:26.612+0000] {processor.py:842} WARNING - No viable dags retrieved from /home/ubuntu/reddit_venv/lib/python3.10/site-packages/airflow/example_dags/subdags/subdag.py
[2024-02-20T18:10:26.622+0000] {processor.py:183} INFO - Processing /home/ubuntu/reddit_venv/lib/python3.10/site-packages/airflow/example_dags/subdags/subdag.py took 0.018 seconds
[2024-02-20T18:11:02.635+0000] {processor.py:161} INFO - Started process (PID=3221) to work on /home/ubuntu/reddit_venv/lib/python3.10/site-packages/airflow/example_dags/subdags/subdag.py
[2024-02-20T18:11:02.637+0000] {processor.py:830} INFO - Processing file /home/ubuntu/reddit_venv/lib/python3.10/site-packages/airflow/example_dags/subdags/subdag.py for tasks to queue
[2024-02-20T18:11:02.638+0000] {logging_mixin.py:188} INFO - [2024-02-20T18:11:02.638+0000] {dagbag.py:538} INFO - Filling up the DagBag from /home/ubuntu/reddit_venv/lib/python3.10/site-packages/airflow/example_dags/subdags/subdag.py
[2024-02-20T18:11:02.640+0000] {processor.py:842} WARNING - No viable dags retrieved from /home/ubuntu/reddit_venv/lib/python3.10/site-packages/airflow/example_dags/subdags/subdag.py
[2024-02-20T18:11:02.651+0000] {processor.py:183} INFO - Processing /home/ubuntu/reddit_venv/lib/python3.10/site-packages/airflow/example_dags/subdags/subdag.py took 0.018 seconds
[2024-02-20T18:11:54.314+0000] {processor.py:161} INFO - Started process (PID=3719) to work on /home/ubuntu/reddit_venv/lib/python3.10/site-packages/airflow/example_dags/subdags/subdag.py
[2024-02-20T18:11:54.315+0000] {processor.py:830} INFO - Processing file /home/ubuntu/reddit_venv/lib/python3.10/site-packages/airflow/example_dags/subdags/subdag.py for tasks to queue
[2024-02-20T18:11:54.316+0000] {logging_mixin.py:188} INFO - [2024-02-20T18:11:54.316+0000] {dagbag.py:538} INFO - Filling up the DagBag from /home/ubuntu/reddit_venv/lib/python3.10/site-packages/airflow/example_dags/subdags/subdag.py
[2024-02-20T18:11:54.319+0000] {processor.py:842} WARNING - No viable dags retrieved from /home/ubuntu/reddit_venv/lib/python3.10/site-packages/airflow/example_dags/subdags/subdag.py
[2024-02-20T18:11:54.329+0000] {processor.py:183} INFO - Processing /home/ubuntu/reddit_venv/lib/python3.10/site-packages/airflow/example_dags/subdags/subdag.py took 0.018 seconds
[2024-02-20T18:12:38.888+0000] {processor.py:161} INFO - Started process (PID=3831) to work on /home/ubuntu/reddit_venv/lib/python3.10/site-packages/airflow/example_dags/subdags/subdag.py
[2024-02-20T18:12:38.889+0000] {processor.py:830} INFO - Processing file /home/ubuntu/reddit_venv/lib/python3.10/site-packages/airflow/example_dags/subdags/subdag.py for tasks to queue
[2024-02-20T18:12:38.890+0000] {logging_mixin.py:188} INFO - [2024-02-20T18:12:38.890+0000] {dagbag.py:538} INFO - Filling up the DagBag from /home/ubuntu/reddit_venv/lib/python3.10/site-packages/airflow/example_dags/subdags/subdag.py
[2024-02-20T18:12:38.893+0000] {processor.py:842} WARNING - No viable dags retrieved from /home/ubuntu/reddit_venv/lib/python3.10/site-packages/airflow/example_dags/subdags/subdag.py
[2024-02-20T18:12:38.903+0000] {processor.py:183} INFO - Processing /home/ubuntu/reddit_venv/lib/python3.10/site-packages/airflow/example_dags/subdags/subdag.py took 0.018 seconds
[2024-02-20T18:13:14.808+0000] {processor.py:161} INFO - Started process (PID=3874) to work on /home/ubuntu/reddit_venv/lib/python3.10/site-packages/airflow/example_dags/subdags/subdag.py
[2024-02-20T18:13:14.810+0000] {processor.py:830} INFO - Processing file /home/ubuntu/reddit_venv/lib/python3.10/site-packages/airflow/example_dags/subdags/subdag.py for tasks to queue
[2024-02-20T18:13:14.811+0000] {logging_mixin.py:188} INFO - [2024-02-20T18:13:14.810+0000] {dagbag.py:538} INFO - Filling up the DagBag from /home/ubuntu/reddit_venv/lib/python3.10/site-packages/airflow/example_dags/subdags/subdag.py
[2024-02-20T18:13:14.813+0000] {processor.py:842} WARNING - No viable dags retrieved from /home/ubuntu/reddit_venv/lib/python3.10/site-packages/airflow/example_dags/subdags/subdag.py
[2024-02-20T18:13:14.823+0000] {processor.py:183} INFO - Processing /home/ubuntu/reddit_venv/lib/python3.10/site-packages/airflow/example_dags/subdags/subdag.py took 0.018 seconds
[2024-02-20T18:13:52.012+0000] {processor.py:161} INFO - Started process (PID=3977) to work on /home/ubuntu/reddit_venv/lib/python3.10/site-packages/airflow/example_dags/subdags/subdag.py
[2024-02-20T18:13:52.014+0000] {processor.py:830} INFO - Processing file /home/ubuntu/reddit_venv/lib/python3.10/site-packages/airflow/example_dags/subdags/subdag.py for tasks to queue
[2024-02-20T18:13:52.015+0000] {logging_mixin.py:188} INFO - [2024-02-20T18:13:52.014+0000] {dagbag.py:538} INFO - Filling up the DagBag from /home/ubuntu/reddit_venv/lib/python3.10/site-packages/airflow/example_dags/subdags/subdag.py
[2024-02-20T18:13:52.017+0000] {processor.py:842} WARNING - No viable dags retrieved from /home/ubuntu/reddit_venv/lib/python3.10/site-packages/airflow/example_dags/subdags/subdag.py
[2024-02-20T18:13:52.027+0000] {processor.py:183} INFO - Processing /home/ubuntu/reddit_venv/lib/python3.10/site-packages/airflow/example_dags/subdags/subdag.py took 0.018 seconds
[2024-02-20T18:14:32.774+0000] {processor.py:161} INFO - Started process (PID=4083) to work on /home/ubuntu/reddit_venv/lib/python3.10/site-packages/airflow/example_dags/subdags/subdag.py
[2024-02-20T18:14:32.775+0000] {processor.py:830} INFO - Processing file /home/ubuntu/reddit_venv/lib/python3.10/site-packages/airflow/example_dags/subdags/subdag.py for tasks to queue
[2024-02-20T18:14:32.776+0000] {logging_mixin.py:188} INFO - [2024-02-20T18:14:32.776+0000] {dagbag.py:538} INFO - Filling up the DagBag from /home/ubuntu/reddit_venv/lib/python3.10/site-packages/airflow/example_dags/subdags/subdag.py
[2024-02-20T18:14:32.778+0000] {processor.py:842} WARNING - No viable dags retrieved from /home/ubuntu/reddit_venv/lib/python3.10/site-packages/airflow/example_dags/subdags/subdag.py
[2024-02-20T18:14:32.789+0000] {processor.py:183} INFO - Processing /home/ubuntu/reddit_venv/lib/python3.10/site-packages/airflow/example_dags/subdags/subdag.py took 0.018 seconds
[2024-02-20T18:15:09.499+0000] {processor.py:161} INFO - Started process (PID=4125) to work on /home/ubuntu/reddit_venv/lib/python3.10/site-packages/airflow/example_dags/subdags/subdag.py
[2024-02-20T18:15:09.501+0000] {processor.py:830} INFO - Processing file /home/ubuntu/reddit_venv/lib/python3.10/site-packages/airflow/example_dags/subdags/subdag.py for tasks to queue
[2024-02-20T18:15:09.502+0000] {logging_mixin.py:188} INFO - [2024-02-20T18:15:09.502+0000] {dagbag.py:538} INFO - Filling up the DagBag from /home/ubuntu/reddit_venv/lib/python3.10/site-packages/airflow/example_dags/subdags/subdag.py
[2024-02-20T18:15:09.505+0000] {processor.py:842} WARNING - No viable dags retrieved from /home/ubuntu/reddit_venv/lib/python3.10/site-packages/airflow/example_dags/subdags/subdag.py
[2024-02-20T18:15:09.515+0000] {processor.py:183} INFO - Processing /home/ubuntu/reddit_venv/lib/python3.10/site-packages/airflow/example_dags/subdags/subdag.py took 0.019 seconds
[2024-02-20T18:15:48.859+0000] {processor.py:161} INFO - Started process (PID=4232) to work on /home/ubuntu/reddit_venv/lib/python3.10/site-packages/airflow/example_dags/subdags/subdag.py
[2024-02-20T18:15:48.861+0000] {processor.py:830} INFO - Processing file /home/ubuntu/reddit_venv/lib/python3.10/site-packages/airflow/example_dags/subdags/subdag.py for tasks to queue
[2024-02-20T18:15:48.862+0000] {logging_mixin.py:188} INFO - [2024-02-20T18:15:48.861+0000] {dagbag.py:538} INFO - Filling up the DagBag from /home/ubuntu/reddit_venv/lib/python3.10/site-packages/airflow/example_dags/subdags/subdag.py
[2024-02-20T18:15:48.864+0000] {processor.py:842} WARNING - No viable dags retrieved from /home/ubuntu/reddit_venv/lib/python3.10/site-packages/airflow/example_dags/subdags/subdag.py
[2024-02-20T18:15:48.874+0000] {processor.py:183} INFO - Processing /home/ubuntu/reddit_venv/lib/python3.10/site-packages/airflow/example_dags/subdags/subdag.py took 0.019 seconds
[2024-02-20T18:16:27.363+0000] {processor.py:161} INFO - Started process (PID=4303) to work on /home/ubuntu/reddit_venv/lib/python3.10/site-packages/airflow/example_dags/subdags/subdag.py
[2024-02-20T18:16:27.365+0000] {processor.py:830} INFO - Processing file /home/ubuntu/reddit_venv/lib/python3.10/site-packages/airflow/example_dags/subdags/subdag.py for tasks to queue
[2024-02-20T18:16:27.366+0000] {logging_mixin.py:188} INFO - [2024-02-20T18:16:27.365+0000] {dagbag.py:538} INFO - Filling up the DagBag from /home/ubuntu/reddit_venv/lib/python3.10/site-packages/airflow/example_dags/subdags/subdag.py
[2024-02-20T18:16:27.368+0000] {processor.py:842} WARNING - No viable dags retrieved from /home/ubuntu/reddit_venv/lib/python3.10/site-packages/airflow/example_dags/subdags/subdag.py
[2024-02-20T18:16:27.378+0000] {processor.py:183} INFO - Processing /home/ubuntu/reddit_venv/lib/python3.10/site-packages/airflow/example_dags/subdags/subdag.py took 0.018 seconds
[2024-02-20T18:17:05.078+0000] {processor.py:161} INFO - Started process (PID=4445) to work on /home/ubuntu/reddit_venv/lib/python3.10/site-packages/airflow/example_dags/subdags/subdag.py
[2024-02-20T18:17:05.079+0000] {processor.py:830} INFO - Processing file /home/ubuntu/reddit_venv/lib/python3.10/site-packages/airflow/example_dags/subdags/subdag.py for tasks to queue
[2024-02-20T18:17:05.080+0000] {logging_mixin.py:188} INFO - [2024-02-20T18:17:05.080+0000] {dagbag.py:538} INFO - Filling up the DagBag from /home/ubuntu/reddit_venv/lib/python3.10/site-packages/airflow/example_dags/subdags/subdag.py
[2024-02-20T18:17:05.082+0000] {processor.py:842} WARNING - No viable dags retrieved from /home/ubuntu/reddit_venv/lib/python3.10/site-packages/airflow/example_dags/subdags/subdag.py
[2024-02-20T18:17:05.093+0000] {processor.py:183} INFO - Processing /home/ubuntu/reddit_venv/lib/python3.10/site-packages/airflow/example_dags/subdags/subdag.py took 0.018 seconds
[2024-02-20T18:17:46.876+0000] {processor.py:161} INFO - Started process (PID=4553) to work on /home/ubuntu/reddit_venv/lib/python3.10/site-packages/airflow/example_dags/subdags/subdag.py
[2024-02-20T18:17:46.877+0000] {processor.py:830} INFO - Processing file /home/ubuntu/reddit_venv/lib/python3.10/site-packages/airflow/example_dags/subdags/subdag.py for tasks to queue
[2024-02-20T18:17:46.878+0000] {logging_mixin.py:188} INFO - [2024-02-20T18:17:46.878+0000] {dagbag.py:538} INFO - Filling up the DagBag from /home/ubuntu/reddit_venv/lib/python3.10/site-packages/airflow/example_dags/subdags/subdag.py
[2024-02-20T18:17:46.881+0000] {processor.py:842} WARNING - No viable dags retrieved from /home/ubuntu/reddit_venv/lib/python3.10/site-packages/airflow/example_dags/subdags/subdag.py
[2024-02-20T18:17:46.891+0000] {processor.py:183} INFO - Processing /home/ubuntu/reddit_venv/lib/python3.10/site-packages/airflow/example_dags/subdags/subdag.py took 0.018 seconds
[2024-02-20T18:18:24.869+0000] {processor.py:161} INFO - Started process (PID=4598) to work on /home/ubuntu/reddit_venv/lib/python3.10/site-packages/airflow/example_dags/subdags/subdag.py
[2024-02-20T18:18:24.870+0000] {processor.py:830} INFO - Processing file /home/ubuntu/reddit_venv/lib/python3.10/site-packages/airflow/example_dags/subdags/subdag.py for tasks to queue
[2024-02-20T18:18:24.871+0000] {logging_mixin.py:188} INFO - [2024-02-20T18:18:24.871+0000] {dagbag.py:538} INFO - Filling up the DagBag from /home/ubuntu/reddit_venv/lib/python3.10/site-packages/airflow/example_dags/subdags/subdag.py
[2024-02-20T18:18:24.874+0000] {processor.py:842} WARNING - No viable dags retrieved from /home/ubuntu/reddit_venv/lib/python3.10/site-packages/airflow/example_dags/subdags/subdag.py
[2024-02-20T18:18:24.884+0000] {processor.py:183} INFO - Processing /home/ubuntu/reddit_venv/lib/python3.10/site-packages/airflow/example_dags/subdags/subdag.py took 0.018 seconds
[2024-02-20T18:19:04.874+0000] {processor.py:161} INFO - Started process (PID=4703) to work on /home/ubuntu/reddit_venv/lib/python3.10/site-packages/airflow/example_dags/subdags/subdag.py
[2024-02-20T18:19:04.876+0000] {processor.py:830} INFO - Processing file /home/ubuntu/reddit_venv/lib/python3.10/site-packages/airflow/example_dags/subdags/subdag.py for tasks to queue
[2024-02-20T18:19:04.877+0000] {logging_mixin.py:188} INFO - [2024-02-20T18:19:04.876+0000] {dagbag.py:538} INFO - Filling up the DagBag from /home/ubuntu/reddit_venv/lib/python3.10/site-packages/airflow/example_dags/subdags/subdag.py
[2024-02-20T18:19:04.879+0000] {processor.py:842} WARNING - No viable dags retrieved from /home/ubuntu/reddit_venv/lib/python3.10/site-packages/airflow/example_dags/subdags/subdag.py
[2024-02-20T18:19:04.889+0000] {processor.py:183} INFO - Processing /home/ubuntu/reddit_venv/lib/python3.10/site-packages/airflow/example_dags/subdags/subdag.py took 0.018 seconds
[2024-02-20T18:19:44.211+0000] {processor.py:161} INFO - Started process (PID=4874) to work on /home/ubuntu/reddit_venv/lib/python3.10/site-packages/airflow/example_dags/subdags/subdag.py
[2024-02-20T18:19:44.213+0000] {processor.py:830} INFO - Processing file /home/ubuntu/reddit_venv/lib/python3.10/site-packages/airflow/example_dags/subdags/subdag.py for tasks to queue
[2024-02-20T18:19:44.214+0000] {logging_mixin.py:188} INFO - [2024-02-20T18:19:44.214+0000] {dagbag.py:538} INFO - Filling up the DagBag from /home/ubuntu/reddit_venv/lib/python3.10/site-packages/airflow/example_dags/subdags/subdag.py
[2024-02-20T18:19:44.216+0000] {processor.py:842} WARNING - No viable dags retrieved from /home/ubuntu/reddit_venv/lib/python3.10/site-packages/airflow/example_dags/subdags/subdag.py
[2024-02-20T18:19:44.226+0000] {processor.py:183} INFO - Processing /home/ubuntu/reddit_venv/lib/python3.10/site-packages/airflow/example_dags/subdags/subdag.py took 0.018 seconds
[2024-02-20T18:20:20.999+0000] {processor.py:161} INFO - Started process (PID=4914) to work on /home/ubuntu/reddit_venv/lib/python3.10/site-packages/airflow/example_dags/subdags/subdag.py
[2024-02-20T18:20:21.000+0000] {processor.py:830} INFO - Processing file /home/ubuntu/reddit_venv/lib/python3.10/site-packages/airflow/example_dags/subdags/subdag.py for tasks to queue
[2024-02-20T18:20:21.001+0000] {logging_mixin.py:188} INFO - [2024-02-20T18:20:21.001+0000] {dagbag.py:538} INFO - Filling up the DagBag from /home/ubuntu/reddit_venv/lib/python3.10/site-packages/airflow/example_dags/subdags/subdag.py
[2024-02-20T18:20:21.004+0000] {processor.py:842} WARNING - No viable dags retrieved from /home/ubuntu/reddit_venv/lib/python3.10/site-packages/airflow/example_dags/subdags/subdag.py
[2024-02-20T18:20:21.014+0000] {processor.py:183} INFO - Processing /home/ubuntu/reddit_venv/lib/python3.10/site-packages/airflow/example_dags/subdags/subdag.py took 0.019 seconds
[2024-02-20T18:20:58.972+0000] {processor.py:161} INFO - Started process (PID=5018) to work on /home/ubuntu/reddit_venv/lib/python3.10/site-packages/airflow/example_dags/subdags/subdag.py
[2024-02-20T18:20:58.974+0000] {processor.py:830} INFO - Processing file /home/ubuntu/reddit_venv/lib/python3.10/site-packages/airflow/example_dags/subdags/subdag.py for tasks to queue
[2024-02-20T18:20:58.975+0000] {logging_mixin.py:188} INFO - [2024-02-20T18:20:58.974+0000] {dagbag.py:538} INFO - Filling up the DagBag from /home/ubuntu/reddit_venv/lib/python3.10/site-packages/airflow/example_dags/subdags/subdag.py
[2024-02-20T18:20:58.977+0000] {processor.py:842} WARNING - No viable dags retrieved from /home/ubuntu/reddit_venv/lib/python3.10/site-packages/airflow/example_dags/subdags/subdag.py
[2024-02-20T18:20:58.987+0000] {processor.py:183} INFO - Processing /home/ubuntu/reddit_venv/lib/python3.10/site-packages/airflow/example_dags/subdags/subdag.py took 0.018 seconds
[2024-02-20T18:21:36.867+0000] {processor.py:161} INFO - Started process (PID=5183) to work on /home/ubuntu/reddit_venv/lib/python3.10/site-packages/airflow/example_dags/subdags/subdag.py
[2024-02-20T18:21:36.869+0000] {processor.py:830} INFO - Processing file /home/ubuntu/reddit_venv/lib/python3.10/site-packages/airflow/example_dags/subdags/subdag.py for tasks to queue
[2024-02-20T18:21:36.870+0000] {logging_mixin.py:188} INFO - [2024-02-20T18:21:36.870+0000] {dagbag.py:538} INFO - Filling up the DagBag from /home/ubuntu/reddit_venv/lib/python3.10/site-packages/airflow/example_dags/subdags/subdag.py
[2024-02-20T18:21:36.872+0000] {processor.py:842} WARNING - No viable dags retrieved from /home/ubuntu/reddit_venv/lib/python3.10/site-packages/airflow/example_dags/subdags/subdag.py
[2024-02-20T18:21:36.882+0000] {processor.py:183} INFO - Processing /home/ubuntu/reddit_venv/lib/python3.10/site-packages/airflow/example_dags/subdags/subdag.py took 0.018 seconds
[2024-02-20T18:51:00.815+0000] {processor.py:161} INFO - Started process (PID=1451) to work on /home/ubuntu/reddit_venv/lib/python3.10/site-packages/airflow/example_dags/subdags/subdag.py
[2024-02-20T18:51:00.817+0000] {processor.py:830} INFO - Processing file /home/ubuntu/reddit_venv/lib/python3.10/site-packages/airflow/example_dags/subdags/subdag.py for tasks to queue
[2024-02-20T18:51:00.818+0000] {logging_mixin.py:188} INFO - [2024-02-20T18:51:00.817+0000] {dagbag.py:538} INFO - Filling up the DagBag from /home/ubuntu/reddit_venv/lib/python3.10/site-packages/airflow/example_dags/subdags/subdag.py
[2024-02-20T18:51:00.820+0000] {processor.py:842} WARNING - No viable dags retrieved from /home/ubuntu/reddit_venv/lib/python3.10/site-packages/airflow/example_dags/subdags/subdag.py
[2024-02-20T18:51:00.831+0000] {processor.py:183} INFO - Processing /home/ubuntu/reddit_venv/lib/python3.10/site-packages/airflow/example_dags/subdags/subdag.py took 0.019 seconds
[2024-02-20T18:51:52.470+0000] {processor.py:161} INFO - Started process (PID=1874) to work on /home/ubuntu/reddit_venv/lib/python3.10/site-packages/airflow/example_dags/subdags/subdag.py
[2024-02-20T18:51:52.471+0000] {processor.py:830} INFO - Processing file /home/ubuntu/reddit_venv/lib/python3.10/site-packages/airflow/example_dags/subdags/subdag.py for tasks to queue
[2024-02-20T18:51:52.472+0000] {logging_mixin.py:188} INFO - [2024-02-20T18:51:52.472+0000] {dagbag.py:538} INFO - Filling up the DagBag from /home/ubuntu/reddit_venv/lib/python3.10/site-packages/airflow/example_dags/subdags/subdag.py
[2024-02-20T18:51:52.474+0000] {processor.py:842} WARNING - No viable dags retrieved from /home/ubuntu/reddit_venv/lib/python3.10/site-packages/airflow/example_dags/subdags/subdag.py
[2024-02-20T18:51:52.484+0000] {processor.py:183} INFO - Processing /home/ubuntu/reddit_venv/lib/python3.10/site-packages/airflow/example_dags/subdags/subdag.py took 0.018 seconds
[2024-02-20T18:52:35.977+0000] {processor.py:161} INFO - Started process (PID=1983) to work on /home/ubuntu/reddit_venv/lib/python3.10/site-packages/airflow/example_dags/subdags/subdag.py
[2024-02-20T18:52:35.978+0000] {processor.py:830} INFO - Processing file /home/ubuntu/reddit_venv/lib/python3.10/site-packages/airflow/example_dags/subdags/subdag.py for tasks to queue
[2024-02-20T18:52:35.979+0000] {logging_mixin.py:188} INFO - [2024-02-20T18:52:35.979+0000] {dagbag.py:538} INFO - Filling up the DagBag from /home/ubuntu/reddit_venv/lib/python3.10/site-packages/airflow/example_dags/subdags/subdag.py
[2024-02-20T18:52:35.981+0000] {processor.py:842} WARNING - No viable dags retrieved from /home/ubuntu/reddit_venv/lib/python3.10/site-packages/airflow/example_dags/subdags/subdag.py
[2024-02-20T18:52:35.991+0000] {processor.py:183} INFO - Processing /home/ubuntu/reddit_venv/lib/python3.10/site-packages/airflow/example_dags/subdags/subdag.py took 0.018 seconds
[2024-02-20T18:53:34.260+0000] {processor.py:161} INFO - Started process (PID=2359) to work on /home/ubuntu/reddit_venv/lib/python3.10/site-packages/airflow/example_dags/subdags/subdag.py
[2024-02-20T18:53:34.262+0000] {processor.py:830} INFO - Processing file /home/ubuntu/reddit_venv/lib/python3.10/site-packages/airflow/example_dags/subdags/subdag.py for tasks to queue
[2024-02-20T18:53:34.262+0000] {logging_mixin.py:188} INFO - [2024-02-20T18:53:34.262+0000] {dagbag.py:538} INFO - Filling up the DagBag from /home/ubuntu/reddit_venv/lib/python3.10/site-packages/airflow/example_dags/subdags/subdag.py
[2024-02-20T18:53:34.265+0000] {processor.py:842} WARNING - No viable dags retrieved from /home/ubuntu/reddit_venv/lib/python3.10/site-packages/airflow/example_dags/subdags/subdag.py
[2024-02-20T18:53:34.275+0000] {processor.py:183} INFO - Processing /home/ubuntu/reddit_venv/lib/python3.10/site-packages/airflow/example_dags/subdags/subdag.py took 0.018 seconds
[2024-02-20T18:54:12.778+0000] {processor.py:161} INFO - Started process (PID=2463) to work on /home/ubuntu/reddit_venv/lib/python3.10/site-packages/airflow/example_dags/subdags/subdag.py
[2024-02-20T18:54:12.779+0000] {processor.py:830} INFO - Processing file /home/ubuntu/reddit_venv/lib/python3.10/site-packages/airflow/example_dags/subdags/subdag.py for tasks to queue
[2024-02-20T18:54:12.780+0000] {logging_mixin.py:188} INFO - [2024-02-20T18:54:12.780+0000] {dagbag.py:538} INFO - Filling up the DagBag from /home/ubuntu/reddit_venv/lib/python3.10/site-packages/airflow/example_dags/subdags/subdag.py
[2024-02-20T18:54:12.782+0000] {processor.py:842} WARNING - No viable dags retrieved from /home/ubuntu/reddit_venv/lib/python3.10/site-packages/airflow/example_dags/subdags/subdag.py
[2024-02-20T18:54:12.792+0000] {processor.py:183} INFO - Processing /home/ubuntu/reddit_venv/lib/python3.10/site-packages/airflow/example_dags/subdags/subdag.py took 0.018 seconds
[2024-02-20T18:54:54.113+0000] {processor.py:161} INFO - Started process (PID=2514) to work on /home/ubuntu/reddit_venv/lib/python3.10/site-packages/airflow/example_dags/subdags/subdag.py
[2024-02-20T18:54:54.115+0000] {processor.py:830} INFO - Processing file /home/ubuntu/reddit_venv/lib/python3.10/site-packages/airflow/example_dags/subdags/subdag.py for tasks to queue
[2024-02-20T18:54:54.115+0000] {logging_mixin.py:188} INFO - [2024-02-20T18:54:54.115+0000] {dagbag.py:538} INFO - Filling up the DagBag from /home/ubuntu/reddit_venv/lib/python3.10/site-packages/airflow/example_dags/subdags/subdag.py
[2024-02-20T18:54:54.118+0000] {processor.py:842} WARNING - No viable dags retrieved from /home/ubuntu/reddit_venv/lib/python3.10/site-packages/airflow/example_dags/subdags/subdag.py
[2024-02-20T18:54:54.128+0000] {processor.py:183} INFO - Processing /home/ubuntu/reddit_venv/lib/python3.10/site-packages/airflow/example_dags/subdags/subdag.py took 0.018 seconds
[2024-02-20T18:55:32.631+0000] {processor.py:161} INFO - Started process (PID=2621) to work on /home/ubuntu/reddit_venv/lib/python3.10/site-packages/airflow/example_dags/subdags/subdag.py
[2024-02-20T18:55:32.633+0000] {processor.py:830} INFO - Processing file /home/ubuntu/reddit_venv/lib/python3.10/site-packages/airflow/example_dags/subdags/subdag.py for tasks to queue
[2024-02-20T18:55:32.634+0000] {logging_mixin.py:188} INFO - [2024-02-20T18:55:32.633+0000] {dagbag.py:538} INFO - Filling up the DagBag from /home/ubuntu/reddit_venv/lib/python3.10/site-packages/airflow/example_dags/subdags/subdag.py
[2024-02-20T18:55:32.636+0000] {processor.py:842} WARNING - No viable dags retrieved from /home/ubuntu/reddit_venv/lib/python3.10/site-packages/airflow/example_dags/subdags/subdag.py
[2024-02-20T18:55:32.646+0000] {processor.py:183} INFO - Processing /home/ubuntu/reddit_venv/lib/python3.10/site-packages/airflow/example_dags/subdags/subdag.py took 0.018 seconds
[2024-02-20T18:56:10.881+0000] {processor.py:161} INFO - Started process (PID=2786) to work on /home/ubuntu/reddit_venv/lib/python3.10/site-packages/airflow/example_dags/subdags/subdag.py
[2024-02-20T18:56:10.883+0000] {processor.py:830} INFO - Processing file /home/ubuntu/reddit_venv/lib/python3.10/site-packages/airflow/example_dags/subdags/subdag.py for tasks to queue
[2024-02-20T18:56:10.884+0000] {logging_mixin.py:188} INFO - [2024-02-20T18:56:10.884+0000] {dagbag.py:538} INFO - Filling up the DagBag from /home/ubuntu/reddit_venv/lib/python3.10/site-packages/airflow/example_dags/subdags/subdag.py
[2024-02-20T18:56:10.887+0000] {processor.py:842} WARNING - No viable dags retrieved from /home/ubuntu/reddit_venv/lib/python3.10/site-packages/airflow/example_dags/subdags/subdag.py
[2024-02-20T18:56:10.897+0000] {processor.py:183} INFO - Processing /home/ubuntu/reddit_venv/lib/python3.10/site-packages/airflow/example_dags/subdags/subdag.py took 0.019 seconds
[2024-02-20T18:56:51.253+0000] {processor.py:161} INFO - Started process (PID=2830) to work on /home/ubuntu/reddit_venv/lib/python3.10/site-packages/airflow/example_dags/subdags/subdag.py
[2024-02-20T18:56:51.254+0000] {processor.py:830} INFO - Processing file /home/ubuntu/reddit_venv/lib/python3.10/site-packages/airflow/example_dags/subdags/subdag.py for tasks to queue
[2024-02-20T18:56:51.255+0000] {logging_mixin.py:188} INFO - [2024-02-20T18:56:51.255+0000] {dagbag.py:538} INFO - Filling up the DagBag from /home/ubuntu/reddit_venv/lib/python3.10/site-packages/airflow/example_dags/subdags/subdag.py
[2024-02-20T18:56:51.257+0000] {processor.py:842} WARNING - No viable dags retrieved from /home/ubuntu/reddit_venv/lib/python3.10/site-packages/airflow/example_dags/subdags/subdag.py
[2024-02-20T18:56:51.267+0000] {processor.py:183} INFO - Processing /home/ubuntu/reddit_venv/lib/python3.10/site-packages/airflow/example_dags/subdags/subdag.py took 0.018 seconds
[2024-02-20T18:57:44.060+0000] {processor.py:161} INFO - Started process (PID=3325) to work on /home/ubuntu/reddit_venv/lib/python3.10/site-packages/airflow/example_dags/subdags/subdag.py
[2024-02-20T18:57:44.062+0000] {processor.py:830} INFO - Processing file /home/ubuntu/reddit_venv/lib/python3.10/site-packages/airflow/example_dags/subdags/subdag.py for tasks to queue
[2024-02-20T18:57:44.063+0000] {logging_mixin.py:188} INFO - [2024-02-20T18:57:44.062+0000] {dagbag.py:538} INFO - Filling up the DagBag from /home/ubuntu/reddit_venv/lib/python3.10/site-packages/airflow/example_dags/subdags/subdag.py
[2024-02-20T18:57:44.065+0000] {processor.py:842} WARNING - No viable dags retrieved from /home/ubuntu/reddit_venv/lib/python3.10/site-packages/airflow/example_dags/subdags/subdag.py
[2024-02-20T18:57:44.075+0000] {processor.py:183} INFO - Processing /home/ubuntu/reddit_venv/lib/python3.10/site-packages/airflow/example_dags/subdags/subdag.py took 0.018 seconds
[2024-02-20T18:58:32.375+0000] {processor.py:161} INFO - Started process (PID=3439) to work on /home/ubuntu/reddit_venv/lib/python3.10/site-packages/airflow/example_dags/subdags/subdag.py
[2024-02-20T18:58:32.377+0000] {processor.py:830} INFO - Processing file /home/ubuntu/reddit_venv/lib/python3.10/site-packages/airflow/example_dags/subdags/subdag.py for tasks to queue
[2024-02-20T18:58:32.378+0000] {logging_mixin.py:188} INFO - [2024-02-20T18:58:32.377+0000] {dagbag.py:538} INFO - Filling up the DagBag from /home/ubuntu/reddit_venv/lib/python3.10/site-packages/airflow/example_dags/subdags/subdag.py
[2024-02-20T18:58:32.380+0000] {processor.py:842} WARNING - No viable dags retrieved from /home/ubuntu/reddit_venv/lib/python3.10/site-packages/airflow/example_dags/subdags/subdag.py
[2024-02-20T18:58:32.390+0000] {processor.py:183} INFO - Processing /home/ubuntu/reddit_venv/lib/python3.10/site-packages/airflow/example_dags/subdags/subdag.py took 0.018 seconds
[2024-02-20T18:59:11.899+0000] {processor.py:161} INFO - Started process (PID=3547) to work on /home/ubuntu/reddit_venv/lib/python3.10/site-packages/airflow/example_dags/subdags/subdag.py
[2024-02-20T18:59:11.901+0000] {processor.py:830} INFO - Processing file /home/ubuntu/reddit_venv/lib/python3.10/site-packages/airflow/example_dags/subdags/subdag.py for tasks to queue
[2024-02-20T18:59:11.902+0000] {logging_mixin.py:188} INFO - [2024-02-20T18:59:11.901+0000] {dagbag.py:538} INFO - Filling up the DagBag from /home/ubuntu/reddit_venv/lib/python3.10/site-packages/airflow/example_dags/subdags/subdag.py
[2024-02-20T18:59:11.904+0000] {processor.py:842} WARNING - No viable dags retrieved from /home/ubuntu/reddit_venv/lib/python3.10/site-packages/airflow/example_dags/subdags/subdag.py
[2024-02-20T18:59:11.914+0000] {processor.py:183} INFO - Processing /home/ubuntu/reddit_venv/lib/python3.10/site-packages/airflow/example_dags/subdags/subdag.py took 0.018 seconds
[2024-02-20T18:59:47.542+0000] {processor.py:161} INFO - Started process (PID=3588) to work on /home/ubuntu/reddit_venv/lib/python3.10/site-packages/airflow/example_dags/subdags/subdag.py
[2024-02-20T18:59:47.544+0000] {processor.py:830} INFO - Processing file /home/ubuntu/reddit_venv/lib/python3.10/site-packages/airflow/example_dags/subdags/subdag.py for tasks to queue
[2024-02-20T18:59:47.545+0000] {logging_mixin.py:188} INFO - [2024-02-20T18:59:47.545+0000] {dagbag.py:538} INFO - Filling up the DagBag from /home/ubuntu/reddit_venv/lib/python3.10/site-packages/airflow/example_dags/subdags/subdag.py
[2024-02-20T18:59:47.547+0000] {processor.py:842} WARNING - No viable dags retrieved from /home/ubuntu/reddit_venv/lib/python3.10/site-packages/airflow/example_dags/subdags/subdag.py
[2024-02-20T18:59:47.557+0000] {processor.py:183} INFO - Processing /home/ubuntu/reddit_venv/lib/python3.10/site-packages/airflow/example_dags/subdags/subdag.py took 0.018 seconds
[2024-02-20T19:00:31.081+0000] {processor.py:161} INFO - Started process (PID=4067) to work on /home/ubuntu/reddit_venv/lib/python3.10/site-packages/airflow/example_dags/subdags/subdag.py
[2024-02-20T19:00:31.084+0000] {processor.py:830} INFO - Processing file /home/ubuntu/reddit_venv/lib/python3.10/site-packages/airflow/example_dags/subdags/subdag.py for tasks to queue
[2024-02-20T19:00:31.085+0000] {logging_mixin.py:188} INFO - [2024-02-20T19:00:31.084+0000] {dagbag.py:538} INFO - Filling up the DagBag from /home/ubuntu/reddit_venv/lib/python3.10/site-packages/airflow/example_dags/subdags/subdag.py
[2024-02-20T19:00:31.087+0000] {processor.py:842} WARNING - No viable dags retrieved from /home/ubuntu/reddit_venv/lib/python3.10/site-packages/airflow/example_dags/subdags/subdag.py
[2024-02-20T19:00:31.097+0000] {processor.py:183} INFO - Processing /home/ubuntu/reddit_venv/lib/python3.10/site-packages/airflow/example_dags/subdags/subdag.py took 0.019 seconds
[2024-02-20T19:01:16.369+0000] {processor.py:161} INFO - Started process (PID=4300) to work on /home/ubuntu/reddit_venv/lib/python3.10/site-packages/airflow/example_dags/subdags/subdag.py
[2024-02-20T19:01:16.371+0000] {processor.py:830} INFO - Processing file /home/ubuntu/reddit_venv/lib/python3.10/site-packages/airflow/example_dags/subdags/subdag.py for tasks to queue
[2024-02-20T19:01:16.372+0000] {logging_mixin.py:188} INFO - [2024-02-20T19:01:16.371+0000] {dagbag.py:538} INFO - Filling up the DagBag from /home/ubuntu/reddit_venv/lib/python3.10/site-packages/airflow/example_dags/subdags/subdag.py
[2024-02-20T19:01:16.374+0000] {processor.py:842} WARNING - No viable dags retrieved from /home/ubuntu/reddit_venv/lib/python3.10/site-packages/airflow/example_dags/subdags/subdag.py
[2024-02-20T19:01:16.384+0000] {processor.py:183} INFO - Processing /home/ubuntu/reddit_venv/lib/python3.10/site-packages/airflow/example_dags/subdags/subdag.py took 0.018 seconds
[2024-02-20T19:01:53.678+0000] {processor.py:161} INFO - Started process (PID=4344) to work on /home/ubuntu/reddit_venv/lib/python3.10/site-packages/airflow/example_dags/subdags/subdag.py
[2024-02-20T19:01:53.679+0000] {processor.py:830} INFO - Processing file /home/ubuntu/reddit_venv/lib/python3.10/site-packages/airflow/example_dags/subdags/subdag.py for tasks to queue
[2024-02-20T19:01:53.680+0000] {logging_mixin.py:188} INFO - [2024-02-20T19:01:53.680+0000] {dagbag.py:538} INFO - Filling up the DagBag from /home/ubuntu/reddit_venv/lib/python3.10/site-packages/airflow/example_dags/subdags/subdag.py
[2024-02-20T19:01:53.683+0000] {processor.py:842} WARNING - No viable dags retrieved from /home/ubuntu/reddit_venv/lib/python3.10/site-packages/airflow/example_dags/subdags/subdag.py
[2024-02-20T19:01:53.692+0000] {processor.py:183} INFO - Processing /home/ubuntu/reddit_venv/lib/python3.10/site-packages/airflow/example_dags/subdags/subdag.py took 0.017 seconds
[2024-02-20T19:02:33.098+0000] {processor.py:161} INFO - Started process (PID=4449) to work on /home/ubuntu/reddit_venv/lib/python3.10/site-packages/airflow/example_dags/subdags/subdag.py
[2024-02-20T19:02:33.100+0000] {processor.py:830} INFO - Processing file /home/ubuntu/reddit_venv/lib/python3.10/site-packages/airflow/example_dags/subdags/subdag.py for tasks to queue
[2024-02-20T19:02:33.101+0000] {logging_mixin.py:188} INFO - [2024-02-20T19:02:33.100+0000] {dagbag.py:538} INFO - Filling up the DagBag from /home/ubuntu/reddit_venv/lib/python3.10/site-packages/airflow/example_dags/subdags/subdag.py
[2024-02-20T19:02:33.103+0000] {processor.py:842} WARNING - No viable dags retrieved from /home/ubuntu/reddit_venv/lib/python3.10/site-packages/airflow/example_dags/subdags/subdag.py
[2024-02-20T19:02:33.113+0000] {processor.py:183} INFO - Processing /home/ubuntu/reddit_venv/lib/python3.10/site-packages/airflow/example_dags/subdags/subdag.py took 0.018 seconds
[2024-02-20T19:03:12.649+0000] {processor.py:161} INFO - Started process (PID=4557) to work on /home/ubuntu/reddit_venv/lib/python3.10/site-packages/airflow/example_dags/subdags/subdag.py
[2024-02-20T19:03:12.650+0000] {processor.py:830} INFO - Processing file /home/ubuntu/reddit_venv/lib/python3.10/site-packages/airflow/example_dags/subdags/subdag.py for tasks to queue
[2024-02-20T19:03:12.651+0000] {logging_mixin.py:188} INFO - [2024-02-20T19:03:12.650+0000] {dagbag.py:538} INFO - Filling up the DagBag from /home/ubuntu/reddit_venv/lib/python3.10/site-packages/airflow/example_dags/subdags/subdag.py
[2024-02-20T19:03:12.653+0000] {processor.py:842} WARNING - No viable dags retrieved from /home/ubuntu/reddit_venv/lib/python3.10/site-packages/airflow/example_dags/subdags/subdag.py
[2024-02-20T19:03:12.663+0000] {processor.py:183} INFO - Processing /home/ubuntu/reddit_venv/lib/python3.10/site-packages/airflow/example_dags/subdags/subdag.py took 0.018 seconds
[2024-02-20T19:03:48.580+0000] {processor.py:161} INFO - Started process (PID=4598) to work on /home/ubuntu/reddit_venv/lib/python3.10/site-packages/airflow/example_dags/subdags/subdag.py
[2024-02-20T19:03:48.581+0000] {processor.py:830} INFO - Processing file /home/ubuntu/reddit_venv/lib/python3.10/site-packages/airflow/example_dags/subdags/subdag.py for tasks to queue
[2024-02-20T19:03:48.582+0000] {logging_mixin.py:188} INFO - [2024-02-20T19:03:48.582+0000] {dagbag.py:538} INFO - Filling up the DagBag from /home/ubuntu/reddit_venv/lib/python3.10/site-packages/airflow/example_dags/subdags/subdag.py
[2024-02-20T19:03:48.584+0000] {processor.py:842} WARNING - No viable dags retrieved from /home/ubuntu/reddit_venv/lib/python3.10/site-packages/airflow/example_dags/subdags/subdag.py
[2024-02-20T19:03:48.594+0000] {processor.py:183} INFO - Processing /home/ubuntu/reddit_venv/lib/python3.10/site-packages/airflow/example_dags/subdags/subdag.py took 0.018 seconds
[2024-02-20T19:04:27.600+0000] {processor.py:161} INFO - Started process (PID=4702) to work on /home/ubuntu/reddit_venv/lib/python3.10/site-packages/airflow/example_dags/subdags/subdag.py
[2024-02-20T19:04:27.602+0000] {processor.py:830} INFO - Processing file /home/ubuntu/reddit_venv/lib/python3.10/site-packages/airflow/example_dags/subdags/subdag.py for tasks to queue
[2024-02-20T19:04:27.602+0000] {logging_mixin.py:188} INFO - [2024-02-20T19:04:27.602+0000] {dagbag.py:538} INFO - Filling up the DagBag from /home/ubuntu/reddit_venv/lib/python3.10/site-packages/airflow/example_dags/subdags/subdag.py
[2024-02-20T19:04:27.605+0000] {processor.py:842} WARNING - No viable dags retrieved from /home/ubuntu/reddit_venv/lib/python3.10/site-packages/airflow/example_dags/subdags/subdag.py
[2024-02-20T19:04:27.615+0000] {processor.py:183} INFO - Processing /home/ubuntu/reddit_venv/lib/python3.10/site-packages/airflow/example_dags/subdags/subdag.py took 0.018 seconds
[2024-02-20T19:05:05.288+0000] {processor.py:161} INFO - Started process (PID=4808) to work on /home/ubuntu/reddit_venv/lib/python3.10/site-packages/airflow/example_dags/subdags/subdag.py
[2024-02-20T19:05:05.290+0000] {processor.py:830} INFO - Processing file /home/ubuntu/reddit_venv/lib/python3.10/site-packages/airflow/example_dags/subdags/subdag.py for tasks to queue
[2024-02-20T19:05:05.291+0000] {logging_mixin.py:188} INFO - [2024-02-20T19:05:05.290+0000] {dagbag.py:538} INFO - Filling up the DagBag from /home/ubuntu/reddit_venv/lib/python3.10/site-packages/airflow/example_dags/subdags/subdag.py
[2024-02-20T19:05:05.293+0000] {processor.py:842} WARNING - No viable dags retrieved from /home/ubuntu/reddit_venv/lib/python3.10/site-packages/airflow/example_dags/subdags/subdag.py
[2024-02-20T19:05:05.303+0000] {processor.py:183} INFO - Processing /home/ubuntu/reddit_venv/lib/python3.10/site-packages/airflow/example_dags/subdags/subdag.py took 0.018 seconds
[2024-02-20T19:05:44.122+0000] {processor.py:161} INFO - Started process (PID=4972) to work on /home/ubuntu/reddit_venv/lib/python3.10/site-packages/airflow/example_dags/subdags/subdag.py
[2024-02-20T19:05:44.124+0000] {processor.py:830} INFO - Processing file /home/ubuntu/reddit_venv/lib/python3.10/site-packages/airflow/example_dags/subdags/subdag.py for tasks to queue
[2024-02-20T19:05:44.124+0000] {logging_mixin.py:188} INFO - [2024-02-20T19:05:44.124+0000] {dagbag.py:538} INFO - Filling up the DagBag from /home/ubuntu/reddit_venv/lib/python3.10/site-packages/airflow/example_dags/subdags/subdag.py
[2024-02-20T19:05:44.127+0000] {processor.py:842} WARNING - No viable dags retrieved from /home/ubuntu/reddit_venv/lib/python3.10/site-packages/airflow/example_dags/subdags/subdag.py
[2024-02-20T19:05:44.136+0000] {processor.py:183} INFO - Processing /home/ubuntu/reddit_venv/lib/python3.10/site-packages/airflow/example_dags/subdags/subdag.py took 0.018 seconds
[2024-02-20T19:06:21.775+0000] {processor.py:161} INFO - Started process (PID=5197) to work on /home/ubuntu/reddit_venv/lib/python3.10/site-packages/airflow/example_dags/subdags/subdag.py
[2024-02-20T19:06:21.777+0000] {processor.py:830} INFO - Processing file /home/ubuntu/reddit_venv/lib/python3.10/site-packages/airflow/example_dags/subdags/subdag.py for tasks to queue
[2024-02-20T19:06:21.778+0000] {logging_mixin.py:188} INFO - [2024-02-20T19:06:21.777+0000] {dagbag.py:538} INFO - Filling up the DagBag from /home/ubuntu/reddit_venv/lib/python3.10/site-packages/airflow/example_dags/subdags/subdag.py
[2024-02-20T19:06:21.780+0000] {processor.py:842} WARNING - No viable dags retrieved from /home/ubuntu/reddit_venv/lib/python3.10/site-packages/airflow/example_dags/subdags/subdag.py
[2024-02-20T19:06:21.790+0000] {processor.py:183} INFO - Processing /home/ubuntu/reddit_venv/lib/python3.10/site-packages/airflow/example_dags/subdags/subdag.py took 0.017 seconds
[2024-02-20T19:06:56.438+0000] {processor.py:161} INFO - Started process (PID=5238) to work on /home/ubuntu/reddit_venv/lib/python3.10/site-packages/airflow/example_dags/subdags/subdag.py
[2024-02-20T19:06:56.439+0000] {processor.py:830} INFO - Processing file /home/ubuntu/reddit_venv/lib/python3.10/site-packages/airflow/example_dags/subdags/subdag.py for tasks to queue
[2024-02-20T19:06:56.440+0000] {logging_mixin.py:188} INFO - [2024-02-20T19:06:56.440+0000] {dagbag.py:538} INFO - Filling up the DagBag from /home/ubuntu/reddit_venv/lib/python3.10/site-packages/airflow/example_dags/subdags/subdag.py
[2024-02-20T19:06:56.443+0000] {processor.py:842} WARNING - No viable dags retrieved from /home/ubuntu/reddit_venv/lib/python3.10/site-packages/airflow/example_dags/subdags/subdag.py
[2024-02-20T19:06:56.453+0000] {processor.py:183} INFO - Processing /home/ubuntu/reddit_venv/lib/python3.10/site-packages/airflow/example_dags/subdags/subdag.py took 0.018 seconds
[2024-02-20T19:07:32.817+0000] {processor.py:161} INFO - Started process (PID=5399) to work on /home/ubuntu/reddit_venv/lib/python3.10/site-packages/airflow/example_dags/subdags/subdag.py
[2024-02-20T19:07:32.819+0000] {processor.py:830} INFO - Processing file /home/ubuntu/reddit_venv/lib/python3.10/site-packages/airflow/example_dags/subdags/subdag.py for tasks to queue
[2024-02-20T19:07:32.820+0000] {logging_mixin.py:188} INFO - [2024-02-20T19:07:32.820+0000] {dagbag.py:538} INFO - Filling up the DagBag from /home/ubuntu/reddit_venv/lib/python3.10/site-packages/airflow/example_dags/subdags/subdag.py
[2024-02-20T19:07:32.822+0000] {processor.py:842} WARNING - No viable dags retrieved from /home/ubuntu/reddit_venv/lib/python3.10/site-packages/airflow/example_dags/subdags/subdag.py
[2024-02-20T19:07:32.833+0000] {processor.py:183} INFO - Processing /home/ubuntu/reddit_venv/lib/python3.10/site-packages/airflow/example_dags/subdags/subdag.py took 0.019 seconds
[2024-02-20T19:08:28.529+0000] {processor.py:161} INFO - Started process (PID=5896) to work on /home/ubuntu/reddit_venv/lib/python3.10/site-packages/airflow/example_dags/subdags/subdag.py
[2024-02-20T19:08:28.530+0000] {processor.py:830} INFO - Processing file /home/ubuntu/reddit_venv/lib/python3.10/site-packages/airflow/example_dags/subdags/subdag.py for tasks to queue
[2024-02-20T19:08:28.531+0000] {logging_mixin.py:188} INFO - [2024-02-20T19:08:28.531+0000] {dagbag.py:538} INFO - Filling up the DagBag from /home/ubuntu/reddit_venv/lib/python3.10/site-packages/airflow/example_dags/subdags/subdag.py
[2024-02-20T19:08:28.533+0000] {processor.py:842} WARNING - No viable dags retrieved from /home/ubuntu/reddit_venv/lib/python3.10/site-packages/airflow/example_dags/subdags/subdag.py
[2024-02-20T19:08:28.543+0000] {processor.py:183} INFO - Processing /home/ubuntu/reddit_venv/lib/python3.10/site-packages/airflow/example_dags/subdags/subdag.py took 0.018 seconds
[2024-02-20T19:09:00.946+0000] {processor.py:161} INFO - Started process (PID=5959) to work on /home/ubuntu/reddit_venv/lib/python3.10/site-packages/airflow/example_dags/subdags/subdag.py
[2024-02-20T19:09:00.947+0000] {processor.py:830} INFO - Processing file /home/ubuntu/reddit_venv/lib/python3.10/site-packages/airflow/example_dags/subdags/subdag.py for tasks to queue
[2024-02-20T19:09:00.948+0000] {logging_mixin.py:188} INFO - [2024-02-20T19:09:00.948+0000] {dagbag.py:538} INFO - Filling up the DagBag from /home/ubuntu/reddit_venv/lib/python3.10/site-packages/airflow/example_dags/subdags/subdag.py
[2024-02-20T19:09:00.950+0000] {processor.py:842} WARNING - No viable dags retrieved from /home/ubuntu/reddit_venv/lib/python3.10/site-packages/airflow/example_dags/subdags/subdag.py
[2024-02-20T19:09:00.961+0000] {processor.py:183} INFO - Processing /home/ubuntu/reddit_venv/lib/python3.10/site-packages/airflow/example_dags/subdags/subdag.py took 0.018 seconds
[2024-02-20T19:09:41.250+0000] {processor.py:161} INFO - Started process (PID=6039) to work on /home/ubuntu/reddit_venv/lib/python3.10/site-packages/airflow/example_dags/subdags/subdag.py
[2024-02-20T19:09:41.252+0000] {processor.py:830} INFO - Processing file /home/ubuntu/reddit_venv/lib/python3.10/site-packages/airflow/example_dags/subdags/subdag.py for tasks to queue
[2024-02-20T19:09:41.252+0000] {logging_mixin.py:188} INFO - [2024-02-20T19:09:41.252+0000] {dagbag.py:538} INFO - Filling up the DagBag from /home/ubuntu/reddit_venv/lib/python3.10/site-packages/airflow/example_dags/subdags/subdag.py
[2024-02-20T19:09:41.255+0000] {processor.py:842} WARNING - No viable dags retrieved from /home/ubuntu/reddit_venv/lib/python3.10/site-packages/airflow/example_dags/subdags/subdag.py
[2024-02-20T19:09:41.265+0000] {processor.py:183} INFO - Processing /home/ubuntu/reddit_venv/lib/python3.10/site-packages/airflow/example_dags/subdags/subdag.py took 0.019 seconds
[2024-02-20T19:10:21.775+0000] {processor.py:161} INFO - Started process (PID=6145) to work on /home/ubuntu/reddit_venv/lib/python3.10/site-packages/airflow/example_dags/subdags/subdag.py
[2024-02-20T19:10:21.777+0000] {processor.py:830} INFO - Processing file /home/ubuntu/reddit_venv/lib/python3.10/site-packages/airflow/example_dags/subdags/subdag.py for tasks to queue
[2024-02-20T19:10:21.777+0000] {logging_mixin.py:188} INFO - [2024-02-20T19:10:21.777+0000] {dagbag.py:538} INFO - Filling up the DagBag from /home/ubuntu/reddit_venv/lib/python3.10/site-packages/airflow/example_dags/subdags/subdag.py
[2024-02-20T19:10:21.780+0000] {processor.py:842} WARNING - No viable dags retrieved from /home/ubuntu/reddit_venv/lib/python3.10/site-packages/airflow/example_dags/subdags/subdag.py
[2024-02-20T19:10:21.790+0000] {processor.py:183} INFO - Processing /home/ubuntu/reddit_venv/lib/python3.10/site-packages/airflow/example_dags/subdags/subdag.py took 0.018 seconds
[2024-02-20T19:10:58.322+0000] {processor.py:161} INFO - Started process (PID=6189) to work on /home/ubuntu/reddit_venv/lib/python3.10/site-packages/airflow/example_dags/subdags/subdag.py
[2024-02-20T19:10:58.324+0000] {processor.py:830} INFO - Processing file /home/ubuntu/reddit_venv/lib/python3.10/site-packages/airflow/example_dags/subdags/subdag.py for tasks to queue
[2024-02-20T19:10:58.325+0000] {logging_mixin.py:188} INFO - [2024-02-20T19:10:58.324+0000] {dagbag.py:538} INFO - Filling up the DagBag from /home/ubuntu/reddit_venv/lib/python3.10/site-packages/airflow/example_dags/subdags/subdag.py
[2024-02-20T19:10:58.327+0000] {processor.py:842} WARNING - No viable dags retrieved from /home/ubuntu/reddit_venv/lib/python3.10/site-packages/airflow/example_dags/subdags/subdag.py
[2024-02-20T19:10:58.337+0000] {processor.py:183} INFO - Processing /home/ubuntu/reddit_venv/lib/python3.10/site-packages/airflow/example_dags/subdags/subdag.py took 0.018 seconds
[2024-02-20T19:11:33.801+0000] {processor.py:161} INFO - Started process (PID=6351) to work on /home/ubuntu/reddit_venv/lib/python3.10/site-packages/airflow/example_dags/subdags/subdag.py
[2024-02-20T19:11:33.802+0000] {processor.py:830} INFO - Processing file /home/ubuntu/reddit_venv/lib/python3.10/site-packages/airflow/example_dags/subdags/subdag.py for tasks to queue
[2024-02-20T19:11:33.803+0000] {logging_mixin.py:188} INFO - [2024-02-20T19:11:33.803+0000] {dagbag.py:538} INFO - Filling up the DagBag from /home/ubuntu/reddit_venv/lib/python3.10/site-packages/airflow/example_dags/subdags/subdag.py
[2024-02-20T19:11:33.805+0000] {processor.py:842} WARNING - No viable dags retrieved from /home/ubuntu/reddit_venv/lib/python3.10/site-packages/airflow/example_dags/subdags/subdag.py
[2024-02-20T19:11:33.815+0000] {processor.py:183} INFO - Processing /home/ubuntu/reddit_venv/lib/python3.10/site-packages/airflow/example_dags/subdags/subdag.py took 0.018 seconds
[2024-02-20T19:12:13.064+0000] {processor.py:161} INFO - Started process (PID=6455) to work on /home/ubuntu/reddit_venv/lib/python3.10/site-packages/airflow/example_dags/subdags/subdag.py
[2024-02-20T19:12:13.065+0000] {processor.py:830} INFO - Processing file /home/ubuntu/reddit_venv/lib/python3.10/site-packages/airflow/example_dags/subdags/subdag.py for tasks to queue
[2024-02-20T19:12:13.066+0000] {logging_mixin.py:188} INFO - [2024-02-20T19:12:13.066+0000] {dagbag.py:538} INFO - Filling up the DagBag from /home/ubuntu/reddit_venv/lib/python3.10/site-packages/airflow/example_dags/subdags/subdag.py
[2024-02-20T19:12:13.069+0000] {processor.py:842} WARNING - No viable dags retrieved from /home/ubuntu/reddit_venv/lib/python3.10/site-packages/airflow/example_dags/subdags/subdag.py
[2024-02-20T19:12:13.078+0000] {processor.py:183} INFO - Processing /home/ubuntu/reddit_venv/lib/python3.10/site-packages/airflow/example_dags/subdags/subdag.py took 0.018 seconds
[2024-02-20T19:12:50.072+0000] {processor.py:161} INFO - Started process (PID=6499) to work on /home/ubuntu/reddit_venv/lib/python3.10/site-packages/airflow/example_dags/subdags/subdag.py
[2024-02-20T19:12:50.074+0000] {processor.py:830} INFO - Processing file /home/ubuntu/reddit_venv/lib/python3.10/site-packages/airflow/example_dags/subdags/subdag.py for tasks to queue
[2024-02-20T19:12:50.075+0000] {logging_mixin.py:188} INFO - [2024-02-20T19:12:50.074+0000] {dagbag.py:538} INFO - Filling up the DagBag from /home/ubuntu/reddit_venv/lib/python3.10/site-packages/airflow/example_dags/subdags/subdag.py
[2024-02-20T19:12:50.077+0000] {processor.py:842} WARNING - No viable dags retrieved from /home/ubuntu/reddit_venv/lib/python3.10/site-packages/airflow/example_dags/subdags/subdag.py
[2024-02-20T19:12:50.087+0000] {processor.py:183} INFO - Processing /home/ubuntu/reddit_venv/lib/python3.10/site-packages/airflow/example_dags/subdags/subdag.py took 0.018 seconds
[2024-02-20T19:13:30.427+0000] {processor.py:161} INFO - Started process (PID=6604) to work on /home/ubuntu/reddit_venv/lib/python3.10/site-packages/airflow/example_dags/subdags/subdag.py
[2024-02-20T19:13:30.428+0000] {processor.py:830} INFO - Processing file /home/ubuntu/reddit_venv/lib/python3.10/site-packages/airflow/example_dags/subdags/subdag.py for tasks to queue
[2024-02-20T19:13:30.429+0000] {logging_mixin.py:188} INFO - [2024-02-20T19:13:30.429+0000] {dagbag.py:538} INFO - Filling up the DagBag from /home/ubuntu/reddit_venv/lib/python3.10/site-packages/airflow/example_dags/subdags/subdag.py
[2024-02-20T19:13:30.431+0000] {processor.py:842} WARNING - No viable dags retrieved from /home/ubuntu/reddit_venv/lib/python3.10/site-packages/airflow/example_dags/subdags/subdag.py
[2024-02-20T19:13:30.441+0000] {processor.py:183} INFO - Processing /home/ubuntu/reddit_venv/lib/python3.10/site-packages/airflow/example_dags/subdags/subdag.py took 0.018 seconds
[2024-02-20T19:14:10.654+0000] {processor.py:161} INFO - Started process (PID=6712) to work on /home/ubuntu/reddit_venv/lib/python3.10/site-packages/airflow/example_dags/subdags/subdag.py
[2024-02-20T19:14:10.656+0000] {processor.py:830} INFO - Processing file /home/ubuntu/reddit_venv/lib/python3.10/site-packages/airflow/example_dags/subdags/subdag.py for tasks to queue
[2024-02-20T19:14:10.657+0000] {logging_mixin.py:188} INFO - [2024-02-20T19:14:10.656+0000] {dagbag.py:538} INFO - Filling up the DagBag from /home/ubuntu/reddit_venv/lib/python3.10/site-packages/airflow/example_dags/subdags/subdag.py
[2024-02-20T19:14:10.659+0000] {processor.py:842} WARNING - No viable dags retrieved from /home/ubuntu/reddit_venv/lib/python3.10/site-packages/airflow/example_dags/subdags/subdag.py
[2024-02-20T19:14:10.669+0000] {processor.py:183} INFO - Processing /home/ubuntu/reddit_venv/lib/python3.10/site-packages/airflow/example_dags/subdags/subdag.py took 0.018 seconds
[2024-02-20T19:14:44.530+0000] {processor.py:161} INFO - Started process (PID=6751) to work on /home/ubuntu/reddit_venv/lib/python3.10/site-packages/airflow/example_dags/subdags/subdag.py
[2024-02-20T19:14:44.531+0000] {processor.py:830} INFO - Processing file /home/ubuntu/reddit_venv/lib/python3.10/site-packages/airflow/example_dags/subdags/subdag.py for tasks to queue
[2024-02-20T19:14:44.532+0000] {logging_mixin.py:188} INFO - [2024-02-20T19:14:44.531+0000] {dagbag.py:538} INFO - Filling up the DagBag from /home/ubuntu/reddit_venv/lib/python3.10/site-packages/airflow/example_dags/subdags/subdag.py
[2024-02-20T19:14:44.534+0000] {processor.py:842} WARNING - No viable dags retrieved from /home/ubuntu/reddit_venv/lib/python3.10/site-packages/airflow/example_dags/subdags/subdag.py
[2024-02-20T19:14:44.544+0000] {processor.py:183} INFO - Processing /home/ubuntu/reddit_venv/lib/python3.10/site-packages/airflow/example_dags/subdags/subdag.py took 0.018 seconds
[2024-02-20T19:15:38.163+0000] {processor.py:161} INFO - Started process (PID=7246) to work on /home/ubuntu/reddit_venv/lib/python3.10/site-packages/airflow/example_dags/subdags/subdag.py
[2024-02-20T19:15:38.165+0000] {processor.py:830} INFO - Processing file /home/ubuntu/reddit_venv/lib/python3.10/site-packages/airflow/example_dags/subdags/subdag.py for tasks to queue
[2024-02-20T19:15:38.166+0000] {logging_mixin.py:188} INFO - [2024-02-20T19:15:38.165+0000] {dagbag.py:538} INFO - Filling up the DagBag from /home/ubuntu/reddit_venv/lib/python3.10/site-packages/airflow/example_dags/subdags/subdag.py
[2024-02-20T19:15:38.168+0000] {processor.py:842} WARNING - No viable dags retrieved from /home/ubuntu/reddit_venv/lib/python3.10/site-packages/airflow/example_dags/subdags/subdag.py
[2024-02-20T19:15:38.178+0000] {processor.py:183} INFO - Processing /home/ubuntu/reddit_venv/lib/python3.10/site-packages/airflow/example_dags/subdags/subdag.py took 0.018 seconds
[2024-02-20T19:16:14.544+0000] {processor.py:161} INFO - Started process (PID=7468) to work on /home/ubuntu/reddit_venv/lib/python3.10/site-packages/airflow/example_dags/subdags/subdag.py
[2024-02-20T19:16:14.545+0000] {processor.py:830} INFO - Processing file /home/ubuntu/reddit_venv/lib/python3.10/site-packages/airflow/example_dags/subdags/subdag.py for tasks to queue
[2024-02-20T19:16:14.546+0000] {logging_mixin.py:188} INFO - [2024-02-20T19:16:14.546+0000] {dagbag.py:538} INFO - Filling up the DagBag from /home/ubuntu/reddit_venv/lib/python3.10/site-packages/airflow/example_dags/subdags/subdag.py
[2024-02-20T19:16:14.548+0000] {processor.py:842} WARNING - No viable dags retrieved from /home/ubuntu/reddit_venv/lib/python3.10/site-packages/airflow/example_dags/subdags/subdag.py
[2024-02-20T19:16:14.558+0000] {processor.py:183} INFO - Processing /home/ubuntu/reddit_venv/lib/python3.10/site-packages/airflow/example_dags/subdags/subdag.py took 0.018 seconds
[2024-02-20T19:16:55.654+0000] {processor.py:161} INFO - Started process (PID=7515) to work on /home/ubuntu/reddit_venv/lib/python3.10/site-packages/airflow/example_dags/subdags/subdag.py
[2024-02-20T19:16:55.655+0000] {processor.py:830} INFO - Processing file /home/ubuntu/reddit_venv/lib/python3.10/site-packages/airflow/example_dags/subdags/subdag.py for tasks to queue
[2024-02-20T19:16:55.656+0000] {logging_mixin.py:188} INFO - [2024-02-20T19:16:55.656+0000] {dagbag.py:538} INFO - Filling up the DagBag from /home/ubuntu/reddit_venv/lib/python3.10/site-packages/airflow/example_dags/subdags/subdag.py
[2024-02-20T19:16:55.659+0000] {processor.py:842} WARNING - No viable dags retrieved from /home/ubuntu/reddit_venv/lib/python3.10/site-packages/airflow/example_dags/subdags/subdag.py
[2024-02-20T19:16:55.669+0000] {processor.py:183} INFO - Processing /home/ubuntu/reddit_venv/lib/python3.10/site-packages/airflow/example_dags/subdags/subdag.py took 0.018 seconds
[2024-02-20T19:17:33.554+0000] {processor.py:161} INFO - Started process (PID=7622) to work on /home/ubuntu/reddit_venv/lib/python3.10/site-packages/airflow/example_dags/subdags/subdag.py
[2024-02-20T19:17:33.556+0000] {processor.py:830} INFO - Processing file /home/ubuntu/reddit_venv/lib/python3.10/site-packages/airflow/example_dags/subdags/subdag.py for tasks to queue
[2024-02-20T19:17:33.557+0000] {logging_mixin.py:188} INFO - [2024-02-20T19:17:33.556+0000] {dagbag.py:538} INFO - Filling up the DagBag from /home/ubuntu/reddit_venv/lib/python3.10/site-packages/airflow/example_dags/subdags/subdag.py
[2024-02-20T19:17:33.559+0000] {processor.py:842} WARNING - No viable dags retrieved from /home/ubuntu/reddit_venv/lib/python3.10/site-packages/airflow/example_dags/subdags/subdag.py
[2024-02-20T19:17:33.569+0000] {processor.py:183} INFO - Processing /home/ubuntu/reddit_venv/lib/python3.10/site-packages/airflow/example_dags/subdags/subdag.py took 0.018 seconds
[2024-02-20T19:18:12.703+0000] {processor.py:161} INFO - Started process (PID=7727) to work on /home/ubuntu/reddit_venv/lib/python3.10/site-packages/airflow/example_dags/subdags/subdag.py
[2024-02-20T19:18:12.704+0000] {processor.py:830} INFO - Processing file /home/ubuntu/reddit_venv/lib/python3.10/site-packages/airflow/example_dags/subdags/subdag.py for tasks to queue
[2024-02-20T19:18:12.705+0000] {logging_mixin.py:188} INFO - [2024-02-20T19:18:12.705+0000] {dagbag.py:538} INFO - Filling up the DagBag from /home/ubuntu/reddit_venv/lib/python3.10/site-packages/airflow/example_dags/subdags/subdag.py
[2024-02-20T19:18:12.707+0000] {processor.py:842} WARNING - No viable dags retrieved from /home/ubuntu/reddit_venv/lib/python3.10/site-packages/airflow/example_dags/subdags/subdag.py
[2024-02-20T19:18:12.717+0000] {processor.py:183} INFO - Processing /home/ubuntu/reddit_venv/lib/python3.10/site-packages/airflow/example_dags/subdags/subdag.py took 0.018 seconds
[2024-02-20T19:18:50.944+0000] {processor.py:161} INFO - Started process (PID=7769) to work on /home/ubuntu/reddit_venv/lib/python3.10/site-packages/airflow/example_dags/subdags/subdag.py
[2024-02-20T19:18:50.946+0000] {processor.py:830} INFO - Processing file /home/ubuntu/reddit_venv/lib/python3.10/site-packages/airflow/example_dags/subdags/subdag.py for tasks to queue
[2024-02-20T19:18:50.947+0000] {logging_mixin.py:188} INFO - [2024-02-20T19:18:50.946+0000] {dagbag.py:538} INFO - Filling up the DagBag from /home/ubuntu/reddit_venv/lib/python3.10/site-packages/airflow/example_dags/subdags/subdag.py
[2024-02-20T19:18:50.949+0000] {processor.py:842} WARNING - No viable dags retrieved from /home/ubuntu/reddit_venv/lib/python3.10/site-packages/airflow/example_dags/subdags/subdag.py
[2024-02-20T19:18:50.959+0000] {processor.py:183} INFO - Processing /home/ubuntu/reddit_venv/lib/python3.10/site-packages/airflow/example_dags/subdags/subdag.py took 0.018 seconds
[2024-02-20T19:19:30.841+0000] {processor.py:161} INFO - Started process (PID=7876) to work on /home/ubuntu/reddit_venv/lib/python3.10/site-packages/airflow/example_dags/subdags/subdag.py
[2024-02-20T19:19:30.842+0000] {processor.py:830} INFO - Processing file /home/ubuntu/reddit_venv/lib/python3.10/site-packages/airflow/example_dags/subdags/subdag.py for tasks to queue
[2024-02-20T19:19:30.843+0000] {logging_mixin.py:188} INFO - [2024-02-20T19:19:30.843+0000] {dagbag.py:538} INFO - Filling up the DagBag from /home/ubuntu/reddit_venv/lib/python3.10/site-packages/airflow/example_dags/subdags/subdag.py
[2024-02-20T19:19:30.845+0000] {processor.py:842} WARNING - No viable dags retrieved from /home/ubuntu/reddit_venv/lib/python3.10/site-packages/airflow/example_dags/subdags/subdag.py
[2024-02-20T19:19:30.855+0000] {processor.py:183} INFO - Processing /home/ubuntu/reddit_venv/lib/python3.10/site-packages/airflow/example_dags/subdags/subdag.py took 0.018 seconds
[2024-02-20T19:20:08.661+0000] {processor.py:161} INFO - Started process (PID=7979) to work on /home/ubuntu/reddit_venv/lib/python3.10/site-packages/airflow/example_dags/subdags/subdag.py
[2024-02-20T19:20:08.663+0000] {processor.py:830} INFO - Processing file /home/ubuntu/reddit_venv/lib/python3.10/site-packages/airflow/example_dags/subdags/subdag.py for tasks to queue
[2024-02-20T19:20:08.664+0000] {logging_mixin.py:188} INFO - [2024-02-20T19:20:08.663+0000] {dagbag.py:538} INFO - Filling up the DagBag from /home/ubuntu/reddit_venv/lib/python3.10/site-packages/airflow/example_dags/subdags/subdag.py
[2024-02-20T19:20:08.666+0000] {processor.py:842} WARNING - No viable dags retrieved from /home/ubuntu/reddit_venv/lib/python3.10/site-packages/airflow/example_dags/subdags/subdag.py
[2024-02-20T19:20:08.676+0000] {processor.py:183} INFO - Processing /home/ubuntu/reddit_venv/lib/python3.10/site-packages/airflow/example_dags/subdags/subdag.py took 0.018 seconds
[2024-02-20T19:20:46.246+0000] {processor.py:161} INFO - Started process (PID=8023) to work on /home/ubuntu/reddit_venv/lib/python3.10/site-packages/airflow/example_dags/subdags/subdag.py
[2024-02-20T19:20:46.248+0000] {processor.py:830} INFO - Processing file /home/ubuntu/reddit_venv/lib/python3.10/site-packages/airflow/example_dags/subdags/subdag.py for tasks to queue
[2024-02-20T19:20:46.249+0000] {logging_mixin.py:188} INFO - [2024-02-20T19:20:46.248+0000] {dagbag.py:538} INFO - Filling up the DagBag from /home/ubuntu/reddit_venv/lib/python3.10/site-packages/airflow/example_dags/subdags/subdag.py
[2024-02-20T19:20:46.251+0000] {processor.py:842} WARNING - No viable dags retrieved from /home/ubuntu/reddit_venv/lib/python3.10/site-packages/airflow/example_dags/subdags/subdag.py
[2024-02-20T19:20:46.261+0000] {processor.py:183} INFO - Processing /home/ubuntu/reddit_venv/lib/python3.10/site-packages/airflow/example_dags/subdags/subdag.py took 0.018 seconds
[2024-02-20T19:21:23.710+0000] {processor.py:161} INFO - Started process (PID=8185) to work on /home/ubuntu/reddit_venv/lib/python3.10/site-packages/airflow/example_dags/subdags/subdag.py
[2024-02-20T19:21:23.712+0000] {processor.py:830} INFO - Processing file /home/ubuntu/reddit_venv/lib/python3.10/site-packages/airflow/example_dags/subdags/subdag.py for tasks to queue
[2024-02-20T19:21:23.713+0000] {logging_mixin.py:188} INFO - [2024-02-20T19:21:23.712+0000] {dagbag.py:538} INFO - Filling up the DagBag from /home/ubuntu/reddit_venv/lib/python3.10/site-packages/airflow/example_dags/subdags/subdag.py
[2024-02-20T19:21:23.715+0000] {processor.py:842} WARNING - No viable dags retrieved from /home/ubuntu/reddit_venv/lib/python3.10/site-packages/airflow/example_dags/subdags/subdag.py
[2024-02-20T19:21:23.725+0000] {processor.py:183} INFO - Processing /home/ubuntu/reddit_venv/lib/python3.10/site-packages/airflow/example_dags/subdags/subdag.py took 0.018 seconds
[2024-02-20T19:22:03.133+0000] {processor.py:161} INFO - Started process (PID=8292) to work on /home/ubuntu/reddit_venv/lib/python3.10/site-packages/airflow/example_dags/subdags/subdag.py
[2024-02-20T19:22:03.135+0000] {processor.py:830} INFO - Processing file /home/ubuntu/reddit_venv/lib/python3.10/site-packages/airflow/example_dags/subdags/subdag.py for tasks to queue
[2024-02-20T19:22:03.136+0000] {logging_mixin.py:188} INFO - [2024-02-20T19:22:03.136+0000] {dagbag.py:538} INFO - Filling up the DagBag from /home/ubuntu/reddit_venv/lib/python3.10/site-packages/airflow/example_dags/subdags/subdag.py
[2024-02-20T19:22:03.138+0000] {processor.py:842} WARNING - No viable dags retrieved from /home/ubuntu/reddit_venv/lib/python3.10/site-packages/airflow/example_dags/subdags/subdag.py
[2024-02-20T19:22:03.149+0000] {processor.py:183} INFO - Processing /home/ubuntu/reddit_venv/lib/python3.10/site-packages/airflow/example_dags/subdags/subdag.py took 0.019 seconds
[2024-02-20T19:22:43.220+0000] {processor.py:161} INFO - Started process (PID=8338) to work on /home/ubuntu/reddit_venv/lib/python3.10/site-packages/airflow/example_dags/subdags/subdag.py
[2024-02-20T19:22:43.222+0000] {processor.py:830} INFO - Processing file /home/ubuntu/reddit_venv/lib/python3.10/site-packages/airflow/example_dags/subdags/subdag.py for tasks to queue
[2024-02-20T19:22:43.223+0000] {logging_mixin.py:188} INFO - [2024-02-20T19:22:43.222+0000] {dagbag.py:538} INFO - Filling up the DagBag from /home/ubuntu/reddit_venv/lib/python3.10/site-packages/airflow/example_dags/subdags/subdag.py
[2024-02-20T19:22:43.225+0000] {processor.py:842} WARNING - No viable dags retrieved from /home/ubuntu/reddit_venv/lib/python3.10/site-packages/airflow/example_dags/subdags/subdag.py
[2024-02-20T19:22:43.235+0000] {processor.py:183} INFO - Processing /home/ubuntu/reddit_venv/lib/python3.10/site-packages/airflow/example_dags/subdags/subdag.py took 0.018 seconds
[2024-02-20T19:23:18.148+0000] {processor.py:161} INFO - Started process (PID=8441) to work on /home/ubuntu/reddit_venv/lib/python3.10/site-packages/airflow/example_dags/subdags/subdag.py
[2024-02-20T19:23:18.150+0000] {processor.py:830} INFO - Processing file /home/ubuntu/reddit_venv/lib/python3.10/site-packages/airflow/example_dags/subdags/subdag.py for tasks to queue
[2024-02-20T19:23:18.151+0000] {logging_mixin.py:188} INFO - [2024-02-20T19:23:18.150+0000] {dagbag.py:538} INFO - Filling up the DagBag from /home/ubuntu/reddit_venv/lib/python3.10/site-packages/airflow/example_dags/subdags/subdag.py
[2024-02-20T19:23:18.153+0000] {processor.py:842} WARNING - No viable dags retrieved from /home/ubuntu/reddit_venv/lib/python3.10/site-packages/airflow/example_dags/subdags/subdag.py
[2024-02-20T19:23:18.163+0000] {processor.py:183} INFO - Processing /home/ubuntu/reddit_venv/lib/python3.10/site-packages/airflow/example_dags/subdags/subdag.py took 0.018 seconds
[2024-02-20T19:23:54.178+0000] {processor.py:161} INFO - Started process (PID=8483) to work on /home/ubuntu/reddit_venv/lib/python3.10/site-packages/airflow/example_dags/subdags/subdag.py
[2024-02-20T19:23:54.179+0000] {processor.py:830} INFO - Processing file /home/ubuntu/reddit_venv/lib/python3.10/site-packages/airflow/example_dags/subdags/subdag.py for tasks to queue
[2024-02-20T19:23:54.180+0000] {logging_mixin.py:188} INFO - [2024-02-20T19:23:54.180+0000] {dagbag.py:538} INFO - Filling up the DagBag from /home/ubuntu/reddit_venv/lib/python3.10/site-packages/airflow/example_dags/subdags/subdag.py
[2024-02-20T19:23:54.183+0000] {processor.py:842} WARNING - No viable dags retrieved from /home/ubuntu/reddit_venv/lib/python3.10/site-packages/airflow/example_dags/subdags/subdag.py
[2024-02-20T19:23:54.193+0000] {processor.py:183} INFO - Processing /home/ubuntu/reddit_venv/lib/python3.10/site-packages/airflow/example_dags/subdags/subdag.py took 0.018 seconds
[2024-02-20T19:24:32.905+0000] {processor.py:161} INFO - Started process (PID=8584) to work on /home/ubuntu/reddit_venv/lib/python3.10/site-packages/airflow/example_dags/subdags/subdag.py
[2024-02-20T19:24:32.907+0000] {processor.py:830} INFO - Processing file /home/ubuntu/reddit_venv/lib/python3.10/site-packages/airflow/example_dags/subdags/subdag.py for tasks to queue
[2024-02-20T19:24:32.908+0000] {logging_mixin.py:188} INFO - [2024-02-20T19:24:32.907+0000] {dagbag.py:538} INFO - Filling up the DagBag from /home/ubuntu/reddit_venv/lib/python3.10/site-packages/airflow/example_dags/subdags/subdag.py
[2024-02-20T19:24:32.910+0000] {processor.py:842} WARNING - No viable dags retrieved from /home/ubuntu/reddit_venv/lib/python3.10/site-packages/airflow/example_dags/subdags/subdag.py
[2024-02-20T19:24:32.920+0000] {processor.py:183} INFO - Processing /home/ubuntu/reddit_venv/lib/python3.10/site-packages/airflow/example_dags/subdags/subdag.py took 0.018 seconds
[2024-02-20T19:25:14.128+0000] {processor.py:161} INFO - Started process (PID=8690) to work on /home/ubuntu/reddit_venv/lib/python3.10/site-packages/airflow/example_dags/subdags/subdag.py
[2024-02-20T19:25:14.130+0000] {processor.py:830} INFO - Processing file /home/ubuntu/reddit_venv/lib/python3.10/site-packages/airflow/example_dags/subdags/subdag.py for tasks to queue
[2024-02-20T19:25:14.131+0000] {logging_mixin.py:188} INFO - [2024-02-20T19:25:14.130+0000] {dagbag.py:538} INFO - Filling up the DagBag from /home/ubuntu/reddit_venv/lib/python3.10/site-packages/airflow/example_dags/subdags/subdag.py
[2024-02-20T19:25:14.133+0000] {processor.py:842} WARNING - No viable dags retrieved from /home/ubuntu/reddit_venv/lib/python3.10/site-packages/airflow/example_dags/subdags/subdag.py
[2024-02-20T19:25:14.142+0000] {processor.py:183} INFO - Processing /home/ubuntu/reddit_venv/lib/python3.10/site-packages/airflow/example_dags/subdags/subdag.py took 0.018 seconds
