[2024-02-22T00:00:50.681+0000] {processor.py:161} INFO - Started process (PID=4476) to work on /home/ubuntu/reddit_venv/lib/python3.10/site-packages/airflow/example_dags/example_sensors.py
[2024-02-22T00:00:50.682+0000] {processor.py:830} INFO - Processing file /home/ubuntu/reddit_venv/lib/python3.10/site-packages/airflow/example_dags/example_sensors.py for tasks to queue
[2024-02-22T00:00:50.683+0000] {logging_mixin.py:188} INFO - [2024-02-22T00:00:50.683+0000] {dagbag.py:538} INFO - Filling up the DagBag from /home/ubuntu/reddit_venv/lib/python3.10/site-packages/airflow/example_dags/example_sensors.py
[2024-02-22T00:00:50.694+0000] {processor.py:840} INFO - DAG(s) 'example_sensors' retrieved from /home/ubuntu/reddit_venv/lib/python3.10/site-packages/airflow/example_dags/example_sensors.py
[2024-02-22T00:00:50.715+0000] {logging_mixin.py:188} INFO - [2024-02-22T00:00:50.714+0000] {dag.py:3036} INFO - Sync 1 DAGs
[2024-02-22T00:00:50.727+0000] {logging_mixin.py:188} INFO - [2024-02-22T00:00:50.726+0000] {dag.py:3823} INFO - Setting next_dagrun for example_sensors to None, run_after=None
[2024-02-22T00:00:50.749+0000] {processor.py:183} INFO - Processing /home/ubuntu/reddit_venv/lib/python3.10/site-packages/airflow/example_dags/example_sensors.py took 0.071 seconds
[2024-02-22T00:01:43.480+0000] {processor.py:161} INFO - Started process (PID=4927) to work on /home/ubuntu/reddit_venv/lib/python3.10/site-packages/airflow/example_dags/example_sensors.py
[2024-02-22T00:01:43.482+0000] {processor.py:830} INFO - Processing file /home/ubuntu/reddit_venv/lib/python3.10/site-packages/airflow/example_dags/example_sensors.py for tasks to queue
[2024-02-22T00:01:43.483+0000] {logging_mixin.py:188} INFO - [2024-02-22T00:01:43.482+0000] {dagbag.py:538} INFO - Filling up the DagBag from /home/ubuntu/reddit_venv/lib/python3.10/site-packages/airflow/example_dags/example_sensors.py
[2024-02-22T00:01:43.493+0000] {processor.py:840} INFO - DAG(s) 'example_sensors' retrieved from /home/ubuntu/reddit_venv/lib/python3.10/site-packages/airflow/example_dags/example_sensors.py
[2024-02-22T00:01:43.514+0000] {logging_mixin.py:188} INFO - [2024-02-22T00:01:43.514+0000] {dag.py:3036} INFO - Sync 1 DAGs
[2024-02-22T00:01:43.526+0000] {logging_mixin.py:188} INFO - [2024-02-22T00:01:43.526+0000] {dag.py:3823} INFO - Setting next_dagrun for example_sensors to None, run_after=None
[2024-02-22T00:01:43.591+0000] {processor.py:183} INFO - Processing /home/ubuntu/reddit_venv/lib/python3.10/site-packages/airflow/example_dags/example_sensors.py took 0.114 seconds
[2024-02-22T00:03:26.160+0000] {processor.py:161} INFO - Started process (PID=6115) to work on /home/ubuntu/reddit_venv/lib/python3.10/site-packages/airflow/example_dags/example_sensors.py
[2024-02-22T00:03:26.162+0000] {processor.py:830} INFO - Processing file /home/ubuntu/reddit_venv/lib/python3.10/site-packages/airflow/example_dags/example_sensors.py for tasks to queue
[2024-02-22T00:03:26.163+0000] {logging_mixin.py:188} INFO - [2024-02-22T00:03:26.162+0000] {dagbag.py:538} INFO - Filling up the DagBag from /home/ubuntu/reddit_venv/lib/python3.10/site-packages/airflow/example_dags/example_sensors.py
[2024-02-22T00:03:26.173+0000] {processor.py:840} INFO - DAG(s) 'example_sensors' retrieved from /home/ubuntu/reddit_venv/lib/python3.10/site-packages/airflow/example_dags/example_sensors.py
[2024-02-22T00:03:26.194+0000] {logging_mixin.py:188} INFO - [2024-02-22T00:03:26.194+0000] {dag.py:3036} INFO - Sync 1 DAGs
[2024-02-22T00:03:26.206+0000] {logging_mixin.py:188} INFO - [2024-02-22T00:03:26.206+0000] {dag.py:3823} INFO - Setting next_dagrun for example_sensors to None, run_after=None
[2024-02-22T00:03:26.228+0000] {processor.py:183} INFO - Processing /home/ubuntu/reddit_venv/lib/python3.10/site-packages/airflow/example_dags/example_sensors.py took 0.071 seconds
[2024-02-22T00:04:50.840+0000] {processor.py:161} INFO - Started process (PID=6745) to work on /home/ubuntu/reddit_venv/lib/python3.10/site-packages/airflow/example_dags/example_sensors.py
[2024-02-22T00:04:50.841+0000] {processor.py:830} INFO - Processing file /home/ubuntu/reddit_venv/lib/python3.10/site-packages/airflow/example_dags/example_sensors.py for tasks to queue
[2024-02-22T00:04:50.842+0000] {logging_mixin.py:188} INFO - [2024-02-22T00:04:50.842+0000] {dagbag.py:538} INFO - Filling up the DagBag from /home/ubuntu/reddit_venv/lib/python3.10/site-packages/airflow/example_dags/example_sensors.py
[2024-02-22T00:04:50.853+0000] {processor.py:840} INFO - DAG(s) 'example_sensors' retrieved from /home/ubuntu/reddit_venv/lib/python3.10/site-packages/airflow/example_dags/example_sensors.py
[2024-02-22T00:04:50.874+0000] {logging_mixin.py:188} INFO - [2024-02-22T00:04:50.873+0000] {dag.py:3036} INFO - Sync 1 DAGs
[2024-02-22T00:04:50.885+0000] {logging_mixin.py:188} INFO - [2024-02-22T00:04:50.885+0000] {dag.py:3823} INFO - Setting next_dagrun for example_sensors to None, run_after=None
[2024-02-22T00:04:50.908+0000] {processor.py:183} INFO - Processing /home/ubuntu/reddit_venv/lib/python3.10/site-packages/airflow/example_dags/example_sensors.py took 0.072 seconds
[2024-02-22T00:06:10.327+0000] {processor.py:161} INFO - Started process (PID=7496) to work on /home/ubuntu/reddit_venv/lib/python3.10/site-packages/airflow/example_dags/example_sensors.py
[2024-02-22T00:06:10.330+0000] {processor.py:830} INFO - Processing file /home/ubuntu/reddit_venv/lib/python3.10/site-packages/airflow/example_dags/example_sensors.py for tasks to queue
[2024-02-22T00:06:10.331+0000] {logging_mixin.py:188} INFO - [2024-02-22T00:06:10.330+0000] {dagbag.py:538} INFO - Filling up the DagBag from /home/ubuntu/reddit_venv/lib/python3.10/site-packages/airflow/example_dags/example_sensors.py
[2024-02-22T00:06:10.341+0000] {processor.py:840} INFO - DAG(s) 'example_sensors' retrieved from /home/ubuntu/reddit_venv/lib/python3.10/site-packages/airflow/example_dags/example_sensors.py
[2024-02-22T00:06:10.363+0000] {logging_mixin.py:188} INFO - [2024-02-22T00:06:10.363+0000] {dag.py:3036} INFO - Sync 1 DAGs
[2024-02-22T00:06:10.375+0000] {logging_mixin.py:188} INFO - [2024-02-22T00:06:10.375+0000] {dag.py:3823} INFO - Setting next_dagrun for example_sensors to None, run_after=None
[2024-02-22T00:06:10.399+0000] {processor.py:183} INFO - Processing /home/ubuntu/reddit_venv/lib/python3.10/site-packages/airflow/example_dags/example_sensors.py took 0.075 seconds
[2024-02-22T00:06:59.899+0000] {processor.py:161} INFO - Started process (PID=7673) to work on /home/ubuntu/reddit_venv/lib/python3.10/site-packages/airflow/example_dags/example_sensors.py
[2024-02-22T00:06:59.901+0000] {processor.py:830} INFO - Processing file /home/ubuntu/reddit_venv/lib/python3.10/site-packages/airflow/example_dags/example_sensors.py for tasks to queue
[2024-02-22T00:06:59.901+0000] {logging_mixin.py:188} INFO - [2024-02-22T00:06:59.901+0000] {dagbag.py:538} INFO - Filling up the DagBag from /home/ubuntu/reddit_venv/lib/python3.10/site-packages/airflow/example_dags/example_sensors.py
[2024-02-22T00:06:59.912+0000] {processor.py:840} INFO - DAG(s) 'example_sensors' retrieved from /home/ubuntu/reddit_venv/lib/python3.10/site-packages/airflow/example_dags/example_sensors.py
[2024-02-22T00:06:59.933+0000] {logging_mixin.py:188} INFO - [2024-02-22T00:06:59.932+0000] {dag.py:3036} INFO - Sync 1 DAGs
[2024-02-22T00:06:59.945+0000] {logging_mixin.py:188} INFO - [2024-02-22T00:06:59.945+0000] {dag.py:3823} INFO - Setting next_dagrun for example_sensors to None, run_after=None
[2024-02-22T00:06:59.968+0000] {processor.py:183} INFO - Processing /home/ubuntu/reddit_venv/lib/python3.10/site-packages/airflow/example_dags/example_sensors.py took 0.072 seconds
[2024-02-22T00:08:00.008+0000] {processor.py:161} INFO - Started process (PID=7858) to work on /home/ubuntu/reddit_venv/lib/python3.10/site-packages/airflow/example_dags/example_sensors.py
[2024-02-22T00:08:00.011+0000] {processor.py:830} INFO - Processing file /home/ubuntu/reddit_venv/lib/python3.10/site-packages/airflow/example_dags/example_sensors.py for tasks to queue
[2024-02-22T00:08:00.015+0000] {logging_mixin.py:188} INFO - [2024-02-22T00:08:00.014+0000] {dagbag.py:538} INFO - Filling up the DagBag from /home/ubuntu/reddit_venv/lib/python3.10/site-packages/airflow/example_dags/example_sensors.py
[2024-02-22T00:08:00.030+0000] {processor.py:840} INFO - DAG(s) 'example_sensors' retrieved from /home/ubuntu/reddit_venv/lib/python3.10/site-packages/airflow/example_dags/example_sensors.py
[2024-02-22T00:08:00.054+0000] {logging_mixin.py:188} INFO - [2024-02-22T00:08:00.054+0000] {dag.py:3036} INFO - Sync 1 DAGs
[2024-02-22T00:08:00.067+0000] {logging_mixin.py:188} INFO - [2024-02-22T00:08:00.067+0000] {dag.py:3823} INFO - Setting next_dagrun for example_sensors to None, run_after=None
[2024-02-22T00:08:00.094+0000] {processor.py:183} INFO - Processing /home/ubuntu/reddit_venv/lib/python3.10/site-packages/airflow/example_dags/example_sensors.py took 0.090 seconds
[2024-02-22T00:08:57.946+0000] {processor.py:161} INFO - Started process (PID=7986) to work on /home/ubuntu/reddit_venv/lib/python3.10/site-packages/airflow/example_dags/example_sensors.py
[2024-02-22T00:08:57.947+0000] {processor.py:830} INFO - Processing file /home/ubuntu/reddit_venv/lib/python3.10/site-packages/airflow/example_dags/example_sensors.py for tasks to queue
[2024-02-22T00:08:57.948+0000] {logging_mixin.py:188} INFO - [2024-02-22T00:08:57.948+0000] {dagbag.py:538} INFO - Filling up the DagBag from /home/ubuntu/reddit_venv/lib/python3.10/site-packages/airflow/example_dags/example_sensors.py
[2024-02-22T00:08:57.959+0000] {processor.py:840} INFO - DAG(s) 'example_sensors' retrieved from /home/ubuntu/reddit_venv/lib/python3.10/site-packages/airflow/example_dags/example_sensors.py
[2024-02-22T00:08:57.980+0000] {logging_mixin.py:188} INFO - [2024-02-22T00:08:57.980+0000] {dag.py:3036} INFO - Sync 1 DAGs
[2024-02-22T00:08:57.992+0000] {logging_mixin.py:188} INFO - [2024-02-22T00:08:57.991+0000] {dag.py:3823} INFO - Setting next_dagrun for example_sensors to None, run_after=None
[2024-02-22T00:08:58.023+0000] {processor.py:183} INFO - Processing /home/ubuntu/reddit_venv/lib/python3.10/site-packages/airflow/example_dags/example_sensors.py took 0.081 seconds
[2024-02-22T00:09:57.588+0000] {processor.py:161} INFO - Started process (PID=8111) to work on /home/ubuntu/reddit_venv/lib/python3.10/site-packages/airflow/example_dags/example_sensors.py
[2024-02-22T00:09:57.589+0000] {processor.py:830} INFO - Processing file /home/ubuntu/reddit_venv/lib/python3.10/site-packages/airflow/example_dags/example_sensors.py for tasks to queue
[2024-02-22T00:09:57.590+0000] {logging_mixin.py:188} INFO - [2024-02-22T00:09:57.590+0000] {dagbag.py:538} INFO - Filling up the DagBag from /home/ubuntu/reddit_venv/lib/python3.10/site-packages/airflow/example_dags/example_sensors.py
[2024-02-22T00:09:57.601+0000] {processor.py:840} INFO - DAG(s) 'example_sensors' retrieved from /home/ubuntu/reddit_venv/lib/python3.10/site-packages/airflow/example_dags/example_sensors.py
[2024-02-22T00:09:57.621+0000] {logging_mixin.py:188} INFO - [2024-02-22T00:09:57.621+0000] {dag.py:3036} INFO - Sync 1 DAGs
[2024-02-22T00:09:57.633+0000] {logging_mixin.py:188} INFO - [2024-02-22T00:09:57.633+0000] {dag.py:3823} INFO - Setting next_dagrun for example_sensors to None, run_after=None
[2024-02-22T00:09:57.656+0000] {processor.py:183} INFO - Processing /home/ubuntu/reddit_venv/lib/python3.10/site-packages/airflow/example_dags/example_sensors.py took 0.072 seconds
[2024-02-22T00:10:56.945+0000] {processor.py:161} INFO - Started process (PID=8239) to work on /home/ubuntu/reddit_venv/lib/python3.10/site-packages/airflow/example_dags/example_sensors.py
[2024-02-22T00:10:56.947+0000] {processor.py:830} INFO - Processing file /home/ubuntu/reddit_venv/lib/python3.10/site-packages/airflow/example_dags/example_sensors.py for tasks to queue
[2024-02-22T00:10:56.948+0000] {logging_mixin.py:188} INFO - [2024-02-22T00:10:56.947+0000] {dagbag.py:538} INFO - Filling up the DagBag from /home/ubuntu/reddit_venv/lib/python3.10/site-packages/airflow/example_dags/example_sensors.py
[2024-02-22T00:10:56.958+0000] {processor.py:840} INFO - DAG(s) 'example_sensors' retrieved from /home/ubuntu/reddit_venv/lib/python3.10/site-packages/airflow/example_dags/example_sensors.py
[2024-02-22T00:10:56.979+0000] {logging_mixin.py:188} INFO - [2024-02-22T00:10:56.979+0000] {dag.py:3036} INFO - Sync 1 DAGs
[2024-02-22T00:10:56.991+0000] {logging_mixin.py:188} INFO - [2024-02-22T00:10:56.991+0000] {dag.py:3823} INFO - Setting next_dagrun for example_sensors to None, run_after=None
[2024-02-22T00:10:57.014+0000] {processor.py:183} INFO - Processing /home/ubuntu/reddit_venv/lib/python3.10/site-packages/airflow/example_dags/example_sensors.py took 0.072 seconds
[2024-02-22T00:11:39.923+0000] {processor.py:161} INFO - Started process (PID=8286) to work on /home/ubuntu/reddit_venv/lib/python3.10/site-packages/airflow/example_dags/example_sensors.py
[2024-02-22T00:11:39.925+0000] {processor.py:830} INFO - Processing file /home/ubuntu/reddit_venv/lib/python3.10/site-packages/airflow/example_dags/example_sensors.py for tasks to queue
[2024-02-22T00:11:39.926+0000] {logging_mixin.py:188} INFO - [2024-02-22T00:11:39.925+0000] {dagbag.py:538} INFO - Filling up the DagBag from /home/ubuntu/reddit_venv/lib/python3.10/site-packages/airflow/example_dags/example_sensors.py
[2024-02-22T00:11:39.936+0000] {processor.py:840} INFO - DAG(s) 'example_sensors' retrieved from /home/ubuntu/reddit_venv/lib/python3.10/site-packages/airflow/example_dags/example_sensors.py
[2024-02-22T00:11:39.956+0000] {logging_mixin.py:188} INFO - [2024-02-22T00:11:39.956+0000] {dag.py:3036} INFO - Sync 1 DAGs
[2024-02-22T00:11:39.967+0000] {logging_mixin.py:188} INFO - [2024-02-22T00:11:39.967+0000] {dag.py:3823} INFO - Setting next_dagrun for example_sensors to None, run_after=None
[2024-02-22T00:11:40.004+0000] {processor.py:183} INFO - Processing /home/ubuntu/reddit_venv/lib/python3.10/site-packages/airflow/example_dags/example_sensors.py took 0.084 seconds
[2024-02-22T00:12:21.876+0000] {processor.py:161} INFO - Started process (PID=8452) to work on /home/ubuntu/reddit_venv/lib/python3.10/site-packages/airflow/example_dags/example_sensors.py
[2024-02-22T00:12:21.877+0000] {processor.py:830} INFO - Processing file /home/ubuntu/reddit_venv/lib/python3.10/site-packages/airflow/example_dags/example_sensors.py for tasks to queue
[2024-02-22T00:12:21.878+0000] {logging_mixin.py:188} INFO - [2024-02-22T00:12:21.878+0000] {dagbag.py:538} INFO - Filling up the DagBag from /home/ubuntu/reddit_venv/lib/python3.10/site-packages/airflow/example_dags/example_sensors.py
[2024-02-22T00:12:21.889+0000] {processor.py:840} INFO - DAG(s) 'example_sensors' retrieved from /home/ubuntu/reddit_venv/lib/python3.10/site-packages/airflow/example_dags/example_sensors.py
[2024-02-22T00:12:21.909+0000] {logging_mixin.py:188} INFO - [2024-02-22T00:12:21.909+0000] {dag.py:3036} INFO - Sync 1 DAGs
[2024-02-22T00:12:21.921+0000] {logging_mixin.py:188} INFO - [2024-02-22T00:12:21.921+0000] {dag.py:3823} INFO - Setting next_dagrun for example_sensors to None, run_after=None
[2024-02-22T00:12:21.943+0000] {processor.py:183} INFO - Processing /home/ubuntu/reddit_venv/lib/python3.10/site-packages/airflow/example_dags/example_sensors.py took 0.070 seconds
[2024-02-22T00:13:23.162+0000] {processor.py:161} INFO - Started process (PID=8584) to work on /home/ubuntu/reddit_venv/lib/python3.10/site-packages/airflow/example_dags/example_sensors.py
[2024-02-22T00:13:23.164+0000] {processor.py:830} INFO - Processing file /home/ubuntu/reddit_venv/lib/python3.10/site-packages/airflow/example_dags/example_sensors.py for tasks to queue
[2024-02-22T00:13:23.165+0000] {logging_mixin.py:188} INFO - [2024-02-22T00:13:23.164+0000] {dagbag.py:538} INFO - Filling up the DagBag from /home/ubuntu/reddit_venv/lib/python3.10/site-packages/airflow/example_dags/example_sensors.py
[2024-02-22T00:13:23.176+0000] {processor.py:840} INFO - DAG(s) 'example_sensors' retrieved from /home/ubuntu/reddit_venv/lib/python3.10/site-packages/airflow/example_dags/example_sensors.py
[2024-02-22T00:13:23.197+0000] {logging_mixin.py:188} INFO - [2024-02-22T00:13:23.197+0000] {dag.py:3036} INFO - Sync 1 DAGs
[2024-02-22T00:13:23.210+0000] {logging_mixin.py:188} INFO - [2024-02-22T00:13:23.209+0000] {dag.py:3823} INFO - Setting next_dagrun for example_sensors to None, run_after=None
[2024-02-22T00:13:23.238+0000] {processor.py:183} INFO - Processing /home/ubuntu/reddit_venv/lib/python3.10/site-packages/airflow/example_dags/example_sensors.py took 0.079 seconds
