[2024-02-22T00:00:25.715+0000] {processor.py:161} INFO - Started process (PID=4135) to work on /home/ubuntu/reddit_venv/lib/python3.10/site-packages/airflow/example_dags/example_branch_operator_decorator.py
[2024-02-22T00:00:25.716+0000] {processor.py:830} INFO - Processing file /home/ubuntu/reddit_venv/lib/python3.10/site-packages/airflow/example_dags/example_branch_operator_decorator.py for tasks to queue
[2024-02-22T00:00:25.717+0000] {logging_mixin.py:188} INFO - [2024-02-22T00:00:25.716+0000] {dagbag.py:538} INFO - Filling up the DagBag from /home/ubuntu/reddit_venv/lib/python3.10/site-packages/airflow/example_dags/example_branch_operator_decorator.py
[2024-02-22T00:00:25.741+0000] {processor.py:840} INFO - DAG(s) 'example_branch_python_operator_decorator' retrieved from /home/ubuntu/reddit_venv/lib/python3.10/site-packages/airflow/example_dags/example_branch_operator_decorator.py
[2024-02-22T00:00:25.765+0000] {logging_mixin.py:188} INFO - [2024-02-22T00:00:25.764+0000] {dag.py:3036} INFO - Sync 1 DAGs
[2024-02-22T00:00:25.787+0000] {logging_mixin.py:188} INFO - [2024-02-22T00:00:25.787+0000] {dag.py:3823} INFO - Setting next_dagrun for example_branch_python_operator_decorator to 2024-02-21 00:00:00+00:00, run_after=2024-02-22 00:00:00+00:00
[2024-02-22T00:00:25.811+0000] {processor.py:183} INFO - Processing /home/ubuntu/reddit_venv/lib/python3.10/site-packages/airflow/example_dags/example_branch_operator_decorator.py took 0.100 seconds
[2024-02-22T00:01:36.999+0000] {processor.py:161} INFO - Started process (PID=4858) to work on /home/ubuntu/reddit_venv/lib/python3.10/site-packages/airflow/example_dags/example_branch_operator_decorator.py
[2024-02-22T00:01:37.000+0000] {processor.py:830} INFO - Processing file /home/ubuntu/reddit_venv/lib/python3.10/site-packages/airflow/example_dags/example_branch_operator_decorator.py for tasks to queue
[2024-02-22T00:01:37.001+0000] {logging_mixin.py:188} INFO - [2024-02-22T00:01:37.001+0000] {dagbag.py:538} INFO - Filling up the DagBag from /home/ubuntu/reddit_venv/lib/python3.10/site-packages/airflow/example_dags/example_branch_operator_decorator.py
[2024-02-22T00:01:37.025+0000] {processor.py:840} INFO - DAG(s) 'example_branch_python_operator_decorator' retrieved from /home/ubuntu/reddit_venv/lib/python3.10/site-packages/airflow/example_dags/example_branch_operator_decorator.py
[2024-02-22T00:01:37.048+0000] {logging_mixin.py:188} INFO - [2024-02-22T00:01:37.048+0000] {dag.py:3036} INFO - Sync 1 DAGs
[2024-02-22T00:01:37.070+0000] {logging_mixin.py:188} INFO - [2024-02-22T00:01:37.070+0000] {dag.py:3823} INFO - Setting next_dagrun for example_branch_python_operator_decorator to 2024-02-21 00:00:00+00:00, run_after=2024-02-22 00:00:00+00:00
[2024-02-22T00:01:37.093+0000] {processor.py:183} INFO - Processing /home/ubuntu/reddit_venv/lib/python3.10/site-packages/airflow/example_dags/example_branch_operator_decorator.py took 0.098 seconds
[2024-02-22T00:03:47.038+0000] {processor.py:161} INFO - Started process (PID=6197) to work on /home/ubuntu/reddit_venv/lib/python3.10/site-packages/airflow/example_dags/example_branch_operator_decorator.py
[2024-02-22T00:03:47.039+0000] {processor.py:830} INFO - Processing file /home/ubuntu/reddit_venv/lib/python3.10/site-packages/airflow/example_dags/example_branch_operator_decorator.py for tasks to queue
[2024-02-22T00:03:47.040+0000] {logging_mixin.py:188} INFO - [2024-02-22T00:03:47.040+0000] {dagbag.py:538} INFO - Filling up the DagBag from /home/ubuntu/reddit_venv/lib/python3.10/site-packages/airflow/example_dags/example_branch_operator_decorator.py
[2024-02-22T00:03:47.065+0000] {processor.py:840} INFO - DAG(s) 'example_branch_python_operator_decorator' retrieved from /home/ubuntu/reddit_venv/lib/python3.10/site-packages/airflow/example_dags/example_branch_operator_decorator.py
[2024-02-22T00:03:47.090+0000] {logging_mixin.py:188} INFO - [2024-02-22T00:03:47.089+0000] {dag.py:3036} INFO - Sync 1 DAGs
[2024-02-22T00:03:47.112+0000] {logging_mixin.py:188} INFO - [2024-02-22T00:03:47.112+0000] {dag.py:3823} INFO - Setting next_dagrun for example_branch_python_operator_decorator to 2024-02-21 00:00:00+00:00, run_after=2024-02-22 00:00:00+00:00
[2024-02-22T00:03:47.140+0000] {processor.py:183} INFO - Processing /home/ubuntu/reddit_venv/lib/python3.10/site-packages/airflow/example_dags/example_branch_operator_decorator.py took 0.106 seconds
[2024-02-22T00:05:42.550+0000] {processor.py:161} INFO - Started process (PID=7345) to work on /home/ubuntu/reddit_venv/lib/python3.10/site-packages/airflow/example_dags/example_branch_operator_decorator.py
[2024-02-22T00:05:42.551+0000] {processor.py:830} INFO - Processing file /home/ubuntu/reddit_venv/lib/python3.10/site-packages/airflow/example_dags/example_branch_operator_decorator.py for tasks to queue
[2024-02-22T00:05:42.552+0000] {logging_mixin.py:188} INFO - [2024-02-22T00:05:42.552+0000] {dagbag.py:538} INFO - Filling up the DagBag from /home/ubuntu/reddit_venv/lib/python3.10/site-packages/airflow/example_dags/example_branch_operator_decorator.py
[2024-02-22T00:05:42.575+0000] {processor.py:840} INFO - DAG(s) 'example_branch_python_operator_decorator' retrieved from /home/ubuntu/reddit_venv/lib/python3.10/site-packages/airflow/example_dags/example_branch_operator_decorator.py
[2024-02-22T00:05:42.599+0000] {logging_mixin.py:188} INFO - [2024-02-22T00:05:42.599+0000] {dag.py:3036} INFO - Sync 1 DAGs
[2024-02-22T00:05:42.621+0000] {logging_mixin.py:188} INFO - [2024-02-22T00:05:42.621+0000] {dag.py:3823} INFO - Setting next_dagrun for example_branch_python_operator_decorator to 2024-02-21 00:00:00+00:00, run_after=2024-02-22 00:00:00+00:00
[2024-02-22T00:05:42.644+0000] {processor.py:183} INFO - Processing /home/ubuntu/reddit_venv/lib/python3.10/site-packages/airflow/example_dags/example_branch_operator_decorator.py took 0.097 seconds
[2024-02-22T00:06:43.203+0000] {processor.py:161} INFO - Started process (PID=7590) to work on /home/ubuntu/reddit_venv/lib/python3.10/site-packages/airflow/example_dags/example_branch_operator_decorator.py
[2024-02-22T00:06:43.205+0000] {processor.py:830} INFO - Processing file /home/ubuntu/reddit_venv/lib/python3.10/site-packages/airflow/example_dags/example_branch_operator_decorator.py for tasks to queue
[2024-02-22T00:06:43.206+0000] {logging_mixin.py:188} INFO - [2024-02-22T00:06:43.205+0000] {dagbag.py:538} INFO - Filling up the DagBag from /home/ubuntu/reddit_venv/lib/python3.10/site-packages/airflow/example_dags/example_branch_operator_decorator.py
[2024-02-22T00:06:43.229+0000] {processor.py:840} INFO - DAG(s) 'example_branch_python_operator_decorator' retrieved from /home/ubuntu/reddit_venv/lib/python3.10/site-packages/airflow/example_dags/example_branch_operator_decorator.py
[2024-02-22T00:06:43.252+0000] {logging_mixin.py:188} INFO - [2024-02-22T00:06:43.252+0000] {dag.py:3036} INFO - Sync 1 DAGs
[2024-02-22T00:06:43.275+0000] {logging_mixin.py:188} INFO - [2024-02-22T00:06:43.274+0000] {dag.py:3823} INFO - Setting next_dagrun for example_branch_python_operator_decorator to 2024-02-21 00:00:00+00:00, run_after=2024-02-22 00:00:00+00:00
[2024-02-22T00:06:43.298+0000] {processor.py:183} INFO - Processing /home/ubuntu/reddit_venv/lib/python3.10/site-packages/airflow/example_dags/example_branch_operator_decorator.py took 0.099 seconds
[2024-02-22T00:07:44.638+0000] {processor.py:161} INFO - Started process (PID=7782) to work on /home/ubuntu/reddit_venv/lib/python3.10/site-packages/airflow/example_dags/example_branch_operator_decorator.py
[2024-02-22T00:07:44.640+0000] {processor.py:830} INFO - Processing file /home/ubuntu/reddit_venv/lib/python3.10/site-packages/airflow/example_dags/example_branch_operator_decorator.py for tasks to queue
[2024-02-22T00:07:44.641+0000] {logging_mixin.py:188} INFO - [2024-02-22T00:07:44.640+0000] {dagbag.py:538} INFO - Filling up the DagBag from /home/ubuntu/reddit_venv/lib/python3.10/site-packages/airflow/example_dags/example_branch_operator_decorator.py
[2024-02-22T00:07:44.665+0000] {processor.py:840} INFO - DAG(s) 'example_branch_python_operator_decorator' retrieved from /home/ubuntu/reddit_venv/lib/python3.10/site-packages/airflow/example_dags/example_branch_operator_decorator.py
[2024-02-22T00:07:44.689+0000] {logging_mixin.py:188} INFO - [2024-02-22T00:07:44.689+0000] {dag.py:3036} INFO - Sync 1 DAGs
[2024-02-22T00:07:44.711+0000] {logging_mixin.py:188} INFO - [2024-02-22T00:07:44.710+0000] {dag.py:3823} INFO - Setting next_dagrun for example_branch_python_operator_decorator to 2024-02-21 00:00:00+00:00, run_after=2024-02-22 00:00:00+00:00
[2024-02-22T00:07:44.735+0000] {processor.py:183} INFO - Processing /home/ubuntu/reddit_venv/lib/python3.10/site-packages/airflow/example_dags/example_branch_operator_decorator.py took 0.100 seconds
[2024-02-22T00:08:44.215+0000] {processor.py:161} INFO - Started process (PID=7908) to work on /home/ubuntu/reddit_venv/lib/python3.10/site-packages/airflow/example_dags/example_branch_operator_decorator.py
[2024-02-22T00:08:44.217+0000] {processor.py:830} INFO - Processing file /home/ubuntu/reddit_venv/lib/python3.10/site-packages/airflow/example_dags/example_branch_operator_decorator.py for tasks to queue
[2024-02-22T00:08:44.218+0000] {logging_mixin.py:188} INFO - [2024-02-22T00:08:44.217+0000] {dagbag.py:538} INFO - Filling up the DagBag from /home/ubuntu/reddit_venv/lib/python3.10/site-packages/airflow/example_dags/example_branch_operator_decorator.py
[2024-02-22T00:08:44.241+0000] {processor.py:840} INFO - DAG(s) 'example_branch_python_operator_decorator' retrieved from /home/ubuntu/reddit_venv/lib/python3.10/site-packages/airflow/example_dags/example_branch_operator_decorator.py
[2024-02-22T00:08:44.264+0000] {logging_mixin.py:188} INFO - [2024-02-22T00:08:44.264+0000] {dag.py:3036} INFO - Sync 1 DAGs
[2024-02-22T00:08:44.289+0000] {logging_mixin.py:188} INFO - [2024-02-22T00:08:44.289+0000] {dag.py:3823} INFO - Setting next_dagrun for example_branch_python_operator_decorator to 2024-02-21 00:00:00+00:00, run_after=2024-02-22 00:00:00+00:00
[2024-02-22T00:08:44.313+0000] {processor.py:183} INFO - Processing /home/ubuntu/reddit_venv/lib/python3.10/site-packages/airflow/example_dags/example_branch_operator_decorator.py took 0.101 seconds
[2024-02-22T00:09:41.187+0000] {processor.py:161} INFO - Started process (PID=8032) to work on /home/ubuntu/reddit_venv/lib/python3.10/site-packages/airflow/example_dags/example_branch_operator_decorator.py
[2024-02-22T00:09:41.188+0000] {processor.py:830} INFO - Processing file /home/ubuntu/reddit_venv/lib/python3.10/site-packages/airflow/example_dags/example_branch_operator_decorator.py for tasks to queue
[2024-02-22T00:09:41.189+0000] {logging_mixin.py:188} INFO - [2024-02-22T00:09:41.189+0000] {dagbag.py:538} INFO - Filling up the DagBag from /home/ubuntu/reddit_venv/lib/python3.10/site-packages/airflow/example_dags/example_branch_operator_decorator.py
[2024-02-22T00:09:41.213+0000] {processor.py:840} INFO - DAG(s) 'example_branch_python_operator_decorator' retrieved from /home/ubuntu/reddit_venv/lib/python3.10/site-packages/airflow/example_dags/example_branch_operator_decorator.py
[2024-02-22T00:09:41.236+0000] {logging_mixin.py:188} INFO - [2024-02-22T00:09:41.236+0000] {dag.py:3036} INFO - Sync 1 DAGs
[2024-02-22T00:09:41.258+0000] {logging_mixin.py:188} INFO - [2024-02-22T00:09:41.257+0000] {dag.py:3823} INFO - Setting next_dagrun for example_branch_python_operator_decorator to 2024-02-21 00:00:00+00:00, run_after=2024-02-22 00:00:00+00:00
[2024-02-22T00:09:41.281+0000] {processor.py:183} INFO - Processing /home/ubuntu/reddit_venv/lib/python3.10/site-packages/airflow/example_dags/example_branch_operator_decorator.py took 0.097 seconds
[2024-02-22T00:10:42.425+0000] {processor.py:161} INFO - Started process (PID=8162) to work on /home/ubuntu/reddit_venv/lib/python3.10/site-packages/airflow/example_dags/example_branch_operator_decorator.py
[2024-02-22T00:10:42.427+0000] {processor.py:830} INFO - Processing file /home/ubuntu/reddit_venv/lib/python3.10/site-packages/airflow/example_dags/example_branch_operator_decorator.py for tasks to queue
[2024-02-22T00:10:42.428+0000] {logging_mixin.py:188} INFO - [2024-02-22T00:10:42.427+0000] {dagbag.py:538} INFO - Filling up the DagBag from /home/ubuntu/reddit_venv/lib/python3.10/site-packages/airflow/example_dags/example_branch_operator_decorator.py
[2024-02-22T00:10:42.452+0000] {processor.py:840} INFO - DAG(s) 'example_branch_python_operator_decorator' retrieved from /home/ubuntu/reddit_venv/lib/python3.10/site-packages/airflow/example_dags/example_branch_operator_decorator.py
[2024-02-22T00:10:42.475+0000] {logging_mixin.py:188} INFO - [2024-02-22T00:10:42.475+0000] {dag.py:3036} INFO - Sync 1 DAGs
[2024-02-22T00:10:42.497+0000] {logging_mixin.py:188} INFO - [2024-02-22T00:10:42.496+0000] {dag.py:3823} INFO - Setting next_dagrun for example_branch_python_operator_decorator to 2024-02-21 00:00:00+00:00, run_after=2024-02-22 00:00:00+00:00
[2024-02-22T00:10:42.520+0000] {processor.py:183} INFO - Processing /home/ubuntu/reddit_venv/lib/python3.10/site-packages/airflow/example_dags/example_branch_operator_decorator.py took 0.098 seconds
[2024-02-22T00:11:45.405+0000] {processor.py:161} INFO - Started process (PID=8291) to work on /home/ubuntu/reddit_venv/lib/python3.10/site-packages/airflow/example_dags/example_branch_operator_decorator.py
[2024-02-22T00:11:45.407+0000] {processor.py:830} INFO - Processing file /home/ubuntu/reddit_venv/lib/python3.10/site-packages/airflow/example_dags/example_branch_operator_decorator.py for tasks to queue
[2024-02-22T00:11:45.408+0000] {logging_mixin.py:188} INFO - [2024-02-22T00:11:45.408+0000] {dagbag.py:538} INFO - Filling up the DagBag from /home/ubuntu/reddit_venv/lib/python3.10/site-packages/airflow/example_dags/example_branch_operator_decorator.py
[2024-02-22T00:11:45.433+0000] {processor.py:840} INFO - DAG(s) 'example_branch_python_operator_decorator' retrieved from /home/ubuntu/reddit_venv/lib/python3.10/site-packages/airflow/example_dags/example_branch_operator_decorator.py
[2024-02-22T00:11:45.459+0000] {logging_mixin.py:188} INFO - [2024-02-22T00:11:45.459+0000] {dag.py:3036} INFO - Sync 1 DAGs
[2024-02-22T00:11:45.481+0000] {logging_mixin.py:188} INFO - [2024-02-22T00:11:45.480+0000] {dag.py:3823} INFO - Setting next_dagrun for example_branch_python_operator_decorator to 2024-02-21 00:00:00+00:00, run_after=2024-02-22 00:00:00+00:00
[2024-02-22T00:11:45.504+0000] {processor.py:183} INFO - Processing /home/ubuntu/reddit_venv/lib/python3.10/site-packages/airflow/example_dags/example_branch_operator_decorator.py took 0.103 seconds
[2024-02-22T00:12:47.362+0000] {processor.py:161} INFO - Started process (PID=8482) to work on /home/ubuntu/reddit_venv/lib/python3.10/site-packages/airflow/example_dags/example_branch_operator_decorator.py
[2024-02-22T00:12:47.364+0000] {processor.py:830} INFO - Processing file /home/ubuntu/reddit_venv/lib/python3.10/site-packages/airflow/example_dags/example_branch_operator_decorator.py for tasks to queue
[2024-02-22T00:12:47.365+0000] {logging_mixin.py:188} INFO - [2024-02-22T00:12:47.364+0000] {dagbag.py:538} INFO - Filling up the DagBag from /home/ubuntu/reddit_venv/lib/python3.10/site-packages/airflow/example_dags/example_branch_operator_decorator.py
[2024-02-22T00:12:47.388+0000] {processor.py:840} INFO - DAG(s) 'example_branch_python_operator_decorator' retrieved from /home/ubuntu/reddit_venv/lib/python3.10/site-packages/airflow/example_dags/example_branch_operator_decorator.py
[2024-02-22T00:12:47.411+0000] {logging_mixin.py:188} INFO - [2024-02-22T00:12:47.411+0000] {dag.py:3036} INFO - Sync 1 DAGs
[2024-02-22T00:12:47.432+0000] {logging_mixin.py:188} INFO - [2024-02-22T00:12:47.432+0000] {dag.py:3823} INFO - Setting next_dagrun for example_branch_python_operator_decorator to 2024-02-21 00:00:00+00:00, run_after=2024-02-22 00:00:00+00:00
[2024-02-22T00:12:47.454+0000] {processor.py:183} INFO - Processing /home/ubuntu/reddit_venv/lib/python3.10/site-packages/airflow/example_dags/example_branch_operator_decorator.py took 0.096 seconds
