[2024-02-22T00:00:36.036+0000] {processor.py:161} INFO - Started process (PID=4275) to work on /home/ubuntu/reddit_venv/lib/python3.10/site-packages/airflow/example_dags/example_task_group_decorator.py
[2024-02-22T00:00:36.037+0000] {processor.py:830} INFO - Processing file /home/ubuntu/reddit_venv/lib/python3.10/site-packages/airflow/example_dags/example_task_group_decorator.py for tasks to queue
[2024-02-22T00:00:36.038+0000] {logging_mixin.py:188} INFO - [2024-02-22T00:00:36.037+0000] {dagbag.py:538} INFO - Filling up the DagBag from /home/ubuntu/reddit_venv/lib/python3.10/site-packages/airflow/example_dags/example_task_group_decorator.py
[2024-02-22T00:00:36.055+0000] {processor.py:840} INFO - DAG(s) 'example_task_group_decorator' retrieved from /home/ubuntu/reddit_venv/lib/python3.10/site-packages/airflow/example_dags/example_task_group_decorator.py
[2024-02-22T00:00:36.076+0000] {logging_mixin.py:188} INFO - [2024-02-22T00:00:36.075+0000] {dag.py:3036} INFO - Sync 1 DAGs
[2024-02-22T00:00:36.097+0000] {logging_mixin.py:188} INFO - [2024-02-22T00:00:36.096+0000] {dag.py:3823} INFO - Setting next_dagrun for example_task_group_decorator to 2024-02-21 00:00:00+00:00, run_after=2024-02-22 00:00:00+00:00
[2024-02-22T00:00:36.121+0000] {processor.py:183} INFO - Processing /home/ubuntu/reddit_venv/lib/python3.10/site-packages/airflow/example_dags/example_task_group_decorator.py took 0.088 seconds
[2024-02-22T00:01:22.662+0000] {processor.py:161} INFO - Started process (PID=4664) to work on /home/ubuntu/reddit_venv/lib/python3.10/site-packages/airflow/example_dags/example_task_group_decorator.py
[2024-02-22T00:01:22.664+0000] {processor.py:830} INFO - Processing file /home/ubuntu/reddit_venv/lib/python3.10/site-packages/airflow/example_dags/example_task_group_decorator.py for tasks to queue
[2024-02-22T00:01:22.665+0000] {logging_mixin.py:188} INFO - [2024-02-22T00:01:22.664+0000] {dagbag.py:538} INFO - Filling up the DagBag from /home/ubuntu/reddit_venv/lib/python3.10/site-packages/airflow/example_dags/example_task_group_decorator.py
[2024-02-22T00:01:22.682+0000] {processor.py:840} INFO - DAG(s) 'example_task_group_decorator' retrieved from /home/ubuntu/reddit_venv/lib/python3.10/site-packages/airflow/example_dags/example_task_group_decorator.py
[2024-02-22T00:01:22.702+0000] {logging_mixin.py:188} INFO - [2024-02-22T00:01:22.702+0000] {dag.py:3036} INFO - Sync 1 DAGs
[2024-02-22T00:01:22.724+0000] {logging_mixin.py:188} INFO - [2024-02-22T00:01:22.724+0000] {dag.py:3823} INFO - Setting next_dagrun for example_task_group_decorator to 2024-02-21 00:00:00+00:00, run_after=2024-02-22 00:00:00+00:00
[2024-02-22T00:01:22.746+0000] {processor.py:183} INFO - Processing /home/ubuntu/reddit_venv/lib/python3.10/site-packages/airflow/example_dags/example_task_group_decorator.py took 0.087 seconds
[2024-02-22T00:03:10.654+0000] {processor.py:161} INFO - Started process (PID=6062) to work on /home/ubuntu/reddit_venv/lib/python3.10/site-packages/airflow/example_dags/example_task_group_decorator.py
[2024-02-22T00:03:10.655+0000] {processor.py:830} INFO - Processing file /home/ubuntu/reddit_venv/lib/python3.10/site-packages/airflow/example_dags/example_task_group_decorator.py for tasks to queue
[2024-02-22T00:03:10.656+0000] {logging_mixin.py:188} INFO - [2024-02-22T00:03:10.656+0000] {dagbag.py:538} INFO - Filling up the DagBag from /home/ubuntu/reddit_venv/lib/python3.10/site-packages/airflow/example_dags/example_task_group_decorator.py
[2024-02-22T00:03:10.674+0000] {processor.py:840} INFO - DAG(s) 'example_task_group_decorator' retrieved from /home/ubuntu/reddit_venv/lib/python3.10/site-packages/airflow/example_dags/example_task_group_decorator.py
[2024-02-22T00:03:10.695+0000] {logging_mixin.py:188} INFO - [2024-02-22T00:03:10.695+0000] {dag.py:3036} INFO - Sync 1 DAGs
[2024-02-22T00:03:10.716+0000] {logging_mixin.py:188} INFO - [2024-02-22T00:03:10.716+0000] {dag.py:3823} INFO - Setting next_dagrun for example_task_group_decorator to 2024-02-21 00:00:00+00:00, run_after=2024-02-22 00:00:00+00:00
[2024-02-22T00:03:10.739+0000] {processor.py:183} INFO - Processing /home/ubuntu/reddit_venv/lib/python3.10/site-packages/airflow/example_dags/example_task_group_decorator.py took 0.088 seconds
[2024-02-22T00:04:30.029+0000] {processor.py:161} INFO - Started process (PID=6660) to work on /home/ubuntu/reddit_venv/lib/python3.10/site-packages/airflow/example_dags/example_task_group_decorator.py
[2024-02-22T00:04:30.031+0000] {processor.py:830} INFO - Processing file /home/ubuntu/reddit_venv/lib/python3.10/site-packages/airflow/example_dags/example_task_group_decorator.py for tasks to queue
[2024-02-22T00:04:30.031+0000] {logging_mixin.py:188} INFO - [2024-02-22T00:04:30.031+0000] {dagbag.py:538} INFO - Filling up the DagBag from /home/ubuntu/reddit_venv/lib/python3.10/site-packages/airflow/example_dags/example_task_group_decorator.py
[2024-02-22T00:04:30.049+0000] {processor.py:840} INFO - DAG(s) 'example_task_group_decorator' retrieved from /home/ubuntu/reddit_venv/lib/python3.10/site-packages/airflow/example_dags/example_task_group_decorator.py
[2024-02-22T00:04:30.069+0000] {logging_mixin.py:188} INFO - [2024-02-22T00:04:30.069+0000] {dag.py:3036} INFO - Sync 1 DAGs
[2024-02-22T00:04:30.089+0000] {logging_mixin.py:188} INFO - [2024-02-22T00:04:30.089+0000] {dag.py:3823} INFO - Setting next_dagrun for example_task_group_decorator to 2024-02-21 00:00:00+00:00, run_after=2024-02-22 00:00:00+00:00
[2024-02-22T00:04:30.111+0000] {processor.py:183} INFO - Processing /home/ubuntu/reddit_venv/lib/python3.10/site-packages/airflow/example_dags/example_task_group_decorator.py took 0.086 seconds
[2024-02-22T00:05:54.501+0000] {processor.py:161} INFO - Started process (PID=7418) to work on /home/ubuntu/reddit_venv/lib/python3.10/site-packages/airflow/example_dags/example_task_group_decorator.py
[2024-02-22T00:05:54.504+0000] {processor.py:830} INFO - Processing file /home/ubuntu/reddit_venv/lib/python3.10/site-packages/airflow/example_dags/example_task_group_decorator.py for tasks to queue
[2024-02-22T00:05:54.505+0000] {logging_mixin.py:188} INFO - [2024-02-22T00:05:54.504+0000] {dagbag.py:538} INFO - Filling up the DagBag from /home/ubuntu/reddit_venv/lib/python3.10/site-packages/airflow/example_dags/example_task_group_decorator.py
[2024-02-22T00:05:54.523+0000] {processor.py:840} INFO - DAG(s) 'example_task_group_decorator' retrieved from /home/ubuntu/reddit_venv/lib/python3.10/site-packages/airflow/example_dags/example_task_group_decorator.py
[2024-02-22T00:05:54.544+0000] {logging_mixin.py:188} INFO - [2024-02-22T00:05:54.543+0000] {dag.py:3036} INFO - Sync 1 DAGs
[2024-02-22T00:05:54.565+0000] {logging_mixin.py:188} INFO - [2024-02-22T00:05:54.564+0000] {dag.py:3823} INFO - Setting next_dagrun for example_task_group_decorator to 2024-02-21 00:00:00+00:00, run_after=2024-02-22 00:00:00+00:00
[2024-02-22T00:05:54.588+0000] {processor.py:183} INFO - Processing /home/ubuntu/reddit_venv/lib/python3.10/site-packages/airflow/example_dags/example_task_group_decorator.py took 0.090 seconds
[2024-02-22T00:06:34.003+0000] {processor.py:161} INFO - Started process (PID=7581) to work on /home/ubuntu/reddit_venv/lib/python3.10/site-packages/airflow/example_dags/example_task_group_decorator.py
[2024-02-22T00:06:34.005+0000] {processor.py:830} INFO - Processing file /home/ubuntu/reddit_venv/lib/python3.10/site-packages/airflow/example_dags/example_task_group_decorator.py for tasks to queue
[2024-02-22T00:06:34.006+0000] {logging_mixin.py:188} INFO - [2024-02-22T00:06:34.005+0000] {dagbag.py:538} INFO - Filling up the DagBag from /home/ubuntu/reddit_venv/lib/python3.10/site-packages/airflow/example_dags/example_task_group_decorator.py
[2024-02-22T00:06:34.023+0000] {processor.py:840} INFO - DAG(s) 'example_task_group_decorator' retrieved from /home/ubuntu/reddit_venv/lib/python3.10/site-packages/airflow/example_dags/example_task_group_decorator.py
[2024-02-22T00:06:34.045+0000] {logging_mixin.py:188} INFO - [2024-02-22T00:06:34.044+0000] {dag.py:3036} INFO - Sync 1 DAGs
[2024-02-22T00:06:34.066+0000] {logging_mixin.py:188} INFO - [2024-02-22T00:06:34.066+0000] {dag.py:3823} INFO - Setting next_dagrun for example_task_group_decorator to 2024-02-21 00:00:00+00:00, run_after=2024-02-22 00:00:00+00:00
[2024-02-22T00:06:34.089+0000] {processor.py:183} INFO - Processing /home/ubuntu/reddit_venv/lib/python3.10/site-packages/airflow/example_dags/example_task_group_decorator.py took 0.090 seconds
[2024-02-22T00:07:16.665+0000] {processor.py:161} INFO - Started process (PID=7750) to work on /home/ubuntu/reddit_venv/lib/python3.10/site-packages/airflow/example_dags/example_task_group_decorator.py
[2024-02-22T00:07:16.666+0000] {processor.py:830} INFO - Processing file /home/ubuntu/reddit_venv/lib/python3.10/site-packages/airflow/example_dags/example_task_group_decorator.py for tasks to queue
[2024-02-22T00:07:16.667+0000] {logging_mixin.py:188} INFO - [2024-02-22T00:07:16.667+0000] {dagbag.py:538} INFO - Filling up the DagBag from /home/ubuntu/reddit_venv/lib/python3.10/site-packages/airflow/example_dags/example_task_group_decorator.py
[2024-02-22T00:07:16.685+0000] {processor.py:840} INFO - DAG(s) 'example_task_group_decorator' retrieved from /home/ubuntu/reddit_venv/lib/python3.10/site-packages/airflow/example_dags/example_task_group_decorator.py
[2024-02-22T00:07:16.705+0000] {logging_mixin.py:188} INFO - [2024-02-22T00:07:16.705+0000] {dag.py:3036} INFO - Sync 1 DAGs
[2024-02-22T00:07:16.725+0000] {logging_mixin.py:188} INFO - [2024-02-22T00:07:16.725+0000] {dag.py:3823} INFO - Setting next_dagrun for example_task_group_decorator to 2024-02-21 00:00:00+00:00, run_after=2024-02-22 00:00:00+00:00
[2024-02-22T00:07:16.748+0000] {processor.py:183} INFO - Processing /home/ubuntu/reddit_venv/lib/python3.10/site-packages/airflow/example_dags/example_task_group_decorator.py took 0.086 seconds
[2024-02-22T00:07:56.577+0000] {processor.py:161} INFO - Started process (PID=7855) to work on /home/ubuntu/reddit_venv/lib/python3.10/site-packages/airflow/example_dags/example_task_group_decorator.py
[2024-02-22T00:07:56.578+0000] {processor.py:830} INFO - Processing file /home/ubuntu/reddit_venv/lib/python3.10/site-packages/airflow/example_dags/example_task_group_decorator.py for tasks to queue
[2024-02-22T00:07:56.579+0000] {logging_mixin.py:188} INFO - [2024-02-22T00:07:56.579+0000] {dagbag.py:538} INFO - Filling up the DagBag from /home/ubuntu/reddit_venv/lib/python3.10/site-packages/airflow/example_dags/example_task_group_decorator.py
[2024-02-22T00:07:56.597+0000] {processor.py:840} INFO - DAG(s) 'example_task_group_decorator' retrieved from /home/ubuntu/reddit_venv/lib/python3.10/site-packages/airflow/example_dags/example_task_group_decorator.py
[2024-02-22T00:07:56.617+0000] {logging_mixin.py:188} INFO - [2024-02-22T00:07:56.616+0000] {dag.py:3036} INFO - Sync 1 DAGs
[2024-02-22T00:07:56.638+0000] {logging_mixin.py:188} INFO - [2024-02-22T00:07:56.638+0000] {dag.py:3823} INFO - Setting next_dagrun for example_task_group_decorator to 2024-02-21 00:00:00+00:00, run_after=2024-02-22 00:00:00+00:00
[2024-02-22T00:07:56.662+0000] {processor.py:183} INFO - Processing /home/ubuntu/reddit_venv/lib/python3.10/site-packages/airflow/example_dags/example_task_group_decorator.py took 0.089 seconds
[2024-02-22T00:08:36.680+0000] {processor.py:161} INFO - Started process (PID=7900) to work on /home/ubuntu/reddit_venv/lib/python3.10/site-packages/airflow/example_dags/example_task_group_decorator.py
[2024-02-22T00:08:36.681+0000] {processor.py:830} INFO - Processing file /home/ubuntu/reddit_venv/lib/python3.10/site-packages/airflow/example_dags/example_task_group_decorator.py for tasks to queue
[2024-02-22T00:08:36.682+0000] {logging_mixin.py:188} INFO - [2024-02-22T00:08:36.682+0000] {dagbag.py:538} INFO - Filling up the DagBag from /home/ubuntu/reddit_venv/lib/python3.10/site-packages/airflow/example_dags/example_task_group_decorator.py
[2024-02-22T00:08:36.699+0000] {processor.py:840} INFO - DAG(s) 'example_task_group_decorator' retrieved from /home/ubuntu/reddit_venv/lib/python3.10/site-packages/airflow/example_dags/example_task_group_decorator.py
[2024-02-22T00:08:36.719+0000] {logging_mixin.py:188} INFO - [2024-02-22T00:08:36.719+0000] {dag.py:3036} INFO - Sync 1 DAGs
[2024-02-22T00:08:36.739+0000] {logging_mixin.py:188} INFO - [2024-02-22T00:08:36.739+0000] {dag.py:3823} INFO - Setting next_dagrun for example_task_group_decorator to 2024-02-21 00:00:00+00:00, run_after=2024-02-22 00:00:00+00:00
[2024-02-22T00:08:36.761+0000] {processor.py:183} INFO - Processing /home/ubuntu/reddit_venv/lib/python3.10/site-packages/airflow/example_dags/example_task_group_decorator.py took 0.084 seconds
[2024-02-22T00:09:24.485+0000] {processor.py:161} INFO - Started process (PID=8015) to work on /home/ubuntu/reddit_venv/lib/python3.10/site-packages/airflow/example_dags/example_task_group_decorator.py
[2024-02-22T00:09:24.486+0000] {processor.py:830} INFO - Processing file /home/ubuntu/reddit_venv/lib/python3.10/site-packages/airflow/example_dags/example_task_group_decorator.py for tasks to queue
[2024-02-22T00:09:24.487+0000] {logging_mixin.py:188} INFO - [2024-02-22T00:09:24.487+0000] {dagbag.py:538} INFO - Filling up the DagBag from /home/ubuntu/reddit_venv/lib/python3.10/site-packages/airflow/example_dags/example_task_group_decorator.py
[2024-02-22T00:09:24.504+0000] {processor.py:840} INFO - DAG(s) 'example_task_group_decorator' retrieved from /home/ubuntu/reddit_venv/lib/python3.10/site-packages/airflow/example_dags/example_task_group_decorator.py
[2024-02-22T00:09:24.525+0000] {logging_mixin.py:188} INFO - [2024-02-22T00:09:24.524+0000] {dag.py:3036} INFO - Sync 1 DAGs
[2024-02-22T00:09:24.545+0000] {logging_mixin.py:188} INFO - [2024-02-22T00:09:24.545+0000] {dag.py:3823} INFO - Setting next_dagrun for example_task_group_decorator to 2024-02-21 00:00:00+00:00, run_after=2024-02-22 00:00:00+00:00
[2024-02-22T00:09:24.572+0000] {processor.py:183} INFO - Processing /home/ubuntu/reddit_venv/lib/python3.10/site-packages/airflow/example_dags/example_task_group_decorator.py took 0.090 seconds
[2024-02-22T00:10:07.783+0000] {processor.py:161} INFO - Started process (PID=8122) to work on /home/ubuntu/reddit_venv/lib/python3.10/site-packages/airflow/example_dags/example_task_group_decorator.py
[2024-02-22T00:10:07.784+0000] {processor.py:830} INFO - Processing file /home/ubuntu/reddit_venv/lib/python3.10/site-packages/airflow/example_dags/example_task_group_decorator.py for tasks to queue
[2024-02-22T00:10:07.785+0000] {logging_mixin.py:188} INFO - [2024-02-22T00:10:07.785+0000] {dagbag.py:538} INFO - Filling up the DagBag from /home/ubuntu/reddit_venv/lib/python3.10/site-packages/airflow/example_dags/example_task_group_decorator.py
[2024-02-22T00:10:07.802+0000] {processor.py:840} INFO - DAG(s) 'example_task_group_decorator' retrieved from /home/ubuntu/reddit_venv/lib/python3.10/site-packages/airflow/example_dags/example_task_group_decorator.py
[2024-02-22T00:10:07.822+0000] {logging_mixin.py:188} INFO - [2024-02-22T00:10:07.822+0000] {dag.py:3036} INFO - Sync 1 DAGs
[2024-02-22T00:10:07.844+0000] {logging_mixin.py:188} INFO - [2024-02-22T00:10:07.844+0000] {dag.py:3823} INFO - Setting next_dagrun for example_task_group_decorator to 2024-02-21 00:00:00+00:00, run_after=2024-02-22 00:00:00+00:00
[2024-02-22T00:10:07.868+0000] {processor.py:183} INFO - Processing /home/ubuntu/reddit_venv/lib/python3.10/site-packages/airflow/example_dags/example_task_group_decorator.py took 0.089 seconds
[2024-02-22T00:10:47.476+0000] {processor.py:161} INFO - Started process (PID=8167) to work on /home/ubuntu/reddit_venv/lib/python3.10/site-packages/airflow/example_dags/example_task_group_decorator.py
[2024-02-22T00:10:47.477+0000] {processor.py:830} INFO - Processing file /home/ubuntu/reddit_venv/lib/python3.10/site-packages/airflow/example_dags/example_task_group_decorator.py for tasks to queue
[2024-02-22T00:10:47.478+0000] {logging_mixin.py:188} INFO - [2024-02-22T00:10:47.478+0000] {dagbag.py:538} INFO - Filling up the DagBag from /home/ubuntu/reddit_venv/lib/python3.10/site-packages/airflow/example_dags/example_task_group_decorator.py
[2024-02-22T00:10:47.495+0000] {processor.py:840} INFO - DAG(s) 'example_task_group_decorator' retrieved from /home/ubuntu/reddit_venv/lib/python3.10/site-packages/airflow/example_dags/example_task_group_decorator.py
[2024-02-22T00:10:47.516+0000] {logging_mixin.py:188} INFO - [2024-02-22T00:10:47.516+0000] {dag.py:3036} INFO - Sync 1 DAGs
[2024-02-22T00:10:47.537+0000] {logging_mixin.py:188} INFO - [2024-02-22T00:10:47.537+0000] {dag.py:3823} INFO - Setting next_dagrun for example_task_group_decorator to 2024-02-21 00:00:00+00:00, run_after=2024-02-22 00:00:00+00:00
[2024-02-22T00:10:47.559+0000] {processor.py:183} INFO - Processing /home/ubuntu/reddit_venv/lib/python3.10/site-packages/airflow/example_dags/example_task_group_decorator.py took 0.087 seconds
[2024-02-22T00:11:28.871+0000] {processor.py:161} INFO - Started process (PID=8275) to work on /home/ubuntu/reddit_venv/lib/python3.10/site-packages/airflow/example_dags/example_task_group_decorator.py
[2024-02-22T00:11:28.872+0000] {processor.py:830} INFO - Processing file /home/ubuntu/reddit_venv/lib/python3.10/site-packages/airflow/example_dags/example_task_group_decorator.py for tasks to queue
[2024-02-22T00:11:28.873+0000] {logging_mixin.py:188} INFO - [2024-02-22T00:11:28.873+0000] {dagbag.py:538} INFO - Filling up the DagBag from /home/ubuntu/reddit_venv/lib/python3.10/site-packages/airflow/example_dags/example_task_group_decorator.py
[2024-02-22T00:11:28.891+0000] {processor.py:840} INFO - DAG(s) 'example_task_group_decorator' retrieved from /home/ubuntu/reddit_venv/lib/python3.10/site-packages/airflow/example_dags/example_task_group_decorator.py
[2024-02-22T00:11:28.911+0000] {logging_mixin.py:188} INFO - [2024-02-22T00:11:28.911+0000] {dag.py:3036} INFO - Sync 1 DAGs
[2024-02-22T00:11:28.932+0000] {logging_mixin.py:188} INFO - [2024-02-22T00:11:28.931+0000] {dag.py:3823} INFO - Setting next_dagrun for example_task_group_decorator to 2024-02-21 00:00:00+00:00, run_after=2024-02-22 00:00:00+00:00
[2024-02-22T00:11:28.956+0000] {processor.py:183} INFO - Processing /home/ubuntu/reddit_venv/lib/python3.10/site-packages/airflow/example_dags/example_task_group_decorator.py took 0.088 seconds
[2024-02-22T00:12:11.313+0000] {processor.py:161} INFO - Started process (PID=8441) to work on /home/ubuntu/reddit_venv/lib/python3.10/site-packages/airflow/example_dags/example_task_group_decorator.py
[2024-02-22T00:12:11.314+0000] {processor.py:830} INFO - Processing file /home/ubuntu/reddit_venv/lib/python3.10/site-packages/airflow/example_dags/example_task_group_decorator.py for tasks to queue
[2024-02-22T00:12:11.315+0000] {logging_mixin.py:188} INFO - [2024-02-22T00:12:11.315+0000] {dagbag.py:538} INFO - Filling up the DagBag from /home/ubuntu/reddit_venv/lib/python3.10/site-packages/airflow/example_dags/example_task_group_decorator.py
[2024-02-22T00:12:11.333+0000] {processor.py:840} INFO - DAG(s) 'example_task_group_decorator' retrieved from /home/ubuntu/reddit_venv/lib/python3.10/site-packages/airflow/example_dags/example_task_group_decorator.py
[2024-02-22T00:12:11.353+0000] {logging_mixin.py:188} INFO - [2024-02-22T00:12:11.353+0000] {dag.py:3036} INFO - Sync 1 DAGs
[2024-02-22T00:12:11.375+0000] {logging_mixin.py:188} INFO - [2024-02-22T00:12:11.374+0000] {dag.py:3823} INFO - Setting next_dagrun for example_task_group_decorator to 2024-02-21 00:00:00+00:00, run_after=2024-02-22 00:00:00+00:00
[2024-02-22T00:12:11.397+0000] {processor.py:183} INFO - Processing /home/ubuntu/reddit_venv/lib/python3.10/site-packages/airflow/example_dags/example_task_group_decorator.py took 0.088 seconds
[2024-02-22T00:12:52.409+0000] {processor.py:161} INFO - Started process (PID=8487) to work on /home/ubuntu/reddit_venv/lib/python3.10/site-packages/airflow/example_dags/example_task_group_decorator.py
[2024-02-22T00:12:52.411+0000] {processor.py:830} INFO - Processing file /home/ubuntu/reddit_venv/lib/python3.10/site-packages/airflow/example_dags/example_task_group_decorator.py for tasks to queue
[2024-02-22T00:12:52.412+0000] {logging_mixin.py:188} INFO - [2024-02-22T00:12:52.411+0000] {dagbag.py:538} INFO - Filling up the DagBag from /home/ubuntu/reddit_venv/lib/python3.10/site-packages/airflow/example_dags/example_task_group_decorator.py
[2024-02-22T00:12:52.428+0000] {processor.py:840} INFO - DAG(s) 'example_task_group_decorator' retrieved from /home/ubuntu/reddit_venv/lib/python3.10/site-packages/airflow/example_dags/example_task_group_decorator.py
[2024-02-22T00:12:52.448+0000] {logging_mixin.py:188} INFO - [2024-02-22T00:12:52.448+0000] {dag.py:3036} INFO - Sync 1 DAGs
[2024-02-22T00:12:52.469+0000] {logging_mixin.py:188} INFO - [2024-02-22T00:12:52.468+0000] {dag.py:3823} INFO - Setting next_dagrun for example_task_group_decorator to 2024-02-21 00:00:00+00:00, run_after=2024-02-22 00:00:00+00:00
[2024-02-22T00:12:52.491+0000] {processor.py:183} INFO - Processing /home/ubuntu/reddit_venv/lib/python3.10/site-packages/airflow/example_dags/example_task_group_decorator.py took 0.085 seconds
[2024-02-22T00:13:35.334+0000] {processor.py:161} INFO - Started process (PID=8599) to work on /home/ubuntu/reddit_venv/lib/python3.10/site-packages/airflow/example_dags/example_task_group_decorator.py
[2024-02-22T00:13:35.336+0000] {processor.py:830} INFO - Processing file /home/ubuntu/reddit_venv/lib/python3.10/site-packages/airflow/example_dags/example_task_group_decorator.py for tasks to queue
[2024-02-22T00:13:35.337+0000] {logging_mixin.py:188} INFO - [2024-02-22T00:13:35.336+0000] {dagbag.py:538} INFO - Filling up the DagBag from /home/ubuntu/reddit_venv/lib/python3.10/site-packages/airflow/example_dags/example_task_group_decorator.py
[2024-02-22T00:13:35.354+0000] {processor.py:840} INFO - DAG(s) 'example_task_group_decorator' retrieved from /home/ubuntu/reddit_venv/lib/python3.10/site-packages/airflow/example_dags/example_task_group_decorator.py
[2024-02-22T00:13:35.375+0000] {logging_mixin.py:188} INFO - [2024-02-22T00:13:35.375+0000] {dag.py:3036} INFO - Sync 1 DAGs
[2024-02-22T00:13:35.396+0000] {logging_mixin.py:188} INFO - [2024-02-22T00:13:35.396+0000] {dag.py:3823} INFO - Setting next_dagrun for example_task_group_decorator to 2024-02-21 00:00:00+00:00, run_after=2024-02-22 00:00:00+00:00
[2024-02-22T00:13:35.420+0000] {processor.py:183} INFO - Processing /home/ubuntu/reddit_venv/lib/python3.10/site-packages/airflow/example_dags/example_task_group_decorator.py took 0.090 seconds
