[2024-02-22T00:00:24.451+0000] {processor.py:161} INFO - Started process (PID=4109) to work on /home/ubuntu/reddit_venv/lib/python3.10/site-packages/airflow/example_dags/example_datasets.py
[2024-02-22T00:00:24.453+0000] {processor.py:830} INFO - Processing file /home/ubuntu/reddit_venv/lib/python3.10/site-packages/airflow/example_dags/example_datasets.py for tasks to queue
[2024-02-22T00:00:24.454+0000] {logging_mixin.py:188} INFO - [2024-02-22T00:00:24.453+0000] {dagbag.py:538} INFO - Filling up the DagBag from /home/ubuntu/reddit_venv/lib/python3.10/site-packages/airflow/example_dags/example_datasets.py
[2024-02-22T00:00:24.465+0000] {processor.py:840} INFO - DAG(s) 'dataset_produces_1', 'dataset_produces_2', 'dataset_consumes_1_never_scheduled', 'dataset_consumes_unknown_never_scheduled', 'dataset_consumes_1', 'dataset_consumes_1_and_2' retrieved from /home/ubuntu/reddit_venv/lib/python3.10/site-packages/airflow/example_dags/example_datasets.py
[2024-02-22T00:00:24.493+0000] {logging_mixin.py:188} INFO - [2024-02-22T00:00:24.493+0000] {dag.py:3036} INFO - Sync 6 DAGs
[2024-02-22T00:00:24.516+0000] {logging_mixin.py:188} INFO - [2024-02-22T00:00:24.516+0000] {dag.py:3823} INFO - Setting next_dagrun for dataset_consumes_1 to None, run_after=None
[2024-02-22T00:00:24.520+0000] {logging_mixin.py:188} INFO - [2024-02-22T00:00:24.519+0000] {dag.py:3823} INFO - Setting next_dagrun for dataset_consumes_1_and_2 to None, run_after=None
[2024-02-22T00:00:24.521+0000] {logging_mixin.py:188} INFO - [2024-02-22T00:00:24.520+0000] {dag.py:3823} INFO - Setting next_dagrun for dataset_consumes_1_never_scheduled to None, run_after=None
[2024-02-22T00:00:24.522+0000] {logging_mixin.py:188} INFO - [2024-02-22T00:00:24.521+0000] {dag.py:3823} INFO - Setting next_dagrun for dataset_consumes_unknown_never_scheduled to None, run_after=None
[2024-02-22T00:00:24.524+0000] {logging_mixin.py:188} INFO - [2024-02-22T00:00:24.524+0000] {dag.py:3823} INFO - Setting next_dagrun for dataset_produces_1 to 2024-02-21 00:00:00+00:00, run_after=2024-02-22 00:00:00+00:00
[2024-02-22T00:00:24.525+0000] {logging_mixin.py:188} INFO - [2024-02-22T00:00:24.525+0000] {dag.py:3823} INFO - Setting next_dagrun for dataset_produces_2 to None, run_after=None
[2024-02-22T00:00:24.559+0000] {processor.py:183} INFO - Processing /home/ubuntu/reddit_venv/lib/python3.10/site-packages/airflow/example_dags/example_datasets.py took 0.110 seconds
[2024-02-22T00:01:35.670+0000] {processor.py:161} INFO - Started process (PID=4822) to work on /home/ubuntu/reddit_venv/lib/python3.10/site-packages/airflow/example_dags/example_datasets.py
[2024-02-22T00:01:35.672+0000] {processor.py:830} INFO - Processing file /home/ubuntu/reddit_venv/lib/python3.10/site-packages/airflow/example_dags/example_datasets.py for tasks to queue
[2024-02-22T00:01:35.673+0000] {logging_mixin.py:188} INFO - [2024-02-22T00:01:35.672+0000] {dagbag.py:538} INFO - Filling up the DagBag from /home/ubuntu/reddit_venv/lib/python3.10/site-packages/airflow/example_dags/example_datasets.py
[2024-02-22T00:01:35.683+0000] {processor.py:840} INFO - DAG(s) 'dataset_produces_2', 'dataset_consumes_1', 'dataset_consumes_unknown_never_scheduled', 'dataset_consumes_1_never_scheduled', 'dataset_consumes_1_and_2', 'dataset_produces_1' retrieved from /home/ubuntu/reddit_venv/lib/python3.10/site-packages/airflow/example_dags/example_datasets.py
[2024-02-22T00:01:35.768+0000] {logging_mixin.py:188} INFO - [2024-02-22T00:01:35.768+0000] {dag.py:3036} INFO - Sync 6 DAGs
[2024-02-22T00:01:35.790+0000] {logging_mixin.py:188} INFO - [2024-02-22T00:01:35.790+0000] {dag.py:3823} INFO - Setting next_dagrun for dataset_consumes_1 to None, run_after=None
[2024-02-22T00:01:35.794+0000] {logging_mixin.py:188} INFO - [2024-02-22T00:01:35.794+0000] {dag.py:3823} INFO - Setting next_dagrun for dataset_consumes_1_and_2 to None, run_after=None
[2024-02-22T00:01:35.795+0000] {logging_mixin.py:188} INFO - [2024-02-22T00:01:35.795+0000] {dag.py:3823} INFO - Setting next_dagrun for dataset_consumes_1_never_scheduled to None, run_after=None
[2024-02-22T00:01:35.796+0000] {logging_mixin.py:188} INFO - [2024-02-22T00:01:35.796+0000] {dag.py:3823} INFO - Setting next_dagrun for dataset_consumes_unknown_never_scheduled to None, run_after=None
[2024-02-22T00:01:35.798+0000] {logging_mixin.py:188} INFO - [2024-02-22T00:01:35.798+0000] {dag.py:3823} INFO - Setting next_dagrun for dataset_produces_1 to 2024-02-21 00:00:00+00:00, run_after=2024-02-22 00:00:00+00:00
[2024-02-22T00:01:35.799+0000] {logging_mixin.py:188} INFO - [2024-02-22T00:01:35.799+0000] {dag.py:3823} INFO - Setting next_dagrun for dataset_produces_2 to None, run_after=None
[2024-02-22T00:01:35.831+0000] {processor.py:183} INFO - Processing /home/ubuntu/reddit_venv/lib/python3.10/site-packages/airflow/example_dags/example_datasets.py took 0.164 seconds
[2024-02-22T00:03:46.688+0000] {processor.py:161} INFO - Started process (PID=6161) to work on /home/ubuntu/reddit_venv/lib/python3.10/site-packages/airflow/example_dags/example_datasets.py
[2024-02-22T00:03:46.689+0000] {processor.py:830} INFO - Processing file /home/ubuntu/reddit_venv/lib/python3.10/site-packages/airflow/example_dags/example_datasets.py for tasks to queue
[2024-02-22T00:03:46.690+0000] {logging_mixin.py:188} INFO - [2024-02-22T00:03:46.690+0000] {dagbag.py:538} INFO - Filling up the DagBag from /home/ubuntu/reddit_venv/lib/python3.10/site-packages/airflow/example_dags/example_datasets.py
[2024-02-22T00:03:46.701+0000] {processor.py:840} INFO - DAG(s) 'dataset_consumes_1_never_scheduled', 'dataset_produces_1', 'dataset_produces_2', 'dataset_consumes_unknown_never_scheduled', 'dataset_consumes_1', 'dataset_consumes_1_and_2' retrieved from /home/ubuntu/reddit_venv/lib/python3.10/site-packages/airflow/example_dags/example_datasets.py
[2024-02-22T00:03:46.730+0000] {logging_mixin.py:188} INFO - [2024-02-22T00:03:46.730+0000] {dag.py:3036} INFO - Sync 6 DAGs
[2024-02-22T00:03:46.752+0000] {logging_mixin.py:188} INFO - [2024-02-22T00:03:46.752+0000] {dag.py:3823} INFO - Setting next_dagrun for dataset_consumes_1 to None, run_after=None
[2024-02-22T00:03:46.756+0000] {logging_mixin.py:188} INFO - [2024-02-22T00:03:46.755+0000] {dag.py:3823} INFO - Setting next_dagrun for dataset_consumes_1_and_2 to None, run_after=None
[2024-02-22T00:03:46.757+0000] {logging_mixin.py:188} INFO - [2024-02-22T00:03:46.756+0000] {dag.py:3823} INFO - Setting next_dagrun for dataset_consumes_1_never_scheduled to None, run_after=None
[2024-02-22T00:03:46.758+0000] {logging_mixin.py:188} INFO - [2024-02-22T00:03:46.757+0000] {dag.py:3823} INFO - Setting next_dagrun for dataset_consumes_unknown_never_scheduled to None, run_after=None
[2024-02-22T00:03:46.760+0000] {logging_mixin.py:188} INFO - [2024-02-22T00:03:46.760+0000] {dag.py:3823} INFO - Setting next_dagrun for dataset_produces_1 to 2024-02-21 00:00:00+00:00, run_after=2024-02-22 00:00:00+00:00
[2024-02-22T00:03:46.761+0000] {logging_mixin.py:188} INFO - [2024-02-22T00:03:46.761+0000] {dag.py:3823} INFO - Setting next_dagrun for dataset_produces_2 to None, run_after=None
[2024-02-22T00:03:46.794+0000] {processor.py:183} INFO - Processing /home/ubuntu/reddit_venv/lib/python3.10/site-packages/airflow/example_dags/example_datasets.py took 0.109 seconds
[2024-02-22T00:05:41.310+0000] {processor.py:161} INFO - Started process (PID=7309) to work on /home/ubuntu/reddit_venv/lib/python3.10/site-packages/airflow/example_dags/example_datasets.py
[2024-02-22T00:05:41.312+0000] {processor.py:830} INFO - Processing file /home/ubuntu/reddit_venv/lib/python3.10/site-packages/airflow/example_dags/example_datasets.py for tasks to queue
[2024-02-22T00:05:41.313+0000] {logging_mixin.py:188} INFO - [2024-02-22T00:05:41.312+0000] {dagbag.py:538} INFO - Filling up the DagBag from /home/ubuntu/reddit_venv/lib/python3.10/site-packages/airflow/example_dags/example_datasets.py
[2024-02-22T00:05:41.324+0000] {processor.py:840} INFO - DAG(s) 'dataset_consumes_1_and_2', 'dataset_consumes_1', 'dataset_produces_2', 'dataset_consumes_1_never_scheduled', 'dataset_consumes_unknown_never_scheduled', 'dataset_produces_1' retrieved from /home/ubuntu/reddit_venv/lib/python3.10/site-packages/airflow/example_dags/example_datasets.py
[2024-02-22T00:05:41.352+0000] {logging_mixin.py:188} INFO - [2024-02-22T00:05:41.352+0000] {dag.py:3036} INFO - Sync 6 DAGs
[2024-02-22T00:05:41.374+0000] {logging_mixin.py:188} INFO - [2024-02-22T00:05:41.374+0000] {dag.py:3823} INFO - Setting next_dagrun for dataset_consumes_1 to None, run_after=None
[2024-02-22T00:05:41.378+0000] {logging_mixin.py:188} INFO - [2024-02-22T00:05:41.378+0000] {dag.py:3823} INFO - Setting next_dagrun for dataset_consumes_1_and_2 to None, run_after=None
[2024-02-22T00:05:41.379+0000] {logging_mixin.py:188} INFO - [2024-02-22T00:05:41.379+0000] {dag.py:3823} INFO - Setting next_dagrun for dataset_consumes_1_never_scheduled to None, run_after=None
[2024-02-22T00:05:41.380+0000] {logging_mixin.py:188} INFO - [2024-02-22T00:05:41.380+0000] {dag.py:3823} INFO - Setting next_dagrun for dataset_consumes_unknown_never_scheduled to None, run_after=None
[2024-02-22T00:05:41.383+0000] {logging_mixin.py:188} INFO - [2024-02-22T00:05:41.382+0000] {dag.py:3823} INFO - Setting next_dagrun for dataset_produces_1 to 2024-02-21 00:00:00+00:00, run_after=2024-02-22 00:00:00+00:00
[2024-02-22T00:05:41.384+0000] {logging_mixin.py:188} INFO - [2024-02-22T00:05:41.383+0000] {dag.py:3823} INFO - Setting next_dagrun for dataset_produces_2 to None, run_after=None
[2024-02-22T00:05:41.415+0000] {processor.py:183} INFO - Processing /home/ubuntu/reddit_venv/lib/python3.10/site-packages/airflow/example_dags/example_datasets.py took 0.108 seconds
[2024-02-22T00:06:42.620+0000] {processor.py:161} INFO - Started process (PID=7589) to work on /home/ubuntu/reddit_venv/lib/python3.10/site-packages/airflow/example_dags/example_datasets.py
[2024-02-22T00:06:42.622+0000] {processor.py:830} INFO - Processing file /home/ubuntu/reddit_venv/lib/python3.10/site-packages/airflow/example_dags/example_datasets.py for tasks to queue
[2024-02-22T00:06:42.623+0000] {logging_mixin.py:188} INFO - [2024-02-22T00:06:42.622+0000] {dagbag.py:538} INFO - Filling up the DagBag from /home/ubuntu/reddit_venv/lib/python3.10/site-packages/airflow/example_dags/example_datasets.py
[2024-02-22T00:06:42.633+0000] {processor.py:840} INFO - DAG(s) 'dataset_consumes_1', 'dataset_produces_2', 'dataset_produces_1', 'dataset_consumes_1_and_2', 'dataset_consumes_unknown_never_scheduled', 'dataset_consumes_1_never_scheduled' retrieved from /home/ubuntu/reddit_venv/lib/python3.10/site-packages/airflow/example_dags/example_datasets.py
[2024-02-22T00:06:42.661+0000] {logging_mixin.py:188} INFO - [2024-02-22T00:06:42.661+0000] {dag.py:3036} INFO - Sync 6 DAGs
[2024-02-22T00:06:42.682+0000] {logging_mixin.py:188} INFO - [2024-02-22T00:06:42.682+0000] {dag.py:3823} INFO - Setting next_dagrun for dataset_consumes_1 to None, run_after=None
[2024-02-22T00:06:42.685+0000] {logging_mixin.py:188} INFO - [2024-02-22T00:06:42.685+0000] {dag.py:3823} INFO - Setting next_dagrun for dataset_consumes_1_and_2 to None, run_after=None
[2024-02-22T00:06:42.686+0000] {logging_mixin.py:188} INFO - [2024-02-22T00:06:42.686+0000] {dag.py:3823} INFO - Setting next_dagrun for dataset_consumes_1_never_scheduled to None, run_after=None
[2024-02-22T00:06:42.687+0000] {logging_mixin.py:188} INFO - [2024-02-22T00:06:42.687+0000] {dag.py:3823} INFO - Setting next_dagrun for dataset_consumes_unknown_never_scheduled to None, run_after=None
[2024-02-22T00:06:42.690+0000] {logging_mixin.py:188} INFO - [2024-02-22T00:06:42.690+0000] {dag.py:3823} INFO - Setting next_dagrun for dataset_produces_1 to 2024-02-21 00:00:00+00:00, run_after=2024-02-22 00:00:00+00:00
[2024-02-22T00:06:42.691+0000] {logging_mixin.py:188} INFO - [2024-02-22T00:06:42.691+0000] {dag.py:3823} INFO - Setting next_dagrun for dataset_produces_2 to None, run_after=None
[2024-02-22T00:06:42.723+0000] {processor.py:183} INFO - Processing /home/ubuntu/reddit_venv/lib/python3.10/site-packages/airflow/example_dags/example_datasets.py took 0.106 seconds
[2024-02-22T00:07:43.399+0000] {processor.py:161} INFO - Started process (PID=7781) to work on /home/ubuntu/reddit_venv/lib/python3.10/site-packages/airflow/example_dags/example_datasets.py
[2024-02-22T00:07:43.400+0000] {processor.py:830} INFO - Processing file /home/ubuntu/reddit_venv/lib/python3.10/site-packages/airflow/example_dags/example_datasets.py for tasks to queue
[2024-02-22T00:07:43.401+0000] {logging_mixin.py:188} INFO - [2024-02-22T00:07:43.401+0000] {dagbag.py:538} INFO - Filling up the DagBag from /home/ubuntu/reddit_venv/lib/python3.10/site-packages/airflow/example_dags/example_datasets.py
[2024-02-22T00:07:43.412+0000] {processor.py:840} INFO - DAG(s) 'dataset_produces_2', 'dataset_produces_1', 'dataset_consumes_unknown_never_scheduled', 'dataset_consumes_1', 'dataset_consumes_1_never_scheduled', 'dataset_consumes_1_and_2' retrieved from /home/ubuntu/reddit_venv/lib/python3.10/site-packages/airflow/example_dags/example_datasets.py
[2024-02-22T00:07:43.449+0000] {logging_mixin.py:188} INFO - [2024-02-22T00:07:43.448+0000] {dag.py:3036} INFO - Sync 6 DAGs
[2024-02-22T00:07:43.470+0000] {logging_mixin.py:188} INFO - [2024-02-22T00:07:43.469+0000] {dag.py:3823} INFO - Setting next_dagrun for dataset_consumes_1 to None, run_after=None
[2024-02-22T00:07:43.473+0000] {logging_mixin.py:188} INFO - [2024-02-22T00:07:43.473+0000] {dag.py:3823} INFO - Setting next_dagrun for dataset_consumes_1_and_2 to None, run_after=None
[2024-02-22T00:07:43.474+0000] {logging_mixin.py:188} INFO - [2024-02-22T00:07:43.474+0000] {dag.py:3823} INFO - Setting next_dagrun for dataset_consumes_1_never_scheduled to None, run_after=None
[2024-02-22T00:07:43.475+0000] {logging_mixin.py:188} INFO - [2024-02-22T00:07:43.475+0000] {dag.py:3823} INFO - Setting next_dagrun for dataset_consumes_unknown_never_scheduled to None, run_after=None
[2024-02-22T00:07:43.478+0000] {logging_mixin.py:188} INFO - [2024-02-22T00:07:43.478+0000] {dag.py:3823} INFO - Setting next_dagrun for dataset_produces_1 to 2024-02-21 00:00:00+00:00, run_after=2024-02-22 00:00:00+00:00
[2024-02-22T00:07:43.479+0000] {logging_mixin.py:188} INFO - [2024-02-22T00:07:43.478+0000] {dag.py:3823} INFO - Setting next_dagrun for dataset_produces_2 to None, run_after=None
[2024-02-22T00:07:43.512+0000] {processor.py:183} INFO - Processing /home/ubuntu/reddit_venv/lib/python3.10/site-packages/airflow/example_dags/example_datasets.py took 0.117 seconds
[2024-02-22T00:08:42.965+0000] {processor.py:161} INFO - Started process (PID=7907) to work on /home/ubuntu/reddit_venv/lib/python3.10/site-packages/airflow/example_dags/example_datasets.py
[2024-02-22T00:08:42.966+0000] {processor.py:830} INFO - Processing file /home/ubuntu/reddit_venv/lib/python3.10/site-packages/airflow/example_dags/example_datasets.py for tasks to queue
[2024-02-22T00:08:42.967+0000] {logging_mixin.py:188} INFO - [2024-02-22T00:08:42.967+0000] {dagbag.py:538} INFO - Filling up the DagBag from /home/ubuntu/reddit_venv/lib/python3.10/site-packages/airflow/example_dags/example_datasets.py
[2024-02-22T00:08:42.978+0000] {processor.py:840} INFO - DAG(s) 'dataset_consumes_1', 'dataset_produces_1', 'dataset_consumes_1_and_2', 'dataset_consumes_unknown_never_scheduled', 'dataset_produces_2', 'dataset_consumes_1_never_scheduled' retrieved from /home/ubuntu/reddit_venv/lib/python3.10/site-packages/airflow/example_dags/example_datasets.py
[2024-02-22T00:08:43.006+0000] {logging_mixin.py:188} INFO - [2024-02-22T00:08:43.006+0000] {dag.py:3036} INFO - Sync 6 DAGs
[2024-02-22T00:08:43.027+0000] {logging_mixin.py:188} INFO - [2024-02-22T00:08:43.027+0000] {dag.py:3823} INFO - Setting next_dagrun for dataset_consumes_1 to None, run_after=None
[2024-02-22T00:08:43.030+0000] {logging_mixin.py:188} INFO - [2024-02-22T00:08:43.030+0000] {dag.py:3823} INFO - Setting next_dagrun for dataset_consumes_1_and_2 to None, run_after=None
[2024-02-22T00:08:43.031+0000] {logging_mixin.py:188} INFO - [2024-02-22T00:08:43.031+0000] {dag.py:3823} INFO - Setting next_dagrun for dataset_consumes_1_never_scheduled to None, run_after=None
[2024-02-22T00:08:43.032+0000] {logging_mixin.py:188} INFO - [2024-02-22T00:08:43.032+0000] {dag.py:3823} INFO - Setting next_dagrun for dataset_consumes_unknown_never_scheduled to None, run_after=None
[2024-02-22T00:08:43.035+0000] {logging_mixin.py:188} INFO - [2024-02-22T00:08:43.035+0000] {dag.py:3823} INFO - Setting next_dagrun for dataset_produces_1 to 2024-02-21 00:00:00+00:00, run_after=2024-02-22 00:00:00+00:00
[2024-02-22T00:08:43.036+0000] {logging_mixin.py:188} INFO - [2024-02-22T00:08:43.036+0000] {dag.py:3823} INFO - Setting next_dagrun for dataset_produces_2 to None, run_after=None
[2024-02-22T00:08:43.068+0000] {processor.py:183} INFO - Processing /home/ubuntu/reddit_venv/lib/python3.10/site-packages/airflow/example_dags/example_datasets.py took 0.106 seconds
[2024-02-22T00:09:39.937+0000] {processor.py:161} INFO - Started process (PID=8031) to work on /home/ubuntu/reddit_venv/lib/python3.10/site-packages/airflow/example_dags/example_datasets.py
[2024-02-22T00:09:39.938+0000] {processor.py:830} INFO - Processing file /home/ubuntu/reddit_venv/lib/python3.10/site-packages/airflow/example_dags/example_datasets.py for tasks to queue
[2024-02-22T00:09:39.939+0000] {logging_mixin.py:188} INFO - [2024-02-22T00:09:39.939+0000] {dagbag.py:538} INFO - Filling up the DagBag from /home/ubuntu/reddit_venv/lib/python3.10/site-packages/airflow/example_dags/example_datasets.py
[2024-02-22T00:09:39.950+0000] {processor.py:840} INFO - DAG(s) 'dataset_produces_2', 'dataset_consumes_unknown_never_scheduled', 'dataset_produces_1', 'dataset_consumes_1_never_scheduled', 'dataset_consumes_1_and_2', 'dataset_consumes_1' retrieved from /home/ubuntu/reddit_venv/lib/python3.10/site-packages/airflow/example_dags/example_datasets.py
[2024-02-22T00:09:39.978+0000] {logging_mixin.py:188} INFO - [2024-02-22T00:09:39.977+0000] {dag.py:3036} INFO - Sync 6 DAGs
[2024-02-22T00:09:39.999+0000] {logging_mixin.py:188} INFO - [2024-02-22T00:09:39.998+0000] {dag.py:3823} INFO - Setting next_dagrun for dataset_consumes_1 to None, run_after=None
[2024-02-22T00:09:40.002+0000] {logging_mixin.py:188} INFO - [2024-02-22T00:09:40.002+0000] {dag.py:3823} INFO - Setting next_dagrun for dataset_consumes_1_and_2 to None, run_after=None
[2024-02-22T00:09:40.003+0000] {logging_mixin.py:188} INFO - [2024-02-22T00:09:40.003+0000] {dag.py:3823} INFO - Setting next_dagrun for dataset_consumes_1_never_scheduled to None, run_after=None
[2024-02-22T00:09:40.004+0000] {logging_mixin.py:188} INFO - [2024-02-22T00:09:40.004+0000] {dag.py:3823} INFO - Setting next_dagrun for dataset_consumes_unknown_never_scheduled to None, run_after=None
[2024-02-22T00:09:40.007+0000] {logging_mixin.py:188} INFO - [2024-02-22T00:09:40.006+0000] {dag.py:3823} INFO - Setting next_dagrun for dataset_produces_1 to 2024-02-21 00:00:00+00:00, run_after=2024-02-22 00:00:00+00:00
[2024-02-22T00:09:40.008+0000] {logging_mixin.py:188} INFO - [2024-02-22T00:09:40.007+0000] {dag.py:3823} INFO - Setting next_dagrun for dataset_produces_2 to None, run_after=None
[2024-02-22T00:09:40.038+0000] {processor.py:183} INFO - Processing /home/ubuntu/reddit_venv/lib/python3.10/site-packages/airflow/example_dags/example_datasets.py took 0.105 seconds
[2024-02-22T00:10:41.186+0000] {processor.py:161} INFO - Started process (PID=8161) to work on /home/ubuntu/reddit_venv/lib/python3.10/site-packages/airflow/example_dags/example_datasets.py
[2024-02-22T00:10:41.188+0000] {processor.py:830} INFO - Processing file /home/ubuntu/reddit_venv/lib/python3.10/site-packages/airflow/example_dags/example_datasets.py for tasks to queue
[2024-02-22T00:10:41.189+0000] {logging_mixin.py:188} INFO - [2024-02-22T00:10:41.188+0000] {dagbag.py:538} INFO - Filling up the DagBag from /home/ubuntu/reddit_venv/lib/python3.10/site-packages/airflow/example_dags/example_datasets.py
[2024-02-22T00:10:41.199+0000] {processor.py:840} INFO - DAG(s) 'dataset_produces_2', 'dataset_consumes_1_and_2', 'dataset_consumes_1_never_scheduled', 'dataset_consumes_1', 'dataset_consumes_unknown_never_scheduled', 'dataset_produces_1' retrieved from /home/ubuntu/reddit_venv/lib/python3.10/site-packages/airflow/example_dags/example_datasets.py
[2024-02-22T00:10:41.228+0000] {logging_mixin.py:188} INFO - [2024-02-22T00:10:41.227+0000] {dag.py:3036} INFO - Sync 6 DAGs
[2024-02-22T00:10:41.249+0000] {logging_mixin.py:188} INFO - [2024-02-22T00:10:41.249+0000] {dag.py:3823} INFO - Setting next_dagrun for dataset_consumes_1 to None, run_after=None
[2024-02-22T00:10:41.252+0000] {logging_mixin.py:188} INFO - [2024-02-22T00:10:41.252+0000] {dag.py:3823} INFO - Setting next_dagrun for dataset_consumes_1_and_2 to None, run_after=None
[2024-02-22T00:10:41.253+0000] {logging_mixin.py:188} INFO - [2024-02-22T00:10:41.253+0000] {dag.py:3823} INFO - Setting next_dagrun for dataset_consumes_1_never_scheduled to None, run_after=None
[2024-02-22T00:10:41.254+0000] {logging_mixin.py:188} INFO - [2024-02-22T00:10:41.254+0000] {dag.py:3823} INFO - Setting next_dagrun for dataset_consumes_unknown_never_scheduled to None, run_after=None
[2024-02-22T00:10:41.257+0000] {logging_mixin.py:188} INFO - [2024-02-22T00:10:41.257+0000] {dag.py:3823} INFO - Setting next_dagrun for dataset_produces_1 to 2024-02-21 00:00:00+00:00, run_after=2024-02-22 00:00:00+00:00
[2024-02-22T00:10:41.258+0000] {logging_mixin.py:188} INFO - [2024-02-22T00:10:41.258+0000] {dag.py:3823} INFO - Setting next_dagrun for dataset_produces_2 to None, run_after=None
[2024-02-22T00:10:41.289+0000] {processor.py:183} INFO - Processing /home/ubuntu/reddit_venv/lib/python3.10/site-packages/airflow/example_dags/example_datasets.py took 0.106 seconds
[2024-02-22T00:11:44.161+0000] {processor.py:161} INFO - Started process (PID=8290) to work on /home/ubuntu/reddit_venv/lib/python3.10/site-packages/airflow/example_dags/example_datasets.py
[2024-02-22T00:11:44.164+0000] {processor.py:830} INFO - Processing file /home/ubuntu/reddit_venv/lib/python3.10/site-packages/airflow/example_dags/example_datasets.py for tasks to queue
[2024-02-22T00:11:44.165+0000] {logging_mixin.py:188} INFO - [2024-02-22T00:11:44.165+0000] {dagbag.py:538} INFO - Filling up the DagBag from /home/ubuntu/reddit_venv/lib/python3.10/site-packages/airflow/example_dags/example_datasets.py
[2024-02-22T00:11:44.177+0000] {processor.py:840} INFO - DAG(s) 'dataset_produces_1', 'dataset_produces_2', 'dataset_consumes_1_never_scheduled', 'dataset_consumes_1', 'dataset_consumes_unknown_never_scheduled', 'dataset_consumes_1_and_2' retrieved from /home/ubuntu/reddit_venv/lib/python3.10/site-packages/airflow/example_dags/example_datasets.py
[2024-02-22T00:11:44.206+0000] {logging_mixin.py:188} INFO - [2024-02-22T00:11:44.206+0000] {dag.py:3036} INFO - Sync 6 DAGs
[2024-02-22T00:11:44.227+0000] {logging_mixin.py:188} INFO - [2024-02-22T00:11:44.227+0000] {dag.py:3823} INFO - Setting next_dagrun for dataset_consumes_1 to None, run_after=None
[2024-02-22T00:11:44.231+0000] {logging_mixin.py:188} INFO - [2024-02-22T00:11:44.230+0000] {dag.py:3823} INFO - Setting next_dagrun for dataset_consumes_1_and_2 to None, run_after=None
[2024-02-22T00:11:44.232+0000] {logging_mixin.py:188} INFO - [2024-02-22T00:11:44.232+0000] {dag.py:3823} INFO - Setting next_dagrun for dataset_consumes_1_never_scheduled to None, run_after=None
[2024-02-22T00:11:44.233+0000] {logging_mixin.py:188} INFO - [2024-02-22T00:11:44.233+0000] {dag.py:3823} INFO - Setting next_dagrun for dataset_consumes_unknown_never_scheduled to None, run_after=None
[2024-02-22T00:11:44.235+0000] {logging_mixin.py:188} INFO - [2024-02-22T00:11:44.235+0000] {dag.py:3823} INFO - Setting next_dagrun for dataset_produces_1 to 2024-02-21 00:00:00+00:00, run_after=2024-02-22 00:00:00+00:00
[2024-02-22T00:11:44.236+0000] {logging_mixin.py:188} INFO - [2024-02-22T00:11:44.236+0000] {dag.py:3823} INFO - Setting next_dagrun for dataset_produces_2 to None, run_after=None
[2024-02-22T00:11:44.268+0000] {processor.py:183} INFO - Processing /home/ubuntu/reddit_venv/lib/python3.10/site-packages/airflow/example_dags/example_datasets.py took 0.110 seconds
[2024-02-22T00:12:46.123+0000] {processor.py:161} INFO - Started process (PID=8481) to work on /home/ubuntu/reddit_venv/lib/python3.10/site-packages/airflow/example_dags/example_datasets.py
[2024-02-22T00:12:46.125+0000] {processor.py:830} INFO - Processing file /home/ubuntu/reddit_venv/lib/python3.10/site-packages/airflow/example_dags/example_datasets.py for tasks to queue
[2024-02-22T00:12:46.126+0000] {logging_mixin.py:188} INFO - [2024-02-22T00:12:46.125+0000] {dagbag.py:538} INFO - Filling up the DagBag from /home/ubuntu/reddit_venv/lib/python3.10/site-packages/airflow/example_dags/example_datasets.py
[2024-02-22T00:12:46.136+0000] {processor.py:840} INFO - DAG(s) 'dataset_consumes_1_and_2', 'dataset_produces_1', 'dataset_produces_2', 'dataset_consumes_1_never_scheduled', 'dataset_consumes_unknown_never_scheduled', 'dataset_consumes_1' retrieved from /home/ubuntu/reddit_venv/lib/python3.10/site-packages/airflow/example_dags/example_datasets.py
[2024-02-22T00:12:46.163+0000] {logging_mixin.py:188} INFO - [2024-02-22T00:12:46.163+0000] {dag.py:3036} INFO - Sync 6 DAGs
[2024-02-22T00:12:46.184+0000] {logging_mixin.py:188} INFO - [2024-02-22T00:12:46.184+0000] {dag.py:3823} INFO - Setting next_dagrun for dataset_consumes_1 to None, run_after=None
[2024-02-22T00:12:46.187+0000] {logging_mixin.py:188} INFO - [2024-02-22T00:12:46.187+0000] {dag.py:3823} INFO - Setting next_dagrun for dataset_consumes_1_and_2 to None, run_after=None
[2024-02-22T00:12:46.188+0000] {logging_mixin.py:188} INFO - [2024-02-22T00:12:46.188+0000] {dag.py:3823} INFO - Setting next_dagrun for dataset_consumes_1_never_scheduled to None, run_after=None
[2024-02-22T00:12:46.189+0000] {logging_mixin.py:188} INFO - [2024-02-22T00:12:46.189+0000] {dag.py:3823} INFO - Setting next_dagrun for dataset_consumes_unknown_never_scheduled to None, run_after=None
[2024-02-22T00:12:46.192+0000] {logging_mixin.py:188} INFO - [2024-02-22T00:12:46.192+0000] {dag.py:3823} INFO - Setting next_dagrun for dataset_produces_1 to 2024-02-21 00:00:00+00:00, run_after=2024-02-22 00:00:00+00:00
[2024-02-22T00:12:46.193+0000] {logging_mixin.py:188} INFO - [2024-02-22T00:12:46.193+0000] {dag.py:3823} INFO - Setting next_dagrun for dataset_produces_2 to None, run_after=None
[2024-02-22T00:12:46.224+0000] {processor.py:183} INFO - Processing /home/ubuntu/reddit_venv/lib/python3.10/site-packages/airflow/example_dags/example_datasets.py took 0.104 seconds
