[2024-02-22T00:01:07.379+0000] {processor.py:161} INFO - Started process (PID=4648) to work on /home/ubuntu/reddit_venv/lib/python3.10/site-packages/airflow/example_dags/example_branch_day_of_week_operator.py
[2024-02-22T00:01:07.380+0000] {processor.py:830} INFO - Processing file /home/ubuntu/reddit_venv/lib/python3.10/site-packages/airflow/example_dags/example_branch_day_of_week_operator.py for tasks to queue
[2024-02-22T00:01:07.381+0000] {logging_mixin.py:188} INFO - [2024-02-22T00:01:07.380+0000] {dagbag.py:538} INFO - Filling up the DagBag from /home/ubuntu/reddit_venv/lib/python3.10/site-packages/airflow/example_dags/example_branch_day_of_week_operator.py
[2024-02-22T00:01:07.389+0000] {processor.py:840} INFO - DAG(s) 'example_weekday_branch_operator' retrieved from /home/ubuntu/reddit_venv/lib/python3.10/site-packages/airflow/example_dags/example_branch_day_of_week_operator.py
[2024-02-22T00:01:07.407+0000] {logging_mixin.py:188} INFO - [2024-02-22T00:01:07.406+0000] {dag.py:3036} INFO - Sync 1 DAGs
[2024-02-22T00:01:07.428+0000] {logging_mixin.py:188} INFO - [2024-02-22T00:01:07.428+0000] {dag.py:3823} INFO - Setting next_dagrun for example_weekday_branch_operator to 2024-02-21 00:00:00+00:00, run_after=2024-02-22 00:00:00+00:00
[2024-02-22T00:01:07.452+0000] {processor.py:183} INFO - Processing /home/ubuntu/reddit_venv/lib/python3.10/site-packages/airflow/example_dags/example_branch_day_of_week_operator.py took 0.076 seconds
[2024-02-22T00:02:56.403+0000] {processor.py:161} INFO - Started process (PID=5867) to work on /home/ubuntu/reddit_venv/lib/python3.10/site-packages/airflow/example_dags/example_branch_day_of_week_operator.py
[2024-02-22T00:02:56.405+0000] {processor.py:830} INFO - Processing file /home/ubuntu/reddit_venv/lib/python3.10/site-packages/airflow/example_dags/example_branch_day_of_week_operator.py for tasks to queue
[2024-02-22T00:02:56.407+0000] {logging_mixin.py:188} INFO - [2024-02-22T00:02:56.407+0000] {dagbag.py:538} INFO - Filling up the DagBag from /home/ubuntu/reddit_venv/lib/python3.10/site-packages/airflow/example_dags/example_branch_day_of_week_operator.py
[2024-02-22T00:02:56.416+0000] {processor.py:840} INFO - DAG(s) 'example_weekday_branch_operator' retrieved from /home/ubuntu/reddit_venv/lib/python3.10/site-packages/airflow/example_dags/example_branch_day_of_week_operator.py
[2024-02-22T00:02:56.435+0000] {logging_mixin.py:188} INFO - [2024-02-22T00:02:56.434+0000] {dag.py:3036} INFO - Sync 1 DAGs
[2024-02-22T00:02:56.457+0000] {logging_mixin.py:188} INFO - [2024-02-22T00:02:56.456+0000] {dag.py:3823} INFO - Setting next_dagrun for example_weekday_branch_operator to 2024-02-21 00:00:00+00:00, run_after=2024-02-22 00:00:00+00:00
[2024-02-22T00:02:56.479+0000] {processor.py:183} INFO - Processing /home/ubuntu/reddit_venv/lib/python3.10/site-packages/airflow/example_dags/example_branch_day_of_week_operator.py took 0.079 seconds
[2024-02-22T00:04:41.556+0000] {processor.py:161} INFO - Started process (PID=6735) to work on /home/ubuntu/reddit_venv/lib/python3.10/site-packages/airflow/example_dags/example_branch_day_of_week_operator.py
[2024-02-22T00:04:41.557+0000] {processor.py:830} INFO - Processing file /home/ubuntu/reddit_venv/lib/python3.10/site-packages/airflow/example_dags/example_branch_day_of_week_operator.py for tasks to queue
[2024-02-22T00:04:41.558+0000] {logging_mixin.py:188} INFO - [2024-02-22T00:04:41.558+0000] {dagbag.py:538} INFO - Filling up the DagBag from /home/ubuntu/reddit_venv/lib/python3.10/site-packages/airflow/example_dags/example_branch_day_of_week_operator.py
[2024-02-22T00:04:41.567+0000] {processor.py:840} INFO - DAG(s) 'example_weekday_branch_operator' retrieved from /home/ubuntu/reddit_venv/lib/python3.10/site-packages/airflow/example_dags/example_branch_day_of_week_operator.py
[2024-02-22T00:04:41.585+0000] {logging_mixin.py:188} INFO - [2024-02-22T00:04:41.585+0000] {dag.py:3036} INFO - Sync 1 DAGs
[2024-02-22T00:04:41.607+0000] {logging_mixin.py:188} INFO - [2024-02-22T00:04:41.606+0000] {dag.py:3823} INFO - Setting next_dagrun for example_weekday_branch_operator to 2024-02-21 00:00:00+00:00, run_after=2024-02-22 00:00:00+00:00
[2024-02-22T00:04:41.630+0000] {processor.py:183} INFO - Processing /home/ubuntu/reddit_venv/lib/python3.10/site-packages/airflow/example_dags/example_branch_day_of_week_operator.py took 0.077 seconds
[2024-02-22T00:06:24.644+0000] {processor.py:161} INFO - Started process (PID=7511) to work on /home/ubuntu/reddit_venv/lib/python3.10/site-packages/airflow/example_dags/example_branch_day_of_week_operator.py
[2024-02-22T00:06:24.648+0000] {processor.py:830} INFO - Processing file /home/ubuntu/reddit_venv/lib/python3.10/site-packages/airflow/example_dags/example_branch_day_of_week_operator.py for tasks to queue
[2024-02-22T00:06:24.649+0000] {logging_mixin.py:188} INFO - [2024-02-22T00:06:24.649+0000] {dagbag.py:538} INFO - Filling up the DagBag from /home/ubuntu/reddit_venv/lib/python3.10/site-packages/airflow/example_dags/example_branch_day_of_week_operator.py
[2024-02-22T00:06:24.657+0000] {processor.py:840} INFO - DAG(s) 'example_weekday_branch_operator' retrieved from /home/ubuntu/reddit_venv/lib/python3.10/site-packages/airflow/example_dags/example_branch_day_of_week_operator.py
[2024-02-22T00:06:24.675+0000] {logging_mixin.py:188} INFO - [2024-02-22T00:06:24.675+0000] {dag.py:3036} INFO - Sync 1 DAGs
[2024-02-22T00:06:24.697+0000] {logging_mixin.py:188} INFO - [2024-02-22T00:06:24.697+0000] {dag.py:3823} INFO - Setting next_dagrun for example_weekday_branch_operator to 2024-02-21 00:00:00+00:00, run_after=2024-02-22 00:00:00+00:00
[2024-02-22T00:06:24.721+0000] {processor.py:183} INFO - Processing /home/ubuntu/reddit_venv/lib/python3.10/site-packages/airflow/example_dags/example_branch_day_of_week_operator.py took 0.080 seconds
[2024-02-22T00:07:24.586+0000] {processor.py:161} INFO - Started process (PID=7759) to work on /home/ubuntu/reddit_venv/lib/python3.10/site-packages/airflow/example_dags/example_branch_day_of_week_operator.py
[2024-02-22T00:07:24.588+0000] {processor.py:830} INFO - Processing file /home/ubuntu/reddit_venv/lib/python3.10/site-packages/airflow/example_dags/example_branch_day_of_week_operator.py for tasks to queue
[2024-02-22T00:07:24.589+0000] {logging_mixin.py:188} INFO - [2024-02-22T00:07:24.589+0000] {dagbag.py:538} INFO - Filling up the DagBag from /home/ubuntu/reddit_venv/lib/python3.10/site-packages/airflow/example_dags/example_branch_day_of_week_operator.py
[2024-02-22T00:07:24.598+0000] {processor.py:840} INFO - DAG(s) 'example_weekday_branch_operator' retrieved from /home/ubuntu/reddit_venv/lib/python3.10/site-packages/airflow/example_dags/example_branch_day_of_week_operator.py
[2024-02-22T00:07:24.615+0000] {logging_mixin.py:188} INFO - [2024-02-22T00:07:24.615+0000] {dag.py:3036} INFO - Sync 1 DAGs
[2024-02-22T00:07:24.637+0000] {logging_mixin.py:188} INFO - [2024-02-22T00:07:24.637+0000] {dag.py:3823} INFO - Setting next_dagrun for example_weekday_branch_operator to 2024-02-21 00:00:00+00:00, run_after=2024-02-22 00:00:00+00:00
[2024-02-22T00:07:24.669+0000] {processor.py:183} INFO - Processing /home/ubuntu/reddit_venv/lib/python3.10/site-packages/airflow/example_dags/example_branch_day_of_week_operator.py took 0.087 seconds
[2024-02-22T00:08:26.059+0000] {processor.py:161} INFO - Started process (PID=7888) to work on /home/ubuntu/reddit_venv/lib/python3.10/site-packages/airflow/example_dags/example_branch_day_of_week_operator.py
[2024-02-22T00:08:26.061+0000] {processor.py:830} INFO - Processing file /home/ubuntu/reddit_venv/lib/python3.10/site-packages/airflow/example_dags/example_branch_day_of_week_operator.py for tasks to queue
[2024-02-22T00:08:26.062+0000] {logging_mixin.py:188} INFO - [2024-02-22T00:08:26.061+0000] {dagbag.py:538} INFO - Filling up the DagBag from /home/ubuntu/reddit_venv/lib/python3.10/site-packages/airflow/example_dags/example_branch_day_of_week_operator.py
[2024-02-22T00:08:26.070+0000] {processor.py:840} INFO - DAG(s) 'example_weekday_branch_operator' retrieved from /home/ubuntu/reddit_venv/lib/python3.10/site-packages/airflow/example_dags/example_branch_day_of_week_operator.py
[2024-02-22T00:08:26.089+0000] {logging_mixin.py:188} INFO - [2024-02-22T00:08:26.088+0000] {dag.py:3036} INFO - Sync 1 DAGs
[2024-02-22T00:08:26.110+0000] {logging_mixin.py:188} INFO - [2024-02-22T00:08:26.110+0000] {dag.py:3823} INFO - Setting next_dagrun for example_weekday_branch_operator to 2024-02-21 00:00:00+00:00, run_after=2024-02-22 00:00:00+00:00
[2024-02-22T00:08:26.133+0000] {processor.py:183} INFO - Processing /home/ubuntu/reddit_venv/lib/python3.10/site-packages/airflow/example_dags/example_branch_day_of_week_operator.py took 0.077 seconds
[2024-02-22T00:09:21.446+0000] {processor.py:161} INFO - Started process (PID=8011) to work on /home/ubuntu/reddit_venv/lib/python3.10/site-packages/airflow/example_dags/example_branch_day_of_week_operator.py
[2024-02-22T00:09:21.447+0000] {processor.py:830} INFO - Processing file /home/ubuntu/reddit_venv/lib/python3.10/site-packages/airflow/example_dags/example_branch_day_of_week_operator.py for tasks to queue
[2024-02-22T00:09:21.449+0000] {logging_mixin.py:188} INFO - [2024-02-22T00:09:21.448+0000] {dagbag.py:538} INFO - Filling up the DagBag from /home/ubuntu/reddit_venv/lib/python3.10/site-packages/airflow/example_dags/example_branch_day_of_week_operator.py
[2024-02-22T00:09:21.458+0000] {processor.py:840} INFO - DAG(s) 'example_weekday_branch_operator' retrieved from /home/ubuntu/reddit_venv/lib/python3.10/site-packages/airflow/example_dags/example_branch_day_of_week_operator.py
[2024-02-22T00:09:21.476+0000] {logging_mixin.py:188} INFO - [2024-02-22T00:09:21.476+0000] {dag.py:3036} INFO - Sync 1 DAGs
[2024-02-22T00:09:21.500+0000] {logging_mixin.py:188} INFO - [2024-02-22T00:09:21.500+0000] {dag.py:3823} INFO - Setting next_dagrun for example_weekday_branch_operator to 2024-02-21 00:00:00+00:00, run_after=2024-02-22 00:00:00+00:00
[2024-02-22T00:09:21.528+0000] {processor.py:183} INFO - Processing /home/ubuntu/reddit_venv/lib/python3.10/site-packages/airflow/example_dags/example_branch_day_of_week_operator.py took 0.086 seconds
[2024-02-22T00:10:23.146+0000] {processor.py:161} INFO - Started process (PID=8139) to work on /home/ubuntu/reddit_venv/lib/python3.10/site-packages/airflow/example_dags/example_branch_day_of_week_operator.py
[2024-02-22T00:10:23.147+0000] {processor.py:830} INFO - Processing file /home/ubuntu/reddit_venv/lib/python3.10/site-packages/airflow/example_dags/example_branch_day_of_week_operator.py for tasks to queue
[2024-02-22T00:10:23.148+0000] {logging_mixin.py:188} INFO - [2024-02-22T00:10:23.148+0000] {dagbag.py:538} INFO - Filling up the DagBag from /home/ubuntu/reddit_venv/lib/python3.10/site-packages/airflow/example_dags/example_branch_day_of_week_operator.py
[2024-02-22T00:10:23.157+0000] {processor.py:840} INFO - DAG(s) 'example_weekday_branch_operator' retrieved from /home/ubuntu/reddit_venv/lib/python3.10/site-packages/airflow/example_dags/example_branch_day_of_week_operator.py
[2024-02-22T00:10:23.175+0000] {logging_mixin.py:188} INFO - [2024-02-22T00:10:23.175+0000] {dag.py:3036} INFO - Sync 1 DAGs
[2024-02-22T00:10:23.198+0000] {logging_mixin.py:188} INFO - [2024-02-22T00:10:23.197+0000] {dag.py:3823} INFO - Setting next_dagrun for example_weekday_branch_operator to 2024-02-21 00:00:00+00:00, run_after=2024-02-22 00:00:00+00:00
[2024-02-22T00:10:23.220+0000] {processor.py:183} INFO - Processing /home/ubuntu/reddit_venv/lib/python3.10/site-packages/airflow/example_dags/example_branch_day_of_week_operator.py took 0.078 seconds
[2024-02-22T00:11:24.016+0000] {processor.py:161} INFO - Started process (PID=8270) to work on /home/ubuntu/reddit_venv/lib/python3.10/site-packages/airflow/example_dags/example_branch_day_of_week_operator.py
[2024-02-22T00:11:24.018+0000] {processor.py:830} INFO - Processing file /home/ubuntu/reddit_venv/lib/python3.10/site-packages/airflow/example_dags/example_branch_day_of_week_operator.py for tasks to queue
[2024-02-22T00:11:24.019+0000] {logging_mixin.py:188} INFO - [2024-02-22T00:11:24.019+0000] {dagbag.py:538} INFO - Filling up the DagBag from /home/ubuntu/reddit_venv/lib/python3.10/site-packages/airflow/example_dags/example_branch_day_of_week_operator.py
[2024-02-22T00:11:24.027+0000] {processor.py:840} INFO - DAG(s) 'example_weekday_branch_operator' retrieved from /home/ubuntu/reddit_venv/lib/python3.10/site-packages/airflow/example_dags/example_branch_day_of_week_operator.py
[2024-02-22T00:11:24.045+0000] {logging_mixin.py:188} INFO - [2024-02-22T00:11:24.045+0000] {dag.py:3036} INFO - Sync 1 DAGs
[2024-02-22T00:11:24.067+0000] {logging_mixin.py:188} INFO - [2024-02-22T00:11:24.066+0000] {dag.py:3823} INFO - Setting next_dagrun for example_weekday_branch_operator to 2024-02-21 00:00:00+00:00, run_after=2024-02-22 00:00:00+00:00
[2024-02-22T00:11:24.089+0000] {processor.py:183} INFO - Processing /home/ubuntu/reddit_venv/lib/python3.10/site-packages/airflow/example_dags/example_branch_day_of_week_operator.py took 0.077 seconds
[2024-02-22T00:12:26.450+0000] {processor.py:161} INFO - Started process (PID=8458) to work on /home/ubuntu/reddit_venv/lib/python3.10/site-packages/airflow/example_dags/example_branch_day_of_week_operator.py
[2024-02-22T00:12:26.452+0000] {processor.py:830} INFO - Processing file /home/ubuntu/reddit_venv/lib/python3.10/site-packages/airflow/example_dags/example_branch_day_of_week_operator.py for tasks to queue
[2024-02-22T00:12:26.453+0000] {logging_mixin.py:188} INFO - [2024-02-22T00:12:26.452+0000] {dagbag.py:538} INFO - Filling up the DagBag from /home/ubuntu/reddit_venv/lib/python3.10/site-packages/airflow/example_dags/example_branch_day_of_week_operator.py
[2024-02-22T00:12:26.461+0000] {processor.py:840} INFO - DAG(s) 'example_weekday_branch_operator' retrieved from /home/ubuntu/reddit_venv/lib/python3.10/site-packages/airflow/example_dags/example_branch_day_of_week_operator.py
[2024-02-22T00:12:26.479+0000] {logging_mixin.py:188} INFO - [2024-02-22T00:12:26.479+0000] {dag.py:3036} INFO - Sync 1 DAGs
[2024-02-22T00:12:26.501+0000] {logging_mixin.py:188} INFO - [2024-02-22T00:12:26.501+0000] {dag.py:3823} INFO - Setting next_dagrun for example_weekday_branch_operator to 2024-02-21 00:00:00+00:00, run_after=2024-02-22 00:00:00+00:00
[2024-02-22T00:12:26.530+0000] {processor.py:183} INFO - Processing /home/ubuntu/reddit_venv/lib/python3.10/site-packages/airflow/example_dags/example_branch_day_of_week_operator.py took 0.083 seconds
[2024-02-22T00:13:28.481+0000] {processor.py:161} INFO - Started process (PID=8590) to work on /home/ubuntu/reddit_venv/lib/python3.10/site-packages/airflow/example_dags/example_branch_day_of_week_operator.py
[2024-02-22T00:13:28.483+0000] {processor.py:830} INFO - Processing file /home/ubuntu/reddit_venv/lib/python3.10/site-packages/airflow/example_dags/example_branch_day_of_week_operator.py for tasks to queue
[2024-02-22T00:13:28.484+0000] {logging_mixin.py:188} INFO - [2024-02-22T00:13:28.483+0000] {dagbag.py:538} INFO - Filling up the DagBag from /home/ubuntu/reddit_venv/lib/python3.10/site-packages/airflow/example_dags/example_branch_day_of_week_operator.py
[2024-02-22T00:13:28.492+0000] {processor.py:840} INFO - DAG(s) 'example_weekday_branch_operator' retrieved from /home/ubuntu/reddit_venv/lib/python3.10/site-packages/airflow/example_dags/example_branch_day_of_week_operator.py
[2024-02-22T00:13:28.510+0000] {logging_mixin.py:188} INFO - [2024-02-22T00:13:28.510+0000] {dag.py:3036} INFO - Sync 1 DAGs
[2024-02-22T00:13:28.533+0000] {logging_mixin.py:188} INFO - [2024-02-22T00:13:28.533+0000] {dag.py:3823} INFO - Setting next_dagrun for example_weekday_branch_operator to 2024-02-21 00:00:00+00:00, run_after=2024-02-22 00:00:00+00:00
[2024-02-22T00:13:28.556+0000] {processor.py:183} INFO - Processing /home/ubuntu/reddit_venv/lib/python3.10/site-packages/airflow/example_dags/example_branch_day_of_week_operator.py took 0.078 seconds
