[2024-02-22T00:00:50.026+0000] {processor.py:161} INFO - Started process (PID=4449) to work on /home/ubuntu/reddit_venv/lib/python3.10/site-packages/airflow/example_dags/example_short_circuit_operator.py
[2024-02-22T00:00:50.027+0000] {processor.py:830} INFO - Processing file /home/ubuntu/reddit_venv/lib/python3.10/site-packages/airflow/example_dags/example_short_circuit_operator.py for tasks to queue
[2024-02-22T00:00:50.028+0000] {logging_mixin.py:188} INFO - [2024-02-22T00:00:50.028+0000] {dagbag.py:538} INFO - Filling up the DagBag from /home/ubuntu/reddit_venv/lib/python3.10/site-packages/airflow/example_dags/example_short_circuit_operator.py
[2024-02-22T00:00:50.037+0000] {processor.py:840} INFO - DAG(s) 'example_short_circuit_operator' retrieved from /home/ubuntu/reddit_venv/lib/python3.10/site-packages/airflow/example_dags/example_short_circuit_operator.py
[2024-02-22T00:00:50.057+0000] {logging_mixin.py:188} INFO - [2024-02-22T00:00:50.057+0000] {dag.py:3036} INFO - Sync 1 DAGs
[2024-02-22T00:00:50.079+0000] {logging_mixin.py:188} INFO - [2024-02-22T00:00:50.078+0000] {dag.py:3823} INFO - Setting next_dagrun for example_short_circuit_operator to 2024-02-21 00:00:00+00:00, run_after=2024-02-22 00:00:00+00:00
[2024-02-22T00:00:50.102+0000] {processor.py:183} INFO - Processing /home/ubuntu/reddit_venv/lib/python3.10/site-packages/airflow/example_dags/example_short_circuit_operator.py took 0.079 seconds
[2024-02-22T00:01:42.320+0000] {processor.py:161} INFO - Started process (PID=4926) to work on /home/ubuntu/reddit_venv/lib/python3.10/site-packages/airflow/example_dags/example_short_circuit_operator.py
[2024-02-22T00:01:42.321+0000] {processor.py:830} INFO - Processing file /home/ubuntu/reddit_venv/lib/python3.10/site-packages/airflow/example_dags/example_short_circuit_operator.py for tasks to queue
[2024-02-22T00:01:42.322+0000] {logging_mixin.py:188} INFO - [2024-02-22T00:01:42.322+0000] {dagbag.py:538} INFO - Filling up the DagBag from /home/ubuntu/reddit_venv/lib/python3.10/site-packages/airflow/example_dags/example_short_circuit_operator.py
[2024-02-22T00:01:42.331+0000] {processor.py:840} INFO - DAG(s) 'example_short_circuit_operator' retrieved from /home/ubuntu/reddit_venv/lib/python3.10/site-packages/airflow/example_dags/example_short_circuit_operator.py
[2024-02-22T00:01:42.351+0000] {logging_mixin.py:188} INFO - [2024-02-22T00:01:42.351+0000] {dag.py:3036} INFO - Sync 1 DAGs
[2024-02-22T00:01:42.373+0000] {logging_mixin.py:188} INFO - [2024-02-22T00:01:42.373+0000] {dag.py:3823} INFO - Setting next_dagrun for example_short_circuit_operator to 2024-02-21 00:00:00+00:00, run_after=2024-02-22 00:00:00+00:00
[2024-02-22T00:01:42.395+0000] {processor.py:183} INFO - Processing /home/ubuntu/reddit_venv/lib/python3.10/site-packages/airflow/example_dags/example_short_circuit_operator.py took 0.079 seconds
[2024-02-22T00:03:25.003+0000] {processor.py:161} INFO - Started process (PID=6114) to work on /home/ubuntu/reddit_venv/lib/python3.10/site-packages/airflow/example_dags/example_short_circuit_operator.py
[2024-02-22T00:03:25.005+0000] {processor.py:830} INFO - Processing file /home/ubuntu/reddit_venv/lib/python3.10/site-packages/airflow/example_dags/example_short_circuit_operator.py for tasks to queue
[2024-02-22T00:03:25.006+0000] {logging_mixin.py:188} INFO - [2024-02-22T00:03:25.006+0000] {dagbag.py:538} INFO - Filling up the DagBag from /home/ubuntu/reddit_venv/lib/python3.10/site-packages/airflow/example_dags/example_short_circuit_operator.py
[2024-02-22T00:03:25.015+0000] {processor.py:840} INFO - DAG(s) 'example_short_circuit_operator' retrieved from /home/ubuntu/reddit_venv/lib/python3.10/site-packages/airflow/example_dags/example_short_circuit_operator.py
[2024-02-22T00:03:25.034+0000] {logging_mixin.py:188} INFO - [2024-02-22T00:03:25.034+0000] {dag.py:3036} INFO - Sync 1 DAGs
[2024-02-22T00:03:25.055+0000] {logging_mixin.py:188} INFO - [2024-02-22T00:03:25.054+0000] {dag.py:3823} INFO - Setting next_dagrun for example_short_circuit_operator to 2024-02-21 00:00:00+00:00, run_after=2024-02-22 00:00:00+00:00
[2024-02-22T00:03:25.077+0000] {processor.py:183} INFO - Processing /home/ubuntu/reddit_venv/lib/python3.10/site-packages/airflow/example_dags/example_short_circuit_operator.py took 0.077 seconds
[2024-02-22T00:04:49.672+0000] {processor.py:161} INFO - Started process (PID=6744) to work on /home/ubuntu/reddit_venv/lib/python3.10/site-packages/airflow/example_dags/example_short_circuit_operator.py
[2024-02-22T00:04:49.674+0000] {processor.py:830} INFO - Processing file /home/ubuntu/reddit_venv/lib/python3.10/site-packages/airflow/example_dags/example_short_circuit_operator.py for tasks to queue
[2024-02-22T00:04:49.675+0000] {logging_mixin.py:188} INFO - [2024-02-22T00:04:49.674+0000] {dagbag.py:538} INFO - Filling up the DagBag from /home/ubuntu/reddit_venv/lib/python3.10/site-packages/airflow/example_dags/example_short_circuit_operator.py
[2024-02-22T00:04:49.684+0000] {processor.py:840} INFO - DAG(s) 'example_short_circuit_operator' retrieved from /home/ubuntu/reddit_venv/lib/python3.10/site-packages/airflow/example_dags/example_short_circuit_operator.py
[2024-02-22T00:04:49.703+0000] {logging_mixin.py:188} INFO - [2024-02-22T00:04:49.703+0000] {dag.py:3036} INFO - Sync 1 DAGs
[2024-02-22T00:04:49.725+0000] {logging_mixin.py:188} INFO - [2024-02-22T00:04:49.725+0000] {dag.py:3823} INFO - Setting next_dagrun for example_short_circuit_operator to 2024-02-21 00:00:00+00:00, run_after=2024-02-22 00:00:00+00:00
[2024-02-22T00:04:49.749+0000] {processor.py:183} INFO - Processing /home/ubuntu/reddit_venv/lib/python3.10/site-packages/airflow/example_dags/example_short_circuit_operator.py took 0.081 seconds
[2024-02-22T00:06:09.187+0000] {processor.py:161} INFO - Started process (PID=7495) to work on /home/ubuntu/reddit_venv/lib/python3.10/site-packages/airflow/example_dags/example_short_circuit_operator.py
[2024-02-22T00:06:09.189+0000] {processor.py:830} INFO - Processing file /home/ubuntu/reddit_venv/lib/python3.10/site-packages/airflow/example_dags/example_short_circuit_operator.py for tasks to queue
[2024-02-22T00:06:09.189+0000] {logging_mixin.py:188} INFO - [2024-02-22T00:06:09.189+0000] {dagbag.py:538} INFO - Filling up the DagBag from /home/ubuntu/reddit_venv/lib/python3.10/site-packages/airflow/example_dags/example_short_circuit_operator.py
[2024-02-22T00:06:09.198+0000] {processor.py:840} INFO - DAG(s) 'example_short_circuit_operator' retrieved from /home/ubuntu/reddit_venv/lib/python3.10/site-packages/airflow/example_dags/example_short_circuit_operator.py
[2024-02-22T00:06:09.218+0000] {logging_mixin.py:188} INFO - [2024-02-22T00:06:09.217+0000] {dag.py:3036} INFO - Sync 1 DAGs
[2024-02-22T00:06:09.238+0000] {logging_mixin.py:188} INFO - [2024-02-22T00:06:09.238+0000] {dag.py:3823} INFO - Setting next_dagrun for example_short_circuit_operator to 2024-02-21 00:00:00+00:00, run_after=2024-02-22 00:00:00+00:00
[2024-02-22T00:06:09.261+0000] {processor.py:183} INFO - Processing /home/ubuntu/reddit_venv/lib/python3.10/site-packages/airflow/example_dags/example_short_circuit_operator.py took 0.078 seconds
[2024-02-22T00:06:58.750+0000] {processor.py:161} INFO - Started process (PID=7672) to work on /home/ubuntu/reddit_venv/lib/python3.10/site-packages/airflow/example_dags/example_short_circuit_operator.py
[2024-02-22T00:06:58.751+0000] {processor.py:830} INFO - Processing file /home/ubuntu/reddit_venv/lib/python3.10/site-packages/airflow/example_dags/example_short_circuit_operator.py for tasks to queue
[2024-02-22T00:06:58.752+0000] {logging_mixin.py:188} INFO - [2024-02-22T00:06:58.752+0000] {dagbag.py:538} INFO - Filling up the DagBag from /home/ubuntu/reddit_venv/lib/python3.10/site-packages/airflow/example_dags/example_short_circuit_operator.py
[2024-02-22T00:06:58.761+0000] {processor.py:840} INFO - DAG(s) 'example_short_circuit_operator' retrieved from /home/ubuntu/reddit_venv/lib/python3.10/site-packages/airflow/example_dags/example_short_circuit_operator.py
[2024-02-22T00:06:58.781+0000] {logging_mixin.py:188} INFO - [2024-02-22T00:06:58.781+0000] {dag.py:3036} INFO - Sync 1 DAGs
[2024-02-22T00:06:58.802+0000] {logging_mixin.py:188} INFO - [2024-02-22T00:06:58.802+0000] {dag.py:3823} INFO - Setting next_dagrun for example_short_circuit_operator to 2024-02-21 00:00:00+00:00, run_after=2024-02-22 00:00:00+00:00
[2024-02-22T00:06:58.824+0000] {processor.py:183} INFO - Processing /home/ubuntu/reddit_venv/lib/python3.10/site-packages/airflow/example_dags/example_short_circuit_operator.py took 0.077 seconds
[2024-02-22T00:07:58.867+0000] {processor.py:161} INFO - Started process (PID=7857) to work on /home/ubuntu/reddit_venv/lib/python3.10/site-packages/airflow/example_dags/example_short_circuit_operator.py
[2024-02-22T00:07:58.869+0000] {processor.py:830} INFO - Processing file /home/ubuntu/reddit_venv/lib/python3.10/site-packages/airflow/example_dags/example_short_circuit_operator.py for tasks to queue
[2024-02-22T00:07:58.870+0000] {logging_mixin.py:188} INFO - [2024-02-22T00:07:58.870+0000] {dagbag.py:538} INFO - Filling up the DagBag from /home/ubuntu/reddit_venv/lib/python3.10/site-packages/airflow/example_dags/example_short_circuit_operator.py
[2024-02-22T00:07:58.879+0000] {processor.py:840} INFO - DAG(s) 'example_short_circuit_operator' retrieved from /home/ubuntu/reddit_venv/lib/python3.10/site-packages/airflow/example_dags/example_short_circuit_operator.py
[2024-02-22T00:07:58.898+0000] {logging_mixin.py:188} INFO - [2024-02-22T00:07:58.898+0000] {dag.py:3036} INFO - Sync 1 DAGs
[2024-02-22T00:07:58.920+0000] {logging_mixin.py:188} INFO - [2024-02-22T00:07:58.920+0000] {dag.py:3823} INFO - Setting next_dagrun for example_short_circuit_operator to 2024-02-21 00:00:00+00:00, run_after=2024-02-22 00:00:00+00:00
[2024-02-22T00:07:58.948+0000] {processor.py:183} INFO - Processing /home/ubuntu/reddit_venv/lib/python3.10/site-packages/airflow/example_dags/example_short_circuit_operator.py took 0.084 seconds
[2024-02-22T00:08:56.804+0000] {processor.py:161} INFO - Started process (PID=7985) to work on /home/ubuntu/reddit_venv/lib/python3.10/site-packages/airflow/example_dags/example_short_circuit_operator.py
[2024-02-22T00:08:56.805+0000] {processor.py:830} INFO - Processing file /home/ubuntu/reddit_venv/lib/python3.10/site-packages/airflow/example_dags/example_short_circuit_operator.py for tasks to queue
[2024-02-22T00:08:56.806+0000] {logging_mixin.py:188} INFO - [2024-02-22T00:08:56.806+0000] {dagbag.py:538} INFO - Filling up the DagBag from /home/ubuntu/reddit_venv/lib/python3.10/site-packages/airflow/example_dags/example_short_circuit_operator.py
[2024-02-22T00:08:56.815+0000] {processor.py:840} INFO - DAG(s) 'example_short_circuit_operator' retrieved from /home/ubuntu/reddit_venv/lib/python3.10/site-packages/airflow/example_dags/example_short_circuit_operator.py
[2024-02-22T00:08:56.834+0000] {logging_mixin.py:188} INFO - [2024-02-22T00:08:56.833+0000] {dag.py:3036} INFO - Sync 1 DAGs
[2024-02-22T00:08:56.855+0000] {logging_mixin.py:188} INFO - [2024-02-22T00:08:56.854+0000] {dag.py:3823} INFO - Setting next_dagrun for example_short_circuit_operator to 2024-02-21 00:00:00+00:00, run_after=2024-02-22 00:00:00+00:00
[2024-02-22T00:08:56.878+0000] {processor.py:183} INFO - Processing /home/ubuntu/reddit_venv/lib/python3.10/site-packages/airflow/example_dags/example_short_circuit_operator.py took 0.077 seconds
[2024-02-22T00:09:56.449+0000] {processor.py:161} INFO - Started process (PID=8075) to work on /home/ubuntu/reddit_venv/lib/python3.10/site-packages/airflow/example_dags/example_short_circuit_operator.py
[2024-02-22T00:09:56.451+0000] {processor.py:830} INFO - Processing file /home/ubuntu/reddit_venv/lib/python3.10/site-packages/airflow/example_dags/example_short_circuit_operator.py for tasks to queue
[2024-02-22T00:09:56.452+0000] {logging_mixin.py:188} INFO - [2024-02-22T00:09:56.451+0000] {dagbag.py:538} INFO - Filling up the DagBag from /home/ubuntu/reddit_venv/lib/python3.10/site-packages/airflow/example_dags/example_short_circuit_operator.py
[2024-02-22T00:09:56.461+0000] {processor.py:840} INFO - DAG(s) 'example_short_circuit_operator' retrieved from /home/ubuntu/reddit_venv/lib/python3.10/site-packages/airflow/example_dags/example_short_circuit_operator.py
[2024-02-22T00:09:56.481+0000] {logging_mixin.py:188} INFO - [2024-02-22T00:09:56.480+0000] {dag.py:3036} INFO - Sync 1 DAGs
[2024-02-22T00:09:56.502+0000] {logging_mixin.py:188} INFO - [2024-02-22T00:09:56.502+0000] {dag.py:3823} INFO - Setting next_dagrun for example_short_circuit_operator to 2024-02-21 00:00:00+00:00, run_after=2024-02-22 00:00:00+00:00
[2024-02-22T00:09:56.525+0000] {processor.py:183} INFO - Processing /home/ubuntu/reddit_venv/lib/python3.10/site-packages/airflow/example_dags/example_short_circuit_operator.py took 0.079 seconds
[2024-02-22T00:10:37.177+0000] {processor.py:161} INFO - Started process (PID=8157) to work on /home/ubuntu/reddit_venv/lib/python3.10/site-packages/airflow/example_dags/example_short_circuit_operator.py
[2024-02-22T00:10:37.178+0000] {processor.py:830} INFO - Processing file /home/ubuntu/reddit_venv/lib/python3.10/site-packages/airflow/example_dags/example_short_circuit_operator.py for tasks to queue
[2024-02-22T00:10:37.179+0000] {logging_mixin.py:188} INFO - [2024-02-22T00:10:37.179+0000] {dagbag.py:538} INFO - Filling up the DagBag from /home/ubuntu/reddit_venv/lib/python3.10/site-packages/airflow/example_dags/example_short_circuit_operator.py
[2024-02-22T00:10:37.188+0000] {processor.py:840} INFO - DAG(s) 'example_short_circuit_operator' retrieved from /home/ubuntu/reddit_venv/lib/python3.10/site-packages/airflow/example_dags/example_short_circuit_operator.py
[2024-02-22T00:10:37.208+0000] {logging_mixin.py:188} INFO - [2024-02-22T00:10:37.207+0000] {dag.py:3036} INFO - Sync 1 DAGs
[2024-02-22T00:10:37.228+0000] {logging_mixin.py:188} INFO - [2024-02-22T00:10:37.228+0000] {dag.py:3823} INFO - Setting next_dagrun for example_short_circuit_operator to 2024-02-21 00:00:00+00:00, run_after=2024-02-22 00:00:00+00:00
[2024-02-22T00:10:37.251+0000] {processor.py:183} INFO - Processing /home/ubuntu/reddit_venv/lib/python3.10/site-packages/airflow/example_dags/example_short_circuit_operator.py took 0.078 seconds
[2024-02-22T00:11:39.170+0000] {processor.py:161} INFO - Started process (PID=8285) to work on /home/ubuntu/reddit_venv/lib/python3.10/site-packages/airflow/example_dags/example_short_circuit_operator.py
[2024-02-22T00:11:39.174+0000] {processor.py:830} INFO - Processing file /home/ubuntu/reddit_venv/lib/python3.10/site-packages/airflow/example_dags/example_short_circuit_operator.py for tasks to queue
[2024-02-22T00:11:39.175+0000] {logging_mixin.py:188} INFO - [2024-02-22T00:11:39.175+0000] {dagbag.py:538} INFO - Filling up the DagBag from /home/ubuntu/reddit_venv/lib/python3.10/site-packages/airflow/example_dags/example_short_circuit_operator.py
[2024-02-22T00:11:39.184+0000] {processor.py:840} INFO - DAG(s) 'example_short_circuit_operator' retrieved from /home/ubuntu/reddit_venv/lib/python3.10/site-packages/airflow/example_dags/example_short_circuit_operator.py
[2024-02-22T00:11:39.203+0000] {logging_mixin.py:188} INFO - [2024-02-22T00:11:39.203+0000] {dag.py:3036} INFO - Sync 1 DAGs
[2024-02-22T00:11:39.224+0000] {logging_mixin.py:188} INFO - [2024-02-22T00:11:39.224+0000] {dag.py:3823} INFO - Setting next_dagrun for example_short_circuit_operator to 2024-02-21 00:00:00+00:00, run_after=2024-02-22 00:00:00+00:00
[2024-02-22T00:11:39.247+0000] {processor.py:183} INFO - Processing /home/ubuntu/reddit_venv/lib/python3.10/site-packages/airflow/example_dags/example_short_circuit_operator.py took 0.080 seconds
[2024-02-22T00:12:21.526+0000] {processor.py:161} INFO - Started process (PID=8451) to work on /home/ubuntu/reddit_venv/lib/python3.10/site-packages/airflow/example_dags/example_short_circuit_operator.py
[2024-02-22T00:12:21.529+0000] {processor.py:830} INFO - Processing file /home/ubuntu/reddit_venv/lib/python3.10/site-packages/airflow/example_dags/example_short_circuit_operator.py for tasks to queue
[2024-02-22T00:12:21.530+0000] {logging_mixin.py:188} INFO - [2024-02-22T00:12:21.529+0000] {dagbag.py:538} INFO - Filling up the DagBag from /home/ubuntu/reddit_venv/lib/python3.10/site-packages/airflow/example_dags/example_short_circuit_operator.py
[2024-02-22T00:12:21.539+0000] {processor.py:840} INFO - DAG(s) 'example_short_circuit_operator' retrieved from /home/ubuntu/reddit_venv/lib/python3.10/site-packages/airflow/example_dags/example_short_circuit_operator.py
[2024-02-22T00:12:21.558+0000] {logging_mixin.py:188} INFO - [2024-02-22T00:12:21.558+0000] {dag.py:3036} INFO - Sync 1 DAGs
[2024-02-22T00:12:21.580+0000] {logging_mixin.py:188} INFO - [2024-02-22T00:12:21.579+0000] {dag.py:3823} INFO - Setting next_dagrun for example_short_circuit_operator to 2024-02-21 00:00:00+00:00, run_after=2024-02-22 00:00:00+00:00
[2024-02-22T00:12:21.602+0000] {processor.py:183} INFO - Processing /home/ubuntu/reddit_venv/lib/python3.10/site-packages/airflow/example_dags/example_short_circuit_operator.py took 0.080 seconds
[2024-02-22T00:13:22.017+0000] {processor.py:161} INFO - Started process (PID=8583) to work on /home/ubuntu/reddit_venv/lib/python3.10/site-packages/airflow/example_dags/example_short_circuit_operator.py
[2024-02-22T00:13:22.019+0000] {processor.py:830} INFO - Processing file /home/ubuntu/reddit_venv/lib/python3.10/site-packages/airflow/example_dags/example_short_circuit_operator.py for tasks to queue
[2024-02-22T00:13:22.020+0000] {logging_mixin.py:188} INFO - [2024-02-22T00:13:22.019+0000] {dagbag.py:538} INFO - Filling up the DagBag from /home/ubuntu/reddit_venv/lib/python3.10/site-packages/airflow/example_dags/example_short_circuit_operator.py
[2024-02-22T00:13:22.029+0000] {processor.py:840} INFO - DAG(s) 'example_short_circuit_operator' retrieved from /home/ubuntu/reddit_venv/lib/python3.10/site-packages/airflow/example_dags/example_short_circuit_operator.py
[2024-02-22T00:13:22.048+0000] {logging_mixin.py:188} INFO - [2024-02-22T00:13:22.047+0000] {dag.py:3036} INFO - Sync 1 DAGs
[2024-02-22T00:13:22.068+0000] {logging_mixin.py:188} INFO - [2024-02-22T00:13:22.068+0000] {dag.py:3823} INFO - Setting next_dagrun for example_short_circuit_operator to 2024-02-21 00:00:00+00:00, run_after=2024-02-22 00:00:00+00:00
[2024-02-22T00:13:22.093+0000] {processor.py:183} INFO - Processing /home/ubuntu/reddit_venv/lib/python3.10/site-packages/airflow/example_dags/example_short_circuit_operator.py took 0.079 seconds
