[2024-02-22T00:00:32.692+0000] {processor.py:161} INFO - Started process (PID=4247) to work on /home/ubuntu/reddit_venv/lib/python3.10/site-packages/airflow/example_dags/tutorial_taskflow_api.py
[2024-02-22T00:00:32.693+0000] {processor.py:830} INFO - Processing file /home/ubuntu/reddit_venv/lib/python3.10/site-packages/airflow/example_dags/tutorial_taskflow_api.py for tasks to queue
[2024-02-22T00:00:32.694+0000] {logging_mixin.py:188} INFO - [2024-02-22T00:00:32.693+0000] {dagbag.py:538} INFO - Filling up the DagBag from /home/ubuntu/reddit_venv/lib/python3.10/site-packages/airflow/example_dags/tutorial_taskflow_api.py
[2024-02-22T00:00:32.701+0000] {processor.py:840} INFO - DAG(s) 'tutorial_taskflow_api' retrieved from /home/ubuntu/reddit_venv/lib/python3.10/site-packages/airflow/example_dags/tutorial_taskflow_api.py
[2024-02-22T00:00:32.717+0000] {logging_mixin.py:188} INFO - [2024-02-22T00:00:32.717+0000] {dag.py:3036} INFO - Sync 1 DAGs
[2024-02-22T00:00:32.728+0000] {logging_mixin.py:188} INFO - [2024-02-22T00:00:32.728+0000] {dag.py:3823} INFO - Setting next_dagrun for tutorial_taskflow_api to None, run_after=None
[2024-02-22T00:00:32.751+0000] {processor.py:183} INFO - Processing /home/ubuntu/reddit_venv/lib/python3.10/site-packages/airflow/example_dags/tutorial_taskflow_api.py took 0.063 seconds
[2024-02-22T00:01:20.507+0000] {processor.py:161} INFO - Started process (PID=4661) to work on /home/ubuntu/reddit_venv/lib/python3.10/site-packages/airflow/example_dags/tutorial_taskflow_api.py
[2024-02-22T00:01:20.509+0000] {processor.py:830} INFO - Processing file /home/ubuntu/reddit_venv/lib/python3.10/site-packages/airflow/example_dags/tutorial_taskflow_api.py for tasks to queue
[2024-02-22T00:01:20.510+0000] {logging_mixin.py:188} INFO - [2024-02-22T00:01:20.510+0000] {dagbag.py:538} INFO - Filling up the DagBag from /home/ubuntu/reddit_venv/lib/python3.10/site-packages/airflow/example_dags/tutorial_taskflow_api.py
[2024-02-22T00:01:20.517+0000] {processor.py:840} INFO - DAG(s) 'tutorial_taskflow_api' retrieved from /home/ubuntu/reddit_venv/lib/python3.10/site-packages/airflow/example_dags/tutorial_taskflow_api.py
[2024-02-22T00:01:20.534+0000] {logging_mixin.py:188} INFO - [2024-02-22T00:01:20.534+0000] {dag.py:3036} INFO - Sync 1 DAGs
[2024-02-22T00:01:20.547+0000] {logging_mixin.py:188} INFO - [2024-02-22T00:01:20.546+0000] {dag.py:3823} INFO - Setting next_dagrun for tutorial_taskflow_api to None, run_after=None
[2024-02-22T00:01:20.571+0000] {processor.py:183} INFO - Processing /home/ubuntu/reddit_venv/lib/python3.10/site-packages/airflow/example_dags/tutorial_taskflow_api.py took 0.067 seconds
[2024-02-22T00:03:07.173+0000] {processor.py:161} INFO - Started process (PID=6034) to work on /home/ubuntu/reddit_venv/lib/python3.10/site-packages/airflow/example_dags/tutorial_taskflow_api.py
[2024-02-22T00:03:07.177+0000] {processor.py:830} INFO - Processing file /home/ubuntu/reddit_venv/lib/python3.10/site-packages/airflow/example_dags/tutorial_taskflow_api.py for tasks to queue
[2024-02-22T00:03:07.178+0000] {logging_mixin.py:188} INFO - [2024-02-22T00:03:07.178+0000] {dagbag.py:538} INFO - Filling up the DagBag from /home/ubuntu/reddit_venv/lib/python3.10/site-packages/airflow/example_dags/tutorial_taskflow_api.py
[2024-02-22T00:03:07.185+0000] {processor.py:840} INFO - DAG(s) 'tutorial_taskflow_api' retrieved from /home/ubuntu/reddit_venv/lib/python3.10/site-packages/airflow/example_dags/tutorial_taskflow_api.py
[2024-02-22T00:03:07.201+0000] {logging_mixin.py:188} INFO - [2024-02-22T00:03:07.201+0000] {dag.py:3036} INFO - Sync 1 DAGs
[2024-02-22T00:03:07.213+0000] {logging_mixin.py:188} INFO - [2024-02-22T00:03:07.213+0000] {dag.py:3823} INFO - Setting next_dagrun for tutorial_taskflow_api to None, run_after=None
[2024-02-22T00:03:07.236+0000] {processor.py:183} INFO - Processing /home/ubuntu/reddit_venv/lib/python3.10/site-packages/airflow/example_dags/tutorial_taskflow_api.py took 0.066 seconds
[2024-02-22T00:04:26.557+0000] {processor.py:161} INFO - Started process (PID=6597) to work on /home/ubuntu/reddit_venv/lib/python3.10/site-packages/airflow/example_dags/tutorial_taskflow_api.py
[2024-02-22T00:04:26.558+0000] {processor.py:830} INFO - Processing file /home/ubuntu/reddit_venv/lib/python3.10/site-packages/airflow/example_dags/tutorial_taskflow_api.py for tasks to queue
[2024-02-22T00:04:26.559+0000] {logging_mixin.py:188} INFO - [2024-02-22T00:04:26.559+0000] {dagbag.py:538} INFO - Filling up the DagBag from /home/ubuntu/reddit_venv/lib/python3.10/site-packages/airflow/example_dags/tutorial_taskflow_api.py
[2024-02-22T00:04:26.567+0000] {processor.py:840} INFO - DAG(s) 'tutorial_taskflow_api' retrieved from /home/ubuntu/reddit_venv/lib/python3.10/site-packages/airflow/example_dags/tutorial_taskflow_api.py
[2024-02-22T00:04:26.583+0000] {logging_mixin.py:188} INFO - [2024-02-22T00:04:26.583+0000] {dag.py:3036} INFO - Sync 1 DAGs
[2024-02-22T00:04:26.594+0000] {logging_mixin.py:188} INFO - [2024-02-22T00:04:26.594+0000] {dag.py:3823} INFO - Setting next_dagrun for tutorial_taskflow_api to None, run_after=None
[2024-02-22T00:04:26.629+0000] {processor.py:183} INFO - Processing /home/ubuntu/reddit_venv/lib/python3.10/site-packages/airflow/example_dags/tutorial_taskflow_api.py took 0.075 seconds
[2024-02-22T00:05:51.457+0000] {processor.py:161} INFO - Started process (PID=7415) to work on /home/ubuntu/reddit_venv/lib/python3.10/site-packages/airflow/example_dags/tutorial_taskflow_api.py
[2024-02-22T00:05:51.459+0000] {processor.py:830} INFO - Processing file /home/ubuntu/reddit_venv/lib/python3.10/site-packages/airflow/example_dags/tutorial_taskflow_api.py for tasks to queue
[2024-02-22T00:05:51.460+0000] {logging_mixin.py:188} INFO - [2024-02-22T00:05:51.460+0000] {dagbag.py:538} INFO - Filling up the DagBag from /home/ubuntu/reddit_venv/lib/python3.10/site-packages/airflow/example_dags/tutorial_taskflow_api.py
[2024-02-22T00:05:51.468+0000] {processor.py:840} INFO - DAG(s) 'tutorial_taskflow_api' retrieved from /home/ubuntu/reddit_venv/lib/python3.10/site-packages/airflow/example_dags/tutorial_taskflow_api.py
[2024-02-22T00:05:51.484+0000] {logging_mixin.py:188} INFO - [2024-02-22T00:05:51.483+0000] {dag.py:3036} INFO - Sync 1 DAGs
[2024-02-22T00:05:51.496+0000] {logging_mixin.py:188} INFO - [2024-02-22T00:05:51.495+0000] {dag.py:3823} INFO - Setting next_dagrun for tutorial_taskflow_api to None, run_after=None
[2024-02-22T00:05:51.519+0000] {processor.py:183} INFO - Processing /home/ubuntu/reddit_venv/lib/python3.10/site-packages/airflow/example_dags/tutorial_taskflow_api.py took 0.065 seconds
[2024-02-22T00:06:31.133+0000] {processor.py:161} INFO - Started process (PID=7578) to work on /home/ubuntu/reddit_venv/lib/python3.10/site-packages/airflow/example_dags/tutorial_taskflow_api.py
[2024-02-22T00:06:31.135+0000] {processor.py:830} INFO - Processing file /home/ubuntu/reddit_venv/lib/python3.10/site-packages/airflow/example_dags/tutorial_taskflow_api.py for tasks to queue
[2024-02-22T00:06:31.136+0000] {logging_mixin.py:188} INFO - [2024-02-22T00:06:31.136+0000] {dagbag.py:538} INFO - Filling up the DagBag from /home/ubuntu/reddit_venv/lib/python3.10/site-packages/airflow/example_dags/tutorial_taskflow_api.py
[2024-02-22T00:06:31.144+0000] {processor.py:840} INFO - DAG(s) 'tutorial_taskflow_api' retrieved from /home/ubuntu/reddit_venv/lib/python3.10/site-packages/airflow/example_dags/tutorial_taskflow_api.py
[2024-02-22T00:06:31.160+0000] {logging_mixin.py:188} INFO - [2024-02-22T00:06:31.160+0000] {dag.py:3036} INFO - Sync 1 DAGs
[2024-02-22T00:06:31.172+0000] {logging_mixin.py:188} INFO - [2024-02-22T00:06:31.172+0000] {dag.py:3823} INFO - Setting next_dagrun for tutorial_taskflow_api to None, run_after=None
[2024-02-22T00:06:31.196+0000] {processor.py:183} INFO - Processing /home/ubuntu/reddit_venv/lib/python3.10/site-packages/airflow/example_dags/tutorial_taskflow_api.py took 0.066 seconds
[2024-02-22T00:07:13.790+0000] {processor.py:161} INFO - Started process (PID=7747) to work on /home/ubuntu/reddit_venv/lib/python3.10/site-packages/airflow/example_dags/tutorial_taskflow_api.py
[2024-02-22T00:07:13.792+0000] {processor.py:830} INFO - Processing file /home/ubuntu/reddit_venv/lib/python3.10/site-packages/airflow/example_dags/tutorial_taskflow_api.py for tasks to queue
[2024-02-22T00:07:13.793+0000] {logging_mixin.py:188} INFO - [2024-02-22T00:07:13.792+0000] {dagbag.py:538} INFO - Filling up the DagBag from /home/ubuntu/reddit_venv/lib/python3.10/site-packages/airflow/example_dags/tutorial_taskflow_api.py
[2024-02-22T00:07:13.800+0000] {processor.py:840} INFO - DAG(s) 'tutorial_taskflow_api' retrieved from /home/ubuntu/reddit_venv/lib/python3.10/site-packages/airflow/example_dags/tutorial_taskflow_api.py
[2024-02-22T00:07:13.816+0000] {logging_mixin.py:188} INFO - [2024-02-22T00:07:13.816+0000] {dag.py:3036} INFO - Sync 1 DAGs
[2024-02-22T00:07:13.827+0000] {logging_mixin.py:188} INFO - [2024-02-22T00:07:13.827+0000] {dag.py:3823} INFO - Setting next_dagrun for tutorial_taskflow_api to None, run_after=None
[2024-02-22T00:07:13.850+0000] {processor.py:183} INFO - Processing /home/ubuntu/reddit_venv/lib/python3.10/site-packages/airflow/example_dags/tutorial_taskflow_api.py took 0.063 seconds
[2024-02-22T00:07:53.717+0000] {processor.py:161} INFO - Started process (PID=7792) to work on /home/ubuntu/reddit_venv/lib/python3.10/site-packages/airflow/example_dags/tutorial_taskflow_api.py
[2024-02-22T00:07:53.718+0000] {processor.py:830} INFO - Processing file /home/ubuntu/reddit_venv/lib/python3.10/site-packages/airflow/example_dags/tutorial_taskflow_api.py for tasks to queue
[2024-02-22T00:07:53.719+0000] {logging_mixin.py:188} INFO - [2024-02-22T00:07:53.719+0000] {dagbag.py:538} INFO - Filling up the DagBag from /home/ubuntu/reddit_venv/lib/python3.10/site-packages/airflow/example_dags/tutorial_taskflow_api.py
[2024-02-22T00:07:53.726+0000] {processor.py:840} INFO - DAG(s) 'tutorial_taskflow_api' retrieved from /home/ubuntu/reddit_venv/lib/python3.10/site-packages/airflow/example_dags/tutorial_taskflow_api.py
[2024-02-22T00:07:53.742+0000] {logging_mixin.py:188} INFO - [2024-02-22T00:07:53.742+0000] {dag.py:3036} INFO - Sync 1 DAGs
[2024-02-22T00:07:53.754+0000] {logging_mixin.py:188} INFO - [2024-02-22T00:07:53.754+0000] {dag.py:3823} INFO - Setting next_dagrun for tutorial_taskflow_api to None, run_after=None
[2024-02-22T00:07:53.778+0000] {processor.py:183} INFO - Processing /home/ubuntu/reddit_venv/lib/python3.10/site-packages/airflow/example_dags/tutorial_taskflow_api.py took 0.065 seconds
[2024-02-22T00:08:33.974+0000] {processor.py:161} INFO - Started process (PID=7897) to work on /home/ubuntu/reddit_venv/lib/python3.10/site-packages/airflow/example_dags/tutorial_taskflow_api.py
[2024-02-22T00:08:33.975+0000] {processor.py:830} INFO - Processing file /home/ubuntu/reddit_venv/lib/python3.10/site-packages/airflow/example_dags/tutorial_taskflow_api.py for tasks to queue
[2024-02-22T00:08:33.976+0000] {logging_mixin.py:188} INFO - [2024-02-22T00:08:33.976+0000] {dagbag.py:538} INFO - Filling up the DagBag from /home/ubuntu/reddit_venv/lib/python3.10/site-packages/airflow/example_dags/tutorial_taskflow_api.py
[2024-02-22T00:08:33.984+0000] {processor.py:840} INFO - DAG(s) 'tutorial_taskflow_api' retrieved from /home/ubuntu/reddit_venv/lib/python3.10/site-packages/airflow/example_dags/tutorial_taskflow_api.py
[2024-02-22T00:08:34.000+0000] {logging_mixin.py:188} INFO - [2024-02-22T00:08:34.000+0000] {dag.py:3036} INFO - Sync 1 DAGs
[2024-02-22T00:08:34.012+0000] {logging_mixin.py:188} INFO - [2024-02-22T00:08:34.011+0000] {dag.py:3823} INFO - Setting next_dagrun for tutorial_taskflow_api to None, run_after=None
[2024-02-22T00:08:34.034+0000] {processor.py:183} INFO - Processing /home/ubuntu/reddit_venv/lib/python3.10/site-packages/airflow/example_dags/tutorial_taskflow_api.py took 0.063 seconds
[2024-02-22T00:09:11.219+0000] {processor.py:161} INFO - Started process (PID=8001) to work on /home/ubuntu/reddit_venv/lib/python3.10/site-packages/airflow/example_dags/tutorial_taskflow_api.py
[2024-02-22T00:09:11.220+0000] {processor.py:830} INFO - Processing file /home/ubuntu/reddit_venv/lib/python3.10/site-packages/airflow/example_dags/tutorial_taskflow_api.py for tasks to queue
[2024-02-22T00:09:11.221+0000] {logging_mixin.py:188} INFO - [2024-02-22T00:09:11.221+0000] {dagbag.py:538} INFO - Filling up the DagBag from /home/ubuntu/reddit_venv/lib/python3.10/site-packages/airflow/example_dags/tutorial_taskflow_api.py
[2024-02-22T00:09:11.229+0000] {processor.py:840} INFO - DAG(s) 'tutorial_taskflow_api' retrieved from /home/ubuntu/reddit_venv/lib/python3.10/site-packages/airflow/example_dags/tutorial_taskflow_api.py
[2024-02-22T00:09:11.245+0000] {logging_mixin.py:188} INFO - [2024-02-22T00:09:11.245+0000] {dag.py:3036} INFO - Sync 1 DAGs
[2024-02-22T00:09:11.257+0000] {logging_mixin.py:188} INFO - [2024-02-22T00:09:11.257+0000] {dag.py:3823} INFO - Setting next_dagrun for tutorial_taskflow_api to None, run_after=None
[2024-02-22T00:09:11.281+0000] {processor.py:183} INFO - Processing /home/ubuntu/reddit_venv/lib/python3.10/site-packages/airflow/example_dags/tutorial_taskflow_api.py took 0.065 seconds
[2024-02-22T00:09:50.991+0000] {processor.py:161} INFO - Started process (PID=8042) to work on /home/ubuntu/reddit_venv/lib/python3.10/site-packages/airflow/example_dags/tutorial_taskflow_api.py
[2024-02-22T00:09:50.992+0000] {processor.py:830} INFO - Processing file /home/ubuntu/reddit_venv/lib/python3.10/site-packages/airflow/example_dags/tutorial_taskflow_api.py for tasks to queue
[2024-02-22T00:09:50.993+0000] {logging_mixin.py:188} INFO - [2024-02-22T00:09:50.993+0000] {dagbag.py:538} INFO - Filling up the DagBag from /home/ubuntu/reddit_venv/lib/python3.10/site-packages/airflow/example_dags/tutorial_taskflow_api.py
[2024-02-22T00:09:51.000+0000] {processor.py:840} INFO - DAG(s) 'tutorial_taskflow_api' retrieved from /home/ubuntu/reddit_venv/lib/python3.10/site-packages/airflow/example_dags/tutorial_taskflow_api.py
[2024-02-22T00:09:51.017+0000] {logging_mixin.py:188} INFO - [2024-02-22T00:09:51.017+0000] {dag.py:3036} INFO - Sync 1 DAGs
[2024-02-22T00:09:51.029+0000] {logging_mixin.py:188} INFO - [2024-02-22T00:09:51.029+0000] {dag.py:3823} INFO - Setting next_dagrun for tutorial_taskflow_api to None, run_after=None
[2024-02-22T00:09:51.053+0000] {processor.py:183} INFO - Processing /home/ubuntu/reddit_venv/lib/python3.10/site-packages/airflow/example_dags/tutorial_taskflow_api.py took 0.065 seconds
[2024-02-22T00:10:32.864+0000] {processor.py:161} INFO - Started process (PID=8149) to work on /home/ubuntu/reddit_venv/lib/python3.10/site-packages/airflow/example_dags/tutorial_taskflow_api.py
[2024-02-22T00:10:32.866+0000] {processor.py:830} INFO - Processing file /home/ubuntu/reddit_venv/lib/python3.10/site-packages/airflow/example_dags/tutorial_taskflow_api.py for tasks to queue
[2024-02-22T00:10:32.867+0000] {logging_mixin.py:188} INFO - [2024-02-22T00:10:32.866+0000] {dagbag.py:538} INFO - Filling up the DagBag from /home/ubuntu/reddit_venv/lib/python3.10/site-packages/airflow/example_dags/tutorial_taskflow_api.py
[2024-02-22T00:10:32.874+0000] {processor.py:840} INFO - DAG(s) 'tutorial_taskflow_api' retrieved from /home/ubuntu/reddit_venv/lib/python3.10/site-packages/airflow/example_dags/tutorial_taskflow_api.py
[2024-02-22T00:10:32.889+0000] {logging_mixin.py:188} INFO - [2024-02-22T00:10:32.889+0000] {dag.py:3036} INFO - Sync 1 DAGs
[2024-02-22T00:10:32.901+0000] {logging_mixin.py:188} INFO - [2024-02-22T00:10:32.901+0000] {dag.py:3823} INFO - Setting next_dagrun for tutorial_taskflow_api to None, run_after=None
[2024-02-22T00:10:32.924+0000] {processor.py:183} INFO - Processing /home/ubuntu/reddit_venv/lib/python3.10/site-packages/airflow/example_dags/tutorial_taskflow_api.py took 0.063 seconds
[2024-02-22T00:11:12.182+0000] {processor.py:161} INFO - Started process (PID=8255) to work on /home/ubuntu/reddit_venv/lib/python3.10/site-packages/airflow/example_dags/tutorial_taskflow_api.py
[2024-02-22T00:11:12.184+0000] {processor.py:830} INFO - Processing file /home/ubuntu/reddit_venv/lib/python3.10/site-packages/airflow/example_dags/tutorial_taskflow_api.py for tasks to queue
[2024-02-22T00:11:12.185+0000] {logging_mixin.py:188} INFO - [2024-02-22T00:11:12.184+0000] {dagbag.py:538} INFO - Filling up the DagBag from /home/ubuntu/reddit_venv/lib/python3.10/site-packages/airflow/example_dags/tutorial_taskflow_api.py
[2024-02-22T00:11:12.192+0000] {processor.py:840} INFO - DAG(s) 'tutorial_taskflow_api' retrieved from /home/ubuntu/reddit_venv/lib/python3.10/site-packages/airflow/example_dags/tutorial_taskflow_api.py
[2024-02-22T00:11:12.208+0000] {logging_mixin.py:188} INFO - [2024-02-22T00:11:12.208+0000] {dag.py:3036} INFO - Sync 1 DAGs
[2024-02-22T00:11:12.220+0000] {logging_mixin.py:188} INFO - [2024-02-22T00:11:12.220+0000] {dag.py:3823} INFO - Setting next_dagrun for tutorial_taskflow_api to None, run_after=None
[2024-02-22T00:11:12.244+0000] {processor.py:183} INFO - Processing /home/ubuntu/reddit_venv/lib/python3.10/site-packages/airflow/example_dags/tutorial_taskflow_api.py took 0.065 seconds
[2024-02-22T00:11:54.251+0000] {processor.py:161} INFO - Started process (PID=8301) to work on /home/ubuntu/reddit_venv/lib/python3.10/site-packages/airflow/example_dags/tutorial_taskflow_api.py
[2024-02-22T00:11:54.252+0000] {processor.py:830} INFO - Processing file /home/ubuntu/reddit_venv/lib/python3.10/site-packages/airflow/example_dags/tutorial_taskflow_api.py for tasks to queue
[2024-02-22T00:11:54.253+0000] {logging_mixin.py:188} INFO - [2024-02-22T00:11:54.253+0000] {dagbag.py:538} INFO - Filling up the DagBag from /home/ubuntu/reddit_venv/lib/python3.10/site-packages/airflow/example_dags/tutorial_taskflow_api.py
[2024-02-22T00:11:54.260+0000] {processor.py:840} INFO - DAG(s) 'tutorial_taskflow_api' retrieved from /home/ubuntu/reddit_venv/lib/python3.10/site-packages/airflow/example_dags/tutorial_taskflow_api.py
[2024-02-22T00:11:54.276+0000] {logging_mixin.py:188} INFO - [2024-02-22T00:11:54.276+0000] {dag.py:3036} INFO - Sync 1 DAGs
[2024-02-22T00:11:54.288+0000] {logging_mixin.py:188} INFO - [2024-02-22T00:11:54.288+0000] {dag.py:3823} INFO - Setting next_dagrun for tutorial_taskflow_api to None, run_after=None
[2024-02-22T00:11:54.310+0000] {processor.py:183} INFO - Processing /home/ubuntu/reddit_venv/lib/python3.10/site-packages/airflow/example_dags/tutorial_taskflow_api.py took 0.063 seconds
[2024-02-22T00:12:34.965+0000] {processor.py:161} INFO - Started process (PID=8468) to work on /home/ubuntu/reddit_venv/lib/python3.10/site-packages/airflow/example_dags/tutorial_taskflow_api.py
[2024-02-22T00:12:34.967+0000] {processor.py:830} INFO - Processing file /home/ubuntu/reddit_venv/lib/python3.10/site-packages/airflow/example_dags/tutorial_taskflow_api.py for tasks to queue
[2024-02-22T00:12:34.968+0000] {logging_mixin.py:188} INFO - [2024-02-22T00:12:34.967+0000] {dagbag.py:538} INFO - Filling up the DagBag from /home/ubuntu/reddit_venv/lib/python3.10/site-packages/airflow/example_dags/tutorial_taskflow_api.py
[2024-02-22T00:12:34.975+0000] {processor.py:840} INFO - DAG(s) 'tutorial_taskflow_api' retrieved from /home/ubuntu/reddit_venv/lib/python3.10/site-packages/airflow/example_dags/tutorial_taskflow_api.py
[2024-02-22T00:12:34.990+0000] {logging_mixin.py:188} INFO - [2024-02-22T00:12:34.990+0000] {dag.py:3036} INFO - Sync 1 DAGs
[2024-02-22T00:12:35.002+0000] {logging_mixin.py:188} INFO - [2024-02-22T00:12:35.002+0000] {dag.py:3823} INFO - Setting next_dagrun for tutorial_taskflow_api to None, run_after=None
[2024-02-22T00:12:35.025+0000] {processor.py:183} INFO - Processing /home/ubuntu/reddit_venv/lib/python3.10/site-packages/airflow/example_dags/tutorial_taskflow_api.py took 0.063 seconds
[2024-02-22T00:13:15.406+0000] {processor.py:161} INFO - Started process (PID=8574) to work on /home/ubuntu/reddit_venv/lib/python3.10/site-packages/airflow/example_dags/tutorial_taskflow_api.py
[2024-02-22T00:13:15.407+0000] {processor.py:830} INFO - Processing file /home/ubuntu/reddit_venv/lib/python3.10/site-packages/airflow/example_dags/tutorial_taskflow_api.py for tasks to queue
[2024-02-22T00:13:15.408+0000] {logging_mixin.py:188} INFO - [2024-02-22T00:13:15.408+0000] {dagbag.py:538} INFO - Filling up the DagBag from /home/ubuntu/reddit_venv/lib/python3.10/site-packages/airflow/example_dags/tutorial_taskflow_api.py
[2024-02-22T00:13:15.415+0000] {processor.py:840} INFO - DAG(s) 'tutorial_taskflow_api' retrieved from /home/ubuntu/reddit_venv/lib/python3.10/site-packages/airflow/example_dags/tutorial_taskflow_api.py
[2024-02-22T00:13:15.431+0000] {logging_mixin.py:188} INFO - [2024-02-22T00:13:15.431+0000] {dag.py:3036} INFO - Sync 1 DAGs
[2024-02-22T00:13:15.443+0000] {logging_mixin.py:188} INFO - [2024-02-22T00:13:15.443+0000] {dag.py:3823} INFO - Setting next_dagrun for tutorial_taskflow_api to None, run_after=None
[2024-02-22T00:13:15.466+0000] {processor.py:183} INFO - Processing /home/ubuntu/reddit_venv/lib/python3.10/site-packages/airflow/example_dags/tutorial_taskflow_api.py took 0.064 seconds
