[2024-02-20T18:07:17.163+0000] {processor.py:161} INFO - Started process (PID=1987) to work on /home/ubuntu/reddit_venv/lib/python3.10/site-packages/airflow/example_dags/example_external_task_marker_dag.py
[2024-02-20T18:07:17.164+0000] {processor.py:830} INFO - Processing file /home/ubuntu/reddit_venv/lib/python3.10/site-packages/airflow/example_dags/example_external_task_marker_dag.py for tasks to queue
[2024-02-20T18:07:17.165+0000] {logging_mixin.py:188} INFO - [2024-02-20T18:07:17.164+0000] {dagbag.py:538} INFO - Filling up the DagBag from /home/ubuntu/reddit_venv/lib/python3.10/site-packages/airflow/example_dags/example_external_task_marker_dag.py
[2024-02-20T18:07:17.172+0000] {processor.py:840} INFO - DAG(s) 'example_external_task_marker_parent', 'example_external_task_marker_child' retrieved from /home/ubuntu/reddit_venv/lib/python3.10/site-packages/airflow/example_dags/example_external_task_marker_dag.py
[2024-02-20T18:07:17.280+0000] {logging_mixin.py:188} INFO - [2024-02-20T18:07:17.280+0000] {dag.py:3036} INFO - Sync 2 DAGs
[2024-02-20T18:07:17.290+0000] {logging_mixin.py:188} INFO - [2024-02-20T18:07:17.290+0000] {dag.py:3823} INFO - Setting next_dagrun for example_external_task_marker_child to None, run_after=None
[2024-02-20T18:07:17.293+0000] {logging_mixin.py:188} INFO - [2024-02-20T18:07:17.292+0000] {dag.py:3823} INFO - Setting next_dagrun for example_external_task_marker_parent to None, run_after=None
[2024-02-20T18:07:17.314+0000] {processor.py:183} INFO - Processing /home/ubuntu/reddit_venv/lib/python3.10/site-packages/airflow/example_dags/example_external_task_marker_dag.py took 0.154 seconds
[2024-02-20T18:08:07.821+0000] {processor.py:161} INFO - Started process (PID=2347) to work on /home/ubuntu/reddit_venv/lib/python3.10/site-packages/airflow/example_dags/example_external_task_marker_dag.py
[2024-02-20T18:08:07.823+0000] {processor.py:830} INFO - Processing file /home/ubuntu/reddit_venv/lib/python3.10/site-packages/airflow/example_dags/example_external_task_marker_dag.py for tasks to queue
[2024-02-20T18:08:07.823+0000] {logging_mixin.py:188} INFO - [2024-02-20T18:08:07.823+0000] {dagbag.py:538} INFO - Filling up the DagBag from /home/ubuntu/reddit_venv/lib/python3.10/site-packages/airflow/example_dags/example_external_task_marker_dag.py
[2024-02-20T18:08:07.831+0000] {processor.py:840} INFO - DAG(s) 'example_external_task_marker_child', 'example_external_task_marker_parent' retrieved from /home/ubuntu/reddit_venv/lib/python3.10/site-packages/airflow/example_dags/example_external_task_marker_dag.py
[2024-02-20T18:08:07.849+0000] {logging_mixin.py:188} INFO - [2024-02-20T18:08:07.849+0000] {dag.py:3036} INFO - Sync 2 DAGs
[2024-02-20T18:08:07.862+0000] {logging_mixin.py:188} INFO - [2024-02-20T18:08:07.862+0000] {dag.py:3823} INFO - Setting next_dagrun for example_external_task_marker_child to None, run_after=None
[2024-02-20T18:08:07.865+0000] {logging_mixin.py:188} INFO - [2024-02-20T18:08:07.865+0000] {dag.py:3823} INFO - Setting next_dagrun for example_external_task_marker_parent to None, run_after=None
[2024-02-20T18:08:07.889+0000] {processor.py:183} INFO - Processing /home/ubuntu/reddit_venv/lib/python3.10/site-packages/airflow/example_dags/example_external_task_marker_dag.py took 0.071 seconds
[2024-02-20T18:09:04.779+0000] {processor.py:161} INFO - Started process (PID=2657) to work on /home/ubuntu/reddit_venv/lib/python3.10/site-packages/airflow/example_dags/example_external_task_marker_dag.py
[2024-02-20T18:09:04.780+0000] {processor.py:830} INFO - Processing file /home/ubuntu/reddit_venv/lib/python3.10/site-packages/airflow/example_dags/example_external_task_marker_dag.py for tasks to queue
[2024-02-20T18:09:04.781+0000] {logging_mixin.py:188} INFO - [2024-02-20T18:09:04.781+0000] {dagbag.py:538} INFO - Filling up the DagBag from /home/ubuntu/reddit_venv/lib/python3.10/site-packages/airflow/example_dags/example_external_task_marker_dag.py
[2024-02-20T18:09:04.788+0000] {processor.py:840} INFO - DAG(s) 'example_external_task_marker_child', 'example_external_task_marker_parent' retrieved from /home/ubuntu/reddit_venv/lib/python3.10/site-packages/airflow/example_dags/example_external_task_marker_dag.py
[2024-02-20T18:09:04.807+0000] {logging_mixin.py:188} INFO - [2024-02-20T18:09:04.807+0000] {dag.py:3036} INFO - Sync 2 DAGs
[2024-02-20T18:09:04.819+0000] {logging_mixin.py:188} INFO - [2024-02-20T18:09:04.819+0000] {dag.py:3823} INFO - Setting next_dagrun for example_external_task_marker_child to None, run_after=None
[2024-02-20T18:09:04.823+0000] {logging_mixin.py:188} INFO - [2024-02-20T18:09:04.823+0000] {dag.py:3823} INFO - Setting next_dagrun for example_external_task_marker_parent to None, run_after=None
[2024-02-20T18:09:04.842+0000] {processor.py:183} INFO - Processing /home/ubuntu/reddit_venv/lib/python3.10/site-packages/airflow/example_dags/example_external_task_marker_dag.py took 0.067 seconds
[2024-02-20T18:10:04.396+0000] {processor.py:161} INFO - Started process (PID=3093) to work on /home/ubuntu/reddit_venv/lib/python3.10/site-packages/airflow/example_dags/example_external_task_marker_dag.py
[2024-02-20T18:10:04.398+0000] {processor.py:830} INFO - Processing file /home/ubuntu/reddit_venv/lib/python3.10/site-packages/airflow/example_dags/example_external_task_marker_dag.py for tasks to queue
[2024-02-20T18:10:04.399+0000] {logging_mixin.py:188} INFO - [2024-02-20T18:10:04.398+0000] {dagbag.py:538} INFO - Filling up the DagBag from /home/ubuntu/reddit_venv/lib/python3.10/site-packages/airflow/example_dags/example_external_task_marker_dag.py
[2024-02-20T18:10:04.406+0000] {processor.py:840} INFO - DAG(s) 'example_external_task_marker_parent', 'example_external_task_marker_child' retrieved from /home/ubuntu/reddit_venv/lib/python3.10/site-packages/airflow/example_dags/example_external_task_marker_dag.py
[2024-02-20T18:10:04.425+0000] {logging_mixin.py:188} INFO - [2024-02-20T18:10:04.425+0000] {dag.py:3036} INFO - Sync 2 DAGs
[2024-02-20T18:10:04.438+0000] {logging_mixin.py:188} INFO - [2024-02-20T18:10:04.437+0000] {dag.py:3823} INFO - Setting next_dagrun for example_external_task_marker_child to None, run_after=None
[2024-02-20T18:10:04.441+0000] {logging_mixin.py:188} INFO - [2024-02-20T18:10:04.441+0000] {dag.py:3823} INFO - Setting next_dagrun for example_external_task_marker_parent to None, run_after=None
[2024-02-20T18:10:04.462+0000] {processor.py:183} INFO - Processing /home/ubuntu/reddit_venv/lib/python3.10/site-packages/airflow/example_dags/example_external_task_marker_dag.py took 0.069 seconds
[2024-02-20T18:11:00.260+0000] {processor.py:161} INFO - Started process (PID=3216) to work on /home/ubuntu/reddit_venv/lib/python3.10/site-packages/airflow/example_dags/example_external_task_marker_dag.py
[2024-02-20T18:11:00.263+0000] {processor.py:830} INFO - Processing file /home/ubuntu/reddit_venv/lib/python3.10/site-packages/airflow/example_dags/example_external_task_marker_dag.py for tasks to queue
[2024-02-20T18:11:00.264+0000] {logging_mixin.py:188} INFO - [2024-02-20T18:11:00.263+0000] {dagbag.py:538} INFO - Filling up the DagBag from /home/ubuntu/reddit_venv/lib/python3.10/site-packages/airflow/example_dags/example_external_task_marker_dag.py
[2024-02-20T18:11:00.271+0000] {processor.py:840} INFO - DAG(s) 'example_external_task_marker_child', 'example_external_task_marker_parent' retrieved from /home/ubuntu/reddit_venv/lib/python3.10/site-packages/airflow/example_dags/example_external_task_marker_dag.py
[2024-02-20T18:11:00.291+0000] {logging_mixin.py:188} INFO - [2024-02-20T18:11:00.291+0000] {dag.py:3036} INFO - Sync 2 DAGs
[2024-02-20T18:11:00.304+0000] {logging_mixin.py:188} INFO - [2024-02-20T18:11:00.303+0000] {dag.py:3823} INFO - Setting next_dagrun for example_external_task_marker_child to None, run_after=None
[2024-02-20T18:11:00.307+0000] {logging_mixin.py:188} INFO - [2024-02-20T18:11:00.307+0000] {dag.py:3823} INFO - Setting next_dagrun for example_external_task_marker_parent to None, run_after=None
[2024-02-20T18:11:00.328+0000] {processor.py:183} INFO - Processing /home/ubuntu/reddit_venv/lib/python3.10/site-packages/airflow/example_dags/example_external_task_marker_dag.py took 0.071 seconds
[2024-02-20T18:12:11.110+0000] {processor.py:161} INFO - Started process (PID=3739) to work on /home/ubuntu/reddit_venv/lib/python3.10/site-packages/airflow/example_dags/example_external_task_marker_dag.py
[2024-02-20T18:12:11.112+0000] {processor.py:830} INFO - Processing file /home/ubuntu/reddit_venv/lib/python3.10/site-packages/airflow/example_dags/example_external_task_marker_dag.py for tasks to queue
[2024-02-20T18:12:11.113+0000] {logging_mixin.py:188} INFO - [2024-02-20T18:12:11.112+0000] {dagbag.py:538} INFO - Filling up the DagBag from /home/ubuntu/reddit_venv/lib/python3.10/site-packages/airflow/example_dags/example_external_task_marker_dag.py
[2024-02-20T18:12:11.120+0000] {processor.py:840} INFO - DAG(s) 'example_external_task_marker_child', 'example_external_task_marker_parent' retrieved from /home/ubuntu/reddit_venv/lib/python3.10/site-packages/airflow/example_dags/example_external_task_marker_dag.py
[2024-02-20T18:12:11.139+0000] {logging_mixin.py:188} INFO - [2024-02-20T18:12:11.138+0000] {dag.py:3036} INFO - Sync 2 DAGs
[2024-02-20T18:12:11.151+0000] {logging_mixin.py:188} INFO - [2024-02-20T18:12:11.151+0000] {dag.py:3823} INFO - Setting next_dagrun for example_external_task_marker_child to None, run_after=None
[2024-02-20T18:12:11.154+0000] {logging_mixin.py:188} INFO - [2024-02-20T18:12:11.154+0000] {dag.py:3823} INFO - Setting next_dagrun for example_external_task_marker_parent to None, run_after=None
[2024-02-20T18:12:11.175+0000] {processor.py:183} INFO - Processing /home/ubuntu/reddit_venv/lib/python3.10/site-packages/airflow/example_dags/example_external_task_marker_dag.py took 0.068 seconds
[2024-02-20T18:13:05.619+0000] {processor.py:161} INFO - Started process (PID=3862) to work on /home/ubuntu/reddit_venv/lib/python3.10/site-packages/airflow/example_dags/example_external_task_marker_dag.py
[2024-02-20T18:13:05.621+0000] {processor.py:830} INFO - Processing file /home/ubuntu/reddit_venv/lib/python3.10/site-packages/airflow/example_dags/example_external_task_marker_dag.py for tasks to queue
[2024-02-20T18:13:05.622+0000] {logging_mixin.py:188} INFO - [2024-02-20T18:13:05.621+0000] {dagbag.py:538} INFO - Filling up the DagBag from /home/ubuntu/reddit_venv/lib/python3.10/site-packages/airflow/example_dags/example_external_task_marker_dag.py
[2024-02-20T18:13:05.629+0000] {processor.py:840} INFO - DAG(s) 'example_external_task_marker_child', 'example_external_task_marker_parent' retrieved from /home/ubuntu/reddit_venv/lib/python3.10/site-packages/airflow/example_dags/example_external_task_marker_dag.py
[2024-02-20T18:13:05.648+0000] {logging_mixin.py:188} INFO - [2024-02-20T18:13:05.647+0000] {dag.py:3036} INFO - Sync 2 DAGs
[2024-02-20T18:13:05.660+0000] {logging_mixin.py:188} INFO - [2024-02-20T18:13:05.659+0000] {dag.py:3823} INFO - Setting next_dagrun for example_external_task_marker_child to None, run_after=None
[2024-02-20T18:13:05.663+0000] {logging_mixin.py:188} INFO - [2024-02-20T18:13:05.663+0000] {dag.py:3823} INFO - Setting next_dagrun for example_external_task_marker_parent to None, run_after=None
[2024-02-20T18:13:05.683+0000] {processor.py:183} INFO - Processing /home/ubuntu/reddit_venv/lib/python3.10/site-packages/airflow/example_dags/example_external_task_marker_dag.py took 0.067 seconds
[2024-02-20T18:14:02.315+0000] {processor.py:161} INFO - Started process (PID=3987) to work on /home/ubuntu/reddit_venv/lib/python3.10/site-packages/airflow/example_dags/example_external_task_marker_dag.py
[2024-02-20T18:14:02.317+0000] {processor.py:830} INFO - Processing file /home/ubuntu/reddit_venv/lib/python3.10/site-packages/airflow/example_dags/example_external_task_marker_dag.py for tasks to queue
[2024-02-20T18:14:02.318+0000] {logging_mixin.py:188} INFO - [2024-02-20T18:14:02.317+0000] {dagbag.py:538} INFO - Filling up the DagBag from /home/ubuntu/reddit_venv/lib/python3.10/site-packages/airflow/example_dags/example_external_task_marker_dag.py
[2024-02-20T18:14:02.325+0000] {processor.py:840} INFO - DAG(s) 'example_external_task_marker_child', 'example_external_task_marker_parent' retrieved from /home/ubuntu/reddit_venv/lib/python3.10/site-packages/airflow/example_dags/example_external_task_marker_dag.py
[2024-02-20T18:14:02.344+0000] {logging_mixin.py:188} INFO - [2024-02-20T18:14:02.344+0000] {dag.py:3036} INFO - Sync 2 DAGs
[2024-02-20T18:14:02.356+0000] {logging_mixin.py:188} INFO - [2024-02-20T18:14:02.356+0000] {dag.py:3823} INFO - Setting next_dagrun for example_external_task_marker_child to None, run_after=None
[2024-02-20T18:14:02.360+0000] {logging_mixin.py:188} INFO - [2024-02-20T18:14:02.360+0000] {dag.py:3823} INFO - Setting next_dagrun for example_external_task_marker_parent to None, run_after=None
[2024-02-20T18:14:02.381+0000] {processor.py:183} INFO - Processing /home/ubuntu/reddit_venv/lib/python3.10/site-packages/airflow/example_dags/example_external_task_marker_dag.py took 0.069 seconds
[2024-02-20T18:15:00.348+0000] {processor.py:161} INFO - Started process (PID=4113) to work on /home/ubuntu/reddit_venv/lib/python3.10/site-packages/airflow/example_dags/example_external_task_marker_dag.py
[2024-02-20T18:15:00.351+0000] {processor.py:830} INFO - Processing file /home/ubuntu/reddit_venv/lib/python3.10/site-packages/airflow/example_dags/example_external_task_marker_dag.py for tasks to queue
[2024-02-20T18:15:00.352+0000] {logging_mixin.py:188} INFO - [2024-02-20T18:15:00.351+0000] {dagbag.py:538} INFO - Filling up the DagBag from /home/ubuntu/reddit_venv/lib/python3.10/site-packages/airflow/example_dags/example_external_task_marker_dag.py
[2024-02-20T18:15:00.359+0000] {processor.py:840} INFO - DAG(s) 'example_external_task_marker_child', 'example_external_task_marker_parent' retrieved from /home/ubuntu/reddit_venv/lib/python3.10/site-packages/airflow/example_dags/example_external_task_marker_dag.py
[2024-02-20T18:15:00.379+0000] {logging_mixin.py:188} INFO - [2024-02-20T18:15:00.379+0000] {dag.py:3036} INFO - Sync 2 DAGs
[2024-02-20T18:15:00.392+0000] {logging_mixin.py:188} INFO - [2024-02-20T18:15:00.391+0000] {dag.py:3823} INFO - Setting next_dagrun for example_external_task_marker_child to None, run_after=None
[2024-02-20T18:15:00.395+0000] {logging_mixin.py:188} INFO - [2024-02-20T18:15:00.395+0000] {dag.py:3823} INFO - Setting next_dagrun for example_external_task_marker_parent to None, run_after=None
[2024-02-20T18:15:00.416+0000] {processor.py:183} INFO - Processing /home/ubuntu/reddit_venv/lib/python3.10/site-packages/airflow/example_dags/example_external_task_marker_dag.py took 0.071 seconds
[2024-02-20T18:15:58.755+0000] {processor.py:161} INFO - Started process (PID=4245) to work on /home/ubuntu/reddit_venv/lib/python3.10/site-packages/airflow/example_dags/example_external_task_marker_dag.py
[2024-02-20T18:15:58.757+0000] {processor.py:830} INFO - Processing file /home/ubuntu/reddit_venv/lib/python3.10/site-packages/airflow/example_dags/example_external_task_marker_dag.py for tasks to queue
[2024-02-20T18:15:58.758+0000] {logging_mixin.py:188} INFO - [2024-02-20T18:15:58.757+0000] {dagbag.py:538} INFO - Filling up the DagBag from /home/ubuntu/reddit_venv/lib/python3.10/site-packages/airflow/example_dags/example_external_task_marker_dag.py
[2024-02-20T18:15:58.765+0000] {processor.py:840} INFO - DAG(s) 'example_external_task_marker_parent', 'example_external_task_marker_child' retrieved from /home/ubuntu/reddit_venv/lib/python3.10/site-packages/airflow/example_dags/example_external_task_marker_dag.py
[2024-02-20T18:15:58.785+0000] {logging_mixin.py:188} INFO - [2024-02-20T18:15:58.784+0000] {dag.py:3036} INFO - Sync 2 DAGs
[2024-02-20T18:15:58.797+0000] {logging_mixin.py:188} INFO - [2024-02-20T18:15:58.797+0000] {dag.py:3823} INFO - Setting next_dagrun for example_external_task_marker_child to None, run_after=None
[2024-02-20T18:15:58.801+0000] {logging_mixin.py:188} INFO - [2024-02-20T18:15:58.801+0000] {dag.py:3823} INFO - Setting next_dagrun for example_external_task_marker_parent to None, run_after=None
[2024-02-20T18:15:58.822+0000] {processor.py:183} INFO - Processing /home/ubuntu/reddit_venv/lib/python3.10/site-packages/airflow/example_dags/example_external_task_marker_dag.py took 0.070 seconds
[2024-02-20T18:16:54.716+0000] {processor.py:161} INFO - Started process (PID=4430) to work on /home/ubuntu/reddit_venv/lib/python3.10/site-packages/airflow/example_dags/example_external_task_marker_dag.py
[2024-02-20T18:16:54.718+0000] {processor.py:830} INFO - Processing file /home/ubuntu/reddit_venv/lib/python3.10/site-packages/airflow/example_dags/example_external_task_marker_dag.py for tasks to queue
[2024-02-20T18:16:54.719+0000] {logging_mixin.py:188} INFO - [2024-02-20T18:16:54.719+0000] {dagbag.py:538} INFO - Filling up the DagBag from /home/ubuntu/reddit_venv/lib/python3.10/site-packages/airflow/example_dags/example_external_task_marker_dag.py
[2024-02-20T18:16:54.726+0000] {processor.py:840} INFO - DAG(s) 'example_external_task_marker_parent', 'example_external_task_marker_child' retrieved from /home/ubuntu/reddit_venv/lib/python3.10/site-packages/airflow/example_dags/example_external_task_marker_dag.py
[2024-02-20T18:16:54.746+0000] {logging_mixin.py:188} INFO - [2024-02-20T18:16:54.745+0000] {dag.py:3036} INFO - Sync 2 DAGs
[2024-02-20T18:16:54.758+0000] {logging_mixin.py:188} INFO - [2024-02-20T18:16:54.758+0000] {dag.py:3823} INFO - Setting next_dagrun for example_external_task_marker_child to None, run_after=None
[2024-02-20T18:16:54.761+0000] {logging_mixin.py:188} INFO - [2024-02-20T18:16:54.761+0000] {dag.py:3823} INFO - Setting next_dagrun for example_external_task_marker_parent to None, run_after=None
[2024-02-20T18:16:54.783+0000] {processor.py:183} INFO - Processing /home/ubuntu/reddit_venv/lib/python3.10/site-packages/airflow/example_dags/example_external_task_marker_dag.py took 0.070 seconds
[2024-02-20T18:17:55.929+0000] {processor.py:161} INFO - Started process (PID=4564) to work on /home/ubuntu/reddit_venv/lib/python3.10/site-packages/airflow/example_dags/example_external_task_marker_dag.py
[2024-02-20T18:17:55.931+0000] {processor.py:830} INFO - Processing file /home/ubuntu/reddit_venv/lib/python3.10/site-packages/airflow/example_dags/example_external_task_marker_dag.py for tasks to queue
[2024-02-20T18:17:55.932+0000] {logging_mixin.py:188} INFO - [2024-02-20T18:17:55.931+0000] {dagbag.py:538} INFO - Filling up the DagBag from /home/ubuntu/reddit_venv/lib/python3.10/site-packages/airflow/example_dags/example_external_task_marker_dag.py
[2024-02-20T18:17:55.938+0000] {processor.py:840} INFO - DAG(s) 'example_external_task_marker_child', 'example_external_task_marker_parent' retrieved from /home/ubuntu/reddit_venv/lib/python3.10/site-packages/airflow/example_dags/example_external_task_marker_dag.py
[2024-02-20T18:17:55.957+0000] {logging_mixin.py:188} INFO - [2024-02-20T18:17:55.957+0000] {dag.py:3036} INFO - Sync 2 DAGs
[2024-02-20T18:17:55.969+0000] {logging_mixin.py:188} INFO - [2024-02-20T18:17:55.969+0000] {dag.py:3823} INFO - Setting next_dagrun for example_external_task_marker_child to None, run_after=None
[2024-02-20T18:17:55.973+0000] {logging_mixin.py:188} INFO - [2024-02-20T18:17:55.973+0000] {dag.py:3823} INFO - Setting next_dagrun for example_external_task_marker_parent to None, run_after=None
[2024-02-20T18:17:55.993+0000] {processor.py:183} INFO - Processing /home/ubuntu/reddit_venv/lib/python3.10/site-packages/airflow/example_dags/example_external_task_marker_dag.py took 0.067 seconds
[2024-02-20T18:18:55.004+0000] {processor.py:161} INFO - Started process (PID=4691) to work on /home/ubuntu/reddit_venv/lib/python3.10/site-packages/airflow/example_dags/example_external_task_marker_dag.py
[2024-02-20T18:18:55.006+0000] {processor.py:830} INFO - Processing file /home/ubuntu/reddit_venv/lib/python3.10/site-packages/airflow/example_dags/example_external_task_marker_dag.py for tasks to queue
[2024-02-20T18:18:55.007+0000] {logging_mixin.py:188} INFO - [2024-02-20T18:18:55.006+0000] {dagbag.py:538} INFO - Filling up the DagBag from /home/ubuntu/reddit_venv/lib/python3.10/site-packages/airflow/example_dags/example_external_task_marker_dag.py
[2024-02-20T18:18:55.014+0000] {processor.py:840} INFO - DAG(s) 'example_external_task_marker_child', 'example_external_task_marker_parent' retrieved from /home/ubuntu/reddit_venv/lib/python3.10/site-packages/airflow/example_dags/example_external_task_marker_dag.py
[2024-02-20T18:18:55.033+0000] {logging_mixin.py:188} INFO - [2024-02-20T18:18:55.033+0000] {dag.py:3036} INFO - Sync 2 DAGs
[2024-02-20T18:18:55.045+0000] {logging_mixin.py:188} INFO - [2024-02-20T18:18:55.045+0000] {dag.py:3823} INFO - Setting next_dagrun for example_external_task_marker_child to None, run_after=None
[2024-02-20T18:18:55.049+0000] {logging_mixin.py:188} INFO - [2024-02-20T18:18:55.048+0000] {dag.py:3823} INFO - Setting next_dagrun for example_external_task_marker_parent to None, run_after=None
[2024-02-20T18:18:55.070+0000] {processor.py:183} INFO - Processing /home/ubuntu/reddit_venv/lib/python3.10/site-packages/airflow/example_dags/example_external_task_marker_dag.py took 0.070 seconds
[2024-02-20T18:19:51.943+0000] {processor.py:161} INFO - Started process (PID=4883) to work on /home/ubuntu/reddit_venv/lib/python3.10/site-packages/airflow/example_dags/example_external_task_marker_dag.py
[2024-02-20T18:19:51.946+0000] {processor.py:830} INFO - Processing file /home/ubuntu/reddit_venv/lib/python3.10/site-packages/airflow/example_dags/example_external_task_marker_dag.py for tasks to queue
[2024-02-20T18:19:51.947+0000] {logging_mixin.py:188} INFO - [2024-02-20T18:19:51.946+0000] {dagbag.py:538} INFO - Filling up the DagBag from /home/ubuntu/reddit_venv/lib/python3.10/site-packages/airflow/example_dags/example_external_task_marker_dag.py
[2024-02-20T18:19:51.953+0000] {processor.py:840} INFO - DAG(s) 'example_external_task_marker_parent', 'example_external_task_marker_child' retrieved from /home/ubuntu/reddit_venv/lib/python3.10/site-packages/airflow/example_dags/example_external_task_marker_dag.py
[2024-02-20T18:19:51.973+0000] {logging_mixin.py:188} INFO - [2024-02-20T18:19:51.972+0000] {dag.py:3036} INFO - Sync 2 DAGs
[2024-02-20T18:19:51.985+0000] {logging_mixin.py:188} INFO - [2024-02-20T18:19:51.985+0000] {dag.py:3823} INFO - Setting next_dagrun for example_external_task_marker_child to None, run_after=None
[2024-02-20T18:19:51.988+0000] {logging_mixin.py:188} INFO - [2024-02-20T18:19:51.988+0000] {dag.py:3823} INFO - Setting next_dagrun for example_external_task_marker_parent to None, run_after=None
[2024-02-20T18:19:52.009+0000] {processor.py:183} INFO - Processing /home/ubuntu/reddit_venv/lib/python3.10/site-packages/airflow/example_dags/example_external_task_marker_dag.py took 0.069 seconds
[2024-02-20T18:20:48.437+0000] {processor.py:161} INFO - Started process (PID=5006) to work on /home/ubuntu/reddit_venv/lib/python3.10/site-packages/airflow/example_dags/example_external_task_marker_dag.py
[2024-02-20T18:20:48.442+0000] {processor.py:830} INFO - Processing file /home/ubuntu/reddit_venv/lib/python3.10/site-packages/airflow/example_dags/example_external_task_marker_dag.py for tasks to queue
[2024-02-20T18:20:48.443+0000] {logging_mixin.py:188} INFO - [2024-02-20T18:20:48.442+0000] {dagbag.py:538} INFO - Filling up the DagBag from /home/ubuntu/reddit_venv/lib/python3.10/site-packages/airflow/example_dags/example_external_task_marker_dag.py
[2024-02-20T18:20:48.449+0000] {processor.py:840} INFO - DAG(s) 'example_external_task_marker_parent', 'example_external_task_marker_child' retrieved from /home/ubuntu/reddit_venv/lib/python3.10/site-packages/airflow/example_dags/example_external_task_marker_dag.py
[2024-02-20T18:20:48.469+0000] {logging_mixin.py:188} INFO - [2024-02-20T18:20:48.468+0000] {dag.py:3036} INFO - Sync 2 DAGs
[2024-02-20T18:20:48.481+0000] {logging_mixin.py:188} INFO - [2024-02-20T18:20:48.480+0000] {dag.py:3823} INFO - Setting next_dagrun for example_external_task_marker_child to None, run_after=None
[2024-02-20T18:20:48.484+0000] {logging_mixin.py:188} INFO - [2024-02-20T18:20:48.484+0000] {dag.py:3823} INFO - Setting next_dagrun for example_external_task_marker_parent to None, run_after=None
[2024-02-20T18:20:48.504+0000] {processor.py:183} INFO - Processing /home/ubuntu/reddit_venv/lib/python3.10/site-packages/airflow/example_dags/example_external_task_marker_dag.py took 0.070 seconds
[2024-02-20T18:21:44.272+0000] {processor.py:161} INFO - Started process (PID=5191) to work on /home/ubuntu/reddit_venv/lib/python3.10/site-packages/airflow/example_dags/example_external_task_marker_dag.py
[2024-02-20T18:21:44.274+0000] {processor.py:830} INFO - Processing file /home/ubuntu/reddit_venv/lib/python3.10/site-packages/airflow/example_dags/example_external_task_marker_dag.py for tasks to queue
[2024-02-20T18:21:44.275+0000] {logging_mixin.py:188} INFO - [2024-02-20T18:21:44.275+0000] {dagbag.py:538} INFO - Filling up the DagBag from /home/ubuntu/reddit_venv/lib/python3.10/site-packages/airflow/example_dags/example_external_task_marker_dag.py
[2024-02-20T18:21:44.282+0000] {processor.py:840} INFO - DAG(s) 'example_external_task_marker_parent', 'example_external_task_marker_child' retrieved from /home/ubuntu/reddit_venv/lib/python3.10/site-packages/airflow/example_dags/example_external_task_marker_dag.py
[2024-02-20T18:21:44.302+0000] {logging_mixin.py:188} INFO - [2024-02-20T18:21:44.302+0000] {dag.py:3036} INFO - Sync 2 DAGs
[2024-02-20T18:21:44.314+0000] {logging_mixin.py:188} INFO - [2024-02-20T18:21:44.314+0000] {dag.py:3823} INFO - Setting next_dagrun for example_external_task_marker_child to None, run_after=None
[2024-02-20T18:21:44.317+0000] {logging_mixin.py:188} INFO - [2024-02-20T18:21:44.317+0000] {dag.py:3823} INFO - Setting next_dagrun for example_external_task_marker_parent to None, run_after=None
[2024-02-20T18:21:44.338+0000] {processor.py:183} INFO - Processing /home/ubuntu/reddit_venv/lib/python3.10/site-packages/airflow/example_dags/example_external_task_marker_dag.py took 0.069 seconds
[2024-02-20T18:51:41.553+0000] {processor.py:161} INFO - Started process (PID=1827) to work on /home/ubuntu/reddit_venv/lib/python3.10/site-packages/airflow/example_dags/example_external_task_marker_dag.py
[2024-02-20T18:51:41.555+0000] {processor.py:830} INFO - Processing file /home/ubuntu/reddit_venv/lib/python3.10/site-packages/airflow/example_dags/example_external_task_marker_dag.py for tasks to queue
[2024-02-20T18:51:41.556+0000] {logging_mixin.py:188} INFO - [2024-02-20T18:51:41.556+0000] {dagbag.py:538} INFO - Filling up the DagBag from /home/ubuntu/reddit_venv/lib/python3.10/site-packages/airflow/example_dags/example_external_task_marker_dag.py
[2024-02-20T18:51:41.563+0000] {processor.py:840} INFO - DAG(s) 'example_external_task_marker_parent', 'example_external_task_marker_child' retrieved from /home/ubuntu/reddit_venv/lib/python3.10/site-packages/airflow/example_dags/example_external_task_marker_dag.py
[2024-02-20T18:51:41.668+0000] {logging_mixin.py:188} INFO - [2024-02-20T18:51:41.667+0000] {dag.py:3036} INFO - Sync 2 DAGs
[2024-02-20T18:51:41.677+0000] {logging_mixin.py:188} INFO - [2024-02-20T18:51:41.677+0000] {dag.py:3823} INFO - Setting next_dagrun for example_external_task_marker_child to None, run_after=None
[2024-02-20T18:51:41.680+0000] {logging_mixin.py:188} INFO - [2024-02-20T18:51:41.680+0000] {dag.py:3823} INFO - Setting next_dagrun for example_external_task_marker_parent to None, run_after=None
[2024-02-20T18:51:41.701+0000] {processor.py:183} INFO - Processing /home/ubuntu/reddit_venv/lib/python3.10/site-packages/airflow/example_dags/example_external_task_marker_dag.py took 0.152 seconds
[2024-02-20T18:52:32.752+0000] {processor.py:161} INFO - Started process (PID=1977) to work on /home/ubuntu/reddit_venv/lib/python3.10/site-packages/airflow/example_dags/example_external_task_marker_dag.py
[2024-02-20T18:52:32.753+0000] {processor.py:830} INFO - Processing file /home/ubuntu/reddit_venv/lib/python3.10/site-packages/airflow/example_dags/example_external_task_marker_dag.py for tasks to queue
[2024-02-20T18:52:32.754+0000] {logging_mixin.py:188} INFO - [2024-02-20T18:52:32.754+0000] {dagbag.py:538} INFO - Filling up the DagBag from /home/ubuntu/reddit_venv/lib/python3.10/site-packages/airflow/example_dags/example_external_task_marker_dag.py
[2024-02-20T18:52:32.761+0000] {processor.py:840} INFO - DAG(s) 'example_external_task_marker_parent', 'example_external_task_marker_child' retrieved from /home/ubuntu/reddit_venv/lib/python3.10/site-packages/airflow/example_dags/example_external_task_marker_dag.py
[2024-02-20T18:52:32.780+0000] {logging_mixin.py:188} INFO - [2024-02-20T18:52:32.779+0000] {dag.py:3036} INFO - Sync 2 DAGs
[2024-02-20T18:52:32.792+0000] {logging_mixin.py:188} INFO - [2024-02-20T18:52:32.791+0000] {dag.py:3823} INFO - Setting next_dagrun for example_external_task_marker_child to None, run_after=None
[2024-02-20T18:52:32.795+0000] {logging_mixin.py:188} INFO - [2024-02-20T18:52:32.795+0000] {dag.py:3823} INFO - Setting next_dagrun for example_external_task_marker_parent to None, run_after=None
[2024-02-20T18:52:32.814+0000] {processor.py:183} INFO - Processing /home/ubuntu/reddit_venv/lib/python3.10/site-packages/airflow/example_dags/example_external_task_marker_dag.py took 0.066 seconds
[2024-02-20T18:53:30.223+0000] {processor.py:161} INFO - Started process (PID=2353) to work on /home/ubuntu/reddit_venv/lib/python3.10/site-packages/airflow/example_dags/example_external_task_marker_dag.py
[2024-02-20T18:53:30.225+0000] {processor.py:830} INFO - Processing file /home/ubuntu/reddit_venv/lib/python3.10/site-packages/airflow/example_dags/example_external_task_marker_dag.py for tasks to queue
[2024-02-20T18:53:30.226+0000] {logging_mixin.py:188} INFO - [2024-02-20T18:53:30.225+0000] {dagbag.py:538} INFO - Filling up the DagBag from /home/ubuntu/reddit_venv/lib/python3.10/site-packages/airflow/example_dags/example_external_task_marker_dag.py
[2024-02-20T18:53:30.233+0000] {processor.py:840} INFO - DAG(s) 'example_external_task_marker_child', 'example_external_task_marker_parent' retrieved from /home/ubuntu/reddit_venv/lib/python3.10/site-packages/airflow/example_dags/example_external_task_marker_dag.py
[2024-02-20T18:53:30.251+0000] {logging_mixin.py:188} INFO - [2024-02-20T18:53:30.251+0000] {dag.py:3036} INFO - Sync 2 DAGs
[2024-02-20T18:53:30.264+0000] {logging_mixin.py:188} INFO - [2024-02-20T18:53:30.264+0000] {dag.py:3823} INFO - Setting next_dagrun for example_external_task_marker_child to None, run_after=None
[2024-02-20T18:53:30.267+0000] {logging_mixin.py:188} INFO - [2024-02-20T18:53:30.267+0000] {dag.py:3823} INFO - Setting next_dagrun for example_external_task_marker_parent to None, run_after=None
[2024-02-20T18:53:30.287+0000] {processor.py:183} INFO - Processing /home/ubuntu/reddit_venv/lib/python3.10/site-packages/airflow/example_dags/example_external_task_marker_dag.py took 0.067 seconds
[2024-02-20T18:54:29.562+0000] {processor.py:161} INFO - Started process (PID=2481) to work on /home/ubuntu/reddit_venv/lib/python3.10/site-packages/airflow/example_dags/example_external_task_marker_dag.py
[2024-02-20T18:54:29.563+0000] {processor.py:830} INFO - Processing file /home/ubuntu/reddit_venv/lib/python3.10/site-packages/airflow/example_dags/example_external_task_marker_dag.py for tasks to queue
[2024-02-20T18:54:29.564+0000] {logging_mixin.py:188} INFO - [2024-02-20T18:54:29.564+0000] {dagbag.py:538} INFO - Filling up the DagBag from /home/ubuntu/reddit_venv/lib/python3.10/site-packages/airflow/example_dags/example_external_task_marker_dag.py
[2024-02-20T18:54:29.571+0000] {processor.py:840} INFO - DAG(s) 'example_external_task_marker_parent', 'example_external_task_marker_child' retrieved from /home/ubuntu/reddit_venv/lib/python3.10/site-packages/airflow/example_dags/example_external_task_marker_dag.py
[2024-02-20T18:54:29.590+0000] {logging_mixin.py:188} INFO - [2024-02-20T18:54:29.589+0000] {dag.py:3036} INFO - Sync 2 DAGs
[2024-02-20T18:54:29.601+0000] {logging_mixin.py:188} INFO - [2024-02-20T18:54:29.601+0000] {dag.py:3823} INFO - Setting next_dagrun for example_external_task_marker_child to None, run_after=None
[2024-02-20T18:54:29.605+0000] {logging_mixin.py:188} INFO - [2024-02-20T18:54:29.605+0000] {dag.py:3823} INFO - Setting next_dagrun for example_external_task_marker_parent to None, run_after=None
[2024-02-20T18:54:29.625+0000] {processor.py:183} INFO - Processing /home/ubuntu/reddit_venv/lib/python3.10/site-packages/airflow/example_dags/example_external_task_marker_dag.py took 0.067 seconds
[2024-02-20T18:55:29.352+0000] {processor.py:161} INFO - Started process (PID=2615) to work on /home/ubuntu/reddit_venv/lib/python3.10/site-packages/airflow/example_dags/example_external_task_marker_dag.py
[2024-02-20T18:55:29.354+0000] {processor.py:830} INFO - Processing file /home/ubuntu/reddit_venv/lib/python3.10/site-packages/airflow/example_dags/example_external_task_marker_dag.py for tasks to queue
[2024-02-20T18:55:29.354+0000] {logging_mixin.py:188} INFO - [2024-02-20T18:55:29.354+0000] {dagbag.py:538} INFO - Filling up the DagBag from /home/ubuntu/reddit_venv/lib/python3.10/site-packages/airflow/example_dags/example_external_task_marker_dag.py
[2024-02-20T18:55:29.361+0000] {processor.py:840} INFO - DAG(s) 'example_external_task_marker_child', 'example_external_task_marker_parent' retrieved from /home/ubuntu/reddit_venv/lib/python3.10/site-packages/airflow/example_dags/example_external_task_marker_dag.py
[2024-02-20T18:55:29.379+0000] {logging_mixin.py:188} INFO - [2024-02-20T18:55:29.379+0000] {dag.py:3036} INFO - Sync 2 DAGs
[2024-02-20T18:55:29.391+0000] {logging_mixin.py:188} INFO - [2024-02-20T18:55:29.391+0000] {dag.py:3823} INFO - Setting next_dagrun for example_external_task_marker_child to None, run_after=None
[2024-02-20T18:55:29.395+0000] {logging_mixin.py:188} INFO - [2024-02-20T18:55:29.395+0000] {dag.py:3823} INFO - Setting next_dagrun for example_external_task_marker_parent to None, run_after=None
[2024-02-20T18:55:29.415+0000] {processor.py:183} INFO - Processing /home/ubuntu/reddit_venv/lib/python3.10/site-packages/airflow/example_dags/example_external_task_marker_dag.py took 0.066 seconds
[2024-02-20T18:56:25.456+0000] {processor.py:161} INFO - Started process (PID=2800) to work on /home/ubuntu/reddit_venv/lib/python3.10/site-packages/airflow/example_dags/example_external_task_marker_dag.py
[2024-02-20T18:56:25.457+0000] {processor.py:830} INFO - Processing file /home/ubuntu/reddit_venv/lib/python3.10/site-packages/airflow/example_dags/example_external_task_marker_dag.py for tasks to queue
[2024-02-20T18:56:25.458+0000] {logging_mixin.py:188} INFO - [2024-02-20T18:56:25.458+0000] {dagbag.py:538} INFO - Filling up the DagBag from /home/ubuntu/reddit_venv/lib/python3.10/site-packages/airflow/example_dags/example_external_task_marker_dag.py
[2024-02-20T18:56:25.464+0000] {processor.py:840} INFO - DAG(s) 'example_external_task_marker_parent', 'example_external_task_marker_child' retrieved from /home/ubuntu/reddit_venv/lib/python3.10/site-packages/airflow/example_dags/example_external_task_marker_dag.py
[2024-02-20T18:56:25.483+0000] {logging_mixin.py:188} INFO - [2024-02-20T18:56:25.482+0000] {dag.py:3036} INFO - Sync 2 DAGs
[2024-02-20T18:56:25.494+0000] {logging_mixin.py:188} INFO - [2024-02-20T18:56:25.494+0000] {dag.py:3823} INFO - Setting next_dagrun for example_external_task_marker_child to None, run_after=None
[2024-02-20T18:56:25.498+0000] {logging_mixin.py:188} INFO - [2024-02-20T18:56:25.497+0000] {dag.py:3823} INFO - Setting next_dagrun for example_external_task_marker_parent to None, run_after=None
[2024-02-20T18:56:25.517+0000] {processor.py:183} INFO - Processing /home/ubuntu/reddit_venv/lib/python3.10/site-packages/airflow/example_dags/example_external_task_marker_dag.py took 0.064 seconds
[2024-02-20T18:57:40.060+0000] {processor.py:161} INFO - Started process (PID=3319) to work on /home/ubuntu/reddit_venv/lib/python3.10/site-packages/airflow/example_dags/example_external_task_marker_dag.py
[2024-02-20T18:57:40.062+0000] {processor.py:830} INFO - Processing file /home/ubuntu/reddit_venv/lib/python3.10/site-packages/airflow/example_dags/example_external_task_marker_dag.py for tasks to queue
[2024-02-20T18:57:40.062+0000] {logging_mixin.py:188} INFO - [2024-02-20T18:57:40.062+0000] {dagbag.py:538} INFO - Filling up the DagBag from /home/ubuntu/reddit_venv/lib/python3.10/site-packages/airflow/example_dags/example_external_task_marker_dag.py
[2024-02-20T18:57:40.069+0000] {processor.py:840} INFO - DAG(s) 'example_external_task_marker_child', 'example_external_task_marker_parent' retrieved from /home/ubuntu/reddit_venv/lib/python3.10/site-packages/airflow/example_dags/example_external_task_marker_dag.py
[2024-02-20T18:57:40.087+0000] {logging_mixin.py:188} INFO - [2024-02-20T18:57:40.087+0000] {dag.py:3036} INFO - Sync 2 DAGs
[2024-02-20T18:57:40.099+0000] {logging_mixin.py:188} INFO - [2024-02-20T18:57:40.099+0000] {dag.py:3823} INFO - Setting next_dagrun for example_external_task_marker_child to None, run_after=None
[2024-02-20T18:57:40.102+0000] {logging_mixin.py:188} INFO - [2024-02-20T18:57:40.102+0000] {dag.py:3823} INFO - Setting next_dagrun for example_external_task_marker_parent to None, run_after=None
[2024-02-20T18:57:40.123+0000] {processor.py:183} INFO - Processing /home/ubuntu/reddit_venv/lib/python3.10/site-packages/airflow/example_dags/example_external_task_marker_dag.py took 0.066 seconds
[2024-02-20T18:58:29.782+0000] {processor.py:161} INFO - Started process (PID=3434) to work on /home/ubuntu/reddit_venv/lib/python3.10/site-packages/airflow/example_dags/example_external_task_marker_dag.py
[2024-02-20T18:58:29.783+0000] {processor.py:830} INFO - Processing file /home/ubuntu/reddit_venv/lib/python3.10/site-packages/airflow/example_dags/example_external_task_marker_dag.py for tasks to queue
[2024-02-20T18:58:29.784+0000] {logging_mixin.py:188} INFO - [2024-02-20T18:58:29.784+0000] {dagbag.py:538} INFO - Filling up the DagBag from /home/ubuntu/reddit_venv/lib/python3.10/site-packages/airflow/example_dags/example_external_task_marker_dag.py
[2024-02-20T18:58:29.791+0000] {processor.py:840} INFO - DAG(s) 'example_external_task_marker_parent', 'example_external_task_marker_child' retrieved from /home/ubuntu/reddit_venv/lib/python3.10/site-packages/airflow/example_dags/example_external_task_marker_dag.py
[2024-02-20T18:58:29.810+0000] {logging_mixin.py:188} INFO - [2024-02-20T18:58:29.809+0000] {dag.py:3036} INFO - Sync 2 DAGs
[2024-02-20T18:58:29.821+0000] {logging_mixin.py:188} INFO - [2024-02-20T18:58:29.821+0000] {dag.py:3823} INFO - Setting next_dagrun for example_external_task_marker_child to None, run_after=None
[2024-02-20T18:58:29.825+0000] {logging_mixin.py:188} INFO - [2024-02-20T18:58:29.825+0000] {dag.py:3823} INFO - Setting next_dagrun for example_external_task_marker_parent to None, run_after=None
[2024-02-20T18:58:29.845+0000] {processor.py:183} INFO - Processing /home/ubuntu/reddit_venv/lib/python3.10/site-packages/airflow/example_dags/example_external_task_marker_dag.py took 0.067 seconds
[2024-02-20T18:59:27.582+0000] {processor.py:161} INFO - Started process (PID=3563) to work on /home/ubuntu/reddit_venv/lib/python3.10/site-packages/airflow/example_dags/example_external_task_marker_dag.py
[2024-02-20T18:59:27.584+0000] {processor.py:830} INFO - Processing file /home/ubuntu/reddit_venv/lib/python3.10/site-packages/airflow/example_dags/example_external_task_marker_dag.py for tasks to queue
[2024-02-20T18:59:27.585+0000] {logging_mixin.py:188} INFO - [2024-02-20T18:59:27.584+0000] {dagbag.py:538} INFO - Filling up the DagBag from /home/ubuntu/reddit_venv/lib/python3.10/site-packages/airflow/example_dags/example_external_task_marker_dag.py
[2024-02-20T18:59:27.591+0000] {processor.py:840} INFO - DAG(s) 'example_external_task_marker_parent', 'example_external_task_marker_child' retrieved from /home/ubuntu/reddit_venv/lib/python3.10/site-packages/airflow/example_dags/example_external_task_marker_dag.py
[2024-02-20T18:59:27.611+0000] {logging_mixin.py:188} INFO - [2024-02-20T18:59:27.610+0000] {dag.py:3036} INFO - Sync 2 DAGs
[2024-02-20T18:59:27.624+0000] {logging_mixin.py:188} INFO - [2024-02-20T18:59:27.623+0000] {dag.py:3823} INFO - Setting next_dagrun for example_external_task_marker_child to None, run_after=None
[2024-02-20T18:59:27.627+0000] {logging_mixin.py:188} INFO - [2024-02-20T18:59:27.627+0000] {dag.py:3823} INFO - Setting next_dagrun for example_external_task_marker_parent to None, run_after=None
[2024-02-20T18:59:27.648+0000] {processor.py:183} INFO - Processing /home/ubuntu/reddit_venv/lib/python3.10/site-packages/airflow/example_dags/example_external_task_marker_dag.py took 0.069 seconds
[2024-02-20T19:01:10.618+0000] {processor.py:161} INFO - Started process (PID=4292) to work on /home/ubuntu/reddit_venv/lib/python3.10/site-packages/airflow/example_dags/example_external_task_marker_dag.py
[2024-02-20T19:01:10.619+0000] {processor.py:830} INFO - Processing file /home/ubuntu/reddit_venv/lib/python3.10/site-packages/airflow/example_dags/example_external_task_marker_dag.py for tasks to queue
[2024-02-20T19:01:10.620+0000] {logging_mixin.py:188} INFO - [2024-02-20T19:01:10.620+0000] {dagbag.py:538} INFO - Filling up the DagBag from /home/ubuntu/reddit_venv/lib/python3.10/site-packages/airflow/example_dags/example_external_task_marker_dag.py
[2024-02-20T19:01:10.627+0000] {processor.py:840} INFO - DAG(s) 'example_external_task_marker_parent', 'example_external_task_marker_child' retrieved from /home/ubuntu/reddit_venv/lib/python3.10/site-packages/airflow/example_dags/example_external_task_marker_dag.py
[2024-02-20T19:01:10.647+0000] {logging_mixin.py:188} INFO - [2024-02-20T19:01:10.647+0000] {dag.py:3036} INFO - Sync 2 DAGs
[2024-02-20T19:01:10.659+0000] {logging_mixin.py:188} INFO - [2024-02-20T19:01:10.659+0000] {dag.py:3823} INFO - Setting next_dagrun for example_external_task_marker_child to None, run_after=None
[2024-02-20T19:01:10.663+0000] {logging_mixin.py:188} INFO - [2024-02-20T19:01:10.663+0000] {dag.py:3823} INFO - Setting next_dagrun for example_external_task_marker_parent to None, run_after=None
[2024-02-20T19:01:10.682+0000] {processor.py:183} INFO - Processing /home/ubuntu/reddit_venv/lib/python3.10/site-packages/airflow/example_dags/example_external_task_marker_dag.py took 0.068 seconds
[2024-02-20T19:02:07.950+0000] {processor.py:161} INFO - Started process (PID=4418) to work on /home/ubuntu/reddit_venv/lib/python3.10/site-packages/airflow/example_dags/example_external_task_marker_dag.py
[2024-02-20T19:02:07.952+0000] {processor.py:830} INFO - Processing file /home/ubuntu/reddit_venv/lib/python3.10/site-packages/airflow/example_dags/example_external_task_marker_dag.py for tasks to queue
[2024-02-20T19:02:07.953+0000] {logging_mixin.py:188} INFO - [2024-02-20T19:02:07.952+0000] {dagbag.py:538} INFO - Filling up the DagBag from /home/ubuntu/reddit_venv/lib/python3.10/site-packages/airflow/example_dags/example_external_task_marker_dag.py
[2024-02-20T19:02:07.959+0000] {processor.py:840} INFO - DAG(s) 'example_external_task_marker_child', 'example_external_task_marker_parent' retrieved from /home/ubuntu/reddit_venv/lib/python3.10/site-packages/airflow/example_dags/example_external_task_marker_dag.py
[2024-02-20T19:02:07.978+0000] {logging_mixin.py:188} INFO - [2024-02-20T19:02:07.978+0000] {dag.py:3036} INFO - Sync 2 DAGs
[2024-02-20T19:02:07.990+0000] {logging_mixin.py:188} INFO - [2024-02-20T19:02:07.990+0000] {dag.py:3823} INFO - Setting next_dagrun for example_external_task_marker_child to None, run_after=None
[2024-02-20T19:02:07.993+0000] {logging_mixin.py:188} INFO - [2024-02-20T19:02:07.993+0000] {dag.py:3823} INFO - Setting next_dagrun for example_external_task_marker_parent to None, run_after=None
[2024-02-20T19:02:08.014+0000] {processor.py:183} INFO - Processing /home/ubuntu/reddit_venv/lib/python3.10/site-packages/airflow/example_dags/example_external_task_marker_dag.py took 0.066 seconds
[2024-02-20T19:03:07.136+0000] {processor.py:161} INFO - Started process (PID=4547) to work on /home/ubuntu/reddit_venv/lib/python3.10/site-packages/airflow/example_dags/example_external_task_marker_dag.py
[2024-02-20T19:03:07.138+0000] {processor.py:830} INFO - Processing file /home/ubuntu/reddit_venv/lib/python3.10/site-packages/airflow/example_dags/example_external_task_marker_dag.py for tasks to queue
[2024-02-20T19:03:07.139+0000] {logging_mixin.py:188} INFO - [2024-02-20T19:03:07.138+0000] {dagbag.py:538} INFO - Filling up the DagBag from /home/ubuntu/reddit_venv/lib/python3.10/site-packages/airflow/example_dags/example_external_task_marker_dag.py
[2024-02-20T19:03:07.146+0000] {processor.py:840} INFO - DAG(s) 'example_external_task_marker_parent', 'example_external_task_marker_child' retrieved from /home/ubuntu/reddit_venv/lib/python3.10/site-packages/airflow/example_dags/example_external_task_marker_dag.py
[2024-02-20T19:03:07.165+0000] {logging_mixin.py:188} INFO - [2024-02-20T19:03:07.164+0000] {dag.py:3036} INFO - Sync 2 DAGs
[2024-02-20T19:03:07.177+0000] {logging_mixin.py:188} INFO - [2024-02-20T19:03:07.176+0000] {dag.py:3823} INFO - Setting next_dagrun for example_external_task_marker_child to None, run_after=None
[2024-02-20T19:03:07.181+0000] {logging_mixin.py:188} INFO - [2024-02-20T19:03:07.181+0000] {dag.py:3823} INFO - Setting next_dagrun for example_external_task_marker_parent to None, run_after=None
[2024-02-20T19:03:07.202+0000] {processor.py:183} INFO - Processing /home/ubuntu/reddit_venv/lib/python3.10/site-packages/airflow/example_dags/example_external_task_marker_dag.py took 0.069 seconds
[2024-02-20T19:04:01.246+0000] {processor.py:161} INFO - Started process (PID=4638) to work on /home/ubuntu/reddit_venv/lib/python3.10/site-packages/airflow/example_dags/example_external_task_marker_dag.py
[2024-02-20T19:04:01.247+0000] {processor.py:830} INFO - Processing file /home/ubuntu/reddit_venv/lib/python3.10/site-packages/airflow/example_dags/example_external_task_marker_dag.py for tasks to queue
[2024-02-20T19:04:01.248+0000] {logging_mixin.py:188} INFO - [2024-02-20T19:04:01.248+0000] {dagbag.py:538} INFO - Filling up the DagBag from /home/ubuntu/reddit_venv/lib/python3.10/site-packages/airflow/example_dags/example_external_task_marker_dag.py
[2024-02-20T19:04:01.255+0000] {processor.py:840} INFO - DAG(s) 'example_external_task_marker_child', 'example_external_task_marker_parent' retrieved from /home/ubuntu/reddit_venv/lib/python3.10/site-packages/airflow/example_dags/example_external_task_marker_dag.py
[2024-02-20T19:04:01.273+0000] {logging_mixin.py:188} INFO - [2024-02-20T19:04:01.273+0000] {dag.py:3036} INFO - Sync 2 DAGs
[2024-02-20T19:04:01.285+0000] {logging_mixin.py:188} INFO - [2024-02-20T19:04:01.285+0000] {dag.py:3823} INFO - Setting next_dagrun for example_external_task_marker_child to None, run_after=None
[2024-02-20T19:04:01.289+0000] {logging_mixin.py:188} INFO - [2024-02-20T19:04:01.289+0000] {dag.py:3823} INFO - Setting next_dagrun for example_external_task_marker_parent to None, run_after=None
[2024-02-20T19:04:01.311+0000] {processor.py:183} INFO - Processing /home/ubuntu/reddit_venv/lib/python3.10/site-packages/airflow/example_dags/example_external_task_marker_dag.py took 0.068 seconds
[2024-02-20T19:05:00.070+0000] {processor.py:161} INFO - Started process (PID=4740) to work on /home/ubuntu/reddit_venv/lib/python3.10/site-packages/airflow/example_dags/example_external_task_marker_dag.py
[2024-02-20T19:05:00.071+0000] {processor.py:830} INFO - Processing file /home/ubuntu/reddit_venv/lib/python3.10/site-packages/airflow/example_dags/example_external_task_marker_dag.py for tasks to queue
[2024-02-20T19:05:00.072+0000] {logging_mixin.py:188} INFO - [2024-02-20T19:05:00.072+0000] {dagbag.py:538} INFO - Filling up the DagBag from /home/ubuntu/reddit_venv/lib/python3.10/site-packages/airflow/example_dags/example_external_task_marker_dag.py
[2024-02-20T19:05:00.079+0000] {processor.py:840} INFO - DAG(s) 'example_external_task_marker_child', 'example_external_task_marker_parent' retrieved from /home/ubuntu/reddit_venv/lib/python3.10/site-packages/airflow/example_dags/example_external_task_marker_dag.py
[2024-02-20T19:05:00.097+0000] {logging_mixin.py:188} INFO - [2024-02-20T19:05:00.097+0000] {dag.py:3036} INFO - Sync 2 DAGs
[2024-02-20T19:05:00.109+0000] {logging_mixin.py:188} INFO - [2024-02-20T19:05:00.108+0000] {dag.py:3823} INFO - Setting next_dagrun for example_external_task_marker_child to None, run_after=None
[2024-02-20T19:05:00.112+0000] {logging_mixin.py:188} INFO - [2024-02-20T19:05:00.112+0000] {dag.py:3823} INFO - Setting next_dagrun for example_external_task_marker_parent to None, run_after=None
[2024-02-20T19:05:00.132+0000] {processor.py:183} INFO - Processing /home/ubuntu/reddit_venv/lib/python3.10/site-packages/airflow/example_dags/example_external_task_marker_dag.py took 0.065 seconds
[2024-02-20T19:05:58.554+0000] {processor.py:161} INFO - Started process (PID=5049) to work on /home/ubuntu/reddit_venv/lib/python3.10/site-packages/airflow/example_dags/example_external_task_marker_dag.py
[2024-02-20T19:05:58.556+0000] {processor.py:830} INFO - Processing file /home/ubuntu/reddit_venv/lib/python3.10/site-packages/airflow/example_dags/example_external_task_marker_dag.py for tasks to queue
[2024-02-20T19:05:58.557+0000] {logging_mixin.py:188} INFO - [2024-02-20T19:05:58.556+0000] {dagbag.py:538} INFO - Filling up the DagBag from /home/ubuntu/reddit_venv/lib/python3.10/site-packages/airflow/example_dags/example_external_task_marker_dag.py
[2024-02-20T19:05:58.564+0000] {processor.py:840} INFO - DAG(s) 'example_external_task_marker_parent', 'example_external_task_marker_child' retrieved from /home/ubuntu/reddit_venv/lib/python3.10/site-packages/airflow/example_dags/example_external_task_marker_dag.py
[2024-02-20T19:05:58.583+0000] {logging_mixin.py:188} INFO - [2024-02-20T19:05:58.582+0000] {dag.py:3036} INFO - Sync 2 DAGs
[2024-02-20T19:05:58.595+0000] {logging_mixin.py:188} INFO - [2024-02-20T19:05:58.595+0000] {dag.py:3823} INFO - Setting next_dagrun for example_external_task_marker_child to None, run_after=None
[2024-02-20T19:05:58.598+0000] {logging_mixin.py:188} INFO - [2024-02-20T19:05:58.598+0000] {dag.py:3823} INFO - Setting next_dagrun for example_external_task_marker_parent to None, run_after=None
[2024-02-20T19:05:58.618+0000] {processor.py:183} INFO - Processing /home/ubuntu/reddit_venv/lib/python3.10/site-packages/airflow/example_dags/example_external_task_marker_dag.py took 0.067 seconds
[2024-02-20T19:06:50.493+0000] {processor.py:161} INFO - Started process (PID=5230) to work on /home/ubuntu/reddit_venv/lib/python3.10/site-packages/airflow/example_dags/example_external_task_marker_dag.py
[2024-02-20T19:06:50.495+0000] {processor.py:830} INFO - Processing file /home/ubuntu/reddit_venv/lib/python3.10/site-packages/airflow/example_dags/example_external_task_marker_dag.py for tasks to queue
[2024-02-20T19:06:50.496+0000] {logging_mixin.py:188} INFO - [2024-02-20T19:06:50.495+0000] {dagbag.py:538} INFO - Filling up the DagBag from /home/ubuntu/reddit_venv/lib/python3.10/site-packages/airflow/example_dags/example_external_task_marker_dag.py
[2024-02-20T19:06:50.503+0000] {processor.py:840} INFO - DAG(s) 'example_external_task_marker_parent', 'example_external_task_marker_child' retrieved from /home/ubuntu/reddit_venv/lib/python3.10/site-packages/airflow/example_dags/example_external_task_marker_dag.py
[2024-02-20T19:06:50.522+0000] {logging_mixin.py:188} INFO - [2024-02-20T19:06:50.521+0000] {dag.py:3036} INFO - Sync 2 DAGs
[2024-02-20T19:06:50.533+0000] {logging_mixin.py:188} INFO - [2024-02-20T19:06:50.533+0000] {dag.py:3823} INFO - Setting next_dagrun for example_external_task_marker_child to None, run_after=None
[2024-02-20T19:06:50.537+0000] {logging_mixin.py:188} INFO - [2024-02-20T19:06:50.537+0000] {dag.py:3823} INFO - Setting next_dagrun for example_external_task_marker_parent to None, run_after=None
[2024-02-20T19:06:50.557+0000] {processor.py:183} INFO - Processing /home/ubuntu/reddit_venv/lib/python3.10/site-packages/airflow/example_dags/example_external_task_marker_dag.py took 0.067 seconds
[2024-02-20T19:07:46.938+0000] {processor.py:161} INFO - Started process (PID=5417) to work on /home/ubuntu/reddit_venv/lib/python3.10/site-packages/airflow/example_dags/example_external_task_marker_dag.py
[2024-02-20T19:07:46.940+0000] {processor.py:830} INFO - Processing file /home/ubuntu/reddit_venv/lib/python3.10/site-packages/airflow/example_dags/example_external_task_marker_dag.py for tasks to queue
[2024-02-20T19:07:46.941+0000] {logging_mixin.py:188} INFO - [2024-02-20T19:07:46.940+0000] {dagbag.py:538} INFO - Filling up the DagBag from /home/ubuntu/reddit_venv/lib/python3.10/site-packages/airflow/example_dags/example_external_task_marker_dag.py
[2024-02-20T19:07:46.947+0000] {processor.py:840} INFO - DAG(s) 'example_external_task_marker_child', 'example_external_task_marker_parent' retrieved from /home/ubuntu/reddit_venv/lib/python3.10/site-packages/airflow/example_dags/example_external_task_marker_dag.py
[2024-02-20T19:07:46.966+0000] {logging_mixin.py:188} INFO - [2024-02-20T19:07:46.966+0000] {dag.py:3036} INFO - Sync 2 DAGs
[2024-02-20T19:07:46.978+0000] {logging_mixin.py:188} INFO - [2024-02-20T19:07:46.978+0000] {dag.py:3823} INFO - Setting next_dagrun for example_external_task_marker_child to None, run_after=None
[2024-02-20T19:07:46.981+0000] {logging_mixin.py:188} INFO - [2024-02-20T19:07:46.981+0000] {dag.py:3823} INFO - Setting next_dagrun for example_external_task_marker_parent to None, run_after=None
[2024-02-20T19:07:47.001+0000] {processor.py:183} INFO - Processing /home/ubuntu/reddit_venv/lib/python3.10/site-packages/airflow/example_dags/example_external_task_marker_dag.py took 0.066 seconds
[2024-02-20T19:08:55.579+0000] {processor.py:161} INFO - Started process (PID=5926) to work on /home/ubuntu/reddit_venv/lib/python3.10/site-packages/airflow/example_dags/example_external_task_marker_dag.py
[2024-02-20T19:08:55.581+0000] {processor.py:830} INFO - Processing file /home/ubuntu/reddit_venv/lib/python3.10/site-packages/airflow/example_dags/example_external_task_marker_dag.py for tasks to queue
[2024-02-20T19:08:55.582+0000] {logging_mixin.py:188} INFO - [2024-02-20T19:08:55.581+0000] {dagbag.py:538} INFO - Filling up the DagBag from /home/ubuntu/reddit_venv/lib/python3.10/site-packages/airflow/example_dags/example_external_task_marker_dag.py
[2024-02-20T19:08:55.588+0000] {processor.py:840} INFO - DAG(s) 'example_external_task_marker_parent', 'example_external_task_marker_child' retrieved from /home/ubuntu/reddit_venv/lib/python3.10/site-packages/airflow/example_dags/example_external_task_marker_dag.py
[2024-02-20T19:08:55.607+0000] {logging_mixin.py:188} INFO - [2024-02-20T19:08:55.606+0000] {dag.py:3036} INFO - Sync 2 DAGs
[2024-02-20T19:08:55.619+0000] {logging_mixin.py:188} INFO - [2024-02-20T19:08:55.619+0000] {dag.py:3823} INFO - Setting next_dagrun for example_external_task_marker_child to None, run_after=None
[2024-02-20T19:08:55.622+0000] {logging_mixin.py:188} INFO - [2024-02-20T19:08:55.622+0000] {dag.py:3823} INFO - Setting next_dagrun for example_external_task_marker_parent to None, run_after=None
[2024-02-20T19:08:55.642+0000] {processor.py:183} INFO - Processing /home/ubuntu/reddit_venv/lib/python3.10/site-packages/airflow/example_dags/example_external_task_marker_dag.py took 0.066 seconds
[2024-02-20T19:09:55.984+0000] {processor.py:161} INFO - Started process (PID=6054) to work on /home/ubuntu/reddit_venv/lib/python3.10/site-packages/airflow/example_dags/example_external_task_marker_dag.py
[2024-02-20T19:09:55.985+0000] {processor.py:830} INFO - Processing file /home/ubuntu/reddit_venv/lib/python3.10/site-packages/airflow/example_dags/example_external_task_marker_dag.py for tasks to queue
[2024-02-20T19:09:55.986+0000] {logging_mixin.py:188} INFO - [2024-02-20T19:09:55.986+0000] {dagbag.py:538} INFO - Filling up the DagBag from /home/ubuntu/reddit_venv/lib/python3.10/site-packages/airflow/example_dags/example_external_task_marker_dag.py
[2024-02-20T19:09:55.993+0000] {processor.py:840} INFO - DAG(s) 'example_external_task_marker_child', 'example_external_task_marker_parent' retrieved from /home/ubuntu/reddit_venv/lib/python3.10/site-packages/airflow/example_dags/example_external_task_marker_dag.py
[2024-02-20T19:09:56.011+0000] {logging_mixin.py:188} INFO - [2024-02-20T19:09:56.011+0000] {dag.py:3036} INFO - Sync 2 DAGs
[2024-02-20T19:09:56.023+0000] {logging_mixin.py:188} INFO - [2024-02-20T19:09:56.022+0000] {dag.py:3823} INFO - Setting next_dagrun for example_external_task_marker_child to None, run_after=None
[2024-02-20T19:09:56.026+0000] {logging_mixin.py:188} INFO - [2024-02-20T19:09:56.026+0000] {dag.py:3823} INFO - Setting next_dagrun for example_external_task_marker_parent to None, run_after=None
[2024-02-20T19:09:56.046+0000] {processor.py:183} INFO - Processing /home/ubuntu/reddit_venv/lib/python3.10/site-packages/airflow/example_dags/example_external_task_marker_dag.py took 0.065 seconds
[2024-02-20T19:10:52.855+0000] {processor.py:161} INFO - Started process (PID=6181) to work on /home/ubuntu/reddit_venv/lib/python3.10/site-packages/airflow/example_dags/example_external_task_marker_dag.py
[2024-02-20T19:10:52.856+0000] {processor.py:830} INFO - Processing file /home/ubuntu/reddit_venv/lib/python3.10/site-packages/airflow/example_dags/example_external_task_marker_dag.py for tasks to queue
[2024-02-20T19:10:52.857+0000] {logging_mixin.py:188} INFO - [2024-02-20T19:10:52.856+0000] {dagbag.py:538} INFO - Filling up the DagBag from /home/ubuntu/reddit_venv/lib/python3.10/site-packages/airflow/example_dags/example_external_task_marker_dag.py
[2024-02-20T19:10:52.863+0000] {processor.py:840} INFO - DAG(s) 'example_external_task_marker_parent', 'example_external_task_marker_child' retrieved from /home/ubuntu/reddit_venv/lib/python3.10/site-packages/airflow/example_dags/example_external_task_marker_dag.py
[2024-02-20T19:10:52.882+0000] {logging_mixin.py:188} INFO - [2024-02-20T19:10:52.882+0000] {dag.py:3036} INFO - Sync 2 DAGs
[2024-02-20T19:10:52.894+0000] {logging_mixin.py:188} INFO - [2024-02-20T19:10:52.893+0000] {dag.py:3823} INFO - Setting next_dagrun for example_external_task_marker_child to None, run_after=None
[2024-02-20T19:10:52.897+0000] {logging_mixin.py:188} INFO - [2024-02-20T19:10:52.897+0000] {dag.py:3823} INFO - Setting next_dagrun for example_external_task_marker_parent to None, run_after=None
[2024-02-20T19:10:52.917+0000] {processor.py:183} INFO - Processing /home/ubuntu/reddit_venv/lib/python3.10/site-packages/airflow/example_dags/example_external_task_marker_dag.py took 0.065 seconds
[2024-02-20T19:11:47.959+0000] {processor.py:161} INFO - Started process (PID=6367) to work on /home/ubuntu/reddit_venv/lib/python3.10/site-packages/airflow/example_dags/example_external_task_marker_dag.py
[2024-02-20T19:11:47.961+0000] {processor.py:830} INFO - Processing file /home/ubuntu/reddit_venv/lib/python3.10/site-packages/airflow/example_dags/example_external_task_marker_dag.py for tasks to queue
[2024-02-20T19:11:47.961+0000] {logging_mixin.py:188} INFO - [2024-02-20T19:11:47.961+0000] {dagbag.py:538} INFO - Filling up the DagBag from /home/ubuntu/reddit_venv/lib/python3.10/site-packages/airflow/example_dags/example_external_task_marker_dag.py
[2024-02-20T19:11:47.968+0000] {processor.py:840} INFO - DAG(s) 'example_external_task_marker_child', 'example_external_task_marker_parent' retrieved from /home/ubuntu/reddit_venv/lib/python3.10/site-packages/airflow/example_dags/example_external_task_marker_dag.py
[2024-02-20T19:11:47.987+0000] {logging_mixin.py:188} INFO - [2024-02-20T19:11:47.986+0000] {dag.py:3036} INFO - Sync 2 DAGs
[2024-02-20T19:11:47.998+0000] {logging_mixin.py:188} INFO - [2024-02-20T19:11:47.998+0000] {dag.py:3823} INFO - Setting next_dagrun for example_external_task_marker_child to None, run_after=None
[2024-02-20T19:11:48.002+0000] {logging_mixin.py:188} INFO - [2024-02-20T19:11:48.001+0000] {dag.py:3823} INFO - Setting next_dagrun for example_external_task_marker_parent to None, run_after=None
[2024-02-20T19:11:48.022+0000] {processor.py:183} INFO - Processing /home/ubuntu/reddit_venv/lib/python3.10/site-packages/airflow/example_dags/example_external_task_marker_dag.py took 0.066 seconds
[2024-02-20T19:12:45.288+0000] {processor.py:161} INFO - Started process (PID=6491) to work on /home/ubuntu/reddit_venv/lib/python3.10/site-packages/airflow/example_dags/example_external_task_marker_dag.py
[2024-02-20T19:12:45.290+0000] {processor.py:830} INFO - Processing file /home/ubuntu/reddit_venv/lib/python3.10/site-packages/airflow/example_dags/example_external_task_marker_dag.py for tasks to queue
[2024-02-20T19:12:45.291+0000] {logging_mixin.py:188} INFO - [2024-02-20T19:12:45.290+0000] {dagbag.py:538} INFO - Filling up the DagBag from /home/ubuntu/reddit_venv/lib/python3.10/site-packages/airflow/example_dags/example_external_task_marker_dag.py
[2024-02-20T19:12:45.298+0000] {processor.py:840} INFO - DAG(s) 'example_external_task_marker_child', 'example_external_task_marker_parent' retrieved from /home/ubuntu/reddit_venv/lib/python3.10/site-packages/airflow/example_dags/example_external_task_marker_dag.py
[2024-02-20T19:12:45.316+0000] {logging_mixin.py:188} INFO - [2024-02-20T19:12:45.316+0000] {dag.py:3036} INFO - Sync 2 DAGs
[2024-02-20T19:12:45.328+0000] {logging_mixin.py:188} INFO - [2024-02-20T19:12:45.327+0000] {dag.py:3823} INFO - Setting next_dagrun for example_external_task_marker_child to None, run_after=None
[2024-02-20T19:12:45.331+0000] {logging_mixin.py:188} INFO - [2024-02-20T19:12:45.331+0000] {dag.py:3823} INFO - Setting next_dagrun for example_external_task_marker_parent to None, run_after=None
[2024-02-20T19:12:45.351+0000] {processor.py:183} INFO - Processing /home/ubuntu/reddit_venv/lib/python3.10/site-packages/airflow/example_dags/example_external_task_marker_dag.py took 0.066 seconds
[2024-02-20T19:13:44.804+0000] {processor.py:161} INFO - Started process (PID=6619) to work on /home/ubuntu/reddit_venv/lib/python3.10/site-packages/airflow/example_dags/example_external_task_marker_dag.py
[2024-02-20T19:13:44.806+0000] {processor.py:830} INFO - Processing file /home/ubuntu/reddit_venv/lib/python3.10/site-packages/airflow/example_dags/example_external_task_marker_dag.py for tasks to queue
[2024-02-20T19:13:44.807+0000] {logging_mixin.py:188} INFO - [2024-02-20T19:13:44.806+0000] {dagbag.py:538} INFO - Filling up the DagBag from /home/ubuntu/reddit_venv/lib/python3.10/site-packages/airflow/example_dags/example_external_task_marker_dag.py
[2024-02-20T19:13:44.814+0000] {processor.py:840} INFO - DAG(s) 'example_external_task_marker_child', 'example_external_task_marker_parent' retrieved from /home/ubuntu/reddit_venv/lib/python3.10/site-packages/airflow/example_dags/example_external_task_marker_dag.py
[2024-02-20T19:13:44.832+0000] {logging_mixin.py:188} INFO - [2024-02-20T19:13:44.832+0000] {dag.py:3036} INFO - Sync 2 DAGs
[2024-02-20T19:13:44.844+0000] {logging_mixin.py:188} INFO - [2024-02-20T19:13:44.843+0000] {dag.py:3823} INFO - Setting next_dagrun for example_external_task_marker_child to None, run_after=None
[2024-02-20T19:13:44.847+0000] {logging_mixin.py:188} INFO - [2024-02-20T19:13:44.847+0000] {dag.py:3823} INFO - Setting next_dagrun for example_external_task_marker_parent to None, run_after=None
[2024-02-20T19:13:44.866+0000] {processor.py:183} INFO - Processing /home/ubuntu/reddit_venv/lib/python3.10/site-packages/airflow/example_dags/example_external_task_marker_dag.py took 0.065 seconds
[2024-02-20T19:14:40.020+0000] {processor.py:161} INFO - Started process (PID=6743) to work on /home/ubuntu/reddit_venv/lib/python3.10/site-packages/airflow/example_dags/example_external_task_marker_dag.py
[2024-02-20T19:14:40.022+0000] {processor.py:830} INFO - Processing file /home/ubuntu/reddit_venv/lib/python3.10/site-packages/airflow/example_dags/example_external_task_marker_dag.py for tasks to queue
[2024-02-20T19:14:40.023+0000] {logging_mixin.py:188} INFO - [2024-02-20T19:14:40.022+0000] {dagbag.py:538} INFO - Filling up the DagBag from /home/ubuntu/reddit_venv/lib/python3.10/site-packages/airflow/example_dags/example_external_task_marker_dag.py
[2024-02-20T19:14:40.029+0000] {processor.py:840} INFO - DAG(s) 'example_external_task_marker_parent', 'example_external_task_marker_child' retrieved from /home/ubuntu/reddit_venv/lib/python3.10/site-packages/airflow/example_dags/example_external_task_marker_dag.py
[2024-02-20T19:14:40.049+0000] {logging_mixin.py:188} INFO - [2024-02-20T19:14:40.048+0000] {dag.py:3036} INFO - Sync 2 DAGs
[2024-02-20T19:14:40.061+0000] {logging_mixin.py:188} INFO - [2024-02-20T19:14:40.061+0000] {dag.py:3823} INFO - Setting next_dagrun for example_external_task_marker_child to None, run_after=None
[2024-02-20T19:14:40.064+0000] {logging_mixin.py:188} INFO - [2024-02-20T19:14:40.064+0000] {dag.py:3823} INFO - Setting next_dagrun for example_external_task_marker_parent to None, run_after=None
[2024-02-20T19:14:40.085+0000] {processor.py:183} INFO - Processing /home/ubuntu/reddit_venv/lib/python3.10/site-packages/airflow/example_dags/example_external_task_marker_dag.py took 0.068 seconds
[2024-02-20T19:16:04.247+0000] {processor.py:161} INFO - Started process (PID=7396) to work on /home/ubuntu/reddit_venv/lib/python3.10/site-packages/airflow/example_dags/example_external_task_marker_dag.py
[2024-02-20T19:16:04.248+0000] {processor.py:830} INFO - Processing file /home/ubuntu/reddit_venv/lib/python3.10/site-packages/airflow/example_dags/example_external_task_marker_dag.py for tasks to queue
[2024-02-20T19:16:04.249+0000] {logging_mixin.py:188} INFO - [2024-02-20T19:16:04.249+0000] {dagbag.py:538} INFO - Filling up the DagBag from /home/ubuntu/reddit_venv/lib/python3.10/site-packages/airflow/example_dags/example_external_task_marker_dag.py
[2024-02-20T19:16:04.256+0000] {processor.py:840} INFO - DAG(s) 'example_external_task_marker_child', 'example_external_task_marker_parent' retrieved from /home/ubuntu/reddit_venv/lib/python3.10/site-packages/airflow/example_dags/example_external_task_marker_dag.py
[2024-02-20T19:16:04.276+0000] {logging_mixin.py:188} INFO - [2024-02-20T19:16:04.275+0000] {dag.py:3036} INFO - Sync 2 DAGs
[2024-02-20T19:16:04.288+0000] {logging_mixin.py:188} INFO - [2024-02-20T19:16:04.288+0000] {dag.py:3823} INFO - Setting next_dagrun for example_external_task_marker_child to None, run_after=None
[2024-02-20T19:16:04.291+0000] {logging_mixin.py:188} INFO - [2024-02-20T19:16:04.291+0000] {dag.py:3823} INFO - Setting next_dagrun for example_external_task_marker_parent to None, run_after=None
[2024-02-20T19:16:04.312+0000] {processor.py:183} INFO - Processing /home/ubuntu/reddit_venv/lib/python3.10/site-packages/airflow/example_dags/example_external_task_marker_dag.py took 0.068 seconds
[2024-02-20T19:17:03.795+0000] {processor.py:161} INFO - Started process (PID=7587) to work on /home/ubuntu/reddit_venv/lib/python3.10/site-packages/airflow/example_dags/example_external_task_marker_dag.py
[2024-02-20T19:17:03.797+0000] {processor.py:830} INFO - Processing file /home/ubuntu/reddit_venv/lib/python3.10/site-packages/airflow/example_dags/example_external_task_marker_dag.py for tasks to queue
[2024-02-20T19:17:03.798+0000] {logging_mixin.py:188} INFO - [2024-02-20T19:17:03.798+0000] {dagbag.py:538} INFO - Filling up the DagBag from /home/ubuntu/reddit_venv/lib/python3.10/site-packages/airflow/example_dags/example_external_task_marker_dag.py
[2024-02-20T19:17:03.805+0000] {processor.py:840} INFO - DAG(s) 'example_external_task_marker_parent', 'example_external_task_marker_child' retrieved from /home/ubuntu/reddit_venv/lib/python3.10/site-packages/airflow/example_dags/example_external_task_marker_dag.py
[2024-02-20T19:17:03.825+0000] {logging_mixin.py:188} INFO - [2024-02-20T19:17:03.825+0000] {dag.py:3036} INFO - Sync 2 DAGs
[2024-02-20T19:17:03.838+0000] {logging_mixin.py:188} INFO - [2024-02-20T19:17:03.838+0000] {dag.py:3823} INFO - Setting next_dagrun for example_external_task_marker_child to None, run_after=None
[2024-02-20T19:17:03.842+0000] {logging_mixin.py:188} INFO - [2024-02-20T19:17:03.842+0000] {dag.py:3823} INFO - Setting next_dagrun for example_external_task_marker_parent to None, run_after=None
[2024-02-20T19:17:03.864+0000] {processor.py:183} INFO - Processing /home/ubuntu/reddit_venv/lib/python3.10/site-packages/airflow/example_dags/example_external_task_marker_dag.py took 0.072 seconds
[2024-02-20T19:18:03.298+0000] {processor.py:161} INFO - Started process (PID=7715) to work on /home/ubuntu/reddit_venv/lib/python3.10/site-packages/airflow/example_dags/example_external_task_marker_dag.py
[2024-02-20T19:18:03.300+0000] {processor.py:830} INFO - Processing file /home/ubuntu/reddit_venv/lib/python3.10/site-packages/airflow/example_dags/example_external_task_marker_dag.py for tasks to queue
[2024-02-20T19:18:03.301+0000] {logging_mixin.py:188} INFO - [2024-02-20T19:18:03.301+0000] {dagbag.py:538} INFO - Filling up the DagBag from /home/ubuntu/reddit_venv/lib/python3.10/site-packages/airflow/example_dags/example_external_task_marker_dag.py
[2024-02-20T19:18:03.308+0000] {processor.py:840} INFO - DAG(s) 'example_external_task_marker_child', 'example_external_task_marker_parent' retrieved from /home/ubuntu/reddit_venv/lib/python3.10/site-packages/airflow/example_dags/example_external_task_marker_dag.py
[2024-02-20T19:18:03.327+0000] {logging_mixin.py:188} INFO - [2024-02-20T19:18:03.326+0000] {dag.py:3036} INFO - Sync 2 DAGs
[2024-02-20T19:18:03.339+0000] {logging_mixin.py:188} INFO - [2024-02-20T19:18:03.339+0000] {dag.py:3823} INFO - Setting next_dagrun for example_external_task_marker_child to None, run_after=None
[2024-02-20T19:18:03.342+0000] {logging_mixin.py:188} INFO - [2024-02-20T19:18:03.342+0000] {dag.py:3823} INFO - Setting next_dagrun for example_external_task_marker_parent to None, run_after=None
[2024-02-20T19:18:03.362+0000] {processor.py:183} INFO - Processing /home/ubuntu/reddit_venv/lib/python3.10/site-packages/airflow/example_dags/example_external_task_marker_dag.py took 0.067 seconds
[2024-02-20T19:19:01.095+0000] {processor.py:161} INFO - Started process (PID=7782) to work on /home/ubuntu/reddit_venv/lib/python3.10/site-packages/airflow/example_dags/example_external_task_marker_dag.py
[2024-02-20T19:19:01.098+0000] {processor.py:830} INFO - Processing file /home/ubuntu/reddit_venv/lib/python3.10/site-packages/airflow/example_dags/example_external_task_marker_dag.py for tasks to queue
[2024-02-20T19:19:01.099+0000] {logging_mixin.py:188} INFO - [2024-02-20T19:19:01.098+0000] {dagbag.py:538} INFO - Filling up the DagBag from /home/ubuntu/reddit_venv/lib/python3.10/site-packages/airflow/example_dags/example_external_task_marker_dag.py
[2024-02-20T19:19:01.105+0000] {processor.py:840} INFO - DAG(s) 'example_external_task_marker_parent', 'example_external_task_marker_child' retrieved from /home/ubuntu/reddit_venv/lib/python3.10/site-packages/airflow/example_dags/example_external_task_marker_dag.py
[2024-02-20T19:19:01.124+0000] {logging_mixin.py:188} INFO - [2024-02-20T19:19:01.124+0000] {dag.py:3036} INFO - Sync 2 DAGs
[2024-02-20T19:19:01.136+0000] {logging_mixin.py:188} INFO - [2024-02-20T19:19:01.136+0000] {dag.py:3823} INFO - Setting next_dagrun for example_external_task_marker_child to None, run_after=None
[2024-02-20T19:19:01.140+0000] {logging_mixin.py:188} INFO - [2024-02-20T19:19:01.139+0000] {dag.py:3823} INFO - Setting next_dagrun for example_external_task_marker_parent to None, run_after=None
[2024-02-20T19:19:01.160+0000] {processor.py:183} INFO - Processing /home/ubuntu/reddit_venv/lib/python3.10/site-packages/airflow/example_dags/example_external_task_marker_dag.py took 0.068 seconds
[2024-02-20T19:19:59.077+0000] {processor.py:161} INFO - Started process (PID=7907) to work on /home/ubuntu/reddit_venv/lib/python3.10/site-packages/airflow/example_dags/example_external_task_marker_dag.py
[2024-02-20T19:19:59.079+0000] {processor.py:830} INFO - Processing file /home/ubuntu/reddit_venv/lib/python3.10/site-packages/airflow/example_dags/example_external_task_marker_dag.py for tasks to queue
[2024-02-20T19:19:59.080+0000] {logging_mixin.py:188} INFO - [2024-02-20T19:19:59.079+0000] {dagbag.py:538} INFO - Filling up the DagBag from /home/ubuntu/reddit_venv/lib/python3.10/site-packages/airflow/example_dags/example_external_task_marker_dag.py
[2024-02-20T19:19:59.086+0000] {processor.py:840} INFO - DAG(s) 'example_external_task_marker_parent', 'example_external_task_marker_child' retrieved from /home/ubuntu/reddit_venv/lib/python3.10/site-packages/airflow/example_dags/example_external_task_marker_dag.py
[2024-02-20T19:19:59.106+0000] {logging_mixin.py:188} INFO - [2024-02-20T19:19:59.105+0000] {dag.py:3036} INFO - Sync 2 DAGs
[2024-02-20T19:19:59.118+0000] {logging_mixin.py:188} INFO - [2024-02-20T19:19:59.118+0000] {dag.py:3823} INFO - Setting next_dagrun for example_external_task_marker_child to None, run_after=None
[2024-02-20T19:19:59.121+0000] {logging_mixin.py:188} INFO - [2024-02-20T19:19:59.121+0000] {dag.py:3823} INFO - Setting next_dagrun for example_external_task_marker_parent to None, run_after=None
[2024-02-20T19:19:59.142+0000] {processor.py:183} INFO - Processing /home/ubuntu/reddit_venv/lib/python3.10/site-packages/airflow/example_dags/example_external_task_marker_dag.py took 0.068 seconds
[2024-02-20T19:20:57.364+0000] {processor.py:161} INFO - Started process (PID=8034) to work on /home/ubuntu/reddit_venv/lib/python3.10/site-packages/airflow/example_dags/example_external_task_marker_dag.py
[2024-02-20T19:20:57.366+0000] {processor.py:830} INFO - Processing file /home/ubuntu/reddit_venv/lib/python3.10/site-packages/airflow/example_dags/example_external_task_marker_dag.py for tasks to queue
[2024-02-20T19:20:57.367+0000] {logging_mixin.py:188} INFO - [2024-02-20T19:20:57.367+0000] {dagbag.py:538} INFO - Filling up the DagBag from /home/ubuntu/reddit_venv/lib/python3.10/site-packages/airflow/example_dags/example_external_task_marker_dag.py
[2024-02-20T19:20:57.374+0000] {processor.py:840} INFO - DAG(s) 'example_external_task_marker_child', 'example_external_task_marker_parent' retrieved from /home/ubuntu/reddit_venv/lib/python3.10/site-packages/airflow/example_dags/example_external_task_marker_dag.py
[2024-02-20T19:20:57.392+0000] {logging_mixin.py:188} INFO - [2024-02-20T19:20:57.392+0000] {dag.py:3036} INFO - Sync 2 DAGs
[2024-02-20T19:20:57.404+0000] {logging_mixin.py:188} INFO - [2024-02-20T19:20:57.404+0000] {dag.py:3823} INFO - Setting next_dagrun for example_external_task_marker_child to None, run_after=None
[2024-02-20T19:20:57.407+0000] {logging_mixin.py:188} INFO - [2024-02-20T19:20:57.407+0000] {dag.py:3823} INFO - Setting next_dagrun for example_external_task_marker_parent to None, run_after=None
[2024-02-20T19:20:57.427+0000] {processor.py:183} INFO - Processing /home/ubuntu/reddit_venv/lib/python3.10/site-packages/airflow/example_dags/example_external_task_marker_dag.py took 0.067 seconds
[2024-02-20T19:21:52.992+0000] {processor.py:161} INFO - Started process (PID=8217) to work on /home/ubuntu/reddit_venv/lib/python3.10/site-packages/airflow/example_dags/example_external_task_marker_dag.py
[2024-02-20T19:21:52.994+0000] {processor.py:830} INFO - Processing file /home/ubuntu/reddit_venv/lib/python3.10/site-packages/airflow/example_dags/example_external_task_marker_dag.py for tasks to queue
[2024-02-20T19:21:52.995+0000] {logging_mixin.py:188} INFO - [2024-02-20T19:21:52.994+0000] {dagbag.py:538} INFO - Filling up the DagBag from /home/ubuntu/reddit_venv/lib/python3.10/site-packages/airflow/example_dags/example_external_task_marker_dag.py
[2024-02-20T19:21:53.001+0000] {processor.py:840} INFO - DAG(s) 'example_external_task_marker_parent', 'example_external_task_marker_child' retrieved from /home/ubuntu/reddit_venv/lib/python3.10/site-packages/airflow/example_dags/example_external_task_marker_dag.py
[2024-02-20T19:21:53.020+0000] {logging_mixin.py:188} INFO - [2024-02-20T19:21:53.020+0000] {dag.py:3036} INFO - Sync 2 DAGs
[2024-02-20T19:21:53.033+0000] {logging_mixin.py:188} INFO - [2024-02-20T19:21:53.032+0000] {dag.py:3823} INFO - Setting next_dagrun for example_external_task_marker_child to None, run_after=None
[2024-02-20T19:21:53.036+0000] {logging_mixin.py:188} INFO - [2024-02-20T19:21:53.036+0000] {dag.py:3823} INFO - Setting next_dagrun for example_external_task_marker_parent to None, run_after=None
[2024-02-20T19:21:53.055+0000] {processor.py:183} INFO - Processing /home/ubuntu/reddit_venv/lib/python3.10/site-packages/airflow/example_dags/example_external_task_marker_dag.py took 0.066 seconds
[2024-02-20T19:22:52.195+0000] {processor.py:161} INFO - Started process (PID=8350) to work on /home/ubuntu/reddit_venv/lib/python3.10/site-packages/airflow/example_dags/example_external_task_marker_dag.py
[2024-02-20T19:22:52.197+0000] {processor.py:830} INFO - Processing file /home/ubuntu/reddit_venv/lib/python3.10/site-packages/airflow/example_dags/example_external_task_marker_dag.py for tasks to queue
[2024-02-20T19:22:52.198+0000] {logging_mixin.py:188} INFO - [2024-02-20T19:22:52.198+0000] {dagbag.py:538} INFO - Filling up the DagBag from /home/ubuntu/reddit_venv/lib/python3.10/site-packages/airflow/example_dags/example_external_task_marker_dag.py
[2024-02-20T19:22:52.205+0000] {processor.py:840} INFO - DAG(s) 'example_external_task_marker_parent', 'example_external_task_marker_child' retrieved from /home/ubuntu/reddit_venv/lib/python3.10/site-packages/airflow/example_dags/example_external_task_marker_dag.py
[2024-02-20T19:22:52.223+0000] {logging_mixin.py:188} INFO - [2024-02-20T19:22:52.223+0000] {dag.py:3036} INFO - Sync 2 DAGs
[2024-02-20T19:22:52.235+0000] {logging_mixin.py:188} INFO - [2024-02-20T19:22:52.234+0000] {dag.py:3823} INFO - Setting next_dagrun for example_external_task_marker_child to None, run_after=None
[2024-02-20T19:22:52.238+0000] {logging_mixin.py:188} INFO - [2024-02-20T19:22:52.238+0000] {dag.py:3823} INFO - Setting next_dagrun for example_external_task_marker_parent to None, run_after=None
[2024-02-20T19:22:52.258+0000] {processor.py:183} INFO - Processing /home/ubuntu/reddit_venv/lib/python3.10/site-packages/airflow/example_dags/example_external_task_marker_dag.py took 0.066 seconds
[2024-02-20T19:23:44.542+0000] {processor.py:161} INFO - Started process (PID=8471) to work on /home/ubuntu/reddit_venv/lib/python3.10/site-packages/airflow/example_dags/example_external_task_marker_dag.py
[2024-02-20T19:23:44.544+0000] {processor.py:830} INFO - Processing file /home/ubuntu/reddit_venv/lib/python3.10/site-packages/airflow/example_dags/example_external_task_marker_dag.py for tasks to queue
[2024-02-20T19:23:44.545+0000] {logging_mixin.py:188} INFO - [2024-02-20T19:23:44.544+0000] {dagbag.py:538} INFO - Filling up the DagBag from /home/ubuntu/reddit_venv/lib/python3.10/site-packages/airflow/example_dags/example_external_task_marker_dag.py
[2024-02-20T19:23:44.551+0000] {processor.py:840} INFO - DAG(s) 'example_external_task_marker_child', 'example_external_task_marker_parent' retrieved from /home/ubuntu/reddit_venv/lib/python3.10/site-packages/airflow/example_dags/example_external_task_marker_dag.py
[2024-02-20T19:23:44.570+0000] {logging_mixin.py:188} INFO - [2024-02-20T19:23:44.569+0000] {dag.py:3036} INFO - Sync 2 DAGs
[2024-02-20T19:23:44.581+0000] {logging_mixin.py:188} INFO - [2024-02-20T19:23:44.581+0000] {dag.py:3823} INFO - Setting next_dagrun for example_external_task_marker_child to None, run_after=None
[2024-02-20T19:23:44.585+0000] {logging_mixin.py:188} INFO - [2024-02-20T19:23:44.585+0000] {dag.py:3823} INFO - Setting next_dagrun for example_external_task_marker_parent to None, run_after=None
[2024-02-20T19:23:44.605+0000] {processor.py:183} INFO - Processing /home/ubuntu/reddit_venv/lib/python3.10/site-packages/airflow/example_dags/example_external_task_marker_dag.py took 0.066 seconds
[2024-02-20T19:24:43.210+0000] {processor.py:161} INFO - Started process (PID=8598) to work on /home/ubuntu/reddit_venv/lib/python3.10/site-packages/airflow/example_dags/example_external_task_marker_dag.py
[2024-02-20T19:24:43.214+0000] {processor.py:830} INFO - Processing file /home/ubuntu/reddit_venv/lib/python3.10/site-packages/airflow/example_dags/example_external_task_marker_dag.py for tasks to queue
[2024-02-20T19:24:43.215+0000] {logging_mixin.py:188} INFO - [2024-02-20T19:24:43.214+0000] {dagbag.py:538} INFO - Filling up the DagBag from /home/ubuntu/reddit_venv/lib/python3.10/site-packages/airflow/example_dags/example_external_task_marker_dag.py
[2024-02-20T19:24:43.221+0000] {processor.py:840} INFO - DAG(s) 'example_external_task_marker_parent', 'example_external_task_marker_child' retrieved from /home/ubuntu/reddit_venv/lib/python3.10/site-packages/airflow/example_dags/example_external_task_marker_dag.py
[2024-02-20T19:24:43.240+0000] {logging_mixin.py:188} INFO - [2024-02-20T19:24:43.240+0000] {dag.py:3036} INFO - Sync 2 DAGs
[2024-02-20T19:24:43.252+0000] {logging_mixin.py:188} INFO - [2024-02-20T19:24:43.252+0000] {dag.py:3823} INFO - Setting next_dagrun for example_external_task_marker_child to None, run_after=None
[2024-02-20T19:24:43.255+0000] {logging_mixin.py:188} INFO - [2024-02-20T19:24:43.255+0000] {dag.py:3823} INFO - Setting next_dagrun for example_external_task_marker_parent to None, run_after=None
[2024-02-20T19:24:43.275+0000] {processor.py:183} INFO - Processing /home/ubuntu/reddit_venv/lib/python3.10/site-packages/airflow/example_dags/example_external_task_marker_dag.py took 0.067 seconds
[2024-02-20T19:25:46.234+0000] {processor.py:161} INFO - Started process (PID=8726) to work on /home/ubuntu/reddit_venv/lib/python3.10/site-packages/airflow/example_dags/example_external_task_marker_dag.py
[2024-02-20T19:25:46.235+0000] {processor.py:830} INFO - Processing file /home/ubuntu/reddit_venv/lib/python3.10/site-packages/airflow/example_dags/example_external_task_marker_dag.py for tasks to queue
[2024-02-20T19:25:46.236+0000] {logging_mixin.py:188} INFO - [2024-02-20T19:25:46.236+0000] {dagbag.py:538} INFO - Filling up the DagBag from /home/ubuntu/reddit_venv/lib/python3.10/site-packages/airflow/example_dags/example_external_task_marker_dag.py
[2024-02-20T19:25:46.243+0000] {processor.py:840} INFO - DAG(s) 'example_external_task_marker_child', 'example_external_task_marker_parent' retrieved from /home/ubuntu/reddit_venv/lib/python3.10/site-packages/airflow/example_dags/example_external_task_marker_dag.py
[2024-02-20T19:25:46.262+0000] {logging_mixin.py:188} INFO - [2024-02-20T19:25:46.261+0000] {dag.py:3036} INFO - Sync 2 DAGs
[2024-02-20T19:25:46.274+0000] {logging_mixin.py:188} INFO - [2024-02-20T19:25:46.274+0000] {dag.py:3823} INFO - Setting next_dagrun for example_external_task_marker_child to None, run_after=None
[2024-02-20T19:25:46.278+0000] {logging_mixin.py:188} INFO - [2024-02-20T19:25:46.278+0000] {dag.py:3823} INFO - Setting next_dagrun for example_external_task_marker_parent to None, run_after=None
[2024-02-20T19:25:46.299+0000] {processor.py:183} INFO - Processing /home/ubuntu/reddit_venv/lib/python3.10/site-packages/airflow/example_dags/example_external_task_marker_dag.py took 0.069 seconds
