[2024-02-20T18:07:07.806+0000] {processor.py:161} INFO - Started process (PID=1978) to work on /home/ubuntu/reddit_venv/lib/python3.10/site-packages/airflow/example_dags/example_latest_only_with_trigger.py
[2024-02-20T18:07:07.807+0000] {processor.py:830} INFO - Processing file /home/ubuntu/reddit_venv/lib/python3.10/site-packages/airflow/example_dags/example_latest_only_with_trigger.py for tasks to queue
[2024-02-20T18:07:07.808+0000] {logging_mixin.py:188} INFO - [2024-02-20T18:07:07.808+0000] {dagbag.py:538} INFO - Filling up the DagBag from /home/ubuntu/reddit_venv/lib/python3.10/site-packages/airflow/example_dags/example_latest_only_with_trigger.py
[2024-02-20T18:07:07.815+0000] {processor.py:840} INFO - DAG(s) 'latest_only_with_trigger' retrieved from /home/ubuntu/reddit_venv/lib/python3.10/site-packages/airflow/example_dags/example_latest_only_with_trigger.py
[2024-02-20T18:07:07.919+0000] {logging_mixin.py:188} INFO - [2024-02-20T18:07:07.919+0000] {dag.py:3036} INFO - Sync 1 DAGs
[2024-02-20T18:07:07.937+0000] {logging_mixin.py:188} INFO - [2024-02-20T18:07:07.937+0000] {dag.py:3823} INFO - Setting next_dagrun for latest_only_with_trigger to 2024-02-20 12:00:00+00:00, run_after=2024-02-20 16:00:00+00:00
[2024-02-20T18:07:07.961+0000] {processor.py:183} INFO - Processing /home/ubuntu/reddit_venv/lib/python3.10/site-packages/airflow/example_dags/example_latest_only_with_trigger.py took 0.158 seconds
[2024-02-20T18:07:59.073+0000] {processor.py:161} INFO - Started process (PID=2275) to work on /home/ubuntu/reddit_venv/lib/python3.10/site-packages/airflow/example_dags/example_latest_only_with_trigger.py
[2024-02-20T18:07:59.075+0000] {processor.py:830} INFO - Processing file /home/ubuntu/reddit_venv/lib/python3.10/site-packages/airflow/example_dags/example_latest_only_with_trigger.py for tasks to queue
[2024-02-20T18:07:59.076+0000] {logging_mixin.py:188} INFO - [2024-02-20T18:07:59.075+0000] {dagbag.py:538} INFO - Filling up the DagBag from /home/ubuntu/reddit_venv/lib/python3.10/site-packages/airflow/example_dags/example_latest_only_with_trigger.py
[2024-02-20T18:07:59.082+0000] {processor.py:840} INFO - DAG(s) 'latest_only_with_trigger' retrieved from /home/ubuntu/reddit_venv/lib/python3.10/site-packages/airflow/example_dags/example_latest_only_with_trigger.py
[2024-02-20T18:07:59.100+0000] {logging_mixin.py:188} INFO - [2024-02-20T18:07:59.099+0000] {dag.py:3036} INFO - Sync 1 DAGs
[2024-02-20T18:07:59.121+0000] {logging_mixin.py:188} INFO - [2024-02-20T18:07:59.121+0000] {dag.py:3823} INFO - Setting next_dagrun for latest_only_with_trigger to 2024-02-20 12:00:00+00:00, run_after=2024-02-20 16:00:00+00:00
[2024-02-20T18:07:59.144+0000] {processor.py:183} INFO - Processing /home/ubuntu/reddit_venv/lib/python3.10/site-packages/airflow/example_dags/example_latest_only_with_trigger.py took 0.074 seconds
[2024-02-20T18:08:55.417+0000] {processor.py:161} INFO - Started process (PID=2648) to work on /home/ubuntu/reddit_venv/lib/python3.10/site-packages/airflow/example_dags/example_latest_only_with_trigger.py
[2024-02-20T18:08:55.418+0000] {processor.py:830} INFO - Processing file /home/ubuntu/reddit_venv/lib/python3.10/site-packages/airflow/example_dags/example_latest_only_with_trigger.py for tasks to queue
[2024-02-20T18:08:55.419+0000] {logging_mixin.py:188} INFO - [2024-02-20T18:08:55.419+0000] {dagbag.py:538} INFO - Filling up the DagBag from /home/ubuntu/reddit_venv/lib/python3.10/site-packages/airflow/example_dags/example_latest_only_with_trigger.py
[2024-02-20T18:08:55.426+0000] {processor.py:840} INFO - DAG(s) 'latest_only_with_trigger' retrieved from /home/ubuntu/reddit_venv/lib/python3.10/site-packages/airflow/example_dags/example_latest_only_with_trigger.py
[2024-02-20T18:08:55.443+0000] {logging_mixin.py:188} INFO - [2024-02-20T18:08:55.443+0000] {dag.py:3036} INFO - Sync 1 DAGs
[2024-02-20T18:08:55.464+0000] {logging_mixin.py:188} INFO - [2024-02-20T18:08:55.464+0000] {dag.py:3823} INFO - Setting next_dagrun for latest_only_with_trigger to 2024-02-20 12:00:00+00:00, run_after=2024-02-20 16:00:00+00:00
[2024-02-20T18:08:55.487+0000] {processor.py:183} INFO - Processing /home/ubuntu/reddit_venv/lib/python3.10/site-packages/airflow/example_dags/example_latest_only_with_trigger.py took 0.073 seconds
[2024-02-20T18:09:55.577+0000] {processor.py:161} INFO - Started process (PID=3084) to work on /home/ubuntu/reddit_venv/lib/python3.10/site-packages/airflow/example_dags/example_latest_only_with_trigger.py
[2024-02-20T18:09:55.578+0000] {processor.py:830} INFO - Processing file /home/ubuntu/reddit_venv/lib/python3.10/site-packages/airflow/example_dags/example_latest_only_with_trigger.py for tasks to queue
[2024-02-20T18:09:55.579+0000] {logging_mixin.py:188} INFO - [2024-02-20T18:09:55.579+0000] {dagbag.py:538} INFO - Filling up the DagBag from /home/ubuntu/reddit_venv/lib/python3.10/site-packages/airflow/example_dags/example_latest_only_with_trigger.py
[2024-02-20T18:09:55.586+0000] {processor.py:840} INFO - DAG(s) 'latest_only_with_trigger' retrieved from /home/ubuntu/reddit_venv/lib/python3.10/site-packages/airflow/example_dags/example_latest_only_with_trigger.py
[2024-02-20T18:09:55.603+0000] {logging_mixin.py:188} INFO - [2024-02-20T18:09:55.603+0000] {dag.py:3036} INFO - Sync 1 DAGs
[2024-02-20T18:09:55.624+0000] {logging_mixin.py:188} INFO - [2024-02-20T18:09:55.624+0000] {dag.py:3823} INFO - Setting next_dagrun for latest_only_with_trigger to 2024-02-20 12:00:00+00:00, run_after=2024-02-20 16:00:00+00:00
[2024-02-20T18:09:55.648+0000] {processor.py:183} INFO - Processing /home/ubuntu/reddit_venv/lib/python3.10/site-packages/airflow/example_dags/example_latest_only_with_trigger.py took 0.075 seconds
[2024-02-20T18:10:51.874+0000] {processor.py:161} INFO - Started process (PID=3207) to work on /home/ubuntu/reddit_venv/lib/python3.10/site-packages/airflow/example_dags/example_latest_only_with_trigger.py
[2024-02-20T18:10:51.875+0000] {processor.py:830} INFO - Processing file /home/ubuntu/reddit_venv/lib/python3.10/site-packages/airflow/example_dags/example_latest_only_with_trigger.py for tasks to queue
[2024-02-20T18:10:51.876+0000] {logging_mixin.py:188} INFO - [2024-02-20T18:10:51.876+0000] {dagbag.py:538} INFO - Filling up the DagBag from /home/ubuntu/reddit_venv/lib/python3.10/site-packages/airflow/example_dags/example_latest_only_with_trigger.py
[2024-02-20T18:10:51.883+0000] {processor.py:840} INFO - DAG(s) 'latest_only_with_trigger' retrieved from /home/ubuntu/reddit_venv/lib/python3.10/site-packages/airflow/example_dags/example_latest_only_with_trigger.py
[2024-02-20T18:10:51.900+0000] {logging_mixin.py:188} INFO - [2024-02-20T18:10:51.900+0000] {dag.py:3036} INFO - Sync 1 DAGs
[2024-02-20T18:10:51.921+0000] {logging_mixin.py:188} INFO - [2024-02-20T18:10:51.921+0000] {dag.py:3823} INFO - Setting next_dagrun for latest_only_with_trigger to 2024-02-20 12:00:00+00:00, run_after=2024-02-20 16:00:00+00:00
[2024-02-20T18:10:51.945+0000] {processor.py:183} INFO - Processing /home/ubuntu/reddit_venv/lib/python3.10/site-packages/airflow/example_dags/example_latest_only_with_trigger.py took 0.074 seconds
[2024-02-20T18:11:49.440+0000] {processor.py:161} INFO - Started process (PID=3712) to work on /home/ubuntu/reddit_venv/lib/python3.10/site-packages/airflow/example_dags/example_latest_only_with_trigger.py
[2024-02-20T18:11:49.443+0000] {processor.py:830} INFO - Processing file /home/ubuntu/reddit_venv/lib/python3.10/site-packages/airflow/example_dags/example_latest_only_with_trigger.py for tasks to queue
[2024-02-20T18:11:49.444+0000] {logging_mixin.py:188} INFO - [2024-02-20T18:11:49.444+0000] {dagbag.py:538} INFO - Filling up the DagBag from /home/ubuntu/reddit_venv/lib/python3.10/site-packages/airflow/example_dags/example_latest_only_with_trigger.py
[2024-02-20T18:11:49.451+0000] {processor.py:840} INFO - DAG(s) 'latest_only_with_trigger' retrieved from /home/ubuntu/reddit_venv/lib/python3.10/site-packages/airflow/example_dags/example_latest_only_with_trigger.py
[2024-02-20T18:11:49.468+0000] {logging_mixin.py:188} INFO - [2024-02-20T18:11:49.468+0000] {dag.py:3036} INFO - Sync 1 DAGs
[2024-02-20T18:11:49.489+0000] {logging_mixin.py:188} INFO - [2024-02-20T18:11:49.489+0000] {dag.py:3823} INFO - Setting next_dagrun for latest_only_with_trigger to 2024-02-20 12:00:00+00:00, run_after=2024-02-20 16:00:00+00:00
[2024-02-20T18:11:49.512+0000] {processor.py:183} INFO - Processing /home/ubuntu/reddit_venv/lib/python3.10/site-packages/airflow/example_dags/example_latest_only_with_trigger.py took 0.075 seconds
[2024-02-20T18:12:50.170+0000] {processor.py:161} INFO - Started process (PID=3846) to work on /home/ubuntu/reddit_venv/lib/python3.10/site-packages/airflow/example_dags/example_latest_only_with_trigger.py
[2024-02-20T18:12:50.172+0000] {processor.py:830} INFO - Processing file /home/ubuntu/reddit_venv/lib/python3.10/site-packages/airflow/example_dags/example_latest_only_with_trigger.py for tasks to queue
[2024-02-20T18:12:50.173+0000] {logging_mixin.py:188} INFO - [2024-02-20T18:12:50.172+0000] {dagbag.py:538} INFO - Filling up the DagBag from /home/ubuntu/reddit_venv/lib/python3.10/site-packages/airflow/example_dags/example_latest_only_with_trigger.py
[2024-02-20T18:12:50.180+0000] {processor.py:840} INFO - DAG(s) 'latest_only_with_trigger' retrieved from /home/ubuntu/reddit_venv/lib/python3.10/site-packages/airflow/example_dags/example_latest_only_with_trigger.py
[2024-02-20T18:12:50.196+0000] {logging_mixin.py:188} INFO - [2024-02-20T18:12:50.196+0000] {dag.py:3036} INFO - Sync 1 DAGs
[2024-02-20T18:12:50.217+0000] {logging_mixin.py:188} INFO - [2024-02-20T18:12:50.217+0000] {dag.py:3823} INFO - Setting next_dagrun for latest_only_with_trigger to 2024-02-20 12:00:00+00:00, run_after=2024-02-20 16:00:00+00:00
[2024-02-20T18:12:50.240+0000] {processor.py:183} INFO - Processing /home/ubuntu/reddit_venv/lib/python3.10/site-packages/airflow/example_dags/example_latest_only_with_trigger.py took 0.073 seconds
[2024-02-20T18:13:45.140+0000] {processor.py:161} INFO - Started process (PID=3968) to work on /home/ubuntu/reddit_venv/lib/python3.10/site-packages/airflow/example_dags/example_latest_only_with_trigger.py
[2024-02-20T18:13:45.142+0000] {processor.py:830} INFO - Processing file /home/ubuntu/reddit_venv/lib/python3.10/site-packages/airflow/example_dags/example_latest_only_with_trigger.py for tasks to queue
[2024-02-20T18:13:45.143+0000] {logging_mixin.py:188} INFO - [2024-02-20T18:13:45.143+0000] {dagbag.py:538} INFO - Filling up the DagBag from /home/ubuntu/reddit_venv/lib/python3.10/site-packages/airflow/example_dags/example_latest_only_with_trigger.py
[2024-02-20T18:13:45.150+0000] {processor.py:840} INFO - DAG(s) 'latest_only_with_trigger' retrieved from /home/ubuntu/reddit_venv/lib/python3.10/site-packages/airflow/example_dags/example_latest_only_with_trigger.py
[2024-02-20T18:13:45.167+0000] {logging_mixin.py:188} INFO - [2024-02-20T18:13:45.166+0000] {dag.py:3036} INFO - Sync 1 DAGs
[2024-02-20T18:13:45.187+0000] {logging_mixin.py:188} INFO - [2024-02-20T18:13:45.187+0000] {dag.py:3823} INFO - Setting next_dagrun for latest_only_with_trigger to 2024-02-20 12:00:00+00:00, run_after=2024-02-20 16:00:00+00:00
[2024-02-20T18:13:45.209+0000] {processor.py:183} INFO - Processing /home/ubuntu/reddit_venv/lib/python3.10/site-packages/airflow/example_dags/example_latest_only_with_trigger.py took 0.072 seconds
[2024-02-20T18:14:41.728+0000] {processor.py:161} INFO - Started process (PID=4095) to work on /home/ubuntu/reddit_venv/lib/python3.10/site-packages/airflow/example_dags/example_latest_only_with_trigger.py
[2024-02-20T18:14:41.731+0000] {processor.py:830} INFO - Processing file /home/ubuntu/reddit_venv/lib/python3.10/site-packages/airflow/example_dags/example_latest_only_with_trigger.py for tasks to queue
[2024-02-20T18:14:41.732+0000] {logging_mixin.py:188} INFO - [2024-02-20T18:14:41.732+0000] {dagbag.py:538} INFO - Filling up the DagBag from /home/ubuntu/reddit_venv/lib/python3.10/site-packages/airflow/example_dags/example_latest_only_with_trigger.py
[2024-02-20T18:14:41.740+0000] {processor.py:840} INFO - DAG(s) 'latest_only_with_trigger' retrieved from /home/ubuntu/reddit_venv/lib/python3.10/site-packages/airflow/example_dags/example_latest_only_with_trigger.py
[2024-02-20T18:14:41.757+0000] {logging_mixin.py:188} INFO - [2024-02-20T18:14:41.756+0000] {dag.py:3036} INFO - Sync 1 DAGs
[2024-02-20T18:14:41.777+0000] {logging_mixin.py:188} INFO - [2024-02-20T18:14:41.777+0000] {dag.py:3823} INFO - Setting next_dagrun for latest_only_with_trigger to 2024-02-20 12:00:00+00:00, run_after=2024-02-20 16:00:00+00:00
[2024-02-20T18:14:41.800+0000] {processor.py:183} INFO - Processing /home/ubuntu/reddit_venv/lib/python3.10/site-packages/airflow/example_dags/example_latest_only_with_trigger.py took 0.076 seconds
[2024-02-20T18:15:39.096+0000] {processor.py:161} INFO - Started process (PID=4220) to work on /home/ubuntu/reddit_venv/lib/python3.10/site-packages/airflow/example_dags/example_latest_only_with_trigger.py
[2024-02-20T18:15:39.098+0000] {processor.py:830} INFO - Processing file /home/ubuntu/reddit_venv/lib/python3.10/site-packages/airflow/example_dags/example_latest_only_with_trigger.py for tasks to queue
[2024-02-20T18:15:39.099+0000] {logging_mixin.py:188} INFO - [2024-02-20T18:15:39.098+0000] {dagbag.py:538} INFO - Filling up the DagBag from /home/ubuntu/reddit_venv/lib/python3.10/site-packages/airflow/example_dags/example_latest_only_with_trigger.py
[2024-02-20T18:15:39.105+0000] {processor.py:840} INFO - DAG(s) 'latest_only_with_trigger' retrieved from /home/ubuntu/reddit_venv/lib/python3.10/site-packages/airflow/example_dags/example_latest_only_with_trigger.py
[2024-02-20T18:15:39.122+0000] {logging_mixin.py:188} INFO - [2024-02-20T18:15:39.122+0000] {dag.py:3036} INFO - Sync 1 DAGs
[2024-02-20T18:15:39.143+0000] {logging_mixin.py:188} INFO - [2024-02-20T18:15:39.143+0000] {dag.py:3823} INFO - Setting next_dagrun for latest_only_with_trigger to 2024-02-20 12:00:00+00:00, run_after=2024-02-20 16:00:00+00:00
[2024-02-20T18:15:39.165+0000] {processor.py:183} INFO - Processing /home/ubuntu/reddit_venv/lib/python3.10/site-packages/airflow/example_dags/example_latest_only_with_trigger.py took 0.073 seconds
[2024-02-20T18:16:37.076+0000] {processor.py:161} INFO - Started process (PID=4412) to work on /home/ubuntu/reddit_venv/lib/python3.10/site-packages/airflow/example_dags/example_latest_only_with_trigger.py
[2024-02-20T18:16:37.077+0000] {processor.py:830} INFO - Processing file /home/ubuntu/reddit_venv/lib/python3.10/site-packages/airflow/example_dags/example_latest_only_with_trigger.py for tasks to queue
[2024-02-20T18:16:37.078+0000] {logging_mixin.py:188} INFO - [2024-02-20T18:16:37.078+0000] {dagbag.py:538} INFO - Filling up the DagBag from /home/ubuntu/reddit_venv/lib/python3.10/site-packages/airflow/example_dags/example_latest_only_with_trigger.py
[2024-02-20T18:16:37.085+0000] {processor.py:840} INFO - DAG(s) 'latest_only_with_trigger' retrieved from /home/ubuntu/reddit_venv/lib/python3.10/site-packages/airflow/example_dags/example_latest_only_with_trigger.py
[2024-02-20T18:16:37.102+0000] {logging_mixin.py:188} INFO - [2024-02-20T18:16:37.102+0000] {dag.py:3036} INFO - Sync 1 DAGs
[2024-02-20T18:16:37.122+0000] {logging_mixin.py:188} INFO - [2024-02-20T18:16:37.122+0000] {dag.py:3823} INFO - Setting next_dagrun for latest_only_with_trigger to 2024-02-20 12:00:00+00:00, run_after=2024-02-20 16:00:00+00:00
[2024-02-20T18:16:37.145+0000] {processor.py:183} INFO - Processing /home/ubuntu/reddit_venv/lib/python3.10/site-packages/airflow/example_dags/example_latest_only_with_trigger.py took 0.073 seconds
[2024-02-20T18:17:35.460+0000] {processor.py:161} INFO - Started process (PID=4539) to work on /home/ubuntu/reddit_venv/lib/python3.10/site-packages/airflow/example_dags/example_latest_only_with_trigger.py
[2024-02-20T18:17:35.461+0000] {processor.py:830} INFO - Processing file /home/ubuntu/reddit_venv/lib/python3.10/site-packages/airflow/example_dags/example_latest_only_with_trigger.py for tasks to queue
[2024-02-20T18:17:35.462+0000] {logging_mixin.py:188} INFO - [2024-02-20T18:17:35.462+0000] {dagbag.py:538} INFO - Filling up the DagBag from /home/ubuntu/reddit_venv/lib/python3.10/site-packages/airflow/example_dags/example_latest_only_with_trigger.py
[2024-02-20T18:17:35.469+0000] {processor.py:840} INFO - DAG(s) 'latest_only_with_trigger' retrieved from /home/ubuntu/reddit_venv/lib/python3.10/site-packages/airflow/example_dags/example_latest_only_with_trigger.py
[2024-02-20T18:17:35.486+0000] {logging_mixin.py:188} INFO - [2024-02-20T18:17:35.486+0000] {dag.py:3036} INFO - Sync 1 DAGs
[2024-02-20T18:17:35.506+0000] {logging_mixin.py:188} INFO - [2024-02-20T18:17:35.506+0000] {dag.py:3823} INFO - Setting next_dagrun for latest_only_with_trigger to 2024-02-20 12:00:00+00:00, run_after=2024-02-20 16:00:00+00:00
[2024-02-20T18:17:35.529+0000] {processor.py:183} INFO - Processing /home/ubuntu/reddit_venv/lib/python3.10/site-packages/airflow/example_dags/example_latest_only_with_trigger.py took 0.072 seconds
[2024-02-20T18:18:33.398+0000] {processor.py:161} INFO - Started process (PID=4667) to work on /home/ubuntu/reddit_venv/lib/python3.10/site-packages/airflow/example_dags/example_latest_only_with_trigger.py
[2024-02-20T18:18:33.399+0000] {processor.py:830} INFO - Processing file /home/ubuntu/reddit_venv/lib/python3.10/site-packages/airflow/example_dags/example_latest_only_with_trigger.py for tasks to queue
[2024-02-20T18:18:33.400+0000] {logging_mixin.py:188} INFO - [2024-02-20T18:18:33.400+0000] {dagbag.py:538} INFO - Filling up the DagBag from /home/ubuntu/reddit_venv/lib/python3.10/site-packages/airflow/example_dags/example_latest_only_with_trigger.py
[2024-02-20T18:18:33.407+0000] {processor.py:840} INFO - DAG(s) 'latest_only_with_trigger' retrieved from /home/ubuntu/reddit_venv/lib/python3.10/site-packages/airflow/example_dags/example_latest_only_with_trigger.py
[2024-02-20T18:18:33.424+0000] {logging_mixin.py:188} INFO - [2024-02-20T18:18:33.424+0000] {dag.py:3036} INFO - Sync 1 DAGs
[2024-02-20T18:18:33.446+0000] {logging_mixin.py:188} INFO - [2024-02-20T18:18:33.445+0000] {dag.py:3823} INFO - Setting next_dagrun for latest_only_with_trigger to 2024-02-20 12:00:00+00:00, run_after=2024-02-20 16:00:00+00:00
[2024-02-20T18:18:33.468+0000] {processor.py:183} INFO - Processing /home/ubuntu/reddit_venv/lib/python3.10/site-packages/airflow/example_dags/example_latest_only_with_trigger.py took 0.074 seconds
[2024-02-20T18:19:34.446+0000] {processor.py:161} INFO - Started process (PID=4860) to work on /home/ubuntu/reddit_venv/lib/python3.10/site-packages/airflow/example_dags/example_latest_only_with_trigger.py
[2024-02-20T18:19:34.447+0000] {processor.py:830} INFO - Processing file /home/ubuntu/reddit_venv/lib/python3.10/site-packages/airflow/example_dags/example_latest_only_with_trigger.py for tasks to queue
[2024-02-20T18:19:34.448+0000] {logging_mixin.py:188} INFO - [2024-02-20T18:19:34.448+0000] {dagbag.py:538} INFO - Filling up the DagBag from /home/ubuntu/reddit_venv/lib/python3.10/site-packages/airflow/example_dags/example_latest_only_with_trigger.py
[2024-02-20T18:19:34.455+0000] {processor.py:840} INFO - DAG(s) 'latest_only_with_trigger' retrieved from /home/ubuntu/reddit_venv/lib/python3.10/site-packages/airflow/example_dags/example_latest_only_with_trigger.py
[2024-02-20T18:19:34.472+0000] {logging_mixin.py:188} INFO - [2024-02-20T18:19:34.472+0000] {dag.py:3036} INFO - Sync 1 DAGs
[2024-02-20T18:19:34.493+0000] {logging_mixin.py:188} INFO - [2024-02-20T18:19:34.493+0000] {dag.py:3823} INFO - Setting next_dagrun for latest_only_with_trigger to 2024-02-20 12:00:00+00:00, run_after=2024-02-20 16:00:00+00:00
[2024-02-20T18:19:34.516+0000] {processor.py:183} INFO - Processing /home/ubuntu/reddit_venv/lib/python3.10/site-packages/airflow/example_dags/example_latest_only_with_trigger.py took 0.074 seconds
[2024-02-20T18:20:28.385+0000] {processor.py:161} INFO - Started process (PID=4986) to work on /home/ubuntu/reddit_venv/lib/python3.10/site-packages/airflow/example_dags/example_latest_only_with_trigger.py
[2024-02-20T18:20:28.387+0000] {processor.py:830} INFO - Processing file /home/ubuntu/reddit_venv/lib/python3.10/site-packages/airflow/example_dags/example_latest_only_with_trigger.py for tasks to queue
[2024-02-20T18:20:28.388+0000] {logging_mixin.py:188} INFO - [2024-02-20T18:20:28.388+0000] {dagbag.py:538} INFO - Filling up the DagBag from /home/ubuntu/reddit_venv/lib/python3.10/site-packages/airflow/example_dags/example_latest_only_with_trigger.py
[2024-02-20T18:20:28.395+0000] {processor.py:840} INFO - DAG(s) 'latest_only_with_trigger' retrieved from /home/ubuntu/reddit_venv/lib/python3.10/site-packages/airflow/example_dags/example_latest_only_with_trigger.py
[2024-02-20T18:20:28.412+0000] {logging_mixin.py:188} INFO - [2024-02-20T18:20:28.412+0000] {dag.py:3036} INFO - Sync 1 DAGs
[2024-02-20T18:20:28.434+0000] {logging_mixin.py:188} INFO - [2024-02-20T18:20:28.434+0000] {dag.py:3823} INFO - Setting next_dagrun for latest_only_with_trigger to 2024-02-20 12:00:00+00:00, run_after=2024-02-20 16:00:00+00:00
[2024-02-20T18:20:28.462+0000] {processor.py:183} INFO - Processing /home/ubuntu/reddit_venv/lib/python3.10/site-packages/airflow/example_dags/example_latest_only_with_trigger.py took 0.080 seconds
[2024-02-20T18:21:27.001+0000] {processor.py:161} INFO - Started process (PID=5075) to work on /home/ubuntu/reddit_venv/lib/python3.10/site-packages/airflow/example_dags/example_latest_only_with_trigger.py
[2024-02-20T18:21:27.003+0000] {processor.py:830} INFO - Processing file /home/ubuntu/reddit_venv/lib/python3.10/site-packages/airflow/example_dags/example_latest_only_with_trigger.py for tasks to queue
[2024-02-20T18:21:27.003+0000] {logging_mixin.py:188} INFO - [2024-02-20T18:21:27.003+0000] {dagbag.py:538} INFO - Filling up the DagBag from /home/ubuntu/reddit_venv/lib/python3.10/site-packages/airflow/example_dags/example_latest_only_with_trigger.py
[2024-02-20T18:21:27.010+0000] {processor.py:840} INFO - DAG(s) 'latest_only_with_trigger' retrieved from /home/ubuntu/reddit_venv/lib/python3.10/site-packages/airflow/example_dags/example_latest_only_with_trigger.py
[2024-02-20T18:21:27.028+0000] {logging_mixin.py:188} INFO - [2024-02-20T18:21:27.027+0000] {dag.py:3036} INFO - Sync 1 DAGs
[2024-02-20T18:21:27.049+0000] {logging_mixin.py:188} INFO - [2024-02-20T18:21:27.049+0000] {dag.py:3823} INFO - Setting next_dagrun for latest_only_with_trigger to 2024-02-20 12:00:00+00:00, run_after=2024-02-20 16:00:00+00:00
[2024-02-20T18:21:27.087+0000] {processor.py:183} INFO - Processing /home/ubuntu/reddit_venv/lib/python3.10/site-packages/airflow/example_dags/example_latest_only_with_trigger.py took 0.089 seconds
[2024-02-20T18:51:31.129+0000] {processor.py:161} INFO - Started process (PID=1733) to work on /home/ubuntu/reddit_venv/lib/python3.10/site-packages/airflow/example_dags/example_latest_only_with_trigger.py
[2024-02-20T18:51:31.133+0000] {processor.py:830} INFO - Processing file /home/ubuntu/reddit_venv/lib/python3.10/site-packages/airflow/example_dags/example_latest_only_with_trigger.py for tasks to queue
[2024-02-20T18:51:31.134+0000] {logging_mixin.py:188} INFO - [2024-02-20T18:51:31.134+0000] {dagbag.py:538} INFO - Filling up the DagBag from /home/ubuntu/reddit_venv/lib/python3.10/site-packages/airflow/example_dags/example_latest_only_with_trigger.py
[2024-02-20T18:51:31.141+0000] {processor.py:840} INFO - DAG(s) 'latest_only_with_trigger' retrieved from /home/ubuntu/reddit_venv/lib/python3.10/site-packages/airflow/example_dags/example_latest_only_with_trigger.py
[2024-02-20T18:51:31.243+0000] {logging_mixin.py:188} INFO - [2024-02-20T18:51:31.243+0000] {dag.py:3036} INFO - Sync 1 DAGs
[2024-02-20T18:51:31.262+0000] {logging_mixin.py:188} INFO - [2024-02-20T18:51:31.261+0000] {dag.py:3823} INFO - Setting next_dagrun for latest_only_with_trigger to 2024-02-20 12:00:00+00:00, run_after=2024-02-20 16:00:00+00:00
[2024-02-20T18:51:31.284+0000] {processor.py:183} INFO - Processing /home/ubuntu/reddit_venv/lib/python3.10/site-packages/airflow/example_dags/example_latest_only_with_trigger.py took 0.158 seconds
[2024-02-20T18:52:23.937+0000] {processor.py:161} INFO - Started process (PID=1968) to work on /home/ubuntu/reddit_venv/lib/python3.10/site-packages/airflow/example_dags/example_latest_only_with_trigger.py
[2024-02-20T18:52:23.938+0000] {processor.py:830} INFO - Processing file /home/ubuntu/reddit_venv/lib/python3.10/site-packages/airflow/example_dags/example_latest_only_with_trigger.py for tasks to queue
[2024-02-20T18:52:23.939+0000] {logging_mixin.py:188} INFO - [2024-02-20T18:52:23.939+0000] {dagbag.py:538} INFO - Filling up the DagBag from /home/ubuntu/reddit_venv/lib/python3.10/site-packages/airflow/example_dags/example_latest_only_with_trigger.py
[2024-02-20T18:52:23.946+0000] {processor.py:840} INFO - DAG(s) 'latest_only_with_trigger' retrieved from /home/ubuntu/reddit_venv/lib/python3.10/site-packages/airflow/example_dags/example_latest_only_with_trigger.py
[2024-02-20T18:52:23.962+0000] {logging_mixin.py:188} INFO - [2024-02-20T18:52:23.962+0000] {dag.py:3036} INFO - Sync 1 DAGs
[2024-02-20T18:52:23.983+0000] {logging_mixin.py:188} INFO - [2024-02-20T18:52:23.983+0000] {dag.py:3823} INFO - Setting next_dagrun for latest_only_with_trigger to 2024-02-20 12:00:00+00:00, run_after=2024-02-20 16:00:00+00:00
[2024-02-20T18:52:24.012+0000] {processor.py:183} INFO - Processing /home/ubuntu/reddit_venv/lib/python3.10/site-packages/airflow/example_dags/example_latest_only_with_trigger.py took 0.078 seconds
[2024-02-20T18:53:22.215+0000] {processor.py:161} INFO - Started process (PID=2344) to work on /home/ubuntu/reddit_venv/lib/python3.10/site-packages/airflow/example_dags/example_latest_only_with_trigger.py
[2024-02-20T18:53:22.217+0000] {processor.py:830} INFO - Processing file /home/ubuntu/reddit_venv/lib/python3.10/site-packages/airflow/example_dags/example_latest_only_with_trigger.py for tasks to queue
[2024-02-20T18:53:22.218+0000] {logging_mixin.py:188} INFO - [2024-02-20T18:53:22.217+0000] {dagbag.py:538} INFO - Filling up the DagBag from /home/ubuntu/reddit_venv/lib/python3.10/site-packages/airflow/example_dags/example_latest_only_with_trigger.py
[2024-02-20T18:53:22.224+0000] {processor.py:840} INFO - DAG(s) 'latest_only_with_trigger' retrieved from /home/ubuntu/reddit_venv/lib/python3.10/site-packages/airflow/example_dags/example_latest_only_with_trigger.py
[2024-02-20T18:53:22.240+0000] {logging_mixin.py:188} INFO - [2024-02-20T18:53:22.240+0000] {dag.py:3036} INFO - Sync 1 DAGs
[2024-02-20T18:53:22.261+0000] {logging_mixin.py:188} INFO - [2024-02-20T18:53:22.261+0000] {dag.py:3823} INFO - Setting next_dagrun for latest_only_with_trigger to 2024-02-20 12:00:00+00:00, run_after=2024-02-20 16:00:00+00:00
[2024-02-20T18:53:22.283+0000] {processor.py:183} INFO - Processing /home/ubuntu/reddit_venv/lib/python3.10/site-packages/airflow/example_dags/example_latest_only_with_trigger.py took 0.071 seconds
[2024-02-20T18:54:20.201+0000] {processor.py:161} INFO - Started process (PID=2470) to work on /home/ubuntu/reddit_venv/lib/python3.10/site-packages/airflow/example_dags/example_latest_only_with_trigger.py
[2024-02-20T18:54:20.203+0000] {processor.py:830} INFO - Processing file /home/ubuntu/reddit_venv/lib/python3.10/site-packages/airflow/example_dags/example_latest_only_with_trigger.py for tasks to queue
[2024-02-20T18:54:20.204+0000] {logging_mixin.py:188} INFO - [2024-02-20T18:54:20.203+0000] {dagbag.py:538} INFO - Filling up the DagBag from /home/ubuntu/reddit_venv/lib/python3.10/site-packages/airflow/example_dags/example_latest_only_with_trigger.py
[2024-02-20T18:54:20.211+0000] {processor.py:840} INFO - DAG(s) 'latest_only_with_trigger' retrieved from /home/ubuntu/reddit_venv/lib/python3.10/site-packages/airflow/example_dags/example_latest_only_with_trigger.py
[2024-02-20T18:54:20.227+0000] {logging_mixin.py:188} INFO - [2024-02-20T18:54:20.227+0000] {dag.py:3036} INFO - Sync 1 DAGs
[2024-02-20T18:54:20.248+0000] {logging_mixin.py:188} INFO - [2024-02-20T18:54:20.248+0000] {dag.py:3823} INFO - Setting next_dagrun for latest_only_with_trigger to 2024-02-20 12:00:00+00:00, run_after=2024-02-20 16:00:00+00:00
[2024-02-20T18:54:20.271+0000] {processor.py:183} INFO - Processing /home/ubuntu/reddit_venv/lib/python3.10/site-packages/airflow/example_dags/example_latest_only_with_trigger.py took 0.073 seconds
[2024-02-20T18:55:08.839+0000] {processor.py:161} INFO - Started process (PID=2592) to work on /home/ubuntu/reddit_venv/lib/python3.10/site-packages/airflow/example_dags/example_latest_only_with_trigger.py
[2024-02-20T18:55:08.840+0000] {processor.py:830} INFO - Processing file /home/ubuntu/reddit_venv/lib/python3.10/site-packages/airflow/example_dags/example_latest_only_with_trigger.py for tasks to queue
[2024-02-20T18:55:08.841+0000] {logging_mixin.py:188} INFO - [2024-02-20T18:55:08.841+0000] {dagbag.py:538} INFO - Filling up the DagBag from /home/ubuntu/reddit_venv/lib/python3.10/site-packages/airflow/example_dags/example_latest_only_with_trigger.py
[2024-02-20T18:55:08.848+0000] {processor.py:840} INFO - DAG(s) 'latest_only_with_trigger' retrieved from /home/ubuntu/reddit_venv/lib/python3.10/site-packages/airflow/example_dags/example_latest_only_with_trigger.py
[2024-02-20T18:55:08.864+0000] {logging_mixin.py:188} INFO - [2024-02-20T18:55:08.864+0000] {dag.py:3036} INFO - Sync 1 DAGs
[2024-02-20T18:55:08.884+0000] {logging_mixin.py:188} INFO - [2024-02-20T18:55:08.884+0000] {dag.py:3823} INFO - Setting next_dagrun for latest_only_with_trigger to 2024-02-20 12:00:00+00:00, run_after=2024-02-20 16:00:00+00:00
[2024-02-20T18:55:08.906+0000] {processor.py:183} INFO - Processing /home/ubuntu/reddit_venv/lib/python3.10/site-packages/airflow/example_dags/example_latest_only_with_trigger.py took 0.070 seconds
[2024-02-20T18:56:05.732+0000] {processor.py:161} INFO - Started process (PID=2744) to work on /home/ubuntu/reddit_venv/lib/python3.10/site-packages/airflow/example_dags/example_latest_only_with_trigger.py
[2024-02-20T18:56:05.733+0000] {processor.py:830} INFO - Processing file /home/ubuntu/reddit_venv/lib/python3.10/site-packages/airflow/example_dags/example_latest_only_with_trigger.py for tasks to queue
[2024-02-20T18:56:05.734+0000] {logging_mixin.py:188} INFO - [2024-02-20T18:56:05.734+0000] {dagbag.py:538} INFO - Filling up the DagBag from /home/ubuntu/reddit_venv/lib/python3.10/site-packages/airflow/example_dags/example_latest_only_with_trigger.py
[2024-02-20T18:56:05.741+0000] {processor.py:840} INFO - DAG(s) 'latest_only_with_trigger' retrieved from /home/ubuntu/reddit_venv/lib/python3.10/site-packages/airflow/example_dags/example_latest_only_with_trigger.py
[2024-02-20T18:56:05.758+0000] {logging_mixin.py:188} INFO - [2024-02-20T18:56:05.758+0000] {dag.py:3036} INFO - Sync 1 DAGs
[2024-02-20T18:56:05.781+0000] {logging_mixin.py:188} INFO - [2024-02-20T18:56:05.780+0000] {dag.py:3823} INFO - Setting next_dagrun for latest_only_with_trigger to 2024-02-20 12:00:00+00:00, run_after=2024-02-20 16:00:00+00:00
[2024-02-20T18:56:05.803+0000] {processor.py:183} INFO - Processing /home/ubuntu/reddit_venv/lib/python3.10/site-packages/airflow/example_dags/example_latest_only_with_trigger.py took 0.075 seconds
[2024-02-20T18:57:07.022+0000] {processor.py:161} INFO - Started process (PID=2908) to work on /home/ubuntu/reddit_venv/lib/python3.10/site-packages/airflow/example_dags/example_latest_only_with_trigger.py
[2024-02-20T18:57:07.026+0000] {processor.py:830} INFO - Processing file /home/ubuntu/reddit_venv/lib/python3.10/site-packages/airflow/example_dags/example_latest_only_with_trigger.py for tasks to queue
[2024-02-20T18:57:07.027+0000] {logging_mixin.py:188} INFO - [2024-02-20T18:57:07.026+0000] {dagbag.py:538} INFO - Filling up the DagBag from /home/ubuntu/reddit_venv/lib/python3.10/site-packages/airflow/example_dags/example_latest_only_with_trigger.py
[2024-02-20T18:57:07.033+0000] {processor.py:840} INFO - DAG(s) 'latest_only_with_trigger' retrieved from /home/ubuntu/reddit_venv/lib/python3.10/site-packages/airflow/example_dags/example_latest_only_with_trigger.py
[2024-02-20T18:57:07.050+0000] {logging_mixin.py:188} INFO - [2024-02-20T18:57:07.050+0000] {dag.py:3036} INFO - Sync 1 DAGs
[2024-02-20T18:57:07.070+0000] {logging_mixin.py:188} INFO - [2024-02-20T18:57:07.070+0000] {dag.py:3823} INFO - Setting next_dagrun for latest_only_with_trigger to 2024-02-20 12:00:00+00:00, run_after=2024-02-20 16:00:00+00:00
[2024-02-20T18:57:07.091+0000] {processor.py:183} INFO - Processing /home/ubuntu/reddit_venv/lib/python3.10/site-packages/airflow/example_dags/example_latest_only_with_trigger.py took 0.072 seconds
[2024-02-20T18:58:01.393+0000] {processor.py:161} INFO - Started process (PID=3403) to work on /home/ubuntu/reddit_venv/lib/python3.10/site-packages/airflow/example_dags/example_latest_only_with_trigger.py
[2024-02-20T18:58:01.395+0000] {processor.py:830} INFO - Processing file /home/ubuntu/reddit_venv/lib/python3.10/site-packages/airflow/example_dags/example_latest_only_with_trigger.py for tasks to queue
[2024-02-20T18:58:01.396+0000] {logging_mixin.py:188} INFO - [2024-02-20T18:58:01.395+0000] {dagbag.py:538} INFO - Filling up the DagBag from /home/ubuntu/reddit_venv/lib/python3.10/site-packages/airflow/example_dags/example_latest_only_with_trigger.py
[2024-02-20T18:58:01.402+0000] {processor.py:840} INFO - DAG(s) 'latest_only_with_trigger' retrieved from /home/ubuntu/reddit_venv/lib/python3.10/site-packages/airflow/example_dags/example_latest_only_with_trigger.py
[2024-02-20T18:58:01.419+0000] {logging_mixin.py:188} INFO - [2024-02-20T18:58:01.418+0000] {dag.py:3036} INFO - Sync 1 DAGs
[2024-02-20T18:58:01.439+0000] {logging_mixin.py:188} INFO - [2024-02-20T18:58:01.439+0000] {dag.py:3823} INFO - Setting next_dagrun for latest_only_with_trigger to 2024-02-20 12:00:00+00:00, run_after=2024-02-20 16:00:00+00:00
[2024-02-20T18:58:01.460+0000] {processor.py:183} INFO - Processing /home/ubuntu/reddit_venv/lib/python3.10/site-packages/airflow/example_dags/example_latest_only_with_trigger.py took 0.070 seconds
[2024-02-20T18:59:00.390+0000] {processor.py:161} INFO - Started process (PID=3497) to work on /home/ubuntu/reddit_venv/lib/python3.10/site-packages/airflow/example_dags/example_latest_only_with_trigger.py
[2024-02-20T18:59:00.391+0000] {processor.py:830} INFO - Processing file /home/ubuntu/reddit_venv/lib/python3.10/site-packages/airflow/example_dags/example_latest_only_with_trigger.py for tasks to queue
[2024-02-20T18:59:00.392+0000] {logging_mixin.py:188} INFO - [2024-02-20T18:59:00.392+0000] {dagbag.py:538} INFO - Filling up the DagBag from /home/ubuntu/reddit_venv/lib/python3.10/site-packages/airflow/example_dags/example_latest_only_with_trigger.py
[2024-02-20T18:59:00.399+0000] {processor.py:840} INFO - DAG(s) 'latest_only_with_trigger' retrieved from /home/ubuntu/reddit_venv/lib/python3.10/site-packages/airflow/example_dags/example_latest_only_with_trigger.py
[2024-02-20T18:59:00.415+0000] {logging_mixin.py:188} INFO - [2024-02-20T18:59:00.415+0000] {dag.py:3036} INFO - Sync 1 DAGs
[2024-02-20T18:59:00.436+0000] {logging_mixin.py:188} INFO - [2024-02-20T18:59:00.436+0000] {dag.py:3823} INFO - Setting next_dagrun for latest_only_with_trigger to 2024-02-20 12:00:00+00:00, run_after=2024-02-20 16:00:00+00:00
[2024-02-20T18:59:00.458+0000] {processor.py:183} INFO - Processing /home/ubuntu/reddit_venv/lib/python3.10/site-packages/airflow/example_dags/example_latest_only_with_trigger.py took 0.072 seconds
[2024-02-20T18:59:53.551+0000] {processor.py:161} INFO - Started process (PID=3597) to work on /home/ubuntu/reddit_venv/lib/python3.10/site-packages/airflow/example_dags/example_latest_only_with_trigger.py
[2024-02-20T18:59:53.553+0000] {processor.py:830} INFO - Processing file /home/ubuntu/reddit_venv/lib/python3.10/site-packages/airflow/example_dags/example_latest_only_with_trigger.py for tasks to queue
[2024-02-20T18:59:53.554+0000] {logging_mixin.py:188} INFO - [2024-02-20T18:59:53.554+0000] {dagbag.py:538} INFO - Filling up the DagBag from /home/ubuntu/reddit_venv/lib/python3.10/site-packages/airflow/example_dags/example_latest_only_with_trigger.py
[2024-02-20T18:59:53.561+0000] {processor.py:840} INFO - DAG(s) 'latest_only_with_trigger' retrieved from /home/ubuntu/reddit_venv/lib/python3.10/site-packages/airflow/example_dags/example_latest_only_with_trigger.py
[2024-02-20T18:59:53.577+0000] {logging_mixin.py:188} INFO - [2024-02-20T18:59:53.577+0000] {dag.py:3036} INFO - Sync 1 DAGs
[2024-02-20T18:59:53.597+0000] {logging_mixin.py:188} INFO - [2024-02-20T18:59:53.597+0000] {dag.py:3823} INFO - Setting next_dagrun for latest_only_with_trigger to 2024-02-20 12:00:00+00:00, run_after=2024-02-20 16:00:00+00:00
[2024-02-20T18:59:53.620+0000] {processor.py:183} INFO - Processing /home/ubuntu/reddit_venv/lib/python3.10/site-packages/airflow/example_dags/example_latest_only_with_trigger.py took 0.072 seconds
[2024-02-20T19:01:01.366+0000] {processor.py:161} INFO - Started process (PID=4223) to work on /home/ubuntu/reddit_venv/lib/python3.10/site-packages/airflow/example_dags/example_latest_only_with_trigger.py
[2024-02-20T19:01:01.367+0000] {processor.py:830} INFO - Processing file /home/ubuntu/reddit_venv/lib/python3.10/site-packages/airflow/example_dags/example_latest_only_with_trigger.py for tasks to queue
[2024-02-20T19:01:01.368+0000] {logging_mixin.py:188} INFO - [2024-02-20T19:01:01.368+0000] {dagbag.py:538} INFO - Filling up the DagBag from /home/ubuntu/reddit_venv/lib/python3.10/site-packages/airflow/example_dags/example_latest_only_with_trigger.py
[2024-02-20T19:01:01.375+0000] {processor.py:840} INFO - DAG(s) 'latest_only_with_trigger' retrieved from /home/ubuntu/reddit_venv/lib/python3.10/site-packages/airflow/example_dags/example_latest_only_with_trigger.py
[2024-02-20T19:01:01.392+0000] {logging_mixin.py:188} INFO - [2024-02-20T19:01:01.391+0000] {dag.py:3036} INFO - Sync 1 DAGs
[2024-02-20T19:01:01.412+0000] {logging_mixin.py:188} INFO - [2024-02-20T19:01:01.412+0000] {dag.py:3823} INFO - Setting next_dagrun for latest_only_with_trigger to 2024-02-20 12:00:00+00:00, run_after=2024-02-20 16:00:00+00:00
[2024-02-20T19:01:01.434+0000] {processor.py:183} INFO - Processing /home/ubuntu/reddit_venv/lib/python3.10/site-packages/airflow/example_dags/example_latest_only_with_trigger.py took 0.072 seconds
[2024-02-20T19:01:51.255+0000] {processor.py:161} INFO - Started process (PID=4338) to work on /home/ubuntu/reddit_venv/lib/python3.10/site-packages/airflow/example_dags/example_latest_only_with_trigger.py
[2024-02-20T19:01:51.256+0000] {processor.py:830} INFO - Processing file /home/ubuntu/reddit_venv/lib/python3.10/site-packages/airflow/example_dags/example_latest_only_with_trigger.py for tasks to queue
[2024-02-20T19:01:51.257+0000] {logging_mixin.py:188} INFO - [2024-02-20T19:01:51.257+0000] {dagbag.py:538} INFO - Filling up the DagBag from /home/ubuntu/reddit_venv/lib/python3.10/site-packages/airflow/example_dags/example_latest_only_with_trigger.py
[2024-02-20T19:01:51.264+0000] {processor.py:840} INFO - DAG(s) 'latest_only_with_trigger' retrieved from /home/ubuntu/reddit_venv/lib/python3.10/site-packages/airflow/example_dags/example_latest_only_with_trigger.py
[2024-02-20T19:01:51.280+0000] {logging_mixin.py:188} INFO - [2024-02-20T19:01:51.280+0000] {dag.py:3036} INFO - Sync 1 DAGs
[2024-02-20T19:01:51.302+0000] {logging_mixin.py:188} INFO - [2024-02-20T19:01:51.302+0000] {dag.py:3823} INFO - Setting next_dagrun for latest_only_with_trigger to 2024-02-20 12:00:00+00:00, run_after=2024-02-20 16:00:00+00:00
[2024-02-20T19:01:51.323+0000] {processor.py:183} INFO - Processing /home/ubuntu/reddit_venv/lib/python3.10/site-packages/airflow/example_dags/example_latest_only_with_trigger.py took 0.071 seconds
[2024-02-20T19:02:47.994+0000] {processor.py:161} INFO - Started process (PID=4464) to work on /home/ubuntu/reddit_venv/lib/python3.10/site-packages/airflow/example_dags/example_latest_only_with_trigger.py
[2024-02-20T19:02:47.996+0000] {processor.py:830} INFO - Processing file /home/ubuntu/reddit_venv/lib/python3.10/site-packages/airflow/example_dags/example_latest_only_with_trigger.py for tasks to queue
[2024-02-20T19:02:47.997+0000] {logging_mixin.py:188} INFO - [2024-02-20T19:02:47.996+0000] {dagbag.py:538} INFO - Filling up the DagBag from /home/ubuntu/reddit_venv/lib/python3.10/site-packages/airflow/example_dags/example_latest_only_with_trigger.py
[2024-02-20T19:02:48.003+0000] {processor.py:840} INFO - DAG(s) 'latest_only_with_trigger' retrieved from /home/ubuntu/reddit_venv/lib/python3.10/site-packages/airflow/example_dags/example_latest_only_with_trigger.py
[2024-02-20T19:02:48.020+0000] {logging_mixin.py:188} INFO - [2024-02-20T19:02:48.019+0000] {dag.py:3036} INFO - Sync 1 DAGs
[2024-02-20T19:02:48.041+0000] {logging_mixin.py:188} INFO - [2024-02-20T19:02:48.040+0000] {dag.py:3823} INFO - Setting next_dagrun for latest_only_with_trigger to 2024-02-20 12:00:00+00:00, run_after=2024-02-20 16:00:00+00:00
[2024-02-20T19:02:48.062+0000] {processor.py:183} INFO - Processing /home/ubuntu/reddit_venv/lib/python3.10/site-packages/airflow/example_dags/example_latest_only_with_trigger.py took 0.071 seconds
[2024-02-20T19:03:42.930+0000] {processor.py:161} INFO - Started process (PID=4590) to work on /home/ubuntu/reddit_venv/lib/python3.10/site-packages/airflow/example_dags/example_latest_only_with_trigger.py
[2024-02-20T19:03:42.932+0000] {processor.py:830} INFO - Processing file /home/ubuntu/reddit_venv/lib/python3.10/site-packages/airflow/example_dags/example_latest_only_with_trigger.py for tasks to queue
[2024-02-20T19:03:42.933+0000] {logging_mixin.py:188} INFO - [2024-02-20T19:03:42.932+0000] {dagbag.py:538} INFO - Filling up the DagBag from /home/ubuntu/reddit_venv/lib/python3.10/site-packages/airflow/example_dags/example_latest_only_with_trigger.py
[2024-02-20T19:03:42.939+0000] {processor.py:840} INFO - DAG(s) 'latest_only_with_trigger' retrieved from /home/ubuntu/reddit_venv/lib/python3.10/site-packages/airflow/example_dags/example_latest_only_with_trigger.py
[2024-02-20T19:03:42.955+0000] {logging_mixin.py:188} INFO - [2024-02-20T19:03:42.955+0000] {dag.py:3036} INFO - Sync 1 DAGs
[2024-02-20T19:03:42.975+0000] {logging_mixin.py:188} INFO - [2024-02-20T19:03:42.975+0000] {dag.py:3823} INFO - Setting next_dagrun for latest_only_with_trigger to 2024-02-20 12:00:00+00:00, run_after=2024-02-20 16:00:00+00:00
[2024-02-20T19:03:42.997+0000] {processor.py:183} INFO - Processing /home/ubuntu/reddit_venv/lib/python3.10/site-packages/airflow/example_dags/example_latest_only_with_trigger.py took 0.070 seconds
[2024-02-20T19:04:42.027+0000] {processor.py:161} INFO - Started process (PID=4721) to work on /home/ubuntu/reddit_venv/lib/python3.10/site-packages/airflow/example_dags/example_latest_only_with_trigger.py
[2024-02-20T19:04:42.028+0000] {processor.py:830} INFO - Processing file /home/ubuntu/reddit_venv/lib/python3.10/site-packages/airflow/example_dags/example_latest_only_with_trigger.py for tasks to queue
[2024-02-20T19:04:42.029+0000] {logging_mixin.py:188} INFO - [2024-02-20T19:04:42.029+0000] {dagbag.py:538} INFO - Filling up the DagBag from /home/ubuntu/reddit_venv/lib/python3.10/site-packages/airflow/example_dags/example_latest_only_with_trigger.py
[2024-02-20T19:04:42.036+0000] {processor.py:840} INFO - DAG(s) 'latest_only_with_trigger' retrieved from /home/ubuntu/reddit_venv/lib/python3.10/site-packages/airflow/example_dags/example_latest_only_with_trigger.py
[2024-02-20T19:04:42.053+0000] {logging_mixin.py:188} INFO - [2024-02-20T19:04:42.053+0000] {dag.py:3036} INFO - Sync 1 DAGs
[2024-02-20T19:04:42.074+0000] {logging_mixin.py:188} INFO - [2024-02-20T19:04:42.074+0000] {dag.py:3823} INFO - Setting next_dagrun for latest_only_with_trigger to 2024-02-20 12:00:00+00:00, run_after=2024-02-20 16:00:00+00:00
[2024-02-20T19:04:42.095+0000] {processor.py:183} INFO - Processing /home/ubuntu/reddit_venv/lib/python3.10/site-packages/airflow/example_dags/example_latest_only_with_trigger.py took 0.072 seconds
[2024-02-20T19:05:38.074+0000] {processor.py:161} INFO - Started process (PID=4964) to work on /home/ubuntu/reddit_venv/lib/python3.10/site-packages/airflow/example_dags/example_latest_only_with_trigger.py
[2024-02-20T19:05:38.075+0000] {processor.py:830} INFO - Processing file /home/ubuntu/reddit_venv/lib/python3.10/site-packages/airflow/example_dags/example_latest_only_with_trigger.py for tasks to queue
[2024-02-20T19:05:38.076+0000] {logging_mixin.py:188} INFO - [2024-02-20T19:05:38.076+0000] {dagbag.py:538} INFO - Filling up the DagBag from /home/ubuntu/reddit_venv/lib/python3.10/site-packages/airflow/example_dags/example_latest_only_with_trigger.py
[2024-02-20T19:05:38.083+0000] {processor.py:840} INFO - DAG(s) 'latest_only_with_trigger' retrieved from /home/ubuntu/reddit_venv/lib/python3.10/site-packages/airflow/example_dags/example_latest_only_with_trigger.py
[2024-02-20T19:05:38.099+0000] {logging_mixin.py:188} INFO - [2024-02-20T19:05:38.099+0000] {dag.py:3036} INFO - Sync 1 DAGs
[2024-02-20T19:05:38.120+0000] {logging_mixin.py:188} INFO - [2024-02-20T19:05:38.120+0000] {dag.py:3823} INFO - Setting next_dagrun for latest_only_with_trigger to 2024-02-20 12:00:00+00:00, run_after=2024-02-20 16:00:00+00:00
[2024-02-20T19:05:38.141+0000] {processor.py:183} INFO - Processing /home/ubuntu/reddit_venv/lib/python3.10/site-packages/airflow/example_dags/example_latest_only_with_trigger.py took 0.071 seconds
[2024-02-20T19:06:33.449+0000] {processor.py:161} INFO - Started process (PID=5209) to work on /home/ubuntu/reddit_venv/lib/python3.10/site-packages/airflow/example_dags/example_latest_only_with_trigger.py
[2024-02-20T19:06:33.450+0000] {processor.py:830} INFO - Processing file /home/ubuntu/reddit_venv/lib/python3.10/site-packages/airflow/example_dags/example_latest_only_with_trigger.py for tasks to queue
[2024-02-20T19:06:33.451+0000] {logging_mixin.py:188} INFO - [2024-02-20T19:06:33.451+0000] {dagbag.py:538} INFO - Filling up the DagBag from /home/ubuntu/reddit_venv/lib/python3.10/site-packages/airflow/example_dags/example_latest_only_with_trigger.py
[2024-02-20T19:06:33.457+0000] {processor.py:840} INFO - DAG(s) 'latest_only_with_trigger' retrieved from /home/ubuntu/reddit_venv/lib/python3.10/site-packages/airflow/example_dags/example_latest_only_with_trigger.py
[2024-02-20T19:06:33.475+0000] {logging_mixin.py:188} INFO - [2024-02-20T19:06:33.474+0000] {dag.py:3036} INFO - Sync 1 DAGs
[2024-02-20T19:06:33.495+0000] {logging_mixin.py:188} INFO - [2024-02-20T19:06:33.495+0000] {dag.py:3823} INFO - Setting next_dagrun for latest_only_with_trigger to 2024-02-20 12:00:00+00:00, run_after=2024-02-20 16:00:00+00:00
[2024-02-20T19:06:33.573+0000] {processor.py:183} INFO - Processing /home/ubuntu/reddit_venv/lib/python3.10/site-packages/airflow/example_dags/example_latest_only_with_trigger.py took 0.128 seconds
[2024-02-20T19:07:28.818+0000] {processor.py:161} INFO - Started process (PID=5395) to work on /home/ubuntu/reddit_venv/lib/python3.10/site-packages/airflow/example_dags/example_latest_only_with_trigger.py
[2024-02-20T19:07:28.819+0000] {processor.py:830} INFO - Processing file /home/ubuntu/reddit_venv/lib/python3.10/site-packages/airflow/example_dags/example_latest_only_with_trigger.py for tasks to queue
[2024-02-20T19:07:28.820+0000] {logging_mixin.py:188} INFO - [2024-02-20T19:07:28.819+0000] {dagbag.py:538} INFO - Filling up the DagBag from /home/ubuntu/reddit_venv/lib/python3.10/site-packages/airflow/example_dags/example_latest_only_with_trigger.py
[2024-02-20T19:07:28.826+0000] {processor.py:840} INFO - DAG(s) 'latest_only_with_trigger' retrieved from /home/ubuntu/reddit_venv/lib/python3.10/site-packages/airflow/example_dags/example_latest_only_with_trigger.py
[2024-02-20T19:07:28.842+0000] {logging_mixin.py:188} INFO - [2024-02-20T19:07:28.842+0000] {dag.py:3036} INFO - Sync 1 DAGs
[2024-02-20T19:07:28.862+0000] {logging_mixin.py:188} INFO - [2024-02-20T19:07:28.862+0000] {dag.py:3823} INFO - Setting next_dagrun for latest_only_with_trigger to 2024-02-20 12:00:00+00:00, run_after=2024-02-20 16:00:00+00:00
[2024-02-20T19:07:28.884+0000] {processor.py:183} INFO - Processing /home/ubuntu/reddit_venv/lib/python3.10/site-packages/airflow/example_dags/example_latest_only_with_trigger.py took 0.069 seconds
[2024-02-20T19:08:46.802+0000] {processor.py:161} INFO - Started process (PID=5917) to work on /home/ubuntu/reddit_venv/lib/python3.10/site-packages/airflow/example_dags/example_latest_only_with_trigger.py
[2024-02-20T19:08:46.803+0000] {processor.py:830} INFO - Processing file /home/ubuntu/reddit_venv/lib/python3.10/site-packages/airflow/example_dags/example_latest_only_with_trigger.py for tasks to queue
[2024-02-20T19:08:46.804+0000] {logging_mixin.py:188} INFO - [2024-02-20T19:08:46.804+0000] {dagbag.py:538} INFO - Filling up the DagBag from /home/ubuntu/reddit_venv/lib/python3.10/site-packages/airflow/example_dags/example_latest_only_with_trigger.py
[2024-02-20T19:08:46.811+0000] {processor.py:840} INFO - DAG(s) 'latest_only_with_trigger' retrieved from /home/ubuntu/reddit_venv/lib/python3.10/site-packages/airflow/example_dags/example_latest_only_with_trigger.py
[2024-02-20T19:08:46.827+0000] {logging_mixin.py:188} INFO - [2024-02-20T19:08:46.827+0000] {dag.py:3036} INFO - Sync 1 DAGs
[2024-02-20T19:08:46.848+0000] {logging_mixin.py:188} INFO - [2024-02-20T19:08:46.847+0000] {dag.py:3823} INFO - Setting next_dagrun for latest_only_with_trigger to 2024-02-20 12:00:00+00:00, run_after=2024-02-20 16:00:00+00:00
[2024-02-20T19:08:46.869+0000] {processor.py:183} INFO - Processing /home/ubuntu/reddit_venv/lib/python3.10/site-packages/airflow/example_dags/example_latest_only_with_trigger.py took 0.071 seconds
[2024-02-20T19:09:36.249+0000] {processor.py:161} INFO - Started process (PID=6032) to work on /home/ubuntu/reddit_venv/lib/python3.10/site-packages/airflow/example_dags/example_latest_only_with_trigger.py
[2024-02-20T19:09:36.250+0000] {processor.py:830} INFO - Processing file /home/ubuntu/reddit_venv/lib/python3.10/site-packages/airflow/example_dags/example_latest_only_with_trigger.py for tasks to queue
[2024-02-20T19:09:36.251+0000] {logging_mixin.py:188} INFO - [2024-02-20T19:09:36.251+0000] {dagbag.py:538} INFO - Filling up the DagBag from /home/ubuntu/reddit_venv/lib/python3.10/site-packages/airflow/example_dags/example_latest_only_with_trigger.py
[2024-02-20T19:09:36.257+0000] {processor.py:840} INFO - DAG(s) 'latest_only_with_trigger' retrieved from /home/ubuntu/reddit_venv/lib/python3.10/site-packages/airflow/example_dags/example_latest_only_with_trigger.py
[2024-02-20T19:09:36.275+0000] {logging_mixin.py:188} INFO - [2024-02-20T19:09:36.274+0000] {dag.py:3036} INFO - Sync 1 DAGs
[2024-02-20T19:09:36.295+0000] {logging_mixin.py:188} INFO - [2024-02-20T19:09:36.295+0000] {dag.py:3823} INFO - Setting next_dagrun for latest_only_with_trigger to 2024-02-20 12:00:00+00:00, run_after=2024-02-20 16:00:00+00:00
[2024-02-20T19:09:36.318+0000] {processor.py:183} INFO - Processing /home/ubuntu/reddit_venv/lib/python3.10/site-packages/airflow/example_dags/example_latest_only_with_trigger.py took 0.073 seconds
[2024-02-20T19:10:35.434+0000] {processor.py:161} INFO - Started process (PID=6160) to work on /home/ubuntu/reddit_venv/lib/python3.10/site-packages/airflow/example_dags/example_latest_only_with_trigger.py
[2024-02-20T19:10:35.436+0000] {processor.py:830} INFO - Processing file /home/ubuntu/reddit_venv/lib/python3.10/site-packages/airflow/example_dags/example_latest_only_with_trigger.py for tasks to queue
[2024-02-20T19:10:35.437+0000] {logging_mixin.py:188} INFO - [2024-02-20T19:10:35.436+0000] {dagbag.py:538} INFO - Filling up the DagBag from /home/ubuntu/reddit_venv/lib/python3.10/site-packages/airflow/example_dags/example_latest_only_with_trigger.py
[2024-02-20T19:10:35.443+0000] {processor.py:840} INFO - DAG(s) 'latest_only_with_trigger' retrieved from /home/ubuntu/reddit_venv/lib/python3.10/site-packages/airflow/example_dags/example_latest_only_with_trigger.py
[2024-02-20T19:10:35.460+0000] {logging_mixin.py:188} INFO - [2024-02-20T19:10:35.460+0000] {dag.py:3036} INFO - Sync 1 DAGs
[2024-02-20T19:10:35.480+0000] {logging_mixin.py:188} INFO - [2024-02-20T19:10:35.480+0000] {dag.py:3823} INFO - Setting next_dagrun for latest_only_with_trigger to 2024-02-20 12:00:00+00:00, run_after=2024-02-20 16:00:00+00:00
[2024-02-20T19:10:35.502+0000] {processor.py:183} INFO - Processing /home/ubuntu/reddit_venv/lib/python3.10/site-packages/airflow/example_dags/example_latest_only_with_trigger.py took 0.072 seconds
[2024-02-20T19:11:28.153+0000] {processor.py:161} INFO - Started process (PID=6343) to work on /home/ubuntu/reddit_venv/lib/python3.10/site-packages/airflow/example_dags/example_latest_only_with_trigger.py
[2024-02-20T19:11:28.154+0000] {processor.py:830} INFO - Processing file /home/ubuntu/reddit_venv/lib/python3.10/site-packages/airflow/example_dags/example_latest_only_with_trigger.py for tasks to queue
[2024-02-20T19:11:28.155+0000] {logging_mixin.py:188} INFO - [2024-02-20T19:11:28.155+0000] {dagbag.py:538} INFO - Filling up the DagBag from /home/ubuntu/reddit_venv/lib/python3.10/site-packages/airflow/example_dags/example_latest_only_with_trigger.py
[2024-02-20T19:11:28.161+0000] {processor.py:840} INFO - DAG(s) 'latest_only_with_trigger' retrieved from /home/ubuntu/reddit_venv/lib/python3.10/site-packages/airflow/example_dags/example_latest_only_with_trigger.py
[2024-02-20T19:11:28.178+0000] {logging_mixin.py:188} INFO - [2024-02-20T19:11:28.177+0000] {dag.py:3036} INFO - Sync 1 DAGs
[2024-02-20T19:11:28.197+0000] {logging_mixin.py:188} INFO - [2024-02-20T19:11:28.197+0000] {dag.py:3823} INFO - Setting next_dagrun for latest_only_with_trigger to 2024-02-20 12:00:00+00:00, run_after=2024-02-20 16:00:00+00:00
[2024-02-20T19:11:28.218+0000] {processor.py:183} INFO - Processing /home/ubuntu/reddit_venv/lib/python3.10/site-packages/airflow/example_dags/example_latest_only_with_trigger.py took 0.069 seconds
[2024-02-20T19:12:27.215+0000] {processor.py:161} INFO - Started process (PID=6472) to work on /home/ubuntu/reddit_venv/lib/python3.10/site-packages/airflow/example_dags/example_latest_only_with_trigger.py
[2024-02-20T19:12:27.216+0000] {processor.py:830} INFO - Processing file /home/ubuntu/reddit_venv/lib/python3.10/site-packages/airflow/example_dags/example_latest_only_with_trigger.py for tasks to queue
[2024-02-20T19:12:27.217+0000] {logging_mixin.py:188} INFO - [2024-02-20T19:12:27.217+0000] {dagbag.py:538} INFO - Filling up the DagBag from /home/ubuntu/reddit_venv/lib/python3.10/site-packages/airflow/example_dags/example_latest_only_with_trigger.py
[2024-02-20T19:12:27.223+0000] {processor.py:840} INFO - DAG(s) 'latest_only_with_trigger' retrieved from /home/ubuntu/reddit_venv/lib/python3.10/site-packages/airflow/example_dags/example_latest_only_with_trigger.py
[2024-02-20T19:12:27.239+0000] {logging_mixin.py:188} INFO - [2024-02-20T19:12:27.239+0000] {dag.py:3036} INFO - Sync 1 DAGs
[2024-02-20T19:12:27.259+0000] {logging_mixin.py:188} INFO - [2024-02-20T19:12:27.259+0000] {dag.py:3823} INFO - Setting next_dagrun for latest_only_with_trigger to 2024-02-20 12:00:00+00:00, run_after=2024-02-20 16:00:00+00:00
[2024-02-20T19:12:27.280+0000] {processor.py:183} INFO - Processing /home/ubuntu/reddit_venv/lib/python3.10/site-packages/airflow/example_dags/example_latest_only_with_trigger.py took 0.069 seconds
[2024-02-20T19:13:24.185+0000] {processor.py:161} INFO - Started process (PID=6596) to work on /home/ubuntu/reddit_venv/lib/python3.10/site-packages/airflow/example_dags/example_latest_only_with_trigger.py
[2024-02-20T19:13:24.186+0000] {processor.py:830} INFO - Processing file /home/ubuntu/reddit_venv/lib/python3.10/site-packages/airflow/example_dags/example_latest_only_with_trigger.py for tasks to queue
[2024-02-20T19:13:24.187+0000] {logging_mixin.py:188} INFO - [2024-02-20T19:13:24.187+0000] {dagbag.py:538} INFO - Filling up the DagBag from /home/ubuntu/reddit_venv/lib/python3.10/site-packages/airflow/example_dags/example_latest_only_with_trigger.py
[2024-02-20T19:13:24.193+0000] {processor.py:840} INFO - DAG(s) 'latest_only_with_trigger' retrieved from /home/ubuntu/reddit_venv/lib/python3.10/site-packages/airflow/example_dags/example_latest_only_with_trigger.py
[2024-02-20T19:13:24.210+0000] {logging_mixin.py:188} INFO - [2024-02-20T19:13:24.210+0000] {dag.py:3036} INFO - Sync 1 DAGs
[2024-02-20T19:13:24.230+0000] {logging_mixin.py:188} INFO - [2024-02-20T19:13:24.230+0000] {dag.py:3823} INFO - Setting next_dagrun for latest_only_with_trigger to 2024-02-20 12:00:00+00:00, run_after=2024-02-20 16:00:00+00:00
[2024-02-20T19:13:24.252+0000] {processor.py:183} INFO - Processing /home/ubuntu/reddit_venv/lib/python3.10/site-packages/airflow/example_dags/example_latest_only_with_trigger.py took 0.070 seconds
[2024-02-20T19:14:22.805+0000] {processor.py:161} INFO - Started process (PID=6726) to work on /home/ubuntu/reddit_venv/lib/python3.10/site-packages/airflow/example_dags/example_latest_only_with_trigger.py
[2024-02-20T19:14:22.807+0000] {processor.py:830} INFO - Processing file /home/ubuntu/reddit_venv/lib/python3.10/site-packages/airflow/example_dags/example_latest_only_with_trigger.py for tasks to queue
[2024-02-20T19:14:22.808+0000] {logging_mixin.py:188} INFO - [2024-02-20T19:14:22.808+0000] {dagbag.py:538} INFO - Filling up the DagBag from /home/ubuntu/reddit_venv/lib/python3.10/site-packages/airflow/example_dags/example_latest_only_with_trigger.py
[2024-02-20T19:14:22.815+0000] {processor.py:840} INFO - DAG(s) 'latest_only_with_trigger' retrieved from /home/ubuntu/reddit_venv/lib/python3.10/site-packages/airflow/example_dags/example_latest_only_with_trigger.py
[2024-02-20T19:14:22.831+0000] {logging_mixin.py:188} INFO - [2024-02-20T19:14:22.831+0000] {dag.py:3036} INFO - Sync 1 DAGs
[2024-02-20T19:14:22.852+0000] {logging_mixin.py:188} INFO - [2024-02-20T19:14:22.852+0000] {dag.py:3823} INFO - Setting next_dagrun for latest_only_with_trigger to 2024-02-20 12:00:00+00:00, run_after=2024-02-20 16:00:00+00:00
[2024-02-20T19:14:22.873+0000] {processor.py:183} INFO - Processing /home/ubuntu/reddit_venv/lib/python3.10/site-packages/airflow/example_dags/example_latest_only_with_trigger.py took 0.071 seconds
[2024-02-20T19:15:29.901+0000] {processor.py:161} INFO - Started process (PID=7110) to work on /home/ubuntu/reddit_venv/lib/python3.10/site-packages/airflow/example_dags/example_latest_only_with_trigger.py
[2024-02-20T19:15:29.902+0000] {processor.py:830} INFO - Processing file /home/ubuntu/reddit_venv/lib/python3.10/site-packages/airflow/example_dags/example_latest_only_with_trigger.py for tasks to queue
[2024-02-20T19:15:29.903+0000] {logging_mixin.py:188} INFO - [2024-02-20T19:15:29.903+0000] {dagbag.py:538} INFO - Filling up the DagBag from /home/ubuntu/reddit_venv/lib/python3.10/site-packages/airflow/example_dags/example_latest_only_with_trigger.py
[2024-02-20T19:15:29.909+0000] {processor.py:840} INFO - DAG(s) 'latest_only_with_trigger' retrieved from /home/ubuntu/reddit_venv/lib/python3.10/site-packages/airflow/example_dags/example_latest_only_with_trigger.py
[2024-02-20T19:15:29.926+0000] {logging_mixin.py:188} INFO - [2024-02-20T19:15:29.926+0000] {dag.py:3036} INFO - Sync 1 DAGs
[2024-02-20T19:15:29.946+0000] {logging_mixin.py:188} INFO - [2024-02-20T19:15:29.946+0000] {dag.py:3823} INFO - Setting next_dagrun for latest_only_with_trigger to 2024-02-20 12:00:00+00:00, run_after=2024-02-20 16:00:00+00:00
[2024-02-20T19:15:29.967+0000] {processor.py:183} INFO - Processing /home/ubuntu/reddit_venv/lib/python3.10/site-packages/airflow/example_dags/example_latest_only_with_trigger.py took 0.069 seconds
[2024-02-20T19:16:28.919+0000] {processor.py:161} INFO - Started process (PID=7483) to work on /home/ubuntu/reddit_venv/lib/python3.10/site-packages/airflow/example_dags/example_latest_only_with_trigger.py
[2024-02-20T19:16:28.921+0000] {processor.py:830} INFO - Processing file /home/ubuntu/reddit_venv/lib/python3.10/site-packages/airflow/example_dags/example_latest_only_with_trigger.py for tasks to queue
[2024-02-20T19:16:28.922+0000] {logging_mixin.py:188} INFO - [2024-02-20T19:16:28.921+0000] {dagbag.py:538} INFO - Filling up the DagBag from /home/ubuntu/reddit_venv/lib/python3.10/site-packages/airflow/example_dags/example_latest_only_with_trigger.py
[2024-02-20T19:16:28.928+0000] {processor.py:840} INFO - DAG(s) 'latest_only_with_trigger' retrieved from /home/ubuntu/reddit_venv/lib/python3.10/site-packages/airflow/example_dags/example_latest_only_with_trigger.py
[2024-02-20T19:16:28.945+0000] {logging_mixin.py:188} INFO - [2024-02-20T19:16:28.944+0000] {dag.py:3036} INFO - Sync 1 DAGs
[2024-02-20T19:16:28.966+0000] {logging_mixin.py:188} INFO - [2024-02-20T19:16:28.965+0000] {dag.py:3823} INFO - Setting next_dagrun for latest_only_with_trigger to 2024-02-20 12:00:00+00:00, run_after=2024-02-20 16:00:00+00:00
[2024-02-20T19:16:28.987+0000] {processor.py:183} INFO - Processing /home/ubuntu/reddit_venv/lib/python3.10/site-packages/airflow/example_dags/example_latest_only_with_trigger.py took 0.071 seconds
[2024-02-20T19:17:28.536+0000] {processor.py:161} INFO - Started process (PID=7614) to work on /home/ubuntu/reddit_venv/lib/python3.10/site-packages/airflow/example_dags/example_latest_only_with_trigger.py
[2024-02-20T19:17:28.537+0000] {processor.py:830} INFO - Processing file /home/ubuntu/reddit_venv/lib/python3.10/site-packages/airflow/example_dags/example_latest_only_with_trigger.py for tasks to queue
[2024-02-20T19:17:28.538+0000] {logging_mixin.py:188} INFO - [2024-02-20T19:17:28.538+0000] {dagbag.py:538} INFO - Filling up the DagBag from /home/ubuntu/reddit_venv/lib/python3.10/site-packages/airflow/example_dags/example_latest_only_with_trigger.py
[2024-02-20T19:17:28.545+0000] {processor.py:840} INFO - DAG(s) 'latest_only_with_trigger' retrieved from /home/ubuntu/reddit_venv/lib/python3.10/site-packages/airflow/example_dags/example_latest_only_with_trigger.py
[2024-02-20T19:17:28.561+0000] {logging_mixin.py:188} INFO - [2024-02-20T19:17:28.561+0000] {dag.py:3036} INFO - Sync 1 DAGs
[2024-02-20T19:17:28.581+0000] {logging_mixin.py:188} INFO - [2024-02-20T19:17:28.581+0000] {dag.py:3823} INFO - Setting next_dagrun for latest_only_with_trigger to 2024-02-20 12:00:00+00:00, run_after=2024-02-20 16:00:00+00:00
[2024-02-20T19:17:28.604+0000] {processor.py:183} INFO - Processing /home/ubuntu/reddit_venv/lib/python3.10/site-packages/airflow/example_dags/example_latest_only_with_trigger.py took 0.072 seconds
[2024-02-20T19:18:26.804+0000] {processor.py:161} INFO - Started process (PID=7741) to work on /home/ubuntu/reddit_venv/lib/python3.10/site-packages/airflow/example_dags/example_latest_only_with_trigger.py
[2024-02-20T19:18:26.806+0000] {processor.py:830} INFO - Processing file /home/ubuntu/reddit_venv/lib/python3.10/site-packages/airflow/example_dags/example_latest_only_with_trigger.py for tasks to queue
[2024-02-20T19:18:26.807+0000] {logging_mixin.py:188} INFO - [2024-02-20T19:18:26.806+0000] {dagbag.py:538} INFO - Filling up the DagBag from /home/ubuntu/reddit_venv/lib/python3.10/site-packages/airflow/example_dags/example_latest_only_with_trigger.py
[2024-02-20T19:18:26.813+0000] {processor.py:840} INFO - DAG(s) 'latest_only_with_trigger' retrieved from /home/ubuntu/reddit_venv/lib/python3.10/site-packages/airflow/example_dags/example_latest_only_with_trigger.py
[2024-02-20T19:18:26.830+0000] {logging_mixin.py:188} INFO - [2024-02-20T19:18:26.830+0000] {dag.py:3036} INFO - Sync 1 DAGs
[2024-02-20T19:18:26.850+0000] {logging_mixin.py:188} INFO - [2024-02-20T19:18:26.850+0000] {dag.py:3823} INFO - Setting next_dagrun for latest_only_with_trigger to 2024-02-20 12:00:00+00:00, run_after=2024-02-20 16:00:00+00:00
[2024-02-20T19:18:26.877+0000] {processor.py:183} INFO - Processing /home/ubuntu/reddit_venv/lib/python3.10/site-packages/airflow/example_dags/example_latest_only_with_trigger.py took 0.076 seconds
[2024-02-20T19:19:25.693+0000] {processor.py:161} INFO - Started process (PID=7868) to work on /home/ubuntu/reddit_venv/lib/python3.10/site-packages/airflow/example_dags/example_latest_only_with_trigger.py
[2024-02-20T19:19:25.695+0000] {processor.py:830} INFO - Processing file /home/ubuntu/reddit_venv/lib/python3.10/site-packages/airflow/example_dags/example_latest_only_with_trigger.py for tasks to queue
[2024-02-20T19:19:25.696+0000] {logging_mixin.py:188} INFO - [2024-02-20T19:19:25.696+0000] {dagbag.py:538} INFO - Filling up the DagBag from /home/ubuntu/reddit_venv/lib/python3.10/site-packages/airflow/example_dags/example_latest_only_with_trigger.py
[2024-02-20T19:19:25.702+0000] {processor.py:840} INFO - DAG(s) 'latest_only_with_trigger' retrieved from /home/ubuntu/reddit_venv/lib/python3.10/site-packages/airflow/example_dags/example_latest_only_with_trigger.py
[2024-02-20T19:19:25.719+0000] {logging_mixin.py:188} INFO - [2024-02-20T19:19:25.718+0000] {dag.py:3036} INFO - Sync 1 DAGs
[2024-02-20T19:19:25.738+0000] {logging_mixin.py:188} INFO - [2024-02-20T19:19:25.738+0000] {dag.py:3823} INFO - Setting next_dagrun for latest_only_with_trigger to 2024-02-20 12:00:00+00:00, run_after=2024-02-20 16:00:00+00:00
[2024-02-20T19:19:25.759+0000] {processor.py:183} INFO - Processing /home/ubuntu/reddit_venv/lib/python3.10/site-packages/airflow/example_dags/example_latest_only_with_trigger.py took 0.069 seconds
[2024-02-20T19:20:22.378+0000] {processor.py:161} INFO - Started process (PID=7993) to work on /home/ubuntu/reddit_venv/lib/python3.10/site-packages/airflow/example_dags/example_latest_only_with_trigger.py
[2024-02-20T19:20:22.380+0000] {processor.py:830} INFO - Processing file /home/ubuntu/reddit_venv/lib/python3.10/site-packages/airflow/example_dags/example_latest_only_with_trigger.py for tasks to queue
[2024-02-20T19:20:22.381+0000] {logging_mixin.py:188} INFO - [2024-02-20T19:20:22.380+0000] {dagbag.py:538} INFO - Filling up the DagBag from /home/ubuntu/reddit_venv/lib/python3.10/site-packages/airflow/example_dags/example_latest_only_with_trigger.py
[2024-02-20T19:20:22.387+0000] {processor.py:840} INFO - DAG(s) 'latest_only_with_trigger' retrieved from /home/ubuntu/reddit_venv/lib/python3.10/site-packages/airflow/example_dags/example_latest_only_with_trigger.py
[2024-02-20T19:20:22.404+0000] {logging_mixin.py:188} INFO - [2024-02-20T19:20:22.404+0000] {dag.py:3036} INFO - Sync 1 DAGs
[2024-02-20T19:20:22.424+0000] {logging_mixin.py:188} INFO - [2024-02-20T19:20:22.424+0000] {dag.py:3823} INFO - Setting next_dagrun for latest_only_with_trigger to 2024-02-20 12:00:00+00:00, run_after=2024-02-20 16:00:00+00:00
[2024-02-20T19:20:22.446+0000] {processor.py:183} INFO - Processing /home/ubuntu/reddit_venv/lib/python3.10/site-packages/airflow/example_dags/example_latest_only_with_trigger.py took 0.071 seconds
[2024-02-20T19:21:17.771+0000] {processor.py:161} INFO - Started process (PID=8177) to work on /home/ubuntu/reddit_venv/lib/python3.10/site-packages/airflow/example_dags/example_latest_only_with_trigger.py
[2024-02-20T19:21:17.773+0000] {processor.py:830} INFO - Processing file /home/ubuntu/reddit_venv/lib/python3.10/site-packages/airflow/example_dags/example_latest_only_with_trigger.py for tasks to queue
[2024-02-20T19:21:17.773+0000] {logging_mixin.py:188} INFO - [2024-02-20T19:21:17.773+0000] {dagbag.py:538} INFO - Filling up the DagBag from /home/ubuntu/reddit_venv/lib/python3.10/site-packages/airflow/example_dags/example_latest_only_with_trigger.py
[2024-02-20T19:21:17.780+0000] {processor.py:840} INFO - DAG(s) 'latest_only_with_trigger' retrieved from /home/ubuntu/reddit_venv/lib/python3.10/site-packages/airflow/example_dags/example_latest_only_with_trigger.py
[2024-02-20T19:21:17.796+0000] {logging_mixin.py:188} INFO - [2024-02-20T19:21:17.796+0000] {dag.py:3036} INFO - Sync 1 DAGs
[2024-02-20T19:21:17.817+0000] {logging_mixin.py:188} INFO - [2024-02-20T19:21:17.817+0000] {dag.py:3823} INFO - Setting next_dagrun for latest_only_with_trigger to 2024-02-20 12:00:00+00:00, run_after=2024-02-20 16:00:00+00:00
[2024-02-20T19:21:17.838+0000] {processor.py:183} INFO - Processing /home/ubuntu/reddit_venv/lib/python3.10/site-packages/airflow/example_dags/example_latest_only_with_trigger.py took 0.070 seconds
[2024-02-20T19:22:17.475+0000] {processor.py:161} INFO - Started process (PID=8310) to work on /home/ubuntu/reddit_venv/lib/python3.10/site-packages/airflow/example_dags/example_latest_only_with_trigger.py
[2024-02-20T19:22:17.477+0000] {processor.py:830} INFO - Processing file /home/ubuntu/reddit_venv/lib/python3.10/site-packages/airflow/example_dags/example_latest_only_with_trigger.py for tasks to queue
[2024-02-20T19:22:17.478+0000] {logging_mixin.py:188} INFO - [2024-02-20T19:22:17.477+0000] {dagbag.py:538} INFO - Filling up the DagBag from /home/ubuntu/reddit_venv/lib/python3.10/site-packages/airflow/example_dags/example_latest_only_with_trigger.py
[2024-02-20T19:22:17.484+0000] {processor.py:840} INFO - DAG(s) 'latest_only_with_trigger' retrieved from /home/ubuntu/reddit_venv/lib/python3.10/site-packages/airflow/example_dags/example_latest_only_with_trigger.py
[2024-02-20T19:22:17.501+0000] {logging_mixin.py:188} INFO - [2024-02-20T19:22:17.501+0000] {dag.py:3036} INFO - Sync 1 DAGs
[2024-02-20T19:22:17.522+0000] {logging_mixin.py:188} INFO - [2024-02-20T19:22:17.522+0000] {dag.py:3823} INFO - Setting next_dagrun for latest_only_with_trigger to 2024-02-20 12:00:00+00:00, run_after=2024-02-20 16:00:00+00:00
[2024-02-20T19:22:17.544+0000] {processor.py:183} INFO - Processing /home/ubuntu/reddit_venv/lib/python3.10/site-packages/airflow/example_dags/example_latest_only_with_trigger.py took 0.072 seconds
[2024-02-20T19:23:12.490+0000] {processor.py:161} INFO - Started process (PID=8433) to work on /home/ubuntu/reddit_venv/lib/python3.10/site-packages/airflow/example_dags/example_latest_only_with_trigger.py
[2024-02-20T19:23:12.491+0000] {processor.py:830} INFO - Processing file /home/ubuntu/reddit_venv/lib/python3.10/site-packages/airflow/example_dags/example_latest_only_with_trigger.py for tasks to queue
[2024-02-20T19:23:12.492+0000] {logging_mixin.py:188} INFO - [2024-02-20T19:23:12.492+0000] {dagbag.py:538} INFO - Filling up the DagBag from /home/ubuntu/reddit_venv/lib/python3.10/site-packages/airflow/example_dags/example_latest_only_with_trigger.py
[2024-02-20T19:23:12.499+0000] {processor.py:840} INFO - DAG(s) 'latest_only_with_trigger' retrieved from /home/ubuntu/reddit_venv/lib/python3.10/site-packages/airflow/example_dags/example_latest_only_with_trigger.py
[2024-02-20T19:23:12.516+0000] {logging_mixin.py:188} INFO - [2024-02-20T19:23:12.516+0000] {dag.py:3036} INFO - Sync 1 DAGs
[2024-02-20T19:23:12.538+0000] {logging_mixin.py:188} INFO - [2024-02-20T19:23:12.538+0000] {dag.py:3823} INFO - Setting next_dagrun for latest_only_with_trigger to 2024-02-20 12:00:00+00:00, run_after=2024-02-20 16:00:00+00:00
[2024-02-20T19:23:12.560+0000] {processor.py:183} INFO - Processing /home/ubuntu/reddit_venv/lib/python3.10/site-packages/airflow/example_dags/example_latest_only_with_trigger.py took 0.074 seconds
[2024-02-20T19:24:06.743+0000] {processor.py:161} INFO - Started process (PID=8556) to work on /home/ubuntu/reddit_venv/lib/python3.10/site-packages/airflow/example_dags/example_latest_only_with_trigger.py
[2024-02-20T19:24:06.744+0000] {processor.py:830} INFO - Processing file /home/ubuntu/reddit_venv/lib/python3.10/site-packages/airflow/example_dags/example_latest_only_with_trigger.py for tasks to queue
[2024-02-20T19:24:06.745+0000] {logging_mixin.py:188} INFO - [2024-02-20T19:24:06.745+0000] {dagbag.py:538} INFO - Filling up the DagBag from /home/ubuntu/reddit_venv/lib/python3.10/site-packages/airflow/example_dags/example_latest_only_with_trigger.py
[2024-02-20T19:24:06.751+0000] {processor.py:840} INFO - DAG(s) 'latest_only_with_trigger' retrieved from /home/ubuntu/reddit_venv/lib/python3.10/site-packages/airflow/example_dags/example_latest_only_with_trigger.py
[2024-02-20T19:24:06.768+0000] {logging_mixin.py:188} INFO - [2024-02-20T19:24:06.768+0000] {dag.py:3036} INFO - Sync 1 DAGs
[2024-02-20T19:24:06.788+0000] {logging_mixin.py:188} INFO - [2024-02-20T19:24:06.788+0000] {dag.py:3823} INFO - Setting next_dagrun for latest_only_with_trigger to 2024-02-20 12:00:00+00:00, run_after=2024-02-20 16:00:00+00:00
[2024-02-20T19:24:06.816+0000] {processor.py:183} INFO - Processing /home/ubuntu/reddit_venv/lib/python3.10/site-packages/airflow/example_dags/example_latest_only_with_trigger.py took 0.076 seconds
[2024-02-20T19:25:07.815+0000] {processor.py:161} INFO - Started process (PID=8682) to work on /home/ubuntu/reddit_venv/lib/python3.10/site-packages/airflow/example_dags/example_latest_only_with_trigger.py
[2024-02-20T19:25:07.817+0000] {processor.py:830} INFO - Processing file /home/ubuntu/reddit_venv/lib/python3.10/site-packages/airflow/example_dags/example_latest_only_with_trigger.py for tasks to queue
[2024-02-20T19:25:07.817+0000] {logging_mixin.py:188} INFO - [2024-02-20T19:25:07.817+0000] {dagbag.py:538} INFO - Filling up the DagBag from /home/ubuntu/reddit_venv/lib/python3.10/site-packages/airflow/example_dags/example_latest_only_with_trigger.py
[2024-02-20T19:25:07.824+0000] {processor.py:840} INFO - DAG(s) 'latest_only_with_trigger' retrieved from /home/ubuntu/reddit_venv/lib/python3.10/site-packages/airflow/example_dags/example_latest_only_with_trigger.py
[2024-02-20T19:25:07.841+0000] {logging_mixin.py:188} INFO - [2024-02-20T19:25:07.841+0000] {dag.py:3036} INFO - Sync 1 DAGs
[2024-02-20T19:25:07.862+0000] {logging_mixin.py:188} INFO - [2024-02-20T19:25:07.861+0000] {dag.py:3823} INFO - Setting next_dagrun for latest_only_with_trigger to 2024-02-20 12:00:00+00:00, run_after=2024-02-20 16:00:00+00:00
[2024-02-20T19:25:07.883+0000] {processor.py:183} INFO - Processing /home/ubuntu/reddit_venv/lib/python3.10/site-packages/airflow/example_dags/example_latest_only_with_trigger.py took 0.072 seconds
