[2024-02-20T18:07:14.178+0000] {processor.py:161} INFO - Started process (PID=1984) to work on /home/ubuntu/reddit_venv/lib/python3.10/site-packages/airflow/example_dags/example_branch_labels.py
[2024-02-20T18:07:14.179+0000] {processor.py:830} INFO - Processing file /home/ubuntu/reddit_venv/lib/python3.10/site-packages/airflow/example_dags/example_branch_labels.py for tasks to queue
[2024-02-20T18:07:14.180+0000] {logging_mixin.py:188} INFO - [2024-02-20T18:07:14.180+0000] {dagbag.py:538} INFO - Filling up the DagBag from /home/ubuntu/reddit_venv/lib/python3.10/site-packages/airflow/example_dags/example_branch_labels.py
[2024-02-20T18:07:14.189+0000] {processor.py:840} INFO - DAG(s) 'example_branch_labels' retrieved from /home/ubuntu/reddit_venv/lib/python3.10/site-packages/airflow/example_dags/example_branch_labels.py
[2024-02-20T18:07:14.291+0000] {logging_mixin.py:188} INFO - [2024-02-20T18:07:14.291+0000] {dag.py:3036} INFO - Sync 1 DAGs
[2024-02-20T18:07:14.310+0000] {logging_mixin.py:188} INFO - [2024-02-20T18:07:14.310+0000] {dag.py:3823} INFO - Setting next_dagrun for example_branch_labels to 2024-02-19 00:00:00+00:00, run_after=2024-02-20 00:00:00+00:00
[2024-02-20T18:07:14.333+0000] {processor.py:183} INFO - Processing /home/ubuntu/reddit_venv/lib/python3.10/site-packages/airflow/example_dags/example_branch_labels.py took 0.158 seconds
[2024-02-20T18:08:04.750+0000] {processor.py:161} INFO - Started process (PID=2281) to work on /home/ubuntu/reddit_venv/lib/python3.10/site-packages/airflow/example_dags/example_branch_labels.py
[2024-02-20T18:08:04.752+0000] {processor.py:830} INFO - Processing file /home/ubuntu/reddit_venv/lib/python3.10/site-packages/airflow/example_dags/example_branch_labels.py for tasks to queue
[2024-02-20T18:08:04.753+0000] {logging_mixin.py:188} INFO - [2024-02-20T18:08:04.752+0000] {dagbag.py:538} INFO - Filling up the DagBag from /home/ubuntu/reddit_venv/lib/python3.10/site-packages/airflow/example_dags/example_branch_labels.py
[2024-02-20T18:08:04.762+0000] {processor.py:840} INFO - DAG(s) 'example_branch_labels' retrieved from /home/ubuntu/reddit_venv/lib/python3.10/site-packages/airflow/example_dags/example_branch_labels.py
[2024-02-20T18:08:04.779+0000] {logging_mixin.py:188} INFO - [2024-02-20T18:08:04.779+0000] {dag.py:3036} INFO - Sync 1 DAGs
[2024-02-20T18:08:04.802+0000] {logging_mixin.py:188} INFO - [2024-02-20T18:08:04.802+0000] {dag.py:3823} INFO - Setting next_dagrun for example_branch_labels to 2024-02-19 00:00:00+00:00, run_after=2024-02-20 00:00:00+00:00
[2024-02-20T18:08:04.824+0000] {processor.py:183} INFO - Processing /home/ubuntu/reddit_venv/lib/python3.10/site-packages/airflow/example_dags/example_branch_labels.py took 0.078 seconds
[2024-02-20T18:09:01.193+0000] {processor.py:161} INFO - Started process (PID=2654) to work on /home/ubuntu/reddit_venv/lib/python3.10/site-packages/airflow/example_dags/example_branch_labels.py
[2024-02-20T18:09:01.195+0000] {processor.py:830} INFO - Processing file /home/ubuntu/reddit_venv/lib/python3.10/site-packages/airflow/example_dags/example_branch_labels.py for tasks to queue
[2024-02-20T18:09:01.196+0000] {logging_mixin.py:188} INFO - [2024-02-20T18:09:01.195+0000] {dagbag.py:538} INFO - Filling up the DagBag from /home/ubuntu/reddit_venv/lib/python3.10/site-packages/airflow/example_dags/example_branch_labels.py
[2024-02-20T18:09:01.204+0000] {processor.py:840} INFO - DAG(s) 'example_branch_labels' retrieved from /home/ubuntu/reddit_venv/lib/python3.10/site-packages/airflow/example_dags/example_branch_labels.py
[2024-02-20T18:09:01.223+0000] {logging_mixin.py:188} INFO - [2024-02-20T18:09:01.223+0000] {dag.py:3036} INFO - Sync 1 DAGs
[2024-02-20T18:09:01.246+0000] {logging_mixin.py:188} INFO - [2024-02-20T18:09:01.246+0000] {dag.py:3823} INFO - Setting next_dagrun for example_branch_labels to 2024-02-19 00:00:00+00:00, run_after=2024-02-20 00:00:00+00:00
[2024-02-20T18:09:01.269+0000] {processor.py:183} INFO - Processing /home/ubuntu/reddit_venv/lib/python3.10/site-packages/airflow/example_dags/example_branch_labels.py took 0.079 seconds
[2024-02-20T18:10:00.760+0000] {processor.py:161} INFO - Started process (PID=3090) to work on /home/ubuntu/reddit_venv/lib/python3.10/site-packages/airflow/example_dags/example_branch_labels.py
[2024-02-20T18:10:00.762+0000] {processor.py:830} INFO - Processing file /home/ubuntu/reddit_venv/lib/python3.10/site-packages/airflow/example_dags/example_branch_labels.py for tasks to queue
[2024-02-20T18:10:00.762+0000] {logging_mixin.py:188} INFO - [2024-02-20T18:10:00.762+0000] {dagbag.py:538} INFO - Filling up the DagBag from /home/ubuntu/reddit_venv/lib/python3.10/site-packages/airflow/example_dags/example_branch_labels.py
[2024-02-20T18:10:00.772+0000] {processor.py:840} INFO - DAG(s) 'example_branch_labels' retrieved from /home/ubuntu/reddit_venv/lib/python3.10/site-packages/airflow/example_dags/example_branch_labels.py
[2024-02-20T18:10:00.789+0000] {logging_mixin.py:188} INFO - [2024-02-20T18:10:00.789+0000] {dag.py:3036} INFO - Sync 1 DAGs
[2024-02-20T18:10:00.811+0000] {logging_mixin.py:188} INFO - [2024-02-20T18:10:00.811+0000] {dag.py:3823} INFO - Setting next_dagrun for example_branch_labels to 2024-02-19 00:00:00+00:00, run_after=2024-02-20 00:00:00+00:00
[2024-02-20T18:10:00.834+0000] {processor.py:183} INFO - Processing /home/ubuntu/reddit_venv/lib/python3.10/site-packages/airflow/example_dags/example_branch_labels.py took 0.077 seconds
[2024-02-20T18:10:57.486+0000] {processor.py:161} INFO - Started process (PID=3213) to work on /home/ubuntu/reddit_venv/lib/python3.10/site-packages/airflow/example_dags/example_branch_labels.py
[2024-02-20T18:10:57.488+0000] {processor.py:830} INFO - Processing file /home/ubuntu/reddit_venv/lib/python3.10/site-packages/airflow/example_dags/example_branch_labels.py for tasks to queue
[2024-02-20T18:10:57.489+0000] {logging_mixin.py:188} INFO - [2024-02-20T18:10:57.488+0000] {dagbag.py:538} INFO - Filling up the DagBag from /home/ubuntu/reddit_venv/lib/python3.10/site-packages/airflow/example_dags/example_branch_labels.py
[2024-02-20T18:10:57.498+0000] {processor.py:840} INFO - DAG(s) 'example_branch_labels' retrieved from /home/ubuntu/reddit_venv/lib/python3.10/site-packages/airflow/example_dags/example_branch_labels.py
[2024-02-20T18:10:57.516+0000] {logging_mixin.py:188} INFO - [2024-02-20T18:10:57.515+0000] {dag.py:3036} INFO - Sync 1 DAGs
[2024-02-20T18:10:57.538+0000] {logging_mixin.py:188} INFO - [2024-02-20T18:10:57.537+0000] {dag.py:3823} INFO - Setting next_dagrun for example_branch_labels to 2024-02-19 00:00:00+00:00, run_after=2024-02-20 00:00:00+00:00
[2024-02-20T18:10:57.567+0000] {processor.py:183} INFO - Processing /home/ubuntu/reddit_venv/lib/python3.10/site-packages/airflow/example_dags/example_branch_labels.py took 0.084 seconds
[2024-02-20T18:12:08.466+0000] {processor.py:161} INFO - Started process (PID=3736) to work on /home/ubuntu/reddit_venv/lib/python3.10/site-packages/airflow/example_dags/example_branch_labels.py
[2024-02-20T18:12:08.467+0000] {processor.py:830} INFO - Processing file /home/ubuntu/reddit_venv/lib/python3.10/site-packages/airflow/example_dags/example_branch_labels.py for tasks to queue
[2024-02-20T18:12:08.468+0000] {logging_mixin.py:188} INFO - [2024-02-20T18:12:08.468+0000] {dagbag.py:538} INFO - Filling up the DagBag from /home/ubuntu/reddit_venv/lib/python3.10/site-packages/airflow/example_dags/example_branch_labels.py
[2024-02-20T18:12:08.478+0000] {processor.py:840} INFO - DAG(s) 'example_branch_labels' retrieved from /home/ubuntu/reddit_venv/lib/python3.10/site-packages/airflow/example_dags/example_branch_labels.py
[2024-02-20T18:12:08.495+0000] {logging_mixin.py:188} INFO - [2024-02-20T18:12:08.495+0000] {dag.py:3036} INFO - Sync 1 DAGs
[2024-02-20T18:12:08.517+0000] {logging_mixin.py:188} INFO - [2024-02-20T18:12:08.517+0000] {dag.py:3823} INFO - Setting next_dagrun for example_branch_labels to 2024-02-19 00:00:00+00:00, run_after=2024-02-20 00:00:00+00:00
[2024-02-20T18:12:08.543+0000] {processor.py:183} INFO - Processing /home/ubuntu/reddit_venv/lib/python3.10/site-packages/airflow/example_dags/example_branch_labels.py took 0.080 seconds
[2024-02-20T18:13:02.514+0000] {processor.py:161} INFO - Started process (PID=3859) to work on /home/ubuntu/reddit_venv/lib/python3.10/site-packages/airflow/example_dags/example_branch_labels.py
[2024-02-20T18:13:02.515+0000] {processor.py:830} INFO - Processing file /home/ubuntu/reddit_venv/lib/python3.10/site-packages/airflow/example_dags/example_branch_labels.py for tasks to queue
[2024-02-20T18:13:02.516+0000] {logging_mixin.py:188} INFO - [2024-02-20T18:13:02.516+0000] {dagbag.py:538} INFO - Filling up the DagBag from /home/ubuntu/reddit_venv/lib/python3.10/site-packages/airflow/example_dags/example_branch_labels.py
[2024-02-20T18:13:02.526+0000] {processor.py:840} INFO - DAG(s) 'example_branch_labels' retrieved from /home/ubuntu/reddit_venv/lib/python3.10/site-packages/airflow/example_dags/example_branch_labels.py
[2024-02-20T18:13:02.543+0000] {logging_mixin.py:188} INFO - [2024-02-20T18:13:02.543+0000] {dag.py:3036} INFO - Sync 1 DAGs
[2024-02-20T18:13:02.565+0000] {logging_mixin.py:188} INFO - [2024-02-20T18:13:02.565+0000] {dag.py:3823} INFO - Setting next_dagrun for example_branch_labels to 2024-02-19 00:00:00+00:00, run_after=2024-02-20 00:00:00+00:00
[2024-02-20T18:13:02.587+0000] {processor.py:183} INFO - Processing /home/ubuntu/reddit_venv/lib/python3.10/site-packages/airflow/example_dags/example_branch_labels.py took 0.077 seconds
[2024-02-20T18:13:59.453+0000] {processor.py:161} INFO - Started process (PID=3984) to work on /home/ubuntu/reddit_venv/lib/python3.10/site-packages/airflow/example_dags/example_branch_labels.py
[2024-02-20T18:13:59.457+0000] {processor.py:830} INFO - Processing file /home/ubuntu/reddit_venv/lib/python3.10/site-packages/airflow/example_dags/example_branch_labels.py for tasks to queue
[2024-02-20T18:13:59.458+0000] {logging_mixin.py:188} INFO - [2024-02-20T18:13:59.457+0000] {dagbag.py:538} INFO - Filling up the DagBag from /home/ubuntu/reddit_venv/lib/python3.10/site-packages/airflow/example_dags/example_branch_labels.py
[2024-02-20T18:13:59.466+0000] {processor.py:840} INFO - DAG(s) 'example_branch_labels' retrieved from /home/ubuntu/reddit_venv/lib/python3.10/site-packages/airflow/example_dags/example_branch_labels.py
[2024-02-20T18:13:59.484+0000] {logging_mixin.py:188} INFO - [2024-02-20T18:13:59.484+0000] {dag.py:3036} INFO - Sync 1 DAGs
[2024-02-20T18:13:59.505+0000] {logging_mixin.py:188} INFO - [2024-02-20T18:13:59.505+0000] {dag.py:3823} INFO - Setting next_dagrun for example_branch_labels to 2024-02-19 00:00:00+00:00, run_after=2024-02-20 00:00:00+00:00
[2024-02-20T18:13:59.528+0000] {processor.py:183} INFO - Processing /home/ubuntu/reddit_venv/lib/python3.10/site-packages/airflow/example_dags/example_branch_labels.py took 0.078 seconds
[2024-02-20T18:14:48.013+0000] {processor.py:161} INFO - Started process (PID=4101) to work on /home/ubuntu/reddit_venv/lib/python3.10/site-packages/airflow/example_dags/example_branch_labels.py
[2024-02-20T18:14:48.014+0000] {processor.py:830} INFO - Processing file /home/ubuntu/reddit_venv/lib/python3.10/site-packages/airflow/example_dags/example_branch_labels.py for tasks to queue
[2024-02-20T18:14:48.015+0000] {logging_mixin.py:188} INFO - [2024-02-20T18:14:48.015+0000] {dagbag.py:538} INFO - Filling up the DagBag from /home/ubuntu/reddit_venv/lib/python3.10/site-packages/airflow/example_dags/example_branch_labels.py
[2024-02-20T18:14:48.023+0000] {processor.py:840} INFO - DAG(s) 'example_branch_labels' retrieved from /home/ubuntu/reddit_venv/lib/python3.10/site-packages/airflow/example_dags/example_branch_labels.py
[2024-02-20T18:14:48.042+0000] {logging_mixin.py:188} INFO - [2024-02-20T18:14:48.041+0000] {dag.py:3036} INFO - Sync 1 DAGs
[2024-02-20T18:14:48.063+0000] {logging_mixin.py:188} INFO - [2024-02-20T18:14:48.063+0000] {dag.py:3823} INFO - Setting next_dagrun for example_branch_labels to 2024-02-19 00:00:00+00:00, run_after=2024-02-20 00:00:00+00:00
[2024-02-20T18:14:48.085+0000] {processor.py:183} INFO - Processing /home/ubuntu/reddit_venv/lib/python3.10/site-packages/airflow/example_dags/example_branch_labels.py took 0.076 seconds
[2024-02-20T18:15:44.855+0000] {processor.py:161} INFO - Started process (PID=4226) to work on /home/ubuntu/reddit_venv/lib/python3.10/site-packages/airflow/example_dags/example_branch_labels.py
[2024-02-20T18:15:44.859+0000] {processor.py:830} INFO - Processing file /home/ubuntu/reddit_venv/lib/python3.10/site-packages/airflow/example_dags/example_branch_labels.py for tasks to queue
[2024-02-20T18:15:44.860+0000] {logging_mixin.py:188} INFO - [2024-02-20T18:15:44.860+0000] {dagbag.py:538} INFO - Filling up the DagBag from /home/ubuntu/reddit_venv/lib/python3.10/site-packages/airflow/example_dags/example_branch_labels.py
[2024-02-20T18:15:44.869+0000] {processor.py:840} INFO - DAG(s) 'example_branch_labels' retrieved from /home/ubuntu/reddit_venv/lib/python3.10/site-packages/airflow/example_dags/example_branch_labels.py
[2024-02-20T18:15:44.887+0000] {logging_mixin.py:188} INFO - [2024-02-20T18:15:44.887+0000] {dag.py:3036} INFO - Sync 1 DAGs
[2024-02-20T18:15:44.909+0000] {logging_mixin.py:188} INFO - [2024-02-20T18:15:44.909+0000] {dag.py:3823} INFO - Setting next_dagrun for example_branch_labels to 2024-02-19 00:00:00+00:00, run_after=2024-02-20 00:00:00+00:00
[2024-02-20T18:15:44.931+0000] {processor.py:183} INFO - Processing /home/ubuntu/reddit_venv/lib/python3.10/site-packages/airflow/example_dags/example_branch_labels.py took 0.079 seconds
[2024-02-20T18:16:42.674+0000] {processor.py:161} INFO - Started process (PID=4418) to work on /home/ubuntu/reddit_venv/lib/python3.10/site-packages/airflow/example_dags/example_branch_labels.py
[2024-02-20T18:16:42.675+0000] {processor.py:830} INFO - Processing file /home/ubuntu/reddit_venv/lib/python3.10/site-packages/airflow/example_dags/example_branch_labels.py for tasks to queue
[2024-02-20T18:16:42.676+0000] {logging_mixin.py:188} INFO - [2024-02-20T18:16:42.676+0000] {dagbag.py:538} INFO - Filling up the DagBag from /home/ubuntu/reddit_venv/lib/python3.10/site-packages/airflow/example_dags/example_branch_labels.py
[2024-02-20T18:16:42.684+0000] {processor.py:840} INFO - DAG(s) 'example_branch_labels' retrieved from /home/ubuntu/reddit_venv/lib/python3.10/site-packages/airflow/example_dags/example_branch_labels.py
[2024-02-20T18:16:42.702+0000] {logging_mixin.py:188} INFO - [2024-02-20T18:16:42.702+0000] {dag.py:3036} INFO - Sync 1 DAGs
[2024-02-20T18:16:42.724+0000] {logging_mixin.py:188} INFO - [2024-02-20T18:16:42.724+0000] {dag.py:3823} INFO - Setting next_dagrun for example_branch_labels to 2024-02-19 00:00:00+00:00, run_after=2024-02-20 00:00:00+00:00
[2024-02-20T18:16:42.747+0000] {processor.py:183} INFO - Processing /home/ubuntu/reddit_venv/lib/python3.10/site-packages/airflow/example_dags/example_branch_labels.py took 0.076 seconds
[2024-02-20T18:17:42.263+0000] {processor.py:161} INFO - Started process (PID=4545) to work on /home/ubuntu/reddit_venv/lib/python3.10/site-packages/airflow/example_dags/example_branch_labels.py
[2024-02-20T18:17:42.265+0000] {processor.py:830} INFO - Processing file /home/ubuntu/reddit_venv/lib/python3.10/site-packages/airflow/example_dags/example_branch_labels.py for tasks to queue
[2024-02-20T18:17:42.266+0000] {logging_mixin.py:188} INFO - [2024-02-20T18:17:42.266+0000] {dagbag.py:538} INFO - Filling up the DagBag from /home/ubuntu/reddit_venv/lib/python3.10/site-packages/airflow/example_dags/example_branch_labels.py
[2024-02-20T18:17:42.275+0000] {processor.py:840} INFO - DAG(s) 'example_branch_labels' retrieved from /home/ubuntu/reddit_venv/lib/python3.10/site-packages/airflow/example_dags/example_branch_labels.py
[2024-02-20T18:17:42.293+0000] {logging_mixin.py:188} INFO - [2024-02-20T18:17:42.293+0000] {dag.py:3036} INFO - Sync 1 DAGs
[2024-02-20T18:17:42.315+0000] {logging_mixin.py:188} INFO - [2024-02-20T18:17:42.315+0000] {dag.py:3823} INFO - Setting next_dagrun for example_branch_labels to 2024-02-19 00:00:00+00:00, run_after=2024-02-20 00:00:00+00:00
[2024-02-20T18:17:42.338+0000] {processor.py:183} INFO - Processing /home/ubuntu/reddit_venv/lib/python3.10/site-packages/airflow/example_dags/example_branch_labels.py took 0.078 seconds
[2024-02-20T18:18:39.553+0000] {processor.py:161} INFO - Started process (PID=4673) to work on /home/ubuntu/reddit_venv/lib/python3.10/site-packages/airflow/example_dags/example_branch_labels.py
[2024-02-20T18:18:39.555+0000] {processor.py:830} INFO - Processing file /home/ubuntu/reddit_venv/lib/python3.10/site-packages/airflow/example_dags/example_branch_labels.py for tasks to queue
[2024-02-20T18:18:39.556+0000] {logging_mixin.py:188} INFO - [2024-02-20T18:18:39.555+0000] {dagbag.py:538} INFO - Filling up the DagBag from /home/ubuntu/reddit_venv/lib/python3.10/site-packages/airflow/example_dags/example_branch_labels.py
[2024-02-20T18:18:39.565+0000] {processor.py:840} INFO - DAG(s) 'example_branch_labels' retrieved from /home/ubuntu/reddit_venv/lib/python3.10/site-packages/airflow/example_dags/example_branch_labels.py
[2024-02-20T18:18:39.582+0000] {logging_mixin.py:188} INFO - [2024-02-20T18:18:39.582+0000] {dag.py:3036} INFO - Sync 1 DAGs
[2024-02-20T18:18:39.604+0000] {logging_mixin.py:188} INFO - [2024-02-20T18:18:39.604+0000] {dag.py:3823} INFO - Setting next_dagrun for example_branch_labels to 2024-02-19 00:00:00+00:00, run_after=2024-02-20 00:00:00+00:00
[2024-02-20T18:18:39.626+0000] {processor.py:183} INFO - Processing /home/ubuntu/reddit_venv/lib/python3.10/site-packages/airflow/example_dags/example_branch_labels.py took 0.076 seconds
[2024-02-20T18:19:39.084+0000] {processor.py:161} INFO - Started process (PID=4867) to work on /home/ubuntu/reddit_venv/lib/python3.10/site-packages/airflow/example_dags/example_branch_labels.py
[2024-02-20T18:19:39.088+0000] {processor.py:830} INFO - Processing file /home/ubuntu/reddit_venv/lib/python3.10/site-packages/airflow/example_dags/example_branch_labels.py for tasks to queue
[2024-02-20T18:19:39.089+0000] {logging_mixin.py:188} INFO - [2024-02-20T18:19:39.089+0000] {dagbag.py:538} INFO - Filling up the DagBag from /home/ubuntu/reddit_venv/lib/python3.10/site-packages/airflow/example_dags/example_branch_labels.py
[2024-02-20T18:19:39.098+0000] {processor.py:840} INFO - DAG(s) 'example_branch_labels' retrieved from /home/ubuntu/reddit_venv/lib/python3.10/site-packages/airflow/example_dags/example_branch_labels.py
[2024-02-20T18:19:39.116+0000] {logging_mixin.py:188} INFO - [2024-02-20T18:19:39.116+0000] {dag.py:3036} INFO - Sync 1 DAGs
[2024-02-20T18:19:39.138+0000] {logging_mixin.py:188} INFO - [2024-02-20T18:19:39.138+0000] {dag.py:3823} INFO - Setting next_dagrun for example_branch_labels to 2024-02-19 00:00:00+00:00, run_after=2024-02-20 00:00:00+00:00
[2024-02-20T18:19:39.161+0000] {processor.py:183} INFO - Processing /home/ubuntu/reddit_venv/lib/python3.10/site-packages/airflow/example_dags/example_branch_labels.py took 0.081 seconds
[2024-02-20T18:20:35.209+0000] {processor.py:161} INFO - Started process (PID=4992) to work on /home/ubuntu/reddit_venv/lib/python3.10/site-packages/airflow/example_dags/example_branch_labels.py
[2024-02-20T18:20:35.211+0000] {processor.py:830} INFO - Processing file /home/ubuntu/reddit_venv/lib/python3.10/site-packages/airflow/example_dags/example_branch_labels.py for tasks to queue
[2024-02-20T18:20:35.212+0000] {logging_mixin.py:188} INFO - [2024-02-20T18:20:35.212+0000] {dagbag.py:538} INFO - Filling up the DagBag from /home/ubuntu/reddit_venv/lib/python3.10/site-packages/airflow/example_dags/example_branch_labels.py
[2024-02-20T18:20:35.221+0000] {processor.py:840} INFO - DAG(s) 'example_branch_labels' retrieved from /home/ubuntu/reddit_venv/lib/python3.10/site-packages/airflow/example_dags/example_branch_labels.py
[2024-02-20T18:20:35.239+0000] {logging_mixin.py:188} INFO - [2024-02-20T18:20:35.238+0000] {dag.py:3036} INFO - Sync 1 DAGs
[2024-02-20T18:20:35.260+0000] {logging_mixin.py:188} INFO - [2024-02-20T18:20:35.260+0000] {dag.py:3823} INFO - Setting next_dagrun for example_branch_labels to 2024-02-19 00:00:00+00:00, run_after=2024-02-20 00:00:00+00:00
[2024-02-20T18:20:35.282+0000] {processor.py:183} INFO - Processing /home/ubuntu/reddit_venv/lib/python3.10/site-packages/airflow/example_dags/example_branch_labels.py took 0.076 seconds
[2024-02-20T18:21:31.970+0000] {processor.py:161} INFO - Started process (PID=5141) to work on /home/ubuntu/reddit_venv/lib/python3.10/site-packages/airflow/example_dags/example_branch_labels.py
[2024-02-20T18:21:31.972+0000] {processor.py:830} INFO - Processing file /home/ubuntu/reddit_venv/lib/python3.10/site-packages/airflow/example_dags/example_branch_labels.py for tasks to queue
[2024-02-20T18:21:31.973+0000] {logging_mixin.py:188} INFO - [2024-02-20T18:21:31.972+0000] {dagbag.py:538} INFO - Filling up the DagBag from /home/ubuntu/reddit_venv/lib/python3.10/site-packages/airflow/example_dags/example_branch_labels.py
[2024-02-20T18:21:31.981+0000] {processor.py:840} INFO - DAG(s) 'example_branch_labels' retrieved from /home/ubuntu/reddit_venv/lib/python3.10/site-packages/airflow/example_dags/example_branch_labels.py
[2024-02-20T18:21:31.999+0000] {logging_mixin.py:188} INFO - [2024-02-20T18:21:31.999+0000] {dag.py:3036} INFO - Sync 1 DAGs
[2024-02-20T18:21:32.021+0000] {logging_mixin.py:188} INFO - [2024-02-20T18:21:32.021+0000] {dag.py:3823} INFO - Setting next_dagrun for example_branch_labels to 2024-02-19 00:00:00+00:00, run_after=2024-02-20 00:00:00+00:00
[2024-02-20T18:21:32.046+0000] {processor.py:183} INFO - Processing /home/ubuntu/reddit_venv/lib/python3.10/site-packages/airflow/example_dags/example_branch_labels.py took 0.079 seconds
[2024-02-20T18:51:38.678+0000] {processor.py:161} INFO - Started process (PID=1799) to work on /home/ubuntu/reddit_venv/lib/python3.10/site-packages/airflow/example_dags/example_branch_labels.py
[2024-02-20T18:51:38.683+0000] {processor.py:830} INFO - Processing file /home/ubuntu/reddit_venv/lib/python3.10/site-packages/airflow/example_dags/example_branch_labels.py for tasks to queue
[2024-02-20T18:51:38.684+0000] {logging_mixin.py:188} INFO - [2024-02-20T18:51:38.683+0000] {dagbag.py:538} INFO - Filling up the DagBag from /home/ubuntu/reddit_venv/lib/python3.10/site-packages/airflow/example_dags/example_branch_labels.py
[2024-02-20T18:51:38.692+0000] {processor.py:840} INFO - DAG(s) 'example_branch_labels' retrieved from /home/ubuntu/reddit_venv/lib/python3.10/site-packages/airflow/example_dags/example_branch_labels.py
[2024-02-20T18:51:38.791+0000] {logging_mixin.py:188} INFO - [2024-02-20T18:51:38.791+0000] {dag.py:3036} INFO - Sync 1 DAGs
[2024-02-20T18:51:38.810+0000] {logging_mixin.py:188} INFO - [2024-02-20T18:51:38.809+0000] {dag.py:3823} INFO - Setting next_dagrun for example_branch_labels to 2024-02-19 00:00:00+00:00, run_after=2024-02-20 00:00:00+00:00
[2024-02-20T18:51:38.832+0000] {processor.py:183} INFO - Processing /home/ubuntu/reddit_venv/lib/python3.10/site-packages/airflow/example_dags/example_branch_labels.py took 0.157 seconds
[2024-02-20T18:52:29.752+0000] {processor.py:161} INFO - Started process (PID=1974) to work on /home/ubuntu/reddit_venv/lib/python3.10/site-packages/airflow/example_dags/example_branch_labels.py
[2024-02-20T18:52:29.753+0000] {processor.py:830} INFO - Processing file /home/ubuntu/reddit_venv/lib/python3.10/site-packages/airflow/example_dags/example_branch_labels.py for tasks to queue
[2024-02-20T18:52:29.754+0000] {logging_mixin.py:188} INFO - [2024-02-20T18:52:29.754+0000] {dagbag.py:538} INFO - Filling up the DagBag from /home/ubuntu/reddit_venv/lib/python3.10/site-packages/airflow/example_dags/example_branch_labels.py
[2024-02-20T18:52:29.763+0000] {processor.py:840} INFO - DAG(s) 'example_branch_labels' retrieved from /home/ubuntu/reddit_venv/lib/python3.10/site-packages/airflow/example_dags/example_branch_labels.py
[2024-02-20T18:52:29.780+0000] {logging_mixin.py:188} INFO - [2024-02-20T18:52:29.780+0000] {dag.py:3036} INFO - Sync 1 DAGs
[2024-02-20T18:52:29.801+0000] {logging_mixin.py:188} INFO - [2024-02-20T18:52:29.801+0000] {dag.py:3823} INFO - Setting next_dagrun for example_branch_labels to 2024-02-19 00:00:00+00:00, run_after=2024-02-20 00:00:00+00:00
[2024-02-20T18:52:29.823+0000] {processor.py:183} INFO - Processing /home/ubuntu/reddit_venv/lib/python3.10/site-packages/airflow/example_dags/example_branch_labels.py took 0.074 seconds
[2024-02-20T18:53:27.362+0000] {processor.py:161} INFO - Started process (PID=2350) to work on /home/ubuntu/reddit_venv/lib/python3.10/site-packages/airflow/example_dags/example_branch_labels.py
[2024-02-20T18:53:27.363+0000] {processor.py:830} INFO - Processing file /home/ubuntu/reddit_venv/lib/python3.10/site-packages/airflow/example_dags/example_branch_labels.py for tasks to queue
[2024-02-20T18:53:27.364+0000] {logging_mixin.py:188} INFO - [2024-02-20T18:53:27.364+0000] {dagbag.py:538} INFO - Filling up the DagBag from /home/ubuntu/reddit_venv/lib/python3.10/site-packages/airflow/example_dags/example_branch_labels.py
[2024-02-20T18:53:27.373+0000] {processor.py:840} INFO - DAG(s) 'example_branch_labels' retrieved from /home/ubuntu/reddit_venv/lib/python3.10/site-packages/airflow/example_dags/example_branch_labels.py
[2024-02-20T18:53:27.390+0000] {logging_mixin.py:188} INFO - [2024-02-20T18:53:27.390+0000] {dag.py:3036} INFO - Sync 1 DAGs
[2024-02-20T18:53:27.412+0000] {logging_mixin.py:188} INFO - [2024-02-20T18:53:27.412+0000] {dag.py:3823} INFO - Setting next_dagrun for example_branch_labels to 2024-02-19 00:00:00+00:00, run_after=2024-02-20 00:00:00+00:00
[2024-02-20T18:53:27.433+0000] {processor.py:183} INFO - Processing /home/ubuntu/reddit_venv/lib/python3.10/site-packages/airflow/example_dags/example_branch_labels.py took 0.074 seconds
[2024-02-20T18:54:25.967+0000] {processor.py:161} INFO - Started process (PID=2476) to work on /home/ubuntu/reddit_venv/lib/python3.10/site-packages/airflow/example_dags/example_branch_labels.py
[2024-02-20T18:54:25.969+0000] {processor.py:830} INFO - Processing file /home/ubuntu/reddit_venv/lib/python3.10/site-packages/airflow/example_dags/example_branch_labels.py for tasks to queue
[2024-02-20T18:54:25.970+0000] {logging_mixin.py:188} INFO - [2024-02-20T18:54:25.970+0000] {dagbag.py:538} INFO - Filling up the DagBag from /home/ubuntu/reddit_venv/lib/python3.10/site-packages/airflow/example_dags/example_branch_labels.py
[2024-02-20T18:54:25.978+0000] {processor.py:840} INFO - DAG(s) 'example_branch_labels' retrieved from /home/ubuntu/reddit_venv/lib/python3.10/site-packages/airflow/example_dags/example_branch_labels.py
[2024-02-20T18:54:25.995+0000] {logging_mixin.py:188} INFO - [2024-02-20T18:54:25.995+0000] {dag.py:3036} INFO - Sync 1 DAGs
[2024-02-20T18:54:26.018+0000] {logging_mixin.py:188} INFO - [2024-02-20T18:54:26.018+0000] {dag.py:3823} INFO - Setting next_dagrun for example_branch_labels to 2024-02-19 00:00:00+00:00, run_after=2024-02-20 00:00:00+00:00
[2024-02-20T18:54:26.040+0000] {processor.py:183} INFO - Processing /home/ubuntu/reddit_venv/lib/python3.10/site-packages/airflow/example_dags/example_branch_labels.py took 0.076 seconds
[2024-02-20T18:55:25.738+0000] {processor.py:161} INFO - Started process (PID=2612) to work on /home/ubuntu/reddit_venv/lib/python3.10/site-packages/airflow/example_dags/example_branch_labels.py
[2024-02-20T18:55:25.740+0000] {processor.py:830} INFO - Processing file /home/ubuntu/reddit_venv/lib/python3.10/site-packages/airflow/example_dags/example_branch_labels.py for tasks to queue
[2024-02-20T18:55:25.740+0000] {logging_mixin.py:188} INFO - [2024-02-20T18:55:25.740+0000] {dagbag.py:538} INFO - Filling up the DagBag from /home/ubuntu/reddit_venv/lib/python3.10/site-packages/airflow/example_dags/example_branch_labels.py
[2024-02-20T18:55:25.749+0000] {processor.py:840} INFO - DAG(s) 'example_branch_labels' retrieved from /home/ubuntu/reddit_venv/lib/python3.10/site-packages/airflow/example_dags/example_branch_labels.py
[2024-02-20T18:55:25.767+0000] {logging_mixin.py:188} INFO - [2024-02-20T18:55:25.767+0000] {dag.py:3036} INFO - Sync 1 DAGs
[2024-02-20T18:55:25.789+0000] {logging_mixin.py:188} INFO - [2024-02-20T18:55:25.789+0000] {dag.py:3823} INFO - Setting next_dagrun for example_branch_labels to 2024-02-19 00:00:00+00:00, run_after=2024-02-20 00:00:00+00:00
[2024-02-20T18:55:25.812+0000] {processor.py:183} INFO - Processing /home/ubuntu/reddit_venv/lib/python3.10/site-packages/airflow/example_dags/example_branch_labels.py took 0.077 seconds
[2024-02-20T18:56:22.326+0000] {processor.py:161} INFO - Started process (PID=2797) to work on /home/ubuntu/reddit_venv/lib/python3.10/site-packages/airflow/example_dags/example_branch_labels.py
[2024-02-20T18:56:22.328+0000] {processor.py:830} INFO - Processing file /home/ubuntu/reddit_venv/lib/python3.10/site-packages/airflow/example_dags/example_branch_labels.py for tasks to queue
[2024-02-20T18:56:22.328+0000] {logging_mixin.py:188} INFO - [2024-02-20T18:56:22.328+0000] {dagbag.py:538} INFO - Filling up the DagBag from /home/ubuntu/reddit_venv/lib/python3.10/site-packages/airflow/example_dags/example_branch_labels.py
[2024-02-20T18:56:22.337+0000] {processor.py:840} INFO - DAG(s) 'example_branch_labels' retrieved from /home/ubuntu/reddit_venv/lib/python3.10/site-packages/airflow/example_dags/example_branch_labels.py
[2024-02-20T18:56:22.354+0000] {logging_mixin.py:188} INFO - [2024-02-20T18:56:22.354+0000] {dag.py:3036} INFO - Sync 1 DAGs
[2024-02-20T18:56:22.375+0000] {logging_mixin.py:188} INFO - [2024-02-20T18:56:22.375+0000] {dag.py:3823} INFO - Setting next_dagrun for example_branch_labels to 2024-02-19 00:00:00+00:00, run_after=2024-02-20 00:00:00+00:00
[2024-02-20T18:56:22.397+0000] {processor.py:183} INFO - Processing /home/ubuntu/reddit_venv/lib/python3.10/site-packages/airflow/example_dags/example_branch_labels.py took 0.074 seconds
[2024-02-20T18:57:36.665+0000] {processor.py:161} INFO - Started process (PID=3256) to work on /home/ubuntu/reddit_venv/lib/python3.10/site-packages/airflow/example_dags/example_branch_labels.py
[2024-02-20T18:57:36.667+0000] {processor.py:830} INFO - Processing file /home/ubuntu/reddit_venv/lib/python3.10/site-packages/airflow/example_dags/example_branch_labels.py for tasks to queue
[2024-02-20T18:57:36.668+0000] {logging_mixin.py:188} INFO - [2024-02-20T18:57:36.667+0000] {dagbag.py:538} INFO - Filling up the DagBag from /home/ubuntu/reddit_venv/lib/python3.10/site-packages/airflow/example_dags/example_branch_labels.py
[2024-02-20T18:57:36.676+0000] {processor.py:840} INFO - DAG(s) 'example_branch_labels' retrieved from /home/ubuntu/reddit_venv/lib/python3.10/site-packages/airflow/example_dags/example_branch_labels.py
[2024-02-20T18:57:36.693+0000] {logging_mixin.py:188} INFO - [2024-02-20T18:57:36.693+0000] {dag.py:3036} INFO - Sync 1 DAGs
[2024-02-20T18:57:36.714+0000] {logging_mixin.py:188} INFO - [2024-02-20T18:57:36.714+0000] {dag.py:3823} INFO - Setting next_dagrun for example_branch_labels to 2024-02-19 00:00:00+00:00, run_after=2024-02-20 00:00:00+00:00
[2024-02-20T18:57:36.736+0000] {processor.py:183} INFO - Processing /home/ubuntu/reddit_venv/lib/python3.10/site-packages/airflow/example_dags/example_branch_labels.py took 0.074 seconds
[2024-02-20T18:58:26.622+0000] {processor.py:161} INFO - Started process (PID=3431) to work on /home/ubuntu/reddit_venv/lib/python3.10/site-packages/airflow/example_dags/example_branch_labels.py
[2024-02-20T18:58:26.624+0000] {processor.py:830} INFO - Processing file /home/ubuntu/reddit_venv/lib/python3.10/site-packages/airflow/example_dags/example_branch_labels.py for tasks to queue
[2024-02-20T18:58:26.625+0000] {logging_mixin.py:188} INFO - [2024-02-20T18:58:26.624+0000] {dagbag.py:538} INFO - Filling up the DagBag from /home/ubuntu/reddit_venv/lib/python3.10/site-packages/airflow/example_dags/example_branch_labels.py
[2024-02-20T18:58:26.633+0000] {processor.py:840} INFO - DAG(s) 'example_branch_labels' retrieved from /home/ubuntu/reddit_venv/lib/python3.10/site-packages/airflow/example_dags/example_branch_labels.py
[2024-02-20T18:58:26.650+0000] {logging_mixin.py:188} INFO - [2024-02-20T18:58:26.650+0000] {dag.py:3036} INFO - Sync 1 DAGs
[2024-02-20T18:58:26.671+0000] {logging_mixin.py:188} INFO - [2024-02-20T18:58:26.671+0000] {dag.py:3823} INFO - Setting next_dagrun for example_branch_labels to 2024-02-19 00:00:00+00:00, run_after=2024-02-20 00:00:00+00:00
[2024-02-20T18:58:26.692+0000] {processor.py:183} INFO - Processing /home/ubuntu/reddit_venv/lib/python3.10/site-packages/airflow/example_dags/example_branch_labels.py took 0.073 seconds
[2024-02-20T18:59:23.967+0000] {processor.py:161} INFO - Started process (PID=3560) to work on /home/ubuntu/reddit_venv/lib/python3.10/site-packages/airflow/example_dags/example_branch_labels.py
[2024-02-20T18:59:23.969+0000] {processor.py:830} INFO - Processing file /home/ubuntu/reddit_venv/lib/python3.10/site-packages/airflow/example_dags/example_branch_labels.py for tasks to queue
[2024-02-20T18:59:23.970+0000] {logging_mixin.py:188} INFO - [2024-02-20T18:59:23.970+0000] {dagbag.py:538} INFO - Filling up the DagBag from /home/ubuntu/reddit_venv/lib/python3.10/site-packages/airflow/example_dags/example_branch_labels.py
[2024-02-20T18:59:23.979+0000] {processor.py:840} INFO - DAG(s) 'example_branch_labels' retrieved from /home/ubuntu/reddit_venv/lib/python3.10/site-packages/airflow/example_dags/example_branch_labels.py
[2024-02-20T18:59:23.997+0000] {logging_mixin.py:188} INFO - [2024-02-20T18:59:23.996+0000] {dag.py:3036} INFO - Sync 1 DAGs
[2024-02-20T18:59:24.019+0000] {logging_mixin.py:188} INFO - [2024-02-20T18:59:24.019+0000] {dag.py:3823} INFO - Setting next_dagrun for example_branch_labels to 2024-02-19 00:00:00+00:00, run_after=2024-02-20 00:00:00+00:00
[2024-02-20T18:59:24.044+0000] {processor.py:183} INFO - Processing /home/ubuntu/reddit_venv/lib/python3.10/site-packages/airflow/example_dags/example_branch_labels.py took 0.080 seconds
[2024-02-20T19:01:07.507+0000] {processor.py:161} INFO - Started process (PID=4289) to work on /home/ubuntu/reddit_venv/lib/python3.10/site-packages/airflow/example_dags/example_branch_labels.py
[2024-02-20T19:01:07.510+0000] {processor.py:830} INFO - Processing file /home/ubuntu/reddit_venv/lib/python3.10/site-packages/airflow/example_dags/example_branch_labels.py for tasks to queue
[2024-02-20T19:01:07.511+0000] {logging_mixin.py:188} INFO - [2024-02-20T19:01:07.510+0000] {dagbag.py:538} INFO - Filling up the DagBag from /home/ubuntu/reddit_venv/lib/python3.10/site-packages/airflow/example_dags/example_branch_labels.py
[2024-02-20T19:01:07.520+0000] {processor.py:840} INFO - DAG(s) 'example_branch_labels' retrieved from /home/ubuntu/reddit_venv/lib/python3.10/site-packages/airflow/example_dags/example_branch_labels.py
[2024-02-20T19:01:07.537+0000] {logging_mixin.py:188} INFO - [2024-02-20T19:01:07.537+0000] {dag.py:3036} INFO - Sync 1 DAGs
[2024-02-20T19:01:07.559+0000] {logging_mixin.py:188} INFO - [2024-02-20T19:01:07.559+0000] {dag.py:3823} INFO - Setting next_dagrun for example_branch_labels to 2024-02-19 00:00:00+00:00, run_after=2024-02-20 00:00:00+00:00
[2024-02-20T19:01:07.583+0000] {processor.py:183} INFO - Processing /home/ubuntu/reddit_venv/lib/python3.10/site-packages/airflow/example_dags/example_branch_labels.py took 0.079 seconds
[2024-02-20T19:02:04.957+0000] {processor.py:161} INFO - Started process (PID=4415) to work on /home/ubuntu/reddit_venv/lib/python3.10/site-packages/airflow/example_dags/example_branch_labels.py
[2024-02-20T19:02:04.959+0000] {processor.py:830} INFO - Processing file /home/ubuntu/reddit_venv/lib/python3.10/site-packages/airflow/example_dags/example_branch_labels.py for tasks to queue
[2024-02-20T19:02:04.960+0000] {logging_mixin.py:188} INFO - [2024-02-20T19:02:04.959+0000] {dagbag.py:538} INFO - Filling up the DagBag from /home/ubuntu/reddit_venv/lib/python3.10/site-packages/airflow/example_dags/example_branch_labels.py
[2024-02-20T19:02:04.969+0000] {processor.py:840} INFO - DAG(s) 'example_branch_labels' retrieved from /home/ubuntu/reddit_venv/lib/python3.10/site-packages/airflow/example_dags/example_branch_labels.py
[2024-02-20T19:02:04.987+0000] {logging_mixin.py:188} INFO - [2024-02-20T19:02:04.987+0000] {dag.py:3036} INFO - Sync 1 DAGs
[2024-02-20T19:02:05.011+0000] {logging_mixin.py:188} INFO - [2024-02-20T19:02:05.010+0000] {dag.py:3823} INFO - Setting next_dagrun for example_branch_labels to 2024-02-19 00:00:00+00:00, run_after=2024-02-20 00:00:00+00:00
[2024-02-20T19:02:05.033+0000] {processor.py:183} INFO - Processing /home/ubuntu/reddit_venv/lib/python3.10/site-packages/airflow/example_dags/example_branch_labels.py took 0.079 seconds
[2024-02-20T19:03:03.618+0000] {processor.py:161} INFO - Started process (PID=4544) to work on /home/ubuntu/reddit_venv/lib/python3.10/site-packages/airflow/example_dags/example_branch_labels.py
[2024-02-20T19:03:03.622+0000] {processor.py:830} INFO - Processing file /home/ubuntu/reddit_venv/lib/python3.10/site-packages/airflow/example_dags/example_branch_labels.py for tasks to queue
[2024-02-20T19:03:03.623+0000] {logging_mixin.py:188} INFO - [2024-02-20T19:03:03.622+0000] {dagbag.py:538} INFO - Filling up the DagBag from /home/ubuntu/reddit_venv/lib/python3.10/site-packages/airflow/example_dags/example_branch_labels.py
[2024-02-20T19:03:03.631+0000] {processor.py:840} INFO - DAG(s) 'example_branch_labels' retrieved from /home/ubuntu/reddit_venv/lib/python3.10/site-packages/airflow/example_dags/example_branch_labels.py
[2024-02-20T19:03:03.649+0000] {logging_mixin.py:188} INFO - [2024-02-20T19:03:03.648+0000] {dag.py:3036} INFO - Sync 1 DAGs
[2024-02-20T19:03:03.671+0000] {logging_mixin.py:188} INFO - [2024-02-20T19:03:03.671+0000] {dag.py:3823} INFO - Setting next_dagrun for example_branch_labels to 2024-02-19 00:00:00+00:00, run_after=2024-02-20 00:00:00+00:00
[2024-02-20T19:03:03.693+0000] {processor.py:183} INFO - Processing /home/ubuntu/reddit_venv/lib/python3.10/site-packages/airflow/example_dags/example_branch_labels.py took 0.078 seconds
[2024-02-20T19:03:58.273+0000] {processor.py:161} INFO - Started process (PID=4610) to work on /home/ubuntu/reddit_venv/lib/python3.10/site-packages/airflow/example_dags/example_branch_labels.py
[2024-02-20T19:03:58.274+0000] {processor.py:830} INFO - Processing file /home/ubuntu/reddit_venv/lib/python3.10/site-packages/airflow/example_dags/example_branch_labels.py for tasks to queue
[2024-02-20T19:03:58.275+0000] {logging_mixin.py:188} INFO - [2024-02-20T19:03:58.275+0000] {dagbag.py:538} INFO - Filling up the DagBag from /home/ubuntu/reddit_venv/lib/python3.10/site-packages/airflow/example_dags/example_branch_labels.py
[2024-02-20T19:03:58.283+0000] {processor.py:840} INFO - DAG(s) 'example_branch_labels' retrieved from /home/ubuntu/reddit_venv/lib/python3.10/site-packages/airflow/example_dags/example_branch_labels.py
[2024-02-20T19:03:58.300+0000] {logging_mixin.py:188} INFO - [2024-02-20T19:03:58.300+0000] {dag.py:3036} INFO - Sync 1 DAGs
[2024-02-20T19:03:58.322+0000] {logging_mixin.py:188} INFO - [2024-02-20T19:03:58.322+0000] {dag.py:3823} INFO - Setting next_dagrun for example_branch_labels to 2024-02-19 00:00:00+00:00, run_after=2024-02-20 00:00:00+00:00
[2024-02-20T19:03:58.343+0000] {processor.py:183} INFO - Processing /home/ubuntu/reddit_venv/lib/python3.10/site-packages/airflow/example_dags/example_branch_labels.py took 0.073 seconds
[2024-02-20T19:04:57.427+0000] {processor.py:161} INFO - Started process (PID=4737) to work on /home/ubuntu/reddit_venv/lib/python3.10/site-packages/airflow/example_dags/example_branch_labels.py
[2024-02-20T19:04:57.429+0000] {processor.py:830} INFO - Processing file /home/ubuntu/reddit_venv/lib/python3.10/site-packages/airflow/example_dags/example_branch_labels.py for tasks to queue
[2024-02-20T19:04:57.430+0000] {logging_mixin.py:188} INFO - [2024-02-20T19:04:57.430+0000] {dagbag.py:538} INFO - Filling up the DagBag from /home/ubuntu/reddit_venv/lib/python3.10/site-packages/airflow/example_dags/example_branch_labels.py
[2024-02-20T19:04:57.438+0000] {processor.py:840} INFO - DAG(s) 'example_branch_labels' retrieved from /home/ubuntu/reddit_venv/lib/python3.10/site-packages/airflow/example_dags/example_branch_labels.py
[2024-02-20T19:04:57.456+0000] {logging_mixin.py:188} INFO - [2024-02-20T19:04:57.455+0000] {dag.py:3036} INFO - Sync 1 DAGs
[2024-02-20T19:04:57.477+0000] {logging_mixin.py:188} INFO - [2024-02-20T19:04:57.477+0000] {dag.py:3823} INFO - Setting next_dagrun for example_branch_labels to 2024-02-19 00:00:00+00:00, run_after=2024-02-20 00:00:00+00:00
[2024-02-20T19:04:57.499+0000] {processor.py:183} INFO - Processing /home/ubuntu/reddit_venv/lib/python3.10/site-packages/airflow/example_dags/example_branch_labels.py took 0.075 seconds
[2024-02-20T19:05:55.563+0000] {processor.py:161} INFO - Started process (PID=5046) to work on /home/ubuntu/reddit_venv/lib/python3.10/site-packages/airflow/example_dags/example_branch_labels.py
[2024-02-20T19:05:55.565+0000] {processor.py:830} INFO - Processing file /home/ubuntu/reddit_venv/lib/python3.10/site-packages/airflow/example_dags/example_branch_labels.py for tasks to queue
[2024-02-20T19:05:55.565+0000] {logging_mixin.py:188} INFO - [2024-02-20T19:05:55.565+0000] {dagbag.py:538} INFO - Filling up the DagBag from /home/ubuntu/reddit_venv/lib/python3.10/site-packages/airflow/example_dags/example_branch_labels.py
[2024-02-20T19:05:55.574+0000] {processor.py:840} INFO - DAG(s) 'example_branch_labels' retrieved from /home/ubuntu/reddit_venv/lib/python3.10/site-packages/airflow/example_dags/example_branch_labels.py
[2024-02-20T19:05:55.591+0000] {logging_mixin.py:188} INFO - [2024-02-20T19:05:55.591+0000] {dag.py:3036} INFO - Sync 1 DAGs
[2024-02-20T19:05:55.612+0000] {logging_mixin.py:188} INFO - [2024-02-20T19:05:55.612+0000] {dag.py:3823} INFO - Setting next_dagrun for example_branch_labels to 2024-02-19 00:00:00+00:00, run_after=2024-02-20 00:00:00+00:00
[2024-02-20T19:05:55.632+0000] {processor.py:183} INFO - Processing /home/ubuntu/reddit_venv/lib/python3.10/site-packages/airflow/example_dags/example_branch_labels.py took 0.072 seconds
[2024-02-20T19:06:46.877+0000] {processor.py:161} INFO - Started process (PID=5227) to work on /home/ubuntu/reddit_venv/lib/python3.10/site-packages/airflow/example_dags/example_branch_labels.py
[2024-02-20T19:06:46.878+0000] {processor.py:830} INFO - Processing file /home/ubuntu/reddit_venv/lib/python3.10/site-packages/airflow/example_dags/example_branch_labels.py for tasks to queue
[2024-02-20T19:06:46.879+0000] {logging_mixin.py:188} INFO - [2024-02-20T19:06:46.879+0000] {dagbag.py:538} INFO - Filling up the DagBag from /home/ubuntu/reddit_venv/lib/python3.10/site-packages/airflow/example_dags/example_branch_labels.py
[2024-02-20T19:06:46.887+0000] {processor.py:840} INFO - DAG(s) 'example_branch_labels' retrieved from /home/ubuntu/reddit_venv/lib/python3.10/site-packages/airflow/example_dags/example_branch_labels.py
[2024-02-20T19:06:46.905+0000] {logging_mixin.py:188} INFO - [2024-02-20T19:06:46.905+0000] {dag.py:3036} INFO - Sync 1 DAGs
[2024-02-20T19:06:46.927+0000] {logging_mixin.py:188} INFO - [2024-02-20T19:06:46.926+0000] {dag.py:3823} INFO - Setting next_dagrun for example_branch_labels to 2024-02-19 00:00:00+00:00, run_after=2024-02-20 00:00:00+00:00
[2024-02-20T19:06:46.948+0000] {processor.py:183} INFO - Processing /home/ubuntu/reddit_venv/lib/python3.10/site-packages/airflow/example_dags/example_branch_labels.py took 0.074 seconds
[2024-02-20T19:07:43.413+0000] {processor.py:161} INFO - Started process (PID=5414) to work on /home/ubuntu/reddit_venv/lib/python3.10/site-packages/airflow/example_dags/example_branch_labels.py
[2024-02-20T19:07:43.414+0000] {processor.py:830} INFO - Processing file /home/ubuntu/reddit_venv/lib/python3.10/site-packages/airflow/example_dags/example_branch_labels.py for tasks to queue
[2024-02-20T19:07:43.415+0000] {logging_mixin.py:188} INFO - [2024-02-20T19:07:43.415+0000] {dagbag.py:538} INFO - Filling up the DagBag from /home/ubuntu/reddit_venv/lib/python3.10/site-packages/airflow/example_dags/example_branch_labels.py
[2024-02-20T19:07:43.424+0000] {processor.py:840} INFO - DAG(s) 'example_branch_labels' retrieved from /home/ubuntu/reddit_venv/lib/python3.10/site-packages/airflow/example_dags/example_branch_labels.py
[2024-02-20T19:07:43.441+0000] {logging_mixin.py:188} INFO - [2024-02-20T19:07:43.441+0000] {dag.py:3036} INFO - Sync 1 DAGs
[2024-02-20T19:07:43.463+0000] {logging_mixin.py:188} INFO - [2024-02-20T19:07:43.462+0000] {dag.py:3823} INFO - Setting next_dagrun for example_branch_labels to 2024-02-19 00:00:00+00:00, run_after=2024-02-20 00:00:00+00:00
[2024-02-20T19:07:43.484+0000] {processor.py:183} INFO - Processing /home/ubuntu/reddit_venv/lib/python3.10/site-packages/airflow/example_dags/example_branch_labels.py took 0.075 seconds
[2024-02-20T19:08:52.939+0000] {processor.py:161} INFO - Started process (PID=5923) to work on /home/ubuntu/reddit_venv/lib/python3.10/site-packages/airflow/example_dags/example_branch_labels.py
[2024-02-20T19:08:52.940+0000] {processor.py:830} INFO - Processing file /home/ubuntu/reddit_venv/lib/python3.10/site-packages/airflow/example_dags/example_branch_labels.py for tasks to queue
[2024-02-20T19:08:52.941+0000] {logging_mixin.py:188} INFO - [2024-02-20T19:08:52.941+0000] {dagbag.py:538} INFO - Filling up the DagBag from /home/ubuntu/reddit_venv/lib/python3.10/site-packages/airflow/example_dags/example_branch_labels.py
[2024-02-20T19:08:52.950+0000] {processor.py:840} INFO - DAG(s) 'example_branch_labels' retrieved from /home/ubuntu/reddit_venv/lib/python3.10/site-packages/airflow/example_dags/example_branch_labels.py
[2024-02-20T19:08:52.967+0000] {logging_mixin.py:188} INFO - [2024-02-20T19:08:52.967+0000] {dag.py:3036} INFO - Sync 1 DAGs
[2024-02-20T19:08:52.989+0000] {logging_mixin.py:188} INFO - [2024-02-20T19:08:52.989+0000] {dag.py:3823} INFO - Setting next_dagrun for example_branch_labels to 2024-02-19 00:00:00+00:00, run_after=2024-02-20 00:00:00+00:00
[2024-02-20T19:08:53.012+0000] {processor.py:183} INFO - Processing /home/ubuntu/reddit_venv/lib/python3.10/site-packages/airflow/example_dags/example_branch_labels.py took 0.076 seconds
[2024-02-20T19:09:52.367+0000] {processor.py:161} INFO - Started process (PID=6051) to work on /home/ubuntu/reddit_venv/lib/python3.10/site-packages/airflow/example_dags/example_branch_labels.py
[2024-02-20T19:09:52.369+0000] {processor.py:830} INFO - Processing file /home/ubuntu/reddit_venv/lib/python3.10/site-packages/airflow/example_dags/example_branch_labels.py for tasks to queue
[2024-02-20T19:09:52.370+0000] {logging_mixin.py:188} INFO - [2024-02-20T19:09:52.369+0000] {dagbag.py:538} INFO - Filling up the DagBag from /home/ubuntu/reddit_venv/lib/python3.10/site-packages/airflow/example_dags/example_branch_labels.py
[2024-02-20T19:09:52.378+0000] {processor.py:840} INFO - DAG(s) 'example_branch_labels' retrieved from /home/ubuntu/reddit_venv/lib/python3.10/site-packages/airflow/example_dags/example_branch_labels.py
[2024-02-20T19:09:52.395+0000] {logging_mixin.py:188} INFO - [2024-02-20T19:09:52.395+0000] {dag.py:3036} INFO - Sync 1 DAGs
[2024-02-20T19:09:52.417+0000] {logging_mixin.py:188} INFO - [2024-02-20T19:09:52.417+0000] {dag.py:3823} INFO - Setting next_dagrun for example_branch_labels to 2024-02-19 00:00:00+00:00, run_after=2024-02-20 00:00:00+00:00
[2024-02-20T19:09:52.438+0000] {processor.py:183} INFO - Processing /home/ubuntu/reddit_venv/lib/python3.10/site-packages/airflow/example_dags/example_branch_labels.py took 0.074 seconds
[2024-02-20T19:10:49.738+0000] {processor.py:161} INFO - Started process (PID=6178) to work on /home/ubuntu/reddit_venv/lib/python3.10/site-packages/airflow/example_dags/example_branch_labels.py
[2024-02-20T19:10:49.739+0000] {processor.py:830} INFO - Processing file /home/ubuntu/reddit_venv/lib/python3.10/site-packages/airflow/example_dags/example_branch_labels.py for tasks to queue
[2024-02-20T19:10:49.740+0000] {logging_mixin.py:188} INFO - [2024-02-20T19:10:49.740+0000] {dagbag.py:538} INFO - Filling up the DagBag from /home/ubuntu/reddit_venv/lib/python3.10/site-packages/airflow/example_dags/example_branch_labels.py
[2024-02-20T19:10:49.748+0000] {processor.py:840} INFO - DAG(s) 'example_branch_labels' retrieved from /home/ubuntu/reddit_venv/lib/python3.10/site-packages/airflow/example_dags/example_branch_labels.py
[2024-02-20T19:10:49.766+0000] {logging_mixin.py:188} INFO - [2024-02-20T19:10:49.766+0000] {dag.py:3036} INFO - Sync 1 DAGs
[2024-02-20T19:10:49.787+0000] {logging_mixin.py:188} INFO - [2024-02-20T19:10:49.786+0000] {dag.py:3823} INFO - Setting next_dagrun for example_branch_labels to 2024-02-19 00:00:00+00:00, run_after=2024-02-20 00:00:00+00:00
[2024-02-20T19:10:49.808+0000] {processor.py:183} INFO - Processing /home/ubuntu/reddit_venv/lib/python3.10/site-packages/airflow/example_dags/example_branch_labels.py took 0.073 seconds
[2024-02-20T19:11:44.887+0000] {processor.py:161} INFO - Started process (PID=6364) to work on /home/ubuntu/reddit_venv/lib/python3.10/site-packages/airflow/example_dags/example_branch_labels.py
[2024-02-20T19:11:44.889+0000] {processor.py:830} INFO - Processing file /home/ubuntu/reddit_venv/lib/python3.10/site-packages/airflow/example_dags/example_branch_labels.py for tasks to queue
[2024-02-20T19:11:44.889+0000] {logging_mixin.py:188} INFO - [2024-02-20T19:11:44.889+0000] {dagbag.py:538} INFO - Filling up the DagBag from /home/ubuntu/reddit_venv/lib/python3.10/site-packages/airflow/example_dags/example_branch_labels.py
[2024-02-20T19:11:44.898+0000] {processor.py:840} INFO - DAG(s) 'example_branch_labels' retrieved from /home/ubuntu/reddit_venv/lib/python3.10/site-packages/airflow/example_dags/example_branch_labels.py
[2024-02-20T19:11:44.915+0000] {logging_mixin.py:188} INFO - [2024-02-20T19:11:44.915+0000] {dag.py:3036} INFO - Sync 1 DAGs
[2024-02-20T19:11:44.936+0000] {logging_mixin.py:188} INFO - [2024-02-20T19:11:44.936+0000] {dag.py:3823} INFO - Setting next_dagrun for example_branch_labels to 2024-02-19 00:00:00+00:00, run_after=2024-02-20 00:00:00+00:00
[2024-02-20T19:11:44.957+0000] {processor.py:183} INFO - Processing /home/ubuntu/reddit_venv/lib/python3.10/site-packages/airflow/example_dags/example_branch_labels.py took 0.073 seconds
[2024-02-20T19:12:42.211+0000] {processor.py:161} INFO - Started process (PID=6488) to work on /home/ubuntu/reddit_venv/lib/python3.10/site-packages/airflow/example_dags/example_branch_labels.py
[2024-02-20T19:12:42.213+0000] {processor.py:830} INFO - Processing file /home/ubuntu/reddit_venv/lib/python3.10/site-packages/airflow/example_dags/example_branch_labels.py for tasks to queue
[2024-02-20T19:12:42.213+0000] {logging_mixin.py:188} INFO - [2024-02-20T19:12:42.213+0000] {dagbag.py:538} INFO - Filling up the DagBag from /home/ubuntu/reddit_venv/lib/python3.10/site-packages/airflow/example_dags/example_branch_labels.py
[2024-02-20T19:12:42.222+0000] {processor.py:840} INFO - DAG(s) 'example_branch_labels' retrieved from /home/ubuntu/reddit_venv/lib/python3.10/site-packages/airflow/example_dags/example_branch_labels.py
[2024-02-20T19:12:42.239+0000] {logging_mixin.py:188} INFO - [2024-02-20T19:12:42.239+0000] {dag.py:3036} INFO - Sync 1 DAGs
[2024-02-20T19:12:42.260+0000] {logging_mixin.py:188} INFO - [2024-02-20T19:12:42.260+0000] {dag.py:3823} INFO - Setting next_dagrun for example_branch_labels to 2024-02-19 00:00:00+00:00, run_after=2024-02-20 00:00:00+00:00
[2024-02-20T19:12:42.281+0000] {processor.py:183} INFO - Processing /home/ubuntu/reddit_venv/lib/python3.10/site-packages/airflow/example_dags/example_branch_labels.py took 0.073 seconds
[2024-02-20T19:13:41.707+0000] {processor.py:161} INFO - Started process (PID=6616) to work on /home/ubuntu/reddit_venv/lib/python3.10/site-packages/airflow/example_dags/example_branch_labels.py
[2024-02-20T19:13:41.709+0000] {processor.py:830} INFO - Processing file /home/ubuntu/reddit_venv/lib/python3.10/site-packages/airflow/example_dags/example_branch_labels.py for tasks to queue
[2024-02-20T19:13:41.710+0000] {logging_mixin.py:188} INFO - [2024-02-20T19:13:41.709+0000] {dagbag.py:538} INFO - Filling up the DagBag from /home/ubuntu/reddit_venv/lib/python3.10/site-packages/airflow/example_dags/example_branch_labels.py
[2024-02-20T19:13:41.718+0000] {processor.py:840} INFO - DAG(s) 'example_branch_labels' retrieved from /home/ubuntu/reddit_venv/lib/python3.10/site-packages/airflow/example_dags/example_branch_labels.py
[2024-02-20T19:13:41.735+0000] {logging_mixin.py:188} INFO - [2024-02-20T19:13:41.735+0000] {dag.py:3036} INFO - Sync 1 DAGs
[2024-02-20T19:13:41.756+0000] {logging_mixin.py:188} INFO - [2024-02-20T19:13:41.756+0000] {dag.py:3823} INFO - Setting next_dagrun for example_branch_labels to 2024-02-19 00:00:00+00:00, run_after=2024-02-20 00:00:00+00:00
[2024-02-20T19:13:41.778+0000] {processor.py:183} INFO - Processing /home/ubuntu/reddit_venv/lib/python3.10/site-packages/airflow/example_dags/example_branch_labels.py took 0.074 seconds
[2024-02-20T19:14:36.393+0000] {processor.py:161} INFO - Started process (PID=6740) to work on /home/ubuntu/reddit_venv/lib/python3.10/site-packages/airflow/example_dags/example_branch_labels.py
[2024-02-20T19:14:36.395+0000] {processor.py:830} INFO - Processing file /home/ubuntu/reddit_venv/lib/python3.10/site-packages/airflow/example_dags/example_branch_labels.py for tasks to queue
[2024-02-20T19:14:36.396+0000] {logging_mixin.py:188} INFO - [2024-02-20T19:14:36.395+0000] {dagbag.py:538} INFO - Filling up the DagBag from /home/ubuntu/reddit_venv/lib/python3.10/site-packages/airflow/example_dags/example_branch_labels.py
[2024-02-20T19:14:36.405+0000] {processor.py:840} INFO - DAG(s) 'example_branch_labels' retrieved from /home/ubuntu/reddit_venv/lib/python3.10/site-packages/airflow/example_dags/example_branch_labels.py
[2024-02-20T19:14:36.422+0000] {logging_mixin.py:188} INFO - [2024-02-20T19:14:36.422+0000] {dag.py:3036} INFO - Sync 1 DAGs
[2024-02-20T19:14:36.444+0000] {logging_mixin.py:188} INFO - [2024-02-20T19:14:36.443+0000] {dag.py:3823} INFO - Setting next_dagrun for example_branch_labels to 2024-02-19 00:00:00+00:00, run_after=2024-02-20 00:00:00+00:00
[2024-02-20T19:14:36.468+0000] {processor.py:183} INFO - Processing /home/ubuntu/reddit_venv/lib/python3.10/site-packages/airflow/example_dags/example_branch_labels.py took 0.078 seconds
[2024-02-20T19:16:00.631+0000] {processor.py:161} INFO - Started process (PID=7337) to work on /home/ubuntu/reddit_venv/lib/python3.10/site-packages/airflow/example_dags/example_branch_labels.py
[2024-02-20T19:16:00.633+0000] {processor.py:830} INFO - Processing file /home/ubuntu/reddit_venv/lib/python3.10/site-packages/airflow/example_dags/example_branch_labels.py for tasks to queue
[2024-02-20T19:16:00.633+0000] {logging_mixin.py:188} INFO - [2024-02-20T19:16:00.633+0000] {dagbag.py:538} INFO - Filling up the DagBag from /home/ubuntu/reddit_venv/lib/python3.10/site-packages/airflow/example_dags/example_branch_labels.py
[2024-02-20T19:16:00.642+0000] {processor.py:840} INFO - DAG(s) 'example_branch_labels' retrieved from /home/ubuntu/reddit_venv/lib/python3.10/site-packages/airflow/example_dags/example_branch_labels.py
[2024-02-20T19:16:00.659+0000] {logging_mixin.py:188} INFO - [2024-02-20T19:16:00.659+0000] {dag.py:3036} INFO - Sync 1 DAGs
[2024-02-20T19:16:00.681+0000] {logging_mixin.py:188} INFO - [2024-02-20T19:16:00.681+0000] {dag.py:3823} INFO - Setting next_dagrun for example_branch_labels to 2024-02-19 00:00:00+00:00, run_after=2024-02-20 00:00:00+00:00
[2024-02-20T19:16:00.704+0000] {processor.py:183} INFO - Processing /home/ubuntu/reddit_venv/lib/python3.10/site-packages/airflow/example_dags/example_branch_labels.py took 0.077 seconds
[2024-02-20T19:16:50.493+0000] {processor.py:161} INFO - Started process (PID=7508) to work on /home/ubuntu/reddit_venv/lib/python3.10/site-packages/airflow/example_dags/example_branch_labels.py
[2024-02-20T19:16:50.494+0000] {processor.py:830} INFO - Processing file /home/ubuntu/reddit_venv/lib/python3.10/site-packages/airflow/example_dags/example_branch_labels.py for tasks to queue
[2024-02-20T19:16:50.495+0000] {logging_mixin.py:188} INFO - [2024-02-20T19:16:50.495+0000] {dagbag.py:538} INFO - Filling up the DagBag from /home/ubuntu/reddit_venv/lib/python3.10/site-packages/airflow/example_dags/example_branch_labels.py
[2024-02-20T19:16:50.504+0000] {processor.py:840} INFO - DAG(s) 'example_branch_labels' retrieved from /home/ubuntu/reddit_venv/lib/python3.10/site-packages/airflow/example_dags/example_branch_labels.py
[2024-02-20T19:16:50.521+0000] {logging_mixin.py:188} INFO - [2024-02-20T19:16:50.521+0000] {dag.py:3036} INFO - Sync 1 DAGs
[2024-02-20T19:16:50.543+0000] {logging_mixin.py:188} INFO - [2024-02-20T19:16:50.542+0000] {dag.py:3823} INFO - Setting next_dagrun for example_branch_labels to 2024-02-19 00:00:00+00:00, run_after=2024-02-20 00:00:00+00:00
[2024-02-20T19:16:50.564+0000] {processor.py:183} INFO - Processing /home/ubuntu/reddit_venv/lib/python3.10/site-packages/airflow/example_dags/example_branch_labels.py took 0.075 seconds
[2024-02-20T19:17:48.846+0000] {processor.py:161} INFO - Started process (PID=7638) to work on /home/ubuntu/reddit_venv/lib/python3.10/site-packages/airflow/example_dags/example_branch_labels.py
[2024-02-20T19:17:48.848+0000] {processor.py:830} INFO - Processing file /home/ubuntu/reddit_venv/lib/python3.10/site-packages/airflow/example_dags/example_branch_labels.py for tasks to queue
[2024-02-20T19:17:48.849+0000] {logging_mixin.py:188} INFO - [2024-02-20T19:17:48.849+0000] {dagbag.py:538} INFO - Filling up the DagBag from /home/ubuntu/reddit_venv/lib/python3.10/site-packages/airflow/example_dags/example_branch_labels.py
[2024-02-20T19:17:48.857+0000] {processor.py:840} INFO - DAG(s) 'example_branch_labels' retrieved from /home/ubuntu/reddit_venv/lib/python3.10/site-packages/airflow/example_dags/example_branch_labels.py
[2024-02-20T19:17:48.875+0000] {logging_mixin.py:188} INFO - [2024-02-20T19:17:48.875+0000] {dag.py:3036} INFO - Sync 1 DAGs
[2024-02-20T19:17:48.896+0000] {logging_mixin.py:188} INFO - [2024-02-20T19:17:48.896+0000] {dag.py:3823} INFO - Setting next_dagrun for example_branch_labels to 2024-02-19 00:00:00+00:00, run_after=2024-02-20 00:00:00+00:00
[2024-02-20T19:17:48.918+0000] {processor.py:183} INFO - Processing /home/ubuntu/reddit_venv/lib/python3.10/site-packages/airflow/example_dags/example_branch_labels.py took 0.074 seconds
[2024-02-20T19:18:45.577+0000] {processor.py:161} INFO - Started process (PID=7761) to work on /home/ubuntu/reddit_venv/lib/python3.10/site-packages/airflow/example_dags/example_branch_labels.py
[2024-02-20T19:18:45.579+0000] {processor.py:830} INFO - Processing file /home/ubuntu/reddit_venv/lib/python3.10/site-packages/airflow/example_dags/example_branch_labels.py for tasks to queue
[2024-02-20T19:18:45.580+0000] {logging_mixin.py:188} INFO - [2024-02-20T19:18:45.579+0000] {dagbag.py:538} INFO - Filling up the DagBag from /home/ubuntu/reddit_venv/lib/python3.10/site-packages/airflow/example_dags/example_branch_labels.py
[2024-02-20T19:18:45.588+0000] {processor.py:840} INFO - DAG(s) 'example_branch_labels' retrieved from /home/ubuntu/reddit_venv/lib/python3.10/site-packages/airflow/example_dags/example_branch_labels.py
[2024-02-20T19:18:45.606+0000] {logging_mixin.py:188} INFO - [2024-02-20T19:18:45.605+0000] {dag.py:3036} INFO - Sync 1 DAGs
[2024-02-20T19:18:45.627+0000] {logging_mixin.py:188} INFO - [2024-02-20T19:18:45.627+0000] {dag.py:3823} INFO - Setting next_dagrun for example_branch_labels to 2024-02-19 00:00:00+00:00, run_after=2024-02-20 00:00:00+00:00
[2024-02-20T19:18:45.650+0000] {processor.py:183} INFO - Processing /home/ubuntu/reddit_venv/lib/python3.10/site-packages/airflow/example_dags/example_branch_labels.py took 0.076 seconds
[2024-02-20T19:19:45.077+0000] {processor.py:161} INFO - Started process (PID=7893) to work on /home/ubuntu/reddit_venv/lib/python3.10/site-packages/airflow/example_dags/example_branch_labels.py
[2024-02-20T19:19:45.080+0000] {processor.py:830} INFO - Processing file /home/ubuntu/reddit_venv/lib/python3.10/site-packages/airflow/example_dags/example_branch_labels.py for tasks to queue
[2024-02-20T19:19:45.081+0000] {logging_mixin.py:188} INFO - [2024-02-20T19:19:45.081+0000] {dagbag.py:538} INFO - Filling up the DagBag from /home/ubuntu/reddit_venv/lib/python3.10/site-packages/airflow/example_dags/example_branch_labels.py
[2024-02-20T19:19:45.090+0000] {processor.py:840} INFO - DAG(s) 'example_branch_labels' retrieved from /home/ubuntu/reddit_venv/lib/python3.10/site-packages/airflow/example_dags/example_branch_labels.py
[2024-02-20T19:19:45.107+0000] {logging_mixin.py:188} INFO - [2024-02-20T19:19:45.107+0000] {dag.py:3036} INFO - Sync 1 DAGs
[2024-02-20T19:19:45.129+0000] {logging_mixin.py:188} INFO - [2024-02-20T19:19:45.129+0000] {dag.py:3823} INFO - Setting next_dagrun for example_branch_labels to 2024-02-19 00:00:00+00:00, run_after=2024-02-20 00:00:00+00:00
[2024-02-20T19:19:45.152+0000] {processor.py:183} INFO - Processing /home/ubuntu/reddit_venv/lib/python3.10/site-packages/airflow/example_dags/example_branch_labels.py took 0.078 seconds
[2024-02-20T19:20:41.518+0000] {processor.py:161} INFO - Started process (PID=8016) to work on /home/ubuntu/reddit_venv/lib/python3.10/site-packages/airflow/example_dags/example_branch_labels.py
[2024-02-20T19:20:41.519+0000] {processor.py:830} INFO - Processing file /home/ubuntu/reddit_venv/lib/python3.10/site-packages/airflow/example_dags/example_branch_labels.py for tasks to queue
[2024-02-20T19:20:41.520+0000] {logging_mixin.py:188} INFO - [2024-02-20T19:20:41.520+0000] {dagbag.py:538} INFO - Filling up the DagBag from /home/ubuntu/reddit_venv/lib/python3.10/site-packages/airflow/example_dags/example_branch_labels.py
[2024-02-20T19:20:41.528+0000] {processor.py:840} INFO - DAG(s) 'example_branch_labels' retrieved from /home/ubuntu/reddit_venv/lib/python3.10/site-packages/airflow/example_dags/example_branch_labels.py
[2024-02-20T19:20:41.546+0000] {logging_mixin.py:188} INFO - [2024-02-20T19:20:41.546+0000] {dag.py:3036} INFO - Sync 1 DAGs
[2024-02-20T19:20:41.567+0000] {logging_mixin.py:188} INFO - [2024-02-20T19:20:41.567+0000] {dag.py:3823} INFO - Setting next_dagrun for example_branch_labels to 2024-02-19 00:00:00+00:00, run_after=2024-02-20 00:00:00+00:00
[2024-02-20T19:20:41.590+0000] {processor.py:183} INFO - Processing /home/ubuntu/reddit_venv/lib/python3.10/site-packages/airflow/example_dags/example_branch_labels.py took 0.075 seconds
[2024-02-20T19:21:37.815+0000] {processor.py:161} INFO - Started process (PID=8202) to work on /home/ubuntu/reddit_venv/lib/python3.10/site-packages/airflow/example_dags/example_branch_labels.py
[2024-02-20T19:21:37.816+0000] {processor.py:830} INFO - Processing file /home/ubuntu/reddit_venv/lib/python3.10/site-packages/airflow/example_dags/example_branch_labels.py for tasks to queue
[2024-02-20T19:21:37.817+0000] {logging_mixin.py:188} INFO - [2024-02-20T19:21:37.817+0000] {dagbag.py:538} INFO - Filling up the DagBag from /home/ubuntu/reddit_venv/lib/python3.10/site-packages/airflow/example_dags/example_branch_labels.py
[2024-02-20T19:21:37.825+0000] {processor.py:840} INFO - DAG(s) 'example_branch_labels' retrieved from /home/ubuntu/reddit_venv/lib/python3.10/site-packages/airflow/example_dags/example_branch_labels.py
[2024-02-20T19:21:37.843+0000] {logging_mixin.py:188} INFO - [2024-02-20T19:21:37.842+0000] {dag.py:3036} INFO - Sync 1 DAGs
[2024-02-20T19:21:37.864+0000] {logging_mixin.py:188} INFO - [2024-02-20T19:21:37.863+0000] {dag.py:3823} INFO - Setting next_dagrun for example_branch_labels to 2024-02-19 00:00:00+00:00, run_after=2024-02-20 00:00:00+00:00
[2024-02-20T19:21:37.885+0000] {processor.py:183} INFO - Processing /home/ubuntu/reddit_venv/lib/python3.10/site-packages/airflow/example_dags/example_branch_labels.py took 0.073 seconds
[2024-02-20T19:22:38.071+0000] {processor.py:161} INFO - Started process (PID=8331) to work on /home/ubuntu/reddit_venv/lib/python3.10/site-packages/airflow/example_dags/example_branch_labels.py
[2024-02-20T19:22:38.072+0000] {processor.py:830} INFO - Processing file /home/ubuntu/reddit_venv/lib/python3.10/site-packages/airflow/example_dags/example_branch_labels.py for tasks to queue
[2024-02-20T19:22:38.073+0000] {logging_mixin.py:188} INFO - [2024-02-20T19:22:38.073+0000] {dagbag.py:538} INFO - Filling up the DagBag from /home/ubuntu/reddit_venv/lib/python3.10/site-packages/airflow/example_dags/example_branch_labels.py
[2024-02-20T19:22:38.082+0000] {processor.py:840} INFO - DAG(s) 'example_branch_labels' retrieved from /home/ubuntu/reddit_venv/lib/python3.10/site-packages/airflow/example_dags/example_branch_labels.py
[2024-02-20T19:22:38.100+0000] {logging_mixin.py:188} INFO - [2024-02-20T19:22:38.100+0000] {dag.py:3036} INFO - Sync 1 DAGs
[2024-02-20T19:22:38.121+0000] {logging_mixin.py:188} INFO - [2024-02-20T19:22:38.121+0000] {dag.py:3823} INFO - Setting next_dagrun for example_branch_labels to 2024-02-19 00:00:00+00:00, run_after=2024-02-20 00:00:00+00:00
[2024-02-20T19:22:38.143+0000] {processor.py:183} INFO - Processing /home/ubuntu/reddit_venv/lib/python3.10/site-packages/airflow/example_dags/example_branch_labels.py took 0.076 seconds
[2024-02-20T19:23:30.705+0000] {processor.py:161} INFO - Started process (PID=8454) to work on /home/ubuntu/reddit_venv/lib/python3.10/site-packages/airflow/example_dags/example_branch_labels.py
[2024-02-20T19:23:30.706+0000] {processor.py:830} INFO - Processing file /home/ubuntu/reddit_venv/lib/python3.10/site-packages/airflow/example_dags/example_branch_labels.py for tasks to queue
[2024-02-20T19:23:30.707+0000] {logging_mixin.py:188} INFO - [2024-02-20T19:23:30.707+0000] {dagbag.py:538} INFO - Filling up the DagBag from /home/ubuntu/reddit_venv/lib/python3.10/site-packages/airflow/example_dags/example_branch_labels.py
[2024-02-20T19:23:30.715+0000] {processor.py:840} INFO - DAG(s) 'example_branch_labels' retrieved from /home/ubuntu/reddit_venv/lib/python3.10/site-packages/airflow/example_dags/example_branch_labels.py
[2024-02-20T19:23:30.733+0000] {logging_mixin.py:188} INFO - [2024-02-20T19:23:30.733+0000] {dag.py:3036} INFO - Sync 1 DAGs
[2024-02-20T19:23:30.755+0000] {logging_mixin.py:188} INFO - [2024-02-20T19:23:30.754+0000] {dag.py:3823} INFO - Setting next_dagrun for example_branch_labels to 2024-02-19 00:00:00+00:00, run_after=2024-02-20 00:00:00+00:00
[2024-02-20T19:23:30.777+0000] {processor.py:183} INFO - Processing /home/ubuntu/reddit_venv/lib/python3.10/site-packages/airflow/example_dags/example_branch_labels.py took 0.075 seconds
[2024-02-20T19:24:27.534+0000] {processor.py:161} INFO - Started process (PID=8577) to work on /home/ubuntu/reddit_venv/lib/python3.10/site-packages/airflow/example_dags/example_branch_labels.py
[2024-02-20T19:24:27.535+0000] {processor.py:830} INFO - Processing file /home/ubuntu/reddit_venv/lib/python3.10/site-packages/airflow/example_dags/example_branch_labels.py for tasks to queue
[2024-02-20T19:24:27.536+0000] {logging_mixin.py:188} INFO - [2024-02-20T19:24:27.536+0000] {dagbag.py:538} INFO - Filling up the DagBag from /home/ubuntu/reddit_venv/lib/python3.10/site-packages/airflow/example_dags/example_branch_labels.py
[2024-02-20T19:24:27.545+0000] {processor.py:840} INFO - DAG(s) 'example_branch_labels' retrieved from /home/ubuntu/reddit_venv/lib/python3.10/site-packages/airflow/example_dags/example_branch_labels.py
[2024-02-20T19:24:27.563+0000] {logging_mixin.py:188} INFO - [2024-02-20T19:24:27.562+0000] {dag.py:3036} INFO - Sync 1 DAGs
[2024-02-20T19:24:27.585+0000] {logging_mixin.py:188} INFO - [2024-02-20T19:24:27.584+0000] {dag.py:3823} INFO - Setting next_dagrun for example_branch_labels to 2024-02-19 00:00:00+00:00, run_after=2024-02-20 00:00:00+00:00
[2024-02-20T19:24:27.607+0000] {processor.py:183} INFO - Processing /home/ubuntu/reddit_venv/lib/python3.10/site-packages/airflow/example_dags/example_branch_labels.py took 0.077 seconds
[2024-02-20T19:25:30.684+0000] {processor.py:161} INFO - Started process (PID=8710) to work on /home/ubuntu/reddit_venv/lib/python3.10/site-packages/airflow/example_dags/example_branch_labels.py
[2024-02-20T19:25:30.686+0000] {processor.py:830} INFO - Processing file /home/ubuntu/reddit_venv/lib/python3.10/site-packages/airflow/example_dags/example_branch_labels.py for tasks to queue
[2024-02-20T19:25:30.687+0000] {logging_mixin.py:188} INFO - [2024-02-20T19:25:30.686+0000] {dagbag.py:538} INFO - Filling up the DagBag from /home/ubuntu/reddit_venv/lib/python3.10/site-packages/airflow/example_dags/example_branch_labels.py
[2024-02-20T19:25:30.695+0000] {processor.py:840} INFO - DAG(s) 'example_branch_labels' retrieved from /home/ubuntu/reddit_venv/lib/python3.10/site-packages/airflow/example_dags/example_branch_labels.py
[2024-02-20T19:25:30.714+0000] {logging_mixin.py:188} INFO - [2024-02-20T19:25:30.714+0000] {dag.py:3036} INFO - Sync 1 DAGs
[2024-02-20T19:25:30.737+0000] {logging_mixin.py:188} INFO - [2024-02-20T19:25:30.737+0000] {dag.py:3823} INFO - Setting next_dagrun for example_branch_labels to 2024-02-19 00:00:00+00:00, run_after=2024-02-20 00:00:00+00:00
[2024-02-20T19:25:30.760+0000] {processor.py:183} INFO - Processing /home/ubuntu/reddit_venv/lib/python3.10/site-packages/airflow/example_dags/example_branch_labels.py took 0.079 seconds
