[2024-02-20T18:07:21.173+0000] {processor.py:161} INFO - Started process (PID=2016) to work on /home/ubuntu/reddit_venv/lib/python3.10/site-packages/airflow/example_dags/example_branch_operator_decorator.py
[2024-02-20T18:07:21.174+0000] {processor.py:830} INFO - Processing file /home/ubuntu/reddit_venv/lib/python3.10/site-packages/airflow/example_dags/example_branch_operator_decorator.py for tasks to queue
[2024-02-20T18:07:21.175+0000] {logging_mixin.py:188} INFO - [2024-02-20T18:07:21.175+0000] {dagbag.py:538} INFO - Filling up the DagBag from /home/ubuntu/reddit_venv/lib/python3.10/site-packages/airflow/example_dags/example_branch_operator_decorator.py
[2024-02-20T18:07:21.199+0000] {processor.py:840} INFO - DAG(s) 'example_branch_python_operator_decorator' retrieved from /home/ubuntu/reddit_venv/lib/python3.10/site-packages/airflow/example_dags/example_branch_operator_decorator.py
[2024-02-20T18:07:21.309+0000] {logging_mixin.py:188} INFO - [2024-02-20T18:07:21.309+0000] {dag.py:3036} INFO - Sync 1 DAGs
[2024-02-20T18:07:21.338+0000] {logging_mixin.py:188} INFO - [2024-02-20T18:07:21.338+0000] {dag.py:3823} INFO - Setting next_dagrun for example_branch_python_operator_decorator to 2024-02-19 00:00:00+00:00, run_after=2024-02-20 00:00:00+00:00
[2024-02-20T18:07:21.375+0000] {processor.py:183} INFO - Processing /home/ubuntu/reddit_venv/lib/python3.10/site-packages/airflow/example_dags/example_branch_operator_decorator.py took 0.204 seconds
[2024-02-20T18:08:24.521+0000] {processor.py:161} INFO - Started process (PID=2551) to work on /home/ubuntu/reddit_venv/lib/python3.10/site-packages/airflow/example_dags/example_branch_operator_decorator.py
[2024-02-20T18:08:24.522+0000] {processor.py:830} INFO - Processing file /home/ubuntu/reddit_venv/lib/python3.10/site-packages/airflow/example_dags/example_branch_operator_decorator.py for tasks to queue
[2024-02-20T18:08:24.523+0000] {logging_mixin.py:188} INFO - [2024-02-20T18:08:24.523+0000] {dagbag.py:538} INFO - Filling up the DagBag from /home/ubuntu/reddit_venv/lib/python3.10/site-packages/airflow/example_dags/example_branch_operator_decorator.py
[2024-02-20T18:08:24.547+0000] {processor.py:840} INFO - DAG(s) 'example_branch_python_operator_decorator' retrieved from /home/ubuntu/reddit_venv/lib/python3.10/site-packages/airflow/example_dags/example_branch_operator_decorator.py
[2024-02-20T18:08:24.571+0000] {logging_mixin.py:188} INFO - [2024-02-20T18:08:24.570+0000] {dag.py:3036} INFO - Sync 1 DAGs
[2024-02-20T18:08:24.592+0000] {logging_mixin.py:188} INFO - [2024-02-20T18:08:24.591+0000] {dag.py:3823} INFO - Setting next_dagrun for example_branch_python_operator_decorator to 2024-02-19 00:00:00+00:00, run_after=2024-02-20 00:00:00+00:00
[2024-02-20T18:08:24.614+0000] {processor.py:183} INFO - Processing /home/ubuntu/reddit_venv/lib/python3.10/site-packages/airflow/example_dags/example_branch_operator_decorator.py took 0.097 seconds
[2024-02-20T18:09:22.735+0000] {processor.py:161} INFO - Started process (PID=2798) to work on /home/ubuntu/reddit_venv/lib/python3.10/site-packages/airflow/example_dags/example_branch_operator_decorator.py
[2024-02-20T18:09:22.737+0000] {processor.py:830} INFO - Processing file /home/ubuntu/reddit_venv/lib/python3.10/site-packages/airflow/example_dags/example_branch_operator_decorator.py for tasks to queue
[2024-02-20T18:09:22.738+0000] {logging_mixin.py:188} INFO - [2024-02-20T18:09:22.738+0000] {dagbag.py:538} INFO - Filling up the DagBag from /home/ubuntu/reddit_venv/lib/python3.10/site-packages/airflow/example_dags/example_branch_operator_decorator.py
[2024-02-20T18:09:22.763+0000] {processor.py:840} INFO - DAG(s) 'example_branch_python_operator_decorator' retrieved from /home/ubuntu/reddit_venv/lib/python3.10/site-packages/airflow/example_dags/example_branch_operator_decorator.py
[2024-02-20T18:09:22.790+0000] {logging_mixin.py:188} INFO - [2024-02-20T18:09:22.790+0000] {dag.py:3036} INFO - Sync 1 DAGs
[2024-02-20T18:09:22.820+0000] {logging_mixin.py:188} INFO - [2024-02-20T18:09:22.820+0000] {dag.py:3823} INFO - Setting next_dagrun for example_branch_python_operator_decorator to 2024-02-19 00:00:00+00:00, run_after=2024-02-20 00:00:00+00:00
[2024-02-20T18:09:22.843+0000] {processor.py:183} INFO - Processing /home/ubuntu/reddit_venv/lib/python3.10/site-packages/airflow/example_dags/example_branch_operator_decorator.py took 0.111 seconds
[2024-02-20T18:10:21.358+0000] {processor.py:161} INFO - Started process (PID=3113) to work on /home/ubuntu/reddit_venv/lib/python3.10/site-packages/airflow/example_dags/example_branch_operator_decorator.py
[2024-02-20T18:10:21.359+0000] {processor.py:830} INFO - Processing file /home/ubuntu/reddit_venv/lib/python3.10/site-packages/airflow/example_dags/example_branch_operator_decorator.py for tasks to queue
[2024-02-20T18:10:21.360+0000] {logging_mixin.py:188} INFO - [2024-02-20T18:10:21.360+0000] {dagbag.py:538} INFO - Filling up the DagBag from /home/ubuntu/reddit_venv/lib/python3.10/site-packages/airflow/example_dags/example_branch_operator_decorator.py
[2024-02-20T18:10:21.384+0000] {processor.py:840} INFO - DAG(s) 'example_branch_python_operator_decorator' retrieved from /home/ubuntu/reddit_venv/lib/python3.10/site-packages/airflow/example_dags/example_branch_operator_decorator.py
[2024-02-20T18:10:21.409+0000] {logging_mixin.py:188} INFO - [2024-02-20T18:10:21.409+0000] {dag.py:3036} INFO - Sync 1 DAGs
[2024-02-20T18:10:21.430+0000] {logging_mixin.py:188} INFO - [2024-02-20T18:10:21.430+0000] {dag.py:3823} INFO - Setting next_dagrun for example_branch_python_operator_decorator to 2024-02-19 00:00:00+00:00, run_after=2024-02-20 00:00:00+00:00
[2024-02-20T18:10:21.453+0000] {processor.py:183} INFO - Processing /home/ubuntu/reddit_venv/lib/python3.10/site-packages/airflow/example_dags/example_branch_operator_decorator.py took 0.098 seconds
[2024-02-20T18:11:16.628+0000] {processor.py:161} INFO - Started process (PID=3422) to work on /home/ubuntu/reddit_venv/lib/python3.10/site-packages/airflow/example_dags/example_branch_operator_decorator.py
[2024-02-20T18:11:16.630+0000] {processor.py:830} INFO - Processing file /home/ubuntu/reddit_venv/lib/python3.10/site-packages/airflow/example_dags/example_branch_operator_decorator.py for tasks to queue
[2024-02-20T18:11:16.631+0000] {logging_mixin.py:188} INFO - [2024-02-20T18:11:16.630+0000] {dagbag.py:538} INFO - Filling up the DagBag from /home/ubuntu/reddit_venv/lib/python3.10/site-packages/airflow/example_dags/example_branch_operator_decorator.py
[2024-02-20T18:11:16.654+0000] {processor.py:840} INFO - DAG(s) 'example_branch_python_operator_decorator' retrieved from /home/ubuntu/reddit_venv/lib/python3.10/site-packages/airflow/example_dags/example_branch_operator_decorator.py
[2024-02-20T18:11:16.678+0000] {logging_mixin.py:188} INFO - [2024-02-20T18:11:16.678+0000] {dag.py:3036} INFO - Sync 1 DAGs
[2024-02-20T18:11:16.700+0000] {logging_mixin.py:188} INFO - [2024-02-20T18:11:16.699+0000] {dag.py:3823} INFO - Setting next_dagrun for example_branch_python_operator_decorator to 2024-02-19 00:00:00+00:00, run_after=2024-02-20 00:00:00+00:00
[2024-02-20T18:11:16.723+0000] {processor.py:183} INFO - Processing /home/ubuntu/reddit_venv/lib/python3.10/site-packages/airflow/example_dags/example_branch_operator_decorator.py took 0.098 seconds
[2024-02-20T18:12:15.021+0000] {processor.py:161} INFO - Started process (PID=3743) to work on /home/ubuntu/reddit_venv/lib/python3.10/site-packages/airflow/example_dags/example_branch_operator_decorator.py
[2024-02-20T18:12:15.023+0000] {processor.py:830} INFO - Processing file /home/ubuntu/reddit_venv/lib/python3.10/site-packages/airflow/example_dags/example_branch_operator_decorator.py for tasks to queue
[2024-02-20T18:12:15.024+0000] {logging_mixin.py:188} INFO - [2024-02-20T18:12:15.023+0000] {dagbag.py:538} INFO - Filling up the DagBag from /home/ubuntu/reddit_venv/lib/python3.10/site-packages/airflow/example_dags/example_branch_operator_decorator.py
[2024-02-20T18:12:15.047+0000] {processor.py:840} INFO - DAG(s) 'example_branch_python_operator_decorator' retrieved from /home/ubuntu/reddit_venv/lib/python3.10/site-packages/airflow/example_dags/example_branch_operator_decorator.py
[2024-02-20T18:12:15.071+0000] {logging_mixin.py:188} INFO - [2024-02-20T18:12:15.071+0000] {dag.py:3036} INFO - Sync 1 DAGs
[2024-02-20T18:12:15.093+0000] {logging_mixin.py:188} INFO - [2024-02-20T18:12:15.093+0000] {dag.py:3823} INFO - Setting next_dagrun for example_branch_python_operator_decorator to 2024-02-19 00:00:00+00:00, run_after=2024-02-20 00:00:00+00:00
[2024-02-20T18:12:15.117+0000] {processor.py:183} INFO - Processing /home/ubuntu/reddit_venv/lib/python3.10/site-packages/airflow/example_dags/example_branch_operator_decorator.py took 0.099 seconds
[2024-02-20T18:13:09.311+0000] {processor.py:161} INFO - Started process (PID=3866) to work on /home/ubuntu/reddit_venv/lib/python3.10/site-packages/airflow/example_dags/example_branch_operator_decorator.py
[2024-02-20T18:13:09.313+0000] {processor.py:830} INFO - Processing file /home/ubuntu/reddit_venv/lib/python3.10/site-packages/airflow/example_dags/example_branch_operator_decorator.py for tasks to queue
[2024-02-20T18:13:09.314+0000] {logging_mixin.py:188} INFO - [2024-02-20T18:13:09.313+0000] {dagbag.py:538} INFO - Filling up the DagBag from /home/ubuntu/reddit_venv/lib/python3.10/site-packages/airflow/example_dags/example_branch_operator_decorator.py
[2024-02-20T18:13:09.338+0000] {processor.py:840} INFO - DAG(s) 'example_branch_python_operator_decorator' retrieved from /home/ubuntu/reddit_venv/lib/python3.10/site-packages/airflow/example_dags/example_branch_operator_decorator.py
[2024-02-20T18:13:09.362+0000] {logging_mixin.py:188} INFO - [2024-02-20T18:13:09.362+0000] {dag.py:3036} INFO - Sync 1 DAGs
[2024-02-20T18:13:09.385+0000] {logging_mixin.py:188} INFO - [2024-02-20T18:13:09.385+0000] {dag.py:3823} INFO - Setting next_dagrun for example_branch_python_operator_decorator to 2024-02-19 00:00:00+00:00, run_after=2024-02-20 00:00:00+00:00
[2024-02-20T18:13:09.407+0000] {processor.py:183} INFO - Processing /home/ubuntu/reddit_venv/lib/python3.10/site-packages/airflow/example_dags/example_branch_operator_decorator.py took 0.099 seconds
[2024-02-20T18:14:06.698+0000] {processor.py:161} INFO - Started process (PID=3991) to work on /home/ubuntu/reddit_venv/lib/python3.10/site-packages/airflow/example_dags/example_branch_operator_decorator.py
[2024-02-20T18:14:06.699+0000] {processor.py:830} INFO - Processing file /home/ubuntu/reddit_venv/lib/python3.10/site-packages/airflow/example_dags/example_branch_operator_decorator.py for tasks to queue
[2024-02-20T18:14:06.700+0000] {logging_mixin.py:188} INFO - [2024-02-20T18:14:06.700+0000] {dagbag.py:538} INFO - Filling up the DagBag from /home/ubuntu/reddit_venv/lib/python3.10/site-packages/airflow/example_dags/example_branch_operator_decorator.py
[2024-02-20T18:14:06.723+0000] {processor.py:840} INFO - DAG(s) 'example_branch_python_operator_decorator' retrieved from /home/ubuntu/reddit_venv/lib/python3.10/site-packages/airflow/example_dags/example_branch_operator_decorator.py
[2024-02-20T18:14:06.748+0000] {logging_mixin.py:188} INFO - [2024-02-20T18:14:06.747+0000] {dag.py:3036} INFO - Sync 1 DAGs
[2024-02-20T18:14:06.770+0000] {logging_mixin.py:188} INFO - [2024-02-20T18:14:06.769+0000] {dag.py:3823} INFO - Setting next_dagrun for example_branch_python_operator_decorator to 2024-02-19 00:00:00+00:00, run_after=2024-02-20 00:00:00+00:00
[2024-02-20T18:14:06.792+0000] {processor.py:183} INFO - Processing /home/ubuntu/reddit_venv/lib/python3.10/site-packages/airflow/example_dags/example_branch_operator_decorator.py took 0.098 seconds
[2024-02-20T18:15:03.848+0000] {processor.py:161} INFO - Started process (PID=4117) to work on /home/ubuntu/reddit_venv/lib/python3.10/site-packages/airflow/example_dags/example_branch_operator_decorator.py
[2024-02-20T18:15:03.850+0000] {processor.py:830} INFO - Processing file /home/ubuntu/reddit_venv/lib/python3.10/site-packages/airflow/example_dags/example_branch_operator_decorator.py for tasks to queue
[2024-02-20T18:15:03.851+0000] {logging_mixin.py:188} INFO - [2024-02-20T18:15:03.850+0000] {dagbag.py:538} INFO - Filling up the DagBag from /home/ubuntu/reddit_venv/lib/python3.10/site-packages/airflow/example_dags/example_branch_operator_decorator.py
[2024-02-20T18:15:03.874+0000] {processor.py:840} INFO - DAG(s) 'example_branch_python_operator_decorator' retrieved from /home/ubuntu/reddit_venv/lib/python3.10/site-packages/airflow/example_dags/example_branch_operator_decorator.py
[2024-02-20T18:15:03.899+0000] {logging_mixin.py:188} INFO - [2024-02-20T18:15:03.898+0000] {dag.py:3036} INFO - Sync 1 DAGs
[2024-02-20T18:15:03.920+0000] {logging_mixin.py:188} INFO - [2024-02-20T18:15:03.920+0000] {dag.py:3823} INFO - Setting next_dagrun for example_branch_python_operator_decorator to 2024-02-19 00:00:00+00:00, run_after=2024-02-20 00:00:00+00:00
[2024-02-20T18:15:03.952+0000] {processor.py:183} INFO - Processing /home/ubuntu/reddit_venv/lib/python3.10/site-packages/airflow/example_dags/example_branch_operator_decorator.py took 0.108 seconds
[2024-02-20T18:16:02.666+0000] {processor.py:161} INFO - Started process (PID=4249) to work on /home/ubuntu/reddit_venv/lib/python3.10/site-packages/airflow/example_dags/example_branch_operator_decorator.py
[2024-02-20T18:16:02.668+0000] {processor.py:830} INFO - Processing file /home/ubuntu/reddit_venv/lib/python3.10/site-packages/airflow/example_dags/example_branch_operator_decorator.py for tasks to queue
[2024-02-20T18:16:02.669+0000] {logging_mixin.py:188} INFO - [2024-02-20T18:16:02.669+0000] {dagbag.py:538} INFO - Filling up the DagBag from /home/ubuntu/reddit_venv/lib/python3.10/site-packages/airflow/example_dags/example_branch_operator_decorator.py
[2024-02-20T18:16:02.693+0000] {processor.py:840} INFO - DAG(s) 'example_branch_python_operator_decorator' retrieved from /home/ubuntu/reddit_venv/lib/python3.10/site-packages/airflow/example_dags/example_branch_operator_decorator.py
[2024-02-20T18:16:02.718+0000] {logging_mixin.py:188} INFO - [2024-02-20T18:16:02.718+0000] {dag.py:3036} INFO - Sync 1 DAGs
[2024-02-20T18:16:02.740+0000] {logging_mixin.py:188} INFO - [2024-02-20T18:16:02.740+0000] {dag.py:3823} INFO - Setting next_dagrun for example_branch_python_operator_decorator to 2024-02-19 00:00:00+00:00, run_after=2024-02-20 00:00:00+00:00
[2024-02-20T18:16:02.764+0000] {processor.py:183} INFO - Processing /home/ubuntu/reddit_venv/lib/python3.10/site-packages/airflow/example_dags/example_branch_operator_decorator.py took 0.101 seconds
[2024-02-20T18:16:59.373+0000] {processor.py:161} INFO - Started process (PID=4434) to work on /home/ubuntu/reddit_venv/lib/python3.10/site-packages/airflow/example_dags/example_branch_operator_decorator.py
[2024-02-20T18:16:59.376+0000] {processor.py:830} INFO - Processing file /home/ubuntu/reddit_venv/lib/python3.10/site-packages/airflow/example_dags/example_branch_operator_decorator.py for tasks to queue
[2024-02-20T18:16:59.377+0000] {logging_mixin.py:188} INFO - [2024-02-20T18:16:59.377+0000] {dagbag.py:538} INFO - Filling up the DagBag from /home/ubuntu/reddit_venv/lib/python3.10/site-packages/airflow/example_dags/example_branch_operator_decorator.py
[2024-02-20T18:16:59.401+0000] {processor.py:840} INFO - DAG(s) 'example_branch_python_operator_decorator' retrieved from /home/ubuntu/reddit_venv/lib/python3.10/site-packages/airflow/example_dags/example_branch_operator_decorator.py
[2024-02-20T18:16:59.425+0000] {logging_mixin.py:188} INFO - [2024-02-20T18:16:59.425+0000] {dag.py:3036} INFO - Sync 1 DAGs
[2024-02-20T18:16:59.450+0000] {logging_mixin.py:188} INFO - [2024-02-20T18:16:59.449+0000] {dag.py:3823} INFO - Setting next_dagrun for example_branch_python_operator_decorator to 2024-02-19 00:00:00+00:00, run_after=2024-02-20 00:00:00+00:00
[2024-02-20T18:16:59.474+0000] {processor.py:183} INFO - Processing /home/ubuntu/reddit_venv/lib/python3.10/site-packages/airflow/example_dags/example_branch_operator_decorator.py took 0.104 seconds
[2024-02-20T18:18:00.597+0000] {processor.py:161} INFO - Started process (PID=4568) to work on /home/ubuntu/reddit_venv/lib/python3.10/site-packages/airflow/example_dags/example_branch_operator_decorator.py
[2024-02-20T18:18:00.599+0000] {processor.py:830} INFO - Processing file /home/ubuntu/reddit_venv/lib/python3.10/site-packages/airflow/example_dags/example_branch_operator_decorator.py for tasks to queue
[2024-02-20T18:18:00.600+0000] {logging_mixin.py:188} INFO - [2024-02-20T18:18:00.599+0000] {dagbag.py:538} INFO - Filling up the DagBag from /home/ubuntu/reddit_venv/lib/python3.10/site-packages/airflow/example_dags/example_branch_operator_decorator.py
[2024-02-20T18:18:00.624+0000] {processor.py:840} INFO - DAG(s) 'example_branch_python_operator_decorator' retrieved from /home/ubuntu/reddit_venv/lib/python3.10/site-packages/airflow/example_dags/example_branch_operator_decorator.py
[2024-02-20T18:18:00.648+0000] {logging_mixin.py:188} INFO - [2024-02-20T18:18:00.648+0000] {dag.py:3036} INFO - Sync 1 DAGs
[2024-02-20T18:18:00.669+0000] {logging_mixin.py:188} INFO - [2024-02-20T18:18:00.669+0000] {dag.py:3823} INFO - Setting next_dagrun for example_branch_python_operator_decorator to 2024-02-19 00:00:00+00:00, run_after=2024-02-20 00:00:00+00:00
[2024-02-20T18:18:00.693+0000] {processor.py:183} INFO - Processing /home/ubuntu/reddit_venv/lib/python3.10/site-packages/airflow/example_dags/example_branch_operator_decorator.py took 0.100 seconds
[2024-02-20T18:18:59.115+0000] {processor.py:161} INFO - Started process (PID=4695) to work on /home/ubuntu/reddit_venv/lib/python3.10/site-packages/airflow/example_dags/example_branch_operator_decorator.py
[2024-02-20T18:18:59.117+0000] {processor.py:830} INFO - Processing file /home/ubuntu/reddit_venv/lib/python3.10/site-packages/airflow/example_dags/example_branch_operator_decorator.py for tasks to queue
[2024-02-20T18:18:59.118+0000] {logging_mixin.py:188} INFO - [2024-02-20T18:18:59.117+0000] {dagbag.py:538} INFO - Filling up the DagBag from /home/ubuntu/reddit_venv/lib/python3.10/site-packages/airflow/example_dags/example_branch_operator_decorator.py
[2024-02-20T18:18:59.142+0000] {processor.py:840} INFO - DAG(s) 'example_branch_python_operator_decorator' retrieved from /home/ubuntu/reddit_venv/lib/python3.10/site-packages/airflow/example_dags/example_branch_operator_decorator.py
[2024-02-20T18:18:59.166+0000] {logging_mixin.py:188} INFO - [2024-02-20T18:18:59.166+0000] {dag.py:3036} INFO - Sync 1 DAGs
[2024-02-20T18:18:59.188+0000] {logging_mixin.py:188} INFO - [2024-02-20T18:18:59.188+0000] {dag.py:3823} INFO - Setting next_dagrun for example_branch_python_operator_decorator to 2024-02-19 00:00:00+00:00, run_after=2024-02-20 00:00:00+00:00
[2024-02-20T18:18:59.211+0000] {processor.py:183} INFO - Processing /home/ubuntu/reddit_venv/lib/python3.10/site-packages/airflow/example_dags/example_branch_operator_decorator.py took 0.099 seconds
[2024-02-20T18:19:56.482+0000] {processor.py:161} INFO - Started process (PID=4887) to work on /home/ubuntu/reddit_venv/lib/python3.10/site-packages/airflow/example_dags/example_branch_operator_decorator.py
[2024-02-20T18:19:56.484+0000] {processor.py:830} INFO - Processing file /home/ubuntu/reddit_venv/lib/python3.10/site-packages/airflow/example_dags/example_branch_operator_decorator.py for tasks to queue
[2024-02-20T18:19:56.485+0000] {logging_mixin.py:188} INFO - [2024-02-20T18:19:56.484+0000] {dagbag.py:538} INFO - Filling up the DagBag from /home/ubuntu/reddit_venv/lib/python3.10/site-packages/airflow/example_dags/example_branch_operator_decorator.py
[2024-02-20T18:19:56.508+0000] {processor.py:840} INFO - DAG(s) 'example_branch_python_operator_decorator' retrieved from /home/ubuntu/reddit_venv/lib/python3.10/site-packages/airflow/example_dags/example_branch_operator_decorator.py
[2024-02-20T18:19:56.532+0000] {logging_mixin.py:188} INFO - [2024-02-20T18:19:56.532+0000] {dag.py:3036} INFO - Sync 1 DAGs
[2024-02-20T18:19:56.554+0000] {logging_mixin.py:188} INFO - [2024-02-20T18:19:56.553+0000] {dag.py:3823} INFO - Setting next_dagrun for example_branch_python_operator_decorator to 2024-02-19 00:00:00+00:00, run_after=2024-02-20 00:00:00+00:00
[2024-02-20T18:19:56.576+0000] {processor.py:183} INFO - Processing /home/ubuntu/reddit_venv/lib/python3.10/site-packages/airflow/example_dags/example_branch_operator_decorator.py took 0.097 seconds
[2024-02-20T18:20:52.438+0000] {processor.py:161} INFO - Started process (PID=5010) to work on /home/ubuntu/reddit_venv/lib/python3.10/site-packages/airflow/example_dags/example_branch_operator_decorator.py
[2024-02-20T18:20:52.440+0000] {processor.py:830} INFO - Processing file /home/ubuntu/reddit_venv/lib/python3.10/site-packages/airflow/example_dags/example_branch_operator_decorator.py for tasks to queue
[2024-02-20T18:20:52.440+0000] {logging_mixin.py:188} INFO - [2024-02-20T18:20:52.440+0000] {dagbag.py:538} INFO - Filling up the DagBag from /home/ubuntu/reddit_venv/lib/python3.10/site-packages/airflow/example_dags/example_branch_operator_decorator.py
[2024-02-20T18:20:52.465+0000] {processor.py:840} INFO - DAG(s) 'example_branch_python_operator_decorator' retrieved from /home/ubuntu/reddit_venv/lib/python3.10/site-packages/airflow/example_dags/example_branch_operator_decorator.py
[2024-02-20T18:20:52.489+0000] {logging_mixin.py:188} INFO - [2024-02-20T18:20:52.489+0000] {dag.py:3036} INFO - Sync 1 DAGs
[2024-02-20T18:20:52.511+0000] {logging_mixin.py:188} INFO - [2024-02-20T18:20:52.511+0000] {dag.py:3823} INFO - Setting next_dagrun for example_branch_python_operator_decorator to 2024-02-19 00:00:00+00:00, run_after=2024-02-20 00:00:00+00:00
[2024-02-20T18:20:52.535+0000] {processor.py:183} INFO - Processing /home/ubuntu/reddit_venv/lib/python3.10/site-packages/airflow/example_dags/example_branch_operator_decorator.py took 0.100 seconds
[2024-02-20T18:21:48.423+0000] {processor.py:161} INFO - Started process (PID=5195) to work on /home/ubuntu/reddit_venv/lib/python3.10/site-packages/airflow/example_dags/example_branch_operator_decorator.py
[2024-02-20T18:21:48.427+0000] {processor.py:830} INFO - Processing file /home/ubuntu/reddit_venv/lib/python3.10/site-packages/airflow/example_dags/example_branch_operator_decorator.py for tasks to queue
[2024-02-20T18:21:48.428+0000] {logging_mixin.py:188} INFO - [2024-02-20T18:21:48.428+0000] {dagbag.py:538} INFO - Filling up the DagBag from /home/ubuntu/reddit_venv/lib/python3.10/site-packages/airflow/example_dags/example_branch_operator_decorator.py
[2024-02-20T18:21:48.451+0000] {processor.py:840} INFO - DAG(s) 'example_branch_python_operator_decorator' retrieved from /home/ubuntu/reddit_venv/lib/python3.10/site-packages/airflow/example_dags/example_branch_operator_decorator.py
[2024-02-20T18:21:48.475+0000] {logging_mixin.py:188} INFO - [2024-02-20T18:21:48.475+0000] {dag.py:3036} INFO - Sync 1 DAGs
[2024-02-20T18:21:48.496+0000] {logging_mixin.py:188} INFO - [2024-02-20T18:21:48.496+0000] {dag.py:3823} INFO - Setting next_dagrun for example_branch_python_operator_decorator to 2024-02-19 00:00:00+00:00, run_after=2024-02-20 00:00:00+00:00
[2024-02-20T18:21:48.518+0000] {processor.py:183} INFO - Processing /home/ubuntu/reddit_venv/lib/python3.10/site-packages/airflow/example_dags/example_branch_operator_decorator.py took 0.099 seconds
[2024-02-20T18:51:46.619+0000] {processor.py:161} INFO - Started process (PID=1866) to work on /home/ubuntu/reddit_venv/lib/python3.10/site-packages/airflow/example_dags/example_branch_operator_decorator.py
[2024-02-20T18:51:46.622+0000] {processor.py:830} INFO - Processing file /home/ubuntu/reddit_venv/lib/python3.10/site-packages/airflow/example_dags/example_branch_operator_decorator.py for tasks to queue
[2024-02-20T18:51:46.623+0000] {logging_mixin.py:188} INFO - [2024-02-20T18:51:46.623+0000] {dagbag.py:538} INFO - Filling up the DagBag from /home/ubuntu/reddit_venv/lib/python3.10/site-packages/airflow/example_dags/example_branch_operator_decorator.py
[2024-02-20T18:51:46.646+0000] {processor.py:840} INFO - DAG(s) 'example_branch_python_operator_decorator' retrieved from /home/ubuntu/reddit_venv/lib/python3.10/site-packages/airflow/example_dags/example_branch_operator_decorator.py
[2024-02-20T18:51:46.749+0000] {logging_mixin.py:188} INFO - [2024-02-20T18:51:46.749+0000] {dag.py:3036} INFO - Sync 1 DAGs
[2024-02-20T18:51:46.769+0000] {logging_mixin.py:188} INFO - [2024-02-20T18:51:46.769+0000] {dag.py:3823} INFO - Setting next_dagrun for example_branch_python_operator_decorator to 2024-02-19 00:00:00+00:00, run_after=2024-02-20 00:00:00+00:00
[2024-02-20T18:51:46.796+0000] {processor.py:183} INFO - Processing /home/ubuntu/reddit_venv/lib/python3.10/site-packages/airflow/example_dags/example_branch_operator_decorator.py took 0.179 seconds
[2024-02-20T18:52:59.700+0000] {processor.py:161} INFO - Started process (PID=2258) to work on /home/ubuntu/reddit_venv/lib/python3.10/site-packages/airflow/example_dags/example_branch_operator_decorator.py
[2024-02-20T18:52:59.704+0000] {processor.py:830} INFO - Processing file /home/ubuntu/reddit_venv/lib/python3.10/site-packages/airflow/example_dags/example_branch_operator_decorator.py for tasks to queue
[2024-02-20T18:52:59.705+0000] {logging_mixin.py:188} INFO - [2024-02-20T18:52:59.705+0000] {dagbag.py:538} INFO - Filling up the DagBag from /home/ubuntu/reddit_venv/lib/python3.10/site-packages/airflow/example_dags/example_branch_operator_decorator.py
[2024-02-20T18:52:59.729+0000] {processor.py:840} INFO - DAG(s) 'example_branch_python_operator_decorator' retrieved from /home/ubuntu/reddit_venv/lib/python3.10/site-packages/airflow/example_dags/example_branch_operator_decorator.py
[2024-02-20T18:52:59.753+0000] {logging_mixin.py:188} INFO - [2024-02-20T18:52:59.753+0000] {dag.py:3036} INFO - Sync 1 DAGs
[2024-02-20T18:52:59.775+0000] {logging_mixin.py:188} INFO - [2024-02-20T18:52:59.775+0000] {dag.py:3823} INFO - Setting next_dagrun for example_branch_python_operator_decorator to 2024-02-19 00:00:00+00:00, run_after=2024-02-20 00:00:00+00:00
[2024-02-20T18:52:59.797+0000] {processor.py:183} INFO - Processing /home/ubuntu/reddit_venv/lib/python3.10/site-packages/airflow/example_dags/example_branch_operator_decorator.py took 0.101 seconds
[2024-02-20T18:53:48.058+0000] {processor.py:161} INFO - Started process (PID=2373) to work on /home/ubuntu/reddit_venv/lib/python3.10/site-packages/airflow/example_dags/example_branch_operator_decorator.py
[2024-02-20T18:53:48.059+0000] {processor.py:830} INFO - Processing file /home/ubuntu/reddit_venv/lib/python3.10/site-packages/airflow/example_dags/example_branch_operator_decorator.py for tasks to queue
[2024-02-20T18:53:48.060+0000] {logging_mixin.py:188} INFO - [2024-02-20T18:53:48.060+0000] {dagbag.py:538} INFO - Filling up the DagBag from /home/ubuntu/reddit_venv/lib/python3.10/site-packages/airflow/example_dags/example_branch_operator_decorator.py
[2024-02-20T18:53:48.083+0000] {processor.py:840} INFO - DAG(s) 'example_branch_python_operator_decorator' retrieved from /home/ubuntu/reddit_venv/lib/python3.10/site-packages/airflow/example_dags/example_branch_operator_decorator.py
[2024-02-20T18:53:48.106+0000] {logging_mixin.py:188} INFO - [2024-02-20T18:53:48.106+0000] {dag.py:3036} INFO - Sync 1 DAGs
[2024-02-20T18:53:48.127+0000] {logging_mixin.py:188} INFO - [2024-02-20T18:53:48.127+0000] {dag.py:3823} INFO - Setting next_dagrun for example_branch_python_operator_decorator to 2024-02-19 00:00:00+00:00, run_after=2024-02-20 00:00:00+00:00
[2024-02-20T18:53:48.148+0000] {processor.py:183} INFO - Processing /home/ubuntu/reddit_venv/lib/python3.10/site-packages/airflow/example_dags/example_branch_operator_decorator.py took 0.094 seconds
[2024-02-20T18:54:48.794+0000] {processor.py:161} INFO - Started process (PID=2506) to work on /home/ubuntu/reddit_venv/lib/python3.10/site-packages/airflow/example_dags/example_branch_operator_decorator.py
[2024-02-20T18:54:48.795+0000] {processor.py:830} INFO - Processing file /home/ubuntu/reddit_venv/lib/python3.10/site-packages/airflow/example_dags/example_branch_operator_decorator.py for tasks to queue
[2024-02-20T18:54:48.796+0000] {logging_mixin.py:188} INFO - [2024-02-20T18:54:48.796+0000] {dagbag.py:538} INFO - Filling up the DagBag from /home/ubuntu/reddit_venv/lib/python3.10/site-packages/airflow/example_dags/example_branch_operator_decorator.py
[2024-02-20T18:54:48.819+0000] {processor.py:840} INFO - DAG(s) 'example_branch_python_operator_decorator' retrieved from /home/ubuntu/reddit_venv/lib/python3.10/site-packages/airflow/example_dags/example_branch_operator_decorator.py
[2024-02-20T18:54:48.843+0000] {logging_mixin.py:188} INFO - [2024-02-20T18:54:48.843+0000] {dag.py:3036} INFO - Sync 1 DAGs
[2024-02-20T18:54:48.864+0000] {logging_mixin.py:188} INFO - [2024-02-20T18:54:48.864+0000] {dag.py:3823} INFO - Setting next_dagrun for example_branch_python_operator_decorator to 2024-02-19 00:00:00+00:00, run_after=2024-02-20 00:00:00+00:00
[2024-02-20T18:54:48.886+0000] {processor.py:183} INFO - Processing /home/ubuntu/reddit_venv/lib/python3.10/site-packages/airflow/example_dags/example_branch_operator_decorator.py took 0.095 seconds
[2024-02-20T18:55:46.290+0000] {processor.py:161} INFO - Started process (PID=2635) to work on /home/ubuntu/reddit_venv/lib/python3.10/site-packages/airflow/example_dags/example_branch_operator_decorator.py
[2024-02-20T18:55:46.291+0000] {processor.py:830} INFO - Processing file /home/ubuntu/reddit_venv/lib/python3.10/site-packages/airflow/example_dags/example_branch_operator_decorator.py for tasks to queue
[2024-02-20T18:55:46.292+0000] {logging_mixin.py:188} INFO - [2024-02-20T18:55:46.292+0000] {dagbag.py:538} INFO - Filling up the DagBag from /home/ubuntu/reddit_venv/lib/python3.10/site-packages/airflow/example_dags/example_branch_operator_decorator.py
[2024-02-20T18:55:46.315+0000] {processor.py:840} INFO - DAG(s) 'example_branch_python_operator_decorator' retrieved from /home/ubuntu/reddit_venv/lib/python3.10/site-packages/airflow/example_dags/example_branch_operator_decorator.py
[2024-02-20T18:55:46.338+0000] {logging_mixin.py:188} INFO - [2024-02-20T18:55:46.338+0000] {dag.py:3036} INFO - Sync 1 DAGs
[2024-02-20T18:55:46.359+0000] {logging_mixin.py:188} INFO - [2024-02-20T18:55:46.359+0000] {dag.py:3823} INFO - Setting next_dagrun for example_branch_python_operator_decorator to 2024-02-19 00:00:00+00:00, run_after=2024-02-20 00:00:00+00:00
[2024-02-20T18:55:46.381+0000] {processor.py:183} INFO - Processing /home/ubuntu/reddit_venv/lib/python3.10/site-packages/airflow/example_dags/example_branch_operator_decorator.py took 0.095 seconds
[2024-02-20T18:56:45.598+0000] {processor.py:161} INFO - Started process (PID=2822) to work on /home/ubuntu/reddit_venv/lib/python3.10/site-packages/airflow/example_dags/example_branch_operator_decorator.py
[2024-02-20T18:56:45.599+0000] {processor.py:830} INFO - Processing file /home/ubuntu/reddit_venv/lib/python3.10/site-packages/airflow/example_dags/example_branch_operator_decorator.py for tasks to queue
[2024-02-20T18:56:45.600+0000] {logging_mixin.py:188} INFO - [2024-02-20T18:56:45.600+0000] {dagbag.py:538} INFO - Filling up the DagBag from /home/ubuntu/reddit_venv/lib/python3.10/site-packages/airflow/example_dags/example_branch_operator_decorator.py
[2024-02-20T18:56:45.623+0000] {processor.py:840} INFO - DAG(s) 'example_branch_python_operator_decorator' retrieved from /home/ubuntu/reddit_venv/lib/python3.10/site-packages/airflow/example_dags/example_branch_operator_decorator.py
[2024-02-20T18:56:45.646+0000] {logging_mixin.py:188} INFO - [2024-02-20T18:56:45.646+0000] {dag.py:3036} INFO - Sync 1 DAGs
[2024-02-20T18:56:45.668+0000] {logging_mixin.py:188} INFO - [2024-02-20T18:56:45.667+0000] {dag.py:3823} INFO - Setting next_dagrun for example_branch_python_operator_decorator to 2024-02-19 00:00:00+00:00, run_after=2024-02-20 00:00:00+00:00
[2024-02-20T18:56:45.689+0000] {processor.py:183} INFO - Processing /home/ubuntu/reddit_venv/lib/python3.10/site-packages/airflow/example_dags/example_branch_operator_decorator.py took 0.094 seconds
[2024-02-20T18:58:06.965+0000] {processor.py:161} INFO - Started process (PID=3409) to work on /home/ubuntu/reddit_venv/lib/python3.10/site-packages/airflow/example_dags/example_branch_operator_decorator.py
[2024-02-20T18:58:06.968+0000] {processor.py:830} INFO - Processing file /home/ubuntu/reddit_venv/lib/python3.10/site-packages/airflow/example_dags/example_branch_operator_decorator.py for tasks to queue
[2024-02-20T18:58:06.969+0000] {logging_mixin.py:188} INFO - [2024-02-20T18:58:06.968+0000] {dagbag.py:538} INFO - Filling up the DagBag from /home/ubuntu/reddit_venv/lib/python3.10/site-packages/airflow/example_dags/example_branch_operator_decorator.py
[2024-02-20T18:58:06.992+0000] {processor.py:840} INFO - DAG(s) 'example_branch_python_operator_decorator' retrieved from /home/ubuntu/reddit_venv/lib/python3.10/site-packages/airflow/example_dags/example_branch_operator_decorator.py
[2024-02-20T18:58:07.016+0000] {logging_mixin.py:188} INFO - [2024-02-20T18:58:07.016+0000] {dag.py:3036} INFO - Sync 1 DAGs
[2024-02-20T18:58:07.038+0000] {logging_mixin.py:188} INFO - [2024-02-20T18:58:07.038+0000] {dag.py:3823} INFO - Setting next_dagrun for example_branch_python_operator_decorator to 2024-02-19 00:00:00+00:00, run_after=2024-02-20 00:00:00+00:00
[2024-02-20T18:58:07.061+0000] {processor.py:183} INFO - Processing /home/ubuntu/reddit_venv/lib/python3.10/site-packages/airflow/example_dags/example_branch_operator_decorator.py took 0.099 seconds
[2024-02-20T18:59:06.794+0000] {processor.py:161} INFO - Started process (PID=3539) to work on /home/ubuntu/reddit_venv/lib/python3.10/site-packages/airflow/example_dags/example_branch_operator_decorator.py
[2024-02-20T18:59:06.797+0000] {processor.py:830} INFO - Processing file /home/ubuntu/reddit_venv/lib/python3.10/site-packages/airflow/example_dags/example_branch_operator_decorator.py for tasks to queue
[2024-02-20T18:59:06.798+0000] {logging_mixin.py:188} INFO - [2024-02-20T18:59:06.797+0000] {dagbag.py:538} INFO - Filling up the DagBag from /home/ubuntu/reddit_venv/lib/python3.10/site-packages/airflow/example_dags/example_branch_operator_decorator.py
[2024-02-20T18:59:06.821+0000] {processor.py:840} INFO - DAG(s) 'example_branch_python_operator_decorator' retrieved from /home/ubuntu/reddit_venv/lib/python3.10/site-packages/airflow/example_dags/example_branch_operator_decorator.py
[2024-02-20T18:59:06.844+0000] {logging_mixin.py:188} INFO - [2024-02-20T18:59:06.844+0000] {dag.py:3036} INFO - Sync 1 DAGs
[2024-02-20T18:59:06.866+0000] {logging_mixin.py:188} INFO - [2024-02-20T18:59:06.865+0000] {dag.py:3823} INFO - Setting next_dagrun for example_branch_python_operator_decorator to 2024-02-19 00:00:00+00:00, run_after=2024-02-20 00:00:00+00:00
[2024-02-20T18:59:06.888+0000] {processor.py:183} INFO - Processing /home/ubuntu/reddit_venv/lib/python3.10/site-packages/airflow/example_dags/example_branch_operator_decorator.py took 0.097 seconds
[2024-02-20T18:59:59.818+0000] {processor.py:161} INFO - Started process (PID=3663) to work on /home/ubuntu/reddit_venv/lib/python3.10/site-packages/airflow/example_dags/example_branch_operator_decorator.py
[2024-02-20T18:59:59.820+0000] {processor.py:830} INFO - Processing file /home/ubuntu/reddit_venv/lib/python3.10/site-packages/airflow/example_dags/example_branch_operator_decorator.py for tasks to queue
[2024-02-20T18:59:59.821+0000] {logging_mixin.py:188} INFO - [2024-02-20T18:59:59.820+0000] {dagbag.py:538} INFO - Filling up the DagBag from /home/ubuntu/reddit_venv/lib/python3.10/site-packages/airflow/example_dags/example_branch_operator_decorator.py
[2024-02-20T18:59:59.844+0000] {processor.py:840} INFO - DAG(s) 'example_branch_python_operator_decorator' retrieved from /home/ubuntu/reddit_venv/lib/python3.10/site-packages/airflow/example_dags/example_branch_operator_decorator.py
[2024-02-20T18:59:59.869+0000] {logging_mixin.py:188} INFO - [2024-02-20T18:59:59.868+0000] {dag.py:3036} INFO - Sync 1 DAGs
[2024-02-20T18:59:59.890+0000] {logging_mixin.py:188} INFO - [2024-02-20T18:59:59.890+0000] {dag.py:3823} INFO - Setting next_dagrun for example_branch_python_operator_decorator to 2024-02-19 00:00:00+00:00, run_after=2024-02-20 00:00:00+00:00
[2024-02-20T18:59:59.922+0000] {processor.py:183} INFO - Processing /home/ubuntu/reddit_venv/lib/python3.10/site-packages/airflow/example_dags/example_branch_operator_decorator.py took 0.108 seconds
[2024-02-20T19:01:28.943+0000] {processor.py:161} INFO - Started process (PID=4313) to work on /home/ubuntu/reddit_venv/lib/python3.10/site-packages/airflow/example_dags/example_branch_operator_decorator.py
[2024-02-20T19:01:28.944+0000] {processor.py:830} INFO - Processing file /home/ubuntu/reddit_venv/lib/python3.10/site-packages/airflow/example_dags/example_branch_operator_decorator.py for tasks to queue
[2024-02-20T19:01:28.945+0000] {logging_mixin.py:188} INFO - [2024-02-20T19:01:28.945+0000] {dagbag.py:538} INFO - Filling up the DagBag from /home/ubuntu/reddit_venv/lib/python3.10/site-packages/airflow/example_dags/example_branch_operator_decorator.py
[2024-02-20T19:01:28.969+0000] {processor.py:840} INFO - DAG(s) 'example_branch_python_operator_decorator' retrieved from /home/ubuntu/reddit_venv/lib/python3.10/site-packages/airflow/example_dags/example_branch_operator_decorator.py
[2024-02-20T19:01:28.992+0000] {logging_mixin.py:188} INFO - [2024-02-20T19:01:28.992+0000] {dag.py:3036} INFO - Sync 1 DAGs
[2024-02-20T19:01:29.014+0000] {logging_mixin.py:188} INFO - [2024-02-20T19:01:29.013+0000] {dag.py:3823} INFO - Setting next_dagrun for example_branch_python_operator_decorator to 2024-02-19 00:00:00+00:00, run_after=2024-02-20 00:00:00+00:00
[2024-02-20T19:01:29.036+0000] {processor.py:183} INFO - Processing /home/ubuntu/reddit_venv/lib/python3.10/site-packages/airflow/example_dags/example_branch_operator_decorator.py took 0.096 seconds
[2024-02-20T19:02:27.393+0000] {processor.py:161} INFO - Started process (PID=4441) to work on /home/ubuntu/reddit_venv/lib/python3.10/site-packages/airflow/example_dags/example_branch_operator_decorator.py
[2024-02-20T19:02:27.394+0000] {processor.py:830} INFO - Processing file /home/ubuntu/reddit_venv/lib/python3.10/site-packages/airflow/example_dags/example_branch_operator_decorator.py for tasks to queue
[2024-02-20T19:02:27.395+0000] {logging_mixin.py:188} INFO - [2024-02-20T19:02:27.395+0000] {dagbag.py:538} INFO - Filling up the DagBag from /home/ubuntu/reddit_venv/lib/python3.10/site-packages/airflow/example_dags/example_branch_operator_decorator.py
[2024-02-20T19:02:27.418+0000] {processor.py:840} INFO - DAG(s) 'example_branch_python_operator_decorator' retrieved from /home/ubuntu/reddit_venv/lib/python3.10/site-packages/airflow/example_dags/example_branch_operator_decorator.py
[2024-02-20T19:02:27.441+0000] {logging_mixin.py:188} INFO - [2024-02-20T19:02:27.441+0000] {dag.py:3036} INFO - Sync 1 DAGs
[2024-02-20T19:02:27.462+0000] {logging_mixin.py:188} INFO - [2024-02-20T19:02:27.462+0000] {dag.py:3823} INFO - Setting next_dagrun for example_branch_python_operator_decorator to 2024-02-19 00:00:00+00:00, run_after=2024-02-20 00:00:00+00:00
[2024-02-20T19:02:27.484+0000] {processor.py:183} INFO - Processing /home/ubuntu/reddit_venv/lib/python3.10/site-packages/airflow/example_dags/example_branch_operator_decorator.py took 0.094 seconds
[2024-02-20T19:03:23.969+0000] {processor.py:161} INFO - Started process (PID=4571) to work on /home/ubuntu/reddit_venv/lib/python3.10/site-packages/airflow/example_dags/example_branch_operator_decorator.py
[2024-02-20T19:03:23.970+0000] {processor.py:830} INFO - Processing file /home/ubuntu/reddit_venv/lib/python3.10/site-packages/airflow/example_dags/example_branch_operator_decorator.py for tasks to queue
[2024-02-20T19:03:23.971+0000] {logging_mixin.py:188} INFO - [2024-02-20T19:03:23.971+0000] {dagbag.py:538} INFO - Filling up the DagBag from /home/ubuntu/reddit_venv/lib/python3.10/site-packages/airflow/example_dags/example_branch_operator_decorator.py
[2024-02-20T19:03:23.994+0000] {processor.py:840} INFO - DAG(s) 'example_branch_python_operator_decorator' retrieved from /home/ubuntu/reddit_venv/lib/python3.10/site-packages/airflow/example_dags/example_branch_operator_decorator.py
[2024-02-20T19:03:24.018+0000] {logging_mixin.py:188} INFO - [2024-02-20T19:03:24.017+0000] {dag.py:3036} INFO - Sync 1 DAGs
[2024-02-20T19:03:24.039+0000] {logging_mixin.py:188} INFO - [2024-02-20T19:03:24.038+0000] {dag.py:3823} INFO - Setting next_dagrun for example_branch_python_operator_decorator to 2024-02-19 00:00:00+00:00, run_after=2024-02-20 00:00:00+00:00
[2024-02-20T19:03:24.060+0000] {processor.py:183} INFO - Processing /home/ubuntu/reddit_venv/lib/python3.10/site-packages/airflow/example_dags/example_branch_operator_decorator.py took 0.095 seconds
[2024-02-20T19:04:22.640+0000] {processor.py:161} INFO - Started process (PID=4694) to work on /home/ubuntu/reddit_venv/lib/python3.10/site-packages/airflow/example_dags/example_branch_operator_decorator.py
[2024-02-20T19:04:22.641+0000] {processor.py:830} INFO - Processing file /home/ubuntu/reddit_venv/lib/python3.10/site-packages/airflow/example_dags/example_branch_operator_decorator.py for tasks to queue
[2024-02-20T19:04:22.642+0000] {logging_mixin.py:188} INFO - [2024-02-20T19:04:22.642+0000] {dagbag.py:538} INFO - Filling up the DagBag from /home/ubuntu/reddit_venv/lib/python3.10/site-packages/airflow/example_dags/example_branch_operator_decorator.py
[2024-02-20T19:04:22.666+0000] {processor.py:840} INFO - DAG(s) 'example_branch_python_operator_decorator' retrieved from /home/ubuntu/reddit_venv/lib/python3.10/site-packages/airflow/example_dags/example_branch_operator_decorator.py
[2024-02-20T19:04:22.690+0000] {logging_mixin.py:188} INFO - [2024-02-20T19:04:22.690+0000] {dag.py:3036} INFO - Sync 1 DAGs
[2024-02-20T19:04:22.711+0000] {logging_mixin.py:188} INFO - [2024-02-20T19:04:22.711+0000] {dag.py:3823} INFO - Setting next_dagrun for example_branch_python_operator_decorator to 2024-02-19 00:00:00+00:00, run_after=2024-02-20 00:00:00+00:00
[2024-02-20T19:04:22.734+0000] {processor.py:183} INFO - Processing /home/ubuntu/reddit_venv/lib/python3.10/site-packages/airflow/example_dags/example_branch_operator_decorator.py took 0.097 seconds
[2024-02-20T19:05:18.277+0000] {processor.py:161} INFO - Started process (PID=4824) to work on /home/ubuntu/reddit_venv/lib/python3.10/site-packages/airflow/example_dags/example_branch_operator_decorator.py
[2024-02-20T19:05:18.278+0000] {processor.py:830} INFO - Processing file /home/ubuntu/reddit_venv/lib/python3.10/site-packages/airflow/example_dags/example_branch_operator_decorator.py for tasks to queue
[2024-02-20T19:05:18.279+0000] {logging_mixin.py:188} INFO - [2024-02-20T19:05:18.279+0000] {dagbag.py:538} INFO - Filling up the DagBag from /home/ubuntu/reddit_venv/lib/python3.10/site-packages/airflow/example_dags/example_branch_operator_decorator.py
[2024-02-20T19:05:18.303+0000] {processor.py:840} INFO - DAG(s) 'example_branch_python_operator_decorator' retrieved from /home/ubuntu/reddit_venv/lib/python3.10/site-packages/airflow/example_dags/example_branch_operator_decorator.py
[2024-02-20T19:05:18.326+0000] {logging_mixin.py:188} INFO - [2024-02-20T19:05:18.326+0000] {dag.py:3036} INFO - Sync 1 DAGs
[2024-02-20T19:05:18.348+0000] {logging_mixin.py:188} INFO - [2024-02-20T19:05:18.348+0000] {dag.py:3823} INFO - Setting next_dagrun for example_branch_python_operator_decorator to 2024-02-19 00:00:00+00:00, run_after=2024-02-20 00:00:00+00:00
[2024-02-20T19:05:18.370+0000] {processor.py:183} INFO - Processing /home/ubuntu/reddit_venv/lib/python3.10/site-packages/airflow/example_dags/example_branch_operator_decorator.py took 0.097 seconds
[2024-02-20T19:06:16.456+0000] {processor.py:161} INFO - Started process (PID=5189) to work on /home/ubuntu/reddit_venv/lib/python3.10/site-packages/airflow/example_dags/example_branch_operator_decorator.py
[2024-02-20T19:06:16.457+0000] {processor.py:830} INFO - Processing file /home/ubuntu/reddit_venv/lib/python3.10/site-packages/airflow/example_dags/example_branch_operator_decorator.py for tasks to queue
[2024-02-20T19:06:16.458+0000] {logging_mixin.py:188} INFO - [2024-02-20T19:06:16.458+0000] {dagbag.py:538} INFO - Filling up the DagBag from /home/ubuntu/reddit_venv/lib/python3.10/site-packages/airflow/example_dags/example_branch_operator_decorator.py
[2024-02-20T19:06:16.481+0000] {processor.py:840} INFO - DAG(s) 'example_branch_python_operator_decorator' retrieved from /home/ubuntu/reddit_venv/lib/python3.10/site-packages/airflow/example_dags/example_branch_operator_decorator.py
[2024-02-20T19:06:16.504+0000] {logging_mixin.py:188} INFO - [2024-02-20T19:06:16.504+0000] {dag.py:3036} INFO - Sync 1 DAGs
[2024-02-20T19:06:16.525+0000] {logging_mixin.py:188} INFO - [2024-02-20T19:06:16.525+0000] {dag.py:3823} INFO - Setting next_dagrun for example_branch_python_operator_decorator to 2024-02-19 00:00:00+00:00, run_after=2024-02-20 00:00:00+00:00
[2024-02-20T19:06:16.547+0000] {processor.py:183} INFO - Processing /home/ubuntu/reddit_venv/lib/python3.10/site-packages/airflow/example_dags/example_branch_operator_decorator.py took 0.094 seconds
[2024-02-20T19:07:09.367+0000] {processor.py:161} INFO - Started process (PID=5312) to work on /home/ubuntu/reddit_venv/lib/python3.10/site-packages/airflow/example_dags/example_branch_operator_decorator.py
[2024-02-20T19:07:09.369+0000] {processor.py:830} INFO - Processing file /home/ubuntu/reddit_venv/lib/python3.10/site-packages/airflow/example_dags/example_branch_operator_decorator.py for tasks to queue
[2024-02-20T19:07:09.370+0000] {logging_mixin.py:188} INFO - [2024-02-20T19:07:09.369+0000] {dagbag.py:538} INFO - Filling up the DagBag from /home/ubuntu/reddit_venv/lib/python3.10/site-packages/airflow/example_dags/example_branch_operator_decorator.py
[2024-02-20T19:07:09.392+0000] {processor.py:840} INFO - DAG(s) 'example_branch_python_operator_decorator' retrieved from /home/ubuntu/reddit_venv/lib/python3.10/site-packages/airflow/example_dags/example_branch_operator_decorator.py
[2024-02-20T19:07:09.416+0000] {logging_mixin.py:188} INFO - [2024-02-20T19:07:09.416+0000] {dag.py:3036} INFO - Sync 1 DAGs
[2024-02-20T19:07:09.437+0000] {logging_mixin.py:188} INFO - [2024-02-20T19:07:09.437+0000] {dag.py:3823} INFO - Setting next_dagrun for example_branch_python_operator_decorator to 2024-02-19 00:00:00+00:00, run_after=2024-02-20 00:00:00+00:00
[2024-02-20T19:07:09.459+0000] {processor.py:183} INFO - Processing /home/ubuntu/reddit_venv/lib/python3.10/site-packages/airflow/example_dags/example_branch_operator_decorator.py took 0.095 seconds
[2024-02-20T19:08:23.378+0000] {processor.py:161} INFO - Started process (PID=5888) to work on /home/ubuntu/reddit_venv/lib/python3.10/site-packages/airflow/example_dags/example_branch_operator_decorator.py
[2024-02-20T19:08:23.379+0000] {processor.py:830} INFO - Processing file /home/ubuntu/reddit_venv/lib/python3.10/site-packages/airflow/example_dags/example_branch_operator_decorator.py for tasks to queue
[2024-02-20T19:08:23.380+0000] {logging_mixin.py:188} INFO - [2024-02-20T19:08:23.380+0000] {dagbag.py:538} INFO - Filling up the DagBag from /home/ubuntu/reddit_venv/lib/python3.10/site-packages/airflow/example_dags/example_branch_operator_decorator.py
[2024-02-20T19:08:23.403+0000] {processor.py:840} INFO - DAG(s) 'example_branch_python_operator_decorator' retrieved from /home/ubuntu/reddit_venv/lib/python3.10/site-packages/airflow/example_dags/example_branch_operator_decorator.py
[2024-02-20T19:08:23.427+0000] {logging_mixin.py:188} INFO - [2024-02-20T19:08:23.427+0000] {dag.py:3036} INFO - Sync 1 DAGs
[2024-02-20T19:08:23.449+0000] {logging_mixin.py:188} INFO - [2024-02-20T19:08:23.448+0000] {dag.py:3823} INFO - Setting next_dagrun for example_branch_python_operator_decorator to 2024-02-19 00:00:00+00:00, run_after=2024-02-20 00:00:00+00:00
[2024-02-20T19:08:23.471+0000] {processor.py:183} INFO - Processing /home/ubuntu/reddit_venv/lib/python3.10/site-packages/airflow/example_dags/example_branch_operator_decorator.py took 0.096 seconds
[2024-02-20T19:09:15.372+0000] {processor.py:161} INFO - Started process (PID=6008) to work on /home/ubuntu/reddit_venv/lib/python3.10/site-packages/airflow/example_dags/example_branch_operator_decorator.py
[2024-02-20T19:09:15.374+0000] {processor.py:830} INFO - Processing file /home/ubuntu/reddit_venv/lib/python3.10/site-packages/airflow/example_dags/example_branch_operator_decorator.py for tasks to queue
[2024-02-20T19:09:15.375+0000] {logging_mixin.py:188} INFO - [2024-02-20T19:09:15.374+0000] {dagbag.py:538} INFO - Filling up the DagBag from /home/ubuntu/reddit_venv/lib/python3.10/site-packages/airflow/example_dags/example_branch_operator_decorator.py
[2024-02-20T19:09:15.398+0000] {processor.py:840} INFO - DAG(s) 'example_branch_python_operator_decorator' retrieved from /home/ubuntu/reddit_venv/lib/python3.10/site-packages/airflow/example_dags/example_branch_operator_decorator.py
[2024-02-20T19:09:15.422+0000] {logging_mixin.py:188} INFO - [2024-02-20T19:09:15.421+0000] {dag.py:3036} INFO - Sync 1 DAGs
[2024-02-20T19:09:15.443+0000] {logging_mixin.py:188} INFO - [2024-02-20T19:09:15.443+0000] {dag.py:3823} INFO - Setting next_dagrun for example_branch_python_operator_decorator to 2024-02-19 00:00:00+00:00, run_after=2024-02-20 00:00:00+00:00
[2024-02-20T19:09:15.466+0000] {processor.py:183} INFO - Processing /home/ubuntu/reddit_venv/lib/python3.10/site-packages/airflow/example_dags/example_branch_operator_decorator.py took 0.097 seconds
[2024-02-20T19:10:16.024+0000] {processor.py:161} INFO - Started process (PID=6137) to work on /home/ubuntu/reddit_venv/lib/python3.10/site-packages/airflow/example_dags/example_branch_operator_decorator.py
[2024-02-20T19:10:16.025+0000] {processor.py:830} INFO - Processing file /home/ubuntu/reddit_venv/lib/python3.10/site-packages/airflow/example_dags/example_branch_operator_decorator.py for tasks to queue
[2024-02-20T19:10:16.026+0000] {logging_mixin.py:188} INFO - [2024-02-20T19:10:16.026+0000] {dagbag.py:538} INFO - Filling up the DagBag from /home/ubuntu/reddit_venv/lib/python3.10/site-packages/airflow/example_dags/example_branch_operator_decorator.py
[2024-02-20T19:10:16.050+0000] {processor.py:840} INFO - DAG(s) 'example_branch_python_operator_decorator' retrieved from /home/ubuntu/reddit_venv/lib/python3.10/site-packages/airflow/example_dags/example_branch_operator_decorator.py
[2024-02-20T19:10:16.073+0000] {logging_mixin.py:188} INFO - [2024-02-20T19:10:16.073+0000] {dag.py:3036} INFO - Sync 1 DAGs
[2024-02-20T19:10:16.095+0000] {logging_mixin.py:188} INFO - [2024-02-20T19:10:16.095+0000] {dag.py:3823} INFO - Setting next_dagrun for example_branch_python_operator_decorator to 2024-02-19 00:00:00+00:00, run_after=2024-02-20 00:00:00+00:00
[2024-02-20T19:10:16.117+0000] {processor.py:183} INFO - Processing /home/ubuntu/reddit_venv/lib/python3.10/site-packages/airflow/example_dags/example_branch_operator_decorator.py took 0.097 seconds
[2024-02-20T19:11:10.330+0000] {processor.py:161} INFO - Started process (PID=6325) to work on /home/ubuntu/reddit_venv/lib/python3.10/site-packages/airflow/example_dags/example_branch_operator_decorator.py
[2024-02-20T19:11:10.332+0000] {processor.py:830} INFO - Processing file /home/ubuntu/reddit_venv/lib/python3.10/site-packages/airflow/example_dags/example_branch_operator_decorator.py for tasks to queue
[2024-02-20T19:11:10.333+0000] {logging_mixin.py:188} INFO - [2024-02-20T19:11:10.333+0000] {dagbag.py:538} INFO - Filling up the DagBag from /home/ubuntu/reddit_venv/lib/python3.10/site-packages/airflow/example_dags/example_branch_operator_decorator.py
[2024-02-20T19:11:10.356+0000] {processor.py:840} INFO - DAG(s) 'example_branch_python_operator_decorator' retrieved from /home/ubuntu/reddit_venv/lib/python3.10/site-packages/airflow/example_dags/example_branch_operator_decorator.py
[2024-02-20T19:11:10.380+0000] {logging_mixin.py:188} INFO - [2024-02-20T19:11:10.379+0000] {dag.py:3036} INFO - Sync 1 DAGs
[2024-02-20T19:11:10.400+0000] {logging_mixin.py:188} INFO - [2024-02-20T19:11:10.400+0000] {dag.py:3823} INFO - Setting next_dagrun for example_branch_python_operator_decorator to 2024-02-19 00:00:00+00:00, run_after=2024-02-20 00:00:00+00:00
[2024-02-20T19:11:10.421+0000] {processor.py:183} INFO - Processing /home/ubuntu/reddit_venv/lib/python3.10/site-packages/airflow/example_dags/example_branch_operator_decorator.py took 0.094 seconds
[2024-02-20T19:12:07.314+0000] {processor.py:161} INFO - Started process (PID=6447) to work on /home/ubuntu/reddit_venv/lib/python3.10/site-packages/airflow/example_dags/example_branch_operator_decorator.py
[2024-02-20T19:12:07.319+0000] {processor.py:830} INFO - Processing file /home/ubuntu/reddit_venv/lib/python3.10/site-packages/airflow/example_dags/example_branch_operator_decorator.py for tasks to queue
[2024-02-20T19:12:07.320+0000] {logging_mixin.py:188} INFO - [2024-02-20T19:12:07.320+0000] {dagbag.py:538} INFO - Filling up the DagBag from /home/ubuntu/reddit_venv/lib/python3.10/site-packages/airflow/example_dags/example_branch_operator_decorator.py
[2024-02-20T19:12:07.343+0000] {processor.py:840} INFO - DAG(s) 'example_branch_python_operator_decorator' retrieved from /home/ubuntu/reddit_venv/lib/python3.10/site-packages/airflow/example_dags/example_branch_operator_decorator.py
[2024-02-20T19:12:07.366+0000] {logging_mixin.py:188} INFO - [2024-02-20T19:12:07.366+0000] {dag.py:3036} INFO - Sync 1 DAGs
[2024-02-20T19:12:07.388+0000] {logging_mixin.py:188} INFO - [2024-02-20T19:12:07.388+0000] {dag.py:3823} INFO - Setting next_dagrun for example_branch_python_operator_decorator to 2024-02-19 00:00:00+00:00, run_after=2024-02-20 00:00:00+00:00
[2024-02-20T19:12:07.411+0000] {processor.py:183} INFO - Processing /home/ubuntu/reddit_venv/lib/python3.10/site-packages/airflow/example_dags/example_branch_operator_decorator.py took 0.100 seconds
[2024-02-20T19:13:03.495+0000] {processor.py:161} INFO - Started process (PID=6572) to work on /home/ubuntu/reddit_venv/lib/python3.10/site-packages/airflow/example_dags/example_branch_operator_decorator.py
[2024-02-20T19:13:03.497+0000] {processor.py:830} INFO - Processing file /home/ubuntu/reddit_venv/lib/python3.10/site-packages/airflow/example_dags/example_branch_operator_decorator.py for tasks to queue
[2024-02-20T19:13:03.498+0000] {logging_mixin.py:188} INFO - [2024-02-20T19:13:03.497+0000] {dagbag.py:538} INFO - Filling up the DagBag from /home/ubuntu/reddit_venv/lib/python3.10/site-packages/airflow/example_dags/example_branch_operator_decorator.py
[2024-02-20T19:13:03.521+0000] {processor.py:840} INFO - DAG(s) 'example_branch_python_operator_decorator' retrieved from /home/ubuntu/reddit_venv/lib/python3.10/site-packages/airflow/example_dags/example_branch_operator_decorator.py
[2024-02-20T19:13:03.545+0000] {logging_mixin.py:188} INFO - [2024-02-20T19:13:03.545+0000] {dag.py:3036} INFO - Sync 1 DAGs
[2024-02-20T19:13:03.568+0000] {logging_mixin.py:188} INFO - [2024-02-20T19:13:03.568+0000] {dag.py:3823} INFO - Setting next_dagrun for example_branch_python_operator_decorator to 2024-02-19 00:00:00+00:00, run_after=2024-02-20 00:00:00+00:00
[2024-02-20T19:13:03.599+0000] {processor.py:183} INFO - Processing /home/ubuntu/reddit_venv/lib/python3.10/site-packages/airflow/example_dags/example_branch_operator_decorator.py took 0.107 seconds
[2024-02-20T19:14:05.406+0000] {processor.py:161} INFO - Started process (PID=6704) to work on /home/ubuntu/reddit_venv/lib/python3.10/site-packages/airflow/example_dags/example_branch_operator_decorator.py
[2024-02-20T19:14:05.407+0000] {processor.py:830} INFO - Processing file /home/ubuntu/reddit_venv/lib/python3.10/site-packages/airflow/example_dags/example_branch_operator_decorator.py for tasks to queue
[2024-02-20T19:14:05.408+0000] {logging_mixin.py:188} INFO - [2024-02-20T19:14:05.408+0000] {dagbag.py:538} INFO - Filling up the DagBag from /home/ubuntu/reddit_venv/lib/python3.10/site-packages/airflow/example_dags/example_branch_operator_decorator.py
[2024-02-20T19:14:05.431+0000] {processor.py:840} INFO - DAG(s) 'example_branch_python_operator_decorator' retrieved from /home/ubuntu/reddit_venv/lib/python3.10/site-packages/airflow/example_dags/example_branch_operator_decorator.py
[2024-02-20T19:14:05.455+0000] {logging_mixin.py:188} INFO - [2024-02-20T19:14:05.455+0000] {dag.py:3036} INFO - Sync 1 DAGs
[2024-02-20T19:14:05.476+0000] {logging_mixin.py:188} INFO - [2024-02-20T19:14:05.476+0000] {dag.py:3823} INFO - Setting next_dagrun for example_branch_python_operator_decorator to 2024-02-19 00:00:00+00:00, run_after=2024-02-20 00:00:00+00:00
[2024-02-20T19:14:05.500+0000] {processor.py:183} INFO - Processing /home/ubuntu/reddit_venv/lib/python3.10/site-packages/airflow/example_dags/example_branch_operator_decorator.py took 0.097 seconds
[2024-02-20T19:14:56.789+0000] {processor.py:161} INFO - Started process (PID=6766) to work on /home/ubuntu/reddit_venv/lib/python3.10/site-packages/airflow/example_dags/example_branch_operator_decorator.py
[2024-02-20T19:14:56.791+0000] {processor.py:830} INFO - Processing file /home/ubuntu/reddit_venv/lib/python3.10/site-packages/airflow/example_dags/example_branch_operator_decorator.py for tasks to queue
[2024-02-20T19:14:56.792+0000] {logging_mixin.py:188} INFO - [2024-02-20T19:14:56.792+0000] {dagbag.py:538} INFO - Filling up the DagBag from /home/ubuntu/reddit_venv/lib/python3.10/site-packages/airflow/example_dags/example_branch_operator_decorator.py
[2024-02-20T19:14:56.814+0000] {processor.py:840} INFO - DAG(s) 'example_branch_python_operator_decorator' retrieved from /home/ubuntu/reddit_venv/lib/python3.10/site-packages/airflow/example_dags/example_branch_operator_decorator.py
[2024-02-20T19:14:56.838+0000] {logging_mixin.py:188} INFO - [2024-02-20T19:14:56.838+0000] {dag.py:3036} INFO - Sync 1 DAGs
[2024-02-20T19:14:56.858+0000] {logging_mixin.py:188} INFO - [2024-02-20T19:14:56.858+0000] {dag.py:3823} INFO - Setting next_dagrun for example_branch_python_operator_decorator to 2024-02-19 00:00:00+00:00, run_after=2024-02-20 00:00:00+00:00
[2024-02-20T19:14:56.884+0000] {processor.py:183} INFO - Processing /home/ubuntu/reddit_venv/lib/python3.10/site-packages/airflow/example_dags/example_branch_operator_decorator.py took 0.097 seconds
[2024-02-20T19:16:08.638+0000] {processor.py:161} INFO - Started process (PID=7460) to work on /home/ubuntu/reddit_venv/lib/python3.10/site-packages/airflow/example_dags/example_branch_operator_decorator.py
[2024-02-20T19:16:08.640+0000] {processor.py:830} INFO - Processing file /home/ubuntu/reddit_venv/lib/python3.10/site-packages/airflow/example_dags/example_branch_operator_decorator.py for tasks to queue
[2024-02-20T19:16:08.641+0000] {logging_mixin.py:188} INFO - [2024-02-20T19:16:08.641+0000] {dagbag.py:538} INFO - Filling up the DagBag from /home/ubuntu/reddit_venv/lib/python3.10/site-packages/airflow/example_dags/example_branch_operator_decorator.py
[2024-02-20T19:16:08.664+0000] {processor.py:840} INFO - DAG(s) 'example_branch_python_operator_decorator' retrieved from /home/ubuntu/reddit_venv/lib/python3.10/site-packages/airflow/example_dags/example_branch_operator_decorator.py
[2024-02-20T19:16:08.687+0000] {logging_mixin.py:188} INFO - [2024-02-20T19:16:08.687+0000] {dag.py:3036} INFO - Sync 1 DAGs
[2024-02-20T19:16:08.708+0000] {logging_mixin.py:188} INFO - [2024-02-20T19:16:08.707+0000] {dag.py:3823} INFO - Setting next_dagrun for example_branch_python_operator_decorator to 2024-02-19 00:00:00+00:00, run_after=2024-02-20 00:00:00+00:00
[2024-02-20T19:16:08.730+0000] {processor.py:183} INFO - Processing /home/ubuntu/reddit_venv/lib/python3.10/site-packages/airflow/example_dags/example_branch_operator_decorator.py took 0.095 seconds
[2024-02-20T19:17:08.341+0000] {processor.py:161} INFO - Started process (PID=7591) to work on /home/ubuntu/reddit_venv/lib/python3.10/site-packages/airflow/example_dags/example_branch_operator_decorator.py
[2024-02-20T19:17:08.343+0000] {processor.py:830} INFO - Processing file /home/ubuntu/reddit_venv/lib/python3.10/site-packages/airflow/example_dags/example_branch_operator_decorator.py for tasks to queue
[2024-02-20T19:17:08.344+0000] {logging_mixin.py:188} INFO - [2024-02-20T19:17:08.343+0000] {dagbag.py:538} INFO - Filling up the DagBag from /home/ubuntu/reddit_venv/lib/python3.10/site-packages/airflow/example_dags/example_branch_operator_decorator.py
[2024-02-20T19:17:08.367+0000] {processor.py:840} INFO - DAG(s) 'example_branch_python_operator_decorator' retrieved from /home/ubuntu/reddit_venv/lib/python3.10/site-packages/airflow/example_dags/example_branch_operator_decorator.py
[2024-02-20T19:17:08.392+0000] {logging_mixin.py:188} INFO - [2024-02-20T19:17:08.392+0000] {dag.py:3036} INFO - Sync 1 DAGs
[2024-02-20T19:17:08.414+0000] {logging_mixin.py:188} INFO - [2024-02-20T19:17:08.414+0000] {dag.py:3823} INFO - Setting next_dagrun for example_branch_python_operator_decorator to 2024-02-19 00:00:00+00:00, run_after=2024-02-20 00:00:00+00:00
[2024-02-20T19:17:08.437+0000] {processor.py:183} INFO - Processing /home/ubuntu/reddit_venv/lib/python3.10/site-packages/airflow/example_dags/example_branch_operator_decorator.py took 0.099 seconds
[2024-02-20T19:18:07.968+0000] {processor.py:161} INFO - Started process (PID=7719) to work on /home/ubuntu/reddit_venv/lib/python3.10/site-packages/airflow/example_dags/example_branch_operator_decorator.py
[2024-02-20T19:18:07.970+0000] {processor.py:830} INFO - Processing file /home/ubuntu/reddit_venv/lib/python3.10/site-packages/airflow/example_dags/example_branch_operator_decorator.py for tasks to queue
[2024-02-20T19:18:07.971+0000] {logging_mixin.py:188} INFO - [2024-02-20T19:18:07.970+0000] {dagbag.py:538} INFO - Filling up the DagBag from /home/ubuntu/reddit_venv/lib/python3.10/site-packages/airflow/example_dags/example_branch_operator_decorator.py
[2024-02-20T19:18:07.994+0000] {processor.py:840} INFO - DAG(s) 'example_branch_python_operator_decorator' retrieved from /home/ubuntu/reddit_venv/lib/python3.10/site-packages/airflow/example_dags/example_branch_operator_decorator.py
[2024-02-20T19:18:08.017+0000] {logging_mixin.py:188} INFO - [2024-02-20T19:18:08.017+0000] {dag.py:3036} INFO - Sync 1 DAGs
[2024-02-20T19:18:08.038+0000] {logging_mixin.py:188} INFO - [2024-02-20T19:18:08.038+0000] {dag.py:3823} INFO - Setting next_dagrun for example_branch_python_operator_decorator to 2024-02-19 00:00:00+00:00, run_after=2024-02-20 00:00:00+00:00
[2024-02-20T19:18:08.060+0000] {processor.py:183} INFO - Processing /home/ubuntu/reddit_venv/lib/python3.10/site-packages/airflow/example_dags/example_branch_operator_decorator.py took 0.096 seconds
[2024-02-20T19:19:05.096+0000] {processor.py:161} INFO - Started process (PID=7846) to work on /home/ubuntu/reddit_venv/lib/python3.10/site-packages/airflow/example_dags/example_branch_operator_decorator.py
[2024-02-20T19:19:05.097+0000] {processor.py:830} INFO - Processing file /home/ubuntu/reddit_venv/lib/python3.10/site-packages/airflow/example_dags/example_branch_operator_decorator.py for tasks to queue
[2024-02-20T19:19:05.098+0000] {logging_mixin.py:188} INFO - [2024-02-20T19:19:05.098+0000] {dagbag.py:538} INFO - Filling up the DagBag from /home/ubuntu/reddit_venv/lib/python3.10/site-packages/airflow/example_dags/example_branch_operator_decorator.py
[2024-02-20T19:19:05.121+0000] {processor.py:840} INFO - DAG(s) 'example_branch_python_operator_decorator' retrieved from /home/ubuntu/reddit_venv/lib/python3.10/site-packages/airflow/example_dags/example_branch_operator_decorator.py
[2024-02-20T19:19:05.145+0000] {logging_mixin.py:188} INFO - [2024-02-20T19:19:05.145+0000] {dag.py:3036} INFO - Sync 1 DAGs
[2024-02-20T19:19:05.166+0000] {logging_mixin.py:188} INFO - [2024-02-20T19:19:05.166+0000] {dag.py:3823} INFO - Setting next_dagrun for example_branch_python_operator_decorator to 2024-02-19 00:00:00+00:00, run_after=2024-02-20 00:00:00+00:00
[2024-02-20T19:19:05.188+0000] {processor.py:183} INFO - Processing /home/ubuntu/reddit_venv/lib/python3.10/site-packages/airflow/example_dags/example_branch_operator_decorator.py took 0.096 seconds
[2024-02-20T19:20:02.912+0000] {processor.py:161} INFO - Started process (PID=7971) to work on /home/ubuntu/reddit_venv/lib/python3.10/site-packages/airflow/example_dags/example_branch_operator_decorator.py
[2024-02-20T19:20:02.914+0000] {processor.py:830} INFO - Processing file /home/ubuntu/reddit_venv/lib/python3.10/site-packages/airflow/example_dags/example_branch_operator_decorator.py for tasks to queue
[2024-02-20T19:20:02.915+0000] {logging_mixin.py:188} INFO - [2024-02-20T19:20:02.915+0000] {dagbag.py:538} INFO - Filling up the DagBag from /home/ubuntu/reddit_venv/lib/python3.10/site-packages/airflow/example_dags/example_branch_operator_decorator.py
[2024-02-20T19:20:02.939+0000] {processor.py:840} INFO - DAG(s) 'example_branch_python_operator_decorator' retrieved from /home/ubuntu/reddit_venv/lib/python3.10/site-packages/airflow/example_dags/example_branch_operator_decorator.py
[2024-02-20T19:20:02.963+0000] {logging_mixin.py:188} INFO - [2024-02-20T19:20:02.963+0000] {dag.py:3036} INFO - Sync 1 DAGs
[2024-02-20T19:20:02.986+0000] {logging_mixin.py:188} INFO - [2024-02-20T19:20:02.986+0000] {dag.py:3823} INFO - Setting next_dagrun for example_branch_python_operator_decorator to 2024-02-19 00:00:00+00:00, run_after=2024-02-20 00:00:00+00:00
[2024-02-20T19:20:03.019+0000] {processor.py:183} INFO - Processing /home/ubuntu/reddit_venv/lib/python3.10/site-packages/airflow/example_dags/example_branch_operator_decorator.py took 0.110 seconds
[2024-02-20T19:21:00.246+0000] {processor.py:161} INFO - Started process (PID=8038) to work on /home/ubuntu/reddit_venv/lib/python3.10/site-packages/airflow/example_dags/example_branch_operator_decorator.py
[2024-02-20T19:21:00.248+0000] {processor.py:830} INFO - Processing file /home/ubuntu/reddit_venv/lib/python3.10/site-packages/airflow/example_dags/example_branch_operator_decorator.py for tasks to queue
[2024-02-20T19:21:00.249+0000] {logging_mixin.py:188} INFO - [2024-02-20T19:21:00.248+0000] {dagbag.py:538} INFO - Filling up the DagBag from /home/ubuntu/reddit_venv/lib/python3.10/site-packages/airflow/example_dags/example_branch_operator_decorator.py
[2024-02-20T19:21:00.272+0000] {processor.py:840} INFO - DAG(s) 'example_branch_python_operator_decorator' retrieved from /home/ubuntu/reddit_venv/lib/python3.10/site-packages/airflow/example_dags/example_branch_operator_decorator.py
[2024-02-20T19:21:00.295+0000] {logging_mixin.py:188} INFO - [2024-02-20T19:21:00.295+0000] {dag.py:3036} INFO - Sync 1 DAGs
[2024-02-20T19:21:00.316+0000] {logging_mixin.py:188} INFO - [2024-02-20T19:21:00.316+0000] {dag.py:3823} INFO - Setting next_dagrun for example_branch_python_operator_decorator to 2024-02-19 00:00:00+00:00, run_after=2024-02-20 00:00:00+00:00
[2024-02-20T19:21:00.338+0000] {processor.py:183} INFO - Processing /home/ubuntu/reddit_venv/lib/python3.10/site-packages/airflow/example_dags/example_branch_operator_decorator.py took 0.094 seconds
[2024-02-20T19:21:57.325+0000] {processor.py:161} INFO - Started process (PID=8221) to work on /home/ubuntu/reddit_venv/lib/python3.10/site-packages/airflow/example_dags/example_branch_operator_decorator.py
[2024-02-20T19:21:57.326+0000] {processor.py:830} INFO - Processing file /home/ubuntu/reddit_venv/lib/python3.10/site-packages/airflow/example_dags/example_branch_operator_decorator.py for tasks to queue
[2024-02-20T19:21:57.327+0000] {logging_mixin.py:188} INFO - [2024-02-20T19:21:57.327+0000] {dagbag.py:538} INFO - Filling up the DagBag from /home/ubuntu/reddit_venv/lib/python3.10/site-packages/airflow/example_dags/example_branch_operator_decorator.py
[2024-02-20T19:21:57.350+0000] {processor.py:840} INFO - DAG(s) 'example_branch_python_operator_decorator' retrieved from /home/ubuntu/reddit_venv/lib/python3.10/site-packages/airflow/example_dags/example_branch_operator_decorator.py
[2024-02-20T19:21:57.374+0000] {logging_mixin.py:188} INFO - [2024-02-20T19:21:57.374+0000] {dag.py:3036} INFO - Sync 1 DAGs
[2024-02-20T19:21:57.397+0000] {logging_mixin.py:188} INFO - [2024-02-20T19:21:57.396+0000] {dag.py:3823} INFO - Setting next_dagrun for example_branch_python_operator_decorator to 2024-02-19 00:00:00+00:00, run_after=2024-02-20 00:00:00+00:00
[2024-02-20T19:21:57.419+0000] {processor.py:183} INFO - Processing /home/ubuntu/reddit_venv/lib/python3.10/site-packages/airflow/example_dags/example_branch_operator_decorator.py took 0.098 seconds
[2024-02-20T19:22:55.078+0000] {processor.py:161} INFO - Started process (PID=8354) to work on /home/ubuntu/reddit_venv/lib/python3.10/site-packages/airflow/example_dags/example_branch_operator_decorator.py
[2024-02-20T19:22:55.080+0000] {processor.py:830} INFO - Processing file /home/ubuntu/reddit_venv/lib/python3.10/site-packages/airflow/example_dags/example_branch_operator_decorator.py for tasks to queue
[2024-02-20T19:22:55.080+0000] {logging_mixin.py:188} INFO - [2024-02-20T19:22:55.080+0000] {dagbag.py:538} INFO - Filling up the DagBag from /home/ubuntu/reddit_venv/lib/python3.10/site-packages/airflow/example_dags/example_branch_operator_decorator.py
[2024-02-20T19:22:55.103+0000] {processor.py:840} INFO - DAG(s) 'example_branch_python_operator_decorator' retrieved from /home/ubuntu/reddit_venv/lib/python3.10/site-packages/airflow/example_dags/example_branch_operator_decorator.py
[2024-02-20T19:22:55.127+0000] {logging_mixin.py:188} INFO - [2024-02-20T19:22:55.127+0000] {dag.py:3036} INFO - Sync 1 DAGs
[2024-02-20T19:22:55.149+0000] {logging_mixin.py:188} INFO - [2024-02-20T19:22:55.149+0000] {dag.py:3823} INFO - Setting next_dagrun for example_branch_python_operator_decorator to 2024-02-19 00:00:00+00:00, run_after=2024-02-20 00:00:00+00:00
[2024-02-20T19:22:55.171+0000] {processor.py:183} INFO - Processing /home/ubuntu/reddit_venv/lib/python3.10/site-packages/airflow/example_dags/example_branch_operator_decorator.py took 0.096 seconds
[2024-02-20T19:23:48.534+0000] {processor.py:161} INFO - Started process (PID=8475) to work on /home/ubuntu/reddit_venv/lib/python3.10/site-packages/airflow/example_dags/example_branch_operator_decorator.py
[2024-02-20T19:23:48.537+0000] {processor.py:830} INFO - Processing file /home/ubuntu/reddit_venv/lib/python3.10/site-packages/airflow/example_dags/example_branch_operator_decorator.py for tasks to queue
[2024-02-20T19:23:48.538+0000] {logging_mixin.py:188} INFO - [2024-02-20T19:23:48.537+0000] {dagbag.py:538} INFO - Filling up the DagBag from /home/ubuntu/reddit_venv/lib/python3.10/site-packages/airflow/example_dags/example_branch_operator_decorator.py
[2024-02-20T19:23:48.561+0000] {processor.py:840} INFO - DAG(s) 'example_branch_python_operator_decorator' retrieved from /home/ubuntu/reddit_venv/lib/python3.10/site-packages/airflow/example_dags/example_branch_operator_decorator.py
[2024-02-20T19:23:48.585+0000] {logging_mixin.py:188} INFO - [2024-02-20T19:23:48.585+0000] {dag.py:3036} INFO - Sync 1 DAGs
[2024-02-20T19:23:48.607+0000] {logging_mixin.py:188} INFO - [2024-02-20T19:23:48.606+0000] {dag.py:3823} INFO - Setting next_dagrun for example_branch_python_operator_decorator to 2024-02-19 00:00:00+00:00, run_after=2024-02-20 00:00:00+00:00
[2024-02-20T19:23:48.629+0000] {processor.py:183} INFO - Processing /home/ubuntu/reddit_venv/lib/python3.10/site-packages/airflow/example_dags/example_branch_operator_decorator.py took 0.098 seconds
[2024-02-20T19:24:47.210+0000] {processor.py:161} INFO - Started process (PID=8602) to work on /home/ubuntu/reddit_venv/lib/python3.10/site-packages/airflow/example_dags/example_branch_operator_decorator.py
[2024-02-20T19:24:47.212+0000] {processor.py:830} INFO - Processing file /home/ubuntu/reddit_venv/lib/python3.10/site-packages/airflow/example_dags/example_branch_operator_decorator.py for tasks to queue
[2024-02-20T19:24:47.213+0000] {logging_mixin.py:188} INFO - [2024-02-20T19:24:47.213+0000] {dagbag.py:538} INFO - Filling up the DagBag from /home/ubuntu/reddit_venv/lib/python3.10/site-packages/airflow/example_dags/example_branch_operator_decorator.py
[2024-02-20T19:24:47.236+0000] {processor.py:840} INFO - DAG(s) 'example_branch_python_operator_decorator' retrieved from /home/ubuntu/reddit_venv/lib/python3.10/site-packages/airflow/example_dags/example_branch_operator_decorator.py
[2024-02-20T19:24:47.260+0000] {logging_mixin.py:188} INFO - [2024-02-20T19:24:47.260+0000] {dag.py:3036} INFO - Sync 1 DAGs
[2024-02-20T19:24:47.282+0000] {logging_mixin.py:188} INFO - [2024-02-20T19:24:47.281+0000] {dag.py:3823} INFO - Setting next_dagrun for example_branch_python_operator_decorator to 2024-02-19 00:00:00+00:00, run_after=2024-02-20 00:00:00+00:00
[2024-02-20T19:24:47.303+0000] {processor.py:183} INFO - Processing /home/ubuntu/reddit_venv/lib/python3.10/site-packages/airflow/example_dags/example_branch_operator_decorator.py took 0.096 seconds
