[2024-02-20T18:07:19.156+0000] {processor.py:161} INFO - Started process (PID=1989) to work on /home/ubuntu/reddit_venv/lib/python3.10/site-packages/airflow/example_dags/example_dynamic_task_mapping.py
[2024-02-20T18:07:19.157+0000] {processor.py:830} INFO - Processing file /home/ubuntu/reddit_venv/lib/python3.10/site-packages/airflow/example_dags/example_dynamic_task_mapping.py for tasks to queue
[2024-02-20T18:07:19.158+0000] {logging_mixin.py:188} INFO - [2024-02-20T18:07:19.158+0000] {dagbag.py:538} INFO - Filling up the DagBag from /home/ubuntu/reddit_venv/lib/python3.10/site-packages/airflow/example_dags/example_dynamic_task_mapping.py
[2024-02-20T18:07:19.167+0000] {processor.py:840} INFO - DAG(s) 'example_dynamic_task_mapping' retrieved from /home/ubuntu/reddit_venv/lib/python3.10/site-packages/airflow/example_dags/example_dynamic_task_mapping.py
[2024-02-20T18:07:19.266+0000] {logging_mixin.py:188} INFO - [2024-02-20T18:07:19.266+0000] {dag.py:3036} INFO - Sync 1 DAGs
[2024-02-20T18:07:19.285+0000] {logging_mixin.py:188} INFO - [2024-02-20T18:07:19.285+0000] {dag.py:3823} INFO - Setting next_dagrun for example_dynamic_task_mapping to 2022-03-04 00:00:00+00:00, run_after=2022-03-05 00:00:00+00:00
[2024-02-20T18:07:19.308+0000] {processor.py:183} INFO - Processing /home/ubuntu/reddit_venv/lib/python3.10/site-packages/airflow/example_dags/example_dynamic_task_mapping.py took 0.155 seconds
[2024-02-20T18:08:22.131+0000] {processor.py:161} INFO - Started process (PID=2513) to work on /home/ubuntu/reddit_venv/lib/python3.10/site-packages/airflow/example_dags/example_dynamic_task_mapping.py
[2024-02-20T18:08:22.133+0000] {processor.py:830} INFO - Processing file /home/ubuntu/reddit_venv/lib/python3.10/site-packages/airflow/example_dags/example_dynamic_task_mapping.py for tasks to queue
[2024-02-20T18:08:22.134+0000] {logging_mixin.py:188} INFO - [2024-02-20T18:08:22.133+0000] {dagbag.py:538} INFO - Filling up the DagBag from /home/ubuntu/reddit_venv/lib/python3.10/site-packages/airflow/example_dags/example_dynamic_task_mapping.py
[2024-02-20T18:08:22.141+0000] {processor.py:840} INFO - DAG(s) 'example_dynamic_task_mapping' retrieved from /home/ubuntu/reddit_venv/lib/python3.10/site-packages/airflow/example_dags/example_dynamic_task_mapping.py
[2024-02-20T18:08:22.157+0000] {logging_mixin.py:188} INFO - [2024-02-20T18:08:22.156+0000] {dag.py:3036} INFO - Sync 1 DAGs
[2024-02-20T18:08:22.177+0000] {logging_mixin.py:188} INFO - [2024-02-20T18:08:22.177+0000] {dag.py:3823} INFO - Setting next_dagrun for example_dynamic_task_mapping to 2022-03-04 00:00:00+00:00, run_after=2022-03-05 00:00:00+00:00
[2024-02-20T18:08:22.199+0000] {processor.py:183} INFO - Processing /home/ubuntu/reddit_venv/lib/python3.10/site-packages/airflow/example_dags/example_dynamic_task_mapping.py took 0.071 seconds
[2024-02-20T18:09:20.530+0000] {processor.py:161} INFO - Started process (PID=2796) to work on /home/ubuntu/reddit_venv/lib/python3.10/site-packages/airflow/example_dags/example_dynamic_task_mapping.py
[2024-02-20T18:09:20.531+0000] {processor.py:830} INFO - Processing file /home/ubuntu/reddit_venv/lib/python3.10/site-packages/airflow/example_dags/example_dynamic_task_mapping.py for tasks to queue
[2024-02-20T18:09:20.532+0000] {logging_mixin.py:188} INFO - [2024-02-20T18:09:20.532+0000] {dagbag.py:538} INFO - Filling up the DagBag from /home/ubuntu/reddit_venv/lib/python3.10/site-packages/airflow/example_dags/example_dynamic_task_mapping.py
[2024-02-20T18:09:20.540+0000] {processor.py:840} INFO - DAG(s) 'example_dynamic_task_mapping' retrieved from /home/ubuntu/reddit_venv/lib/python3.10/site-packages/airflow/example_dags/example_dynamic_task_mapping.py
[2024-02-20T18:09:20.555+0000] {logging_mixin.py:188} INFO - [2024-02-20T18:09:20.555+0000] {dag.py:3036} INFO - Sync 1 DAGs
[2024-02-20T18:09:20.576+0000] {logging_mixin.py:188} INFO - [2024-02-20T18:09:20.575+0000] {dag.py:3823} INFO - Setting next_dagrun for example_dynamic_task_mapping to 2022-03-04 00:00:00+00:00, run_after=2022-03-05 00:00:00+00:00
[2024-02-20T18:09:20.599+0000] {processor.py:183} INFO - Processing /home/ubuntu/reddit_venv/lib/python3.10/site-packages/airflow/example_dags/example_dynamic_task_mapping.py took 0.072 seconds
[2024-02-20T18:10:19.736+0000] {processor.py:161} INFO - Started process (PID=3111) to work on /home/ubuntu/reddit_venv/lib/python3.10/site-packages/airflow/example_dags/example_dynamic_task_mapping.py
[2024-02-20T18:10:19.738+0000] {processor.py:830} INFO - Processing file /home/ubuntu/reddit_venv/lib/python3.10/site-packages/airflow/example_dags/example_dynamic_task_mapping.py for tasks to queue
[2024-02-20T18:10:19.739+0000] {logging_mixin.py:188} INFO - [2024-02-20T18:10:19.738+0000] {dagbag.py:538} INFO - Filling up the DagBag from /home/ubuntu/reddit_venv/lib/python3.10/site-packages/airflow/example_dags/example_dynamic_task_mapping.py
[2024-02-20T18:10:19.746+0000] {processor.py:840} INFO - DAG(s) 'example_dynamic_task_mapping' retrieved from /home/ubuntu/reddit_venv/lib/python3.10/site-packages/airflow/example_dags/example_dynamic_task_mapping.py
[2024-02-20T18:10:19.762+0000] {logging_mixin.py:188} INFO - [2024-02-20T18:10:19.761+0000] {dag.py:3036} INFO - Sync 1 DAGs
[2024-02-20T18:10:19.783+0000] {logging_mixin.py:188} INFO - [2024-02-20T18:10:19.782+0000] {dag.py:3823} INFO - Setting next_dagrun for example_dynamic_task_mapping to 2022-03-04 00:00:00+00:00, run_after=2022-03-05 00:00:00+00:00
[2024-02-20T18:10:19.805+0000] {processor.py:183} INFO - Processing /home/ubuntu/reddit_venv/lib/python3.10/site-packages/airflow/example_dags/example_dynamic_task_mapping.py took 0.072 seconds
[2024-02-20T18:11:14.260+0000] {processor.py:161} INFO - Started process (PID=3358) to work on /home/ubuntu/reddit_venv/lib/python3.10/site-packages/airflow/example_dags/example_dynamic_task_mapping.py
[2024-02-20T18:11:14.261+0000] {processor.py:830} INFO - Processing file /home/ubuntu/reddit_venv/lib/python3.10/site-packages/airflow/example_dags/example_dynamic_task_mapping.py for tasks to queue
[2024-02-20T18:11:14.262+0000] {logging_mixin.py:188} INFO - [2024-02-20T18:11:14.262+0000] {dagbag.py:538} INFO - Filling up the DagBag from /home/ubuntu/reddit_venv/lib/python3.10/site-packages/airflow/example_dags/example_dynamic_task_mapping.py
[2024-02-20T18:11:14.270+0000] {processor.py:840} INFO - DAG(s) 'example_dynamic_task_mapping' retrieved from /home/ubuntu/reddit_venv/lib/python3.10/site-packages/airflow/example_dags/example_dynamic_task_mapping.py
[2024-02-20T18:11:14.284+0000] {logging_mixin.py:188} INFO - [2024-02-20T18:11:14.284+0000] {dag.py:3036} INFO - Sync 1 DAGs
[2024-02-20T18:11:14.306+0000] {logging_mixin.py:188} INFO - [2024-02-20T18:11:14.306+0000] {dag.py:3823} INFO - Setting next_dagrun for example_dynamic_task_mapping to 2022-03-04 00:00:00+00:00, run_after=2022-03-05 00:00:00+00:00
[2024-02-20T18:11:14.329+0000] {processor.py:183} INFO - Processing /home/ubuntu/reddit_venv/lib/python3.10/site-packages/airflow/example_dags/example_dynamic_task_mapping.py took 0.072 seconds
[2024-02-20T18:12:13.389+0000] {processor.py:161} INFO - Started process (PID=3741) to work on /home/ubuntu/reddit_venv/lib/python3.10/site-packages/airflow/example_dags/example_dynamic_task_mapping.py
[2024-02-20T18:12:13.391+0000] {processor.py:830} INFO - Processing file /home/ubuntu/reddit_venv/lib/python3.10/site-packages/airflow/example_dags/example_dynamic_task_mapping.py for tasks to queue
[2024-02-20T18:12:13.392+0000] {logging_mixin.py:188} INFO - [2024-02-20T18:12:13.392+0000] {dagbag.py:538} INFO - Filling up the DagBag from /home/ubuntu/reddit_venv/lib/python3.10/site-packages/airflow/example_dags/example_dynamic_task_mapping.py
[2024-02-20T18:12:13.400+0000] {processor.py:840} INFO - DAG(s) 'example_dynamic_task_mapping' retrieved from /home/ubuntu/reddit_venv/lib/python3.10/site-packages/airflow/example_dags/example_dynamic_task_mapping.py
[2024-02-20T18:12:13.415+0000] {logging_mixin.py:188} INFO - [2024-02-20T18:12:13.415+0000] {dag.py:3036} INFO - Sync 1 DAGs
[2024-02-20T18:12:13.436+0000] {logging_mixin.py:188} INFO - [2024-02-20T18:12:13.436+0000] {dag.py:3823} INFO - Setting next_dagrun for example_dynamic_task_mapping to 2022-03-04 00:00:00+00:00, run_after=2022-03-05 00:00:00+00:00
[2024-02-20T18:12:13.459+0000] {processor.py:183} INFO - Processing /home/ubuntu/reddit_venv/lib/python3.10/site-packages/airflow/example_dags/example_dynamic_task_mapping.py took 0.073 seconds
[2024-02-20T18:13:07.916+0000] {processor.py:161} INFO - Started process (PID=3864) to work on /home/ubuntu/reddit_venv/lib/python3.10/site-packages/airflow/example_dags/example_dynamic_task_mapping.py
[2024-02-20T18:13:07.918+0000] {processor.py:830} INFO - Processing file /home/ubuntu/reddit_venv/lib/python3.10/site-packages/airflow/example_dags/example_dynamic_task_mapping.py for tasks to queue
[2024-02-20T18:13:07.919+0000] {logging_mixin.py:188} INFO - [2024-02-20T18:13:07.919+0000] {dagbag.py:538} INFO - Filling up the DagBag from /home/ubuntu/reddit_venv/lib/python3.10/site-packages/airflow/example_dags/example_dynamic_task_mapping.py
[2024-02-20T18:13:07.927+0000] {processor.py:840} INFO - DAG(s) 'example_dynamic_task_mapping' retrieved from /home/ubuntu/reddit_venv/lib/python3.10/site-packages/airflow/example_dags/example_dynamic_task_mapping.py
[2024-02-20T18:13:07.942+0000] {logging_mixin.py:188} INFO - [2024-02-20T18:13:07.942+0000] {dag.py:3036} INFO - Sync 1 DAGs
[2024-02-20T18:13:07.963+0000] {logging_mixin.py:188} INFO - [2024-02-20T18:13:07.963+0000] {dag.py:3823} INFO - Setting next_dagrun for example_dynamic_task_mapping to 2022-03-04 00:00:00+00:00, run_after=2022-03-05 00:00:00+00:00
[2024-02-20T18:13:07.990+0000] {processor.py:183} INFO - Processing /home/ubuntu/reddit_venv/lib/python3.10/site-packages/airflow/example_dags/example_dynamic_task_mapping.py took 0.077 seconds
[2024-02-20T18:14:04.319+0000] {processor.py:161} INFO - Started process (PID=3989) to work on /home/ubuntu/reddit_venv/lib/python3.10/site-packages/airflow/example_dags/example_dynamic_task_mapping.py
[2024-02-20T18:14:04.321+0000] {processor.py:830} INFO - Processing file /home/ubuntu/reddit_venv/lib/python3.10/site-packages/airflow/example_dags/example_dynamic_task_mapping.py for tasks to queue
[2024-02-20T18:14:04.322+0000] {logging_mixin.py:188} INFO - [2024-02-20T18:14:04.321+0000] {dagbag.py:538} INFO - Filling up the DagBag from /home/ubuntu/reddit_venv/lib/python3.10/site-packages/airflow/example_dags/example_dynamic_task_mapping.py
[2024-02-20T18:14:04.329+0000] {processor.py:840} INFO - DAG(s) 'example_dynamic_task_mapping' retrieved from /home/ubuntu/reddit_venv/lib/python3.10/site-packages/airflow/example_dags/example_dynamic_task_mapping.py
[2024-02-20T18:14:04.345+0000] {logging_mixin.py:188} INFO - [2024-02-20T18:14:04.345+0000] {dag.py:3036} INFO - Sync 1 DAGs
[2024-02-20T18:14:04.366+0000] {logging_mixin.py:188} INFO - [2024-02-20T18:14:04.365+0000] {dag.py:3823} INFO - Setting next_dagrun for example_dynamic_task_mapping to 2022-03-04 00:00:00+00:00, run_after=2022-03-05 00:00:00+00:00
[2024-02-20T18:14:04.392+0000] {processor.py:183} INFO - Processing /home/ubuntu/reddit_venv/lib/python3.10/site-packages/airflow/example_dags/example_dynamic_task_mapping.py took 0.077 seconds
[2024-02-20T18:15:02.010+0000] {processor.py:161} INFO - Started process (PID=4115) to work on /home/ubuntu/reddit_venv/lib/python3.10/site-packages/airflow/example_dags/example_dynamic_task_mapping.py
[2024-02-20T18:15:02.012+0000] {processor.py:830} INFO - Processing file /home/ubuntu/reddit_venv/lib/python3.10/site-packages/airflow/example_dags/example_dynamic_task_mapping.py for tasks to queue
[2024-02-20T18:15:02.013+0000] {logging_mixin.py:188} INFO - [2024-02-20T18:15:02.012+0000] {dagbag.py:538} INFO - Filling up the DagBag from /home/ubuntu/reddit_venv/lib/python3.10/site-packages/airflow/example_dags/example_dynamic_task_mapping.py
[2024-02-20T18:15:02.020+0000] {processor.py:840} INFO - DAG(s) 'example_dynamic_task_mapping' retrieved from /home/ubuntu/reddit_venv/lib/python3.10/site-packages/airflow/example_dags/example_dynamic_task_mapping.py
[2024-02-20T18:15:02.036+0000] {logging_mixin.py:188} INFO - [2024-02-20T18:15:02.036+0000] {dag.py:3036} INFO - Sync 1 DAGs
[2024-02-20T18:15:02.058+0000] {logging_mixin.py:188} INFO - [2024-02-20T18:15:02.057+0000] {dag.py:3823} INFO - Setting next_dagrun for example_dynamic_task_mapping to 2022-03-04 00:00:00+00:00, run_after=2022-03-05 00:00:00+00:00
[2024-02-20T18:15:02.082+0000] {processor.py:183} INFO - Processing /home/ubuntu/reddit_venv/lib/python3.10/site-packages/airflow/example_dags/example_dynamic_task_mapping.py took 0.075 seconds
[2024-02-20T18:16:01.034+0000] {processor.py:161} INFO - Started process (PID=4247) to work on /home/ubuntu/reddit_venv/lib/python3.10/site-packages/airflow/example_dags/example_dynamic_task_mapping.py
[2024-02-20T18:16:01.036+0000] {processor.py:830} INFO - Processing file /home/ubuntu/reddit_venv/lib/python3.10/site-packages/airflow/example_dags/example_dynamic_task_mapping.py for tasks to queue
[2024-02-20T18:16:01.037+0000] {logging_mixin.py:188} INFO - [2024-02-20T18:16:01.036+0000] {dagbag.py:538} INFO - Filling up the DagBag from /home/ubuntu/reddit_venv/lib/python3.10/site-packages/airflow/example_dags/example_dynamic_task_mapping.py
[2024-02-20T18:16:01.044+0000] {processor.py:840} INFO - DAG(s) 'example_dynamic_task_mapping' retrieved from /home/ubuntu/reddit_venv/lib/python3.10/site-packages/airflow/example_dags/example_dynamic_task_mapping.py
[2024-02-20T18:16:01.060+0000] {logging_mixin.py:188} INFO - [2024-02-20T18:16:01.060+0000] {dag.py:3036} INFO - Sync 1 DAGs
[2024-02-20T18:16:01.081+0000] {logging_mixin.py:188} INFO - [2024-02-20T18:16:01.081+0000] {dag.py:3823} INFO - Setting next_dagrun for example_dynamic_task_mapping to 2022-03-04 00:00:00+00:00, run_after=2022-03-05 00:00:00+00:00
[2024-02-20T18:16:01.105+0000] {processor.py:183} INFO - Processing /home/ubuntu/reddit_venv/lib/python3.10/site-packages/airflow/example_dags/example_dynamic_task_mapping.py took 0.075 seconds
[2024-02-20T18:16:56.996+0000] {processor.py:161} INFO - Started process (PID=4432) to work on /home/ubuntu/reddit_venv/lib/python3.10/site-packages/airflow/example_dags/example_dynamic_task_mapping.py
[2024-02-20T18:16:56.998+0000] {processor.py:830} INFO - Processing file /home/ubuntu/reddit_venv/lib/python3.10/site-packages/airflow/example_dags/example_dynamic_task_mapping.py for tasks to queue
[2024-02-20T18:16:56.999+0000] {logging_mixin.py:188} INFO - [2024-02-20T18:16:56.998+0000] {dagbag.py:538} INFO - Filling up the DagBag from /home/ubuntu/reddit_venv/lib/python3.10/site-packages/airflow/example_dags/example_dynamic_task_mapping.py
[2024-02-20T18:16:57.006+0000] {processor.py:840} INFO - DAG(s) 'example_dynamic_task_mapping' retrieved from /home/ubuntu/reddit_venv/lib/python3.10/site-packages/airflow/example_dags/example_dynamic_task_mapping.py
[2024-02-20T18:16:57.021+0000] {logging_mixin.py:188} INFO - [2024-02-20T18:16:57.021+0000] {dag.py:3036} INFO - Sync 1 DAGs
[2024-02-20T18:16:57.042+0000] {logging_mixin.py:188} INFO - [2024-02-20T18:16:57.041+0000] {dag.py:3823} INFO - Setting next_dagrun for example_dynamic_task_mapping to 2022-03-04 00:00:00+00:00, run_after=2022-03-05 00:00:00+00:00
[2024-02-20T18:16:57.063+0000] {processor.py:183} INFO - Processing /home/ubuntu/reddit_venv/lib/python3.10/site-packages/airflow/example_dags/example_dynamic_task_mapping.py took 0.070 seconds
[2024-02-20T18:17:58.218+0000] {processor.py:161} INFO - Started process (PID=4566) to work on /home/ubuntu/reddit_venv/lib/python3.10/site-packages/airflow/example_dags/example_dynamic_task_mapping.py
[2024-02-20T18:17:58.220+0000] {processor.py:830} INFO - Processing file /home/ubuntu/reddit_venv/lib/python3.10/site-packages/airflow/example_dags/example_dynamic_task_mapping.py for tasks to queue
[2024-02-20T18:17:58.221+0000] {logging_mixin.py:188} INFO - [2024-02-20T18:17:58.220+0000] {dagbag.py:538} INFO - Filling up the DagBag from /home/ubuntu/reddit_venv/lib/python3.10/site-packages/airflow/example_dags/example_dynamic_task_mapping.py
[2024-02-20T18:17:58.228+0000] {processor.py:840} INFO - DAG(s) 'example_dynamic_task_mapping' retrieved from /home/ubuntu/reddit_venv/lib/python3.10/site-packages/airflow/example_dags/example_dynamic_task_mapping.py
[2024-02-20T18:17:58.243+0000] {logging_mixin.py:188} INFO - [2024-02-20T18:17:58.243+0000] {dag.py:3036} INFO - Sync 1 DAGs
[2024-02-20T18:17:58.264+0000] {logging_mixin.py:188} INFO - [2024-02-20T18:17:58.264+0000] {dag.py:3823} INFO - Setting next_dagrun for example_dynamic_task_mapping to 2022-03-04 00:00:00+00:00, run_after=2022-03-05 00:00:00+00:00
[2024-02-20T18:17:58.286+0000] {processor.py:183} INFO - Processing /home/ubuntu/reddit_venv/lib/python3.10/site-packages/airflow/example_dags/example_dynamic_task_mapping.py took 0.071 seconds
[2024-02-20T18:18:56.777+0000] {processor.py:161} INFO - Started process (PID=4693) to work on /home/ubuntu/reddit_venv/lib/python3.10/site-packages/airflow/example_dags/example_dynamic_task_mapping.py
[2024-02-20T18:18:56.779+0000] {processor.py:830} INFO - Processing file /home/ubuntu/reddit_venv/lib/python3.10/site-packages/airflow/example_dags/example_dynamic_task_mapping.py for tasks to queue
[2024-02-20T18:18:56.780+0000] {logging_mixin.py:188} INFO - [2024-02-20T18:18:56.779+0000] {dagbag.py:538} INFO - Filling up the DagBag from /home/ubuntu/reddit_venv/lib/python3.10/site-packages/airflow/example_dags/example_dynamic_task_mapping.py
[2024-02-20T18:18:56.787+0000] {processor.py:840} INFO - DAG(s) 'example_dynamic_task_mapping' retrieved from /home/ubuntu/reddit_venv/lib/python3.10/site-packages/airflow/example_dags/example_dynamic_task_mapping.py
[2024-02-20T18:18:56.803+0000] {logging_mixin.py:188} INFO - [2024-02-20T18:18:56.802+0000] {dag.py:3036} INFO - Sync 1 DAGs
[2024-02-20T18:18:56.824+0000] {logging_mixin.py:188} INFO - [2024-02-20T18:18:56.824+0000] {dag.py:3823} INFO - Setting next_dagrun for example_dynamic_task_mapping to 2022-03-04 00:00:00+00:00, run_after=2022-03-05 00:00:00+00:00
[2024-02-20T18:18:56.846+0000] {processor.py:183} INFO - Processing /home/ubuntu/reddit_venv/lib/python3.10/site-packages/airflow/example_dags/example_dynamic_task_mapping.py took 0.072 seconds
[2024-02-20T18:19:54.226+0000] {processor.py:161} INFO - Started process (PID=4885) to work on /home/ubuntu/reddit_venv/lib/python3.10/site-packages/airflow/example_dags/example_dynamic_task_mapping.py
[2024-02-20T18:19:54.228+0000] {processor.py:830} INFO - Processing file /home/ubuntu/reddit_venv/lib/python3.10/site-packages/airflow/example_dags/example_dynamic_task_mapping.py for tasks to queue
[2024-02-20T18:19:54.229+0000] {logging_mixin.py:188} INFO - [2024-02-20T18:19:54.228+0000] {dagbag.py:538} INFO - Filling up the DagBag from /home/ubuntu/reddit_venv/lib/python3.10/site-packages/airflow/example_dags/example_dynamic_task_mapping.py
[2024-02-20T18:19:54.236+0000] {processor.py:840} INFO - DAG(s) 'example_dynamic_task_mapping' retrieved from /home/ubuntu/reddit_venv/lib/python3.10/site-packages/airflow/example_dags/example_dynamic_task_mapping.py
[2024-02-20T18:19:54.251+0000] {logging_mixin.py:188} INFO - [2024-02-20T18:19:54.251+0000] {dag.py:3036} INFO - Sync 1 DAGs
[2024-02-20T18:19:54.272+0000] {logging_mixin.py:188} INFO - [2024-02-20T18:19:54.272+0000] {dag.py:3823} INFO - Setting next_dagrun for example_dynamic_task_mapping to 2022-03-04 00:00:00+00:00, run_after=2022-03-05 00:00:00+00:00
[2024-02-20T18:19:54.296+0000] {processor.py:183} INFO - Processing /home/ubuntu/reddit_venv/lib/python3.10/site-packages/airflow/example_dags/example_dynamic_task_mapping.py took 0.073 seconds
[2024-02-20T18:20:50.718+0000] {processor.py:161} INFO - Started process (PID=5008) to work on /home/ubuntu/reddit_venv/lib/python3.10/site-packages/airflow/example_dags/example_dynamic_task_mapping.py
[2024-02-20T18:20:50.720+0000] {processor.py:830} INFO - Processing file /home/ubuntu/reddit_venv/lib/python3.10/site-packages/airflow/example_dags/example_dynamic_task_mapping.py for tasks to queue
[2024-02-20T18:20:50.721+0000] {logging_mixin.py:188} INFO - [2024-02-20T18:20:50.720+0000] {dagbag.py:538} INFO - Filling up the DagBag from /home/ubuntu/reddit_venv/lib/python3.10/site-packages/airflow/example_dags/example_dynamic_task_mapping.py
[2024-02-20T18:20:50.728+0000] {processor.py:840} INFO - DAG(s) 'example_dynamic_task_mapping' retrieved from /home/ubuntu/reddit_venv/lib/python3.10/site-packages/airflow/example_dags/example_dynamic_task_mapping.py
[2024-02-20T18:20:50.744+0000] {logging_mixin.py:188} INFO - [2024-02-20T18:20:50.743+0000] {dag.py:3036} INFO - Sync 1 DAGs
[2024-02-20T18:20:50.764+0000] {logging_mixin.py:188} INFO - [2024-02-20T18:20:50.764+0000] {dag.py:3823} INFO - Setting next_dagrun for example_dynamic_task_mapping to 2022-03-04 00:00:00+00:00, run_after=2022-03-05 00:00:00+00:00
[2024-02-20T18:20:50.786+0000] {processor.py:183} INFO - Processing /home/ubuntu/reddit_venv/lib/python3.10/site-packages/airflow/example_dags/example_dynamic_task_mapping.py took 0.071 seconds
[2024-02-20T18:21:46.562+0000] {processor.py:161} INFO - Started process (PID=5193) to work on /home/ubuntu/reddit_venv/lib/python3.10/site-packages/airflow/example_dags/example_dynamic_task_mapping.py
[2024-02-20T18:21:46.564+0000] {processor.py:830} INFO - Processing file /home/ubuntu/reddit_venv/lib/python3.10/site-packages/airflow/example_dags/example_dynamic_task_mapping.py for tasks to queue
[2024-02-20T18:21:46.565+0000] {logging_mixin.py:188} INFO - [2024-02-20T18:21:46.564+0000] {dagbag.py:538} INFO - Filling up the DagBag from /home/ubuntu/reddit_venv/lib/python3.10/site-packages/airflow/example_dags/example_dynamic_task_mapping.py
[2024-02-20T18:21:46.573+0000] {processor.py:840} INFO - DAG(s) 'example_dynamic_task_mapping' retrieved from /home/ubuntu/reddit_venv/lib/python3.10/site-packages/airflow/example_dags/example_dynamic_task_mapping.py
[2024-02-20T18:21:46.588+0000] {logging_mixin.py:188} INFO - [2024-02-20T18:21:46.588+0000] {dag.py:3036} INFO - Sync 1 DAGs
[2024-02-20T18:21:46.609+0000] {logging_mixin.py:188} INFO - [2024-02-20T18:21:46.609+0000] {dag.py:3823} INFO - Setting next_dagrun for example_dynamic_task_mapping to 2022-03-04 00:00:00+00:00, run_after=2022-03-05 00:00:00+00:00
[2024-02-20T18:21:46.633+0000] {processor.py:183} INFO - Processing /home/ubuntu/reddit_venv/lib/python3.10/site-packages/airflow/example_dags/example_dynamic_task_mapping.py took 0.075 seconds
[2024-02-20T18:51:44.029+0000] {processor.py:161} INFO - Started process (PID=1864) to work on /home/ubuntu/reddit_venv/lib/python3.10/site-packages/airflow/example_dags/example_dynamic_task_mapping.py
[2024-02-20T18:51:44.032+0000] {processor.py:830} INFO - Processing file /home/ubuntu/reddit_venv/lib/python3.10/site-packages/airflow/example_dags/example_dynamic_task_mapping.py for tasks to queue
[2024-02-20T18:51:44.033+0000] {logging_mixin.py:188} INFO - [2024-02-20T18:51:44.032+0000] {dagbag.py:538} INFO - Filling up the DagBag from /home/ubuntu/reddit_venv/lib/python3.10/site-packages/airflow/example_dags/example_dynamic_task_mapping.py
[2024-02-20T18:51:44.041+0000] {processor.py:840} INFO - DAG(s) 'example_dynamic_task_mapping' retrieved from /home/ubuntu/reddit_venv/lib/python3.10/site-packages/airflow/example_dags/example_dynamic_task_mapping.py
[2024-02-20T18:51:44.135+0000] {logging_mixin.py:188} INFO - [2024-02-20T18:51:44.135+0000] {dag.py:3036} INFO - Sync 1 DAGs
[2024-02-20T18:51:44.153+0000] {logging_mixin.py:188} INFO - [2024-02-20T18:51:44.152+0000] {dag.py:3823} INFO - Setting next_dagrun for example_dynamic_task_mapping to 2022-03-04 00:00:00+00:00, run_after=2022-03-05 00:00:00+00:00
[2024-02-20T18:51:44.174+0000] {processor.py:183} INFO - Processing /home/ubuntu/reddit_venv/lib/python3.10/site-packages/airflow/example_dags/example_dynamic_task_mapping.py took 0.147 seconds
[2024-02-20T18:52:52.427+0000] {processor.py:161} INFO - Started process (PID=2123) to work on /home/ubuntu/reddit_venv/lib/python3.10/site-packages/airflow/example_dags/example_dynamic_task_mapping.py
[2024-02-20T18:52:52.429+0000] {processor.py:830} INFO - Processing file /home/ubuntu/reddit_venv/lib/python3.10/site-packages/airflow/example_dags/example_dynamic_task_mapping.py for tasks to queue
[2024-02-20T18:52:52.429+0000] {logging_mixin.py:188} INFO - [2024-02-20T18:52:52.429+0000] {dagbag.py:538} INFO - Filling up the DagBag from /home/ubuntu/reddit_venv/lib/python3.10/site-packages/airflow/example_dags/example_dynamic_task_mapping.py
[2024-02-20T18:52:52.437+0000] {processor.py:840} INFO - DAG(s) 'example_dynamic_task_mapping' retrieved from /home/ubuntu/reddit_venv/lib/python3.10/site-packages/airflow/example_dags/example_dynamic_task_mapping.py
[2024-02-20T18:52:52.452+0000] {logging_mixin.py:188} INFO - [2024-02-20T18:52:52.452+0000] {dag.py:3036} INFO - Sync 1 DAGs
[2024-02-20T18:52:52.473+0000] {logging_mixin.py:188} INFO - [2024-02-20T18:52:52.472+0000] {dag.py:3823} INFO - Setting next_dagrun for example_dynamic_task_mapping to 2022-03-04 00:00:00+00:00, run_after=2022-03-05 00:00:00+00:00
[2024-02-20T18:52:52.496+0000] {processor.py:183} INFO - Processing /home/ubuntu/reddit_venv/lib/python3.10/site-packages/airflow/example_dags/example_dynamic_task_mapping.py took 0.073 seconds
[2024-02-20T18:53:45.669+0000] {processor.py:161} INFO - Started process (PID=2371) to work on /home/ubuntu/reddit_venv/lib/python3.10/site-packages/airflow/example_dags/example_dynamic_task_mapping.py
[2024-02-20T18:53:45.670+0000] {processor.py:830} INFO - Processing file /home/ubuntu/reddit_venv/lib/python3.10/site-packages/airflow/example_dags/example_dynamic_task_mapping.py for tasks to queue
[2024-02-20T18:53:45.671+0000] {logging_mixin.py:188} INFO - [2024-02-20T18:53:45.671+0000] {dagbag.py:538} INFO - Filling up the DagBag from /home/ubuntu/reddit_venv/lib/python3.10/site-packages/airflow/example_dags/example_dynamic_task_mapping.py
[2024-02-20T18:53:45.679+0000] {processor.py:840} INFO - DAG(s) 'example_dynamic_task_mapping' retrieved from /home/ubuntu/reddit_venv/lib/python3.10/site-packages/airflow/example_dags/example_dynamic_task_mapping.py
[2024-02-20T18:53:45.693+0000] {logging_mixin.py:188} INFO - [2024-02-20T18:53:45.693+0000] {dag.py:3036} INFO - Sync 1 DAGs
[2024-02-20T18:53:45.714+0000] {logging_mixin.py:188} INFO - [2024-02-20T18:53:45.714+0000] {dag.py:3823} INFO - Setting next_dagrun for example_dynamic_task_mapping to 2022-03-04 00:00:00+00:00, run_after=2022-03-05 00:00:00+00:00
[2024-02-20T18:53:45.736+0000] {processor.py:183} INFO - Processing /home/ubuntu/reddit_venv/lib/python3.10/site-packages/airflow/example_dags/example_dynamic_task_mapping.py took 0.070 seconds
[2024-02-20T18:54:46.979+0000] {processor.py:161} INFO - Started process (PID=2504) to work on /home/ubuntu/reddit_venv/lib/python3.10/site-packages/airflow/example_dags/example_dynamic_task_mapping.py
[2024-02-20T18:54:46.980+0000] {processor.py:830} INFO - Processing file /home/ubuntu/reddit_venv/lib/python3.10/site-packages/airflow/example_dags/example_dynamic_task_mapping.py for tasks to queue
[2024-02-20T18:54:46.981+0000] {logging_mixin.py:188} INFO - [2024-02-20T18:54:46.981+0000] {dagbag.py:538} INFO - Filling up the DagBag from /home/ubuntu/reddit_venv/lib/python3.10/site-packages/airflow/example_dags/example_dynamic_task_mapping.py
[2024-02-20T18:54:46.989+0000] {processor.py:840} INFO - DAG(s) 'example_dynamic_task_mapping' retrieved from /home/ubuntu/reddit_venv/lib/python3.10/site-packages/airflow/example_dags/example_dynamic_task_mapping.py
[2024-02-20T18:54:47.004+0000] {logging_mixin.py:188} INFO - [2024-02-20T18:54:47.003+0000] {dag.py:3036} INFO - Sync 1 DAGs
[2024-02-20T18:54:47.025+0000] {logging_mixin.py:188} INFO - [2024-02-20T18:54:47.025+0000] {dag.py:3823} INFO - Setting next_dagrun for example_dynamic_task_mapping to 2022-03-04 00:00:00+00:00, run_after=2022-03-05 00:00:00+00:00
[2024-02-20T18:54:47.046+0000] {processor.py:183} INFO - Processing /home/ubuntu/reddit_venv/lib/python3.10/site-packages/airflow/example_dags/example_dynamic_task_mapping.py took 0.071 seconds
[2024-02-20T18:55:44.890+0000] {processor.py:161} INFO - Started process (PID=2633) to work on /home/ubuntu/reddit_venv/lib/python3.10/site-packages/airflow/example_dags/example_dynamic_task_mapping.py
[2024-02-20T18:55:44.891+0000] {processor.py:830} INFO - Processing file /home/ubuntu/reddit_venv/lib/python3.10/site-packages/airflow/example_dags/example_dynamic_task_mapping.py for tasks to queue
[2024-02-20T18:55:44.892+0000] {logging_mixin.py:188} INFO - [2024-02-20T18:55:44.892+0000] {dagbag.py:538} INFO - Filling up the DagBag from /home/ubuntu/reddit_venv/lib/python3.10/site-packages/airflow/example_dags/example_dynamic_task_mapping.py
[2024-02-20T18:55:44.899+0000] {processor.py:840} INFO - DAG(s) 'example_dynamic_task_mapping' retrieved from /home/ubuntu/reddit_venv/lib/python3.10/site-packages/airflow/example_dags/example_dynamic_task_mapping.py
[2024-02-20T18:55:44.914+0000] {logging_mixin.py:188} INFO - [2024-02-20T18:55:44.914+0000] {dag.py:3036} INFO - Sync 1 DAGs
[2024-02-20T18:55:44.934+0000] {logging_mixin.py:188} INFO - [2024-02-20T18:55:44.934+0000] {dag.py:3823} INFO - Setting next_dagrun for example_dynamic_task_mapping to 2022-03-04 00:00:00+00:00, run_after=2022-03-05 00:00:00+00:00
[2024-02-20T18:55:44.955+0000] {processor.py:183} INFO - Processing /home/ubuntu/reddit_venv/lib/python3.10/site-packages/airflow/example_dags/example_dynamic_task_mapping.py took 0.069 seconds
[2024-02-20T18:56:43.219+0000] {processor.py:161} INFO - Started process (PID=2820) to work on /home/ubuntu/reddit_venv/lib/python3.10/site-packages/airflow/example_dags/example_dynamic_task_mapping.py
[2024-02-20T18:56:43.221+0000] {processor.py:830} INFO - Processing file /home/ubuntu/reddit_venv/lib/python3.10/site-packages/airflow/example_dags/example_dynamic_task_mapping.py for tasks to queue
[2024-02-20T18:56:43.222+0000] {logging_mixin.py:188} INFO - [2024-02-20T18:56:43.222+0000] {dagbag.py:538} INFO - Filling up the DagBag from /home/ubuntu/reddit_venv/lib/python3.10/site-packages/airflow/example_dags/example_dynamic_task_mapping.py
[2024-02-20T18:56:43.230+0000] {processor.py:840} INFO - DAG(s) 'example_dynamic_task_mapping' retrieved from /home/ubuntu/reddit_venv/lib/python3.10/site-packages/airflow/example_dags/example_dynamic_task_mapping.py
[2024-02-20T18:56:43.244+0000] {logging_mixin.py:188} INFO - [2024-02-20T18:56:43.244+0000] {dag.py:3036} INFO - Sync 1 DAGs
[2024-02-20T18:56:43.265+0000] {logging_mixin.py:188} INFO - [2024-02-20T18:56:43.265+0000] {dag.py:3823} INFO - Setting next_dagrun for example_dynamic_task_mapping to 2022-03-04 00:00:00+00:00, run_after=2022-03-05 00:00:00+00:00
[2024-02-20T18:56:43.286+0000] {processor.py:183} INFO - Processing /home/ubuntu/reddit_venv/lib/python3.10/site-packages/airflow/example_dags/example_dynamic_task_mapping.py took 0.070 seconds
[2024-02-20T18:58:04.576+0000] {processor.py:161} INFO - Started process (PID=3407) to work on /home/ubuntu/reddit_venv/lib/python3.10/site-packages/airflow/example_dags/example_dynamic_task_mapping.py
[2024-02-20T18:58:04.577+0000] {processor.py:830} INFO - Processing file /home/ubuntu/reddit_venv/lib/python3.10/site-packages/airflow/example_dags/example_dynamic_task_mapping.py for tasks to queue
[2024-02-20T18:58:04.578+0000] {logging_mixin.py:188} INFO - [2024-02-20T18:58:04.578+0000] {dagbag.py:538} INFO - Filling up the DagBag from /home/ubuntu/reddit_venv/lib/python3.10/site-packages/airflow/example_dags/example_dynamic_task_mapping.py
[2024-02-20T18:58:04.586+0000] {processor.py:840} INFO - DAG(s) 'example_dynamic_task_mapping' retrieved from /home/ubuntu/reddit_venv/lib/python3.10/site-packages/airflow/example_dags/example_dynamic_task_mapping.py
[2024-02-20T18:58:04.601+0000] {logging_mixin.py:188} INFO - [2024-02-20T18:58:04.601+0000] {dag.py:3036} INFO - Sync 1 DAGs
[2024-02-20T18:58:04.622+0000] {logging_mixin.py:188} INFO - [2024-02-20T18:58:04.622+0000] {dag.py:3823} INFO - Setting next_dagrun for example_dynamic_task_mapping to 2022-03-04 00:00:00+00:00, run_after=2022-03-05 00:00:00+00:00
[2024-02-20T18:58:04.644+0000] {processor.py:183} INFO - Processing /home/ubuntu/reddit_venv/lib/python3.10/site-packages/airflow/example_dags/example_dynamic_task_mapping.py took 0.072 seconds
[2024-02-20T18:59:04.415+0000] {processor.py:161} INFO - Started process (PID=3537) to work on /home/ubuntu/reddit_venv/lib/python3.10/site-packages/airflow/example_dags/example_dynamic_task_mapping.py
[2024-02-20T18:59:04.416+0000] {processor.py:830} INFO - Processing file /home/ubuntu/reddit_venv/lib/python3.10/site-packages/airflow/example_dags/example_dynamic_task_mapping.py for tasks to queue
[2024-02-20T18:59:04.417+0000] {logging_mixin.py:188} INFO - [2024-02-20T18:59:04.417+0000] {dagbag.py:538} INFO - Filling up the DagBag from /home/ubuntu/reddit_venv/lib/python3.10/site-packages/airflow/example_dags/example_dynamic_task_mapping.py
[2024-02-20T18:59:04.425+0000] {processor.py:840} INFO - DAG(s) 'example_dynamic_task_mapping' retrieved from /home/ubuntu/reddit_venv/lib/python3.10/site-packages/airflow/example_dags/example_dynamic_task_mapping.py
[2024-02-20T18:59:04.440+0000] {logging_mixin.py:188} INFO - [2024-02-20T18:59:04.439+0000] {dag.py:3036} INFO - Sync 1 DAGs
[2024-02-20T18:59:04.461+0000] {logging_mixin.py:188} INFO - [2024-02-20T18:59:04.460+0000] {dag.py:3823} INFO - Setting next_dagrun for example_dynamic_task_mapping to 2022-03-04 00:00:00+00:00, run_after=2022-03-05 00:00:00+00:00
[2024-02-20T18:59:04.484+0000] {processor.py:183} INFO - Processing /home/ubuntu/reddit_venv/lib/python3.10/site-packages/airflow/example_dags/example_dynamic_task_mapping.py took 0.073 seconds
[2024-02-20T18:59:58.115+0000] {processor.py:161} INFO - Started process (PID=3626) to work on /home/ubuntu/reddit_venv/lib/python3.10/site-packages/airflow/example_dags/example_dynamic_task_mapping.py
[2024-02-20T18:59:58.117+0000] {processor.py:830} INFO - Processing file /home/ubuntu/reddit_venv/lib/python3.10/site-packages/airflow/example_dags/example_dynamic_task_mapping.py for tasks to queue
[2024-02-20T18:59:58.117+0000] {logging_mixin.py:188} INFO - [2024-02-20T18:59:58.117+0000] {dagbag.py:538} INFO - Filling up the DagBag from /home/ubuntu/reddit_venv/lib/python3.10/site-packages/airflow/example_dags/example_dynamic_task_mapping.py
[2024-02-20T18:59:58.125+0000] {processor.py:840} INFO - DAG(s) 'example_dynamic_task_mapping' retrieved from /home/ubuntu/reddit_venv/lib/python3.10/site-packages/airflow/example_dags/example_dynamic_task_mapping.py
[2024-02-20T18:59:58.139+0000] {logging_mixin.py:188} INFO - [2024-02-20T18:59:58.139+0000] {dag.py:3036} INFO - Sync 1 DAGs
[2024-02-20T18:59:58.160+0000] {logging_mixin.py:188} INFO - [2024-02-20T18:59:58.159+0000] {dag.py:3823} INFO - Setting next_dagrun for example_dynamic_task_mapping to 2022-03-04 00:00:00+00:00, run_after=2022-03-05 00:00:00+00:00
[2024-02-20T18:59:58.181+0000] {processor.py:183} INFO - Processing /home/ubuntu/reddit_venv/lib/python3.10/site-packages/airflow/example_dags/example_dynamic_task_mapping.py took 0.069 seconds
[2024-02-20T19:01:12.647+0000] {processor.py:161} INFO - Started process (PID=4294) to work on /home/ubuntu/reddit_venv/lib/python3.10/site-packages/airflow/example_dags/example_dynamic_task_mapping.py
[2024-02-20T19:01:12.649+0000] {processor.py:830} INFO - Processing file /home/ubuntu/reddit_venv/lib/python3.10/site-packages/airflow/example_dags/example_dynamic_task_mapping.py for tasks to queue
[2024-02-20T19:01:12.650+0000] {logging_mixin.py:188} INFO - [2024-02-20T19:01:12.649+0000] {dagbag.py:538} INFO - Filling up the DagBag from /home/ubuntu/reddit_venv/lib/python3.10/site-packages/airflow/example_dags/example_dynamic_task_mapping.py
[2024-02-20T19:01:12.657+0000] {processor.py:840} INFO - DAG(s) 'example_dynamic_task_mapping' retrieved from /home/ubuntu/reddit_venv/lib/python3.10/site-packages/airflow/example_dags/example_dynamic_task_mapping.py
[2024-02-20T19:01:12.672+0000] {logging_mixin.py:188} INFO - [2024-02-20T19:01:12.672+0000] {dag.py:3036} INFO - Sync 1 DAGs
[2024-02-20T19:01:12.692+0000] {logging_mixin.py:188} INFO - [2024-02-20T19:01:12.692+0000] {dag.py:3823} INFO - Setting next_dagrun for example_dynamic_task_mapping to 2022-03-04 00:00:00+00:00, run_after=2022-03-05 00:00:00+00:00
[2024-02-20T19:01:12.713+0000] {processor.py:183} INFO - Processing /home/ubuntu/reddit_venv/lib/python3.10/site-packages/airflow/example_dags/example_dynamic_task_mapping.py took 0.069 seconds
[2024-02-20T19:02:10.226+0000] {processor.py:161} INFO - Started process (PID=4420) to work on /home/ubuntu/reddit_venv/lib/python3.10/site-packages/airflow/example_dags/example_dynamic_task_mapping.py
[2024-02-20T19:02:10.228+0000] {processor.py:830} INFO - Processing file /home/ubuntu/reddit_venv/lib/python3.10/site-packages/airflow/example_dags/example_dynamic_task_mapping.py for tasks to queue
[2024-02-20T19:02:10.229+0000] {logging_mixin.py:188} INFO - [2024-02-20T19:02:10.228+0000] {dagbag.py:538} INFO - Filling up the DagBag from /home/ubuntu/reddit_venv/lib/python3.10/site-packages/airflow/example_dags/example_dynamic_task_mapping.py
[2024-02-20T19:02:10.236+0000] {processor.py:840} INFO - DAG(s) 'example_dynamic_task_mapping' retrieved from /home/ubuntu/reddit_venv/lib/python3.10/site-packages/airflow/example_dags/example_dynamic_task_mapping.py
[2024-02-20T19:02:10.251+0000] {logging_mixin.py:188} INFO - [2024-02-20T19:02:10.251+0000] {dag.py:3036} INFO - Sync 1 DAGs
[2024-02-20T19:02:10.272+0000] {logging_mixin.py:188} INFO - [2024-02-20T19:02:10.271+0000] {dag.py:3823} INFO - Setting next_dagrun for example_dynamic_task_mapping to 2022-03-04 00:00:00+00:00, run_after=2022-03-05 00:00:00+00:00
[2024-02-20T19:02:10.293+0000] {processor.py:183} INFO - Processing /home/ubuntu/reddit_venv/lib/python3.10/site-packages/airflow/example_dags/example_dynamic_task_mapping.py took 0.070 seconds
[2024-02-20T19:03:08.521+0000] {processor.py:161} INFO - Started process (PID=4549) to work on /home/ubuntu/reddit_venv/lib/python3.10/site-packages/airflow/example_dags/example_dynamic_task_mapping.py
[2024-02-20T19:03:08.523+0000] {processor.py:830} INFO - Processing file /home/ubuntu/reddit_venv/lib/python3.10/site-packages/airflow/example_dags/example_dynamic_task_mapping.py for tasks to queue
[2024-02-20T19:03:08.524+0000] {logging_mixin.py:188} INFO - [2024-02-20T19:03:08.523+0000] {dagbag.py:538} INFO - Filling up the DagBag from /home/ubuntu/reddit_venv/lib/python3.10/site-packages/airflow/example_dags/example_dynamic_task_mapping.py
[2024-02-20T19:03:08.531+0000] {processor.py:840} INFO - DAG(s) 'example_dynamic_task_mapping' retrieved from /home/ubuntu/reddit_venv/lib/python3.10/site-packages/airflow/example_dags/example_dynamic_task_mapping.py
[2024-02-20T19:03:08.545+0000] {logging_mixin.py:188} INFO - [2024-02-20T19:03:08.545+0000] {dag.py:3036} INFO - Sync 1 DAGs
[2024-02-20T19:03:08.566+0000] {logging_mixin.py:188} INFO - [2024-02-20T19:03:08.566+0000] {dag.py:3823} INFO - Setting next_dagrun for example_dynamic_task_mapping to 2022-03-04 00:00:00+00:00, run_after=2022-03-05 00:00:00+00:00
[2024-02-20T19:03:08.589+0000] {processor.py:183} INFO - Processing /home/ubuntu/reddit_venv/lib/python3.10/site-packages/airflow/example_dags/example_dynamic_task_mapping.py took 0.071 seconds
[2024-02-20T19:04:03.524+0000] {processor.py:161} INFO - Started process (PID=4675) to work on /home/ubuntu/reddit_venv/lib/python3.10/site-packages/airflow/example_dags/example_dynamic_task_mapping.py
[2024-02-20T19:04:03.526+0000] {processor.py:830} INFO - Processing file /home/ubuntu/reddit_venv/lib/python3.10/site-packages/airflow/example_dags/example_dynamic_task_mapping.py for tasks to queue
[2024-02-20T19:04:03.526+0000] {logging_mixin.py:188} INFO - [2024-02-20T19:04:03.526+0000] {dagbag.py:538} INFO - Filling up the DagBag from /home/ubuntu/reddit_venv/lib/python3.10/site-packages/airflow/example_dags/example_dynamic_task_mapping.py
[2024-02-20T19:04:03.534+0000] {processor.py:840} INFO - DAG(s) 'example_dynamic_task_mapping' retrieved from /home/ubuntu/reddit_venv/lib/python3.10/site-packages/airflow/example_dags/example_dynamic_task_mapping.py
[2024-02-20T19:04:03.549+0000] {logging_mixin.py:188} INFO - [2024-02-20T19:04:03.548+0000] {dag.py:3036} INFO - Sync 1 DAGs
[2024-02-20T19:04:03.570+0000] {logging_mixin.py:188} INFO - [2024-02-20T19:04:03.570+0000] {dag.py:3823} INFO - Setting next_dagrun for example_dynamic_task_mapping to 2022-03-04 00:00:00+00:00, run_after=2022-03-05 00:00:00+00:00
[2024-02-20T19:04:03.592+0000] {processor.py:183} INFO - Processing /home/ubuntu/reddit_venv/lib/python3.10/site-packages/airflow/example_dags/example_dynamic_task_mapping.py took 0.071 seconds
[2024-02-20T19:05:01.807+0000] {processor.py:161} INFO - Started process (PID=4802) to work on /home/ubuntu/reddit_venv/lib/python3.10/site-packages/airflow/example_dags/example_dynamic_task_mapping.py
[2024-02-20T19:05:01.809+0000] {processor.py:830} INFO - Processing file /home/ubuntu/reddit_venv/lib/python3.10/site-packages/airflow/example_dags/example_dynamic_task_mapping.py for tasks to queue
[2024-02-20T19:05:01.810+0000] {logging_mixin.py:188} INFO - [2024-02-20T19:05:01.810+0000] {dagbag.py:538} INFO - Filling up the DagBag from /home/ubuntu/reddit_venv/lib/python3.10/site-packages/airflow/example_dags/example_dynamic_task_mapping.py
[2024-02-20T19:05:01.818+0000] {processor.py:840} INFO - DAG(s) 'example_dynamic_task_mapping' retrieved from /home/ubuntu/reddit_venv/lib/python3.10/site-packages/airflow/example_dags/example_dynamic_task_mapping.py
[2024-02-20T19:05:01.834+0000] {logging_mixin.py:188} INFO - [2024-02-20T19:05:01.834+0000] {dag.py:3036} INFO - Sync 1 DAGs
[2024-02-20T19:05:01.857+0000] {logging_mixin.py:188} INFO - [2024-02-20T19:05:01.856+0000] {dag.py:3823} INFO - Setting next_dagrun for example_dynamic_task_mapping to 2022-03-04 00:00:00+00:00, run_after=2022-03-05 00:00:00+00:00
[2024-02-20T19:05:01.882+0000] {processor.py:183} INFO - Processing /home/ubuntu/reddit_venv/lib/python3.10/site-packages/airflow/example_dags/example_dynamic_task_mapping.py took 0.078 seconds
[2024-02-20T19:05:59.563+0000] {processor.py:161} INFO - Started process (PID=5076) to work on /home/ubuntu/reddit_venv/lib/python3.10/site-packages/airflow/example_dags/example_dynamic_task_mapping.py
[2024-02-20T19:05:59.564+0000] {processor.py:830} INFO - Processing file /home/ubuntu/reddit_venv/lib/python3.10/site-packages/airflow/example_dags/example_dynamic_task_mapping.py for tasks to queue
[2024-02-20T19:05:59.565+0000] {logging_mixin.py:188} INFO - [2024-02-20T19:05:59.565+0000] {dagbag.py:538} INFO - Filling up the DagBag from /home/ubuntu/reddit_venv/lib/python3.10/site-packages/airflow/example_dags/example_dynamic_task_mapping.py
[2024-02-20T19:05:59.572+0000] {processor.py:840} INFO - DAG(s) 'example_dynamic_task_mapping' retrieved from /home/ubuntu/reddit_venv/lib/python3.10/site-packages/airflow/example_dags/example_dynamic_task_mapping.py
[2024-02-20T19:05:59.587+0000] {logging_mixin.py:188} INFO - [2024-02-20T19:05:59.587+0000] {dag.py:3036} INFO - Sync 1 DAGs
[2024-02-20T19:05:59.606+0000] {logging_mixin.py:188} INFO - [2024-02-20T19:05:59.606+0000] {dag.py:3823} INFO - Setting next_dagrun for example_dynamic_task_mapping to 2022-03-04 00:00:00+00:00, run_after=2022-03-05 00:00:00+00:00
[2024-02-20T19:05:59.627+0000] {processor.py:183} INFO - Processing /home/ubuntu/reddit_venv/lib/python3.10/site-packages/airflow/example_dags/example_dynamic_task_mapping.py took 0.067 seconds
[2024-02-20T19:06:52.780+0000] {processor.py:161} INFO - Started process (PID=5232) to work on /home/ubuntu/reddit_venv/lib/python3.10/site-packages/airflow/example_dags/example_dynamic_task_mapping.py
[2024-02-20T19:06:52.784+0000] {processor.py:830} INFO - Processing file /home/ubuntu/reddit_venv/lib/python3.10/site-packages/airflow/example_dags/example_dynamic_task_mapping.py for tasks to queue
[2024-02-20T19:06:52.785+0000] {logging_mixin.py:188} INFO - [2024-02-20T19:06:52.785+0000] {dagbag.py:538} INFO - Filling up the DagBag from /home/ubuntu/reddit_venv/lib/python3.10/site-packages/airflow/example_dags/example_dynamic_task_mapping.py
[2024-02-20T19:06:52.792+0000] {processor.py:840} INFO - DAG(s) 'example_dynamic_task_mapping' retrieved from /home/ubuntu/reddit_venv/lib/python3.10/site-packages/airflow/example_dags/example_dynamic_task_mapping.py
[2024-02-20T19:06:52.807+0000] {logging_mixin.py:188} INFO - [2024-02-20T19:06:52.806+0000] {dag.py:3036} INFO - Sync 1 DAGs
[2024-02-20T19:06:52.826+0000] {logging_mixin.py:188} INFO - [2024-02-20T19:06:52.826+0000] {dag.py:3823} INFO - Setting next_dagrun for example_dynamic_task_mapping to 2022-03-04 00:00:00+00:00, run_after=2022-03-05 00:00:00+00:00
[2024-02-20T19:06:52.847+0000] {processor.py:183} INFO - Processing /home/ubuntu/reddit_venv/lib/python3.10/site-packages/airflow/example_dags/example_dynamic_task_mapping.py took 0.070 seconds
[2024-02-20T19:07:48.562+0000] {processor.py:161} INFO - Started process (PID=5419) to work on /home/ubuntu/reddit_venv/lib/python3.10/site-packages/airflow/example_dags/example_dynamic_task_mapping.py
[2024-02-20T19:07:48.563+0000] {processor.py:830} INFO - Processing file /home/ubuntu/reddit_venv/lib/python3.10/site-packages/airflow/example_dags/example_dynamic_task_mapping.py for tasks to queue
[2024-02-20T19:07:48.564+0000] {logging_mixin.py:188} INFO - [2024-02-20T19:07:48.564+0000] {dagbag.py:538} INFO - Filling up the DagBag from /home/ubuntu/reddit_venv/lib/python3.10/site-packages/airflow/example_dags/example_dynamic_task_mapping.py
[2024-02-20T19:07:48.571+0000] {processor.py:840} INFO - DAG(s) 'example_dynamic_task_mapping' retrieved from /home/ubuntu/reddit_venv/lib/python3.10/site-packages/airflow/example_dags/example_dynamic_task_mapping.py
[2024-02-20T19:07:48.586+0000] {logging_mixin.py:188} INFO - [2024-02-20T19:07:48.585+0000] {dag.py:3036} INFO - Sync 1 DAGs
[2024-02-20T19:07:48.606+0000] {logging_mixin.py:188} INFO - [2024-02-20T19:07:48.606+0000] {dag.py:3823} INFO - Setting next_dagrun for example_dynamic_task_mapping to 2022-03-04 00:00:00+00:00, run_after=2022-03-05 00:00:00+00:00
[2024-02-20T19:07:48.627+0000] {processor.py:183} INFO - Processing /home/ubuntu/reddit_venv/lib/python3.10/site-packages/airflow/example_dags/example_dynamic_task_mapping.py took 0.068 seconds
[2024-02-20T19:08:56.941+0000] {processor.py:161} INFO - Started process (PID=5928) to work on /home/ubuntu/reddit_venv/lib/python3.10/site-packages/airflow/example_dags/example_dynamic_task_mapping.py
[2024-02-20T19:08:56.943+0000] {processor.py:830} INFO - Processing file /home/ubuntu/reddit_venv/lib/python3.10/site-packages/airflow/example_dags/example_dynamic_task_mapping.py for tasks to queue
[2024-02-20T19:08:56.944+0000] {logging_mixin.py:188} INFO - [2024-02-20T19:08:56.944+0000] {dagbag.py:538} INFO - Filling up the DagBag from /home/ubuntu/reddit_venv/lib/python3.10/site-packages/airflow/example_dags/example_dynamic_task_mapping.py
[2024-02-20T19:08:56.952+0000] {processor.py:840} INFO - DAG(s) 'example_dynamic_task_mapping' retrieved from /home/ubuntu/reddit_venv/lib/python3.10/site-packages/airflow/example_dags/example_dynamic_task_mapping.py
[2024-02-20T19:08:56.967+0000] {logging_mixin.py:188} INFO - [2024-02-20T19:08:56.967+0000] {dag.py:3036} INFO - Sync 1 DAGs
[2024-02-20T19:08:56.988+0000] {logging_mixin.py:188} INFO - [2024-02-20T19:08:56.988+0000] {dag.py:3823} INFO - Setting next_dagrun for example_dynamic_task_mapping to 2022-03-04 00:00:00+00:00, run_after=2022-03-05 00:00:00+00:00
[2024-02-20T19:08:57.009+0000] {processor.py:183} INFO - Processing /home/ubuntu/reddit_venv/lib/python3.10/site-packages/airflow/example_dags/example_dynamic_task_mapping.py took 0.071 seconds
[2024-02-20T19:09:57.509+0000] {processor.py:161} INFO - Started process (PID=6056) to work on /home/ubuntu/reddit_venv/lib/python3.10/site-packages/airflow/example_dags/example_dynamic_task_mapping.py
[2024-02-20T19:09:57.510+0000] {processor.py:830} INFO - Processing file /home/ubuntu/reddit_venv/lib/python3.10/site-packages/airflow/example_dags/example_dynamic_task_mapping.py for tasks to queue
[2024-02-20T19:09:57.511+0000] {logging_mixin.py:188} INFO - [2024-02-20T19:09:57.511+0000] {dagbag.py:538} INFO - Filling up the DagBag from /home/ubuntu/reddit_venv/lib/python3.10/site-packages/airflow/example_dags/example_dynamic_task_mapping.py
[2024-02-20T19:09:57.519+0000] {processor.py:840} INFO - DAG(s) 'example_dynamic_task_mapping' retrieved from /home/ubuntu/reddit_venv/lib/python3.10/site-packages/airflow/example_dags/example_dynamic_task_mapping.py
[2024-02-20T19:09:57.533+0000] {logging_mixin.py:188} INFO - [2024-02-20T19:09:57.533+0000] {dag.py:3036} INFO - Sync 1 DAGs
[2024-02-20T19:09:57.554+0000] {logging_mixin.py:188} INFO - [2024-02-20T19:09:57.553+0000] {dag.py:3823} INFO - Setting next_dagrun for example_dynamic_task_mapping to 2022-03-04 00:00:00+00:00, run_after=2022-03-05 00:00:00+00:00
[2024-02-20T19:09:57.575+0000] {processor.py:183} INFO - Processing /home/ubuntu/reddit_venv/lib/python3.10/site-packages/airflow/example_dags/example_dynamic_task_mapping.py took 0.069 seconds
[2024-02-20T19:10:54.886+0000] {processor.py:161} INFO - Started process (PID=6183) to work on /home/ubuntu/reddit_venv/lib/python3.10/site-packages/airflow/example_dags/example_dynamic_task_mapping.py
[2024-02-20T19:10:54.888+0000] {processor.py:830} INFO - Processing file /home/ubuntu/reddit_venv/lib/python3.10/site-packages/airflow/example_dags/example_dynamic_task_mapping.py for tasks to queue
[2024-02-20T19:10:54.888+0000] {logging_mixin.py:188} INFO - [2024-02-20T19:10:54.888+0000] {dagbag.py:538} INFO - Filling up the DagBag from /home/ubuntu/reddit_venv/lib/python3.10/site-packages/airflow/example_dags/example_dynamic_task_mapping.py
[2024-02-20T19:10:54.896+0000] {processor.py:840} INFO - DAG(s) 'example_dynamic_task_mapping' retrieved from /home/ubuntu/reddit_venv/lib/python3.10/site-packages/airflow/example_dags/example_dynamic_task_mapping.py
[2024-02-20T19:10:54.911+0000] {logging_mixin.py:188} INFO - [2024-02-20T19:10:54.911+0000] {dag.py:3036} INFO - Sync 1 DAGs
[2024-02-20T19:10:54.931+0000] {logging_mixin.py:188} INFO - [2024-02-20T19:10:54.931+0000] {dag.py:3823} INFO - Setting next_dagrun for example_dynamic_task_mapping to 2022-03-04 00:00:00+00:00, run_after=2022-03-05 00:00:00+00:00
[2024-02-20T19:10:54.954+0000] {processor.py:183} INFO - Processing /home/ubuntu/reddit_venv/lib/python3.10/site-packages/airflow/example_dags/example_dynamic_task_mapping.py took 0.071 seconds
[2024-02-20T19:11:50.164+0000] {processor.py:161} INFO - Started process (PID=6369) to work on /home/ubuntu/reddit_venv/lib/python3.10/site-packages/airflow/example_dags/example_dynamic_task_mapping.py
[2024-02-20T19:11:50.166+0000] {processor.py:830} INFO - Processing file /home/ubuntu/reddit_venv/lib/python3.10/site-packages/airflow/example_dags/example_dynamic_task_mapping.py for tasks to queue
[2024-02-20T19:11:50.167+0000] {logging_mixin.py:188} INFO - [2024-02-20T19:11:50.166+0000] {dagbag.py:538} INFO - Filling up the DagBag from /home/ubuntu/reddit_venv/lib/python3.10/site-packages/airflow/example_dags/example_dynamic_task_mapping.py
[2024-02-20T19:11:50.174+0000] {processor.py:840} INFO - DAG(s) 'example_dynamic_task_mapping' retrieved from /home/ubuntu/reddit_venv/lib/python3.10/site-packages/airflow/example_dags/example_dynamic_task_mapping.py
[2024-02-20T19:11:50.189+0000] {logging_mixin.py:188} INFO - [2024-02-20T19:11:50.189+0000] {dag.py:3036} INFO - Sync 1 DAGs
[2024-02-20T19:11:50.209+0000] {logging_mixin.py:188} INFO - [2024-02-20T19:11:50.209+0000] {dag.py:3823} INFO - Setting next_dagrun for example_dynamic_task_mapping to 2022-03-04 00:00:00+00:00, run_after=2022-03-05 00:00:00+00:00
[2024-02-20T19:11:50.232+0000] {processor.py:183} INFO - Processing /home/ubuntu/reddit_venv/lib/python3.10/site-packages/airflow/example_dags/example_dynamic_task_mapping.py took 0.071 seconds
[2024-02-20T19:12:47.564+0000] {processor.py:161} INFO - Started process (PID=6493) to work on /home/ubuntu/reddit_venv/lib/python3.10/site-packages/airflow/example_dags/example_dynamic_task_mapping.py
[2024-02-20T19:12:47.566+0000] {processor.py:830} INFO - Processing file /home/ubuntu/reddit_venv/lib/python3.10/site-packages/airflow/example_dags/example_dynamic_task_mapping.py for tasks to queue
[2024-02-20T19:12:47.567+0000] {logging_mixin.py:188} INFO - [2024-02-20T19:12:47.566+0000] {dagbag.py:538} INFO - Filling up the DagBag from /home/ubuntu/reddit_venv/lib/python3.10/site-packages/airflow/example_dags/example_dynamic_task_mapping.py
[2024-02-20T19:12:47.574+0000] {processor.py:840} INFO - DAG(s) 'example_dynamic_task_mapping' retrieved from /home/ubuntu/reddit_venv/lib/python3.10/site-packages/airflow/example_dags/example_dynamic_task_mapping.py
[2024-02-20T19:12:47.589+0000] {logging_mixin.py:188} INFO - [2024-02-20T19:12:47.588+0000] {dag.py:3036} INFO - Sync 1 DAGs
[2024-02-20T19:12:47.609+0000] {logging_mixin.py:188} INFO - [2024-02-20T19:12:47.609+0000] {dag.py:3823} INFO - Setting next_dagrun for example_dynamic_task_mapping to 2022-03-04 00:00:00+00:00, run_after=2022-03-05 00:00:00+00:00
[2024-02-20T19:12:47.630+0000] {processor.py:183} INFO - Processing /home/ubuntu/reddit_venv/lib/python3.10/site-packages/airflow/example_dags/example_dynamic_task_mapping.py took 0.069 seconds
[2024-02-20T19:13:47.091+0000] {processor.py:161} INFO - Started process (PID=6621) to work on /home/ubuntu/reddit_venv/lib/python3.10/site-packages/airflow/example_dags/example_dynamic_task_mapping.py
[2024-02-20T19:13:47.092+0000] {processor.py:830} INFO - Processing file /home/ubuntu/reddit_venv/lib/python3.10/site-packages/airflow/example_dags/example_dynamic_task_mapping.py for tasks to queue
[2024-02-20T19:13:47.093+0000] {logging_mixin.py:188} INFO - [2024-02-20T19:13:47.093+0000] {dagbag.py:538} INFO - Filling up the DagBag from /home/ubuntu/reddit_venv/lib/python3.10/site-packages/airflow/example_dags/example_dynamic_task_mapping.py
[2024-02-20T19:13:47.100+0000] {processor.py:840} INFO - DAG(s) 'example_dynamic_task_mapping' retrieved from /home/ubuntu/reddit_venv/lib/python3.10/site-packages/airflow/example_dags/example_dynamic_task_mapping.py
[2024-02-20T19:13:47.115+0000] {logging_mixin.py:188} INFO - [2024-02-20T19:13:47.114+0000] {dag.py:3036} INFO - Sync 1 DAGs
[2024-02-20T19:13:47.135+0000] {logging_mixin.py:188} INFO - [2024-02-20T19:13:47.134+0000] {dag.py:3823} INFO - Setting next_dagrun for example_dynamic_task_mapping to 2022-03-04 00:00:00+00:00, run_after=2022-03-05 00:00:00+00:00
[2024-02-20T19:13:47.157+0000] {processor.py:183} INFO - Processing /home/ubuntu/reddit_venv/lib/python3.10/site-packages/airflow/example_dags/example_dynamic_task_mapping.py took 0.069 seconds
[2024-02-20T19:14:41.396+0000] {processor.py:161} INFO - Started process (PID=6745) to work on /home/ubuntu/reddit_venv/lib/python3.10/site-packages/airflow/example_dags/example_dynamic_task_mapping.py
[2024-02-20T19:14:41.397+0000] {processor.py:830} INFO - Processing file /home/ubuntu/reddit_venv/lib/python3.10/site-packages/airflow/example_dags/example_dynamic_task_mapping.py for tasks to queue
[2024-02-20T19:14:41.398+0000] {logging_mixin.py:188} INFO - [2024-02-20T19:14:41.398+0000] {dagbag.py:538} INFO - Filling up the DagBag from /home/ubuntu/reddit_venv/lib/python3.10/site-packages/airflow/example_dags/example_dynamic_task_mapping.py
[2024-02-20T19:14:41.405+0000] {processor.py:840} INFO - DAG(s) 'example_dynamic_task_mapping' retrieved from /home/ubuntu/reddit_venv/lib/python3.10/site-packages/airflow/example_dags/example_dynamic_task_mapping.py
[2024-02-20T19:14:41.420+0000] {logging_mixin.py:188} INFO - [2024-02-20T19:14:41.420+0000] {dag.py:3036} INFO - Sync 1 DAGs
[2024-02-20T19:14:41.440+0000] {logging_mixin.py:188} INFO - [2024-02-20T19:14:41.440+0000] {dag.py:3823} INFO - Setting next_dagrun for example_dynamic_task_mapping to 2022-03-04 00:00:00+00:00, run_after=2022-03-05 00:00:00+00:00
[2024-02-20T19:14:41.462+0000] {processor.py:183} INFO - Processing /home/ubuntu/reddit_venv/lib/python3.10/site-packages/airflow/example_dags/example_dynamic_task_mapping.py took 0.070 seconds
[2024-02-20T19:16:06.535+0000] {processor.py:161} INFO - Started process (PID=7423) to work on /home/ubuntu/reddit_venv/lib/python3.10/site-packages/airflow/example_dags/example_dynamic_task_mapping.py
[2024-02-20T19:16:06.537+0000] {processor.py:830} INFO - Processing file /home/ubuntu/reddit_venv/lib/python3.10/site-packages/airflow/example_dags/example_dynamic_task_mapping.py for tasks to queue
[2024-02-20T19:16:06.538+0000] {logging_mixin.py:188} INFO - [2024-02-20T19:16:06.537+0000] {dagbag.py:538} INFO - Filling up the DagBag from /home/ubuntu/reddit_venv/lib/python3.10/site-packages/airflow/example_dags/example_dynamic_task_mapping.py
[2024-02-20T19:16:06.545+0000] {processor.py:840} INFO - DAG(s) 'example_dynamic_task_mapping' retrieved from /home/ubuntu/reddit_venv/lib/python3.10/site-packages/airflow/example_dags/example_dynamic_task_mapping.py
[2024-02-20T19:16:06.560+0000] {logging_mixin.py:188} INFO - [2024-02-20T19:16:06.559+0000] {dag.py:3036} INFO - Sync 1 DAGs
[2024-02-20T19:16:06.580+0000] {logging_mixin.py:188} INFO - [2024-02-20T19:16:06.579+0000] {dag.py:3823} INFO - Setting next_dagrun for example_dynamic_task_mapping to 2022-03-04 00:00:00+00:00, run_after=2022-03-05 00:00:00+00:00
[2024-02-20T19:16:06.602+0000] {processor.py:183} INFO - Processing /home/ubuntu/reddit_venv/lib/python3.10/site-packages/airflow/example_dags/example_dynamic_task_mapping.py took 0.070 seconds
[2024-02-20T19:17:05.951+0000] {processor.py:161} INFO - Started process (PID=7589) to work on /home/ubuntu/reddit_venv/lib/python3.10/site-packages/airflow/example_dags/example_dynamic_task_mapping.py
[2024-02-20T19:17:05.953+0000] {processor.py:830} INFO - Processing file /home/ubuntu/reddit_venv/lib/python3.10/site-packages/airflow/example_dags/example_dynamic_task_mapping.py for tasks to queue
[2024-02-20T19:17:05.954+0000] {logging_mixin.py:188} INFO - [2024-02-20T19:17:05.953+0000] {dagbag.py:538} INFO - Filling up the DagBag from /home/ubuntu/reddit_venv/lib/python3.10/site-packages/airflow/example_dags/example_dynamic_task_mapping.py
[2024-02-20T19:17:05.961+0000] {processor.py:840} INFO - DAG(s) 'example_dynamic_task_mapping' retrieved from /home/ubuntu/reddit_venv/lib/python3.10/site-packages/airflow/example_dags/example_dynamic_task_mapping.py
[2024-02-20T19:17:05.977+0000] {logging_mixin.py:188} INFO - [2024-02-20T19:17:05.977+0000] {dag.py:3036} INFO - Sync 1 DAGs
[2024-02-20T19:17:05.998+0000] {logging_mixin.py:188} INFO - [2024-02-20T19:17:05.997+0000] {dag.py:3823} INFO - Setting next_dagrun for example_dynamic_task_mapping to 2022-03-04 00:00:00+00:00, run_after=2022-03-05 00:00:00+00:00
[2024-02-20T19:17:06.021+0000] {processor.py:183} INFO - Processing /home/ubuntu/reddit_venv/lib/python3.10/site-packages/airflow/example_dags/example_dynamic_task_mapping.py took 0.073 seconds
[2024-02-20T19:18:05.591+0000] {processor.py:161} INFO - Started process (PID=7717) to work on /home/ubuntu/reddit_venv/lib/python3.10/site-packages/airflow/example_dags/example_dynamic_task_mapping.py
[2024-02-20T19:18:05.592+0000] {processor.py:830} INFO - Processing file /home/ubuntu/reddit_venv/lib/python3.10/site-packages/airflow/example_dags/example_dynamic_task_mapping.py for tasks to queue
[2024-02-20T19:18:05.593+0000] {logging_mixin.py:188} INFO - [2024-02-20T19:18:05.593+0000] {dagbag.py:538} INFO - Filling up the DagBag from /home/ubuntu/reddit_venv/lib/python3.10/site-packages/airflow/example_dags/example_dynamic_task_mapping.py
[2024-02-20T19:18:05.601+0000] {processor.py:840} INFO - DAG(s) 'example_dynamic_task_mapping' retrieved from /home/ubuntu/reddit_venv/lib/python3.10/site-packages/airflow/example_dags/example_dynamic_task_mapping.py
[2024-02-20T19:18:05.616+0000] {logging_mixin.py:188} INFO - [2024-02-20T19:18:05.616+0000] {dag.py:3036} INFO - Sync 1 DAGs
[2024-02-20T19:18:05.637+0000] {logging_mixin.py:188} INFO - [2024-02-20T19:18:05.636+0000] {dag.py:3823} INFO - Setting next_dagrun for example_dynamic_task_mapping to 2022-03-04 00:00:00+00:00, run_after=2022-03-05 00:00:00+00:00
[2024-02-20T19:18:05.658+0000] {processor.py:183} INFO - Processing /home/ubuntu/reddit_venv/lib/python3.10/site-packages/airflow/example_dags/example_dynamic_task_mapping.py took 0.071 seconds
[2024-02-20T19:19:02.798+0000] {processor.py:161} INFO - Started process (PID=7844) to work on /home/ubuntu/reddit_venv/lib/python3.10/site-packages/airflow/example_dags/example_dynamic_task_mapping.py
[2024-02-20T19:19:02.801+0000] {processor.py:830} INFO - Processing file /home/ubuntu/reddit_venv/lib/python3.10/site-packages/airflow/example_dags/example_dynamic_task_mapping.py for tasks to queue
[2024-02-20T19:19:02.802+0000] {logging_mixin.py:188} INFO - [2024-02-20T19:19:02.802+0000] {dagbag.py:538} INFO - Filling up the DagBag from /home/ubuntu/reddit_venv/lib/python3.10/site-packages/airflow/example_dags/example_dynamic_task_mapping.py
[2024-02-20T19:19:02.810+0000] {processor.py:840} INFO - DAG(s) 'example_dynamic_task_mapping' retrieved from /home/ubuntu/reddit_venv/lib/python3.10/site-packages/airflow/example_dags/example_dynamic_task_mapping.py
[2024-02-20T19:19:02.825+0000] {logging_mixin.py:188} INFO - [2024-02-20T19:19:02.825+0000] {dag.py:3036} INFO - Sync 1 DAGs
[2024-02-20T19:19:02.847+0000] {logging_mixin.py:188} INFO - [2024-02-20T19:19:02.846+0000] {dag.py:3823} INFO - Setting next_dagrun for example_dynamic_task_mapping to 2022-03-04 00:00:00+00:00, run_after=2022-03-05 00:00:00+00:00
[2024-02-20T19:19:02.869+0000] {processor.py:183} INFO - Processing /home/ubuntu/reddit_venv/lib/python3.10/site-packages/airflow/example_dags/example_dynamic_task_mapping.py took 0.074 seconds
[2024-02-20T19:20:00.958+0000] {processor.py:161} INFO - Started process (PID=7909) to work on /home/ubuntu/reddit_venv/lib/python3.10/site-packages/airflow/example_dags/example_dynamic_task_mapping.py
[2024-02-20T19:20:00.959+0000] {processor.py:830} INFO - Processing file /home/ubuntu/reddit_venv/lib/python3.10/site-packages/airflow/example_dags/example_dynamic_task_mapping.py for tasks to queue
[2024-02-20T19:20:00.960+0000] {logging_mixin.py:188} INFO - [2024-02-20T19:20:00.960+0000] {dagbag.py:538} INFO - Filling up the DagBag from /home/ubuntu/reddit_venv/lib/python3.10/site-packages/airflow/example_dags/example_dynamic_task_mapping.py
[2024-02-20T19:20:00.967+0000] {processor.py:840} INFO - DAG(s) 'example_dynamic_task_mapping' retrieved from /home/ubuntu/reddit_venv/lib/python3.10/site-packages/airflow/example_dags/example_dynamic_task_mapping.py
[2024-02-20T19:20:00.982+0000] {logging_mixin.py:188} INFO - [2024-02-20T19:20:00.982+0000] {dag.py:3036} INFO - Sync 1 DAGs
[2024-02-20T19:20:01.003+0000] {logging_mixin.py:188} INFO - [2024-02-20T19:20:01.003+0000] {dag.py:3823} INFO - Setting next_dagrun for example_dynamic_task_mapping to 2022-03-04 00:00:00+00:00, run_after=2022-03-05 00:00:00+00:00
[2024-02-20T19:20:01.024+0000] {processor.py:183} INFO - Processing /home/ubuntu/reddit_venv/lib/python3.10/site-packages/airflow/example_dags/example_dynamic_task_mapping.py took 0.070 seconds
[2024-02-20T19:20:59.086+0000] {processor.py:161} INFO - Started process (PID=8036) to work on /home/ubuntu/reddit_venv/lib/python3.10/site-packages/airflow/example_dags/example_dynamic_task_mapping.py
[2024-02-20T19:20:59.087+0000] {processor.py:830} INFO - Processing file /home/ubuntu/reddit_venv/lib/python3.10/site-packages/airflow/example_dags/example_dynamic_task_mapping.py for tasks to queue
[2024-02-20T19:20:59.088+0000] {logging_mixin.py:188} INFO - [2024-02-20T19:20:59.088+0000] {dagbag.py:538} INFO - Filling up the DagBag from /home/ubuntu/reddit_venv/lib/python3.10/site-packages/airflow/example_dags/example_dynamic_task_mapping.py
[2024-02-20T19:20:59.096+0000] {processor.py:840} INFO - DAG(s) 'example_dynamic_task_mapping' retrieved from /home/ubuntu/reddit_venv/lib/python3.10/site-packages/airflow/example_dags/example_dynamic_task_mapping.py
[2024-02-20T19:20:59.112+0000] {logging_mixin.py:188} INFO - [2024-02-20T19:20:59.112+0000] {dag.py:3036} INFO - Sync 1 DAGs
[2024-02-20T19:20:59.132+0000] {logging_mixin.py:188} INFO - [2024-02-20T19:20:59.132+0000] {dag.py:3823} INFO - Setting next_dagrun for example_dynamic_task_mapping to 2022-03-04 00:00:00+00:00, run_after=2022-03-05 00:00:00+00:00
[2024-02-20T19:20:59.153+0000] {processor.py:183} INFO - Processing /home/ubuntu/reddit_venv/lib/python3.10/site-packages/airflow/example_dags/example_dynamic_task_mapping.py took 0.070 seconds
[2024-02-20T19:21:55.271+0000] {processor.py:161} INFO - Started process (PID=8219) to work on /home/ubuntu/reddit_venv/lib/python3.10/site-packages/airflow/example_dags/example_dynamic_task_mapping.py
[2024-02-20T19:21:55.272+0000] {processor.py:830} INFO - Processing file /home/ubuntu/reddit_venv/lib/python3.10/site-packages/airflow/example_dags/example_dynamic_task_mapping.py for tasks to queue
[2024-02-20T19:21:55.273+0000] {logging_mixin.py:188} INFO - [2024-02-20T19:21:55.273+0000] {dagbag.py:538} INFO - Filling up the DagBag from /home/ubuntu/reddit_venv/lib/python3.10/site-packages/airflow/example_dags/example_dynamic_task_mapping.py
[2024-02-20T19:21:55.280+0000] {processor.py:840} INFO - DAG(s) 'example_dynamic_task_mapping' retrieved from /home/ubuntu/reddit_venv/lib/python3.10/site-packages/airflow/example_dags/example_dynamic_task_mapping.py
[2024-02-20T19:21:55.295+0000] {logging_mixin.py:188} INFO - [2024-02-20T19:21:55.295+0000] {dag.py:3036} INFO - Sync 1 DAGs
[2024-02-20T19:21:55.315+0000] {logging_mixin.py:188} INFO - [2024-02-20T19:21:55.315+0000] {dag.py:3823} INFO - Setting next_dagrun for example_dynamic_task_mapping to 2022-03-04 00:00:00+00:00, run_after=2022-03-05 00:00:00+00:00
[2024-02-20T19:21:55.338+0000] {processor.py:183} INFO - Processing /home/ubuntu/reddit_venv/lib/python3.10/site-packages/airflow/example_dags/example_dynamic_task_mapping.py took 0.071 seconds
[2024-02-20T19:22:53.517+0000] {processor.py:161} INFO - Started process (PID=8352) to work on /home/ubuntu/reddit_venv/lib/python3.10/site-packages/airflow/example_dags/example_dynamic_task_mapping.py
[2024-02-20T19:22:53.519+0000] {processor.py:830} INFO - Processing file /home/ubuntu/reddit_venv/lib/python3.10/site-packages/airflow/example_dags/example_dynamic_task_mapping.py for tasks to queue
[2024-02-20T19:22:53.520+0000] {logging_mixin.py:188} INFO - [2024-02-20T19:22:53.519+0000] {dagbag.py:538} INFO - Filling up the DagBag from /home/ubuntu/reddit_venv/lib/python3.10/site-packages/airflow/example_dags/example_dynamic_task_mapping.py
[2024-02-20T19:22:53.527+0000] {processor.py:840} INFO - DAG(s) 'example_dynamic_task_mapping' retrieved from /home/ubuntu/reddit_venv/lib/python3.10/site-packages/airflow/example_dags/example_dynamic_task_mapping.py
[2024-02-20T19:22:53.542+0000] {logging_mixin.py:188} INFO - [2024-02-20T19:22:53.541+0000] {dag.py:3036} INFO - Sync 1 DAGs
[2024-02-20T19:22:53.561+0000] {logging_mixin.py:188} INFO - [2024-02-20T19:22:53.561+0000] {dag.py:3823} INFO - Setting next_dagrun for example_dynamic_task_mapping to 2022-03-04 00:00:00+00:00, run_after=2022-03-05 00:00:00+00:00
[2024-02-20T19:22:53.584+0000] {processor.py:183} INFO - Processing /home/ubuntu/reddit_venv/lib/python3.10/site-packages/airflow/example_dags/example_dynamic_task_mapping.py took 0.070 seconds
[2024-02-20T19:23:46.149+0000] {processor.py:161} INFO - Started process (PID=8473) to work on /home/ubuntu/reddit_venv/lib/python3.10/site-packages/airflow/example_dags/example_dynamic_task_mapping.py
[2024-02-20T19:23:46.151+0000] {processor.py:830} INFO - Processing file /home/ubuntu/reddit_venv/lib/python3.10/site-packages/airflow/example_dags/example_dynamic_task_mapping.py for tasks to queue
[2024-02-20T19:23:46.152+0000] {logging_mixin.py:188} INFO - [2024-02-20T19:23:46.152+0000] {dagbag.py:538} INFO - Filling up the DagBag from /home/ubuntu/reddit_venv/lib/python3.10/site-packages/airflow/example_dags/example_dynamic_task_mapping.py
[2024-02-20T19:23:46.159+0000] {processor.py:840} INFO - DAG(s) 'example_dynamic_task_mapping' retrieved from /home/ubuntu/reddit_venv/lib/python3.10/site-packages/airflow/example_dags/example_dynamic_task_mapping.py
[2024-02-20T19:23:46.174+0000] {logging_mixin.py:188} INFO - [2024-02-20T19:23:46.174+0000] {dag.py:3036} INFO - Sync 1 DAGs
[2024-02-20T19:23:46.194+0000] {logging_mixin.py:188} INFO - [2024-02-20T19:23:46.193+0000] {dag.py:3823} INFO - Setting next_dagrun for example_dynamic_task_mapping to 2022-03-04 00:00:00+00:00, run_after=2022-03-05 00:00:00+00:00
[2024-02-20T19:23:46.215+0000] {processor.py:183} INFO - Processing /home/ubuntu/reddit_venv/lib/python3.10/site-packages/airflow/example_dags/example_dynamic_task_mapping.py took 0.068 seconds
[2024-02-20T19:24:45.486+0000] {processor.py:161} INFO - Started process (PID=8600) to work on /home/ubuntu/reddit_venv/lib/python3.10/site-packages/airflow/example_dags/example_dynamic_task_mapping.py
[2024-02-20T19:24:45.488+0000] {processor.py:830} INFO - Processing file /home/ubuntu/reddit_venv/lib/python3.10/site-packages/airflow/example_dags/example_dynamic_task_mapping.py for tasks to queue
[2024-02-20T19:24:45.489+0000] {logging_mixin.py:188} INFO - [2024-02-20T19:24:45.488+0000] {dagbag.py:538} INFO - Filling up the DagBag from /home/ubuntu/reddit_venv/lib/python3.10/site-packages/airflow/example_dags/example_dynamic_task_mapping.py
[2024-02-20T19:24:45.496+0000] {processor.py:840} INFO - DAG(s) 'example_dynamic_task_mapping' retrieved from /home/ubuntu/reddit_venv/lib/python3.10/site-packages/airflow/example_dags/example_dynamic_task_mapping.py
[2024-02-20T19:24:45.510+0000] {logging_mixin.py:188} INFO - [2024-02-20T19:24:45.510+0000] {dag.py:3036} INFO - Sync 1 DAGs
[2024-02-20T19:24:45.530+0000] {logging_mixin.py:188} INFO - [2024-02-20T19:24:45.530+0000] {dag.py:3823} INFO - Setting next_dagrun for example_dynamic_task_mapping to 2022-03-04 00:00:00+00:00, run_after=2022-03-05 00:00:00+00:00
[2024-02-20T19:24:45.551+0000] {processor.py:183} INFO - Processing /home/ubuntu/reddit_venv/lib/python3.10/site-packages/airflow/example_dags/example_dynamic_task_mapping.py took 0.069 seconds
[2024-02-20T19:25:48.513+0000] {processor.py:161} INFO - Started process (PID=8728) to work on /home/ubuntu/reddit_venv/lib/python3.10/site-packages/airflow/example_dags/example_dynamic_task_mapping.py
[2024-02-20T19:25:48.515+0000] {processor.py:830} INFO - Processing file /home/ubuntu/reddit_venv/lib/python3.10/site-packages/airflow/example_dags/example_dynamic_task_mapping.py for tasks to queue
[2024-02-20T19:25:48.516+0000] {logging_mixin.py:188} INFO - [2024-02-20T19:25:48.515+0000] {dagbag.py:538} INFO - Filling up the DagBag from /home/ubuntu/reddit_venv/lib/python3.10/site-packages/airflow/example_dags/example_dynamic_task_mapping.py
[2024-02-20T19:25:48.523+0000] {processor.py:840} INFO - DAG(s) 'example_dynamic_task_mapping' retrieved from /home/ubuntu/reddit_venv/lib/python3.10/site-packages/airflow/example_dags/example_dynamic_task_mapping.py
[2024-02-20T19:25:48.538+0000] {logging_mixin.py:188} INFO - [2024-02-20T19:25:48.537+0000] {dag.py:3036} INFO - Sync 1 DAGs
[2024-02-20T19:25:48.558+0000] {logging_mixin.py:188} INFO - [2024-02-20T19:25:48.558+0000] {dag.py:3823} INFO - Setting next_dagrun for example_dynamic_task_mapping to 2022-03-04 00:00:00+00:00, run_after=2022-03-05 00:00:00+00:00
[2024-02-20T19:25:48.588+0000] {processor.py:183} INFO - Processing /home/ubuntu/reddit_venv/lib/python3.10/site-packages/airflow/example_dags/example_dynamic_task_mapping.py took 0.079 seconds
