[2024-02-20T18:07:11.700+0000] {processor.py:161} INFO - Started process (PID=1982) to work on /home/ubuntu/reddit_venv/lib/python3.10/site-packages/airflow/example_dags/example_dynamic_task_mapping_with_no_taskflow_operators.py
[2024-02-20T18:07:11.701+0000] {processor.py:830} INFO - Processing file /home/ubuntu/reddit_venv/lib/python3.10/site-packages/airflow/example_dags/example_dynamic_task_mapping_with_no_taskflow_operators.py for tasks to queue
[2024-02-20T18:07:11.702+0000] {logging_mixin.py:188} INFO - [2024-02-20T18:07:11.701+0000] {dagbag.py:538} INFO - Filling up the DagBag from /home/ubuntu/reddit_venv/lib/python3.10/site-packages/airflow/example_dags/example_dynamic_task_mapping_with_no_taskflow_operators.py
[2024-02-20T18:07:11.709+0000] {processor.py:840} INFO - DAG(s) 'example_dynamic_task_mapping_with_no_taskflow_operators' retrieved from /home/ubuntu/reddit_venv/lib/python3.10/site-packages/airflow/example_dags/example_dynamic_task_mapping_with_no_taskflow_operators.py
[2024-02-20T18:07:11.811+0000] {logging_mixin.py:188} INFO - [2024-02-20T18:07:11.810+0000] {dag.py:3036} INFO - Sync 1 DAGs
[2024-02-20T18:07:11.829+0000] {logging_mixin.py:188} INFO - [2024-02-20T18:07:11.829+0000] {dag.py:3823} INFO - Setting next_dagrun for example_dynamic_task_mapping_with_no_taskflow_operators to 2024-02-19 00:00:00+00:00, run_after=2024-02-20 00:00:00+00:00
[2024-02-20T18:07:11.853+0000] {processor.py:183} INFO - Processing /home/ubuntu/reddit_venv/lib/python3.10/site-packages/airflow/example_dags/example_dynamic_task_mapping_with_no_taskflow_operators.py took 0.157 seconds
[2024-02-20T18:08:02.472+0000] {processor.py:161} INFO - Started process (PID=2279) to work on /home/ubuntu/reddit_venv/lib/python3.10/site-packages/airflow/example_dags/example_dynamic_task_mapping_with_no_taskflow_operators.py
[2024-02-20T18:08:02.473+0000] {processor.py:830} INFO - Processing file /home/ubuntu/reddit_venv/lib/python3.10/site-packages/airflow/example_dags/example_dynamic_task_mapping_with_no_taskflow_operators.py for tasks to queue
[2024-02-20T18:08:02.474+0000] {logging_mixin.py:188} INFO - [2024-02-20T18:08:02.474+0000] {dagbag.py:538} INFO - Filling up the DagBag from /home/ubuntu/reddit_venv/lib/python3.10/site-packages/airflow/example_dags/example_dynamic_task_mapping_with_no_taskflow_operators.py
[2024-02-20T18:08:02.482+0000] {processor.py:840} INFO - DAG(s) 'example_dynamic_task_mapping_with_no_taskflow_operators' retrieved from /home/ubuntu/reddit_venv/lib/python3.10/site-packages/airflow/example_dags/example_dynamic_task_mapping_with_no_taskflow_operators.py
[2024-02-20T18:08:02.497+0000] {logging_mixin.py:188} INFO - [2024-02-20T18:08:02.497+0000] {dag.py:3036} INFO - Sync 1 DAGs
[2024-02-20T18:08:02.518+0000] {logging_mixin.py:188} INFO - [2024-02-20T18:08:02.518+0000] {dag.py:3823} INFO - Setting next_dagrun for example_dynamic_task_mapping_with_no_taskflow_operators to 2024-02-19 00:00:00+00:00, run_after=2024-02-20 00:00:00+00:00
[2024-02-20T18:08:02.539+0000] {processor.py:183} INFO - Processing /home/ubuntu/reddit_venv/lib/python3.10/site-packages/airflow/example_dags/example_dynamic_task_mapping_with_no_taskflow_operators.py took 0.071 seconds
[2024-02-20T18:08:59.428+0000] {processor.py:161} INFO - Started process (PID=2652) to work on /home/ubuntu/reddit_venv/lib/python3.10/site-packages/airflow/example_dags/example_dynamic_task_mapping_with_no_taskflow_operators.py
[2024-02-20T18:08:59.430+0000] {processor.py:830} INFO - Processing file /home/ubuntu/reddit_venv/lib/python3.10/site-packages/airflow/example_dags/example_dynamic_task_mapping_with_no_taskflow_operators.py for tasks to queue
[2024-02-20T18:08:59.431+0000] {logging_mixin.py:188} INFO - [2024-02-20T18:08:59.430+0000] {dagbag.py:538} INFO - Filling up the DagBag from /home/ubuntu/reddit_venv/lib/python3.10/site-packages/airflow/example_dags/example_dynamic_task_mapping_with_no_taskflow_operators.py
[2024-02-20T18:08:59.438+0000] {processor.py:840} INFO - DAG(s) 'example_dynamic_task_mapping_with_no_taskflow_operators' retrieved from /home/ubuntu/reddit_venv/lib/python3.10/site-packages/airflow/example_dags/example_dynamic_task_mapping_with_no_taskflow_operators.py
[2024-02-20T18:08:59.454+0000] {logging_mixin.py:188} INFO - [2024-02-20T18:08:59.453+0000] {dag.py:3036} INFO - Sync 1 DAGs
[2024-02-20T18:08:59.476+0000] {logging_mixin.py:188} INFO - [2024-02-20T18:08:59.475+0000] {dag.py:3823} INFO - Setting next_dagrun for example_dynamic_task_mapping_with_no_taskflow_operators to 2024-02-19 00:00:00+00:00, run_after=2024-02-20 00:00:00+00:00
[2024-02-20T18:08:59.498+0000] {processor.py:183} INFO - Processing /home/ubuntu/reddit_venv/lib/python3.10/site-packages/airflow/example_dags/example_dynamic_task_mapping_with_no_taskflow_operators.py took 0.073 seconds
[2024-02-20T18:09:59.191+0000] {processor.py:161} INFO - Started process (PID=3088) to work on /home/ubuntu/reddit_venv/lib/python3.10/site-packages/airflow/example_dags/example_dynamic_task_mapping_with_no_taskflow_operators.py
[2024-02-20T18:09:59.192+0000] {processor.py:830} INFO - Processing file /home/ubuntu/reddit_venv/lib/python3.10/site-packages/airflow/example_dags/example_dynamic_task_mapping_with_no_taskflow_operators.py for tasks to queue
[2024-02-20T18:09:59.193+0000] {logging_mixin.py:188} INFO - [2024-02-20T18:09:59.193+0000] {dagbag.py:538} INFO - Filling up the DagBag from /home/ubuntu/reddit_venv/lib/python3.10/site-packages/airflow/example_dags/example_dynamic_task_mapping_with_no_taskflow_operators.py
[2024-02-20T18:09:59.201+0000] {processor.py:840} INFO - DAG(s) 'example_dynamic_task_mapping_with_no_taskflow_operators' retrieved from /home/ubuntu/reddit_venv/lib/python3.10/site-packages/airflow/example_dags/example_dynamic_task_mapping_with_no_taskflow_operators.py
[2024-02-20T18:09:59.215+0000] {logging_mixin.py:188} INFO - [2024-02-20T18:09:59.215+0000] {dag.py:3036} INFO - Sync 1 DAGs
[2024-02-20T18:09:59.236+0000] {logging_mixin.py:188} INFO - [2024-02-20T18:09:59.236+0000] {dag.py:3823} INFO - Setting next_dagrun for example_dynamic_task_mapping_with_no_taskflow_operators to 2024-02-19 00:00:00+00:00, run_after=2024-02-20 00:00:00+00:00
[2024-02-20T18:09:59.259+0000] {processor.py:183} INFO - Processing /home/ubuntu/reddit_venv/lib/python3.10/site-packages/airflow/example_dags/example_dynamic_task_mapping_with_no_taskflow_operators.py took 0.072 seconds
[2024-02-20T18:10:55.885+0000] {processor.py:161} INFO - Started process (PID=3211) to work on /home/ubuntu/reddit_venv/lib/python3.10/site-packages/airflow/example_dags/example_dynamic_task_mapping_with_no_taskflow_operators.py
[2024-02-20T18:10:55.886+0000] {processor.py:830} INFO - Processing file /home/ubuntu/reddit_venv/lib/python3.10/site-packages/airflow/example_dags/example_dynamic_task_mapping_with_no_taskflow_operators.py for tasks to queue
[2024-02-20T18:10:55.887+0000] {logging_mixin.py:188} INFO - [2024-02-20T18:10:55.887+0000] {dagbag.py:538} INFO - Filling up the DagBag from /home/ubuntu/reddit_venv/lib/python3.10/site-packages/airflow/example_dags/example_dynamic_task_mapping_with_no_taskflow_operators.py
[2024-02-20T18:10:55.895+0000] {processor.py:840} INFO - DAG(s) 'example_dynamic_task_mapping_with_no_taskflow_operators' retrieved from /home/ubuntu/reddit_venv/lib/python3.10/site-packages/airflow/example_dags/example_dynamic_task_mapping_with_no_taskflow_operators.py
[2024-02-20T18:10:55.910+0000] {logging_mixin.py:188} INFO - [2024-02-20T18:10:55.910+0000] {dag.py:3036} INFO - Sync 1 DAGs
[2024-02-20T18:10:55.931+0000] {logging_mixin.py:188} INFO - [2024-02-20T18:10:55.930+0000] {dag.py:3823} INFO - Setting next_dagrun for example_dynamic_task_mapping_with_no_taskflow_operators to 2024-02-19 00:00:00+00:00, run_after=2024-02-20 00:00:00+00:00
[2024-02-20T18:10:55.956+0000] {processor.py:183} INFO - Processing /home/ubuntu/reddit_venv/lib/python3.10/site-packages/airflow/example_dags/example_dynamic_task_mapping_with_no_taskflow_operators.py took 0.074 seconds
[2024-02-20T18:12:06.896+0000] {processor.py:161} INFO - Started process (PID=3734) to work on /home/ubuntu/reddit_venv/lib/python3.10/site-packages/airflow/example_dags/example_dynamic_task_mapping_with_no_taskflow_operators.py
[2024-02-20T18:12:06.899+0000] {processor.py:830} INFO - Processing file /home/ubuntu/reddit_venv/lib/python3.10/site-packages/airflow/example_dags/example_dynamic_task_mapping_with_no_taskflow_operators.py for tasks to queue
[2024-02-20T18:12:06.900+0000] {logging_mixin.py:188} INFO - [2024-02-20T18:12:06.900+0000] {dagbag.py:538} INFO - Filling up the DagBag from /home/ubuntu/reddit_venv/lib/python3.10/site-packages/airflow/example_dags/example_dynamic_task_mapping_with_no_taskflow_operators.py
[2024-02-20T18:12:06.908+0000] {processor.py:840} INFO - DAG(s) 'example_dynamic_task_mapping_with_no_taskflow_operators' retrieved from /home/ubuntu/reddit_venv/lib/python3.10/site-packages/airflow/example_dags/example_dynamic_task_mapping_with_no_taskflow_operators.py
[2024-02-20T18:12:06.923+0000] {logging_mixin.py:188} INFO - [2024-02-20T18:12:06.923+0000] {dag.py:3036} INFO - Sync 1 DAGs
[2024-02-20T18:12:06.943+0000] {logging_mixin.py:188} INFO - [2024-02-20T18:12:06.943+0000] {dag.py:3823} INFO - Setting next_dagrun for example_dynamic_task_mapping_with_no_taskflow_operators to 2024-02-19 00:00:00+00:00, run_after=2024-02-20 00:00:00+00:00
[2024-02-20T18:12:06.966+0000] {processor.py:183} INFO - Processing /home/ubuntu/reddit_venv/lib/python3.10/site-packages/airflow/example_dags/example_dynamic_task_mapping_with_no_taskflow_operators.py took 0.074 seconds
[2024-02-20T18:12:54.737+0000] {processor.py:161} INFO - Started process (PID=3850) to work on /home/ubuntu/reddit_venv/lib/python3.10/site-packages/airflow/example_dags/example_dynamic_task_mapping_with_no_taskflow_operators.py
[2024-02-20T18:12:54.738+0000] {processor.py:830} INFO - Processing file /home/ubuntu/reddit_venv/lib/python3.10/site-packages/airflow/example_dags/example_dynamic_task_mapping_with_no_taskflow_operators.py for tasks to queue
[2024-02-20T18:12:54.739+0000] {logging_mixin.py:188} INFO - [2024-02-20T18:12:54.739+0000] {dagbag.py:538} INFO - Filling up the DagBag from /home/ubuntu/reddit_venv/lib/python3.10/site-packages/airflow/example_dags/example_dynamic_task_mapping_with_no_taskflow_operators.py
[2024-02-20T18:12:54.747+0000] {processor.py:840} INFO - DAG(s) 'example_dynamic_task_mapping_with_no_taskflow_operators' retrieved from /home/ubuntu/reddit_venv/lib/python3.10/site-packages/airflow/example_dags/example_dynamic_task_mapping_with_no_taskflow_operators.py
[2024-02-20T18:12:54.762+0000] {logging_mixin.py:188} INFO - [2024-02-20T18:12:54.761+0000] {dag.py:3036} INFO - Sync 1 DAGs
[2024-02-20T18:12:54.782+0000] {logging_mixin.py:188} INFO - [2024-02-20T18:12:54.782+0000] {dag.py:3823} INFO - Setting next_dagrun for example_dynamic_task_mapping_with_no_taskflow_operators to 2024-02-19 00:00:00+00:00, run_after=2024-02-20 00:00:00+00:00
[2024-02-20T18:12:54.804+0000] {processor.py:183} INFO - Processing /home/ubuntu/reddit_venv/lib/python3.10/site-packages/airflow/example_dags/example_dynamic_task_mapping_with_no_taskflow_operators.py took 0.070 seconds
[2024-02-20T18:13:49.077+0000] {processor.py:161} INFO - Started process (PID=3972) to work on /home/ubuntu/reddit_venv/lib/python3.10/site-packages/airflow/example_dags/example_dynamic_task_mapping_with_no_taskflow_operators.py
[2024-02-20T18:13:49.079+0000] {processor.py:830} INFO - Processing file /home/ubuntu/reddit_venv/lib/python3.10/site-packages/airflow/example_dags/example_dynamic_task_mapping_with_no_taskflow_operators.py for tasks to queue
[2024-02-20T18:13:49.080+0000] {logging_mixin.py:188} INFO - [2024-02-20T18:13:49.079+0000] {dagbag.py:538} INFO - Filling up the DagBag from /home/ubuntu/reddit_venv/lib/python3.10/site-packages/airflow/example_dags/example_dynamic_task_mapping_with_no_taskflow_operators.py
[2024-02-20T18:13:49.087+0000] {processor.py:840} INFO - DAG(s) 'example_dynamic_task_mapping_with_no_taskflow_operators' retrieved from /home/ubuntu/reddit_venv/lib/python3.10/site-packages/airflow/example_dags/example_dynamic_task_mapping_with_no_taskflow_operators.py
[2024-02-20T18:13:49.102+0000] {logging_mixin.py:188} INFO - [2024-02-20T18:13:49.102+0000] {dag.py:3036} INFO - Sync 1 DAGs
[2024-02-20T18:13:49.124+0000] {logging_mixin.py:188} INFO - [2024-02-20T18:13:49.123+0000] {dag.py:3823} INFO - Setting next_dagrun for example_dynamic_task_mapping_with_no_taskflow_operators to 2024-02-19 00:00:00+00:00, run_after=2024-02-20 00:00:00+00:00
[2024-02-20T18:13:49.146+0000] {processor.py:183} INFO - Processing /home/ubuntu/reddit_venv/lib/python3.10/site-packages/airflow/example_dags/example_dynamic_task_mapping_with_no_taskflow_operators.py took 0.072 seconds
[2024-02-20T18:14:45.735+0000] {processor.py:161} INFO - Started process (PID=4099) to work on /home/ubuntu/reddit_venv/lib/python3.10/site-packages/airflow/example_dags/example_dynamic_task_mapping_with_no_taskflow_operators.py
[2024-02-20T18:14:45.737+0000] {processor.py:830} INFO - Processing file /home/ubuntu/reddit_venv/lib/python3.10/site-packages/airflow/example_dags/example_dynamic_task_mapping_with_no_taskflow_operators.py for tasks to queue
[2024-02-20T18:14:45.738+0000] {logging_mixin.py:188} INFO - [2024-02-20T18:14:45.738+0000] {dagbag.py:538} INFO - Filling up the DagBag from /home/ubuntu/reddit_venv/lib/python3.10/site-packages/airflow/example_dags/example_dynamic_task_mapping_with_no_taskflow_operators.py
[2024-02-20T18:14:45.746+0000] {processor.py:840} INFO - DAG(s) 'example_dynamic_task_mapping_with_no_taskflow_operators' retrieved from /home/ubuntu/reddit_venv/lib/python3.10/site-packages/airflow/example_dags/example_dynamic_task_mapping_with_no_taskflow_operators.py
[2024-02-20T18:14:45.761+0000] {logging_mixin.py:188} INFO - [2024-02-20T18:14:45.761+0000] {dag.py:3036} INFO - Sync 1 DAGs
[2024-02-20T18:14:45.783+0000] {logging_mixin.py:188} INFO - [2024-02-20T18:14:45.782+0000] {dag.py:3823} INFO - Setting next_dagrun for example_dynamic_task_mapping_with_no_taskflow_operators to 2024-02-19 00:00:00+00:00, run_after=2024-02-20 00:00:00+00:00
[2024-02-20T18:14:45.807+0000] {processor.py:183} INFO - Processing /home/ubuntu/reddit_venv/lib/python3.10/site-packages/airflow/example_dags/example_dynamic_task_mapping_with_no_taskflow_operators.py took 0.075 seconds
[2024-02-20T18:15:42.575+0000] {processor.py:161} INFO - Started process (PID=4224) to work on /home/ubuntu/reddit_venv/lib/python3.10/site-packages/airflow/example_dags/example_dynamic_task_mapping_with_no_taskflow_operators.py
[2024-02-20T18:15:42.578+0000] {processor.py:830} INFO - Processing file /home/ubuntu/reddit_venv/lib/python3.10/site-packages/airflow/example_dags/example_dynamic_task_mapping_with_no_taskflow_operators.py for tasks to queue
[2024-02-20T18:15:42.579+0000] {logging_mixin.py:188} INFO - [2024-02-20T18:15:42.579+0000] {dagbag.py:538} INFO - Filling up the DagBag from /home/ubuntu/reddit_venv/lib/python3.10/site-packages/airflow/example_dags/example_dynamic_task_mapping_with_no_taskflow_operators.py
[2024-02-20T18:15:42.586+0000] {processor.py:840} INFO - DAG(s) 'example_dynamic_task_mapping_with_no_taskflow_operators' retrieved from /home/ubuntu/reddit_venv/lib/python3.10/site-packages/airflow/example_dags/example_dynamic_task_mapping_with_no_taskflow_operators.py
[2024-02-20T18:15:42.602+0000] {logging_mixin.py:188} INFO - [2024-02-20T18:15:42.602+0000] {dag.py:3036} INFO - Sync 1 DAGs
[2024-02-20T18:15:42.623+0000] {logging_mixin.py:188} INFO - [2024-02-20T18:15:42.623+0000] {dag.py:3823} INFO - Setting next_dagrun for example_dynamic_task_mapping_with_no_taskflow_operators to 2024-02-19 00:00:00+00:00, run_after=2024-02-20 00:00:00+00:00
[2024-02-20T18:15:42.644+0000] {processor.py:183} INFO - Processing /home/ubuntu/reddit_venv/lib/python3.10/site-packages/airflow/example_dags/example_dynamic_task_mapping_with_no_taskflow_operators.py took 0.073 seconds
[2024-02-20T18:16:40.953+0000] {processor.py:161} INFO - Started process (PID=4416) to work on /home/ubuntu/reddit_venv/lib/python3.10/site-packages/airflow/example_dags/example_dynamic_task_mapping_with_no_taskflow_operators.py
[2024-02-20T18:16:40.954+0000] {processor.py:830} INFO - Processing file /home/ubuntu/reddit_venv/lib/python3.10/site-packages/airflow/example_dags/example_dynamic_task_mapping_with_no_taskflow_operators.py for tasks to queue
[2024-02-20T18:16:40.955+0000] {logging_mixin.py:188} INFO - [2024-02-20T18:16:40.955+0000] {dagbag.py:538} INFO - Filling up the DagBag from /home/ubuntu/reddit_venv/lib/python3.10/site-packages/airflow/example_dags/example_dynamic_task_mapping_with_no_taskflow_operators.py
[2024-02-20T18:16:40.963+0000] {processor.py:840} INFO - DAG(s) 'example_dynamic_task_mapping_with_no_taskflow_operators' retrieved from /home/ubuntu/reddit_venv/lib/python3.10/site-packages/airflow/example_dags/example_dynamic_task_mapping_with_no_taskflow_operators.py
[2024-02-20T18:16:40.978+0000] {logging_mixin.py:188} INFO - [2024-02-20T18:16:40.977+0000] {dag.py:3036} INFO - Sync 1 DAGs
[2024-02-20T18:16:40.999+0000] {logging_mixin.py:188} INFO - [2024-02-20T18:16:40.998+0000] {dag.py:3823} INFO - Setting next_dagrun for example_dynamic_task_mapping_with_no_taskflow_operators to 2024-02-19 00:00:00+00:00, run_after=2024-02-20 00:00:00+00:00
[2024-02-20T18:16:41.020+0000] {processor.py:183} INFO - Processing /home/ubuntu/reddit_venv/lib/python3.10/site-packages/airflow/example_dags/example_dynamic_task_mapping_with_no_taskflow_operators.py took 0.071 seconds
[2024-02-20T18:17:39.974+0000] {processor.py:161} INFO - Started process (PID=4543) to work on /home/ubuntu/reddit_venv/lib/python3.10/site-packages/airflow/example_dags/example_dynamic_task_mapping_with_no_taskflow_operators.py
[2024-02-20T18:17:39.976+0000] {processor.py:830} INFO - Processing file /home/ubuntu/reddit_venv/lib/python3.10/site-packages/airflow/example_dags/example_dynamic_task_mapping_with_no_taskflow_operators.py for tasks to queue
[2024-02-20T18:17:39.977+0000] {logging_mixin.py:188} INFO - [2024-02-20T18:17:39.976+0000] {dagbag.py:538} INFO - Filling up the DagBag from /home/ubuntu/reddit_venv/lib/python3.10/site-packages/airflow/example_dags/example_dynamic_task_mapping_with_no_taskflow_operators.py
[2024-02-20T18:17:39.984+0000] {processor.py:840} INFO - DAG(s) 'example_dynamic_task_mapping_with_no_taskflow_operators' retrieved from /home/ubuntu/reddit_venv/lib/python3.10/site-packages/airflow/example_dags/example_dynamic_task_mapping_with_no_taskflow_operators.py
[2024-02-20T18:17:40.000+0000] {logging_mixin.py:188} INFO - [2024-02-20T18:17:40.000+0000] {dag.py:3036} INFO - Sync 1 DAGs
[2024-02-20T18:17:40.021+0000] {logging_mixin.py:188} INFO - [2024-02-20T18:17:40.021+0000] {dag.py:3823} INFO - Setting next_dagrun for example_dynamic_task_mapping_with_no_taskflow_operators to 2024-02-19 00:00:00+00:00, run_after=2024-02-20 00:00:00+00:00
[2024-02-20T18:17:40.045+0000] {processor.py:183} INFO - Processing /home/ubuntu/reddit_venv/lib/python3.10/site-packages/airflow/example_dags/example_dynamic_task_mapping_with_no_taskflow_operators.py took 0.074 seconds
[2024-02-20T18:18:37.265+0000] {processor.py:161} INFO - Started process (PID=4671) to work on /home/ubuntu/reddit_venv/lib/python3.10/site-packages/airflow/example_dags/example_dynamic_task_mapping_with_no_taskflow_operators.py
[2024-02-20T18:18:37.267+0000] {processor.py:830} INFO - Processing file /home/ubuntu/reddit_venv/lib/python3.10/site-packages/airflow/example_dags/example_dynamic_task_mapping_with_no_taskflow_operators.py for tasks to queue
[2024-02-20T18:18:37.268+0000] {logging_mixin.py:188} INFO - [2024-02-20T18:18:37.267+0000] {dagbag.py:538} INFO - Filling up the DagBag from /home/ubuntu/reddit_venv/lib/python3.10/site-packages/airflow/example_dags/example_dynamic_task_mapping_with_no_taskflow_operators.py
[2024-02-20T18:18:37.275+0000] {processor.py:840} INFO - DAG(s) 'example_dynamic_task_mapping_with_no_taskflow_operators' retrieved from /home/ubuntu/reddit_venv/lib/python3.10/site-packages/airflow/example_dags/example_dynamic_task_mapping_with_no_taskflow_operators.py
[2024-02-20T18:18:37.290+0000] {logging_mixin.py:188} INFO - [2024-02-20T18:18:37.290+0000] {dag.py:3036} INFO - Sync 1 DAGs
[2024-02-20T18:18:37.310+0000] {logging_mixin.py:188} INFO - [2024-02-20T18:18:37.310+0000] {dag.py:3823} INFO - Setting next_dagrun for example_dynamic_task_mapping_with_no_taskflow_operators to 2024-02-19 00:00:00+00:00, run_after=2024-02-20 00:00:00+00:00
[2024-02-20T18:18:37.332+0000] {processor.py:183} INFO - Processing /home/ubuntu/reddit_venv/lib/python3.10/site-packages/airflow/example_dags/example_dynamic_task_mapping_with_no_taskflow_operators.py took 0.070 seconds
[2024-02-20T18:19:36.803+0000] {processor.py:161} INFO - Started process (PID=4865) to work on /home/ubuntu/reddit_venv/lib/python3.10/site-packages/airflow/example_dags/example_dynamic_task_mapping_with_no_taskflow_operators.py
[2024-02-20T18:19:36.805+0000] {processor.py:830} INFO - Processing file /home/ubuntu/reddit_venv/lib/python3.10/site-packages/airflow/example_dags/example_dynamic_task_mapping_with_no_taskflow_operators.py for tasks to queue
[2024-02-20T18:19:36.806+0000] {logging_mixin.py:188} INFO - [2024-02-20T18:19:36.805+0000] {dagbag.py:538} INFO - Filling up the DagBag from /home/ubuntu/reddit_venv/lib/python3.10/site-packages/airflow/example_dags/example_dynamic_task_mapping_with_no_taskflow_operators.py
[2024-02-20T18:19:36.813+0000] {processor.py:840} INFO - DAG(s) 'example_dynamic_task_mapping_with_no_taskflow_operators' retrieved from /home/ubuntu/reddit_venv/lib/python3.10/site-packages/airflow/example_dags/example_dynamic_task_mapping_with_no_taskflow_operators.py
[2024-02-20T18:19:36.828+0000] {logging_mixin.py:188} INFO - [2024-02-20T18:19:36.828+0000] {dag.py:3036} INFO - Sync 1 DAGs
[2024-02-20T18:19:36.849+0000] {logging_mixin.py:188} INFO - [2024-02-20T18:19:36.849+0000] {dag.py:3823} INFO - Setting next_dagrun for example_dynamic_task_mapping_with_no_taskflow_operators to 2024-02-19 00:00:00+00:00, run_after=2024-02-20 00:00:00+00:00
[2024-02-20T18:19:36.871+0000] {processor.py:183} INFO - Processing /home/ubuntu/reddit_venv/lib/python3.10/site-packages/airflow/example_dags/example_dynamic_task_mapping_with_no_taskflow_operators.py took 0.071 seconds
[2024-02-20T18:20:32.929+0000] {processor.py:161} INFO - Started process (PID=4990) to work on /home/ubuntu/reddit_venv/lib/python3.10/site-packages/airflow/example_dags/example_dynamic_task_mapping_with_no_taskflow_operators.py
[2024-02-20T18:20:32.933+0000] {processor.py:830} INFO - Processing file /home/ubuntu/reddit_venv/lib/python3.10/site-packages/airflow/example_dags/example_dynamic_task_mapping_with_no_taskflow_operators.py for tasks to queue
[2024-02-20T18:20:32.934+0000] {logging_mixin.py:188} INFO - [2024-02-20T18:20:32.933+0000] {dagbag.py:538} INFO - Filling up the DagBag from /home/ubuntu/reddit_venv/lib/python3.10/site-packages/airflow/example_dags/example_dynamic_task_mapping_with_no_taskflow_operators.py
[2024-02-20T18:20:32.941+0000] {processor.py:840} INFO - DAG(s) 'example_dynamic_task_mapping_with_no_taskflow_operators' retrieved from /home/ubuntu/reddit_venv/lib/python3.10/site-packages/airflow/example_dags/example_dynamic_task_mapping_with_no_taskflow_operators.py
[2024-02-20T18:20:32.956+0000] {logging_mixin.py:188} INFO - [2024-02-20T18:20:32.956+0000] {dag.py:3036} INFO - Sync 1 DAGs
[2024-02-20T18:20:32.977+0000] {logging_mixin.py:188} INFO - [2024-02-20T18:20:32.977+0000] {dag.py:3823} INFO - Setting next_dagrun for example_dynamic_task_mapping_with_no_taskflow_operators to 2024-02-19 00:00:00+00:00, run_after=2024-02-20 00:00:00+00:00
[2024-02-20T18:20:32.999+0000] {processor.py:183} INFO - Processing /home/ubuntu/reddit_venv/lib/python3.10/site-packages/airflow/example_dags/example_dynamic_task_mapping_with_no_taskflow_operators.py took 0.073 seconds
[2024-02-20T18:21:29.688+0000] {processor.py:161} INFO - Started process (PID=5114) to work on /home/ubuntu/reddit_venv/lib/python3.10/site-packages/airflow/example_dags/example_dynamic_task_mapping_with_no_taskflow_operators.py
[2024-02-20T18:21:29.690+0000] {processor.py:830} INFO - Processing file /home/ubuntu/reddit_venv/lib/python3.10/site-packages/airflow/example_dags/example_dynamic_task_mapping_with_no_taskflow_operators.py for tasks to queue
[2024-02-20T18:21:29.691+0000] {logging_mixin.py:188} INFO - [2024-02-20T18:21:29.690+0000] {dagbag.py:538} INFO - Filling up the DagBag from /home/ubuntu/reddit_venv/lib/python3.10/site-packages/airflow/example_dags/example_dynamic_task_mapping_with_no_taskflow_operators.py
[2024-02-20T18:21:29.698+0000] {processor.py:840} INFO - DAG(s) 'example_dynamic_task_mapping_with_no_taskflow_operators' retrieved from /home/ubuntu/reddit_venv/lib/python3.10/site-packages/airflow/example_dags/example_dynamic_task_mapping_with_no_taskflow_operators.py
[2024-02-20T18:21:29.713+0000] {logging_mixin.py:188} INFO - [2024-02-20T18:21:29.713+0000] {dag.py:3036} INFO - Sync 1 DAGs
[2024-02-20T18:21:29.735+0000] {logging_mixin.py:188} INFO - [2024-02-20T18:21:29.734+0000] {dag.py:3823} INFO - Setting next_dagrun for example_dynamic_task_mapping_with_no_taskflow_operators to 2024-02-19 00:00:00+00:00, run_after=2024-02-20 00:00:00+00:00
[2024-02-20T18:21:29.757+0000] {processor.py:183} INFO - Processing /home/ubuntu/reddit_venv/lib/python3.10/site-packages/airflow/example_dags/example_dynamic_task_mapping_with_no_taskflow_operators.py took 0.072 seconds
[2024-02-20T18:51:36.201+0000] {processor.py:161} INFO - Started process (PID=1762) to work on /home/ubuntu/reddit_venv/lib/python3.10/site-packages/airflow/example_dags/example_dynamic_task_mapping_with_no_taskflow_operators.py
[2024-02-20T18:51:36.204+0000] {processor.py:830} INFO - Processing file /home/ubuntu/reddit_venv/lib/python3.10/site-packages/airflow/example_dags/example_dynamic_task_mapping_with_no_taskflow_operators.py for tasks to queue
[2024-02-20T18:51:36.205+0000] {logging_mixin.py:188} INFO - [2024-02-20T18:51:36.205+0000] {dagbag.py:538} INFO - Filling up the DagBag from /home/ubuntu/reddit_venv/lib/python3.10/site-packages/airflow/example_dags/example_dynamic_task_mapping_with_no_taskflow_operators.py
[2024-02-20T18:51:36.212+0000] {processor.py:840} INFO - DAG(s) 'example_dynamic_task_mapping_with_no_taskflow_operators' retrieved from /home/ubuntu/reddit_venv/lib/python3.10/site-packages/airflow/example_dags/example_dynamic_task_mapping_with_no_taskflow_operators.py
[2024-02-20T18:51:36.311+0000] {logging_mixin.py:188} INFO - [2024-02-20T18:51:36.311+0000] {dag.py:3036} INFO - Sync 1 DAGs
[2024-02-20T18:51:36.329+0000] {logging_mixin.py:188} INFO - [2024-02-20T18:51:36.328+0000] {dag.py:3823} INFO - Setting next_dagrun for example_dynamic_task_mapping_with_no_taskflow_operators to 2024-02-19 00:00:00+00:00, run_after=2024-02-20 00:00:00+00:00
[2024-02-20T18:51:36.352+0000] {processor.py:183} INFO - Processing /home/ubuntu/reddit_venv/lib/python3.10/site-packages/airflow/example_dags/example_dynamic_task_mapping_with_no_taskflow_operators.py took 0.154 seconds
[2024-02-20T18:52:27.937+0000] {processor.py:161} INFO - Started process (PID=1972) to work on /home/ubuntu/reddit_venv/lib/python3.10/site-packages/airflow/example_dags/example_dynamic_task_mapping_with_no_taskflow_operators.py
[2024-02-20T18:52:27.938+0000] {processor.py:830} INFO - Processing file /home/ubuntu/reddit_venv/lib/python3.10/site-packages/airflow/example_dags/example_dynamic_task_mapping_with_no_taskflow_operators.py for tasks to queue
[2024-02-20T18:52:27.939+0000] {logging_mixin.py:188} INFO - [2024-02-20T18:52:27.939+0000] {dagbag.py:538} INFO - Filling up the DagBag from /home/ubuntu/reddit_venv/lib/python3.10/site-packages/airflow/example_dags/example_dynamic_task_mapping_with_no_taskflow_operators.py
[2024-02-20T18:52:27.946+0000] {processor.py:840} INFO - DAG(s) 'example_dynamic_task_mapping_with_no_taskflow_operators' retrieved from /home/ubuntu/reddit_venv/lib/python3.10/site-packages/airflow/example_dags/example_dynamic_task_mapping_with_no_taskflow_operators.py
[2024-02-20T18:52:27.961+0000] {logging_mixin.py:188} INFO - [2024-02-20T18:52:27.961+0000] {dag.py:3036} INFO - Sync 1 DAGs
[2024-02-20T18:52:27.983+0000] {logging_mixin.py:188} INFO - [2024-02-20T18:52:27.982+0000] {dag.py:3823} INFO - Setting next_dagrun for example_dynamic_task_mapping_with_no_taskflow_operators to 2024-02-19 00:00:00+00:00, run_after=2024-02-20 00:00:00+00:00
[2024-02-20T18:52:28.005+0000] {processor.py:183} INFO - Processing /home/ubuntu/reddit_venv/lib/python3.10/site-packages/airflow/example_dags/example_dynamic_task_mapping_with_no_taskflow_operators.py took 0.071 seconds
[2024-02-20T18:53:25.076+0000] {processor.py:161} INFO - Started process (PID=2348) to work on /home/ubuntu/reddit_venv/lib/python3.10/site-packages/airflow/example_dags/example_dynamic_task_mapping_with_no_taskflow_operators.py
[2024-02-20T18:53:25.077+0000] {processor.py:830} INFO - Processing file /home/ubuntu/reddit_venv/lib/python3.10/site-packages/airflow/example_dags/example_dynamic_task_mapping_with_no_taskflow_operators.py for tasks to queue
[2024-02-20T18:53:25.078+0000] {logging_mixin.py:188} INFO - [2024-02-20T18:53:25.078+0000] {dagbag.py:538} INFO - Filling up the DagBag from /home/ubuntu/reddit_venv/lib/python3.10/site-packages/airflow/example_dags/example_dynamic_task_mapping_with_no_taskflow_operators.py
[2024-02-20T18:53:25.085+0000] {processor.py:840} INFO - DAG(s) 'example_dynamic_task_mapping_with_no_taskflow_operators' retrieved from /home/ubuntu/reddit_venv/lib/python3.10/site-packages/airflow/example_dags/example_dynamic_task_mapping_with_no_taskflow_operators.py
[2024-02-20T18:53:25.099+0000] {logging_mixin.py:188} INFO - [2024-02-20T18:53:25.099+0000] {dag.py:3036} INFO - Sync 1 DAGs
[2024-02-20T18:53:25.120+0000] {logging_mixin.py:188} INFO - [2024-02-20T18:53:25.120+0000] {dag.py:3823} INFO - Setting next_dagrun for example_dynamic_task_mapping_with_no_taskflow_operators to 2024-02-19 00:00:00+00:00, run_after=2024-02-20 00:00:00+00:00
[2024-02-20T18:53:25.141+0000] {processor.py:183} INFO - Processing /home/ubuntu/reddit_venv/lib/python3.10/site-packages/airflow/example_dags/example_dynamic_task_mapping_with_no_taskflow_operators.py took 0.068 seconds
[2024-02-20T18:54:23.690+0000] {processor.py:161} INFO - Started process (PID=2474) to work on /home/ubuntu/reddit_venv/lib/python3.10/site-packages/airflow/example_dags/example_dynamic_task_mapping_with_no_taskflow_operators.py
[2024-02-20T18:54:23.692+0000] {processor.py:830} INFO - Processing file /home/ubuntu/reddit_venv/lib/python3.10/site-packages/airflow/example_dags/example_dynamic_task_mapping_with_no_taskflow_operators.py for tasks to queue
[2024-02-20T18:54:23.693+0000] {logging_mixin.py:188} INFO - [2024-02-20T18:54:23.692+0000] {dagbag.py:538} INFO - Filling up the DagBag from /home/ubuntu/reddit_venv/lib/python3.10/site-packages/airflow/example_dags/example_dynamic_task_mapping_with_no_taskflow_operators.py
[2024-02-20T18:54:23.700+0000] {processor.py:840} INFO - DAG(s) 'example_dynamic_task_mapping_with_no_taskflow_operators' retrieved from /home/ubuntu/reddit_venv/lib/python3.10/site-packages/airflow/example_dags/example_dynamic_task_mapping_with_no_taskflow_operators.py
[2024-02-20T18:54:23.715+0000] {logging_mixin.py:188} INFO - [2024-02-20T18:54:23.715+0000] {dag.py:3036} INFO - Sync 1 DAGs
[2024-02-20T18:54:23.737+0000] {logging_mixin.py:188} INFO - [2024-02-20T18:54:23.737+0000] {dag.py:3823} INFO - Setting next_dagrun for example_dynamic_task_mapping_with_no_taskflow_operators to 2024-02-19 00:00:00+00:00, run_after=2024-02-20 00:00:00+00:00
[2024-02-20T18:54:23.759+0000] {processor.py:183} INFO - Processing /home/ubuntu/reddit_venv/lib/python3.10/site-packages/airflow/example_dags/example_dynamic_task_mapping_with_no_taskflow_operators.py took 0.072 seconds
[2024-02-20T18:55:24.001+0000] {processor.py:161} INFO - Started process (PID=2610) to work on /home/ubuntu/reddit_venv/lib/python3.10/site-packages/airflow/example_dags/example_dynamic_task_mapping_with_no_taskflow_operators.py
[2024-02-20T18:55:24.003+0000] {processor.py:830} INFO - Processing file /home/ubuntu/reddit_venv/lib/python3.10/site-packages/airflow/example_dags/example_dynamic_task_mapping_with_no_taskflow_operators.py for tasks to queue
[2024-02-20T18:55:24.004+0000] {logging_mixin.py:188} INFO - [2024-02-20T18:55:24.004+0000] {dagbag.py:538} INFO - Filling up the DagBag from /home/ubuntu/reddit_venv/lib/python3.10/site-packages/airflow/example_dags/example_dynamic_task_mapping_with_no_taskflow_operators.py
[2024-02-20T18:55:24.011+0000] {processor.py:840} INFO - DAG(s) 'example_dynamic_task_mapping_with_no_taskflow_operators' retrieved from /home/ubuntu/reddit_venv/lib/python3.10/site-packages/airflow/example_dags/example_dynamic_task_mapping_with_no_taskflow_operators.py
[2024-02-20T18:55:24.026+0000] {logging_mixin.py:188} INFO - [2024-02-20T18:55:24.026+0000] {dag.py:3036} INFO - Sync 1 DAGs
[2024-02-20T18:55:24.047+0000] {logging_mixin.py:188} INFO - [2024-02-20T18:55:24.047+0000] {dag.py:3823} INFO - Setting next_dagrun for example_dynamic_task_mapping_with_no_taskflow_operators to 2024-02-19 00:00:00+00:00, run_after=2024-02-20 00:00:00+00:00
[2024-02-20T18:55:24.072+0000] {processor.py:183} INFO - Processing /home/ubuntu/reddit_venv/lib/python3.10/site-packages/airflow/example_dags/example_dynamic_task_mapping_with_no_taskflow_operators.py took 0.074 seconds
[2024-02-20T18:56:20.393+0000] {processor.py:161} INFO - Started process (PID=2795) to work on /home/ubuntu/reddit_venv/lib/python3.10/site-packages/airflow/example_dags/example_dynamic_task_mapping_with_no_taskflow_operators.py
[2024-02-20T18:56:20.395+0000] {processor.py:830} INFO - Processing file /home/ubuntu/reddit_venv/lib/python3.10/site-packages/airflow/example_dags/example_dynamic_task_mapping_with_no_taskflow_operators.py for tasks to queue
[2024-02-20T18:56:20.396+0000] {logging_mixin.py:188} INFO - [2024-02-20T18:56:20.396+0000] {dagbag.py:538} INFO - Filling up the DagBag from /home/ubuntu/reddit_venv/lib/python3.10/site-packages/airflow/example_dags/example_dynamic_task_mapping_with_no_taskflow_operators.py
[2024-02-20T18:56:20.403+0000] {processor.py:840} INFO - DAG(s) 'example_dynamic_task_mapping_with_no_taskflow_operators' retrieved from /home/ubuntu/reddit_venv/lib/python3.10/site-packages/airflow/example_dags/example_dynamic_task_mapping_with_no_taskflow_operators.py
[2024-02-20T18:56:20.418+0000] {logging_mixin.py:188} INFO - [2024-02-20T18:56:20.417+0000] {dag.py:3036} INFO - Sync 1 DAGs
[2024-02-20T18:56:20.438+0000] {logging_mixin.py:188} INFO - [2024-02-20T18:56:20.437+0000] {dag.py:3823} INFO - Setting next_dagrun for example_dynamic_task_mapping_with_no_taskflow_operators to 2024-02-19 00:00:00+00:00, run_after=2024-02-20 00:00:00+00:00
[2024-02-20T18:56:20.460+0000] {processor.py:183} INFO - Processing /home/ubuntu/reddit_venv/lib/python3.10/site-packages/airflow/example_dags/example_dynamic_task_mapping_with_no_taskflow_operators.py took 0.070 seconds
[2024-02-20T18:57:34.862+0000] {processor.py:161} INFO - Started process (PID=3254) to work on /home/ubuntu/reddit_venv/lib/python3.10/site-packages/airflow/example_dags/example_dynamic_task_mapping_with_no_taskflow_operators.py
[2024-02-20T18:57:34.865+0000] {processor.py:830} INFO - Processing file /home/ubuntu/reddit_venv/lib/python3.10/site-packages/airflow/example_dags/example_dynamic_task_mapping_with_no_taskflow_operators.py for tasks to queue
[2024-02-20T18:57:34.866+0000] {logging_mixin.py:188} INFO - [2024-02-20T18:57:34.865+0000] {dagbag.py:538} INFO - Filling up the DagBag from /home/ubuntu/reddit_venv/lib/python3.10/site-packages/airflow/example_dags/example_dynamic_task_mapping_with_no_taskflow_operators.py
[2024-02-20T18:57:34.873+0000] {processor.py:840} INFO - DAG(s) 'example_dynamic_task_mapping_with_no_taskflow_operators' retrieved from /home/ubuntu/reddit_venv/lib/python3.10/site-packages/airflow/example_dags/example_dynamic_task_mapping_with_no_taskflow_operators.py
[2024-02-20T18:57:34.887+0000] {logging_mixin.py:188} INFO - [2024-02-20T18:57:34.887+0000] {dag.py:3036} INFO - Sync 1 DAGs
[2024-02-20T18:57:34.908+0000] {logging_mixin.py:188} INFO - [2024-02-20T18:57:34.908+0000] {dag.py:3823} INFO - Setting next_dagrun for example_dynamic_task_mapping_with_no_taskflow_operators to 2024-02-19 00:00:00+00:00, run_after=2024-02-20 00:00:00+00:00
[2024-02-20T18:57:34.931+0000] {processor.py:183} INFO - Processing /home/ubuntu/reddit_venv/lib/python3.10/site-packages/airflow/example_dags/example_dynamic_task_mapping_with_no_taskflow_operators.py took 0.072 seconds
[2024-02-20T18:58:24.889+0000] {processor.py:161} INFO - Started process (PID=3429) to work on /home/ubuntu/reddit_venv/lib/python3.10/site-packages/airflow/example_dags/example_dynamic_task_mapping_with_no_taskflow_operators.py
[2024-02-20T18:58:24.891+0000] {processor.py:830} INFO - Processing file /home/ubuntu/reddit_venv/lib/python3.10/site-packages/airflow/example_dags/example_dynamic_task_mapping_with_no_taskflow_operators.py for tasks to queue
[2024-02-20T18:58:24.892+0000] {logging_mixin.py:188} INFO - [2024-02-20T18:58:24.891+0000] {dagbag.py:538} INFO - Filling up the DagBag from /home/ubuntu/reddit_venv/lib/python3.10/site-packages/airflow/example_dags/example_dynamic_task_mapping_with_no_taskflow_operators.py
[2024-02-20T18:58:24.899+0000] {processor.py:840} INFO - DAG(s) 'example_dynamic_task_mapping_with_no_taskflow_operators' retrieved from /home/ubuntu/reddit_venv/lib/python3.10/site-packages/airflow/example_dags/example_dynamic_task_mapping_with_no_taskflow_operators.py
[2024-02-20T18:58:24.914+0000] {logging_mixin.py:188} INFO - [2024-02-20T18:58:24.914+0000] {dag.py:3036} INFO - Sync 1 DAGs
[2024-02-20T18:58:24.935+0000] {logging_mixin.py:188} INFO - [2024-02-20T18:58:24.934+0000] {dag.py:3823} INFO - Setting next_dagrun for example_dynamic_task_mapping_with_no_taskflow_operators to 2024-02-19 00:00:00+00:00, run_after=2024-02-20 00:00:00+00:00
[2024-02-20T18:58:24.957+0000] {processor.py:183} INFO - Processing /home/ubuntu/reddit_venv/lib/python3.10/site-packages/airflow/example_dags/example_dynamic_task_mapping_with_no_taskflow_operators.py took 0.071 seconds
[2024-02-20T18:59:21.833+0000] {processor.py:161} INFO - Started process (PID=3558) to work on /home/ubuntu/reddit_venv/lib/python3.10/site-packages/airflow/example_dags/example_dynamic_task_mapping_with_no_taskflow_operators.py
[2024-02-20T18:59:21.835+0000] {processor.py:830} INFO - Processing file /home/ubuntu/reddit_venv/lib/python3.10/site-packages/airflow/example_dags/example_dynamic_task_mapping_with_no_taskflow_operators.py for tasks to queue
[2024-02-20T18:59:21.836+0000] {logging_mixin.py:188} INFO - [2024-02-20T18:59:21.836+0000] {dagbag.py:538} INFO - Filling up the DagBag from /home/ubuntu/reddit_venv/lib/python3.10/site-packages/airflow/example_dags/example_dynamic_task_mapping_with_no_taskflow_operators.py
[2024-02-20T18:59:21.843+0000] {processor.py:840} INFO - DAG(s) 'example_dynamic_task_mapping_with_no_taskflow_operators' retrieved from /home/ubuntu/reddit_venv/lib/python3.10/site-packages/airflow/example_dags/example_dynamic_task_mapping_with_no_taskflow_operators.py
[2024-02-20T18:59:21.858+0000] {logging_mixin.py:188} INFO - [2024-02-20T18:59:21.858+0000] {dag.py:3036} INFO - Sync 1 DAGs
[2024-02-20T18:59:21.880+0000] {logging_mixin.py:188} INFO - [2024-02-20T18:59:21.880+0000] {dag.py:3823} INFO - Setting next_dagrun for example_dynamic_task_mapping_with_no_taskflow_operators to 2024-02-19 00:00:00+00:00, run_after=2024-02-20 00:00:00+00:00
[2024-02-20T18:59:21.909+0000] {processor.py:183} INFO - Processing /home/ubuntu/reddit_venv/lib/python3.10/site-packages/airflow/example_dags/example_dynamic_task_mapping_with_no_taskflow_operators.py took 0.080 seconds
[2024-02-20T19:01:05.267+0000] {processor.py:161} INFO - Started process (PID=4252) to work on /home/ubuntu/reddit_venv/lib/python3.10/site-packages/airflow/example_dags/example_dynamic_task_mapping_with_no_taskflow_operators.py
[2024-02-20T19:01:05.270+0000] {processor.py:830} INFO - Processing file /home/ubuntu/reddit_venv/lib/python3.10/site-packages/airflow/example_dags/example_dynamic_task_mapping_with_no_taskflow_operators.py for tasks to queue
[2024-02-20T19:01:05.271+0000] {logging_mixin.py:188} INFO - [2024-02-20T19:01:05.270+0000] {dagbag.py:538} INFO - Filling up the DagBag from /home/ubuntu/reddit_venv/lib/python3.10/site-packages/airflow/example_dags/example_dynamic_task_mapping_with_no_taskflow_operators.py
[2024-02-20T19:01:05.278+0000] {processor.py:840} INFO - DAG(s) 'example_dynamic_task_mapping_with_no_taskflow_operators' retrieved from /home/ubuntu/reddit_venv/lib/python3.10/site-packages/airflow/example_dags/example_dynamic_task_mapping_with_no_taskflow_operators.py
[2024-02-20T19:01:05.292+0000] {logging_mixin.py:188} INFO - [2024-02-20T19:01:05.292+0000] {dag.py:3036} INFO - Sync 1 DAGs
[2024-02-20T19:01:05.312+0000] {logging_mixin.py:188} INFO - [2024-02-20T19:01:05.312+0000] {dag.py:3823} INFO - Setting next_dagrun for example_dynamic_task_mapping_with_no_taskflow_operators to 2024-02-19 00:00:00+00:00, run_after=2024-02-20 00:00:00+00:00
[2024-02-20T19:01:05.346+0000] {processor.py:183} INFO - Processing /home/ubuntu/reddit_venv/lib/python3.10/site-packages/airflow/example_dags/example_dynamic_task_mapping_with_no_taskflow_operators.py took 0.083 seconds
[2024-02-20T19:02:02.678+0000] {processor.py:161} INFO - Started process (PID=4413) to work on /home/ubuntu/reddit_venv/lib/python3.10/site-packages/airflow/example_dags/example_dynamic_task_mapping_with_no_taskflow_operators.py
[2024-02-20T19:02:02.680+0000] {processor.py:830} INFO - Processing file /home/ubuntu/reddit_venv/lib/python3.10/site-packages/airflow/example_dags/example_dynamic_task_mapping_with_no_taskflow_operators.py for tasks to queue
[2024-02-20T19:02:02.681+0000] {logging_mixin.py:188} INFO - [2024-02-20T19:02:02.680+0000] {dagbag.py:538} INFO - Filling up the DagBag from /home/ubuntu/reddit_venv/lib/python3.10/site-packages/airflow/example_dags/example_dynamic_task_mapping_with_no_taskflow_operators.py
[2024-02-20T19:02:02.688+0000] {processor.py:840} INFO - DAG(s) 'example_dynamic_task_mapping_with_no_taskflow_operators' retrieved from /home/ubuntu/reddit_venv/lib/python3.10/site-packages/airflow/example_dags/example_dynamic_task_mapping_with_no_taskflow_operators.py
[2024-02-20T19:02:02.703+0000] {logging_mixin.py:188} INFO - [2024-02-20T19:02:02.703+0000] {dag.py:3036} INFO - Sync 1 DAGs
[2024-02-20T19:02:02.724+0000] {logging_mixin.py:188} INFO - [2024-02-20T19:02:02.724+0000] {dag.py:3823} INFO - Setting next_dagrun for example_dynamic_task_mapping_with_no_taskflow_operators to 2024-02-19 00:00:00+00:00, run_after=2024-02-20 00:00:00+00:00
[2024-02-20T19:02:02.746+0000] {processor.py:183} INFO - Processing /home/ubuntu/reddit_venv/lib/python3.10/site-packages/airflow/example_dags/example_dynamic_task_mapping_with_no_taskflow_operators.py took 0.071 seconds
[2024-02-20T19:03:02.806+0000] {processor.py:161} INFO - Started process (PID=4542) to work on /home/ubuntu/reddit_venv/lib/python3.10/site-packages/airflow/example_dags/example_dynamic_task_mapping_with_no_taskflow_operators.py
[2024-02-20T19:03:02.808+0000] {processor.py:830} INFO - Processing file /home/ubuntu/reddit_venv/lib/python3.10/site-packages/airflow/example_dags/example_dynamic_task_mapping_with_no_taskflow_operators.py for tasks to queue
[2024-02-20T19:03:02.809+0000] {logging_mixin.py:188} INFO - [2024-02-20T19:03:02.809+0000] {dagbag.py:538} INFO - Filling up the DagBag from /home/ubuntu/reddit_venv/lib/python3.10/site-packages/airflow/example_dags/example_dynamic_task_mapping_with_no_taskflow_operators.py
[2024-02-20T19:03:02.816+0000] {processor.py:840} INFO - DAG(s) 'example_dynamic_task_mapping_with_no_taskflow_operators' retrieved from /home/ubuntu/reddit_venv/lib/python3.10/site-packages/airflow/example_dags/example_dynamic_task_mapping_with_no_taskflow_operators.py
[2024-02-20T19:03:02.832+0000] {logging_mixin.py:188} INFO - [2024-02-20T19:03:02.832+0000] {dag.py:3036} INFO - Sync 1 DAGs
[2024-02-20T19:03:02.855+0000] {logging_mixin.py:188} INFO - [2024-02-20T19:03:02.854+0000] {dag.py:3823} INFO - Setting next_dagrun for example_dynamic_task_mapping_with_no_taskflow_operators to 2024-02-19 00:00:00+00:00, run_after=2024-02-20 00:00:00+00:00
[2024-02-20T19:03:02.877+0000] {processor.py:183} INFO - Processing /home/ubuntu/reddit_venv/lib/python3.10/site-packages/airflow/example_dags/example_dynamic_task_mapping_with_no_taskflow_operators.py took 0.075 seconds
[2024-02-20T19:03:55.996+0000] {processor.py:161} INFO - Started process (PID=4608) to work on /home/ubuntu/reddit_venv/lib/python3.10/site-packages/airflow/example_dags/example_dynamic_task_mapping_with_no_taskflow_operators.py
[2024-02-20T19:03:55.998+0000] {processor.py:830} INFO - Processing file /home/ubuntu/reddit_venv/lib/python3.10/site-packages/airflow/example_dags/example_dynamic_task_mapping_with_no_taskflow_operators.py for tasks to queue
[2024-02-20T19:03:55.999+0000] {logging_mixin.py:188} INFO - [2024-02-20T19:03:55.998+0000] {dagbag.py:538} INFO - Filling up the DagBag from /home/ubuntu/reddit_venv/lib/python3.10/site-packages/airflow/example_dags/example_dynamic_task_mapping_with_no_taskflow_operators.py
[2024-02-20T19:03:56.006+0000] {processor.py:840} INFO - DAG(s) 'example_dynamic_task_mapping_with_no_taskflow_operators' retrieved from /home/ubuntu/reddit_venv/lib/python3.10/site-packages/airflow/example_dags/example_dynamic_task_mapping_with_no_taskflow_operators.py
[2024-02-20T19:03:56.020+0000] {logging_mixin.py:188} INFO - [2024-02-20T19:03:56.020+0000] {dag.py:3036} INFO - Sync 1 DAGs
[2024-02-20T19:03:56.042+0000] {logging_mixin.py:188} INFO - [2024-02-20T19:03:56.041+0000] {dag.py:3823} INFO - Setting next_dagrun for example_dynamic_task_mapping_with_no_taskflow_operators to 2024-02-19 00:00:00+00:00, run_after=2024-02-20 00:00:00+00:00
[2024-02-20T19:03:56.063+0000] {processor.py:183} INFO - Processing /home/ubuntu/reddit_venv/lib/python3.10/site-packages/airflow/example_dags/example_dynamic_task_mapping_with_no_taskflow_operators.py took 0.070 seconds
[2024-02-20T19:04:55.148+0000] {processor.py:161} INFO - Started process (PID=4735) to work on /home/ubuntu/reddit_venv/lib/python3.10/site-packages/airflow/example_dags/example_dynamic_task_mapping_with_no_taskflow_operators.py
[2024-02-20T19:04:55.150+0000] {processor.py:830} INFO - Processing file /home/ubuntu/reddit_venv/lib/python3.10/site-packages/airflow/example_dags/example_dynamic_task_mapping_with_no_taskflow_operators.py for tasks to queue
[2024-02-20T19:04:55.151+0000] {logging_mixin.py:188} INFO - [2024-02-20T19:04:55.150+0000] {dagbag.py:538} INFO - Filling up the DagBag from /home/ubuntu/reddit_venv/lib/python3.10/site-packages/airflow/example_dags/example_dynamic_task_mapping_with_no_taskflow_operators.py
[2024-02-20T19:04:55.158+0000] {processor.py:840} INFO - DAG(s) 'example_dynamic_task_mapping_with_no_taskflow_operators' retrieved from /home/ubuntu/reddit_venv/lib/python3.10/site-packages/airflow/example_dags/example_dynamic_task_mapping_with_no_taskflow_operators.py
[2024-02-20T19:04:55.172+0000] {logging_mixin.py:188} INFO - [2024-02-20T19:04:55.172+0000] {dag.py:3036} INFO - Sync 1 DAGs
[2024-02-20T19:04:55.192+0000] {logging_mixin.py:188} INFO - [2024-02-20T19:04:55.192+0000] {dag.py:3823} INFO - Setting next_dagrun for example_dynamic_task_mapping_with_no_taskflow_operators to 2024-02-19 00:00:00+00:00, run_after=2024-02-20 00:00:00+00:00
[2024-02-20T19:04:55.215+0000] {processor.py:183} INFO - Processing /home/ubuntu/reddit_venv/lib/python3.10/site-packages/airflow/example_dags/example_dynamic_task_mapping_with_no_taskflow_operators.py took 0.070 seconds
[2024-02-20T19:05:54.124+0000] {processor.py:161} INFO - Started process (PID=4984) to work on /home/ubuntu/reddit_venv/lib/python3.10/site-packages/airflow/example_dags/example_dynamic_task_mapping_with_no_taskflow_operators.py
[2024-02-20T19:05:54.126+0000] {processor.py:830} INFO - Processing file /home/ubuntu/reddit_venv/lib/python3.10/site-packages/airflow/example_dags/example_dynamic_task_mapping_with_no_taskflow_operators.py for tasks to queue
[2024-02-20T19:05:54.126+0000] {logging_mixin.py:188} INFO - [2024-02-20T19:05:54.126+0000] {dagbag.py:538} INFO - Filling up the DagBag from /home/ubuntu/reddit_venv/lib/python3.10/site-packages/airflow/example_dags/example_dynamic_task_mapping_with_no_taskflow_operators.py
[2024-02-20T19:05:54.134+0000] {processor.py:840} INFO - DAG(s) 'example_dynamic_task_mapping_with_no_taskflow_operators' retrieved from /home/ubuntu/reddit_venv/lib/python3.10/site-packages/airflow/example_dags/example_dynamic_task_mapping_with_no_taskflow_operators.py
[2024-02-20T19:05:54.148+0000] {logging_mixin.py:188} INFO - [2024-02-20T19:05:54.148+0000] {dag.py:3036} INFO - Sync 1 DAGs
[2024-02-20T19:05:54.168+0000] {logging_mixin.py:188} INFO - [2024-02-20T19:05:54.168+0000] {dag.py:3823} INFO - Setting next_dagrun for example_dynamic_task_mapping_with_no_taskflow_operators to 2024-02-19 00:00:00+00:00, run_after=2024-02-20 00:00:00+00:00
[2024-02-20T19:05:54.189+0000] {processor.py:183} INFO - Processing /home/ubuntu/reddit_venv/lib/python3.10/site-packages/airflow/example_dags/example_dynamic_task_mapping_with_no_taskflow_operators.py took 0.068 seconds
[2024-02-20T19:06:46.323+0000] {processor.py:161} INFO - Started process (PID=5225) to work on /home/ubuntu/reddit_venv/lib/python3.10/site-packages/airflow/example_dags/example_dynamic_task_mapping_with_no_taskflow_operators.py
[2024-02-20T19:06:46.324+0000] {processor.py:830} INFO - Processing file /home/ubuntu/reddit_venv/lib/python3.10/site-packages/airflow/example_dags/example_dynamic_task_mapping_with_no_taskflow_operators.py for tasks to queue
[2024-02-20T19:06:46.325+0000] {logging_mixin.py:188} INFO - [2024-02-20T19:06:46.325+0000] {dagbag.py:538} INFO - Filling up the DagBag from /home/ubuntu/reddit_venv/lib/python3.10/site-packages/airflow/example_dags/example_dynamic_task_mapping_with_no_taskflow_operators.py
[2024-02-20T19:06:46.333+0000] {processor.py:840} INFO - DAG(s) 'example_dynamic_task_mapping_with_no_taskflow_operators' retrieved from /home/ubuntu/reddit_venv/lib/python3.10/site-packages/airflow/example_dags/example_dynamic_task_mapping_with_no_taskflow_operators.py
[2024-02-20T19:06:46.348+0000] {logging_mixin.py:188} INFO - [2024-02-20T19:06:46.348+0000] {dag.py:3036} INFO - Sync 1 DAGs
[2024-02-20T19:06:46.368+0000] {logging_mixin.py:188} INFO - [2024-02-20T19:06:46.368+0000] {dag.py:3823} INFO - Setting next_dagrun for example_dynamic_task_mapping_with_no_taskflow_operators to 2024-02-19 00:00:00+00:00, run_after=2024-02-20 00:00:00+00:00
[2024-02-20T19:06:46.391+0000] {processor.py:183} INFO - Processing /home/ubuntu/reddit_venv/lib/python3.10/site-packages/airflow/example_dags/example_dynamic_task_mapping_with_no_taskflow_operators.py took 0.071 seconds
[2024-02-20T19:07:41.963+0000] {processor.py:161} INFO - Started process (PID=5412) to work on /home/ubuntu/reddit_venv/lib/python3.10/site-packages/airflow/example_dags/example_dynamic_task_mapping_with_no_taskflow_operators.py
[2024-02-20T19:07:41.965+0000] {processor.py:830} INFO - Processing file /home/ubuntu/reddit_venv/lib/python3.10/site-packages/airflow/example_dags/example_dynamic_task_mapping_with_no_taskflow_operators.py for tasks to queue
[2024-02-20T19:07:41.966+0000] {logging_mixin.py:188} INFO - [2024-02-20T19:07:41.966+0000] {dagbag.py:538} INFO - Filling up the DagBag from /home/ubuntu/reddit_venv/lib/python3.10/site-packages/airflow/example_dags/example_dynamic_task_mapping_with_no_taskflow_operators.py
[2024-02-20T19:07:41.973+0000] {processor.py:840} INFO - DAG(s) 'example_dynamic_task_mapping_with_no_taskflow_operators' retrieved from /home/ubuntu/reddit_venv/lib/python3.10/site-packages/airflow/example_dags/example_dynamic_task_mapping_with_no_taskflow_operators.py
[2024-02-20T19:07:41.988+0000] {logging_mixin.py:188} INFO - [2024-02-20T19:07:41.987+0000] {dag.py:3036} INFO - Sync 1 DAGs
[2024-02-20T19:07:42.008+0000] {logging_mixin.py:188} INFO - [2024-02-20T19:07:42.007+0000] {dag.py:3823} INFO - Setting next_dagrun for example_dynamic_task_mapping_with_no_taskflow_operators to 2024-02-19 00:00:00+00:00, run_after=2024-02-20 00:00:00+00:00
[2024-02-20T19:07:42.030+0000] {processor.py:183} INFO - Processing /home/ubuntu/reddit_venv/lib/python3.10/site-packages/airflow/example_dags/example_dynamic_task_mapping_with_no_taskflow_operators.py took 0.070 seconds
[2024-02-20T19:08:51.368+0000] {processor.py:161} INFO - Started process (PID=5921) to work on /home/ubuntu/reddit_venv/lib/python3.10/site-packages/airflow/example_dags/example_dynamic_task_mapping_with_no_taskflow_operators.py
[2024-02-20T19:08:51.370+0000] {processor.py:830} INFO - Processing file /home/ubuntu/reddit_venv/lib/python3.10/site-packages/airflow/example_dags/example_dynamic_task_mapping_with_no_taskflow_operators.py for tasks to queue
[2024-02-20T19:08:51.371+0000] {logging_mixin.py:188} INFO - [2024-02-20T19:08:51.370+0000] {dagbag.py:538} INFO - Filling up the DagBag from /home/ubuntu/reddit_venv/lib/python3.10/site-packages/airflow/example_dags/example_dynamic_task_mapping_with_no_taskflow_operators.py
[2024-02-20T19:08:51.378+0000] {processor.py:840} INFO - DAG(s) 'example_dynamic_task_mapping_with_no_taskflow_operators' retrieved from /home/ubuntu/reddit_venv/lib/python3.10/site-packages/airflow/example_dags/example_dynamic_task_mapping_with_no_taskflow_operators.py
[2024-02-20T19:08:51.392+0000] {logging_mixin.py:188} INFO - [2024-02-20T19:08:51.392+0000] {dag.py:3036} INFO - Sync 1 DAGs
[2024-02-20T19:08:51.413+0000] {logging_mixin.py:188} INFO - [2024-02-20T19:08:51.413+0000] {dag.py:3823} INFO - Setting next_dagrun for example_dynamic_task_mapping_with_no_taskflow_operators to 2024-02-19 00:00:00+00:00, run_after=2024-02-20 00:00:00+00:00
[2024-02-20T19:08:51.435+0000] {processor.py:183} INFO - Processing /home/ubuntu/reddit_venv/lib/python3.10/site-packages/airflow/example_dags/example_dynamic_task_mapping_with_no_taskflow_operators.py took 0.070 seconds
[2024-02-20T19:09:50.785+0000] {processor.py:161} INFO - Started process (PID=6049) to work on /home/ubuntu/reddit_venv/lib/python3.10/site-packages/airflow/example_dags/example_dynamic_task_mapping_with_no_taskflow_operators.py
[2024-02-20T19:09:50.786+0000] {processor.py:830} INFO - Processing file /home/ubuntu/reddit_venv/lib/python3.10/site-packages/airflow/example_dags/example_dynamic_task_mapping_with_no_taskflow_operators.py for tasks to queue
[2024-02-20T19:09:50.787+0000] {logging_mixin.py:188} INFO - [2024-02-20T19:09:50.787+0000] {dagbag.py:538} INFO - Filling up the DagBag from /home/ubuntu/reddit_venv/lib/python3.10/site-packages/airflow/example_dags/example_dynamic_task_mapping_with_no_taskflow_operators.py
[2024-02-20T19:09:50.795+0000] {processor.py:840} INFO - DAG(s) 'example_dynamic_task_mapping_with_no_taskflow_operators' retrieved from /home/ubuntu/reddit_venv/lib/python3.10/site-packages/airflow/example_dags/example_dynamic_task_mapping_with_no_taskflow_operators.py
[2024-02-20T19:09:50.809+0000] {logging_mixin.py:188} INFO - [2024-02-20T19:09:50.809+0000] {dag.py:3036} INFO - Sync 1 DAGs
[2024-02-20T19:09:50.830+0000] {logging_mixin.py:188} INFO - [2024-02-20T19:09:50.829+0000] {dag.py:3823} INFO - Setting next_dagrun for example_dynamic_task_mapping_with_no_taskflow_operators to 2024-02-19 00:00:00+00:00, run_after=2024-02-20 00:00:00+00:00
[2024-02-20T19:09:50.850+0000] {processor.py:183} INFO - Processing /home/ubuntu/reddit_venv/lib/python3.10/site-packages/airflow/example_dags/example_dynamic_task_mapping_with_no_taskflow_operators.py took 0.069 seconds
[2024-02-20T19:10:48.183+0000] {processor.py:161} INFO - Started process (PID=6176) to work on /home/ubuntu/reddit_venv/lib/python3.10/site-packages/airflow/example_dags/example_dynamic_task_mapping_with_no_taskflow_operators.py
[2024-02-20T19:10:48.185+0000] {processor.py:830} INFO - Processing file /home/ubuntu/reddit_venv/lib/python3.10/site-packages/airflow/example_dags/example_dynamic_task_mapping_with_no_taskflow_operators.py for tasks to queue
[2024-02-20T19:10:48.186+0000] {logging_mixin.py:188} INFO - [2024-02-20T19:10:48.185+0000] {dagbag.py:538} INFO - Filling up the DagBag from /home/ubuntu/reddit_venv/lib/python3.10/site-packages/airflow/example_dags/example_dynamic_task_mapping_with_no_taskflow_operators.py
[2024-02-20T19:10:48.193+0000] {processor.py:840} INFO - DAG(s) 'example_dynamic_task_mapping_with_no_taskflow_operators' retrieved from /home/ubuntu/reddit_venv/lib/python3.10/site-packages/airflow/example_dags/example_dynamic_task_mapping_with_no_taskflow_operators.py
[2024-02-20T19:10:48.207+0000] {logging_mixin.py:188} INFO - [2024-02-20T19:10:48.207+0000] {dag.py:3036} INFO - Sync 1 DAGs
[2024-02-20T19:10:48.227+0000] {logging_mixin.py:188} INFO - [2024-02-20T19:10:48.227+0000] {dag.py:3823} INFO - Setting next_dagrun for example_dynamic_task_mapping_with_no_taskflow_operators to 2024-02-19 00:00:00+00:00, run_after=2024-02-20 00:00:00+00:00
[2024-02-20T19:10:48.251+0000] {processor.py:183} INFO - Processing /home/ubuntu/reddit_venv/lib/python3.10/site-packages/airflow/example_dags/example_dynamic_task_mapping_with_no_taskflow_operators.py took 0.071 seconds
[2024-02-20T19:11:42.612+0000] {processor.py:161} INFO - Started process (PID=6362) to work on /home/ubuntu/reddit_venv/lib/python3.10/site-packages/airflow/example_dags/example_dynamic_task_mapping_with_no_taskflow_operators.py
[2024-02-20T19:11:42.613+0000] {processor.py:830} INFO - Processing file /home/ubuntu/reddit_venv/lib/python3.10/site-packages/airflow/example_dags/example_dynamic_task_mapping_with_no_taskflow_operators.py for tasks to queue
[2024-02-20T19:11:42.614+0000] {logging_mixin.py:188} INFO - [2024-02-20T19:11:42.614+0000] {dagbag.py:538} INFO - Filling up the DagBag from /home/ubuntu/reddit_venv/lib/python3.10/site-packages/airflow/example_dags/example_dynamic_task_mapping_with_no_taskflow_operators.py
[2024-02-20T19:11:42.621+0000] {processor.py:840} INFO - DAG(s) 'example_dynamic_task_mapping_with_no_taskflow_operators' retrieved from /home/ubuntu/reddit_venv/lib/python3.10/site-packages/airflow/example_dags/example_dynamic_task_mapping_with_no_taskflow_operators.py
[2024-02-20T19:11:42.636+0000] {logging_mixin.py:188} INFO - [2024-02-20T19:11:42.636+0000] {dag.py:3036} INFO - Sync 1 DAGs
[2024-02-20T19:11:42.656+0000] {logging_mixin.py:188} INFO - [2024-02-20T19:11:42.656+0000] {dag.py:3823} INFO - Setting next_dagrun for example_dynamic_task_mapping_with_no_taskflow_operators to 2024-02-19 00:00:00+00:00, run_after=2024-02-20 00:00:00+00:00
[2024-02-20T19:11:42.676+0000] {processor.py:183} INFO - Processing /home/ubuntu/reddit_venv/lib/python3.10/site-packages/airflow/example_dags/example_dynamic_task_mapping_with_no_taskflow_operators.py took 0.068 seconds
[2024-02-20T19:12:39.933+0000] {processor.py:161} INFO - Started process (PID=6486) to work on /home/ubuntu/reddit_venv/lib/python3.10/site-packages/airflow/example_dags/example_dynamic_task_mapping_with_no_taskflow_operators.py
[2024-02-20T19:12:39.934+0000] {processor.py:830} INFO - Processing file /home/ubuntu/reddit_venv/lib/python3.10/site-packages/airflow/example_dags/example_dynamic_task_mapping_with_no_taskflow_operators.py for tasks to queue
[2024-02-20T19:12:39.935+0000] {logging_mixin.py:188} INFO - [2024-02-20T19:12:39.935+0000] {dagbag.py:538} INFO - Filling up the DagBag from /home/ubuntu/reddit_venv/lib/python3.10/site-packages/airflow/example_dags/example_dynamic_task_mapping_with_no_taskflow_operators.py
[2024-02-20T19:12:39.942+0000] {processor.py:840} INFO - DAG(s) 'example_dynamic_task_mapping_with_no_taskflow_operators' retrieved from /home/ubuntu/reddit_venv/lib/python3.10/site-packages/airflow/example_dags/example_dynamic_task_mapping_with_no_taskflow_operators.py
[2024-02-20T19:12:39.957+0000] {logging_mixin.py:188} INFO - [2024-02-20T19:12:39.957+0000] {dag.py:3036} INFO - Sync 1 DAGs
[2024-02-20T19:12:39.978+0000] {logging_mixin.py:188} INFO - [2024-02-20T19:12:39.978+0000] {dag.py:3823} INFO - Setting next_dagrun for example_dynamic_task_mapping_with_no_taskflow_operators to 2024-02-19 00:00:00+00:00, run_after=2024-02-20 00:00:00+00:00
[2024-02-20T19:12:40.000+0000] {processor.py:183} INFO - Processing /home/ubuntu/reddit_venv/lib/python3.10/site-packages/airflow/example_dags/example_dynamic_task_mapping_with_no_taskflow_operators.py took 0.070 seconds
[2024-02-20T19:13:39.657+0000] {processor.py:161} INFO - Started process (PID=6614) to work on /home/ubuntu/reddit_venv/lib/python3.10/site-packages/airflow/example_dags/example_dynamic_task_mapping_with_no_taskflow_operators.py
[2024-02-20T19:13:39.659+0000] {processor.py:830} INFO - Processing file /home/ubuntu/reddit_venv/lib/python3.10/site-packages/airflow/example_dags/example_dynamic_task_mapping_with_no_taskflow_operators.py for tasks to queue
[2024-02-20T19:13:39.660+0000] {logging_mixin.py:188} INFO - [2024-02-20T19:13:39.659+0000] {dagbag.py:538} INFO - Filling up the DagBag from /home/ubuntu/reddit_venv/lib/python3.10/site-packages/airflow/example_dags/example_dynamic_task_mapping_with_no_taskflow_operators.py
[2024-02-20T19:13:39.667+0000] {processor.py:840} INFO - DAG(s) 'example_dynamic_task_mapping_with_no_taskflow_operators' retrieved from /home/ubuntu/reddit_venv/lib/python3.10/site-packages/airflow/example_dags/example_dynamic_task_mapping_with_no_taskflow_operators.py
[2024-02-20T19:13:39.681+0000] {logging_mixin.py:188} INFO - [2024-02-20T19:13:39.681+0000] {dag.py:3036} INFO - Sync 1 DAGs
[2024-02-20T19:13:39.701+0000] {logging_mixin.py:188} INFO - [2024-02-20T19:13:39.701+0000] {dag.py:3823} INFO - Setting next_dagrun for example_dynamic_task_mapping_with_no_taskflow_operators to 2024-02-19 00:00:00+00:00, run_after=2024-02-20 00:00:00+00:00
[2024-02-20T19:13:39.723+0000] {processor.py:183} INFO - Processing /home/ubuntu/reddit_venv/lib/python3.10/site-packages/airflow/example_dags/example_dynamic_task_mapping_with_no_taskflow_operators.py took 0.069 seconds
[2024-02-20T19:14:34.672+0000] {processor.py:161} INFO - Started process (PID=6738) to work on /home/ubuntu/reddit_venv/lib/python3.10/site-packages/airflow/example_dags/example_dynamic_task_mapping_with_no_taskflow_operators.py
[2024-02-20T19:14:34.674+0000] {processor.py:830} INFO - Processing file /home/ubuntu/reddit_venv/lib/python3.10/site-packages/airflow/example_dags/example_dynamic_task_mapping_with_no_taskflow_operators.py for tasks to queue
[2024-02-20T19:14:34.674+0000] {logging_mixin.py:188} INFO - [2024-02-20T19:14:34.674+0000] {dagbag.py:538} INFO - Filling up the DagBag from /home/ubuntu/reddit_venv/lib/python3.10/site-packages/airflow/example_dags/example_dynamic_task_mapping_with_no_taskflow_operators.py
[2024-02-20T19:14:34.682+0000] {processor.py:840} INFO - DAG(s) 'example_dynamic_task_mapping_with_no_taskflow_operators' retrieved from /home/ubuntu/reddit_venv/lib/python3.10/site-packages/airflow/example_dags/example_dynamic_task_mapping_with_no_taskflow_operators.py
[2024-02-20T19:14:34.697+0000] {logging_mixin.py:188} INFO - [2024-02-20T19:14:34.697+0000] {dag.py:3036} INFO - Sync 1 DAGs
[2024-02-20T19:14:34.718+0000] {logging_mixin.py:188} INFO - [2024-02-20T19:14:34.718+0000] {dag.py:3823} INFO - Setting next_dagrun for example_dynamic_task_mapping_with_no_taskflow_operators to 2024-02-19 00:00:00+00:00, run_after=2024-02-20 00:00:00+00:00
[2024-02-20T19:14:34.739+0000] {processor.py:183} INFO - Processing /home/ubuntu/reddit_venv/lib/python3.10/site-packages/airflow/example_dags/example_dynamic_task_mapping_with_no_taskflow_operators.py took 0.070 seconds
[2024-02-20T19:15:59.134+0000] {processor.py:161} INFO - Started process (PID=7331) to work on /home/ubuntu/reddit_venv/lib/python3.10/site-packages/airflow/example_dags/example_dynamic_task_mapping_with_no_taskflow_operators.py
[2024-02-20T19:15:59.136+0000] {processor.py:830} INFO - Processing file /home/ubuntu/reddit_venv/lib/python3.10/site-packages/airflow/example_dags/example_dynamic_task_mapping_with_no_taskflow_operators.py for tasks to queue
[2024-02-20T19:15:59.137+0000] {logging_mixin.py:188} INFO - [2024-02-20T19:15:59.136+0000] {dagbag.py:538} INFO - Filling up the DagBag from /home/ubuntu/reddit_venv/lib/python3.10/site-packages/airflow/example_dags/example_dynamic_task_mapping_with_no_taskflow_operators.py
[2024-02-20T19:15:59.144+0000] {processor.py:840} INFO - DAG(s) 'example_dynamic_task_mapping_with_no_taskflow_operators' retrieved from /home/ubuntu/reddit_venv/lib/python3.10/site-packages/airflow/example_dags/example_dynamic_task_mapping_with_no_taskflow_operators.py
[2024-02-20T19:15:59.158+0000] {logging_mixin.py:188} INFO - [2024-02-20T19:15:59.158+0000] {dag.py:3036} INFO - Sync 1 DAGs
[2024-02-20T19:15:59.178+0000] {logging_mixin.py:188} INFO - [2024-02-20T19:15:59.178+0000] {dag.py:3823} INFO - Setting next_dagrun for example_dynamic_task_mapping_with_no_taskflow_operators to 2024-02-19 00:00:00+00:00, run_after=2024-02-20 00:00:00+00:00
[2024-02-20T19:15:59.208+0000] {processor.py:183} INFO - Processing /home/ubuntu/reddit_venv/lib/python3.10/site-packages/airflow/example_dags/example_dynamic_task_mapping_with_no_taskflow_operators.py took 0.077 seconds
[2024-02-20T19:16:49.198+0000] {processor.py:161} INFO - Started process (PID=7506) to work on /home/ubuntu/reddit_venv/lib/python3.10/site-packages/airflow/example_dags/example_dynamic_task_mapping_with_no_taskflow_operators.py
[2024-02-20T19:16:49.201+0000] {processor.py:830} INFO - Processing file /home/ubuntu/reddit_venv/lib/python3.10/site-packages/airflow/example_dags/example_dynamic_task_mapping_with_no_taskflow_operators.py for tasks to queue
[2024-02-20T19:16:49.202+0000] {logging_mixin.py:188} INFO - [2024-02-20T19:16:49.201+0000] {dagbag.py:538} INFO - Filling up the DagBag from /home/ubuntu/reddit_venv/lib/python3.10/site-packages/airflow/example_dags/example_dynamic_task_mapping_with_no_taskflow_operators.py
[2024-02-20T19:16:49.209+0000] {processor.py:840} INFO - DAG(s) 'example_dynamic_task_mapping_with_no_taskflow_operators' retrieved from /home/ubuntu/reddit_venv/lib/python3.10/site-packages/airflow/example_dags/example_dynamic_task_mapping_with_no_taskflow_operators.py
[2024-02-20T19:16:49.223+0000] {logging_mixin.py:188} INFO - [2024-02-20T19:16:49.223+0000] {dag.py:3036} INFO - Sync 1 DAGs
[2024-02-20T19:16:49.244+0000] {logging_mixin.py:188} INFO - [2024-02-20T19:16:49.244+0000] {dag.py:3823} INFO - Setting next_dagrun for example_dynamic_task_mapping_with_no_taskflow_operators to 2024-02-19 00:00:00+00:00, run_after=2024-02-20 00:00:00+00:00
[2024-02-20T19:16:49.265+0000] {processor.py:183} INFO - Processing /home/ubuntu/reddit_venv/lib/python3.10/site-packages/airflow/example_dags/example_dynamic_task_mapping_with_no_taskflow_operators.py took 0.070 seconds
[2024-02-20T19:17:47.269+0000] {processor.py:161} INFO - Started process (PID=7636) to work on /home/ubuntu/reddit_venv/lib/python3.10/site-packages/airflow/example_dags/example_dynamic_task_mapping_with_no_taskflow_operators.py
[2024-02-20T19:17:47.270+0000] {processor.py:830} INFO - Processing file /home/ubuntu/reddit_venv/lib/python3.10/site-packages/airflow/example_dags/example_dynamic_task_mapping_with_no_taskflow_operators.py for tasks to queue
[2024-02-20T19:17:47.271+0000] {logging_mixin.py:188} INFO - [2024-02-20T19:17:47.271+0000] {dagbag.py:538} INFO - Filling up the DagBag from /home/ubuntu/reddit_venv/lib/python3.10/site-packages/airflow/example_dags/example_dynamic_task_mapping_with_no_taskflow_operators.py
[2024-02-20T19:17:47.278+0000] {processor.py:840} INFO - DAG(s) 'example_dynamic_task_mapping_with_no_taskflow_operators' retrieved from /home/ubuntu/reddit_venv/lib/python3.10/site-packages/airflow/example_dags/example_dynamic_task_mapping_with_no_taskflow_operators.py
[2024-02-20T19:17:47.293+0000] {logging_mixin.py:188} INFO - [2024-02-20T19:17:47.293+0000] {dag.py:3036} INFO - Sync 1 DAGs
[2024-02-20T19:17:47.313+0000] {logging_mixin.py:188} INFO - [2024-02-20T19:17:47.313+0000] {dag.py:3823} INFO - Setting next_dagrun for example_dynamic_task_mapping_with_no_taskflow_operators to 2024-02-19 00:00:00+00:00, run_after=2024-02-20 00:00:00+00:00
[2024-02-20T19:17:47.335+0000] {processor.py:183} INFO - Processing /home/ubuntu/reddit_venv/lib/python3.10/site-packages/airflow/example_dags/example_dynamic_task_mapping_with_no_taskflow_operators.py took 0.070 seconds
[2024-02-20T19:18:44.109+0000] {processor.py:161} INFO - Started process (PID=7759) to work on /home/ubuntu/reddit_venv/lib/python3.10/site-packages/airflow/example_dags/example_dynamic_task_mapping_with_no_taskflow_operators.py
[2024-02-20T19:18:44.110+0000] {processor.py:830} INFO - Processing file /home/ubuntu/reddit_venv/lib/python3.10/site-packages/airflow/example_dags/example_dynamic_task_mapping_with_no_taskflow_operators.py for tasks to queue
[2024-02-20T19:18:44.111+0000] {logging_mixin.py:188} INFO - [2024-02-20T19:18:44.111+0000] {dagbag.py:538} INFO - Filling up the DagBag from /home/ubuntu/reddit_venv/lib/python3.10/site-packages/airflow/example_dags/example_dynamic_task_mapping_with_no_taskflow_operators.py
[2024-02-20T19:18:44.118+0000] {processor.py:840} INFO - DAG(s) 'example_dynamic_task_mapping_with_no_taskflow_operators' retrieved from /home/ubuntu/reddit_venv/lib/python3.10/site-packages/airflow/example_dags/example_dynamic_task_mapping_with_no_taskflow_operators.py
[2024-02-20T19:18:44.133+0000] {logging_mixin.py:188} INFO - [2024-02-20T19:18:44.133+0000] {dag.py:3036} INFO - Sync 1 DAGs
[2024-02-20T19:18:44.154+0000] {logging_mixin.py:188} INFO - [2024-02-20T19:18:44.154+0000] {dag.py:3823} INFO - Setting next_dagrun for example_dynamic_task_mapping_with_no_taskflow_operators to 2024-02-19 00:00:00+00:00, run_after=2024-02-20 00:00:00+00:00
[2024-02-20T19:18:44.179+0000] {processor.py:183} INFO - Processing /home/ubuntu/reddit_venv/lib/python3.10/site-packages/airflow/example_dags/example_dynamic_task_mapping_with_no_taskflow_operators.py took 0.073 seconds
[2024-02-20T19:19:43.428+0000] {processor.py:161} INFO - Started process (PID=7891) to work on /home/ubuntu/reddit_venv/lib/python3.10/site-packages/airflow/example_dags/example_dynamic_task_mapping_with_no_taskflow_operators.py
[2024-02-20T19:19:43.431+0000] {processor.py:830} INFO - Processing file /home/ubuntu/reddit_venv/lib/python3.10/site-packages/airflow/example_dags/example_dynamic_task_mapping_with_no_taskflow_operators.py for tasks to queue
[2024-02-20T19:19:43.432+0000] {logging_mixin.py:188} INFO - [2024-02-20T19:19:43.431+0000] {dagbag.py:538} INFO - Filling up the DagBag from /home/ubuntu/reddit_venv/lib/python3.10/site-packages/airflow/example_dags/example_dynamic_task_mapping_with_no_taskflow_operators.py
[2024-02-20T19:19:43.439+0000] {processor.py:840} INFO - DAG(s) 'example_dynamic_task_mapping_with_no_taskflow_operators' retrieved from /home/ubuntu/reddit_venv/lib/python3.10/site-packages/airflow/example_dags/example_dynamic_task_mapping_with_no_taskflow_operators.py
[2024-02-20T19:19:43.454+0000] {logging_mixin.py:188} INFO - [2024-02-20T19:19:43.454+0000] {dag.py:3036} INFO - Sync 1 DAGs
[2024-02-20T19:19:43.474+0000] {logging_mixin.py:188} INFO - [2024-02-20T19:19:43.474+0000] {dag.py:3823} INFO - Setting next_dagrun for example_dynamic_task_mapping_with_no_taskflow_operators to 2024-02-19 00:00:00+00:00, run_after=2024-02-20 00:00:00+00:00
[2024-02-20T19:19:43.497+0000] {processor.py:183} INFO - Processing /home/ubuntu/reddit_venv/lib/python3.10/site-packages/airflow/example_dags/example_dynamic_task_mapping_with_no_taskflow_operators.py took 0.072 seconds
[2024-02-20T19:20:39.482+0000] {processor.py:161} INFO - Started process (PID=8014) to work on /home/ubuntu/reddit_venv/lib/python3.10/site-packages/airflow/example_dags/example_dynamic_task_mapping_with_no_taskflow_operators.py
[2024-02-20T19:20:39.484+0000] {processor.py:830} INFO - Processing file /home/ubuntu/reddit_venv/lib/python3.10/site-packages/airflow/example_dags/example_dynamic_task_mapping_with_no_taskflow_operators.py for tasks to queue
[2024-02-20T19:20:39.485+0000] {logging_mixin.py:188} INFO - [2024-02-20T19:20:39.484+0000] {dagbag.py:538} INFO - Filling up the DagBag from /home/ubuntu/reddit_venv/lib/python3.10/site-packages/airflow/example_dags/example_dynamic_task_mapping_with_no_taskflow_operators.py
[2024-02-20T19:20:39.492+0000] {processor.py:840} INFO - DAG(s) 'example_dynamic_task_mapping_with_no_taskflow_operators' retrieved from /home/ubuntu/reddit_venv/lib/python3.10/site-packages/airflow/example_dags/example_dynamic_task_mapping_with_no_taskflow_operators.py
[2024-02-20T19:20:39.506+0000] {logging_mixin.py:188} INFO - [2024-02-20T19:20:39.506+0000] {dag.py:3036} INFO - Sync 1 DAGs
[2024-02-20T19:20:39.525+0000] {logging_mixin.py:188} INFO - [2024-02-20T19:20:39.525+0000] {dag.py:3823} INFO - Setting next_dagrun for example_dynamic_task_mapping_with_no_taskflow_operators to 2024-02-19 00:00:00+00:00, run_after=2024-02-20 00:00:00+00:00
[2024-02-20T19:20:39.547+0000] {processor.py:183} INFO - Processing /home/ubuntu/reddit_venv/lib/python3.10/site-packages/airflow/example_dags/example_dynamic_task_mapping_with_no_taskflow_operators.py took 0.068 seconds
[2024-02-20T19:21:35.528+0000] {processor.py:161} INFO - Started process (PID=8200) to work on /home/ubuntu/reddit_venv/lib/python3.10/site-packages/airflow/example_dags/example_dynamic_task_mapping_with_no_taskflow_operators.py
[2024-02-20T19:21:35.529+0000] {processor.py:830} INFO - Processing file /home/ubuntu/reddit_venv/lib/python3.10/site-packages/airflow/example_dags/example_dynamic_task_mapping_with_no_taskflow_operators.py for tasks to queue
[2024-02-20T19:21:35.530+0000] {logging_mixin.py:188} INFO - [2024-02-20T19:21:35.530+0000] {dagbag.py:538} INFO - Filling up the DagBag from /home/ubuntu/reddit_venv/lib/python3.10/site-packages/airflow/example_dags/example_dynamic_task_mapping_with_no_taskflow_operators.py
[2024-02-20T19:21:35.537+0000] {processor.py:840} INFO - DAG(s) 'example_dynamic_task_mapping_with_no_taskflow_operators' retrieved from /home/ubuntu/reddit_venv/lib/python3.10/site-packages/airflow/example_dags/example_dynamic_task_mapping_with_no_taskflow_operators.py
[2024-02-20T19:21:35.552+0000] {logging_mixin.py:188} INFO - [2024-02-20T19:21:35.552+0000] {dag.py:3036} INFO - Sync 1 DAGs
[2024-02-20T19:21:35.572+0000] {logging_mixin.py:188} INFO - [2024-02-20T19:21:35.572+0000] {dag.py:3823} INFO - Setting next_dagrun for example_dynamic_task_mapping_with_no_taskflow_operators to 2024-02-19 00:00:00+00:00, run_after=2024-02-20 00:00:00+00:00
[2024-02-20T19:21:35.594+0000] {processor.py:183} INFO - Processing /home/ubuntu/reddit_venv/lib/python3.10/site-packages/airflow/example_dags/example_dynamic_task_mapping_with_no_taskflow_operators.py took 0.070 seconds
[2024-02-20T19:22:35.834+0000] {processor.py:161} INFO - Started process (PID=8329) to work on /home/ubuntu/reddit_venv/lib/python3.10/site-packages/airflow/example_dags/example_dynamic_task_mapping_with_no_taskflow_operators.py
[2024-02-20T19:22:35.838+0000] {processor.py:830} INFO - Processing file /home/ubuntu/reddit_venv/lib/python3.10/site-packages/airflow/example_dags/example_dynamic_task_mapping_with_no_taskflow_operators.py for tasks to queue
[2024-02-20T19:22:35.839+0000] {logging_mixin.py:188} INFO - [2024-02-20T19:22:35.838+0000] {dagbag.py:538} INFO - Filling up the DagBag from /home/ubuntu/reddit_venv/lib/python3.10/site-packages/airflow/example_dags/example_dynamic_task_mapping_with_no_taskflow_operators.py
[2024-02-20T19:22:35.846+0000] {processor.py:840} INFO - DAG(s) 'example_dynamic_task_mapping_with_no_taskflow_operators' retrieved from /home/ubuntu/reddit_venv/lib/python3.10/site-packages/airflow/example_dags/example_dynamic_task_mapping_with_no_taskflow_operators.py
[2024-02-20T19:22:35.860+0000] {logging_mixin.py:188} INFO - [2024-02-20T19:22:35.860+0000] {dag.py:3036} INFO - Sync 1 DAGs
[2024-02-20T19:22:35.880+0000] {logging_mixin.py:188} INFO - [2024-02-20T19:22:35.880+0000] {dag.py:3823} INFO - Setting next_dagrun for example_dynamic_task_mapping_with_no_taskflow_operators to 2024-02-19 00:00:00+00:00, run_after=2024-02-20 00:00:00+00:00
[2024-02-20T19:22:35.903+0000] {processor.py:183} INFO - Processing /home/ubuntu/reddit_venv/lib/python3.10/site-packages/airflow/example_dags/example_dynamic_task_mapping_with_no_taskflow_operators.py took 0.072 seconds
[2024-02-20T19:23:28.537+0000] {processor.py:161} INFO - Started process (PID=8452) to work on /home/ubuntu/reddit_venv/lib/python3.10/site-packages/airflow/example_dags/example_dynamic_task_mapping_with_no_taskflow_operators.py
[2024-02-20T19:23:28.538+0000] {processor.py:830} INFO - Processing file /home/ubuntu/reddit_venv/lib/python3.10/site-packages/airflow/example_dags/example_dynamic_task_mapping_with_no_taskflow_operators.py for tasks to queue
[2024-02-20T19:23:28.539+0000] {logging_mixin.py:188} INFO - [2024-02-20T19:23:28.538+0000] {dagbag.py:538} INFO - Filling up the DagBag from /home/ubuntu/reddit_venv/lib/python3.10/site-packages/airflow/example_dags/example_dynamic_task_mapping_with_no_taskflow_operators.py
[2024-02-20T19:23:28.546+0000] {processor.py:840} INFO - DAG(s) 'example_dynamic_task_mapping_with_no_taskflow_operators' retrieved from /home/ubuntu/reddit_venv/lib/python3.10/site-packages/airflow/example_dags/example_dynamic_task_mapping_with_no_taskflow_operators.py
[2024-02-20T19:23:28.561+0000] {logging_mixin.py:188} INFO - [2024-02-20T19:23:28.560+0000] {dag.py:3036} INFO - Sync 1 DAGs
[2024-02-20T19:23:28.581+0000] {logging_mixin.py:188} INFO - [2024-02-20T19:23:28.581+0000] {dag.py:3823} INFO - Setting next_dagrun for example_dynamic_task_mapping_with_no_taskflow_operators to 2024-02-19 00:00:00+00:00, run_after=2024-02-20 00:00:00+00:00
[2024-02-20T19:23:28.602+0000] {processor.py:183} INFO - Processing /home/ubuntu/reddit_venv/lib/python3.10/site-packages/airflow/example_dags/example_dynamic_task_mapping_with_no_taskflow_operators.py took 0.069 seconds
[2024-02-20T19:24:26.190+0000] {processor.py:161} INFO - Started process (PID=8575) to work on /home/ubuntu/reddit_venv/lib/python3.10/site-packages/airflow/example_dags/example_dynamic_task_mapping_with_no_taskflow_operators.py
[2024-02-20T19:24:26.192+0000] {processor.py:830} INFO - Processing file /home/ubuntu/reddit_venv/lib/python3.10/site-packages/airflow/example_dags/example_dynamic_task_mapping_with_no_taskflow_operators.py for tasks to queue
[2024-02-20T19:24:26.193+0000] {logging_mixin.py:188} INFO - [2024-02-20T19:24:26.192+0000] {dagbag.py:538} INFO - Filling up the DagBag from /home/ubuntu/reddit_venv/lib/python3.10/site-packages/airflow/example_dags/example_dynamic_task_mapping_with_no_taskflow_operators.py
[2024-02-20T19:24:26.200+0000] {processor.py:840} INFO - DAG(s) 'example_dynamic_task_mapping_with_no_taskflow_operators' retrieved from /home/ubuntu/reddit_venv/lib/python3.10/site-packages/airflow/example_dags/example_dynamic_task_mapping_with_no_taskflow_operators.py
[2024-02-20T19:24:26.215+0000] {logging_mixin.py:188} INFO - [2024-02-20T19:24:26.214+0000] {dag.py:3036} INFO - Sync 1 DAGs
[2024-02-20T19:24:26.236+0000] {logging_mixin.py:188} INFO - [2024-02-20T19:24:26.236+0000] {dag.py:3823} INFO - Setting next_dagrun for example_dynamic_task_mapping_with_no_taskflow_operators to 2024-02-19 00:00:00+00:00, run_after=2024-02-20 00:00:00+00:00
[2024-02-20T19:24:26.257+0000] {processor.py:183} INFO - Processing /home/ubuntu/reddit_venv/lib/python3.10/site-packages/airflow/example_dags/example_dynamic_task_mapping_with_no_taskflow_operators.py took 0.070 seconds
[2024-02-20T19:25:28.398+0000] {processor.py:161} INFO - Started process (PID=8708) to work on /home/ubuntu/reddit_venv/lib/python3.10/site-packages/airflow/example_dags/example_dynamic_task_mapping_with_no_taskflow_operators.py
[2024-02-20T19:25:28.401+0000] {processor.py:830} INFO - Processing file /home/ubuntu/reddit_venv/lib/python3.10/site-packages/airflow/example_dags/example_dynamic_task_mapping_with_no_taskflow_operators.py for tasks to queue
[2024-02-20T19:25:28.402+0000] {logging_mixin.py:188} INFO - [2024-02-20T19:25:28.401+0000] {dagbag.py:538} INFO - Filling up the DagBag from /home/ubuntu/reddit_venv/lib/python3.10/site-packages/airflow/example_dags/example_dynamic_task_mapping_with_no_taskflow_operators.py
[2024-02-20T19:25:28.409+0000] {processor.py:840} INFO - DAG(s) 'example_dynamic_task_mapping_with_no_taskflow_operators' retrieved from /home/ubuntu/reddit_venv/lib/python3.10/site-packages/airflow/example_dags/example_dynamic_task_mapping_with_no_taskflow_operators.py
[2024-02-20T19:25:28.424+0000] {logging_mixin.py:188} INFO - [2024-02-20T19:25:28.424+0000] {dag.py:3036} INFO - Sync 1 DAGs
[2024-02-20T19:25:28.446+0000] {logging_mixin.py:188} INFO - [2024-02-20T19:25:28.446+0000] {dag.py:3823} INFO - Setting next_dagrun for example_dynamic_task_mapping_with_no_taskflow_operators to 2024-02-19 00:00:00+00:00, run_after=2024-02-20 00:00:00+00:00
[2024-02-20T19:25:28.486+0000] {processor.py:183} INFO - Processing /home/ubuntu/reddit_venv/lib/python3.10/site-packages/airflow/example_dags/example_dynamic_task_mapping_with_no_taskflow_operators.py took 0.091 seconds
