[2024-02-20T18:07:01.311+0000] {processor.py:161} INFO - Started process (PID=1972) to work on /home/ubuntu/reddit_venv/lib/python3.10/site-packages/airflow/example_dags/example_kubernetes_executor.py
[2024-02-20T18:07:01.312+0000] {processor.py:830} INFO - Processing file /home/ubuntu/reddit_venv/lib/python3.10/site-packages/airflow/example_dags/example_kubernetes_executor.py for tasks to queue
[2024-02-20T18:07:01.313+0000] {logging_mixin.py:188} INFO - [2024-02-20T18:07:01.312+0000] {dagbag.py:538} INFO - Filling up the DagBag from /home/ubuntu/reddit_venv/lib/python3.10/site-packages/airflow/example_dags/example_kubernetes_executor.py
[2024-02-20T18:07:01.316+0000] {logging_mixin.py:188} INFO - [2024-02-20T18:07:01.316+0000] {example_kubernetes_executor.py:38} WARNING - The example_kubernetes_executor example DAG requires the kubernetes provider. Please install it with: pip install apache-airflow[cncf.kubernetes]
[2024-02-20T18:07:01.316+0000] {processor.py:842} WARNING - No viable dags retrieved from /home/ubuntu/reddit_venv/lib/python3.10/site-packages/airflow/example_dags/example_kubernetes_executor.py
[2024-02-20T18:07:01.326+0000] {processor.py:183} INFO - Processing /home/ubuntu/reddit_venv/lib/python3.10/site-packages/airflow/example_dags/example_kubernetes_executor.py took 0.019 seconds
[2024-02-20T18:07:53.312+0000] {processor.py:161} INFO - Started process (PID=2269) to work on /home/ubuntu/reddit_venv/lib/python3.10/site-packages/airflow/example_dags/example_kubernetes_executor.py
[2024-02-20T18:07:53.314+0000] {processor.py:830} INFO - Processing file /home/ubuntu/reddit_venv/lib/python3.10/site-packages/airflow/example_dags/example_kubernetes_executor.py for tasks to queue
[2024-02-20T18:07:53.315+0000] {logging_mixin.py:188} INFO - [2024-02-20T18:07:53.314+0000] {dagbag.py:538} INFO - Filling up the DagBag from /home/ubuntu/reddit_venv/lib/python3.10/site-packages/airflow/example_dags/example_kubernetes_executor.py
[2024-02-20T18:07:53.318+0000] {logging_mixin.py:188} INFO - [2024-02-20T18:07:53.318+0000] {example_kubernetes_executor.py:38} WARNING - The example_kubernetes_executor example DAG requires the kubernetes provider. Please install it with: pip install apache-airflow[cncf.kubernetes]
[2024-02-20T18:07:53.318+0000] {processor.py:842} WARNING - No viable dags retrieved from /home/ubuntu/reddit_venv/lib/python3.10/site-packages/airflow/example_dags/example_kubernetes_executor.py
[2024-02-20T18:07:53.329+0000] {processor.py:183} INFO - Processing /home/ubuntu/reddit_venv/lib/python3.10/site-packages/airflow/example_dags/example_kubernetes_executor.py took 0.020 seconds
[2024-02-20T18:08:40.911+0000] {processor.py:161} INFO - Started process (PID=2632) to work on /home/ubuntu/reddit_venv/lib/python3.10/site-packages/airflow/example_dags/example_kubernetes_executor.py
[2024-02-20T18:08:40.913+0000] {processor.py:830} INFO - Processing file /home/ubuntu/reddit_venv/lib/python3.10/site-packages/airflow/example_dags/example_kubernetes_executor.py for tasks to queue
[2024-02-20T18:08:40.914+0000] {logging_mixin.py:188} INFO - [2024-02-20T18:08:40.913+0000] {dagbag.py:538} INFO - Filling up the DagBag from /home/ubuntu/reddit_venv/lib/python3.10/site-packages/airflow/example_dags/example_kubernetes_executor.py
[2024-02-20T18:08:40.917+0000] {logging_mixin.py:188} INFO - [2024-02-20T18:08:40.917+0000] {example_kubernetes_executor.py:38} WARNING - The example_kubernetes_executor example DAG requires the kubernetes provider. Please install it with: pip install apache-airflow[cncf.kubernetes]
[2024-02-20T18:08:40.917+0000] {processor.py:842} WARNING - No viable dags retrieved from /home/ubuntu/reddit_venv/lib/python3.10/site-packages/airflow/example_dags/example_kubernetes_executor.py
[2024-02-20T18:08:40.927+0000] {processor.py:183} INFO - Processing /home/ubuntu/reddit_venv/lib/python3.10/site-packages/airflow/example_dags/example_kubernetes_executor.py took 0.020 seconds
[2024-02-20T18:09:49.847+0000] {processor.py:161} INFO - Started process (PID=3078) to work on /home/ubuntu/reddit_venv/lib/python3.10/site-packages/airflow/example_dags/example_kubernetes_executor.py
[2024-02-20T18:09:49.849+0000] {processor.py:830} INFO - Processing file /home/ubuntu/reddit_venv/lib/python3.10/site-packages/airflow/example_dags/example_kubernetes_executor.py for tasks to queue
[2024-02-20T18:09:49.850+0000] {logging_mixin.py:188} INFO - [2024-02-20T18:09:49.849+0000] {dagbag.py:538} INFO - Filling up the DagBag from /home/ubuntu/reddit_venv/lib/python3.10/site-packages/airflow/example_dags/example_kubernetes_executor.py
[2024-02-20T18:09:49.853+0000] {logging_mixin.py:188} INFO - [2024-02-20T18:09:49.853+0000] {example_kubernetes_executor.py:38} WARNING - The example_kubernetes_executor example DAG requires the kubernetes provider. Please install it with: pip install apache-airflow[cncf.kubernetes]
[2024-02-20T18:09:49.853+0000] {processor.py:842} WARNING - No viable dags retrieved from /home/ubuntu/reddit_venv/lib/python3.10/site-packages/airflow/example_dags/example_kubernetes_executor.py
[2024-02-20T18:09:49.863+0000] {processor.py:183} INFO - Processing /home/ubuntu/reddit_venv/lib/python3.10/site-packages/airflow/example_dags/example_kubernetes_executor.py took 0.020 seconds
[2024-02-20T18:10:38.058+0000] {processor.py:161} INFO - Started process (PID=3193) to work on /home/ubuntu/reddit_venv/lib/python3.10/site-packages/airflow/example_dags/example_kubernetes_executor.py
[2024-02-20T18:10:38.060+0000] {processor.py:830} INFO - Processing file /home/ubuntu/reddit_venv/lib/python3.10/site-packages/airflow/example_dags/example_kubernetes_executor.py for tasks to queue
[2024-02-20T18:10:38.060+0000] {logging_mixin.py:188} INFO - [2024-02-20T18:10:38.060+0000] {dagbag.py:538} INFO - Filling up the DagBag from /home/ubuntu/reddit_venv/lib/python3.10/site-packages/airflow/example_dags/example_kubernetes_executor.py
[2024-02-20T18:10:38.064+0000] {logging_mixin.py:188} INFO - [2024-02-20T18:10:38.064+0000] {example_kubernetes_executor.py:38} WARNING - The example_kubernetes_executor example DAG requires the kubernetes provider. Please install it with: pip install apache-airflow[cncf.kubernetes]
[2024-02-20T18:10:38.064+0000] {processor.py:842} WARNING - No viable dags retrieved from /home/ubuntu/reddit_venv/lib/python3.10/site-packages/airflow/example_dags/example_kubernetes_executor.py
[2024-02-20T18:10:38.074+0000] {processor.py:183} INFO - Processing /home/ubuntu/reddit_venv/lib/python3.10/site-packages/airflow/example_dags/example_kubernetes_executor.py took 0.019 seconds
[2024-02-20T18:11:44.447+0000] {processor.py:161} INFO - Started process (PID=3706) to work on /home/ubuntu/reddit_venv/lib/python3.10/site-packages/airflow/example_dags/example_kubernetes_executor.py
[2024-02-20T18:11:44.449+0000] {processor.py:830} INFO - Processing file /home/ubuntu/reddit_venv/lib/python3.10/site-packages/airflow/example_dags/example_kubernetes_executor.py for tasks to queue
[2024-02-20T18:11:44.450+0000] {logging_mixin.py:188} INFO - [2024-02-20T18:11:44.450+0000] {dagbag.py:538} INFO - Filling up the DagBag from /home/ubuntu/reddit_venv/lib/python3.10/site-packages/airflow/example_dags/example_kubernetes_executor.py
[2024-02-20T18:11:44.454+0000] {logging_mixin.py:188} INFO - [2024-02-20T18:11:44.454+0000] {example_kubernetes_executor.py:38} WARNING - The example_kubernetes_executor example DAG requires the kubernetes provider. Please install it with: pip install apache-airflow[cncf.kubernetes]
[2024-02-20T18:11:44.454+0000] {processor.py:842} WARNING - No viable dags retrieved from /home/ubuntu/reddit_venv/lib/python3.10/site-packages/airflow/example_dags/example_kubernetes_executor.py
[2024-02-20T18:11:44.464+0000] {processor.py:183} INFO - Processing /home/ubuntu/reddit_venv/lib/python3.10/site-packages/airflow/example_dags/example_kubernetes_executor.py took 0.021 seconds
[2024-02-20T18:12:31.613+0000] {processor.py:161} INFO - Started process (PID=3821) to work on /home/ubuntu/reddit_venv/lib/python3.10/site-packages/airflow/example_dags/example_kubernetes_executor.py
[2024-02-20T18:12:31.616+0000] {processor.py:830} INFO - Processing file /home/ubuntu/reddit_venv/lib/python3.10/site-packages/airflow/example_dags/example_kubernetes_executor.py for tasks to queue
[2024-02-20T18:12:31.617+0000] {logging_mixin.py:188} INFO - [2024-02-20T18:12:31.617+0000] {dagbag.py:538} INFO - Filling up the DagBag from /home/ubuntu/reddit_venv/lib/python3.10/site-packages/airflow/example_dags/example_kubernetes_executor.py
[2024-02-20T18:12:31.620+0000] {logging_mixin.py:188} INFO - [2024-02-20T18:12:31.620+0000] {example_kubernetes_executor.py:38} WARNING - The example_kubernetes_executor example DAG requires the kubernetes provider. Please install it with: pip install apache-airflow[cncf.kubernetes]
[2024-02-20T18:12:31.621+0000] {processor.py:842} WARNING - No viable dags retrieved from /home/ubuntu/reddit_venv/lib/python3.10/site-packages/airflow/example_dags/example_kubernetes_executor.py
[2024-02-20T18:12:31.631+0000] {processor.py:183} INFO - Processing /home/ubuntu/reddit_venv/lib/python3.10/site-packages/airflow/example_dags/example_kubernetes_executor.py took 0.021 seconds
[2024-02-20T18:13:25.636+0000] {processor.py:161} INFO - Started process (PID=3885) to work on /home/ubuntu/reddit_venv/lib/python3.10/site-packages/airflow/example_dags/example_kubernetes_executor.py
[2024-02-20T18:13:25.637+0000] {processor.py:830} INFO - Processing file /home/ubuntu/reddit_venv/lib/python3.10/site-packages/airflow/example_dags/example_kubernetes_executor.py for tasks to queue
[2024-02-20T18:13:25.638+0000] {logging_mixin.py:188} INFO - [2024-02-20T18:13:25.638+0000] {dagbag.py:538} INFO - Filling up the DagBag from /home/ubuntu/reddit_venv/lib/python3.10/site-packages/airflow/example_dags/example_kubernetes_executor.py
[2024-02-20T18:13:25.642+0000] {logging_mixin.py:188} INFO - [2024-02-20T18:13:25.641+0000] {example_kubernetes_executor.py:38} WARNING - The example_kubernetes_executor example DAG requires the kubernetes provider. Please install it with: pip install apache-airflow[cncf.kubernetes]
[2024-02-20T18:13:25.642+0000] {processor.py:842} WARNING - No viable dags retrieved from /home/ubuntu/reddit_venv/lib/python3.10/site-packages/airflow/example_dags/example_kubernetes_executor.py
[2024-02-20T18:13:25.652+0000] {processor.py:183} INFO - Processing /home/ubuntu/reddit_venv/lib/python3.10/site-packages/airflow/example_dags/example_kubernetes_executor.py took 0.020 seconds
[2024-02-20T18:14:25.133+0000] {processor.py:161} INFO - Started process (PID=4013) to work on /home/ubuntu/reddit_venv/lib/python3.10/site-packages/airflow/example_dags/example_kubernetes_executor.py
[2024-02-20T18:14:25.135+0000] {processor.py:830} INFO - Processing file /home/ubuntu/reddit_venv/lib/python3.10/site-packages/airflow/example_dags/example_kubernetes_executor.py for tasks to queue
[2024-02-20T18:14:25.136+0000] {logging_mixin.py:188} INFO - [2024-02-20T18:14:25.135+0000] {dagbag.py:538} INFO - Filling up the DagBag from /home/ubuntu/reddit_venv/lib/python3.10/site-packages/airflow/example_dags/example_kubernetes_executor.py
[2024-02-20T18:14:25.139+0000] {logging_mixin.py:188} INFO - [2024-02-20T18:14:25.139+0000] {example_kubernetes_executor.py:38} WARNING - The example_kubernetes_executor example DAG requires the kubernetes provider. Please install it with: pip install apache-airflow[cncf.kubernetes]
[2024-02-20T18:14:25.139+0000] {processor.py:842} WARNING - No viable dags retrieved from /home/ubuntu/reddit_venv/lib/python3.10/site-packages/airflow/example_dags/example_kubernetes_executor.py
[2024-02-20T18:14:25.150+0000] {processor.py:183} INFO - Processing /home/ubuntu/reddit_venv/lib/python3.10/site-packages/airflow/example_dags/example_kubernetes_executor.py took 0.020 seconds
[2024-02-20T18:15:21.270+0000] {processor.py:161} INFO - Started process (PID=4140) to work on /home/ubuntu/reddit_venv/lib/python3.10/site-packages/airflow/example_dags/example_kubernetes_executor.py
[2024-02-20T18:15:21.272+0000] {processor.py:830} INFO - Processing file /home/ubuntu/reddit_venv/lib/python3.10/site-packages/airflow/example_dags/example_kubernetes_executor.py for tasks to queue
[2024-02-20T18:15:21.273+0000] {logging_mixin.py:188} INFO - [2024-02-20T18:15:21.273+0000] {dagbag.py:538} INFO - Filling up the DagBag from /home/ubuntu/reddit_venv/lib/python3.10/site-packages/airflow/example_dags/example_kubernetes_executor.py
[2024-02-20T18:15:21.276+0000] {logging_mixin.py:188} INFO - [2024-02-20T18:15:21.276+0000] {example_kubernetes_executor.py:38} WARNING - The example_kubernetes_executor example DAG requires the kubernetes provider. Please install it with: pip install apache-airflow[cncf.kubernetes]
[2024-02-20T18:15:21.276+0000] {processor.py:842} WARNING - No viable dags retrieved from /home/ubuntu/reddit_venv/lib/python3.10/site-packages/airflow/example_dags/example_kubernetes_executor.py
[2024-02-20T18:15:21.286+0000] {processor.py:183} INFO - Processing /home/ubuntu/reddit_venv/lib/python3.10/site-packages/airflow/example_dags/example_kubernetes_executor.py took 0.019 seconds
[2024-02-20T18:16:20.797+0000] {processor.py:161} INFO - Started process (PID=4267) to work on /home/ubuntu/reddit_venv/lib/python3.10/site-packages/airflow/example_dags/example_kubernetes_executor.py
[2024-02-20T18:16:20.799+0000] {processor.py:830} INFO - Processing file /home/ubuntu/reddit_venv/lib/python3.10/site-packages/airflow/example_dags/example_kubernetes_executor.py for tasks to queue
[2024-02-20T18:16:20.800+0000] {logging_mixin.py:188} INFO - [2024-02-20T18:16:20.799+0000] {dagbag.py:538} INFO - Filling up the DagBag from /home/ubuntu/reddit_venv/lib/python3.10/site-packages/airflow/example_dags/example_kubernetes_executor.py
[2024-02-20T18:16:20.803+0000] {logging_mixin.py:188} INFO - [2024-02-20T18:16:20.803+0000] {example_kubernetes_executor.py:38} WARNING - The example_kubernetes_executor example DAG requires the kubernetes provider. Please install it with: pip install apache-airflow[cncf.kubernetes]
[2024-02-20T18:16:20.803+0000] {processor.py:842} WARNING - No viable dags retrieved from /home/ubuntu/reddit_venv/lib/python3.10/site-packages/airflow/example_dags/example_kubernetes_executor.py
[2024-02-20T18:16:20.813+0000] {processor.py:183} INFO - Processing /home/ubuntu/reddit_venv/lib/python3.10/site-packages/airflow/example_dags/example_kubernetes_executor.py took 0.020 seconds
[2024-02-20T18:17:18.796+0000] {processor.py:161} INFO - Started process (PID=4458) to work on /home/ubuntu/reddit_venv/lib/python3.10/site-packages/airflow/example_dags/example_kubernetes_executor.py
[2024-02-20T18:17:18.798+0000] {processor.py:830} INFO - Processing file /home/ubuntu/reddit_venv/lib/python3.10/site-packages/airflow/example_dags/example_kubernetes_executor.py for tasks to queue
[2024-02-20T18:17:18.799+0000] {logging_mixin.py:188} INFO - [2024-02-20T18:17:18.799+0000] {dagbag.py:538} INFO - Filling up the DagBag from /home/ubuntu/reddit_venv/lib/python3.10/site-packages/airflow/example_dags/example_kubernetes_executor.py
[2024-02-20T18:17:18.802+0000] {logging_mixin.py:188} INFO - [2024-02-20T18:17:18.802+0000] {example_kubernetes_executor.py:38} WARNING - The example_kubernetes_executor example DAG requires the kubernetes provider. Please install it with: pip install apache-airflow[cncf.kubernetes]
[2024-02-20T18:17:18.803+0000] {processor.py:842} WARNING - No viable dags retrieved from /home/ubuntu/reddit_venv/lib/python3.10/site-packages/airflow/example_dags/example_kubernetes_executor.py
[2024-02-20T18:17:18.813+0000] {processor.py:183} INFO - Processing /home/ubuntu/reddit_venv/lib/python3.10/site-packages/airflow/example_dags/example_kubernetes_executor.py took 0.020 seconds
[2024-02-20T18:18:16.829+0000] {processor.py:161} INFO - Started process (PID=4588) to work on /home/ubuntu/reddit_venv/lib/python3.10/site-packages/airflow/example_dags/example_kubernetes_executor.py
[2024-02-20T18:18:16.830+0000] {processor.py:830} INFO - Processing file /home/ubuntu/reddit_venv/lib/python3.10/site-packages/airflow/example_dags/example_kubernetes_executor.py for tasks to queue
[2024-02-20T18:18:16.831+0000] {logging_mixin.py:188} INFO - [2024-02-20T18:18:16.831+0000] {dagbag.py:538} INFO - Filling up the DagBag from /home/ubuntu/reddit_venv/lib/python3.10/site-packages/airflow/example_dags/example_kubernetes_executor.py
[2024-02-20T18:18:16.834+0000] {logging_mixin.py:188} INFO - [2024-02-20T18:18:16.834+0000] {example_kubernetes_executor.py:38} WARNING - The example_kubernetes_executor example DAG requires the kubernetes provider. Please install it with: pip install apache-airflow[cncf.kubernetes]
[2024-02-20T18:18:16.835+0000] {processor.py:842} WARNING - No viable dags retrieved from /home/ubuntu/reddit_venv/lib/python3.10/site-packages/airflow/example_dags/example_kubernetes_executor.py
[2024-02-20T18:18:16.845+0000] {processor.py:183} INFO - Processing /home/ubuntu/reddit_venv/lib/python3.10/site-packages/airflow/example_dags/example_kubernetes_executor.py took 0.019 seconds
[2024-02-20T18:19:17.062+0000] {processor.py:161} INFO - Started process (PID=4718) to work on /home/ubuntu/reddit_venv/lib/python3.10/site-packages/airflow/example_dags/example_kubernetes_executor.py
[2024-02-20T18:19:17.065+0000] {processor.py:830} INFO - Processing file /home/ubuntu/reddit_venv/lib/python3.10/site-packages/airflow/example_dags/example_kubernetes_executor.py for tasks to queue
[2024-02-20T18:19:17.066+0000] {logging_mixin.py:188} INFO - [2024-02-20T18:19:17.065+0000] {dagbag.py:538} INFO - Filling up the DagBag from /home/ubuntu/reddit_venv/lib/python3.10/site-packages/airflow/example_dags/example_kubernetes_executor.py
[2024-02-20T18:19:17.069+0000] {logging_mixin.py:188} INFO - [2024-02-20T18:19:17.069+0000] {example_kubernetes_executor.py:38} WARNING - The example_kubernetes_executor example DAG requires the kubernetes provider. Please install it with: pip install apache-airflow[cncf.kubernetes]
[2024-02-20T18:19:17.069+0000] {processor.py:842} WARNING - No viable dags retrieved from /home/ubuntu/reddit_venv/lib/python3.10/site-packages/airflow/example_dags/example_kubernetes_executor.py
[2024-02-20T18:19:17.080+0000] {processor.py:183} INFO - Processing /home/ubuntu/reddit_venv/lib/python3.10/site-packages/airflow/example_dags/example_kubernetes_executor.py took 0.021 seconds
[2024-02-20T18:20:13.169+0000] {processor.py:161} INFO - Started process (PID=4904) to work on /home/ubuntu/reddit_venv/lib/python3.10/site-packages/airflow/example_dags/example_kubernetes_executor.py
[2024-02-20T18:20:13.171+0000] {processor.py:830} INFO - Processing file /home/ubuntu/reddit_venv/lib/python3.10/site-packages/airflow/example_dags/example_kubernetes_executor.py for tasks to queue
[2024-02-20T18:20:13.172+0000] {logging_mixin.py:188} INFO - [2024-02-20T18:20:13.171+0000] {dagbag.py:538} INFO - Filling up the DagBag from /home/ubuntu/reddit_venv/lib/python3.10/site-packages/airflow/example_dags/example_kubernetes_executor.py
[2024-02-20T18:20:13.175+0000] {logging_mixin.py:188} INFO - [2024-02-20T18:20:13.175+0000] {example_kubernetes_executor.py:38} WARNING - The example_kubernetes_executor example DAG requires the kubernetes provider. Please install it with: pip install apache-airflow[cncf.kubernetes]
[2024-02-20T18:20:13.175+0000] {processor.py:842} WARNING - No viable dags retrieved from /home/ubuntu/reddit_venv/lib/python3.10/site-packages/airflow/example_dags/example_kubernetes_executor.py
[2024-02-20T18:20:13.185+0000] {processor.py:183} INFO - Processing /home/ubuntu/reddit_venv/lib/python3.10/site-packages/airflow/example_dags/example_kubernetes_executor.py took 0.020 seconds
[2024-02-20T18:21:10.413+0000] {processor.py:161} INFO - Started process (PID=5033) to work on /home/ubuntu/reddit_venv/lib/python3.10/site-packages/airflow/example_dags/example_kubernetes_executor.py
[2024-02-20T18:21:10.415+0000] {processor.py:830} INFO - Processing file /home/ubuntu/reddit_venv/lib/python3.10/site-packages/airflow/example_dags/example_kubernetes_executor.py for tasks to queue
[2024-02-20T18:21:10.416+0000] {logging_mixin.py:188} INFO - [2024-02-20T18:21:10.415+0000] {dagbag.py:538} INFO - Filling up the DagBag from /home/ubuntu/reddit_venv/lib/python3.10/site-packages/airflow/example_dags/example_kubernetes_executor.py
[2024-02-20T18:21:10.419+0000] {logging_mixin.py:188} INFO - [2024-02-20T18:21:10.419+0000] {example_kubernetes_executor.py:38} WARNING - The example_kubernetes_executor example DAG requires the kubernetes provider. Please install it with: pip install apache-airflow[cncf.kubernetes]
[2024-02-20T18:21:10.419+0000] {processor.py:842} WARNING - No viable dags retrieved from /home/ubuntu/reddit_venv/lib/python3.10/site-packages/airflow/example_dags/example_kubernetes_executor.py
[2024-02-20T18:21:10.430+0000] {processor.py:183} INFO - Processing /home/ubuntu/reddit_venv/lib/python3.10/site-packages/airflow/example_dags/example_kubernetes_executor.py took 0.020 seconds
[2024-02-20T18:51:24.702+0000] {processor.py:161} INFO - Started process (PID=1727) to work on /home/ubuntu/reddit_venv/lib/python3.10/site-packages/airflow/example_dags/example_kubernetes_executor.py
[2024-02-20T18:51:24.705+0000] {processor.py:830} INFO - Processing file /home/ubuntu/reddit_venv/lib/python3.10/site-packages/airflow/example_dags/example_kubernetes_executor.py for tasks to queue
[2024-02-20T18:51:24.706+0000] {logging_mixin.py:188} INFO - [2024-02-20T18:51:24.706+0000] {dagbag.py:538} INFO - Filling up the DagBag from /home/ubuntu/reddit_venv/lib/python3.10/site-packages/airflow/example_dags/example_kubernetes_executor.py
[2024-02-20T18:51:24.709+0000] {logging_mixin.py:188} INFO - [2024-02-20T18:51:24.709+0000] {example_kubernetes_executor.py:38} WARNING - The example_kubernetes_executor example DAG requires the kubernetes provider. Please install it with: pip install apache-airflow[cncf.kubernetes]
[2024-02-20T18:51:24.709+0000] {processor.py:842} WARNING - No viable dags retrieved from /home/ubuntu/reddit_venv/lib/python3.10/site-packages/airflow/example_dags/example_kubernetes_executor.py
[2024-02-20T18:51:24.720+0000] {processor.py:183} INFO - Processing /home/ubuntu/reddit_venv/lib/python3.10/site-packages/airflow/example_dags/example_kubernetes_executor.py took 0.021 seconds
[2024-02-20T18:52:17.642+0000] {processor.py:161} INFO - Started process (PID=1962) to work on /home/ubuntu/reddit_venv/lib/python3.10/site-packages/airflow/example_dags/example_kubernetes_executor.py
[2024-02-20T18:52:17.644+0000] {processor.py:830} INFO - Processing file /home/ubuntu/reddit_venv/lib/python3.10/site-packages/airflow/example_dags/example_kubernetes_executor.py for tasks to queue
[2024-02-20T18:52:17.645+0000] {logging_mixin.py:188} INFO - [2024-02-20T18:52:17.644+0000] {dagbag.py:538} INFO - Filling up the DagBag from /home/ubuntu/reddit_venv/lib/python3.10/site-packages/airflow/example_dags/example_kubernetes_executor.py
[2024-02-20T18:52:17.648+0000] {logging_mixin.py:188} INFO - [2024-02-20T18:52:17.648+0000] {example_kubernetes_executor.py:38} WARNING - The example_kubernetes_executor example DAG requires the kubernetes provider. Please install it with: pip install apache-airflow[cncf.kubernetes]
[2024-02-20T18:52:17.648+0000] {processor.py:842} WARNING - No viable dags retrieved from /home/ubuntu/reddit_venv/lib/python3.10/site-packages/airflow/example_dags/example_kubernetes_executor.py
[2024-02-20T18:52:17.658+0000] {processor.py:183} INFO - Processing /home/ubuntu/reddit_venv/lib/python3.10/site-packages/airflow/example_dags/example_kubernetes_executor.py took 0.019 seconds
[2024-02-20T18:53:15.172+0000] {processor.py:161} INFO - Started process (PID=2338) to work on /home/ubuntu/reddit_venv/lib/python3.10/site-packages/airflow/example_dags/example_kubernetes_executor.py
[2024-02-20T18:53:15.173+0000] {processor.py:830} INFO - Processing file /home/ubuntu/reddit_venv/lib/python3.10/site-packages/airflow/example_dags/example_kubernetes_executor.py for tasks to queue
[2024-02-20T18:53:15.174+0000] {logging_mixin.py:188} INFO - [2024-02-20T18:53:15.174+0000] {dagbag.py:538} INFO - Filling up the DagBag from /home/ubuntu/reddit_venv/lib/python3.10/site-packages/airflow/example_dags/example_kubernetes_executor.py
[2024-02-20T18:53:15.177+0000] {logging_mixin.py:188} INFO - [2024-02-20T18:53:15.177+0000] {example_kubernetes_executor.py:38} WARNING - The example_kubernetes_executor example DAG requires the kubernetes provider. Please install it with: pip install apache-airflow[cncf.kubernetes]
[2024-02-20T18:53:15.178+0000] {processor.py:842} WARNING - No viable dags retrieved from /home/ubuntu/reddit_venv/lib/python3.10/site-packages/airflow/example_dags/example_kubernetes_executor.py
[2024-02-20T18:53:15.187+0000] {processor.py:183} INFO - Processing /home/ubuntu/reddit_venv/lib/python3.10/site-packages/airflow/example_dags/example_kubernetes_executor.py took 0.019 seconds
[2024-02-20T18:54:04.550+0000] {processor.py:161} INFO - Started process (PID=2453) to work on /home/ubuntu/reddit_venv/lib/python3.10/site-packages/airflow/example_dags/example_kubernetes_executor.py
[2024-02-20T18:54:04.551+0000] {processor.py:830} INFO - Processing file /home/ubuntu/reddit_venv/lib/python3.10/site-packages/airflow/example_dags/example_kubernetes_executor.py for tasks to queue
[2024-02-20T18:54:04.552+0000] {logging_mixin.py:188} INFO - [2024-02-20T18:54:04.552+0000] {dagbag.py:538} INFO - Filling up the DagBag from /home/ubuntu/reddit_venv/lib/python3.10/site-packages/airflow/example_dags/example_kubernetes_executor.py
[2024-02-20T18:54:04.555+0000] {logging_mixin.py:188} INFO - [2024-02-20T18:54:04.555+0000] {example_kubernetes_executor.py:38} WARNING - The example_kubernetes_executor example DAG requires the kubernetes provider. Please install it with: pip install apache-airflow[cncf.kubernetes]
[2024-02-20T18:54:04.556+0000] {processor.py:842} WARNING - No viable dags retrieved from /home/ubuntu/reddit_venv/lib/python3.10/site-packages/airflow/example_dags/example_kubernetes_executor.py
[2024-02-20T18:54:04.566+0000] {processor.py:183} INFO - Processing /home/ubuntu/reddit_venv/lib/python3.10/site-packages/airflow/example_dags/example_kubernetes_executor.py took 0.019 seconds
[2024-02-20T18:55:03.262+0000] {processor.py:161} INFO - Started process (PID=2583) to work on /home/ubuntu/reddit_venv/lib/python3.10/site-packages/airflow/example_dags/example_kubernetes_executor.py
[2024-02-20T18:55:03.263+0000] {processor.py:830} INFO - Processing file /home/ubuntu/reddit_venv/lib/python3.10/site-packages/airflow/example_dags/example_kubernetes_executor.py for tasks to queue
[2024-02-20T18:55:03.264+0000] {logging_mixin.py:188} INFO - [2024-02-20T18:55:03.263+0000] {dagbag.py:538} INFO - Filling up the DagBag from /home/ubuntu/reddit_venv/lib/python3.10/site-packages/airflow/example_dags/example_kubernetes_executor.py
[2024-02-20T18:55:03.267+0000] {logging_mixin.py:188} INFO - [2024-02-20T18:55:03.267+0000] {example_kubernetes_executor.py:38} WARNING - The example_kubernetes_executor example DAG requires the kubernetes provider. Please install it with: pip install apache-airflow[cncf.kubernetes]
[2024-02-20T18:55:03.267+0000] {processor.py:842} WARNING - No viable dags retrieved from /home/ubuntu/reddit_venv/lib/python3.10/site-packages/airflow/example_dags/example_kubernetes_executor.py
[2024-02-20T18:55:03.277+0000] {processor.py:183} INFO - Processing /home/ubuntu/reddit_venv/lib/python3.10/site-packages/airflow/example_dags/example_kubernetes_executor.py took 0.019 seconds
[2024-02-20T18:55:59.971+0000] {processor.py:161} INFO - Started process (PID=2657) to work on /home/ubuntu/reddit_venv/lib/python3.10/site-packages/airflow/example_dags/example_kubernetes_executor.py
[2024-02-20T18:55:59.973+0000] {processor.py:830} INFO - Processing file /home/ubuntu/reddit_venv/lib/python3.10/site-packages/airflow/example_dags/example_kubernetes_executor.py for tasks to queue
[2024-02-20T18:55:59.974+0000] {logging_mixin.py:188} INFO - [2024-02-20T18:55:59.973+0000] {dagbag.py:538} INFO - Filling up the DagBag from /home/ubuntu/reddit_venv/lib/python3.10/site-packages/airflow/example_dags/example_kubernetes_executor.py
[2024-02-20T18:55:59.977+0000] {logging_mixin.py:188} INFO - [2024-02-20T18:55:59.976+0000] {example_kubernetes_executor.py:38} WARNING - The example_kubernetes_executor example DAG requires the kubernetes provider. Please install it with: pip install apache-airflow[cncf.kubernetes]
[2024-02-20T18:55:59.977+0000] {processor.py:842} WARNING - No viable dags retrieved from /home/ubuntu/reddit_venv/lib/python3.10/site-packages/airflow/example_dags/example_kubernetes_executor.py
[2024-02-20T18:55:59.987+0000] {processor.py:183} INFO - Processing /home/ubuntu/reddit_venv/lib/python3.10/site-packages/airflow/example_dags/example_kubernetes_executor.py took 0.019 seconds
[2024-02-20T18:57:01.255+0000] {processor.py:161} INFO - Started process (PID=2902) to work on /home/ubuntu/reddit_venv/lib/python3.10/site-packages/airflow/example_dags/example_kubernetes_executor.py
[2024-02-20T18:57:01.257+0000] {processor.py:830} INFO - Processing file /home/ubuntu/reddit_venv/lib/python3.10/site-packages/airflow/example_dags/example_kubernetes_executor.py for tasks to queue
[2024-02-20T18:57:01.258+0000] {logging_mixin.py:188} INFO - [2024-02-20T18:57:01.257+0000] {dagbag.py:538} INFO - Filling up the DagBag from /home/ubuntu/reddit_venv/lib/python3.10/site-packages/airflow/example_dags/example_kubernetes_executor.py
[2024-02-20T18:57:01.261+0000] {logging_mixin.py:188} INFO - [2024-02-20T18:57:01.261+0000] {example_kubernetes_executor.py:38} WARNING - The example_kubernetes_executor example DAG requires the kubernetes provider. Please install it with: pip install apache-airflow[cncf.kubernetes]
[2024-02-20T18:57:01.261+0000] {processor.py:842} WARNING - No viable dags retrieved from /home/ubuntu/reddit_venv/lib/python3.10/site-packages/airflow/example_dags/example_kubernetes_executor.py
[2024-02-20T18:57:01.271+0000] {processor.py:183} INFO - Processing /home/ubuntu/reddit_venv/lib/python3.10/site-packages/airflow/example_dags/example_kubernetes_executor.py took 0.020 seconds
[2024-02-20T18:57:55.506+0000] {processor.py:161} INFO - Started process (PID=3337) to work on /home/ubuntu/reddit_venv/lib/python3.10/site-packages/airflow/example_dags/example_kubernetes_executor.py
[2024-02-20T18:57:55.508+0000] {processor.py:830} INFO - Processing file /home/ubuntu/reddit_venv/lib/python3.10/site-packages/airflow/example_dags/example_kubernetes_executor.py for tasks to queue
[2024-02-20T18:57:55.509+0000] {logging_mixin.py:188} INFO - [2024-02-20T18:57:55.508+0000] {dagbag.py:538} INFO - Filling up the DagBag from /home/ubuntu/reddit_venv/lib/python3.10/site-packages/airflow/example_dags/example_kubernetes_executor.py
[2024-02-20T18:57:55.512+0000] {logging_mixin.py:188} INFO - [2024-02-20T18:57:55.512+0000] {example_kubernetes_executor.py:38} WARNING - The example_kubernetes_executor example DAG requires the kubernetes provider. Please install it with: pip install apache-airflow[cncf.kubernetes]
[2024-02-20T18:57:55.512+0000] {processor.py:842} WARNING - No viable dags retrieved from /home/ubuntu/reddit_venv/lib/python3.10/site-packages/airflow/example_dags/example_kubernetes_executor.py
[2024-02-20T18:57:55.522+0000] {processor.py:183} INFO - Processing /home/ubuntu/reddit_venv/lib/python3.10/site-packages/airflow/example_dags/example_kubernetes_executor.py took 0.019 seconds
[2024-02-20T18:58:44.949+0000] {processor.py:161} INFO - Started process (PID=3451) to work on /home/ubuntu/reddit_venv/lib/python3.10/site-packages/airflow/example_dags/example_kubernetes_executor.py
[2024-02-20T18:58:44.951+0000] {processor.py:830} INFO - Processing file /home/ubuntu/reddit_venv/lib/python3.10/site-packages/airflow/example_dags/example_kubernetes_executor.py for tasks to queue
[2024-02-20T18:58:44.952+0000] {logging_mixin.py:188} INFO - [2024-02-20T18:58:44.951+0000] {dagbag.py:538} INFO - Filling up the DagBag from /home/ubuntu/reddit_venv/lib/python3.10/site-packages/airflow/example_dags/example_kubernetes_executor.py
[2024-02-20T18:58:44.955+0000] {logging_mixin.py:188} INFO - [2024-02-20T18:58:44.955+0000] {example_kubernetes_executor.py:38} WARNING - The example_kubernetes_executor example DAG requires the kubernetes provider. Please install it with: pip install apache-airflow[cncf.kubernetes]
[2024-02-20T18:58:44.955+0000] {processor.py:842} WARNING - No viable dags retrieved from /home/ubuntu/reddit_venv/lib/python3.10/site-packages/airflow/example_dags/example_kubernetes_executor.py
[2024-02-20T18:58:44.965+0000] {processor.py:183} INFO - Processing /home/ubuntu/reddit_venv/lib/python3.10/site-packages/airflow/example_dags/example_kubernetes_executor.py took 0.019 seconds
[2024-02-20T18:59:38.267+0000] {processor.py:161} INFO - Started process (PID=3577) to work on /home/ubuntu/reddit_venv/lib/python3.10/site-packages/airflow/example_dags/example_kubernetes_executor.py
[2024-02-20T18:59:38.268+0000] {processor.py:830} INFO - Processing file /home/ubuntu/reddit_venv/lib/python3.10/site-packages/airflow/example_dags/example_kubernetes_executor.py for tasks to queue
[2024-02-20T18:59:38.269+0000] {logging_mixin.py:188} INFO - [2024-02-20T18:59:38.269+0000] {dagbag.py:538} INFO - Filling up the DagBag from /home/ubuntu/reddit_venv/lib/python3.10/site-packages/airflow/example_dags/example_kubernetes_executor.py
[2024-02-20T18:59:38.272+0000] {logging_mixin.py:188} INFO - [2024-02-20T18:59:38.272+0000] {example_kubernetes_executor.py:38} WARNING - The example_kubernetes_executor example DAG requires the kubernetes provider. Please install it with: pip install apache-airflow[cncf.kubernetes]
[2024-02-20T18:59:38.273+0000] {processor.py:842} WARNING - No viable dags retrieved from /home/ubuntu/reddit_venv/lib/python3.10/site-packages/airflow/example_dags/example_kubernetes_executor.py
[2024-02-20T18:59:38.283+0000] {processor.py:183} INFO - Processing /home/ubuntu/reddit_venv/lib/python3.10/site-packages/airflow/example_dags/example_kubernetes_executor.py took 0.019 seconds
[2024-02-20T19:00:56.081+0000] {processor.py:161} INFO - Started process (PID=4155) to work on /home/ubuntu/reddit_venv/lib/python3.10/site-packages/airflow/example_dags/example_kubernetes_executor.py
[2024-02-20T19:00:56.083+0000] {processor.py:830} INFO - Processing file /home/ubuntu/reddit_venv/lib/python3.10/site-packages/airflow/example_dags/example_kubernetes_executor.py for tasks to queue
[2024-02-20T19:00:56.084+0000] {logging_mixin.py:188} INFO - [2024-02-20T19:00:56.084+0000] {dagbag.py:538} INFO - Filling up the DagBag from /home/ubuntu/reddit_venv/lib/python3.10/site-packages/airflow/example_dags/example_kubernetes_executor.py
[2024-02-20T19:00:56.087+0000] {logging_mixin.py:188} INFO - [2024-02-20T19:00:56.087+0000] {example_kubernetes_executor.py:38} WARNING - The example_kubernetes_executor example DAG requires the kubernetes provider. Please install it with: pip install apache-airflow[cncf.kubernetes]
[2024-02-20T19:00:56.088+0000] {processor.py:842} WARNING - No viable dags retrieved from /home/ubuntu/reddit_venv/lib/python3.10/site-packages/airflow/example_dags/example_kubernetes_executor.py
[2024-02-20T19:00:56.098+0000] {processor.py:183} INFO - Processing /home/ubuntu/reddit_venv/lib/python3.10/site-packages/airflow/example_dags/example_kubernetes_executor.py took 0.020 seconds
[2024-02-20T19:01:45.213+0000] {processor.py:161} INFO - Started process (PID=4332) to work on /home/ubuntu/reddit_venv/lib/python3.10/site-packages/airflow/example_dags/example_kubernetes_executor.py
[2024-02-20T19:01:45.214+0000] {processor.py:830} INFO - Processing file /home/ubuntu/reddit_venv/lib/python3.10/site-packages/airflow/example_dags/example_kubernetes_executor.py for tasks to queue
[2024-02-20T19:01:45.215+0000] {logging_mixin.py:188} INFO - [2024-02-20T19:01:45.215+0000] {dagbag.py:538} INFO - Filling up the DagBag from /home/ubuntu/reddit_venv/lib/python3.10/site-packages/airflow/example_dags/example_kubernetes_executor.py
[2024-02-20T19:01:45.218+0000] {logging_mixin.py:188} INFO - [2024-02-20T19:01:45.218+0000] {example_kubernetes_executor.py:38} WARNING - The example_kubernetes_executor example DAG requires the kubernetes provider. Please install it with: pip install apache-airflow[cncf.kubernetes]
[2024-02-20T19:01:45.219+0000] {processor.py:842} WARNING - No viable dags retrieved from /home/ubuntu/reddit_venv/lib/python3.10/site-packages/airflow/example_dags/example_kubernetes_executor.py
[2024-02-20T19:01:45.229+0000] {processor.py:183} INFO - Processing /home/ubuntu/reddit_venv/lib/python3.10/site-packages/airflow/example_dags/example_kubernetes_executor.py took 0.019 seconds
[2024-02-20T19:02:42.282+0000] {processor.py:161} INFO - Started process (PID=4458) to work on /home/ubuntu/reddit_venv/lib/python3.10/site-packages/airflow/example_dags/example_kubernetes_executor.py
[2024-02-20T19:02:42.284+0000] {processor.py:830} INFO - Processing file /home/ubuntu/reddit_venv/lib/python3.10/site-packages/airflow/example_dags/example_kubernetes_executor.py for tasks to queue
[2024-02-20T19:02:42.285+0000] {logging_mixin.py:188} INFO - [2024-02-20T19:02:42.284+0000] {dagbag.py:538} INFO - Filling up the DagBag from /home/ubuntu/reddit_venv/lib/python3.10/site-packages/airflow/example_dags/example_kubernetes_executor.py
[2024-02-20T19:02:42.288+0000] {logging_mixin.py:188} INFO - [2024-02-20T19:02:42.288+0000] {example_kubernetes_executor.py:38} WARNING - The example_kubernetes_executor example DAG requires the kubernetes provider. Please install it with: pip install apache-airflow[cncf.kubernetes]
[2024-02-20T19:02:42.288+0000] {processor.py:842} WARNING - No viable dags retrieved from /home/ubuntu/reddit_venv/lib/python3.10/site-packages/airflow/example_dags/example_kubernetes_executor.py
[2024-02-20T19:02:42.298+0000] {processor.py:183} INFO - Processing /home/ubuntu/reddit_venv/lib/python3.10/site-packages/airflow/example_dags/example_kubernetes_executor.py took 0.019 seconds
[2024-02-20T19:03:36.544+0000] {processor.py:161} INFO - Started process (PID=4584) to work on /home/ubuntu/reddit_venv/lib/python3.10/site-packages/airflow/example_dags/example_kubernetes_executor.py
[2024-02-20T19:03:36.546+0000] {processor.py:830} INFO - Processing file /home/ubuntu/reddit_venv/lib/python3.10/site-packages/airflow/example_dags/example_kubernetes_executor.py for tasks to queue
[2024-02-20T19:03:36.547+0000] {logging_mixin.py:188} INFO - [2024-02-20T19:03:36.547+0000] {dagbag.py:538} INFO - Filling up the DagBag from /home/ubuntu/reddit_venv/lib/python3.10/site-packages/airflow/example_dags/example_kubernetes_executor.py
[2024-02-20T19:03:36.550+0000] {logging_mixin.py:188} INFO - [2024-02-20T19:03:36.550+0000] {example_kubernetes_executor.py:38} WARNING - The example_kubernetes_executor example DAG requires the kubernetes provider. Please install it with: pip install apache-airflow[cncf.kubernetes]
[2024-02-20T19:03:36.550+0000] {processor.py:842} WARNING - No viable dags retrieved from /home/ubuntu/reddit_venv/lib/python3.10/site-packages/airflow/example_dags/example_kubernetes_executor.py
[2024-02-20T19:03:36.560+0000] {processor.py:183} INFO - Processing /home/ubuntu/reddit_venv/lib/python3.10/site-packages/airflow/example_dags/example_kubernetes_executor.py took 0.019 seconds
[2024-02-20T19:04:36.010+0000] {processor.py:161} INFO - Started process (PID=4715) to work on /home/ubuntu/reddit_venv/lib/python3.10/site-packages/airflow/example_dags/example_kubernetes_executor.py
[2024-02-20T19:04:36.012+0000] {processor.py:830} INFO - Processing file /home/ubuntu/reddit_venv/lib/python3.10/site-packages/airflow/example_dags/example_kubernetes_executor.py for tasks to queue
[2024-02-20T19:04:36.013+0000] {logging_mixin.py:188} INFO - [2024-02-20T19:04:36.012+0000] {dagbag.py:538} INFO - Filling up the DagBag from /home/ubuntu/reddit_venv/lib/python3.10/site-packages/airflow/example_dags/example_kubernetes_executor.py
[2024-02-20T19:04:36.016+0000] {logging_mixin.py:188} INFO - [2024-02-20T19:04:36.016+0000] {example_kubernetes_executor.py:38} WARNING - The example_kubernetes_executor example DAG requires the kubernetes provider. Please install it with: pip install apache-airflow[cncf.kubernetes]
[2024-02-20T19:04:36.016+0000] {processor.py:842} WARNING - No viable dags retrieved from /home/ubuntu/reddit_venv/lib/python3.10/site-packages/airflow/example_dags/example_kubernetes_executor.py
[2024-02-20T19:04:36.026+0000] {processor.py:183} INFO - Processing /home/ubuntu/reddit_venv/lib/python3.10/site-packages/airflow/example_dags/example_kubernetes_executor.py took 0.019 seconds
[2024-02-20T19:05:32.003+0000] {processor.py:161} INFO - Started process (PID=4898) to work on /home/ubuntu/reddit_venv/lib/python3.10/site-packages/airflow/example_dags/example_kubernetes_executor.py
[2024-02-20T19:05:32.004+0000] {processor.py:830} INFO - Processing file /home/ubuntu/reddit_venv/lib/python3.10/site-packages/airflow/example_dags/example_kubernetes_executor.py for tasks to queue
[2024-02-20T19:05:32.005+0000] {logging_mixin.py:188} INFO - [2024-02-20T19:05:32.005+0000] {dagbag.py:538} INFO - Filling up the DagBag from /home/ubuntu/reddit_venv/lib/python3.10/site-packages/airflow/example_dags/example_kubernetes_executor.py
[2024-02-20T19:05:32.009+0000] {logging_mixin.py:188} INFO - [2024-02-20T19:05:32.008+0000] {example_kubernetes_executor.py:38} WARNING - The example_kubernetes_executor example DAG requires the kubernetes provider. Please install it with: pip install apache-airflow[cncf.kubernetes]
[2024-02-20T19:05:32.009+0000] {processor.py:842} WARNING - No viable dags retrieved from /home/ubuntu/reddit_venv/lib/python3.10/site-packages/airflow/example_dags/example_kubernetes_executor.py
[2024-02-20T19:05:32.019+0000] {processor.py:183} INFO - Processing /home/ubuntu/reddit_venv/lib/python3.10/site-packages/airflow/example_dags/example_kubernetes_executor.py took 0.019 seconds
[2024-02-20T19:06:26.597+0000] {processor.py:161} INFO - Started process (PID=5203) to work on /home/ubuntu/reddit_venv/lib/python3.10/site-packages/airflow/example_dags/example_kubernetes_executor.py
[2024-02-20T19:06:26.599+0000] {processor.py:830} INFO - Processing file /home/ubuntu/reddit_venv/lib/python3.10/site-packages/airflow/example_dags/example_kubernetes_executor.py for tasks to queue
[2024-02-20T19:06:26.600+0000] {logging_mixin.py:188} INFO - [2024-02-20T19:06:26.599+0000] {dagbag.py:538} INFO - Filling up the DagBag from /home/ubuntu/reddit_venv/lib/python3.10/site-packages/airflow/example_dags/example_kubernetes_executor.py
[2024-02-20T19:06:26.603+0000] {logging_mixin.py:188} INFO - [2024-02-20T19:06:26.603+0000] {example_kubernetes_executor.py:38} WARNING - The example_kubernetes_executor example DAG requires the kubernetes provider. Please install it with: pip install apache-airflow[cncf.kubernetes]
[2024-02-20T19:06:26.603+0000] {processor.py:842} WARNING - No viable dags retrieved from /home/ubuntu/reddit_venv/lib/python3.10/site-packages/airflow/example_dags/example_kubernetes_executor.py
[2024-02-20T19:06:26.613+0000] {processor.py:183} INFO - Processing /home/ubuntu/reddit_venv/lib/python3.10/site-packages/airflow/example_dags/example_kubernetes_executor.py took 0.019 seconds
[2024-02-20T19:07:23.674+0000] {processor.py:161} INFO - Started process (PID=5329) to work on /home/ubuntu/reddit_venv/lib/python3.10/site-packages/airflow/example_dags/example_kubernetes_executor.py
[2024-02-20T19:07:23.675+0000] {processor.py:830} INFO - Processing file /home/ubuntu/reddit_venv/lib/python3.10/site-packages/airflow/example_dags/example_kubernetes_executor.py for tasks to queue
[2024-02-20T19:07:23.676+0000] {logging_mixin.py:188} INFO - [2024-02-20T19:07:23.675+0000] {dagbag.py:538} INFO - Filling up the DagBag from /home/ubuntu/reddit_venv/lib/python3.10/site-packages/airflow/example_dags/example_kubernetes_executor.py
[2024-02-20T19:07:23.679+0000] {logging_mixin.py:188} INFO - [2024-02-20T19:07:23.679+0000] {example_kubernetes_executor.py:38} WARNING - The example_kubernetes_executor example DAG requires the kubernetes provider. Please install it with: pip install apache-airflow[cncf.kubernetes]
[2024-02-20T19:07:23.679+0000] {processor.py:842} WARNING - No viable dags retrieved from /home/ubuntu/reddit_venv/lib/python3.10/site-packages/airflow/example_dags/example_kubernetes_executor.py
[2024-02-20T19:07:23.689+0000] {processor.py:183} INFO - Processing /home/ubuntu/reddit_venv/lib/python3.10/site-packages/airflow/example_dags/example_kubernetes_executor.py took 0.019 seconds
[2024-02-20T19:08:41.114+0000] {processor.py:161} INFO - Started process (PID=5911) to work on /home/ubuntu/reddit_venv/lib/python3.10/site-packages/airflow/example_dags/example_kubernetes_executor.py
[2024-02-20T19:08:41.116+0000] {processor.py:830} INFO - Processing file /home/ubuntu/reddit_venv/lib/python3.10/site-packages/airflow/example_dags/example_kubernetes_executor.py for tasks to queue
[2024-02-20T19:08:41.117+0000] {logging_mixin.py:188} INFO - [2024-02-20T19:08:41.116+0000] {dagbag.py:538} INFO - Filling up the DagBag from /home/ubuntu/reddit_venv/lib/python3.10/site-packages/airflow/example_dags/example_kubernetes_executor.py
[2024-02-20T19:08:41.120+0000] {logging_mixin.py:188} INFO - [2024-02-20T19:08:41.120+0000] {example_kubernetes_executor.py:38} WARNING - The example_kubernetes_executor example DAG requires the kubernetes provider. Please install it with: pip install apache-airflow[cncf.kubernetes]
[2024-02-20T19:08:41.120+0000] {processor.py:842} WARNING - No viable dags retrieved from /home/ubuntu/reddit_venv/lib/python3.10/site-packages/airflow/example_dags/example_kubernetes_executor.py
[2024-02-20T19:08:41.130+0000] {processor.py:183} INFO - Processing /home/ubuntu/reddit_venv/lib/python3.10/site-packages/airflow/example_dags/example_kubernetes_executor.py took 0.020 seconds
[2024-02-20T19:09:30.519+0000] {processor.py:161} INFO - Started process (PID=6026) to work on /home/ubuntu/reddit_venv/lib/python3.10/site-packages/airflow/example_dags/example_kubernetes_executor.py
[2024-02-20T19:09:30.520+0000] {processor.py:830} INFO - Processing file /home/ubuntu/reddit_venv/lib/python3.10/site-packages/airflow/example_dags/example_kubernetes_executor.py for tasks to queue
[2024-02-20T19:09:30.521+0000] {logging_mixin.py:188} INFO - [2024-02-20T19:09:30.521+0000] {dagbag.py:538} INFO - Filling up the DagBag from /home/ubuntu/reddit_venv/lib/python3.10/site-packages/airflow/example_dags/example_kubernetes_executor.py
[2024-02-20T19:09:30.524+0000] {logging_mixin.py:188} INFO - [2024-02-20T19:09:30.524+0000] {example_kubernetes_executor.py:38} WARNING - The example_kubernetes_executor example DAG requires the kubernetes provider. Please install it with: pip install apache-airflow[cncf.kubernetes]
[2024-02-20T19:09:30.525+0000] {processor.py:842} WARNING - No viable dags retrieved from /home/ubuntu/reddit_venv/lib/python3.10/site-packages/airflow/example_dags/example_kubernetes_executor.py
[2024-02-20T19:09:30.535+0000] {processor.py:183} INFO - Processing /home/ubuntu/reddit_venv/lib/python3.10/site-packages/airflow/example_dags/example_kubernetes_executor.py took 0.019 seconds
[2024-02-20T19:10:29.048+0000] {processor.py:161} INFO - Started process (PID=6154) to work on /home/ubuntu/reddit_venv/lib/python3.10/site-packages/airflow/example_dags/example_kubernetes_executor.py
[2024-02-20T19:10:29.049+0000] {processor.py:830} INFO - Processing file /home/ubuntu/reddit_venv/lib/python3.10/site-packages/airflow/example_dags/example_kubernetes_executor.py for tasks to queue
[2024-02-20T19:10:29.050+0000] {logging_mixin.py:188} INFO - [2024-02-20T19:10:29.050+0000] {dagbag.py:538} INFO - Filling up the DagBag from /home/ubuntu/reddit_venv/lib/python3.10/site-packages/airflow/example_dags/example_kubernetes_executor.py
[2024-02-20T19:10:29.053+0000] {logging_mixin.py:188} INFO - [2024-02-20T19:10:29.053+0000] {example_kubernetes_executor.py:38} WARNING - The example_kubernetes_executor example DAG requires the kubernetes provider. Please install it with: pip install apache-airflow[cncf.kubernetes]
[2024-02-20T19:10:29.053+0000] {processor.py:842} WARNING - No viable dags retrieved from /home/ubuntu/reddit_venv/lib/python3.10/site-packages/airflow/example_dags/example_kubernetes_executor.py
[2024-02-20T19:10:29.063+0000] {processor.py:183} INFO - Processing /home/ubuntu/reddit_venv/lib/python3.10/site-packages/airflow/example_dags/example_kubernetes_executor.py took 0.019 seconds
[2024-02-20T19:11:22.366+0000] {processor.py:161} INFO - Started process (PID=6337) to work on /home/ubuntu/reddit_venv/lib/python3.10/site-packages/airflow/example_dags/example_kubernetes_executor.py
[2024-02-20T19:11:22.368+0000] {processor.py:830} INFO - Processing file /home/ubuntu/reddit_venv/lib/python3.10/site-packages/airflow/example_dags/example_kubernetes_executor.py for tasks to queue
[2024-02-20T19:11:22.369+0000] {logging_mixin.py:188} INFO - [2024-02-20T19:11:22.368+0000] {dagbag.py:538} INFO - Filling up the DagBag from /home/ubuntu/reddit_venv/lib/python3.10/site-packages/airflow/example_dags/example_kubernetes_executor.py
[2024-02-20T19:11:22.372+0000] {logging_mixin.py:188} INFO - [2024-02-20T19:11:22.372+0000] {example_kubernetes_executor.py:38} WARNING - The example_kubernetes_executor example DAG requires the kubernetes provider. Please install it with: pip install apache-airflow[cncf.kubernetes]
[2024-02-20T19:11:22.372+0000] {processor.py:842} WARNING - No viable dags retrieved from /home/ubuntu/reddit_venv/lib/python3.10/site-packages/airflow/example_dags/example_kubernetes_executor.py
[2024-02-20T19:11:22.382+0000] {processor.py:183} INFO - Processing /home/ubuntu/reddit_venv/lib/python3.10/site-packages/airflow/example_dags/example_kubernetes_executor.py took 0.019 seconds
[2024-02-20T19:12:21.932+0000] {processor.py:161} INFO - Started process (PID=6466) to work on /home/ubuntu/reddit_venv/lib/python3.10/site-packages/airflow/example_dags/example_kubernetes_executor.py
[2024-02-20T19:12:21.934+0000] {processor.py:830} INFO - Processing file /home/ubuntu/reddit_venv/lib/python3.10/site-packages/airflow/example_dags/example_kubernetes_executor.py for tasks to queue
[2024-02-20T19:12:21.935+0000] {logging_mixin.py:188} INFO - [2024-02-20T19:12:21.934+0000] {dagbag.py:538} INFO - Filling up the DagBag from /home/ubuntu/reddit_venv/lib/python3.10/site-packages/airflow/example_dags/example_kubernetes_executor.py
[2024-02-20T19:12:21.938+0000] {logging_mixin.py:188} INFO - [2024-02-20T19:12:21.938+0000] {example_kubernetes_executor.py:38} WARNING - The example_kubernetes_executor example DAG requires the kubernetes provider. Please install it with: pip install apache-airflow[cncf.kubernetes]
[2024-02-20T19:12:21.938+0000] {processor.py:842} WARNING - No viable dags retrieved from /home/ubuntu/reddit_venv/lib/python3.10/site-packages/airflow/example_dags/example_kubernetes_executor.py
[2024-02-20T19:12:21.948+0000] {processor.py:183} INFO - Processing /home/ubuntu/reddit_venv/lib/python3.10/site-packages/airflow/example_dags/example_kubernetes_executor.py took 0.019 seconds
[2024-02-20T19:13:18.754+0000] {processor.py:161} INFO - Started process (PID=6590) to work on /home/ubuntu/reddit_venv/lib/python3.10/site-packages/airflow/example_dags/example_kubernetes_executor.py
[2024-02-20T19:13:18.755+0000] {processor.py:830} INFO - Processing file /home/ubuntu/reddit_venv/lib/python3.10/site-packages/airflow/example_dags/example_kubernetes_executor.py for tasks to queue
[2024-02-20T19:13:18.756+0000] {logging_mixin.py:188} INFO - [2024-02-20T19:13:18.756+0000] {dagbag.py:538} INFO - Filling up the DagBag from /home/ubuntu/reddit_venv/lib/python3.10/site-packages/airflow/example_dags/example_kubernetes_executor.py
[2024-02-20T19:13:18.759+0000] {logging_mixin.py:188} INFO - [2024-02-20T19:13:18.759+0000] {example_kubernetes_executor.py:38} WARNING - The example_kubernetes_executor example DAG requires the kubernetes provider. Please install it with: pip install apache-airflow[cncf.kubernetes]
[2024-02-20T19:13:18.760+0000] {processor.py:842} WARNING - No viable dags retrieved from /home/ubuntu/reddit_venv/lib/python3.10/site-packages/airflow/example_dags/example_kubernetes_executor.py
[2024-02-20T19:13:18.770+0000] {processor.py:183} INFO - Processing /home/ubuntu/reddit_venv/lib/python3.10/site-packages/airflow/example_dags/example_kubernetes_executor.py took 0.019 seconds
[2024-02-20T19:14:03.130+0000] {processor.py:161} INFO - Started process (PID=6701) to work on /home/ubuntu/reddit_venv/lib/python3.10/site-packages/airflow/example_dags/example_kubernetes_executor.py
[2024-02-20T19:14:03.132+0000] {processor.py:830} INFO - Processing file /home/ubuntu/reddit_venv/lib/python3.10/site-packages/airflow/example_dags/example_kubernetes_executor.py for tasks to queue
[2024-02-20T19:14:03.132+0000] {logging_mixin.py:188} INFO - [2024-02-20T19:14:03.132+0000] {dagbag.py:538} INFO - Filling up the DagBag from /home/ubuntu/reddit_venv/lib/python3.10/site-packages/airflow/example_dags/example_kubernetes_executor.py
[2024-02-20T19:14:03.136+0000] {logging_mixin.py:188} INFO - [2024-02-20T19:14:03.136+0000] {example_kubernetes_executor.py:38} WARNING - The example_kubernetes_executor example DAG requires the kubernetes provider. Please install it with: pip install apache-airflow[cncf.kubernetes]
[2024-02-20T19:14:03.136+0000] {processor.py:842} WARNING - No viable dags retrieved from /home/ubuntu/reddit_venv/lib/python3.10/site-packages/airflow/example_dags/example_kubernetes_executor.py
[2024-02-20T19:14:03.146+0000] {processor.py:183} INFO - Processing /home/ubuntu/reddit_venv/lib/python3.10/site-packages/airflow/example_dags/example_kubernetes_executor.py took 0.020 seconds
[2024-02-20T19:14:55.364+0000] {processor.py:161} INFO - Started process (PID=6764) to work on /home/ubuntu/reddit_venv/lib/python3.10/site-packages/airflow/example_dags/example_kubernetes_executor.py
[2024-02-20T19:14:55.365+0000] {processor.py:830} INFO - Processing file /home/ubuntu/reddit_venv/lib/python3.10/site-packages/airflow/example_dags/example_kubernetes_executor.py for tasks to queue
[2024-02-20T19:14:55.366+0000] {logging_mixin.py:188} INFO - [2024-02-20T19:14:55.366+0000] {dagbag.py:538} INFO - Filling up the DagBag from /home/ubuntu/reddit_venv/lib/python3.10/site-packages/airflow/example_dags/example_kubernetes_executor.py
[2024-02-20T19:14:55.369+0000] {logging_mixin.py:188} INFO - [2024-02-20T19:14:55.369+0000] {example_kubernetes_executor.py:38} WARNING - The example_kubernetes_executor example DAG requires the kubernetes provider. Please install it with: pip install apache-airflow[cncf.kubernetes]
[2024-02-20T19:14:55.370+0000] {processor.py:842} WARNING - No viable dags retrieved from /home/ubuntu/reddit_venv/lib/python3.10/site-packages/airflow/example_dags/example_kubernetes_executor.py
[2024-02-20T19:14:55.380+0000] {processor.py:183} INFO - Processing /home/ubuntu/reddit_venv/lib/python3.10/site-packages/airflow/example_dags/example_kubernetes_executor.py took 0.020 seconds
[2024-02-20T19:15:57.257+0000] {processor.py:161} INFO - Started process (PID=7329) to work on /home/ubuntu/reddit_venv/lib/python3.10/site-packages/airflow/example_dags/example_kubernetes_executor.py
[2024-02-20T19:15:57.258+0000] {processor.py:830} INFO - Processing file /home/ubuntu/reddit_venv/lib/python3.10/site-packages/airflow/example_dags/example_kubernetes_executor.py for tasks to queue
[2024-02-20T19:15:57.259+0000] {logging_mixin.py:188} INFO - [2024-02-20T19:15:57.259+0000] {dagbag.py:538} INFO - Filling up the DagBag from /home/ubuntu/reddit_venv/lib/python3.10/site-packages/airflow/example_dags/example_kubernetes_executor.py
[2024-02-20T19:15:57.263+0000] {logging_mixin.py:188} INFO - [2024-02-20T19:15:57.262+0000] {example_kubernetes_executor.py:38} WARNING - The example_kubernetes_executor example DAG requires the kubernetes provider. Please install it with: pip install apache-airflow[cncf.kubernetes]
[2024-02-20T19:15:57.263+0000] {processor.py:842} WARNING - No viable dags retrieved from /home/ubuntu/reddit_venv/lib/python3.10/site-packages/airflow/example_dags/example_kubernetes_executor.py
[2024-02-20T19:15:57.273+0000] {processor.py:183} INFO - Processing /home/ubuntu/reddit_venv/lib/python3.10/site-packages/airflow/example_dags/example_kubernetes_executor.py took 0.019 seconds
[2024-02-20T19:16:47.633+0000] {processor.py:161} INFO - Started process (PID=7504) to work on /home/ubuntu/reddit_venv/lib/python3.10/site-packages/airflow/example_dags/example_kubernetes_executor.py
[2024-02-20T19:16:47.635+0000] {processor.py:830} INFO - Processing file /home/ubuntu/reddit_venv/lib/python3.10/site-packages/airflow/example_dags/example_kubernetes_executor.py for tasks to queue
[2024-02-20T19:16:47.636+0000] {logging_mixin.py:188} INFO - [2024-02-20T19:16:47.635+0000] {dagbag.py:538} INFO - Filling up the DagBag from /home/ubuntu/reddit_venv/lib/python3.10/site-packages/airflow/example_dags/example_kubernetes_executor.py
[2024-02-20T19:16:47.639+0000] {logging_mixin.py:188} INFO - [2024-02-20T19:16:47.639+0000] {example_kubernetes_executor.py:38} WARNING - The example_kubernetes_executor example DAG requires the kubernetes provider. Please install it with: pip install apache-airflow[cncf.kubernetes]
[2024-02-20T19:16:47.639+0000] {processor.py:842} WARNING - No viable dags retrieved from /home/ubuntu/reddit_venv/lib/python3.10/site-packages/airflow/example_dags/example_kubernetes_executor.py
[2024-02-20T19:16:47.649+0000] {processor.py:183} INFO - Processing /home/ubuntu/reddit_venv/lib/python3.10/site-packages/airflow/example_dags/example_kubernetes_executor.py took 0.019 seconds
[2024-02-20T19:17:44.993+0000] {processor.py:161} INFO - Started process (PID=7634) to work on /home/ubuntu/reddit_venv/lib/python3.10/site-packages/airflow/example_dags/example_kubernetes_executor.py
[2024-02-20T19:17:44.995+0000] {processor.py:830} INFO - Processing file /home/ubuntu/reddit_venv/lib/python3.10/site-packages/airflow/example_dags/example_kubernetes_executor.py for tasks to queue
[2024-02-20T19:17:44.996+0000] {logging_mixin.py:188} INFO - [2024-02-20T19:17:44.996+0000] {dagbag.py:538} INFO - Filling up the DagBag from /home/ubuntu/reddit_venv/lib/python3.10/site-packages/airflow/example_dags/example_kubernetes_executor.py
[2024-02-20T19:17:44.999+0000] {logging_mixin.py:188} INFO - [2024-02-20T19:17:44.999+0000] {example_kubernetes_executor.py:38} WARNING - The example_kubernetes_executor example DAG requires the kubernetes provider. Please install it with: pip install apache-airflow[cncf.kubernetes]
[2024-02-20T19:17:45.000+0000] {processor.py:842} WARNING - No viable dags retrieved from /home/ubuntu/reddit_venv/lib/python3.10/site-packages/airflow/example_dags/example_kubernetes_executor.py
[2024-02-20T19:17:45.010+0000] {processor.py:183} INFO - Processing /home/ubuntu/reddit_venv/lib/python3.10/site-packages/airflow/example_dags/example_kubernetes_executor.py took 0.020 seconds
[2024-02-20T19:18:41.827+0000] {processor.py:161} INFO - Started process (PID=7757) to work on /home/ubuntu/reddit_venv/lib/python3.10/site-packages/airflow/example_dags/example_kubernetes_executor.py
[2024-02-20T19:18:41.829+0000] {processor.py:830} INFO - Processing file /home/ubuntu/reddit_venv/lib/python3.10/site-packages/airflow/example_dags/example_kubernetes_executor.py for tasks to queue
[2024-02-20T19:18:41.830+0000] {logging_mixin.py:188} INFO - [2024-02-20T19:18:41.829+0000] {dagbag.py:538} INFO - Filling up the DagBag from /home/ubuntu/reddit_venv/lib/python3.10/site-packages/airflow/example_dags/example_kubernetes_executor.py
[2024-02-20T19:18:41.833+0000] {logging_mixin.py:188} INFO - [2024-02-20T19:18:41.833+0000] {example_kubernetes_executor.py:38} WARNING - The example_kubernetes_executor example DAG requires the kubernetes provider. Please install it with: pip install apache-airflow[cncf.kubernetes]
[2024-02-20T19:18:41.833+0000] {processor.py:842} WARNING - No viable dags retrieved from /home/ubuntu/reddit_venv/lib/python3.10/site-packages/airflow/example_dags/example_kubernetes_executor.py
[2024-02-20T19:18:41.843+0000] {processor.py:183} INFO - Processing /home/ubuntu/reddit_venv/lib/python3.10/site-packages/airflow/example_dags/example_kubernetes_executor.py took 0.019 seconds
[2024-02-20T19:19:41.142+0000] {processor.py:161} INFO - Started process (PID=7889) to work on /home/ubuntu/reddit_venv/lib/python3.10/site-packages/airflow/example_dags/example_kubernetes_executor.py
[2024-02-20T19:19:41.144+0000] {processor.py:830} INFO - Processing file /home/ubuntu/reddit_venv/lib/python3.10/site-packages/airflow/example_dags/example_kubernetes_executor.py for tasks to queue
[2024-02-20T19:19:41.145+0000] {logging_mixin.py:188} INFO - [2024-02-20T19:19:41.144+0000] {dagbag.py:538} INFO - Filling up the DagBag from /home/ubuntu/reddit_venv/lib/python3.10/site-packages/airflow/example_dags/example_kubernetes_executor.py
[2024-02-20T19:19:41.148+0000] {logging_mixin.py:188} INFO - [2024-02-20T19:19:41.148+0000] {example_kubernetes_executor.py:38} WARNING - The example_kubernetes_executor example DAG requires the kubernetes provider. Please install it with: pip install apache-airflow[cncf.kubernetes]
[2024-02-20T19:19:41.148+0000] {processor.py:842} WARNING - No viable dags retrieved from /home/ubuntu/reddit_venv/lib/python3.10/site-packages/airflow/example_dags/example_kubernetes_executor.py
[2024-02-20T19:19:41.158+0000] {processor.py:183} INFO - Processing /home/ubuntu/reddit_venv/lib/python3.10/site-packages/airflow/example_dags/example_kubernetes_executor.py took 0.020 seconds
[2024-02-20T19:20:38.152+0000] {processor.py:161} INFO - Started process (PID=8012) to work on /home/ubuntu/reddit_venv/lib/python3.10/site-packages/airflow/example_dags/example_kubernetes_executor.py
[2024-02-20T19:20:38.154+0000] {processor.py:830} INFO - Processing file /home/ubuntu/reddit_venv/lib/python3.10/site-packages/airflow/example_dags/example_kubernetes_executor.py for tasks to queue
[2024-02-20T19:20:38.154+0000] {logging_mixin.py:188} INFO - [2024-02-20T19:20:38.154+0000] {dagbag.py:538} INFO - Filling up the DagBag from /home/ubuntu/reddit_venv/lib/python3.10/site-packages/airflow/example_dags/example_kubernetes_executor.py
[2024-02-20T19:20:38.158+0000] {logging_mixin.py:188} INFO - [2024-02-20T19:20:38.157+0000] {example_kubernetes_executor.py:38} WARNING - The example_kubernetes_executor example DAG requires the kubernetes provider. Please install it with: pip install apache-airflow[cncf.kubernetes]
[2024-02-20T19:20:38.158+0000] {processor.py:842} WARNING - No viable dags retrieved from /home/ubuntu/reddit_venv/lib/python3.10/site-packages/airflow/example_dags/example_kubernetes_executor.py
[2024-02-20T19:20:38.168+0000] {processor.py:183} INFO - Processing /home/ubuntu/reddit_venv/lib/python3.10/site-packages/airflow/example_dags/example_kubernetes_executor.py took 0.019 seconds
[2024-02-20T19:21:33.853+0000] {processor.py:161} INFO - Started process (PID=8198) to work on /home/ubuntu/reddit_venv/lib/python3.10/site-packages/airflow/example_dags/example_kubernetes_executor.py
[2024-02-20T19:21:33.855+0000] {processor.py:830} INFO - Processing file /home/ubuntu/reddit_venv/lib/python3.10/site-packages/airflow/example_dags/example_kubernetes_executor.py for tasks to queue
[2024-02-20T19:21:33.855+0000] {logging_mixin.py:188} INFO - [2024-02-20T19:21:33.855+0000] {dagbag.py:538} INFO - Filling up the DagBag from /home/ubuntu/reddit_venv/lib/python3.10/site-packages/airflow/example_dags/example_kubernetes_executor.py
[2024-02-20T19:21:33.859+0000] {logging_mixin.py:188} INFO - [2024-02-20T19:21:33.858+0000] {example_kubernetes_executor.py:38} WARNING - The example_kubernetes_executor example DAG requires the kubernetes provider. Please install it with: pip install apache-airflow[cncf.kubernetes]
[2024-02-20T19:21:33.859+0000] {processor.py:842} WARNING - No viable dags retrieved from /home/ubuntu/reddit_venv/lib/python3.10/site-packages/airflow/example_dags/example_kubernetes_executor.py
[2024-02-20T19:21:33.869+0000] {processor.py:183} INFO - Processing /home/ubuntu/reddit_venv/lib/python3.10/site-packages/airflow/example_dags/example_kubernetes_executor.py took 0.019 seconds
[2024-02-20T19:22:33.556+0000] {processor.py:161} INFO - Started process (PID=8327) to work on /home/ubuntu/reddit_venv/lib/python3.10/site-packages/airflow/example_dags/example_kubernetes_executor.py
[2024-02-20T19:22:33.558+0000] {processor.py:830} INFO - Processing file /home/ubuntu/reddit_venv/lib/python3.10/site-packages/airflow/example_dags/example_kubernetes_executor.py for tasks to queue
[2024-02-20T19:22:33.558+0000] {logging_mixin.py:188} INFO - [2024-02-20T19:22:33.558+0000] {dagbag.py:538} INFO - Filling up the DagBag from /home/ubuntu/reddit_venv/lib/python3.10/site-packages/airflow/example_dags/example_kubernetes_executor.py
[2024-02-20T19:22:33.562+0000] {logging_mixin.py:188} INFO - [2024-02-20T19:22:33.561+0000] {example_kubernetes_executor.py:38} WARNING - The example_kubernetes_executor example DAG requires the kubernetes provider. Please install it with: pip install apache-airflow[cncf.kubernetes]
[2024-02-20T19:22:33.562+0000] {processor.py:842} WARNING - No viable dags retrieved from /home/ubuntu/reddit_venv/lib/python3.10/site-packages/airflow/example_dags/example_kubernetes_executor.py
[2024-02-20T19:22:33.571+0000] {processor.py:183} INFO - Processing /home/ubuntu/reddit_venv/lib/python3.10/site-packages/airflow/example_dags/example_kubernetes_executor.py took 0.019 seconds
[2024-02-20T19:23:26.693+0000] {processor.py:161} INFO - Started process (PID=8450) to work on /home/ubuntu/reddit_venv/lib/python3.10/site-packages/airflow/example_dags/example_kubernetes_executor.py
[2024-02-20T19:23:26.695+0000] {processor.py:830} INFO - Processing file /home/ubuntu/reddit_venv/lib/python3.10/site-packages/airflow/example_dags/example_kubernetes_executor.py for tasks to queue
[2024-02-20T19:23:26.696+0000] {logging_mixin.py:188} INFO - [2024-02-20T19:23:26.695+0000] {dagbag.py:538} INFO - Filling up the DagBag from /home/ubuntu/reddit_venv/lib/python3.10/site-packages/airflow/example_dags/example_kubernetes_executor.py
[2024-02-20T19:23:26.699+0000] {logging_mixin.py:188} INFO - [2024-02-20T19:23:26.699+0000] {example_kubernetes_executor.py:38} WARNING - The example_kubernetes_executor example DAG requires the kubernetes provider. Please install it with: pip install apache-airflow[cncf.kubernetes]
[2024-02-20T19:23:26.699+0000] {processor.py:842} WARNING - No viable dags retrieved from /home/ubuntu/reddit_venv/lib/python3.10/site-packages/airflow/example_dags/example_kubernetes_executor.py
[2024-02-20T19:23:26.709+0000] {processor.py:183} INFO - Processing /home/ubuntu/reddit_venv/lib/python3.10/site-packages/airflow/example_dags/example_kubernetes_executor.py took 0.019 seconds
[2024-02-20T19:24:24.468+0000] {processor.py:161} INFO - Started process (PID=8573) to work on /home/ubuntu/reddit_venv/lib/python3.10/site-packages/airflow/example_dags/example_kubernetes_executor.py
[2024-02-20T19:24:24.470+0000] {processor.py:830} INFO - Processing file /home/ubuntu/reddit_venv/lib/python3.10/site-packages/airflow/example_dags/example_kubernetes_executor.py for tasks to queue
[2024-02-20T19:24:24.471+0000] {logging_mixin.py:188} INFO - [2024-02-20T19:24:24.470+0000] {dagbag.py:538} INFO - Filling up the DagBag from /home/ubuntu/reddit_venv/lib/python3.10/site-packages/airflow/example_dags/example_kubernetes_executor.py
[2024-02-20T19:24:24.474+0000] {logging_mixin.py:188} INFO - [2024-02-20T19:24:24.474+0000] {example_kubernetes_executor.py:38} WARNING - The example_kubernetes_executor example DAG requires the kubernetes provider. Please install it with: pip install apache-airflow[cncf.kubernetes]
[2024-02-20T19:24:24.474+0000] {processor.py:842} WARNING - No viable dags retrieved from /home/ubuntu/reddit_venv/lib/python3.10/site-packages/airflow/example_dags/example_kubernetes_executor.py
[2024-02-20T19:24:24.484+0000] {processor.py:183} INFO - Processing /home/ubuntu/reddit_venv/lib/python3.10/site-packages/airflow/example_dags/example_kubernetes_executor.py took 0.020 seconds
[2024-02-20T19:25:27.099+0000] {processor.py:161} INFO - Started process (PID=8706) to work on /home/ubuntu/reddit_venv/lib/python3.10/site-packages/airflow/example_dags/example_kubernetes_executor.py
[2024-02-20T19:25:27.101+0000] {processor.py:830} INFO - Processing file /home/ubuntu/reddit_venv/lib/python3.10/site-packages/airflow/example_dags/example_kubernetes_executor.py for tasks to queue
[2024-02-20T19:25:27.102+0000] {logging_mixin.py:188} INFO - [2024-02-20T19:25:27.102+0000] {dagbag.py:538} INFO - Filling up the DagBag from /home/ubuntu/reddit_venv/lib/python3.10/site-packages/airflow/example_dags/example_kubernetes_executor.py
[2024-02-20T19:25:27.105+0000] {logging_mixin.py:188} INFO - [2024-02-20T19:25:27.105+0000] {example_kubernetes_executor.py:38} WARNING - The example_kubernetes_executor example DAG requires the kubernetes provider. Please install it with: pip install apache-airflow[cncf.kubernetes]
[2024-02-20T19:25:27.106+0000] {processor.py:842} WARNING - No viable dags retrieved from /home/ubuntu/reddit_venv/lib/python3.10/site-packages/airflow/example_dags/example_kubernetes_executor.py
[2024-02-20T19:25:27.115+0000] {processor.py:183} INFO - Processing /home/ubuntu/reddit_venv/lib/python3.10/site-packages/airflow/example_dags/example_kubernetes_executor.py took 0.020 seconds
