[2024-02-20T18:06:45.790+0000] {processor.py:161} INFO - Started process (PID=1952) to work on /home/ubuntu/reddit_venv/lib/python3.10/site-packages/airflow/example_dags/tutorial_dag.py
[2024-02-20T18:06:45.791+0000] {processor.py:830} INFO - Processing file /home/ubuntu/reddit_venv/lib/python3.10/site-packages/airflow/example_dags/tutorial_dag.py for tasks to queue
[2024-02-20T18:06:45.792+0000] {logging_mixin.py:188} INFO - [2024-02-20T18:06:45.792+0000] {dagbag.py:538} INFO - Filling up the DagBag from /home/ubuntu/reddit_venv/lib/python3.10/site-packages/airflow/example_dags/tutorial_dag.py
[2024-02-20T18:06:45.800+0000] {processor.py:840} INFO - DAG(s) 'tutorial_dag' retrieved from /home/ubuntu/reddit_venv/lib/python3.10/site-packages/airflow/example_dags/tutorial_dag.py
[2024-02-20T18:06:45.808+0000] {logging_mixin.py:188} INFO - [2024-02-20T18:06:45.808+0000] {dag.py:3036} INFO - Sync 1 DAGs
[2024-02-20T18:06:45.822+0000] {logging_mixin.py:188} INFO - [2024-02-20T18:06:45.822+0000] {dag.py:3823} INFO - Setting next_dagrun for tutorial_dag to None, run_after=None
[2024-02-20T18:06:45.845+0000] {processor.py:183} INFO - Processing /home/ubuntu/reddit_venv/lib/python3.10/site-packages/airflow/example_dags/tutorial_dag.py took 0.058 seconds
[2024-02-20T18:07:36.754+0000] {processor.py:161} INFO - Started process (PID=2190) to work on /home/ubuntu/reddit_venv/lib/python3.10/site-packages/airflow/example_dags/tutorial_dag.py
[2024-02-20T18:07:36.756+0000] {processor.py:830} INFO - Processing file /home/ubuntu/reddit_venv/lib/python3.10/site-packages/airflow/example_dags/tutorial_dag.py for tasks to queue
[2024-02-20T18:07:36.757+0000] {logging_mixin.py:188} INFO - [2024-02-20T18:07:36.756+0000] {dagbag.py:538} INFO - Filling up the DagBag from /home/ubuntu/reddit_venv/lib/python3.10/site-packages/airflow/example_dags/tutorial_dag.py
[2024-02-20T18:07:36.763+0000] {processor.py:840} INFO - DAG(s) 'tutorial_dag' retrieved from /home/ubuntu/reddit_venv/lib/python3.10/site-packages/airflow/example_dags/tutorial_dag.py
[2024-02-20T18:07:36.861+0000] {logging_mixin.py:188} INFO - [2024-02-20T18:07:36.861+0000] {dag.py:3036} INFO - Sync 1 DAGs
[2024-02-20T18:07:36.870+0000] {logging_mixin.py:188} INFO - [2024-02-20T18:07:36.870+0000] {dag.py:3823} INFO - Setting next_dagrun for tutorial_dag to None, run_after=None
[2024-02-20T18:07:36.895+0000] {processor.py:183} INFO - Processing /home/ubuntu/reddit_venv/lib/python3.10/site-packages/airflow/example_dags/tutorial_dag.py took 0.144 seconds
[2024-02-20T18:08:19.271+0000] {processor.py:161} INFO - Started process (PID=2484) to work on /home/ubuntu/reddit_venv/lib/python3.10/site-packages/airflow/example_dags/tutorial_dag.py
[2024-02-20T18:08:19.273+0000] {processor.py:830} INFO - Processing file /home/ubuntu/reddit_venv/lib/python3.10/site-packages/airflow/example_dags/tutorial_dag.py for tasks to queue
[2024-02-20T18:08:19.274+0000] {logging_mixin.py:188} INFO - [2024-02-20T18:08:19.273+0000] {dagbag.py:538} INFO - Filling up the DagBag from /home/ubuntu/reddit_venv/lib/python3.10/site-packages/airflow/example_dags/tutorial_dag.py
[2024-02-20T18:08:19.280+0000] {processor.py:840} INFO - DAG(s) 'tutorial_dag' retrieved from /home/ubuntu/reddit_venv/lib/python3.10/site-packages/airflow/example_dags/tutorial_dag.py
[2024-02-20T18:08:19.296+0000] {logging_mixin.py:188} INFO - [2024-02-20T18:08:19.296+0000] {dag.py:3036} INFO - Sync 1 DAGs
[2024-02-20T18:08:19.308+0000] {logging_mixin.py:188} INFO - [2024-02-20T18:08:19.308+0000] {dag.py:3823} INFO - Setting next_dagrun for tutorial_dag to None, run_after=None
[2024-02-20T18:08:19.330+0000] {processor.py:183} INFO - Processing /home/ubuntu/reddit_venv/lib/python3.10/site-packages/airflow/example_dags/tutorial_dag.py took 0.062 seconds
[2024-02-20T18:09:08.778+0000] {processor.py:161} INFO - Started process (PID=2661) to work on /home/ubuntu/reddit_venv/lib/python3.10/site-packages/airflow/example_dags/tutorial_dag.py
[2024-02-20T18:09:08.780+0000] {processor.py:830} INFO - Processing file /home/ubuntu/reddit_venv/lib/python3.10/site-packages/airflow/example_dags/tutorial_dag.py for tasks to queue
[2024-02-20T18:09:08.781+0000] {logging_mixin.py:188} INFO - [2024-02-20T18:09:08.781+0000] {dagbag.py:538} INFO - Filling up the DagBag from /home/ubuntu/reddit_venv/lib/python3.10/site-packages/airflow/example_dags/tutorial_dag.py
[2024-02-20T18:09:08.788+0000] {processor.py:840} INFO - DAG(s) 'tutorial_dag' retrieved from /home/ubuntu/reddit_venv/lib/python3.10/site-packages/airflow/example_dags/tutorial_dag.py
[2024-02-20T18:09:08.804+0000] {logging_mixin.py:188} INFO - [2024-02-20T18:09:08.804+0000] {dag.py:3036} INFO - Sync 1 DAGs
[2024-02-20T18:09:08.817+0000] {logging_mixin.py:188} INFO - [2024-02-20T18:09:08.816+0000] {dag.py:3823} INFO - Setting next_dagrun for tutorial_dag to None, run_after=None
[2024-02-20T18:09:08.839+0000] {processor.py:183} INFO - Processing /home/ubuntu/reddit_venv/lib/python3.10/site-packages/airflow/example_dags/tutorial_dag.py took 0.064 seconds
[2024-02-20T18:10:07.061+0000] {processor.py:161} INFO - Started process (PID=3096) to work on /home/ubuntu/reddit_venv/lib/python3.10/site-packages/airflow/example_dags/tutorial_dag.py
[2024-02-20T18:10:07.062+0000] {processor.py:830} INFO - Processing file /home/ubuntu/reddit_venv/lib/python3.10/site-packages/airflow/example_dags/tutorial_dag.py for tasks to queue
[2024-02-20T18:10:07.063+0000] {logging_mixin.py:188} INFO - [2024-02-20T18:10:07.063+0000] {dagbag.py:538} INFO - Filling up the DagBag from /home/ubuntu/reddit_venv/lib/python3.10/site-packages/airflow/example_dags/tutorial_dag.py
[2024-02-20T18:10:07.069+0000] {processor.py:840} INFO - DAG(s) 'tutorial_dag' retrieved from /home/ubuntu/reddit_venv/lib/python3.10/site-packages/airflow/example_dags/tutorial_dag.py
[2024-02-20T18:10:07.086+0000] {logging_mixin.py:188} INFO - [2024-02-20T18:10:07.086+0000] {dag.py:3036} INFO - Sync 1 DAGs
[2024-02-20T18:10:07.099+0000] {logging_mixin.py:188} INFO - [2024-02-20T18:10:07.099+0000] {dag.py:3823} INFO - Setting next_dagrun for tutorial_dag to None, run_after=None
[2024-02-20T18:10:07.124+0000] {processor.py:183} INFO - Processing /home/ubuntu/reddit_venv/lib/python3.10/site-packages/airflow/example_dags/tutorial_dag.py took 0.067 seconds
[2024-02-20T18:10:44.919+0000] {processor.py:161} INFO - Started process (PID=3200) to work on /home/ubuntu/reddit_venv/lib/python3.10/site-packages/airflow/example_dags/tutorial_dag.py
[2024-02-20T18:10:44.920+0000] {processor.py:830} INFO - Processing file /home/ubuntu/reddit_venv/lib/python3.10/site-packages/airflow/example_dags/tutorial_dag.py for tasks to queue
[2024-02-20T18:10:44.921+0000] {logging_mixin.py:188} INFO - [2024-02-20T18:10:44.921+0000] {dagbag.py:538} INFO - Filling up the DagBag from /home/ubuntu/reddit_venv/lib/python3.10/site-packages/airflow/example_dags/tutorial_dag.py
[2024-02-20T18:10:44.927+0000] {processor.py:840} INFO - DAG(s) 'tutorial_dag' retrieved from /home/ubuntu/reddit_venv/lib/python3.10/site-packages/airflow/example_dags/tutorial_dag.py
[2024-02-20T18:10:44.944+0000] {logging_mixin.py:188} INFO - [2024-02-20T18:10:44.944+0000] {dag.py:3036} INFO - Sync 1 DAGs
[2024-02-20T18:10:44.956+0000] {logging_mixin.py:188} INFO - [2024-02-20T18:10:44.956+0000] {dag.py:3823} INFO - Setting next_dagrun for tutorial_dag to None, run_after=None
[2024-02-20T18:10:44.980+0000] {processor.py:183} INFO - Processing /home/ubuntu/reddit_venv/lib/python3.10/site-packages/airflow/example_dags/tutorial_dag.py took 0.064 seconds
[2024-02-20T18:11:33.162+0000] {processor.py:161} INFO - Started process (PID=3633) to work on /home/ubuntu/reddit_venv/lib/python3.10/site-packages/airflow/example_dags/tutorial_dag.py
[2024-02-20T18:11:33.164+0000] {processor.py:830} INFO - Processing file /home/ubuntu/reddit_venv/lib/python3.10/site-packages/airflow/example_dags/tutorial_dag.py for tasks to queue
[2024-02-20T18:11:33.165+0000] {logging_mixin.py:188} INFO - [2024-02-20T18:11:33.164+0000] {dagbag.py:538} INFO - Filling up the DagBag from /home/ubuntu/reddit_venv/lib/python3.10/site-packages/airflow/example_dags/tutorial_dag.py
[2024-02-20T18:11:33.170+0000] {processor.py:840} INFO - DAG(s) 'tutorial_dag' retrieved from /home/ubuntu/reddit_venv/lib/python3.10/site-packages/airflow/example_dags/tutorial_dag.py
[2024-02-20T18:11:33.187+0000] {logging_mixin.py:188} INFO - [2024-02-20T18:11:33.186+0000] {dag.py:3036} INFO - Sync 1 DAGs
[2024-02-20T18:11:33.199+0000] {logging_mixin.py:188} INFO - [2024-02-20T18:11:33.199+0000] {dag.py:3823} INFO - Setting next_dagrun for tutorial_dag to None, run_after=None
[2024-02-20T18:11:33.224+0000] {processor.py:183} INFO - Processing /home/ubuntu/reddit_venv/lib/python3.10/site-packages/airflow/example_dags/tutorial_dag.py took 0.066 seconds
[2024-02-20T18:12:21.308+0000] {processor.py:161} INFO - Started process (PID=3750) to work on /home/ubuntu/reddit_venv/lib/python3.10/site-packages/airflow/example_dags/tutorial_dag.py
[2024-02-20T18:12:21.310+0000] {processor.py:830} INFO - Processing file /home/ubuntu/reddit_venv/lib/python3.10/site-packages/airflow/example_dags/tutorial_dag.py for tasks to queue
[2024-02-20T18:12:21.311+0000] {logging_mixin.py:188} INFO - [2024-02-20T18:12:21.310+0000] {dagbag.py:538} INFO - Filling up the DagBag from /home/ubuntu/reddit_venv/lib/python3.10/site-packages/airflow/example_dags/tutorial_dag.py
[2024-02-20T18:12:21.317+0000] {processor.py:840} INFO - DAG(s) 'tutorial_dag' retrieved from /home/ubuntu/reddit_venv/lib/python3.10/site-packages/airflow/example_dags/tutorial_dag.py
[2024-02-20T18:12:21.333+0000] {logging_mixin.py:188} INFO - [2024-02-20T18:12:21.333+0000] {dag.py:3036} INFO - Sync 1 DAGs
[2024-02-20T18:12:21.346+0000] {logging_mixin.py:188} INFO - [2024-02-20T18:12:21.346+0000] {dag.py:3823} INFO - Setting next_dagrun for tutorial_dag to None, run_after=None
[2024-02-20T18:12:21.370+0000] {processor.py:183} INFO - Processing /home/ubuntu/reddit_venv/lib/python3.10/site-packages/airflow/example_dags/tutorial_dag.py took 0.065 seconds
[2024-02-20T18:12:58.748+0000] {processor.py:161} INFO - Started process (PID=3854) to work on /home/ubuntu/reddit_venv/lib/python3.10/site-packages/airflow/example_dags/tutorial_dag.py
[2024-02-20T18:12:58.750+0000] {processor.py:830} INFO - Processing file /home/ubuntu/reddit_venv/lib/python3.10/site-packages/airflow/example_dags/tutorial_dag.py for tasks to queue
[2024-02-20T18:12:58.750+0000] {logging_mixin.py:188} INFO - [2024-02-20T18:12:58.750+0000] {dagbag.py:538} INFO - Filling up the DagBag from /home/ubuntu/reddit_venv/lib/python3.10/site-packages/airflow/example_dags/tutorial_dag.py
[2024-02-20T18:12:58.757+0000] {processor.py:840} INFO - DAG(s) 'tutorial_dag' retrieved from /home/ubuntu/reddit_venv/lib/python3.10/site-packages/airflow/example_dags/tutorial_dag.py
[2024-02-20T18:12:58.773+0000] {logging_mixin.py:188} INFO - [2024-02-20T18:12:58.772+0000] {dag.py:3036} INFO - Sync 1 DAGs
[2024-02-20T18:12:58.785+0000] {logging_mixin.py:188} INFO - [2024-02-20T18:12:58.784+0000] {dag.py:3823} INFO - Setting next_dagrun for tutorial_dag to None, run_after=None
[2024-02-20T18:12:58.809+0000] {processor.py:183} INFO - Processing /home/ubuntu/reddit_venv/lib/python3.10/site-packages/airflow/example_dags/tutorial_dag.py took 0.064 seconds
[2024-02-20T18:13:36.215+0000] {processor.py:161} INFO - Started process (PID=3956) to work on /home/ubuntu/reddit_venv/lib/python3.10/site-packages/airflow/example_dags/tutorial_dag.py
[2024-02-20T18:13:36.216+0000] {processor.py:830} INFO - Processing file /home/ubuntu/reddit_venv/lib/python3.10/site-packages/airflow/example_dags/tutorial_dag.py for tasks to queue
[2024-02-20T18:13:36.217+0000] {logging_mixin.py:188} INFO - [2024-02-20T18:13:36.217+0000] {dagbag.py:538} INFO - Filling up the DagBag from /home/ubuntu/reddit_venv/lib/python3.10/site-packages/airflow/example_dags/tutorial_dag.py
[2024-02-20T18:13:36.223+0000] {processor.py:840} INFO - DAG(s) 'tutorial_dag' retrieved from /home/ubuntu/reddit_venv/lib/python3.10/site-packages/airflow/example_dags/tutorial_dag.py
[2024-02-20T18:13:36.239+0000] {logging_mixin.py:188} INFO - [2024-02-20T18:13:36.239+0000] {dag.py:3036} INFO - Sync 1 DAGs
[2024-02-20T18:13:36.251+0000] {logging_mixin.py:188} INFO - [2024-02-20T18:13:36.251+0000] {dag.py:3823} INFO - Setting next_dagrun for tutorial_dag to None, run_after=None
[2024-02-20T18:13:36.274+0000] {processor.py:183} INFO - Processing /home/ubuntu/reddit_venv/lib/python3.10/site-packages/airflow/example_dags/tutorial_dag.py took 0.063 seconds
[2024-02-20T18:14:15.973+0000] {processor.py:161} INFO - Started process (PID=4000) to work on /home/ubuntu/reddit_venv/lib/python3.10/site-packages/airflow/example_dags/tutorial_dag.py
[2024-02-20T18:14:15.975+0000] {processor.py:830} INFO - Processing file /home/ubuntu/reddit_venv/lib/python3.10/site-packages/airflow/example_dags/tutorial_dag.py for tasks to queue
[2024-02-20T18:14:15.976+0000] {logging_mixin.py:188} INFO - [2024-02-20T18:14:15.975+0000] {dagbag.py:538} INFO - Filling up the DagBag from /home/ubuntu/reddit_venv/lib/python3.10/site-packages/airflow/example_dags/tutorial_dag.py
[2024-02-20T18:14:15.982+0000] {processor.py:840} INFO - DAG(s) 'tutorial_dag' retrieved from /home/ubuntu/reddit_venv/lib/python3.10/site-packages/airflow/example_dags/tutorial_dag.py
[2024-02-20T18:14:15.998+0000] {logging_mixin.py:188} INFO - [2024-02-20T18:14:15.998+0000] {dag.py:3036} INFO - Sync 1 DAGs
[2024-02-20T18:14:16.011+0000] {logging_mixin.py:188} INFO - [2024-02-20T18:14:16.011+0000] {dag.py:3823} INFO - Setting next_dagrun for tutorial_dag to None, run_after=None
[2024-02-20T18:14:16.037+0000] {processor.py:183} INFO - Processing /home/ubuntu/reddit_venv/lib/python3.10/site-packages/airflow/example_dags/tutorial_dag.py took 0.067 seconds
[2024-02-20T18:14:54.996+0000] {processor.py:161} INFO - Started process (PID=4108) to work on /home/ubuntu/reddit_venv/lib/python3.10/site-packages/airflow/example_dags/tutorial_dag.py
[2024-02-20T18:14:54.998+0000] {processor.py:830} INFO - Processing file /home/ubuntu/reddit_venv/lib/python3.10/site-packages/airflow/example_dags/tutorial_dag.py for tasks to queue
[2024-02-20T18:14:54.999+0000] {logging_mixin.py:188} INFO - [2024-02-20T18:14:54.998+0000] {dagbag.py:538} INFO - Filling up the DagBag from /home/ubuntu/reddit_venv/lib/python3.10/site-packages/airflow/example_dags/tutorial_dag.py
[2024-02-20T18:14:55.004+0000] {processor.py:840} INFO - DAG(s) 'tutorial_dag' retrieved from /home/ubuntu/reddit_venv/lib/python3.10/site-packages/airflow/example_dags/tutorial_dag.py
[2024-02-20T18:14:55.021+0000] {logging_mixin.py:188} INFO - [2024-02-20T18:14:55.020+0000] {dag.py:3036} INFO - Sync 1 DAGs
[2024-02-20T18:14:55.033+0000] {logging_mixin.py:188} INFO - [2024-02-20T18:14:55.033+0000] {dag.py:3823} INFO - Setting next_dagrun for tutorial_dag to None, run_after=None
[2024-02-20T18:14:55.056+0000] {processor.py:183} INFO - Processing /home/ubuntu/reddit_venv/lib/python3.10/site-packages/airflow/example_dags/tutorial_dag.py took 0.063 seconds
[2024-02-20T18:15:32.434+0000] {processor.py:161} INFO - Started process (PID=4213) to work on /home/ubuntu/reddit_venv/lib/python3.10/site-packages/airflow/example_dags/tutorial_dag.py
[2024-02-20T18:15:32.435+0000] {processor.py:830} INFO - Processing file /home/ubuntu/reddit_venv/lib/python3.10/site-packages/airflow/example_dags/tutorial_dag.py for tasks to queue
[2024-02-20T18:15:32.436+0000] {logging_mixin.py:188} INFO - [2024-02-20T18:15:32.436+0000] {dagbag.py:538} INFO - Filling up the DagBag from /home/ubuntu/reddit_venv/lib/python3.10/site-packages/airflow/example_dags/tutorial_dag.py
[2024-02-20T18:15:32.442+0000] {processor.py:840} INFO - DAG(s) 'tutorial_dag' retrieved from /home/ubuntu/reddit_venv/lib/python3.10/site-packages/airflow/example_dags/tutorial_dag.py
[2024-02-20T18:15:32.459+0000] {logging_mixin.py:188} INFO - [2024-02-20T18:15:32.459+0000] {dag.py:3036} INFO - Sync 1 DAGs
[2024-02-20T18:15:32.471+0000] {logging_mixin.py:188} INFO - [2024-02-20T18:15:32.471+0000] {dag.py:3823} INFO - Setting next_dagrun for tutorial_dag to None, run_after=None
[2024-02-20T18:15:32.494+0000] {processor.py:183} INFO - Processing /home/ubuntu/reddit_venv/lib/python3.10/site-packages/airflow/example_dags/tutorial_dag.py took 0.064 seconds
[2024-02-20T18:16:11.816+0000] {processor.py:161} INFO - Started process (PID=4258) to work on /home/ubuntu/reddit_venv/lib/python3.10/site-packages/airflow/example_dags/tutorial_dag.py
[2024-02-20T18:16:11.818+0000] {processor.py:830} INFO - Processing file /home/ubuntu/reddit_venv/lib/python3.10/site-packages/airflow/example_dags/tutorial_dag.py for tasks to queue
[2024-02-20T18:16:11.819+0000] {logging_mixin.py:188} INFO - [2024-02-20T18:16:11.819+0000] {dagbag.py:538} INFO - Filling up the DagBag from /home/ubuntu/reddit_venv/lib/python3.10/site-packages/airflow/example_dags/tutorial_dag.py
[2024-02-20T18:16:11.825+0000] {processor.py:840} INFO - DAG(s) 'tutorial_dag' retrieved from /home/ubuntu/reddit_venv/lib/python3.10/site-packages/airflow/example_dags/tutorial_dag.py
[2024-02-20T18:16:11.841+0000] {logging_mixin.py:188} INFO - [2024-02-20T18:16:11.841+0000] {dag.py:3036} INFO - Sync 1 DAGs
[2024-02-20T18:16:11.853+0000] {logging_mixin.py:188} INFO - [2024-02-20T18:16:11.853+0000] {dag.py:3823} INFO - Setting next_dagrun for tutorial_dag to None, run_after=None
[2024-02-20T18:16:11.875+0000] {processor.py:183} INFO - Processing /home/ubuntu/reddit_venv/lib/python3.10/site-packages/airflow/example_dags/tutorial_dag.py took 0.062 seconds
[2024-02-20T18:16:49.937+0000] {processor.py:161} INFO - Started process (PID=4425) to work on /home/ubuntu/reddit_venv/lib/python3.10/site-packages/airflow/example_dags/tutorial_dag.py
[2024-02-20T18:16:49.939+0000] {processor.py:830} INFO - Processing file /home/ubuntu/reddit_venv/lib/python3.10/site-packages/airflow/example_dags/tutorial_dag.py for tasks to queue
[2024-02-20T18:16:49.939+0000] {logging_mixin.py:188} INFO - [2024-02-20T18:16:49.939+0000] {dagbag.py:538} INFO - Filling up the DagBag from /home/ubuntu/reddit_venv/lib/python3.10/site-packages/airflow/example_dags/tutorial_dag.py
[2024-02-20T18:16:49.946+0000] {processor.py:840} INFO - DAG(s) 'tutorial_dag' retrieved from /home/ubuntu/reddit_venv/lib/python3.10/site-packages/airflow/example_dags/tutorial_dag.py
[2024-02-20T18:16:49.962+0000] {logging_mixin.py:188} INFO - [2024-02-20T18:16:49.962+0000] {dag.py:3036} INFO - Sync 1 DAGs
[2024-02-20T18:16:49.974+0000] {logging_mixin.py:188} INFO - [2024-02-20T18:16:49.974+0000] {dag.py:3823} INFO - Setting next_dagrun for tutorial_dag to None, run_after=None
[2024-02-20T18:16:49.997+0000] {processor.py:183} INFO - Processing /home/ubuntu/reddit_venv/lib/python3.10/site-packages/airflow/example_dags/tutorial_dag.py took 0.064 seconds
[2024-02-20T18:17:29.093+0000] {processor.py:161} INFO - Started process (PID=4529) to work on /home/ubuntu/reddit_venv/lib/python3.10/site-packages/airflow/example_dags/tutorial_dag.py
[2024-02-20T18:17:29.095+0000] {processor.py:830} INFO - Processing file /home/ubuntu/reddit_venv/lib/python3.10/site-packages/airflow/example_dags/tutorial_dag.py for tasks to queue
[2024-02-20T18:17:29.096+0000] {logging_mixin.py:188} INFO - [2024-02-20T18:17:29.095+0000] {dagbag.py:538} INFO - Filling up the DagBag from /home/ubuntu/reddit_venv/lib/python3.10/site-packages/airflow/example_dags/tutorial_dag.py
[2024-02-20T18:17:29.102+0000] {processor.py:840} INFO - DAG(s) 'tutorial_dag' retrieved from /home/ubuntu/reddit_venv/lib/python3.10/site-packages/airflow/example_dags/tutorial_dag.py
[2024-02-20T18:17:29.119+0000] {logging_mixin.py:188} INFO - [2024-02-20T18:17:29.118+0000] {dag.py:3036} INFO - Sync 1 DAGs
[2024-02-20T18:17:29.131+0000] {logging_mixin.py:188} INFO - [2024-02-20T18:17:29.131+0000] {dag.py:3823} INFO - Setting next_dagrun for tutorial_dag to None, run_after=None
[2024-02-20T18:17:29.154+0000] {processor.py:183} INFO - Processing /home/ubuntu/reddit_venv/lib/python3.10/site-packages/airflow/example_dags/tutorial_dag.py took 0.064 seconds
[2024-02-20T18:18:08.518+0000] {processor.py:161} INFO - Started process (PID=4577) to work on /home/ubuntu/reddit_venv/lib/python3.10/site-packages/airflow/example_dags/tutorial_dag.py
[2024-02-20T18:18:08.520+0000] {processor.py:830} INFO - Processing file /home/ubuntu/reddit_venv/lib/python3.10/site-packages/airflow/example_dags/tutorial_dag.py for tasks to queue
[2024-02-20T18:18:08.521+0000] {logging_mixin.py:188} INFO - [2024-02-20T18:18:08.520+0000] {dagbag.py:538} INFO - Filling up the DagBag from /home/ubuntu/reddit_venv/lib/python3.10/site-packages/airflow/example_dags/tutorial_dag.py
[2024-02-20T18:18:08.527+0000] {processor.py:840} INFO - DAG(s) 'tutorial_dag' retrieved from /home/ubuntu/reddit_venv/lib/python3.10/site-packages/airflow/example_dags/tutorial_dag.py
[2024-02-20T18:18:08.543+0000] {logging_mixin.py:188} INFO - [2024-02-20T18:18:08.543+0000] {dag.py:3036} INFO - Sync 1 DAGs
[2024-02-20T18:18:08.556+0000] {logging_mixin.py:188} INFO - [2024-02-20T18:18:08.555+0000] {dag.py:3823} INFO - Setting next_dagrun for tutorial_dag to None, run_after=None
[2024-02-20T18:18:08.578+0000] {processor.py:183} INFO - Processing /home/ubuntu/reddit_venv/lib/python3.10/site-packages/airflow/example_dags/tutorial_dag.py took 0.064 seconds
[2024-02-20T18:18:47.566+0000] {processor.py:161} INFO - Started process (PID=4681) to work on /home/ubuntu/reddit_venv/lib/python3.10/site-packages/airflow/example_dags/tutorial_dag.py
[2024-02-20T18:18:47.567+0000] {processor.py:830} INFO - Processing file /home/ubuntu/reddit_venv/lib/python3.10/site-packages/airflow/example_dags/tutorial_dag.py for tasks to queue
[2024-02-20T18:18:47.568+0000] {logging_mixin.py:188} INFO - [2024-02-20T18:18:47.568+0000] {dagbag.py:538} INFO - Filling up the DagBag from /home/ubuntu/reddit_venv/lib/python3.10/site-packages/airflow/example_dags/tutorial_dag.py
[2024-02-20T18:18:47.574+0000] {processor.py:840} INFO - DAG(s) 'tutorial_dag' retrieved from /home/ubuntu/reddit_venv/lib/python3.10/site-packages/airflow/example_dags/tutorial_dag.py
[2024-02-20T18:18:47.590+0000] {logging_mixin.py:188} INFO - [2024-02-20T18:18:47.590+0000] {dag.py:3036} INFO - Sync 1 DAGs
[2024-02-20T18:18:47.602+0000] {logging_mixin.py:188} INFO - [2024-02-20T18:18:47.602+0000] {dag.py:3823} INFO - Setting next_dagrun for tutorial_dag to None, run_after=None
[2024-02-20T18:18:47.624+0000] {processor.py:183} INFO - Processing /home/ubuntu/reddit_venv/lib/python3.10/site-packages/airflow/example_dags/tutorial_dag.py took 0.062 seconds
[2024-02-20T18:19:28.340+0000] {processor.py:161} INFO - Started process (PID=4791) to work on /home/ubuntu/reddit_venv/lib/python3.10/site-packages/airflow/example_dags/tutorial_dag.py
[2024-02-20T18:19:28.341+0000] {processor.py:830} INFO - Processing file /home/ubuntu/reddit_venv/lib/python3.10/site-packages/airflow/example_dags/tutorial_dag.py for tasks to queue
[2024-02-20T18:19:28.342+0000] {logging_mixin.py:188} INFO - [2024-02-20T18:19:28.342+0000] {dagbag.py:538} INFO - Filling up the DagBag from /home/ubuntu/reddit_venv/lib/python3.10/site-packages/airflow/example_dags/tutorial_dag.py
[2024-02-20T18:19:28.349+0000] {processor.py:840} INFO - DAG(s) 'tutorial_dag' retrieved from /home/ubuntu/reddit_venv/lib/python3.10/site-packages/airflow/example_dags/tutorial_dag.py
[2024-02-20T18:19:28.365+0000] {logging_mixin.py:188} INFO - [2024-02-20T18:19:28.365+0000] {dag.py:3036} INFO - Sync 1 DAGs
[2024-02-20T18:19:28.377+0000] {logging_mixin.py:188} INFO - [2024-02-20T18:19:28.377+0000] {dag.py:3823} INFO - Setting next_dagrun for tutorial_dag to None, run_after=None
[2024-02-20T18:19:28.400+0000] {processor.py:183} INFO - Processing /home/ubuntu/reddit_venv/lib/python3.10/site-packages/airflow/example_dags/tutorial_dag.py took 0.063 seconds
[2024-02-20T18:20:05.729+0000] {processor.py:161} INFO - Started process (PID=4896) to work on /home/ubuntu/reddit_venv/lib/python3.10/site-packages/airflow/example_dags/tutorial_dag.py
[2024-02-20T18:20:05.730+0000] {processor.py:830} INFO - Processing file /home/ubuntu/reddit_venv/lib/python3.10/site-packages/airflow/example_dags/tutorial_dag.py for tasks to queue
[2024-02-20T18:20:05.731+0000] {logging_mixin.py:188} INFO - [2024-02-20T18:20:05.731+0000] {dagbag.py:538} INFO - Filling up the DagBag from /home/ubuntu/reddit_venv/lib/python3.10/site-packages/airflow/example_dags/tutorial_dag.py
[2024-02-20T18:20:05.738+0000] {processor.py:840} INFO - DAG(s) 'tutorial_dag' retrieved from /home/ubuntu/reddit_venv/lib/python3.10/site-packages/airflow/example_dags/tutorial_dag.py
[2024-02-20T18:20:05.754+0000] {logging_mixin.py:188} INFO - [2024-02-20T18:20:05.754+0000] {dag.py:3036} INFO - Sync 1 DAGs
[2024-02-20T18:20:05.767+0000] {logging_mixin.py:188} INFO - [2024-02-20T18:20:05.767+0000] {dag.py:3823} INFO - Setting next_dagrun for tutorial_dag to None, run_after=None
[2024-02-20T18:20:05.791+0000] {processor.py:183} INFO - Processing /home/ubuntu/reddit_venv/lib/python3.10/site-packages/airflow/example_dags/tutorial_dag.py took 0.065 seconds
[2024-02-20T18:20:42.279+0000] {processor.py:161} INFO - Started process (PID=5000) to work on /home/ubuntu/reddit_venv/lib/python3.10/site-packages/airflow/example_dags/tutorial_dag.py
[2024-02-20T18:20:42.280+0000] {processor.py:830} INFO - Processing file /home/ubuntu/reddit_venv/lib/python3.10/site-packages/airflow/example_dags/tutorial_dag.py for tasks to queue
[2024-02-20T18:20:42.281+0000] {logging_mixin.py:188} INFO - [2024-02-20T18:20:42.281+0000] {dagbag.py:538} INFO - Filling up the DagBag from /home/ubuntu/reddit_venv/lib/python3.10/site-packages/airflow/example_dags/tutorial_dag.py
[2024-02-20T18:20:42.288+0000] {processor.py:840} INFO - DAG(s) 'tutorial_dag' retrieved from /home/ubuntu/reddit_venv/lib/python3.10/site-packages/airflow/example_dags/tutorial_dag.py
[2024-02-20T18:20:42.304+0000] {logging_mixin.py:188} INFO - [2024-02-20T18:20:42.304+0000] {dag.py:3036} INFO - Sync 1 DAGs
[2024-02-20T18:20:42.316+0000] {logging_mixin.py:188} INFO - [2024-02-20T18:20:42.316+0000] {dag.py:3823} INFO - Setting next_dagrun for tutorial_dag to None, run_after=None
[2024-02-20T18:20:42.338+0000] {processor.py:183} INFO - Processing /home/ubuntu/reddit_venv/lib/python3.10/site-packages/airflow/example_dags/tutorial_dag.py took 0.063 seconds
[2024-02-20T18:21:20.712+0000] {processor.py:161} INFO - Started process (PID=5044) to work on /home/ubuntu/reddit_venv/lib/python3.10/site-packages/airflow/example_dags/tutorial_dag.py
[2024-02-20T18:21:20.713+0000] {processor.py:830} INFO - Processing file /home/ubuntu/reddit_venv/lib/python3.10/site-packages/airflow/example_dags/tutorial_dag.py for tasks to queue
[2024-02-20T18:21:20.714+0000] {logging_mixin.py:188} INFO - [2024-02-20T18:21:20.714+0000] {dagbag.py:538} INFO - Filling up the DagBag from /home/ubuntu/reddit_venv/lib/python3.10/site-packages/airflow/example_dags/tutorial_dag.py
[2024-02-20T18:21:20.720+0000] {processor.py:840} INFO - DAG(s) 'tutorial_dag' retrieved from /home/ubuntu/reddit_venv/lib/python3.10/site-packages/airflow/example_dags/tutorial_dag.py
[2024-02-20T18:21:20.737+0000] {logging_mixin.py:188} INFO - [2024-02-20T18:21:20.737+0000] {dag.py:3036} INFO - Sync 1 DAGs
[2024-02-20T18:21:20.749+0000] {logging_mixin.py:188} INFO - [2024-02-20T18:21:20.748+0000] {dag.py:3823} INFO - Setting next_dagrun for tutorial_dag to None, run_after=None
[2024-02-20T18:21:20.772+0000] {processor.py:183} INFO - Processing /home/ubuntu/reddit_venv/lib/python3.10/site-packages/airflow/example_dags/tutorial_dag.py took 0.064 seconds
[2024-02-20T18:21:56.858+0000] {processor.py:161} INFO - Started process (PID=5204) to work on /home/ubuntu/reddit_venv/lib/python3.10/site-packages/airflow/example_dags/tutorial_dag.py
[2024-02-20T18:21:56.860+0000] {processor.py:830} INFO - Processing file /home/ubuntu/reddit_venv/lib/python3.10/site-packages/airflow/example_dags/tutorial_dag.py for tasks to queue
[2024-02-20T18:21:56.860+0000] {logging_mixin.py:188} INFO - [2024-02-20T18:21:56.860+0000] {dagbag.py:538} INFO - Filling up the DagBag from /home/ubuntu/reddit_venv/lib/python3.10/site-packages/airflow/example_dags/tutorial_dag.py
[2024-02-20T18:21:56.867+0000] {processor.py:840} INFO - DAG(s) 'tutorial_dag' retrieved from /home/ubuntu/reddit_venv/lib/python3.10/site-packages/airflow/example_dags/tutorial_dag.py
[2024-02-20T18:21:56.883+0000] {logging_mixin.py:188} INFO - [2024-02-20T18:21:56.883+0000] {dag.py:3036} INFO - Sync 1 DAGs
[2024-02-20T18:21:56.895+0000] {logging_mixin.py:188} INFO - [2024-02-20T18:21:56.895+0000] {dag.py:3823} INFO - Setting next_dagrun for tutorial_dag to None, run_after=None
[2024-02-20T18:21:56.925+0000] {processor.py:183} INFO - Processing /home/ubuntu/reddit_venv/lib/python3.10/site-packages/airflow/example_dags/tutorial_dag.py took 0.071 seconds
[2024-02-20T18:51:08.954+0000] {processor.py:161} INFO - Started process (PID=1584) to work on /home/ubuntu/reddit_venv/lib/python3.10/site-packages/airflow/example_dags/tutorial_dag.py
[2024-02-20T18:51:08.957+0000] {processor.py:830} INFO - Processing file /home/ubuntu/reddit_venv/lib/python3.10/site-packages/airflow/example_dags/tutorial_dag.py for tasks to queue
[2024-02-20T18:51:08.958+0000] {logging_mixin.py:188} INFO - [2024-02-20T18:51:08.957+0000] {dagbag.py:538} INFO - Filling up the DagBag from /home/ubuntu/reddit_venv/lib/python3.10/site-packages/airflow/example_dags/tutorial_dag.py
[2024-02-20T18:51:08.965+0000] {processor.py:840} INFO - DAG(s) 'tutorial_dag' retrieved from /home/ubuntu/reddit_venv/lib/python3.10/site-packages/airflow/example_dags/tutorial_dag.py
[2024-02-20T18:51:08.973+0000] {logging_mixin.py:188} INFO - [2024-02-20T18:51:08.973+0000] {dag.py:3036} INFO - Sync 1 DAGs
[2024-02-20T18:51:08.986+0000] {logging_mixin.py:188} INFO - [2024-02-20T18:51:08.986+0000] {dag.py:3823} INFO - Setting next_dagrun for tutorial_dag to None, run_after=None
[2024-02-20T18:51:09.008+0000] {processor.py:183} INFO - Processing /home/ubuntu/reddit_venv/lib/python3.10/site-packages/airflow/example_dags/tutorial_dag.py took 0.056 seconds
[2024-02-20T18:52:00.904+0000] {processor.py:161} INFO - Started process (PID=1908) to work on /home/ubuntu/reddit_venv/lib/python3.10/site-packages/airflow/example_dags/tutorial_dag.py
[2024-02-20T18:52:00.906+0000] {processor.py:830} INFO - Processing file /home/ubuntu/reddit_venv/lib/python3.10/site-packages/airflow/example_dags/tutorial_dag.py for tasks to queue
[2024-02-20T18:52:00.907+0000] {logging_mixin.py:188} INFO - [2024-02-20T18:52:00.907+0000] {dagbag.py:538} INFO - Filling up the DagBag from /home/ubuntu/reddit_venv/lib/python3.10/site-packages/airflow/example_dags/tutorial_dag.py
[2024-02-20T18:52:00.913+0000] {processor.py:840} INFO - DAG(s) 'tutorial_dag' retrieved from /home/ubuntu/reddit_venv/lib/python3.10/site-packages/airflow/example_dags/tutorial_dag.py
[2024-02-20T18:52:01.012+0000] {logging_mixin.py:188} INFO - [2024-02-20T18:52:01.012+0000] {dag.py:3036} INFO - Sync 1 DAGs
[2024-02-20T18:52:01.022+0000] {logging_mixin.py:188} INFO - [2024-02-20T18:52:01.022+0000] {dag.py:3823} INFO - Setting next_dagrun for tutorial_dag to None, run_after=None
[2024-02-20T18:52:01.046+0000] {processor.py:183} INFO - Processing /home/ubuntu/reddit_venv/lib/python3.10/site-packages/airflow/example_dags/tutorial_dag.py took 0.145 seconds
[2024-02-20T18:52:44.891+0000] {processor.py:161} INFO - Started process (PID=2052) to work on /home/ubuntu/reddit_venv/lib/python3.10/site-packages/airflow/example_dags/tutorial_dag.py
[2024-02-20T18:52:44.892+0000] {processor.py:830} INFO - Processing file /home/ubuntu/reddit_venv/lib/python3.10/site-packages/airflow/example_dags/tutorial_dag.py for tasks to queue
[2024-02-20T18:52:44.893+0000] {logging_mixin.py:188} INFO - [2024-02-20T18:52:44.893+0000] {dagbag.py:538} INFO - Filling up the DagBag from /home/ubuntu/reddit_venv/lib/python3.10/site-packages/airflow/example_dags/tutorial_dag.py
[2024-02-20T18:52:44.900+0000] {processor.py:840} INFO - DAG(s) 'tutorial_dag' retrieved from /home/ubuntu/reddit_venv/lib/python3.10/site-packages/airflow/example_dags/tutorial_dag.py
[2024-02-20T18:52:44.915+0000] {logging_mixin.py:188} INFO - [2024-02-20T18:52:44.915+0000] {dag.py:3036} INFO - Sync 1 DAGs
[2024-02-20T18:52:44.927+0000] {logging_mixin.py:188} INFO - [2024-02-20T18:52:44.927+0000] {dag.py:3823} INFO - Setting next_dagrun for tutorial_dag to None, run_after=None
[2024-02-20T18:52:44.948+0000] {processor.py:183} INFO - Processing /home/ubuntu/reddit_venv/lib/python3.10/site-packages/airflow/example_dags/tutorial_dag.py took 0.061 seconds
[2024-02-20T18:53:43.260+0000] {processor.py:161} INFO - Started process (PID=2368) to work on /home/ubuntu/reddit_venv/lib/python3.10/site-packages/airflow/example_dags/tutorial_dag.py
[2024-02-20T18:53:43.262+0000] {processor.py:830} INFO - Processing file /home/ubuntu/reddit_venv/lib/python3.10/site-packages/airflow/example_dags/tutorial_dag.py for tasks to queue
[2024-02-20T18:53:43.263+0000] {logging_mixin.py:188} INFO - [2024-02-20T18:53:43.262+0000] {dagbag.py:538} INFO - Filling up the DagBag from /home/ubuntu/reddit_venv/lib/python3.10/site-packages/airflow/example_dags/tutorial_dag.py
[2024-02-20T18:53:43.269+0000] {processor.py:840} INFO - DAG(s) 'tutorial_dag' retrieved from /home/ubuntu/reddit_venv/lib/python3.10/site-packages/airflow/example_dags/tutorial_dag.py
[2024-02-20T18:53:43.285+0000] {logging_mixin.py:188} INFO - [2024-02-20T18:53:43.284+0000] {dag.py:3036} INFO - Sync 1 DAGs
[2024-02-20T18:53:43.297+0000] {logging_mixin.py:188} INFO - [2024-02-20T18:53:43.297+0000] {dag.py:3823} INFO - Setting next_dagrun for tutorial_dag to None, run_after=None
[2024-02-20T18:53:43.319+0000] {processor.py:183} INFO - Processing /home/ubuntu/reddit_venv/lib/python3.10/site-packages/airflow/example_dags/tutorial_dag.py took 0.063 seconds
[2024-02-20T18:54:33.370+0000] {processor.py:161} INFO - Started process (PID=2485) to work on /home/ubuntu/reddit_venv/lib/python3.10/site-packages/airflow/example_dags/tutorial_dag.py
[2024-02-20T18:54:33.372+0000] {processor.py:830} INFO - Processing file /home/ubuntu/reddit_venv/lib/python3.10/site-packages/airflow/example_dags/tutorial_dag.py for tasks to queue
[2024-02-20T18:54:33.373+0000] {logging_mixin.py:188} INFO - [2024-02-20T18:54:33.372+0000] {dagbag.py:538} INFO - Filling up the DagBag from /home/ubuntu/reddit_venv/lib/python3.10/site-packages/airflow/example_dags/tutorial_dag.py
[2024-02-20T18:54:33.378+0000] {processor.py:840} INFO - DAG(s) 'tutorial_dag' retrieved from /home/ubuntu/reddit_venv/lib/python3.10/site-packages/airflow/example_dags/tutorial_dag.py
[2024-02-20T18:54:33.394+0000] {logging_mixin.py:188} INFO - [2024-02-20T18:54:33.394+0000] {dag.py:3036} INFO - Sync 1 DAGs
[2024-02-20T18:54:33.405+0000] {logging_mixin.py:188} INFO - [2024-02-20T18:54:33.405+0000] {dag.py:3823} INFO - Setting next_dagrun for tutorial_dag to None, run_after=None
[2024-02-20T18:54:33.427+0000] {processor.py:183} INFO - Processing /home/ubuntu/reddit_venv/lib/python3.10/site-packages/airflow/example_dags/tutorial_dag.py took 0.060 seconds
[2024-02-20T18:55:13.987+0000] {processor.py:161} INFO - Started process (PID=2597) to work on /home/ubuntu/reddit_venv/lib/python3.10/site-packages/airflow/example_dags/tutorial_dag.py
[2024-02-20T18:55:13.989+0000] {processor.py:830} INFO - Processing file /home/ubuntu/reddit_venv/lib/python3.10/site-packages/airflow/example_dags/tutorial_dag.py for tasks to queue
[2024-02-20T18:55:13.989+0000] {logging_mixin.py:188} INFO - [2024-02-20T18:55:13.989+0000] {dagbag.py:538} INFO - Filling up the DagBag from /home/ubuntu/reddit_venv/lib/python3.10/site-packages/airflow/example_dags/tutorial_dag.py
[2024-02-20T18:55:13.995+0000] {processor.py:840} INFO - DAG(s) 'tutorial_dag' retrieved from /home/ubuntu/reddit_venv/lib/python3.10/site-packages/airflow/example_dags/tutorial_dag.py
[2024-02-20T18:55:14.011+0000] {logging_mixin.py:188} INFO - [2024-02-20T18:55:14.011+0000] {dag.py:3036} INFO - Sync 1 DAGs
[2024-02-20T18:55:14.023+0000] {logging_mixin.py:188} INFO - [2024-02-20T18:55:14.022+0000] {dag.py:3823} INFO - Setting next_dagrun for tutorial_dag to None, run_after=None
[2024-02-20T18:55:14.045+0000] {processor.py:183} INFO - Processing /home/ubuntu/reddit_venv/lib/python3.10/site-packages/airflow/example_dags/tutorial_dag.py took 0.061 seconds
[2024-02-20T18:55:51.437+0000] {processor.py:161} INFO - Started process (PID=2641) to work on /home/ubuntu/reddit_venv/lib/python3.10/site-packages/airflow/example_dags/tutorial_dag.py
[2024-02-20T18:55:51.438+0000] {processor.py:830} INFO - Processing file /home/ubuntu/reddit_venv/lib/python3.10/site-packages/airflow/example_dags/tutorial_dag.py for tasks to queue
[2024-02-20T18:55:51.439+0000] {logging_mixin.py:188} INFO - [2024-02-20T18:55:51.439+0000] {dagbag.py:538} INFO - Filling up the DagBag from /home/ubuntu/reddit_venv/lib/python3.10/site-packages/airflow/example_dags/tutorial_dag.py
[2024-02-20T18:55:51.445+0000] {processor.py:840} INFO - DAG(s) 'tutorial_dag' retrieved from /home/ubuntu/reddit_venv/lib/python3.10/site-packages/airflow/example_dags/tutorial_dag.py
[2024-02-20T18:55:51.461+0000] {logging_mixin.py:188} INFO - [2024-02-20T18:55:51.461+0000] {dag.py:3036} INFO - Sync 1 DAGs
[2024-02-20T18:55:51.473+0000] {logging_mixin.py:188} INFO - [2024-02-20T18:55:51.473+0000] {dag.py:3823} INFO - Setting next_dagrun for tutorial_dag to None, run_after=None
[2024-02-20T18:55:51.494+0000] {processor.py:183} INFO - Processing /home/ubuntu/reddit_venv/lib/python3.10/site-packages/airflow/example_dags/tutorial_dag.py took 0.061 seconds
[2024-02-20T18:56:30.889+0000] {processor.py:161} INFO - Started process (PID=2805) to work on /home/ubuntu/reddit_venv/lib/python3.10/site-packages/airflow/example_dags/tutorial_dag.py
[2024-02-20T18:56:30.890+0000] {processor.py:830} INFO - Processing file /home/ubuntu/reddit_venv/lib/python3.10/site-packages/airflow/example_dags/tutorial_dag.py for tasks to queue
[2024-02-20T18:56:30.891+0000] {logging_mixin.py:188} INFO - [2024-02-20T18:56:30.891+0000] {dagbag.py:538} INFO - Filling up the DagBag from /home/ubuntu/reddit_venv/lib/python3.10/site-packages/airflow/example_dags/tutorial_dag.py
[2024-02-20T18:56:30.897+0000] {processor.py:840} INFO - DAG(s) 'tutorial_dag' retrieved from /home/ubuntu/reddit_venv/lib/python3.10/site-packages/airflow/example_dags/tutorial_dag.py
[2024-02-20T18:56:30.913+0000] {logging_mixin.py:188} INFO - [2024-02-20T18:56:30.913+0000] {dag.py:3036} INFO - Sync 1 DAGs
[2024-02-20T18:56:30.925+0000] {logging_mixin.py:188} INFO - [2024-02-20T18:56:30.925+0000] {dag.py:3823} INFO - Setting next_dagrun for tutorial_dag to None, run_after=None
[2024-02-20T18:56:30.946+0000] {processor.py:183} INFO - Processing /home/ubuntu/reddit_venv/lib/python3.10/site-packages/airflow/example_dags/tutorial_dag.py took 0.061 seconds
[2024-02-20T18:57:16.022+0000] {processor.py:161} INFO - Started process (PID=2981) to work on /home/ubuntu/reddit_venv/lib/python3.10/site-packages/airflow/example_dags/tutorial_dag.py
[2024-02-20T18:57:16.023+0000] {processor.py:830} INFO - Processing file /home/ubuntu/reddit_venv/lib/python3.10/site-packages/airflow/example_dags/tutorial_dag.py for tasks to queue
[2024-02-20T18:57:16.024+0000] {logging_mixin.py:188} INFO - [2024-02-20T18:57:16.024+0000] {dagbag.py:538} INFO - Filling up the DagBag from /home/ubuntu/reddit_venv/lib/python3.10/site-packages/airflow/example_dags/tutorial_dag.py
[2024-02-20T18:57:16.030+0000] {processor.py:840} INFO - DAG(s) 'tutorial_dag' retrieved from /home/ubuntu/reddit_venv/lib/python3.10/site-packages/airflow/example_dags/tutorial_dag.py
[2024-02-20T18:57:16.045+0000] {logging_mixin.py:188} INFO - [2024-02-20T18:57:16.045+0000] {dag.py:3036} INFO - Sync 1 DAGs
[2024-02-20T18:57:16.057+0000] {logging_mixin.py:188} INFO - [2024-02-20T18:57:16.057+0000] {dag.py:3823} INFO - Setting next_dagrun for tutorial_dag to None, run_after=None
[2024-02-20T18:57:16.079+0000] {processor.py:183} INFO - Processing /home/ubuntu/reddit_venv/lib/python3.10/site-packages/airflow/example_dags/tutorial_dag.py took 0.061 seconds
[2024-02-20T18:58:14.290+0000] {processor.py:161} INFO - Started process (PID=3416) to work on /home/ubuntu/reddit_venv/lib/python3.10/site-packages/airflow/example_dags/tutorial_dag.py
[2024-02-20T18:58:14.291+0000] {processor.py:830} INFO - Processing file /home/ubuntu/reddit_venv/lib/python3.10/site-packages/airflow/example_dags/tutorial_dag.py for tasks to queue
[2024-02-20T18:58:14.292+0000] {logging_mixin.py:188} INFO - [2024-02-20T18:58:14.292+0000] {dagbag.py:538} INFO - Filling up the DagBag from /home/ubuntu/reddit_venv/lib/python3.10/site-packages/airflow/example_dags/tutorial_dag.py
[2024-02-20T18:58:14.298+0000] {processor.py:840} INFO - DAG(s) 'tutorial_dag' retrieved from /home/ubuntu/reddit_venv/lib/python3.10/site-packages/airflow/example_dags/tutorial_dag.py
[2024-02-20T18:58:14.314+0000] {logging_mixin.py:188} INFO - [2024-02-20T18:58:14.314+0000] {dag.py:3036} INFO - Sync 1 DAGs
[2024-02-20T18:58:14.326+0000] {logging_mixin.py:188} INFO - [2024-02-20T18:58:14.326+0000] {dag.py:3823} INFO - Setting next_dagrun for tutorial_dag to None, run_after=None
[2024-02-20T18:58:14.348+0000] {processor.py:183} INFO - Processing /home/ubuntu/reddit_venv/lib/python3.10/site-packages/airflow/example_dags/tutorial_dag.py took 0.062 seconds
[2024-02-20T18:58:54.207+0000] {processor.py:161} INFO - Started process (PID=3461) to work on /home/ubuntu/reddit_venv/lib/python3.10/site-packages/airflow/example_dags/tutorial_dag.py
[2024-02-20T18:58:54.208+0000] {processor.py:830} INFO - Processing file /home/ubuntu/reddit_venv/lib/python3.10/site-packages/airflow/example_dags/tutorial_dag.py for tasks to queue
[2024-02-20T18:58:54.209+0000] {logging_mixin.py:188} INFO - [2024-02-20T18:58:54.209+0000] {dagbag.py:538} INFO - Filling up the DagBag from /home/ubuntu/reddit_venv/lib/python3.10/site-packages/airflow/example_dags/tutorial_dag.py
[2024-02-20T18:58:54.215+0000] {processor.py:840} INFO - DAG(s) 'tutorial_dag' retrieved from /home/ubuntu/reddit_venv/lib/python3.10/site-packages/airflow/example_dags/tutorial_dag.py
[2024-02-20T18:58:54.230+0000] {logging_mixin.py:188} INFO - [2024-02-20T18:58:54.230+0000] {dag.py:3036} INFO - Sync 1 DAGs
[2024-02-20T18:58:54.242+0000] {logging_mixin.py:188} INFO - [2024-02-20T18:58:54.242+0000] {dag.py:3823} INFO - Setting next_dagrun for tutorial_dag to None, run_after=None
[2024-02-20T18:58:54.263+0000] {processor.py:183} INFO - Processing /home/ubuntu/reddit_venv/lib/python3.10/site-packages/airflow/example_dags/tutorial_dag.py took 0.060 seconds
[2024-02-20T18:59:30.429+0000] {processor.py:161} INFO - Started process (PID=3567) to work on /home/ubuntu/reddit_venv/lib/python3.10/site-packages/airflow/example_dags/tutorial_dag.py
[2024-02-20T18:59:30.431+0000] {processor.py:830} INFO - Processing file /home/ubuntu/reddit_venv/lib/python3.10/site-packages/airflow/example_dags/tutorial_dag.py for tasks to queue
[2024-02-20T18:59:30.432+0000] {logging_mixin.py:188} INFO - [2024-02-20T18:59:30.431+0000] {dagbag.py:538} INFO - Filling up the DagBag from /home/ubuntu/reddit_venv/lib/python3.10/site-packages/airflow/example_dags/tutorial_dag.py
[2024-02-20T18:59:30.438+0000] {processor.py:840} INFO - DAG(s) 'tutorial_dag' retrieved from /home/ubuntu/reddit_venv/lib/python3.10/site-packages/airflow/example_dags/tutorial_dag.py
[2024-02-20T18:59:30.454+0000] {logging_mixin.py:188} INFO - [2024-02-20T18:59:30.454+0000] {dag.py:3036} INFO - Sync 1 DAGs
[2024-02-20T18:59:30.467+0000] {logging_mixin.py:188} INFO - [2024-02-20T18:59:30.467+0000] {dag.py:3823} INFO - Setting next_dagrun for tutorial_dag to None, run_after=None
[2024-02-20T18:59:30.490+0000] {processor.py:183} INFO - Processing /home/ubuntu/reddit_venv/lib/python3.10/site-packages/airflow/example_dags/tutorial_dag.py took 0.065 seconds
[2024-02-20T19:00:40.644+0000] {processor.py:161} INFO - Started process (PID=4136) to work on /home/ubuntu/reddit_venv/lib/python3.10/site-packages/airflow/example_dags/tutorial_dag.py
[2024-02-20T19:00:40.646+0000] {processor.py:830} INFO - Processing file /home/ubuntu/reddit_venv/lib/python3.10/site-packages/airflow/example_dags/tutorial_dag.py for tasks to queue
[2024-02-20T19:00:40.646+0000] {logging_mixin.py:188} INFO - [2024-02-20T19:00:40.646+0000] {dagbag.py:538} INFO - Filling up the DagBag from /home/ubuntu/reddit_venv/lib/python3.10/site-packages/airflow/example_dags/tutorial_dag.py
[2024-02-20T19:00:40.653+0000] {processor.py:840} INFO - DAG(s) 'tutorial_dag' retrieved from /home/ubuntu/reddit_venv/lib/python3.10/site-packages/airflow/example_dags/tutorial_dag.py
[2024-02-20T19:00:40.668+0000] {logging_mixin.py:188} INFO - [2024-02-20T19:00:40.668+0000] {dag.py:3036} INFO - Sync 1 DAGs
[2024-02-20T19:00:40.679+0000] {logging_mixin.py:188} INFO - [2024-02-20T19:00:40.679+0000] {dag.py:3823} INFO - Setting next_dagrun for tutorial_dag to None, run_after=None
[2024-02-20T19:00:40.701+0000] {processor.py:183} INFO - Processing /home/ubuntu/reddit_venv/lib/python3.10/site-packages/airflow/example_dags/tutorial_dag.py took 0.060 seconds
[2024-02-20T19:01:24.929+0000] {processor.py:161} INFO - Started process (PID=4309) to work on /home/ubuntu/reddit_venv/lib/python3.10/site-packages/airflow/example_dags/tutorial_dag.py
[2024-02-20T19:01:24.931+0000] {processor.py:830} INFO - Processing file /home/ubuntu/reddit_venv/lib/python3.10/site-packages/airflow/example_dags/tutorial_dag.py for tasks to queue
[2024-02-20T19:01:24.932+0000] {logging_mixin.py:188} INFO - [2024-02-20T19:01:24.931+0000] {dagbag.py:538} INFO - Filling up the DagBag from /home/ubuntu/reddit_venv/lib/python3.10/site-packages/airflow/example_dags/tutorial_dag.py
[2024-02-20T19:01:24.938+0000] {processor.py:840} INFO - DAG(s) 'tutorial_dag' retrieved from /home/ubuntu/reddit_venv/lib/python3.10/site-packages/airflow/example_dags/tutorial_dag.py
[2024-02-20T19:01:24.953+0000] {logging_mixin.py:188} INFO - [2024-02-20T19:01:24.953+0000] {dag.py:3036} INFO - Sync 1 DAGs
[2024-02-20T19:01:24.965+0000] {logging_mixin.py:188} INFO - [2024-02-20T19:01:24.965+0000] {dag.py:3823} INFO - Setting next_dagrun for tutorial_dag to None, run_after=None
[2024-02-20T19:01:24.987+0000] {processor.py:183} INFO - Processing /home/ubuntu/reddit_venv/lib/python3.10/site-packages/airflow/example_dags/tutorial_dag.py took 0.061 seconds
[2024-02-20T19:02:13.959+0000] {processor.py:161} INFO - Started process (PID=4424) to work on /home/ubuntu/reddit_venv/lib/python3.10/site-packages/airflow/example_dags/tutorial_dag.py
[2024-02-20T19:02:13.960+0000] {processor.py:830} INFO - Processing file /home/ubuntu/reddit_venv/lib/python3.10/site-packages/airflow/example_dags/tutorial_dag.py for tasks to queue
[2024-02-20T19:02:13.961+0000] {logging_mixin.py:188} INFO - [2024-02-20T19:02:13.961+0000] {dagbag.py:538} INFO - Filling up the DagBag from /home/ubuntu/reddit_venv/lib/python3.10/site-packages/airflow/example_dags/tutorial_dag.py
[2024-02-20T19:02:13.967+0000] {processor.py:840} INFO - DAG(s) 'tutorial_dag' retrieved from /home/ubuntu/reddit_venv/lib/python3.10/site-packages/airflow/example_dags/tutorial_dag.py
[2024-02-20T19:02:13.983+0000] {logging_mixin.py:188} INFO - [2024-02-20T19:02:13.982+0000] {dag.py:3036} INFO - Sync 1 DAGs
[2024-02-20T19:02:13.995+0000] {logging_mixin.py:188} INFO - [2024-02-20T19:02:13.994+0000] {dag.py:3823} INFO - Setting next_dagrun for tutorial_dag to None, run_after=None
[2024-02-20T19:02:14.017+0000] {processor.py:183} INFO - Processing /home/ubuntu/reddit_venv/lib/python3.10/site-packages/airflow/example_dags/tutorial_dag.py took 0.061 seconds
[2024-02-20T19:02:53.479+0000] {processor.py:161} INFO - Started process (PID=4470) to work on /home/ubuntu/reddit_venv/lib/python3.10/site-packages/airflow/example_dags/tutorial_dag.py
[2024-02-20T19:02:53.480+0000] {processor.py:830} INFO - Processing file /home/ubuntu/reddit_venv/lib/python3.10/site-packages/airflow/example_dags/tutorial_dag.py for tasks to queue
[2024-02-20T19:02:53.481+0000] {logging_mixin.py:188} INFO - [2024-02-20T19:02:53.481+0000] {dagbag.py:538} INFO - Filling up the DagBag from /home/ubuntu/reddit_venv/lib/python3.10/site-packages/airflow/example_dags/tutorial_dag.py
[2024-02-20T19:02:53.487+0000] {processor.py:840} INFO - DAG(s) 'tutorial_dag' retrieved from /home/ubuntu/reddit_venv/lib/python3.10/site-packages/airflow/example_dags/tutorial_dag.py
[2024-02-20T19:02:53.503+0000] {logging_mixin.py:188} INFO - [2024-02-20T19:02:53.503+0000] {dag.py:3036} INFO - Sync 1 DAGs
[2024-02-20T19:02:53.515+0000] {logging_mixin.py:188} INFO - [2024-02-20T19:02:53.514+0000] {dag.py:3823} INFO - Setting next_dagrun for tutorial_dag to None, run_after=None
[2024-02-20T19:02:53.538+0000] {processor.py:183} INFO - Processing /home/ubuntu/reddit_venv/lib/python3.10/site-packages/airflow/example_dags/tutorial_dag.py took 0.062 seconds
[2024-02-20T19:03:30.258+0000] {processor.py:161} INFO - Started process (PID=4577) to work on /home/ubuntu/reddit_venv/lib/python3.10/site-packages/airflow/example_dags/tutorial_dag.py
[2024-02-20T19:03:30.260+0000] {processor.py:830} INFO - Processing file /home/ubuntu/reddit_venv/lib/python3.10/site-packages/airflow/example_dags/tutorial_dag.py for tasks to queue
[2024-02-20T19:03:30.261+0000] {logging_mixin.py:188} INFO - [2024-02-20T19:03:30.260+0000] {dagbag.py:538} INFO - Filling up the DagBag from /home/ubuntu/reddit_venv/lib/python3.10/site-packages/airflow/example_dags/tutorial_dag.py
[2024-02-20T19:03:30.267+0000] {processor.py:840} INFO - DAG(s) 'tutorial_dag' retrieved from /home/ubuntu/reddit_venv/lib/python3.10/site-packages/airflow/example_dags/tutorial_dag.py
[2024-02-20T19:03:30.283+0000] {logging_mixin.py:188} INFO - [2024-02-20T19:03:30.283+0000] {dag.py:3036} INFO - Sync 1 DAGs
[2024-02-20T19:03:30.295+0000] {logging_mixin.py:188} INFO - [2024-02-20T19:03:30.295+0000] {dag.py:3823} INFO - Setting next_dagrun for tutorial_dag to None, run_after=None
[2024-02-20T19:03:30.316+0000] {processor.py:183} INFO - Processing /home/ubuntu/reddit_venv/lib/python3.10/site-packages/airflow/example_dags/tutorial_dag.py took 0.061 seconds
[2024-02-20T19:04:10.396+0000] {processor.py:161} INFO - Started process (PID=4682) to work on /home/ubuntu/reddit_venv/lib/python3.10/site-packages/airflow/example_dags/tutorial_dag.py
[2024-02-20T19:04:10.397+0000] {processor.py:830} INFO - Processing file /home/ubuntu/reddit_venv/lib/python3.10/site-packages/airflow/example_dags/tutorial_dag.py for tasks to queue
[2024-02-20T19:04:10.398+0000] {logging_mixin.py:188} INFO - [2024-02-20T19:04:10.398+0000] {dagbag.py:538} INFO - Filling up the DagBag from /home/ubuntu/reddit_venv/lib/python3.10/site-packages/airflow/example_dags/tutorial_dag.py
[2024-02-20T19:04:10.405+0000] {processor.py:840} INFO - DAG(s) 'tutorial_dag' retrieved from /home/ubuntu/reddit_venv/lib/python3.10/site-packages/airflow/example_dags/tutorial_dag.py
[2024-02-20T19:04:10.421+0000] {logging_mixin.py:188} INFO - [2024-02-20T19:04:10.421+0000] {dag.py:3036} INFO - Sync 1 DAGs
[2024-02-20T19:04:10.433+0000] {logging_mixin.py:188} INFO - [2024-02-20T19:04:10.433+0000] {dag.py:3823} INFO - Setting next_dagrun for tutorial_dag to None, run_after=None
[2024-02-20T19:04:10.457+0000] {processor.py:183} INFO - Processing /home/ubuntu/reddit_venv/lib/python3.10/site-packages/airflow/example_dags/tutorial_dag.py took 0.064 seconds
[2024-02-20T19:04:50.710+0000] {processor.py:161} INFO - Started process (PID=4730) to work on /home/ubuntu/reddit_venv/lib/python3.10/site-packages/airflow/example_dags/tutorial_dag.py
[2024-02-20T19:04:50.711+0000] {processor.py:830} INFO - Processing file /home/ubuntu/reddit_venv/lib/python3.10/site-packages/airflow/example_dags/tutorial_dag.py for tasks to queue
[2024-02-20T19:04:50.712+0000] {logging_mixin.py:188} INFO - [2024-02-20T19:04:50.712+0000] {dagbag.py:538} INFO - Filling up the DagBag from /home/ubuntu/reddit_venv/lib/python3.10/site-packages/airflow/example_dags/tutorial_dag.py
[2024-02-20T19:04:50.719+0000] {processor.py:840} INFO - DAG(s) 'tutorial_dag' retrieved from /home/ubuntu/reddit_venv/lib/python3.10/site-packages/airflow/example_dags/tutorial_dag.py
[2024-02-20T19:04:50.734+0000] {logging_mixin.py:188} INFO - [2024-02-20T19:04:50.734+0000] {dag.py:3036} INFO - Sync 1 DAGs
[2024-02-20T19:04:50.746+0000] {logging_mixin.py:188} INFO - [2024-02-20T19:04:50.746+0000] {dag.py:3823} INFO - Setting next_dagrun for tutorial_dag to None, run_after=None
[2024-02-20T19:04:50.769+0000] {processor.py:183} INFO - Processing /home/ubuntu/reddit_venv/lib/python3.10/site-packages/airflow/example_dags/tutorial_dag.py took 0.062 seconds
[2024-02-20T19:05:26.695+0000] {processor.py:161} INFO - Started process (PID=4833) to work on /home/ubuntu/reddit_venv/lib/python3.10/site-packages/airflow/example_dags/tutorial_dag.py
[2024-02-20T19:05:26.696+0000] {processor.py:830} INFO - Processing file /home/ubuntu/reddit_venv/lib/python3.10/site-packages/airflow/example_dags/tutorial_dag.py for tasks to queue
[2024-02-20T19:05:26.697+0000] {logging_mixin.py:188} INFO - [2024-02-20T19:05:26.697+0000] {dagbag.py:538} INFO - Filling up the DagBag from /home/ubuntu/reddit_venv/lib/python3.10/site-packages/airflow/example_dags/tutorial_dag.py
[2024-02-20T19:05:26.703+0000] {processor.py:840} INFO - DAG(s) 'tutorial_dag' retrieved from /home/ubuntu/reddit_venv/lib/python3.10/site-packages/airflow/example_dags/tutorial_dag.py
[2024-02-20T19:05:26.719+0000] {logging_mixin.py:188} INFO - [2024-02-20T19:05:26.719+0000] {dag.py:3036} INFO - Sync 1 DAGs
[2024-02-20T19:05:26.731+0000] {logging_mixin.py:188} INFO - [2024-02-20T19:05:26.731+0000] {dag.py:3823} INFO - Setting next_dagrun for tutorial_dag to None, run_after=None
[2024-02-20T19:05:26.752+0000] {processor.py:183} INFO - Processing /home/ubuntu/reddit_venv/lib/python3.10/site-packages/airflow/example_dags/tutorial_dag.py took 0.061 seconds
[2024-02-20T19:06:06.215+0000] {processor.py:161} INFO - Started process (PID=5178) to work on /home/ubuntu/reddit_venv/lib/python3.10/site-packages/airflow/example_dags/tutorial_dag.py
[2024-02-20T19:06:06.217+0000] {processor.py:830} INFO - Processing file /home/ubuntu/reddit_venv/lib/python3.10/site-packages/airflow/example_dags/tutorial_dag.py for tasks to queue
[2024-02-20T19:06:06.218+0000] {logging_mixin.py:188} INFO - [2024-02-20T19:06:06.217+0000] {dagbag.py:538} INFO - Filling up the DagBag from /home/ubuntu/reddit_venv/lib/python3.10/site-packages/airflow/example_dags/tutorial_dag.py
[2024-02-20T19:06:06.224+0000] {processor.py:840} INFO - DAG(s) 'tutorial_dag' retrieved from /home/ubuntu/reddit_venv/lib/python3.10/site-packages/airflow/example_dags/tutorial_dag.py
[2024-02-20T19:06:06.241+0000] {logging_mixin.py:188} INFO - [2024-02-20T19:06:06.241+0000] {dag.py:3036} INFO - Sync 1 DAGs
[2024-02-20T19:06:06.253+0000] {logging_mixin.py:188} INFO - [2024-02-20T19:06:06.253+0000] {dag.py:3823} INFO - Setting next_dagrun for tutorial_dag to None, run_after=None
[2024-02-20T19:06:06.316+0000] {processor.py:183} INFO - Processing /home/ubuntu/reddit_venv/lib/python3.10/site-packages/airflow/example_dags/tutorial_dag.py took 0.104 seconds
[2024-02-20T19:06:41.458+0000] {processor.py:161} INFO - Started process (PID=5218) to work on /home/ubuntu/reddit_venv/lib/python3.10/site-packages/airflow/example_dags/tutorial_dag.py
[2024-02-20T19:06:41.460+0000] {processor.py:830} INFO - Processing file /home/ubuntu/reddit_venv/lib/python3.10/site-packages/airflow/example_dags/tutorial_dag.py for tasks to queue
[2024-02-20T19:06:41.461+0000] {logging_mixin.py:188} INFO - [2024-02-20T19:06:41.460+0000] {dagbag.py:538} INFO - Filling up the DagBag from /home/ubuntu/reddit_venv/lib/python3.10/site-packages/airflow/example_dags/tutorial_dag.py
[2024-02-20T19:06:41.467+0000] {processor.py:840} INFO - DAG(s) 'tutorial_dag' retrieved from /home/ubuntu/reddit_venv/lib/python3.10/site-packages/airflow/example_dags/tutorial_dag.py
[2024-02-20T19:06:41.483+0000] {logging_mixin.py:188} INFO - [2024-02-20T19:06:41.483+0000] {dag.py:3036} INFO - Sync 1 DAGs
[2024-02-20T19:06:41.495+0000] {logging_mixin.py:188} INFO - [2024-02-20T19:06:41.495+0000] {dag.py:3823} INFO - Setting next_dagrun for tutorial_dag to None, run_after=None
[2024-02-20T19:06:41.517+0000] {processor.py:183} INFO - Processing /home/ubuntu/reddit_venv/lib/python3.10/site-packages/airflow/example_dags/tutorial_dag.py took 0.062 seconds
[2024-02-20T19:07:19.659+0000] {processor.py:161} INFO - Started process (PID=5325) to work on /home/ubuntu/reddit_venv/lib/python3.10/site-packages/airflow/example_dags/tutorial_dag.py
[2024-02-20T19:07:19.660+0000] {processor.py:830} INFO - Processing file /home/ubuntu/reddit_venv/lib/python3.10/site-packages/airflow/example_dags/tutorial_dag.py for tasks to queue
[2024-02-20T19:07:19.661+0000] {logging_mixin.py:188} INFO - [2024-02-20T19:07:19.661+0000] {dagbag.py:538} INFO - Filling up the DagBag from /home/ubuntu/reddit_venv/lib/python3.10/site-packages/airflow/example_dags/tutorial_dag.py
[2024-02-20T19:07:19.667+0000] {processor.py:840} INFO - DAG(s) 'tutorial_dag' retrieved from /home/ubuntu/reddit_venv/lib/python3.10/site-packages/airflow/example_dags/tutorial_dag.py
[2024-02-20T19:07:19.683+0000] {logging_mixin.py:188} INFO - [2024-02-20T19:07:19.683+0000] {dag.py:3036} INFO - Sync 1 DAGs
[2024-02-20T19:07:19.695+0000] {logging_mixin.py:188} INFO - [2024-02-20T19:07:19.695+0000] {dag.py:3823} INFO - Setting next_dagrun for tutorial_dag to None, run_after=None
[2024-02-20T19:07:19.718+0000] {processor.py:183} INFO - Processing /home/ubuntu/reddit_venv/lib/python3.10/site-packages/airflow/example_dags/tutorial_dag.py took 0.063 seconds
[2024-02-20T19:08:16.216+0000] {processor.py:161} INFO - Started process (PID=5764) to work on /home/ubuntu/reddit_venv/lib/python3.10/site-packages/airflow/example_dags/tutorial_dag.py
[2024-02-20T19:08:16.218+0000] {processor.py:830} INFO - Processing file /home/ubuntu/reddit_venv/lib/python3.10/site-packages/airflow/example_dags/tutorial_dag.py for tasks to queue
[2024-02-20T19:08:16.219+0000] {logging_mixin.py:188} INFO - [2024-02-20T19:08:16.218+0000] {dagbag.py:538} INFO - Filling up the DagBag from /home/ubuntu/reddit_venv/lib/python3.10/site-packages/airflow/example_dags/tutorial_dag.py
[2024-02-20T19:08:16.225+0000] {processor.py:840} INFO - DAG(s) 'tutorial_dag' retrieved from /home/ubuntu/reddit_venv/lib/python3.10/site-packages/airflow/example_dags/tutorial_dag.py
[2024-02-20T19:08:16.241+0000] {logging_mixin.py:188} INFO - [2024-02-20T19:08:16.240+0000] {dag.py:3036} INFO - Sync 1 DAGs
[2024-02-20T19:08:16.253+0000] {logging_mixin.py:188} INFO - [2024-02-20T19:08:16.252+0000] {dag.py:3823} INFO - Setting next_dagrun for tutorial_dag to None, run_after=None
[2024-02-20T19:08:16.275+0000] {processor.py:183} INFO - Processing /home/ubuntu/reddit_venv/lib/python3.10/site-packages/airflow/example_dags/tutorial_dag.py took 0.062 seconds
[2024-02-20T19:09:06.939+0000] {processor.py:161} INFO - Started process (PID=6000) to work on /home/ubuntu/reddit_venv/lib/python3.10/site-packages/airflow/example_dags/tutorial_dag.py
[2024-02-20T19:09:06.940+0000] {processor.py:830} INFO - Processing file /home/ubuntu/reddit_venv/lib/python3.10/site-packages/airflow/example_dags/tutorial_dag.py for tasks to queue
[2024-02-20T19:09:06.941+0000] {logging_mixin.py:188} INFO - [2024-02-20T19:09:06.941+0000] {dagbag.py:538} INFO - Filling up the DagBag from /home/ubuntu/reddit_venv/lib/python3.10/site-packages/airflow/example_dags/tutorial_dag.py
[2024-02-20T19:09:06.947+0000] {processor.py:840} INFO - DAG(s) 'tutorial_dag' retrieved from /home/ubuntu/reddit_venv/lib/python3.10/site-packages/airflow/example_dags/tutorial_dag.py
[2024-02-20T19:09:06.963+0000] {logging_mixin.py:188} INFO - [2024-02-20T19:09:06.963+0000] {dag.py:3036} INFO - Sync 1 DAGs
[2024-02-20T19:09:06.975+0000] {logging_mixin.py:188} INFO - [2024-02-20T19:09:06.975+0000] {dag.py:3823} INFO - Setting next_dagrun for tutorial_dag to None, run_after=None
[2024-02-20T19:09:06.997+0000] {processor.py:183} INFO - Processing /home/ubuntu/reddit_venv/lib/python3.10/site-packages/airflow/example_dags/tutorial_dag.py took 0.061 seconds
[2024-02-20T19:09:46.546+0000] {processor.py:161} INFO - Started process (PID=6045) to work on /home/ubuntu/reddit_venv/lib/python3.10/site-packages/airflow/example_dags/tutorial_dag.py
[2024-02-20T19:09:46.548+0000] {processor.py:830} INFO - Processing file /home/ubuntu/reddit_venv/lib/python3.10/site-packages/airflow/example_dags/tutorial_dag.py for tasks to queue
[2024-02-20T19:09:46.549+0000] {logging_mixin.py:188} INFO - [2024-02-20T19:09:46.548+0000] {dagbag.py:538} INFO - Filling up the DagBag from /home/ubuntu/reddit_venv/lib/python3.10/site-packages/airflow/example_dags/tutorial_dag.py
[2024-02-20T19:09:46.555+0000] {processor.py:840} INFO - DAG(s) 'tutorial_dag' retrieved from /home/ubuntu/reddit_venv/lib/python3.10/site-packages/airflow/example_dags/tutorial_dag.py
[2024-02-20T19:09:46.570+0000] {logging_mixin.py:188} INFO - [2024-02-20T19:09:46.570+0000] {dag.py:3036} INFO - Sync 1 DAGs
[2024-02-20T19:09:46.582+0000] {logging_mixin.py:188} INFO - [2024-02-20T19:09:46.581+0000] {dag.py:3823} INFO - Setting next_dagrun for tutorial_dag to None, run_after=None
[2024-02-20T19:09:46.604+0000] {processor.py:183} INFO - Processing /home/ubuntu/reddit_venv/lib/python3.10/site-packages/airflow/example_dags/tutorial_dag.py took 0.060 seconds
[2024-02-20T19:10:26.320+0000] {processor.py:161} INFO - Started process (PID=6151) to work on /home/ubuntu/reddit_venv/lib/python3.10/site-packages/airflow/example_dags/tutorial_dag.py
[2024-02-20T19:10:26.322+0000] {processor.py:830} INFO - Processing file /home/ubuntu/reddit_venv/lib/python3.10/site-packages/airflow/example_dags/tutorial_dag.py for tasks to queue
[2024-02-20T19:10:26.323+0000] {logging_mixin.py:188} INFO - [2024-02-20T19:10:26.322+0000] {dagbag.py:538} INFO - Filling up the DagBag from /home/ubuntu/reddit_venv/lib/python3.10/site-packages/airflow/example_dags/tutorial_dag.py
[2024-02-20T19:10:26.329+0000] {processor.py:840} INFO - DAG(s) 'tutorial_dag' retrieved from /home/ubuntu/reddit_venv/lib/python3.10/site-packages/airflow/example_dags/tutorial_dag.py
[2024-02-20T19:10:26.345+0000] {logging_mixin.py:188} INFO - [2024-02-20T19:10:26.345+0000] {dag.py:3036} INFO - Sync 1 DAGs
[2024-02-20T19:10:26.357+0000] {logging_mixin.py:188} INFO - [2024-02-20T19:10:26.356+0000] {dag.py:3823} INFO - Setting next_dagrun for tutorial_dag to None, run_after=None
[2024-02-20T19:10:26.378+0000] {processor.py:183} INFO - Processing /home/ubuntu/reddit_venv/lib/python3.10/site-packages/airflow/example_dags/tutorial_dag.py took 0.061 seconds
[2024-02-20T19:11:03.365+0000] {processor.py:161} INFO - Started process (PID=6257) to work on /home/ubuntu/reddit_venv/lib/python3.10/site-packages/airflow/example_dags/tutorial_dag.py
[2024-02-20T19:11:03.367+0000] {processor.py:830} INFO - Processing file /home/ubuntu/reddit_venv/lib/python3.10/site-packages/airflow/example_dags/tutorial_dag.py for tasks to queue
[2024-02-20T19:11:03.368+0000] {logging_mixin.py:188} INFO - [2024-02-20T19:11:03.367+0000] {dagbag.py:538} INFO - Filling up the DagBag from /home/ubuntu/reddit_venv/lib/python3.10/site-packages/airflow/example_dags/tutorial_dag.py
[2024-02-20T19:11:03.374+0000] {processor.py:840} INFO - DAG(s) 'tutorial_dag' retrieved from /home/ubuntu/reddit_venv/lib/python3.10/site-packages/airflow/example_dags/tutorial_dag.py
[2024-02-20T19:11:03.390+0000] {logging_mixin.py:188} INFO - [2024-02-20T19:11:03.390+0000] {dag.py:3036} INFO - Sync 1 DAGs
[2024-02-20T19:11:03.402+0000] {logging_mixin.py:188} INFO - [2024-02-20T19:11:03.401+0000] {dag.py:3823} INFO - Setting next_dagrun for tutorial_dag to None, run_after=None
[2024-02-20T19:11:03.425+0000] {processor.py:183} INFO - Processing /home/ubuntu/reddit_venv/lib/python3.10/site-packages/airflow/example_dags/tutorial_dag.py took 0.063 seconds
[2024-02-20T19:11:55.701+0000] {processor.py:161} INFO - Started process (PID=6375) to work on /home/ubuntu/reddit_venv/lib/python3.10/site-packages/airflow/example_dags/tutorial_dag.py
[2024-02-20T19:11:55.703+0000] {processor.py:830} INFO - Processing file /home/ubuntu/reddit_venv/lib/python3.10/site-packages/airflow/example_dags/tutorial_dag.py for tasks to queue
[2024-02-20T19:11:55.704+0000] {logging_mixin.py:188} INFO - [2024-02-20T19:11:55.703+0000] {dagbag.py:538} INFO - Filling up the DagBag from /home/ubuntu/reddit_venv/lib/python3.10/site-packages/airflow/example_dags/tutorial_dag.py
[2024-02-20T19:11:55.710+0000] {processor.py:840} INFO - DAG(s) 'tutorial_dag' retrieved from /home/ubuntu/reddit_venv/lib/python3.10/site-packages/airflow/example_dags/tutorial_dag.py
[2024-02-20T19:11:55.725+0000] {logging_mixin.py:188} INFO - [2024-02-20T19:11:55.725+0000] {dag.py:3036} INFO - Sync 1 DAGs
[2024-02-20T19:11:55.737+0000] {logging_mixin.py:188} INFO - [2024-02-20T19:11:55.736+0000] {dag.py:3823} INFO - Setting next_dagrun for tutorial_dag to None, run_after=None
[2024-02-20T19:11:55.760+0000] {processor.py:183} INFO - Processing /home/ubuntu/reddit_venv/lib/python3.10/site-packages/airflow/example_dags/tutorial_dag.py took 0.062 seconds
[2024-02-20T19:12:33.656+0000] {processor.py:161} INFO - Started process (PID=6480) to work on /home/ubuntu/reddit_venv/lib/python3.10/site-packages/airflow/example_dags/tutorial_dag.py
[2024-02-20T19:12:33.658+0000] {processor.py:830} INFO - Processing file /home/ubuntu/reddit_venv/lib/python3.10/site-packages/airflow/example_dags/tutorial_dag.py for tasks to queue
[2024-02-20T19:12:33.659+0000] {logging_mixin.py:188} INFO - [2024-02-20T19:12:33.658+0000] {dagbag.py:538} INFO - Filling up the DagBag from /home/ubuntu/reddit_venv/lib/python3.10/site-packages/airflow/example_dags/tutorial_dag.py
[2024-02-20T19:12:33.665+0000] {processor.py:840} INFO - DAG(s) 'tutorial_dag' retrieved from /home/ubuntu/reddit_venv/lib/python3.10/site-packages/airflow/example_dags/tutorial_dag.py
[2024-02-20T19:12:33.681+0000] {logging_mixin.py:188} INFO - [2024-02-20T19:12:33.681+0000] {dag.py:3036} INFO - Sync 1 DAGs
[2024-02-20T19:12:33.693+0000] {logging_mixin.py:188} INFO - [2024-02-20T19:12:33.692+0000] {dag.py:3823} INFO - Setting next_dagrun for tutorial_dag to None, run_after=None
[2024-02-20T19:12:33.715+0000] {processor.py:183} INFO - Processing /home/ubuntu/reddit_venv/lib/python3.10/site-packages/airflow/example_dags/tutorial_dag.py took 0.062 seconds
[2024-02-20T19:13:11.372+0000] {processor.py:161} INFO - Started process (PID=6580) to work on /home/ubuntu/reddit_venv/lib/python3.10/site-packages/airflow/example_dags/tutorial_dag.py
[2024-02-20T19:13:11.373+0000] {processor.py:830} INFO - Processing file /home/ubuntu/reddit_venv/lib/python3.10/site-packages/airflow/example_dags/tutorial_dag.py for tasks to queue
[2024-02-20T19:13:11.374+0000] {logging_mixin.py:188} INFO - [2024-02-20T19:13:11.374+0000] {dagbag.py:538} INFO - Filling up the DagBag from /home/ubuntu/reddit_venv/lib/python3.10/site-packages/airflow/example_dags/tutorial_dag.py
[2024-02-20T19:13:11.380+0000] {processor.py:840} INFO - DAG(s) 'tutorial_dag' retrieved from /home/ubuntu/reddit_venv/lib/python3.10/site-packages/airflow/example_dags/tutorial_dag.py
[2024-02-20T19:13:11.395+0000] {logging_mixin.py:188} INFO - [2024-02-20T19:13:11.395+0000] {dag.py:3036} INFO - Sync 1 DAGs
[2024-02-20T19:13:11.407+0000] {logging_mixin.py:188} INFO - [2024-02-20T19:13:11.406+0000] {dag.py:3823} INFO - Setting next_dagrun for tutorial_dag to None, run_after=None
[2024-02-20T19:13:11.428+0000] {processor.py:183} INFO - Processing /home/ubuntu/reddit_venv/lib/python3.10/site-packages/airflow/example_dags/tutorial_dag.py took 0.059 seconds
[2024-02-20T19:13:52.986+0000] {processor.py:161} INFO - Started process (PID=6627) to work on /home/ubuntu/reddit_venv/lib/python3.10/site-packages/airflow/example_dags/tutorial_dag.py
[2024-02-20T19:13:52.987+0000] {processor.py:830} INFO - Processing file /home/ubuntu/reddit_venv/lib/python3.10/site-packages/airflow/example_dags/tutorial_dag.py for tasks to queue
[2024-02-20T19:13:52.988+0000] {logging_mixin.py:188} INFO - [2024-02-20T19:13:52.988+0000] {dagbag.py:538} INFO - Filling up the DagBag from /home/ubuntu/reddit_venv/lib/python3.10/site-packages/airflow/example_dags/tutorial_dag.py
[2024-02-20T19:13:52.995+0000] {processor.py:840} INFO - DAG(s) 'tutorial_dag' retrieved from /home/ubuntu/reddit_venv/lib/python3.10/site-packages/airflow/example_dags/tutorial_dag.py
[2024-02-20T19:13:53.011+0000] {logging_mixin.py:188} INFO - [2024-02-20T19:13:53.011+0000] {dag.py:3036} INFO - Sync 1 DAGs
[2024-02-20T19:13:53.022+0000] {logging_mixin.py:188} INFO - [2024-02-20T19:13:53.022+0000] {dag.py:3823} INFO - Setting next_dagrun for tutorial_dag to None, run_after=None
[2024-02-20T19:13:53.045+0000] {processor.py:183} INFO - Processing /home/ubuntu/reddit_venv/lib/python3.10/site-packages/airflow/example_dags/tutorial_dag.py took 0.062 seconds
[2024-02-20T19:14:30.668+0000] {processor.py:161} INFO - Started process (PID=6734) to work on /home/ubuntu/reddit_venv/lib/python3.10/site-packages/airflow/example_dags/tutorial_dag.py
[2024-02-20T19:14:30.669+0000] {processor.py:830} INFO - Processing file /home/ubuntu/reddit_venv/lib/python3.10/site-packages/airflow/example_dags/tutorial_dag.py for tasks to queue
[2024-02-20T19:14:30.670+0000] {logging_mixin.py:188} INFO - [2024-02-20T19:14:30.670+0000] {dagbag.py:538} INFO - Filling up the DagBag from /home/ubuntu/reddit_venv/lib/python3.10/site-packages/airflow/example_dags/tutorial_dag.py
[2024-02-20T19:14:30.676+0000] {processor.py:840} INFO - DAG(s) 'tutorial_dag' retrieved from /home/ubuntu/reddit_venv/lib/python3.10/site-packages/airflow/example_dags/tutorial_dag.py
[2024-02-20T19:14:30.692+0000] {logging_mixin.py:188} INFO - [2024-02-20T19:14:30.691+0000] {dag.py:3036} INFO - Sync 1 DAGs
[2024-02-20T19:14:30.704+0000] {logging_mixin.py:188} INFO - [2024-02-20T19:14:30.703+0000] {dag.py:3823} INFO - Setting next_dagrun for tutorial_dag to None, run_after=None
[2024-02-20T19:14:30.726+0000] {processor.py:183} INFO - Processing /home/ubuntu/reddit_venv/lib/python3.10/site-packages/airflow/example_dags/tutorial_dag.py took 0.062 seconds
[2024-02-20T19:15:47.115+0000] {processor.py:161} INFO - Started process (PID=7315) to work on /home/ubuntu/reddit_venv/lib/python3.10/site-packages/airflow/example_dags/tutorial_dag.py
[2024-02-20T19:15:47.116+0000] {processor.py:830} INFO - Processing file /home/ubuntu/reddit_venv/lib/python3.10/site-packages/airflow/example_dags/tutorial_dag.py for tasks to queue
[2024-02-20T19:15:47.117+0000] {logging_mixin.py:188} INFO - [2024-02-20T19:15:47.117+0000] {dagbag.py:538} INFO - Filling up the DagBag from /home/ubuntu/reddit_venv/lib/python3.10/site-packages/airflow/example_dags/tutorial_dag.py
[2024-02-20T19:15:47.123+0000] {processor.py:840} INFO - DAG(s) 'tutorial_dag' retrieved from /home/ubuntu/reddit_venv/lib/python3.10/site-packages/airflow/example_dags/tutorial_dag.py
[2024-02-20T19:15:47.140+0000] {logging_mixin.py:188} INFO - [2024-02-20T19:15:47.139+0000] {dag.py:3036} INFO - Sync 1 DAGs
[2024-02-20T19:15:47.152+0000] {logging_mixin.py:188} INFO - [2024-02-20T19:15:47.152+0000] {dag.py:3823} INFO - Setting next_dagrun for tutorial_dag to None, run_after=None
[2024-02-20T19:15:47.175+0000] {processor.py:183} INFO - Processing /home/ubuntu/reddit_venv/lib/python3.10/site-packages/airflow/example_dags/tutorial_dag.py took 0.063 seconds
[2024-02-20T19:16:36.291+0000] {processor.py:161} INFO - Started process (PID=7490) to work on /home/ubuntu/reddit_venv/lib/python3.10/site-packages/airflow/example_dags/tutorial_dag.py
[2024-02-20T19:16:36.293+0000] {processor.py:830} INFO - Processing file /home/ubuntu/reddit_venv/lib/python3.10/site-packages/airflow/example_dags/tutorial_dag.py for tasks to queue
[2024-02-20T19:16:36.294+0000] {logging_mixin.py:188} INFO - [2024-02-20T19:16:36.293+0000] {dagbag.py:538} INFO - Filling up the DagBag from /home/ubuntu/reddit_venv/lib/python3.10/site-packages/airflow/example_dags/tutorial_dag.py
[2024-02-20T19:16:36.300+0000] {processor.py:840} INFO - DAG(s) 'tutorial_dag' retrieved from /home/ubuntu/reddit_venv/lib/python3.10/site-packages/airflow/example_dags/tutorial_dag.py
[2024-02-20T19:16:36.316+0000] {logging_mixin.py:188} INFO - [2024-02-20T19:16:36.316+0000] {dag.py:3036} INFO - Sync 1 DAGs
[2024-02-20T19:16:36.328+0000] {logging_mixin.py:188} INFO - [2024-02-20T19:16:36.328+0000] {dag.py:3823} INFO - Setting next_dagrun for tutorial_dag to None, run_after=None
[2024-02-20T19:16:36.351+0000] {processor.py:183} INFO - Processing /home/ubuntu/reddit_venv/lib/python3.10/site-packages/airflow/example_dags/tutorial_dag.py took 0.064 seconds
[2024-02-20T19:17:15.673+0000] {processor.py:161} INFO - Started process (PID=7598) to work on /home/ubuntu/reddit_venv/lib/python3.10/site-packages/airflow/example_dags/tutorial_dag.py
[2024-02-20T19:17:15.674+0000] {processor.py:830} INFO - Processing file /home/ubuntu/reddit_venv/lib/python3.10/site-packages/airflow/example_dags/tutorial_dag.py for tasks to queue
[2024-02-20T19:17:15.675+0000] {logging_mixin.py:188} INFO - [2024-02-20T19:17:15.675+0000] {dagbag.py:538} INFO - Filling up the DagBag from /home/ubuntu/reddit_venv/lib/python3.10/site-packages/airflow/example_dags/tutorial_dag.py
[2024-02-20T19:17:15.681+0000] {processor.py:840} INFO - DAG(s) 'tutorial_dag' retrieved from /home/ubuntu/reddit_venv/lib/python3.10/site-packages/airflow/example_dags/tutorial_dag.py
[2024-02-20T19:17:15.697+0000] {logging_mixin.py:188} INFO - [2024-02-20T19:17:15.696+0000] {dag.py:3036} INFO - Sync 1 DAGs
[2024-02-20T19:17:15.708+0000] {logging_mixin.py:188} INFO - [2024-02-20T19:17:15.708+0000] {dag.py:3823} INFO - Setting next_dagrun for tutorial_dag to None, run_after=None
[2024-02-20T19:17:15.731+0000] {processor.py:183} INFO - Processing /home/ubuntu/reddit_venv/lib/python3.10/site-packages/airflow/example_dags/tutorial_dag.py took 0.061 seconds
[2024-02-20T19:17:55.287+0000] {processor.py:161} INFO - Started process (PID=7644) to work on /home/ubuntu/reddit_venv/lib/python3.10/site-packages/airflow/example_dags/tutorial_dag.py
[2024-02-20T19:17:55.288+0000] {processor.py:830} INFO - Processing file /home/ubuntu/reddit_venv/lib/python3.10/site-packages/airflow/example_dags/tutorial_dag.py for tasks to queue
[2024-02-20T19:17:55.289+0000] {logging_mixin.py:188} INFO - [2024-02-20T19:17:55.289+0000] {dagbag.py:538} INFO - Filling up the DagBag from /home/ubuntu/reddit_venv/lib/python3.10/site-packages/airflow/example_dags/tutorial_dag.py
[2024-02-20T19:17:55.295+0000] {processor.py:840} INFO - DAG(s) 'tutorial_dag' retrieved from /home/ubuntu/reddit_venv/lib/python3.10/site-packages/airflow/example_dags/tutorial_dag.py
[2024-02-20T19:17:55.311+0000] {logging_mixin.py:188} INFO - [2024-02-20T19:17:55.311+0000] {dag.py:3036} INFO - Sync 1 DAGs
[2024-02-20T19:17:55.323+0000] {logging_mixin.py:188} INFO - [2024-02-20T19:17:55.323+0000] {dag.py:3823} INFO - Setting next_dagrun for tutorial_dag to None, run_after=None
[2024-02-20T19:17:55.345+0000] {processor.py:183} INFO - Processing /home/ubuntu/reddit_venv/lib/python3.10/site-packages/airflow/example_dags/tutorial_dag.py took 0.061 seconds
[2024-02-20T19:18:33.965+0000] {processor.py:161} INFO - Started process (PID=7748) to work on /home/ubuntu/reddit_venv/lib/python3.10/site-packages/airflow/example_dags/tutorial_dag.py
[2024-02-20T19:18:33.966+0000] {processor.py:830} INFO - Processing file /home/ubuntu/reddit_venv/lib/python3.10/site-packages/airflow/example_dags/tutorial_dag.py for tasks to queue
[2024-02-20T19:18:33.967+0000] {logging_mixin.py:188} INFO - [2024-02-20T19:18:33.967+0000] {dagbag.py:538} INFO - Filling up the DagBag from /home/ubuntu/reddit_venv/lib/python3.10/site-packages/airflow/example_dags/tutorial_dag.py
[2024-02-20T19:18:33.974+0000] {processor.py:840} INFO - DAG(s) 'tutorial_dag' retrieved from /home/ubuntu/reddit_venv/lib/python3.10/site-packages/airflow/example_dags/tutorial_dag.py
[2024-02-20T19:18:33.990+0000] {logging_mixin.py:188} INFO - [2024-02-20T19:18:33.989+0000] {dag.py:3036} INFO - Sync 1 DAGs
[2024-02-20T19:18:34.002+0000] {logging_mixin.py:188} INFO - [2024-02-20T19:18:34.002+0000] {dag.py:3823} INFO - Setting next_dagrun for tutorial_dag to None, run_after=None
[2024-02-20T19:18:34.025+0000] {processor.py:183} INFO - Processing /home/ubuntu/reddit_venv/lib/python3.10/site-packages/airflow/example_dags/tutorial_dag.py took 0.063 seconds
[2024-02-20T19:19:11.394+0000] {processor.py:161} INFO - Started process (PID=7853) to work on /home/ubuntu/reddit_venv/lib/python3.10/site-packages/airflow/example_dags/tutorial_dag.py
[2024-02-20T19:19:11.396+0000] {processor.py:830} INFO - Processing file /home/ubuntu/reddit_venv/lib/python3.10/site-packages/airflow/example_dags/tutorial_dag.py for tasks to queue
[2024-02-20T19:19:11.396+0000] {logging_mixin.py:188} INFO - [2024-02-20T19:19:11.396+0000] {dagbag.py:538} INFO - Filling up the DagBag from /home/ubuntu/reddit_venv/lib/python3.10/site-packages/airflow/example_dags/tutorial_dag.py
[2024-02-20T19:19:11.402+0000] {processor.py:840} INFO - DAG(s) 'tutorial_dag' retrieved from /home/ubuntu/reddit_venv/lib/python3.10/site-packages/airflow/example_dags/tutorial_dag.py
[2024-02-20T19:19:11.419+0000] {logging_mixin.py:188} INFO - [2024-02-20T19:19:11.419+0000] {dag.py:3036} INFO - Sync 1 DAGs
[2024-02-20T19:19:11.432+0000] {logging_mixin.py:188} INFO - [2024-02-20T19:19:11.431+0000] {dag.py:3823} INFO - Setting next_dagrun for tutorial_dag to None, run_after=None
[2024-02-20T19:19:11.454+0000] {processor.py:183} INFO - Processing /home/ubuntu/reddit_venv/lib/python3.10/site-packages/airflow/example_dags/tutorial_dag.py took 0.063 seconds
[2024-02-20T19:19:51.364+0000] {processor.py:161} INFO - Started process (PID=7899) to work on /home/ubuntu/reddit_venv/lib/python3.10/site-packages/airflow/example_dags/tutorial_dag.py
[2024-02-20T19:19:51.366+0000] {processor.py:830} INFO - Processing file /home/ubuntu/reddit_venv/lib/python3.10/site-packages/airflow/example_dags/tutorial_dag.py for tasks to queue
[2024-02-20T19:19:51.367+0000] {logging_mixin.py:188} INFO - [2024-02-20T19:19:51.367+0000] {dagbag.py:538} INFO - Filling up the DagBag from /home/ubuntu/reddit_venv/lib/python3.10/site-packages/airflow/example_dags/tutorial_dag.py
[2024-02-20T19:19:51.373+0000] {processor.py:840} INFO - DAG(s) 'tutorial_dag' retrieved from /home/ubuntu/reddit_venv/lib/python3.10/site-packages/airflow/example_dags/tutorial_dag.py
[2024-02-20T19:19:51.389+0000] {logging_mixin.py:188} INFO - [2024-02-20T19:19:51.389+0000] {dag.py:3036} INFO - Sync 1 DAGs
[2024-02-20T19:19:51.401+0000] {logging_mixin.py:188} INFO - [2024-02-20T19:19:51.400+0000] {dag.py:3823} INFO - Setting next_dagrun for tutorial_dag to None, run_after=None
[2024-02-20T19:19:51.422+0000] {processor.py:183} INFO - Processing /home/ubuntu/reddit_venv/lib/python3.10/site-packages/airflow/example_dags/tutorial_dag.py took 0.061 seconds
[2024-02-20T19:20:29.184+0000] {processor.py:161} INFO - Started process (PID=8000) to work on /home/ubuntu/reddit_venv/lib/python3.10/site-packages/airflow/example_dags/tutorial_dag.py
[2024-02-20T19:20:29.186+0000] {processor.py:830} INFO - Processing file /home/ubuntu/reddit_venv/lib/python3.10/site-packages/airflow/example_dags/tutorial_dag.py for tasks to queue
[2024-02-20T19:20:29.186+0000] {logging_mixin.py:188} INFO - [2024-02-20T19:20:29.186+0000] {dagbag.py:538} INFO - Filling up the DagBag from /home/ubuntu/reddit_venv/lib/python3.10/site-packages/airflow/example_dags/tutorial_dag.py
[2024-02-20T19:20:29.193+0000] {processor.py:840} INFO - DAG(s) 'tutorial_dag' retrieved from /home/ubuntu/reddit_venv/lib/python3.10/site-packages/airflow/example_dags/tutorial_dag.py
[2024-02-20T19:20:29.209+0000] {logging_mixin.py:188} INFO - [2024-02-20T19:20:29.208+0000] {dag.py:3036} INFO - Sync 1 DAGs
[2024-02-20T19:20:29.221+0000] {logging_mixin.py:188} INFO - [2024-02-20T19:20:29.220+0000] {dag.py:3823} INFO - Setting next_dagrun for tutorial_dag to None, run_after=None
[2024-02-20T19:20:29.244+0000] {processor.py:183} INFO - Processing /home/ubuntu/reddit_venv/lib/python3.10/site-packages/airflow/example_dags/tutorial_dag.py took 0.063 seconds
[2024-02-20T19:21:06.520+0000] {processor.py:161} INFO - Started process (PID=8130) to work on /home/ubuntu/reddit_venv/lib/python3.10/site-packages/airflow/example_dags/tutorial_dag.py
[2024-02-20T19:21:06.522+0000] {processor.py:830} INFO - Processing file /home/ubuntu/reddit_venv/lib/python3.10/site-packages/airflow/example_dags/tutorial_dag.py for tasks to queue
[2024-02-20T19:21:06.523+0000] {logging_mixin.py:188} INFO - [2024-02-20T19:21:06.522+0000] {dagbag.py:538} INFO - Filling up the DagBag from /home/ubuntu/reddit_venv/lib/python3.10/site-packages/airflow/example_dags/tutorial_dag.py
[2024-02-20T19:21:06.528+0000] {processor.py:840} INFO - DAG(s) 'tutorial_dag' retrieved from /home/ubuntu/reddit_venv/lib/python3.10/site-packages/airflow/example_dags/tutorial_dag.py
[2024-02-20T19:21:06.544+0000] {logging_mixin.py:188} INFO - [2024-02-20T19:21:06.544+0000] {dag.py:3036} INFO - Sync 1 DAGs
[2024-02-20T19:21:06.556+0000] {logging_mixin.py:188} INFO - [2024-02-20T19:21:06.556+0000] {dag.py:3823} INFO - Setting next_dagrun for tutorial_dag to None, run_after=None
[2024-02-20T19:21:06.578+0000] {processor.py:183} INFO - Processing /home/ubuntu/reddit_venv/lib/python3.10/site-packages/airflow/example_dags/tutorial_dag.py took 0.061 seconds
[2024-02-20T19:21:43.992+0000] {processor.py:161} INFO - Started process (PID=8208) to work on /home/ubuntu/reddit_venv/lib/python3.10/site-packages/airflow/example_dags/tutorial_dag.py
[2024-02-20T19:21:43.994+0000] {processor.py:830} INFO - Processing file /home/ubuntu/reddit_venv/lib/python3.10/site-packages/airflow/example_dags/tutorial_dag.py for tasks to queue
[2024-02-20T19:21:43.995+0000] {logging_mixin.py:188} INFO - [2024-02-20T19:21:43.994+0000] {dagbag.py:538} INFO - Filling up the DagBag from /home/ubuntu/reddit_venv/lib/python3.10/site-packages/airflow/example_dags/tutorial_dag.py
[2024-02-20T19:21:44.001+0000] {processor.py:840} INFO - DAG(s) 'tutorial_dag' retrieved from /home/ubuntu/reddit_venv/lib/python3.10/site-packages/airflow/example_dags/tutorial_dag.py
[2024-02-20T19:21:44.017+0000] {logging_mixin.py:188} INFO - [2024-02-20T19:21:44.017+0000] {dag.py:3036} INFO - Sync 1 DAGs
[2024-02-20T19:21:44.028+0000] {logging_mixin.py:188} INFO - [2024-02-20T19:21:44.028+0000] {dag.py:3823} INFO - Setting next_dagrun for tutorial_dag to None, run_after=None
[2024-02-20T19:21:44.049+0000] {processor.py:183} INFO - Processing /home/ubuntu/reddit_venv/lib/python3.10/site-packages/airflow/example_dags/tutorial_dag.py took 0.060 seconds
[2024-02-20T19:22:24.555+0000] {processor.py:161} INFO - Started process (PID=8317) to work on /home/ubuntu/reddit_venv/lib/python3.10/site-packages/airflow/example_dags/tutorial_dag.py
[2024-02-20T19:22:24.557+0000] {processor.py:830} INFO - Processing file /home/ubuntu/reddit_venv/lib/python3.10/site-packages/airflow/example_dags/tutorial_dag.py for tasks to queue
[2024-02-20T19:22:24.558+0000] {logging_mixin.py:188} INFO - [2024-02-20T19:22:24.557+0000] {dagbag.py:538} INFO - Filling up the DagBag from /home/ubuntu/reddit_venv/lib/python3.10/site-packages/airflow/example_dags/tutorial_dag.py
[2024-02-20T19:22:24.564+0000] {processor.py:840} INFO - DAG(s) 'tutorial_dag' retrieved from /home/ubuntu/reddit_venv/lib/python3.10/site-packages/airflow/example_dags/tutorial_dag.py
[2024-02-20T19:22:24.579+0000] {logging_mixin.py:188} INFO - [2024-02-20T19:22:24.579+0000] {dag.py:3036} INFO - Sync 1 DAGs
[2024-02-20T19:22:24.591+0000] {logging_mixin.py:188} INFO - [2024-02-20T19:22:24.591+0000] {dag.py:3823} INFO - Setting next_dagrun for tutorial_dag to None, run_after=None
[2024-02-20T19:22:24.614+0000] {processor.py:183} INFO - Processing /home/ubuntu/reddit_venv/lib/python3.10/site-packages/airflow/example_dags/tutorial_dag.py took 0.062 seconds
[2024-02-20T19:23:01.482+0000] {processor.py:161} INFO - Started process (PID=8361) to work on /home/ubuntu/reddit_venv/lib/python3.10/site-packages/airflow/example_dags/tutorial_dag.py
[2024-02-20T19:23:01.484+0000] {processor.py:830} INFO - Processing file /home/ubuntu/reddit_venv/lib/python3.10/site-packages/airflow/example_dags/tutorial_dag.py for tasks to queue
[2024-02-20T19:23:01.485+0000] {logging_mixin.py:188} INFO - [2024-02-20T19:23:01.485+0000] {dagbag.py:538} INFO - Filling up the DagBag from /home/ubuntu/reddit_venv/lib/python3.10/site-packages/airflow/example_dags/tutorial_dag.py
[2024-02-20T19:23:01.491+0000] {processor.py:840} INFO - DAG(s) 'tutorial_dag' retrieved from /home/ubuntu/reddit_venv/lib/python3.10/site-packages/airflow/example_dags/tutorial_dag.py
[2024-02-20T19:23:01.507+0000] {logging_mixin.py:188} INFO - [2024-02-20T19:23:01.507+0000] {dag.py:3036} INFO - Sync 1 DAGs
[2024-02-20T19:23:01.519+0000] {logging_mixin.py:188} INFO - [2024-02-20T19:23:01.519+0000] {dag.py:3823} INFO - Setting next_dagrun for tutorial_dag to None, run_after=None
[2024-02-20T19:23:01.541+0000] {processor.py:183} INFO - Processing /home/ubuntu/reddit_venv/lib/python3.10/site-packages/airflow/example_dags/tutorial_dag.py took 0.062 seconds
[2024-02-20T19:23:38.130+0000] {processor.py:161} INFO - Started process (PID=8462) to work on /home/ubuntu/reddit_venv/lib/python3.10/site-packages/airflow/example_dags/tutorial_dag.py
[2024-02-20T19:23:38.132+0000] {processor.py:830} INFO - Processing file /home/ubuntu/reddit_venv/lib/python3.10/site-packages/airflow/example_dags/tutorial_dag.py for tasks to queue
[2024-02-20T19:23:38.133+0000] {logging_mixin.py:188} INFO - [2024-02-20T19:23:38.133+0000] {dagbag.py:538} INFO - Filling up the DagBag from /home/ubuntu/reddit_venv/lib/python3.10/site-packages/airflow/example_dags/tutorial_dag.py
[2024-02-20T19:23:38.140+0000] {processor.py:840} INFO - DAG(s) 'tutorial_dag' retrieved from /home/ubuntu/reddit_venv/lib/python3.10/site-packages/airflow/example_dags/tutorial_dag.py
[2024-02-20T19:23:38.156+0000] {logging_mixin.py:188} INFO - [2024-02-20T19:23:38.156+0000] {dag.py:3036} INFO - Sync 1 DAGs
[2024-02-20T19:23:38.168+0000] {logging_mixin.py:188} INFO - [2024-02-20T19:23:38.168+0000] {dag.py:3823} INFO - Setting next_dagrun for tutorial_dag to None, run_after=None
[2024-02-20T19:23:38.190+0000] {processor.py:183} INFO - Processing /home/ubuntu/reddit_venv/lib/python3.10/site-packages/airflow/example_dags/tutorial_dag.py took 0.063 seconds
[2024-02-20T19:24:15.893+0000] {processor.py:161} INFO - Started process (PID=8565) to work on /home/ubuntu/reddit_venv/lib/python3.10/site-packages/airflow/example_dags/tutorial_dag.py
[2024-02-20T19:24:15.895+0000] {processor.py:830} INFO - Processing file /home/ubuntu/reddit_venv/lib/python3.10/site-packages/airflow/example_dags/tutorial_dag.py for tasks to queue
[2024-02-20T19:24:15.896+0000] {logging_mixin.py:188} INFO - [2024-02-20T19:24:15.895+0000] {dagbag.py:538} INFO - Filling up the DagBag from /home/ubuntu/reddit_venv/lib/python3.10/site-packages/airflow/example_dags/tutorial_dag.py
[2024-02-20T19:24:15.902+0000] {processor.py:840} INFO - DAG(s) 'tutorial_dag' retrieved from /home/ubuntu/reddit_venv/lib/python3.10/site-packages/airflow/example_dags/tutorial_dag.py
[2024-02-20T19:24:15.918+0000] {logging_mixin.py:188} INFO - [2024-02-20T19:24:15.918+0000] {dag.py:3036} INFO - Sync 1 DAGs
[2024-02-20T19:24:15.930+0000] {logging_mixin.py:188} INFO - [2024-02-20T19:24:15.930+0000] {dag.py:3823} INFO - Setting next_dagrun for tutorial_dag to None, run_after=None
[2024-02-20T19:24:15.953+0000] {processor.py:183} INFO - Processing /home/ubuntu/reddit_venv/lib/python3.10/site-packages/airflow/example_dags/tutorial_dag.py took 0.062 seconds
[2024-02-20T19:24:56.766+0000] {processor.py:161} INFO - Started process (PID=8611) to work on /home/ubuntu/reddit_venv/lib/python3.10/site-packages/airflow/example_dags/tutorial_dag.py
[2024-02-20T19:24:56.767+0000] {processor.py:830} INFO - Processing file /home/ubuntu/reddit_venv/lib/python3.10/site-packages/airflow/example_dags/tutorial_dag.py for tasks to queue
[2024-02-20T19:24:56.768+0000] {logging_mixin.py:188} INFO - [2024-02-20T19:24:56.768+0000] {dagbag.py:538} INFO - Filling up the DagBag from /home/ubuntu/reddit_venv/lib/python3.10/site-packages/airflow/example_dags/tutorial_dag.py
[2024-02-20T19:24:56.774+0000] {processor.py:840} INFO - DAG(s) 'tutorial_dag' retrieved from /home/ubuntu/reddit_venv/lib/python3.10/site-packages/airflow/example_dags/tutorial_dag.py
[2024-02-20T19:24:56.790+0000] {logging_mixin.py:188} INFO - [2024-02-20T19:24:56.790+0000] {dag.py:3036} INFO - Sync 1 DAGs
[2024-02-20T19:24:56.802+0000] {logging_mixin.py:188} INFO - [2024-02-20T19:24:56.802+0000] {dag.py:3823} INFO - Setting next_dagrun for tutorial_dag to None, run_after=None
[2024-02-20T19:24:56.823+0000] {processor.py:183} INFO - Processing /home/ubuntu/reddit_venv/lib/python3.10/site-packages/airflow/example_dags/tutorial_dag.py took 0.060 seconds
[2024-02-20T19:25:38.375+0000] {processor.py:161} INFO - Started process (PID=8718) to work on /home/ubuntu/reddit_venv/lib/python3.10/site-packages/airflow/example_dags/tutorial_dag.py
[2024-02-20T19:25:38.377+0000] {processor.py:830} INFO - Processing file /home/ubuntu/reddit_venv/lib/python3.10/site-packages/airflow/example_dags/tutorial_dag.py for tasks to queue
[2024-02-20T19:25:38.378+0000] {logging_mixin.py:188} INFO - [2024-02-20T19:25:38.377+0000] {dagbag.py:538} INFO - Filling up the DagBag from /home/ubuntu/reddit_venv/lib/python3.10/site-packages/airflow/example_dags/tutorial_dag.py
[2024-02-20T19:25:38.383+0000] {processor.py:840} INFO - DAG(s) 'tutorial_dag' retrieved from /home/ubuntu/reddit_venv/lib/python3.10/site-packages/airflow/example_dags/tutorial_dag.py
[2024-02-20T19:25:38.399+0000] {logging_mixin.py:188} INFO - [2024-02-20T19:25:38.399+0000] {dag.py:3036} INFO - Sync 1 DAGs
[2024-02-20T19:25:38.411+0000] {logging_mixin.py:188} INFO - [2024-02-20T19:25:38.411+0000] {dag.py:3823} INFO - Setting next_dagrun for tutorial_dag to None, run_after=None
[2024-02-20T19:25:38.432+0000] {processor.py:183} INFO - Processing /home/ubuntu/reddit_venv/lib/python3.10/site-packages/airflow/example_dags/tutorial_dag.py took 0.060 seconds
