[2024-02-20T18:06:38.520+0000] {processor.py:161} INFO - Started process (PID=1824) to work on /home/ubuntu/reddit_venv/lib/python3.10/site-packages/airflow/example_dags/tutorial_taskflow_api.py
[2024-02-20T18:06:38.522+0000] {processor.py:830} INFO - Processing file /home/ubuntu/reddit_venv/lib/python3.10/site-packages/airflow/example_dags/tutorial_taskflow_api.py for tasks to queue
[2024-02-20T18:06:38.523+0000] {logging_mixin.py:188} INFO - [2024-02-20T18:06:38.522+0000] {dagbag.py:538} INFO - Filling up the DagBag from /home/ubuntu/reddit_venv/lib/python3.10/site-packages/airflow/example_dags/tutorial_taskflow_api.py
[2024-02-20T18:06:38.533+0000] {processor.py:840} INFO - DAG(s) 'tutorial_taskflow_api' retrieved from /home/ubuntu/reddit_venv/lib/python3.10/site-packages/airflow/example_dags/tutorial_taskflow_api.py
[2024-02-20T18:06:38.540+0000] {logging_mixin.py:188} INFO - [2024-02-20T18:06:38.540+0000] {dag.py:3036} INFO - Sync 1 DAGs
[2024-02-20T18:06:38.554+0000] {logging_mixin.py:188} INFO - [2024-02-20T18:06:38.554+0000] {dag.py:3823} INFO - Setting next_dagrun for tutorial_taskflow_api to None, run_after=None
[2024-02-20T18:06:38.576+0000] {processor.py:183} INFO - Processing /home/ubuntu/reddit_venv/lib/python3.10/site-packages/airflow/example_dags/tutorial_taskflow_api.py took 0.059 seconds
[2024-02-20T18:07:29.397+0000] {processor.py:161} INFO - Started process (PID=2121) to work on /home/ubuntu/reddit_venv/lib/python3.10/site-packages/airflow/example_dags/tutorial_taskflow_api.py
[2024-02-20T18:07:29.398+0000] {processor.py:830} INFO - Processing file /home/ubuntu/reddit_venv/lib/python3.10/site-packages/airflow/example_dags/tutorial_taskflow_api.py for tasks to queue
[2024-02-20T18:07:29.399+0000] {logging_mixin.py:188} INFO - [2024-02-20T18:07:29.399+0000] {dagbag.py:538} INFO - Filling up the DagBag from /home/ubuntu/reddit_venv/lib/python3.10/site-packages/airflow/example_dags/tutorial_taskflow_api.py
[2024-02-20T18:07:29.407+0000] {processor.py:840} INFO - DAG(s) 'tutorial_taskflow_api' retrieved from /home/ubuntu/reddit_venv/lib/python3.10/site-packages/airflow/example_dags/tutorial_taskflow_api.py
[2024-02-20T18:07:29.504+0000] {logging_mixin.py:188} INFO - [2024-02-20T18:07:29.504+0000] {dag.py:3036} INFO - Sync 1 DAGs
[2024-02-20T18:07:29.514+0000] {logging_mixin.py:188} INFO - [2024-02-20T18:07:29.514+0000] {dag.py:3823} INFO - Setting next_dagrun for tutorial_taskflow_api to None, run_after=None
[2024-02-20T18:07:29.536+0000] {processor.py:183} INFO - Processing /home/ubuntu/reddit_venv/lib/python3.10/site-packages/airflow/example_dags/tutorial_taskflow_api.py took 0.143 seconds
[2024-02-20T18:08:11.820+0000] {processor.py:161} INFO - Started process (PID=2382) to work on /home/ubuntu/reddit_venv/lib/python3.10/site-packages/airflow/example_dags/tutorial_taskflow_api.py
[2024-02-20T18:08:11.822+0000] {processor.py:830} INFO - Processing file /home/ubuntu/reddit_venv/lib/python3.10/site-packages/airflow/example_dags/tutorial_taskflow_api.py for tasks to queue
[2024-02-20T18:08:11.823+0000] {logging_mixin.py:188} INFO - [2024-02-20T18:08:11.822+0000] {dagbag.py:538} INFO - Filling up the DagBag from /home/ubuntu/reddit_venv/lib/python3.10/site-packages/airflow/example_dags/tutorial_taskflow_api.py
[2024-02-20T18:08:11.830+0000] {processor.py:840} INFO - DAG(s) 'tutorial_taskflow_api' retrieved from /home/ubuntu/reddit_venv/lib/python3.10/site-packages/airflow/example_dags/tutorial_taskflow_api.py
[2024-02-20T18:08:11.846+0000] {logging_mixin.py:188} INFO - [2024-02-20T18:08:11.846+0000] {dag.py:3036} INFO - Sync 1 DAGs
[2024-02-20T18:08:11.858+0000] {logging_mixin.py:188} INFO - [2024-02-20T18:08:11.858+0000] {dag.py:3823} INFO - Setting next_dagrun for tutorial_taskflow_api to None, run_after=None
[2024-02-20T18:08:11.880+0000] {processor.py:183} INFO - Processing /home/ubuntu/reddit_venv/lib/python3.10/site-packages/airflow/example_dags/tutorial_taskflow_api.py took 0.063 seconds
[2024-02-20T18:08:50.268+0000] {processor.py:161} INFO - Started process (PID=2643) to work on /home/ubuntu/reddit_venv/lib/python3.10/site-packages/airflow/example_dags/tutorial_taskflow_api.py
[2024-02-20T18:08:50.269+0000] {processor.py:830} INFO - Processing file /home/ubuntu/reddit_venv/lib/python3.10/site-packages/airflow/example_dags/tutorial_taskflow_api.py for tasks to queue
[2024-02-20T18:08:50.270+0000] {logging_mixin.py:188} INFO - [2024-02-20T18:08:50.270+0000] {dagbag.py:538} INFO - Filling up the DagBag from /home/ubuntu/reddit_venv/lib/python3.10/site-packages/airflow/example_dags/tutorial_taskflow_api.py
[2024-02-20T18:08:50.278+0000] {processor.py:840} INFO - DAG(s) 'tutorial_taskflow_api' retrieved from /home/ubuntu/reddit_venv/lib/python3.10/site-packages/airflow/example_dags/tutorial_taskflow_api.py
[2024-02-20T18:08:50.293+0000] {logging_mixin.py:188} INFO - [2024-02-20T18:08:50.293+0000] {dag.py:3036} INFO - Sync 1 DAGs
[2024-02-20T18:08:50.305+0000] {logging_mixin.py:188} INFO - [2024-02-20T18:08:50.305+0000] {dag.py:3823} INFO - Setting next_dagrun for tutorial_taskflow_api to None, run_after=None
[2024-02-20T18:08:50.329+0000] {processor.py:183} INFO - Processing /home/ubuntu/reddit_venv/lib/python3.10/site-packages/airflow/example_dags/tutorial_taskflow_api.py took 0.064 seconds
[2024-02-20T18:09:40.130+0000] {processor.py:161} INFO - Started process (PID=3068) to work on /home/ubuntu/reddit_venv/lib/python3.10/site-packages/airflow/example_dags/tutorial_taskflow_api.py
[2024-02-20T18:09:40.132+0000] {processor.py:830} INFO - Processing file /home/ubuntu/reddit_venv/lib/python3.10/site-packages/airflow/example_dags/tutorial_taskflow_api.py for tasks to queue
[2024-02-20T18:09:40.133+0000] {logging_mixin.py:188} INFO - [2024-02-20T18:09:40.132+0000] {dagbag.py:538} INFO - Filling up the DagBag from /home/ubuntu/reddit_venv/lib/python3.10/site-packages/airflow/example_dags/tutorial_taskflow_api.py
[2024-02-20T18:09:40.140+0000] {processor.py:840} INFO - DAG(s) 'tutorial_taskflow_api' retrieved from /home/ubuntu/reddit_venv/lib/python3.10/site-packages/airflow/example_dags/tutorial_taskflow_api.py
[2024-02-20T18:09:40.156+0000] {logging_mixin.py:188} INFO - [2024-02-20T18:09:40.155+0000] {dag.py:3036} INFO - Sync 1 DAGs
[2024-02-20T18:09:40.168+0000] {logging_mixin.py:188} INFO - [2024-02-20T18:09:40.167+0000] {dag.py:3823} INFO - Setting next_dagrun for tutorial_taskflow_api to None, run_after=None
[2024-02-20T18:09:40.190+0000] {processor.py:183} INFO - Processing /home/ubuntu/reddit_venv/lib/python3.10/site-packages/airflow/example_dags/tutorial_taskflow_api.py took 0.063 seconds
[2024-02-20T18:10:27.905+0000] {processor.py:161} INFO - Started process (PID=3183) to work on /home/ubuntu/reddit_venv/lib/python3.10/site-packages/airflow/example_dags/tutorial_taskflow_api.py
[2024-02-20T18:10:27.906+0000] {processor.py:830} INFO - Processing file /home/ubuntu/reddit_venv/lib/python3.10/site-packages/airflow/example_dags/tutorial_taskflow_api.py for tasks to queue
[2024-02-20T18:10:27.907+0000] {logging_mixin.py:188} INFO - [2024-02-20T18:10:27.907+0000] {dagbag.py:538} INFO - Filling up the DagBag from /home/ubuntu/reddit_venv/lib/python3.10/site-packages/airflow/example_dags/tutorial_taskflow_api.py
[2024-02-20T18:10:27.915+0000] {processor.py:840} INFO - DAG(s) 'tutorial_taskflow_api' retrieved from /home/ubuntu/reddit_venv/lib/python3.10/site-packages/airflow/example_dags/tutorial_taskflow_api.py
[2024-02-20T18:10:27.931+0000] {logging_mixin.py:188} INFO - [2024-02-20T18:10:27.930+0000] {dag.py:3036} INFO - Sync 1 DAGs
[2024-02-20T18:10:27.942+0000] {logging_mixin.py:188} INFO - [2024-02-20T18:10:27.942+0000] {dag.py:3823} INFO - Setting next_dagrun for tutorial_taskflow_api to None, run_after=None
[2024-02-20T18:10:27.965+0000] {processor.py:183} INFO - Processing /home/ubuntu/reddit_venv/lib/python3.10/site-packages/airflow/example_dags/tutorial_taskflow_api.py took 0.063 seconds
[2024-02-20T18:11:04.963+0000] {processor.py:161} INFO - Started process (PID=3223) to work on /home/ubuntu/reddit_venv/lib/python3.10/site-packages/airflow/example_dags/tutorial_taskflow_api.py
[2024-02-20T18:11:04.965+0000] {processor.py:830} INFO - Processing file /home/ubuntu/reddit_venv/lib/python3.10/site-packages/airflow/example_dags/tutorial_taskflow_api.py for tasks to queue
[2024-02-20T18:11:04.966+0000] {logging_mixin.py:188} INFO - [2024-02-20T18:11:04.966+0000] {dagbag.py:538} INFO - Filling up the DagBag from /home/ubuntu/reddit_venv/lib/python3.10/site-packages/airflow/example_dags/tutorial_taskflow_api.py
[2024-02-20T18:11:04.973+0000] {processor.py:840} INFO - DAG(s) 'tutorial_taskflow_api' retrieved from /home/ubuntu/reddit_venv/lib/python3.10/site-packages/airflow/example_dags/tutorial_taskflow_api.py
[2024-02-20T18:11:04.990+0000] {logging_mixin.py:188} INFO - [2024-02-20T18:11:04.989+0000] {dag.py:3036} INFO - Sync 1 DAGs
[2024-02-20T18:11:05.002+0000] {logging_mixin.py:188} INFO - [2024-02-20T18:11:05.002+0000] {dag.py:3823} INFO - Setting next_dagrun for tutorial_taskflow_api to None, run_after=None
[2024-02-20T18:11:05.035+0000] {processor.py:183} INFO - Processing /home/ubuntu/reddit_venv/lib/python3.10/site-packages/airflow/example_dags/tutorial_taskflow_api.py took 0.076 seconds
[2024-02-20T18:11:56.592+0000] {processor.py:161} INFO - Started process (PID=3721) to work on /home/ubuntu/reddit_venv/lib/python3.10/site-packages/airflow/example_dags/tutorial_taskflow_api.py
[2024-02-20T18:11:56.594+0000] {processor.py:830} INFO - Processing file /home/ubuntu/reddit_venv/lib/python3.10/site-packages/airflow/example_dags/tutorial_taskflow_api.py for tasks to queue
[2024-02-20T18:11:56.595+0000] {logging_mixin.py:188} INFO - [2024-02-20T18:11:56.595+0000] {dagbag.py:538} INFO - Filling up the DagBag from /home/ubuntu/reddit_venv/lib/python3.10/site-packages/airflow/example_dags/tutorial_taskflow_api.py
[2024-02-20T18:11:56.602+0000] {processor.py:840} INFO - DAG(s) 'tutorial_taskflow_api' retrieved from /home/ubuntu/reddit_venv/lib/python3.10/site-packages/airflow/example_dags/tutorial_taskflow_api.py
[2024-02-20T18:11:56.619+0000] {logging_mixin.py:188} INFO - [2024-02-20T18:11:56.618+0000] {dag.py:3036} INFO - Sync 1 DAGs
[2024-02-20T18:11:56.631+0000] {logging_mixin.py:188} INFO - [2024-02-20T18:11:56.631+0000] {dag.py:3823} INFO - Setting next_dagrun for tutorial_taskflow_api to None, run_after=None
[2024-02-20T18:11:56.655+0000] {processor.py:183} INFO - Processing /home/ubuntu/reddit_venv/lib/python3.10/site-packages/airflow/example_dags/tutorial_taskflow_api.py took 0.066 seconds
[2024-02-20T18:12:40.783+0000] {processor.py:161} INFO - Started process (PID=3833) to work on /home/ubuntu/reddit_venv/lib/python3.10/site-packages/airflow/example_dags/tutorial_taskflow_api.py
[2024-02-20T18:12:40.785+0000] {processor.py:830} INFO - Processing file /home/ubuntu/reddit_venv/lib/python3.10/site-packages/airflow/example_dags/tutorial_taskflow_api.py for tasks to queue
[2024-02-20T18:12:40.786+0000] {logging_mixin.py:188} INFO - [2024-02-20T18:12:40.786+0000] {dagbag.py:538} INFO - Filling up the DagBag from /home/ubuntu/reddit_venv/lib/python3.10/site-packages/airflow/example_dags/tutorial_taskflow_api.py
[2024-02-20T18:12:40.794+0000] {processor.py:840} INFO - DAG(s) 'tutorial_taskflow_api' retrieved from /home/ubuntu/reddit_venv/lib/python3.10/site-packages/airflow/example_dags/tutorial_taskflow_api.py
[2024-02-20T18:12:40.810+0000] {logging_mixin.py:188} INFO - [2024-02-20T18:12:40.809+0000] {dag.py:3036} INFO - Sync 1 DAGs
[2024-02-20T18:12:40.822+0000] {logging_mixin.py:188} INFO - [2024-02-20T18:12:40.821+0000] {dag.py:3823} INFO - Setting next_dagrun for tutorial_taskflow_api to None, run_after=None
[2024-02-20T18:12:40.845+0000] {processor.py:183} INFO - Processing /home/ubuntu/reddit_venv/lib/python3.10/site-packages/airflow/example_dags/tutorial_taskflow_api.py took 0.065 seconds
[2024-02-20T18:13:17.069+0000] {processor.py:161} INFO - Started process (PID=3876) to work on /home/ubuntu/reddit_venv/lib/python3.10/site-packages/airflow/example_dags/tutorial_taskflow_api.py
[2024-02-20T18:13:17.071+0000] {processor.py:830} INFO - Processing file /home/ubuntu/reddit_venv/lib/python3.10/site-packages/airflow/example_dags/tutorial_taskflow_api.py for tasks to queue
[2024-02-20T18:13:17.072+0000] {logging_mixin.py:188} INFO - [2024-02-20T18:13:17.071+0000] {dagbag.py:538} INFO - Filling up the DagBag from /home/ubuntu/reddit_venv/lib/python3.10/site-packages/airflow/example_dags/tutorial_taskflow_api.py
[2024-02-20T18:13:17.079+0000] {processor.py:840} INFO - DAG(s) 'tutorial_taskflow_api' retrieved from /home/ubuntu/reddit_venv/lib/python3.10/site-packages/airflow/example_dags/tutorial_taskflow_api.py
[2024-02-20T18:13:17.096+0000] {logging_mixin.py:188} INFO - [2024-02-20T18:13:17.095+0000] {dag.py:3036} INFO - Sync 1 DAGs
[2024-02-20T18:13:17.108+0000] {logging_mixin.py:188} INFO - [2024-02-20T18:13:17.108+0000] {dag.py:3823} INFO - Setting next_dagrun for tutorial_taskflow_api to None, run_after=None
[2024-02-20T18:13:17.132+0000] {processor.py:183} INFO - Processing /home/ubuntu/reddit_venv/lib/python3.10/site-packages/airflow/example_dags/tutorial_taskflow_api.py took 0.066 seconds
[2024-02-20T18:13:54.301+0000] {processor.py:161} INFO - Started process (PID=3979) to work on /home/ubuntu/reddit_venv/lib/python3.10/site-packages/airflow/example_dags/tutorial_taskflow_api.py
[2024-02-20T18:13:54.303+0000] {processor.py:830} INFO - Processing file /home/ubuntu/reddit_venv/lib/python3.10/site-packages/airflow/example_dags/tutorial_taskflow_api.py for tasks to queue
[2024-02-20T18:13:54.303+0000] {logging_mixin.py:188} INFO - [2024-02-20T18:13:54.303+0000] {dagbag.py:538} INFO - Filling up the DagBag from /home/ubuntu/reddit_venv/lib/python3.10/site-packages/airflow/example_dags/tutorial_taskflow_api.py
[2024-02-20T18:13:54.311+0000] {processor.py:840} INFO - DAG(s) 'tutorial_taskflow_api' retrieved from /home/ubuntu/reddit_venv/lib/python3.10/site-packages/airflow/example_dags/tutorial_taskflow_api.py
[2024-02-20T18:13:54.327+0000] {logging_mixin.py:188} INFO - [2024-02-20T18:13:54.326+0000] {dag.py:3036} INFO - Sync 1 DAGs
[2024-02-20T18:13:54.338+0000] {logging_mixin.py:188} INFO - [2024-02-20T18:13:54.338+0000] {dag.py:3823} INFO - Setting next_dagrun for tutorial_taskflow_api to None, run_after=None
[2024-02-20T18:13:54.361+0000] {processor.py:183} INFO - Processing /home/ubuntu/reddit_venv/lib/python3.10/site-packages/airflow/example_dags/tutorial_taskflow_api.py took 0.063 seconds
[2024-02-20T18:14:33.459+0000] {processor.py:161} INFO - Started process (PID=4085) to work on /home/ubuntu/reddit_venv/lib/python3.10/site-packages/airflow/example_dags/tutorial_taskflow_api.py
[2024-02-20T18:14:33.460+0000] {processor.py:830} INFO - Processing file /home/ubuntu/reddit_venv/lib/python3.10/site-packages/airflow/example_dags/tutorial_taskflow_api.py for tasks to queue
[2024-02-20T18:14:33.461+0000] {logging_mixin.py:188} INFO - [2024-02-20T18:14:33.461+0000] {dagbag.py:538} INFO - Filling up the DagBag from /home/ubuntu/reddit_venv/lib/python3.10/site-packages/airflow/example_dags/tutorial_taskflow_api.py
[2024-02-20T18:14:33.469+0000] {processor.py:840} INFO - DAG(s) 'tutorial_taskflow_api' retrieved from /home/ubuntu/reddit_venv/lib/python3.10/site-packages/airflow/example_dags/tutorial_taskflow_api.py
[2024-02-20T18:14:33.485+0000] {logging_mixin.py:188} INFO - [2024-02-20T18:14:33.485+0000] {dag.py:3036} INFO - Sync 1 DAGs
[2024-02-20T18:14:33.497+0000] {logging_mixin.py:188} INFO - [2024-02-20T18:14:33.497+0000] {dag.py:3823} INFO - Setting next_dagrun for tutorial_taskflow_api to None, run_after=None
[2024-02-20T18:14:33.520+0000] {processor.py:183} INFO - Processing /home/ubuntu/reddit_venv/lib/python3.10/site-packages/airflow/example_dags/tutorial_taskflow_api.py took 0.065 seconds
[2024-02-20T18:15:11.793+0000] {processor.py:161} INFO - Started process (PID=4127) to work on /home/ubuntu/reddit_venv/lib/python3.10/site-packages/airflow/example_dags/tutorial_taskflow_api.py
[2024-02-20T18:15:11.794+0000] {processor.py:830} INFO - Processing file /home/ubuntu/reddit_venv/lib/python3.10/site-packages/airflow/example_dags/tutorial_taskflow_api.py for tasks to queue
[2024-02-20T18:15:11.795+0000] {logging_mixin.py:188} INFO - [2024-02-20T18:15:11.795+0000] {dagbag.py:538} INFO - Filling up the DagBag from /home/ubuntu/reddit_venv/lib/python3.10/site-packages/airflow/example_dags/tutorial_taskflow_api.py
[2024-02-20T18:15:11.803+0000] {processor.py:840} INFO - DAG(s) 'tutorial_taskflow_api' retrieved from /home/ubuntu/reddit_venv/lib/python3.10/site-packages/airflow/example_dags/tutorial_taskflow_api.py
[2024-02-20T18:15:11.819+0000] {logging_mixin.py:188} INFO - [2024-02-20T18:15:11.818+0000] {dag.py:3036} INFO - Sync 1 DAGs
[2024-02-20T18:15:11.830+0000] {logging_mixin.py:188} INFO - [2024-02-20T18:15:11.830+0000] {dag.py:3823} INFO - Setting next_dagrun for tutorial_taskflow_api to None, run_after=None
[2024-02-20T18:15:11.854+0000] {processor.py:183} INFO - Processing /home/ubuntu/reddit_venv/lib/python3.10/site-packages/airflow/example_dags/tutorial_taskflow_api.py took 0.065 seconds
[2024-02-20T18:15:50.513+0000] {processor.py:161} INFO - Started process (PID=4234) to work on /home/ubuntu/reddit_venv/lib/python3.10/site-packages/airflow/example_dags/tutorial_taskflow_api.py
[2024-02-20T18:15:50.515+0000] {processor.py:830} INFO - Processing file /home/ubuntu/reddit_venv/lib/python3.10/site-packages/airflow/example_dags/tutorial_taskflow_api.py for tasks to queue
[2024-02-20T18:15:50.516+0000] {logging_mixin.py:188} INFO - [2024-02-20T18:15:50.515+0000] {dagbag.py:538} INFO - Filling up the DagBag from /home/ubuntu/reddit_venv/lib/python3.10/site-packages/airflow/example_dags/tutorial_taskflow_api.py
[2024-02-20T18:15:50.523+0000] {processor.py:840} INFO - DAG(s) 'tutorial_taskflow_api' retrieved from /home/ubuntu/reddit_venv/lib/python3.10/site-packages/airflow/example_dags/tutorial_taskflow_api.py
[2024-02-20T18:15:50.539+0000] {logging_mixin.py:188} INFO - [2024-02-20T18:15:50.539+0000] {dag.py:3036} INFO - Sync 1 DAGs
[2024-02-20T18:15:50.552+0000] {logging_mixin.py:188} INFO - [2024-02-20T18:15:50.552+0000] {dag.py:3823} INFO - Setting next_dagrun for tutorial_taskflow_api to None, run_after=None
[2024-02-20T18:15:50.575+0000] {processor.py:183} INFO - Processing /home/ubuntu/reddit_venv/lib/python3.10/site-packages/airflow/example_dags/tutorial_taskflow_api.py took 0.066 seconds
[2024-02-20T18:16:28.956+0000] {processor.py:161} INFO - Started process (PID=4341) to work on /home/ubuntu/reddit_venv/lib/python3.10/site-packages/airflow/example_dags/tutorial_taskflow_api.py
[2024-02-20T18:16:28.957+0000] {processor.py:830} INFO - Processing file /home/ubuntu/reddit_venv/lib/python3.10/site-packages/airflow/example_dags/tutorial_taskflow_api.py for tasks to queue
[2024-02-20T18:16:28.958+0000] {logging_mixin.py:188} INFO - [2024-02-20T18:16:28.958+0000] {dagbag.py:538} INFO - Filling up the DagBag from /home/ubuntu/reddit_venv/lib/python3.10/site-packages/airflow/example_dags/tutorial_taskflow_api.py
[2024-02-20T18:16:28.965+0000] {processor.py:840} INFO - DAG(s) 'tutorial_taskflow_api' retrieved from /home/ubuntu/reddit_venv/lib/python3.10/site-packages/airflow/example_dags/tutorial_taskflow_api.py
[2024-02-20T18:16:28.982+0000] {logging_mixin.py:188} INFO - [2024-02-20T18:16:28.982+0000] {dag.py:3036} INFO - Sync 1 DAGs
[2024-02-20T18:16:28.995+0000] {logging_mixin.py:188} INFO - [2024-02-20T18:16:28.994+0000] {dag.py:3823} INFO - Setting next_dagrun for tutorial_taskflow_api to None, run_after=None
[2024-02-20T18:16:29.021+0000] {processor.py:183} INFO - Processing /home/ubuntu/reddit_venv/lib/python3.10/site-packages/airflow/example_dags/tutorial_taskflow_api.py took 0.069 seconds
[2024-02-20T18:17:07.358+0000] {processor.py:161} INFO - Started process (PID=4447) to work on /home/ubuntu/reddit_venv/lib/python3.10/site-packages/airflow/example_dags/tutorial_taskflow_api.py
[2024-02-20T18:17:07.359+0000] {processor.py:830} INFO - Processing file /home/ubuntu/reddit_venv/lib/python3.10/site-packages/airflow/example_dags/tutorial_taskflow_api.py for tasks to queue
[2024-02-20T18:17:07.360+0000] {logging_mixin.py:188} INFO - [2024-02-20T18:17:07.360+0000] {dagbag.py:538} INFO - Filling up the DagBag from /home/ubuntu/reddit_venv/lib/python3.10/site-packages/airflow/example_dags/tutorial_taskflow_api.py
[2024-02-20T18:17:07.367+0000] {processor.py:840} INFO - DAG(s) 'tutorial_taskflow_api' retrieved from /home/ubuntu/reddit_venv/lib/python3.10/site-packages/airflow/example_dags/tutorial_taskflow_api.py
[2024-02-20T18:17:07.384+0000] {logging_mixin.py:188} INFO - [2024-02-20T18:17:07.383+0000] {dag.py:3036} INFO - Sync 1 DAGs
[2024-02-20T18:17:07.396+0000] {logging_mixin.py:188} INFO - [2024-02-20T18:17:07.395+0000] {dag.py:3823} INFO - Setting next_dagrun for tutorial_taskflow_api to None, run_after=None
[2024-02-20T18:17:07.418+0000] {processor.py:183} INFO - Processing /home/ubuntu/reddit_venv/lib/python3.10/site-packages/airflow/example_dags/tutorial_taskflow_api.py took 0.064 seconds
[2024-02-20T18:17:49.154+0000] {processor.py:161} INFO - Started process (PID=4556) to work on /home/ubuntu/reddit_venv/lib/python3.10/site-packages/airflow/example_dags/tutorial_taskflow_api.py
[2024-02-20T18:17:49.156+0000] {processor.py:830} INFO - Processing file /home/ubuntu/reddit_venv/lib/python3.10/site-packages/airflow/example_dags/tutorial_taskflow_api.py for tasks to queue
[2024-02-20T18:17:49.157+0000] {logging_mixin.py:188} INFO - [2024-02-20T18:17:49.156+0000] {dagbag.py:538} INFO - Filling up the DagBag from /home/ubuntu/reddit_venv/lib/python3.10/site-packages/airflow/example_dags/tutorial_taskflow_api.py
[2024-02-20T18:17:49.164+0000] {processor.py:840} INFO - DAG(s) 'tutorial_taskflow_api' retrieved from /home/ubuntu/reddit_venv/lib/python3.10/site-packages/airflow/example_dags/tutorial_taskflow_api.py
[2024-02-20T18:17:49.180+0000] {logging_mixin.py:188} INFO - [2024-02-20T18:17:49.180+0000] {dag.py:3036} INFO - Sync 1 DAGs
[2024-02-20T18:17:49.192+0000] {logging_mixin.py:188} INFO - [2024-02-20T18:17:49.192+0000] {dag.py:3823} INFO - Setting next_dagrun for tutorial_taskflow_api to None, run_after=None
[2024-02-20T18:17:49.214+0000] {processor.py:183} INFO - Processing /home/ubuntu/reddit_venv/lib/python3.10/site-packages/airflow/example_dags/tutorial_taskflow_api.py took 0.063 seconds
[2024-02-20T18:18:26.352+0000] {processor.py:161} INFO - Started process (PID=4600) to work on /home/ubuntu/reddit_venv/lib/python3.10/site-packages/airflow/example_dags/tutorial_taskflow_api.py
[2024-02-20T18:18:26.353+0000] {processor.py:830} INFO - Processing file /home/ubuntu/reddit_venv/lib/python3.10/site-packages/airflow/example_dags/tutorial_taskflow_api.py for tasks to queue
[2024-02-20T18:18:26.354+0000] {logging_mixin.py:188} INFO - [2024-02-20T18:18:26.354+0000] {dagbag.py:538} INFO - Filling up the DagBag from /home/ubuntu/reddit_venv/lib/python3.10/site-packages/airflow/example_dags/tutorial_taskflow_api.py
[2024-02-20T18:18:26.362+0000] {processor.py:840} INFO - DAG(s) 'tutorial_taskflow_api' retrieved from /home/ubuntu/reddit_venv/lib/python3.10/site-packages/airflow/example_dags/tutorial_taskflow_api.py
[2024-02-20T18:18:26.378+0000] {logging_mixin.py:188} INFO - [2024-02-20T18:18:26.378+0000] {dag.py:3036} INFO - Sync 1 DAGs
[2024-02-20T18:18:26.391+0000] {logging_mixin.py:188} INFO - [2024-02-20T18:18:26.390+0000] {dag.py:3823} INFO - Setting next_dagrun for tutorial_taskflow_api to None, run_after=None
[2024-02-20T18:18:26.413+0000] {processor.py:183} INFO - Processing /home/ubuntu/reddit_venv/lib/python3.10/site-packages/airflow/example_dags/tutorial_taskflow_api.py took 0.064 seconds
[2024-02-20T18:19:06.436+0000] {processor.py:161} INFO - Started process (PID=4705) to work on /home/ubuntu/reddit_venv/lib/python3.10/site-packages/airflow/example_dags/tutorial_taskflow_api.py
[2024-02-20T18:19:06.438+0000] {processor.py:830} INFO - Processing file /home/ubuntu/reddit_venv/lib/python3.10/site-packages/airflow/example_dags/tutorial_taskflow_api.py for tasks to queue
[2024-02-20T18:19:06.439+0000] {logging_mixin.py:188} INFO - [2024-02-20T18:19:06.438+0000] {dagbag.py:538} INFO - Filling up the DagBag from /home/ubuntu/reddit_venv/lib/python3.10/site-packages/airflow/example_dags/tutorial_taskflow_api.py
[2024-02-20T18:19:06.446+0000] {processor.py:840} INFO - DAG(s) 'tutorial_taskflow_api' retrieved from /home/ubuntu/reddit_venv/lib/python3.10/site-packages/airflow/example_dags/tutorial_taskflow_api.py
[2024-02-20T18:19:06.462+0000] {logging_mixin.py:188} INFO - [2024-02-20T18:19:06.462+0000] {dag.py:3036} INFO - Sync 1 DAGs
[2024-02-20T18:19:06.474+0000] {logging_mixin.py:188} INFO - [2024-02-20T18:19:06.474+0000] {dag.py:3823} INFO - Setting next_dagrun for tutorial_taskflow_api to None, run_after=None
[2024-02-20T18:19:06.498+0000] {processor.py:183} INFO - Processing /home/ubuntu/reddit_venv/lib/python3.10/site-packages/airflow/example_dags/tutorial_taskflow_api.py took 0.065 seconds
[2024-02-20T18:19:46.179+0000] {processor.py:161} INFO - Started process (PID=4876) to work on /home/ubuntu/reddit_venv/lib/python3.10/site-packages/airflow/example_dags/tutorial_taskflow_api.py
[2024-02-20T18:19:46.180+0000] {processor.py:830} INFO - Processing file /home/ubuntu/reddit_venv/lib/python3.10/site-packages/airflow/example_dags/tutorial_taskflow_api.py for tasks to queue
[2024-02-20T18:19:46.181+0000] {logging_mixin.py:188} INFO - [2024-02-20T18:19:46.181+0000] {dagbag.py:538} INFO - Filling up the DagBag from /home/ubuntu/reddit_venv/lib/python3.10/site-packages/airflow/example_dags/tutorial_taskflow_api.py
[2024-02-20T18:19:46.188+0000] {processor.py:840} INFO - DAG(s) 'tutorial_taskflow_api' retrieved from /home/ubuntu/reddit_venv/lib/python3.10/site-packages/airflow/example_dags/tutorial_taskflow_api.py
[2024-02-20T18:19:46.204+0000] {logging_mixin.py:188} INFO - [2024-02-20T18:19:46.204+0000] {dag.py:3036} INFO - Sync 1 DAGs
[2024-02-20T18:19:46.216+0000] {logging_mixin.py:188} INFO - [2024-02-20T18:19:46.216+0000] {dag.py:3823} INFO - Setting next_dagrun for tutorial_taskflow_api to None, run_after=None
[2024-02-20T18:19:46.238+0000] {processor.py:183} INFO - Processing /home/ubuntu/reddit_venv/lib/python3.10/site-packages/airflow/example_dags/tutorial_taskflow_api.py took 0.063 seconds
[2024-02-20T18:20:22.233+0000] {processor.py:161} INFO - Started process (PID=4916) to work on /home/ubuntu/reddit_venv/lib/python3.10/site-packages/airflow/example_dags/tutorial_taskflow_api.py
[2024-02-20T18:20:22.235+0000] {processor.py:830} INFO - Processing file /home/ubuntu/reddit_venv/lib/python3.10/site-packages/airflow/example_dags/tutorial_taskflow_api.py for tasks to queue
[2024-02-20T18:20:22.236+0000] {logging_mixin.py:188} INFO - [2024-02-20T18:20:22.235+0000] {dagbag.py:538} INFO - Filling up the DagBag from /home/ubuntu/reddit_venv/lib/python3.10/site-packages/airflow/example_dags/tutorial_taskflow_api.py
[2024-02-20T18:20:22.243+0000] {processor.py:840} INFO - DAG(s) 'tutorial_taskflow_api' retrieved from /home/ubuntu/reddit_venv/lib/python3.10/site-packages/airflow/example_dags/tutorial_taskflow_api.py
[2024-02-20T18:20:22.259+0000] {logging_mixin.py:188} INFO - [2024-02-20T18:20:22.259+0000] {dag.py:3036} INFO - Sync 1 DAGs
[2024-02-20T18:20:22.271+0000] {logging_mixin.py:188} INFO - [2024-02-20T18:20:22.271+0000] {dag.py:3823} INFO - Setting next_dagrun for tutorial_taskflow_api to None, run_after=None
[2024-02-20T18:20:22.294+0000] {processor.py:183} INFO - Processing /home/ubuntu/reddit_venv/lib/python3.10/site-packages/airflow/example_dags/tutorial_taskflow_api.py took 0.064 seconds
[2024-02-20T18:21:01.251+0000] {processor.py:161} INFO - Started process (PID=5020) to work on /home/ubuntu/reddit_venv/lib/python3.10/site-packages/airflow/example_dags/tutorial_taskflow_api.py
[2024-02-20T18:21:01.253+0000] {processor.py:830} INFO - Processing file /home/ubuntu/reddit_venv/lib/python3.10/site-packages/airflow/example_dags/tutorial_taskflow_api.py for tasks to queue
[2024-02-20T18:21:01.253+0000] {logging_mixin.py:188} INFO - [2024-02-20T18:21:01.253+0000] {dagbag.py:538} INFO - Filling up the DagBag from /home/ubuntu/reddit_venv/lib/python3.10/site-packages/airflow/example_dags/tutorial_taskflow_api.py
[2024-02-20T18:21:01.261+0000] {processor.py:840} INFO - DAG(s) 'tutorial_taskflow_api' retrieved from /home/ubuntu/reddit_venv/lib/python3.10/site-packages/airflow/example_dags/tutorial_taskflow_api.py
[2024-02-20T18:21:01.277+0000] {logging_mixin.py:188} INFO - [2024-02-20T18:21:01.277+0000] {dag.py:3036} INFO - Sync 1 DAGs
[2024-02-20T18:21:01.289+0000] {logging_mixin.py:188} INFO - [2024-02-20T18:21:01.289+0000] {dag.py:3823} INFO - Setting next_dagrun for tutorial_taskflow_api to None, run_after=None
[2024-02-20T18:21:01.313+0000] {processor.py:183} INFO - Processing /home/ubuntu/reddit_venv/lib/python3.10/site-packages/airflow/example_dags/tutorial_taskflow_api.py took 0.065 seconds
[2024-02-20T18:21:38.281+0000] {processor.py:161} INFO - Started process (PID=5185) to work on /home/ubuntu/reddit_venv/lib/python3.10/site-packages/airflow/example_dags/tutorial_taskflow_api.py
[2024-02-20T18:21:38.283+0000] {processor.py:830} INFO - Processing file /home/ubuntu/reddit_venv/lib/python3.10/site-packages/airflow/example_dags/tutorial_taskflow_api.py for tasks to queue
[2024-02-20T18:21:38.284+0000] {logging_mixin.py:188} INFO - [2024-02-20T18:21:38.283+0000] {dagbag.py:538} INFO - Filling up the DagBag from /home/ubuntu/reddit_venv/lib/python3.10/site-packages/airflow/example_dags/tutorial_taskflow_api.py
[2024-02-20T18:21:38.291+0000] {processor.py:840} INFO - DAG(s) 'tutorial_taskflow_api' retrieved from /home/ubuntu/reddit_venv/lib/python3.10/site-packages/airflow/example_dags/tutorial_taskflow_api.py
[2024-02-20T18:21:38.308+0000] {logging_mixin.py:188} INFO - [2024-02-20T18:21:38.308+0000] {dag.py:3036} INFO - Sync 1 DAGs
[2024-02-20T18:21:38.320+0000] {logging_mixin.py:188} INFO - [2024-02-20T18:21:38.320+0000] {dag.py:3823} INFO - Setting next_dagrun for tutorial_taskflow_api to None, run_after=None
[2024-02-20T18:21:38.343+0000] {processor.py:183} INFO - Processing /home/ubuntu/reddit_venv/lib/python3.10/site-packages/airflow/example_dags/tutorial_taskflow_api.py took 0.065 seconds
[2024-02-20T18:51:03.265+0000] {processor.py:161} INFO - Started process (PID=1482) to work on /home/ubuntu/reddit_venv/lib/python3.10/site-packages/airflow/example_dags/tutorial_taskflow_api.py
[2024-02-20T18:51:03.268+0000] {processor.py:830} INFO - Processing file /home/ubuntu/reddit_venv/lib/python3.10/site-packages/airflow/example_dags/tutorial_taskflow_api.py for tasks to queue
[2024-02-20T18:51:03.269+0000] {logging_mixin.py:188} INFO - [2024-02-20T18:51:03.268+0000] {dagbag.py:538} INFO - Filling up the DagBag from /home/ubuntu/reddit_venv/lib/python3.10/site-packages/airflow/example_dags/tutorial_taskflow_api.py
[2024-02-20T18:51:03.279+0000] {processor.py:840} INFO - DAG(s) 'tutorial_taskflow_api' retrieved from /home/ubuntu/reddit_venv/lib/python3.10/site-packages/airflow/example_dags/tutorial_taskflow_api.py
[2024-02-20T18:51:03.286+0000] {logging_mixin.py:188} INFO - [2024-02-20T18:51:03.286+0000] {dag.py:3036} INFO - Sync 1 DAGs
[2024-02-20T18:51:03.300+0000] {logging_mixin.py:188} INFO - [2024-02-20T18:51:03.300+0000] {dag.py:3823} INFO - Setting next_dagrun for tutorial_taskflow_api to None, run_after=None
[2024-02-20T18:51:03.324+0000] {processor.py:183} INFO - Processing /home/ubuntu/reddit_venv/lib/python3.10/site-packages/airflow/example_dags/tutorial_taskflow_api.py took 0.062 seconds
[2024-02-20T18:51:54.846+0000] {processor.py:161} INFO - Started process (PID=1876) to work on /home/ubuntu/reddit_venv/lib/python3.10/site-packages/airflow/example_dags/tutorial_taskflow_api.py
[2024-02-20T18:51:54.847+0000] {processor.py:830} INFO - Processing file /home/ubuntu/reddit_venv/lib/python3.10/site-packages/airflow/example_dags/tutorial_taskflow_api.py for tasks to queue
[2024-02-20T18:51:54.848+0000] {logging_mixin.py:188} INFO - [2024-02-20T18:51:54.847+0000] {dagbag.py:538} INFO - Filling up the DagBag from /home/ubuntu/reddit_venv/lib/python3.10/site-packages/airflow/example_dags/tutorial_taskflow_api.py
[2024-02-20T18:51:54.855+0000] {processor.py:840} INFO - DAG(s) 'tutorial_taskflow_api' retrieved from /home/ubuntu/reddit_venv/lib/python3.10/site-packages/airflow/example_dags/tutorial_taskflow_api.py
[2024-02-20T18:51:54.950+0000] {logging_mixin.py:188} INFO - [2024-02-20T18:51:54.950+0000] {dag.py:3036} INFO - Sync 1 DAGs
[2024-02-20T18:51:54.960+0000] {logging_mixin.py:188} INFO - [2024-02-20T18:51:54.959+0000] {dag.py:3823} INFO - Setting next_dagrun for tutorial_taskflow_api to None, run_after=None
[2024-02-20T18:51:54.983+0000] {processor.py:183} INFO - Processing /home/ubuntu/reddit_venv/lib/python3.10/site-packages/airflow/example_dags/tutorial_taskflow_api.py took 0.141 seconds
[2024-02-20T18:52:38.237+0000] {processor.py:161} INFO - Started process (PID=1985) to work on /home/ubuntu/reddit_venv/lib/python3.10/site-packages/airflow/example_dags/tutorial_taskflow_api.py
[2024-02-20T18:52:38.239+0000] {processor.py:830} INFO - Processing file /home/ubuntu/reddit_venv/lib/python3.10/site-packages/airflow/example_dags/tutorial_taskflow_api.py for tasks to queue
[2024-02-20T18:52:38.239+0000] {logging_mixin.py:188} INFO - [2024-02-20T18:52:38.239+0000] {dagbag.py:538} INFO - Filling up the DagBag from /home/ubuntu/reddit_venv/lib/python3.10/site-packages/airflow/example_dags/tutorial_taskflow_api.py
[2024-02-20T18:52:38.247+0000] {processor.py:840} INFO - DAG(s) 'tutorial_taskflow_api' retrieved from /home/ubuntu/reddit_venv/lib/python3.10/site-packages/airflow/example_dags/tutorial_taskflow_api.py
[2024-02-20T18:52:38.262+0000] {logging_mixin.py:188} INFO - [2024-02-20T18:52:38.262+0000] {dag.py:3036} INFO - Sync 1 DAGs
[2024-02-20T18:52:38.274+0000] {logging_mixin.py:188} INFO - [2024-02-20T18:52:38.274+0000] {dag.py:3823} INFO - Setting next_dagrun for tutorial_taskflow_api to None, run_after=None
[2024-02-20T18:52:38.297+0000] {processor.py:183} INFO - Processing /home/ubuntu/reddit_venv/lib/python3.10/site-packages/airflow/example_dags/tutorial_taskflow_api.py took 0.064 seconds
[2024-02-20T18:53:36.522+0000] {processor.py:161} INFO - Started process (PID=2361) to work on /home/ubuntu/reddit_venv/lib/python3.10/site-packages/airflow/example_dags/tutorial_taskflow_api.py
[2024-02-20T18:53:36.523+0000] {processor.py:830} INFO - Processing file /home/ubuntu/reddit_venv/lib/python3.10/site-packages/airflow/example_dags/tutorial_taskflow_api.py for tasks to queue
[2024-02-20T18:53:36.524+0000] {logging_mixin.py:188} INFO - [2024-02-20T18:53:36.524+0000] {dagbag.py:538} INFO - Filling up the DagBag from /home/ubuntu/reddit_venv/lib/python3.10/site-packages/airflow/example_dags/tutorial_taskflow_api.py
[2024-02-20T18:53:36.532+0000] {processor.py:840} INFO - DAG(s) 'tutorial_taskflow_api' retrieved from /home/ubuntu/reddit_venv/lib/python3.10/site-packages/airflow/example_dags/tutorial_taskflow_api.py
[2024-02-20T18:53:36.548+0000] {logging_mixin.py:188} INFO - [2024-02-20T18:53:36.548+0000] {dag.py:3036} INFO - Sync 1 DAGs
[2024-02-20T18:53:36.561+0000] {logging_mixin.py:188} INFO - [2024-02-20T18:53:36.560+0000] {dag.py:3823} INFO - Setting next_dagrun for tutorial_taskflow_api to None, run_after=None
[2024-02-20T18:53:36.584+0000] {processor.py:183} INFO - Processing /home/ubuntu/reddit_venv/lib/python3.10/site-packages/airflow/example_dags/tutorial_taskflow_api.py took 0.066 seconds
[2024-02-20T18:54:14.689+0000] {processor.py:161} INFO - Started process (PID=2465) to work on /home/ubuntu/reddit_venv/lib/python3.10/site-packages/airflow/example_dags/tutorial_taskflow_api.py
[2024-02-20T18:54:14.690+0000] {processor.py:830} INFO - Processing file /home/ubuntu/reddit_venv/lib/python3.10/site-packages/airflow/example_dags/tutorial_taskflow_api.py for tasks to queue
[2024-02-20T18:54:14.691+0000] {logging_mixin.py:188} INFO - [2024-02-20T18:54:14.691+0000] {dagbag.py:538} INFO - Filling up the DagBag from /home/ubuntu/reddit_venv/lib/python3.10/site-packages/airflow/example_dags/tutorial_taskflow_api.py
[2024-02-20T18:54:14.699+0000] {processor.py:840} INFO - DAG(s) 'tutorial_taskflow_api' retrieved from /home/ubuntu/reddit_venv/lib/python3.10/site-packages/airflow/example_dags/tutorial_taskflow_api.py
[2024-02-20T18:54:14.714+0000] {logging_mixin.py:188} INFO - [2024-02-20T18:54:14.714+0000] {dag.py:3036} INFO - Sync 1 DAGs
[2024-02-20T18:54:14.726+0000] {logging_mixin.py:188} INFO - [2024-02-20T18:54:14.726+0000] {dag.py:3823} INFO - Setting next_dagrun for tutorial_taskflow_api to None, run_after=None
[2024-02-20T18:54:14.749+0000] {processor.py:183} INFO - Processing /home/ubuntu/reddit_venv/lib/python3.10/site-packages/airflow/example_dags/tutorial_taskflow_api.py took 0.063 seconds
[2024-02-20T18:54:56.391+0000] {processor.py:161} INFO - Started process (PID=2516) to work on /home/ubuntu/reddit_venv/lib/python3.10/site-packages/airflow/example_dags/tutorial_taskflow_api.py
[2024-02-20T18:54:56.393+0000] {processor.py:830} INFO - Processing file /home/ubuntu/reddit_venv/lib/python3.10/site-packages/airflow/example_dags/tutorial_taskflow_api.py for tasks to queue
[2024-02-20T18:54:56.394+0000] {logging_mixin.py:188} INFO - [2024-02-20T18:54:56.393+0000] {dagbag.py:538} INFO - Filling up the DagBag from /home/ubuntu/reddit_venv/lib/python3.10/site-packages/airflow/example_dags/tutorial_taskflow_api.py
[2024-02-20T18:54:56.401+0000] {processor.py:840} INFO - DAG(s) 'tutorial_taskflow_api' retrieved from /home/ubuntu/reddit_venv/lib/python3.10/site-packages/airflow/example_dags/tutorial_taskflow_api.py
[2024-02-20T18:54:56.416+0000] {logging_mixin.py:188} INFO - [2024-02-20T18:54:56.416+0000] {dag.py:3036} INFO - Sync 1 DAGs
[2024-02-20T18:54:56.428+0000] {logging_mixin.py:188} INFO - [2024-02-20T18:54:56.428+0000] {dag.py:3823} INFO - Setting next_dagrun for tutorial_taskflow_api to None, run_after=None
[2024-02-20T18:54:56.450+0000] {processor.py:183} INFO - Processing /home/ubuntu/reddit_venv/lib/python3.10/site-packages/airflow/example_dags/tutorial_taskflow_api.py took 0.062 seconds
[2024-02-20T18:55:34.738+0000] {processor.py:161} INFO - Started process (PID=2623) to work on /home/ubuntu/reddit_venv/lib/python3.10/site-packages/airflow/example_dags/tutorial_taskflow_api.py
[2024-02-20T18:55:34.740+0000] {processor.py:830} INFO - Processing file /home/ubuntu/reddit_venv/lib/python3.10/site-packages/airflow/example_dags/tutorial_taskflow_api.py for tasks to queue
[2024-02-20T18:55:34.740+0000] {logging_mixin.py:188} INFO - [2024-02-20T18:55:34.740+0000] {dagbag.py:538} INFO - Filling up the DagBag from /home/ubuntu/reddit_venv/lib/python3.10/site-packages/airflow/example_dags/tutorial_taskflow_api.py
[2024-02-20T18:55:34.747+0000] {processor.py:840} INFO - DAG(s) 'tutorial_taskflow_api' retrieved from /home/ubuntu/reddit_venv/lib/python3.10/site-packages/airflow/example_dags/tutorial_taskflow_api.py
[2024-02-20T18:55:34.763+0000] {logging_mixin.py:188} INFO - [2024-02-20T18:55:34.762+0000] {dag.py:3036} INFO - Sync 1 DAGs
[2024-02-20T18:55:34.774+0000] {logging_mixin.py:188} INFO - [2024-02-20T18:55:34.774+0000] {dag.py:3823} INFO - Setting next_dagrun for tutorial_taskflow_api to None, run_after=None
[2024-02-20T18:55:34.799+0000] {processor.py:183} INFO - Processing /home/ubuntu/reddit_venv/lib/python3.10/site-packages/airflow/example_dags/tutorial_taskflow_api.py took 0.064 seconds
[2024-02-20T18:56:13.169+0000] {processor.py:161} INFO - Started process (PID=2788) to work on /home/ubuntu/reddit_venv/lib/python3.10/site-packages/airflow/example_dags/tutorial_taskflow_api.py
[2024-02-20T18:56:13.170+0000] {processor.py:830} INFO - Processing file /home/ubuntu/reddit_venv/lib/python3.10/site-packages/airflow/example_dags/tutorial_taskflow_api.py for tasks to queue
[2024-02-20T18:56:13.171+0000] {logging_mixin.py:188} INFO - [2024-02-20T18:56:13.171+0000] {dagbag.py:538} INFO - Filling up the DagBag from /home/ubuntu/reddit_venv/lib/python3.10/site-packages/airflow/example_dags/tutorial_taskflow_api.py
[2024-02-20T18:56:13.178+0000] {processor.py:840} INFO - DAG(s) 'tutorial_taskflow_api' retrieved from /home/ubuntu/reddit_venv/lib/python3.10/site-packages/airflow/example_dags/tutorial_taskflow_api.py
[2024-02-20T18:56:13.193+0000] {logging_mixin.py:188} INFO - [2024-02-20T18:56:13.193+0000] {dag.py:3036} INFO - Sync 1 DAGs
[2024-02-20T18:56:13.205+0000] {logging_mixin.py:188} INFO - [2024-02-20T18:56:13.205+0000] {dag.py:3823} INFO - Setting next_dagrun for tutorial_taskflow_api to None, run_after=None
[2024-02-20T18:56:13.226+0000] {processor.py:183} INFO - Processing /home/ubuntu/reddit_venv/lib/python3.10/site-packages/airflow/example_dags/tutorial_taskflow_api.py took 0.061 seconds
[2024-02-20T18:56:53.520+0000] {processor.py:161} INFO - Started process (PID=2832) to work on /home/ubuntu/reddit_venv/lib/python3.10/site-packages/airflow/example_dags/tutorial_taskflow_api.py
[2024-02-20T18:56:53.522+0000] {processor.py:830} INFO - Processing file /home/ubuntu/reddit_venv/lib/python3.10/site-packages/airflow/example_dags/tutorial_taskflow_api.py for tasks to queue
[2024-02-20T18:56:53.523+0000] {logging_mixin.py:188} INFO - [2024-02-20T18:56:53.522+0000] {dagbag.py:538} INFO - Filling up the DagBag from /home/ubuntu/reddit_venv/lib/python3.10/site-packages/airflow/example_dags/tutorial_taskflow_api.py
[2024-02-20T18:56:53.530+0000] {processor.py:840} INFO - DAG(s) 'tutorial_taskflow_api' retrieved from /home/ubuntu/reddit_venv/lib/python3.10/site-packages/airflow/example_dags/tutorial_taskflow_api.py
[2024-02-20T18:56:53.546+0000] {logging_mixin.py:188} INFO - [2024-02-20T18:56:53.546+0000] {dag.py:3036} INFO - Sync 1 DAGs
[2024-02-20T18:56:53.558+0000] {logging_mixin.py:188} INFO - [2024-02-20T18:56:53.558+0000] {dag.py:3823} INFO - Setting next_dagrun for tutorial_taskflow_api to None, run_after=None
[2024-02-20T18:56:53.580+0000] {processor.py:183} INFO - Processing /home/ubuntu/reddit_venv/lib/python3.10/site-packages/airflow/example_dags/tutorial_taskflow_api.py took 0.063 seconds
[2024-02-20T18:57:46.347+0000] {processor.py:161} INFO - Started process (PID=3327) to work on /home/ubuntu/reddit_venv/lib/python3.10/site-packages/airflow/example_dags/tutorial_taskflow_api.py
[2024-02-20T18:57:46.348+0000] {processor.py:830} INFO - Processing file /home/ubuntu/reddit_venv/lib/python3.10/site-packages/airflow/example_dags/tutorial_taskflow_api.py for tasks to queue
[2024-02-20T18:57:46.349+0000] {logging_mixin.py:188} INFO - [2024-02-20T18:57:46.349+0000] {dagbag.py:538} INFO - Filling up the DagBag from /home/ubuntu/reddit_venv/lib/python3.10/site-packages/airflow/example_dags/tutorial_taskflow_api.py
[2024-02-20T18:57:46.356+0000] {processor.py:840} INFO - DAG(s) 'tutorial_taskflow_api' retrieved from /home/ubuntu/reddit_venv/lib/python3.10/site-packages/airflow/example_dags/tutorial_taskflow_api.py
[2024-02-20T18:57:46.371+0000] {logging_mixin.py:188} INFO - [2024-02-20T18:57:46.371+0000] {dag.py:3036} INFO - Sync 1 DAGs
[2024-02-20T18:57:46.383+0000] {logging_mixin.py:188} INFO - [2024-02-20T18:57:46.383+0000] {dag.py:3823} INFO - Setting next_dagrun for tutorial_taskflow_api to None, run_after=None
[2024-02-20T18:57:46.404+0000] {processor.py:183} INFO - Processing /home/ubuntu/reddit_venv/lib/python3.10/site-packages/airflow/example_dags/tutorial_taskflow_api.py took 0.061 seconds
[2024-02-20T18:58:34.134+0000] {processor.py:161} INFO - Started process (PID=3441) to work on /home/ubuntu/reddit_venv/lib/python3.10/site-packages/airflow/example_dags/tutorial_taskflow_api.py
[2024-02-20T18:58:34.136+0000] {processor.py:830} INFO - Processing file /home/ubuntu/reddit_venv/lib/python3.10/site-packages/airflow/example_dags/tutorial_taskflow_api.py for tasks to queue
[2024-02-20T18:58:34.137+0000] {logging_mixin.py:188} INFO - [2024-02-20T18:58:34.136+0000] {dagbag.py:538} INFO - Filling up the DagBag from /home/ubuntu/reddit_venv/lib/python3.10/site-packages/airflow/example_dags/tutorial_taskflow_api.py
[2024-02-20T18:58:34.144+0000] {processor.py:840} INFO - DAG(s) 'tutorial_taskflow_api' retrieved from /home/ubuntu/reddit_venv/lib/python3.10/site-packages/airflow/example_dags/tutorial_taskflow_api.py
[2024-02-20T18:58:34.160+0000] {logging_mixin.py:188} INFO - [2024-02-20T18:58:34.159+0000] {dag.py:3036} INFO - Sync 1 DAGs
[2024-02-20T18:58:34.172+0000] {logging_mixin.py:188} INFO - [2024-02-20T18:58:34.171+0000] {dag.py:3823} INFO - Setting next_dagrun for tutorial_taskflow_api to None, run_after=None
[2024-02-20T18:58:34.195+0000] {processor.py:183} INFO - Processing /home/ubuntu/reddit_venv/lib/python3.10/site-packages/airflow/example_dags/tutorial_taskflow_api.py took 0.064 seconds
[2024-02-20T18:59:13.670+0000] {processor.py:161} INFO - Started process (PID=3549) to work on /home/ubuntu/reddit_venv/lib/python3.10/site-packages/airflow/example_dags/tutorial_taskflow_api.py
[2024-02-20T18:59:13.672+0000] {processor.py:830} INFO - Processing file /home/ubuntu/reddit_venv/lib/python3.10/site-packages/airflow/example_dags/tutorial_taskflow_api.py for tasks to queue
[2024-02-20T18:59:13.673+0000] {logging_mixin.py:188} INFO - [2024-02-20T18:59:13.672+0000] {dagbag.py:538} INFO - Filling up the DagBag from /home/ubuntu/reddit_venv/lib/python3.10/site-packages/airflow/example_dags/tutorial_taskflow_api.py
[2024-02-20T18:59:13.679+0000] {processor.py:840} INFO - DAG(s) 'tutorial_taskflow_api' retrieved from /home/ubuntu/reddit_venv/lib/python3.10/site-packages/airflow/example_dags/tutorial_taskflow_api.py
[2024-02-20T18:59:13.695+0000] {logging_mixin.py:188} INFO - [2024-02-20T18:59:13.694+0000] {dag.py:3036} INFO - Sync 1 DAGs
[2024-02-20T18:59:13.706+0000] {logging_mixin.py:188} INFO - [2024-02-20T18:59:13.706+0000] {dag.py:3823} INFO - Setting next_dagrun for tutorial_taskflow_api to None, run_after=None
[2024-02-20T18:59:13.729+0000] {processor.py:183} INFO - Processing /home/ubuntu/reddit_venv/lib/python3.10/site-packages/airflow/example_dags/tutorial_taskflow_api.py took 0.062 seconds
[2024-02-20T18:59:49.568+0000] {processor.py:161} INFO - Started process (PID=3590) to work on /home/ubuntu/reddit_venv/lib/python3.10/site-packages/airflow/example_dags/tutorial_taskflow_api.py
[2024-02-20T18:59:49.570+0000] {processor.py:830} INFO - Processing file /home/ubuntu/reddit_venv/lib/python3.10/site-packages/airflow/example_dags/tutorial_taskflow_api.py for tasks to queue
[2024-02-20T18:59:49.571+0000] {logging_mixin.py:188} INFO - [2024-02-20T18:59:49.571+0000] {dagbag.py:538} INFO - Filling up the DagBag from /home/ubuntu/reddit_venv/lib/python3.10/site-packages/airflow/example_dags/tutorial_taskflow_api.py
[2024-02-20T18:59:49.578+0000] {processor.py:840} INFO - DAG(s) 'tutorial_taskflow_api' retrieved from /home/ubuntu/reddit_venv/lib/python3.10/site-packages/airflow/example_dags/tutorial_taskflow_api.py
[2024-02-20T18:59:49.593+0000] {logging_mixin.py:188} INFO - [2024-02-20T18:59:49.593+0000] {dag.py:3036} INFO - Sync 1 DAGs
[2024-02-20T18:59:49.604+0000] {logging_mixin.py:188} INFO - [2024-02-20T18:59:49.604+0000] {dag.py:3823} INFO - Setting next_dagrun for tutorial_taskflow_api to None, run_after=None
[2024-02-20T18:59:49.626+0000] {processor.py:183} INFO - Processing /home/ubuntu/reddit_venv/lib/python3.10/site-packages/airflow/example_dags/tutorial_taskflow_api.py took 0.061 seconds
[2024-02-20T19:00:33.211+0000] {processor.py:161} INFO - Started process (PID=4129) to work on /home/ubuntu/reddit_venv/lib/python3.10/site-packages/airflow/example_dags/tutorial_taskflow_api.py
[2024-02-20T19:00:33.213+0000] {processor.py:830} INFO - Processing file /home/ubuntu/reddit_venv/lib/python3.10/site-packages/airflow/example_dags/tutorial_taskflow_api.py for tasks to queue
[2024-02-20T19:00:33.213+0000] {logging_mixin.py:188} INFO - [2024-02-20T19:00:33.213+0000] {dagbag.py:538} INFO - Filling up the DagBag from /home/ubuntu/reddit_venv/lib/python3.10/site-packages/airflow/example_dags/tutorial_taskflow_api.py
[2024-02-20T19:00:33.220+0000] {processor.py:840} INFO - DAG(s) 'tutorial_taskflow_api' retrieved from /home/ubuntu/reddit_venv/lib/python3.10/site-packages/airflow/example_dags/tutorial_taskflow_api.py
[2024-02-20T19:00:33.236+0000] {logging_mixin.py:188} INFO - [2024-02-20T19:00:33.236+0000] {dag.py:3036} INFO - Sync 1 DAGs
[2024-02-20T19:00:33.248+0000] {logging_mixin.py:188} INFO - [2024-02-20T19:00:33.247+0000] {dag.py:3823} INFO - Setting next_dagrun for tutorial_taskflow_api to None, run_after=None
[2024-02-20T19:00:33.271+0000] {processor.py:183} INFO - Processing /home/ubuntu/reddit_venv/lib/python3.10/site-packages/airflow/example_dags/tutorial_taskflow_api.py took 0.064 seconds
[2024-02-20T19:01:18.645+0000] {processor.py:161} INFO - Started process (PID=4302) to work on /home/ubuntu/reddit_venv/lib/python3.10/site-packages/airflow/example_dags/tutorial_taskflow_api.py
[2024-02-20T19:01:18.646+0000] {processor.py:830} INFO - Processing file /home/ubuntu/reddit_venv/lib/python3.10/site-packages/airflow/example_dags/tutorial_taskflow_api.py for tasks to queue
[2024-02-20T19:01:18.647+0000] {logging_mixin.py:188} INFO - [2024-02-20T19:01:18.647+0000] {dagbag.py:538} INFO - Filling up the DagBag from /home/ubuntu/reddit_venv/lib/python3.10/site-packages/airflow/example_dags/tutorial_taskflow_api.py
[2024-02-20T19:01:18.654+0000] {processor.py:840} INFO - DAG(s) 'tutorial_taskflow_api' retrieved from /home/ubuntu/reddit_venv/lib/python3.10/site-packages/airflow/example_dags/tutorial_taskflow_api.py
[2024-02-20T19:01:18.670+0000] {logging_mixin.py:188} INFO - [2024-02-20T19:01:18.669+0000] {dag.py:3036} INFO - Sync 1 DAGs
[2024-02-20T19:01:18.681+0000] {logging_mixin.py:188} INFO - [2024-02-20T19:01:18.681+0000] {dag.py:3823} INFO - Setting next_dagrun for tutorial_taskflow_api to None, run_after=None
[2024-02-20T19:01:18.703+0000] {processor.py:183} INFO - Processing /home/ubuntu/reddit_venv/lib/python3.10/site-packages/airflow/example_dags/tutorial_taskflow_api.py took 0.061 seconds
[2024-02-20T19:01:55.954+0000] {processor.py:161} INFO - Started process (PID=4346) to work on /home/ubuntu/reddit_venv/lib/python3.10/site-packages/airflow/example_dags/tutorial_taskflow_api.py
[2024-02-20T19:01:55.955+0000] {processor.py:830} INFO - Processing file /home/ubuntu/reddit_venv/lib/python3.10/site-packages/airflow/example_dags/tutorial_taskflow_api.py for tasks to queue
[2024-02-20T19:01:55.956+0000] {logging_mixin.py:188} INFO - [2024-02-20T19:01:55.956+0000] {dagbag.py:538} INFO - Filling up the DagBag from /home/ubuntu/reddit_venv/lib/python3.10/site-packages/airflow/example_dags/tutorial_taskflow_api.py
[2024-02-20T19:01:55.963+0000] {processor.py:840} INFO - DAG(s) 'tutorial_taskflow_api' retrieved from /home/ubuntu/reddit_venv/lib/python3.10/site-packages/airflow/example_dags/tutorial_taskflow_api.py
[2024-02-20T19:01:55.978+0000] {logging_mixin.py:188} INFO - [2024-02-20T19:01:55.978+0000] {dag.py:3036} INFO - Sync 1 DAGs
[2024-02-20T19:01:55.990+0000] {logging_mixin.py:188} INFO - [2024-02-20T19:01:55.990+0000] {dag.py:3823} INFO - Setting next_dagrun for tutorial_taskflow_api to None, run_after=None
[2024-02-20T19:01:56.011+0000] {processor.py:183} INFO - Processing /home/ubuntu/reddit_venv/lib/python3.10/site-packages/airflow/example_dags/tutorial_taskflow_api.py took 0.061 seconds
[2024-02-20T19:02:35.376+0000] {processor.py:161} INFO - Started process (PID=4451) to work on /home/ubuntu/reddit_venv/lib/python3.10/site-packages/airflow/example_dags/tutorial_taskflow_api.py
[2024-02-20T19:02:35.378+0000] {processor.py:830} INFO - Processing file /home/ubuntu/reddit_venv/lib/python3.10/site-packages/airflow/example_dags/tutorial_taskflow_api.py for tasks to queue
[2024-02-20T19:02:35.378+0000] {logging_mixin.py:188} INFO - [2024-02-20T19:02:35.378+0000] {dagbag.py:538} INFO - Filling up the DagBag from /home/ubuntu/reddit_venv/lib/python3.10/site-packages/airflow/example_dags/tutorial_taskflow_api.py
[2024-02-20T19:02:35.385+0000] {processor.py:840} INFO - DAG(s) 'tutorial_taskflow_api' retrieved from /home/ubuntu/reddit_venv/lib/python3.10/site-packages/airflow/example_dags/tutorial_taskflow_api.py
[2024-02-20T19:02:35.401+0000] {logging_mixin.py:188} INFO - [2024-02-20T19:02:35.400+0000] {dag.py:3036} INFO - Sync 1 DAGs
[2024-02-20T19:02:35.412+0000] {logging_mixin.py:188} INFO - [2024-02-20T19:02:35.412+0000] {dag.py:3823} INFO - Setting next_dagrun for tutorial_taskflow_api to None, run_after=None
[2024-02-20T19:02:35.434+0000] {processor.py:183} INFO - Processing /home/ubuntu/reddit_venv/lib/python3.10/site-packages/airflow/example_dags/tutorial_taskflow_api.py took 0.061 seconds
[2024-02-20T19:03:14.822+0000] {processor.py:161} INFO - Started process (PID=4559) to work on /home/ubuntu/reddit_venv/lib/python3.10/site-packages/airflow/example_dags/tutorial_taskflow_api.py
[2024-02-20T19:03:14.823+0000] {processor.py:830} INFO - Processing file /home/ubuntu/reddit_venv/lib/python3.10/site-packages/airflow/example_dags/tutorial_taskflow_api.py for tasks to queue
[2024-02-20T19:03:14.824+0000] {logging_mixin.py:188} INFO - [2024-02-20T19:03:14.824+0000] {dagbag.py:538} INFO - Filling up the DagBag from /home/ubuntu/reddit_venv/lib/python3.10/site-packages/airflow/example_dags/tutorial_taskflow_api.py
[2024-02-20T19:03:14.831+0000] {processor.py:840} INFO - DAG(s) 'tutorial_taskflow_api' retrieved from /home/ubuntu/reddit_venv/lib/python3.10/site-packages/airflow/example_dags/tutorial_taskflow_api.py
[2024-02-20T19:03:14.847+0000] {logging_mixin.py:188} INFO - [2024-02-20T19:03:14.847+0000] {dag.py:3036} INFO - Sync 1 DAGs
[2024-02-20T19:03:14.859+0000] {logging_mixin.py:188} INFO - [2024-02-20T19:03:14.859+0000] {dag.py:3823} INFO - Setting next_dagrun for tutorial_taskflow_api to None, run_after=None
[2024-02-20T19:03:14.882+0000] {processor.py:183} INFO - Processing /home/ubuntu/reddit_venv/lib/python3.10/site-packages/airflow/example_dags/tutorial_taskflow_api.py took 0.063 seconds
[2024-02-20T19:03:50.850+0000] {processor.py:161} INFO - Started process (PID=4600) to work on /home/ubuntu/reddit_venv/lib/python3.10/site-packages/airflow/example_dags/tutorial_taskflow_api.py
[2024-02-20T19:03:50.851+0000] {processor.py:830} INFO - Processing file /home/ubuntu/reddit_venv/lib/python3.10/site-packages/airflow/example_dags/tutorial_taskflow_api.py for tasks to queue
[2024-02-20T19:03:50.852+0000] {logging_mixin.py:188} INFO - [2024-02-20T19:03:50.852+0000] {dagbag.py:538} INFO - Filling up the DagBag from /home/ubuntu/reddit_venv/lib/python3.10/site-packages/airflow/example_dags/tutorial_taskflow_api.py
[2024-02-20T19:03:50.859+0000] {processor.py:840} INFO - DAG(s) 'tutorial_taskflow_api' retrieved from /home/ubuntu/reddit_venv/lib/python3.10/site-packages/airflow/example_dags/tutorial_taskflow_api.py
[2024-02-20T19:03:50.875+0000] {logging_mixin.py:188} INFO - [2024-02-20T19:03:50.875+0000] {dag.py:3036} INFO - Sync 1 DAGs
[2024-02-20T19:03:50.887+0000] {logging_mixin.py:188} INFO - [2024-02-20T19:03:50.887+0000] {dag.py:3823} INFO - Setting next_dagrun for tutorial_taskflow_api to None, run_after=None
[2024-02-20T19:03:50.909+0000] {processor.py:183} INFO - Processing /home/ubuntu/reddit_venv/lib/python3.10/site-packages/airflow/example_dags/tutorial_taskflow_api.py took 0.063 seconds
[2024-02-20T19:04:29.876+0000] {processor.py:161} INFO - Started process (PID=4704) to work on /home/ubuntu/reddit_venv/lib/python3.10/site-packages/airflow/example_dags/tutorial_taskflow_api.py
[2024-02-20T19:04:29.878+0000] {processor.py:830} INFO - Processing file /home/ubuntu/reddit_venv/lib/python3.10/site-packages/airflow/example_dags/tutorial_taskflow_api.py for tasks to queue
[2024-02-20T19:04:29.878+0000] {logging_mixin.py:188} INFO - [2024-02-20T19:04:29.878+0000] {dagbag.py:538} INFO - Filling up the DagBag from /home/ubuntu/reddit_venv/lib/python3.10/site-packages/airflow/example_dags/tutorial_taskflow_api.py
[2024-02-20T19:04:29.886+0000] {processor.py:840} INFO - DAG(s) 'tutorial_taskflow_api' retrieved from /home/ubuntu/reddit_venv/lib/python3.10/site-packages/airflow/example_dags/tutorial_taskflow_api.py
[2024-02-20T19:04:29.902+0000] {logging_mixin.py:188} INFO - [2024-02-20T19:04:29.902+0000] {dag.py:3036} INFO - Sync 1 DAGs
[2024-02-20T19:04:29.914+0000] {logging_mixin.py:188} INFO - [2024-02-20T19:04:29.914+0000] {dag.py:3823} INFO - Setting next_dagrun for tutorial_taskflow_api to None, run_after=None
[2024-02-20T19:04:29.936+0000] {processor.py:183} INFO - Processing /home/ubuntu/reddit_venv/lib/python3.10/site-packages/airflow/example_dags/tutorial_taskflow_api.py took 0.063 seconds
[2024-02-20T19:05:07.567+0000] {processor.py:161} INFO - Started process (PID=4810) to work on /home/ubuntu/reddit_venv/lib/python3.10/site-packages/airflow/example_dags/tutorial_taskflow_api.py
[2024-02-20T19:05:07.569+0000] {processor.py:830} INFO - Processing file /home/ubuntu/reddit_venv/lib/python3.10/site-packages/airflow/example_dags/tutorial_taskflow_api.py for tasks to queue
[2024-02-20T19:05:07.570+0000] {logging_mixin.py:188} INFO - [2024-02-20T19:05:07.569+0000] {dagbag.py:538} INFO - Filling up the DagBag from /home/ubuntu/reddit_venv/lib/python3.10/site-packages/airflow/example_dags/tutorial_taskflow_api.py
[2024-02-20T19:05:07.577+0000] {processor.py:840} INFO - DAG(s) 'tutorial_taskflow_api' retrieved from /home/ubuntu/reddit_venv/lib/python3.10/site-packages/airflow/example_dags/tutorial_taskflow_api.py
[2024-02-20T19:05:07.594+0000] {logging_mixin.py:188} INFO - [2024-02-20T19:05:07.593+0000] {dag.py:3036} INFO - Sync 1 DAGs
[2024-02-20T19:05:07.606+0000] {logging_mixin.py:188} INFO - [2024-02-20T19:05:07.606+0000] {dag.py:3823} INFO - Setting next_dagrun for tutorial_taskflow_api to None, run_after=None
[2024-02-20T19:05:07.629+0000] {processor.py:183} INFO - Processing /home/ubuntu/reddit_venv/lib/python3.10/site-packages/airflow/example_dags/tutorial_taskflow_api.py took 0.065 seconds
[2024-02-20T19:05:45.936+0000] {processor.py:161} INFO - Started process (PID=4974) to work on /home/ubuntu/reddit_venv/lib/python3.10/site-packages/airflow/example_dags/tutorial_taskflow_api.py
[2024-02-20T19:05:45.937+0000] {processor.py:830} INFO - Processing file /home/ubuntu/reddit_venv/lib/python3.10/site-packages/airflow/example_dags/tutorial_taskflow_api.py for tasks to queue
[2024-02-20T19:05:45.938+0000] {logging_mixin.py:188} INFO - [2024-02-20T19:05:45.937+0000] {dagbag.py:538} INFO - Filling up the DagBag from /home/ubuntu/reddit_venv/lib/python3.10/site-packages/airflow/example_dags/tutorial_taskflow_api.py
[2024-02-20T19:05:45.945+0000] {processor.py:840} INFO - DAG(s) 'tutorial_taskflow_api' retrieved from /home/ubuntu/reddit_venv/lib/python3.10/site-packages/airflow/example_dags/tutorial_taskflow_api.py
[2024-02-20T19:05:45.960+0000] {logging_mixin.py:188} INFO - [2024-02-20T19:05:45.960+0000] {dag.py:3036} INFO - Sync 1 DAGs
[2024-02-20T19:05:45.972+0000] {logging_mixin.py:188} INFO - [2024-02-20T19:05:45.972+0000] {dag.py:3823} INFO - Setting next_dagrun for tutorial_taskflow_api to None, run_after=None
[2024-02-20T19:05:45.994+0000] {processor.py:183} INFO - Processing /home/ubuntu/reddit_venv/lib/python3.10/site-packages/airflow/example_dags/tutorial_taskflow_api.py took 0.062 seconds
[2024-02-20T19:06:24.059+0000] {processor.py:161} INFO - Started process (PID=5199) to work on /home/ubuntu/reddit_venv/lib/python3.10/site-packages/airflow/example_dags/tutorial_taskflow_api.py
[2024-02-20T19:06:24.060+0000] {processor.py:830} INFO - Processing file /home/ubuntu/reddit_venv/lib/python3.10/site-packages/airflow/example_dags/tutorial_taskflow_api.py for tasks to queue
[2024-02-20T19:06:24.061+0000] {logging_mixin.py:188} INFO - [2024-02-20T19:06:24.061+0000] {dagbag.py:538} INFO - Filling up the DagBag from /home/ubuntu/reddit_venv/lib/python3.10/site-packages/airflow/example_dags/tutorial_taskflow_api.py
[2024-02-20T19:06:24.068+0000] {processor.py:840} INFO - DAG(s) 'tutorial_taskflow_api' retrieved from /home/ubuntu/reddit_venv/lib/python3.10/site-packages/airflow/example_dags/tutorial_taskflow_api.py
[2024-02-20T19:06:24.083+0000] {logging_mixin.py:188} INFO - [2024-02-20T19:06:24.083+0000] {dag.py:3036} INFO - Sync 1 DAGs
[2024-02-20T19:06:24.095+0000] {logging_mixin.py:188} INFO - [2024-02-20T19:06:24.095+0000] {dag.py:3823} INFO - Setting next_dagrun for tutorial_taskflow_api to None, run_after=None
[2024-02-20T19:06:24.119+0000] {processor.py:183} INFO - Processing /home/ubuntu/reddit_venv/lib/python3.10/site-packages/airflow/example_dags/tutorial_taskflow_api.py took 0.063 seconds
[2024-02-20T19:06:57.016+0000] {processor.py:161} INFO - Started process (PID=5240) to work on /home/ubuntu/reddit_venv/lib/python3.10/site-packages/airflow/example_dags/tutorial_taskflow_api.py
[2024-02-20T19:06:57.017+0000] {processor.py:830} INFO - Processing file /home/ubuntu/reddit_venv/lib/python3.10/site-packages/airflow/example_dags/tutorial_taskflow_api.py for tasks to queue
[2024-02-20T19:06:57.018+0000] {logging_mixin.py:188} INFO - [2024-02-20T19:06:57.017+0000] {dagbag.py:538} INFO - Filling up the DagBag from /home/ubuntu/reddit_venv/lib/python3.10/site-packages/airflow/example_dags/tutorial_taskflow_api.py
[2024-02-20T19:06:57.025+0000] {processor.py:840} INFO - DAG(s) 'tutorial_taskflow_api' retrieved from /home/ubuntu/reddit_venv/lib/python3.10/site-packages/airflow/example_dags/tutorial_taskflow_api.py
[2024-02-20T19:06:57.041+0000] {logging_mixin.py:188} INFO - [2024-02-20T19:06:57.040+0000] {dag.py:3036} INFO - Sync 1 DAGs
[2024-02-20T19:06:57.053+0000] {logging_mixin.py:188} INFO - [2024-02-20T19:06:57.052+0000] {dag.py:3823} INFO - Setting next_dagrun for tutorial_taskflow_api to None, run_after=None
[2024-02-20T19:06:57.075+0000] {processor.py:183} INFO - Processing /home/ubuntu/reddit_venv/lib/python3.10/site-packages/airflow/example_dags/tutorial_taskflow_api.py took 0.063 seconds
[2024-02-20T19:07:35.103+0000] {processor.py:161} INFO - Started process (PID=5401) to work on /home/ubuntu/reddit_venv/lib/python3.10/site-packages/airflow/example_dags/tutorial_taskflow_api.py
[2024-02-20T19:07:35.104+0000] {processor.py:830} INFO - Processing file /home/ubuntu/reddit_venv/lib/python3.10/site-packages/airflow/example_dags/tutorial_taskflow_api.py for tasks to queue
[2024-02-20T19:07:35.105+0000] {logging_mixin.py:188} INFO - [2024-02-20T19:07:35.105+0000] {dagbag.py:538} INFO - Filling up the DagBag from /home/ubuntu/reddit_venv/lib/python3.10/site-packages/airflow/example_dags/tutorial_taskflow_api.py
[2024-02-20T19:07:35.112+0000] {processor.py:840} INFO - DAG(s) 'tutorial_taskflow_api' retrieved from /home/ubuntu/reddit_venv/lib/python3.10/site-packages/airflow/example_dags/tutorial_taskflow_api.py
[2024-02-20T19:07:35.128+0000] {logging_mixin.py:188} INFO - [2024-02-20T19:07:35.128+0000] {dag.py:3036} INFO - Sync 1 DAGs
[2024-02-20T19:07:35.140+0000] {logging_mixin.py:188} INFO - [2024-02-20T19:07:35.140+0000] {dag.py:3823} INFO - Setting next_dagrun for tutorial_taskflow_api to None, run_after=None
[2024-02-20T19:07:35.163+0000] {processor.py:183} INFO - Processing /home/ubuntu/reddit_venv/lib/python3.10/site-packages/airflow/example_dags/tutorial_taskflow_api.py took 0.064 seconds
[2024-02-20T19:08:30.816+0000] {processor.py:161} INFO - Started process (PID=5898) to work on /home/ubuntu/reddit_venv/lib/python3.10/site-packages/airflow/example_dags/tutorial_taskflow_api.py
[2024-02-20T19:08:30.817+0000] {processor.py:830} INFO - Processing file /home/ubuntu/reddit_venv/lib/python3.10/site-packages/airflow/example_dags/tutorial_taskflow_api.py for tasks to queue
[2024-02-20T19:08:30.818+0000] {logging_mixin.py:188} INFO - [2024-02-20T19:08:30.817+0000] {dagbag.py:538} INFO - Filling up the DagBag from /home/ubuntu/reddit_venv/lib/python3.10/site-packages/airflow/example_dags/tutorial_taskflow_api.py
[2024-02-20T19:08:30.825+0000] {processor.py:840} INFO - DAG(s) 'tutorial_taskflow_api' retrieved from /home/ubuntu/reddit_venv/lib/python3.10/site-packages/airflow/example_dags/tutorial_taskflow_api.py
[2024-02-20T19:08:30.841+0000] {logging_mixin.py:188} INFO - [2024-02-20T19:08:30.840+0000] {dag.py:3036} INFO - Sync 1 DAGs
[2024-02-20T19:08:30.852+0000] {logging_mixin.py:188} INFO - [2024-02-20T19:08:30.852+0000] {dag.py:3823} INFO - Setting next_dagrun for tutorial_taskflow_api to None, run_after=None
[2024-02-20T19:08:30.873+0000] {processor.py:183} INFO - Processing /home/ubuntu/reddit_venv/lib/python3.10/site-packages/airflow/example_dags/tutorial_taskflow_api.py took 0.061 seconds
[2024-02-20T19:09:20.504+0000] {processor.py:161} INFO - Started process (PID=6013) to work on /home/ubuntu/reddit_venv/lib/python3.10/site-packages/airflow/example_dags/tutorial_taskflow_api.py
[2024-02-20T19:09:20.505+0000] {processor.py:830} INFO - Processing file /home/ubuntu/reddit_venv/lib/python3.10/site-packages/airflow/example_dags/tutorial_taskflow_api.py for tasks to queue
[2024-02-20T19:09:20.506+0000] {logging_mixin.py:188} INFO - [2024-02-20T19:09:20.506+0000] {dagbag.py:538} INFO - Filling up the DagBag from /home/ubuntu/reddit_venv/lib/python3.10/site-packages/airflow/example_dags/tutorial_taskflow_api.py
[2024-02-20T19:09:20.513+0000] {processor.py:840} INFO - DAG(s) 'tutorial_taskflow_api' retrieved from /home/ubuntu/reddit_venv/lib/python3.10/site-packages/airflow/example_dags/tutorial_taskflow_api.py
[2024-02-20T19:09:20.530+0000] {logging_mixin.py:188} INFO - [2024-02-20T19:09:20.529+0000] {dag.py:3036} INFO - Sync 1 DAGs
[2024-02-20T19:09:20.542+0000] {logging_mixin.py:188} INFO - [2024-02-20T19:09:20.541+0000] {dag.py:3823} INFO - Setting next_dagrun for tutorial_taskflow_api to None, run_after=None
[2024-02-20T19:09:20.564+0000] {processor.py:183} INFO - Processing /home/ubuntu/reddit_venv/lib/python3.10/site-packages/airflow/example_dags/tutorial_taskflow_api.py took 0.063 seconds
[2024-02-20T19:10:01.026+0000] {processor.py:161} INFO - Started process (PID=6084) to work on /home/ubuntu/reddit_venv/lib/python3.10/site-packages/airflow/example_dags/tutorial_taskflow_api.py
[2024-02-20T19:10:01.027+0000] {processor.py:830} INFO - Processing file /home/ubuntu/reddit_venv/lib/python3.10/site-packages/airflow/example_dags/tutorial_taskflow_api.py for tasks to queue
[2024-02-20T19:10:01.028+0000] {logging_mixin.py:188} INFO - [2024-02-20T19:10:01.028+0000] {dagbag.py:538} INFO - Filling up the DagBag from /home/ubuntu/reddit_venv/lib/python3.10/site-packages/airflow/example_dags/tutorial_taskflow_api.py
[2024-02-20T19:10:01.035+0000] {processor.py:840} INFO - DAG(s) 'tutorial_taskflow_api' retrieved from /home/ubuntu/reddit_venv/lib/python3.10/site-packages/airflow/example_dags/tutorial_taskflow_api.py
[2024-02-20T19:10:01.051+0000] {logging_mixin.py:188} INFO - [2024-02-20T19:10:01.051+0000] {dag.py:3036} INFO - Sync 1 DAGs
[2024-02-20T19:10:01.064+0000] {logging_mixin.py:188} INFO - [2024-02-20T19:10:01.063+0000] {dag.py:3823} INFO - Setting next_dagrun for tutorial_taskflow_api to None, run_after=None
[2024-02-20T19:10:01.088+0000] {processor.py:183} INFO - Processing /home/ubuntu/reddit_venv/lib/python3.10/site-packages/airflow/example_dags/tutorial_taskflow_api.py took 0.065 seconds
[2024-02-20T19:10:39.443+0000] {processor.py:161} INFO - Started process (PID=6165) to work on /home/ubuntu/reddit_venv/lib/python3.10/site-packages/airflow/example_dags/tutorial_taskflow_api.py
[2024-02-20T19:10:39.445+0000] {processor.py:830} INFO - Processing file /home/ubuntu/reddit_venv/lib/python3.10/site-packages/airflow/example_dags/tutorial_taskflow_api.py for tasks to queue
[2024-02-20T19:10:39.446+0000] {logging_mixin.py:188} INFO - [2024-02-20T19:10:39.445+0000] {dagbag.py:538} INFO - Filling up the DagBag from /home/ubuntu/reddit_venv/lib/python3.10/site-packages/airflow/example_dags/tutorial_taskflow_api.py
[2024-02-20T19:10:39.453+0000] {processor.py:840} INFO - DAG(s) 'tutorial_taskflow_api' retrieved from /home/ubuntu/reddit_venv/lib/python3.10/site-packages/airflow/example_dags/tutorial_taskflow_api.py
[2024-02-20T19:10:39.468+0000] {logging_mixin.py:188} INFO - [2024-02-20T19:10:39.468+0000] {dag.py:3036} INFO - Sync 1 DAGs
[2024-02-20T19:10:39.480+0000] {logging_mixin.py:188} INFO - [2024-02-20T19:10:39.479+0000] {dag.py:3823} INFO - Setting next_dagrun for tutorial_taskflow_api to None, run_after=None
[2024-02-20T19:10:39.501+0000] {processor.py:183} INFO - Processing /home/ubuntu/reddit_venv/lib/python3.10/site-packages/airflow/example_dags/tutorial_taskflow_api.py took 0.061 seconds
[2024-02-20T19:11:15.480+0000] {processor.py:161} INFO - Started process (PID=6330) to work on /home/ubuntu/reddit_venv/lib/python3.10/site-packages/airflow/example_dags/tutorial_taskflow_api.py
[2024-02-20T19:11:15.482+0000] {processor.py:830} INFO - Processing file /home/ubuntu/reddit_venv/lib/python3.10/site-packages/airflow/example_dags/tutorial_taskflow_api.py for tasks to queue
[2024-02-20T19:11:15.483+0000] {logging_mixin.py:188} INFO - [2024-02-20T19:11:15.482+0000] {dagbag.py:538} INFO - Filling up the DagBag from /home/ubuntu/reddit_venv/lib/python3.10/site-packages/airflow/example_dags/tutorial_taskflow_api.py
[2024-02-20T19:11:15.490+0000] {processor.py:840} INFO - DAG(s) 'tutorial_taskflow_api' retrieved from /home/ubuntu/reddit_venv/lib/python3.10/site-packages/airflow/example_dags/tutorial_taskflow_api.py
[2024-02-20T19:11:15.505+0000] {logging_mixin.py:188} INFO - [2024-02-20T19:11:15.505+0000] {dag.py:3036} INFO - Sync 1 DAGs
[2024-02-20T19:11:15.517+0000] {logging_mixin.py:188} INFO - [2024-02-20T19:11:15.517+0000] {dag.py:3823} INFO - Setting next_dagrun for tutorial_taskflow_api to None, run_after=None
[2024-02-20T19:11:15.540+0000] {processor.py:183} INFO - Processing /home/ubuntu/reddit_venv/lib/python3.10/site-packages/airflow/example_dags/tutorial_taskflow_api.py took 0.063 seconds
[2024-02-20T19:11:53.008+0000] {processor.py:161} INFO - Started process (PID=6372) to work on /home/ubuntu/reddit_venv/lib/python3.10/site-packages/airflow/example_dags/tutorial_taskflow_api.py
[2024-02-20T19:11:53.009+0000] {processor.py:830} INFO - Processing file /home/ubuntu/reddit_venv/lib/python3.10/site-packages/airflow/example_dags/tutorial_taskflow_api.py for tasks to queue
[2024-02-20T19:11:53.010+0000] {logging_mixin.py:188} INFO - [2024-02-20T19:11:53.010+0000] {dagbag.py:538} INFO - Filling up the DagBag from /home/ubuntu/reddit_venv/lib/python3.10/site-packages/airflow/example_dags/tutorial_taskflow_api.py
[2024-02-20T19:11:53.017+0000] {processor.py:840} INFO - DAG(s) 'tutorial_taskflow_api' retrieved from /home/ubuntu/reddit_venv/lib/python3.10/site-packages/airflow/example_dags/tutorial_taskflow_api.py
[2024-02-20T19:11:53.033+0000] {logging_mixin.py:188} INFO - [2024-02-20T19:11:53.032+0000] {dag.py:3036} INFO - Sync 1 DAGs
[2024-02-20T19:11:53.044+0000] {logging_mixin.py:188} INFO - [2024-02-20T19:11:53.044+0000] {dag.py:3823} INFO - Setting next_dagrun for tutorial_taskflow_api to None, run_after=None
[2024-02-20T19:11:53.066+0000] {processor.py:183} INFO - Processing /home/ubuntu/reddit_venv/lib/python3.10/site-packages/airflow/example_dags/tutorial_taskflow_api.py took 0.061 seconds
[2024-02-20T19:12:30.933+0000] {processor.py:161} INFO - Started process (PID=6477) to work on /home/ubuntu/reddit_venv/lib/python3.10/site-packages/airflow/example_dags/tutorial_taskflow_api.py
[2024-02-20T19:12:30.934+0000] {processor.py:830} INFO - Processing file /home/ubuntu/reddit_venv/lib/python3.10/site-packages/airflow/example_dags/tutorial_taskflow_api.py for tasks to queue
[2024-02-20T19:12:30.935+0000] {logging_mixin.py:188} INFO - [2024-02-20T19:12:30.935+0000] {dagbag.py:538} INFO - Filling up the DagBag from /home/ubuntu/reddit_venv/lib/python3.10/site-packages/airflow/example_dags/tutorial_taskflow_api.py
[2024-02-20T19:12:30.942+0000] {processor.py:840} INFO - DAG(s) 'tutorial_taskflow_api' retrieved from /home/ubuntu/reddit_venv/lib/python3.10/site-packages/airflow/example_dags/tutorial_taskflow_api.py
[2024-02-20T19:12:30.958+0000] {logging_mixin.py:188} INFO - [2024-02-20T19:12:30.957+0000] {dag.py:3036} INFO - Sync 1 DAGs
[2024-02-20T19:12:30.969+0000] {logging_mixin.py:188} INFO - [2024-02-20T19:12:30.969+0000] {dag.py:3823} INFO - Setting next_dagrun for tutorial_taskflow_api to None, run_after=None
[2024-02-20T19:12:30.991+0000] {processor.py:183} INFO - Processing /home/ubuntu/reddit_venv/lib/python3.10/site-packages/airflow/example_dags/tutorial_taskflow_api.py took 0.061 seconds
[2024-02-20T19:13:08.743+0000] {processor.py:161} INFO - Started process (PID=6577) to work on /home/ubuntu/reddit_venv/lib/python3.10/site-packages/airflow/example_dags/tutorial_taskflow_api.py
[2024-02-20T19:13:08.745+0000] {processor.py:830} INFO - Processing file /home/ubuntu/reddit_venv/lib/python3.10/site-packages/airflow/example_dags/tutorial_taskflow_api.py for tasks to queue
[2024-02-20T19:13:08.745+0000] {logging_mixin.py:188} INFO - [2024-02-20T19:13:08.745+0000] {dagbag.py:538} INFO - Filling up the DagBag from /home/ubuntu/reddit_venv/lib/python3.10/site-packages/airflow/example_dags/tutorial_taskflow_api.py
[2024-02-20T19:13:08.752+0000] {processor.py:840} INFO - DAG(s) 'tutorial_taskflow_api' retrieved from /home/ubuntu/reddit_venv/lib/python3.10/site-packages/airflow/example_dags/tutorial_taskflow_api.py
[2024-02-20T19:13:08.768+0000] {logging_mixin.py:188} INFO - [2024-02-20T19:13:08.767+0000] {dag.py:3036} INFO - Sync 1 DAGs
[2024-02-20T19:13:08.779+0000] {logging_mixin.py:188} INFO - [2024-02-20T19:13:08.779+0000] {dag.py:3823} INFO - Setting next_dagrun for tutorial_taskflow_api to None, run_after=None
[2024-02-20T19:13:08.802+0000] {processor.py:183} INFO - Processing /home/ubuntu/reddit_venv/lib/python3.10/site-packages/airflow/example_dags/tutorial_taskflow_api.py took 0.062 seconds
[2024-02-20T19:13:49.951+0000] {processor.py:161} INFO - Started process (PID=6624) to work on /home/ubuntu/reddit_venv/lib/python3.10/site-packages/airflow/example_dags/tutorial_taskflow_api.py
[2024-02-20T19:13:49.953+0000] {processor.py:830} INFO - Processing file /home/ubuntu/reddit_venv/lib/python3.10/site-packages/airflow/example_dags/tutorial_taskflow_api.py for tasks to queue
[2024-02-20T19:13:49.954+0000] {logging_mixin.py:188} INFO - [2024-02-20T19:13:49.954+0000] {dagbag.py:538} INFO - Filling up the DagBag from /home/ubuntu/reddit_venv/lib/python3.10/site-packages/airflow/example_dags/tutorial_taskflow_api.py
[2024-02-20T19:13:49.961+0000] {processor.py:840} INFO - DAG(s) 'tutorial_taskflow_api' retrieved from /home/ubuntu/reddit_venv/lib/python3.10/site-packages/airflow/example_dags/tutorial_taskflow_api.py
[2024-02-20T19:13:49.977+0000] {logging_mixin.py:188} INFO - [2024-02-20T19:13:49.976+0000] {dag.py:3036} INFO - Sync 1 DAGs
[2024-02-20T19:13:49.988+0000] {logging_mixin.py:188} INFO - [2024-02-20T19:13:49.988+0000] {dag.py:3823} INFO - Setting next_dagrun for tutorial_taskflow_api to None, run_after=None
[2024-02-20T19:13:50.010+0000] {processor.py:183} INFO - Processing /home/ubuntu/reddit_venv/lib/python3.10/site-packages/airflow/example_dags/tutorial_taskflow_api.py took 0.062 seconds
[2024-02-20T19:14:27.247+0000] {processor.py:161} INFO - Started process (PID=6731) to work on /home/ubuntu/reddit_venv/lib/python3.10/site-packages/airflow/example_dags/tutorial_taskflow_api.py
[2024-02-20T19:14:27.248+0000] {processor.py:830} INFO - Processing file /home/ubuntu/reddit_venv/lib/python3.10/site-packages/airflow/example_dags/tutorial_taskflow_api.py for tasks to queue
[2024-02-20T19:14:27.249+0000] {logging_mixin.py:188} INFO - [2024-02-20T19:14:27.249+0000] {dagbag.py:538} INFO - Filling up the DagBag from /home/ubuntu/reddit_venv/lib/python3.10/site-packages/airflow/example_dags/tutorial_taskflow_api.py
[2024-02-20T19:14:27.256+0000] {processor.py:840} INFO - DAG(s) 'tutorial_taskflow_api' retrieved from /home/ubuntu/reddit_venv/lib/python3.10/site-packages/airflow/example_dags/tutorial_taskflow_api.py
[2024-02-20T19:14:27.272+0000] {logging_mixin.py:188} INFO - [2024-02-20T19:14:27.271+0000] {dag.py:3036} INFO - Sync 1 DAGs
[2024-02-20T19:14:27.283+0000] {logging_mixin.py:188} INFO - [2024-02-20T19:14:27.283+0000] {dag.py:3823} INFO - Setting next_dagrun for tutorial_taskflow_api to None, run_after=None
[2024-02-20T19:14:27.305+0000] {processor.py:183} INFO - Processing /home/ubuntu/reddit_venv/lib/python3.10/site-packages/airflow/example_dags/tutorial_taskflow_api.py took 0.061 seconds
[2024-02-20T19:15:01.676+0000] {processor.py:161} INFO - Started process (PID=6800) to work on /home/ubuntu/reddit_venv/lib/python3.10/site-packages/airflow/example_dags/tutorial_taskflow_api.py
[2024-02-20T19:15:01.677+0000] {processor.py:830} INFO - Processing file /home/ubuntu/reddit_venv/lib/python3.10/site-packages/airflow/example_dags/tutorial_taskflow_api.py for tasks to queue
[2024-02-20T19:15:01.678+0000] {logging_mixin.py:188} INFO - [2024-02-20T19:15:01.678+0000] {dagbag.py:538} INFO - Filling up the DagBag from /home/ubuntu/reddit_venv/lib/python3.10/site-packages/airflow/example_dags/tutorial_taskflow_api.py
[2024-02-20T19:15:01.686+0000] {processor.py:840} INFO - DAG(s) 'tutorial_taskflow_api' retrieved from /home/ubuntu/reddit_venv/lib/python3.10/site-packages/airflow/example_dags/tutorial_taskflow_api.py
[2024-02-20T19:15:01.703+0000] {logging_mixin.py:188} INFO - [2024-02-20T19:15:01.703+0000] {dag.py:3036} INFO - Sync 1 DAGs
[2024-02-20T19:15:01.716+0000] {logging_mixin.py:188} INFO - [2024-02-20T19:15:01.715+0000] {dag.py:3823} INFO - Setting next_dagrun for tutorial_taskflow_api to None, run_after=None
[2024-02-20T19:15:01.741+0000] {processor.py:183} INFO - Processing /home/ubuntu/reddit_venv/lib/python3.10/site-packages/airflow/example_dags/tutorial_taskflow_api.py took 0.069 seconds
[2024-02-20T19:15:39.690+0000] {processor.py:161} INFO - Started process (PID=7248) to work on /home/ubuntu/reddit_venv/lib/python3.10/site-packages/airflow/example_dags/tutorial_taskflow_api.py
[2024-02-20T19:15:39.692+0000] {processor.py:830} INFO - Processing file /home/ubuntu/reddit_venv/lib/python3.10/site-packages/airflow/example_dags/tutorial_taskflow_api.py for tasks to queue
[2024-02-20T19:15:39.692+0000] {logging_mixin.py:188} INFO - [2024-02-20T19:15:39.692+0000] {dagbag.py:538} INFO - Filling up the DagBag from /home/ubuntu/reddit_venv/lib/python3.10/site-packages/airflow/example_dags/tutorial_taskflow_api.py
[2024-02-20T19:15:39.700+0000] {processor.py:840} INFO - DAG(s) 'tutorial_taskflow_api' retrieved from /home/ubuntu/reddit_venv/lib/python3.10/site-packages/airflow/example_dags/tutorial_taskflow_api.py
[2024-02-20T19:15:39.715+0000] {logging_mixin.py:188} INFO - [2024-02-20T19:15:39.715+0000] {dag.py:3036} INFO - Sync 1 DAGs
[2024-02-20T19:15:39.727+0000] {logging_mixin.py:188} INFO - [2024-02-20T19:15:39.727+0000] {dag.py:3823} INFO - Setting next_dagrun for tutorial_taskflow_api to None, run_after=None
[2024-02-20T19:15:39.748+0000] {processor.py:183} INFO - Processing /home/ubuntu/reddit_venv/lib/python3.10/site-packages/airflow/example_dags/tutorial_taskflow_api.py took 0.061 seconds
[2024-02-20T19:16:16.829+0000] {processor.py:161} INFO - Started process (PID=7470) to work on /home/ubuntu/reddit_venv/lib/python3.10/site-packages/airflow/example_dags/tutorial_taskflow_api.py
[2024-02-20T19:16:16.831+0000] {processor.py:830} INFO - Processing file /home/ubuntu/reddit_venv/lib/python3.10/site-packages/airflow/example_dags/tutorial_taskflow_api.py for tasks to queue
[2024-02-20T19:16:16.832+0000] {logging_mixin.py:188} INFO - [2024-02-20T19:16:16.831+0000] {dagbag.py:538} INFO - Filling up the DagBag from /home/ubuntu/reddit_venv/lib/python3.10/site-packages/airflow/example_dags/tutorial_taskflow_api.py
[2024-02-20T19:16:16.839+0000] {processor.py:840} INFO - DAG(s) 'tutorial_taskflow_api' retrieved from /home/ubuntu/reddit_venv/lib/python3.10/site-packages/airflow/example_dags/tutorial_taskflow_api.py
[2024-02-20T19:16:16.854+0000] {logging_mixin.py:188} INFO - [2024-02-20T19:16:16.854+0000] {dag.py:3036} INFO - Sync 1 DAGs
[2024-02-20T19:16:16.866+0000] {logging_mixin.py:188} INFO - [2024-02-20T19:16:16.866+0000] {dag.py:3823} INFO - Setting next_dagrun for tutorial_taskflow_api to None, run_after=None
[2024-02-20T19:16:16.891+0000] {processor.py:183} INFO - Processing /home/ubuntu/reddit_venv/lib/python3.10/site-packages/airflow/example_dags/tutorial_taskflow_api.py took 0.065 seconds
[2024-02-20T19:16:57.207+0000] {processor.py:161} INFO - Started process (PID=7517) to work on /home/ubuntu/reddit_venv/lib/python3.10/site-packages/airflow/example_dags/tutorial_taskflow_api.py
[2024-02-20T19:16:57.209+0000] {processor.py:830} INFO - Processing file /home/ubuntu/reddit_venv/lib/python3.10/site-packages/airflow/example_dags/tutorial_taskflow_api.py for tasks to queue
[2024-02-20T19:16:57.210+0000] {logging_mixin.py:188} INFO - [2024-02-20T19:16:57.209+0000] {dagbag.py:538} INFO - Filling up the DagBag from /home/ubuntu/reddit_venv/lib/python3.10/site-packages/airflow/example_dags/tutorial_taskflow_api.py
[2024-02-20T19:16:57.217+0000] {processor.py:840} INFO - DAG(s) 'tutorial_taskflow_api' retrieved from /home/ubuntu/reddit_venv/lib/python3.10/site-packages/airflow/example_dags/tutorial_taskflow_api.py
[2024-02-20T19:16:57.233+0000] {logging_mixin.py:188} INFO - [2024-02-20T19:16:57.233+0000] {dag.py:3036} INFO - Sync 1 DAGs
[2024-02-20T19:16:57.245+0000] {logging_mixin.py:188} INFO - [2024-02-20T19:16:57.245+0000] {dag.py:3823} INFO - Setting next_dagrun for tutorial_taskflow_api to None, run_after=None
[2024-02-20T19:16:57.267+0000] {processor.py:183} INFO - Processing /home/ubuntu/reddit_venv/lib/python3.10/site-packages/airflow/example_dags/tutorial_taskflow_api.py took 0.063 seconds
[2024-02-20T19:17:35.830+0000] {processor.py:161} INFO - Started process (PID=7624) to work on /home/ubuntu/reddit_venv/lib/python3.10/site-packages/airflow/example_dags/tutorial_taskflow_api.py
[2024-02-20T19:17:35.832+0000] {processor.py:830} INFO - Processing file /home/ubuntu/reddit_venv/lib/python3.10/site-packages/airflow/example_dags/tutorial_taskflow_api.py for tasks to queue
[2024-02-20T19:17:35.833+0000] {logging_mixin.py:188} INFO - [2024-02-20T19:17:35.832+0000] {dagbag.py:538} INFO - Filling up the DagBag from /home/ubuntu/reddit_venv/lib/python3.10/site-packages/airflow/example_dags/tutorial_taskflow_api.py
[2024-02-20T19:17:35.840+0000] {processor.py:840} INFO - DAG(s) 'tutorial_taskflow_api' retrieved from /home/ubuntu/reddit_venv/lib/python3.10/site-packages/airflow/example_dags/tutorial_taskflow_api.py
[2024-02-20T19:17:35.855+0000] {logging_mixin.py:188} INFO - [2024-02-20T19:17:35.855+0000] {dag.py:3036} INFO - Sync 1 DAGs
[2024-02-20T19:17:35.867+0000] {logging_mixin.py:188} INFO - [2024-02-20T19:17:35.866+0000] {dag.py:3823} INFO - Setting next_dagrun for tutorial_taskflow_api to None, run_after=None
[2024-02-20T19:17:35.890+0000] {processor.py:183} INFO - Processing /home/ubuntu/reddit_venv/lib/python3.10/site-packages/airflow/example_dags/tutorial_taskflow_api.py took 0.062 seconds
[2024-02-20T19:18:14.744+0000] {processor.py:161} INFO - Started process (PID=7729) to work on /home/ubuntu/reddit_venv/lib/python3.10/site-packages/airflow/example_dags/tutorial_taskflow_api.py
[2024-02-20T19:18:14.746+0000] {processor.py:830} INFO - Processing file /home/ubuntu/reddit_venv/lib/python3.10/site-packages/airflow/example_dags/tutorial_taskflow_api.py for tasks to queue
[2024-02-20T19:18:14.747+0000] {logging_mixin.py:188} INFO - [2024-02-20T19:18:14.746+0000] {dagbag.py:538} INFO - Filling up the DagBag from /home/ubuntu/reddit_venv/lib/python3.10/site-packages/airflow/example_dags/tutorial_taskflow_api.py
[2024-02-20T19:18:14.754+0000] {processor.py:840} INFO - DAG(s) 'tutorial_taskflow_api' retrieved from /home/ubuntu/reddit_venv/lib/python3.10/site-packages/airflow/example_dags/tutorial_taskflow_api.py
[2024-02-20T19:18:14.770+0000] {logging_mixin.py:188} INFO - [2024-02-20T19:18:14.769+0000] {dag.py:3036} INFO - Sync 1 DAGs
[2024-02-20T19:18:14.781+0000] {logging_mixin.py:188} INFO - [2024-02-20T19:18:14.781+0000] {dag.py:3823} INFO - Setting next_dagrun for tutorial_taskflow_api to None, run_after=None
[2024-02-20T19:18:14.809+0000] {processor.py:183} INFO - Processing /home/ubuntu/reddit_venv/lib/python3.10/site-packages/airflow/example_dags/tutorial_taskflow_api.py took 0.068 seconds
[2024-02-20T19:18:53.221+0000] {processor.py:161} INFO - Started process (PID=7771) to work on /home/ubuntu/reddit_venv/lib/python3.10/site-packages/airflow/example_dags/tutorial_taskflow_api.py
[2024-02-20T19:18:53.222+0000] {processor.py:830} INFO - Processing file /home/ubuntu/reddit_venv/lib/python3.10/site-packages/airflow/example_dags/tutorial_taskflow_api.py for tasks to queue
[2024-02-20T19:18:53.223+0000] {logging_mixin.py:188} INFO - [2024-02-20T19:18:53.223+0000] {dagbag.py:538} INFO - Filling up the DagBag from /home/ubuntu/reddit_venv/lib/python3.10/site-packages/airflow/example_dags/tutorial_taskflow_api.py
[2024-02-20T19:18:53.230+0000] {processor.py:840} INFO - DAG(s) 'tutorial_taskflow_api' retrieved from /home/ubuntu/reddit_venv/lib/python3.10/site-packages/airflow/example_dags/tutorial_taskflow_api.py
[2024-02-20T19:18:53.246+0000] {logging_mixin.py:188} INFO - [2024-02-20T19:18:53.246+0000] {dag.py:3036} INFO - Sync 1 DAGs
[2024-02-20T19:18:53.257+0000] {logging_mixin.py:188} INFO - [2024-02-20T19:18:53.257+0000] {dag.py:3823} INFO - Setting next_dagrun for tutorial_taskflow_api to None, run_after=None
[2024-02-20T19:18:53.281+0000] {processor.py:183} INFO - Processing /home/ubuntu/reddit_venv/lib/python3.10/site-packages/airflow/example_dags/tutorial_taskflow_api.py took 0.063 seconds
[2024-02-20T19:19:33.134+0000] {processor.py:161} INFO - Started process (PID=7878) to work on /home/ubuntu/reddit_venv/lib/python3.10/site-packages/airflow/example_dags/tutorial_taskflow_api.py
[2024-02-20T19:19:33.135+0000] {processor.py:830} INFO - Processing file /home/ubuntu/reddit_venv/lib/python3.10/site-packages/airflow/example_dags/tutorial_taskflow_api.py for tasks to queue
[2024-02-20T19:19:33.136+0000] {logging_mixin.py:188} INFO - [2024-02-20T19:19:33.136+0000] {dagbag.py:538} INFO - Filling up the DagBag from /home/ubuntu/reddit_venv/lib/python3.10/site-packages/airflow/example_dags/tutorial_taskflow_api.py
[2024-02-20T19:19:33.143+0000] {processor.py:840} INFO - DAG(s) 'tutorial_taskflow_api' retrieved from /home/ubuntu/reddit_venv/lib/python3.10/site-packages/airflow/example_dags/tutorial_taskflow_api.py
[2024-02-20T19:19:33.159+0000] {logging_mixin.py:188} INFO - [2024-02-20T19:19:33.159+0000] {dag.py:3036} INFO - Sync 1 DAGs
[2024-02-20T19:19:33.171+0000] {logging_mixin.py:188} INFO - [2024-02-20T19:19:33.171+0000] {dag.py:3823} INFO - Setting next_dagrun for tutorial_taskflow_api to None, run_after=None
[2024-02-20T19:19:33.195+0000] {processor.py:183} INFO - Processing /home/ubuntu/reddit_venv/lib/python3.10/site-packages/airflow/example_dags/tutorial_taskflow_api.py took 0.065 seconds
[2024-02-20T19:20:10.937+0000] {processor.py:161} INFO - Started process (PID=7981) to work on /home/ubuntu/reddit_venv/lib/python3.10/site-packages/airflow/example_dags/tutorial_taskflow_api.py
[2024-02-20T19:20:10.938+0000] {processor.py:830} INFO - Processing file /home/ubuntu/reddit_venv/lib/python3.10/site-packages/airflow/example_dags/tutorial_taskflow_api.py for tasks to queue
[2024-02-20T19:20:10.939+0000] {logging_mixin.py:188} INFO - [2024-02-20T19:20:10.939+0000] {dagbag.py:538} INFO - Filling up the DagBag from /home/ubuntu/reddit_venv/lib/python3.10/site-packages/airflow/example_dags/tutorial_taskflow_api.py
[2024-02-20T19:20:10.946+0000] {processor.py:840} INFO - DAG(s) 'tutorial_taskflow_api' retrieved from /home/ubuntu/reddit_venv/lib/python3.10/site-packages/airflow/example_dags/tutorial_taskflow_api.py
[2024-02-20T19:20:10.962+0000] {logging_mixin.py:188} INFO - [2024-02-20T19:20:10.962+0000] {dag.py:3036} INFO - Sync 1 DAGs
[2024-02-20T19:20:10.974+0000] {logging_mixin.py:188} INFO - [2024-02-20T19:20:10.974+0000] {dag.py:3823} INFO - Setting next_dagrun for tutorial_taskflow_api to None, run_after=None
[2024-02-20T19:20:10.996+0000] {processor.py:183} INFO - Processing /home/ubuntu/reddit_venv/lib/python3.10/site-packages/airflow/example_dags/tutorial_taskflow_api.py took 0.062 seconds
[2024-02-20T19:20:48.522+0000] {processor.py:161} INFO - Started process (PID=8025) to work on /home/ubuntu/reddit_venv/lib/python3.10/site-packages/airflow/example_dags/tutorial_taskflow_api.py
[2024-02-20T19:20:48.523+0000] {processor.py:830} INFO - Processing file /home/ubuntu/reddit_venv/lib/python3.10/site-packages/airflow/example_dags/tutorial_taskflow_api.py for tasks to queue
[2024-02-20T19:20:48.524+0000] {logging_mixin.py:188} INFO - [2024-02-20T19:20:48.524+0000] {dagbag.py:538} INFO - Filling up the DagBag from /home/ubuntu/reddit_venv/lib/python3.10/site-packages/airflow/example_dags/tutorial_taskflow_api.py
[2024-02-20T19:20:48.531+0000] {processor.py:840} INFO - DAG(s) 'tutorial_taskflow_api' retrieved from /home/ubuntu/reddit_venv/lib/python3.10/site-packages/airflow/example_dags/tutorial_taskflow_api.py
[2024-02-20T19:20:48.547+0000] {logging_mixin.py:188} INFO - [2024-02-20T19:20:48.546+0000] {dag.py:3036} INFO - Sync 1 DAGs
[2024-02-20T19:20:48.558+0000] {logging_mixin.py:188} INFO - [2024-02-20T19:20:48.558+0000] {dag.py:3823} INFO - Setting next_dagrun for tutorial_taskflow_api to None, run_after=None
[2024-02-20T19:20:48.580+0000] {processor.py:183} INFO - Processing /home/ubuntu/reddit_venv/lib/python3.10/site-packages/airflow/example_dags/tutorial_taskflow_api.py took 0.062 seconds
[2024-02-20T19:21:25.978+0000] {processor.py:161} INFO - Started process (PID=8187) to work on /home/ubuntu/reddit_venv/lib/python3.10/site-packages/airflow/example_dags/tutorial_taskflow_api.py
[2024-02-20T19:21:25.979+0000] {processor.py:830} INFO - Processing file /home/ubuntu/reddit_venv/lib/python3.10/site-packages/airflow/example_dags/tutorial_taskflow_api.py for tasks to queue
[2024-02-20T19:21:25.980+0000] {logging_mixin.py:188} INFO - [2024-02-20T19:21:25.980+0000] {dagbag.py:538} INFO - Filling up the DagBag from /home/ubuntu/reddit_venv/lib/python3.10/site-packages/airflow/example_dags/tutorial_taskflow_api.py
[2024-02-20T19:21:25.987+0000] {processor.py:840} INFO - DAG(s) 'tutorial_taskflow_api' retrieved from /home/ubuntu/reddit_venv/lib/python3.10/site-packages/airflow/example_dags/tutorial_taskflow_api.py
[2024-02-20T19:21:26.003+0000] {logging_mixin.py:188} INFO - [2024-02-20T19:21:26.003+0000] {dag.py:3036} INFO - Sync 1 DAGs
[2024-02-20T19:21:26.015+0000] {logging_mixin.py:188} INFO - [2024-02-20T19:21:26.014+0000] {dag.py:3823} INFO - Setting next_dagrun for tutorial_taskflow_api to None, run_after=None
[2024-02-20T19:21:26.036+0000] {processor.py:183} INFO - Processing /home/ubuntu/reddit_venv/lib/python3.10/site-packages/airflow/example_dags/tutorial_taskflow_api.py took 0.062 seconds
[2024-02-20T19:22:05.413+0000] {processor.py:161} INFO - Started process (PID=8294) to work on /home/ubuntu/reddit_venv/lib/python3.10/site-packages/airflow/example_dags/tutorial_taskflow_api.py
[2024-02-20T19:22:05.414+0000] {processor.py:830} INFO - Processing file /home/ubuntu/reddit_venv/lib/python3.10/site-packages/airflow/example_dags/tutorial_taskflow_api.py for tasks to queue
[2024-02-20T19:22:05.415+0000] {logging_mixin.py:188} INFO - [2024-02-20T19:22:05.415+0000] {dagbag.py:538} INFO - Filling up the DagBag from /home/ubuntu/reddit_venv/lib/python3.10/site-packages/airflow/example_dags/tutorial_taskflow_api.py
[2024-02-20T19:22:05.423+0000] {processor.py:840} INFO - DAG(s) 'tutorial_taskflow_api' retrieved from /home/ubuntu/reddit_venv/lib/python3.10/site-packages/airflow/example_dags/tutorial_taskflow_api.py
[2024-02-20T19:22:05.439+0000] {logging_mixin.py:188} INFO - [2024-02-20T19:22:05.438+0000] {dag.py:3036} INFO - Sync 1 DAGs
[2024-02-20T19:22:05.451+0000] {logging_mixin.py:188} INFO - [2024-02-20T19:22:05.451+0000] {dag.py:3823} INFO - Setting next_dagrun for tutorial_taskflow_api to None, run_after=None
[2024-02-20T19:22:05.474+0000] {processor.py:183} INFO - Processing /home/ubuntu/reddit_venv/lib/python3.10/site-packages/airflow/example_dags/tutorial_taskflow_api.py took 0.064 seconds
[2024-02-20T19:22:44.837+0000] {processor.py:161} INFO - Started process (PID=8340) to work on /home/ubuntu/reddit_venv/lib/python3.10/site-packages/airflow/example_dags/tutorial_taskflow_api.py
[2024-02-20T19:22:44.839+0000] {processor.py:830} INFO - Processing file /home/ubuntu/reddit_venv/lib/python3.10/site-packages/airflow/example_dags/tutorial_taskflow_api.py for tasks to queue
[2024-02-20T19:22:44.840+0000] {logging_mixin.py:188} INFO - [2024-02-20T19:22:44.839+0000] {dagbag.py:538} INFO - Filling up the DagBag from /home/ubuntu/reddit_venv/lib/python3.10/site-packages/airflow/example_dags/tutorial_taskflow_api.py
[2024-02-20T19:22:44.847+0000] {processor.py:840} INFO - DAG(s) 'tutorial_taskflow_api' retrieved from /home/ubuntu/reddit_venv/lib/python3.10/site-packages/airflow/example_dags/tutorial_taskflow_api.py
[2024-02-20T19:22:44.863+0000] {logging_mixin.py:188} INFO - [2024-02-20T19:22:44.862+0000] {dag.py:3036} INFO - Sync 1 DAGs
[2024-02-20T19:22:44.874+0000] {logging_mixin.py:188} INFO - [2024-02-20T19:22:44.874+0000] {dag.py:3823} INFO - Setting next_dagrun for tutorial_taskflow_api to None, run_after=None
[2024-02-20T19:22:44.897+0000] {processor.py:183} INFO - Processing /home/ubuntu/reddit_venv/lib/python3.10/site-packages/airflow/example_dags/tutorial_taskflow_api.py took 0.063 seconds
[2024-02-20T19:23:20.409+0000] {processor.py:161} INFO - Started process (PID=8443) to work on /home/ubuntu/reddit_venv/lib/python3.10/site-packages/airflow/example_dags/tutorial_taskflow_api.py
[2024-02-20T19:23:20.410+0000] {processor.py:830} INFO - Processing file /home/ubuntu/reddit_venv/lib/python3.10/site-packages/airflow/example_dags/tutorial_taskflow_api.py for tasks to queue
[2024-02-20T19:23:20.411+0000] {logging_mixin.py:188} INFO - [2024-02-20T19:23:20.411+0000] {dagbag.py:538} INFO - Filling up the DagBag from /home/ubuntu/reddit_venv/lib/python3.10/site-packages/airflow/example_dags/tutorial_taskflow_api.py
[2024-02-20T19:23:20.418+0000] {processor.py:840} INFO - DAG(s) 'tutorial_taskflow_api' retrieved from /home/ubuntu/reddit_venv/lib/python3.10/site-packages/airflow/example_dags/tutorial_taskflow_api.py
[2024-02-20T19:23:20.434+0000] {logging_mixin.py:188} INFO - [2024-02-20T19:23:20.434+0000] {dag.py:3036} INFO - Sync 1 DAGs
[2024-02-20T19:23:20.446+0000] {logging_mixin.py:188} INFO - [2024-02-20T19:23:20.446+0000] {dag.py:3823} INFO - Setting next_dagrun for tutorial_taskflow_api to None, run_after=None
[2024-02-20T19:23:20.467+0000] {processor.py:183} INFO - Processing /home/ubuntu/reddit_venv/lib/python3.10/site-packages/airflow/example_dags/tutorial_taskflow_api.py took 0.062 seconds
[2024-02-20T19:23:55.297+0000] {processor.py:161} INFO - Started process (PID=8485) to work on /home/ubuntu/reddit_venv/lib/python3.10/site-packages/airflow/example_dags/tutorial_taskflow_api.py
[2024-02-20T19:23:55.298+0000] {processor.py:830} INFO - Processing file /home/ubuntu/reddit_venv/lib/python3.10/site-packages/airflow/example_dags/tutorial_taskflow_api.py for tasks to queue
[2024-02-20T19:23:55.299+0000] {logging_mixin.py:188} INFO - [2024-02-20T19:23:55.299+0000] {dagbag.py:538} INFO - Filling up the DagBag from /home/ubuntu/reddit_venv/lib/python3.10/site-packages/airflow/example_dags/tutorial_taskflow_api.py
[2024-02-20T19:23:55.306+0000] {processor.py:840} INFO - DAG(s) 'tutorial_taskflow_api' retrieved from /home/ubuntu/reddit_venv/lib/python3.10/site-packages/airflow/example_dags/tutorial_taskflow_api.py
[2024-02-20T19:23:55.322+0000] {logging_mixin.py:188} INFO - [2024-02-20T19:23:55.321+0000] {dag.py:3036} INFO - Sync 1 DAGs
[2024-02-20T19:23:55.333+0000] {logging_mixin.py:188} INFO - [2024-02-20T19:23:55.333+0000] {dag.py:3823} INFO - Setting next_dagrun for tutorial_taskflow_api to None, run_after=None
[2024-02-20T19:23:55.354+0000] {processor.py:183} INFO - Processing /home/ubuntu/reddit_venv/lib/python3.10/site-packages/airflow/example_dags/tutorial_taskflow_api.py took 0.061 seconds
[2024-02-20T19:24:35.187+0000] {processor.py:161} INFO - Started process (PID=8586) to work on /home/ubuntu/reddit_venv/lib/python3.10/site-packages/airflow/example_dags/tutorial_taskflow_api.py
[2024-02-20T19:24:35.189+0000] {processor.py:830} INFO - Processing file /home/ubuntu/reddit_venv/lib/python3.10/site-packages/airflow/example_dags/tutorial_taskflow_api.py for tasks to queue
[2024-02-20T19:24:35.189+0000] {logging_mixin.py:188} INFO - [2024-02-20T19:24:35.189+0000] {dagbag.py:538} INFO - Filling up the DagBag from /home/ubuntu/reddit_venv/lib/python3.10/site-packages/airflow/example_dags/tutorial_taskflow_api.py
[2024-02-20T19:24:35.197+0000] {processor.py:840} INFO - DAG(s) 'tutorial_taskflow_api' retrieved from /home/ubuntu/reddit_venv/lib/python3.10/site-packages/airflow/example_dags/tutorial_taskflow_api.py
[2024-02-20T19:24:35.213+0000] {logging_mixin.py:188} INFO - [2024-02-20T19:24:35.212+0000] {dag.py:3036} INFO - Sync 1 DAGs
[2024-02-20T19:24:35.225+0000] {logging_mixin.py:188} INFO - [2024-02-20T19:24:35.224+0000] {dag.py:3823} INFO - Setting next_dagrun for tutorial_taskflow_api to None, run_after=None
[2024-02-20T19:24:35.248+0000] {processor.py:183} INFO - Processing /home/ubuntu/reddit_venv/lib/python3.10/site-packages/airflow/example_dags/tutorial_taskflow_api.py took 0.064 seconds
[2024-02-20T19:25:15.818+0000] {processor.py:161} INFO - Started process (PID=8692) to work on /home/ubuntu/reddit_venv/lib/python3.10/site-packages/airflow/example_dags/tutorial_taskflow_api.py
[2024-02-20T19:25:15.819+0000] {processor.py:830} INFO - Processing file /home/ubuntu/reddit_venv/lib/python3.10/site-packages/airflow/example_dags/tutorial_taskflow_api.py for tasks to queue
[2024-02-20T19:25:15.820+0000] {logging_mixin.py:188} INFO - [2024-02-20T19:25:15.820+0000] {dagbag.py:538} INFO - Filling up the DagBag from /home/ubuntu/reddit_venv/lib/python3.10/site-packages/airflow/example_dags/tutorial_taskflow_api.py
[2024-02-20T19:25:15.827+0000] {processor.py:840} INFO - DAG(s) 'tutorial_taskflow_api' retrieved from /home/ubuntu/reddit_venv/lib/python3.10/site-packages/airflow/example_dags/tutorial_taskflow_api.py
[2024-02-20T19:25:15.843+0000] {logging_mixin.py:188} INFO - [2024-02-20T19:25:15.842+0000] {dag.py:3036} INFO - Sync 1 DAGs
[2024-02-20T19:25:15.854+0000] {logging_mixin.py:188} INFO - [2024-02-20T19:25:15.854+0000] {dag.py:3823} INFO - Setting next_dagrun for tutorial_taskflow_api to None, run_after=None
[2024-02-20T19:25:15.876+0000] {processor.py:183} INFO - Processing /home/ubuntu/reddit_venv/lib/python3.10/site-packages/airflow/example_dags/tutorial_taskflow_api.py took 0.062 seconds
