[2024-02-12T20:38:50.636+0000] {processor.py:161} INFO - Started process (PID=3715) to work on /home/ubuntu/reddit_venv/lib/python3.10/site-packages/airflow/example_dags/plugins/workday.py
[2024-02-12T20:38:50.637+0000] {processor.py:830} INFO - Processing file /home/ubuntu/reddit_venv/lib/python3.10/site-packages/airflow/example_dags/plugins/workday.py for tasks to queue
[2024-02-12T20:38:50.638+0000] {logging_mixin.py:188} INFO - [2024-02-12T20:38:50.637+0000] {dagbag.py:538} INFO - Filling up the DagBag from /home/ubuntu/reddit_venv/lib/python3.10/site-packages/airflow/example_dags/plugins/workday.py
[2024-02-12T20:38:50.952+0000] {processor.py:842} WARNING - No viable dags retrieved from /home/ubuntu/reddit_venv/lib/python3.10/site-packages/airflow/example_dags/plugins/workday.py
[2024-02-12T20:38:50.961+0000] {processor.py:183} INFO - Processing /home/ubuntu/reddit_venv/lib/python3.10/site-packages/airflow/example_dags/plugins/workday.py took 0.329 seconds
[2024-02-12T20:39:41.431+0000] {processor.py:161} INFO - Started process (PID=3766) to work on /home/ubuntu/reddit_venv/lib/python3.10/site-packages/airflow/example_dags/plugins/workday.py
[2024-02-12T20:39:41.433+0000] {processor.py:830} INFO - Processing file /home/ubuntu/reddit_venv/lib/python3.10/site-packages/airflow/example_dags/plugins/workday.py for tasks to queue
[2024-02-12T20:39:41.434+0000] {logging_mixin.py:188} INFO - [2024-02-12T20:39:41.433+0000] {dagbag.py:538} INFO - Filling up the DagBag from /home/ubuntu/reddit_venv/lib/python3.10/site-packages/airflow/example_dags/plugins/workday.py
[2024-02-12T20:39:41.739+0000] {processor.py:842} WARNING - No viable dags retrieved from /home/ubuntu/reddit_venv/lib/python3.10/site-packages/airflow/example_dags/plugins/workday.py
[2024-02-12T20:39:41.748+0000] {processor.py:183} INFO - Processing /home/ubuntu/reddit_venv/lib/python3.10/site-packages/airflow/example_dags/plugins/workday.py took 0.321 seconds
[2024-02-12T20:40:28.897+0000] {processor.py:161} INFO - Started process (PID=3817) to work on /home/ubuntu/reddit_venv/lib/python3.10/site-packages/airflow/example_dags/plugins/workday.py
[2024-02-12T20:40:28.900+0000] {processor.py:830} INFO - Processing file /home/ubuntu/reddit_venv/lib/python3.10/site-packages/airflow/example_dags/plugins/workday.py for tasks to queue
[2024-02-12T20:40:28.901+0000] {logging_mixin.py:188} INFO - [2024-02-12T20:40:28.901+0000] {dagbag.py:538} INFO - Filling up the DagBag from /home/ubuntu/reddit_venv/lib/python3.10/site-packages/airflow/example_dags/plugins/workday.py
[2024-02-12T20:40:29.202+0000] {processor.py:842} WARNING - No viable dags retrieved from /home/ubuntu/reddit_venv/lib/python3.10/site-packages/airflow/example_dags/plugins/workday.py
[2024-02-12T20:40:29.212+0000] {processor.py:183} INFO - Processing /home/ubuntu/reddit_venv/lib/python3.10/site-packages/airflow/example_dags/plugins/workday.py took 0.318 seconds
[2024-02-12T20:41:21.612+0000] {processor.py:161} INFO - Started process (PID=3873) to work on /home/ubuntu/reddit_venv/lib/python3.10/site-packages/airflow/example_dags/plugins/workday.py
[2024-02-12T20:41:21.613+0000] {processor.py:830} INFO - Processing file /home/ubuntu/reddit_venv/lib/python3.10/site-packages/airflow/example_dags/plugins/workday.py for tasks to queue
[2024-02-12T20:41:21.614+0000] {logging_mixin.py:188} INFO - [2024-02-12T20:41:21.614+0000] {dagbag.py:538} INFO - Filling up the DagBag from /home/ubuntu/reddit_venv/lib/python3.10/site-packages/airflow/example_dags/plugins/workday.py
[2024-02-12T20:41:21.922+0000] {processor.py:842} WARNING - No viable dags retrieved from /home/ubuntu/reddit_venv/lib/python3.10/site-packages/airflow/example_dags/plugins/workday.py
[2024-02-12T20:41:21.931+0000] {processor.py:183} INFO - Processing /home/ubuntu/reddit_venv/lib/python3.10/site-packages/airflow/example_dags/plugins/workday.py took 0.322 seconds
[2024-02-12T20:42:09.643+0000] {processor.py:161} INFO - Started process (PID=3927) to work on /home/ubuntu/reddit_venv/lib/python3.10/site-packages/airflow/example_dags/plugins/workday.py
[2024-02-12T20:42:09.644+0000] {processor.py:830} INFO - Processing file /home/ubuntu/reddit_venv/lib/python3.10/site-packages/airflow/example_dags/plugins/workday.py for tasks to queue
[2024-02-12T20:42:09.645+0000] {logging_mixin.py:188} INFO - [2024-02-12T20:42:09.645+0000] {dagbag.py:538} INFO - Filling up the DagBag from /home/ubuntu/reddit_venv/lib/python3.10/site-packages/airflow/example_dags/plugins/workday.py
[2024-02-12T20:42:09.954+0000] {processor.py:842} WARNING - No viable dags retrieved from /home/ubuntu/reddit_venv/lib/python3.10/site-packages/airflow/example_dags/plugins/workday.py
[2024-02-12T20:42:09.964+0000] {processor.py:183} INFO - Processing /home/ubuntu/reddit_venv/lib/python3.10/site-packages/airflow/example_dags/plugins/workday.py took 0.324 seconds
[2024-02-12T20:42:57.944+0000] {processor.py:161} INFO - Started process (PID=3982) to work on /home/ubuntu/reddit_venv/lib/python3.10/site-packages/airflow/example_dags/plugins/workday.py
[2024-02-12T20:42:57.946+0000] {processor.py:830} INFO - Processing file /home/ubuntu/reddit_venv/lib/python3.10/site-packages/airflow/example_dags/plugins/workday.py for tasks to queue
[2024-02-12T20:42:57.947+0000] {logging_mixin.py:188} INFO - [2024-02-12T20:42:57.947+0000] {dagbag.py:538} INFO - Filling up the DagBag from /home/ubuntu/reddit_venv/lib/python3.10/site-packages/airflow/example_dags/plugins/workday.py
[2024-02-12T20:42:58.248+0000] {processor.py:842} WARNING - No viable dags retrieved from /home/ubuntu/reddit_venv/lib/python3.10/site-packages/airflow/example_dags/plugins/workday.py
[2024-02-12T20:42:58.258+0000] {processor.py:183} INFO - Processing /home/ubuntu/reddit_venv/lib/python3.10/site-packages/airflow/example_dags/plugins/workday.py took 0.317 seconds
[2024-02-12T20:43:35.601+0000] {processor.py:161} INFO - Started process (PID=4025) to work on /home/ubuntu/reddit_venv/lib/python3.10/site-packages/airflow/example_dags/plugins/workday.py
[2024-02-12T20:43:35.603+0000] {processor.py:830} INFO - Processing file /home/ubuntu/reddit_venv/lib/python3.10/site-packages/airflow/example_dags/plugins/workday.py for tasks to queue
[2024-02-12T20:43:35.604+0000] {logging_mixin.py:188} INFO - [2024-02-12T20:43:35.603+0000] {dagbag.py:538} INFO - Filling up the DagBag from /home/ubuntu/reddit_venv/lib/python3.10/site-packages/airflow/example_dags/plugins/workday.py
[2024-02-12T20:43:35.907+0000] {processor.py:842} WARNING - No viable dags retrieved from /home/ubuntu/reddit_venv/lib/python3.10/site-packages/airflow/example_dags/plugins/workday.py
[2024-02-12T20:43:35.916+0000] {processor.py:183} INFO - Processing /home/ubuntu/reddit_venv/lib/python3.10/site-packages/airflow/example_dags/plugins/workday.py took 0.319 seconds
[2024-02-12T20:44:22.356+0000] {processor.py:161} INFO - Started process (PID=4077) to work on /home/ubuntu/reddit_venv/lib/python3.10/site-packages/airflow/example_dags/plugins/workday.py
[2024-02-12T20:44:22.358+0000] {processor.py:830} INFO - Processing file /home/ubuntu/reddit_venv/lib/python3.10/site-packages/airflow/example_dags/plugins/workday.py for tasks to queue
[2024-02-12T20:44:22.359+0000] {logging_mixin.py:188} INFO - [2024-02-12T20:44:22.358+0000] {dagbag.py:538} INFO - Filling up the DagBag from /home/ubuntu/reddit_venv/lib/python3.10/site-packages/airflow/example_dags/plugins/workday.py
[2024-02-12T20:44:22.659+0000] {processor.py:842} WARNING - No viable dags retrieved from /home/ubuntu/reddit_venv/lib/python3.10/site-packages/airflow/example_dags/plugins/workday.py
[2024-02-12T20:44:22.669+0000] {processor.py:183} INFO - Processing /home/ubuntu/reddit_venv/lib/python3.10/site-packages/airflow/example_dags/plugins/workday.py took 0.316 seconds
[2024-02-12T20:45:16.187+0000] {processor.py:161} INFO - Started process (PID=4134) to work on /home/ubuntu/reddit_venv/lib/python3.10/site-packages/airflow/example_dags/plugins/workday.py
[2024-02-12T20:45:16.189+0000] {processor.py:830} INFO - Processing file /home/ubuntu/reddit_venv/lib/python3.10/site-packages/airflow/example_dags/plugins/workday.py for tasks to queue
[2024-02-12T20:45:16.190+0000] {logging_mixin.py:188} INFO - [2024-02-12T20:45:16.189+0000] {dagbag.py:538} INFO - Filling up the DagBag from /home/ubuntu/reddit_venv/lib/python3.10/site-packages/airflow/example_dags/plugins/workday.py
[2024-02-12T20:45:16.495+0000] {processor.py:842} WARNING - No viable dags retrieved from /home/ubuntu/reddit_venv/lib/python3.10/site-packages/airflow/example_dags/plugins/workday.py
[2024-02-12T20:45:16.505+0000] {processor.py:183} INFO - Processing /home/ubuntu/reddit_venv/lib/python3.10/site-packages/airflow/example_dags/plugins/workday.py took 0.321 seconds
[2024-02-12T20:46:05.940+0000] {processor.py:161} INFO - Started process (PID=4188) to work on /home/ubuntu/reddit_venv/lib/python3.10/site-packages/airflow/example_dags/plugins/workday.py
[2024-02-12T20:46:05.941+0000] {processor.py:830} INFO - Processing file /home/ubuntu/reddit_venv/lib/python3.10/site-packages/airflow/example_dags/plugins/workday.py for tasks to queue
[2024-02-12T20:46:05.942+0000] {logging_mixin.py:188} INFO - [2024-02-12T20:46:05.942+0000] {dagbag.py:538} INFO - Filling up the DagBag from /home/ubuntu/reddit_venv/lib/python3.10/site-packages/airflow/example_dags/plugins/workday.py
[2024-02-12T20:46:06.254+0000] {processor.py:842} WARNING - No viable dags retrieved from /home/ubuntu/reddit_venv/lib/python3.10/site-packages/airflow/example_dags/plugins/workday.py
[2024-02-12T20:46:06.263+0000] {processor.py:183} INFO - Processing /home/ubuntu/reddit_venv/lib/python3.10/site-packages/airflow/example_dags/plugins/workday.py took 0.327 seconds
[2024-02-12T20:46:52.120+0000] {processor.py:161} INFO - Started process (PID=4242) to work on /home/ubuntu/reddit_venv/lib/python3.10/site-packages/airflow/example_dags/plugins/workday.py
[2024-02-12T20:46:52.121+0000] {processor.py:830} INFO - Processing file /home/ubuntu/reddit_venv/lib/python3.10/site-packages/airflow/example_dags/plugins/workday.py for tasks to queue
[2024-02-12T20:46:52.122+0000] {logging_mixin.py:188} INFO - [2024-02-12T20:46:52.122+0000] {dagbag.py:538} INFO - Filling up the DagBag from /home/ubuntu/reddit_venv/lib/python3.10/site-packages/airflow/example_dags/plugins/workday.py
[2024-02-12T20:46:52.434+0000] {processor.py:842} WARNING - No viable dags retrieved from /home/ubuntu/reddit_venv/lib/python3.10/site-packages/airflow/example_dags/plugins/workday.py
[2024-02-12T20:46:52.443+0000] {processor.py:183} INFO - Processing /home/ubuntu/reddit_venv/lib/python3.10/site-packages/airflow/example_dags/plugins/workday.py took 0.327 seconds
[2024-02-12T20:47:42.716+0000] {processor.py:161} INFO - Started process (PID=4298) to work on /home/ubuntu/reddit_venv/lib/python3.10/site-packages/airflow/example_dags/plugins/workday.py
[2024-02-12T20:47:42.718+0000] {processor.py:830} INFO - Processing file /home/ubuntu/reddit_venv/lib/python3.10/site-packages/airflow/example_dags/plugins/workday.py for tasks to queue
[2024-02-12T20:47:42.719+0000] {logging_mixin.py:188} INFO - [2024-02-12T20:47:42.718+0000] {dagbag.py:538} INFO - Filling up the DagBag from /home/ubuntu/reddit_venv/lib/python3.10/site-packages/airflow/example_dags/plugins/workday.py
[2024-02-12T20:47:43.030+0000] {processor.py:842} WARNING - No viable dags retrieved from /home/ubuntu/reddit_venv/lib/python3.10/site-packages/airflow/example_dags/plugins/workday.py
[2024-02-12T20:47:43.040+0000] {processor.py:183} INFO - Processing /home/ubuntu/reddit_venv/lib/python3.10/site-packages/airflow/example_dags/plugins/workday.py took 0.327 seconds
[2024-02-12T20:48:35.154+0000] {processor.py:161} INFO - Started process (PID=4356) to work on /home/ubuntu/reddit_venv/lib/python3.10/site-packages/airflow/example_dags/plugins/workday.py
[2024-02-12T20:48:35.156+0000] {processor.py:830} INFO - Processing file /home/ubuntu/reddit_venv/lib/python3.10/site-packages/airflow/example_dags/plugins/workday.py for tasks to queue
[2024-02-12T20:48:35.157+0000] {logging_mixin.py:188} INFO - [2024-02-12T20:48:35.157+0000] {dagbag.py:538} INFO - Filling up the DagBag from /home/ubuntu/reddit_venv/lib/python3.10/site-packages/airflow/example_dags/plugins/workday.py
[2024-02-12T20:48:35.460+0000] {processor.py:842} WARNING - No viable dags retrieved from /home/ubuntu/reddit_venv/lib/python3.10/site-packages/airflow/example_dags/plugins/workday.py
[2024-02-12T20:48:35.470+0000] {processor.py:183} INFO - Processing /home/ubuntu/reddit_venv/lib/python3.10/site-packages/airflow/example_dags/plugins/workday.py took 0.319 seconds
[2024-02-12T20:50:04.394+0000] {processor.py:161} INFO - Started process (PID=4449) to work on /home/ubuntu/reddit_venv/lib/python3.10/site-packages/airflow/example_dags/plugins/workday.py
[2024-02-12T20:50:04.395+0000] {processor.py:830} INFO - Processing file /home/ubuntu/reddit_venv/lib/python3.10/site-packages/airflow/example_dags/plugins/workday.py for tasks to queue
[2024-02-12T20:50:04.396+0000] {logging_mixin.py:188} INFO - [2024-02-12T20:50:04.396+0000] {dagbag.py:538} INFO - Filling up the DagBag from /home/ubuntu/reddit_venv/lib/python3.10/site-packages/airflow/example_dags/plugins/workday.py
[2024-02-12T20:50:04.708+0000] {processor.py:842} WARNING - No viable dags retrieved from /home/ubuntu/reddit_venv/lib/python3.10/site-packages/airflow/example_dags/plugins/workday.py
[2024-02-12T20:50:04.717+0000] {processor.py:183} INFO - Processing /home/ubuntu/reddit_venv/lib/python3.10/site-packages/airflow/example_dags/plugins/workday.py took 0.327 seconds
[2024-02-12T20:50:52.792+0000] {processor.py:161} INFO - Started process (PID=4500) to work on /home/ubuntu/reddit_venv/lib/python3.10/site-packages/airflow/example_dags/plugins/workday.py
[2024-02-12T20:50:52.793+0000] {processor.py:830} INFO - Processing file /home/ubuntu/reddit_venv/lib/python3.10/site-packages/airflow/example_dags/plugins/workday.py for tasks to queue
[2024-02-12T20:50:52.794+0000] {logging_mixin.py:188} INFO - [2024-02-12T20:50:52.794+0000] {dagbag.py:538} INFO - Filling up the DagBag from /home/ubuntu/reddit_venv/lib/python3.10/site-packages/airflow/example_dags/plugins/workday.py
[2024-02-12T20:50:53.099+0000] {processor.py:842} WARNING - No viable dags retrieved from /home/ubuntu/reddit_venv/lib/python3.10/site-packages/airflow/example_dags/plugins/workday.py
[2024-02-12T20:50:53.108+0000] {processor.py:183} INFO - Processing /home/ubuntu/reddit_venv/lib/python3.10/site-packages/airflow/example_dags/plugins/workday.py took 0.320 seconds
[2024-02-12T20:51:43.229+0000] {processor.py:161} INFO - Started process (PID=4551) to work on /home/ubuntu/reddit_venv/lib/python3.10/site-packages/airflow/example_dags/plugins/workday.py
[2024-02-12T20:51:43.231+0000] {processor.py:830} INFO - Processing file /home/ubuntu/reddit_venv/lib/python3.10/site-packages/airflow/example_dags/plugins/workday.py for tasks to queue
[2024-02-12T20:51:43.232+0000] {logging_mixin.py:188} INFO - [2024-02-12T20:51:43.231+0000] {dagbag.py:538} INFO - Filling up the DagBag from /home/ubuntu/reddit_venv/lib/python3.10/site-packages/airflow/example_dags/plugins/workday.py
[2024-02-12T20:51:43.536+0000] {processor.py:842} WARNING - No viable dags retrieved from /home/ubuntu/reddit_venv/lib/python3.10/site-packages/airflow/example_dags/plugins/workday.py
[2024-02-12T20:51:43.545+0000] {processor.py:183} INFO - Processing /home/ubuntu/reddit_venv/lib/python3.10/site-packages/airflow/example_dags/plugins/workday.py took 0.319 seconds
[2024-02-12T20:52:32.793+0000] {processor.py:161} INFO - Started process (PID=4606) to work on /home/ubuntu/reddit_venv/lib/python3.10/site-packages/airflow/example_dags/plugins/workday.py
[2024-02-12T20:52:32.794+0000] {processor.py:830} INFO - Processing file /home/ubuntu/reddit_venv/lib/python3.10/site-packages/airflow/example_dags/plugins/workday.py for tasks to queue
[2024-02-12T20:52:32.795+0000] {logging_mixin.py:188} INFO - [2024-02-12T20:52:32.795+0000] {dagbag.py:538} INFO - Filling up the DagBag from /home/ubuntu/reddit_venv/lib/python3.10/site-packages/airflow/example_dags/plugins/workday.py
[2024-02-12T20:52:33.097+0000] {processor.py:842} WARNING - No viable dags retrieved from /home/ubuntu/reddit_venv/lib/python3.10/site-packages/airflow/example_dags/plugins/workday.py
[2024-02-12T20:52:33.107+0000] {processor.py:183} INFO - Processing /home/ubuntu/reddit_venv/lib/python3.10/site-packages/airflow/example_dags/plugins/workday.py took 0.317 seconds
[2024-02-12T20:53:26.859+0000] {processor.py:161} INFO - Started process (PID=4667) to work on /home/ubuntu/reddit_venv/lib/python3.10/site-packages/airflow/example_dags/plugins/workday.py
[2024-02-12T20:53:26.862+0000] {processor.py:830} INFO - Processing file /home/ubuntu/reddit_venv/lib/python3.10/site-packages/airflow/example_dags/plugins/workday.py for tasks to queue
[2024-02-12T20:53:26.863+0000] {logging_mixin.py:188} INFO - [2024-02-12T20:53:26.862+0000] {dagbag.py:538} INFO - Filling up the DagBag from /home/ubuntu/reddit_venv/lib/python3.10/site-packages/airflow/example_dags/plugins/workday.py
[2024-02-12T20:53:27.172+0000] {processor.py:842} WARNING - No viable dags retrieved from /home/ubuntu/reddit_venv/lib/python3.10/site-packages/airflow/example_dags/plugins/workday.py
[2024-02-12T20:53:27.182+0000] {processor.py:183} INFO - Processing /home/ubuntu/reddit_venv/lib/python3.10/site-packages/airflow/example_dags/plugins/workday.py took 0.326 seconds
[2024-02-12T20:54:02.892+0000] {processor.py:161} INFO - Started process (PID=4710) to work on /home/ubuntu/reddit_venv/lib/python3.10/site-packages/airflow/example_dags/plugins/workday.py
[2024-02-12T20:54:02.894+0000] {processor.py:830} INFO - Processing file /home/ubuntu/reddit_venv/lib/python3.10/site-packages/airflow/example_dags/plugins/workday.py for tasks to queue
[2024-02-12T20:54:02.895+0000] {logging_mixin.py:188} INFO - [2024-02-12T20:54:02.894+0000] {dagbag.py:538} INFO - Filling up the DagBag from /home/ubuntu/reddit_venv/lib/python3.10/site-packages/airflow/example_dags/plugins/workday.py
[2024-02-12T20:54:03.195+0000] {processor.py:842} WARNING - No viable dags retrieved from /home/ubuntu/reddit_venv/lib/python3.10/site-packages/airflow/example_dags/plugins/workday.py
[2024-02-12T20:54:03.205+0000] {processor.py:183} INFO - Processing /home/ubuntu/reddit_venv/lib/python3.10/site-packages/airflow/example_dags/plugins/workday.py took 0.316 seconds
[2024-02-12T20:54:55.708+0000] {processor.py:161} INFO - Started process (PID=4766) to work on /home/ubuntu/reddit_venv/lib/python3.10/site-packages/airflow/example_dags/plugins/workday.py
[2024-02-12T20:54:55.710+0000] {processor.py:830} INFO - Processing file /home/ubuntu/reddit_venv/lib/python3.10/site-packages/airflow/example_dags/plugins/workday.py for tasks to queue
[2024-02-12T20:54:55.711+0000] {logging_mixin.py:188} INFO - [2024-02-12T20:54:55.710+0000] {dagbag.py:538} INFO - Filling up the DagBag from /home/ubuntu/reddit_venv/lib/python3.10/site-packages/airflow/example_dags/plugins/workday.py
[2024-02-12T20:54:56.011+0000] {processor.py:842} WARNING - No viable dags retrieved from /home/ubuntu/reddit_venv/lib/python3.10/site-packages/airflow/example_dags/plugins/workday.py
[2024-02-12T20:54:56.020+0000] {processor.py:183} INFO - Processing /home/ubuntu/reddit_venv/lib/python3.10/site-packages/airflow/example_dags/plugins/workday.py took 0.315 seconds
[2024-02-12T20:55:34.199+0000] {processor.py:161} INFO - Started process (PID=4874) to work on /home/ubuntu/reddit_venv/lib/python3.10/site-packages/airflow/example_dags/plugins/workday.py
[2024-02-12T20:55:34.201+0000] {processor.py:830} INFO - Processing file /home/ubuntu/reddit_venv/lib/python3.10/site-packages/airflow/example_dags/plugins/workday.py for tasks to queue
[2024-02-12T20:55:34.202+0000] {logging_mixin.py:188} INFO - [2024-02-12T20:55:34.201+0000] {dagbag.py:538} INFO - Filling up the DagBag from /home/ubuntu/reddit_venv/lib/python3.10/site-packages/airflow/example_dags/plugins/workday.py
[2024-02-12T20:55:34.500+0000] {processor.py:842} WARNING - No viable dags retrieved from /home/ubuntu/reddit_venv/lib/python3.10/site-packages/airflow/example_dags/plugins/workday.py
[2024-02-12T20:55:34.509+0000] {processor.py:183} INFO - Processing /home/ubuntu/reddit_venv/lib/python3.10/site-packages/airflow/example_dags/plugins/workday.py took 0.313 seconds
[2024-02-12T20:56:23.343+0000] {processor.py:161} INFO - Started process (PID=4929) to work on /home/ubuntu/reddit_venv/lib/python3.10/site-packages/airflow/example_dags/plugins/workday.py
[2024-02-12T20:56:23.344+0000] {processor.py:830} INFO - Processing file /home/ubuntu/reddit_venv/lib/python3.10/site-packages/airflow/example_dags/plugins/workday.py for tasks to queue
[2024-02-12T20:56:23.345+0000] {logging_mixin.py:188} INFO - [2024-02-12T20:56:23.345+0000] {dagbag.py:538} INFO - Filling up the DagBag from /home/ubuntu/reddit_venv/lib/python3.10/site-packages/airflow/example_dags/plugins/workday.py
[2024-02-12T20:56:23.645+0000] {processor.py:842} WARNING - No viable dags retrieved from /home/ubuntu/reddit_venv/lib/python3.10/site-packages/airflow/example_dags/plugins/workday.py
[2024-02-12T20:56:23.655+0000] {processor.py:183} INFO - Processing /home/ubuntu/reddit_venv/lib/python3.10/site-packages/airflow/example_dags/plugins/workday.py took 0.315 seconds
[2024-02-12T20:57:17.032+0000] {processor.py:161} INFO - Started process (PID=4987) to work on /home/ubuntu/reddit_venv/lib/python3.10/site-packages/airflow/example_dags/plugins/workday.py
[2024-02-12T20:57:17.034+0000] {processor.py:830} INFO - Processing file /home/ubuntu/reddit_venv/lib/python3.10/site-packages/airflow/example_dags/plugins/workday.py for tasks to queue
[2024-02-12T20:57:17.035+0000] {logging_mixin.py:188} INFO - [2024-02-12T20:57:17.034+0000] {dagbag.py:538} INFO - Filling up the DagBag from /home/ubuntu/reddit_venv/lib/python3.10/site-packages/airflow/example_dags/plugins/workday.py
[2024-02-12T20:57:17.337+0000] {processor.py:842} WARNING - No viable dags retrieved from /home/ubuntu/reddit_venv/lib/python3.10/site-packages/airflow/example_dags/plugins/workday.py
[2024-02-12T20:57:17.347+0000] {processor.py:183} INFO - Processing /home/ubuntu/reddit_venv/lib/python3.10/site-packages/airflow/example_dags/plugins/workday.py took 0.318 seconds
[2024-02-12T20:58:09.942+0000] {processor.py:161} INFO - Started process (PID=5045) to work on /home/ubuntu/reddit_venv/lib/python3.10/site-packages/airflow/example_dags/plugins/workday.py
[2024-02-12T20:58:09.944+0000] {processor.py:830} INFO - Processing file /home/ubuntu/reddit_venv/lib/python3.10/site-packages/airflow/example_dags/plugins/workday.py for tasks to queue
[2024-02-12T20:58:09.945+0000] {logging_mixin.py:188} INFO - [2024-02-12T20:58:09.944+0000] {dagbag.py:538} INFO - Filling up the DagBag from /home/ubuntu/reddit_venv/lib/python3.10/site-packages/airflow/example_dags/plugins/workday.py
[2024-02-12T20:58:10.252+0000] {processor.py:842} WARNING - No viable dags retrieved from /home/ubuntu/reddit_venv/lib/python3.10/site-packages/airflow/example_dags/plugins/workday.py
[2024-02-12T20:58:10.261+0000] {processor.py:183} INFO - Processing /home/ubuntu/reddit_venv/lib/python3.10/site-packages/airflow/example_dags/plugins/workday.py took 0.322 seconds
[2024-02-12T20:59:02.810+0000] {processor.py:161} INFO - Started process (PID=5101) to work on /home/ubuntu/reddit_venv/lib/python3.10/site-packages/airflow/example_dags/plugins/workday.py
[2024-02-12T20:59:02.812+0000] {processor.py:830} INFO - Processing file /home/ubuntu/reddit_venv/lib/python3.10/site-packages/airflow/example_dags/plugins/workday.py for tasks to queue
[2024-02-12T20:59:02.813+0000] {logging_mixin.py:188} INFO - [2024-02-12T20:59:02.812+0000] {dagbag.py:538} INFO - Filling up the DagBag from /home/ubuntu/reddit_venv/lib/python3.10/site-packages/airflow/example_dags/plugins/workday.py
[2024-02-12T20:59:03.118+0000] {processor.py:842} WARNING - No viable dags retrieved from /home/ubuntu/reddit_venv/lib/python3.10/site-packages/airflow/example_dags/plugins/workday.py
[2024-02-12T20:59:03.127+0000] {processor.py:183} INFO - Processing /home/ubuntu/reddit_venv/lib/python3.10/site-packages/airflow/example_dags/plugins/workday.py took 0.320 seconds
[2024-02-12T20:59:54.299+0000] {processor.py:161} INFO - Started process (PID=5158) to work on /home/ubuntu/reddit_venv/lib/python3.10/site-packages/airflow/example_dags/plugins/workday.py
[2024-02-12T20:59:54.300+0000] {processor.py:830} INFO - Processing file /home/ubuntu/reddit_venv/lib/python3.10/site-packages/airflow/example_dags/plugins/workday.py for tasks to queue
[2024-02-12T20:59:54.301+0000] {logging_mixin.py:188} INFO - [2024-02-12T20:59:54.301+0000] {dagbag.py:538} INFO - Filling up the DagBag from /home/ubuntu/reddit_venv/lib/python3.10/site-packages/airflow/example_dags/plugins/workday.py
[2024-02-12T20:59:54.608+0000] {processor.py:842} WARNING - No viable dags retrieved from /home/ubuntu/reddit_venv/lib/python3.10/site-packages/airflow/example_dags/plugins/workday.py
[2024-02-12T20:59:54.617+0000] {processor.py:183} INFO - Processing /home/ubuntu/reddit_venv/lib/python3.10/site-packages/airflow/example_dags/plugins/workday.py took 0.322 seconds
[2024-02-12T21:00:47.142+0000] {processor.py:161} INFO - Started process (PID=5444) to work on /home/ubuntu/reddit_venv/lib/python3.10/site-packages/airflow/example_dags/plugins/workday.py
[2024-02-12T21:00:47.143+0000] {processor.py:830} INFO - Processing file /home/ubuntu/reddit_venv/lib/python3.10/site-packages/airflow/example_dags/plugins/workday.py for tasks to queue
[2024-02-12T21:00:47.144+0000] {logging_mixin.py:188} INFO - [2024-02-12T21:00:47.144+0000] {dagbag.py:538} INFO - Filling up the DagBag from /home/ubuntu/reddit_venv/lib/python3.10/site-packages/airflow/example_dags/plugins/workday.py
[2024-02-12T21:00:47.447+0000] {processor.py:842} WARNING - No viable dags retrieved from /home/ubuntu/reddit_venv/lib/python3.10/site-packages/airflow/example_dags/plugins/workday.py
[2024-02-12T21:00:47.456+0000] {processor.py:183} INFO - Processing /home/ubuntu/reddit_venv/lib/python3.10/site-packages/airflow/example_dags/plugins/workday.py took 0.318 seconds
[2024-02-12T21:01:40.680+0000] {processor.py:161} INFO - Started process (PID=5774) to work on /home/ubuntu/reddit_venv/lib/python3.10/site-packages/airflow/example_dags/plugins/workday.py
[2024-02-12T21:01:40.681+0000] {processor.py:830} INFO - Processing file /home/ubuntu/reddit_venv/lib/python3.10/site-packages/airflow/example_dags/plugins/workday.py for tasks to queue
[2024-02-12T21:01:40.682+0000] {logging_mixin.py:188} INFO - [2024-02-12T21:01:40.682+0000] {dagbag.py:538} INFO - Filling up the DagBag from /home/ubuntu/reddit_venv/lib/python3.10/site-packages/airflow/example_dags/plugins/workday.py
[2024-02-12T21:01:40.988+0000] {processor.py:842} WARNING - No viable dags retrieved from /home/ubuntu/reddit_venv/lib/python3.10/site-packages/airflow/example_dags/plugins/workday.py
[2024-02-12T21:01:40.998+0000] {processor.py:183} INFO - Processing /home/ubuntu/reddit_venv/lib/python3.10/site-packages/airflow/example_dags/plugins/workday.py took 0.321 seconds
[2024-02-12T21:02:30.175+0000] {processor.py:161} INFO - Started process (PID=5828) to work on /home/ubuntu/reddit_venv/lib/python3.10/site-packages/airflow/example_dags/plugins/workday.py
[2024-02-12T21:02:30.176+0000] {processor.py:830} INFO - Processing file /home/ubuntu/reddit_venv/lib/python3.10/site-packages/airflow/example_dags/plugins/workday.py for tasks to queue
[2024-02-12T21:02:30.177+0000] {logging_mixin.py:188} INFO - [2024-02-12T21:02:30.177+0000] {dagbag.py:538} INFO - Filling up the DagBag from /home/ubuntu/reddit_venv/lib/python3.10/site-packages/airflow/example_dags/plugins/workday.py
[2024-02-12T21:02:30.480+0000] {processor.py:842} WARNING - No viable dags retrieved from /home/ubuntu/reddit_venv/lib/python3.10/site-packages/airflow/example_dags/plugins/workday.py
[2024-02-12T21:02:30.489+0000] {processor.py:183} INFO - Processing /home/ubuntu/reddit_venv/lib/python3.10/site-packages/airflow/example_dags/plugins/workday.py took 0.318 seconds
[2024-02-12T21:03:20.736+0000] {processor.py:161} INFO - Started process (PID=5884) to work on /home/ubuntu/reddit_venv/lib/python3.10/site-packages/airflow/example_dags/plugins/workday.py
[2024-02-12T21:03:20.738+0000] {processor.py:830} INFO - Processing file /home/ubuntu/reddit_venv/lib/python3.10/site-packages/airflow/example_dags/plugins/workday.py for tasks to queue
[2024-02-12T21:03:20.739+0000] {logging_mixin.py:188} INFO - [2024-02-12T21:03:20.738+0000] {dagbag.py:538} INFO - Filling up the DagBag from /home/ubuntu/reddit_venv/lib/python3.10/site-packages/airflow/example_dags/plugins/workday.py
[2024-02-12T21:03:21.049+0000] {processor.py:842} WARNING - No viable dags retrieved from /home/ubuntu/reddit_venv/lib/python3.10/site-packages/airflow/example_dags/plugins/workday.py
[2024-02-12T21:03:21.059+0000] {processor.py:183} INFO - Processing /home/ubuntu/reddit_venv/lib/python3.10/site-packages/airflow/example_dags/plugins/workday.py took 0.326 seconds
[2024-02-12T21:04:10.618+0000] {processor.py:161} INFO - Started process (PID=5941) to work on /home/ubuntu/reddit_venv/lib/python3.10/site-packages/airflow/example_dags/plugins/workday.py
[2024-02-12T21:04:10.619+0000] {processor.py:830} INFO - Processing file /home/ubuntu/reddit_venv/lib/python3.10/site-packages/airflow/example_dags/plugins/workday.py for tasks to queue
[2024-02-12T21:04:10.620+0000] {logging_mixin.py:188} INFO - [2024-02-12T21:04:10.620+0000] {dagbag.py:538} INFO - Filling up the DagBag from /home/ubuntu/reddit_venv/lib/python3.10/site-packages/airflow/example_dags/plugins/workday.py
[2024-02-12T21:04:10.930+0000] {processor.py:842} WARNING - No viable dags retrieved from /home/ubuntu/reddit_venv/lib/python3.10/site-packages/airflow/example_dags/plugins/workday.py
[2024-02-12T21:04:10.939+0000] {processor.py:183} INFO - Processing /home/ubuntu/reddit_venv/lib/python3.10/site-packages/airflow/example_dags/plugins/workday.py took 0.325 seconds
[2024-02-12T21:05:01.976+0000] {processor.py:161} INFO - Started process (PID=5997) to work on /home/ubuntu/reddit_venv/lib/python3.10/site-packages/airflow/example_dags/plugins/workday.py
[2024-02-12T21:05:01.977+0000] {processor.py:830} INFO - Processing file /home/ubuntu/reddit_venv/lib/python3.10/site-packages/airflow/example_dags/plugins/workday.py for tasks to queue
[2024-02-12T21:05:01.978+0000] {logging_mixin.py:188} INFO - [2024-02-12T21:05:01.978+0000] {dagbag.py:538} INFO - Filling up the DagBag from /home/ubuntu/reddit_venv/lib/python3.10/site-packages/airflow/example_dags/plugins/workday.py
[2024-02-12T21:05:02.289+0000] {processor.py:842} WARNING - No viable dags retrieved from /home/ubuntu/reddit_venv/lib/python3.10/site-packages/airflow/example_dags/plugins/workday.py
[2024-02-12T21:05:02.299+0000] {processor.py:183} INFO - Processing /home/ubuntu/reddit_venv/lib/python3.10/site-packages/airflow/example_dags/plugins/workday.py took 0.327 seconds
[2024-02-12T21:05:50.476+0000] {processor.py:161} INFO - Started process (PID=6054) to work on /home/ubuntu/reddit_venv/lib/python3.10/site-packages/airflow/example_dags/plugins/workday.py
[2024-02-12T21:05:50.477+0000] {processor.py:830} INFO - Processing file /home/ubuntu/reddit_venv/lib/python3.10/site-packages/airflow/example_dags/plugins/workday.py for tasks to queue
[2024-02-12T21:05:50.478+0000] {logging_mixin.py:188} INFO - [2024-02-12T21:05:50.478+0000] {dagbag.py:538} INFO - Filling up the DagBag from /home/ubuntu/reddit_venv/lib/python3.10/site-packages/airflow/example_dags/plugins/workday.py
[2024-02-12T21:05:50.780+0000] {processor.py:842} WARNING - No viable dags retrieved from /home/ubuntu/reddit_venv/lib/python3.10/site-packages/airflow/example_dags/plugins/workday.py
[2024-02-12T21:05:50.789+0000] {processor.py:183} INFO - Processing /home/ubuntu/reddit_venv/lib/python3.10/site-packages/airflow/example_dags/plugins/workday.py took 0.317 seconds
[2024-02-12T21:06:39.826+0000] {processor.py:161} INFO - Started process (PID=6108) to work on /home/ubuntu/reddit_venv/lib/python3.10/site-packages/airflow/example_dags/plugins/workday.py
[2024-02-12T21:06:39.827+0000] {processor.py:830} INFO - Processing file /home/ubuntu/reddit_venv/lib/python3.10/site-packages/airflow/example_dags/plugins/workday.py for tasks to queue
[2024-02-12T21:06:39.828+0000] {logging_mixin.py:188} INFO - [2024-02-12T21:06:39.828+0000] {dagbag.py:538} INFO - Filling up the DagBag from /home/ubuntu/reddit_venv/lib/python3.10/site-packages/airflow/example_dags/plugins/workday.py
[2024-02-12T21:06:40.134+0000] {processor.py:842} WARNING - No viable dags retrieved from /home/ubuntu/reddit_venv/lib/python3.10/site-packages/airflow/example_dags/plugins/workday.py
[2024-02-12T21:06:40.144+0000] {processor.py:183} INFO - Processing /home/ubuntu/reddit_venv/lib/python3.10/site-packages/airflow/example_dags/plugins/workday.py took 0.321 seconds
[2024-02-12T21:07:34.278+0000] {processor.py:161} INFO - Started process (PID=6165) to work on /home/ubuntu/reddit_venv/lib/python3.10/site-packages/airflow/example_dags/plugins/workday.py
[2024-02-12T21:07:34.279+0000] {processor.py:830} INFO - Processing file /home/ubuntu/reddit_venv/lib/python3.10/site-packages/airflow/example_dags/plugins/workday.py for tasks to queue
[2024-02-12T21:07:34.280+0000] {logging_mixin.py:188} INFO - [2024-02-12T21:07:34.280+0000] {dagbag.py:538} INFO - Filling up the DagBag from /home/ubuntu/reddit_venv/lib/python3.10/site-packages/airflow/example_dags/plugins/workday.py
[2024-02-12T21:07:34.594+0000] {processor.py:842} WARNING - No viable dags retrieved from /home/ubuntu/reddit_venv/lib/python3.10/site-packages/airflow/example_dags/plugins/workday.py
[2024-02-12T21:07:34.604+0000] {processor.py:183} INFO - Processing /home/ubuntu/reddit_venv/lib/python3.10/site-packages/airflow/example_dags/plugins/workday.py took 0.329 seconds
[2024-02-12T21:08:13.274+0000] {processor.py:161} INFO - Started process (PID=6206) to work on /home/ubuntu/reddit_venv/lib/python3.10/site-packages/airflow/example_dags/plugins/workday.py
[2024-02-12T21:08:13.276+0000] {processor.py:830} INFO - Processing file /home/ubuntu/reddit_venv/lib/python3.10/site-packages/airflow/example_dags/plugins/workday.py for tasks to queue
[2024-02-12T21:08:13.277+0000] {logging_mixin.py:188} INFO - [2024-02-12T21:08:13.276+0000] {dagbag.py:538} INFO - Filling up the DagBag from /home/ubuntu/reddit_venv/lib/python3.10/site-packages/airflow/example_dags/plugins/workday.py
[2024-02-12T21:08:13.578+0000] {processor.py:842} WARNING - No viable dags retrieved from /home/ubuntu/reddit_venv/lib/python3.10/site-packages/airflow/example_dags/plugins/workday.py
[2024-02-12T21:08:13.587+0000] {processor.py:183} INFO - Processing /home/ubuntu/reddit_venv/lib/python3.10/site-packages/airflow/example_dags/plugins/workday.py took 0.316 seconds
[2024-02-12T21:08:50.862+0000] {processor.py:161} INFO - Started process (PID=6247) to work on /home/ubuntu/reddit_venv/lib/python3.10/site-packages/airflow/example_dags/plugins/workday.py
[2024-02-12T21:08:50.863+0000] {processor.py:830} INFO - Processing file /home/ubuntu/reddit_venv/lib/python3.10/site-packages/airflow/example_dags/plugins/workday.py for tasks to queue
[2024-02-12T21:08:50.864+0000] {logging_mixin.py:188} INFO - [2024-02-12T21:08:50.864+0000] {dagbag.py:538} INFO - Filling up the DagBag from /home/ubuntu/reddit_venv/lib/python3.10/site-packages/airflow/example_dags/plugins/workday.py
[2024-02-12T21:08:51.175+0000] {processor.py:842} WARNING - No viable dags retrieved from /home/ubuntu/reddit_venv/lib/python3.10/site-packages/airflow/example_dags/plugins/workday.py
[2024-02-12T21:08:51.185+0000] {processor.py:183} INFO - Processing /home/ubuntu/reddit_venv/lib/python3.10/site-packages/airflow/example_dags/plugins/workday.py took 0.326 seconds
[2024-02-12T21:09:43.482+0000] {processor.py:161} INFO - Started process (PID=6304) to work on /home/ubuntu/reddit_venv/lib/python3.10/site-packages/airflow/example_dags/plugins/workday.py
[2024-02-12T21:09:43.483+0000] {processor.py:830} INFO - Processing file /home/ubuntu/reddit_venv/lib/python3.10/site-packages/airflow/example_dags/plugins/workday.py for tasks to queue
[2024-02-12T21:09:43.484+0000] {logging_mixin.py:188} INFO - [2024-02-12T21:09:43.484+0000] {dagbag.py:538} INFO - Filling up the DagBag from /home/ubuntu/reddit_venv/lib/python3.10/site-packages/airflow/example_dags/plugins/workday.py
[2024-02-12T21:09:43.790+0000] {processor.py:842} WARNING - No viable dags retrieved from /home/ubuntu/reddit_venv/lib/python3.10/site-packages/airflow/example_dags/plugins/workday.py
[2024-02-12T21:09:43.800+0000] {processor.py:183} INFO - Processing /home/ubuntu/reddit_venv/lib/python3.10/site-packages/airflow/example_dags/plugins/workday.py took 0.321 seconds
[2024-02-12T21:10:32.225+0000] {processor.py:161} INFO - Started process (PID=6358) to work on /home/ubuntu/reddit_venv/lib/python3.10/site-packages/airflow/example_dags/plugins/workday.py
[2024-02-12T21:10:32.227+0000] {processor.py:830} INFO - Processing file /home/ubuntu/reddit_venv/lib/python3.10/site-packages/airflow/example_dags/plugins/workday.py for tasks to queue
[2024-02-12T21:10:32.228+0000] {logging_mixin.py:188} INFO - [2024-02-12T21:10:32.228+0000] {dagbag.py:538} INFO - Filling up the DagBag from /home/ubuntu/reddit_venv/lib/python3.10/site-packages/airflow/example_dags/plugins/workday.py
[2024-02-12T21:10:32.538+0000] {processor.py:842} WARNING - No viable dags retrieved from /home/ubuntu/reddit_venv/lib/python3.10/site-packages/airflow/example_dags/plugins/workday.py
[2024-02-12T21:10:32.548+0000] {processor.py:183} INFO - Processing /home/ubuntu/reddit_venv/lib/python3.10/site-packages/airflow/example_dags/plugins/workday.py took 0.326 seconds
[2024-02-12T21:11:26.234+0000] {processor.py:161} INFO - Started process (PID=6415) to work on /home/ubuntu/reddit_venv/lib/python3.10/site-packages/airflow/example_dags/plugins/workday.py
[2024-02-12T21:11:26.236+0000] {processor.py:830} INFO - Processing file /home/ubuntu/reddit_venv/lib/python3.10/site-packages/airflow/example_dags/plugins/workday.py for tasks to queue
[2024-02-12T21:11:26.237+0000] {logging_mixin.py:188} INFO - [2024-02-12T21:11:26.236+0000] {dagbag.py:538} INFO - Filling up the DagBag from /home/ubuntu/reddit_venv/lib/python3.10/site-packages/airflow/example_dags/plugins/workday.py
[2024-02-12T21:11:26.537+0000] {processor.py:842} WARNING - No viable dags retrieved from /home/ubuntu/reddit_venv/lib/python3.10/site-packages/airflow/example_dags/plugins/workday.py
[2024-02-12T21:11:26.547+0000] {processor.py:183} INFO - Processing /home/ubuntu/reddit_venv/lib/python3.10/site-packages/airflow/example_dags/plugins/workday.py took 0.316 seconds
[2024-02-12T21:12:04.539+0000] {processor.py:161} INFO - Started process (PID=6456) to work on /home/ubuntu/reddit_venv/lib/python3.10/site-packages/airflow/example_dags/plugins/workday.py
[2024-02-12T21:12:04.541+0000] {processor.py:830} INFO - Processing file /home/ubuntu/reddit_venv/lib/python3.10/site-packages/airflow/example_dags/plugins/workday.py for tasks to queue
[2024-02-12T21:12:04.542+0000] {logging_mixin.py:188} INFO - [2024-02-12T21:12:04.542+0000] {dagbag.py:538} INFO - Filling up the DagBag from /home/ubuntu/reddit_venv/lib/python3.10/site-packages/airflow/example_dags/plugins/workday.py
[2024-02-12T21:12:04.955+0000] {processor.py:842} WARNING - No viable dags retrieved from /home/ubuntu/reddit_venv/lib/python3.10/site-packages/airflow/example_dags/plugins/workday.py
[2024-02-12T21:12:04.962+0000] {processor.py:183} INFO - Processing /home/ubuntu/reddit_venv/lib/python3.10/site-packages/airflow/example_dags/plugins/workday.py took 0.426 seconds
[2024-02-12T21:12:51.505+0000] {processor.py:161} INFO - Started process (PID=6509) to work on /home/ubuntu/reddit_venv/lib/python3.10/site-packages/airflow/example_dags/plugins/workday.py
[2024-02-12T21:12:51.506+0000] {processor.py:830} INFO - Processing file /home/ubuntu/reddit_venv/lib/python3.10/site-packages/airflow/example_dags/plugins/workday.py for tasks to queue
[2024-02-12T21:12:51.507+0000] {logging_mixin.py:188} INFO - [2024-02-12T21:12:51.507+0000] {dagbag.py:538} INFO - Filling up the DagBag from /home/ubuntu/reddit_venv/lib/python3.10/site-packages/airflow/example_dags/plugins/workday.py
[2024-02-12T21:12:51.915+0000] {processor.py:842} WARNING - No viable dags retrieved from /home/ubuntu/reddit_venv/lib/python3.10/site-packages/airflow/example_dags/plugins/workday.py
[2024-02-12T21:12:51.922+0000] {processor.py:183} INFO - Processing /home/ubuntu/reddit_venv/lib/python3.10/site-packages/airflow/example_dags/plugins/workday.py took 0.421 seconds
[2024-02-12T21:13:48.697+0000] {processor.py:161} INFO - Started process (PID=6569) to work on /home/ubuntu/reddit_venv/lib/python3.10/site-packages/airflow/example_dags/plugins/workday.py
[2024-02-12T21:13:48.698+0000] {processor.py:830} INFO - Processing file /home/ubuntu/reddit_venv/lib/python3.10/site-packages/airflow/example_dags/plugins/workday.py for tasks to queue
[2024-02-12T21:13:48.699+0000] {logging_mixin.py:188} INFO - [2024-02-12T21:13:48.699+0000] {dagbag.py:538} INFO - Filling up the DagBag from /home/ubuntu/reddit_venv/lib/python3.10/site-packages/airflow/example_dags/plugins/workday.py
[2024-02-12T21:13:49.104+0000] {processor.py:842} WARNING - No viable dags retrieved from /home/ubuntu/reddit_venv/lib/python3.10/site-packages/airflow/example_dags/plugins/workday.py
[2024-02-12T21:13:49.111+0000] {processor.py:183} INFO - Processing /home/ubuntu/reddit_venv/lib/python3.10/site-packages/airflow/example_dags/plugins/workday.py took 0.418 seconds
[2024-02-12T21:14:33.703+0000] {processor.py:161} INFO - Started process (PID=6621) to work on /home/ubuntu/reddit_venv/lib/python3.10/site-packages/airflow/example_dags/plugins/workday.py
[2024-02-12T21:14:33.705+0000] {processor.py:830} INFO - Processing file /home/ubuntu/reddit_venv/lib/python3.10/site-packages/airflow/example_dags/plugins/workday.py for tasks to queue
[2024-02-12T21:14:33.706+0000] {logging_mixin.py:188} INFO - [2024-02-12T21:14:33.705+0000] {dagbag.py:538} INFO - Filling up the DagBag from /home/ubuntu/reddit_venv/lib/python3.10/site-packages/airflow/example_dags/plugins/workday.py
[2024-02-12T21:14:34.108+0000] {processor.py:842} WARNING - No viable dags retrieved from /home/ubuntu/reddit_venv/lib/python3.10/site-packages/airflow/example_dags/plugins/workday.py
[2024-02-12T21:14:34.115+0000] {processor.py:183} INFO - Processing /home/ubuntu/reddit_venv/lib/python3.10/site-packages/airflow/example_dags/plugins/workday.py took 0.416 seconds
[2024-02-12T21:15:19.001+0000] {processor.py:161} INFO - Started process (PID=6672) to work on /home/ubuntu/reddit_venv/lib/python3.10/site-packages/airflow/example_dags/plugins/workday.py
[2024-02-12T21:15:19.002+0000] {processor.py:830} INFO - Processing file /home/ubuntu/reddit_venv/lib/python3.10/site-packages/airflow/example_dags/plugins/workday.py for tasks to queue
[2024-02-12T21:15:19.003+0000] {logging_mixin.py:188} INFO - [2024-02-12T21:15:19.003+0000] {dagbag.py:538} INFO - Filling up the DagBag from /home/ubuntu/reddit_venv/lib/python3.10/site-packages/airflow/example_dags/plugins/workday.py
[2024-02-12T21:15:19.416+0000] {processor.py:842} WARNING - No viable dags retrieved from /home/ubuntu/reddit_venv/lib/python3.10/site-packages/airflow/example_dags/plugins/workday.py
[2024-02-12T21:15:19.423+0000] {processor.py:183} INFO - Processing /home/ubuntu/reddit_venv/lib/python3.10/site-packages/airflow/example_dags/plugins/workday.py took 0.425 seconds
[2024-02-12T21:16:11.491+0000] {processor.py:161} INFO - Started process (PID=6729) to work on /home/ubuntu/reddit_venv/lib/python3.10/site-packages/airflow/example_dags/plugins/workday.py
[2024-02-12T21:16:11.493+0000] {processor.py:830} INFO - Processing file /home/ubuntu/reddit_venv/lib/python3.10/site-packages/airflow/example_dags/plugins/workday.py for tasks to queue
[2024-02-12T21:16:11.494+0000] {logging_mixin.py:188} INFO - [2024-02-12T21:16:11.493+0000] {dagbag.py:538} INFO - Filling up the DagBag from /home/ubuntu/reddit_venv/lib/python3.10/site-packages/airflow/example_dags/plugins/workday.py
[2024-02-12T21:16:11.894+0000] {processor.py:842} WARNING - No viable dags retrieved from /home/ubuntu/reddit_venv/lib/python3.10/site-packages/airflow/example_dags/plugins/workday.py
[2024-02-12T21:16:11.901+0000] {processor.py:183} INFO - Processing /home/ubuntu/reddit_venv/lib/python3.10/site-packages/airflow/example_dags/plugins/workday.py took 0.413 seconds
[2024-02-12T21:17:01.008+0000] {processor.py:161} INFO - Started process (PID=6785) to work on /home/ubuntu/reddit_venv/lib/python3.10/site-packages/airflow/example_dags/plugins/workday.py
[2024-02-12T21:17:01.009+0000] {processor.py:830} INFO - Processing file /home/ubuntu/reddit_venv/lib/python3.10/site-packages/airflow/example_dags/plugins/workday.py for tasks to queue
[2024-02-12T21:17:01.010+0000] {logging_mixin.py:188} INFO - [2024-02-12T21:17:01.010+0000] {dagbag.py:538} INFO - Filling up the DagBag from /home/ubuntu/reddit_venv/lib/python3.10/site-packages/airflow/example_dags/plugins/workday.py
[2024-02-12T21:17:01.416+0000] {processor.py:842} WARNING - No viable dags retrieved from /home/ubuntu/reddit_venv/lib/python3.10/site-packages/airflow/example_dags/plugins/workday.py
[2024-02-12T21:17:01.423+0000] {processor.py:183} INFO - Processing /home/ubuntu/reddit_venv/lib/python3.10/site-packages/airflow/example_dags/plugins/workday.py took 0.418 seconds
[2024-02-12T21:17:55.533+0000] {processor.py:161} INFO - Started process (PID=6847) to work on /home/ubuntu/reddit_venv/lib/python3.10/site-packages/airflow/example_dags/plugins/workday.py
[2024-02-12T21:17:55.535+0000] {processor.py:830} INFO - Processing file /home/ubuntu/reddit_venv/lib/python3.10/site-packages/airflow/example_dags/plugins/workday.py for tasks to queue
[2024-02-12T21:17:55.536+0000] {logging_mixin.py:188} INFO - [2024-02-12T21:17:55.535+0000] {dagbag.py:538} INFO - Filling up the DagBag from /home/ubuntu/reddit_venv/lib/python3.10/site-packages/airflow/example_dags/plugins/workday.py
[2024-02-12T21:17:55.935+0000] {processor.py:842} WARNING - No viable dags retrieved from /home/ubuntu/reddit_venv/lib/python3.10/site-packages/airflow/example_dags/plugins/workday.py
[2024-02-12T21:17:55.942+0000] {processor.py:183} INFO - Processing /home/ubuntu/reddit_venv/lib/python3.10/site-packages/airflow/example_dags/plugins/workday.py took 0.412 seconds
[2024-02-12T21:18:33.688+0000] {processor.py:161} INFO - Started process (PID=6887) to work on /home/ubuntu/reddit_venv/lib/python3.10/site-packages/airflow/example_dags/plugins/workday.py
[2024-02-12T21:18:33.689+0000] {processor.py:830} INFO - Processing file /home/ubuntu/reddit_venv/lib/python3.10/site-packages/airflow/example_dags/plugins/workday.py for tasks to queue
[2024-02-12T21:18:33.690+0000] {logging_mixin.py:188} INFO - [2024-02-12T21:18:33.690+0000] {dagbag.py:538} INFO - Filling up the DagBag from /home/ubuntu/reddit_venv/lib/python3.10/site-packages/airflow/example_dags/plugins/workday.py
[2024-02-12T21:18:34.088+0000] {processor.py:842} WARNING - No viable dags retrieved from /home/ubuntu/reddit_venv/lib/python3.10/site-packages/airflow/example_dags/plugins/workday.py
[2024-02-12T21:18:34.095+0000] {processor.py:183} INFO - Processing /home/ubuntu/reddit_venv/lib/python3.10/site-packages/airflow/example_dags/plugins/workday.py took 0.410 seconds
[2024-02-12T21:19:13.247+0000] {processor.py:161} INFO - Started process (PID=6930) to work on /home/ubuntu/reddit_venv/lib/python3.10/site-packages/airflow/example_dags/plugins/workday.py
[2024-02-12T21:19:13.249+0000] {processor.py:830} INFO - Processing file /home/ubuntu/reddit_venv/lib/python3.10/site-packages/airflow/example_dags/plugins/workday.py for tasks to queue
[2024-02-12T21:19:13.250+0000] {logging_mixin.py:188} INFO - [2024-02-12T21:19:13.249+0000] {dagbag.py:538} INFO - Filling up the DagBag from /home/ubuntu/reddit_venv/lib/python3.10/site-packages/airflow/example_dags/plugins/workday.py
[2024-02-12T21:19:13.661+0000] {processor.py:842} WARNING - No viable dags retrieved from /home/ubuntu/reddit_venv/lib/python3.10/site-packages/airflow/example_dags/plugins/workday.py
[2024-02-12T21:19:13.668+0000] {processor.py:183} INFO - Processing /home/ubuntu/reddit_venv/lib/python3.10/site-packages/airflow/example_dags/plugins/workday.py took 0.424 seconds
[2024-02-12T21:20:05.349+0000] {processor.py:161} INFO - Started process (PID=6987) to work on /home/ubuntu/reddit_venv/lib/python3.10/site-packages/airflow/example_dags/plugins/workday.py
[2024-02-12T21:20:05.350+0000] {processor.py:830} INFO - Processing file /home/ubuntu/reddit_venv/lib/python3.10/site-packages/airflow/example_dags/plugins/workday.py for tasks to queue
[2024-02-12T21:20:05.351+0000] {logging_mixin.py:188} INFO - [2024-02-12T21:20:05.351+0000] {dagbag.py:538} INFO - Filling up the DagBag from /home/ubuntu/reddit_venv/lib/python3.10/site-packages/airflow/example_dags/plugins/workday.py
[2024-02-12T21:20:05.768+0000] {processor.py:842} WARNING - No viable dags retrieved from /home/ubuntu/reddit_venv/lib/python3.10/site-packages/airflow/example_dags/plugins/workday.py
[2024-02-12T21:20:05.775+0000] {processor.py:183} INFO - Processing /home/ubuntu/reddit_venv/lib/python3.10/site-packages/airflow/example_dags/plugins/workday.py took 0.429 seconds
[2024-02-12T21:20:57.294+0000] {processor.py:161} INFO - Started process (PID=7044) to work on /home/ubuntu/reddit_venv/lib/python3.10/site-packages/airflow/example_dags/plugins/workday.py
[2024-02-12T21:20:57.296+0000] {processor.py:830} INFO - Processing file /home/ubuntu/reddit_venv/lib/python3.10/site-packages/airflow/example_dags/plugins/workday.py for tasks to queue
[2024-02-12T21:20:57.297+0000] {logging_mixin.py:188} INFO - [2024-02-12T21:20:57.296+0000] {dagbag.py:538} INFO - Filling up the DagBag from /home/ubuntu/reddit_venv/lib/python3.10/site-packages/airflow/example_dags/plugins/workday.py
[2024-02-12T21:20:57.705+0000] {processor.py:842} WARNING - No viable dags retrieved from /home/ubuntu/reddit_venv/lib/python3.10/site-packages/airflow/example_dags/plugins/workday.py
[2024-02-12T21:20:57.712+0000] {processor.py:183} INFO - Processing /home/ubuntu/reddit_venv/lib/python3.10/site-packages/airflow/example_dags/plugins/workday.py took 0.421 seconds
[2024-02-12T21:21:50.438+0000] {processor.py:161} INFO - Started process (PID=7102) to work on /home/ubuntu/reddit_venv/lib/python3.10/site-packages/airflow/example_dags/plugins/workday.py
[2024-02-12T21:21:50.440+0000] {processor.py:830} INFO - Processing file /home/ubuntu/reddit_venv/lib/python3.10/site-packages/airflow/example_dags/plugins/workday.py for tasks to queue
[2024-02-12T21:21:50.441+0000] {logging_mixin.py:188} INFO - [2024-02-12T21:21:50.441+0000] {dagbag.py:538} INFO - Filling up the DagBag from /home/ubuntu/reddit_venv/lib/python3.10/site-packages/airflow/example_dags/plugins/workday.py
[2024-02-12T21:21:50.851+0000] {processor.py:842} WARNING - No viable dags retrieved from /home/ubuntu/reddit_venv/lib/python3.10/site-packages/airflow/example_dags/plugins/workday.py
[2024-02-12T21:21:50.858+0000] {processor.py:183} INFO - Processing /home/ubuntu/reddit_venv/lib/python3.10/site-packages/airflow/example_dags/plugins/workday.py took 0.423 seconds
[2024-02-12T21:22:45.418+0000] {processor.py:161} INFO - Started process (PID=7160) to work on /home/ubuntu/reddit_venv/lib/python3.10/site-packages/airflow/example_dags/plugins/workday.py
[2024-02-12T21:22:45.420+0000] {processor.py:830} INFO - Processing file /home/ubuntu/reddit_venv/lib/python3.10/site-packages/airflow/example_dags/plugins/workday.py for tasks to queue
[2024-02-12T21:22:45.421+0000] {logging_mixin.py:188} INFO - [2024-02-12T21:22:45.420+0000] {dagbag.py:538} INFO - Filling up the DagBag from /home/ubuntu/reddit_venv/lib/python3.10/site-packages/airflow/example_dags/plugins/workday.py
[2024-02-12T21:22:45.821+0000] {processor.py:842} WARNING - No viable dags retrieved from /home/ubuntu/reddit_venv/lib/python3.10/site-packages/airflow/example_dags/plugins/workday.py
[2024-02-12T21:22:45.827+0000] {processor.py:183} INFO - Processing /home/ubuntu/reddit_venv/lib/python3.10/site-packages/airflow/example_dags/plugins/workday.py took 0.413 seconds
[2024-02-12T21:23:34.722+0000] {processor.py:161} INFO - Started process (PID=7215) to work on /home/ubuntu/reddit_venv/lib/python3.10/site-packages/airflow/example_dags/plugins/workday.py
[2024-02-12T21:23:34.723+0000] {processor.py:830} INFO - Processing file /home/ubuntu/reddit_venv/lib/python3.10/site-packages/airflow/example_dags/plugins/workday.py for tasks to queue
[2024-02-12T21:23:34.724+0000] {logging_mixin.py:188} INFO - [2024-02-12T21:23:34.724+0000] {dagbag.py:538} INFO - Filling up the DagBag from /home/ubuntu/reddit_venv/lib/python3.10/site-packages/airflow/example_dags/plugins/workday.py
[2024-02-12T21:23:35.129+0000] {processor.py:842} WARNING - No viable dags retrieved from /home/ubuntu/reddit_venv/lib/python3.10/site-packages/airflow/example_dags/plugins/workday.py
[2024-02-12T21:23:35.136+0000] {processor.py:183} INFO - Processing /home/ubuntu/reddit_venv/lib/python3.10/site-packages/airflow/example_dags/plugins/workday.py took 0.417 seconds
[2024-02-12T21:24:29.431+0000] {processor.py:161} INFO - Started process (PID=7273) to work on /home/ubuntu/reddit_venv/lib/python3.10/site-packages/airflow/example_dags/plugins/workday.py
[2024-02-12T21:24:29.432+0000] {processor.py:830} INFO - Processing file /home/ubuntu/reddit_venv/lib/python3.10/site-packages/airflow/example_dags/plugins/workday.py for tasks to queue
[2024-02-12T21:24:29.433+0000] {logging_mixin.py:188} INFO - [2024-02-12T21:24:29.433+0000] {dagbag.py:538} INFO - Filling up the DagBag from /home/ubuntu/reddit_venv/lib/python3.10/site-packages/airflow/example_dags/plugins/workday.py
[2024-02-12T21:24:29.835+0000] {processor.py:842} WARNING - No viable dags retrieved from /home/ubuntu/reddit_venv/lib/python3.10/site-packages/airflow/example_dags/plugins/workday.py
[2024-02-12T21:24:29.841+0000] {processor.py:183} INFO - Processing /home/ubuntu/reddit_venv/lib/python3.10/site-packages/airflow/example_dags/plugins/workday.py took 0.414 seconds
[2024-02-12T21:25:20.356+0000] {processor.py:161} INFO - Started process (PID=7328) to work on /home/ubuntu/reddit_venv/lib/python3.10/site-packages/airflow/example_dags/plugins/workday.py
[2024-02-12T21:25:20.358+0000] {processor.py:830} INFO - Processing file /home/ubuntu/reddit_venv/lib/python3.10/site-packages/airflow/example_dags/plugins/workday.py for tasks to queue
[2024-02-12T21:25:20.359+0000] {logging_mixin.py:188} INFO - [2024-02-12T21:25:20.359+0000] {dagbag.py:538} INFO - Filling up the DagBag from /home/ubuntu/reddit_venv/lib/python3.10/site-packages/airflow/example_dags/plugins/workday.py
[2024-02-12T21:25:20.768+0000] {processor.py:842} WARNING - No viable dags retrieved from /home/ubuntu/reddit_venv/lib/python3.10/site-packages/airflow/example_dags/plugins/workday.py
[2024-02-12T21:25:20.775+0000] {processor.py:183} INFO - Processing /home/ubuntu/reddit_venv/lib/python3.10/site-packages/airflow/example_dags/plugins/workday.py took 0.422 seconds
[2024-02-12T21:26:06.913+0000] {processor.py:161} INFO - Started process (PID=7381) to work on /home/ubuntu/reddit_venv/lib/python3.10/site-packages/airflow/example_dags/plugins/workday.py
[2024-02-12T21:26:06.915+0000] {processor.py:830} INFO - Processing file /home/ubuntu/reddit_venv/lib/python3.10/site-packages/airflow/example_dags/plugins/workday.py for tasks to queue
[2024-02-12T21:26:06.916+0000] {logging_mixin.py:188} INFO - [2024-02-12T21:26:06.916+0000] {dagbag.py:538} INFO - Filling up the DagBag from /home/ubuntu/reddit_venv/lib/python3.10/site-packages/airflow/example_dags/plugins/workday.py
[2024-02-12T21:26:07.328+0000] {processor.py:842} WARNING - No viable dags retrieved from /home/ubuntu/reddit_venv/lib/python3.10/site-packages/airflow/example_dags/plugins/workday.py
[2024-02-12T21:26:07.335+0000] {processor.py:183} INFO - Processing /home/ubuntu/reddit_venv/lib/python3.10/site-packages/airflow/example_dags/plugins/workday.py took 0.425 seconds
[2024-02-12T21:26:58.849+0000] {processor.py:161} INFO - Started process (PID=7436) to work on /home/ubuntu/reddit_venv/lib/python3.10/site-packages/airflow/example_dags/plugins/workday.py
[2024-02-12T21:26:58.850+0000] {processor.py:830} INFO - Processing file /home/ubuntu/reddit_venv/lib/python3.10/site-packages/airflow/example_dags/plugins/workday.py for tasks to queue
[2024-02-12T21:26:58.851+0000] {logging_mixin.py:188} INFO - [2024-02-12T21:26:58.851+0000] {dagbag.py:538} INFO - Filling up the DagBag from /home/ubuntu/reddit_venv/lib/python3.10/site-packages/airflow/example_dags/plugins/workday.py
[2024-02-12T21:26:59.246+0000] {processor.py:842} WARNING - No viable dags retrieved from /home/ubuntu/reddit_venv/lib/python3.10/site-packages/airflow/example_dags/plugins/workday.py
[2024-02-12T21:26:59.253+0000] {processor.py:183} INFO - Processing /home/ubuntu/reddit_venv/lib/python3.10/site-packages/airflow/example_dags/plugins/workday.py took 0.407 seconds
[2024-02-12T21:27:36.375+0000] {processor.py:161} INFO - Started process (PID=7477) to work on /home/ubuntu/reddit_venv/lib/python3.10/site-packages/airflow/example_dags/plugins/workday.py
[2024-02-12T21:27:36.377+0000] {processor.py:830} INFO - Processing file /home/ubuntu/reddit_venv/lib/python3.10/site-packages/airflow/example_dags/plugins/workday.py for tasks to queue
[2024-02-12T21:27:36.378+0000] {logging_mixin.py:188} INFO - [2024-02-12T21:27:36.377+0000] {dagbag.py:538} INFO - Filling up the DagBag from /home/ubuntu/reddit_venv/lib/python3.10/site-packages/airflow/example_dags/plugins/workday.py
[2024-02-12T21:27:36.782+0000] {processor.py:842} WARNING - No viable dags retrieved from /home/ubuntu/reddit_venv/lib/python3.10/site-packages/airflow/example_dags/plugins/workday.py
[2024-02-12T21:27:36.789+0000] {processor.py:183} INFO - Processing /home/ubuntu/reddit_venv/lib/python3.10/site-packages/airflow/example_dags/plugins/workday.py took 0.417 seconds
[2024-02-12T21:28:22.727+0000] {processor.py:161} INFO - Started process (PID=7528) to work on /home/ubuntu/reddit_venv/lib/python3.10/site-packages/airflow/example_dags/plugins/workday.py
[2024-02-12T21:28:22.728+0000] {processor.py:830} INFO - Processing file /home/ubuntu/reddit_venv/lib/python3.10/site-packages/airflow/example_dags/plugins/workday.py for tasks to queue
[2024-02-12T21:28:22.729+0000] {logging_mixin.py:188} INFO - [2024-02-12T21:28:22.729+0000] {dagbag.py:538} INFO - Filling up the DagBag from /home/ubuntu/reddit_venv/lib/python3.10/site-packages/airflow/example_dags/plugins/workday.py
[2024-02-12T21:28:23.146+0000] {processor.py:842} WARNING - No viable dags retrieved from /home/ubuntu/reddit_venv/lib/python3.10/site-packages/airflow/example_dags/plugins/workday.py
[2024-02-12T21:28:23.153+0000] {processor.py:183} INFO - Processing /home/ubuntu/reddit_venv/lib/python3.10/site-packages/airflow/example_dags/plugins/workday.py took 0.429 seconds
[2024-02-12T21:29:15.279+0000] {processor.py:161} INFO - Started process (PID=7585) to work on /home/ubuntu/reddit_venv/lib/python3.10/site-packages/airflow/example_dags/plugins/workday.py
[2024-02-12T21:29:15.280+0000] {processor.py:830} INFO - Processing file /home/ubuntu/reddit_venv/lib/python3.10/site-packages/airflow/example_dags/plugins/workday.py for tasks to queue
[2024-02-12T21:29:15.281+0000] {logging_mixin.py:188} INFO - [2024-02-12T21:29:15.281+0000] {dagbag.py:538} INFO - Filling up the DagBag from /home/ubuntu/reddit_venv/lib/python3.10/site-packages/airflow/example_dags/plugins/workday.py
[2024-02-12T21:29:15.687+0000] {processor.py:842} WARNING - No viable dags retrieved from /home/ubuntu/reddit_venv/lib/python3.10/site-packages/airflow/example_dags/plugins/workday.py
[2024-02-12T21:29:15.694+0000] {processor.py:183} INFO - Processing /home/ubuntu/reddit_venv/lib/python3.10/site-packages/airflow/example_dags/plugins/workday.py took 0.419 seconds
[2024-02-12T21:30:08.258+0000] {processor.py:161} INFO - Started process (PID=7642) to work on /home/ubuntu/reddit_venv/lib/python3.10/site-packages/airflow/example_dags/plugins/workday.py
[2024-02-12T21:30:08.260+0000] {processor.py:830} INFO - Processing file /home/ubuntu/reddit_venv/lib/python3.10/site-packages/airflow/example_dags/plugins/workday.py for tasks to queue
[2024-02-12T21:30:08.261+0000] {logging_mixin.py:188} INFO - [2024-02-12T21:30:08.260+0000] {dagbag.py:538} INFO - Filling up the DagBag from /home/ubuntu/reddit_venv/lib/python3.10/site-packages/airflow/example_dags/plugins/workday.py
[2024-02-12T21:30:08.680+0000] {processor.py:842} WARNING - No viable dags retrieved from /home/ubuntu/reddit_venv/lib/python3.10/site-packages/airflow/example_dags/plugins/workday.py
[2024-02-12T21:30:08.687+0000] {processor.py:183} INFO - Processing /home/ubuntu/reddit_venv/lib/python3.10/site-packages/airflow/example_dags/plugins/workday.py took 0.432 seconds
